2019-07-22T18:34:38: ********************************************************************************
2019-07-22T18:34:38: *                                    ctlike                                    *
2019-07-22T18:34:38: * ---------------------------------------------------------------------------- *
2019-07-22T18:34:38: * Version: 1.6.0                                                               *
2019-07-22T18:34:38: ********************************************************************************
2019-07-22T18:34:38: +============+
2019-07-22T18:34:38: | Parameters |
2019-07-22T18:34:38: +============+
2019-07-22T18:34:38:  inobs .....................: /cta/carli/CPPM_Internship/Simulations_and_Analyses/plus_gradient_AEff_South_z40_50h/source3d/obs_cube.fits
2019-07-22T18:34:38:  inmodel ...................: sourcemodel_cube.xml
2019-07-22T18:34:38:  expcube ...................: /cta/carli/CPPM_Internship/Simulations_and_Analyses/plus_gradient_AEff_South_z40_50h/source3d/exposure_cube.fits
2019-07-22T18:34:38:  psfcube ...................: /cta/carli/CPPM_Internship/Simulations_and_Analyses/plus_gradient_AEff_South_z40_50h/source3d/PSF_cube.fits
2019-07-22T18:34:38:  edispcube .................: /cta/carli/CPPM_Internship/Simulations_and_Analyses/plus_gradient_AEff_South_z40_50h/source3d/edisp_cube.fits
2019-07-22T18:34:38:  bkgcube ...................: /cta/carli/CPPM_Internship/Simulations_and_Analyses/plus_gradient_AEff_South_z40_50h/source3d/background_cube.fits
2019-07-22T18:34:38:  caldb .....................: prod3b-v2
2019-07-22T18:34:38:  irf .......................: plus_gradient_AEff_South_z40_50h
2019-07-22T18:34:38:  edisp .....................: yes
2019-07-22T18:34:38:  outmodel ..................: /cta/carli/CPPM_Internship/Simulations_and_Analyses/plus_gradient_AEff_South_z40_50h/source3d/obsmodel_binned.xml
2019-07-22T18:34:38:  outcovmat .................: NONE
2019-07-22T18:34:38:  statistic .................: DEFAULT
2019-07-22T18:34:38:  refit .....................: no
2019-07-22T18:34:38:  like_accuracy .............: 0.005
2019-07-22T18:34:38:  max_iter ..................: 50
2019-07-22T18:34:38:  fix_spat_for_ts ...........: no
2019-07-22T18:34:38:  nthreads ..................: 0
2019-07-22T18:34:38:  chatter ...................: 4
2019-07-22T18:34:38:  clobber ...................: yes
2019-07-22T18:34:38:  debug .....................: no
2019-07-22T18:34:38:  mode ......................: ql
2019-07-22T18:34:38:  logfile ...................: ctlike.log
2019-07-22T18:34:38: 
2019-07-22T18:34:38: +===================+
2019-07-22T18:34:38: | Input observation |
2019-07-22T18:34:38: +===================+
2019-07-22T18:34:38: === GObservations ===
2019-07-22T18:34:38:  Number of observations ....: 1
2019-07-22T18:34:38:  Number of models ..........: 2
2019-07-22T18:34:38:  Number of observed events .: 325996
2019-07-22T18:34:38:  Number of predicted events : 0
2019-07-22T18:34:38: === GCTAObservation ===
2019-07-22T18:34:38:  Name ......................: 
2019-07-22T18:34:38:  Identifier ................: 000001
2019-07-22T18:34:38:  Instrument ................: CTA
2019-07-22T18:34:38:  Event file ................: /cta/carli/CPPM_Internship/Simulations_and_Analyses/plus_gradient_AEff_South_z40_50h/source3d/obs_cube.fits
2019-07-22T18:34:38:  Event type ................: CountsCube
2019-07-22T18:34:38:  Statistic .................: cstat
2019-07-22T18:34:38:  Ontime ....................: 144000 s
2019-07-22T18:34:38:  Livetime ..................: 141120 s
2019-07-22T18:34:38:  Deadtime correction .......: 0.98
2019-07-22T18:34:38:  User energy range .........: undefined
2019-07-22T18:34:38: === GCTAPointing ===
2019-07-22T18:34:38:  Pointing direction ........: (RA,Dec)=(84.1331,22.0145)
2019-07-22T18:34:38: === GCTAResponseCube ===
2019-07-22T18:34:38:  Energy dispersion .........: Used
2019-07-22T18:34:38: === GCTACubeExposure ===
2019-07-22T18:34:38:  Filename ..................: /cta/carli/CPPM_Internship/Simulations_and_Analyses/plus_gradient_AEff_South_z40_50h/source3d/exposure_cube.fits
2019-07-22T18:34:38:  Livetime ..................: 141120 sec
2019-07-22T18:34:38: === GEnergies ===
2019-07-22T18:34:38:  Number of energies ........: 33
2019-07-22T18:34:38: === GGti ===
2019-07-22T18:34:38:  Number of intervals .......: 1
2019-07-22T18:34:38:  Ontime ....................: 144000 sec
2019-07-22T18:34:38:  Elapsed time ..............: 144000 sec
2019-07-22T18:34:38:  MJD range .................: 51544.5 - 51546.1666666667 s (TT)
2019-07-22T18:34:38:  UTC range .................: 2000-01-01T11:58:56 - 2000-01-03T03:58:56 s (TT)
2019-07-22T18:34:38:  Reference MJD .............: 51544.5
2019-07-22T18:34:38: === GSkyMap ===
2019-07-22T18:34:38:  Number of pixels ..........: 6400
2019-07-22T18:34:38:  X axis dimension ..........: 80
2019-07-22T18:34:38:  Y axis dimension ..........: 80
2019-07-22T18:34:38:  Number of maps ............: 33
2019-07-22T18:34:38:  Shape of maps .............: (33)
2019-07-22T18:34:38: === GCTACubePsf ===
2019-07-22T18:34:38:  Filename ..................: /cta/carli/CPPM_Internship/Simulations_and_Analyses/plus_gradient_AEff_South_z40_50h/source3d/PSF_cube.fits
2019-07-22T18:34:38: === GEnergies ===
2019-07-22T18:34:38:  Number of energies ........: 33
2019-07-22T18:34:38:  Number of delta bins ......: 200
2019-07-22T18:34:38:  Delta range ...............: 1.875e-06 - 0.298501875 deg
2019-07-22T18:34:38: === GSkyMap ===
2019-07-22T18:34:38:  Number of pixels ..........: 1
2019-07-22T18:34:38:  X axis dimension ..........: 1
2019-07-22T18:34:38:  Y axis dimension ..........: 1
2019-07-22T18:34:38:  Number of maps ............: 6600
2019-07-22T18:34:38:  Shape of maps .............: (200, 33)
2019-07-22T18:34:38: === GCTACubeEdisp ===
2019-07-22T18:34:38:  Filename ..................: /cta/carli/CPPM_Internship/Simulations_and_Analyses/plus_gradient_AEff_South_z40_50h/source3d/edisp_cube.fits
2019-07-22T18:34:38: === GEnergies ===
2019-07-22T18:34:38:  Number of energies ........: 33
2019-07-22T18:34:38:  Number of migra bins ......: 100
2019-07-22T18:34:38:  Migra range ...............: 0.02 - 2
2019-07-22T18:34:38: === GSkyMap ===
2019-07-22T18:34:38:  Number of pixels ..........: 1
2019-07-22T18:34:38:  X axis dimension ..........: 1
2019-07-22T18:34:38:  Y axis dimension ..........: 1
2019-07-22T18:34:38:  Number of maps ............: 3300
2019-07-22T18:34:38:  Shape of maps .............: (100, 33)
2019-07-22T18:34:38: === GCTACubeBackground ===
2019-07-22T18:34:38:  Filename ..................: /cta/carli/CPPM_Internship/Simulations_and_Analyses/plus_gradient_AEff_South_z40_50h/source3d/background_cube.fits
2019-07-22T18:34:38: === GEbounds ===
2019-07-22T18:34:38:  Number of intervals .......: 32
2019-07-22T18:34:38:  Energy range ..............: 100 GeV - 199.526229858398 TeV
2019-07-22T18:34:38: === GSkyMap ===
2019-07-22T18:34:38:  Number of pixels ..........: 6400
2019-07-22T18:34:38:  X axis dimension ..........: 80
2019-07-22T18:34:38:  Y axis dimension ..........: 80
2019-07-22T18:34:38:  Number of maps ............: 32
2019-07-22T18:34:38:  Shape of maps .............: (32)
2019-07-22T18:34:38: === GCTAResponseCache ===
2019-07-22T18:34:38:  Number of cached values ...: 0
2019-07-22T18:34:38: === GCTAEventCube ===
2019-07-22T18:34:38:  Number of events ..........: 325996
2019-07-22T18:34:38:  Number of elements ........: 204800
2019-07-22T18:34:38:  Number of pixels ..........: 6400
2019-07-22T18:34:38:  Number of energy bins .....: 32
2019-07-22T18:34:38:  Time interval .............: 51544.5 - 51546.1666666667 days
2019-07-22T18:34:38:  Pointing ..................: (RA,Dec)=(84.1331,22.0145)
2019-07-22T18:34:38: === GEbounds ===
2019-07-22T18:34:38:  Number of intervals .......: 32
2019-07-22T18:34:38:  Energy range ..............: 100 GeV - 199.526229858398 TeV
2019-07-22T18:34:38: === GSkyMap ===
2019-07-22T18:34:38:  Number of pixels ..........: 6400
2019-07-22T18:34:38:  X axis dimension ..........: 80
2019-07-22T18:34:38:  Y axis dimension ..........: 80
2019-07-22T18:34:38:  Number of maps ............: 32
2019-07-22T18:34:38:  Shape of maps .............: (32)
2019-07-22T18:34:38: === GSkyRegions ===
2019-07-22T18:34:38:  Number of regions .........: 0
2019-07-22T18:34:38: === GModels ===
2019-07-22T18:34:38:  Number of models ..........: 2
2019-07-22T18:34:38:  Number of parameters ......: 11
2019-07-22T18:34:38: === GModelSky ===
2019-07-22T18:34:38:  Name ......................: source3d
2019-07-22T18:34:38:  Instruments ...............: all
2019-07-22T18:34:38:  Test Statistic ............: Computation requested
2019-07-22T18:34:38:  Observation identifiers ...: all
2019-07-22T18:34:38:  Model type ................: PointSource
2019-07-22T18:34:38:  Model components ..........: "PointSource" * "ExponentialCutoffPowerLaw" * "Constant"
2019-07-22T18:34:38:  Number of parameters ......: 7
2019-07-22T18:34:38:  Number of spatial par's ...: 2
2019-07-22T18:34:38:   RA .......................: 83.6331 [-360,360] deg (fixed,scale=1)
2019-07-22T18:34:38:   DEC ......................: 22.0145 [-90,90] deg (fixed,scale=1)
2019-07-22T18:34:38:  Number of spectral par's ..: 4
2019-07-22T18:34:38:   Prefactor ................: 3.04e-18 +/- 0 [1e-25,1e-15] ph/cm2/s/MeV (free,scale=1e-18,gradient)
2019-07-22T18:34:38:   Index ....................: -2 +/- 0 [-0,-5]  (free,scale=-1,gradient)
2019-07-22T18:34:38:   CutoffEnergy .............: 200000000 +/- 0 [1000000,100000000000] MeV (free,scale=100000000,gradient)
2019-07-22T18:34:38:   PivotEnergy ..............: 1000000 [10000,1000000000] MeV (fixed,scale=1000000,gradient)
2019-07-22T18:34:38:  Number of temporal par's ..: 1
2019-07-22T18:34:38:   Normalization ............: 1 (relative value) (fixed,scale=1,gradient)
2019-07-22T18:34:38:  Number of scale par's .....: 0
2019-07-22T18:34:38: === GCTAModelCubeBackground ===
2019-07-22T18:34:38:  Name ......................: BackgroundModel
2019-07-22T18:34:38:  Instruments ...............: CTA, HESS, MAGIC, VERITAS
2019-07-22T18:34:38:  Observation identifiers ...: all
2019-07-22T18:34:38:  Model type ................: "PowerLaw" * "Constant"
2019-07-22T18:34:38:  Number of parameters ......: 4
2019-07-22T18:34:38:  Number of spectral par's ..: 3
2019-07-22T18:34:38:   Prefactor ................: 1 +/- 0 [0.01,100] ph/cm2/s/MeV (free,scale=1,gradient)
2019-07-22T18:34:38:   Index ....................: 0 +/- 0 [-5,5]  (free,scale=1,gradient)
2019-07-22T18:34:38:   PivotEnergy ..............: 1000000 MeV (fixed,scale=1000000,gradient)
2019-07-22T18:34:38:  Number of temporal par's ..: 1
2019-07-22T18:34:38:   Normalization ............: 1 (relative value) (fixed,scale=1,gradient)
2019-07-22T18:34:38: 
2019-07-22T18:34:38: +=================================+
2019-07-22T18:34:38: | Maximum likelihood optimisation |
2019-07-22T18:34:38: +=================================+
2019-07-22T18:35:09:  >Iteration   0: -logL=-350926.181, Lambda=1.0e-03
2019-07-22T18:35:39:  >Iteration   1: -logL=-350941.743, Lambda=1.0e-03, delta=15.562, step=1.0e+00, max(|grad|)=489.938254 [Index:3]
2019-07-22T18:36:08:  >Iteration   2: -logL=-350948.473, Lambda=1.0e-04, delta=6.729, step=1.0e+00, max(|grad|)=312.707136 [Index:3]
2019-07-22T18:36:37:  >Iteration   3: -logL=-350950.862, Lambda=1.0e-05, delta=2.390, step=1.0e+00, max(|grad|)=198.637034 [Index:3]
2019-07-22T18:37:06:  >Iteration   4: -logL=-350951.684, Lambda=1.0e-06, delta=0.822, step=1.0e+00, max(|grad|)=131.045020 [Index:3]
2019-07-22T18:37:36:  >Iteration   5: -logL=-350951.959, Lambda=1.0e-07, delta=0.275, step=1.0e+00, max(|grad|)=96.422060 [Index:3]
2019-07-22T18:38:05:  >Iteration   6: -logL=-350952.040, Lambda=1.0e-08, delta=0.081, step=1.0e+00, max(|grad|)=83.310549 [Index:3]
2019-07-22T18:38:05:    Parameter "CutoffEnergy" drives optimization step (step=0.0178822)
2019-07-22T18:38:34:  >Iteration   7: -logL=-350952.045, Lambda=1.0e-09, delta=0.005, step=1.8e-02, max(|grad|)=82.316525 [Index:3]
2019-07-22T18:38:34:    Parameter "CutoffEnergy" does not drive optimization step anymore.
2019-07-22T18:38:34:    Parameter "CutoffEnergy" hits maximum: 37424 > 1000 (1)
2019-07-22T18:39:03:   Iteration   8: -logL=-350952.042, Lambda=1.0e-10, delta=-0.003, step=1.0e+00, max(|grad|)=83.426268 [Index:3] (stalled)
2019-07-22T18:39:03:    Parameter "CutoffEnergy" hits maximum: 37414.4 > 1000 (2)
2019-07-22T18:39:32:  >Iteration   9: -logL=-350952.042, Lambda=1.0e-09, delta=0.000, step=1.0e+00, max(|grad|)=83.408395 [Index:3]
2019-07-22T18:39:32:  
2019-07-22T18:39:32:  +==================+
2019-07-22T18:39:32:  | Curvature matrix |
2019-07-22T18:39:32:  +==================+
2019-07-22T18:39:32:  === GMatrixSparse ===
2019-07-22T18:39:32:   Number of rows ............: 11
2019-07-22T18:39:32:   Number of columns .........: 11
2019-07-22T18:39:32:   Number of nonzero elements : 25
2019-07-22T18:39:32:   Number of allocated cells .: 537
2019-07-22T18:39:32:   Memory block size .........: 512
2019-07-22T18:39:32:   Sparse matrix fill ........: 0.206611570247934
2019-07-22T18:39:32:   Pending element ...........: 0
2019-07-22T18:39:32:   Fill stack size ...........: 0 (none)
2019-07-22T18:39:32:   0, 0, 0, 0, 0, 0, 0, 0, 0, 0, 0
2019-07-22T18:39:32:   0, 0, 0, 0, 0, 0, 0, 0, 0, 0, 0
2019-07-22T18:39:32:   0, 0, 2040.14940362051, -1640.87825843923, 0.00027648599501836, 0, 0, 1466.45174869565, -2193.59424579054, 0, 0
2019-07-22T18:39:32:   0, 0, -1640.87825843923, 39370.3299178757, -0.00229053349207378, 0, 0, 6611.10004909056, -12062.1163046076, 0, 0
2019-07-22T18:39:32:   0, 0, 0.00027648599501836, -0.00229053349207378, 3.10419549103737e-10, 0, 0, 1.62771681371449e-05, 2.21795100315486e-06, 0, 0
2019-07-22T18:39:32:   0, 0, 0, 0, 0, 0, 0, 0, 0, 0, 0
2019-07-22T18:39:32:   0, 0, 0, 0, 0, 0, 0, 0, 0, 0, 0
2019-07-22T18:39:32:   0, 0, 1466.45174869565, 6611.10004909056, 1.62771681371449e-05, 0, 0, 301997.70514364, -472138.290969988, 0, 0
2019-07-22T18:39:32:   0, 0, -2193.59424579054, -12062.1163046076, 2.21795100315486e-06, 0, 0, -472138.290969986, 889028.843509435, 0, 0
2019-07-22T18:39:32:   0, 0, 0, 0, 0, 0, 0, 0, 0, 0, 0
2019-07-22T18:39:32:   0, 0, 0, 0, 0, 0, 0, 0, 0, 0, 0
2019-07-22T18:40:02: 
2019-07-22T18:40:02: +====================================+
2019-07-22T18:40:02: | Maximum likelihood re-optimisation |
2019-07-22T18:40:02: +====================================+
2019-07-22T18:40:02:  >Iteration   0: -logL=-296428.690, Lambda=1.0e-03
2019-07-22T18:40:03:  >Iteration   1: -logL=-299775.243, Lambda=1.0e-03, delta=3346.553, step=1.0e+00, max(|grad|)=-9734.273075 [Prefactor:0]
2019-07-22T18:40:03:  >Iteration   2: -logL=-300283.928, Lambda=1.0e-04, delta=508.686, step=1.0e+00, max(|grad|)=-1484.412233 [Prefactor:0]
2019-07-22T18:40:04:  >Iteration   3: -logL=-300301.036, Lambda=1.0e-05, delta=17.108, step=1.0e+00, max(|grad|)=-177.188512 [Index:1]
2019-07-22T18:40:05:  >Iteration   4: -logL=-300301.229, Lambda=1.0e-06, delta=0.193, step=1.0e+00, max(|grad|)=-32.724054 [Index:1]
2019-07-22T18:40:05:  >Iteration   5: -logL=-300301.232, Lambda=1.0e-07, delta=0.003, step=1.0e+00, max(|grad|)=-3.936475 [Index:1]
2019-07-22T18:40:05: 
2019-07-22T18:40:05: +============================================+
2019-07-22T18:40:05: | Maximum likelihood re-optimisation results |
2019-07-22T18:40:05: +============================================+
2019-07-22T18:40:05: === GOptimizerLM ===
2019-07-22T18:40:05:  Optimized function value ..: -300301.232
2019-07-22T18:40:05:  Absolute precision ........: 0.005
2019-07-22T18:40:05:  Acceptable value decrease .: 2
2019-07-22T18:40:05:  Optimization status .......: converged
2019-07-22T18:40:05:  Number of parameters ......: 4
2019-07-22T18:40:05:  Number of free parameters .: 2
2019-07-22T18:40:05:  Number of iterations ......: 5
2019-07-22T18:40:05:  Lambda ....................: 1e-08
2019-07-22T18:40:05: 
2019-07-22T18:40:05: +=========================================+
2019-07-22T18:40:05: | Maximum likelihood optimisation results |
2019-07-22T18:40:05: +=========================================+
2019-07-22T18:40:05: === GOptimizerLM ===
2019-07-22T18:40:05:  Optimized function value ..: -350952.042
2019-07-22T18:40:05:  Absolute precision ........: 0.005
2019-07-22T18:40:05:  Acceptable value decrease .: 2
2019-07-22T18:40:05:  Optimization status .......: converged
2019-07-22T18:40:05:  Number of parameters ......: 11
2019-07-22T18:40:05:  Number of free parameters .: 5
2019-07-22T18:40:05:  Number of iterations ......: 9
2019-07-22T18:40:05:  Lambda ....................: 1e-10
2019-07-22T18:40:05:  Maximum log likelihood ....: 350952.042
2019-07-22T18:40:05:  Observed events  (Nobs) ...: 325996.000
2019-07-22T18:40:05:  Predicted events (Npred) ..: 324196.581 (Nobs - Npred = 1799.41866652993)
2019-07-22T18:40:05: === GModels ===
2019-07-22T18:40:05:  Number of models ..........: 2
2019-07-22T18:40:05:  Number of parameters ......: 11
2019-07-22T18:40:05: === GModelSky ===
2019-07-22T18:40:05:  Name ......................: source3d
2019-07-22T18:40:05:  Instruments ...............: all
2019-07-22T18:40:05:  Test Statistic ............: 101301.621057434
2019-07-22T18:40:05:  Observation identifiers ...: all
2019-07-22T18:40:05:  Model type ................: PointSource
2019-07-22T18:40:05:  Model components ..........: "PointSource" * "ExponentialCutoffPowerLaw" * "Constant"
2019-07-22T18:40:05:  Number of parameters ......: 7
2019-07-22T18:40:05:  Number of spatial par's ...: 2
2019-07-22T18:40:05:   RA .......................: 83.6331 [-360,360] deg (fixed,scale=1)
2019-07-22T18:40:05:   DEC ......................: 22.0145 [-90,90] deg (fixed,scale=1)
2019-07-22T18:40:05:  Number of spectral par's ..: 4
2019-07-22T18:40:05:   Prefactor ................: 2.96285126626494e-18 +/- 2.36968845836439e-20 [1e-25,1e-15] ph/cm2/s/MeV (free,scale=1e-18,gradient)
2019-07-22T18:40:05:   Index ....................: -2.01138598635925 +/- 0.00670735691127815 [-0,-5]  (free,scale=-1,gradient)
2019-07-22T18:40:05:   CutoffEnergy .............: 100000000000 +/- 7898109080047.67 [1000000,100000000000] MeV (free,scale=100000000,gradient)
2019-07-22T18:40:05:   PivotEnergy ..............: 1000000 [10000,1000000000] MeV (fixed,scale=1000000,gradient)
2019-07-22T18:40:05:  Number of temporal par's ..: 1
2019-07-22T18:40:05:   Normalization ............: 1 (relative value) (fixed,scale=1,gradient)
2019-07-22T18:40:05:  Number of scale par's .....: 0
2019-07-22T18:40:05: === GCTAModelCubeBackground ===
2019-07-22T18:40:05:  Name ......................: BackgroundModel
2019-07-22T18:40:05:  Instruments ...............: CTA, HESS, MAGIC, VERITAS
2019-07-22T18:40:05:  Observation identifiers ...: all
2019-07-22T18:40:05:  Model type ................: "PowerLaw" * "Constant"
2019-07-22T18:40:05:  Number of parameters ......: 4
2019-07-22T18:40:05:  Number of spectral par's ..: 3
2019-07-22T18:40:05:   Prefactor ................: 0.992842392366786 +/- 0.00441906370294272 [0.01,100] ph/cm2/s/MeV (free,scale=1,gradient)
2019-07-22T18:40:05:   Index ....................: -0.00360063758267305 +/- 0.00257527027390882 [-5,5]  (free,scale=1,gradient)
2019-07-22T18:40:05:   PivotEnergy ..............: 1000000 MeV (fixed,scale=1000000,gradient)
2019-07-22T18:40:05:  Number of temporal par's ..: 1
2019-07-22T18:40:05:   Normalization ............: 1 (relative value) (fixed,scale=1,gradient)
2019-07-22T18:40:05: 
2019-07-22T18:40:05: +==============+
2019-07-22T18:40:05: | Save results |
2019-07-22T18:40:05: +==============+
2019-07-22T18:40:05:  Model definition file .....: /cta/carli/CPPM_Internship/Simulations_and_Analyses/plus_gradient_AEff_South_z40_50h/source3d/obsmodel_binned.xml
2019-07-22T18:40:05:  Covariance matrix file ....: NONE
2019-07-22T18:40:05: 
2019-07-22T18:40:05: Application "ctlike" terminated after 328 wall clock seconds, consuming 338.72 seconds of CPU time.
