2019-07-22T12:18:09: ********************************************************************************
2019-07-22T12:18:09: *                                   ctskymap                                   *
2019-07-22T12:18:09: * ---------------------------------------------------------------------------- *
2019-07-22T12:18:09: * Version: 1.6.0                                                               *
2019-07-22T12:18:09: ********************************************************************************
2019-07-22T12:18:09: +============+
2019-07-22T12:18:09: | Parameters |
2019-07-22T12:18:09: +============+
2019-07-22T12:18:09:  inobs .....................: /cta/carli/CPPM_Internship/Simulations_and_Analyses/plus_gradient_AEff_South_z40_50h/source3d/obs.fits
2019-07-22T12:18:09:  caldb .....................: prod3b-v2
2019-07-22T12:18:09:  irf .......................: plus_gradient_AEff_South_z40_50h
2019-07-22T12:18:09:  inmap .....................: NONE
2019-07-22T12:18:09:  outmap ....................: /cta/carli/CPPM_Internship/Simulations_and_Analyses/plus_gradient_AEff_South_z40_50h/source3d/skymap.fits
2019-07-22T12:18:09:  emin ......................: 0.1
2019-07-22T12:18:09:  emax ......................: 199.526229858398
2019-07-22T12:18:09:  usepnt ....................: yes
2019-07-22T12:18:09:  nxpix .....................: 80
2019-07-22T12:18:09:  nypix .....................: 80
2019-07-22T12:18:09:  binsz .....................: 0.02
2019-07-22T12:18:09:  coordsys ..................: CEL
2019-07-22T12:18:09:  proj ......................: CAR
2019-07-22T12:18:09:  xref ......................: [not queried]
2019-07-22T12:18:09:  yref ......................: [not queried]
2019-07-22T12:18:09:  bkgsubtract ...............: NONE
2019-07-22T12:18:09:  roiradius .................: [not queried]
2019-07-22T12:18:09:  inradius ..................: [not queried]
2019-07-22T12:18:09:  outradius .................: [not queried]
2019-07-22T12:18:09:  iterations ................: [not queried]
2019-07-22T12:18:09:  threshold .................: [not queried]
2019-07-22T12:18:09:  inexclusion ...............: NONE
2019-07-22T12:18:09:  usefft ....................: yes
2019-07-22T12:18:09:  publish ...................: no
2019-07-22T12:18:09:  chatter ...................: 4
2019-07-22T12:18:09:  clobber ...................: yes
2019-07-22T12:18:09:  debug .....................: no
2019-07-22T12:18:09:  mode ......................: ql
2019-07-22T12:18:09:  logfile ...................: ctskymap.log
2019-07-22T12:18:09: 
2019-07-22T12:18:09: +===================+
2019-07-22T12:18:09: | Input observation |
2019-07-22T12:18:09: +===================+
2019-07-22T12:18:09: === GObservations ===
2019-07-22T12:18:09:  Number of observations ....: 1
2019-07-22T12:18:09:  Number of models ..........: 0
2019-07-22T12:18:09:  Number of observed events .: 325998
2019-07-22T12:18:09:  Number of predicted events : 0
2019-07-22T12:18:09: === GCTAObservation ===
2019-07-22T12:18:09:  Name ......................: 
2019-07-22T12:18:09:  Identifier ................: 000001
2019-07-22T12:18:09:  Instrument ................: CTA
2019-07-22T12:18:09:  Event file ................: /cta/carli/CPPM_Internship/Simulations_and_Analyses/plus_gradient_AEff_South_z40_50h/source3d/obs.fits
2019-07-22T12:18:09:  Event type ................: EventList
2019-07-22T12:18:09:  Statistic .................: cstat
2019-07-22T12:18:09:  Ontime ....................: 144000 s
2019-07-22T12:18:09:  Livetime ..................: 141120 s
2019-07-22T12:18:09:  Deadtime correction .......: 0.98
2019-07-22T12:18:09:  User energy range .........: undefined
2019-07-22T12:18:09: === GCTAPointing ===
2019-07-22T12:18:09:  Pointing direction ........: (RA,Dec)=(84.1331,22.0145)
2019-07-22T12:18:09:  Response function .........: undefined
2019-07-22T12:18:09: === GCTAEventList ===
2019-07-22T12:18:09:  Number of events ..........: 325998 (disposed in "/cta/carli/CPPM_Internship/Simulations_and_Analyses/plus_gradient_AEff_South_z40_50h/source3d/obs.fits")
2019-07-22T12:18:09:  Time interval .............: 51544.5 - 51546.1666666667 days
2019-07-22T12:18:09: === GEbounds ===
2019-07-22T12:18:09:  Number of intervals .......: 1
2019-07-22T12:18:09:  Energy range ..............: 100 GeV - 199.526229858398 TeV
2019-07-22T12:18:09: === GCTARoi ===
2019-07-22T12:18:09:  RoI centre ................: RA=84.1331, DEC=22.0145 [0,0]
2019-07-22T12:18:09:  RoI radius ................: 0.8 deg
2019-07-22T12:18:09: === GSkyRegions ===
2019-07-22T12:18:09:  Number of regions .........: 0
2019-07-22T12:18:09: === GModels ===
2019-07-22T12:18:09:  Number of models ..........: 0
2019-07-22T12:18:09:  Number of parameters ......: 0
2019-07-22T12:18:09: 
2019-07-22T12:18:09: +===========================+
2019-07-22T12:18:09: | Find unbinned observation |
2019-07-22T12:18:09: +===========================+
2019-07-22T12:18:09: === CTA observation (id=000001) ===
2019-07-22T12:18:09:  Including unbinned CTA observation
2019-07-22T12:18:09: 
2019-07-22T12:18:09: +===========================+
2019-07-22T12:18:09: | Fill map from observation |
2019-07-22T12:18:09: +===========================+
2019-07-22T12:18:09: === CTA observation (id=000001) ===
2019-07-22T12:18:09:  Events in list ............: 325998
2019-07-22T12:18:09:  Events in map .............: 325997
2019-07-22T12:18:09:  Events outside RoI ........: 1
2019-07-22T12:18:09:  Events outside map area ...: 0
2019-07-22T12:18:09:  Events outside energies ...: 0
2019-07-22T12:18:09: 
2019-07-22T12:18:09: +=========+
2019-07-22T12:18:09: | Sky map |
2019-07-22T12:18:09: +=========+
2019-07-22T12:18:09: === GSkyMap ===
2019-07-22T12:18:09:  Number of pixels ..........: 6400
2019-07-22T12:18:09:  X axis dimension ..........: 80
2019-07-22T12:18:09:  Y axis dimension ..........: 80
2019-07-22T12:18:09:  Number of maps ............: 1
2019-07-22T12:18:09:  Shape of maps .............: (1)
2019-07-22T12:18:09: === GWcsCAR ===
2019-07-22T12:18:09:  Number of axes ............: 2
2019-07-22T12:18:09:  Longitude axis ............: 0
2019-07-22T12:18:09:  Latitude axis .............: 1
2019-07-22T12:18:09:  Spectral axis .............: -1
2019-07-22T12:18:09:  Coodinate system ..........: EQU
2019-07-22T12:18:09:  Projection code ...........: CAR
2019-07-22T12:18:09:  Projection name ...........: plate carree
2019-07-22T12:18:09:  Radius of the gen. sphere .: 57.2957795130823 deg
2019-07-22T12:18:09:  Reference coordinate ......: (84.1331, 22.0145)
2019-07-22T12:18:09:  Reference pixel ...........: (40.5, 40.5)
2019-07-22T12:18:09:  Increment at reference ....: (-0.02, 0.02)
2019-07-22T12:18:09:  (Phi_0, Theta_0) ..........: (0, 0) deg
2019-07-22T12:18:09:  (Phi_p, Theta_p) ..........: (0, 67.9855) deg
2019-07-22T12:18:09:  LATPOLE keyword usage .....: Required to select between two valid solutions of Theta_p.
2019-07-22T12:18:09:  Reference vector (m_ref) ..: (84.1331, 22.0145, 0, 67.9855) deg
2019-07-22T12:18:09:  Euler angles ..............: (264.1331 deg, 22.0145 deg, 0 deg, 0.927089022159083, 0.374841226377402)
2019-07-22T12:18:09:  Latitude preserved ........: False
2019-07-22T12:18:09:  Unity PC matrix ...........: True
2019-07-22T12:18:09:  Pixel-to-image trafo ......: ()
2019-07-22T12:18:09:  Image-to-pixel trafo ......: ()
2019-07-22T12:18:09:  Strict bounds checking ....: True
2019-07-22T12:18:09:  Use fiducial offset .......: False
2019-07-22T12:18:09:  Fiducial offset ...........: (0, 0)
2019-07-22T12:18:09:  Rest frequency ............: UNDEFINED
2019-07-22T12:18:09:  Rest wavelength ...........: UNDEFINED
2019-07-22T12:18:09: 
2019-07-22T12:18:09: +==============+
2019-07-22T12:18:09: | Compute maps |
2019-07-22T12:18:09: +==============+
2019-07-22T12:18:09: 
2019-07-22T12:18:09: +==============+
2019-07-22T12:18:09: | Save sky map |
2019-07-22T12:18:09: +==============+
2019-07-22T12:18:09:  Sky map file ..............: /cta/carli/CPPM_Internship/Simulations_and_Analyses/plus_gradient_AEff_South_z40_50h/source3d/skymap.fits
2019-07-22T12:18:09: 
2019-07-22T12:18:09: Application "ctskymap" terminated after 0 wall clock seconds, consuming 0.91 seconds of CPU time. This was rather quick!
