2019-07-22T11:59:00: ********************************************************************************
2019-07-22T11:59:00: *                                   ctobssim                                   *
2019-07-22T11:59:00: * ---------------------------------------------------------------------------- *
2019-07-22T11:59:00: * Version: 1.6.0                                                               *
2019-07-22T11:59:00: ********************************************************************************
2019-07-22T11:59:00: +============+
2019-07-22T11:59:00: | Parameters |
2019-07-22T11:59:00: +============+
2019-07-22T11:59:00:  inobs .....................: NONE
2019-07-22T11:59:00:  inmodel ...................: /cta/carli/anaconda3/share/models/source1d.xml
2019-07-22T11:59:00:  caldb .....................: prod3b-v2
2019-07-22T11:59:00:  irf .......................: plus_gradient_AEff_South_z40_50h
2019-07-22T11:59:00:  edisp .....................: yes
2019-07-22T11:59:00:  outevents .................: /cta/carli/CPPM_Internship/Simulations_and_Analyses/plus_gradient_AEff_South_z40_50h/source1d/obs.fits
2019-07-22T11:59:00:  prefix ....................: sim_events_
2019-07-22T11:59:00:  startindex ................: 1
2019-07-22T11:59:00:  seed ......................: 1000
2019-07-22T11:59:00:  ra ........................: 84.1331
2019-07-22T11:59:00:  dec .......................: 22.0145
2019-07-22T11:59:00:  rad .......................: 0.8
2019-07-22T11:59:00:  tmin ......................: 0
2019-07-22T11:59:00:  tmax ......................: 144000
2019-07-22T11:59:00:  mjdref ....................: 51544.5
2019-07-22T11:59:00:  emin ......................: 0.1
2019-07-22T11:59:00:  emax ......................: 199.526229858398
2019-07-22T11:59:00:  deadc .....................: 0.98
2019-07-22T11:59:00:  maxrate ...................: 1.0e6
2019-07-22T11:59:00:  eslices ...................: 10
2019-07-22T11:59:00:  nthreads ..................: 0
2019-07-22T11:59:00:  publish ...................: no
2019-07-22T11:59:00:  chatter ...................: 4
2019-07-22T11:59:00:  clobber ...................: yes
2019-07-22T11:59:00:  debug .....................: no
2019-07-22T11:59:00:  mode ......................: ql
2019-07-22T11:59:00:  logfile ...................: ctobssim.log
2019-07-22T11:59:00: 
2019-07-22T11:59:00: +================+
2019-07-22T11:59:00: | Execution mode |
2019-07-22T11:59:00: +================+
2019-07-22T11:59:00:  Event list management .....: Save and dispose (reduces memory needs)
2019-07-22T11:59:00:  Output format .............: Write single event list FITS file
2019-07-22T11:59:00: 
2019-07-22T11:59:00: +=============+
2019-07-22T11:59:00: | Seed values |
2019-07-22T11:59:00: +=============+
2019-07-22T11:59:00:  Seed 0 ....................: 6233869624
2019-07-22T11:59:00: 
2019-07-22T11:59:00: +===================+
2019-07-22T11:59:00: | Input observation |
2019-07-22T11:59:00: +===================+
2019-07-22T11:59:00: === GObservations ===
2019-07-22T11:59:00:  Number of observations ....: 1
2019-07-22T11:59:00:  Number of models ..........: 2
2019-07-22T11:59:00:  Number of observed events .: 0
2019-07-22T11:59:00:  Number of predicted events : 0
2019-07-22T11:59:00: === GCTAObservation ===
2019-07-22T11:59:00:  Name ......................: 
2019-07-22T11:59:00:  Identifier ................: 
2019-07-22T11:59:00:  Instrument ................: CTA
2019-07-22T11:59:00:  Event file ................: 
2019-07-22T11:59:00:  Event type ................: EventList
2019-07-22T11:59:00:  Statistic .................: cstat
2019-07-22T11:59:00:  Ontime ....................: 144000 s
2019-07-22T11:59:00:  Livetime ..................: 141120 s
2019-07-22T11:59:00:  Deadtime correction .......: 0.98
2019-07-22T11:59:00:  User energy range .........: undefined
2019-07-22T11:59:00: === GCTAPointing ===
2019-07-22T11:59:00:  Pointing direction ........: (RA,Dec)=(84.1331,22.0145)
2019-07-22T11:59:00: === GCTAResponseIrf ===
2019-07-22T11:59:00:  Caldb mission .............: cta
2019-07-22T11:59:00:  Caldb instrument ..........: prod3b-v2
2019-07-22T11:59:00:  Response name .............: plus_gradient_AEff_South_z40_50h
2019-07-22T11:59:00:  Energy dispersion .........: Used
2019-07-22T11:59:00:  Safe energy range .........: undefined
2019-07-22T11:59:00: === GCaldb ===
2019-07-22T11:59:00:  Database root .............: /cta/carli/anaconda3/share/caldb
2019-07-22T11:59:00:  Selected Mission ..........: CTA
2019-07-22T11:59:00:  Selected Instrument .......: PROD3B-V2
2019-07-22T11:59:00:  Calibration Index File ....: /cta/carli/anaconda3/share/caldb/data/cta/prod3b-v2/caldb.indx
2019-07-22T11:59:00:  Number of entries .........: 240
2019-07-22T11:59:00: === GCTAAeff2D ===
2019-07-22T11:59:00:  Filename ..................: /cta/carli/anaconda3/share/caldb/data/cta/prod3b-v2/bcf/plus_gradient_AEff_South_z40_50h/irf_file.fits
2019-07-22T11:59:00:  Number of energy bins .....: 42
2019-07-22T11:59:00:  Number of offset bins .....: 6
2019-07-22T11:59:00:  Log10(Energy) range .......: 0.0125892544165254 - 199.526229858398 TeV
2019-07-22T11:59:00:  Offset angle range ........: 0 - 6 deg
2019-07-22T11:59:00:  Lower energy threshold ....: not specified
2019-07-22T11:59:00:  Upper energy threshold ....: not specified
2019-07-22T11:59:00:  Radius cut ................: none
2019-07-22T11:59:00: === GCTAPsf2D ===
2019-07-22T11:59:00:  Filename ..................: /cta/carli/anaconda3/share/caldb/data/cta/prod3b-v2/bcf/plus_gradient_AEff_South_z40_50h/irf_file.fits
2019-07-22T11:59:00:  Number of energy bins .....: 25
2019-07-22T11:59:00:  Number of offset bins .....: 6
2019-07-22T11:59:00:  Log10(Energy) range .......: 0.0125892544165254 - 1258.92541503906 TeV
2019-07-22T11:59:00:  Offset angle range ........: 0 - 6 deg
2019-07-22T11:59:00: === GCTAEdisp2D ===
2019-07-22T11:59:00:  Filename ..................: /cta/carli/anaconda3/share/caldb/data/cta/prod3b-v2/bcf/plus_gradient_AEff_South_z40_50h/irf_file.fits
2019-07-22T11:59:00:  Number of energy bins .....: 500
2019-07-22T11:59:00:  Number of migration bins ..: 300
2019-07-22T11:59:00:  Number of offset bins .....: 6
2019-07-22T11:59:00:  Log10(Energy) range .......: 0.00501187238842249 - 501.187225341797 TeV
2019-07-22T11:59:00:  Migration range ...........: 0 - 3
2019-07-22T11:59:00:  Offset angle range ........: 0 - 6 deg
2019-07-22T11:59:00: === GCTABackground3D ===
2019-07-22T11:59:00:  Filename ..................: /cta/carli/anaconda3/share/caldb/data/cta/prod3b-v2/bcf/plus_gradient_AEff_South_z40_50h/irf_file.fits
2019-07-22T11:59:00:  Number of DETX bins .......: 36
2019-07-22T11:59:00:  Number of DETY bins .......: 36
2019-07-22T11:59:00:  Number of energy bins .....: 21
2019-07-22T11:59:00:  DETX range ................: -6 - 6 deg
2019-07-22T11:59:00:  DETX range ................: -6 - 6 deg
2019-07-22T11:59:00:  Energy range ..............: 0.0125892544165254 - 199.526229858398 TeV
2019-07-22T11:59:00: === GCTAResponseCache ===
2019-07-22T11:59:00:  Number of cached values ...: 0
2019-07-22T11:59:00: === GCTAResponseCache ===
2019-07-22T11:59:00:  Number of cached values ...: 0
2019-07-22T11:59:00: === GCTAEventList ===
2019-07-22T11:59:00:  Number of events ..........: 0 (disposed without possibility to recover)
2019-07-22T11:59:00:  Time interval .............: 51544.5 - 51546.1666666667 days
2019-07-22T11:59:00: === GEbounds ===
2019-07-22T11:59:00:  Number of intervals .......: 1
2019-07-22T11:59:00:  Energy range ..............: 100 GeV - 199.526229858398 TeV
2019-07-22T11:59:00: === GCTARoi ===
2019-07-22T11:59:00:  RoI centre ................: RA=84.1331, DEC=22.0145 [0,0]
2019-07-22T11:59:00:  RoI radius ................: 0.8 deg
2019-07-22T11:59:00: === GSkyRegions ===
2019-07-22T11:59:00:  Number of regions .........: 0
2019-07-22T11:59:00: === GModels ===
2019-07-22T11:59:00:  Number of models ..........: 2
2019-07-22T11:59:00:  Number of parameters ......: 11
2019-07-22T11:59:00: === GModelSky ===
2019-07-22T11:59:00:  Name ......................: source1d
2019-07-22T11:59:00:  Instruments ...............: all
2019-07-22T11:59:00:  Test Statistic ............: Computation requested
2019-07-22T11:59:00:  Observation identifiers ...: all
2019-07-22T11:59:00:  Model type ................: PointSource
2019-07-22T11:59:00:  Model components ..........: "PointSource" * "ExponentialCutoffPowerLaw" * "Constant"
2019-07-22T11:59:00:  Number of parameters ......: 7
2019-07-22T11:59:00:  Number of spatial par's ...: 2
2019-07-22T11:59:00:   RA .......................: 83.6331 [-360,360] deg (fixed,scale=1)
2019-07-22T11:59:00:   DEC ......................: 22.0145 [-90,90] deg (fixed,scale=1)
2019-07-22T11:59:00:  Number of spectral par's ..: 4
2019-07-22T11:59:00:   Prefactor ................: 3.04e-18 +/- 0 [1e-25,1e-15] ph/cm2/s/MeV (free,scale=1e-18,gradient)
2019-07-22T11:59:00:   Index ....................: -2 +/- 0 [-0,-5]  (free,scale=-1,gradient)
2019-07-22T11:59:00:   CutoffEnergy .............: 50000000 +/- 0 [100000,10000000000] MeV (free,scale=10000000,gradient)
2019-07-22T11:59:00:   PivotEnergy ..............: 1000000 [10000,1000000000] MeV (fixed,scale=1000000,gradient)
2019-07-22T11:59:00:  Number of temporal par's ..: 1
2019-07-22T11:59:00:   Normalization ............: 1 (relative value) (fixed,scale=1,gradient)
2019-07-22T11:59:00:  Number of scale par's .....: 0
2019-07-22T11:59:00: === GCTAModelIrfBackground ===
2019-07-22T11:59:00:  Name ......................: CTABackgroundModel
2019-07-22T11:59:00:  Instruments ...............: CTA
2019-07-22T11:59:00:  Test Statistic ............: Computation requested
2019-07-22T11:59:00:  Observation identifiers ...: all
2019-07-22T11:59:00:  Model type ................: "PowerLaw" * "Constant"
2019-07-22T11:59:00:  Number of parameters ......: 4
2019-07-22T11:59:00:  Number of spectral par's ..: 3
2019-07-22T11:59:00:   Prefactor ................: 1 +/- 0 [0.001,1000] ph/cm2/s/MeV (free,scale=1,gradient)
2019-07-22T11:59:00:   Index ....................: 0 +/- 0 [-5,5]  (free,scale=1,gradient)
2019-07-22T11:59:00:   PivotEnergy ..............: 1000000 [10000,1000000000] MeV (fixed,scale=1000000,gradient)
2019-07-22T11:59:00:  Number of temporal par's ..: 1
2019-07-22T11:59:00:   Normalization ............: 1 (relative value) (fixed,scale=1,gradient)
2019-07-22T11:59:00: 
2019-07-22T11:59:00: +======================+
2019-07-22T11:59:00: | Simulate observation |
2019-07-22T11:59:00: +======================+
2019-07-22T11:59:00: === CTA observation ===
2019-07-22T11:59:00:  Simulation cone ...........: RA=84.1331 deg, Dec=22.0145 deg, radius=1.3 deg
2019-07-22T11:59:00:  Time interval .............: 0 - 144000 s
2019-07-22T11:59:00:  Photon energy range .......: 41.1040776139221 GeV - 509.274482994276 GeV
2019-07-22T11:59:00:  Event energy range ........: 100 GeV - 213.796208774656 GeV
2019-07-22T11:59:00:   Simulation area ..........: 1.23295e+10 cm2
2019-07-22T11:59:00:   Use model ................: source1d
2019-07-22T11:59:00:   Normalization ............: 1 [source1d]
2019-07-22T11:59:00:   Flux .....................: 6.78366e-11 [source1d] photons/cm2/s
2019-07-22T11:59:00:   Normalized flux ..........: 6.78366e-11 [source1d] photons/cm2/s
2019-07-22T11:59:00:   Photon rate ..............: 0.83639 photons/s [source1d]
2019-07-22T11:59:00:   Time slice ...............: 0 - 144000 s [source1d]
2019-07-22T11:59:00:   MC source photons/slice ..: 120649 [source1d]
2019-07-22T11:59:01:   MC source photons ........: 120649 [source1d]
2019-07-22T11:59:01:   MC source events .........: 4321 [source1d]
2019-07-22T11:59:01:   MC source events .........: 4321 (all source models)
2019-07-22T11:59:01:  Photon energy range .......: 100.88253715168 GeV - 860.678033986988 GeV
2019-07-22T11:59:01:  Event energy range ........: 213.796208774656 GeV - 457.088188864163 GeV
2019-07-22T11:59:01:   Simulation area ..........: 1.86067e+10 cm2
2019-07-22T11:59:01:   Use model ................: source1d
2019-07-22T11:59:01:   Normalization ............: 1 [source1d]
2019-07-22T11:59:01:   Flux .....................: 2.64721e-11 [source1d] photons/cm2/s
2019-07-22T11:59:01:   Normalized flux ..........: 2.64721e-11 [source1d] photons/cm2/s
2019-07-22T11:59:01:   Photon rate ..............: 0.492559 photons/s [source1d]
2019-07-22T11:59:01:   Time slice ...............: 0 - 144000 s [source1d]
2019-07-22T11:59:01:   MC source photons/slice ..: 70871 [source1d]
2019-07-22T11:59:01:   MC source photons ........: 70871 [source1d]
2019-07-22T11:59:01:   MC source events .........: 4417 [source1d]
2019-07-22T11:59:01:   MC source events .........: 4417 (all source models)
2019-07-22T11:59:01:  Photon energy range .......: 265.018144252 GeV - 1.57081442112741 TeV
2019-07-22T11:59:01:  Event energy range ........: 457.088188864163 GeV - 977.237218548317 GeV
2019-07-22T11:59:01:   Simulation area ..........: 3.61768e+10 cm2
2019-07-22T11:59:01:   Use model ................: source1d
2019-07-22T11:59:01:   Normalization ............: 1 [source1d]
2019-07-22T11:59:01:   Flux .....................: 9.4282e-12 [source1d] photons/cm2/s
2019-07-22T11:59:01:   Normalized flux ..........: 9.4282e-12 [source1d] photons/cm2/s
2019-07-22T11:59:01:   Photon rate ..............: 0.341083 photons/s [source1d]
2019-07-22T11:59:01:   Time slice ...............: 0 - 144000 s [source1d]
2019-07-22T11:59:01:   MC source photons/slice ..: 49151 [source1d]
2019-07-22T11:59:01:   MC source photons ........: 49151 [source1d]
2019-07-22T11:59:01:   MC source events .........: 3615 [source1d]
2019-07-22T11:59:01:   MC source events .........: 3615 (all source models)
2019-07-22T11:59:01:  Photon energy range .......: 625.275670425715 GeV - 3.04099144442538 TeV
2019-07-22T11:59:01:  Event energy range ........: 977.237218548317 GeV - 2.0892961239912 TeV
2019-07-22T11:59:01:   Simulation area ..........: 5.69193e+10 cm2
2019-07-22T11:59:01:   Use model ................: source1d
2019-07-22T11:59:01:   Normalization ............: 1 [source1d]
2019-07-22T11:59:01:   Flux .....................: 3.76747e-12 [source1d] photons/cm2/s
2019-07-22T11:59:01:   Normalized flux ..........: 3.76747e-12 [source1d] photons/cm2/s
2019-07-22T11:59:01:   Photon rate ..............: 0.214442 photons/s [source1d]
2019-07-22T11:59:01:   Time slice ...............: 0 - 144000 s [source1d]
2019-07-22T11:59:01:   MC source photons/slice ..: 30979 [source1d]
2019-07-22T11:59:01:   MC source photons ........: 30979 [source1d]
2019-07-22T11:59:01:   MC source events .........: 3564 [source1d]
2019-07-22T11:59:01:   MC source events .........: 3564 (all source models)
2019-07-22T11:59:01:  Photon energy range .......: 1.52598487124743 TeV - 6.09062686094979 TeV
2019-07-22T11:59:01:  Event energy range ........: 2.0892961239912 TeV - 4.46683590316902 TeV
2019-07-22T11:59:01:   Simulation area ..........: 7.06832e+10 cm2
2019-07-22T11:59:01:   Use model ................: source1d
2019-07-22T11:59:01:   Normalization ............: 1 [source1d]
2019-07-22T11:59:01:   Flux .....................: 1.41158e-12 [source1d] photons/cm2/s
2019-07-22T11:59:01:   Normalized flux ..........: 1.41158e-12 [source1d] photons/cm2/s
2019-07-22T11:59:01:   Photon rate ..............: 0.099775 photons/s [source1d]
2019-07-22T11:59:01:   Time slice ...............: 0 - 144000 s [source1d]
2019-07-22T11:59:01:   MC source photons/slice ..: 14288 [source1d]
2019-07-22T11:59:01:   MC source photons ........: 14288 [source1d]
2019-07-22T11:59:01:   MC source events .........: 2790 [source1d]
2019-07-22T11:59:01:   MC source events .........: 2790 (all source models)
2019-07-22T11:59:01:  Photon energy range .......: 3.46329780546817 TeV - 13.5112010225502 TeV
2019-07-22T11:59:01:  Event energy range ........: 4.46683590316902 TeV - 9.54992581316053 TeV
2019-07-22T11:59:01:   Simulation area ..........: 8.832e+10 cm2
2019-07-22T11:59:01:   Use model ................: source1d
2019-07-22T11:59:01:   Normalization ............: 1 [source1d]
2019-07-22T11:59:01:   Flux .....................: 5.7579e-13 [source1d] photons/cm2/s
2019-07-22T11:59:01:   Normalized flux ..........: 5.7579e-13 [source1d] photons/cm2/s
2019-07-22T11:59:01:   Photon rate ..............: 0.0508538 photons/s [source1d]
2019-07-22T11:59:01:   Time slice ...............: 0 - 144000 s [source1d]
2019-07-22T11:59:01:   MC source photons/slice ..: 7400 [source1d]
2019-07-22T11:59:01:   MC source photons ........: 7400 [source1d]
2019-07-22T11:59:01:   MC source events .........: 1587 [source1d]
2019-07-22T11:59:01:   MC source events .........: 1587 (all source models)
2019-07-22T11:59:01:  Photon energy range .......: 7.57686977261953 TeV - 27.092165885067 TeV
2019-07-22T11:59:01:  Event energy range ........: 9.54992581316053 TeV - 20.4173793293294 TeV
2019-07-22T11:59:01:   Simulation area ..........: 1.15478e+11 cm2
2019-07-22T11:59:01:   Use model ................: source1d
2019-07-22T11:59:01:   Normalization ............: 1 [source1d]
2019-07-22T11:59:01:   Flux .....................: 2.22159e-13 [source1d] photons/cm2/s
2019-07-22T11:59:01:   Normalized flux ..........: 2.22159e-13 [source1d] photons/cm2/s
2019-07-22T11:59:01:   Photon rate ..............: 0.0256544 photons/s [source1d]
2019-07-22T11:59:01:   Time slice ...............: 0 - 144000 s [source1d]
2019-07-22T11:59:01:   MC source photons/slice ..: 3654 [source1d]
2019-07-22T11:59:01:   MC source photons ........: 3654 [source1d]
2019-07-22T11:59:01:   MC source events .........: 787 [source1d]
2019-07-22T11:59:01:   MC source events .........: 787 (all source models)
2019-07-22T11:59:01:  Photon energy range .......: 15.830324777243 TeV - 56.4077240740645 TeV
2019-07-22T11:59:01:  Event energy range ........: 20.4173793293294 TeV - 43.6515829372465 TeV
2019-07-22T11:59:01:   Simulation area ..........: 1.21043e+11 cm2
2019-07-22T11:59:01:   Use model ................: source1d
2019-07-22T11:59:01:   Normalization ............: 1 [source1d]
2019-07-22T11:59:01:   Flux .....................: 8.06252e-14 [source1d] photons/cm2/s
2019-07-22T11:59:01:   Normalized flux ..........: 8.06252e-14 [source1d] photons/cm2/s
2019-07-22T11:59:01:   Photon rate ..............: 0.00975914 photons/s [source1d]
2019-07-22T11:59:01:   Time slice ...............: 0 - 144000 s [source1d]
2019-07-22T11:59:01:   MC source photons/slice ..: 1406 [source1d]
2019-07-22T11:59:01:   MC source photons ........: 1406 [source1d]
2019-07-22T11:59:01:   MC source events .........: 327 [source1d]
2019-07-22T11:59:01:   MC source events .........: 327 (all source models)
2019-07-22T11:59:01:  Photon energy range .......: 34.3839906563315 TeV - 116.046716746149 TeV
2019-07-22T11:59:01:  Event energy range ........: 43.6515829372465 TeV - 93.3254293899579 TeV
2019-07-22T11:59:01:   Simulation area ..........: 1.50843e+11 cm2
2019-07-22T11:59:01:   Use model ................: source1d
2019-07-22T11:59:01:   Normalization ............: 1 [source1d]
2019-07-22T11:59:01:   Flux .....................: 2.05339e-14 [source1d] photons/cm2/s
2019-07-22T11:59:01:   Normalized flux ..........: 2.05339e-14 [source1d] photons/cm2/s
2019-07-22T11:59:01:   Photon rate ..............: 0.0030974 photons/s [source1d]
2019-07-22T11:59:01:   Time slice ...............: 0 - 144000 s [source1d]
2019-07-22T11:59:01:   MC source photons/slice ..: 452 [source1d]
2019-07-22T11:59:01:   MC source photons ........: 452 [source1d]
2019-07-22T11:59:01:   MC source events .........: 93 [source1d]
2019-07-22T11:59:01:   MC source events .........: 93 (all source models)
2019-07-22T11:59:01:  Photon energy range .......: 79.1906822067056 TeV - 239.08155027665 TeV
2019-07-22T11:59:01:  Event energy range ........: 93.3254293899579 TeV - 199.526229858398 TeV
2019-07-22T11:59:01:   Simulation area ..........: 1.67185e+11 cm2
2019-07-22T11:59:01:   Use model ................: source1d
2019-07-22T11:59:01:   Normalization ............: 1 [source1d]
2019-07-22T11:59:01:   Flux .....................: 2.48726e-15 [source1d] photons/cm2/s
2019-07-22T11:59:01:   Normalized flux ..........: 2.48726e-15 [source1d] photons/cm2/s
2019-07-22T11:59:01:   Photon rate ..............: 0.000415833 photons/s [source1d]
2019-07-22T11:59:01:   Time slice ...............: 0 - 144000 s [source1d]
2019-07-22T11:59:01:   MC source photons/slice ..: 53 [source1d]
2019-07-22T11:59:01:   MC source photons ........: 53 [source1d]
2019-07-22T11:59:01:   MC source events .........: 18 [source1d]
2019-07-22T11:59:01:   MC source events .........: 18 (all source models)
2019-07-22T11:59:01:  MC source photons .........: 298903 [source1d]
2019-07-22T11:59:01:  MC source events ..........: 21519 [source1d]
2019-07-22T11:59:16:  MC events outside ROI .....: 0
2019-07-22T11:59:16:  MC background events ......: 303791
2019-07-22T11:59:16:  MC identifier 1 ...........: source1d
2019-07-22T11:59:16:  MC identifier 2 ...........: CTABackgroundModel
2019-07-22T11:59:16:  MC events .................: 325310 (all models)
2019-07-22T11:59:17: 
2019-07-22T11:59:17: +==================+
2019-07-22T11:59:17: | Save observation |
2019-07-22T11:59:17: +==================+
2019-07-22T11:59:17: 
2019-07-22T11:59:17: Application "ctobssim" terminated after 17 wall clock seconds, consuming 17.15 seconds of CPU time.
