2019-07-25T09:11:12: ********************************************************************************
2019-07-25T09:11:12: *                                    cterror                                   *
2019-07-25T09:11:12: * ---------------------------------------------------------------------------- *
2019-07-25T09:11:12: * Version: 1.6.0                                                               *
2019-07-25T09:11:12: ********************************************************************************
2019-07-25T09:11:12: +============+
2019-07-25T09:11:12: | Parameters |
2019-07-25T09:11:12: +============+
2019-07-25T09:11:12:  inobs .....................: /cta/carli/CPPM_Internship/Simulations_and_Analyses/minus_gradient_AEff_South_z40_50h/source1b/obs_cube.fits
2019-07-25T09:11:12:  inmodel ...................: /cta/carli/CPPM_Internship/Simulations_and_Analyses/minus_gradient_AEff_South_z40_50h/source1b/obsmodel_binned.xml
2019-07-25T09:11:12:  srcname ...................: source1b
2019-07-25T09:11:12:  expcube ...................: /cta/carli/CPPM_Internship/Simulations_and_Analyses/minus_gradient_AEff_South_z40_50h/source1b/exposure_cube.fits
2019-07-25T09:11:12:  psfcube ...................: /cta/carli/CPPM_Internship/Simulations_and_Analyses/minus_gradient_AEff_South_z40_50h/source1b/PSF_cube.fits
2019-07-25T09:11:12:  edispcube .................: /cta/carli/CPPM_Internship/Simulations_and_Analyses/minus_gradient_AEff_South_z40_50h/source1b/edisp_cube.fits
2019-07-25T09:11:12:  bkgcube ...................: /cta/carli/CPPM_Internship/Simulations_and_Analyses/minus_gradient_AEff_South_z40_50h/source1b/background_cube.fits
2019-07-25T09:11:12:  caldb .....................: prod3b-v2
2019-07-25T09:11:12:  irf .......................: minus_gradient_AEff_South_z40_50h
2019-07-25T09:11:12:  edisp .....................: yes
2019-07-25T09:11:12:  outmodel ..................: 
2019-07-25T09:11:12:  confidence ................: 0.95
2019-07-25T09:11:12:  tol .......................: 1e-3
2019-07-25T09:11:12:  statistic .................: DEFAULT
2019-07-25T09:11:12:  like_accuracy .............: 0.005
2019-07-25T09:11:12:  max_iter ..................: 50
2019-07-25T09:11:12:  nthreads ..................: 0
2019-07-25T09:11:12:  chatter ...................: 4
2019-07-25T09:11:12:  clobber ...................: yes
2019-07-25T09:11:12:  debug .....................: no
2019-07-25T09:11:12:  mode ......................: ql
2019-07-25T09:11:12:  logfile ...................: cterror95.log
2019-07-25T09:11:12: 
2019-07-25T09:11:12: +===================+
2019-07-25T09:11:12: | Input observation |
2019-07-25T09:11:12: +===================+
2019-07-25T09:11:12: === GObservations ===
2019-07-25T09:11:12:  Number of observations ....: 1
2019-07-25T09:11:12:  Number of models ..........: 2
2019-07-25T09:11:12:  Number of observed events .: 314849
2019-07-25T09:11:12:  Number of predicted events : 0
2019-07-25T09:11:12: === GCTAObservation ===
2019-07-25T09:11:12:  Name ......................: 
2019-07-25T09:11:12:  Identifier ................: 000001
2019-07-25T09:11:12:  Instrument ................: CTA
2019-07-25T09:11:12:  Event file ................: /cta/carli/CPPM_Internship/Simulations_and_Analyses/minus_gradient_AEff_South_z40_50h/source1b/obs_cube.fits
2019-07-25T09:11:12:  Event type ................: CountsCube
2019-07-25T09:11:12:  Statistic .................: cstat
2019-07-25T09:11:12:  Ontime ....................: 144000 s
2019-07-25T09:11:12:  Livetime ..................: 141120 s
2019-07-25T09:11:12:  Deadtime correction .......: 0.98
2019-07-25T09:11:12:  User energy range .........: undefined
2019-07-25T09:11:12: === GCTAPointing ===
2019-07-25T09:11:12:  Pointing direction ........: (RA,Dec)=(84.1331,22.0145)
2019-07-25T09:11:12: === GCTAResponseCube ===
2019-07-25T09:11:12:  Energy dispersion .........: Used
2019-07-25T09:11:12: === GCTACubeExposure ===
2019-07-25T09:11:12:  Filename ..................: /cta/carli/CPPM_Internship/Simulations_and_Analyses/minus_gradient_AEff_South_z40_50h/source1b/exposure_cube.fits
2019-07-25T09:11:12:  Livetime ..................: 141120 sec
2019-07-25T09:11:12: === GEnergies ===
2019-07-25T09:11:12:  Number of energies ........: 33
2019-07-25T09:11:12: === GGti ===
2019-07-25T09:11:12:  Number of intervals .......: 1
2019-07-25T09:11:12:  Ontime ....................: 144000 sec
2019-07-25T09:11:12:  Elapsed time ..............: 144000 sec
2019-07-25T09:11:12:  MJD range .................: 51544.5 - 51546.1666666667 s (TT)
2019-07-25T09:11:12:  UTC range .................: 2000-01-01T11:58:56 - 2000-01-03T03:58:56 s (TT)
2019-07-25T09:11:12:  Reference MJD .............: 51544.5
2019-07-25T09:11:12: === GSkyMap ===
2019-07-25T09:11:12:  Number of pixels ..........: 6400
2019-07-25T09:11:12:  X axis dimension ..........: 80
2019-07-25T09:11:12:  Y axis dimension ..........: 80
2019-07-25T09:11:12:  Number of maps ............: 33
2019-07-25T09:11:12:  Shape of maps .............: (33)
2019-07-25T09:11:12: === GCTACubePsf ===
2019-07-25T09:11:12:  Filename ..................: /cta/carli/CPPM_Internship/Simulations_and_Analyses/minus_gradient_AEff_South_z40_50h/source1b/PSF_cube.fits
2019-07-25T09:11:12: === GEnergies ===
2019-07-25T09:11:12:  Number of energies ........: 33
2019-07-25T09:11:12:  Number of delta bins ......: 200
2019-07-25T09:11:12:  Delta range ...............: 1.875e-06 - 0.298501875 deg
2019-07-25T09:11:12: === GSkyMap ===
2019-07-25T09:11:12:  Number of pixels ..........: 1
2019-07-25T09:11:12:  X axis dimension ..........: 1
2019-07-25T09:11:12:  Y axis dimension ..........: 1
2019-07-25T09:11:12:  Number of maps ............: 6600
2019-07-25T09:11:12:  Shape of maps .............: (200, 33)
2019-07-25T09:11:12: === GCTACubeEdisp ===
2019-07-25T09:11:12:  Filename ..................: /cta/carli/CPPM_Internship/Simulations_and_Analyses/minus_gradient_AEff_South_z40_50h/source1b/edisp_cube.fits
2019-07-25T09:11:12: === GEnergies ===
2019-07-25T09:11:12:  Number of energies ........: 33
2019-07-25T09:11:12:  Number of migra bins ......: 100
2019-07-25T09:11:12:  Migra range ...............: 0.02 - 2
2019-07-25T09:11:12: === GSkyMap ===
2019-07-25T09:11:12:  Number of pixels ..........: 1
2019-07-25T09:11:12:  X axis dimension ..........: 1
2019-07-25T09:11:12:  Y axis dimension ..........: 1
2019-07-25T09:11:12:  Number of maps ............: 3300
2019-07-25T09:11:12:  Shape of maps .............: (100, 33)
2019-07-25T09:11:12: === GCTACubeBackground ===
2019-07-25T09:11:12:  Filename ..................: /cta/carli/CPPM_Internship/Simulations_and_Analyses/minus_gradient_AEff_South_z40_50h/source1b/background_cube.fits
2019-07-25T09:11:12: === GEbounds ===
2019-07-25T09:11:12:  Number of intervals .......: 32
2019-07-25T09:11:12:  Energy range ..............: 100 GeV - 199.526229858398 TeV
2019-07-25T09:11:12: === GSkyMap ===
2019-07-25T09:11:12:  Number of pixels ..........: 6400
2019-07-25T09:11:12:  X axis dimension ..........: 80
2019-07-25T09:11:12:  Y axis dimension ..........: 80
2019-07-25T09:11:12:  Number of maps ............: 32
2019-07-25T09:11:12:  Shape of maps .............: (32)
2019-07-25T09:11:12: === GCTAResponseCache ===
2019-07-25T09:11:12:  Number of cached values ...: 0
2019-07-25T09:11:12: === GCTAEventCube ===
2019-07-25T09:11:12:  Number of events ..........: 314849
2019-07-25T09:11:12:  Number of elements ........: 204800
2019-07-25T09:11:12:  Number of pixels ..........: 6400
2019-07-25T09:11:12:  Number of energy bins .....: 32
2019-07-25T09:11:12:  Time interval .............: 51544.5 - 51546.1666666667 days
2019-07-25T09:11:12:  Pointing ..................: (RA,Dec)=(84.1331,22.0145)
2019-07-25T09:11:12: === GEbounds ===
2019-07-25T09:11:12:  Number of intervals .......: 32
2019-07-25T09:11:12:  Energy range ..............: 100 GeV - 199.526229858398 TeV
2019-07-25T09:11:12: === GSkyMap ===
2019-07-25T09:11:12:  Number of pixels ..........: 6400
2019-07-25T09:11:12:  X axis dimension ..........: 80
2019-07-25T09:11:12:  Y axis dimension ..........: 80
2019-07-25T09:11:12:  Number of maps ............: 32
2019-07-25T09:11:12:  Shape of maps .............: (32)
2019-07-25T09:11:12: === GSkyRegions ===
2019-07-25T09:11:12:  Number of regions .........: 0
2019-07-25T09:11:12: === GModels ===
2019-07-25T09:11:12:  Number of models ..........: 2
2019-07-25T09:11:12:  Number of parameters ......: 11
2019-07-25T09:11:12: === GModelSky ===
2019-07-25T09:11:12:  Name ......................: source1b
2019-07-25T09:11:12:  Instruments ...............: all
2019-07-25T09:11:12:  Test Statistic ............: 38677.689
2019-07-25T09:11:12:  Observation identifiers ...: all
2019-07-25T09:11:12:  Model type ................: PointSource
2019-07-25T09:11:12:  Model components ..........: "PointSource" * "ExponentialCutoffPowerLaw" * "Constant"
2019-07-25T09:11:12:  Number of parameters ......: 7
2019-07-25T09:11:12:  Number of spatial par's ...: 2
2019-07-25T09:11:12:   RA .......................: 83.6331 [-360,360] deg (fixed,scale=1)
2019-07-25T09:11:12:   DEC ......................: 22.0145 [-90,90] deg (fixed,scale=1)
2019-07-25T09:11:12:  Number of spectral par's ..: 4
2019-07-25T09:11:12:   Prefactor ................: 1.53715026005688e-18 [1e-25,1e-15] ph/cm2/s/MeV (fixed,scale=1e-18,gradient)
2019-07-25T09:11:12:   Index ....................: -2.00065324461898 [-0,-5]  (fixed,scale=-1,gradient)
2019-07-25T09:11:12:   CutoffEnergy .............: 57995562.6464398 +/- 7411661.7911702 [100000,10000000000] MeV (free,scale=10000000,gradient)
2019-07-25T09:11:12:   PivotEnergy ..............: 1000000 [10000,1000000000] MeV (fixed,scale=1000000,gradient)
2019-07-25T09:11:12:  Number of temporal par's ..: 1
2019-07-25T09:11:12:   Normalization ............: 1 (relative value) (fixed,scale=1,gradient)
2019-07-25T09:11:12:  Number of scale par's .....: 0
2019-07-25T09:11:12: === GCTAModelCubeBackground ===
2019-07-25T09:11:12:  Name ......................: BackgroundModel
2019-07-25T09:11:12:  Instruments ...............: CTA, HESS, MAGIC, VERITAS
2019-07-25T09:11:12:  Observation identifiers ...: all
2019-07-25T09:11:12:  Model type ................: "PowerLaw" * "Constant"
2019-07-25T09:11:12:  Number of parameters ......: 4
2019-07-25T09:11:12:  Number of spectral par's ..: 3
2019-07-25T09:11:12:   Prefactor ................: 0.992897976845472 [0.01,100] ph/cm2/s/MeV (fixed,scale=1,gradient)
2019-07-25T09:11:12:   Index ....................: -0.00360173382712935 [-5,5]  (fixed,scale=1,gradient)
2019-07-25T09:11:12:   PivotEnergy ..............: 1000000 MeV (fixed,scale=1000000,gradient)
2019-07-25T09:11:12:  Number of temporal par's ..: 1
2019-07-25T09:11:12:   Normalization ............: 1 (relative value) (fixed,scale=1,gradient)
2019-07-25T09:11:12: 
2019-07-25T09:11:12: +=============================+
2019-07-25T09:11:12: | Compute best-fit likelihood |
2019-07-25T09:11:12: +=============================+
2019-07-25T09:12:44: === GOptimizerLM ===
2019-07-25T09:12:44:  Optimized function value ..: -319832.217
2019-07-25T09:12:44:  Absolute precision ........: 0.005
2019-07-25T09:12:44:  Acceptable value decrease .: 2
2019-07-25T09:12:44:  Optimization status .......: converged
2019-07-25T09:12:44:  Number of parameters ......: 11
2019-07-25T09:12:44:  Number of free parameters .: 1
2019-07-25T09:12:44:  Number of iterations ......: 1
2019-07-25T09:12:44:  Lambda ....................: 0.0001
2019-07-25T09:12:44:  Maximum log likelihood ....: -319832.217
2019-07-25T09:12:44: === GModels ===
2019-07-25T09:12:44:  Number of models ..........: 2
2019-07-25T09:12:44:  Number of parameters ......: 11
2019-07-25T09:12:44: === GModelSky ===
2019-07-25T09:12:44:  Name ......................: source1b
2019-07-25T09:12:44:  Instruments ...............: all
2019-07-25T09:12:44:  Test Statistic ............: 38677.689
2019-07-25T09:12:44:  Observation identifiers ...: all
2019-07-25T09:12:44:  Model type ................: PointSource
2019-07-25T09:12:44:  Model components ..........: "PointSource" * "ExponentialCutoffPowerLaw" * "Constant"
2019-07-25T09:12:44:  Number of parameters ......: 7
2019-07-25T09:12:44:  Number of spatial par's ...: 2
2019-07-25T09:12:44:   RA .......................: 83.6331 [-360,360] deg (fixed,scale=1)
2019-07-25T09:12:44:   DEC ......................: 22.0145 [-90,90] deg (fixed,scale=1)
2019-07-25T09:12:44:  Number of spectral par's ..: 4
2019-07-25T09:12:44:   Prefactor ................: 1.53715026005688e-18 [1e-25,1e-15] ph/cm2/s/MeV (fixed,scale=1e-18,gradient)
2019-07-25T09:12:44:   Index ....................: -2.00065324461898 [-0,-5]  (fixed,scale=-1,gradient)
2019-07-25T09:12:44:   CutoffEnergy .............: 57995223.2772165 +/- 4899505.81410204 [100000,10000000000] MeV (free,scale=10000000,gradient)
2019-07-25T09:12:44:   PivotEnergy ..............: 1000000 [10000,1000000000] MeV (fixed,scale=1000000,gradient)
2019-07-25T09:12:44:  Number of temporal par's ..: 1
2019-07-25T09:12:44:   Normalization ............: 1 (relative value) (fixed,scale=1,gradient)
2019-07-25T09:12:44:  Number of scale par's .....: 0
2019-07-25T09:12:44: === GCTAModelCubeBackground ===
2019-07-25T09:12:44:  Name ......................: BackgroundModel
2019-07-25T09:12:44:  Instruments ...............: CTA, HESS, MAGIC, VERITAS
2019-07-25T09:12:44:  Observation identifiers ...: all
2019-07-25T09:12:44:  Model type ................: "PowerLaw" * "Constant"
2019-07-25T09:12:44:  Number of parameters ......: 4
2019-07-25T09:12:44:  Number of spectral par's ..: 3
2019-07-25T09:12:44:   Prefactor ................: 0.992897976845472 [0.01,100] ph/cm2/s/MeV (fixed,scale=1,gradient)
2019-07-25T09:12:44:   Index ....................: -0.00360173382712935 [-5,5]  (fixed,scale=1,gradient)
2019-07-25T09:12:44:   PivotEnergy ..............: 1000000 MeV (fixed,scale=1000000,gradient)
2019-07-25T09:12:44:  Number of temporal par's ..: 1
2019-07-25T09:12:44:   Normalization ............: 1 (relative value) (fixed,scale=1,gradient)
2019-07-25T09:12:44: 
2019-07-25T09:12:44: +==============================================================+
2019-07-25T09:12:44: | Compute error for source "source1b" parameter "CutoffEnergy" |
2019-07-25T09:12:44: +==============================================================+
2019-07-25T09:12:44:  Confidence level ..........: 95 %
2019-07-25T09:12:44:  Log-likelihood difference .: 1.92073
2019-07-25T09:12:44:  Initial factor range ......: [0.900016513619606, 10.6990281418237]
2019-07-25T09:12:54:    Iteration 1 .............: [0.900016513619606, 5.79952232772165]
2019-07-25T09:13:05:    Iteration 2 .............: [3.34976942067063, 5.79952232772165]
2019-07-25T09:13:15:    Iteration 3 .............: [4.57464587419614, 5.79952232772165]
2019-07-25T09:13:26:    Iteration 4 .............: [4.57464587419614, 5.18708410095889]
2019-07-25T09:13:36:    Iteration 5 .............: [4.88086498757751, 5.18708410095889]
2019-07-25T09:13:47:    Iteration 6 .............: [4.88086498757751, 5.0339745442682]
2019-07-25T09:13:58:    Iteration 7 .............: [4.95741976592286, 5.0339745442682]
2019-07-25T09:14:08:    Iteration 8 .............: [4.95741976592286, 4.99569715509553]
2019-07-25T09:14:18:    Iteration 9 .............: [4.95741976592286, 4.97655846050919]
2019-07-25T09:14:29:    Iteration 10 ............: [4.95741976592286, 4.96698911321603]
2019-07-25T09:14:39:    Iteration 11 ............: [4.96220443956944, 4.96698911321603]
2019-07-25T09:14:49:    Iteration 12 ............: [4.96459677639273, 4.96698911321603]
2019-07-25T09:14:59:    Iteration 13 ............: [4.96459677639273, 4.96579294480438]
2019-07-25T09:15:10:    Iteration 1 .............: [5.79952232772165, 10.6990281418237]
2019-07-25T09:15:20:    Iteration 2 .............: [5.79952232772165, 8.24927523477267]
2019-07-25T09:15:31:    Iteration 3 .............: [5.79952232772165, 7.02439878124716]
2019-07-25T09:15:41:    Iteration 4 .............: [6.4119605544844, 7.02439878124716]
2019-07-25T09:15:51:    Iteration 5 .............: [6.71817966786578, 7.02439878124716]
2019-07-25T09:16:02:    Iteration 6 .............: [6.87128922455647, 7.02439878124716]
2019-07-25T09:16:12:    Iteration 7 .............: [6.87128922455647, 6.94784400290181]
2019-07-25T09:16:22:    Iteration 8 .............: [6.87128922455647, 6.90956661372914]
2019-07-25T09:16:32:    Iteration 9 .............: [6.8904279191428, 6.90956661372914]
2019-07-25T09:16:43:    Iteration 10 ............: [6.89999726643597, 6.90956661372914]
2019-07-25T09:16:53:    Iteration 11 ............: [6.90478194008256, 6.90956661372914]
2019-07-25T09:17:03:    Iteration 12 ............: [6.90478194008256, 6.90717427690585]
2019-07-25T09:17:13:    Iteration 13 ............: [6.9059781084942, 6.90717427690585]
2019-07-25T09:17:13:  Lower parameter factor ....: 4.96519
2019-07-25T09:17:13:  Upper parameter factor ....: 6.90658
2019-07-25T09:17:13:  Error from curvature ......: 4899505.81410204 MeV
2019-07-25T09:17:13:  Error from profile ........: 9706906.66050734 MeV
2019-07-25T09:17:13:  Negative profile error ....: 8343274.67123089 MeV
2019-07-25T09:17:13:  Positive profile error ....: 11070538.6497838 MeV
2019-07-25T09:17:13: 
2019-07-25T09:17:13: +==============+
2019-07-25T09:17:13: | Save results |
2019-07-25T09:17:13: +==============+
2019-07-25T09:17:13:  Model definition file .....: NONE
2019-07-25T09:17:13: 
2019-07-25T09:17:13: Application "cterror" terminated after 361 wall clock seconds, consuming 451.75 seconds of CPU time.
