2019-07-22T13:41:14: ********************************************************************************
2019-07-22T13:41:14: *                                    ctlike                                    *
2019-07-22T13:41:14: * ---------------------------------------------------------------------------- *
2019-07-22T13:41:14: * Version: 1.6.0                                                               *
2019-07-22T13:41:14: ********************************************************************************
2019-07-22T13:41:14: +============+
2019-07-22T13:41:14: | Parameters |
2019-07-22T13:41:14: +============+
2019-07-22T13:41:14:  inobs .....................: /cta/carli/CPPM_Internship/Simulations_and_Analyses/minus_gradient_AEff_South_z40_50h/source1b/obs_cube.fits
2019-07-22T13:41:14:  inmodel ...................: sourcemodel_cube.xml
2019-07-22T13:41:14:  expcube ...................: /cta/carli/CPPM_Internship/Simulations_and_Analyses/minus_gradient_AEff_South_z40_50h/source1b/exposure_cube.fits
2019-07-22T13:41:14:  psfcube ...................: /cta/carli/CPPM_Internship/Simulations_and_Analyses/minus_gradient_AEff_South_z40_50h/source1b/PSF_cube.fits
2019-07-22T13:41:14:  edispcube .................: /cta/carli/CPPM_Internship/Simulations_and_Analyses/minus_gradient_AEff_South_z40_50h/source1b/edisp_cube.fits
2019-07-22T13:41:14:  bkgcube ...................: /cta/carli/CPPM_Internship/Simulations_and_Analyses/minus_gradient_AEff_South_z40_50h/source1b/background_cube.fits
2019-07-22T13:41:14:  caldb .....................: prod3b-v2
2019-07-22T13:41:14:  irf .......................: minus_gradient_AEff_South_z40_50h
2019-07-22T13:41:14:  edisp .....................: yes
2019-07-22T13:41:14:  outmodel ..................: /cta/carli/CPPM_Internship/Simulations_and_Analyses/minus_gradient_AEff_South_z40_50h/source1b/obsmodel_binned.xml
2019-07-22T13:41:14:  outcovmat .................: NONE
2019-07-22T13:41:14:  statistic .................: DEFAULT
2019-07-22T13:41:14:  refit .....................: no
2019-07-22T13:41:14:  like_accuracy .............: 0.005
2019-07-22T13:41:14:  max_iter ..................: 50
2019-07-22T13:41:14:  fix_spat_for_ts ...........: no
2019-07-22T13:41:14:  nthreads ..................: 0
2019-07-22T13:41:14:  chatter ...................: 4
2019-07-22T13:41:14:  clobber ...................: yes
2019-07-22T13:41:14:  debug .....................: no
2019-07-22T13:41:14:  mode ......................: ql
2019-07-22T13:41:14:  logfile ...................: ctlike.log
2019-07-22T13:41:14: 
2019-07-22T13:41:14: +===================+
2019-07-22T13:41:14: | Input observation |
2019-07-22T13:41:14: +===================+
2019-07-22T13:41:14: === GObservations ===
2019-07-22T13:41:14:  Number of observations ....: 1
2019-07-22T13:41:14:  Number of models ..........: 2
2019-07-22T13:41:14:  Number of observed events .: 314849
2019-07-22T13:41:14:  Number of predicted events : 0
2019-07-22T13:41:14: === GCTAObservation ===
2019-07-22T13:41:14:  Name ......................: 
2019-07-22T13:41:14:  Identifier ................: 000001
2019-07-22T13:41:14:  Instrument ................: CTA
2019-07-22T13:41:14:  Event file ................: /cta/carli/CPPM_Internship/Simulations_and_Analyses/minus_gradient_AEff_South_z40_50h/source1b/obs_cube.fits
2019-07-22T13:41:14:  Event type ................: CountsCube
2019-07-22T13:41:14:  Statistic .................: cstat
2019-07-22T13:41:14:  Ontime ....................: 144000 s
2019-07-22T13:41:14:  Livetime ..................: 141120 s
2019-07-22T13:41:14:  Deadtime correction .......: 0.98
2019-07-22T13:41:14:  User energy range .........: undefined
2019-07-22T13:41:14: === GCTAPointing ===
2019-07-22T13:41:14:  Pointing direction ........: (RA,Dec)=(84.1331,22.0145)
2019-07-22T13:41:14: === GCTAResponseCube ===
2019-07-22T13:41:14:  Energy dispersion .........: Used
2019-07-22T13:41:14: === GCTACubeExposure ===
2019-07-22T13:41:14:  Filename ..................: /cta/carli/CPPM_Internship/Simulations_and_Analyses/minus_gradient_AEff_South_z40_50h/source1b/exposure_cube.fits
2019-07-22T13:41:14:  Livetime ..................: 141120 sec
2019-07-22T13:41:14: === GEnergies ===
2019-07-22T13:41:14:  Number of energies ........: 33
2019-07-22T13:41:14: === GGti ===
2019-07-22T13:41:14:  Number of intervals .......: 1
2019-07-22T13:41:14:  Ontime ....................: 144000 sec
2019-07-22T13:41:14:  Elapsed time ..............: 144000 sec
2019-07-22T13:41:14:  MJD range .................: 51544.5 - 51546.1666666667 s (TT)
2019-07-22T13:41:14:  UTC range .................: 2000-01-01T11:58:56 - 2000-01-03T03:58:56 s (TT)
2019-07-22T13:41:14:  Reference MJD .............: 51544.5
2019-07-22T13:41:14: === GSkyMap ===
2019-07-22T13:41:14:  Number of pixels ..........: 6400
2019-07-22T13:41:14:  X axis dimension ..........: 80
2019-07-22T13:41:14:  Y axis dimension ..........: 80
2019-07-22T13:41:14:  Number of maps ............: 33
2019-07-22T13:41:14:  Shape of maps .............: (33)
2019-07-22T13:41:14: === GCTACubePsf ===
2019-07-22T13:41:14:  Filename ..................: /cta/carli/CPPM_Internship/Simulations_and_Analyses/minus_gradient_AEff_South_z40_50h/source1b/PSF_cube.fits
2019-07-22T13:41:14: === GEnergies ===
2019-07-22T13:41:14:  Number of energies ........: 33
2019-07-22T13:41:14:  Number of delta bins ......: 200
2019-07-22T13:41:14:  Delta range ...............: 1.875e-06 - 0.298501875 deg
2019-07-22T13:41:14: === GSkyMap ===
2019-07-22T13:41:14:  Number of pixels ..........: 1
2019-07-22T13:41:14:  X axis dimension ..........: 1
2019-07-22T13:41:14:  Y axis dimension ..........: 1
2019-07-22T13:41:14:  Number of maps ............: 6600
2019-07-22T13:41:14:  Shape of maps .............: (200, 33)
2019-07-22T13:41:14: === GCTACubeEdisp ===
2019-07-22T13:41:14:  Filename ..................: /cta/carli/CPPM_Internship/Simulations_and_Analyses/minus_gradient_AEff_South_z40_50h/source1b/edisp_cube.fits
2019-07-22T13:41:14: === GEnergies ===
2019-07-22T13:41:14:  Number of energies ........: 33
2019-07-22T13:41:14:  Number of migra bins ......: 100
2019-07-22T13:41:14:  Migra range ...............: 0.02 - 2
2019-07-22T13:41:14: === GSkyMap ===
2019-07-22T13:41:14:  Number of pixels ..........: 1
2019-07-22T13:41:14:  X axis dimension ..........: 1
2019-07-22T13:41:14:  Y axis dimension ..........: 1
2019-07-22T13:41:14:  Number of maps ............: 3300
2019-07-22T13:41:14:  Shape of maps .............: (100, 33)
2019-07-22T13:41:14: === GCTACubeBackground ===
2019-07-22T13:41:14:  Filename ..................: /cta/carli/CPPM_Internship/Simulations_and_Analyses/minus_gradient_AEff_South_z40_50h/source1b/background_cube.fits
2019-07-22T13:41:14: === GEbounds ===
2019-07-22T13:41:14:  Number of intervals .......: 32
2019-07-22T13:41:14:  Energy range ..............: 100 GeV - 199.526229858398 TeV
2019-07-22T13:41:14: === GSkyMap ===
2019-07-22T13:41:14:  Number of pixels ..........: 6400
2019-07-22T13:41:14:  X axis dimension ..........: 80
2019-07-22T13:41:14:  Y axis dimension ..........: 80
2019-07-22T13:41:14:  Number of maps ............: 32
2019-07-22T13:41:14:  Shape of maps .............: (32)
2019-07-22T13:41:14: === GCTAResponseCache ===
2019-07-22T13:41:14:  Number of cached values ...: 0
2019-07-22T13:41:14: === GCTAEventCube ===
2019-07-22T13:41:14:  Number of events ..........: 314849
2019-07-22T13:41:14:  Number of elements ........: 204800
2019-07-22T13:41:14:  Number of pixels ..........: 6400
2019-07-22T13:41:14:  Number of energy bins .....: 32
2019-07-22T13:41:14:  Time interval .............: 51544.5 - 51546.1666666667 days
2019-07-22T13:41:14:  Pointing ..................: (RA,Dec)=(84.1331,22.0145)
2019-07-22T13:41:14: === GEbounds ===
2019-07-22T13:41:14:  Number of intervals .......: 32
2019-07-22T13:41:14:  Energy range ..............: 100 GeV - 199.526229858398 TeV
2019-07-22T13:41:14: === GSkyMap ===
2019-07-22T13:41:14:  Number of pixels ..........: 6400
2019-07-22T13:41:14:  X axis dimension ..........: 80
2019-07-22T13:41:14:  Y axis dimension ..........: 80
2019-07-22T13:41:14:  Number of maps ............: 32
2019-07-22T13:41:14:  Shape of maps .............: (32)
2019-07-22T13:41:14: === GSkyRegions ===
2019-07-22T13:41:14:  Number of regions .........: 0
2019-07-22T13:41:14: === GModels ===
2019-07-22T13:41:14:  Number of models ..........: 2
2019-07-22T13:41:14:  Number of parameters ......: 11
2019-07-22T13:41:14: === GModelSky ===
2019-07-22T13:41:14:  Name ......................: source1b
2019-07-22T13:41:14:  Instruments ...............: all
2019-07-22T13:41:14:  Test Statistic ............: Computation requested
2019-07-22T13:41:14:  Observation identifiers ...: all
2019-07-22T13:41:14:  Model type ................: PointSource
2019-07-22T13:41:14:  Model components ..........: "PointSource" * "ExponentialCutoffPowerLaw" * "Constant"
2019-07-22T13:41:14:  Number of parameters ......: 7
2019-07-22T13:41:14:  Number of spatial par's ...: 2
2019-07-22T13:41:14:   RA .......................: 83.6331 [-360,360] deg (fixed,scale=1)
2019-07-22T13:41:14:   DEC ......................: 22.0145 [-90,90] deg (fixed,scale=1)
2019-07-22T13:41:14:  Number of spectral par's ..: 4
2019-07-22T13:41:14:   Prefactor ................: 1.52e-18 +/- 0 [1e-25,1e-15] ph/cm2/s/MeV (free,scale=1e-18,gradient)
2019-07-22T13:41:14:   Index ....................: -2 +/- 0 [-0,-5]  (free,scale=-1,gradient)
2019-07-22T13:41:14:   CutoffEnergy .............: 50000000 +/- 0 [100000,10000000000] MeV (free,scale=10000000,gradient)
2019-07-22T13:41:14:   PivotEnergy ..............: 1000000 [10000,1000000000] MeV (fixed,scale=1000000,gradient)
2019-07-22T13:41:14:  Number of temporal par's ..: 1
2019-07-22T13:41:14:   Normalization ............: 1 (relative value) (fixed,scale=1,gradient)
2019-07-22T13:41:14:  Number of scale par's .....: 0
2019-07-22T13:41:14: === GCTAModelCubeBackground ===
2019-07-22T13:41:14:  Name ......................: BackgroundModel
2019-07-22T13:41:14:  Instruments ...............: CTA, HESS, MAGIC, VERITAS
2019-07-22T13:41:14:  Observation identifiers ...: all
2019-07-22T13:41:14:  Model type ................: "PowerLaw" * "Constant"
2019-07-22T13:41:14:  Number of parameters ......: 4
2019-07-22T13:41:14:  Number of spectral par's ..: 3
2019-07-22T13:41:14:   Prefactor ................: 1 +/- 0 [0.01,100] ph/cm2/s/MeV (free,scale=1,gradient)
2019-07-22T13:41:14:   Index ....................: 0 +/- 0 [-5,5]  (free,scale=1,gradient)
2019-07-22T13:41:14:   PivotEnergy ..............: 1000000 MeV (fixed,scale=1000000,gradient)
2019-07-22T13:41:14:  Number of temporal par's ..: 1
2019-07-22T13:41:14:   Normalization ............: 1 (relative value) (fixed,scale=1,gradient)
2019-07-22T13:41:14: 
2019-07-22T13:41:14: +=================================+
2019-07-22T13:41:14: | Maximum likelihood optimisation |
2019-07-22T13:41:14: +=================================+
2019-07-22T13:41:46:  >Iteration   0: -logL=-319828.083, Lambda=1.0e-03
2019-07-22T13:42:17:  >Iteration   1: -logL=-319832.170, Lambda=1.0e-03, delta=4.086, step=1.0e+00, max(|grad|)=23.069847 [Index:3]
2019-07-22T13:42:47:  >Iteration   2: -logL=-319832.217, Lambda=1.0e-04, delta=0.047, step=1.0e+00, max(|grad|)=0.745268 [Index:3]
2019-07-22T13:43:16:  >Iteration   3: -logL=-319832.217, Lambda=1.0e-05, delta=0.000, step=1.0e+00, max(|grad|)=0.002960 [Index:3]
2019-07-22T13:43:16:  
2019-07-22T13:43:16:  +==================+
2019-07-22T13:43:16:  | Curvature matrix |
2019-07-22T13:43:16:  +==================+
2019-07-22T13:43:16:  === GMatrixSparse ===
2019-07-22T13:43:16:   Number of rows ............: 11
2019-07-22T13:43:16:   Number of columns .........: 11
2019-07-22T13:43:16:   Number of nonzero elements : 25
2019-07-22T13:43:16:   Number of allocated cells .: 537
2019-07-22T13:43:16:   Memory block size .........: 512
2019-07-22T13:43:16:   Sparse matrix fill ........: 0.206611570247934
2019-07-22T13:43:16:   Pending element ...........: 0
2019-07-22T13:43:16:   Fill stack size ...........: 0 (none)
2019-07-22T13:43:16:   0, 0, 0, 0, 0, 0, 0, 0, 0, 0, 0
2019-07-22T13:43:16:   0, 0, 0, 0, 0, 0, 0, 0, 0, 0, 0
2019-07-22T13:43:16:   0, 0, 3412.41801708568, -1163.9048647045, 50.6728816619796, 0, 0, 1961.95336002071, -2802.57944809031, 0, 0
2019-07-22T13:43:16:   0, 0, -1163.90486470451, 14418.9959566465, -166.580153861872, 0, 0, 4376.92597177793, -7895.24388545916, 0, 0
2019-07-22T13:43:16:   0, 0, 50.6728816619796, -166.580153861872, 4.16567468773945, 0, 0, 3.42336063038517, -0.504103134000731, 0, 0
2019-07-22T13:43:16:   0, 0, 0, 0, 0, 0, 0, 0, 0, 0, 0
2019-07-22T13:43:16:   0, 0, 0, 0, 0, 0, 0, 0, 0, 0, 0
2019-07-22T13:43:16:   0, 0, 1961.9533600207, 4376.92597177793, 3.42336063038517, 0, 0, 303319.298076476, -474346.714786829, 0, 0
2019-07-22T13:43:16:   0, 0, -2802.57944809031, -7895.24388545916, -0.50410313400073, 0, 0, -474346.714786829, 893165.228411034, 0, 0
2019-07-22T13:43:16:   0, 0, 0, 0, 0, 0, 0, 0, 0, 0, 0
2019-07-22T13:43:16:   0, 0, 0, 0, 0, 0, 0, 0, 0, 0, 0
2019-07-22T13:43:46: 
2019-07-22T13:43:46: +====================================+
2019-07-22T13:43:46: | Maximum likelihood re-optimisation |
2019-07-22T13:43:46: +====================================+
2019-07-22T13:43:47:  >Iteration   0: -logL=-299623.725, Lambda=1.0e-03
2019-07-22T13:43:47:  >Iteration   1: -logL=-300449.196, Lambda=1.0e-03, delta=825.471, step=1.0e+00, max(|grad|)=-3474.561449 [Prefactor:0]
2019-07-22T13:43:48:  >Iteration   2: -logL=-300493.169, Lambda=1.0e-04, delta=43.973, step=1.0e+00, max(|grad|)=-178.995390 [Prefactor:0]
2019-07-22T13:43:49:  >Iteration   3: -logL=-300493.372, Lambda=1.0e-05, delta=0.203, step=1.0e+00, max(|grad|)=-11.618988 [Index:1]
2019-07-22T13:43:49:  >Iteration   4: -logL=-300493.373, Lambda=1.0e-06, delta=0.000, step=1.0e+00, max(|grad|)=-0.780033 [Index:1]
2019-07-22T13:43:49: 
2019-07-22T13:43:49: +============================================+
2019-07-22T13:43:49: | Maximum likelihood re-optimisation results |
2019-07-22T13:43:49: +============================================+
2019-07-22T13:43:49: === GOptimizerLM ===
2019-07-22T13:43:49:  Optimized function value ..: -300493.373
2019-07-22T13:43:49:  Absolute precision ........: 0.005
2019-07-22T13:43:49:  Acceptable value decrease .: 2
2019-07-22T13:43:49:  Optimization status .......: converged
2019-07-22T13:43:49:  Number of parameters ......: 4
2019-07-22T13:43:49:  Number of free parameters .: 2
2019-07-22T13:43:49:  Number of iterations ......: 4
2019-07-22T13:43:49:  Lambda ....................: 1e-07
2019-07-22T13:43:49: 
2019-07-22T13:43:49: +=========================================+
2019-07-22T13:43:49: | Maximum likelihood optimisation results |
2019-07-22T13:43:49: +=========================================+
2019-07-22T13:43:49: === GOptimizerLM ===
2019-07-22T13:43:49:  Optimized function value ..: -319832.217
2019-07-22T13:43:49:  Absolute precision ........: 0.005
2019-07-22T13:43:49:  Acceptable value decrease .: 2
2019-07-22T13:43:49:  Optimization status .......: converged
2019-07-22T13:43:49:  Number of parameters ......: 11
2019-07-22T13:43:49:  Number of free parameters .: 5
2019-07-22T13:43:49:  Number of iterations ......: 3
2019-07-22T13:43:49:  Lambda ....................: 1e-06
2019-07-22T13:43:49:  Maximum log likelihood ....: 319832.217
2019-07-22T13:43:49:  Observed events  (Nobs) ...: 314849.000
2019-07-22T13:43:49:  Predicted events (Npred) ..: 313078.000 (Nobs - Npred = 1771.00007163553)
2019-07-22T13:43:49: === GModels ===
2019-07-22T13:43:49:  Number of models ..........: 2
2019-07-22T13:43:49:  Number of parameters ......: 11
2019-07-22T13:43:49: === GModelSky ===
2019-07-22T13:43:49:  Name ......................: source1b
2019-07-22T13:43:49:  Instruments ...............: all
2019-07-22T13:43:49:  Test Statistic ............: 38677.6886466518
2019-07-22T13:43:49:  Observation identifiers ...: all
2019-07-22T13:43:49:  Model type ................: PointSource
2019-07-22T13:43:49:  Model components ..........: "PointSource" * "ExponentialCutoffPowerLaw" * "Constant"
2019-07-22T13:43:49:  Number of parameters ......: 7
2019-07-22T13:43:49:  Number of spatial par's ...: 2
2019-07-22T13:43:49:   RA .......................: 83.6331 [-360,360] deg (fixed,scale=1)
2019-07-22T13:43:49:   DEC ......................: 22.0145 [-90,90] deg (fixed,scale=1)
2019-07-22T13:43:49:  Number of spectral par's ..: 4
2019-07-22T13:43:49:   Prefactor ................: 1.53715026005688e-18 +/- 1.92705460913222e-20 [1e-25,1e-15] ph/cm2/s/MeV (free,scale=1e-18,gradient)
2019-07-22T13:43:49:   Index ....................: -2.00065324461898 +/- 0.0115972560429932 [-0,-5]  (free,scale=-1,gradient)
2019-07-22T13:43:49:   CutoffEnergy .............: 57995562.6464399 +/- 7411661.7911702 [100000,10000000000] MeV (free,scale=10000000,gradient)
2019-07-22T13:43:49:   PivotEnergy ..............: 1000000 [10000,1000000000] MeV (fixed,scale=1000000,gradient)
2019-07-22T13:43:49:  Number of temporal par's ..: 1
2019-07-22T13:43:49:   Normalization ............: 1 (relative value) (fixed,scale=1,gradient)
2019-07-22T13:43:49:  Number of scale par's .....: 0
2019-07-22T13:43:49: === GCTAModelCubeBackground ===
2019-07-22T13:43:49:  Name ......................: BackgroundModel
2019-07-22T13:43:49:  Instruments ...............: CTA, HESS, MAGIC, VERITAS
2019-07-22T13:43:49:  Observation identifiers ...: all
2019-07-22T13:43:49:  Model type ................: "PowerLaw" * "Constant"
2019-07-22T13:43:49:  Number of parameters ......: 4
2019-07-22T13:43:49:  Number of spectral par's ..: 3
2019-07-22T13:43:49:   Prefactor ................: 0.992897976845472 +/- 0.00441398133842889 [0.01,100] ph/cm2/s/MeV (free,scale=1,gradient)
2019-07-22T13:43:49:   Index ....................: -0.00360173382712935 +/- 0.00257153115570053 [-5,5]  (free,scale=1,gradient)
2019-07-22T13:43:49:   PivotEnergy ..............: 1000000 MeV (fixed,scale=1000000,gradient)
2019-07-22T13:43:49:  Number of temporal par's ..: 1
2019-07-22T13:43:49:   Normalization ............: 1 (relative value) (fixed,scale=1,gradient)
2019-07-22T13:43:49: 
2019-07-22T13:43:49: +==============+
2019-07-22T13:43:49: | Save results |
2019-07-22T13:43:49: +==============+
2019-07-22T13:43:49:  Model definition file .....: /cta/carli/CPPM_Internship/Simulations_and_Analyses/minus_gradient_AEff_South_z40_50h/source1b/obsmodel_binned.xml
2019-07-22T13:43:49:  Covariance matrix file ....: NONE
2019-07-22T13:43:49: 
2019-07-22T13:43:49: Application "ctlike" terminated after 156 wall clock seconds, consuming 162.01 seconds of CPU time.
