2019-07-22T13:00:58: ********************************************************************************
2019-07-22T13:00:58: *                                  ctbutterfly                                 *
2019-07-22T13:00:58: * ---------------------------------------------------------------------------- *
2019-07-22T13:00:58: * Version: 1.6.0                                                               *
2019-07-22T13:00:58: ********************************************************************************
2019-07-22T13:00:58: +============+
2019-07-22T13:00:58: | Parameters |
2019-07-22T13:00:58: +============+
2019-07-22T13:00:58:  inobs .....................: /cta/carli/CPPM_Internship/Simulations_and_Analyses/South_z40_50h/source1a/obs_cube.fits
2019-07-22T13:00:58:  inmodel ...................: /cta/carli/CPPM_Internship/Simulations_and_Analyses/South_z40_50h/source1a/obsmodel_binned.xml
2019-07-22T13:00:58:  srcname ...................: source1a
2019-07-22T13:00:58:  expcube ...................: /cta/carli/CPPM_Internship/Simulations_and_Analyses/South_z40_50h/source1a/exposure_cube.fits
2019-07-22T13:00:58:  psfcube ...................: /cta/carli/CPPM_Internship/Simulations_and_Analyses/South_z40_50h/source1a/PSF_cube.fits
2019-07-22T13:00:58:  edispcube .................: /cta/carli/CPPM_Internship/Simulations_and_Analyses/South_z40_50h/source1a/edisp_cube.fits
2019-07-22T13:00:58:  bkgcube ...................: /cta/carli/CPPM_Internship/Simulations_and_Analyses/South_z40_50h/source1a/background_cube.fits
2019-07-22T13:00:58:  caldb .....................: prod3b-v2
2019-07-22T13:00:58:  irf .......................: South_z40_50h
2019-07-22T13:00:58:  edisp .....................: yes
2019-07-22T13:00:58:  outfile ...................: /cta/carli/CPPM_Internship/Simulations_and_Analyses/South_z40_50h/source1a/butterfly_binned.ascii
2019-07-22T13:00:58:  method ....................: GAUSSIAN
2019-07-22T13:00:58:  fit .......................: no
2019-07-22T13:00:58:  confidence ................: 0.68
2019-07-22T13:00:58:  statistic .................: DEFAULT
2019-07-22T13:00:58:  like_accuracy .............: 0.005
2019-07-22T13:00:58:  max_iter ..................: 50
2019-07-22T13:00:58:  matrix ....................: NONE
2019-07-22T13:00:58:  ebinalg ...................: LOG
2019-07-22T13:00:58:  emin ......................: 0.1
2019-07-22T13:00:58:  emax ......................: 199.526229858398
2019-07-22T13:00:58:  enumbins ..................: 32
2019-07-22T13:00:58:  ebinfile ..................: [not queried]
2019-07-22T13:00:58:  chatter ...................: 4
2019-07-22T13:00:58:  clobber ...................: yes
2019-07-22T13:00:58:  debug .....................: no
2019-07-22T13:00:58:  mode ......................: ql
2019-07-22T13:00:58:  logfile ...................: ctbutterfly.log
2019-07-22T13:00:58: 
2019-07-22T13:00:58: +===================+
2019-07-22T13:00:58: | Input observation |
2019-07-22T13:00:58: +===================+
2019-07-22T13:00:58: === GObservations ===
2019-07-22T13:00:58:  Number of observations ....: 1
2019-07-22T13:00:58:  Number of models ..........: 2
2019-07-22T13:00:58:  Number of observed events .: 309307
2019-07-22T13:00:58:  Number of predicted events : 0
2019-07-22T13:00:58: === GCTAObservation ===
2019-07-22T13:00:58:  Name ......................: 
2019-07-22T13:00:58:  Identifier ................: 000001
2019-07-22T13:00:58:  Instrument ................: CTA
2019-07-22T13:00:58:  Event file ................: /cta/carli/CPPM_Internship/Simulations_and_Analyses/South_z40_50h/source1a/obs_cube.fits
2019-07-22T13:00:58:  Event type ................: CountsCube
2019-07-22T13:00:58:  Statistic .................: cstat
2019-07-22T13:00:58:  Ontime ....................: 144000 s
2019-07-22T13:00:58:  Livetime ..................: 141120 s
2019-07-22T13:00:58:  Deadtime correction .......: 0.98
2019-07-22T13:00:58:  User energy range .........: undefined
2019-07-22T13:00:58: === GCTAPointing ===
2019-07-22T13:00:58:  Pointing direction ........: (RA,Dec)=(84.1331,22.0145)
2019-07-22T13:00:58: === GCTAResponseCube ===
2019-07-22T13:00:58:  Energy dispersion .........: Used
2019-07-22T13:00:58: === GCTACubeExposure ===
2019-07-22T13:00:58:  Filename ..................: /cta/carli/CPPM_Internship/Simulations_and_Analyses/South_z40_50h/source1a/exposure_cube.fits
2019-07-22T13:00:58:  Livetime ..................: 141120 sec
2019-07-22T13:00:58: === GEnergies ===
2019-07-22T13:00:58:  Number of energies ........: 33
2019-07-22T13:00:58: === GGti ===
2019-07-22T13:00:58:  Number of intervals .......: 1
2019-07-22T13:00:58:  Ontime ....................: 144000 sec
2019-07-22T13:00:58:  Elapsed time ..............: 144000 sec
2019-07-22T13:00:58:  MJD range .................: 51544.5 - 51546.1666666667 s (TT)
2019-07-22T13:00:58:  UTC range .................: 2000-01-01T11:58:56 - 2000-01-03T03:58:56 s (TT)
2019-07-22T13:00:58:  Reference MJD .............: 51544.5
2019-07-22T13:00:58: === GSkyMap ===
2019-07-22T13:00:58:  Number of pixels ..........: 6400
2019-07-22T13:00:58:  X axis dimension ..........: 80
2019-07-22T13:00:58:  Y axis dimension ..........: 80
2019-07-22T13:00:58:  Number of maps ............: 33
2019-07-22T13:00:58:  Shape of maps .............: (33)
2019-07-22T13:00:58: === GCTACubePsf ===
2019-07-22T13:00:58:  Filename ..................: /cta/carli/CPPM_Internship/Simulations_and_Analyses/South_z40_50h/source1a/PSF_cube.fits
2019-07-22T13:00:58: === GEnergies ===
2019-07-22T13:00:58:  Number of energies ........: 33
2019-07-22T13:00:58:  Number of delta bins ......: 200
2019-07-22T13:00:58:  Delta range ...............: 1.875e-06 - 0.298501875 deg
2019-07-22T13:00:58: === GSkyMap ===
2019-07-22T13:00:58:  Number of pixels ..........: 1
2019-07-22T13:00:58:  X axis dimension ..........: 1
2019-07-22T13:00:58:  Y axis dimension ..........: 1
2019-07-22T13:00:58:  Number of maps ............: 6600
2019-07-22T13:00:58:  Shape of maps .............: (200, 33)
2019-07-22T13:00:58: === GCTACubeEdisp ===
2019-07-22T13:00:58:  Filename ..................: /cta/carli/CPPM_Internship/Simulations_and_Analyses/South_z40_50h/source1a/edisp_cube.fits
2019-07-22T13:00:58: === GEnergies ===
2019-07-22T13:00:58:  Number of energies ........: 33
2019-07-22T13:00:58:  Number of migra bins ......: 100
2019-07-22T13:00:58:  Migra range ...............: 0.02 - 2
2019-07-22T13:00:58: === GSkyMap ===
2019-07-22T13:00:58:  Number of pixels ..........: 1
2019-07-22T13:00:58:  X axis dimension ..........: 1
2019-07-22T13:00:58:  Y axis dimension ..........: 1
2019-07-22T13:00:58:  Number of maps ............: 3300
2019-07-22T13:00:58:  Shape of maps .............: (100, 33)
2019-07-22T13:00:58: === GCTACubeBackground ===
2019-07-22T13:00:58:  Filename ..................: /cta/carli/CPPM_Internship/Simulations_and_Analyses/South_z40_50h/source1a/background_cube.fits
2019-07-22T13:00:58: === GEbounds ===
2019-07-22T13:00:58:  Number of intervals .......: 32
2019-07-22T13:00:58:  Energy range ..............: 100 GeV - 199.526229858398 TeV
2019-07-22T13:00:58: === GSkyMap ===
2019-07-22T13:00:58:  Number of pixels ..........: 6400
2019-07-22T13:00:58:  X axis dimension ..........: 80
2019-07-22T13:00:58:  Y axis dimension ..........: 80
2019-07-22T13:00:58:  Number of maps ............: 32
2019-07-22T13:00:58:  Shape of maps .............: (32)
2019-07-22T13:00:58: === GCTAResponseCache ===
2019-07-22T13:00:58:  Number of cached values ...: 0
2019-07-22T13:00:58: === GCTAEventCube ===
2019-07-22T13:00:58:  Number of events ..........: 309307
2019-07-22T13:00:58:  Number of elements ........: 204800
2019-07-22T13:00:58:  Number of pixels ..........: 6400
2019-07-22T13:00:58:  Number of energy bins .....: 32
2019-07-22T13:00:58:  Time interval .............: 51544.5 - 51546.1666666667 days
2019-07-22T13:00:58:  Pointing ..................: (RA,Dec)=(84.1331,22.0145)
2019-07-22T13:00:58: === GEbounds ===
2019-07-22T13:00:58:  Number of intervals .......: 32
2019-07-22T13:00:58:  Energy range ..............: 100 GeV - 199.526229858398 TeV
2019-07-22T13:00:58: === GSkyMap ===
2019-07-22T13:00:58:  Number of pixels ..........: 6400
2019-07-22T13:00:58:  X axis dimension ..........: 80
2019-07-22T13:00:58:  Y axis dimension ..........: 80
2019-07-22T13:00:58:  Number of maps ............: 32
2019-07-22T13:00:58:  Shape of maps .............: (32)
2019-07-22T13:00:58: === GSkyRegions ===
2019-07-22T13:00:58:  Number of regions .........: 0
2019-07-22T13:00:58: === GModels ===
2019-07-22T13:00:58:  Number of models ..........: 2
2019-07-22T13:00:58:  Number of parameters ......: 11
2019-07-22T13:00:58: === GModelSky ===
2019-07-22T13:00:58:  Name ......................: source1a
2019-07-22T13:00:58:  Instruments ...............: all
2019-07-22T13:00:58:  Test Statistic ............: 15319.97
2019-07-22T13:00:58:  Observation identifiers ...: all
2019-07-22T13:00:58:  Model type ................: PointSource
2019-07-22T13:00:58:  Model components ..........: "PointSource" * "ExponentialCutoffPowerLaw" * "Constant"
2019-07-22T13:00:58:  Number of parameters ......: 7
2019-07-22T13:00:58:  Number of spatial par's ...: 2
2019-07-22T13:00:58:   RA .......................: 83.6331 [-360,360] deg (fixed,scale=1)
2019-07-22T13:00:58:   DEC ......................: 22.0145 [-90,90] deg (fixed,scale=1)
2019-07-22T13:00:58:  Number of spectral par's ..: 4
2019-07-22T13:00:58:   Prefactor ................: 7.67901956274408e-19 +/- 1.42308078678022e-20 [1e-26,1e-16] ph/cm2/s/MeV (free,scale=1e-19,gradient)
2019-07-22T13:00:58:   Index ....................: -2.01416195594332 +/- 0.0177696387930875 [-0,-5]  (free,scale=-1,gradient)
2019-07-22T13:00:58:   CutoffEnergy .............: 59868522.2376241 +/- 10908507.2322528 [100000,10000000000] MeV (free,scale=10000000,gradient)
2019-07-22T13:00:58:   PivotEnergy ..............: 1000000 [10000,1000000000] MeV (fixed,scale=1000000,gradient)
2019-07-22T13:00:58:  Number of temporal par's ..: 1
2019-07-22T13:00:58:   Normalization ............: 1 (relative value) (fixed,scale=1,gradient)
2019-07-22T13:00:58:  Number of scale par's .....: 0
2019-07-22T13:00:58: === GCTAModelCubeBackground ===
2019-07-22T13:00:58:  Name ......................: BackgroundModel
2019-07-22T13:00:58:  Instruments ...............: CTA, HESS, MAGIC, VERITAS
2019-07-22T13:00:58:  Observation identifiers ...: all
2019-07-22T13:00:58:  Model type ................: "PowerLaw" * "Constant"
2019-07-22T13:00:58:  Number of parameters ......: 4
2019-07-22T13:00:58:  Number of spectral par's ..: 3
2019-07-22T13:00:58:   Prefactor ................: 0.992483799804345 +/- 0.00440920010195062 [0.01,100] ph/cm2/s/MeV (free,scale=1,gradient)
2019-07-22T13:00:58:   Index ....................: -0.00388750702592982 +/- 0.00256895476525248 [-5,5]  (free,scale=1,gradient)
2019-07-22T13:00:58:   PivotEnergy ..............: 1000000 MeV (fixed,scale=1000000,gradient)
2019-07-22T13:00:58:  Number of temporal par's ..: 1
2019-07-22T13:00:58:   Normalization ............: 1 (relative value) (fixed,scale=1,gradient)
2019-07-22T13:00:58: 
2019-07-22T13:00:58: +===========================+
2019-07-22T13:00:58: | Compute covariance matrix |
2019-07-22T13:00:58: +===========================+
2019-07-22T13:01:30: === GMatrixSparse ===
2019-07-22T13:01:30:  Number of rows ............: 11
2019-07-22T13:01:30:  Number of columns .........: 11
2019-07-22T13:01:30:  Number of nonzero elements : 25
2019-07-22T13:01:30:  Number of allocated cells .: 512
2019-07-22T13:01:30:  Memory block size .........: 512
2019-07-22T13:01:30:  Sparse matrix fill ........: 0.206611570247934
2019-07-22T13:01:30:  Pending element ...........: 0
2019-07-22T13:01:30:  Fill stack size ...........: 0 (none)
2019-07-22T13:01:30:  0, 0, 0, 0, 0, 0, 0, 0, 0, 0, 0
2019-07-22T13:01:30:  0, 0, 0, 0, 0, 0, 0, 0, 0, 0, 0
2019-07-22T13:01:30:  0, 0, 2.0251589257019e-40, 1.20919553198726e-23, -5.39185856533425e-14, 0, 0, -2.61468135747351e-24, -6.96679811587447e-25, 0, 0
2019-07-22T13:01:30:  0, 0, 1.20919553198727e-23, 0.000315760062837917, -131942.797370901, 0, 0, 1.15471080007381e-06, -9.93159276028317e-07, 0, 0
2019-07-22T13:01:30:  0, 0, -5.39185856533425e-14, -131942.797370901, 118995530036553, 0, 0, -77.6780239326544, 447.796511127794, 0, 0
2019-07-22T13:01:30:  0, 0, 0, 0, 0, 0, 0, 0, 0, 0, 0
2019-07-22T13:01:30:  0, 0, 0, 0, 0, 0, 0, 0, 0, 0, 0
2019-07-22T13:01:30:  0, 0, -2.61468135747352e-24, 1.15471080007381e-06, -77.6780239326551, 0, 0, 1.94410455390412e-05, 1.03150826768247e-05, 0, 0
2019-07-22T13:01:30:  0, 0, -6.96679811587447e-25, -9.93159276028318e-07, 447.796511127794, 0, 0, 1.03150826768247e-05, 6.59952858591339e-06, 0, 0
2019-07-22T13:01:30:  0, 0, 0, 0, 0, 0, 0, 0, 0, 0, 0
2019-07-22T13:01:30:  0, 0, 0, 0, 0, 0, 0, 0, 0, 0, 0
2019-07-22T13:01:30: 
2019-07-22T13:01:30: +===============================+
2019-07-22T13:01:30: | Prepare butterfly computation |
2019-07-22T13:01:30: +===============================+
2019-07-22T13:01:30:  Confidence level ..........: 0.68
2019-07-22T13:01:30:  Corresponding scaling .....: 0.994458
2019-07-22T13:01:30: 
2019-07-22T13:01:30: +====================+
2019-07-22T13:01:30: | Generate butterfly |
2019-07-22T13:01:30: +====================+
2019-07-22T13:01:30: 
2019-07-22T13:01:30: +=========+
2019-07-22T13:01:30: | Results |
2019-07-22T13:01:30: +=========+
2019-07-22T13:01:30:  Intensity at 112606.251051226 MeV : 6.23441406445264e-17 (5.9717852919945e-17, 6.49704283691078e-17) ph/cm2/s/MeV
2019-07-22T13:01:30:  Intensity at 142786.615593472 MeV : 3.86248013633596e-17 (3.71404125437358e-17, 4.01091901829834e-17) ph/cm2/s/MeV
2019-07-22T13:01:30:  Intensity at 181055.824186555 MeV : 2.39264461918199e-17 (2.30927148253867e-17, 2.4760177558253e-17) ph/cm2/s/MeV
2019-07-22T13:01:30:  Intensity at 229581.822747338 MeV : 1.48188919575747e-17 (1.43535331506453e-17, 1.52842507645042e-17) ph/cm2/s/MeV
2019-07-22T13:01:30:  Intensity at 291113.603071291 MeV : 9.17611653100379e-18 (8.91781208299295e-18, 9.43442097901464e-18) ph/cm2/s/MeV
2019-07-22T13:01:30:  Intensity at 369136.932876502 MeV : 5.68044653762659e-18 (5.53758869303896e-18, 5.82330438221422e-18) ph/cm2/s/MeV
2019-07-22T13:01:30:  Intensity at 468071.824112259 MeV : 3.5152347918029e-18 (3.43618531327371e-18, 3.59428427033208e-18) ph/cm2/s/MeV
2019-07-22T13:01:30:  Intensity at 593522.926087366 MeV : 2.17437200051328e-18 (2.13028256191777e-18, 2.21846143910878e-18) ph/cm2/s/MeV
2019-07-22T13:01:30:  Intensity at 752597.028157849 MeV : 1.34421720616957e-18 (1.31915494678957e-18, 1.36927946554956e-18) ph/cm2/s/MeV
2019-07-22T13:01:30:  Intensity at 954305.65846188 MeV : 8.30416130427421e-19 (8.1571323409013e-19, 8.45119026764711e-19) ph/cm2/s/MeV
2019-07-22T13:01:30:  Intensity at 1210075.58587031 MeV : 5.1254256135196e-19 (5.03567058773145e-19, 5.21518063930775e-19) ph/cm2/s/MeV
2019-07-22T13:01:30:  Intensity at 1534396.14502492 MeV : 3.15985255122053e-19 (3.10293156959746e-19, 3.2167735328436e-19) ph/cm2/s/MeV
2019-07-22T13:01:30:  Intensity at 1945640.05534746 MeV : 1.94523979778436e-19 (1.9081417773393e-19, 1.98233781822941e-19) ph/cm2/s/MeV
2019-07-22T13:01:30:  Intensity at 2467104.23331454 MeV : 1.19530826375062e-19 (1.17080100372025e-19, 1.219815523781e-19) ph/cm2/s/MeV
2019-07-22T13:01:30:  Intensity at 3128329.55988436 MeV : 7.32778723933091e-20 (7.16557957015731e-20, 7.4899949085045e-20) ph/cm2/s/MeV
2019-07-22T13:01:30:  Intensity at 3966774.36773649 MeV : 4.47899116663257e-20 (4.37225019688951e-20, 4.58573213637563e-20) ph/cm2/s/MeV
2019-07-22T13:01:30:  Intensity at 5029936.45116879 MeV : 2.7274539748421e-20 (2.65791263910136e-20, 2.79699531058285e-20) ph/cm2/s/MeV
2019-07-22T13:01:30:  Intensity at 6378043.81024912 MeV : 1.65298009282286e-20 (1.60818268019515e-20, 1.69777750545057e-20) ph/cm2/s/MeV
2019-07-22T13:01:30:  Intensity at 8087466.55954362 MeV : 9.95764833071945e-21 (9.67179524746386e-21, 1.0243501413975e-20) ph/cm2/s/MeV
2019-07-22T13:01:30:  Intensity at 10255043.285628 MeV : 5.9528156559467e-21 (5.7710743910808e-21, 6.13455692081261e-21) ph/cm2/s/MeV
2019-07-22T13:01:30:  Intensity at 13003566.9409974 MeV : 3.52430766312695e-21 (3.40791222845463e-21, 3.64070309779928e-21) ph/cm2/s/MeV
2019-07-22T13:01:30:  Intensity at 16488741.0495845 MeV : 2.06101632192746e-21 (1.98482378359564e-21, 2.13720886025927e-21) ph/cm2/s/MeV
2019-07-22T13:01:30:  Intensity at 20908000.2920645 MeV : 1.18662383148217e-21 (1.13508190584213e-21, 1.23816575712221e-21) ph/cm2/s/MeV
2019-07-22T13:01:30:  Intensity at 26511695.1560098 MeV : 6.6981156627804e-22 (6.33860939556314e-22, 7.05762192999765e-22) ph/cm2/s/MeV
2019-07-22T13:01:30:  Intensity at 33617274.2599379 MeV : 3.68720551379149e-22 (3.43299252003127e-22, 3.94141850755172e-22) ph/cm2/s/MeV
2019-07-22T13:01:30:  Intensity at 42627267.7781488 MeV : 1.96619760506259e-22 (1.78814653214843e-22, 2.14424867797675e-22) ph/cm2/s/MeV
2019-07-22T13:01:30:  Intensity at 54052090.7251378 MeV : 1.00702320152808e-22 (8.86175495066258e-23, 1.12787090798991e-22) ph/cm2/s/MeV
2019-07-22T13:01:30:  Intensity at 68538957.9028144 MeV : 4.90048767498861e-23 (4.12053469719164e-23, 5.68044065278559e-23) ph/cm2/s/MeV
2019-07-22T13:01:30:  Intensity at 86908548.5386981 MeV : 2.23497833008046e-23 (1.76471796047675e-23, 2.70523869968417e-23) ph/cm2/s/MeV
2019-07-22T13:01:30:  Intensity at 110201497.662297 MeV : 9.3884222379454e-24 (6.78939532938968e-24, 1.19874491465011e-23) ph/cm2/s/MeV
2019-07-22T13:01:30:  Intensity at 139737347.950364 MeV : 3.55324413541474e-24 (2.26566998909864e-24, 4.84081828173085e-24) ph/cm2/s/MeV
2019-07-22T13:01:30:  Intensity at 177189301.655759 MeV : 1.17823788001503e-24 (6.22077027101693e-25, 1.73439873292836e-24) ph/cm2/s/MeV
2019-07-22T13:01:30: 
2019-07-22T13:01:30: +========================+
2019-07-22T13:01:30: | Save Butterfly diagram |
2019-07-22T13:01:30: +========================+
2019-07-22T13:01:30:  Butterfly file ............: /cta/carli/CPPM_Internship/Simulations_and_Analyses/South_z40_50h/source1a/butterfly_binned.ascii
2019-07-22T13:01:30: 
2019-07-22T13:01:30: Application "ctbutterfly" terminated after 32 wall clock seconds, consuming 32.86 seconds of CPU time.
