2019-07-25T11:56:49: ********************************************************************************
2019-07-25T11:56:49: *                                    cterror                                   *
2019-07-25T11:56:49: * ---------------------------------------------------------------------------- *
2019-07-25T11:56:49: * Version: 1.6.0                                                               *
2019-07-25T11:56:49: ********************************************************************************
2019-07-25T11:56:49: +============+
2019-07-25T11:56:49: | Parameters |
2019-07-25T11:56:49: +============+
2019-07-25T11:56:49:  inobs .....................: /cta/carli/CPPM_Internship/Simulations_and_Analyses/South_z40_50h/source1a/obs_cube.fits
2019-07-25T11:56:49:  inmodel ...................: /cta/carli/CPPM_Internship/Simulations_and_Analyses/South_z40_50h/source1a/obsmodel_binned.xml
2019-07-25T11:56:49:  srcname ...................: source1a
2019-07-25T11:56:49:  expcube ...................: /cta/carli/CPPM_Internship/Simulations_and_Analyses/South_z40_50h/source1a/exposure_cube.fits
2019-07-25T11:56:49:  psfcube ...................: /cta/carli/CPPM_Internship/Simulations_and_Analyses/South_z40_50h/source1a/PSF_cube.fits
2019-07-25T11:56:49:  edispcube .................: /cta/carli/CPPM_Internship/Simulations_and_Analyses/South_z40_50h/source1a/edisp_cube.fits
2019-07-25T11:56:49:  bkgcube ...................: /cta/carli/CPPM_Internship/Simulations_and_Analyses/South_z40_50h/source1a/background_cube.fits
2019-07-25T11:56:49:  caldb .....................: prod3b-v2
2019-07-25T11:56:49:  irf .......................: South_z40_50h
2019-07-25T11:56:49:  edisp .....................: yes
2019-07-25T11:56:49:  outmodel ..................: 
2019-07-25T11:56:49:  confidence ................: 0.95
2019-07-25T11:56:49:  tol .......................: 1e-3
2019-07-25T11:56:49:  statistic .................: DEFAULT
2019-07-25T11:56:49:  like_accuracy .............: 0.005
2019-07-25T11:56:49:  max_iter ..................: 50
2019-07-25T11:56:49:  nthreads ..................: 0
2019-07-25T11:56:49:  chatter ...................: 4
2019-07-25T11:56:49:  clobber ...................: yes
2019-07-25T11:56:49:  debug .....................: no
2019-07-25T11:56:49:  mode ......................: ql
2019-07-25T11:56:49:  logfile ...................: cterror95.log
2019-07-25T11:56:49: 
2019-07-25T11:56:49: +===================+
2019-07-25T11:56:49: | Input observation |
2019-07-25T11:56:49: +===================+
2019-07-25T11:56:49: === GObservations ===
2019-07-25T11:56:49:  Number of observations ....: 1
2019-07-25T11:56:49:  Number of models ..........: 2
2019-07-25T11:56:49:  Number of observed events .: 309307
2019-07-25T11:56:49:  Number of predicted events : 0
2019-07-25T11:56:49: === GCTAObservation ===
2019-07-25T11:56:49:  Name ......................: 
2019-07-25T11:56:49:  Identifier ................: 000001
2019-07-25T11:56:49:  Instrument ................: CTA
2019-07-25T11:56:49:  Event file ................: /cta/carli/CPPM_Internship/Simulations_and_Analyses/South_z40_50h/source1a/obs_cube.fits
2019-07-25T11:56:49:  Event type ................: CountsCube
2019-07-25T11:56:49:  Statistic .................: cstat
2019-07-25T11:56:49:  Ontime ....................: 144000 s
2019-07-25T11:56:49:  Livetime ..................: 141120 s
2019-07-25T11:56:49:  Deadtime correction .......: 0.98
2019-07-25T11:56:49:  User energy range .........: undefined
2019-07-25T11:56:49: === GCTAPointing ===
2019-07-25T11:56:49:  Pointing direction ........: (RA,Dec)=(84.1331,22.0145)
2019-07-25T11:56:49: === GCTAResponseCube ===
2019-07-25T11:56:49:  Energy dispersion .........: Used
2019-07-25T11:56:49: === GCTACubeExposure ===
2019-07-25T11:56:49:  Filename ..................: /cta/carli/CPPM_Internship/Simulations_and_Analyses/South_z40_50h/source1a/exposure_cube.fits
2019-07-25T11:56:49:  Livetime ..................: 141120 sec
2019-07-25T11:56:49: === GEnergies ===
2019-07-25T11:56:49:  Number of energies ........: 33
2019-07-25T11:56:49: === GGti ===
2019-07-25T11:56:49:  Number of intervals .......: 1
2019-07-25T11:56:49:  Ontime ....................: 144000 sec
2019-07-25T11:56:49:  Elapsed time ..............: 144000 sec
2019-07-25T11:56:49:  MJD range .................: 51544.5 - 51546.1666666667 s (TT)
2019-07-25T11:56:49:  UTC range .................: 2000-01-01T11:58:56 - 2000-01-03T03:58:56 s (TT)
2019-07-25T11:56:49:  Reference MJD .............: 51544.5
2019-07-25T11:56:49: === GSkyMap ===
2019-07-25T11:56:49:  Number of pixels ..........: 6400
2019-07-25T11:56:49:  X axis dimension ..........: 80
2019-07-25T11:56:49:  Y axis dimension ..........: 80
2019-07-25T11:56:49:  Number of maps ............: 33
2019-07-25T11:56:49:  Shape of maps .............: (33)
2019-07-25T11:56:49: === GCTACubePsf ===
2019-07-25T11:56:49:  Filename ..................: /cta/carli/CPPM_Internship/Simulations_and_Analyses/South_z40_50h/source1a/PSF_cube.fits
2019-07-25T11:56:49: === GEnergies ===
2019-07-25T11:56:49:  Number of energies ........: 33
2019-07-25T11:56:49:  Number of delta bins ......: 200
2019-07-25T11:56:49:  Delta range ...............: 1.875e-06 - 0.298501875 deg
2019-07-25T11:56:49: === GSkyMap ===
2019-07-25T11:56:49:  Number of pixels ..........: 1
2019-07-25T11:56:49:  X axis dimension ..........: 1
2019-07-25T11:56:49:  Y axis dimension ..........: 1
2019-07-25T11:56:49:  Number of maps ............: 6600
2019-07-25T11:56:49:  Shape of maps .............: (200, 33)
2019-07-25T11:56:49: === GCTACubeEdisp ===
2019-07-25T11:56:49:  Filename ..................: /cta/carli/CPPM_Internship/Simulations_and_Analyses/South_z40_50h/source1a/edisp_cube.fits
2019-07-25T11:56:49: === GEnergies ===
2019-07-25T11:56:49:  Number of energies ........: 33
2019-07-25T11:56:49:  Number of migra bins ......: 100
2019-07-25T11:56:49:  Migra range ...............: 0.02 - 2
2019-07-25T11:56:49: === GSkyMap ===
2019-07-25T11:56:49:  Number of pixels ..........: 1
2019-07-25T11:56:49:  X axis dimension ..........: 1
2019-07-25T11:56:49:  Y axis dimension ..........: 1
2019-07-25T11:56:49:  Number of maps ............: 3300
2019-07-25T11:56:49:  Shape of maps .............: (100, 33)
2019-07-25T11:56:49: === GCTACubeBackground ===
2019-07-25T11:56:49:  Filename ..................: /cta/carli/CPPM_Internship/Simulations_and_Analyses/South_z40_50h/source1a/background_cube.fits
2019-07-25T11:56:49: === GEbounds ===
2019-07-25T11:56:49:  Number of intervals .......: 32
2019-07-25T11:56:49:  Energy range ..............: 100 GeV - 199.526229858398 TeV
2019-07-25T11:56:49: === GSkyMap ===
2019-07-25T11:56:49:  Number of pixels ..........: 6400
2019-07-25T11:56:49:  X axis dimension ..........: 80
2019-07-25T11:56:49:  Y axis dimension ..........: 80
2019-07-25T11:56:49:  Number of maps ............: 32
2019-07-25T11:56:49:  Shape of maps .............: (32)
2019-07-25T11:56:49: === GCTAResponseCache ===
2019-07-25T11:56:49:  Number of cached values ...: 0
2019-07-25T11:56:49: === GCTAEventCube ===
2019-07-25T11:56:49:  Number of events ..........: 309307
2019-07-25T11:56:49:  Number of elements ........: 204800
2019-07-25T11:56:49:  Number of pixels ..........: 6400
2019-07-25T11:56:49:  Number of energy bins .....: 32
2019-07-25T11:56:49:  Time interval .............: 51544.5 - 51546.1666666667 days
2019-07-25T11:56:49:  Pointing ..................: (RA,Dec)=(84.1331,22.0145)
2019-07-25T11:56:49: === GEbounds ===
2019-07-25T11:56:49:  Number of intervals .......: 32
2019-07-25T11:56:49:  Energy range ..............: 100 GeV - 199.526229858398 TeV
2019-07-25T11:56:49: === GSkyMap ===
2019-07-25T11:56:49:  Number of pixels ..........: 6400
2019-07-25T11:56:49:  X axis dimension ..........: 80
2019-07-25T11:56:49:  Y axis dimension ..........: 80
2019-07-25T11:56:49:  Number of maps ............: 32
2019-07-25T11:56:49:  Shape of maps .............: (32)
2019-07-25T11:56:49: === GSkyRegions ===
2019-07-25T11:56:49:  Number of regions .........: 0
2019-07-25T11:56:49: === GModels ===
2019-07-25T11:56:49:  Number of models ..........: 2
2019-07-25T11:56:49:  Number of parameters ......: 11
2019-07-25T11:56:49: === GModelSky ===
2019-07-25T11:56:49:  Name ......................: source1a
2019-07-25T11:56:49:  Instruments ...............: all
2019-07-25T11:56:49:  Test Statistic ............: 15319.97
2019-07-25T11:56:49:  Observation identifiers ...: all
2019-07-25T11:56:49:  Model type ................: PointSource
2019-07-25T11:56:49:  Model components ..........: "PointSource" * "ExponentialCutoffPowerLaw" * "Constant"
2019-07-25T11:56:49:  Number of parameters ......: 7
2019-07-25T11:56:49:  Number of spatial par's ...: 2
2019-07-25T11:56:49:   RA .......................: 83.6331 [-360,360] deg (fixed,scale=1)
2019-07-25T11:56:49:   DEC ......................: 22.0145 [-90,90] deg (fixed,scale=1)
2019-07-25T11:56:49:  Number of spectral par's ..: 4
2019-07-25T11:56:49:   Prefactor ................: 7.67901956274408e-19 [1e-26,1e-16] ph/cm2/s/MeV (fixed,scale=1e-19,gradient)
2019-07-25T11:56:49:   Index ....................: -2.01416195594332 [-0,-5]  (fixed,scale=-1,gradient)
2019-07-25T11:56:49:   CutoffEnergy .............: 59868522.2376241 +/- 10908507.2322528 [100000,10000000000] MeV (free,scale=10000000,gradient)
2019-07-25T11:56:49:   PivotEnergy ..............: 1000000 [10000,1000000000] MeV (fixed,scale=1000000,gradient)
2019-07-25T11:56:49:  Number of temporal par's ..: 1
2019-07-25T11:56:49:   Normalization ............: 1 (relative value) (fixed,scale=1,gradient)
2019-07-25T11:56:49:  Number of scale par's .....: 0
2019-07-25T11:56:49: === GCTAModelCubeBackground ===
2019-07-25T11:56:49:  Name ......................: BackgroundModel
2019-07-25T11:56:49:  Instruments ...............: CTA, HESS, MAGIC, VERITAS
2019-07-25T11:56:49:  Observation identifiers ...: all
2019-07-25T11:56:49:  Model type ................: "PowerLaw" * "Constant"
2019-07-25T11:56:49:  Number of parameters ......: 4
2019-07-25T11:56:49:  Number of spectral par's ..: 3
2019-07-25T11:56:49:   Prefactor ................: 0.992483799804345 [0.01,100] ph/cm2/s/MeV (fixed,scale=1,gradient)
2019-07-25T11:56:49:   Index ....................: -0.00388750702592982 [-5,5]  (fixed,scale=1,gradient)
2019-07-25T11:56:49:   PivotEnergy ..............: 1000000 MeV (fixed,scale=1000000,gradient)
2019-07-25T11:56:49:  Number of temporal par's ..: 1
2019-07-25T11:56:49:   Normalization ............: 1 (relative value) (fixed,scale=1,gradient)
2019-07-25T11:56:49: 
2019-07-25T11:56:49: +=============================+
2019-07-25T11:56:49: | Compute best-fit likelihood |
2019-07-25T11:56:49: +=============================+
2019-07-25T11:58:23: === GOptimizerLM ===
2019-07-25T11:58:23:  Optimized function value ..: -306970.550
2019-07-25T11:58:23:  Absolute precision ........: 0.005
2019-07-25T11:58:23:  Acceptable value decrease .: 2
2019-07-25T11:58:23:  Optimization status .......: converged
2019-07-25T11:58:23:  Number of parameters ......: 11
2019-07-25T11:58:23:  Number of free parameters .: 1
2019-07-25T11:58:23:  Number of iterations ......: 1
2019-07-25T11:58:23:  Lambda ....................: 0.0001
2019-07-25T11:58:23:  Maximum log likelihood ....: -306970.550
2019-07-25T11:58:23: === GModels ===
2019-07-25T11:58:23:  Number of models ..........: 2
2019-07-25T11:58:23:  Number of parameters ......: 11
2019-07-25T11:58:23: === GModelSky ===
2019-07-25T11:58:23:  Name ......................: source1a
2019-07-25T11:58:23:  Instruments ...............: all
2019-07-25T11:58:23:  Test Statistic ............: 15319.97
2019-07-25T11:58:23:  Observation identifiers ...: all
2019-07-25T11:58:23:  Model type ................: PointSource
2019-07-25T11:58:23:  Model components ..........: "PointSource" * "ExponentialCutoffPowerLaw" * "Constant"
2019-07-25T11:58:23:  Number of parameters ......: 7
2019-07-25T11:58:23:  Number of spatial par's ...: 2
2019-07-25T11:58:23:   RA .......................: 83.6331 [-360,360] deg (fixed,scale=1)
2019-07-25T11:58:23:   DEC ......................: 22.0145 [-90,90] deg (fixed,scale=1)
2019-07-25T11:58:23:  Number of spectral par's ..: 4
2019-07-25T11:58:23:   Prefactor ................: 7.67901956274408e-19 [1e-26,1e-16] ph/cm2/s/MeV (fixed,scale=1e-19,gradient)
2019-07-25T11:58:23:   Index ....................: -2.01416195594332 [-0,-5]  (fixed,scale=-1,gradient)
2019-07-25T11:58:23:   CutoffEnergy .............: 59875892.1765313 +/- 7215726.53194619 [100000,10000000000] MeV (free,scale=10000000,gradient)
2019-07-25T11:58:23:   PivotEnergy ..............: 1000000 [10000,1000000000] MeV (fixed,scale=1000000,gradient)
2019-07-25T11:58:23:  Number of temporal par's ..: 1
2019-07-25T11:58:23:   Normalization ............: 1 (relative value) (fixed,scale=1,gradient)
2019-07-25T11:58:23:  Number of scale par's .....: 0
2019-07-25T11:58:23: === GCTAModelCubeBackground ===
2019-07-25T11:58:23:  Name ......................: BackgroundModel
2019-07-25T11:58:23:  Instruments ...............: CTA, HESS, MAGIC, VERITAS
2019-07-25T11:58:23:  Observation identifiers ...: all
2019-07-25T11:58:23:  Model type ................: "PowerLaw" * "Constant"
2019-07-25T11:58:23:  Number of parameters ......: 4
2019-07-25T11:58:23:  Number of spectral par's ..: 3
2019-07-25T11:58:23:   Prefactor ................: 0.992483799804345 [0.01,100] ph/cm2/s/MeV (fixed,scale=1,gradient)
2019-07-25T11:58:23:   Index ....................: -0.00388750702592982 [-5,5]  (fixed,scale=1,gradient)
2019-07-25T11:58:23:   PivotEnergy ..............: 1000000 MeV (fixed,scale=1000000,gradient)
2019-07-25T11:58:23:  Number of temporal par's ..: 1
2019-07-25T11:58:23:   Normalization ............: 1 (relative value) (fixed,scale=1,gradient)
2019-07-25T11:58:23: 
2019-07-25T11:58:23: +==============================================================+
2019-07-25T11:58:23: | Compute error for source "source1a" parameter "CutoffEnergy" |
2019-07-25T11:58:23: +==============================================================+
2019-07-25T11:58:23:  Confidence level ..........: 95 %
2019-07-25T11:58:23:  Log-likelihood difference .: 1.92073
2019-07-25T11:58:23:  Initial factor range ......: [0.01, 13.2033157495993]
2019-07-25T11:58:34:    Iteration 1 .............: [0.01, 5.98758921765313]
2019-07-25T11:58:45:    Iteration 2 .............: [2.99879460882656, 5.98758921765313]
2019-07-25T11:58:55:    Iteration 3 .............: [4.49319191323985, 5.98758921765313]
2019-07-25T11:59:06:    Iteration 4 .............: [4.49319191323985, 5.24039056544649]
2019-07-25T11:59:16:    Iteration 5 .............: [4.49319191323985, 4.86679123934317]
2019-07-25T11:59:27:    Iteration 6 .............: [4.67999157629151, 4.86679123934317]
2019-07-25T11:59:37:    Iteration 7 .............: [4.77339140781734, 4.86679123934317]
2019-07-25T11:59:47:    Iteration 8 .............: [4.77339140781734, 4.82009132358025]
2019-07-25T11:59:58:    Iteration 9 .............: [4.7967413656988, 4.82009132358025]
2019-07-25T12:00:08:    Iteration 10 ............: [4.7967413656988, 4.80841634463953]
2019-07-25T12:00:18:    Iteration 11 ............: [4.7967413656988, 4.80257885516916]
2019-07-25T12:00:28:    Iteration 12 ............: [4.79966011043398, 4.80257885516916]
2019-07-25T12:00:39:    Iteration 13 ............: [4.80111948280157, 4.80257885516916]
2019-07-25T12:00:49:    Iteration 14 ............: [4.80184916898537, 4.80257885516916]
2019-07-25T12:01:00:    Iteration 1 .............: [5.98758921765313, 13.2033157495993]
2019-07-25T12:01:10:    Iteration 2 .............: [5.98758921765313, 9.59545248362623]
2019-07-25T12:01:20:    Iteration 3 .............: [5.98758921765313, 7.79152085063968]
2019-07-25T12:01:30:    Iteration 4 .............: [6.8895550341464, 7.79152085063968]
2019-07-25T12:01:40:    Iteration 5 .............: [7.34053794239304, 7.79152085063968]
2019-07-25T12:01:51:    Iteration 6 .............: [7.56602939651636, 7.79152085063968]
2019-07-25T12:02:01:    Iteration 7 .............: [7.67877512357802, 7.79152085063968]
2019-07-25T12:02:11:    Iteration 8 .............: [7.73514798710885, 7.79152085063968]
2019-07-25T12:02:21:    Iteration 9 .............: [7.76333441887426, 7.79152085063968]
2019-07-25T12:02:31:    Iteration 10 ............: [7.77742763475697, 7.79152085063968]
2019-07-25T12:02:41:    Iteration 11 ............: [7.77742763475697, 7.78447424269832]
2019-07-25T12:02:51:    Iteration 12 ............: [7.78095093872765, 7.78447424269832]
2019-07-25T12:03:00:    Iteration 13 ............: [7.78271259071299, 7.78447424269832]
2019-07-25T12:03:00:  Lower parameter factor ....: 4.80221
2019-07-25T12:03:00:  Upper parameter factor ....: 7.78359
2019-07-25T12:03:00:  Error from curvature ......: 7215726.53194619 MeV
2019-07-25T12:03:00:  Error from profile ........: 14906897.023142 MeV
2019-07-25T12:03:00:  Negative profile error ....: 11853752.0557587 MeV
2019-07-25T12:03:00:  Positive profile error ....: 17960041.9905253 MeV
2019-07-25T12:03:00: 
2019-07-25T12:03:00: +==============+
2019-07-25T12:03:00: | Save results |
2019-07-25T12:03:00: +==============+
2019-07-25T12:03:00:  Model definition file .....: NONE
2019-07-25T12:03:00: 
2019-07-25T12:03:00: Application "cterror" terminated after 371 wall clock seconds, consuming 458.79 seconds of CPU time.
