2019-07-22T16:59:31: ********************************************************************************
2019-07-22T16:59:31: *                                  ctbutterfly                                 *
2019-07-22T16:59:31: * ---------------------------------------------------------------------------- *
2019-07-22T16:59:31: * Version: 1.6.0                                                               *
2019-07-22T16:59:31: ********************************************************************************
2019-07-22T16:59:31: +============+
2019-07-22T16:59:31: | Parameters |
2019-07-22T16:59:31: +============+
2019-07-22T16:59:31:  inobs .....................: /cta/carli/CPPM_Internship/Simulations_and_Analyses/South_z40_50h/source3b/obs_cube.fits
2019-07-22T16:59:31:  inmodel ...................: /cta/carli/CPPM_Internship/Simulations_and_Analyses/South_z40_50h/source3b/obsmodel_binned.xml
2019-07-22T16:59:31:  srcname ...................: source3b
2019-07-22T16:59:31:  expcube ...................: /cta/carli/CPPM_Internship/Simulations_and_Analyses/South_z40_50h/source3b/exposure_cube.fits
2019-07-22T16:59:31:  psfcube ...................: /cta/carli/CPPM_Internship/Simulations_and_Analyses/South_z40_50h/source3b/PSF_cube.fits
2019-07-22T16:59:31:  edispcube .................: /cta/carli/CPPM_Internship/Simulations_and_Analyses/South_z40_50h/source3b/edisp_cube.fits
2019-07-22T16:59:31:  bkgcube ...................: /cta/carli/CPPM_Internship/Simulations_and_Analyses/South_z40_50h/source3b/background_cube.fits
2019-07-22T16:59:31:  caldb .....................: prod3b-v2
2019-07-22T16:59:31:  irf .......................: South_z40_50h
2019-07-22T16:59:31:  edisp .....................: yes
2019-07-22T16:59:31:  outfile ...................: /cta/carli/CPPM_Internship/Simulations_and_Analyses/South_z40_50h/source3b/butterfly_binned.ascii
2019-07-22T16:59:31:  method ....................: GAUSSIAN
2019-07-22T16:59:31:  fit .......................: no
2019-07-22T16:59:31:  confidence ................: 0.68
2019-07-22T16:59:31:  statistic .................: DEFAULT
2019-07-22T16:59:31:  like_accuracy .............: 0.005
2019-07-22T16:59:31:  max_iter ..................: 50
2019-07-22T16:59:31:  matrix ....................: NONE
2019-07-22T16:59:31:  ebinalg ...................: LOG
2019-07-22T16:59:31:  emin ......................: 0.1
2019-07-22T16:59:31:  emax ......................: 199.526229858398
2019-07-22T16:59:31:  enumbins ..................: 32
2019-07-22T16:59:31:  ebinfile ..................: [not queried]
2019-07-22T16:59:31:  chatter ...................: 4
2019-07-22T16:59:31:  clobber ...................: yes
2019-07-22T16:59:31:  debug .....................: no
2019-07-22T16:59:31:  mode ......................: ql
2019-07-22T16:59:31:  logfile ...................: ctbutterfly.log
2019-07-22T16:59:31: 
2019-07-22T16:59:31: +===================+
2019-07-22T16:59:31: | Input observation |
2019-07-22T16:59:31: +===================+
2019-07-22T16:59:31: === GObservations ===
2019-07-22T16:59:31:  Number of observations ....: 1
2019-07-22T16:59:31:  Number of models ..........: 2
2019-07-22T16:59:31:  Number of observed events .: 315149
2019-07-22T16:59:31:  Number of predicted events : 0
2019-07-22T16:59:31: === GCTAObservation ===
2019-07-22T16:59:31:  Name ......................: 
2019-07-22T16:59:31:  Identifier ................: 000001
2019-07-22T16:59:31:  Instrument ................: CTA
2019-07-22T16:59:31:  Event file ................: /cta/carli/CPPM_Internship/Simulations_and_Analyses/South_z40_50h/source3b/obs_cube.fits
2019-07-22T16:59:31:  Event type ................: CountsCube
2019-07-22T16:59:31:  Statistic .................: cstat
2019-07-22T16:59:31:  Ontime ....................: 144000 s
2019-07-22T16:59:31:  Livetime ..................: 141120 s
2019-07-22T16:59:31:  Deadtime correction .......: 0.98
2019-07-22T16:59:31:  User energy range .........: undefined
2019-07-22T16:59:31: === GCTAPointing ===
2019-07-22T16:59:31:  Pointing direction ........: (RA,Dec)=(84.1331,22.0145)
2019-07-22T16:59:31: === GCTAResponseCube ===
2019-07-22T16:59:31:  Energy dispersion .........: Used
2019-07-22T16:59:31: === GCTACubeExposure ===
2019-07-22T16:59:31:  Filename ..................: /cta/carli/CPPM_Internship/Simulations_and_Analyses/South_z40_50h/source3b/exposure_cube.fits
2019-07-22T16:59:31:  Livetime ..................: 141120 sec
2019-07-22T16:59:31: === GEnergies ===
2019-07-22T16:59:31:  Number of energies ........: 33
2019-07-22T16:59:31: === GGti ===
2019-07-22T16:59:31:  Number of intervals .......: 1
2019-07-22T16:59:31:  Ontime ....................: 144000 sec
2019-07-22T16:59:31:  Elapsed time ..............: 144000 sec
2019-07-22T16:59:31:  MJD range .................: 51544.5 - 51546.1666666667 s (TT)
2019-07-22T16:59:31:  UTC range .................: 2000-01-01T11:58:56 - 2000-01-03T03:58:56 s (TT)
2019-07-22T16:59:31:  Reference MJD .............: 51544.5
2019-07-22T16:59:31: === GSkyMap ===
2019-07-22T16:59:31:  Number of pixels ..........: 6400
2019-07-22T16:59:31:  X axis dimension ..........: 80
2019-07-22T16:59:31:  Y axis dimension ..........: 80
2019-07-22T16:59:31:  Number of maps ............: 33
2019-07-22T16:59:31:  Shape of maps .............: (33)
2019-07-22T16:59:31: === GCTACubePsf ===
2019-07-22T16:59:31:  Filename ..................: /cta/carli/CPPM_Internship/Simulations_and_Analyses/South_z40_50h/source3b/PSF_cube.fits
2019-07-22T16:59:31: === GEnergies ===
2019-07-22T16:59:31:  Number of energies ........: 33
2019-07-22T16:59:31:  Number of delta bins ......: 200
2019-07-22T16:59:31:  Delta range ...............: 1.875e-06 - 0.298501875 deg
2019-07-22T16:59:31: === GSkyMap ===
2019-07-22T16:59:31:  Number of pixels ..........: 1
2019-07-22T16:59:31:  X axis dimension ..........: 1
2019-07-22T16:59:31:  Y axis dimension ..........: 1
2019-07-22T16:59:31:  Number of maps ............: 6600
2019-07-22T16:59:31:  Shape of maps .............: (200, 33)
2019-07-22T16:59:31: === GCTACubeEdisp ===
2019-07-22T16:59:31:  Filename ..................: /cta/carli/CPPM_Internship/Simulations_and_Analyses/South_z40_50h/source3b/edisp_cube.fits
2019-07-22T16:59:31: === GEnergies ===
2019-07-22T16:59:31:  Number of energies ........: 33
2019-07-22T16:59:31:  Number of migra bins ......: 100
2019-07-22T16:59:31:  Migra range ...............: 0.02 - 2
2019-07-22T16:59:31: === GSkyMap ===
2019-07-22T16:59:31:  Number of pixels ..........: 1
2019-07-22T16:59:31:  X axis dimension ..........: 1
2019-07-22T16:59:31:  Y axis dimension ..........: 1
2019-07-22T16:59:31:  Number of maps ............: 3300
2019-07-22T16:59:31:  Shape of maps .............: (100, 33)
2019-07-22T16:59:31: === GCTACubeBackground ===
2019-07-22T16:59:31:  Filename ..................: /cta/carli/CPPM_Internship/Simulations_and_Analyses/South_z40_50h/source3b/background_cube.fits
2019-07-22T16:59:31: === GEbounds ===
2019-07-22T16:59:31:  Number of intervals .......: 32
2019-07-22T16:59:31:  Energy range ..............: 100 GeV - 199.526229858398 TeV
2019-07-22T16:59:31: === GSkyMap ===
2019-07-22T16:59:31:  Number of pixels ..........: 6400
2019-07-22T16:59:31:  X axis dimension ..........: 80
2019-07-22T16:59:31:  Y axis dimension ..........: 80
2019-07-22T16:59:31:  Number of maps ............: 32
2019-07-22T16:59:31:  Shape of maps .............: (32)
2019-07-22T16:59:31: === GCTAResponseCache ===
2019-07-22T16:59:31:  Number of cached values ...: 0
2019-07-22T16:59:31: === GCTAEventCube ===
2019-07-22T16:59:31:  Number of events ..........: 315149
2019-07-22T16:59:31:  Number of elements ........: 204800
2019-07-22T16:59:31:  Number of pixels ..........: 6400
2019-07-22T16:59:31:  Number of energy bins .....: 32
2019-07-22T16:59:31:  Time interval .............: 51544.5 - 51546.1666666667 days
2019-07-22T16:59:31:  Pointing ..................: (RA,Dec)=(84.1331,22.0145)
2019-07-22T16:59:31: === GEbounds ===
2019-07-22T16:59:31:  Number of intervals .......: 32
2019-07-22T16:59:31:  Energy range ..............: 100 GeV - 199.526229858398 TeV
2019-07-22T16:59:31: === GSkyMap ===
2019-07-22T16:59:31:  Number of pixels ..........: 6400
2019-07-22T16:59:31:  X axis dimension ..........: 80
2019-07-22T16:59:31:  Y axis dimension ..........: 80
2019-07-22T16:59:31:  Number of maps ............: 32
2019-07-22T16:59:31:  Shape of maps .............: (32)
2019-07-22T16:59:31: === GSkyRegions ===
2019-07-22T16:59:31:  Number of regions .........: 0
2019-07-22T16:59:31: === GModels ===
2019-07-22T16:59:31:  Number of models ..........: 2
2019-07-22T16:59:31:  Number of parameters ......: 11
2019-07-22T16:59:31: === GModelSky ===
2019-07-22T16:59:31:  Name ......................: source3b
2019-07-22T16:59:31:  Instruments ...............: all
2019-07-22T16:59:31:  Test Statistic ............: 42383.741
2019-07-22T16:59:31:  Observation identifiers ...: all
2019-07-22T16:59:31:  Model type ................: PointSource
2019-07-22T16:59:31:  Model components ..........: "PointSource" * "ExponentialCutoffPowerLaw" * "Constant"
2019-07-22T16:59:31:  Number of parameters ......: 7
2019-07-22T16:59:31:  Number of spatial par's ...: 2
2019-07-22T16:59:31:   RA .......................: 83.6331 [-360,360] deg (fixed,scale=1)
2019-07-22T16:59:31:   DEC ......................: 22.0145 [-90,90] deg (fixed,scale=1)
2019-07-22T16:59:31:  Number of spectral par's ..: 4
2019-07-22T16:59:31:   Prefactor ................: 1.51113756685788e-18 +/- 1.77055873280689e-20 [1e-25,1e-15] ph/cm2/s/MeV (free,scale=1e-18,gradient)
2019-07-22T16:59:31:   Index ....................: -2.01609350633751 +/- 0.0101415719876622 [-0,-5]  (free,scale=-1,gradient)
2019-07-22T16:59:31:   CutoffEnergy .............: 2374263057.89256 +/- 6745008282.72069 [1000000,100000000000] MeV (free,scale=100000000,gradient)
2019-07-22T16:59:31:   PivotEnergy ..............: 1000000 [10000,1000000000] MeV (fixed,scale=1000000,gradient)
2019-07-22T16:59:31:  Number of temporal par's ..: 1
2019-07-22T16:59:31:   Normalization ............: 1 (relative value) (fixed,scale=1,gradient)
2019-07-22T16:59:31:  Number of scale par's .....: 0
2019-07-22T16:59:31: === GCTAModelCubeBackground ===
2019-07-22T16:59:31:  Name ......................: BackgroundModel
2019-07-22T16:59:31:  Instruments ...............: CTA, HESS, MAGIC, VERITAS
2019-07-22T16:59:31:  Observation identifiers ...: all
2019-07-22T16:59:31:  Model type ................: "PowerLaw" * "Constant"
2019-07-22T16:59:31:  Number of parameters ......: 4
2019-07-22T16:59:31:  Number of spectral par's ..: 3
2019-07-22T16:59:31:   Prefactor ................: 0.992731319205377 +/- 0.00441356922312436 [0.01,100] ph/cm2/s/MeV (free,scale=1,gradient)
2019-07-22T16:59:31:   Index ....................: -0.00367198728211766 +/- 0.00257147132357289 [-5,5]  (free,scale=1,gradient)
2019-07-22T16:59:31:   PivotEnergy ..............: 1000000 MeV (fixed,scale=1000000,gradient)
2019-07-22T16:59:31:  Number of temporal par's ..: 1
2019-07-22T16:59:31:   Normalization ............: 1 (relative value) (fixed,scale=1,gradient)
2019-07-22T16:59:31: 
2019-07-22T16:59:31: +===========================+
2019-07-22T16:59:31: | Compute covariance matrix |
2019-07-22T16:59:31: +===========================+
2019-07-22T17:00:02: === GMatrixSparse ===
2019-07-22T17:00:02:  Number of rows ............: 11
2019-07-22T17:00:02:  Number of columns .........: 11
2019-07-22T17:00:02:  Number of nonzero elements : 25
2019-07-22T17:00:02:  Number of allocated cells .: 512
2019-07-22T17:00:02:  Memory block size .........: 512
2019-07-22T17:00:02:  Sparse matrix fill ........: 0.206611570247934
2019-07-22T17:00:02:  Pending element ...........: 0
2019-07-22T17:00:02:  Fill stack size ...........: 0 (none)
2019-07-22T17:00:02:  0, 0, 0, 0, 0, 0, 0, 0, 0, 0, 0
2019-07-22T17:00:02:  0, 0, 0, 0, 0, 0, 0, 0, 0, 0, 0
2019-07-22T17:00:02:  0, 0, 3.1348782261182e-40, -5.42273416584761e-25, -3.24434967501391e-11, 0, 0, -2.78421071855792e-24, -4.79963792707506e-25, 0, 0
2019-07-22T17:00:02:  0, 0, -5.42273416584775e-25, 0.000102851482334265, -44419171.9734873, 0, 0, 5.40342204170992e-07, -6.18923030216427e-07, 0, 0
2019-07-22T17:00:02:  0, 0, -3.24434967501391e-11, -44419171.9734873, 4.54951367192445e+19, 0, 0, -47207.1154871793, 261760.189570904, 0, 0
2019-07-22T17:00:02:  0, 0, 0, 0, 0, 0, 0, 0, 0, 0, 0
2019-07-22T17:00:02:  0, 0, 0, 0, 0, 0, 0, 0, 0, 0, 0
2019-07-22T17:00:02:  0, 0, -2.78421071855792e-24, 5.40342204170993e-07, -47207.1154871795, 0, 0, 1.94795932873106e-05, 1.03335570601871e-05, 0, 0
2019-07-22T17:00:02:  0, 0, -4.79963792707507e-25, -6.18923030216426e-07, 261760.189570903, 0, 0, 1.03335570601871e-05, 6.61246476795583e-06, 0, 0
2019-07-22T17:00:02:  0, 0, 0, 0, 0, 0, 0, 0, 0, 0, 0
2019-07-22T17:00:02:  0, 0, 0, 0, 0, 0, 0, 0, 0, 0, 0
2019-07-22T17:00:02: 
2019-07-22T17:00:02: +===============================+
2019-07-22T17:00:02: | Prepare butterfly computation |
2019-07-22T17:00:02: +===============================+
2019-07-22T17:00:02:  Confidence level ..........: 0.68
2019-07-22T17:00:02:  Corresponding scaling .....: 0.994458
2019-07-22T17:00:02: 
2019-07-22T17:00:02: +====================+
2019-07-22T17:00:02: | Generate butterfly |
2019-07-22T17:00:02: +====================+
2019-07-22T17:00:02: 
2019-07-22T17:00:02: +=========+
2019-07-22T17:00:02: | Results |
2019-07-22T17:00:02: +=========+
2019-07-22T17:00:02:  Intensity at 112606.251051226 MeV : 1.23430386705209e-16 (1.20343596103832e-16, 1.26517177306586e-16) ph/cm2/s/MeV
2019-07-22T17:00:02:  Intensity at 142786.615593472 MeV : 7.64727884867594e-17 (7.47192837133797e-17, 7.8226293260139e-17) ph/cm2/s/MeV
2019-07-22T17:00:02:  Intensity at 181055.824186555 MeV : 4.73794793268649e-17 (4.63884204258017e-17, 4.83705382279281e-17) ph/cm2/s/MeV
2019-07-22T17:00:02:  Intensity at 229581.822747338 MeV : 2.93543024669274e-17 (2.8796832120387e-17, 2.99117728134678e-17) ph/cm2/s/MeV
2019-07-22T17:00:02:  Intensity at 291113.603071291 MeV : 1.81865728681546e-17 (1.78741747832874e-17, 1.84989709530219e-17) ph/cm2/s/MeV
2019-07-22T17:00:02:  Intensity at 369136.932876502 MeV : 1.12674840657942e-17 (1.10926967537284e-17, 1.144227137786e-17) ph/cm2/s/MeV
2019-07-22T17:00:02:  Intensity at 468071.824112259 MeV : 6.98070383676514e-18 (6.88266490673273e-18, 7.07874276679755e-18) ph/cm2/s/MeV
2019-07-22T17:00:02:  Intensity at 593522.926087366 MeV : 4.32480592356779e-18 (4.26930844608025e-18, 4.38030340105532e-18) ph/cm2/s/MeV
2019-07-22T17:00:02:  Intensity at 752597.028157849 MeV : 2.67934034172244e-18 (2.64733939731482e-18, 2.71134128613005e-18) ph/cm2/s/MeV
2019-07-22T17:00:02:  Intensity at 954305.65846188 MeV : 1.65989778137534e-18 (1.64091271263004e-18, 1.67888285012064e-18) ph/cm2/s/MeV
2019-07-22T17:00:02:  Intensity at 1210075.58587031 MeV : 1.02831203110748e-18 (1.01664674713885e-18, 1.03997731507611e-18) ph/cm2/s/MeV
2019-07-22T17:00:02:  Intensity at 1534396.14502492 MeV : 6.37024228375914e-19 (6.29605120126318e-19, 6.44443336625509e-19) ph/cm2/s/MeV
2019-07-22T17:00:02:  Intensity at 1945640.05534746 MeV : 3.94612723503344e-19 (3.89765683254149e-19, 3.99459763752538e-19) ph/cm2/s/MeV
2019-07-22T17:00:02:  Intensity at 2467104.23331454 MeV : 2.44436499962655e-19 (2.41217900706534e-19, 2.47655099218775e-19) ph/cm2/s/MeV
2019-07-22T17:00:02:  Intensity at 3128329.55988436 MeV : 1.51403342868464e-19 (1.49251799315746e-19, 1.53554886421183e-19) ph/cm2/s/MeV
2019-07-22T17:00:02:  Intensity at 3966774.36773649 MeV : 9.37718437513951e-20 (9.23339665791322e-20, 9.5209720923658e-20) ph/cm2/s/MeV
2019-07-22T17:00:02:  Intensity at 5029936.45116879 MeV : 5.8072208352675e-20 (5.71156187358951e-20, 5.9028797969455e-20) ph/cm2/s/MeV
2019-07-22T17:00:02:  Intensity at 6378043.81024912 MeV : 3.59593726506712e-20 (3.53272498036187e-20, 3.65914954977237e-20) ph/cm2/s/MeV
2019-07-22T17:00:02:  Intensity at 8087466.55954362 MeV : 2.22633123946434e-20 (2.18486383375633e-20, 2.26779864517235e-20) ph/cm2/s/MeV
2019-07-22T17:00:02:  Intensity at 10255043.285628 MeV : 1.37810925635997e-20 (1.35107369963568e-20, 1.40514481308427e-20) ph/cm2/s/MeV
2019-07-22T17:00:02:  Intensity at 13003566.9409974 MeV : 8.52847250780212e-21 (8.35268661032885e-21, 8.70425840527539e-21) ph/cm2/s/MeV
2019-07-22T17:00:02:  Intensity at 16488741.0495845 MeV : 5.27623476974248e-21 (5.161455232433e-21, 5.39101430705197e-21) ph/cm2/s/MeV
2019-07-22T17:00:02:  Intensity at 20908000.2920645 MeV : 3.26291761638439e-21 (3.18678029005041e-21, 3.33905494271837e-21) ph/cm2/s/MeV
2019-07-22T17:00:02:  Intensity at 26511695.1560098 MeV : 2.01684002580127e-21 (1.96474087845035e-21, 2.06893917315218e-21) ph/cm2/s/MeV
2019-07-22T17:00:02:  Intensity at 33617274.2599379 MeV : 1.2458394350098e-21 (1.20856381549872e-21, 1.28311505452088e-21) ph/cm2/s/MeV
2019-07-22T17:00:02:  Intensity at 42627267.7781488 MeV : 7.68961054526163e-22 (7.40981030054794e-22, 7.96941078997532e-22) ph/cm2/s/MeV
2019-07-22T17:00:02:  Intensity at 54052090.7251378 MeV : 4.74138150159828e-22 (4.52304865423335e-22, 4.95971434896321e-22) ph/cm2/s/MeV
2019-07-22T17:00:02:  Intensity at 68538957.9028144 MeV : 2.91974790505009e-22 (2.74530334403192e-22, 3.09419246606826e-22) ph/cm2/s/MeV
2019-07-22T17:00:02:  Intensity at 86908548.5386981 MeV : 1.7950460383119e-22 (1.65425067165546e-22, 1.93584140496834e-22) ph/cm2/s/MeV
2019-07-22T17:00:02:  Intensity at 110201497.662297 MeV : 1.10129903532534e-22 (9.87540448216769e-23, 1.2150576224339e-22) ph/cm2/s/MeV
2019-07-22T17:00:02:  Intensity at 139737347.950364 MeV : 6.73896172246194e-23 (5.82359152782658e-23, 7.6543319170973e-23) ph/cm2/s/MeV
2019-07-22T17:00:02:  Intensity at 177189301.655759 MeV : 4.10991391865255e-23 (3.37840568362537e-23, 4.84142215367972e-23) ph/cm2/s/MeV
2019-07-22T17:00:02: 
2019-07-22T17:00:02: +========================+
2019-07-22T17:00:02: | Save Butterfly diagram |
2019-07-22T17:00:02: +========================+
2019-07-22T17:00:02:  Butterfly file ............: /cta/carli/CPPM_Internship/Simulations_and_Analyses/South_z40_50h/source3b/butterfly_binned.ascii
2019-07-22T17:00:02: 
2019-07-22T17:00:02: Application "ctbutterfly" terminated after 32 wall clock seconds, consuming 33.3 seconds of CPU time.
