2019-07-25T08:28:33: ********************************************************************************
2019-07-25T08:28:33: *                                    cterror                                   *
2019-07-25T08:28:33: * ---------------------------------------------------------------------------- *
2019-07-25T08:28:33: * Version: 1.6.0                                                               *
2019-07-25T08:28:33: ********************************************************************************
2019-07-25T08:28:33: +============+
2019-07-25T08:28:33: | Parameters |
2019-07-25T08:28:33: +============+
2019-07-25T08:28:33:  inobs .....................: /cta/carli/CPPM_Internship/Simulations_and_Analyses/South_z40_50h/source3b/obs_cube.fits
2019-07-25T08:28:33:  inmodel ...................: /cta/carli/CPPM_Internship/Simulations_and_Analyses/South_z40_50h/source3b/obsmodel_binned.xml
2019-07-25T08:28:33:  srcname ...................: source3b
2019-07-25T08:28:33:  expcube ...................: /cta/carli/CPPM_Internship/Simulations_and_Analyses/South_z40_50h/source3b/exposure_cube.fits
2019-07-25T08:28:33:  psfcube ...................: /cta/carli/CPPM_Internship/Simulations_and_Analyses/South_z40_50h/source3b/PSF_cube.fits
2019-07-25T08:28:33:  edispcube .................: /cta/carli/CPPM_Internship/Simulations_and_Analyses/South_z40_50h/source3b/edisp_cube.fits
2019-07-25T08:28:33:  bkgcube ...................: /cta/carli/CPPM_Internship/Simulations_and_Analyses/South_z40_50h/source3b/background_cube.fits
2019-07-25T08:28:33:  caldb .....................: prod3b-v2
2019-07-25T08:28:33:  irf .......................: South_z40_50h
2019-07-25T08:28:33:  edisp .....................: yes
2019-07-25T08:28:33:  outmodel ..................: 
2019-07-25T08:28:33:  confidence ................: 0.68
2019-07-25T08:28:33:  tol .......................: 1e-3
2019-07-25T08:28:33:  statistic .................: DEFAULT
2019-07-25T08:28:33:  like_accuracy .............: 0.005
2019-07-25T08:28:33:  max_iter ..................: 50
2019-07-25T08:28:33:  nthreads ..................: 0
2019-07-25T08:28:33:  chatter ...................: 4
2019-07-25T08:28:33:  clobber ...................: yes
2019-07-25T08:28:33:  debug .....................: no
2019-07-25T08:28:33:  mode ......................: ql
2019-07-25T08:28:33:  logfile ...................: cterror68.log
2019-07-25T08:28:33: 
2019-07-25T08:28:33: +===================+
2019-07-25T08:28:33: | Input observation |
2019-07-25T08:28:33: +===================+
2019-07-25T08:28:33: === GObservations ===
2019-07-25T08:28:33:  Number of observations ....: 1
2019-07-25T08:28:33:  Number of models ..........: 2
2019-07-25T08:28:33:  Number of observed events .: 315149
2019-07-25T08:28:33:  Number of predicted events : 0
2019-07-25T08:28:33: === GCTAObservation ===
2019-07-25T08:28:33:  Name ......................: 
2019-07-25T08:28:33:  Identifier ................: 000001
2019-07-25T08:28:33:  Instrument ................: CTA
2019-07-25T08:28:33:  Event file ................: /cta/carli/CPPM_Internship/Simulations_and_Analyses/South_z40_50h/source3b/obs_cube.fits
2019-07-25T08:28:33:  Event type ................: CountsCube
2019-07-25T08:28:33:  Statistic .................: cstat
2019-07-25T08:28:33:  Ontime ....................: 144000 s
2019-07-25T08:28:33:  Livetime ..................: 141120 s
2019-07-25T08:28:33:  Deadtime correction .......: 0.98
2019-07-25T08:28:33:  User energy range .........: undefined
2019-07-25T08:28:33: === GCTAPointing ===
2019-07-25T08:28:33:  Pointing direction ........: (RA,Dec)=(84.1331,22.0145)
2019-07-25T08:28:33: === GCTAResponseCube ===
2019-07-25T08:28:33:  Energy dispersion .........: Used
2019-07-25T08:28:33: === GCTACubeExposure ===
2019-07-25T08:28:33:  Filename ..................: /cta/carli/CPPM_Internship/Simulations_and_Analyses/South_z40_50h/source3b/exposure_cube.fits
2019-07-25T08:28:33:  Livetime ..................: 141120 sec
2019-07-25T08:28:33: === GEnergies ===
2019-07-25T08:28:33:  Number of energies ........: 33
2019-07-25T08:28:33: === GGti ===
2019-07-25T08:28:33:  Number of intervals .......: 1
2019-07-25T08:28:33:  Ontime ....................: 144000 sec
2019-07-25T08:28:33:  Elapsed time ..............: 144000 sec
2019-07-25T08:28:33:  MJD range .................: 51544.5 - 51546.1666666667 s (TT)
2019-07-25T08:28:33:  UTC range .................: 2000-01-01T11:58:56 - 2000-01-03T03:58:56 s (TT)
2019-07-25T08:28:33:  Reference MJD .............: 51544.5
2019-07-25T08:28:33: === GSkyMap ===
2019-07-25T08:28:33:  Number of pixels ..........: 6400
2019-07-25T08:28:33:  X axis dimension ..........: 80
2019-07-25T08:28:33:  Y axis dimension ..........: 80
2019-07-25T08:28:33:  Number of maps ............: 33
2019-07-25T08:28:33:  Shape of maps .............: (33)
2019-07-25T08:28:33: === GCTACubePsf ===
2019-07-25T08:28:33:  Filename ..................: /cta/carli/CPPM_Internship/Simulations_and_Analyses/South_z40_50h/source3b/PSF_cube.fits
2019-07-25T08:28:33: === GEnergies ===
2019-07-25T08:28:33:  Number of energies ........: 33
2019-07-25T08:28:33:  Number of delta bins ......: 200
2019-07-25T08:28:33:  Delta range ...............: 1.875e-06 - 0.298501875 deg
2019-07-25T08:28:33: === GSkyMap ===
2019-07-25T08:28:33:  Number of pixels ..........: 1
2019-07-25T08:28:33:  X axis dimension ..........: 1
2019-07-25T08:28:33:  Y axis dimension ..........: 1
2019-07-25T08:28:33:  Number of maps ............: 6600
2019-07-25T08:28:33:  Shape of maps .............: (200, 33)
2019-07-25T08:28:33: === GCTACubeEdisp ===
2019-07-25T08:28:33:  Filename ..................: /cta/carli/CPPM_Internship/Simulations_and_Analyses/South_z40_50h/source3b/edisp_cube.fits
2019-07-25T08:28:33: === GEnergies ===
2019-07-25T08:28:33:  Number of energies ........: 33
2019-07-25T08:28:33:  Number of migra bins ......: 100
2019-07-25T08:28:33:  Migra range ...............: 0.02 - 2
2019-07-25T08:28:33: === GSkyMap ===
2019-07-25T08:28:33:  Number of pixels ..........: 1
2019-07-25T08:28:33:  X axis dimension ..........: 1
2019-07-25T08:28:33:  Y axis dimension ..........: 1
2019-07-25T08:28:33:  Number of maps ............: 3300
2019-07-25T08:28:33:  Shape of maps .............: (100, 33)
2019-07-25T08:28:33: === GCTACubeBackground ===
2019-07-25T08:28:33:  Filename ..................: /cta/carli/CPPM_Internship/Simulations_and_Analyses/South_z40_50h/source3b/background_cube.fits
2019-07-25T08:28:33: === GEbounds ===
2019-07-25T08:28:33:  Number of intervals .......: 32
2019-07-25T08:28:33:  Energy range ..............: 100 GeV - 199.526229858398 TeV
2019-07-25T08:28:33: === GSkyMap ===
2019-07-25T08:28:33:  Number of pixels ..........: 6400
2019-07-25T08:28:33:  X axis dimension ..........: 80
2019-07-25T08:28:33:  Y axis dimension ..........: 80
2019-07-25T08:28:33:  Number of maps ............: 32
2019-07-25T08:28:33:  Shape of maps .............: (32)
2019-07-25T08:28:33: === GCTAResponseCache ===
2019-07-25T08:28:33:  Number of cached values ...: 0
2019-07-25T08:28:33: === GCTAEventCube ===
2019-07-25T08:28:33:  Number of events ..........: 315149
2019-07-25T08:28:33:  Number of elements ........: 204800
2019-07-25T08:28:33:  Number of pixels ..........: 6400
2019-07-25T08:28:33:  Number of energy bins .....: 32
2019-07-25T08:28:33:  Time interval .............: 51544.5 - 51546.1666666667 days
2019-07-25T08:28:33:  Pointing ..................: (RA,Dec)=(84.1331,22.0145)
2019-07-25T08:28:33: === GEbounds ===
2019-07-25T08:28:33:  Number of intervals .......: 32
2019-07-25T08:28:33:  Energy range ..............: 100 GeV - 199.526229858398 TeV
2019-07-25T08:28:33: === GSkyMap ===
2019-07-25T08:28:33:  Number of pixels ..........: 6400
2019-07-25T08:28:33:  X axis dimension ..........: 80
2019-07-25T08:28:33:  Y axis dimension ..........: 80
2019-07-25T08:28:33:  Number of maps ............: 32
2019-07-25T08:28:33:  Shape of maps .............: (32)
2019-07-25T08:28:33: === GSkyRegions ===
2019-07-25T08:28:33:  Number of regions .........: 0
2019-07-25T08:28:33: === GModels ===
2019-07-25T08:28:33:  Number of models ..........: 2
2019-07-25T08:28:33:  Number of parameters ......: 11
2019-07-25T08:28:33: === GModelSky ===
2019-07-25T08:28:33:  Name ......................: source3b
2019-07-25T08:28:33:  Instruments ...............: all
2019-07-25T08:28:33:  Test Statistic ............: 42383.741
2019-07-25T08:28:33:  Observation identifiers ...: all
2019-07-25T08:28:33:  Model type ................: PointSource
2019-07-25T08:28:33:  Model components ..........: "PointSource" * "ExponentialCutoffPowerLaw" * "Constant"
2019-07-25T08:28:33:  Number of parameters ......: 7
2019-07-25T08:28:33:  Number of spatial par's ...: 2
2019-07-25T08:28:33:   RA .......................: 83.6331 [-360,360] deg (fixed,scale=1)
2019-07-25T08:28:33:   DEC ......................: 22.0145 [-90,90] deg (fixed,scale=1)
2019-07-25T08:28:33:  Number of spectral par's ..: 4
2019-07-25T08:28:33:   Prefactor ................: 1.51113756685788e-18 [1e-25,1e-15] ph/cm2/s/MeV (fixed,scale=1e-18,gradient)
2019-07-25T08:28:33:   Index ....................: -2.01609350633751 [-0,-5]  (fixed,scale=-1,gradient)
2019-07-25T08:28:33:   CutoffEnergy .............: 2374263057.89256 +/- 6745008282.72069 [1000000,100000000000] MeV (free,scale=100000000,gradient)
2019-07-25T08:28:33:   PivotEnergy ..............: 1000000 [10000,1000000000] MeV (fixed,scale=1000000,gradient)
2019-07-25T08:28:33:  Number of temporal par's ..: 1
2019-07-25T08:28:33:   Normalization ............: 1 (relative value) (fixed,scale=1,gradient)
2019-07-25T08:28:33:  Number of scale par's .....: 0
2019-07-25T08:28:33: === GCTAModelCubeBackground ===
2019-07-25T08:28:33:  Name ......................: BackgroundModel
2019-07-25T08:28:33:  Instruments ...............: CTA, HESS, MAGIC, VERITAS
2019-07-25T08:28:33:  Observation identifiers ...: all
2019-07-25T08:28:33:  Model type ................: "PowerLaw" * "Constant"
2019-07-25T08:28:33:  Number of parameters ......: 4
2019-07-25T08:28:33:  Number of spectral par's ..: 3
2019-07-25T08:28:33:   Prefactor ................: 0.992731319205377 [0.01,100] ph/cm2/s/MeV (fixed,scale=1,gradient)
2019-07-25T08:28:33:   Index ....................: -0.00367198728211766 [-5,5]  (fixed,scale=1,gradient)
2019-07-25T08:28:33:   PivotEnergy ..............: 1000000 MeV (fixed,scale=1000000,gradient)
2019-07-25T08:28:33:  Number of temporal par's ..: 1
2019-07-25T08:28:33:   Normalization ............: 1 (relative value) (fixed,scale=1,gradient)
2019-07-25T08:28:33: 
2019-07-25T08:28:33: +=============================+
2019-07-25T08:28:33: | Compute best-fit likelihood |
2019-07-25T08:28:33: +=============================+
2019-07-25T08:30:04: === GOptimizerLM ===
2019-07-25T08:30:04:  Optimized function value ..: -320270.379
2019-07-25T08:30:04:  Absolute precision ........: 0.005
2019-07-25T08:30:04:  Acceptable value decrease .: 2
2019-07-25T08:30:04:  Optimization status .......: converged
2019-07-25T08:30:04:  Number of parameters ......: 11
2019-07-25T08:30:04:  Number of free parameters .: 1
2019-07-25T08:30:04:  Number of iterations ......: 1
2019-07-25T08:30:04:  Lambda ....................: 0.0001
2019-07-25T08:30:04:  Maximum log likelihood ....: -320270.379
2019-07-25T08:30:04: === GModels ===
2019-07-25T08:30:04:  Number of models ..........: 2
2019-07-25T08:30:04:  Number of parameters ......: 11
2019-07-25T08:30:04: === GModelSky ===
2019-07-25T08:30:04:  Name ......................: source3b
2019-07-25T08:30:04:  Instruments ...............: all
2019-07-25T08:30:04:  Test Statistic ............: 42383.741
2019-07-25T08:30:04:  Observation identifiers ...: all
2019-07-25T08:30:04:  Model type ................: PointSource
2019-07-25T08:30:04:  Model components ..........: "PointSource" * "ExponentialCutoffPowerLaw" * "Constant"
2019-07-25T08:30:04:  Number of parameters ......: 7
2019-07-25T08:30:04:  Number of spatial par's ...: 2
2019-07-25T08:30:04:   RA .......................: 83.6331 [-360,360] deg (fixed,scale=1)
2019-07-25T08:30:04:   DEC ......................: 22.0145 [-90,90] deg (fixed,scale=1)
2019-07-25T08:30:04:  Number of spectral par's ..: 4
2019-07-25T08:30:04:   Prefactor ................: 1.51113756685788e-18 [1e-25,1e-15] ph/cm2/s/MeV (fixed,scale=1e-18,gradient)
2019-07-25T08:30:04:   Index ....................: -2.01609350633751 [-0,-5]  (fixed,scale=-1,gradient)
2019-07-25T08:30:04:   CutoffEnergy .............: 2420663332.75507 +/- 4974728359.30232 [1000000,100000000000] MeV (free,scale=100000000,gradient)
2019-07-25T08:30:04:   PivotEnergy ..............: 1000000 [10000,1000000000] MeV (fixed,scale=1000000,gradient)
2019-07-25T08:30:04:  Number of temporal par's ..: 1
2019-07-25T08:30:04:   Normalization ............: 1 (relative value) (fixed,scale=1,gradient)
2019-07-25T08:30:04:  Number of scale par's .....: 0
2019-07-25T08:30:04: === GCTAModelCubeBackground ===
2019-07-25T08:30:04:  Name ......................: BackgroundModel
2019-07-25T08:30:04:  Instruments ...............: CTA, HESS, MAGIC, VERITAS
2019-07-25T08:30:04:  Observation identifiers ...: all
2019-07-25T08:30:04:  Model type ................: "PowerLaw" * "Constant"
2019-07-25T08:30:04:  Number of parameters ......: 4
2019-07-25T08:30:04:  Number of spectral par's ..: 3
2019-07-25T08:30:04:   Prefactor ................: 0.992731319205377 [0.01,100] ph/cm2/s/MeV (fixed,scale=1,gradient)
2019-07-25T08:30:04:   Index ....................: -0.00367198728211766 [-5,5]  (fixed,scale=1,gradient)
2019-07-25T08:30:04:   PivotEnergy ..............: 1000000 MeV (fixed,scale=1000000,gradient)
2019-07-25T08:30:04:  Number of temporal par's ..: 1
2019-07-25T08:30:04:   Normalization ............: 1 (relative value) (fixed,scale=1,gradient)
2019-07-25T08:30:04: 
2019-07-25T08:30:04: +==============================================================+
2019-07-25T08:30:04: | Compute error for source "source3b" parameter "CutoffEnergy" |
2019-07-25T08:30:04: +==============================================================+
2019-07-25T08:30:04:  Confidence level ..........: 68 %
2019-07-25T08:30:04:  Log-likelihood difference .: 0.494473
2019-07-25T08:30:04:  Initial factor range ......: [0.01, 521.679469257782]
2019-07-25T08:30:14:    Iteration 1 .............: [0.01, 24.2066333275507]
2019-07-25T08:30:24:    Iteration 2 .............: [0.01, 12.1083166637753]
2019-07-25T08:30:34:    Iteration 3 .............: [6.05915833188767, 12.1083166637753]
2019-07-25T08:30:44:    Iteration 4 .............: [6.05915833188767, 9.0837374978315]
2019-07-25T08:30:54:    Iteration 5 .............: [7.57144791485958, 9.0837374978315]
2019-07-25T08:31:04:    Iteration 6 .............: [7.57144791485958, 8.32759270634554]
2019-07-25T08:31:14:    Iteration 7 .............: [7.57144791485958, 7.94952031060256]
2019-07-25T08:31:25:    Iteration 8 .............: [7.76048411273107, 7.94952031060256]
2019-07-25T08:31:35:    Iteration 9 .............: [7.76048411273107, 7.85500221166682]
2019-07-25T08:31:45:    Iteration 10 ............: [7.80774316219894, 7.85500221166682]
2019-07-25T08:31:55:    Iteration 11 ............: [7.83137268693288, 7.85500221166682]
2019-07-25T08:32:05:    Iteration 1 .............: [24.2066333275507, 521.679469257782]
2019-07-25T08:32:16:    Iteration 2 .............: [272.943051292666, 521.679469257782]
2019-07-25T08:32:26:    Iteration 3 .............: [397.311260275224, 521.679469257782]
2019-07-25T08:32:36:    Iteration 4 .............: [459.495364766503, 521.679469257782]
2019-07-25T08:32:46:    Iteration 5 .............: [490.587417012143, 521.679469257782]
2019-07-25T08:32:57:    Iteration 6 .............: [506.133443134963, 521.679469257782]
2019-07-25T08:33:07:    Iteration 7 .............: [513.906456196372, 521.679469257782]
2019-07-25T08:33:17:    Iteration 8 .............: [517.792962727077, 521.679469257782]
2019-07-25T08:33:28:    Iteration 9 .............: [519.73621599243, 521.679469257782]
2019-07-25T08:33:38:    Iteration 10 ............: [520.707842625106, 521.679469257782]
2019-07-25T08:33:48:    Iteration 11 ............: [521.193655941444, 521.679469257782]
2019-07-25T08:33:58:    Iteration 12 ............: [521.436562599613, 521.679469257782]
2019-07-25T08:34:07:    Iteration 13 ............: [521.558015928698, 521.679469257782]
2019-07-25T08:34:17:    Iteration 14 ............: [521.61874259324, 521.679469257782]
2019-07-25T08:34:27:    Iteration 15 ............: [521.649105925511, 521.679469257782]
2019-07-25T08:34:37:    Iteration 16 ............: [521.664287591647, 521.679469257782]
2019-07-25T08:34:47:    Iteration 17 ............: [521.671878424715, 521.679469257782]
2019-07-25T08:34:57:    Iteration 18 ............: [521.675673841248, 521.679469257782]
2019-07-25T08:35:07:    Iteration 19 ............: [521.677571549515, 521.679469257782]
2019-07-25T08:35:17:    Iteration 20 ............: [521.678520403649, 521.679469257782]
2019-07-25T08:35:27:    Iteration 21 ............: [521.678994830716, 521.679469257782]
2019-07-25T08:35:37:    Iteration 22 ............: [521.679232044249, 521.679469257782]
2019-07-25T08:35:47:    Iteration 23 ............: [521.679350651016, 521.679469257782]
2019-07-25T08:35:58:    Iteration 24 ............: [521.679409954399, 521.679469257782]
2019-07-25T08:36:08:    Iteration 25 ............: [521.679439606091, 521.679469257782]
2019-07-25T08:36:18:    Iteration 26 ............: [521.679454431937, 521.679469257782]
2019-07-25T08:36:28:    Iteration 27 ............: [521.679461844859, 521.679469257782]
2019-07-25T08:36:38:    Iteration 28 ............: [521.679465551321, 521.679469257782]
2019-07-25T08:36:49:    Iteration 29 ............: [521.679467404552, 521.679469257782]
2019-07-25T08:36:59:    Iteration 30 ............: [521.679468331167, 521.679469257782]
2019-07-25T08:36:59:  Lower parameter factor ....: 7.84319
2019-07-25T08:36:59:  Upper parameter factor ....: 521.679
2019-07-25T08:36:59:  Error from curvature ......: 4974728359.30232 MeV
2019-07-25T08:36:59:  Error from profile ........: 25691814067.2587 MeV
2019-07-25T08:36:59:  Negative profile error ....: 1636344587.82508 MeV
2019-07-25T08:36:59:  Positive profile error ....: 49747283546.6924 MeV
2019-07-25T08:36:59: 
2019-07-25T08:36:59: +==============+
2019-07-25T08:36:59: | Save results |
2019-07-25T08:36:59: +==============+
2019-07-25T08:36:59:  Model definition file .....: NONE
2019-07-25T08:36:59: 
2019-07-25T08:36:59: Application "cterror" terminated after 506 wall clock seconds, consuming 638.73 seconds of CPU time.
