2019-07-22T14:11:58: ********************************************************************************
2019-07-22T14:11:58: *                                   csresspec                                  *
2019-07-22T14:11:58: * ---------------------------------------------------------------------------- *
2019-07-22T14:11:58: * Version: 1.6.0                                                               *
2019-07-22T14:11:58: ********************************************************************************
2019-07-22T14:11:58: +============+
2019-07-22T14:11:58: | Parameters |
2019-07-22T14:11:58: +============+
2019-07-22T14:11:58:  inobs .....................: /cta/carli/CPPM_Internship/Simulations_and_Analyses/plus_gradient_AEff_South_z40_50h/source1c/obs_cube.fits
2019-07-22T14:11:58:  inmodel ...................: /cta/carli/CPPM_Internship/Simulations_and_Analyses/plus_gradient_AEff_South_z40_50h/source1c/obsmodel_binned.xml
2019-07-22T14:11:58:  modcube ...................: /cta/carli/CPPM_Internship/Simulations_and_Analyses/plus_gradient_AEff_South_z40_50h/source1c/obsmodel_cube.fits
2019-07-22T14:11:58:  expcube ...................: /cta/carli/CPPM_Internship/Simulations_and_Analyses/plus_gradient_AEff_South_z40_50h/source1c/exposure_cube.fits
2019-07-22T14:11:58:  psfcube ...................: /cta/carli/CPPM_Internship/Simulations_and_Analyses/plus_gradient_AEff_South_z40_50h/source1c/PSF_cube.fits
2019-07-22T14:11:58:  edispcube .................: /cta/carli/CPPM_Internship/Simulations_and_Analyses/plus_gradient_AEff_South_z40_50h/source1c/edisp_cube.fits
2019-07-22T14:11:58:  bkgcube ...................: /cta/carli/CPPM_Internship/Simulations_and_Analyses/plus_gradient_AEff_South_z40_50h/source1c/background_cube.fits
2019-07-22T14:11:58:  caldb .....................: prod3b-v2
2019-07-22T14:11:58:  irf .......................: plus_gradient_AEff_South_z40_50h
2019-07-22T14:11:58:  edisp .....................: yes
2019-07-22T14:11:58:  outfile ...................: /cta/carli/CPPM_Internship/Simulations_and_Analyses/plus_gradient_AEff_South_z40_50h/source1c/residuals_binned.fits
2019-07-22T14:11:58:  statistic .................: DEFAULT
2019-07-22T14:11:58:  components ................: yes
2019-07-22T14:11:58:  ebinalg ...................: LOG
2019-07-22T14:11:58:  emin ......................: 0.1
2019-07-22T14:11:58:  emax ......................: 199.526229858398
2019-07-22T14:11:58:  enumbins ..................: 32
2019-07-22T14:11:58:  ebinfile ..................: [not queried]
2019-07-22T14:11:58:  stack .....................: [not queried]
2019-07-22T14:11:58:  coordsys ..................: [not queried]
2019-07-22T14:11:58:  proj ......................: [not queried]
2019-07-22T14:11:58:  xref ......................: [not queried]
2019-07-22T14:11:58:  yref ......................: [not queried]
2019-07-22T14:11:58:  nxpix .....................: [not queried]
2019-07-22T14:11:58:  nypix .....................: [not queried]
2019-07-22T14:11:58:  binsz .....................: [not queried]
2019-07-22T14:11:58:  mask ......................: no
2019-07-22T14:11:58:  ra ........................: [not queried]
2019-07-22T14:11:58:  dec .......................: [not queried]
2019-07-22T14:11:58:  rad .......................: [not queried]
2019-07-22T14:11:58:  regfile ...................: [not queried]
2019-07-22T14:11:58:  algorithm .................: SUB
2019-07-22T14:11:58:  publish ...................: no
2019-07-22T14:11:58:  chatter ...................: 4
2019-07-22T14:11:58:  clobber ...................: yes
2019-07-22T14:11:58:  debug .....................: no
2019-07-22T14:11:58:  mode ......................: ql
2019-07-22T14:11:58:  logfile ...................: csresspec.log
2019-07-22T14:11:58: 
2019-07-22T14:11:58: +====================+
2019-07-22T14:11:58: | Observation census |
2019-07-22T14:11:58: +====================+
2019-07-22T14:11:58:  Unbinned CTA observations .: 0
2019-07-22T14:11:58:  Binned CTA observations ...: 1
2019-07-22T14:11:58:  On/off CTA observations ...: 0
2019-07-22T14:11:58:  Other observations ........: 0
2019-07-22T14:11:58: 
2019-07-22T14:11:58: +=============+
2019-07-22T14:11:58: | Observation |
2019-07-22T14:11:58: +=============+
2019-07-22T14:11:58: === GObservations ===
2019-07-22T14:11:58:  Number of observations ....: 1
2019-07-22T14:11:58:  Number of models ..........: 2
2019-07-22T14:11:58:  Number of observed events .: 319854
2019-07-22T14:11:58:  Number of predicted events : 0
2019-07-22T14:11:58: === GCTAObservation ===
2019-07-22T14:11:58:  Name ......................: 
2019-07-22T14:11:58:  Identifier ................: 000001
2019-07-22T14:11:58:  Instrument ................: CTA
2019-07-22T14:11:58:  Event file ................: /cta/carli/CPPM_Internship/Simulations_and_Analyses/plus_gradient_AEff_South_z40_50h/source1c/obs_cube.fits
2019-07-22T14:11:58:  Event type ................: CountsCube
2019-07-22T14:11:58:  Statistic .................: cstat
2019-07-22T14:11:58:  Ontime ....................: 144000 s
2019-07-22T14:11:58:  Livetime ..................: 141120 s
2019-07-22T14:11:58:  Deadtime correction .......: 0.98
2019-07-22T14:11:58:  User energy range .........: undefined
2019-07-22T14:11:58: === GCTAPointing ===
2019-07-22T14:11:58:  Pointing direction ........: (RA,Dec)=(84.1331,22.0145)
2019-07-22T14:11:58: === GCTAResponseCube ===
2019-07-22T14:11:58:  Energy dispersion .........: Not used
2019-07-22T14:11:58: === GCTACubeExposure ===
2019-07-22T14:11:58:  Filename ..................: /cta/carli/CPPM_Internship/Simulations_and_Analyses/plus_gradient_AEff_South_z40_50h/source1c/exposure_cube.fits
2019-07-22T14:11:58:  Livetime ..................: 141120 sec
2019-07-22T14:11:58: === GEnergies ===
2019-07-22T14:11:58:  Number of energies ........: 33
2019-07-22T14:11:58: === GGti ===
2019-07-22T14:11:58:  Number of intervals .......: 1
2019-07-22T14:11:58:  Ontime ....................: 144000 sec
2019-07-22T14:11:58:  Elapsed time ..............: 144000 sec
2019-07-22T14:11:58:  MJD range .................: 51544.5 - 51546.1666666667 s (TT)
2019-07-22T14:11:58:  UTC range .................: 2000-01-01T11:58:56 - 2000-01-03T03:58:56 s (TT)
2019-07-22T14:11:58:  Reference MJD .............: 51544.5
2019-07-22T14:11:58: === GSkyMap ===
2019-07-22T14:11:58:  Number of pixels ..........: 6400
2019-07-22T14:11:58:  X axis dimension ..........: 80
2019-07-22T14:11:58:  Y axis dimension ..........: 80
2019-07-22T14:11:58:  Number of maps ............: 33
2019-07-22T14:11:58:  Shape of maps .............: (33)
2019-07-22T14:11:58: === GCTACubePsf ===
2019-07-22T14:11:58:  Filename ..................: /cta/carli/CPPM_Internship/Simulations_and_Analyses/plus_gradient_AEff_South_z40_50h/source1c/PSF_cube.fits
2019-07-22T14:11:58: === GEnergies ===
2019-07-22T14:11:58:  Number of energies ........: 33
2019-07-22T14:11:58:  Number of delta bins ......: 200
2019-07-22T14:11:58:  Delta range ...............: 1.875e-06 - 0.298501875 deg
2019-07-22T14:11:58: === GSkyMap ===
2019-07-22T14:11:58:  Number of pixels ..........: 1
2019-07-22T14:11:58:  X axis dimension ..........: 1
2019-07-22T14:11:58:  Y axis dimension ..........: 1
2019-07-22T14:11:58:  Number of maps ............: 6600
2019-07-22T14:11:58:  Shape of maps .............: (200, 33)
2019-07-22T14:11:58: === GCTACubeEdisp ===
2019-07-22T14:11:58:  Filename ..................: /cta/carli/CPPM_Internship/Simulations_and_Analyses/plus_gradient_AEff_South_z40_50h/source1c/edisp_cube.fits
2019-07-22T14:11:58: === GEnergies ===
2019-07-22T14:11:58:  Number of energies ........: 33
2019-07-22T14:11:58:  Number of migra bins ......: 100
2019-07-22T14:11:58:  Migra range ...............: 0.02 - 2
2019-07-22T14:11:58: === GSkyMap ===
2019-07-22T14:11:58:  Number of pixels ..........: 1
2019-07-22T14:11:58:  X axis dimension ..........: 1
2019-07-22T14:11:58:  Y axis dimension ..........: 1
2019-07-22T14:11:58:  Number of maps ............: 3300
2019-07-22T14:11:58:  Shape of maps .............: (100, 33)
2019-07-22T14:11:58: === GCTACubeBackground ===
2019-07-22T14:11:58:  Filename ..................: /cta/carli/CPPM_Internship/Simulations_and_Analyses/plus_gradient_AEff_South_z40_50h/source1c/background_cube.fits
2019-07-22T14:11:58: === GEbounds ===
2019-07-22T14:11:58:  Number of intervals .......: 32
2019-07-22T14:11:58:  Energy range ..............: 100 GeV - 199.526229858398 TeV
2019-07-22T14:11:58: === GSkyMap ===
2019-07-22T14:11:58:  Number of pixels ..........: 6400
2019-07-22T14:11:58:  X axis dimension ..........: 80
2019-07-22T14:11:58:  Y axis dimension ..........: 80
2019-07-22T14:11:58:  Number of maps ............: 32
2019-07-22T14:11:58:  Shape of maps .............: (32)
2019-07-22T14:11:58: === GCTAResponseCache ===
2019-07-22T14:11:58:  Number of cached values ...: 0
2019-07-22T14:11:58: === GCTAEventCube ===
2019-07-22T14:11:58:  Number of events ..........: 319854
2019-07-22T14:11:58:  Number of elements ........: 204800
2019-07-22T14:11:58:  Number of pixels ..........: 6400
2019-07-22T14:11:58:  Number of energy bins .....: 32
2019-07-22T14:11:58:  Time interval .............: 51544.5 - 51546.1666666667 days
2019-07-22T14:11:58:  Pointing ..................: (RA,Dec)=(84.1331,22.0145)
2019-07-22T14:11:58: === GEbounds ===
2019-07-22T14:11:58:  Number of intervals .......: 32
2019-07-22T14:11:58:  Energy range ..............: 100 GeV - 199.526229858398 TeV
2019-07-22T14:11:58: === GSkyMap ===
2019-07-22T14:11:58:  Number of pixels ..........: 6400
2019-07-22T14:11:58:  X axis dimension ..........: 80
2019-07-22T14:11:58:  Y axis dimension ..........: 80
2019-07-22T14:11:58:  Number of maps ............: 32
2019-07-22T14:11:58:  Shape of maps .............: (32)
2019-07-22T14:11:58: === GSkyRegions ===
2019-07-22T14:11:58:  Number of regions .........: 0
2019-07-22T14:11:58: === GModels ===
2019-07-22T14:11:58:  Number of models ..........: 2
2019-07-22T14:11:58:  Number of parameters ......: 11
2019-07-22T14:11:58: === GModelSky ===
2019-07-22T14:11:58:  Name ......................: source1c
2019-07-22T14:11:58:  Instruments ...............: all
2019-07-22T14:11:58:  Test Statistic ............: 63892.42
2019-07-22T14:11:58:  Observation identifiers ...: all
2019-07-22T14:11:58:  Model type ................: PointSource
2019-07-22T14:11:58:  Model components ..........: "PointSource" * "ExponentialCutoffPowerLaw" * "Constant"
2019-07-22T14:11:58:  Number of parameters ......: 7
2019-07-22T14:11:58:  Number of spatial par's ...: 2
2019-07-22T14:11:58:   RA .......................: 83.6331 [-360,360] deg (fixed,scale=1)
2019-07-22T14:11:58:   DEC ......................: 22.0145 [-90,90] deg (fixed,scale=1)
2019-07-22T14:11:58:  Number of spectral par's ..: 4
2019-07-22T14:11:58:   Prefactor ................: 2.27043997821828e-18 +/- 2.28716531973599e-20 [1e-25,1e-15] ph/cm2/s/MeV (free,scale=1e-18,gradient)
2019-07-22T14:11:58:   Index ....................: -2.00250367349404 +/- 0.00920246903693354 [-0,-5]  (free,scale=-1,gradient)
2019-07-22T14:11:58:   CutoffEnergy .............: 54452880.9002487 +/- 5123973.76496994 [100000,10000000000] MeV (free,scale=10000000,gradient)
2019-07-22T14:11:58:   PivotEnergy ..............: 1000000 [10000,1000000000] MeV (fixed,scale=1000000,gradient)
2019-07-22T14:11:58:  Number of temporal par's ..: 1
2019-07-22T14:11:58:   Normalization ............: 1 (relative value) (fixed,scale=1,gradient)
2019-07-22T14:11:58:  Number of scale par's .....: 0
2019-07-22T14:11:58: === GCTAModelCubeBackground ===
2019-07-22T14:11:58:  Name ......................: BackgroundModel
2019-07-22T14:11:58:  Instruments ...............: CTA, HESS, MAGIC, VERITAS
2019-07-22T14:11:58:  Observation identifiers ...: all
2019-07-22T14:11:58:  Model type ................: "PowerLaw" * "Constant"
2019-07-22T14:11:58:  Number of parameters ......: 4
2019-07-22T14:11:58:  Number of spectral par's ..: 3
2019-07-22T14:11:58:   Prefactor ................: 0.992480037086028 +/- 0.00441555740733977 [0.01,100] ph/cm2/s/MeV (free,scale=1,gradient)
2019-07-22T14:11:58:   Index ....................: -0.00386083543133357 +/- 0.00257388347143822 [-5,5]  (free,scale=1,gradient)
2019-07-22T14:11:58:   PivotEnergy ..............: 1000000 MeV (fixed,scale=1000000,gradient)
2019-07-22T14:11:58:  Number of temporal par's ..: 1
2019-07-22T14:11:58:   Normalization ............: 1 (relative value) (fixed,scale=1,gradient)
2019-07-22T14:11:58: 
2019-07-22T14:11:58: +=========================+
2019-07-22T14:11:58: | Processing Observations |
2019-07-22T14:11:58: +=========================+
2019-07-22T14:11:58: Computing model cube
2019-07-22T14:12:05: Computing counts, model, and residual spectra
2019-07-22T14:12:05:  Computing model component .: source1c
2019-07-22T14:12:09:  Computing model component .: BackgroundModel
2019-07-22T14:12:10: Filling residual table
2019-07-22T14:12:10: 
2019-07-22T14:12:10: +================+
2019-07-22T14:12:10: | Save residuals |
2019-07-22T14:12:10: +================+
2019-07-22T14:12:10:  Residuals file ............: /cta/carli/CPPM_Internship/Simulations_and_Analyses/plus_gradient_AEff_South_z40_50h/source1c/residuals_binned.fits
2019-07-22T14:12:10: 
2019-07-22T14:12:10: Application "csresspec" terminated after 12 wall clock seconds, consuming 13.94 seconds of CPU time.
