2019-07-22T14:11:17: ********************************************************************************
2019-07-22T14:11:17: *                                  ctbutterfly                                 *
2019-07-22T14:11:17: * ---------------------------------------------------------------------------- *
2019-07-22T14:11:17: * Version: 1.6.0                                                               *
2019-07-22T14:11:17: ********************************************************************************
2019-07-22T14:11:17: +============+
2019-07-22T14:11:17: | Parameters |
2019-07-22T14:11:17: +============+
2019-07-22T14:11:17:  inobs .....................: /cta/carli/CPPM_Internship/Simulations_and_Analyses/plus_gradient_AEff_South_z40_50h/source1c/obs_cube.fits
2019-07-22T14:11:17:  inmodel ...................: /cta/carli/CPPM_Internship/Simulations_and_Analyses/plus_gradient_AEff_South_z40_50h/source1c/obsmodel_binned.xml
2019-07-22T14:11:17:  srcname ...................: source1c
2019-07-22T14:11:17:  expcube ...................: /cta/carli/CPPM_Internship/Simulations_and_Analyses/plus_gradient_AEff_South_z40_50h/source1c/exposure_cube.fits
2019-07-22T14:11:17:  psfcube ...................: /cta/carli/CPPM_Internship/Simulations_and_Analyses/plus_gradient_AEff_South_z40_50h/source1c/PSF_cube.fits
2019-07-22T14:11:17:  edispcube .................: /cta/carli/CPPM_Internship/Simulations_and_Analyses/plus_gradient_AEff_South_z40_50h/source1c/edisp_cube.fits
2019-07-22T14:11:17:  bkgcube ...................: /cta/carli/CPPM_Internship/Simulations_and_Analyses/plus_gradient_AEff_South_z40_50h/source1c/background_cube.fits
2019-07-22T14:11:17:  caldb .....................: prod3b-v2
2019-07-22T14:11:17:  irf .......................: plus_gradient_AEff_South_z40_50h
2019-07-22T14:11:17:  edisp .....................: yes
2019-07-22T14:11:17:  outfile ...................: /cta/carli/CPPM_Internship/Simulations_and_Analyses/plus_gradient_AEff_South_z40_50h/source1c/butterfly_binned.ascii
2019-07-22T14:11:17:  method ....................: GAUSSIAN
2019-07-22T14:11:17:  fit .......................: no
2019-07-22T14:11:17:  confidence ................: 0.68
2019-07-22T14:11:17:  statistic .................: DEFAULT
2019-07-22T14:11:17:  like_accuracy .............: 0.005
2019-07-22T14:11:17:  max_iter ..................: 50
2019-07-22T14:11:17:  matrix ....................: NONE
2019-07-22T14:11:17:  ebinalg ...................: LOG
2019-07-22T14:11:17:  emin ......................: 0.1
2019-07-22T14:11:17:  emax ......................: 199.526229858398
2019-07-22T14:11:17:  enumbins ..................: 32
2019-07-22T14:11:17:  ebinfile ..................: [not queried]
2019-07-22T14:11:17:  chatter ...................: 4
2019-07-22T14:11:17:  clobber ...................: yes
2019-07-22T14:11:17:  debug .....................: no
2019-07-22T14:11:17:  mode ......................: ql
2019-07-22T14:11:17:  logfile ...................: ctbutterfly.log
2019-07-22T14:11:17: 
2019-07-22T14:11:17: +===================+
2019-07-22T14:11:17: | Input observation |
2019-07-22T14:11:17: +===================+
2019-07-22T14:11:17: === GObservations ===
2019-07-22T14:11:17:  Number of observations ....: 1
2019-07-22T14:11:17:  Number of models ..........: 2
2019-07-22T14:11:17:  Number of observed events .: 319854
2019-07-22T14:11:17:  Number of predicted events : 0
2019-07-22T14:11:17: === GCTAObservation ===
2019-07-22T14:11:17:  Name ......................: 
2019-07-22T14:11:17:  Identifier ................: 000001
2019-07-22T14:11:17:  Instrument ................: CTA
2019-07-22T14:11:17:  Event file ................: /cta/carli/CPPM_Internship/Simulations_and_Analyses/plus_gradient_AEff_South_z40_50h/source1c/obs_cube.fits
2019-07-22T14:11:17:  Event type ................: CountsCube
2019-07-22T14:11:17:  Statistic .................: cstat
2019-07-22T14:11:17:  Ontime ....................: 144000 s
2019-07-22T14:11:17:  Livetime ..................: 141120 s
2019-07-22T14:11:17:  Deadtime correction .......: 0.98
2019-07-22T14:11:17:  User energy range .........: undefined
2019-07-22T14:11:17: === GCTAPointing ===
2019-07-22T14:11:17:  Pointing direction ........: (RA,Dec)=(84.1331,22.0145)
2019-07-22T14:11:17: === GCTAResponseCube ===
2019-07-22T14:11:17:  Energy dispersion .........: Used
2019-07-22T14:11:17: === GCTACubeExposure ===
2019-07-22T14:11:17:  Filename ..................: /cta/carli/CPPM_Internship/Simulations_and_Analyses/plus_gradient_AEff_South_z40_50h/source1c/exposure_cube.fits
2019-07-22T14:11:17:  Livetime ..................: 141120 sec
2019-07-22T14:11:17: === GEnergies ===
2019-07-22T14:11:17:  Number of energies ........: 33
2019-07-22T14:11:17: === GGti ===
2019-07-22T14:11:17:  Number of intervals .......: 1
2019-07-22T14:11:17:  Ontime ....................: 144000 sec
2019-07-22T14:11:17:  Elapsed time ..............: 144000 sec
2019-07-22T14:11:17:  MJD range .................: 51544.5 - 51546.1666666667 s (TT)
2019-07-22T14:11:17:  UTC range .................: 2000-01-01T11:58:56 - 2000-01-03T03:58:56 s (TT)
2019-07-22T14:11:17:  Reference MJD .............: 51544.5
2019-07-22T14:11:17: === GSkyMap ===
2019-07-22T14:11:17:  Number of pixels ..........: 6400
2019-07-22T14:11:17:  X axis dimension ..........: 80
2019-07-22T14:11:17:  Y axis dimension ..........: 80
2019-07-22T14:11:17:  Number of maps ............: 33
2019-07-22T14:11:17:  Shape of maps .............: (33)
2019-07-22T14:11:17: === GCTACubePsf ===
2019-07-22T14:11:17:  Filename ..................: /cta/carli/CPPM_Internship/Simulations_and_Analyses/plus_gradient_AEff_South_z40_50h/source1c/PSF_cube.fits
2019-07-22T14:11:17: === GEnergies ===
2019-07-22T14:11:17:  Number of energies ........: 33
2019-07-22T14:11:17:  Number of delta bins ......: 200
2019-07-22T14:11:17:  Delta range ...............: 1.875e-06 - 0.298501875 deg
2019-07-22T14:11:17: === GSkyMap ===
2019-07-22T14:11:17:  Number of pixels ..........: 1
2019-07-22T14:11:17:  X axis dimension ..........: 1
2019-07-22T14:11:17:  Y axis dimension ..........: 1
2019-07-22T14:11:17:  Number of maps ............: 6600
2019-07-22T14:11:17:  Shape of maps .............: (200, 33)
2019-07-22T14:11:17: === GCTACubeEdisp ===
2019-07-22T14:11:17:  Filename ..................: /cta/carli/CPPM_Internship/Simulations_and_Analyses/plus_gradient_AEff_South_z40_50h/source1c/edisp_cube.fits
2019-07-22T14:11:17: === GEnergies ===
2019-07-22T14:11:17:  Number of energies ........: 33
2019-07-22T14:11:17:  Number of migra bins ......: 100
2019-07-22T14:11:17:  Migra range ...............: 0.02 - 2
2019-07-22T14:11:17: === GSkyMap ===
2019-07-22T14:11:17:  Number of pixels ..........: 1
2019-07-22T14:11:17:  X axis dimension ..........: 1
2019-07-22T14:11:17:  Y axis dimension ..........: 1
2019-07-22T14:11:17:  Number of maps ............: 3300
2019-07-22T14:11:17:  Shape of maps .............: (100, 33)
2019-07-22T14:11:17: === GCTACubeBackground ===
2019-07-22T14:11:17:  Filename ..................: /cta/carli/CPPM_Internship/Simulations_and_Analyses/plus_gradient_AEff_South_z40_50h/source1c/background_cube.fits
2019-07-22T14:11:17: === GEbounds ===
2019-07-22T14:11:17:  Number of intervals .......: 32
2019-07-22T14:11:17:  Energy range ..............: 100 GeV - 199.526229858398 TeV
2019-07-22T14:11:17: === GSkyMap ===
2019-07-22T14:11:17:  Number of pixels ..........: 6400
2019-07-22T14:11:17:  X axis dimension ..........: 80
2019-07-22T14:11:17:  Y axis dimension ..........: 80
2019-07-22T14:11:17:  Number of maps ............: 32
2019-07-22T14:11:17:  Shape of maps .............: (32)
2019-07-22T14:11:17: === GCTAResponseCache ===
2019-07-22T14:11:17:  Number of cached values ...: 0
2019-07-22T14:11:17: === GCTAEventCube ===
2019-07-22T14:11:17:  Number of events ..........: 319854
2019-07-22T14:11:17:  Number of elements ........: 204800
2019-07-22T14:11:17:  Number of pixels ..........: 6400
2019-07-22T14:11:17:  Number of energy bins .....: 32
2019-07-22T14:11:17:  Time interval .............: 51544.5 - 51546.1666666667 days
2019-07-22T14:11:17:  Pointing ..................: (RA,Dec)=(84.1331,22.0145)
2019-07-22T14:11:17: === GEbounds ===
2019-07-22T14:11:17:  Number of intervals .......: 32
2019-07-22T14:11:17:  Energy range ..............: 100 GeV - 199.526229858398 TeV
2019-07-22T14:11:17: === GSkyMap ===
2019-07-22T14:11:17:  Number of pixels ..........: 6400
2019-07-22T14:11:17:  X axis dimension ..........: 80
2019-07-22T14:11:17:  Y axis dimension ..........: 80
2019-07-22T14:11:17:  Number of maps ............: 32
2019-07-22T14:11:17:  Shape of maps .............: (32)
2019-07-22T14:11:17: === GSkyRegions ===
2019-07-22T14:11:17:  Number of regions .........: 0
2019-07-22T14:11:17: === GModels ===
2019-07-22T14:11:17:  Number of models ..........: 2
2019-07-22T14:11:17:  Number of parameters ......: 11
2019-07-22T14:11:17: === GModelSky ===
2019-07-22T14:11:17:  Name ......................: source1c
2019-07-22T14:11:17:  Instruments ...............: all
2019-07-22T14:11:17:  Test Statistic ............: 63892.42
2019-07-22T14:11:17:  Observation identifiers ...: all
2019-07-22T14:11:17:  Model type ................: PointSource
2019-07-22T14:11:17:  Model components ..........: "PointSource" * "ExponentialCutoffPowerLaw" * "Constant"
2019-07-22T14:11:17:  Number of parameters ......: 7
2019-07-22T14:11:17:  Number of spatial par's ...: 2
2019-07-22T14:11:17:   RA .......................: 83.6331 [-360,360] deg (fixed,scale=1)
2019-07-22T14:11:17:   DEC ......................: 22.0145 [-90,90] deg (fixed,scale=1)
2019-07-22T14:11:17:  Number of spectral par's ..: 4
2019-07-22T14:11:17:   Prefactor ................: 2.27043997821828e-18 +/- 2.28716531973599e-20 [1e-25,1e-15] ph/cm2/s/MeV (free,scale=1e-18,gradient)
2019-07-22T14:11:17:   Index ....................: -2.00250367349404 +/- 0.00920246903693354 [-0,-5]  (free,scale=-1,gradient)
2019-07-22T14:11:17:   CutoffEnergy .............: 54452880.9002487 +/- 5123973.76496994 [100000,10000000000] MeV (free,scale=10000000,gradient)
2019-07-22T14:11:17:   PivotEnergy ..............: 1000000 [10000,1000000000] MeV (fixed,scale=1000000,gradient)
2019-07-22T14:11:17:  Number of temporal par's ..: 1
2019-07-22T14:11:17:   Normalization ............: 1 (relative value) (fixed,scale=1,gradient)
2019-07-22T14:11:17:  Number of scale par's .....: 0
2019-07-22T14:11:17: === GCTAModelCubeBackground ===
2019-07-22T14:11:17:  Name ......................: BackgroundModel
2019-07-22T14:11:17:  Instruments ...............: CTA, HESS, MAGIC, VERITAS
2019-07-22T14:11:17:  Observation identifiers ...: all
2019-07-22T14:11:17:  Model type ................: "PowerLaw" * "Constant"
2019-07-22T14:11:17:  Number of parameters ......: 4
2019-07-22T14:11:17:  Number of spectral par's ..: 3
2019-07-22T14:11:17:   Prefactor ................: 0.992480037086028 +/- 0.00441555740733977 [0.01,100] ph/cm2/s/MeV (free,scale=1,gradient)
2019-07-22T14:11:17:   Index ....................: -0.00386083543133357 +/- 0.00257388347143822 [-5,5]  (free,scale=1,gradient)
2019-07-22T14:11:17:   PivotEnergy ..............: 1000000 MeV (fixed,scale=1000000,gradient)
2019-07-22T14:11:17:  Number of temporal par's ..: 1
2019-07-22T14:11:17:   Normalization ............: 1 (relative value) (fixed,scale=1,gradient)
2019-07-22T14:11:17: 
2019-07-22T14:11:17: +===========================+
2019-07-22T14:11:17: | Compute covariance matrix |
2019-07-22T14:11:17: +===========================+
2019-07-22T14:11:50: === GMatrixSparse ===
2019-07-22T14:11:50:  Number of rows ............: 11
2019-07-22T14:11:50:  Number of columns .........: 11
2019-07-22T14:11:50:  Number of nonzero elements : 25
2019-07-22T14:11:50:  Number of allocated cells .: 512
2019-07-22T14:11:50:  Memory block size .........: 512
2019-07-22T14:11:50:  Sparse matrix fill ........: 0.206611570247934
2019-07-22T14:11:50:  Pending element ...........: 0
2019-07-22T14:11:50:  Fill stack size ...........: 0 (none)
2019-07-22T14:11:50:  0, 0, 0, 0, 0, 0, 0, 0, 0, 0, 0
2019-07-22T14:11:50:  0, 0, 0, 0, 0, 0, 0, 0, 0, 0, 0
2019-07-22T14:11:50:  0, 0, 5.23112519980316e-40, 4.16419935362057e-23, -5.06737182087073e-14, 0, 0, -3.08914398197402e-24, -7.12431687316614e-25, 0, 0
2019-07-22T14:11:50:  0, 0, 4.16419935362057e-23, 8.46854363755494e-05, -31734.4868026936, 0, 0, 2.97394944378787e-07, -6.81756829477112e-07, 0, 0
2019-07-22T14:11:50:  0, 0, -5.06737182087073e-14, -31734.4868026936, 26255107143947.4, 0, 0, 18.7135332993448, 232.07170165898, 0, 0
2019-07-22T14:11:50:  0, 0, 0, 0, 0, 0, 0, 0, 0, 0, 0
2019-07-22T14:11:50:  0, 0, 0, 0, 0, 0, 0, 0, 0, 0, 0
2019-07-22T14:11:50:  0, 0, -3.08914398197403e-24, 2.97394944378789e-07, 18.7135332993442, 0, 0, 1.94971472175128e-05, 1.03468026632685e-05, 0, 0
2019-07-22T14:11:50:  0, 0, -7.12431687316615e-25, -6.81756829477112e-07, 232.07170165898, 0, 0, 1.03468026632685e-05, 6.6248761245432e-06, 0, 0
2019-07-22T14:11:50:  0, 0, 0, 0, 0, 0, 0, 0, 0, 0, 0
2019-07-22T14:11:50:  0, 0, 0, 0, 0, 0, 0, 0, 0, 0, 0
2019-07-22T14:11:50: 
2019-07-22T14:11:50: +===============================+
2019-07-22T14:11:50: | Prepare butterfly computation |
2019-07-22T14:11:50: +===============================+
2019-07-22T14:11:50:  Confidence level ..........: 0.68
2019-07-22T14:11:50:  Corresponding scaling .....: 0.994458
2019-07-22T14:11:50: 
2019-07-22T14:11:50: +====================+
2019-07-22T14:11:50: | Generate butterfly |
2019-07-22T14:11:50: +====================+
2019-07-22T14:11:50: 
2019-07-22T14:11:50: +=========+
2019-07-22T14:11:50: | Results |
2019-07-22T14:11:50: +=========+
2019-07-22T14:11:50:  Intensity at 112606.251051226 MeV : 1.79664180434562e-16 (1.75964137617836e-16, 1.83364223251288e-16) ph/cm2/s/MeV
2019-07-22T14:11:50:  Intensity at 142786.615593472 MeV : 1.1161244012113e-16 (1.09521829705254e-16, 1.13703050537006e-16) ph/cm2/s/MeV
2019-07-22T14:11:50:  Intensity at 181055.824186555 MeV : 6.93264867253217e-17 (6.8152216999377e-17, 7.05007564512665e-17) ph/cm2/s/MeV
2019-07-22T14:11:50:  Intensity at 229581.822747338 MeV : 4.30530552784891e-17 (4.23969967872193e-17, 4.37091137697589e-17) ph/cm2/s/MeV
2019-07-22T14:11:50:  Intensity at 291113.603071291 MeV : 2.67303738427797e-17 (2.6365183835091e-17, 2.70955638504684e-17) ph/cm2/s/MeV
2019-07-22T14:11:50:  Intensity at 369136.932876502 MeV : 1.65910762245267e-17 (1.63878254531505e-17, 1.6794326995903e-17) ph/cm2/s/MeV
2019-07-22T14:11:50:  Intensity at 468071.824112259 MeV : 1.02938373601348e-17 (1.01800068542263e-17, 1.04076678660433e-17) ph/cm2/s/MeV
2019-07-22T14:11:50:  Intensity at 593522.926087366 MeV : 6.38364258347144e-18 (6.31886097828043e-18, 6.44842418866244e-18) ph/cm2/s/MeV
2019-07-22T14:11:50:  Intensity at 752597.028157849 MeV : 3.95632226711192e-18 (3.91841412467348e-18, 3.99423040955037e-18) ph/cm2/s/MeV
2019-07-22T14:11:50:  Intensity at 954305.65846188 MeV : 2.45004872593294e-18 (2.4270299576406e-18, 2.47306749422528e-18) ph/cm2/s/MeV
2019-07-22T14:11:50:  Intensity at 1210075.58587031 MeV : 1.51574663041396e-18 (1.50122834740715e-18, 1.53026491342077e-18) ph/cm2/s/MeV
2019-07-22T14:11:50:  Intensity at 1534396.14502492 MeV : 9.36551726456002e-19 (9.27118903137927e-19, 9.45984549774076e-19) ph/cm2/s/MeV
2019-07-22T14:11:50:  Intensity at 1945640.05534746 MeV : 5.77754930120762e-19 (5.71521493196415e-19, 5.83988367045109e-19) ph/cm2/s/MeV
2019-07-22T14:11:50:  Intensity at 2467104.23331454 MeV : 3.55693950127786e-19 (3.51553563534538e-19, 3.59834336721035e-19) ph/cm2/s/MeV
2019-07-22T14:11:50:  Intensity at 3128329.55988436 MeV : 2.18421113927043e-19 (2.15680234570234e-19, 2.21161993283852e-19) ph/cm2/s/MeV
2019-07-22T14:11:50:  Intensity at 3966774.36773649 MeV : 1.33690123601775e-19 (1.31891163751548e-19, 1.35489083452002e-19) ph/cm2/s/MeV
2019-07-22T14:11:50:  Intensity at 5029936.45116879 MeV : 8.14913995504825e-20 (8.03236660626287e-20, 8.26591330383362e-20) ph/cm2/s/MeV
2019-07-22T14:11:50:  Intensity at 6378043.81024912 MeV : 4.94141828874276e-20 (4.86645997846627e-20, 5.01637659901926e-20) ph/cm2/s/MeV
2019-07-22T14:11:50:  Intensity at 8087466.55954362 MeV : 2.9765264930776e-20 (2.92880742069398e-20, 3.02424556546122e-20) ph/cm2/s/MeV
2019-07-22T14:11:50:  Intensity at 10255043.285628 MeV : 1.777926622184e-20 (1.74758808355386e-20, 1.80826516081414e-20) ph/cm2/s/MeV
2019-07-22T14:11:50:  Intensity at 13003566.9409974 MeV : 1.05071398397081e-20 (1.03122121811704e-20, 1.07020674982458e-20) ph/cm2/s/MeV
2019-07-22T14:11:50:  Intensity at 16488741.0495845 MeV : 6.12604187543222e-21 (5.99767681393182e-21, 6.25440693693262e-21) ph/cm2/s/MeV
2019-07-22T14:11:50:  Intensity at 20908000.2920645 MeV : 3.51095706962904e-21 (3.4236143695272e-21, 3.59829976973088e-21) ph/cm2/s/MeV
2019-07-22T14:11:50:  Intensity at 26511695.1560098 MeV : 1.96890376992225e-21 (1.90788151081908e-21, 2.02992602902542e-21) ph/cm2/s/MeV
2019-07-22T14:11:50:  Intensity at 33617274.2599379 MeV : 1.07410077919095e-21 (1.03115977826815e-21, 1.11704178011375e-21) ph/cm2/s/MeV
2019-07-22T14:11:50:  Intensity at 42627267.7781488 MeV : 5.65817951657328e-22 (5.36084862127488e-22, 5.95551041187167e-22) ph/cm2/s/MeV
2019-07-22T14:11:50:  Intensity at 54052090.7251378 MeV : 2.85133795623983e-22 (2.65303841132389e-22, 3.04963750115577e-22) ph/cm2/s/MeV
2019-07-22T14:11:50:  Intensity at 68538957.9028144 MeV : 1.35831039323208e-22 (1.23330299793388e-22, 1.48331778853028e-22) ph/cm2/s/MeV
2019-07-22T14:11:50:  Intensity at 86908548.5386981 MeV : 6.02535024492837e-23 (5.29406629035657e-23, 6.75663419950017e-23) ph/cm2/s/MeV
2019-07-22T14:11:50:  Intensity at 110201497.662297 MeV : 2.44173666390007e-23 (2.05275565330067e-23, 2.83071767449948e-23) ph/cm2/s/MeV
2019-07-22T14:11:50:  Intensity at 139737347.950364 MeV : 8.82316619232215e-24 (6.98723091975297e-24, 1.06591014648913e-23) ph/cm2/s/MeV
2019-07-22T14:11:50:  Intensity at 177189301.655759 MeV : 2.7568580699315e-24 (2.01099167714895e-24, 3.50272446271405e-24) ph/cm2/s/MeV
2019-07-22T14:11:50: 
2019-07-22T14:11:50: +========================+
2019-07-22T14:11:50: | Save Butterfly diagram |
2019-07-22T14:11:50: +========================+
2019-07-22T14:11:50:  Butterfly file ............: /cta/carli/CPPM_Internship/Simulations_and_Analyses/plus_gradient_AEff_South_z40_50h/source1c/butterfly_binned.ascii
2019-07-22T14:11:50: 
2019-07-22T14:11:50: Application "ctbutterfly" terminated after 33 wall clock seconds, consuming 34.69 seconds of CPU time.
