2019-07-22T15:15:16: ********************************************************************************
2019-07-22T15:15:16: *                                     ctbin                                    *
2019-07-22T15:15:16: * ---------------------------------------------------------------------------- *
2019-07-22T15:15:16: * Version: 1.6.0                                                               *
2019-07-22T15:15:16: ********************************************************************************
2019-07-22T15:15:16: +============+
2019-07-22T15:15:16: | Parameters |
2019-07-22T15:15:16: +============+
2019-07-22T15:15:16:  inobs .....................: /cta/carli/CPPM_Internship/Simulations_and_Analyses/minus_step_AEff_South_z40_50h/source2b/obs.fits
2019-07-22T15:15:16:  outobs ....................: /cta/carli/CPPM_Internship/Simulations_and_Analyses/minus_step_AEff_South_z40_50h/source2b/obs_cube.fits
2019-07-22T15:15:16:  stack .....................: yes
2019-07-22T15:15:16:  prefix ....................: cntcube_
2019-07-22T15:15:16:  ebinalg ...................: LOG
2019-07-22T15:15:16:  emin ......................: 0.1
2019-07-22T15:15:16:  emax ......................: 199.526229858398
2019-07-22T15:15:16:  enumbins ..................: 32
2019-07-22T15:15:16:  ebinfile ..................: [not queried]
2019-07-22T15:15:16:  usepnt ....................: yes
2019-07-22T15:15:16:  nxpix .....................: 80
2019-07-22T15:15:16:  nypix .....................: 80
2019-07-22T15:15:16:  binsz .....................: 0.02
2019-07-22T15:15:16:  coordsys ..................: GAL
2019-07-22T15:15:16:  proj ......................: TAN
2019-07-22T15:15:16:  xref ......................: [not queried]
2019-07-22T15:15:16:  yref ......................: [not queried]
2019-07-22T15:15:16:  nthreads ..................: 0
2019-07-22T15:15:16:  publish ...................: no
2019-07-22T15:15:16:  chatter ...................: 4
2019-07-22T15:15:16:  clobber ...................: yes
2019-07-22T15:15:16:  debug .....................: no
2019-07-22T15:15:16:  mode ......................: ql
2019-07-22T15:15:16:  logfile ...................: ctbin.log
2019-07-22T15:15:16: 
2019-07-22T15:15:16: +===================+
2019-07-22T15:15:16: | Input observation |
2019-07-22T15:15:16: +===================+
2019-07-22T15:15:16: === GObservations ===
2019-07-22T15:15:16:  Number of observations ....: 1
2019-07-22T15:15:16:  Number of models ..........: 0
2019-07-22T15:15:16:  Number of observed events .: 314487
2019-07-22T15:15:16:  Number of predicted events : 0
2019-07-22T15:15:16: === GCTAObservation ===
2019-07-22T15:15:16:  Name ......................: 
2019-07-22T15:15:16:  Identifier ................: 000001
2019-07-22T15:15:16:  Instrument ................: CTA
2019-07-22T15:15:16:  Event file ................: /cta/carli/CPPM_Internship/Simulations_and_Analyses/minus_step_AEff_South_z40_50h/source2b/obs.fits
2019-07-22T15:15:16:  Event type ................: EventList
2019-07-22T15:15:16:  Statistic .................: cstat
2019-07-22T15:15:16:  Ontime ....................: 144000 s
2019-07-22T15:15:16:  Livetime ..................: 141120 s
2019-07-22T15:15:16:  Deadtime correction .......: 0.98
2019-07-22T15:15:16:  User energy range .........: undefined
2019-07-22T15:15:16: === GCTAPointing ===
2019-07-22T15:15:16:  Pointing direction ........: (RA,Dec)=(84.1331,22.0145)
2019-07-22T15:15:16:  Response function .........: undefined
2019-07-22T15:15:16: === GCTAEventList ===
2019-07-22T15:15:16:  Number of events ..........: 314487 (disposed in "/cta/carli/CPPM_Internship/Simulations_and_Analyses/minus_step_AEff_South_z40_50h/source2b/obs.fits")
2019-07-22T15:15:16:  Time interval .............: 51544.5 - 51546.1666666667 days
2019-07-22T15:15:16: === GEbounds ===
2019-07-22T15:15:16:  Number of intervals .......: 1
2019-07-22T15:15:16:  Energy range ..............: 100 GeV - 199.526229858398 TeV
2019-07-22T15:15:16: === GCTARoi ===
2019-07-22T15:15:16:  RoI centre ................: RA=84.1331, DEC=22.0145 [0,0]
2019-07-22T15:15:16:  RoI radius ................: 0.8 deg
2019-07-22T15:15:16: === GSkyRegions ===
2019-07-22T15:15:16:  Number of regions .........: 0
2019-07-22T15:15:16: === GModels ===
2019-07-22T15:15:16:  Number of models ..........: 0
2019-07-22T15:15:16:  Number of parameters ......: 0
2019-07-22T15:15:16: 
2019-07-22T15:15:16: +===========================+
2019-07-22T15:15:16: | Find unbinned observation |
2019-07-22T15:15:16: +===========================+
2019-07-22T15:15:16: === CTA observation (id=000001) ===
2019-07-22T15:15:16:  Including unbinned CTA observation
2019-07-22T15:15:16: === Summary ===
2019-07-22T15:15:16:  Number of observations ....: 1
2019-07-22T15:15:16:  Mean pointing .............: (RA,Dec)=(84.1331,22.0145)
2019-07-22T15:15:16:  Use mean pointing .........: yes
2019-07-22T15:15:16: 
2019-07-22T15:15:16: +=================+
2019-07-22T15:15:16: | Bin observation |
2019-07-22T15:15:16: +=================+
2019-07-22T15:15:17: === CTA observation (id=000001) ===
2019-07-22T15:15:17:  Events in list ............: 314487
2019-07-22T15:15:17:  Events in cube ............: 314485
2019-07-22T15:15:17:  Events outside RoI ........: 1
2019-07-22T15:15:17:  Events with invalid WCS ...: 0
2019-07-22T15:15:17:  Events outside cube area ..: 1
2019-07-22T15:15:17:  Events outside energy bins : 0
2019-07-22T15:15:17: 
2019-07-22T15:15:17: +====================+
2019-07-22T15:15:17: | Binned observation |
2019-07-22T15:15:17: +====================+
2019-07-22T15:15:17: === GObservations ===
2019-07-22T15:15:17:  Number of observations ....: 1
2019-07-22T15:15:17:  Number of models ..........: 0
2019-07-22T15:15:17:  Number of observed events .: 314485
2019-07-22T15:15:17:  Number of predicted events : 0
2019-07-22T15:15:17: === GCTAObservation ===
2019-07-22T15:15:17:  Name ......................: 
2019-07-22T15:15:17:  Identifier ................: 000001
2019-07-22T15:15:17:  Instrument ................: CTA
2019-07-22T15:15:17:  Event file ................: 
2019-07-22T15:15:17:  Event type ................: CountsCube
2019-07-22T15:15:17:  Statistic .................: cstat
2019-07-22T15:15:17:  Ontime ....................: 144000 s
2019-07-22T15:15:17:  Livetime ..................: 141120 s
2019-07-22T15:15:17:  Deadtime correction .......: 0.98
2019-07-22T15:15:17:  User energy range .........: undefined
2019-07-22T15:15:17: === GCTAPointing ===
2019-07-22T15:15:17:  Pointing direction ........: (RA,Dec)=(84.1331,22.0145)
2019-07-22T15:15:17:  Response function .........: undefined
2019-07-22T15:15:17: === GCTAEventCube ===
2019-07-22T15:15:17:  Number of events ..........: 314485
2019-07-22T15:15:17:  Number of elements ........: 204800
2019-07-22T15:15:17:  Number of pixels ..........: 6400
2019-07-22T15:15:17:  Number of energy bins .....: 32
2019-07-22T15:15:17:  Time interval .............: 51544.5 - 51546.1666666667 days
2019-07-22T15:15:17:  Pointing ..................: not defined
2019-07-22T15:15:17: === GEbounds ===
2019-07-22T15:15:17:  Number of intervals .......: 32
2019-07-22T15:15:17:  Energy range ..............: 100 GeV - 199.526229858398 TeV
2019-07-22T15:15:17: === GSkyMap ===
2019-07-22T15:15:17:  Number of pixels ..........: 6400
2019-07-22T15:15:17:  X axis dimension ..........: 80
2019-07-22T15:15:17:  Y axis dimension ..........: 80
2019-07-22T15:15:17:  Number of maps ............: 32
2019-07-22T15:15:17:  Shape of maps .............: (32)
2019-07-22T15:15:17: === GSkyRegions ===
2019-07-22T15:15:17:  Number of regions .........: 0
2019-07-22T15:15:17: === GModels ===
2019-07-22T15:15:17:  Number of models ..........: 0
2019-07-22T15:15:17:  Number of parameters ......: 0
2019-07-22T15:15:17: 
2019-07-22T15:15:17: +==================+
2019-07-22T15:15:17: | Save counts cube |
2019-07-22T15:15:17: +==================+
2019-07-22T15:15:17:  Counts cube file ..........: /cta/carli/CPPM_Internship/Simulations_and_Analyses/minus_step_AEff_South_z40_50h/source2b/obs_cube.fits
2019-07-22T15:15:17: 
2019-07-22T15:15:17: Application "ctbin" terminated after 1 wall clock seconds, consuming 0.98 seconds of CPU time.
