2019-07-25T10:00:13: ********************************************************************************
2019-07-25T10:00:13: *                                    cterror                                   *
2019-07-25T10:00:13: * ---------------------------------------------------------------------------- *
2019-07-25T10:00:13: * Version: 1.6.0                                                               *
2019-07-25T10:00:13: ********************************************************************************
2019-07-25T10:00:13: +============+
2019-07-25T10:00:13: | Parameters |
2019-07-25T10:00:13: +============+
2019-07-25T10:00:13:  inobs .....................: /cta/carli/CPPM_Internship/Simulations_and_Analyses/minus_step_AEff_South_z40_50h/source2b/obs_cube.fits
2019-07-25T10:00:13:  inmodel ...................: /cta/carli/CPPM_Internship/Simulations_and_Analyses/minus_step_AEff_South_z40_50h/source2b/obsmodel_binned.xml
2019-07-25T10:00:13:  srcname ...................: source2b
2019-07-25T10:00:13:  expcube ...................: /cta/carli/CPPM_Internship/Simulations_and_Analyses/minus_step_AEff_South_z40_50h/source2b/exposure_cube.fits
2019-07-25T10:00:13:  psfcube ...................: /cta/carli/CPPM_Internship/Simulations_and_Analyses/minus_step_AEff_South_z40_50h/source2b/PSF_cube.fits
2019-07-25T10:00:13:  edispcube .................: /cta/carli/CPPM_Internship/Simulations_and_Analyses/minus_step_AEff_South_z40_50h/source2b/edisp_cube.fits
2019-07-25T10:00:13:  bkgcube ...................: /cta/carli/CPPM_Internship/Simulations_and_Analyses/minus_step_AEff_South_z40_50h/source2b/background_cube.fits
2019-07-25T10:00:13:  caldb .....................: prod3b-v2
2019-07-25T10:00:13:  irf .......................: minus_step_AEff_South_z40_50h
2019-07-25T10:00:13:  edisp .....................: yes
2019-07-25T10:00:13:  outmodel ..................: 
2019-07-25T10:00:13:  confidence ................: 0.95
2019-07-25T10:00:13:  tol .......................: 1e-3
2019-07-25T10:00:13:  statistic .................: DEFAULT
2019-07-25T10:00:13:  like_accuracy .............: 0.005
2019-07-25T10:00:13:  max_iter ..................: 50
2019-07-25T10:00:13:  nthreads ..................: 0
2019-07-25T10:00:13:  chatter ...................: 4
2019-07-25T10:00:13:  clobber ...................: yes
2019-07-25T10:00:13:  debug .....................: no
2019-07-25T10:00:13:  mode ......................: ql
2019-07-25T10:00:13:  logfile ...................: cterror95.log
2019-07-25T10:00:13: 
2019-07-25T10:00:13: +===================+
2019-07-25T10:00:13: | Input observation |
2019-07-25T10:00:13: +===================+
2019-07-25T10:00:13: === GObservations ===
2019-07-25T10:00:13:  Number of observations ....: 1
2019-07-25T10:00:13:  Number of models ..........: 2
2019-07-25T10:00:13:  Number of observed events .: 314485
2019-07-25T10:00:13:  Number of predicted events : 0
2019-07-25T10:00:13: === GCTAObservation ===
2019-07-25T10:00:13:  Name ......................: 
2019-07-25T10:00:13:  Identifier ................: 000001
2019-07-25T10:00:13:  Instrument ................: CTA
2019-07-25T10:00:13:  Event file ................: /cta/carli/CPPM_Internship/Simulations_and_Analyses/minus_step_AEff_South_z40_50h/source2b/obs_cube.fits
2019-07-25T10:00:13:  Event type ................: CountsCube
2019-07-25T10:00:13:  Statistic .................: cstat
2019-07-25T10:00:13:  Ontime ....................: 144000 s
2019-07-25T10:00:13:  Livetime ..................: 141120 s
2019-07-25T10:00:13:  Deadtime correction .......: 0.98
2019-07-25T10:00:13:  User energy range .........: undefined
2019-07-25T10:00:13: === GCTAPointing ===
2019-07-25T10:00:13:  Pointing direction ........: (RA,Dec)=(84.1331,22.0145)
2019-07-25T10:00:13: === GCTAResponseCube ===
2019-07-25T10:00:13:  Energy dispersion .........: Used
2019-07-25T10:00:13: === GCTACubeExposure ===
2019-07-25T10:00:13:  Filename ..................: /cta/carli/CPPM_Internship/Simulations_and_Analyses/minus_step_AEff_South_z40_50h/source2b/exposure_cube.fits
2019-07-25T10:00:13:  Livetime ..................: 141120 sec
2019-07-25T10:00:13: === GEnergies ===
2019-07-25T10:00:13:  Number of energies ........: 33
2019-07-25T10:00:13: === GGti ===
2019-07-25T10:00:13:  Number of intervals .......: 1
2019-07-25T10:00:13:  Ontime ....................: 144000 sec
2019-07-25T10:00:13:  Elapsed time ..............: 144000 sec
2019-07-25T10:00:13:  MJD range .................: 51544.5 - 51546.1666666667 s (TT)
2019-07-25T10:00:13:  UTC range .................: 2000-01-01T11:58:56 - 2000-01-03T03:58:56 s (TT)
2019-07-25T10:00:13:  Reference MJD .............: 51544.5
2019-07-25T10:00:13: === GSkyMap ===
2019-07-25T10:00:13:  Number of pixels ..........: 6400
2019-07-25T10:00:13:  X axis dimension ..........: 80
2019-07-25T10:00:13:  Y axis dimension ..........: 80
2019-07-25T10:00:13:  Number of maps ............: 33
2019-07-25T10:00:13:  Shape of maps .............: (33)
2019-07-25T10:00:13: === GCTACubePsf ===
2019-07-25T10:00:13:  Filename ..................: /cta/carli/CPPM_Internship/Simulations_and_Analyses/minus_step_AEff_South_z40_50h/source2b/PSF_cube.fits
2019-07-25T10:00:13: === GEnergies ===
2019-07-25T10:00:13:  Number of energies ........: 33
2019-07-25T10:00:13:  Number of delta bins ......: 200
2019-07-25T10:00:13:  Delta range ...............: 1.875e-06 - 0.298501875 deg
2019-07-25T10:00:13: === GSkyMap ===
2019-07-25T10:00:13:  Number of pixels ..........: 1
2019-07-25T10:00:13:  X axis dimension ..........: 1
2019-07-25T10:00:13:  Y axis dimension ..........: 1
2019-07-25T10:00:13:  Number of maps ............: 6600
2019-07-25T10:00:13:  Shape of maps .............: (200, 33)
2019-07-25T10:00:13: === GCTACubeEdisp ===
2019-07-25T10:00:13:  Filename ..................: /cta/carli/CPPM_Internship/Simulations_and_Analyses/minus_step_AEff_South_z40_50h/source2b/edisp_cube.fits
2019-07-25T10:00:13: === GEnergies ===
2019-07-25T10:00:13:  Number of energies ........: 33
2019-07-25T10:00:13:  Number of migra bins ......: 100
2019-07-25T10:00:13:  Migra range ...............: 0.02 - 2
2019-07-25T10:00:13: === GSkyMap ===
2019-07-25T10:00:13:  Number of pixels ..........: 1
2019-07-25T10:00:13:  X axis dimension ..........: 1
2019-07-25T10:00:13:  Y axis dimension ..........: 1
2019-07-25T10:00:13:  Number of maps ............: 3300
2019-07-25T10:00:13:  Shape of maps .............: (100, 33)
2019-07-25T10:00:13: === GCTACubeBackground ===
2019-07-25T10:00:13:  Filename ..................: /cta/carli/CPPM_Internship/Simulations_and_Analyses/minus_step_AEff_South_z40_50h/source2b/background_cube.fits
2019-07-25T10:00:13: === GEbounds ===
2019-07-25T10:00:13:  Number of intervals .......: 32
2019-07-25T10:00:13:  Energy range ..............: 100 GeV - 199.526229858398 TeV
2019-07-25T10:00:13: === GSkyMap ===
2019-07-25T10:00:13:  Number of pixels ..........: 6400
2019-07-25T10:00:13:  X axis dimension ..........: 80
2019-07-25T10:00:13:  Y axis dimension ..........: 80
2019-07-25T10:00:13:  Number of maps ............: 32
2019-07-25T10:00:13:  Shape of maps .............: (32)
2019-07-25T10:00:13: === GCTAResponseCache ===
2019-07-25T10:00:13:  Number of cached values ...: 0
2019-07-25T10:00:13: === GCTAEventCube ===
2019-07-25T10:00:13:  Number of events ..........: 314485
2019-07-25T10:00:13:  Number of elements ........: 204800
2019-07-25T10:00:13:  Number of pixels ..........: 6400
2019-07-25T10:00:13:  Number of energy bins .....: 32
2019-07-25T10:00:13:  Time interval .............: 51544.5 - 51546.1666666667 days
2019-07-25T10:00:13:  Pointing ..................: (RA,Dec)=(84.1331,22.0145)
2019-07-25T10:00:13: === GEbounds ===
2019-07-25T10:00:13:  Number of intervals .......: 32
2019-07-25T10:00:13:  Energy range ..............: 100 GeV - 199.526229858398 TeV
2019-07-25T10:00:13: === GSkyMap ===
2019-07-25T10:00:13:  Number of pixels ..........: 6400
2019-07-25T10:00:13:  X axis dimension ..........: 80
2019-07-25T10:00:13:  Y axis dimension ..........: 80
2019-07-25T10:00:13:  Number of maps ............: 32
2019-07-25T10:00:13:  Shape of maps .............: (32)
2019-07-25T10:00:13: === GSkyRegions ===
2019-07-25T10:00:13:  Number of regions .........: 0
2019-07-25T10:00:13: === GModels ===
2019-07-25T10:00:13:  Number of models ..........: 2
2019-07-25T10:00:13:  Number of parameters ......: 11
2019-07-25T10:00:13: === GModelSky ===
2019-07-25T10:00:13:  Name ......................: source2b
2019-07-25T10:00:13:  Instruments ...............: all
2019-07-25T10:00:13:  Test Statistic ............: 38617.016
2019-07-25T10:00:13:  Observation identifiers ...: all
2019-07-25T10:00:13:  Model type ................: PointSource
2019-07-25T10:00:13:  Model components ..........: "PointSource" * "ExponentialCutoffPowerLaw" * "Constant"
2019-07-25T10:00:13:  Number of parameters ......: 7
2019-07-25T10:00:13:  Number of spatial par's ...: 2
2019-07-25T10:00:13:   RA .......................: 83.6331 [-360,360] deg (fixed,scale=1)
2019-07-25T10:00:13:   DEC ......................: 22.0145 [-90,90] deg (fixed,scale=1)
2019-07-25T10:00:13:  Number of spectral par's ..: 4
2019-07-25T10:00:13:   Prefactor ................: 1.49552874146435e-18 [1e-25,1e-15] ph/cm2/s/MeV (fixed,scale=1e-18,gradient)
2019-07-25T10:00:13:   Index ....................: -2.02409613691042 [-0,-5]  (fixed,scale=-1,gradient)
2019-07-25T10:00:13:   CutoffEnergy .............: 181426198.094392 +/- 47657723.9956863 [1000000,100000000000] MeV (free,scale=100000000,gradient)
2019-07-25T10:00:13:   PivotEnergy ..............: 1000000 [10000,1000000000] MeV (fixed,scale=1000000,gradient)
2019-07-25T10:00:13:  Number of temporal par's ..: 1
2019-07-25T10:00:13:   Normalization ............: 1 (relative value) (fixed,scale=1,gradient)
2019-07-25T10:00:13:  Number of scale par's .....: 0
2019-07-25T10:00:13: === GCTAModelCubeBackground ===
2019-07-25T10:00:13:  Name ......................: BackgroundModel
2019-07-25T10:00:13:  Instruments ...............: CTA, HESS, MAGIC, VERITAS
2019-07-25T10:00:13:  Observation identifiers ...: all
2019-07-25T10:00:13:  Model type ................: "PowerLaw" * "Constant"
2019-07-25T10:00:13:  Number of parameters ......: 4
2019-07-25T10:00:13:  Number of spectral par's ..: 3
2019-07-25T10:00:13:   Prefactor ................: 0.992804177572682 [0.01,100] ph/cm2/s/MeV (fixed,scale=1,gradient)
2019-07-25T10:00:13:   Index ....................: -0.00346375951208614 [-5,5]  (fixed,scale=1,gradient)
2019-07-25T10:00:13:   PivotEnergy ..............: 1000000 MeV (fixed,scale=1000000,gradient)
2019-07-25T10:00:13:  Number of temporal par's ..: 1
2019-07-25T10:00:13:   Normalization ............: 1 (relative value) (fixed,scale=1,gradient)
2019-07-25T10:00:13: 
2019-07-25T10:00:13: +=============================+
2019-07-25T10:00:13: | Compute best-fit likelihood |
2019-07-25T10:00:13: +=============================+
2019-07-25T10:01:44: === GOptimizerLM ===
2019-07-25T10:01:44:  Optimized function value ..: -318707.244
2019-07-25T10:01:44:  Absolute precision ........: 0.005
2019-07-25T10:01:44:  Acceptable value decrease .: 2
2019-07-25T10:01:44:  Optimization status .......: converged
2019-07-25T10:01:44:  Number of parameters ......: 11
2019-07-25T10:01:44:  Number of free parameters .: 1
2019-07-25T10:01:44:  Number of iterations ......: 1
2019-07-25T10:01:44:  Lambda ....................: 0.0001
2019-07-25T10:01:44:  Maximum log likelihood ....: -318707.244
2019-07-25T10:01:44: === GModels ===
2019-07-25T10:01:44:  Number of models ..........: 2
2019-07-25T10:01:44:  Number of parameters ......: 11
2019-07-25T10:01:44: === GModelSky ===
2019-07-25T10:01:44:  Name ......................: source2b
2019-07-25T10:01:44:  Instruments ...............: all
2019-07-25T10:01:44:  Test Statistic ............: 38617.016
2019-07-25T10:01:44:  Observation identifiers ...: all
2019-07-25T10:01:44:  Model type ................: PointSource
2019-07-25T10:01:44:  Model components ..........: "PointSource" * "ExponentialCutoffPowerLaw" * "Constant"
2019-07-25T10:01:44:  Number of parameters ......: 7
2019-07-25T10:01:44:  Number of spatial par's ...: 2
2019-07-25T10:01:44:   RA .......................: 83.6331 [-360,360] deg (fixed,scale=1)
2019-07-25T10:01:44:   DEC ......................: 22.0145 [-90,90] deg (fixed,scale=1)
2019-07-25T10:01:44:  Number of spectral par's ..: 4
2019-07-25T10:01:44:   Prefactor ................: 1.49552874146435e-18 [1e-25,1e-15] ph/cm2/s/MeV (fixed,scale=1e-18,gradient)
2019-07-25T10:01:44:   Index ....................: -2.02409613691042 [-0,-5]  (fixed,scale=-1,gradient)
2019-07-25T10:01:44:   CutoffEnergy .............: 181556208.956036 +/- 33556498.6905351 [1000000,100000000000] MeV (free,scale=100000000,gradient)
2019-07-25T10:01:44:   PivotEnergy ..............: 1000000 [10000,1000000000] MeV (fixed,scale=1000000,gradient)
2019-07-25T10:01:44:  Number of temporal par's ..: 1
2019-07-25T10:01:44:   Normalization ............: 1 (relative value) (fixed,scale=1,gradient)
2019-07-25T10:01:44:  Number of scale par's .....: 0
2019-07-25T10:01:44: === GCTAModelCubeBackground ===
2019-07-25T10:01:44:  Name ......................: BackgroundModel
2019-07-25T10:01:44:  Instruments ...............: CTA, HESS, MAGIC, VERITAS
2019-07-25T10:01:44:  Observation identifiers ...: all
2019-07-25T10:01:44:  Model type ................: "PowerLaw" * "Constant"
2019-07-25T10:01:44:  Number of parameters ......: 4
2019-07-25T10:01:44:  Number of spectral par's ..: 3
2019-07-25T10:01:44:   Prefactor ................: 0.992804177572682 [0.01,100] ph/cm2/s/MeV (fixed,scale=1,gradient)
2019-07-25T10:01:44:   Index ....................: -0.00346375951208614 [-5,5]  (fixed,scale=1,gradient)
2019-07-25T10:01:44:   PivotEnergy ..............: 1000000 MeV (fixed,scale=1000000,gradient)
2019-07-25T10:01:44:  Number of temporal par's ..: 1
2019-07-25T10:01:44:   Normalization ............: 1 (relative value) (fixed,scale=1,gradient)
2019-07-25T10:01:44: 
2019-07-25T10:01:44: +==============================================================+
2019-07-25T10:01:44: | Compute error for source "source2b" parameter "CutoffEnergy" |
2019-07-25T10:01:44: +==============================================================+
2019-07-25T10:01:44:  Confidence level ..........: 95 %
2019-07-25T10:01:44:  Log-likelihood difference .: 1.92073
2019-07-25T10:01:44:  Initial factor range ......: [0.01, 5.17121195861387]
2019-07-25T10:01:54:    Iteration 1 .............: [0.01, 1.81556208956036]
2019-07-25T10:02:04:    Iteration 2 .............: [0.912781044780182, 1.81556208956036]
2019-07-25T10:02:14:    Iteration 3 .............: [0.912781044780182, 1.36417156717027]
2019-07-25T10:02:24:    Iteration 4 .............: [1.13847630597523, 1.36417156717027]
2019-07-25T10:02:35:    Iteration 5 .............: [1.25132393657275, 1.36417156717027]
2019-07-25T10:02:45:    Iteration 6 .............: [1.30774775187151, 1.36417156717027]
2019-07-25T10:02:55:    Iteration 7 .............: [1.30774775187151, 1.33595965952089]
2019-07-25T10:03:05:    Iteration 8 .............: [1.30774775187151, 1.3218537056962]
2019-07-25T10:03:15:    Iteration 9 .............: [1.31480072878386, 1.3218537056962]
2019-07-25T10:03:25:    Iteration 10 ............: [1.31480072878386, 1.31832721724003]
2019-07-25T10:03:36:    Iteration 11 ............: [1.31656397301194, 1.31832721724003]
2019-07-25T10:03:46:    Iteration 12 ............: [1.31656397301194, 1.31744559512599]
2019-07-25T10:03:56:    Iteration 13 ............: [1.31656397301194, 1.31700478406896]
2019-07-25T10:04:07:    Iteration 14 ............: [1.31656397301194, 1.31678437854045]
2019-07-25T10:04:17:    Iteration 1 .............: [1.81556208956036, 5.17121195861387]
2019-07-25T10:04:27:    Iteration 2 .............: [1.81556208956036, 3.49338702408712]
2019-07-25T10:04:37:    Iteration 3 .............: [2.65447455682374, 3.49338702408712]
2019-07-25T10:04:48:    Iteration 4 .............: [2.65447455682374, 3.07393079045543]
2019-07-25T10:04:58:    Iteration 5 .............: [2.65447455682374, 2.86420267363958]
2019-07-25T10:05:08:    Iteration 6 .............: [2.75933861523166, 2.86420267363958]
2019-07-25T10:05:18:    Iteration 7 .............: [2.81177064443562, 2.86420267363958]
2019-07-25T10:05:28:    Iteration 8 .............: [2.8379866590376, 2.86420267363958]
2019-07-25T10:05:38:    Iteration 9 .............: [2.8379866590376, 2.85109466633859]
2019-07-25T10:05:48:    Iteration 10 ............: [2.8379866590376, 2.8445406626881]
2019-07-25T10:05:48:  Lower parameter factor ....: 1.31667
2019-07-25T10:05:48:  Upper parameter factor ....: 2.84126
2019-07-25T10:05:48:  Error from curvature ......: 33556498.6905351 MeV
2019-07-25T10:05:48:  Error from profile ........: 76229474.2543326 MeV
2019-07-25T10:05:48:  Negative profile error ....: 49888791.3784166 MeV
2019-07-25T10:05:48:  Positive profile error ....: 102570157.130249 MeV
2019-07-25T10:05:48: 
2019-07-25T10:05:48: +==============+
2019-07-25T10:05:48: | Save results |
2019-07-25T10:05:48: +==============+
2019-07-25T10:05:48:  Model definition file .....: NONE
2019-07-25T10:05:48: 
2019-07-25T10:05:48: Application "cterror" terminated after 335 wall clock seconds, consuming 420.17 seconds of CPU time.
