2019-07-23T18:20:37: ********************************************************************************
2019-07-23T18:20:37: *                                  ctbutterfly                                 *
2019-07-23T18:20:37: * ---------------------------------------------------------------------------- *
2019-07-23T18:20:37: * Version: 1.6.0                                                               *
2019-07-23T18:20:37: ********************************************************************************
2019-07-23T18:20:37: +============+
2019-07-23T18:20:37: | Parameters |
2019-07-23T18:20:37: +============+
2019-07-23T18:20:37:  inobs .....................: /cta/carli/CPPM_Internship/Simulations_and_Analyses/plus_step_EDisp_South_z40_50h/source2c/obs_cube.fits
2019-07-23T18:20:37:  inmodel ...................: /cta/carli/CPPM_Internship/Simulations_and_Analyses/plus_step_EDisp_South_z40_50h/source2c/obsmodel_binned.xml
2019-07-23T18:20:37:  srcname ...................: source2c
2019-07-23T18:20:37:  expcube ...................: /cta/carli/CPPM_Internship/Simulations_and_Analyses/plus_step_EDisp_South_z40_50h/source2c/exposure_cube.fits
2019-07-23T18:20:37:  psfcube ...................: /cta/carli/CPPM_Internship/Simulations_and_Analyses/plus_step_EDisp_South_z40_50h/source2c/PSF_cube.fits
2019-07-23T18:20:37:  edispcube .................: /cta/carli/CPPM_Internship/Simulations_and_Analyses/plus_step_EDisp_South_z40_50h/source2c/edisp_cube.fits
2019-07-23T18:20:37:  bkgcube ...................: /cta/carli/CPPM_Internship/Simulations_and_Analyses/plus_step_EDisp_South_z40_50h/source2c/background_cube.fits
2019-07-23T18:20:37:  caldb .....................: prod3b-v2
2019-07-23T18:20:37:  irf .......................: South_z40_50h
2019-07-23T18:20:37:  edisp .....................: yes
2019-07-23T18:20:37:  outfile ...................: /cta/carli/CPPM_Internship/Simulations_and_Analyses/plus_step_EDisp_South_z40_50h/source2c/butterfly_binned.ascii
2019-07-23T18:20:37:  method ....................: GAUSSIAN
2019-07-23T18:20:37:  fit .......................: no
2019-07-23T18:20:37:  confidence ................: 0.68
2019-07-23T18:20:37:  statistic .................: DEFAULT
2019-07-23T18:20:37:  like_accuracy .............: 0.005
2019-07-23T18:20:37:  max_iter ..................: 50
2019-07-23T18:20:37:  matrix ....................: NONE
2019-07-23T18:20:37:  ebinalg ...................: LOG
2019-07-23T18:20:37:  emin ......................: 0.1
2019-07-23T18:20:37:  emax ......................: 199.526229858398
2019-07-23T18:20:37:  enumbins ..................: 32
2019-07-23T18:20:37:  ebinfile ..................: [not queried]
2019-07-23T18:20:37:  chatter ...................: 4
2019-07-23T18:20:37:  clobber ...................: yes
2019-07-23T18:20:37:  debug .....................: no
2019-07-23T18:20:37:  mode ......................: ql
2019-07-23T18:20:37:  logfile ...................: ctbutterfly.log
2019-07-23T18:20:37: 
2019-07-23T18:20:37: +===================+
2019-07-23T18:20:37: | Input observation |
2019-07-23T18:20:37: +===================+
2019-07-23T18:20:37: === GObservations ===
2019-07-23T18:20:37:  Number of observations ....: 1
2019-07-23T18:20:37:  Number of models ..........: 2
2019-07-23T18:20:37:  Number of observed events .: 320437
2019-07-23T18:20:37:  Number of predicted events : 0
2019-07-23T18:20:37: === GCTAObservation ===
2019-07-23T18:20:37:  Name ......................: 
2019-07-23T18:20:37:  Identifier ................: 000001
2019-07-23T18:20:37:  Instrument ................: CTA
2019-07-23T18:20:37:  Event file ................: /cta/carli/CPPM_Internship/Simulations_and_Analyses/plus_step_EDisp_South_z40_50h/source2c/obs_cube.fits
2019-07-23T18:20:37:  Event type ................: CountsCube
2019-07-23T18:20:37:  Statistic .................: cstat
2019-07-23T18:20:37:  Ontime ....................: 144000 s
2019-07-23T18:20:37:  Livetime ..................: 141120 s
2019-07-23T18:20:37:  Deadtime correction .......: 0.98
2019-07-23T18:20:37:  User energy range .........: undefined
2019-07-23T18:20:37: === GCTAPointing ===
2019-07-23T18:20:37:  Pointing direction ........: (RA,Dec)=(84.1331,22.0145)
2019-07-23T18:20:37: === GCTAResponseCube ===
2019-07-23T18:20:37:  Energy dispersion .........: Used
2019-07-23T18:20:37: === GCTACubeExposure ===
2019-07-23T18:20:37:  Filename ..................: /cta/carli/CPPM_Internship/Simulations_and_Analyses/plus_step_EDisp_South_z40_50h/source2c/exposure_cube.fits
2019-07-23T18:20:37:  Livetime ..................: 141120 sec
2019-07-23T18:20:37: === GEnergies ===
2019-07-23T18:20:37:  Number of energies ........: 33
2019-07-23T18:20:37: === GGti ===
2019-07-23T18:20:37:  Number of intervals .......: 1
2019-07-23T18:20:37:  Ontime ....................: 144000 sec
2019-07-23T18:20:37:  Elapsed time ..............: 144000 sec
2019-07-23T18:20:37:  MJD range .................: 51544.5 - 51546.1666666667 s (TT)
2019-07-23T18:20:37:  UTC range .................: 2000-01-01T11:58:56 - 2000-01-03T03:58:56 s (TT)
2019-07-23T18:20:37:  Reference MJD .............: 51544.5
2019-07-23T18:20:37: === GSkyMap ===
2019-07-23T18:20:37:  Number of pixels ..........: 6400
2019-07-23T18:20:37:  X axis dimension ..........: 80
2019-07-23T18:20:37:  Y axis dimension ..........: 80
2019-07-23T18:20:37:  Number of maps ............: 33
2019-07-23T18:20:37:  Shape of maps .............: (33)
2019-07-23T18:20:37: === GCTACubePsf ===
2019-07-23T18:20:37:  Filename ..................: /cta/carli/CPPM_Internship/Simulations_and_Analyses/plus_step_EDisp_South_z40_50h/source2c/PSF_cube.fits
2019-07-23T18:20:37: === GEnergies ===
2019-07-23T18:20:37:  Number of energies ........: 33
2019-07-23T18:20:37:  Number of delta bins ......: 200
2019-07-23T18:20:37:  Delta range ...............: 1.875e-06 - 0.298501875 deg
2019-07-23T18:20:37: === GSkyMap ===
2019-07-23T18:20:37:  Number of pixels ..........: 1
2019-07-23T18:20:37:  X axis dimension ..........: 1
2019-07-23T18:20:37:  Y axis dimension ..........: 1
2019-07-23T18:20:37:  Number of maps ............: 6600
2019-07-23T18:20:37:  Shape of maps .............: (200, 33)
2019-07-23T18:20:37: === GCTACubeEdisp ===
2019-07-23T18:20:37:  Filename ..................: /cta/carli/CPPM_Internship/Simulations_and_Analyses/plus_step_EDisp_South_z40_50h/source2c/edisp_cube.fits
2019-07-23T18:20:37: === GEnergies ===
2019-07-23T18:20:37:  Number of energies ........: 33
2019-07-23T18:20:37:  Number of migra bins ......: 100
2019-07-23T18:20:37:  Migra range ...............: 0.02 - 2
2019-07-23T18:20:37: === GSkyMap ===
2019-07-23T18:20:37:  Number of pixels ..........: 1
2019-07-23T18:20:37:  X axis dimension ..........: 1
2019-07-23T18:20:37:  Y axis dimension ..........: 1
2019-07-23T18:20:37:  Number of maps ............: 3300
2019-07-23T18:20:37:  Shape of maps .............: (100, 33)
2019-07-23T18:20:37: === GCTACubeBackground ===
2019-07-23T18:20:37:  Filename ..................: /cta/carli/CPPM_Internship/Simulations_and_Analyses/plus_step_EDisp_South_z40_50h/source2c/background_cube.fits
2019-07-23T18:20:37: === GEbounds ===
2019-07-23T18:20:37:  Number of intervals .......: 32
2019-07-23T18:20:37:  Energy range ..............: 100 GeV - 199.526229858398 TeV
2019-07-23T18:20:37: === GSkyMap ===
2019-07-23T18:20:37:  Number of pixels ..........: 6400
2019-07-23T18:20:37:  X axis dimension ..........: 80
2019-07-23T18:20:37:  Y axis dimension ..........: 80
2019-07-23T18:20:37:  Number of maps ............: 32
2019-07-23T18:20:37:  Shape of maps .............: (32)
2019-07-23T18:20:37: === GCTAResponseCache ===
2019-07-23T18:20:37:  Number of cached values ...: 0
2019-07-23T18:20:37: === GCTAEventCube ===
2019-07-23T18:20:37:  Number of events ..........: 320437
2019-07-23T18:20:37:  Number of elements ........: 204800
2019-07-23T18:20:37:  Number of pixels ..........: 6400
2019-07-23T18:20:37:  Number of energy bins .....: 32
2019-07-23T18:20:37:  Time interval .............: 51544.5 - 51546.1666666667 days
2019-07-23T18:20:37:  Pointing ..................: (RA,Dec)=(84.1331,22.0145)
2019-07-23T18:20:37: === GEbounds ===
2019-07-23T18:20:37:  Number of intervals .......: 32
2019-07-23T18:20:37:  Energy range ..............: 100 GeV - 199.526229858398 TeV
2019-07-23T18:20:37: === GSkyMap ===
2019-07-23T18:20:37:  Number of pixels ..........: 6400
2019-07-23T18:20:37:  X axis dimension ..........: 80
2019-07-23T18:20:37:  Y axis dimension ..........: 80
2019-07-23T18:20:37:  Number of maps ............: 32
2019-07-23T18:20:37:  Shape of maps .............: (32)
2019-07-23T18:20:37: === GSkyRegions ===
2019-07-23T18:20:37:  Number of regions .........: 0
2019-07-23T18:20:37: === GModels ===
2019-07-23T18:20:37:  Number of models ..........: 2
2019-07-23T18:20:37:  Number of parameters ......: 11
2019-07-23T18:20:37: === GModelSky ===
2019-07-23T18:20:37:  Name ......................: source2c
2019-07-23T18:20:37:  Instruments ...............: all
2019-07-23T18:20:37:  Test Statistic ............: 67866.274
2019-07-23T18:20:37:  Observation identifiers ...: all
2019-07-23T18:20:37:  Model type ................: PointSource
2019-07-23T18:20:37:  Model components ..........: "PointSource" * "ExponentialCutoffPowerLaw" * "Constant"
2019-07-23T18:20:37:  Number of parameters ......: 7
2019-07-23T18:20:37:  Number of spatial par's ...: 2
2019-07-23T18:20:37:   RA .......................: 83.6331 [-360,360] deg (fixed,scale=1)
2019-07-23T18:20:37:   DEC ......................: 22.0145 [-90,90] deg (fixed,scale=1)
2019-07-23T18:20:37:  Number of spectral par's ..: 4
2019-07-23T18:20:37:   Prefactor ................: 2.24559109997491e-18 +/- 2.13544530961542e-20 [1e-25,1e-15] ph/cm2/s/MeV (free,scale=1e-18,gradient)
2019-07-23T18:20:37:   Index ....................: -2.02571030282158 +/- 0.00822292136105498 [-0,-5]  (free,scale=-1,gradient)
2019-07-23T18:20:37:   CutoffEnergy .............: 208142205.462972 +/- 49947560.9037794 [1000000,100000000000] MeV (free,scale=100000000,gradient)
2019-07-23T18:20:37:   PivotEnergy ..............: 1000000 [10000,1000000000] MeV (fixed,scale=1000000,gradient)
2019-07-23T18:20:37:  Number of temporal par's ..: 1
2019-07-23T18:20:37:   Normalization ............: 1 (relative value) (fixed,scale=1,gradient)
2019-07-23T18:20:37:  Number of scale par's .....: 0
2019-07-23T18:20:37: === GCTAModelCubeBackground ===
2019-07-23T18:20:37:  Name ......................: BackgroundModel
2019-07-23T18:20:37:  Instruments ...............: CTA, HESS, MAGIC, VERITAS
2019-07-23T18:20:37:  Observation identifiers ...: all
2019-07-23T18:20:37:  Model type ................: "PowerLaw" * "Constant"
2019-07-23T18:20:37:  Number of parameters ......: 4
2019-07-23T18:20:37:  Number of spectral par's ..: 3
2019-07-23T18:20:37:   Prefactor ................: 0.97076383110467 +/- 0.004375077608861 [0.01,100] ph/cm2/s/MeV (free,scale=1,gradient)
2019-07-23T18:20:37:   Index ....................: -0.0178201288913278 +/- 0.00260249470830483 [-5,5]  (free,scale=1,gradient)
2019-07-23T18:20:37:   PivotEnergy ..............: 1000000 MeV (fixed,scale=1000000,gradient)
2019-07-23T18:20:37:  Number of temporal par's ..: 1
2019-07-23T18:20:37:   Normalization ............: 1 (relative value) (fixed,scale=1,gradient)
2019-07-23T18:20:37: 
2019-07-23T18:20:37: +===========================+
2019-07-23T18:20:37: | Compute covariance matrix |
2019-07-23T18:20:37: +===========================+
2019-07-23T18:21:09: === GMatrixSparse ===
2019-07-23T18:21:09:  Number of rows ............: 11
2019-07-23T18:21:09:  Number of columns .........: 11
2019-07-23T18:21:09:  Number of nonzero elements : 25
2019-07-23T18:21:09:  Number of allocated cells .: 512
2019-07-23T18:21:09:  Memory block size .........: 512
2019-07-23T18:21:09:  Sparse matrix fill ........: 0.206611570247934
2019-07-23T18:21:09:  Pending element ...........: 0
2019-07-23T18:21:09:  Fill stack size ...........: 0 (none)
2019-07-23T18:21:09:  0, 0, 0, 0, 0, 0, 0, 0, 0, 0, 0
2019-07-23T18:21:09:  0, 0, 0, 0, 0, 0, 0, 0, 0, 0, 0
2019-07-23T18:21:09:  0, 0, 4.5601266703613e-40, 1.9114799022564e-23, -3.68112533493404e-13, 0, 0, -2.9105078113496e-24, -5.23903768385647e-25, 0, 0
2019-07-23T18:21:09:  0, 0, 1.9114799022564e-23, 6.76164357101071e-05, -261633.001346294, 0, 0, 2.92258318578814e-07, -5.75646512573979e-07, 0, 0
2019-07-23T18:21:09:  0, 0, -3.68112533493404e-13, -261633.001346294, 2.49475884024094e+15, 0, 0, -2.80814285821212, 2014.10403333364, 0, 0
2019-07-23T18:21:09:  0, 0, 0, 0, 0, 0, 0, 0, 0, 0, 0
2019-07-23T18:21:09:  0, 0, 0, 0, 0, 0, 0, 0, 0, 0, 0
2019-07-23T18:21:09:  0, 0, -2.9105078113496e-24, 2.92258318578815e-07, -2.80814285821548, 0, 0, 1.91413040835629e-05, 1.03928696110075e-05, 0, 0
2019-07-23T18:21:09:  0, 0, -5.23903768385645e-25, -5.75646512573979e-07, 2014.10403333364, 0, 0, 1.03928696110075e-05, 6.77297870675896e-06, 0, 0
2019-07-23T18:21:09:  0, 0, 0, 0, 0, 0, 0, 0, 0, 0, 0
2019-07-23T18:21:09:  0, 0, 0, 0, 0, 0, 0, 0, 0, 0, 0
2019-07-23T18:21:09: 
2019-07-23T18:21:09: +===============================+
2019-07-23T18:21:09: | Prepare butterfly computation |
2019-07-23T18:21:09: +===============================+
2019-07-23T18:21:09:  Confidence level ..........: 0.68
2019-07-23T18:21:09:  Corresponding scaling .....: 0.994458
2019-07-23T18:21:09: 
2019-07-23T18:21:09: +====================+
2019-07-23T18:21:09: | Generate butterfly |
2019-07-23T18:21:09: +====================+
2019-07-23T18:21:09: 
2019-07-23T18:21:09: +=========+
2019-07-23T18:21:09: | Results |
2019-07-23T18:21:09: +=========+
2019-07-23T18:21:09:  Intensity at 112606.251051226 MeV : 1.87221335025802e-16 (1.83602152800223e-16, 1.9084051725138e-16) ph/cm2/s/MeV
2019-07-23T18:21:09:  Intensity at 142786.615593472 MeV : 1.15715354677152e-16 (1.13670524476761e-16, 1.17760184877543e-16) ph/cm2/s/MeV
2019-07-23T18:21:09:  Intensity at 181055.824186555 MeV : 7.15170787083014e-17 (7.03675996610049e-17, 7.2666557755598e-17) ph/cm2/s/MeV
2019-07-23T18:21:09:  Intensity at 229581.822747338 MeV : 4.4198460322335e-17 (4.35551720123001e-17, 4.48417486323699e-17) ph/cm2/s/MeV
2019-07-23T18:21:09:  Intensity at 291113.603071291 MeV : 2.73135014617182e-17 (2.69545491501725e-17, 2.76724537732639e-17) ph/cm2/s/MeV
2019-07-23T18:21:09:  Intensity at 369136.932876502 MeV : 1.68776977674461e-17 (1.6677373975168e-17, 1.70780215597241e-17) ph/cm2/s/MeV
2019-07-23T18:21:09:  Intensity at 468071.824112259 MeV : 1.04281051215742e-17 (1.03156869608877e-17, 1.05405232822608e-17) ph/cm2/s/MeV
2019-07-23T18:21:09:  Intensity at 593522.926087366 MeV : 6.44231963530766e-18 (6.37836004037314e-18, 6.50627923024218e-18) ph/cm2/s/MeV
2019-07-23T18:21:09:  Intensity at 752597.028157849 MeV : 3.97932106809637e-18 (3.9420522392182e-18, 4.01658989697455e-18) ph/cm2/s/MeV
2019-07-23T18:21:09:  Intensity at 954305.65846188 MeV : 2.4574615746002e-18 (2.43502209152091e-18, 2.47990105767949e-18) ph/cm2/s/MeV
2019-07-23T18:21:09:  Intensity at 1210075.58587031 MeV : 1.51723093861883e-18 (1.50322752447754e-18, 1.53123435276012e-18) ph/cm2/s/MeV
2019-07-23T18:21:09:  Intensity at 1534396.14502492 MeV : 9.36426319135579e-19 (9.27412225394499e-19, 9.45440412876659e-19) ph/cm2/s/MeV
2019-07-23T18:21:09:  Intensity at 1945640.05534746 MeV : 5.77715693067224e-19 (5.717900273722e-19, 5.83641358762248e-19) ph/cm2/s/MeV
2019-07-23T18:21:09:  Intensity at 2467104.23331454 MeV : 3.56225283407119e-19 (3.52289174189955e-19, 3.60161392624283e-19) ph/cm2/s/MeV
2019-07-23T18:21:09:  Intensity at 3128329.55988436 MeV : 2.19504637938114e-19 (2.16884826981777e-19, 2.22124448894451e-19) ph/cm2/s/MeV
2019-07-23T18:21:09:  Intensity at 3966774.36773649 MeV : 1.35142792248694e-19 (1.33405247261443e-19, 1.36880337235944e-19) ph/cm2/s/MeV
2019-07-23T18:21:09:  Intensity at 5029936.45116879 MeV : 8.31138109140172e-20 (8.1969120262025e-20, 8.42585015660095e-20) ph/cm2/s/MeV
2019-07-23T18:21:09:  Intensity at 6378043.81024912 MeV : 5.10456757920867e-20 (5.02975894873117e-20, 5.17937620968616e-20) ph/cm2/s/MeV
2019-07-23T18:21:09:  Intensity at 8087466.55954362 MeV : 3.12961435461251e-20 (3.08109779488028e-20, 3.17813091434474e-20) ph/cm2/s/MeV
2019-07-23T18:21:09:  Intensity at 10255043.285628 MeV : 1.91455012621877e-20 (1.8832480721509e-20, 1.94585218028664e-20) ph/cm2/s/MeV
2019-07-23T18:21:09:  Intensity at 13003566.9409974 MeV : 1.16796679442094e-20 (1.1477654612593e-20, 1.18816812758258e-20) ph/cm2/s/MeV
2019-07-23T18:21:09:  Intensity at 16488741.0495845 MeV : 7.09998136269977e-21 (6.96832288643875e-21, 7.2316398389608e-21) ph/cm2/s/MeV
2019-07-23T18:21:09:  Intensity at 20908000.2920645 MeV : 4.29669896291933e-21 (4.20889943841371e-21, 4.38449848742494e-21) ph/cm2/s/MeV
2019-07-23T18:21:09:  Intensity at 26511695.1560098 MeV : 2.58548062488666e-21 (2.52481587536178e-21, 2.64614537441154e-21) ph/cm2/s/MeV
2019-07-23T18:21:09:  Intensity at 33617274.2599379 MeV : 1.54459251186217e-21 (1.50097840466821e-21, 1.58820661905612e-21) ph/cm2/s/MeV
2019-07-23T18:21:09:  Intensity at 42627267.7781488 MeV : 9.14351010212849e-22 (8.81983942380502e-22, 9.46718078045197e-22) ph/cm2/s/MeV
2019-07-23T18:21:09:  Intensity at 54052090.7251378 MeV : 5.35024123865069e-22 (5.10617139364963e-22, 5.59431108365175e-22) ph/cm2/s/MeV
2019-07-23T18:21:09:  Intensity at 68538957.9028144 MeV : 3.08492592158451e-22 (2.90094484493866e-22, 3.26890699823035e-22) ph/cm2/s/MeV
2019-07-23T18:21:09:  Intensity at 86908548.5386981 MeV : 1.74588126622699e-22 (1.60906821450563e-22, 1.88269431794834e-22) ph/cm2/s/MeV
2019-07-23T18:21:09:  Intensity at 110201497.662297 MeV : 9.64965854601543e-23 (8.65633106160478e-23, 1.06429860304261e-22) ph/cm2/s/MeV
2019-07-23T18:21:09:  Intensity at 139737347.950364 MeV : 5.17586810584885e-23 (4.47796860916947e-23, 5.87376760252823e-23) ph/cm2/s/MeV
2019-07-23T18:21:09:  Intensity at 177189301.655759 MeV : 2.67262044572938e-23 (2.20239469021376e-23, 3.142846201245e-23) ph/cm2/s/MeV
2019-07-23T18:21:09: 
2019-07-23T18:21:09: +========================+
2019-07-23T18:21:09: | Save Butterfly diagram |
2019-07-23T18:21:09: +========================+
2019-07-23T18:21:09:  Butterfly file ............: /cta/carli/CPPM_Internship/Simulations_and_Analyses/plus_step_EDisp_South_z40_50h/source2c/butterfly_binned.ascii
2019-07-23T18:21:09: 
2019-07-23T18:21:09: Application "ctbutterfly" terminated after 32 wall clock seconds, consuming 33.14 seconds of CPU time.
