2019-07-25T10:33:26: ********************************************************************************
2019-07-25T10:33:26: *                                    cterror                                   *
2019-07-25T10:33:26: * ---------------------------------------------------------------------------- *
2019-07-25T10:33:26: * Version: 1.6.0                                                               *
2019-07-25T10:33:26: ********************************************************************************
2019-07-25T10:33:26: +============+
2019-07-25T10:33:26: | Parameters |
2019-07-25T10:33:26: +============+
2019-07-25T10:33:26:  inobs .....................: /cta/carli/CPPM_Internship/Simulations_and_Analyses/plus_step_EDisp_South_z40_50h/source2c/obs_cube.fits
2019-07-25T10:33:26:  inmodel ...................: /cta/carli/CPPM_Internship/Simulations_and_Analyses/plus_step_EDisp_South_z40_50h/source2c/obsmodel_binned.xml
2019-07-25T10:33:26:  srcname ...................: source2c
2019-07-25T10:33:26:  expcube ...................: /cta/carli/CPPM_Internship/Simulations_and_Analyses/plus_step_EDisp_South_z40_50h/source2c/exposure_cube.fits
2019-07-25T10:33:26:  psfcube ...................: /cta/carli/CPPM_Internship/Simulations_and_Analyses/plus_step_EDisp_South_z40_50h/source2c/PSF_cube.fits
2019-07-25T10:33:26:  edispcube .................: /cta/carli/CPPM_Internship/Simulations_and_Analyses/plus_step_EDisp_South_z40_50h/source2c/edisp_cube.fits
2019-07-25T10:33:26:  bkgcube ...................: /cta/carli/CPPM_Internship/Simulations_and_Analyses/plus_step_EDisp_South_z40_50h/source2c/background_cube.fits
2019-07-25T10:33:26:  caldb .....................: prod3b-v2
2019-07-25T10:33:26:  irf .......................: plus_step_EDisp_South_z40_50h
2019-07-25T10:33:26:  edisp .....................: yes
2019-07-25T10:33:26:  outmodel ..................: 
2019-07-25T10:33:26:  confidence ................: 0.95
2019-07-25T10:33:26:  tol .......................: 1e-3
2019-07-25T10:33:26:  statistic .................: DEFAULT
2019-07-25T10:33:26:  like_accuracy .............: 0.005
2019-07-25T10:33:26:  max_iter ..................: 50
2019-07-25T10:33:26:  nthreads ..................: 0
2019-07-25T10:33:26:  chatter ...................: 4
2019-07-25T10:33:26:  clobber ...................: yes
2019-07-25T10:33:26:  debug .....................: no
2019-07-25T10:33:26:  mode ......................: ql
2019-07-25T10:33:26:  logfile ...................: cterror95.log
2019-07-25T10:33:26: 
2019-07-25T10:33:26: +===================+
2019-07-25T10:33:26: | Input observation |
2019-07-25T10:33:26: +===================+
2019-07-25T10:33:26: === GObservations ===
2019-07-25T10:33:26:  Number of observations ....: 1
2019-07-25T10:33:26:  Number of models ..........: 2
2019-07-25T10:33:26:  Number of observed events .: 320437
2019-07-25T10:33:26:  Number of predicted events : 0
2019-07-25T10:33:26: === GCTAObservation ===
2019-07-25T10:33:26:  Name ......................: 
2019-07-25T10:33:26:  Identifier ................: 000001
2019-07-25T10:33:26:  Instrument ................: CTA
2019-07-25T10:33:26:  Event file ................: /cta/carli/CPPM_Internship/Simulations_and_Analyses/plus_step_EDisp_South_z40_50h/source2c/obs_cube.fits
2019-07-25T10:33:26:  Event type ................: CountsCube
2019-07-25T10:33:26:  Statistic .................: cstat
2019-07-25T10:33:26:  Ontime ....................: 144000 s
2019-07-25T10:33:26:  Livetime ..................: 141120 s
2019-07-25T10:33:26:  Deadtime correction .......: 0.98
2019-07-25T10:33:26:  User energy range .........: undefined
2019-07-25T10:33:26: === GCTAPointing ===
2019-07-25T10:33:26:  Pointing direction ........: (RA,Dec)=(84.1331,22.0145)
2019-07-25T10:33:26: === GCTAResponseCube ===
2019-07-25T10:33:26:  Energy dispersion .........: Used
2019-07-25T10:33:26: === GCTACubeExposure ===
2019-07-25T10:33:26:  Filename ..................: /cta/carli/CPPM_Internship/Simulations_and_Analyses/plus_step_EDisp_South_z40_50h/source2c/exposure_cube.fits
2019-07-25T10:33:26:  Livetime ..................: 141120 sec
2019-07-25T10:33:26: === GEnergies ===
2019-07-25T10:33:26:  Number of energies ........: 33
2019-07-25T10:33:26: === GGti ===
2019-07-25T10:33:26:  Number of intervals .......: 1
2019-07-25T10:33:26:  Ontime ....................: 144000 sec
2019-07-25T10:33:26:  Elapsed time ..............: 144000 sec
2019-07-25T10:33:26:  MJD range .................: 51544.5 - 51546.1666666667 s (TT)
2019-07-25T10:33:26:  UTC range .................: 2000-01-01T11:58:56 - 2000-01-03T03:58:56 s (TT)
2019-07-25T10:33:26:  Reference MJD .............: 51544.5
2019-07-25T10:33:26: === GSkyMap ===
2019-07-25T10:33:26:  Number of pixels ..........: 6400
2019-07-25T10:33:26:  X axis dimension ..........: 80
2019-07-25T10:33:26:  Y axis dimension ..........: 80
2019-07-25T10:33:26:  Number of maps ............: 33
2019-07-25T10:33:26:  Shape of maps .............: (33)
2019-07-25T10:33:26: === GCTACubePsf ===
2019-07-25T10:33:26:  Filename ..................: /cta/carli/CPPM_Internship/Simulations_and_Analyses/plus_step_EDisp_South_z40_50h/source2c/PSF_cube.fits
2019-07-25T10:33:26: === GEnergies ===
2019-07-25T10:33:26:  Number of energies ........: 33
2019-07-25T10:33:26:  Number of delta bins ......: 200
2019-07-25T10:33:26:  Delta range ...............: 1.875e-06 - 0.298501875 deg
2019-07-25T10:33:26: === GSkyMap ===
2019-07-25T10:33:26:  Number of pixels ..........: 1
2019-07-25T10:33:26:  X axis dimension ..........: 1
2019-07-25T10:33:26:  Y axis dimension ..........: 1
2019-07-25T10:33:26:  Number of maps ............: 6600
2019-07-25T10:33:26:  Shape of maps .............: (200, 33)
2019-07-25T10:33:26: === GCTACubeEdisp ===
2019-07-25T10:33:26:  Filename ..................: /cta/carli/CPPM_Internship/Simulations_and_Analyses/plus_step_EDisp_South_z40_50h/source2c/edisp_cube.fits
2019-07-25T10:33:26: === GEnergies ===
2019-07-25T10:33:26:  Number of energies ........: 33
2019-07-25T10:33:26:  Number of migra bins ......: 100
2019-07-25T10:33:26:  Migra range ...............: 0.02 - 2
2019-07-25T10:33:26: === GSkyMap ===
2019-07-25T10:33:26:  Number of pixels ..........: 1
2019-07-25T10:33:26:  X axis dimension ..........: 1
2019-07-25T10:33:26:  Y axis dimension ..........: 1
2019-07-25T10:33:26:  Number of maps ............: 3300
2019-07-25T10:33:26:  Shape of maps .............: (100, 33)
2019-07-25T10:33:26: === GCTACubeBackground ===
2019-07-25T10:33:26:  Filename ..................: /cta/carli/CPPM_Internship/Simulations_and_Analyses/plus_step_EDisp_South_z40_50h/source2c/background_cube.fits
2019-07-25T10:33:26: === GEbounds ===
2019-07-25T10:33:26:  Number of intervals .......: 32
2019-07-25T10:33:26:  Energy range ..............: 100 GeV - 199.526229858398 TeV
2019-07-25T10:33:26: === GSkyMap ===
2019-07-25T10:33:26:  Number of pixels ..........: 6400
2019-07-25T10:33:26:  X axis dimension ..........: 80
2019-07-25T10:33:26:  Y axis dimension ..........: 80
2019-07-25T10:33:26:  Number of maps ............: 32
2019-07-25T10:33:26:  Shape of maps .............: (32)
2019-07-25T10:33:26: === GCTAResponseCache ===
2019-07-25T10:33:26:  Number of cached values ...: 0
2019-07-25T10:33:26: === GCTAEventCube ===
2019-07-25T10:33:26:  Number of events ..........: 320437
2019-07-25T10:33:26:  Number of elements ........: 204800
2019-07-25T10:33:26:  Number of pixels ..........: 6400
2019-07-25T10:33:26:  Number of energy bins .....: 32
2019-07-25T10:33:26:  Time interval .............: 51544.5 - 51546.1666666667 days
2019-07-25T10:33:26:  Pointing ..................: (RA,Dec)=(84.1331,22.0145)
2019-07-25T10:33:26: === GEbounds ===
2019-07-25T10:33:26:  Number of intervals .......: 32
2019-07-25T10:33:26:  Energy range ..............: 100 GeV - 199.526229858398 TeV
2019-07-25T10:33:26: === GSkyMap ===
2019-07-25T10:33:26:  Number of pixels ..........: 6400
2019-07-25T10:33:26:  X axis dimension ..........: 80
2019-07-25T10:33:26:  Y axis dimension ..........: 80
2019-07-25T10:33:26:  Number of maps ............: 32
2019-07-25T10:33:26:  Shape of maps .............: (32)
2019-07-25T10:33:26: === GSkyRegions ===
2019-07-25T10:33:26:  Number of regions .........: 0
2019-07-25T10:33:26: === GModels ===
2019-07-25T10:33:26:  Number of models ..........: 2
2019-07-25T10:33:26:  Number of parameters ......: 11
2019-07-25T10:33:26: === GModelSky ===
2019-07-25T10:33:26:  Name ......................: source2c
2019-07-25T10:33:26:  Instruments ...............: all
2019-07-25T10:33:26:  Test Statistic ............: 67866.274
2019-07-25T10:33:26:  Observation identifiers ...: all
2019-07-25T10:33:26:  Model type ................: PointSource
2019-07-25T10:33:26:  Model components ..........: "PointSource" * "ExponentialCutoffPowerLaw" * "Constant"
2019-07-25T10:33:26:  Number of parameters ......: 7
2019-07-25T10:33:26:  Number of spatial par's ...: 2
2019-07-25T10:33:26:   RA .......................: 83.6331 [-360,360] deg (fixed,scale=1)
2019-07-25T10:33:26:   DEC ......................: 22.0145 [-90,90] deg (fixed,scale=1)
2019-07-25T10:33:26:  Number of spectral par's ..: 4
2019-07-25T10:33:26:   Prefactor ................: 2.24559109997491e-18 [1e-25,1e-15] ph/cm2/s/MeV (fixed,scale=1e-18,gradient)
2019-07-25T10:33:26:   Index ....................: -2.02571030282158 [-0,-5]  (fixed,scale=-1,gradient)
2019-07-25T10:33:26:   CutoffEnergy .............: 208142205.462972 +/- 49947560.9037794 [1000000,100000000000] MeV (free,scale=100000000,gradient)
2019-07-25T10:33:26:   PivotEnergy ..............: 1000000 [10000,1000000000] MeV (fixed,scale=1000000,gradient)
2019-07-25T10:33:26:  Number of temporal par's ..: 1
2019-07-25T10:33:26:   Normalization ............: 1 (relative value) (fixed,scale=1,gradient)
2019-07-25T10:33:26:  Number of scale par's .....: 0
2019-07-25T10:33:26: === GCTAModelCubeBackground ===
2019-07-25T10:33:26:  Name ......................: BackgroundModel
2019-07-25T10:33:26:  Instruments ...............: CTA, HESS, MAGIC, VERITAS
2019-07-25T10:33:26:  Observation identifiers ...: all
2019-07-25T10:33:26:  Model type ................: "PowerLaw" * "Constant"
2019-07-25T10:33:26:  Number of parameters ......: 4
2019-07-25T10:33:26:  Number of spectral par's ..: 3
2019-07-25T10:33:26:   Prefactor ................: 0.97076383110467 [0.01,100] ph/cm2/s/MeV (fixed,scale=1,gradient)
2019-07-25T10:33:26:   Index ....................: -0.0178201288913278 [-5,5]  (fixed,scale=1,gradient)
2019-07-25T10:33:26:   PivotEnergy ..............: 1000000 MeV (fixed,scale=1000000,gradient)
2019-07-25T10:33:26:  Number of temporal par's ..: 1
2019-07-25T10:33:26:   Normalization ............: 1 (relative value) (fixed,scale=1,gradient)
2019-07-25T10:33:26: 
2019-07-25T10:33:26: +=============================+
2019-07-25T10:33:26: | Compute best-fit likelihood |
2019-07-25T10:33:26: +=============================+
2019-07-25T10:34:58: === GOptimizerLM ===
2019-07-25T10:34:58:  Optimized function value ..: -338470.497
2019-07-25T10:34:58:  Absolute precision ........: 0.005
2019-07-25T10:34:58:  Acceptable value decrease .: 2
2019-07-25T10:34:58:  Optimization status .......: converged
2019-07-25T10:34:58:  Number of parameters ......: 11
2019-07-25T10:34:58:  Number of free parameters .: 1
2019-07-25T10:34:58:  Number of iterations ......: 1
2019-07-25T10:34:58:  Lambda ....................: 0.0001
2019-07-25T10:34:58:  Maximum log likelihood ....: -338470.497
2019-07-25T10:34:58: === GModels ===
2019-07-25T10:34:58:  Number of models ..........: 2
2019-07-25T10:34:58:  Number of parameters ......: 11
2019-07-25T10:34:58: === GModelSky ===
2019-07-25T10:34:58:  Name ......................: source2c
2019-07-25T10:34:58:  Instruments ...............: all
2019-07-25T10:34:58:  Test Statistic ............: 67866.274
2019-07-25T10:34:58:  Observation identifiers ...: all
2019-07-25T10:34:58:  Model type ................: PointSource
2019-07-25T10:34:58:  Model components ..........: "PointSource" * "ExponentialCutoffPowerLaw" * "Constant"
2019-07-25T10:34:58:  Number of parameters ......: 7
2019-07-25T10:34:58:  Number of spatial par's ...: 2
2019-07-25T10:34:58:   RA .......................: 83.6331 [-360,360] deg (fixed,scale=1)
2019-07-25T10:34:58:   DEC ......................: 22.0145 [-90,90] deg (fixed,scale=1)
2019-07-25T10:34:58:  Number of spectral par's ..: 4
2019-07-25T10:34:58:   Prefactor ................: 2.24559109997491e-18 [1e-25,1e-15] ph/cm2/s/MeV (fixed,scale=1e-18,gradient)
2019-07-25T10:34:58:   Index ....................: -2.02571030282158 [-0,-5]  (fixed,scale=-1,gradient)
2019-07-25T10:34:58:   CutoffEnergy .............: 208178725.001091 +/- 35934047.1413719 [1000000,100000000000] MeV (free,scale=100000000,gradient)
2019-07-25T10:34:58:   PivotEnergy ..............: 1000000 [10000,1000000000] MeV (fixed,scale=1000000,gradient)
2019-07-25T10:34:58:  Number of temporal par's ..: 1
2019-07-25T10:34:58:   Normalization ............: 1 (relative value) (fixed,scale=1,gradient)
2019-07-25T10:34:58:  Number of scale par's .....: 0
2019-07-25T10:34:58: === GCTAModelCubeBackground ===
2019-07-25T10:34:58:  Name ......................: BackgroundModel
2019-07-25T10:34:58:  Instruments ...............: CTA, HESS, MAGIC, VERITAS
2019-07-25T10:34:58:  Observation identifiers ...: all
2019-07-25T10:34:58:  Model type ................: "PowerLaw" * "Constant"
2019-07-25T10:34:58:  Number of parameters ......: 4
2019-07-25T10:34:58:  Number of spectral par's ..: 3
2019-07-25T10:34:58:   Prefactor ................: 0.97076383110467 [0.01,100] ph/cm2/s/MeV (fixed,scale=1,gradient)
2019-07-25T10:34:58:   Index ....................: -0.0178201288913278 [-5,5]  (fixed,scale=1,gradient)
2019-07-25T10:34:58:   PivotEnergy ..............: 1000000 MeV (fixed,scale=1000000,gradient)
2019-07-25T10:34:58:  Number of temporal par's ..: 1
2019-07-25T10:34:58:   Normalization ............: 1 (relative value) (fixed,scale=1,gradient)
2019-07-25T10:34:58: 
2019-07-25T10:34:58: +==============================================================+
2019-07-25T10:34:58: | Compute error for source "source2c" parameter "CutoffEnergy" |
2019-07-25T10:34:58: +==============================================================+
2019-07-25T10:34:58:  Confidence level ..........: 95 %
2019-07-25T10:34:58:  Log-likelihood difference .: 1.92073
2019-07-25T10:34:58:  Initial factor range ......: [0.01, 5.6751919641481]
2019-07-25T10:35:08:    Iteration 1 .............: [0.01, 2.08178725001091]
2019-07-25T10:35:19:    Iteration 2 .............: [1.04589362500545, 2.08178725001091]
2019-07-25T10:35:30:    Iteration 3 .............: [1.04589362500545, 1.56384043750818]
2019-07-25T10:35:40:    Iteration 4 .............: [1.30486703125682, 1.56384043750818]
2019-07-25T10:35:50:    Iteration 5 .............: [1.4343537343825, 1.56384043750818]
2019-07-25T10:36:01:    Iteration 6 .............: [1.49909708594534, 1.56384043750818]
2019-07-25T10:36:12:    Iteration 7 .............: [1.53146876172676, 1.56384043750818]
2019-07-25T10:36:22:    Iteration 8 .............: [1.53146876172676, 1.54765459961747]
2019-07-25T10:36:32:    Iteration 9 .............: [1.53146876172676, 1.53956168067211]
2019-07-25T10:36:43:    Iteration 10 ............: [1.53551522119944, 1.53956168067211]
2019-07-25T10:36:53:    Iteration 11 ............: [1.53753845093578, 1.53956168067211]
2019-07-25T10:37:03:    Iteration 12 ............: [1.53753845093578, 1.53855006580394]
2019-07-25T10:37:13:    Iteration 13 ............: [1.53753845093578, 1.53804425836986]
2019-07-25T10:37:24:    Iteration 1 .............: [2.08178725001091, 5.6751919641481]
2019-07-25T10:37:34:    Iteration 2 .............: [2.08178725001091, 3.8784896070795]
2019-07-25T10:37:44:    Iteration 3 .............: [2.9801384285452, 3.8784896070795]
2019-07-25T10:37:54:    Iteration 4 .............: [2.9801384285452, 3.42931401781235]
2019-07-25T10:38:04:    Iteration 5 .............: [2.9801384285452, 3.20472622317878]
2019-07-25T10:38:13:    Iteration 6 .............: [3.09243232586199, 3.20472622317878]
2019-07-25T10:38:24:    Iteration 7 .............: [3.14857927452038, 3.20472622317878]
2019-07-25T10:38:34:    Iteration 8 .............: [3.14857927452038, 3.17665274884958]
2019-07-25T10:38:44:    Iteration 9 .............: [3.14857927452038, 3.16261601168498]
2019-07-25T10:38:53:    Iteration 10 ............: [3.14857927452038, 3.15559764310268]
2019-07-25T10:38:53:  Lower parameter factor ....: 1.53779
2019-07-25T10:38:53:  Upper parameter factor ....: 3.15209
2019-07-25T10:38:53:  Error from curvature ......: 35934047.1413719 MeV
2019-07-25T10:38:53:  Error from profile ........: 80714855.2079359 MeV
2019-07-25T10:38:53:  Negative profile error ....: 54399589.5358089 MeV
2019-07-25T10:38:53:  Positive profile error ....: 107030120.880063 MeV
2019-07-25T10:38:53: 
2019-07-25T10:38:53: +==============+
2019-07-25T10:38:53: | Save results |
2019-07-25T10:38:53: +==============+
2019-07-25T10:38:53:  Model definition file .....: NONE
2019-07-25T10:38:53: 
2019-07-25T10:38:53: Application "cterror" terminated after 328 wall clock seconds, consuming 411.42 seconds of CPU time.
