2019-07-22T15:54:34: ********************************************************************************
2019-07-22T15:54:34: *                                    ctlike                                    *
2019-07-22T15:54:34: * ---------------------------------------------------------------------------- *
2019-07-22T15:54:34: * Version: 1.6.0                                                               *
2019-07-22T15:54:34: ********************************************************************************
2019-07-22T15:54:34: +============+
2019-07-22T15:54:34: | Parameters |
2019-07-22T15:54:34: +============+
2019-07-22T15:54:34:  inobs .....................: /cta/carli/CPPM_Internship/Simulations_and_Analyses/plus_gradient_AEff_South_z40_50h/source2c/obs_cube.fits
2019-07-22T15:54:34:  inmodel ...................: sourcemodel_cube.xml
2019-07-22T15:54:34:  expcube ...................: /cta/carli/CPPM_Internship/Simulations_and_Analyses/plus_gradient_AEff_South_z40_50h/source2c/exposure_cube.fits
2019-07-22T15:54:34:  psfcube ...................: /cta/carli/CPPM_Internship/Simulations_and_Analyses/plus_gradient_AEff_South_z40_50h/source2c/PSF_cube.fits
2019-07-22T15:54:34:  edispcube .................: /cta/carli/CPPM_Internship/Simulations_and_Analyses/plus_gradient_AEff_South_z40_50h/source2c/edisp_cube.fits
2019-07-22T15:54:34:  bkgcube ...................: /cta/carli/CPPM_Internship/Simulations_and_Analyses/plus_gradient_AEff_South_z40_50h/source2c/background_cube.fits
2019-07-22T15:54:34:  caldb .....................: prod3b-v2
2019-07-22T15:54:34:  irf .......................: plus_gradient_AEff_South_z40_50h
2019-07-22T15:54:34:  edisp .....................: yes
2019-07-22T15:54:34:  outmodel ..................: /cta/carli/CPPM_Internship/Simulations_and_Analyses/plus_gradient_AEff_South_z40_50h/source2c/obsmodel_binned.xml
2019-07-22T15:54:34:  outcovmat .................: NONE
2019-07-22T15:54:34:  statistic .................: DEFAULT
2019-07-22T15:54:34:  refit .....................: no
2019-07-22T15:54:34:  like_accuracy .............: 0.005
2019-07-22T15:54:34:  max_iter ..................: 50
2019-07-22T15:54:34:  fix_spat_for_ts ...........: no
2019-07-22T15:54:34:  nthreads ..................: 0
2019-07-22T15:54:34:  chatter ...................: 4
2019-07-22T15:54:34:  clobber ...................: yes
2019-07-22T15:54:34:  debug .....................: no
2019-07-22T15:54:34:  mode ......................: ql
2019-07-22T15:54:34:  logfile ...................: ctlike.log
2019-07-22T15:54:34: 
2019-07-22T15:54:34: +===================+
2019-07-22T15:54:34: | Input observation |
2019-07-22T15:54:34: +===================+
2019-07-22T15:54:34: === GObservations ===
2019-07-22T15:54:34:  Number of observations ....: 1
2019-07-22T15:54:34:  Number of models ..........: 2
2019-07-22T15:54:34:  Number of observed events .: 320249
2019-07-22T15:54:34:  Number of predicted events : 0
2019-07-22T15:54:34: === GCTAObservation ===
2019-07-22T15:54:34:  Name ......................: 
2019-07-22T15:54:34:  Identifier ................: 000001
2019-07-22T15:54:34:  Instrument ................: CTA
2019-07-22T15:54:34:  Event file ................: /cta/carli/CPPM_Internship/Simulations_and_Analyses/plus_gradient_AEff_South_z40_50h/source2c/obs_cube.fits
2019-07-22T15:54:34:  Event type ................: CountsCube
2019-07-22T15:54:34:  Statistic .................: cstat
2019-07-22T15:54:34:  Ontime ....................: 144000 s
2019-07-22T15:54:34:  Livetime ..................: 141120 s
2019-07-22T15:54:34:  Deadtime correction .......: 0.98
2019-07-22T15:54:34:  User energy range .........: undefined
2019-07-22T15:54:34: === GCTAPointing ===
2019-07-22T15:54:34:  Pointing direction ........: (RA,Dec)=(84.1331,22.0145)
2019-07-22T15:54:34: === GCTAResponseCube ===
2019-07-22T15:54:34:  Energy dispersion .........: Used
2019-07-22T15:54:34: === GCTACubeExposure ===
2019-07-22T15:54:34:  Filename ..................: /cta/carli/CPPM_Internship/Simulations_and_Analyses/plus_gradient_AEff_South_z40_50h/source2c/exposure_cube.fits
2019-07-22T15:54:34:  Livetime ..................: 141120 sec
2019-07-22T15:54:34: === GEnergies ===
2019-07-22T15:54:34:  Number of energies ........: 33
2019-07-22T15:54:34: === GGti ===
2019-07-22T15:54:34:  Number of intervals .......: 1
2019-07-22T15:54:34:  Ontime ....................: 144000 sec
2019-07-22T15:54:34:  Elapsed time ..............: 144000 sec
2019-07-22T15:54:34:  MJD range .................: 51544.5 - 51546.1666666667 s (TT)
2019-07-22T15:54:34:  UTC range .................: 2000-01-01T11:58:56 - 2000-01-03T03:58:56 s (TT)
2019-07-22T15:54:34:  Reference MJD .............: 51544.5
2019-07-22T15:54:34: === GSkyMap ===
2019-07-22T15:54:34:  Number of pixels ..........: 6400
2019-07-22T15:54:34:  X axis dimension ..........: 80
2019-07-22T15:54:34:  Y axis dimension ..........: 80
2019-07-22T15:54:34:  Number of maps ............: 33
2019-07-22T15:54:34:  Shape of maps .............: (33)
2019-07-22T15:54:34: === GCTACubePsf ===
2019-07-22T15:54:34:  Filename ..................: /cta/carli/CPPM_Internship/Simulations_and_Analyses/plus_gradient_AEff_South_z40_50h/source2c/PSF_cube.fits
2019-07-22T15:54:34: === GEnergies ===
2019-07-22T15:54:34:  Number of energies ........: 33
2019-07-22T15:54:34:  Number of delta bins ......: 200
2019-07-22T15:54:34:  Delta range ...............: 1.875e-06 - 0.298501875 deg
2019-07-22T15:54:34: === GSkyMap ===
2019-07-22T15:54:34:  Number of pixels ..........: 1
2019-07-22T15:54:34:  X axis dimension ..........: 1
2019-07-22T15:54:34:  Y axis dimension ..........: 1
2019-07-22T15:54:34:  Number of maps ............: 6600
2019-07-22T15:54:34:  Shape of maps .............: (200, 33)
2019-07-22T15:54:34: === GCTACubeEdisp ===
2019-07-22T15:54:34:  Filename ..................: /cta/carli/CPPM_Internship/Simulations_and_Analyses/plus_gradient_AEff_South_z40_50h/source2c/edisp_cube.fits
2019-07-22T15:54:34: === GEnergies ===
2019-07-22T15:54:34:  Number of energies ........: 33
2019-07-22T15:54:34:  Number of migra bins ......: 100
2019-07-22T15:54:34:  Migra range ...............: 0.02 - 2
2019-07-22T15:54:34: === GSkyMap ===
2019-07-22T15:54:34:  Number of pixels ..........: 1
2019-07-22T15:54:34:  X axis dimension ..........: 1
2019-07-22T15:54:34:  Y axis dimension ..........: 1
2019-07-22T15:54:34:  Number of maps ............: 3300
2019-07-22T15:54:34:  Shape of maps .............: (100, 33)
2019-07-22T15:54:34: === GCTACubeBackground ===
2019-07-22T15:54:34:  Filename ..................: /cta/carli/CPPM_Internship/Simulations_and_Analyses/plus_gradient_AEff_South_z40_50h/source2c/background_cube.fits
2019-07-22T15:54:34: === GEbounds ===
2019-07-22T15:54:34:  Number of intervals .......: 32
2019-07-22T15:54:34:  Energy range ..............: 100 GeV - 199.526229858398 TeV
2019-07-22T15:54:34: === GSkyMap ===
2019-07-22T15:54:34:  Number of pixels ..........: 6400
2019-07-22T15:54:34:  X axis dimension ..........: 80
2019-07-22T15:54:34:  Y axis dimension ..........: 80
2019-07-22T15:54:34:  Number of maps ............: 32
2019-07-22T15:54:34:  Shape of maps .............: (32)
2019-07-22T15:54:34: === GCTAResponseCache ===
2019-07-22T15:54:34:  Number of cached values ...: 0
2019-07-22T15:54:34: === GCTAEventCube ===
2019-07-22T15:54:34:  Number of events ..........: 320249
2019-07-22T15:54:34:  Number of elements ........: 204800
2019-07-22T15:54:34:  Number of pixels ..........: 6400
2019-07-22T15:54:34:  Number of energy bins .....: 32
2019-07-22T15:54:34:  Time interval .............: 51544.5 - 51546.1666666667 days
2019-07-22T15:54:34:  Pointing ..................: (RA,Dec)=(84.1331,22.0145)
2019-07-22T15:54:34: === GEbounds ===
2019-07-22T15:54:34:  Number of intervals .......: 32
2019-07-22T15:54:34:  Energy range ..............: 100 GeV - 199.526229858398 TeV
2019-07-22T15:54:34: === GSkyMap ===
2019-07-22T15:54:34:  Number of pixels ..........: 6400
2019-07-22T15:54:34:  X axis dimension ..........: 80
2019-07-22T15:54:34:  Y axis dimension ..........: 80
2019-07-22T15:54:34:  Number of maps ............: 32
2019-07-22T15:54:34:  Shape of maps .............: (32)
2019-07-22T15:54:34: === GSkyRegions ===
2019-07-22T15:54:34:  Number of regions .........: 0
2019-07-22T15:54:34: === GModels ===
2019-07-22T15:54:34:  Number of models ..........: 2
2019-07-22T15:54:34:  Number of parameters ......: 11
2019-07-22T15:54:34: === GModelSky ===
2019-07-22T15:54:34:  Name ......................: source2c
2019-07-22T15:54:34:  Instruments ...............: all
2019-07-22T15:54:34:  Test Statistic ............: Computation requested
2019-07-22T15:54:34:  Observation identifiers ...: all
2019-07-22T15:54:34:  Model type ................: PointSource
2019-07-22T15:54:34:  Model components ..........: "PointSource" * "ExponentialCutoffPowerLaw" * "Constant"
2019-07-22T15:54:34:  Number of parameters ......: 7
2019-07-22T15:54:34:  Number of spatial par's ...: 2
2019-07-22T15:54:34:   RA .......................: 83.6331 [-360,360] deg (fixed,scale=1)
2019-07-22T15:54:34:   DEC ......................: 22.0145 [-90,90] deg (fixed,scale=1)
2019-07-22T15:54:34:  Number of spectral par's ..: 4
2019-07-22T15:54:34:   Prefactor ................: 2.28e-18 +/- 0 [1e-25,1e-15] ph/cm2/s/MeV (free,scale=1e-18,gradient)
2019-07-22T15:54:34:   Index ....................: -2 +/- 0 [-0,-5]  (free,scale=-1,gradient)
2019-07-22T15:54:34:   CutoffEnergy .............: 100000000 +/- 0 [1000000,100000000000] MeV (free,scale=100000000,gradient)
2019-07-22T15:54:34:   PivotEnergy ..............: 1000000 [10000,1000000000] MeV (fixed,scale=1000000,gradient)
2019-07-22T15:54:34:  Number of temporal par's ..: 1
2019-07-22T15:54:34:   Normalization ............: 1 (relative value) (fixed,scale=1,gradient)
2019-07-22T15:54:34:  Number of scale par's .....: 0
2019-07-22T15:54:34: === GCTAModelCubeBackground ===
2019-07-22T15:54:34:  Name ......................: BackgroundModel
2019-07-22T15:54:34:  Instruments ...............: CTA, HESS, MAGIC, VERITAS
2019-07-22T15:54:34:  Observation identifiers ...: all
2019-07-22T15:54:34:  Model type ................: "PowerLaw" * "Constant"
2019-07-22T15:54:34:  Number of parameters ......: 4
2019-07-22T15:54:34:  Number of spectral par's ..: 3
2019-07-22T15:54:34:   Prefactor ................: 1 +/- 0 [0.01,100] ph/cm2/s/MeV (free,scale=1,gradient)
2019-07-22T15:54:34:   Index ....................: 0 +/- 0 [-5,5]  (free,scale=1,gradient)
2019-07-22T15:54:34:   PivotEnergy ..............: 1000000 MeV (fixed,scale=1000000,gradient)
2019-07-22T15:54:34:  Number of temporal par's ..: 1
2019-07-22T15:54:34:   Normalization ............: 1 (relative value) (fixed,scale=1,gradient)
2019-07-22T15:54:34: 
2019-07-22T15:54:34: +=================================+
2019-07-22T15:54:34: | Maximum likelihood optimisation |
2019-07-22T15:54:34: +=================================+
2019-07-22T15:55:06:  >Iteration   0: -logL=-334128.054, Lambda=1.0e-03
2019-07-22T15:55:35:  >Iteration   1: -logL=-334136.190, Lambda=1.0e-03, delta=8.137, step=1.0e+00, max(|grad|)=182.345543 [Index:3]
2019-07-22T15:56:04:  >Iteration   2: -logL=-334137.810, Lambda=1.0e-04, delta=1.620, step=1.0e+00, max(|grad|)=45.700126 [Index:3]
2019-07-22T15:56:33:  >Iteration   3: -logL=-334137.896, Lambda=1.0e-05, delta=0.086, step=1.0e+00, max(|grad|)=2.830770 [Index:3]
2019-07-22T15:57:02:  >Iteration   4: -logL=-334137.897, Lambda=1.0e-06, delta=0.000, step=1.0e+00, max(|grad|)=-0.003382 [Index:3]
2019-07-22T15:57:02:  
2019-07-22T15:57:02:  +==================+
2019-07-22T15:57:02:  | Curvature matrix |
2019-07-22T15:57:02:  +==================+
2019-07-22T15:57:02:  === GMatrixSparse ===
2019-07-22T15:57:02:   Number of rows ............: 11
2019-07-22T15:57:02:   Number of columns .........: 11
2019-07-22T15:57:02:   Number of nonzero elements : 25
2019-07-22T15:57:02:   Number of allocated cells .: 537
2019-07-22T15:57:02:   Memory block size .........: 512
2019-07-22T15:57:02:   Sparse matrix fill ........: 0.206611570247934
2019-07-22T15:57:02:   Pending element ...........: 0
2019-07-22T15:57:02:   Fill stack size ...........: 0 (none)
2019-07-22T15:57:02:   0, 0, 0, 0, 0, 0, 0, 0, 0, 0, 0
2019-07-22T15:57:02:   0, 0, 0, 0, 0, 0, 0, 0, 0, 0, 0
2019-07-22T15:57:02:   0, 0, 2550.76151868582, -1516.07572869843, 67.3359978251022, 0, 0, 1650.16660293362, -2419.56684690298, 0, 0
2019-07-22T15:57:02:   0, 0, -1516.07572869843, 26017.6915866704, -381.301468835561, 0, 0, 5508.92941173153, -9988.82403729333, 0, 0
2019-07-22T15:57:02:   0, 0, 67.3359978251022, -381.301468835561, 12.2768487695072, 0, 0, 3.98854046275201, -0.526594260210201, 0, 0
2019-07-22T15:57:02:   0, 0, 0, 0, 0, 0, 0, 0, 0, 0, 0
2019-07-22T15:57:02:   0, 0, 0, 0, 0, 0, 0, 0, 0, 0, 0
2019-07-22T15:57:02:   0, 0, 1650.16660293362, 5508.92941173153, 3.98854046275201, 0, 0, 302694.392779552, -473283.507157731, 0, 0
2019-07-22T15:57:02:   0, 0, -2419.56684690298, -9988.82403729333, -0.526594260210197, 0, 0, -473283.507157732, 891087.885128817, 0, 0
2019-07-22T15:57:02:   0, 0, 0, 0, 0, 0, 0, 0, 0, 0, 0
2019-07-22T15:57:02:   0, 0, 0, 0, 0, 0, 0, 0, 0, 0, 0
2019-07-22T15:57:31: 
2019-07-22T15:57:31: +====================================+
2019-07-22T15:57:31: | Maximum likelihood re-optimisation |
2019-07-22T15:57:31: +====================================+
2019-07-22T15:57:32:  >Iteration   0: -logL=-298015.442, Lambda=1.0e-03
2019-07-22T15:57:32:  >Iteration   1: -logL=-299910.974, Lambda=1.0e-03, delta=1895.532, step=1.0e+00, max(|grad|)=-6507.700494 [Prefactor:0]
2019-07-22T15:57:33:  >Iteration   2: -logL=-300103.157, Lambda=1.0e-04, delta=192.183, step=1.0e+00, max(|grad|)=-662.510061 [Prefactor:0]
2019-07-22T15:57:34:  >Iteration   3: -logL=-300106.194, Lambda=1.0e-05, delta=3.037, step=1.0e+00, max(|grad|)=-63.912069 [Index:1]
2019-07-22T15:57:34:  >Iteration   4: -logL=-300106.213, Lambda=1.0e-06, delta=0.019, step=1.0e+00, max(|grad|)=-7.758671 [Index:1]
2019-07-22T15:57:35:  >Iteration   5: -logL=-300106.213, Lambda=1.0e-07, delta=0.000, step=1.0e+00, max(|grad|)=-0.718020 [Index:1]
2019-07-22T15:57:35: 
2019-07-22T15:57:35: +============================================+
2019-07-22T15:57:35: | Maximum likelihood re-optimisation results |
2019-07-22T15:57:35: +============================================+
2019-07-22T15:57:35: === GOptimizerLM ===
2019-07-22T15:57:35:  Optimized function value ..: -300106.213
2019-07-22T15:57:35:  Absolute precision ........: 0.005
2019-07-22T15:57:35:  Acceptable value decrease .: 2
2019-07-22T15:57:35:  Optimization status .......: converged
2019-07-22T15:57:35:  Number of parameters ......: 4
2019-07-22T15:57:35:  Number of free parameters .: 2
2019-07-22T15:57:35:  Number of iterations ......: 5
2019-07-22T15:57:35:  Lambda ....................: 1e-08
2019-07-22T15:57:35: 
2019-07-22T15:57:35: +=========================================+
2019-07-22T15:57:35: | Maximum likelihood optimisation results |
2019-07-22T15:57:35: +=========================================+
2019-07-22T15:57:35: === GOptimizerLM ===
2019-07-22T15:57:35:  Optimized function value ..: -334137.897
2019-07-22T15:57:35:  Absolute precision ........: 0.005
2019-07-22T15:57:35:  Acceptable value decrease .: 2
2019-07-22T15:57:35:  Optimization status .......: converged
2019-07-22T15:57:35:  Number of parameters ......: 11
2019-07-22T15:57:35:  Number of free parameters .: 5
2019-07-22T15:57:35:  Number of iterations ......: 4
2019-07-22T15:57:35:  Lambda ....................: 1e-07
2019-07-22T15:57:35:  Maximum log likelihood ....: 334137.897
2019-07-22T15:57:35:  Observed events  (Nobs) ...: 320249.000
2019-07-22T15:57:35:  Predicted events (Npred) ..: 318482.999 (Nobs - Npred = 1766.00057920965)
2019-07-22T15:57:35: === GModels ===
2019-07-22T15:57:35:  Number of models ..........: 2
2019-07-22T15:57:35:  Number of parameters ......: 11
2019-07-22T15:57:35: === GModelSky ===
2019-07-22T15:57:35:  Name ......................: source2c
2019-07-22T15:57:35:  Instruments ...............: all
2019-07-22T15:57:35:  Test Statistic ............: 68063.3674412777
2019-07-22T15:57:35:  Observation identifiers ...: all
2019-07-22T15:57:35:  Model type ................: PointSource
2019-07-22T15:57:35:  Model components ..........: "PointSource" * "ExponentialCutoffPowerLaw" * "Constant"
2019-07-22T15:57:35:  Number of parameters ......: 7
2019-07-22T15:57:35:  Number of spatial par's ...: 2
2019-07-22T15:57:35:   RA .......................: 83.6331 [-360,360] deg (fixed,scale=1)
2019-07-22T15:57:35:   DEC ......................: 22.0145 [-90,90] deg (fixed,scale=1)
2019-07-22T15:57:35:  Number of spectral par's ..: 4
2019-07-22T15:57:35:   Prefactor ................: 2.23957197960708e-18 +/- 2.15597125201003e-20 [1e-25,1e-15] ph/cm2/s/MeV (free,scale=1e-18,gradient)
2019-07-22T15:57:35:   Index ....................: -2.00932537643287 +/- 0.00847473794890132 [-0,-5]  (free,scale=-1,gradient)
2019-07-22T15:57:35:   CutoffEnergy .............: 184618559.80752 +/- 41336141.6233523 [1000000,100000000000] MeV (free,scale=100000000,gradient)
2019-07-22T15:57:35:   PivotEnergy ..............: 1000000 [10000,1000000000] MeV (fixed,scale=1000000,gradient)
2019-07-22T15:57:35:  Number of temporal par's ..: 1
2019-07-22T15:57:35:   Normalization ............: 1 (relative value) (fixed,scale=1,gradient)
2019-07-22T15:57:35:  Number of scale par's .....: 0
2019-07-22T15:57:35: === GCTAModelCubeBackground ===
2019-07-22T15:57:35:  Name ......................: BackgroundModel
2019-07-22T15:57:35:  Instruments ...............: CTA, HESS, MAGIC, VERITAS
2019-07-22T15:57:35:  Observation identifiers ...: all
2019-07-22T15:57:35:  Model type ................: "PowerLaw" * "Constant"
2019-07-22T15:57:35:  Number of parameters ......: 4
2019-07-22T15:57:35:  Number of spectral par's ..: 3
2019-07-22T15:57:35:   Prefactor ................: 0.992799652104055 +/- 0.00441684289767956 [0.01,100] ph/cm2/s/MeV (free,scale=1,gradient)
2019-07-22T15:57:35:   Index ....................: -0.0036636084211925 +/- 0.00257378658441561 [-5,5]  (free,scale=1,gradient)
2019-07-22T15:57:35:   PivotEnergy ..............: 1000000 MeV (fixed,scale=1000000,gradient)
2019-07-22T15:57:35:  Number of temporal par's ..: 1
2019-07-22T15:57:35:   Normalization ............: 1 (relative value) (fixed,scale=1,gradient)
2019-07-22T15:57:35: 
2019-07-22T15:57:35: +==============+
2019-07-22T15:57:35: | Save results |
2019-07-22T15:57:35: +==============+
2019-07-22T15:57:35:  Model definition file .....: /cta/carli/CPPM_Internship/Simulations_and_Analyses/plus_gradient_AEff_South_z40_50h/source2c/obsmodel_binned.xml
2019-07-22T15:57:35:  Covariance matrix file ....: NONE
2019-07-22T15:57:35: 
2019-07-22T15:57:35: Application "ctlike" terminated after 182 wall clock seconds, consuming 188.66 seconds of CPU time.
