2019-07-22T14:55:18: ********************************************************************************
2019-07-22T14:55:18: *                                  ctbutterfly                                 *
2019-07-22T14:55:18: * ---------------------------------------------------------------------------- *
2019-07-22T14:55:18: * Version: 1.6.0                                                               *
2019-07-22T14:55:18: ********************************************************************************
2019-07-22T14:55:18: +============+
2019-07-22T14:55:18: | Parameters |
2019-07-22T14:55:18: +============+
2019-07-22T14:55:18:  inobs .....................: /cta/carli/CPPM_Internship/Simulations_and_Analyses/plus_step_AEff_South_z40_50h/source2a/obs_cube.fits
2019-07-22T14:55:18:  inmodel ...................: /cta/carli/CPPM_Internship/Simulations_and_Analyses/plus_step_AEff_South_z40_50h/source2a/obsmodel_binned.xml
2019-07-22T14:55:18:  srcname ...................: source2a
2019-07-22T14:55:18:  expcube ...................: /cta/carli/CPPM_Internship/Simulations_and_Analyses/plus_step_AEff_South_z40_50h/source2a/exposure_cube.fits
2019-07-22T14:55:18:  psfcube ...................: /cta/carli/CPPM_Internship/Simulations_and_Analyses/plus_step_AEff_South_z40_50h/source2a/PSF_cube.fits
2019-07-22T14:55:18:  edispcube .................: /cta/carli/CPPM_Internship/Simulations_and_Analyses/plus_step_AEff_South_z40_50h/source2a/edisp_cube.fits
2019-07-22T14:55:18:  bkgcube ...................: /cta/carli/CPPM_Internship/Simulations_and_Analyses/plus_step_AEff_South_z40_50h/source2a/background_cube.fits
2019-07-22T14:55:18:  caldb .....................: prod3b-v2
2019-07-22T14:55:18:  irf .......................: plus_step_AEff_South_z40_50h
2019-07-22T14:55:18:  edisp .....................: yes
2019-07-22T14:55:18:  outfile ...................: /cta/carli/CPPM_Internship/Simulations_and_Analyses/plus_step_AEff_South_z40_50h/source2a/butterfly_binned.ascii
2019-07-22T14:55:18:  method ....................: GAUSSIAN
2019-07-22T14:55:18:  fit .......................: no
2019-07-22T14:55:18:  confidence ................: 0.68
2019-07-22T14:55:18:  statistic .................: DEFAULT
2019-07-22T14:55:18:  like_accuracy .............: 0.005
2019-07-22T14:55:18:  max_iter ..................: 50
2019-07-22T14:55:18:  matrix ....................: NONE
2019-07-22T14:55:18:  ebinalg ...................: LOG
2019-07-22T14:55:18:  emin ......................: 0.1
2019-07-22T14:55:18:  emax ......................: 199.526229858398
2019-07-22T14:55:18:  enumbins ..................: 32
2019-07-22T14:55:18:  ebinfile ..................: [not queried]
2019-07-22T14:55:18:  chatter ...................: 4
2019-07-22T14:55:18:  clobber ...................: yes
2019-07-22T14:55:18:  debug .....................: no
2019-07-22T14:55:18:  mode ......................: ql
2019-07-22T14:55:18:  logfile ...................: ctbutterfly.log
2019-07-22T14:55:18: 
2019-07-22T14:55:18: +===================+
2019-07-22T14:55:18: | Input observation |
2019-07-22T14:55:18: +===================+
2019-07-22T14:55:18: === GObservations ===
2019-07-22T14:55:18:  Number of observations ....: 1
2019-07-22T14:55:18:  Number of models ..........: 2
2019-07-22T14:55:18:  Number of observed events .: 309577
2019-07-22T14:55:18:  Number of predicted events : 0
2019-07-22T14:55:18: === GCTAObservation ===
2019-07-22T14:55:18:  Name ......................: 
2019-07-22T14:55:18:  Identifier ................: 000001
2019-07-22T14:55:18:  Instrument ................: CTA
2019-07-22T14:55:18:  Event file ................: /cta/carli/CPPM_Internship/Simulations_and_Analyses/plus_step_AEff_South_z40_50h/source2a/obs_cube.fits
2019-07-22T14:55:18:  Event type ................: CountsCube
2019-07-22T14:55:18:  Statistic .................: cstat
2019-07-22T14:55:18:  Ontime ....................: 144000 s
2019-07-22T14:55:18:  Livetime ..................: 141120 s
2019-07-22T14:55:18:  Deadtime correction .......: 0.98
2019-07-22T14:55:18:  User energy range .........: undefined
2019-07-22T14:55:18: === GCTAPointing ===
2019-07-22T14:55:18:  Pointing direction ........: (RA,Dec)=(84.1331,22.0145)
2019-07-22T14:55:18: === GCTAResponseCube ===
2019-07-22T14:55:18:  Energy dispersion .........: Used
2019-07-22T14:55:18: === GCTACubeExposure ===
2019-07-22T14:55:18:  Filename ..................: /cta/carli/CPPM_Internship/Simulations_and_Analyses/plus_step_AEff_South_z40_50h/source2a/exposure_cube.fits
2019-07-22T14:55:18:  Livetime ..................: 141120 sec
2019-07-22T14:55:18: === GEnergies ===
2019-07-22T14:55:18:  Number of energies ........: 33
2019-07-22T14:55:18: === GGti ===
2019-07-22T14:55:18:  Number of intervals .......: 1
2019-07-22T14:55:18:  Ontime ....................: 144000 sec
2019-07-22T14:55:18:  Elapsed time ..............: 144000 sec
2019-07-22T14:55:18:  MJD range .................: 51544.5 - 51546.1666666667 s (TT)
2019-07-22T14:55:18:  UTC range .................: 2000-01-01T11:58:56 - 2000-01-03T03:58:56 s (TT)
2019-07-22T14:55:18:  Reference MJD .............: 51544.5
2019-07-22T14:55:18: === GSkyMap ===
2019-07-22T14:55:18:  Number of pixels ..........: 6400
2019-07-22T14:55:18:  X axis dimension ..........: 80
2019-07-22T14:55:18:  Y axis dimension ..........: 80
2019-07-22T14:55:18:  Number of maps ............: 33
2019-07-22T14:55:18:  Shape of maps .............: (33)
2019-07-22T14:55:18: === GCTACubePsf ===
2019-07-22T14:55:18:  Filename ..................: /cta/carli/CPPM_Internship/Simulations_and_Analyses/plus_step_AEff_South_z40_50h/source2a/PSF_cube.fits
2019-07-22T14:55:18: === GEnergies ===
2019-07-22T14:55:18:  Number of energies ........: 33
2019-07-22T14:55:18:  Number of delta bins ......: 200
2019-07-22T14:55:18:  Delta range ...............: 1.875e-06 - 0.298501875 deg
2019-07-22T14:55:18: === GSkyMap ===
2019-07-22T14:55:18:  Number of pixels ..........: 1
2019-07-22T14:55:18:  X axis dimension ..........: 1
2019-07-22T14:55:18:  Y axis dimension ..........: 1
2019-07-22T14:55:18:  Number of maps ............: 6600
2019-07-22T14:55:18:  Shape of maps .............: (200, 33)
2019-07-22T14:55:18: === GCTACubeEdisp ===
2019-07-22T14:55:18:  Filename ..................: /cta/carli/CPPM_Internship/Simulations_and_Analyses/plus_step_AEff_South_z40_50h/source2a/edisp_cube.fits
2019-07-22T14:55:18: === GEnergies ===
2019-07-22T14:55:18:  Number of energies ........: 33
2019-07-22T14:55:18:  Number of migra bins ......: 100
2019-07-22T14:55:18:  Migra range ...............: 0.02 - 2
2019-07-22T14:55:18: === GSkyMap ===
2019-07-22T14:55:18:  Number of pixels ..........: 1
2019-07-22T14:55:18:  X axis dimension ..........: 1
2019-07-22T14:55:18:  Y axis dimension ..........: 1
2019-07-22T14:55:18:  Number of maps ............: 3300
2019-07-22T14:55:18:  Shape of maps .............: (100, 33)
2019-07-22T14:55:18: === GCTACubeBackground ===
2019-07-22T14:55:18:  Filename ..................: /cta/carli/CPPM_Internship/Simulations_and_Analyses/plus_step_AEff_South_z40_50h/source2a/background_cube.fits
2019-07-22T14:55:18: === GEbounds ===
2019-07-22T14:55:18:  Number of intervals .......: 32
2019-07-22T14:55:18:  Energy range ..............: 100 GeV - 199.526229858398 TeV
2019-07-22T14:55:18: === GSkyMap ===
2019-07-22T14:55:18:  Number of pixels ..........: 6400
2019-07-22T14:55:18:  X axis dimension ..........: 80
2019-07-22T14:55:18:  Y axis dimension ..........: 80
2019-07-22T14:55:18:  Number of maps ............: 32
2019-07-22T14:55:18:  Shape of maps .............: (32)
2019-07-22T14:55:18: === GCTAResponseCache ===
2019-07-22T14:55:18:  Number of cached values ...: 0
2019-07-22T14:55:18: === GCTAEventCube ===
2019-07-22T14:55:18:  Number of events ..........: 309577
2019-07-22T14:55:18:  Number of elements ........: 204800
2019-07-22T14:55:18:  Number of pixels ..........: 6400
2019-07-22T14:55:18:  Number of energy bins .....: 32
2019-07-22T14:55:18:  Time interval .............: 51544.5 - 51546.1666666667 days
2019-07-22T14:55:18:  Pointing ..................: (RA,Dec)=(84.1331,22.0145)
2019-07-22T14:55:18: === GEbounds ===
2019-07-22T14:55:18:  Number of intervals .......: 32
2019-07-22T14:55:18:  Energy range ..............: 100 GeV - 199.526229858398 TeV
2019-07-22T14:55:18: === GSkyMap ===
2019-07-22T14:55:18:  Number of pixels ..........: 6400
2019-07-22T14:55:18:  X axis dimension ..........: 80
2019-07-22T14:55:18:  Y axis dimension ..........: 80
2019-07-22T14:55:18:  Number of maps ............: 32
2019-07-22T14:55:18:  Shape of maps .............: (32)
2019-07-22T14:55:18: === GSkyRegions ===
2019-07-22T14:55:18:  Number of regions .........: 0
2019-07-22T14:55:18: === GModels ===
2019-07-22T14:55:18:  Number of models ..........: 2
2019-07-22T14:55:18:  Number of parameters ......: 11
2019-07-22T14:55:18: === GModelSky ===
2019-07-22T14:55:18:  Name ......................: source2a
2019-07-22T14:55:18:  Instruments ...............: all
2019-07-22T14:55:18:  Test Statistic ............: 17496.07
2019-07-22T14:55:18:  Observation identifiers ...: all
2019-07-22T14:55:18:  Model type ................: PointSource
2019-07-22T14:55:18:  Model components ..........: "PointSource" * "ExponentialCutoffPowerLaw" * "Constant"
2019-07-22T14:55:18:  Number of parameters ......: 7
2019-07-22T14:55:18:  Number of spatial par's ...: 2
2019-07-22T14:55:18:   RA .......................: 83.6331 [-360,360] deg (fixed,scale=1)
2019-07-22T14:55:18:   DEC ......................: 22.0145 [-90,90] deg (fixed,scale=1)
2019-07-22T14:55:18:  Number of spectral par's ..: 4
2019-07-22T14:55:18:   Prefactor ................: 7.69945971427652e-19 +/- 1.35913550862233e-20 [1e-26,1e-16] ph/cm2/s/MeV (free,scale=1e-19,gradient)
2019-07-22T14:55:18:   Index ....................: -1.96930386081898 +/- 0.0165416414226513 [-0,-5]  (free,scale=-1,gradient)
2019-07-22T14:55:18:   CutoffEnergy .............: 100696472.8099 +/- 23455981.9228142 [1000000,100000000000] MeV (free,scale=100000000,gradient)
2019-07-22T14:55:18:   PivotEnergy ..............: 1000000 [10000,1000000000] MeV (fixed,scale=1000000,gradient)
2019-07-22T14:55:18:  Number of temporal par's ..: 1
2019-07-22T14:55:18:   Normalization ............: 1 (relative value) (fixed,scale=1,gradient)
2019-07-22T14:55:18:  Number of scale par's .....: 0
2019-07-22T14:55:18: === GCTAModelCubeBackground ===
2019-07-22T14:55:18:  Name ......................: BackgroundModel
2019-07-22T14:55:18:  Instruments ...............: CTA, HESS, MAGIC, VERITAS
2019-07-22T14:55:18:  Observation identifiers ...: all
2019-07-22T14:55:18:  Model type ................: "PowerLaw" * "Constant"
2019-07-22T14:55:18:  Number of parameters ......: 4
2019-07-22T14:55:18:  Number of spectral par's ..: 3
2019-07-22T14:55:18:   Prefactor ................: 0.992326485757162 +/- 0.00440927534383294 [0.01,100] ph/cm2/s/MeV (free,scale=1,gradient)
2019-07-22T14:55:18:   Index ....................: -0.00408355248051148 +/- 0.0025689379277281 [-5,5]  (free,scale=1,gradient)
2019-07-22T14:55:18:   PivotEnergy ..............: 1000000 MeV (fixed,scale=1000000,gradient)
2019-07-22T14:55:18:  Number of temporal par's ..: 1
2019-07-22T14:55:18:   Normalization ............: 1 (relative value) (fixed,scale=1,gradient)
2019-07-22T14:55:18: 
2019-07-22T14:55:18: +===========================+
2019-07-22T14:55:18: | Compute covariance matrix |
2019-07-22T14:55:18: +===========================+
2019-07-22T14:55:50: === GMatrixSparse ===
2019-07-22T14:55:50:  Number of rows ............: 11
2019-07-22T14:55:50:  Number of columns .........: 11
2019-07-22T14:55:50:  Number of nonzero elements : 25
2019-07-22T14:55:50:  Number of allocated cells .: 512
2019-07-22T14:55:50:  Memory block size .........: 512
2019-07-22T14:55:50:  Sparse matrix fill ........: 0.206611570247934
2019-07-22T14:55:50:  Pending element ...........: 0
2019-07-22T14:55:50:  Fill stack size ...........: 0 (none)
2019-07-22T14:55:50:  0, 0, 0, 0, 0, 0, 0, 0, 0, 0, 0
2019-07-22T14:55:50:  0, 0, 0, 0, 0, 0, 0, 0, 0, 0, 0
2019-07-22T14:55:50:  0, 0, 1.84724933078872e-40, -1.64133586479626e-23, -8.08060867675725e-14, 0, 0, -2.55093426245764e-24, -6.21651051036432e-25, 0, 0
2019-07-22T14:55:50:  0, 0, -1.64133586479626e-23, 0.000273625900955454, -259507.551856442, 0, 0, 1.37383452352121e-06, -6.69517886597788e-07, 0, 0
2019-07-22T14:55:50:  0, 0, -8.08060867675725e-14, -259507.551856442, 550183087963287, 0, 0, -486.663408764885, 722.248391729221, 0, 0
2019-07-22T14:55:50:  0, 0, 0, 0, 0, 0, 0, 0, 0, 0, 0
2019-07-22T14:55:50:  0, 0, 0, 0, 0, 0, 0, 0, 0, 0, 0
2019-07-22T14:55:50:  0, 0, -2.55093426245764e-24, 1.37383452352121e-06, -486.663408764884, 0, 0, 1.94417090577289e-05, 1.03171418461939e-05, 0, 0
2019-07-22T14:55:50:  0, 0, -6.21651051036431e-25, -6.6951788659779e-07, 722.248391729221, 0, 0, 1.03171418461938e-05, 6.5994420765161e-06, 0, 0
2019-07-22T14:55:50:  0, 0, 0, 0, 0, 0, 0, 0, 0, 0, 0
2019-07-22T14:55:50:  0, 0, 0, 0, 0, 0, 0, 0, 0, 0, 0
2019-07-22T14:55:50: 
2019-07-22T14:55:50: +===============================+
2019-07-22T14:55:50: | Prepare butterfly computation |
2019-07-22T14:55:50: +===============================+
2019-07-22T14:55:50:  Confidence level ..........: 0.68
2019-07-22T14:55:50:  Corresponding scaling .....: 0.994458
2019-07-22T14:55:50: 
2019-07-22T14:55:50: +====================+
2019-07-22T14:55:50: | Generate butterfly |
2019-07-22T14:55:50: +====================+
2019-07-22T14:55:50: 
2019-07-22T14:55:50: +=========+
2019-07-22T14:55:50: | Results |
2019-07-22T14:55:50: +=========+
2019-07-22T14:55:50:  Intensity at 112606.251051226 MeV : 5.6719999890235e-17 (5.43806777325391e-17, 5.9059322047931e-17) ph/cm2/s/MeV
2019-07-22T14:55:50:  Intensity at 142786.615593472 MeV : 3.55239782767182e-17 (3.41822002550284e-17, 3.68657562984079e-17) ph/cm2/s/MeV
2019-07-22T14:55:50:  Intensity at 181055.824186555 MeV : 2.22470322237212e-17 (2.14819669890794e-17, 2.3012097458363e-17) ph/cm2/s/MeV
2019-07-22T14:55:50:  Intensity at 229581.822747338 MeV : 1.3930873074284e-17 (1.34972629112753e-17, 1.43644832372927e-17) ph/cm2/s/MeV
2019-07-22T14:55:50:  Intensity at 291113.603071291 MeV : 8.72224927058502e-18 (8.47787763049689e-18, 8.96662091067315e-18) ph/cm2/s/MeV
2019-07-22T14:55:50:  Intensity at 369136.932876502 MeV : 5.46018712181274e-18 (5.32305867581201e-18, 5.59731556781347e-18) ph/cm2/s/MeV
2019-07-22T14:55:50:  Intensity at 468071.824112259 MeV : 3.41740435823935e-18 (3.34055634659514e-18, 3.49425236988356e-18) ph/cm2/s/MeV
2019-07-22T14:55:50:  Intensity at 593522.926087366 MeV : 2.13831089937785e-18 (2.095056284488e-18, 2.1815655142677e-18) ph/cm2/s/MeV
2019-07-22T14:55:50:  Intensity at 752597.028157849 MeV : 1.33752010071456e-18 (1.31284208343983e-18, 1.36219811798929e-18) ph/cm2/s/MeV
2019-07-22T14:55:50:  Intensity at 954305.65846188 MeV : 8.36268823843985e-19 (8.21826107362164e-19, 8.50711540325805e-19) ph/cm2/s/MeV
2019-07-22T14:55:50:  Intensity at 1210075.58587031 MeV : 5.22586678013245e-19 (5.13822530273463e-19, 5.31350825753027e-19) ph/cm2/s/MeV
2019-07-22T14:55:50:  Intensity at 1534396.14502492 MeV : 3.26343607178376e-19 (3.20810142030325e-19, 3.31877072326428e-19) ph/cm2/s/MeV
2019-07-22T14:55:50:  Intensity at 1945640.05534746 MeV : 2.03618386923204e-19 (2.00006667141904e-19, 2.07230106704504e-19) ph/cm2/s/MeV
2019-07-22T14:55:50:  Intensity at 2467104.23331454 MeV : 1.26906394565245e-19 (1.24499568130808e-19, 1.29313220999682e-19) ph/cm2/s/MeV
2019-07-22T14:55:50:  Intensity at 3128329.55988436 MeV : 7.89854764840678e-20 (7.73683050613597e-20, 8.06026479067758e-20) ph/cm2/s/MeV
2019-07-22T14:55:50:  Intensity at 3966774.36773649 MeV : 4.907345640245e-20 (4.79880121858863e-20, 5.01589006190137e-20) ph/cm2/s/MeV
2019-07-22T14:55:50:  Intensity at 5029936.45116879 MeV : 3.04212369375977e-20 (2.96976188750285e-20, 3.1144855000167e-20) ph/cm2/s/MeV
2019-07-22T14:55:50:  Intensity at 6378043.81024912 MeV : 1.88052082454748e-20 (1.83274179550703e-20, 1.92829985358793e-20) ph/cm2/s/MeV
2019-07-22T14:55:50:  Intensity at 8087466.55954362 MeV : 1.15830013244594e-20 (1.12706436119121e-20, 1.18953590370067e-20) ph/cm2/s/MeV
2019-07-22T14:55:50:  Intensity at 10255043.285628 MeV : 7.10212136694612e-21 (6.89943114510908e-21, 7.30481158878315e-21) ph/cm2/s/MeV
2019-07-22T14:55:50:  Intensity at 13003566.9409974 MeV : 4.32961723154958e-21 (4.19823960124023e-21, 4.46099486185893e-21) ph/cm2/s/MeV
2019-07-22T14:55:50:  Intensity at 16488741.0495845 MeV : 2.62019620052689e-21 (2.53418726883823e-21, 2.70620513221556e-21) ph/cm2/s/MeV
2019-07-22T14:55:50:  Intensity at 20908000.2920645 MeV : 1.571048164954e-21 (1.51335059240106e-21, 1.62874573750693e-21) ph/cm2/s/MeV
2019-07-22T14:55:50:  Intensity at 26511695.1560098 MeV : 9.30972444818253e-22 (8.90873828849245e-22, 9.71071060787261e-22) ph/cm2/s/MeV
2019-07-22T14:55:50:  Intensity at 33617274.2599379 MeV : 5.43508909128591e-22 (5.14676233720773e-22, 5.72341584536408e-22) ph/cm2/s/MeV
2019-07-22T14:55:50:  Intensity at 42627267.7781488 MeV : 3.1136009168036e-22 (2.90227451773988e-22, 3.32492731586732e-22) ph/cm2/s/MeV
2019-07-22T14:55:50:  Intensity at 54052090.7251378 MeV : 1.7414230626892e-22 (1.58678290206808e-22, 1.89606322331032e-22) ph/cm2/s/MeV
2019-07-22T14:55:50:  Intensity at 68538957.9028144 MeV : 9.44798785475544e-23 (8.33988284777035e-23, 1.05560928617405e-22) ph/cm2/s/MeV
2019-07-22T14:55:50:  Intensity at 86908548.5386981 MeV : 4.93206211205049e-23 (4.16697171432877e-23, 5.69715250977222e-23) ph/cm2/s/MeV
2019-07-22T14:55:50:  Intensity at 110201497.662297 MeV : 2.45179278608447e-23 (1.95007724248517e-23, 2.95350832968376e-23) ph/cm2/s/MeV
2019-07-22T14:55:50:  Intensity at 139737347.950364 MeV : 1.14554970783319e-23 (8.37663694263233e-24, 1.45343572140314e-23) ph/cm2/s/MeV
2019-07-22T14:55:50:  Intensity at 177189301.655759 MeV : 4.94769249926923e-24 (3.2094512239078e-24, 6.68593377463067e-24) ph/cm2/s/MeV
2019-07-22T14:55:50: 
2019-07-22T14:55:50: +========================+
2019-07-22T14:55:50: | Save Butterfly diagram |
2019-07-22T14:55:50: +========================+
2019-07-22T14:55:50:  Butterfly file ............: /cta/carli/CPPM_Internship/Simulations_and_Analyses/plus_step_AEff_South_z40_50h/source2a/butterfly_binned.ascii
2019-07-22T14:55:50: 
2019-07-22T14:55:50: Application "ctbutterfly" terminated after 32 wall clock seconds, consuming 33.4 seconds of CPU time.
