2019-07-25T10:18:14: ********************************************************************************
2019-07-25T10:18:14: *                                    cterror                                   *
2019-07-25T10:18:14: * ---------------------------------------------------------------------------- *
2019-07-25T10:18:14: * Version: 1.6.0                                                               *
2019-07-25T10:18:14: ********************************************************************************
2019-07-25T10:18:15: +============+
2019-07-25T10:18:15: | Parameters |
2019-07-25T10:18:15: +============+
2019-07-25T10:18:15:  inobs .....................: /cta/carli/CPPM_Internship/Simulations_and_Analyses/plus_step_AEff_South_z40_50h/source2a/obs_cube.fits
2019-07-25T10:18:15:  inmodel ...................: /cta/carli/CPPM_Internship/Simulations_and_Analyses/plus_step_AEff_South_z40_50h/source2a/obsmodel_binned.xml
2019-07-25T10:18:15:  srcname ...................: source2a
2019-07-25T10:18:15:  expcube ...................: /cta/carli/CPPM_Internship/Simulations_and_Analyses/plus_step_AEff_South_z40_50h/source2a/exposure_cube.fits
2019-07-25T10:18:15:  psfcube ...................: /cta/carli/CPPM_Internship/Simulations_and_Analyses/plus_step_AEff_South_z40_50h/source2a/PSF_cube.fits
2019-07-25T10:18:15:  edispcube .................: /cta/carli/CPPM_Internship/Simulations_and_Analyses/plus_step_AEff_South_z40_50h/source2a/edisp_cube.fits
2019-07-25T10:18:15:  bkgcube ...................: /cta/carli/CPPM_Internship/Simulations_and_Analyses/plus_step_AEff_South_z40_50h/source2a/background_cube.fits
2019-07-25T10:18:15:  caldb .....................: prod3b-v2
2019-07-25T10:18:15:  irf .......................: plus_step_AEff_South_z40_50h
2019-07-25T10:18:15:  edisp .....................: yes
2019-07-25T10:18:15:  outmodel ..................: 
2019-07-25T10:18:15:  confidence ................: 0.68
2019-07-25T10:18:15:  tol .......................: 1e-3
2019-07-25T10:18:15:  statistic .................: DEFAULT
2019-07-25T10:18:15:  like_accuracy .............: 0.005
2019-07-25T10:18:15:  max_iter ..................: 50
2019-07-25T10:18:15:  nthreads ..................: 0
2019-07-25T10:18:15:  chatter ...................: 4
2019-07-25T10:18:15:  clobber ...................: yes
2019-07-25T10:18:15:  debug .....................: no
2019-07-25T10:18:15:  mode ......................: ql
2019-07-25T10:18:15:  logfile ...................: cterror68.log
2019-07-25T10:18:15: 
2019-07-25T10:18:15: +===================+
2019-07-25T10:18:15: | Input observation |
2019-07-25T10:18:15: +===================+
2019-07-25T10:18:15: === GObservations ===
2019-07-25T10:18:15:  Number of observations ....: 1
2019-07-25T10:18:15:  Number of models ..........: 2
2019-07-25T10:18:15:  Number of observed events .: 309577
2019-07-25T10:18:15:  Number of predicted events : 0
2019-07-25T10:18:15: === GCTAObservation ===
2019-07-25T10:18:15:  Name ......................: 
2019-07-25T10:18:15:  Identifier ................: 000001
2019-07-25T10:18:15:  Instrument ................: CTA
2019-07-25T10:18:15:  Event file ................: /cta/carli/CPPM_Internship/Simulations_and_Analyses/plus_step_AEff_South_z40_50h/source2a/obs_cube.fits
2019-07-25T10:18:15:  Event type ................: CountsCube
2019-07-25T10:18:15:  Statistic .................: cstat
2019-07-25T10:18:15:  Ontime ....................: 144000 s
2019-07-25T10:18:15:  Livetime ..................: 141120 s
2019-07-25T10:18:15:  Deadtime correction .......: 0.98
2019-07-25T10:18:15:  User energy range .........: undefined
2019-07-25T10:18:15: === GCTAPointing ===
2019-07-25T10:18:15:  Pointing direction ........: (RA,Dec)=(84.1331,22.0145)
2019-07-25T10:18:15: === GCTAResponseCube ===
2019-07-25T10:18:15:  Energy dispersion .........: Used
2019-07-25T10:18:15: === GCTACubeExposure ===
2019-07-25T10:18:15:  Filename ..................: /cta/carli/CPPM_Internship/Simulations_and_Analyses/plus_step_AEff_South_z40_50h/source2a/exposure_cube.fits
2019-07-25T10:18:15:  Livetime ..................: 141120 sec
2019-07-25T10:18:15: === GEnergies ===
2019-07-25T10:18:15:  Number of energies ........: 33
2019-07-25T10:18:15: === GGti ===
2019-07-25T10:18:15:  Number of intervals .......: 1
2019-07-25T10:18:15:  Ontime ....................: 144000 sec
2019-07-25T10:18:15:  Elapsed time ..............: 144000 sec
2019-07-25T10:18:15:  MJD range .................: 51544.5 - 51546.1666666667 s (TT)
2019-07-25T10:18:15:  UTC range .................: 2000-01-01T11:58:56 - 2000-01-03T03:58:56 s (TT)
2019-07-25T10:18:15:  Reference MJD .............: 51544.5
2019-07-25T10:18:15: === GSkyMap ===
2019-07-25T10:18:15:  Number of pixels ..........: 6400
2019-07-25T10:18:15:  X axis dimension ..........: 80
2019-07-25T10:18:15:  Y axis dimension ..........: 80
2019-07-25T10:18:15:  Number of maps ............: 33
2019-07-25T10:18:15:  Shape of maps .............: (33)
2019-07-25T10:18:15: === GCTACubePsf ===
2019-07-25T10:18:15:  Filename ..................: /cta/carli/CPPM_Internship/Simulations_and_Analyses/plus_step_AEff_South_z40_50h/source2a/PSF_cube.fits
2019-07-25T10:18:15: === GEnergies ===
2019-07-25T10:18:15:  Number of energies ........: 33
2019-07-25T10:18:15:  Number of delta bins ......: 200
2019-07-25T10:18:15:  Delta range ...............: 1.875e-06 - 0.298501875 deg
2019-07-25T10:18:15: === GSkyMap ===
2019-07-25T10:18:15:  Number of pixels ..........: 1
2019-07-25T10:18:15:  X axis dimension ..........: 1
2019-07-25T10:18:15:  Y axis dimension ..........: 1
2019-07-25T10:18:15:  Number of maps ............: 6600
2019-07-25T10:18:15:  Shape of maps .............: (200, 33)
2019-07-25T10:18:15: === GCTACubeEdisp ===
2019-07-25T10:18:15:  Filename ..................: /cta/carli/CPPM_Internship/Simulations_and_Analyses/plus_step_AEff_South_z40_50h/source2a/edisp_cube.fits
2019-07-25T10:18:15: === GEnergies ===
2019-07-25T10:18:15:  Number of energies ........: 33
2019-07-25T10:18:15:  Number of migra bins ......: 100
2019-07-25T10:18:15:  Migra range ...............: 0.02 - 2
2019-07-25T10:18:15: === GSkyMap ===
2019-07-25T10:18:15:  Number of pixels ..........: 1
2019-07-25T10:18:15:  X axis dimension ..........: 1
2019-07-25T10:18:15:  Y axis dimension ..........: 1
2019-07-25T10:18:15:  Number of maps ............: 3300
2019-07-25T10:18:15:  Shape of maps .............: (100, 33)
2019-07-25T10:18:15: === GCTACubeBackground ===
2019-07-25T10:18:15:  Filename ..................: /cta/carli/CPPM_Internship/Simulations_and_Analyses/plus_step_AEff_South_z40_50h/source2a/background_cube.fits
2019-07-25T10:18:15: === GEbounds ===
2019-07-25T10:18:15:  Number of intervals .......: 32
2019-07-25T10:18:15:  Energy range ..............: 100 GeV - 199.526229858398 TeV
2019-07-25T10:18:15: === GSkyMap ===
2019-07-25T10:18:15:  Number of pixels ..........: 6400
2019-07-25T10:18:15:  X axis dimension ..........: 80
2019-07-25T10:18:15:  Y axis dimension ..........: 80
2019-07-25T10:18:15:  Number of maps ............: 32
2019-07-25T10:18:15:  Shape of maps .............: (32)
2019-07-25T10:18:15: === GCTAResponseCache ===
2019-07-25T10:18:15:  Number of cached values ...: 0
2019-07-25T10:18:15: === GCTAEventCube ===
2019-07-25T10:18:15:  Number of events ..........: 309577
2019-07-25T10:18:15:  Number of elements ........: 204800
2019-07-25T10:18:15:  Number of pixels ..........: 6400
2019-07-25T10:18:15:  Number of energy bins .....: 32
2019-07-25T10:18:15:  Time interval .............: 51544.5 - 51546.1666666667 days
2019-07-25T10:18:15:  Pointing ..................: (RA,Dec)=(84.1331,22.0145)
2019-07-25T10:18:15: === GEbounds ===
2019-07-25T10:18:15:  Number of intervals .......: 32
2019-07-25T10:18:15:  Energy range ..............: 100 GeV - 199.526229858398 TeV
2019-07-25T10:18:15: === GSkyMap ===
2019-07-25T10:18:15:  Number of pixels ..........: 6400
2019-07-25T10:18:15:  X axis dimension ..........: 80
2019-07-25T10:18:15:  Y axis dimension ..........: 80
2019-07-25T10:18:15:  Number of maps ............: 32
2019-07-25T10:18:15:  Shape of maps .............: (32)
2019-07-25T10:18:15: === GSkyRegions ===
2019-07-25T10:18:15:  Number of regions .........: 0
2019-07-25T10:18:15: === GModels ===
2019-07-25T10:18:15:  Number of models ..........: 2
2019-07-25T10:18:15:  Number of parameters ......: 11
2019-07-25T10:18:15: === GModelSky ===
2019-07-25T10:18:15:  Name ......................: source2a
2019-07-25T10:18:15:  Instruments ...............: all
2019-07-25T10:18:15:  Test Statistic ............: 17496.07
2019-07-25T10:18:15:  Observation identifiers ...: all
2019-07-25T10:18:15:  Model type ................: PointSource
2019-07-25T10:18:15:  Model components ..........: "PointSource" * "ExponentialCutoffPowerLaw" * "Constant"
2019-07-25T10:18:15:  Number of parameters ......: 7
2019-07-25T10:18:15:  Number of spatial par's ...: 2
2019-07-25T10:18:15:   RA .......................: 83.6331 [-360,360] deg (fixed,scale=1)
2019-07-25T10:18:15:   DEC ......................: 22.0145 [-90,90] deg (fixed,scale=1)
2019-07-25T10:18:15:  Number of spectral par's ..: 4
2019-07-25T10:18:15:   Prefactor ................: 7.69945971427652e-19 [1e-26,1e-16] ph/cm2/s/MeV (fixed,scale=1e-19,gradient)
2019-07-25T10:18:15:   Index ....................: -1.96930386081898 [-0,-5]  (fixed,scale=-1,gradient)
2019-07-25T10:18:15:   CutoffEnergy .............: 100696472.8099 +/- 23455981.9228142 [1000000,100000000000] MeV (free,scale=100000000,gradient)
2019-07-25T10:18:15:   PivotEnergy ..............: 1000000 [10000,1000000000] MeV (fixed,scale=1000000,gradient)
2019-07-25T10:18:15:  Number of temporal par's ..: 1
2019-07-25T10:18:15:   Normalization ............: 1 (relative value) (fixed,scale=1,gradient)
2019-07-25T10:18:15:  Number of scale par's .....: 0
2019-07-25T10:18:15: === GCTAModelCubeBackground ===
2019-07-25T10:18:15:  Name ......................: BackgroundModel
2019-07-25T10:18:15:  Instruments ...............: CTA, HESS, MAGIC, VERITAS
2019-07-25T10:18:15:  Observation identifiers ...: all
2019-07-25T10:18:15:  Model type ................: "PowerLaw" * "Constant"
2019-07-25T10:18:15:  Number of parameters ......: 4
2019-07-25T10:18:15:  Number of spectral par's ..: 3
2019-07-25T10:18:15:   Prefactor ................: 0.992326485757162 [0.01,100] ph/cm2/s/MeV (fixed,scale=1,gradient)
2019-07-25T10:18:15:   Index ....................: -0.00408355248051148 [-5,5]  (fixed,scale=1,gradient)
2019-07-25T10:18:15:   PivotEnergy ..............: 1000000 MeV (fixed,scale=1000000,gradient)
2019-07-25T10:18:15:  Number of temporal par's ..: 1
2019-07-25T10:18:15:   Normalization ............: 1 (relative value) (fixed,scale=1,gradient)
2019-07-25T10:18:15: 
2019-07-25T10:18:15: +=============================+
2019-07-25T10:18:15: | Compute best-fit likelihood |
2019-07-25T10:18:15: +=============================+
2019-07-25T10:19:49: === GOptimizerLM ===
2019-07-25T10:19:49:  Optimized function value ..: -307336.482
2019-07-25T10:19:49:  Absolute precision ........: 0.005
2019-07-25T10:19:49:  Acceptable value decrease .: 2
2019-07-25T10:19:49:  Optimization status .......: converged
2019-07-25T10:19:49:  Number of parameters ......: 11
2019-07-25T10:19:49:  Number of free parameters .: 1
2019-07-25T10:19:49:  Number of iterations ......: 1
2019-07-25T10:19:49:  Lambda ....................: 0.0001
2019-07-25T10:19:49:  Maximum log likelihood ....: -307336.482
2019-07-25T10:19:49: === GModels ===
2019-07-25T10:19:49:  Number of models ..........: 2
2019-07-25T10:19:49:  Number of parameters ......: 11
2019-07-25T10:19:49: === GModelSky ===
2019-07-25T10:19:49:  Name ......................: source2a
2019-07-25T10:19:49:  Instruments ...............: all
2019-07-25T10:19:49:  Test Statistic ............: 17496.07
2019-07-25T10:19:49:  Observation identifiers ...: all
2019-07-25T10:19:49:  Model type ................: PointSource
2019-07-25T10:19:49:  Model components ..........: "PointSource" * "ExponentialCutoffPowerLaw" * "Constant"
2019-07-25T10:19:49:  Number of parameters ......: 7
2019-07-25T10:19:49:  Number of spatial par's ...: 2
2019-07-25T10:19:49:   RA .......................: 83.6331 [-360,360] deg (fixed,scale=1)
2019-07-25T10:19:49:   DEC ......................: 22.0145 [-90,90] deg (fixed,scale=1)
2019-07-25T10:19:49:  Number of spectral par's ..: 4
2019-07-25T10:19:49:   Prefactor ................: 7.69945971427652e-19 [1e-26,1e-16] ph/cm2/s/MeV (fixed,scale=1e-19,gradient)
2019-07-25T10:19:49:   Index ....................: -1.96930386081898 [-0,-5]  (fixed,scale=-1,gradient)
2019-07-25T10:19:49:   CutoffEnergy .............: 100698166.754032 +/- 15922395.2450868 [1000000,100000000000] MeV (free,scale=100000000,gradient)
2019-07-25T10:19:49:   PivotEnergy ..............: 1000000 [10000,1000000000] MeV (fixed,scale=1000000,gradient)
2019-07-25T10:19:49:  Number of temporal par's ..: 1
2019-07-25T10:19:49:   Normalization ............: 1 (relative value) (fixed,scale=1,gradient)
2019-07-25T10:19:49:  Number of scale par's .....: 0
2019-07-25T10:19:49: === GCTAModelCubeBackground ===
2019-07-25T10:19:49:  Name ......................: BackgroundModel
2019-07-25T10:19:49:  Instruments ...............: CTA, HESS, MAGIC, VERITAS
2019-07-25T10:19:49:  Observation identifiers ...: all
2019-07-25T10:19:49:  Model type ................: "PowerLaw" * "Constant"
2019-07-25T10:19:49:  Number of parameters ......: 4
2019-07-25T10:19:49:  Number of spectral par's ..: 3
2019-07-25T10:19:49:   Prefactor ................: 0.992326485757162 [0.01,100] ph/cm2/s/MeV (fixed,scale=1,gradient)
2019-07-25T10:19:49:   Index ....................: -0.00408355248051148 [-5,5]  (fixed,scale=1,gradient)
2019-07-25T10:19:49:   PivotEnergy ..............: 1000000 MeV (fixed,scale=1000000,gradient)
2019-07-25T10:19:49:  Number of temporal par's ..: 1
2019-07-25T10:19:49:   Normalization ............: 1 (relative value) (fixed,scale=1,gradient)
2019-07-25T10:19:49: 
2019-07-25T10:19:49: +==============================================================+
2019-07-25T10:19:49: | Compute error for source "source2a" parameter "CutoffEnergy" |
2019-07-25T10:19:49: +==============================================================+
2019-07-25T10:19:49:  Confidence level ..........: 68 %
2019-07-25T10:19:49:  Log-likelihood difference .: 0.494473
2019-07-25T10:19:49:  Initial factor range ......: [0.01, 2.599221192049]
2019-07-25T10:19:59:    Iteration 1 .............: [0.01, 1.00698166754032]
2019-07-25T10:20:10:    Iteration 2 .............: [0.508490833770161, 1.00698166754032]
2019-07-25T10:20:20:    Iteration 3 .............: [0.757736250655242, 1.00698166754032]
2019-07-25T10:20:30:    Iteration 4 .............: [0.757736250655242, 0.882358959097782]
2019-07-25T10:20:41:    Iteration 5 .............: [0.820047604876512, 0.882358959097782]
2019-07-25T10:20:51:    Iteration 6 .............: [0.851203281987147, 0.882358959097782]
2019-07-25T10:21:01:    Iteration 7 .............: [0.851203281987147, 0.866781120542465]
2019-07-25T10:21:12:    Iteration 8 .............: [0.858992201264806, 0.866781120542465]
2019-07-25T10:21:22:    Iteration 9 .............: [0.862886660903636, 0.866781120542465]
2019-07-25T10:21:32:    Iteration 10 ............: [0.86483389072305, 0.866781120542465]
2019-07-25T10:21:42:    Iteration 11 ............: [0.865807505632758, 0.866781120542465]
2019-07-25T10:21:53:    Iteration 1 .............: [1.00698166754032, 2.599221192049]
2019-07-25T10:22:03:    Iteration 2 .............: [1.00698166754032, 1.80310142979466]
2019-07-25T10:22:13:    Iteration 3 .............: [1.00698166754032, 1.40504154866749]
2019-07-25T10:22:23:    Iteration 4 .............: [1.00698166754032, 1.20601160810391]
2019-07-25T10:22:34:    Iteration 5 .............: [1.10649663782212, 1.20601160810391]
2019-07-25T10:22:44:    Iteration 6 .............: [1.15625412296301, 1.20601160810391]
2019-07-25T10:22:54:    Iteration 7 .............: [1.18113286553346, 1.20601160810391]
2019-07-25T10:23:04:    Iteration 8 .............: [1.19357223681868, 1.20601160810391]
2019-07-25T10:23:15:    Iteration 9 .............: [1.19357223681868, 1.1997919224613]
2019-07-25T10:23:25:    Iteration 10 ............: [1.19357223681868, 1.19668207963999]
2019-07-25T10:23:35:    Iteration 11 ............: [1.19357223681868, 1.19512715822934]
2019-07-25T10:23:35:  Lower parameter factor ....: 0.866294
2019-07-25T10:23:35:  Upper parameter factor ....: 1.19435
2019-07-25T10:23:35:  Error from curvature ......: 15922395.2450868 MeV
2019-07-25T10:23:35:  Error from profile ........: 16402769.2218199 MeV
2019-07-25T10:23:35:  Negative profile error ....: 14068735.4452711 MeV
2019-07-25T10:23:35:  Positive profile error ....: 18736802.9983687 MeV
2019-07-25T10:23:35: 
2019-07-25T10:23:35: +==============+
2019-07-25T10:23:35: | Save results |
2019-07-25T10:23:35: +==============+
2019-07-25T10:23:35:  Model definition file .....: NONE
2019-07-25T10:23:35: 
2019-07-25T10:23:35: Application "cterror" terminated after 322 wall clock seconds, consuming 403.46 seconds of CPU time.
