2019-07-25T10:23:36: ********************************************************************************
2019-07-25T10:23:36: *                                    cterror                                   *
2019-07-25T10:23:36: * ---------------------------------------------------------------------------- *
2019-07-25T10:23:36: * Version: 1.6.0                                                               *
2019-07-25T10:23:36: ********************************************************************************
2019-07-25T10:23:37: +============+
2019-07-25T10:23:37: | Parameters |
2019-07-25T10:23:37: +============+
2019-07-25T10:23:37:  inobs .....................: /cta/carli/CPPM_Internship/Simulations_and_Analyses/plus_step_AEff_South_z40_50h/source2a/obs_cube.fits
2019-07-25T10:23:37:  inmodel ...................: /cta/carli/CPPM_Internship/Simulations_and_Analyses/plus_step_AEff_South_z40_50h/source2a/obsmodel_binned.xml
2019-07-25T10:23:37:  srcname ...................: source2a
2019-07-25T10:23:37:  expcube ...................: /cta/carli/CPPM_Internship/Simulations_and_Analyses/plus_step_AEff_South_z40_50h/source2a/exposure_cube.fits
2019-07-25T10:23:37:  psfcube ...................: /cta/carli/CPPM_Internship/Simulations_and_Analyses/plus_step_AEff_South_z40_50h/source2a/PSF_cube.fits
2019-07-25T10:23:37:  edispcube .................: /cta/carli/CPPM_Internship/Simulations_and_Analyses/plus_step_AEff_South_z40_50h/source2a/edisp_cube.fits
2019-07-25T10:23:37:  bkgcube ...................: /cta/carli/CPPM_Internship/Simulations_and_Analyses/plus_step_AEff_South_z40_50h/source2a/background_cube.fits
2019-07-25T10:23:37:  caldb .....................: prod3b-v2
2019-07-25T10:23:37:  irf .......................: plus_step_AEff_South_z40_50h
2019-07-25T10:23:37:  edisp .....................: yes
2019-07-25T10:23:37:  outmodel ..................: 
2019-07-25T10:23:37:  confidence ................: 0.95
2019-07-25T10:23:37:  tol .......................: 1e-3
2019-07-25T10:23:37:  statistic .................: DEFAULT
2019-07-25T10:23:37:  like_accuracy .............: 0.005
2019-07-25T10:23:37:  max_iter ..................: 50
2019-07-25T10:23:37:  nthreads ..................: 0
2019-07-25T10:23:37:  chatter ...................: 4
2019-07-25T10:23:37:  clobber ...................: yes
2019-07-25T10:23:37:  debug .....................: no
2019-07-25T10:23:37:  mode ......................: ql
2019-07-25T10:23:37:  logfile ...................: cterror95.log
2019-07-25T10:23:37: 
2019-07-25T10:23:37: +===================+
2019-07-25T10:23:37: | Input observation |
2019-07-25T10:23:37: +===================+
2019-07-25T10:23:37: === GObservations ===
2019-07-25T10:23:37:  Number of observations ....: 1
2019-07-25T10:23:37:  Number of models ..........: 2
2019-07-25T10:23:37:  Number of observed events .: 309577
2019-07-25T10:23:37:  Number of predicted events : 0
2019-07-25T10:23:37: === GCTAObservation ===
2019-07-25T10:23:37:  Name ......................: 
2019-07-25T10:23:37:  Identifier ................: 000001
2019-07-25T10:23:37:  Instrument ................: CTA
2019-07-25T10:23:37:  Event file ................: /cta/carli/CPPM_Internship/Simulations_and_Analyses/plus_step_AEff_South_z40_50h/source2a/obs_cube.fits
2019-07-25T10:23:37:  Event type ................: CountsCube
2019-07-25T10:23:37:  Statistic .................: cstat
2019-07-25T10:23:37:  Ontime ....................: 144000 s
2019-07-25T10:23:37:  Livetime ..................: 141120 s
2019-07-25T10:23:37:  Deadtime correction .......: 0.98
2019-07-25T10:23:37:  User energy range .........: undefined
2019-07-25T10:23:37: === GCTAPointing ===
2019-07-25T10:23:37:  Pointing direction ........: (RA,Dec)=(84.1331,22.0145)
2019-07-25T10:23:37: === GCTAResponseCube ===
2019-07-25T10:23:37:  Energy dispersion .........: Used
2019-07-25T10:23:37: === GCTACubeExposure ===
2019-07-25T10:23:37:  Filename ..................: /cta/carli/CPPM_Internship/Simulations_and_Analyses/plus_step_AEff_South_z40_50h/source2a/exposure_cube.fits
2019-07-25T10:23:37:  Livetime ..................: 141120 sec
2019-07-25T10:23:37: === GEnergies ===
2019-07-25T10:23:37:  Number of energies ........: 33
2019-07-25T10:23:37: === GGti ===
2019-07-25T10:23:37:  Number of intervals .......: 1
2019-07-25T10:23:37:  Ontime ....................: 144000 sec
2019-07-25T10:23:37:  Elapsed time ..............: 144000 sec
2019-07-25T10:23:37:  MJD range .................: 51544.5 - 51546.1666666667 s (TT)
2019-07-25T10:23:37:  UTC range .................: 2000-01-01T11:58:56 - 2000-01-03T03:58:56 s (TT)
2019-07-25T10:23:37:  Reference MJD .............: 51544.5
2019-07-25T10:23:37: === GSkyMap ===
2019-07-25T10:23:37:  Number of pixels ..........: 6400
2019-07-25T10:23:37:  X axis dimension ..........: 80
2019-07-25T10:23:37:  Y axis dimension ..........: 80
2019-07-25T10:23:37:  Number of maps ............: 33
2019-07-25T10:23:37:  Shape of maps .............: (33)
2019-07-25T10:23:37: === GCTACubePsf ===
2019-07-25T10:23:37:  Filename ..................: /cta/carli/CPPM_Internship/Simulations_and_Analyses/plus_step_AEff_South_z40_50h/source2a/PSF_cube.fits
2019-07-25T10:23:37: === GEnergies ===
2019-07-25T10:23:37:  Number of energies ........: 33
2019-07-25T10:23:37:  Number of delta bins ......: 200
2019-07-25T10:23:37:  Delta range ...............: 1.875e-06 - 0.298501875 deg
2019-07-25T10:23:37: === GSkyMap ===
2019-07-25T10:23:37:  Number of pixels ..........: 1
2019-07-25T10:23:37:  X axis dimension ..........: 1
2019-07-25T10:23:37:  Y axis dimension ..........: 1
2019-07-25T10:23:37:  Number of maps ............: 6600
2019-07-25T10:23:37:  Shape of maps .............: (200, 33)
2019-07-25T10:23:37: === GCTACubeEdisp ===
2019-07-25T10:23:37:  Filename ..................: /cta/carli/CPPM_Internship/Simulations_and_Analyses/plus_step_AEff_South_z40_50h/source2a/edisp_cube.fits
2019-07-25T10:23:37: === GEnergies ===
2019-07-25T10:23:37:  Number of energies ........: 33
2019-07-25T10:23:37:  Number of migra bins ......: 100
2019-07-25T10:23:37:  Migra range ...............: 0.02 - 2
2019-07-25T10:23:37: === GSkyMap ===
2019-07-25T10:23:37:  Number of pixels ..........: 1
2019-07-25T10:23:37:  X axis dimension ..........: 1
2019-07-25T10:23:37:  Y axis dimension ..........: 1
2019-07-25T10:23:37:  Number of maps ............: 3300
2019-07-25T10:23:37:  Shape of maps .............: (100, 33)
2019-07-25T10:23:37: === GCTACubeBackground ===
2019-07-25T10:23:37:  Filename ..................: /cta/carli/CPPM_Internship/Simulations_and_Analyses/plus_step_AEff_South_z40_50h/source2a/background_cube.fits
2019-07-25T10:23:37: === GEbounds ===
2019-07-25T10:23:37:  Number of intervals .......: 32
2019-07-25T10:23:37:  Energy range ..............: 100 GeV - 199.526229858398 TeV
2019-07-25T10:23:37: === GSkyMap ===
2019-07-25T10:23:37:  Number of pixels ..........: 6400
2019-07-25T10:23:37:  X axis dimension ..........: 80
2019-07-25T10:23:37:  Y axis dimension ..........: 80
2019-07-25T10:23:37:  Number of maps ............: 32
2019-07-25T10:23:37:  Shape of maps .............: (32)
2019-07-25T10:23:37: === GCTAResponseCache ===
2019-07-25T10:23:37:  Number of cached values ...: 0
2019-07-25T10:23:37: === GCTAEventCube ===
2019-07-25T10:23:37:  Number of events ..........: 309577
2019-07-25T10:23:37:  Number of elements ........: 204800
2019-07-25T10:23:37:  Number of pixels ..........: 6400
2019-07-25T10:23:37:  Number of energy bins .....: 32
2019-07-25T10:23:37:  Time interval .............: 51544.5 - 51546.1666666667 days
2019-07-25T10:23:37:  Pointing ..................: (RA,Dec)=(84.1331,22.0145)
2019-07-25T10:23:37: === GEbounds ===
2019-07-25T10:23:37:  Number of intervals .......: 32
2019-07-25T10:23:37:  Energy range ..............: 100 GeV - 199.526229858398 TeV
2019-07-25T10:23:37: === GSkyMap ===
2019-07-25T10:23:37:  Number of pixels ..........: 6400
2019-07-25T10:23:37:  X axis dimension ..........: 80
2019-07-25T10:23:37:  Y axis dimension ..........: 80
2019-07-25T10:23:37:  Number of maps ............: 32
2019-07-25T10:23:37:  Shape of maps .............: (32)
2019-07-25T10:23:37: === GSkyRegions ===
2019-07-25T10:23:37:  Number of regions .........: 0
2019-07-25T10:23:37: === GModels ===
2019-07-25T10:23:37:  Number of models ..........: 2
2019-07-25T10:23:37:  Number of parameters ......: 11
2019-07-25T10:23:37: === GModelSky ===
2019-07-25T10:23:37:  Name ......................: source2a
2019-07-25T10:23:37:  Instruments ...............: all
2019-07-25T10:23:37:  Test Statistic ............: 17496.07
2019-07-25T10:23:37:  Observation identifiers ...: all
2019-07-25T10:23:37:  Model type ................: PointSource
2019-07-25T10:23:37:  Model components ..........: "PointSource" * "ExponentialCutoffPowerLaw" * "Constant"
2019-07-25T10:23:37:  Number of parameters ......: 7
2019-07-25T10:23:37:  Number of spatial par's ...: 2
2019-07-25T10:23:37:   RA .......................: 83.6331 [-360,360] deg (fixed,scale=1)
2019-07-25T10:23:37:   DEC ......................: 22.0145 [-90,90] deg (fixed,scale=1)
2019-07-25T10:23:37:  Number of spectral par's ..: 4
2019-07-25T10:23:37:   Prefactor ................: 7.69945971427652e-19 [1e-26,1e-16] ph/cm2/s/MeV (fixed,scale=1e-19,gradient)
2019-07-25T10:23:37:   Index ....................: -1.96930386081898 [-0,-5]  (fixed,scale=-1,gradient)
2019-07-25T10:23:37:   CutoffEnergy .............: 100696472.8099 +/- 23455981.9228142 [1000000,100000000000] MeV (free,scale=100000000,gradient)
2019-07-25T10:23:37:   PivotEnergy ..............: 1000000 [10000,1000000000] MeV (fixed,scale=1000000,gradient)
2019-07-25T10:23:37:  Number of temporal par's ..: 1
2019-07-25T10:23:37:   Normalization ............: 1 (relative value) (fixed,scale=1,gradient)
2019-07-25T10:23:37:  Number of scale par's .....: 0
2019-07-25T10:23:37: === GCTAModelCubeBackground ===
2019-07-25T10:23:37:  Name ......................: BackgroundModel
2019-07-25T10:23:37:  Instruments ...............: CTA, HESS, MAGIC, VERITAS
2019-07-25T10:23:37:  Observation identifiers ...: all
2019-07-25T10:23:37:  Model type ................: "PowerLaw" * "Constant"
2019-07-25T10:23:37:  Number of parameters ......: 4
2019-07-25T10:23:37:  Number of spectral par's ..: 3
2019-07-25T10:23:37:   Prefactor ................: 0.992326485757162 [0.01,100] ph/cm2/s/MeV (fixed,scale=1,gradient)
2019-07-25T10:23:37:   Index ....................: -0.00408355248051148 [-5,5]  (fixed,scale=1,gradient)
2019-07-25T10:23:37:   PivotEnergy ..............: 1000000 MeV (fixed,scale=1000000,gradient)
2019-07-25T10:23:37:  Number of temporal par's ..: 1
2019-07-25T10:23:37:   Normalization ............: 1 (relative value) (fixed,scale=1,gradient)
2019-07-25T10:23:37: 
2019-07-25T10:23:37: +=============================+
2019-07-25T10:23:37: | Compute best-fit likelihood |
2019-07-25T10:23:37: +=============================+
2019-07-25T10:25:10: === GOptimizerLM ===
2019-07-25T10:25:10:  Optimized function value ..: -307336.482
2019-07-25T10:25:10:  Absolute precision ........: 0.005
2019-07-25T10:25:10:  Acceptable value decrease .: 2
2019-07-25T10:25:10:  Optimization status .......: converged
2019-07-25T10:25:10:  Number of parameters ......: 11
2019-07-25T10:25:10:  Number of free parameters .: 1
2019-07-25T10:25:10:  Number of iterations ......: 1
2019-07-25T10:25:10:  Lambda ....................: 0.0001
2019-07-25T10:25:10:  Maximum log likelihood ....: -307336.482
2019-07-25T10:25:10: === GModels ===
2019-07-25T10:25:10:  Number of models ..........: 2
2019-07-25T10:25:10:  Number of parameters ......: 11
2019-07-25T10:25:10: === GModelSky ===
2019-07-25T10:25:10:  Name ......................: source2a
2019-07-25T10:25:10:  Instruments ...............: all
2019-07-25T10:25:10:  Test Statistic ............: 17496.07
2019-07-25T10:25:10:  Observation identifiers ...: all
2019-07-25T10:25:10:  Model type ................: PointSource
2019-07-25T10:25:10:  Model components ..........: "PointSource" * "ExponentialCutoffPowerLaw" * "Constant"
2019-07-25T10:25:10:  Number of parameters ......: 7
2019-07-25T10:25:10:  Number of spatial par's ...: 2
2019-07-25T10:25:10:   RA .......................: 83.6331 [-360,360] deg (fixed,scale=1)
2019-07-25T10:25:10:   DEC ......................: 22.0145 [-90,90] deg (fixed,scale=1)
2019-07-25T10:25:10:  Number of spectral par's ..: 4
2019-07-25T10:25:10:   Prefactor ................: 7.69945971427652e-19 [1e-26,1e-16] ph/cm2/s/MeV (fixed,scale=1e-19,gradient)
2019-07-25T10:25:10:   Index ....................: -1.96930386081898 [-0,-5]  (fixed,scale=-1,gradient)
2019-07-25T10:25:10:   CutoffEnergy .............: 100698166.754032 +/- 15922395.2450868 [1000000,100000000000] MeV (free,scale=100000000,gradient)
2019-07-25T10:25:10:   PivotEnergy ..............: 1000000 [10000,1000000000] MeV (fixed,scale=1000000,gradient)
2019-07-25T10:25:10:  Number of temporal par's ..: 1
2019-07-25T10:25:10:   Normalization ............: 1 (relative value) (fixed,scale=1,gradient)
2019-07-25T10:25:10:  Number of scale par's .....: 0
2019-07-25T10:25:10: === GCTAModelCubeBackground ===
2019-07-25T10:25:10:  Name ......................: BackgroundModel
2019-07-25T10:25:10:  Instruments ...............: CTA, HESS, MAGIC, VERITAS
2019-07-25T10:25:10:  Observation identifiers ...: all
2019-07-25T10:25:10:  Model type ................: "PowerLaw" * "Constant"
2019-07-25T10:25:10:  Number of parameters ......: 4
2019-07-25T10:25:10:  Number of spectral par's ..: 3
2019-07-25T10:25:10:   Prefactor ................: 0.992326485757162 [0.01,100] ph/cm2/s/MeV (fixed,scale=1,gradient)
2019-07-25T10:25:10:   Index ....................: -0.00408355248051148 [-5,5]  (fixed,scale=1,gradient)
2019-07-25T10:25:10:   PivotEnergy ..............: 1000000 MeV (fixed,scale=1000000,gradient)
2019-07-25T10:25:10:  Number of temporal par's ..: 1
2019-07-25T10:25:10:   Normalization ............: 1 (relative value) (fixed,scale=1,gradient)
2019-07-25T10:25:10: 
2019-07-25T10:25:10: +==============================================================+
2019-07-25T10:25:10: | Compute error for source "source2a" parameter "CutoffEnergy" |
2019-07-25T10:25:10: +==============================================================+
2019-07-25T10:25:10:  Confidence level ..........: 95 %
2019-07-25T10:25:10:  Log-likelihood difference .: 1.92073
2019-07-25T10:25:10:  Initial factor range ......: [0.01, 2.599221192049]
2019-07-25T10:25:20:    Iteration 1 .............: [0.01, 1.00698166754032]
2019-07-25T10:25:30:    Iteration 2 .............: [0.508490833770161, 1.00698166754032]
2019-07-25T10:25:41:    Iteration 3 .............: [0.757736250655242, 1.00698166754032]
2019-07-25T10:25:51:    Iteration 4 .............: [0.757736250655242, 0.882358959097782]
2019-07-25T10:26:02:    Iteration 5 .............: [0.757736250655242, 0.820047604876512]
2019-07-25T10:26:12:    Iteration 6 .............: [0.757736250655242, 0.788891927765877]
2019-07-25T10:26:22:    Iteration 7 .............: [0.757736250655242, 0.77331408921056]
2019-07-25T10:26:32:    Iteration 8 .............: [0.757736250655242, 0.765525169932901]
2019-07-25T10:26:42:    Iteration 9 .............: [0.757736250655242, 0.761630710294071]
2019-07-25T10:26:52:    Iteration 1 .............: [1.00698166754032, 2.599221192049]
2019-07-25T10:27:02:    Iteration 2 .............: [1.00698166754032, 1.80310142979466]
2019-07-25T10:27:13:    Iteration 3 .............: [1.40504154866749, 1.80310142979466]
2019-07-25T10:27:23:    Iteration 4 .............: [1.40504154866749, 1.60407148923108]
2019-07-25T10:27:33:    Iteration 5 .............: [1.40504154866749, 1.50455651894928]
2019-07-25T10:27:44:    Iteration 6 .............: [1.40504154866749, 1.45479903380839]
2019-07-25T10:27:54:    Iteration 7 .............: [1.42992029123794, 1.45479903380839]
2019-07-25T10:28:04:    Iteration 8 .............: [1.44235966252316, 1.45479903380839]
2019-07-25T10:28:15:    Iteration 9 .............: [1.44235966252316, 1.44857934816578]
2019-07-25T10:28:24:    Iteration 10 ............: [1.44546950534447, 1.44857934816578]
2019-07-25T10:28:34:    Iteration 11 ............: [1.44546950534447, 1.44702442675512]
2019-07-25T10:28:45:    Iteration 12 ............: [1.4462469660498, 1.44702442675512]
2019-07-25T10:28:55:    Iteration 13 ............: [1.4462469660498, 1.44663569640246]
2019-07-25T10:28:55:  Lower parameter factor ....: 0.759683
2019-07-25T10:28:55:  Upper parameter factor ....: 1.44644
2019-07-25T10:28:55:  Error from curvature ......: 15922395.2450868 MeV
2019-07-25T10:28:55:  Error from profile ........: 34337892.5375736 MeV
2019-07-25T10:28:55:  Negative profile error ....: 24729818.7065666 MeV
2019-07-25T10:28:55:  Positive profile error ....: 43945966.3685806 MeV
2019-07-25T10:28:55: 
2019-07-25T10:28:55: +==============+
2019-07-25T10:28:55: | Save results |
2019-07-25T10:28:55: +==============+
2019-07-25T10:28:55:  Model definition file .....: NONE
2019-07-25T10:28:55: 
2019-07-25T10:28:55: Application "cterror" terminated after 320 wall clock seconds, consuming 394.85 seconds of CPU time.
