2019-07-25T09:46:09: ********************************************************************************
2019-07-25T09:46:09: *                                    cterror                                   *
2019-07-25T09:46:09: * ---------------------------------------------------------------------------- *
2019-07-25T09:46:09: * Version: 1.6.0                                                               *
2019-07-25T09:46:09: ********************************************************************************
2019-07-25T09:46:09: +============+
2019-07-25T09:46:09: | Parameters |
2019-07-25T09:46:09: +============+
2019-07-25T09:46:09:  inobs .....................: /cta/carli/CPPM_Internship/Simulations_and_Analyses/plus_step_EDisp_South_z40_50h/source1a/obs_cube.fits
2019-07-25T09:46:09:  inmodel ...................: /cta/carli/CPPM_Internship/Simulations_and_Analyses/plus_step_EDisp_South_z40_50h/source1a/obsmodel_binned.xml
2019-07-25T09:46:09:  srcname ...................: source1a
2019-07-25T09:46:09:  expcube ...................: /cta/carli/CPPM_Internship/Simulations_and_Analyses/plus_step_EDisp_South_z40_50h/source1a/exposure_cube.fits
2019-07-25T09:46:09:  psfcube ...................: /cta/carli/CPPM_Internship/Simulations_and_Analyses/plus_step_EDisp_South_z40_50h/source1a/PSF_cube.fits
2019-07-25T09:46:09:  edispcube .................: /cta/carli/CPPM_Internship/Simulations_and_Analyses/plus_step_EDisp_South_z40_50h/source1a/edisp_cube.fits
2019-07-25T09:46:09:  bkgcube ...................: /cta/carli/CPPM_Internship/Simulations_and_Analyses/plus_step_EDisp_South_z40_50h/source1a/background_cube.fits
2019-07-25T09:46:09:  caldb .....................: prod3b-v2
2019-07-25T09:46:09:  irf .......................: plus_step_EDisp_South_z40_50h
2019-07-25T09:46:09:  edisp .....................: yes
2019-07-25T09:46:09:  outmodel ..................: 
2019-07-25T09:46:09:  confidence ................: 0.95
2019-07-25T09:46:09:  tol .......................: 1e-3
2019-07-25T09:46:09:  statistic .................: DEFAULT
2019-07-25T09:46:09:  like_accuracy .............: 0.005
2019-07-25T09:46:09:  max_iter ..................: 50
2019-07-25T09:46:09:  nthreads ..................: 0
2019-07-25T09:46:09:  chatter ...................: 4
2019-07-25T09:46:09:  clobber ...................: yes
2019-07-25T09:46:09:  debug .....................: no
2019-07-25T09:46:09:  mode ......................: ql
2019-07-25T09:46:09:  logfile ...................: cterror95.log
2019-07-25T09:46:09: 
2019-07-25T09:46:09: +===================+
2019-07-25T09:46:09: | Input observation |
2019-07-25T09:46:09: +===================+
2019-07-25T09:46:09: === GObservations ===
2019-07-25T09:46:09:  Number of observations ....: 1
2019-07-25T09:46:09:  Number of models ..........: 2
2019-07-25T09:46:09:  Number of observed events .: 309306
2019-07-25T09:46:09:  Number of predicted events : 0
2019-07-25T09:46:09: === GCTAObservation ===
2019-07-25T09:46:09:  Name ......................: 
2019-07-25T09:46:09:  Identifier ................: 000001
2019-07-25T09:46:09:  Instrument ................: CTA
2019-07-25T09:46:09:  Event file ................: /cta/carli/CPPM_Internship/Simulations_and_Analyses/plus_step_EDisp_South_z40_50h/source1a/obs_cube.fits
2019-07-25T09:46:09:  Event type ................: CountsCube
2019-07-25T09:46:09:  Statistic .................: cstat
2019-07-25T09:46:09:  Ontime ....................: 144000 s
2019-07-25T09:46:09:  Livetime ..................: 141120 s
2019-07-25T09:46:09:  Deadtime correction .......: 0.98
2019-07-25T09:46:09:  User energy range .........: undefined
2019-07-25T09:46:09: === GCTAPointing ===
2019-07-25T09:46:09:  Pointing direction ........: (RA,Dec)=(84.1331,22.0145)
2019-07-25T09:46:09: === GCTAResponseCube ===
2019-07-25T09:46:09:  Energy dispersion .........: Used
2019-07-25T09:46:09: === GCTACubeExposure ===
2019-07-25T09:46:09:  Filename ..................: /cta/carli/CPPM_Internship/Simulations_and_Analyses/plus_step_EDisp_South_z40_50h/source1a/exposure_cube.fits
2019-07-25T09:46:09:  Livetime ..................: 141120 sec
2019-07-25T09:46:09: === GEnergies ===
2019-07-25T09:46:09:  Number of energies ........: 33
2019-07-25T09:46:09: === GGti ===
2019-07-25T09:46:09:  Number of intervals .......: 1
2019-07-25T09:46:09:  Ontime ....................: 144000 sec
2019-07-25T09:46:09:  Elapsed time ..............: 144000 sec
2019-07-25T09:46:09:  MJD range .................: 51544.5 - 51546.1666666667 s (TT)
2019-07-25T09:46:09:  UTC range .................: 2000-01-01T11:58:56 - 2000-01-03T03:58:56 s (TT)
2019-07-25T09:46:09:  Reference MJD .............: 51544.5
2019-07-25T09:46:09: === GSkyMap ===
2019-07-25T09:46:09:  Number of pixels ..........: 6400
2019-07-25T09:46:09:  X axis dimension ..........: 80
2019-07-25T09:46:09:  Y axis dimension ..........: 80
2019-07-25T09:46:09:  Number of maps ............: 33
2019-07-25T09:46:09:  Shape of maps .............: (33)
2019-07-25T09:46:09: === GCTACubePsf ===
2019-07-25T09:46:09:  Filename ..................: /cta/carli/CPPM_Internship/Simulations_and_Analyses/plus_step_EDisp_South_z40_50h/source1a/PSF_cube.fits
2019-07-25T09:46:09: === GEnergies ===
2019-07-25T09:46:09:  Number of energies ........: 33
2019-07-25T09:46:09:  Number of delta bins ......: 200
2019-07-25T09:46:09:  Delta range ...............: 1.875e-06 - 0.298501875 deg
2019-07-25T09:46:09: === GSkyMap ===
2019-07-25T09:46:09:  Number of pixels ..........: 1
2019-07-25T09:46:09:  X axis dimension ..........: 1
2019-07-25T09:46:09:  Y axis dimension ..........: 1
2019-07-25T09:46:09:  Number of maps ............: 6600
2019-07-25T09:46:09:  Shape of maps .............: (200, 33)
2019-07-25T09:46:09: === GCTACubeEdisp ===
2019-07-25T09:46:09:  Filename ..................: /cta/carli/CPPM_Internship/Simulations_and_Analyses/plus_step_EDisp_South_z40_50h/source1a/edisp_cube.fits
2019-07-25T09:46:09: === GEnergies ===
2019-07-25T09:46:09:  Number of energies ........: 33
2019-07-25T09:46:09:  Number of migra bins ......: 100
2019-07-25T09:46:09:  Migra range ...............: 0.02 - 2
2019-07-25T09:46:09: === GSkyMap ===
2019-07-25T09:46:09:  Number of pixels ..........: 1
2019-07-25T09:46:09:  X axis dimension ..........: 1
2019-07-25T09:46:09:  Y axis dimension ..........: 1
2019-07-25T09:46:09:  Number of maps ............: 3300
2019-07-25T09:46:09:  Shape of maps .............: (100, 33)
2019-07-25T09:46:09: === GCTACubeBackground ===
2019-07-25T09:46:09:  Filename ..................: /cta/carli/CPPM_Internship/Simulations_and_Analyses/plus_step_EDisp_South_z40_50h/source1a/background_cube.fits
2019-07-25T09:46:09: === GEbounds ===
2019-07-25T09:46:09:  Number of intervals .......: 32
2019-07-25T09:46:09:  Energy range ..............: 100 GeV - 199.526229858398 TeV
2019-07-25T09:46:09: === GSkyMap ===
2019-07-25T09:46:09:  Number of pixels ..........: 6400
2019-07-25T09:46:09:  X axis dimension ..........: 80
2019-07-25T09:46:09:  Y axis dimension ..........: 80
2019-07-25T09:46:09:  Number of maps ............: 32
2019-07-25T09:46:09:  Shape of maps .............: (32)
2019-07-25T09:46:09: === GCTAResponseCache ===
2019-07-25T09:46:09:  Number of cached values ...: 0
2019-07-25T09:46:09: === GCTAEventCube ===
2019-07-25T09:46:09:  Number of events ..........: 309306
2019-07-25T09:46:09:  Number of elements ........: 204800
2019-07-25T09:46:09:  Number of pixels ..........: 6400
2019-07-25T09:46:09:  Number of energy bins .....: 32
2019-07-25T09:46:09:  Time interval .............: 51544.5 - 51546.1666666667 days
2019-07-25T09:46:09:  Pointing ..................: (RA,Dec)=(84.1331,22.0145)
2019-07-25T09:46:09: === GEbounds ===
2019-07-25T09:46:09:  Number of intervals .......: 32
2019-07-25T09:46:09:  Energy range ..............: 100 GeV - 199.526229858398 TeV
2019-07-25T09:46:09: === GSkyMap ===
2019-07-25T09:46:09:  Number of pixels ..........: 6400
2019-07-25T09:46:09:  X axis dimension ..........: 80
2019-07-25T09:46:09:  Y axis dimension ..........: 80
2019-07-25T09:46:09:  Number of maps ............: 32
2019-07-25T09:46:09:  Shape of maps .............: (32)
2019-07-25T09:46:09: === GSkyRegions ===
2019-07-25T09:46:09:  Number of regions .........: 0
2019-07-25T09:46:09: === GModels ===
2019-07-25T09:46:09:  Number of models ..........: 2
2019-07-25T09:46:09:  Number of parameters ......: 11
2019-07-25T09:46:09: === GModelSky ===
2019-07-25T09:46:09:  Name ......................: source1a
2019-07-25T09:46:09:  Instruments ...............: all
2019-07-25T09:46:09:  Test Statistic ............: 15335.841
2019-07-25T09:46:09:  Observation identifiers ...: all
2019-07-25T09:46:09:  Model type ................: PointSource
2019-07-25T09:46:09:  Model components ..........: "PointSource" * "ExponentialCutoffPowerLaw" * "Constant"
2019-07-25T09:46:09:  Number of parameters ......: 7
2019-07-25T09:46:09:  Number of spatial par's ...: 2
2019-07-25T09:46:09:   RA .......................: 83.6331 [-360,360] deg (fixed,scale=1)
2019-07-25T09:46:09:   DEC ......................: 22.0145 [-90,90] deg (fixed,scale=1)
2019-07-25T09:46:09:  Number of spectral par's ..: 4
2019-07-25T09:46:09:   Prefactor ................: 7.61671724379389e-19 [1e-26,1e-16] ph/cm2/s/MeV (fixed,scale=1e-19,gradient)
2019-07-25T09:46:09:   Index ....................: -2.03410726298873 [-0,-5]  (fixed,scale=-1,gradient)
2019-07-25T09:46:09:   CutoffEnergy .............: 74278958.2541827 +/- 16115643.1434368 [100000,10000000000] MeV (free,scale=10000000,gradient)
2019-07-25T09:46:09:   PivotEnergy ..............: 1000000 [10000,1000000000] MeV (fixed,scale=1000000,gradient)
2019-07-25T09:46:09:  Number of temporal par's ..: 1
2019-07-25T09:46:09:   Normalization ............: 1 (relative value) (fixed,scale=1,gradient)
2019-07-25T09:46:09:  Number of scale par's .....: 0
2019-07-25T09:46:09: === GCTAModelCubeBackground ===
2019-07-25T09:46:09:  Name ......................: BackgroundModel
2019-07-25T09:46:09:  Instruments ...............: CTA, HESS, MAGIC, VERITAS
2019-07-25T09:46:09:  Observation identifiers ...: all
2019-07-25T09:46:09:  Model type ................: "PowerLaw" * "Constant"
2019-07-25T09:46:09:  Number of parameters ......: 4
2019-07-25T09:46:09:  Number of spectral par's ..: 3
2019-07-25T09:46:09:   Prefactor ................: 0.970253849677297 [0.01,100] ph/cm2/s/MeV (fixed,scale=1,gradient)
2019-07-25T09:46:09:   Index ....................: -0.0181909014648155 [-5,5]  (fixed,scale=1,gradient)
2019-07-25T09:46:09:   PivotEnergy ..............: 1000000 MeV (fixed,scale=1000000,gradient)
2019-07-25T09:46:09:  Number of temporal par's ..: 1
2019-07-25T09:46:09:   Normalization ............: 1 (relative value) (fixed,scale=1,gradient)
2019-07-25T09:46:09: 
2019-07-25T09:46:09: +=============================+
2019-07-25T09:46:09: | Compute best-fit likelihood |
2019-07-25T09:46:09: +=============================+
2019-07-25T09:48:11: === GOptimizerLM ===
2019-07-25T09:48:11:  Optimized function value ..: -310681.562
2019-07-25T09:48:11:  Absolute precision ........: 0.005
2019-07-25T09:48:11:  Acceptable value decrease .: 2
2019-07-25T09:48:11:  Optimization status .......: converged
2019-07-25T09:48:11:  Number of parameters ......: 11
2019-07-25T09:48:11:  Number of free parameters .: 1
2019-07-25T09:48:11:  Number of iterations ......: 2
2019-07-25T09:48:11:  Lambda ....................: 0.001
2019-07-25T09:48:11:  Maximum log likelihood ....: -310681.562
2019-07-25T09:48:11: === GModels ===
2019-07-25T09:48:11:  Number of models ..........: 2
2019-07-25T09:48:11:  Number of parameters ......: 11
2019-07-25T09:48:11: === GModelSky ===
2019-07-25T09:48:11:  Name ......................: source1a
2019-07-25T09:48:11:  Instruments ...............: all
2019-07-25T09:48:11:  Test Statistic ............: 15335.841
2019-07-25T09:48:11:  Observation identifiers ...: all
2019-07-25T09:48:11:  Model type ................: PointSource
2019-07-25T09:48:11:  Model components ..........: "PointSource" * "ExponentialCutoffPowerLaw" * "Constant"
2019-07-25T09:48:11:  Number of parameters ......: 7
2019-07-25T09:48:11:  Number of spatial par's ...: 2
2019-07-25T09:48:11:   RA .......................: 83.6331 [-360,360] deg (fixed,scale=1)
2019-07-25T09:48:11:   DEC ......................: 22.0145 [-90,90] deg (fixed,scale=1)
2019-07-25T09:48:11:  Number of spectral par's ..: 4
2019-07-25T09:48:11:   Prefactor ................: 7.61671724379389e-19 [1e-26,1e-16] ph/cm2/s/MeV (fixed,scale=1e-19,gradient)
2019-07-25T09:48:11:   Index ....................: -2.03410726298873 [-0,-5]  (fixed,scale=-1,gradient)
2019-07-25T09:48:11:   CutoffEnergy .............: 74278806.4755749 +/- 10749641.2364489 [100000,10000000000] MeV (free,scale=10000000,gradient)
2019-07-25T09:48:11:   PivotEnergy ..............: 1000000 [10000,1000000000] MeV (fixed,scale=1000000,gradient)
2019-07-25T09:48:11:  Number of temporal par's ..: 1
2019-07-25T09:48:11:   Normalization ............: 1 (relative value) (fixed,scale=1,gradient)
2019-07-25T09:48:11:  Number of scale par's .....: 0
2019-07-25T09:48:11: === GCTAModelCubeBackground ===
2019-07-25T09:48:11:  Name ......................: BackgroundModel
2019-07-25T09:48:11:  Instruments ...............: CTA, HESS, MAGIC, VERITAS
2019-07-25T09:48:11:  Observation identifiers ...: all
2019-07-25T09:48:11:  Model type ................: "PowerLaw" * "Constant"
2019-07-25T09:48:11:  Number of parameters ......: 4
2019-07-25T09:48:11:  Number of spectral par's ..: 3
2019-07-25T09:48:11:   Prefactor ................: 0.970253849677297 [0.01,100] ph/cm2/s/MeV (fixed,scale=1,gradient)
2019-07-25T09:48:11:   Index ....................: -0.0181909014648155 [-5,5]  (fixed,scale=1,gradient)
2019-07-25T09:48:11:   PivotEnergy ..............: 1000000 MeV (fixed,scale=1000000,gradient)
2019-07-25T09:48:11:  Number of temporal par's ..: 1
2019-07-25T09:48:11:   Normalization ............: 1 (relative value) (fixed,scale=1,gradient)
2019-07-25T09:48:11: 
2019-07-25T09:48:11: +==============================================================+
2019-07-25T09:48:11: | Compute error for source "source1a" parameter "CutoffEnergy" |
2019-07-25T09:48:11: +==============================================================+
2019-07-25T09:48:11:  Confidence level ..........: 95 %
2019-07-25T09:48:11:  Log-likelihood difference .: 1.92073
2019-07-25T09:48:11:  Initial factor range ......: [0.01, 18.1775218840064]
2019-07-25T09:48:21:    Iteration 1 .............: [0.01, 7.42788064755749]
2019-07-25T09:48:31:    Iteration 2 .............: [3.71894032377875, 7.42788064755749]
2019-07-25T09:48:41:    Iteration 3 .............: [5.57341048566812, 7.42788064755749]
2019-07-25T09:48:52:    Iteration 4 .............: [5.57341048566812, 6.50064556661281]
2019-07-25T09:49:02:    Iteration 5 .............: [5.57341048566812, 6.03702802614046]
2019-07-25T09:49:12:    Iteration 6 .............: [5.57341048566812, 5.80521925590429]
2019-07-25T09:49:23:    Iteration 7 .............: [5.68931487078621, 5.80521925590429]
2019-07-25T09:49:33:    Iteration 8 .............: [5.68931487078621, 5.74726706334525]
2019-07-25T09:49:43:    Iteration 9 .............: [5.71829096706573, 5.74726706334525]
2019-07-25T09:49:54:    Iteration 10 ............: [5.73277901520549, 5.74726706334525]
2019-07-25T09:50:04:    Iteration 11 ............: [5.74002303927537, 5.74726706334525]
2019-07-25T09:50:14:    Iteration 12 ............: [5.74364505131031, 5.74726706334525]
2019-07-25T09:50:24:    Iteration 13 ............: [5.74364505131031, 5.74545605732778]
2019-07-25T09:50:34:    Iteration 1 .............: [7.42788064755749, 18.1775218840064]
2019-07-25T09:50:44:    Iteration 2 .............: [7.42788064755749, 12.8027012657819]
2019-07-25T09:50:54:    Iteration 3 .............: [10.1152909566697, 12.8027012657819]
2019-07-25T09:51:04:    Iteration 4 .............: [10.1152909566697, 11.4589961112258]
2019-07-25T09:51:14:    Iteration 5 .............: [10.1152909566697, 10.7871435339478]
2019-07-25T09:51:24:    Iteration 6 .............: [10.1152909566697, 10.4512172453087]
2019-07-25T09:51:33:    Iteration 7 .............: [10.1152909566697, 10.2832541009892]
2019-07-25T09:51:43:    Iteration 8 .............: [10.1992725288295, 10.2832541009892]
2019-07-25T09:51:53:    Iteration 9 .............: [10.1992725288295, 10.2412633149094]
2019-07-25T09:51:53:  Lower parameter factor ....: 5.74455
2019-07-25T09:51:53:  Upper parameter factor ....: 10.2203
2019-07-25T09:51:53:  Error from curvature ......: 10749641.2364489 MeV
2019-07-25T09:51:53:  Error from profile ........: 22378586.8377519 MeV
2019-07-25T09:51:53:  Negative profile error ....: 16833300.9323845 MeV
2019-07-25T09:51:53:  Positive profile error ....: 27923872.7431192 MeV
2019-07-25T09:51:53: 
2019-07-25T09:51:53: +==============+
2019-07-25T09:51:53: | Save results |
2019-07-25T09:51:53: +==============+
2019-07-25T09:51:53:  Model definition file .....: NONE
2019-07-25T09:51:53: 
2019-07-25T09:51:53: Application "cterror" terminated after 345 wall clock seconds, consuming 429.71 seconds of CPU time.
