2019-07-23T14:20:06: ********************************************************************************
2019-07-23T14:20:06: *                                   ctskymap                                   *
2019-07-23T14:20:06: * ---------------------------------------------------------------------------- *
2019-07-23T14:20:06: * Version: 1.6.0                                                               *
2019-07-23T14:20:06: ********************************************************************************
2019-07-23T14:20:06: +============+
2019-07-23T14:20:06: | Parameters |
2019-07-23T14:20:06: +============+
2019-07-23T14:20:06:  inobs .....................: /cta/carli/CPPM_Internship/Simulations_and_Analyses/plus_step_EDisp_South_z40_50h/source1a/obs.fits
2019-07-23T14:20:06:  caldb .....................: prod3b-v2
2019-07-23T14:20:06:  irf .......................: plus_step_EDisp_South_z40_50h
2019-07-23T14:20:06:  inmap .....................: NONE
2019-07-23T14:20:06:  outmap ....................: /cta/carli/CPPM_Internship/Simulations_and_Analyses/plus_step_EDisp_South_z40_50h/source1a/skymap.fits
2019-07-23T14:20:06:  emin ......................: 0.1
2019-07-23T14:20:06:  emax ......................: 199.526229858398
2019-07-23T14:20:06:  usepnt ....................: yes
2019-07-23T14:20:06:  nxpix .....................: 80
2019-07-23T14:20:06:  nypix .....................: 80
2019-07-23T14:20:06:  binsz .....................: 0.02
2019-07-23T14:20:06:  coordsys ..................: CEL
2019-07-23T14:20:06:  proj ......................: CAR
2019-07-23T14:20:06:  xref ......................: [not queried]
2019-07-23T14:20:06:  yref ......................: [not queried]
2019-07-23T14:20:06:  bkgsubtract ...............: NONE
2019-07-23T14:20:06:  roiradius .................: [not queried]
2019-07-23T14:20:06:  inradius ..................: [not queried]
2019-07-23T14:20:06:  outradius .................: [not queried]
2019-07-23T14:20:06:  iterations ................: [not queried]
2019-07-23T14:20:06:  threshold .................: [not queried]
2019-07-23T14:20:06:  inexclusion ...............: NONE
2019-07-23T14:20:06:  usefft ....................: yes
2019-07-23T14:20:06:  publish ...................: no
2019-07-23T14:20:06:  chatter ...................: 4
2019-07-23T14:20:06:  clobber ...................: yes
2019-07-23T14:20:06:  debug .....................: no
2019-07-23T14:20:06:  mode ......................: ql
2019-07-23T14:20:06:  logfile ...................: ctskymap.log
2019-07-23T14:20:06: 
2019-07-23T14:20:06: +===================+
2019-07-23T14:20:06: | Input observation |
2019-07-23T14:20:06: +===================+
2019-07-23T14:20:06: === GObservations ===
2019-07-23T14:20:06:  Number of observations ....: 1
2019-07-23T14:20:06:  Number of models ..........: 0
2019-07-23T14:20:06:  Number of observed events .: 309309
2019-07-23T14:20:06:  Number of predicted events : 0
2019-07-23T14:20:06: === GCTAObservation ===
2019-07-23T14:20:06:  Name ......................: 
2019-07-23T14:20:06:  Identifier ................: 000001
2019-07-23T14:20:06:  Instrument ................: CTA
2019-07-23T14:20:06:  Event file ................: /cta/carli/CPPM_Internship/Simulations_and_Analyses/plus_step_EDisp_South_z40_50h/source1a/obs.fits
2019-07-23T14:20:06:  Event type ................: EventList
2019-07-23T14:20:06:  Statistic .................: cstat
2019-07-23T14:20:06:  Ontime ....................: 144000 s
2019-07-23T14:20:06:  Livetime ..................: 141120 s
2019-07-23T14:20:06:  Deadtime correction .......: 0.98
2019-07-23T14:20:06:  User energy range .........: undefined
2019-07-23T14:20:06: === GCTAPointing ===
2019-07-23T14:20:06:  Pointing direction ........: (RA,Dec)=(84.1331,22.0145)
2019-07-23T14:20:06:  Response function .........: undefined
2019-07-23T14:20:06: === GCTAEventList ===
2019-07-23T14:20:06:  Number of events ..........: 309309 (disposed in "/cta/carli/CPPM_Internship/Simulations_and_Analyses/plus_step_EDisp_South_z40_50h/source1a/obs.fits")
2019-07-23T14:20:06:  Time interval .............: 51544.5 - 51546.1666666667 days
2019-07-23T14:20:06: === GEbounds ===
2019-07-23T14:20:06:  Number of intervals .......: 1
2019-07-23T14:20:06:  Energy range ..............: 100 GeV - 199.526229858398 TeV
2019-07-23T14:20:06: === GCTARoi ===
2019-07-23T14:20:06:  RoI centre ................: RA=84.1331, DEC=22.0145 [0,0]
2019-07-23T14:20:06:  RoI radius ................: 0.8 deg
2019-07-23T14:20:06: === GSkyRegions ===
2019-07-23T14:20:06:  Number of regions .........: 0
2019-07-23T14:20:06: === GModels ===
2019-07-23T14:20:06:  Number of models ..........: 0
2019-07-23T14:20:06:  Number of parameters ......: 0
2019-07-23T14:20:06: 
2019-07-23T14:20:06: +===========================+
2019-07-23T14:20:06: | Find unbinned observation |
2019-07-23T14:20:06: +===========================+
2019-07-23T14:20:06: === CTA observation (id=000001) ===
2019-07-23T14:20:06:  Including unbinned CTA observation
2019-07-23T14:20:06: 
2019-07-23T14:20:06: +===========================+
2019-07-23T14:20:06: | Fill map from observation |
2019-07-23T14:20:06: +===========================+
2019-07-23T14:20:06: === CTA observation (id=000001) ===
2019-07-23T14:20:06:  Events in list ............: 309309
2019-07-23T14:20:06:  Events in map .............: 309307
2019-07-23T14:20:06:  Events outside RoI ........: 1
2019-07-23T14:20:06:  Events outside map area ...: 0
2019-07-23T14:20:06:  Events outside energies ...: 1
2019-07-23T14:20:06: 
2019-07-23T14:20:06: +=========+
2019-07-23T14:20:06: | Sky map |
2019-07-23T14:20:06: +=========+
2019-07-23T14:20:06: === GSkyMap ===
2019-07-23T14:20:06:  Number of pixels ..........: 6400
2019-07-23T14:20:06:  X axis dimension ..........: 80
2019-07-23T14:20:06:  Y axis dimension ..........: 80
2019-07-23T14:20:06:  Number of maps ............: 1
2019-07-23T14:20:06:  Shape of maps .............: (1)
2019-07-23T14:20:06: === GWcsCAR ===
2019-07-23T14:20:06:  Number of axes ............: 2
2019-07-23T14:20:06:  Longitude axis ............: 0
2019-07-23T14:20:06:  Latitude axis .............: 1
2019-07-23T14:20:06:  Spectral axis .............: -1
2019-07-23T14:20:06:  Coodinate system ..........: EQU
2019-07-23T14:20:06:  Projection code ...........: CAR
2019-07-23T14:20:06:  Projection name ...........: plate carree
2019-07-23T14:20:06:  Radius of the gen. sphere .: 57.2957795130823 deg
2019-07-23T14:20:06:  Reference coordinate ......: (84.1331, 22.0145)
2019-07-23T14:20:06:  Reference pixel ...........: (40.5, 40.5)
2019-07-23T14:20:06:  Increment at reference ....: (-0.02, 0.02)
2019-07-23T14:20:06:  (Phi_0, Theta_0) ..........: (0, 0) deg
2019-07-23T14:20:06:  (Phi_p, Theta_p) ..........: (0, 67.9855) deg
2019-07-23T14:20:06:  LATPOLE keyword usage .....: Required to select between two valid solutions of Theta_p.
2019-07-23T14:20:06:  Reference vector (m_ref) ..: (84.1331, 22.0145, 0, 67.9855) deg
2019-07-23T14:20:06:  Euler angles ..............: (264.1331 deg, 22.0145 deg, 0 deg, 0.927089022159083, 0.374841226377402)
2019-07-23T14:20:06:  Latitude preserved ........: False
2019-07-23T14:20:06:  Unity PC matrix ...........: True
2019-07-23T14:20:06:  Pixel-to-image trafo ......: ()
2019-07-23T14:20:06:  Image-to-pixel trafo ......: ()
2019-07-23T14:20:06:  Strict bounds checking ....: True
2019-07-23T14:20:06:  Use fiducial offset .......: False
2019-07-23T14:20:06:  Fiducial offset ...........: (0, 0)
2019-07-23T14:20:06:  Rest frequency ............: UNDEFINED
2019-07-23T14:20:06:  Rest wavelength ...........: UNDEFINED
2019-07-23T14:20:06: 
2019-07-23T14:20:06: +==============+
2019-07-23T14:20:06: | Compute maps |
2019-07-23T14:20:06: +==============+
2019-07-23T14:20:06: 
2019-07-23T14:20:06: +==============+
2019-07-23T14:20:06: | Save sky map |
2019-07-23T14:20:06: +==============+
2019-07-23T14:20:06:  Sky map file ..............: /cta/carli/CPPM_Internship/Simulations_and_Analyses/plus_step_EDisp_South_z40_50h/source1a/skymap.fits
2019-07-23T14:20:06: 
2019-07-23T14:20:06: Application "ctskymap" terminated after 0 wall clock seconds, consuming 0.84 seconds of CPU time. This was rather quick!
