2019-07-23T18:48:27: ********************************************************************************
2019-07-23T18:48:27: *                                     ctbin                                    *
2019-07-23T18:48:27: * ---------------------------------------------------------------------------- *
2019-07-23T18:48:27: * Version: 1.6.0                                                               *
2019-07-23T18:48:27: ********************************************************************************
2019-07-23T18:48:28: +============+
2019-07-23T18:48:28: | Parameters |
2019-07-23T18:48:28: +============+
2019-07-23T18:48:28:  inobs .....................: /cta/carli/CPPM_Internship/Simulations_and_Analyses/plus_gradient_EDisp_South_z40_50h/source2d/obs.fits
2019-07-23T18:48:28:  outobs ....................: /cta/carli/CPPM_Internship/Simulations_and_Analyses/plus_gradient_EDisp_South_z40_50h/source2d/obs_cube.fits
2019-07-23T18:48:28:  stack .....................: yes
2019-07-23T18:48:28:  prefix ....................: cntcube_
2019-07-23T18:48:28:  ebinalg ...................: LOG
2019-07-23T18:48:28:  emin ......................: 0.1
2019-07-23T18:48:28:  emax ......................: 199.526229858398
2019-07-23T18:48:28:  enumbins ..................: 32
2019-07-23T18:48:28:  ebinfile ..................: [not queried]
2019-07-23T18:48:28:  usepnt ....................: yes
2019-07-23T18:48:28:  nxpix .....................: 80
2019-07-23T18:48:28:  nypix .....................: 80
2019-07-23T18:48:28:  binsz .....................: 0.02
2019-07-23T18:48:28:  coordsys ..................: GAL
2019-07-23T18:48:28:  proj ......................: TAN
2019-07-23T18:48:28:  xref ......................: [not queried]
2019-07-23T18:48:28:  yref ......................: [not queried]
2019-07-23T18:48:28:  nthreads ..................: 0
2019-07-23T18:48:28:  publish ...................: no
2019-07-23T18:48:28:  chatter ...................: 4
2019-07-23T18:48:28:  clobber ...................: yes
2019-07-23T18:48:28:  debug .....................: no
2019-07-23T18:48:28:  mode ......................: ql
2019-07-23T18:48:28:  logfile ...................: ctbin.log
2019-07-23T18:48:28: 
2019-07-23T18:48:28: +===================+
2019-07-23T18:48:28: | Input observation |
2019-07-23T18:48:28: +===================+
2019-07-23T18:48:28: === GObservations ===
2019-07-23T18:48:28:  Number of observations ....: 1
2019-07-23T18:48:28:  Number of models ..........: 0
2019-07-23T18:48:28:  Number of observed events .: 326040
2019-07-23T18:48:28:  Number of predicted events : 0
2019-07-23T18:48:28: === GCTAObservation ===
2019-07-23T18:48:28:  Name ......................: 
2019-07-23T18:48:28:  Identifier ................: 000001
2019-07-23T18:48:28:  Instrument ................: CTA
2019-07-23T18:48:28:  Event file ................: /cta/carli/CPPM_Internship/Simulations_and_Analyses/plus_gradient_EDisp_South_z40_50h/source2d/obs.fits
2019-07-23T18:48:28:  Event type ................: EventList
2019-07-23T18:48:28:  Statistic .................: cstat
2019-07-23T18:48:28:  Ontime ....................: 144000 s
2019-07-23T18:48:28:  Livetime ..................: 141120 s
2019-07-23T18:48:28:  Deadtime correction .......: 0.98
2019-07-23T18:48:28:  User energy range .........: undefined
2019-07-23T18:48:28: === GCTAPointing ===
2019-07-23T18:48:28:  Pointing direction ........: (RA,Dec)=(84.1331,22.0145)
2019-07-23T18:48:28:  Response function .........: undefined
2019-07-23T18:48:28: === GCTAEventList ===
2019-07-23T18:48:28:  Number of events ..........: 326040 (disposed in "/cta/carli/CPPM_Internship/Simulations_and_Analyses/plus_gradient_EDisp_South_z40_50h/source2d/obs.fits")
2019-07-23T18:48:28:  Time interval .............: 51544.5 - 51546.1666666667 days
2019-07-23T18:48:28: === GEbounds ===
2019-07-23T18:48:28:  Number of intervals .......: 1
2019-07-23T18:48:28:  Energy range ..............: 100 GeV - 199.526229858398 TeV
2019-07-23T18:48:28: === GCTARoi ===
2019-07-23T18:48:28:  RoI centre ................: RA=84.1331, DEC=22.0145 [0,0]
2019-07-23T18:48:28:  RoI radius ................: 0.8 deg
2019-07-23T18:48:28: === GSkyRegions ===
2019-07-23T18:48:28:  Number of regions .........: 0
2019-07-23T18:48:28: === GModels ===
2019-07-23T18:48:28:  Number of models ..........: 0
2019-07-23T18:48:28:  Number of parameters ......: 0
2019-07-23T18:48:28: 
2019-07-23T18:48:28: +===========================+
2019-07-23T18:48:28: | Find unbinned observation |
2019-07-23T18:48:28: +===========================+
2019-07-23T18:48:28: === CTA observation (id=000001) ===
2019-07-23T18:48:28:  Including unbinned CTA observation
2019-07-23T18:48:28: === Summary ===
2019-07-23T18:48:28:  Number of observations ....: 1
2019-07-23T18:48:28:  Mean pointing .............: (RA,Dec)=(84.1331,22.0145)
2019-07-23T18:48:28:  Use mean pointing .........: yes
2019-07-23T18:48:28: 
2019-07-23T18:48:28: +=================+
2019-07-23T18:48:28: | Bin observation |
2019-07-23T18:48:28: +=================+
2019-07-23T18:48:28: === CTA observation (id=000001) ===
2019-07-23T18:48:28:  Events in list ............: 326040
2019-07-23T18:48:28:  Events in cube ............: 305928
2019-07-23T18:48:28:  Events outside RoI ........: 1
2019-07-23T18:48:28:  Events with invalid WCS ...: 0
2019-07-23T18:48:28:  Events outside cube area ..: 1
2019-07-23T18:48:28:  Events outside energy bins : 20110
2019-07-23T18:48:28: 
2019-07-23T18:48:28: +====================+
2019-07-23T18:48:28: | Binned observation |
2019-07-23T18:48:28: +====================+
2019-07-23T18:48:28: === GObservations ===
2019-07-23T18:48:28:  Number of observations ....: 1
2019-07-23T18:48:28:  Number of models ..........: 0
2019-07-23T18:48:28:  Number of observed events .: 305928
2019-07-23T18:48:28:  Number of predicted events : 0
2019-07-23T18:48:28: === GCTAObservation ===
2019-07-23T18:48:28:  Name ......................: 
2019-07-23T18:48:28:  Identifier ................: 000001
2019-07-23T18:48:28:  Instrument ................: CTA
2019-07-23T18:48:28:  Event file ................: 
2019-07-23T18:48:28:  Event type ................: CountsCube
2019-07-23T18:48:28:  Statistic .................: cstat
2019-07-23T18:48:28:  Ontime ....................: 144000 s
2019-07-23T18:48:28:  Livetime ..................: 141120 s
2019-07-23T18:48:28:  Deadtime correction .......: 0.98
2019-07-23T18:48:28:  User energy range .........: undefined
2019-07-23T18:48:28: === GCTAPointing ===
2019-07-23T18:48:28:  Pointing direction ........: (RA,Dec)=(84.1331,22.0145)
2019-07-23T18:48:28:  Response function .........: undefined
2019-07-23T18:48:28: === GCTAEventCube ===
2019-07-23T18:48:28:  Number of events ..........: 305928
2019-07-23T18:48:28:  Number of elements ........: 204800
2019-07-23T18:48:28:  Number of pixels ..........: 6400
2019-07-23T18:48:28:  Number of energy bins .....: 32
2019-07-23T18:48:28:  Time interval .............: 51544.5 - 51546.1666666667 days
2019-07-23T18:48:28:  Pointing ..................: not defined
2019-07-23T18:48:28: === GEbounds ===
2019-07-23T18:48:28:  Number of intervals .......: 32
2019-07-23T18:48:28:  Energy range ..............: 100 GeV - 199.526229858398 TeV
2019-07-23T18:48:28: === GSkyMap ===
2019-07-23T18:48:28:  Number of pixels ..........: 6400
2019-07-23T18:48:28:  X axis dimension ..........: 80
2019-07-23T18:48:28:  Y axis dimension ..........: 80
2019-07-23T18:48:28:  Number of maps ............: 32
2019-07-23T18:48:28:  Shape of maps .............: (32)
2019-07-23T18:48:28: === GSkyRegions ===
2019-07-23T18:48:28:  Number of regions .........: 0
2019-07-23T18:48:28: === GModels ===
2019-07-23T18:48:28:  Number of models ..........: 0
2019-07-23T18:48:28:  Number of parameters ......: 0
2019-07-23T18:48:28: 
2019-07-23T18:48:28: +==================+
2019-07-23T18:48:28: | Save counts cube |
2019-07-23T18:48:28: +==================+
2019-07-23T18:48:28:  Counts cube file ..........: /cta/carli/CPPM_Internship/Simulations_and_Analyses/plus_gradient_EDisp_South_z40_50h/source2d/obs_cube.fits
2019-07-23T18:48:28: 
2019-07-23T18:48:28: Application "ctbin" terminated after 1 wall clock seconds, consuming 1.05 seconds of CPU time.
