2019-07-23T18:51:31: ********************************************************************************
2019-07-23T18:51:31: *                                  ctbutterfly                                 *
2019-07-23T18:51:31: * ---------------------------------------------------------------------------- *
2019-07-23T18:51:31: * Version: 1.6.0                                                               *
2019-07-23T18:51:31: ********************************************************************************
2019-07-23T18:51:31: +============+
2019-07-23T18:51:31: | Parameters |
2019-07-23T18:51:31: +============+
2019-07-23T18:51:31:  inobs .....................: /cta/carli/CPPM_Internship/Simulations_and_Analyses/plus_gradient_EDisp_South_z40_50h/source2d/obs_cube.fits
2019-07-23T18:51:31:  inmodel ...................: /cta/carli/CPPM_Internship/Simulations_and_Analyses/plus_gradient_EDisp_South_z40_50h/source2d/obsmodel_binned.xml
2019-07-23T18:51:31:  srcname ...................: source2d
2019-07-23T18:51:31:  expcube ...................: /cta/carli/CPPM_Internship/Simulations_and_Analyses/plus_gradient_EDisp_South_z40_50h/source2d/exposure_cube.fits
2019-07-23T18:51:31:  psfcube ...................: /cta/carli/CPPM_Internship/Simulations_and_Analyses/plus_gradient_EDisp_South_z40_50h/source2d/PSF_cube.fits
2019-07-23T18:51:31:  edispcube .................: /cta/carli/CPPM_Internship/Simulations_and_Analyses/plus_gradient_EDisp_South_z40_50h/source2d/edisp_cube.fits
2019-07-23T18:51:31:  bkgcube ...................: /cta/carli/CPPM_Internship/Simulations_and_Analyses/plus_gradient_EDisp_South_z40_50h/source2d/background_cube.fits
2019-07-23T18:51:31:  caldb .....................: prod3b-v2
2019-07-23T18:51:31:  irf .......................: South_z40_50h
2019-07-23T18:51:31:  edisp .....................: yes
2019-07-23T18:51:31:  outfile ...................: /cta/carli/CPPM_Internship/Simulations_and_Analyses/plus_gradient_EDisp_South_z40_50h/source2d/butterfly_binned.ascii
2019-07-23T18:51:31:  method ....................: GAUSSIAN
2019-07-23T18:51:31:  fit .......................: no
2019-07-23T18:51:31:  confidence ................: 0.68
2019-07-23T18:51:31:  statistic .................: DEFAULT
2019-07-23T18:51:31:  like_accuracy .............: 0.005
2019-07-23T18:51:31:  max_iter ..................: 50
2019-07-23T18:51:31:  matrix ....................: NONE
2019-07-23T18:51:31:  ebinalg ...................: LOG
2019-07-23T18:51:31:  emin ......................: 0.1
2019-07-23T18:51:31:  emax ......................: 199.526229858398
2019-07-23T18:51:31:  enumbins ..................: 32
2019-07-23T18:51:31:  ebinfile ..................: [not queried]
2019-07-23T18:51:31:  chatter ...................: 4
2019-07-23T18:51:31:  clobber ...................: yes
2019-07-23T18:51:31:  debug .....................: no
2019-07-23T18:51:31:  mode ......................: ql
2019-07-23T18:51:31:  logfile ...................: ctbutterfly.log
2019-07-23T18:51:31: 
2019-07-23T18:51:31: +===================+
2019-07-23T18:51:31: | Input observation |
2019-07-23T18:51:31: +===================+
2019-07-23T18:51:31: === GObservations ===
2019-07-23T18:51:31:  Number of observations ....: 1
2019-07-23T18:51:31:  Number of models ..........: 2
2019-07-23T18:51:31:  Number of observed events .: 305928
2019-07-23T18:51:31:  Number of predicted events : 0
2019-07-23T18:51:31: === GCTAObservation ===
2019-07-23T18:51:31:  Name ......................: 
2019-07-23T18:51:31:  Identifier ................: 000001
2019-07-23T18:51:31:  Instrument ................: CTA
2019-07-23T18:51:31:  Event file ................: /cta/carli/CPPM_Internship/Simulations_and_Analyses/plus_gradient_EDisp_South_z40_50h/source2d/obs_cube.fits
2019-07-23T18:51:31:  Event type ................: CountsCube
2019-07-23T18:51:31:  Statistic .................: cstat
2019-07-23T18:51:31:  Ontime ....................: 144000 s
2019-07-23T18:51:31:  Livetime ..................: 141120 s
2019-07-23T18:51:31:  Deadtime correction .......: 0.98
2019-07-23T18:51:31:  User energy range .........: undefined
2019-07-23T18:51:31: === GCTAPointing ===
2019-07-23T18:51:31:  Pointing direction ........: (RA,Dec)=(84.1331,22.0145)
2019-07-23T18:51:31: === GCTAResponseCube ===
2019-07-23T18:51:31:  Energy dispersion .........: Used
2019-07-23T18:51:31: === GCTACubeExposure ===
2019-07-23T18:51:31:  Filename ..................: /cta/carli/CPPM_Internship/Simulations_and_Analyses/plus_gradient_EDisp_South_z40_50h/source2d/exposure_cube.fits
2019-07-23T18:51:31:  Livetime ..................: 141120 sec
2019-07-23T18:51:31: === GEnergies ===
2019-07-23T18:51:31:  Number of energies ........: 33
2019-07-23T18:51:31: === GGti ===
2019-07-23T18:51:31:  Number of intervals .......: 1
2019-07-23T18:51:31:  Ontime ....................: 144000 sec
2019-07-23T18:51:31:  Elapsed time ..............: 144000 sec
2019-07-23T18:51:31:  MJD range .................: 51544.5 - 51546.1666666667 s (TT)
2019-07-23T18:51:31:  UTC range .................: 2000-01-01T11:58:56 - 2000-01-03T03:58:56 s (TT)
2019-07-23T18:51:31:  Reference MJD .............: 51544.5
2019-07-23T18:51:31: === GSkyMap ===
2019-07-23T18:51:31:  Number of pixels ..........: 6400
2019-07-23T18:51:31:  X axis dimension ..........: 80
2019-07-23T18:51:31:  Y axis dimension ..........: 80
2019-07-23T18:51:31:  Number of maps ............: 33
2019-07-23T18:51:31:  Shape of maps .............: (33)
2019-07-23T18:51:31: === GCTACubePsf ===
2019-07-23T18:51:31:  Filename ..................: /cta/carli/CPPM_Internship/Simulations_and_Analyses/plus_gradient_EDisp_South_z40_50h/source2d/PSF_cube.fits
2019-07-23T18:51:31: === GEnergies ===
2019-07-23T18:51:31:  Number of energies ........: 33
2019-07-23T18:51:31:  Number of delta bins ......: 200
2019-07-23T18:51:31:  Delta range ...............: 1.875e-06 - 0.298501875 deg
2019-07-23T18:51:31: === GSkyMap ===
2019-07-23T18:51:31:  Number of pixels ..........: 1
2019-07-23T18:51:31:  X axis dimension ..........: 1
2019-07-23T18:51:31:  Y axis dimension ..........: 1
2019-07-23T18:51:31:  Number of maps ............: 6600
2019-07-23T18:51:31:  Shape of maps .............: (200, 33)
2019-07-23T18:51:31: === GCTACubeEdisp ===
2019-07-23T18:51:31:  Filename ..................: /cta/carli/CPPM_Internship/Simulations_and_Analyses/plus_gradient_EDisp_South_z40_50h/source2d/edisp_cube.fits
2019-07-23T18:51:31: === GEnergies ===
2019-07-23T18:51:31:  Number of energies ........: 33
2019-07-23T18:51:31:  Number of migra bins ......: 100
2019-07-23T18:51:31:  Migra range ...............: 0.02 - 2
2019-07-23T18:51:31: === GSkyMap ===
2019-07-23T18:51:31:  Number of pixels ..........: 1
2019-07-23T18:51:31:  X axis dimension ..........: 1
2019-07-23T18:51:31:  Y axis dimension ..........: 1
2019-07-23T18:51:31:  Number of maps ............: 3300
2019-07-23T18:51:31:  Shape of maps .............: (100, 33)
2019-07-23T18:51:31: === GCTACubeBackground ===
2019-07-23T18:51:31:  Filename ..................: /cta/carli/CPPM_Internship/Simulations_and_Analyses/plus_gradient_EDisp_South_z40_50h/source2d/background_cube.fits
2019-07-23T18:51:31: === GEbounds ===
2019-07-23T18:51:31:  Number of intervals .......: 32
2019-07-23T18:51:31:  Energy range ..............: 100 GeV - 199.526229858398 TeV
2019-07-23T18:51:31: === GSkyMap ===
2019-07-23T18:51:31:  Number of pixels ..........: 6400
2019-07-23T18:51:31:  X axis dimension ..........: 80
2019-07-23T18:51:31:  Y axis dimension ..........: 80
2019-07-23T18:51:31:  Number of maps ............: 32
2019-07-23T18:51:31:  Shape of maps .............: (32)
2019-07-23T18:51:31: === GCTAResponseCache ===
2019-07-23T18:51:31:  Number of cached values ...: 0
2019-07-23T18:51:31: === GCTAEventCube ===
2019-07-23T18:51:31:  Number of events ..........: 305928
2019-07-23T18:51:31:  Number of elements ........: 204800
2019-07-23T18:51:31:  Number of pixels ..........: 6400
2019-07-23T18:51:31:  Number of energy bins .....: 32
2019-07-23T18:51:31:  Time interval .............: 51544.5 - 51546.1666666667 days
2019-07-23T18:51:31:  Pointing ..................: (RA,Dec)=(84.1331,22.0145)
2019-07-23T18:51:31: === GEbounds ===
2019-07-23T18:51:31:  Number of intervals .......: 32
2019-07-23T18:51:31:  Energy range ..............: 100 GeV - 199.526229858398 TeV
2019-07-23T18:51:31: === GSkyMap ===
2019-07-23T18:51:31:  Number of pixels ..........: 6400
2019-07-23T18:51:31:  X axis dimension ..........: 80
2019-07-23T18:51:31:  Y axis dimension ..........: 80
2019-07-23T18:51:31:  Number of maps ............: 32
2019-07-23T18:51:31:  Shape of maps .............: (32)
2019-07-23T18:51:31: === GSkyRegions ===
2019-07-23T18:51:31:  Number of regions .........: 0
2019-07-23T18:51:31: === GModels ===
2019-07-23T18:51:31:  Number of models ..........: 2
2019-07-23T18:51:31:  Number of parameters ......: 11
2019-07-23T18:51:31: === GModelSky ===
2019-07-23T18:51:31:  Name ......................: source2d
2019-07-23T18:51:31:  Instruments ...............: all
2019-07-23T18:51:31:  Test Statistic ............: 98522.205
2019-07-23T18:51:31:  Observation identifiers ...: all
2019-07-23T18:51:31:  Model type ................: PointSource
2019-07-23T18:51:31:  Model components ..........: "PointSource" * "ExponentialCutoffPowerLaw" * "Constant"
2019-07-23T18:51:31:  Number of parameters ......: 7
2019-07-23T18:51:31:  Number of spatial par's ...: 2
2019-07-23T18:51:31:   RA .......................: 83.6331 [-360,360] deg (fixed,scale=1)
2019-07-23T18:51:31:   DEC ......................: 22.0145 [-90,90] deg (fixed,scale=1)
2019-07-23T18:51:31:  Number of spectral par's ..: 4
2019-07-23T18:51:31:   Prefactor ................: 2.96893215292171e-18 +/- 2.42543808163448e-20 [1e-25,1e-15] ph/cm2/s/MeV (free,scale=1e-18,gradient)
2019-07-23T18:51:31:   Index ....................: -2.01047680600264 +/- 0.00700474343590905 [-0,-5]  (free,scale=-1,gradient)
2019-07-23T18:51:31:   CutoffEnergy .............: 180861350.653666 +/- 33475382.3409944 [1000000,100000000000] MeV (free,scale=100000000,gradient)
2019-07-23T18:51:31:   PivotEnergy ..............: 1000000 [10000,1000000000] MeV (fixed,scale=1000000,gradient)
2019-07-23T18:51:31:  Number of temporal par's ..: 1
2019-07-23T18:51:31:   Normalization ............: 1 (relative value) (fixed,scale=1,gradient)
2019-07-23T18:51:31:  Number of scale par's .....: 0
2019-07-23T18:51:31: === GCTAModelCubeBackground ===
2019-07-23T18:51:31:  Name ......................: BackgroundModel
2019-07-23T18:51:31:  Instruments ...............: CTA, HESS, MAGIC, VERITAS
2019-07-23T18:51:31:  Observation identifiers ...: all
2019-07-23T18:51:31:  Model type ................: "PowerLaw" * "Constant"
2019-07-23T18:51:31:  Number of parameters ......: 4
2019-07-23T18:51:31:  Number of spectral par's ..: 3
2019-07-23T18:51:31:   Prefactor ................: 0.925542851722838 +/- 0.00420979525753973 [0.01,100] ph/cm2/s/MeV (free,scale=1,gradient)
2019-07-23T18:51:31:   Index ....................: -0.00533688707912191 +/- 0.00262435722379593 [-5,5]  (free,scale=1,gradient)
2019-07-23T18:51:31:   PivotEnergy ..............: 1000000 MeV (fixed,scale=1000000,gradient)
2019-07-23T18:51:31:  Number of temporal par's ..: 1
2019-07-23T18:51:31:   Normalization ............: 1 (relative value) (fixed,scale=1,gradient)
2019-07-23T18:51:31: 
2019-07-23T18:51:31: +===========================+
2019-07-23T18:51:31: | Compute covariance matrix |
2019-07-23T18:51:31: +===========================+
2019-07-23T18:52:02: === GMatrixSparse ===
2019-07-23T18:52:02:  Number of rows ............: 11
2019-07-23T18:52:02:  Number of columns .........: 11
2019-07-23T18:52:02:  Number of nonzero elements : 25
2019-07-23T18:52:02:  Number of allocated cells .: 512
2019-07-23T18:52:02:  Memory block size .........: 512
2019-07-23T18:52:02:  Sparse matrix fill ........: 0.206611570247934
2019-07-23T18:52:02:  Pending element ...........: 0
2019-07-23T18:52:02:  Fill stack size ...........: 0 (none)
2019-07-23T18:52:02:  0, 0, 0, 0, 0, 0, 0, 0, 0, 0, 0
2019-07-23T18:52:02:  0, 0, 0, 0, 0, 0, 0, 0, 0, 0, 0
2019-07-23T18:52:02:  0, 0, 5.88274988784645e-40, 2.44745448150819e-23, -2.99705676092532e-13, 0, 0, -2.84459646472656e-24, -4.31786049842667e-25, 0, 0
2019-07-23T18:52:02:  0, 0, 2.44745448150819e-23, 4.90664306028474e-05, -151189.481884903, 0, 0, 1.71401252148609e-07, -5.5155444976726e-07, 0, 0
2019-07-23T18:52:02:  0, 0, -2.99705676092532e-13, -151189.481884903, 1.12060122287462e+15, 0, 0, 184.435572353741, 1524.2262592461, 0, 0
2019-07-23T18:52:02:  0, 0, 0, 0, 0, 0, 0, 0, 0, 0, 0
2019-07-23T18:52:02:  0, 0, 0, 0, 0, 0, 0, 0, 0, 0, 0
2019-07-23T18:52:02:  0, 0, -2.84459646472656e-24, 1.71401252148609e-07, 184.43557235374, 0, 0, 1.77223761104046e-05, 1.00309733371686e-05, 0, 0
2019-07-23T18:52:02:  0, 0, -4.31786049842667e-25, -5.5155444976726e-07, 1524.2262592461, 0, 0, 1.00309733371686e-05, 6.88725083809005e-06, 0, 0
2019-07-23T18:52:02:  0, 0, 0, 0, 0, 0, 0, 0, 0, 0, 0
2019-07-23T18:52:02:  0, 0, 0, 0, 0, 0, 0, 0, 0, 0, 0
2019-07-23T18:52:02: 
2019-07-23T18:52:02: +===============================+
2019-07-23T18:52:02: | Prepare butterfly computation |
2019-07-23T18:52:02: +===============================+
2019-07-23T18:52:02:  Confidence level ..........: 0.68
2019-07-23T18:52:02:  Corresponding scaling .....: 0.994458
2019-07-23T18:52:02: 
2019-07-23T18:52:02: +====================+
2019-07-23T18:52:02: | Generate butterfly |
2019-07-23T18:52:02: +====================+
2019-07-23T18:52:02: 
2019-07-23T18:52:02: +=========+
2019-07-23T18:52:02: | Results |
2019-07-23T18:52:02: +=========+
2019-07-23T18:52:02:  Intensity at 112606.251051226 MeV : 2.3940955112589e-16 (2.35524099248855e-16, 2.43295003002926e-16) ph/cm2/s/MeV
2019-07-23T18:52:02:  Intensity at 142786.615593472 MeV : 1.48504146873864e-16 (1.4630253275651e-16, 1.50705760991218e-16) ph/cm2/s/MeV
2019-07-23T18:52:02:  Intensity at 181055.824186555 MeV : 9.2112011559466e-17 (9.08706860996974e-17, 9.33533370192347e-17) ph/cm2/s/MeV
2019-07-23T18:52:02:  Intensity at 229581.822747338 MeV : 5.71306707329282e-17 (5.64337243529382e-17, 5.78276171129181e-17) ph/cm2/s/MeV
2019-07-23T18:52:02:  Intensity at 291113.603071291 MeV : 3.54316313670436e-17 (3.50412867189096e-17, 3.58219760151776e-17) ph/cm2/s/MeV
2019-07-23T18:52:02:  Intensity at 369136.932876502 MeV : 2.19721914478222e-17 (2.17533539285198e-17, 2.21910289671245e-17) ph/cm2/s/MeV
2019-07-23T18:52:02:  Intensity at 468071.824112259 MeV : 1.36240235611316e-17 (1.35004982058424e-17, 1.37475489164209e-17) ph/cm2/s/MeV
2019-07-23T18:52:02:  Intensity at 593522.926087366 MeV : 8.44644046667274e-18 (8.37563438247568e-18, 8.51724655086979e-18) ph/cm2/s/MeV
2019-07-23T18:52:02:  Intensity at 752597.028157849 MeV : 5.23553813456737e-18 (5.19390477031167e-18, 5.27717149882307e-18) ph/cm2/s/MeV
2019-07-23T18:52:02:  Intensity at 954305.65846188 MeV : 3.24449084248166e-18 (3.21917733181261e-18, 3.26980435315071e-18) ph/cm2/s/MeV
2019-07-23T18:52:02:  Intensity at 1210075.58587031 MeV : 2.01002733296359e-18 (1.99408644111759e-18, 2.02596822480958e-18) ph/cm2/s/MeV
2019-07-23T18:52:02:  Intensity at 1534396.14502492 MeV : 1.24478047021502e-18 (1.23444476635311e-18, 1.25511617407693e-18) ph/cm2/s/MeV
2019-07-23T18:52:02:  Intensity at 1945640.05534746 MeV : 7.70503903778278e-19 (7.63674764897871e-19, 7.77333042658685e-19) ph/cm2/s/MeV
2019-07-23T18:52:02:  Intensity at 2467104.23331454 MeV : 4.76641940332142e-19 (4.72090715301949e-19, 4.81193165362336e-19) ph/cm2/s/MeV
2019-07-23T18:52:02:  Intensity at 3128329.55988436 MeV : 2.94628029963221e-19 (2.91592668411402e-19, 2.97663391515039e-19) ph/cm2/s/MeV
2019-07-23T18:52:02:  Intensity at 3966774.36773649 MeV : 1.81940892367172e-19 (1.7992537550728e-19, 1.83956409227064e-19) ph/cm2/s/MeV
2019-07-23T18:52:02:  Intensity at 5029936.45116879 MeV : 1.12213982352013e-19 (1.10885363547369e-19, 1.13542601156657e-19) ph/cm2/s/MeV
2019-07-23T18:52:02:  Intensity at 6378043.81024912 MeV : 6.91002157582081e-20 (6.823173128675e-20, 6.99687002296662e-20) ph/cm2/s/MeV
2019-07-23T18:52:02:  Intensity at 8087466.55954362 MeV : 4.24662801675503e-20 (4.19030002873714e-20, 4.30295600477292e-20) ph/cm2/s/MeV
2019-07-23T18:52:02:  Intensity at 10255043.285628 MeV : 2.60320813458116e-20 (2.56685797783586e-20, 2.63955829132646e-20) ph/cm2/s/MeV
2019-07-23T18:52:02:  Intensity at 13003566.9409974 MeV : 1.59066440281e-20 (1.56718127050887e-20, 1.61414753511114e-20) ph/cm2/s/MeV
2019-07-23T18:52:02:  Intensity at 16488741.0495845 MeV : 9.68008888301589e-21 (9.52662620825164e-21, 9.83355155778014e-21) ph/cm2/s/MeV
2019-07-23T18:52:02:  Intensity at 20908000.2920645 MeV : 5.86053346155767e-21 (5.75766405873433e-21, 5.96340286438101e-21) ph/cm2/s/MeV
2019-07-23T18:52:02:  Intensity at 26511695.1560098 MeV : 3.5249326318365e-21 (3.45334160703816e-21, 3.59652365663484e-21) ph/cm2/s/MeV
2019-07-23T18:52:02:  Intensity at 33617274.2599379 MeV : 2.10260689031802e-21 (2.05076627060824e-21, 2.15444751002781e-21) ph/cm2/s/MeV
2019-07-23T18:52:02:  Intensity at 42627267.7781488 MeV : 1.24105879885075e-21 (1.20240740201263e-21, 1.27971019568887e-21) ph/cm2/s/MeV
2019-07-23T18:52:02:  Intensity at 54052090.7251378 MeV : 7.2281641707026e-22 (6.93651656181198e-22, 7.51981177959322e-22) ph/cm2/s/MeV
2019-07-23T18:52:02:  Intensity at 68538957.9028144 MeV : 4.13914751570397e-22 (3.92011085400385e-22, 4.35818417740408e-22) ph/cm2/s/MeV
2019-07-23T18:52:02:  Intensity at 86908548.5386981 MeV : 2.31990599116198e-22 (2.15832374610587e-22, 2.48148823621808e-22) ph/cm2/s/MeV
2019-07-23T18:52:02:  Intensity at 110201497.662297 MeV : 1.26534112149744e-22 (1.14948270999139e-22, 1.38119953300348e-22) ph/cm2/s/MeV
2019-07-23T18:52:02:  Intensity at 139737347.950364 MeV : 6.66736224096425e-23 (5.86752127243116e-23, 7.46720320949735e-23) ph/cm2/s/MeV
2019-07-23T18:52:02:  Intensity at 177189301.655759 MeV : 3.36272912982149e-23 (2.83637165879359e-23, 3.88908660084938e-23) ph/cm2/s/MeV
2019-07-23T18:52:02: 
2019-07-23T18:52:02: +========================+
2019-07-23T18:52:02: | Save Butterfly diagram |
2019-07-23T18:52:02: +========================+
2019-07-23T18:52:02:  Butterfly file ............: /cta/carli/CPPM_Internship/Simulations_and_Analyses/plus_gradient_EDisp_South_z40_50h/source2d/butterfly_binned.ascii
2019-07-23T18:52:02: 
2019-07-23T18:52:02: Application "ctbutterfly" terminated after 31 wall clock seconds, consuming 32.95 seconds of CPU time.
