2019-07-23T18:48:31: ********************************************************************************
2019-07-23T18:48:31: *                                    ctlike                                    *
2019-07-23T18:48:31: * ---------------------------------------------------------------------------- *
2019-07-23T18:48:31: * Version: 1.6.0                                                               *
2019-07-23T18:48:31: ********************************************************************************
2019-07-23T18:48:31: +============+
2019-07-23T18:48:31: | Parameters |
2019-07-23T18:48:31: +============+
2019-07-23T18:48:31:  inobs .....................: /cta/carli/CPPM_Internship/Simulations_and_Analyses/plus_gradient_EDisp_South_z40_50h/source2d/obs_cube.fits
2019-07-23T18:48:31:  inmodel ...................: sourcemodel_cube.xml
2019-07-23T18:48:31:  expcube ...................: /cta/carli/CPPM_Internship/Simulations_and_Analyses/plus_gradient_EDisp_South_z40_50h/source2d/exposure_cube.fits
2019-07-23T18:48:31:  psfcube ...................: /cta/carli/CPPM_Internship/Simulations_and_Analyses/plus_gradient_EDisp_South_z40_50h/source2d/PSF_cube.fits
2019-07-23T18:48:31:  edispcube .................: /cta/carli/CPPM_Internship/Simulations_and_Analyses/plus_gradient_EDisp_South_z40_50h/source2d/edisp_cube.fits
2019-07-23T18:48:31:  bkgcube ...................: /cta/carli/CPPM_Internship/Simulations_and_Analyses/plus_gradient_EDisp_South_z40_50h/source2d/background_cube.fits
2019-07-23T18:48:31:  caldb .....................: prod3b-v2
2019-07-23T18:48:31:  irf .......................: South_z40_50h
2019-07-23T18:48:31:  edisp .....................: yes
2019-07-23T18:48:31:  outmodel ..................: /cta/carli/CPPM_Internship/Simulations_and_Analyses/plus_gradient_EDisp_South_z40_50h/source2d/obsmodel_binned.xml
2019-07-23T18:48:31:  outcovmat .................: NONE
2019-07-23T18:48:31:  statistic .................: DEFAULT
2019-07-23T18:48:31:  refit .....................: no
2019-07-23T18:48:31:  like_accuracy .............: 0.005
2019-07-23T18:48:31:  max_iter ..................: 50
2019-07-23T18:48:31:  fix_spat_for_ts ...........: no
2019-07-23T18:48:31:  nthreads ..................: 0
2019-07-23T18:48:31:  chatter ...................: 4
2019-07-23T18:48:31:  clobber ...................: yes
2019-07-23T18:48:31:  debug .....................: no
2019-07-23T18:48:31:  mode ......................: ql
2019-07-23T18:48:31:  logfile ...................: ctlike.log
2019-07-23T18:48:31: 
2019-07-23T18:48:31: +===================+
2019-07-23T18:48:31: | Input observation |
2019-07-23T18:48:31: +===================+
2019-07-23T18:48:31: === GObservations ===
2019-07-23T18:48:31:  Number of observations ....: 1
2019-07-23T18:48:31:  Number of models ..........: 2
2019-07-23T18:48:31:  Number of observed events .: 305928
2019-07-23T18:48:31:  Number of predicted events : 0
2019-07-23T18:48:31: === GCTAObservation ===
2019-07-23T18:48:31:  Name ......................: 
2019-07-23T18:48:31:  Identifier ................: 000001
2019-07-23T18:48:31:  Instrument ................: CTA
2019-07-23T18:48:31:  Event file ................: /cta/carli/CPPM_Internship/Simulations_and_Analyses/plus_gradient_EDisp_South_z40_50h/source2d/obs_cube.fits
2019-07-23T18:48:31:  Event type ................: CountsCube
2019-07-23T18:48:31:  Statistic .................: cstat
2019-07-23T18:48:31:  Ontime ....................: 144000 s
2019-07-23T18:48:31:  Livetime ..................: 141120 s
2019-07-23T18:48:31:  Deadtime correction .......: 0.98
2019-07-23T18:48:31:  User energy range .........: undefined
2019-07-23T18:48:31: === GCTAPointing ===
2019-07-23T18:48:31:  Pointing direction ........: (RA,Dec)=(84.1331,22.0145)
2019-07-23T18:48:31: === GCTAResponseCube ===
2019-07-23T18:48:31:  Energy dispersion .........: Used
2019-07-23T18:48:31: === GCTACubeExposure ===
2019-07-23T18:48:31:  Filename ..................: /cta/carli/CPPM_Internship/Simulations_and_Analyses/plus_gradient_EDisp_South_z40_50h/source2d/exposure_cube.fits
2019-07-23T18:48:31:  Livetime ..................: 141120 sec
2019-07-23T18:48:31: === GEnergies ===
2019-07-23T18:48:31:  Number of energies ........: 33
2019-07-23T18:48:31: === GGti ===
2019-07-23T18:48:31:  Number of intervals .......: 1
2019-07-23T18:48:31:  Ontime ....................: 144000 sec
2019-07-23T18:48:31:  Elapsed time ..............: 144000 sec
2019-07-23T18:48:31:  MJD range .................: 51544.5 - 51546.1666666667 s (TT)
2019-07-23T18:48:31:  UTC range .................: 2000-01-01T11:58:56 - 2000-01-03T03:58:56 s (TT)
2019-07-23T18:48:31:  Reference MJD .............: 51544.5
2019-07-23T18:48:31: === GSkyMap ===
2019-07-23T18:48:31:  Number of pixels ..........: 6400
2019-07-23T18:48:31:  X axis dimension ..........: 80
2019-07-23T18:48:31:  Y axis dimension ..........: 80
2019-07-23T18:48:31:  Number of maps ............: 33
2019-07-23T18:48:31:  Shape of maps .............: (33)
2019-07-23T18:48:31: === GCTACubePsf ===
2019-07-23T18:48:31:  Filename ..................: /cta/carli/CPPM_Internship/Simulations_and_Analyses/plus_gradient_EDisp_South_z40_50h/source2d/PSF_cube.fits
2019-07-23T18:48:31: === GEnergies ===
2019-07-23T18:48:31:  Number of energies ........: 33
2019-07-23T18:48:31:  Number of delta bins ......: 200
2019-07-23T18:48:31:  Delta range ...............: 1.875e-06 - 0.298501875 deg
2019-07-23T18:48:31: === GSkyMap ===
2019-07-23T18:48:31:  Number of pixels ..........: 1
2019-07-23T18:48:31:  X axis dimension ..........: 1
2019-07-23T18:48:31:  Y axis dimension ..........: 1
2019-07-23T18:48:31:  Number of maps ............: 6600
2019-07-23T18:48:31:  Shape of maps .............: (200, 33)
2019-07-23T18:48:31: === GCTACubeEdisp ===
2019-07-23T18:48:31:  Filename ..................: /cta/carli/CPPM_Internship/Simulations_and_Analyses/plus_gradient_EDisp_South_z40_50h/source2d/edisp_cube.fits
2019-07-23T18:48:31: === GEnergies ===
2019-07-23T18:48:31:  Number of energies ........: 33
2019-07-23T18:48:31:  Number of migra bins ......: 100
2019-07-23T18:48:31:  Migra range ...............: 0.02 - 2
2019-07-23T18:48:31: === GSkyMap ===
2019-07-23T18:48:31:  Number of pixels ..........: 1
2019-07-23T18:48:31:  X axis dimension ..........: 1
2019-07-23T18:48:31:  Y axis dimension ..........: 1
2019-07-23T18:48:31:  Number of maps ............: 3300
2019-07-23T18:48:31:  Shape of maps .............: (100, 33)
2019-07-23T18:48:31: === GCTACubeBackground ===
2019-07-23T18:48:31:  Filename ..................: /cta/carli/CPPM_Internship/Simulations_and_Analyses/plus_gradient_EDisp_South_z40_50h/source2d/background_cube.fits
2019-07-23T18:48:31: === GEbounds ===
2019-07-23T18:48:31:  Number of intervals .......: 32
2019-07-23T18:48:31:  Energy range ..............: 100 GeV - 199.526229858398 TeV
2019-07-23T18:48:31: === GSkyMap ===
2019-07-23T18:48:31:  Number of pixels ..........: 6400
2019-07-23T18:48:31:  X axis dimension ..........: 80
2019-07-23T18:48:31:  Y axis dimension ..........: 80
2019-07-23T18:48:31:  Number of maps ............: 32
2019-07-23T18:48:31:  Shape of maps .............: (32)
2019-07-23T18:48:31: === GCTAResponseCache ===
2019-07-23T18:48:31:  Number of cached values ...: 0
2019-07-23T18:48:31: === GCTAEventCube ===
2019-07-23T18:48:31:  Number of events ..........: 305928
2019-07-23T18:48:31:  Number of elements ........: 204800
2019-07-23T18:48:31:  Number of pixels ..........: 6400
2019-07-23T18:48:31:  Number of energy bins .....: 32
2019-07-23T18:48:31:  Time interval .............: 51544.5 - 51546.1666666667 days
2019-07-23T18:48:31:  Pointing ..................: (RA,Dec)=(84.1331,22.0145)
2019-07-23T18:48:31: === GEbounds ===
2019-07-23T18:48:31:  Number of intervals .......: 32
2019-07-23T18:48:31:  Energy range ..............: 100 GeV - 199.526229858398 TeV
2019-07-23T18:48:31: === GSkyMap ===
2019-07-23T18:48:31:  Number of pixels ..........: 6400
2019-07-23T18:48:31:  X axis dimension ..........: 80
2019-07-23T18:48:31:  Y axis dimension ..........: 80
2019-07-23T18:48:31:  Number of maps ............: 32
2019-07-23T18:48:31:  Shape of maps .............: (32)
2019-07-23T18:48:31: === GSkyRegions ===
2019-07-23T18:48:31:  Number of regions .........: 0
2019-07-23T18:48:31: === GModels ===
2019-07-23T18:48:31:  Number of models ..........: 2
2019-07-23T18:48:31:  Number of parameters ......: 11
2019-07-23T18:48:31: === GModelSky ===
2019-07-23T18:48:31:  Name ......................: source2d
2019-07-23T18:48:31:  Instruments ...............: all
2019-07-23T18:48:31:  Test Statistic ............: Computation requested
2019-07-23T18:48:31:  Observation identifiers ...: all
2019-07-23T18:48:31:  Model type ................: PointSource
2019-07-23T18:48:31:  Model components ..........: "PointSource" * "ExponentialCutoffPowerLaw" * "Constant"
2019-07-23T18:48:31:  Number of parameters ......: 7
2019-07-23T18:48:31:  Number of spatial par's ...: 2
2019-07-23T18:48:31:   RA .......................: 83.6331 [-360,360] deg (fixed,scale=1)
2019-07-23T18:48:31:   DEC ......................: 22.0145 [-90,90] deg (fixed,scale=1)
2019-07-23T18:48:31:  Number of spectral par's ..: 4
2019-07-23T18:48:31:   Prefactor ................: 3.04e-18 +/- 0 [1e-25,1e-15] ph/cm2/s/MeV (free,scale=1e-18,gradient)
2019-07-23T18:48:31:   Index ....................: -2 +/- 0 [-0,-5]  (free,scale=-1,gradient)
2019-07-23T18:48:31:   CutoffEnergy .............: 100000000 +/- 0 [1000000,100000000000] MeV (free,scale=100000000,gradient)
2019-07-23T18:48:31:   PivotEnergy ..............: 1000000 [10000,1000000000] MeV (fixed,scale=1000000,gradient)
2019-07-23T18:48:31:  Number of temporal par's ..: 1
2019-07-23T18:48:31:   Normalization ............: 1 (relative value) (fixed,scale=1,gradient)
2019-07-23T18:48:31:  Number of scale par's .....: 0
2019-07-23T18:48:31: === GCTAModelCubeBackground ===
2019-07-23T18:48:31:  Name ......................: BackgroundModel
2019-07-23T18:48:31:  Instruments ...............: CTA, HESS, MAGIC, VERITAS
2019-07-23T18:48:31:  Observation identifiers ...: all
2019-07-23T18:48:31:  Model type ................: "PowerLaw" * "Constant"
2019-07-23T18:48:31:  Number of parameters ......: 4
2019-07-23T18:48:31:  Number of spectral par's ..: 3
2019-07-23T18:48:31:   Prefactor ................: 1 +/- 0 [0.01,100] ph/cm2/s/MeV (free,scale=1,gradient)
2019-07-23T18:48:31:   Index ....................: 0 +/- 0 [-5,5]  (free,scale=1,gradient)
2019-07-23T18:48:31:   PivotEnergy ..............: 1000000 MeV (fixed,scale=1000000,gradient)
2019-07-23T18:48:31:  Number of temporal par's ..: 1
2019-07-23T18:48:31:   Normalization ............: 1 (relative value) (fixed,scale=1,gradient)
2019-07-23T18:48:31: 
2019-07-23T18:48:31: +=================================+
2019-07-23T18:48:31: | Maximum likelihood optimisation |
2019-07-23T18:48:31: +=================================+
2019-07-23T18:49:03:  >Iteration   0: -logL=-310830.569, Lambda=1.0e-03
2019-07-23T18:49:32:  >Iteration   1: -logL=-311515.503, Lambda=1.0e-03, delta=684.935, step=1.0e+00, max(|grad|)=2490.776835 [Index:8]
2019-07-23T18:50:01:  >Iteration   2: -logL=-311521.907, Lambda=1.0e-04, delta=6.404, step=1.0e+00, max(|grad|)=53.405009 [Index:3]
2019-07-23T18:50:29:  >Iteration   3: -logL=-311522.044, Lambda=1.0e-05, delta=0.137, step=1.0e+00, max(|grad|)=5.247404 [Index:3]
2019-07-23T18:50:58:  >Iteration   4: -logL=-311522.046, Lambda=1.0e-06, delta=0.002, step=1.0e+00, max(|grad|)=0.073912 [Index:3]
2019-07-23T18:50:58:  
2019-07-23T18:50:58:  +==================+
2019-07-23T18:50:58:  | Curvature matrix |
2019-07-23T18:50:58:  +==================+
2019-07-23T18:50:58:  === GMatrixSparse ===
2019-07-23T18:50:58:   Number of rows ............: 11
2019-07-23T18:50:58:   Number of columns .........: 11
2019-07-23T18:50:58:   Number of nonzero elements : 25
2019-07-23T18:50:58:   Number of allocated cells .: 537
2019-07-23T18:50:58:   Memory block size .........: 512
2019-07-23T18:50:58:   Sparse matrix fill ........: 0.206611570247934
2019-07-23T18:50:58:   Pending element ...........: 0
2019-07-23T18:50:58:   Fill stack size ...........: 0 (none)
2019-07-23T18:50:58:   0, 0, 0, 0, 0, 0, 0, 0, 0, 0, 0
2019-07-23T18:50:58:   0, 0, 0, 0, 0, 0, 0, 0, 0, 0, 0
2019-07-23T18:50:58:   0, 0, 2010.41996146803, -1082.41470780973, 68.644232470365, 0, 0, 1541.02151401647, -2183.62268881351, 0, 0
2019-07-23T18:50:58:   0, 0, -1082.41470780973, 35678.948274564, -508.793326445525, 0, 0, 7074.81368006439, -12103.2850578068, 0, 0
2019-07-23T18:50:58:   0, 0, 68.644232470365, -508.793326445525, 17.6242718004424, 0, 0, 4.79170643416558, -0.933959459275644, 0, 0
2019-07-23T18:50:58:   0, 0, 0, 0, 0, 0, 0, 0, 0, 0, 0
2019-07-23T18:50:58:   0, 0, 0, 0, 0, 0, 0, 0, 0, 0, 0
2019-07-23T18:50:58:   0, 0, 1541.02151401647, 7074.81368006441, 4.79170643416558, 0, 0, 324607.018378592, -473256.196537676, 0, 0
2019-07-23T18:50:58:   0, 0, -2183.6226888135, -12103.2850578068, -0.933959459275644, 0, 0, -473256.196537678, 835306.775219074, 0, 0
2019-07-23T18:50:58:   0, 0, 0, 0, 0, 0, 0, 0, 0, 0, 0
2019-07-23T18:50:58:   0, 0, 0, 0, 0, 0, 0, 0, 0, 0, 0
2019-07-23T18:51:27: 
2019-07-23T18:51:27: +====================================+
2019-07-23T18:51:27: | Maximum likelihood re-optimisation |
2019-07-23T18:51:27: +====================================+
2019-07-23T18:51:28:  >Iteration   0: -logL=-258532.288, Lambda=1.0e-03
2019-07-23T18:51:28:  >Iteration   1: -logL=-261745.455, Lambda=1.0e-03, delta=3213.167, step=1.0e+00, max(|grad|)=-9982.232068 [Prefactor:0]
2019-07-23T18:51:29:  >Iteration   2: -logL=-262243.155, Lambda=1.0e-04, delta=497.700, step=1.0e+00, max(|grad|)=-1545.852716 [Prefactor:0]
2019-07-23T18:51:29:  >Iteration   3: -logL=-262260.726, Lambda=1.0e-05, delta=17.571, step=1.0e+00, max(|grad|)=-180.482347 [Index:1]
2019-07-23T18:51:30:  >Iteration   4: -logL=-262260.940, Lambda=1.0e-06, delta=0.214, step=1.0e+00, max(|grad|)=-34.554535 [Index:1]
2019-07-23T18:51:31:  >Iteration   5: -logL=-262260.943, Lambda=1.0e-07, delta=0.003, step=1.0e+00, max(|grad|)=-4.310537 [Index:1]
2019-07-23T18:51:31: 
2019-07-23T18:51:31: +============================================+
2019-07-23T18:51:31: | Maximum likelihood re-optimisation results |
2019-07-23T18:51:31: +============================================+
2019-07-23T18:51:31: === GOptimizerLM ===
2019-07-23T18:51:31:  Optimized function value ..: -262260.943
2019-07-23T18:51:31:  Absolute precision ........: 0.005
2019-07-23T18:51:31:  Acceptable value decrease .: 2
2019-07-23T18:51:31:  Optimization status .......: converged
2019-07-23T18:51:31:  Number of parameters ......: 4
2019-07-23T18:51:31:  Number of free parameters .: 2
2019-07-23T18:51:31:  Number of iterations ......: 5
2019-07-23T18:51:31:  Lambda ....................: 1e-08
2019-07-23T18:51:31: 
2019-07-23T18:51:31: +=========================================+
2019-07-23T18:51:31: | Maximum likelihood optimisation results |
2019-07-23T18:51:31: +=========================================+
2019-07-23T18:51:31: === GOptimizerLM ===
2019-07-23T18:51:31:  Optimized function value ..: -311522.046
2019-07-23T18:51:31:  Absolute precision ........: 0.005
2019-07-23T18:51:31:  Acceptable value decrease .: 2
2019-07-23T18:51:31:  Optimization status .......: converged
2019-07-23T18:51:31:  Number of parameters ......: 11
2019-07-23T18:51:31:  Number of free parameters .: 5
2019-07-23T18:51:31:  Number of iterations ......: 4
2019-07-23T18:51:31:  Lambda ....................: 1e-07
2019-07-23T18:51:31:  Maximum log likelihood ....: 311522.046
2019-07-23T18:51:31:  Observed events  (Nobs) ...: 305928.000
2019-07-23T18:51:31:  Predicted events (Npred) ..: 304257.971 (Nobs - Npred = 1670.02938852657)
2019-07-23T18:51:31: === GModels ===
2019-07-23T18:51:31:  Number of models ..........: 2
2019-07-23T18:51:31:  Number of parameters ......: 11
2019-07-23T18:51:31: === GModelSky ===
2019-07-23T18:51:31:  Name ......................: source2d
2019-07-23T18:51:31:  Instruments ...............: all
2019-07-23T18:51:31:  Test Statistic ............: 98522.2048258146
2019-07-23T18:51:31:  Observation identifiers ...: all
2019-07-23T18:51:31:  Model type ................: PointSource
2019-07-23T18:51:31:  Model components ..........: "PointSource" * "ExponentialCutoffPowerLaw" * "Constant"
2019-07-23T18:51:31:  Number of parameters ......: 7
2019-07-23T18:51:31:  Number of spatial par's ...: 2
2019-07-23T18:51:31:   RA .......................: 83.6331 [-360,360] deg (fixed,scale=1)
2019-07-23T18:51:31:   DEC ......................: 22.0145 [-90,90] deg (fixed,scale=1)
2019-07-23T18:51:31:  Number of spectral par's ..: 4
2019-07-23T18:51:31:   Prefactor ................: 2.96893215292171e-18 +/- 2.42543808163448e-20 [1e-25,1e-15] ph/cm2/s/MeV (free,scale=1e-18,gradient)
2019-07-23T18:51:31:   Index ....................: -2.01047680600264 +/- 0.00700474343590905 [-0,-5]  (free,scale=-1,gradient)
2019-07-23T18:51:31:   CutoffEnergy .............: 180861350.653666 +/- 33475382.3409944 [1000000,100000000000] MeV (free,scale=100000000,gradient)
2019-07-23T18:51:31:   PivotEnergy ..............: 1000000 [10000,1000000000] MeV (fixed,scale=1000000,gradient)
2019-07-23T18:51:31:  Number of temporal par's ..: 1
2019-07-23T18:51:31:   Normalization ............: 1 (relative value) (fixed,scale=1,gradient)
2019-07-23T18:51:31:  Number of scale par's .....: 0
2019-07-23T18:51:31: === GCTAModelCubeBackground ===
2019-07-23T18:51:31:  Name ......................: BackgroundModel
2019-07-23T18:51:31:  Instruments ...............: CTA, HESS, MAGIC, VERITAS
2019-07-23T18:51:31:  Observation identifiers ...: all
2019-07-23T18:51:31:  Model type ................: "PowerLaw" * "Constant"
2019-07-23T18:51:31:  Number of parameters ......: 4
2019-07-23T18:51:31:  Number of spectral par's ..: 3
2019-07-23T18:51:31:   Prefactor ................: 0.925542851722838 +/- 0.00420979525753973 [0.01,100] ph/cm2/s/MeV (free,scale=1,gradient)
2019-07-23T18:51:31:   Index ....................: -0.00533688707912191 +/- 0.00262435722379593 [-5,5]  (free,scale=1,gradient)
2019-07-23T18:51:31:   PivotEnergy ..............: 1000000 MeV (fixed,scale=1000000,gradient)
2019-07-23T18:51:31:  Number of temporal par's ..: 1
2019-07-23T18:51:31:   Normalization ............: 1 (relative value) (fixed,scale=1,gradient)
2019-07-23T18:51:31: 
2019-07-23T18:51:31: +==============+
2019-07-23T18:51:31: | Save results |
2019-07-23T18:51:31: +==============+
2019-07-23T18:51:31:  Model definition file .....: /cta/carli/CPPM_Internship/Simulations_and_Analyses/plus_gradient_EDisp_South_z40_50h/source2d/obsmodel_binned.xml
2019-07-23T18:51:31:  Covariance matrix file ....: NONE
2019-07-23T18:51:31: 
2019-07-23T18:51:31: Application "ctlike" terminated after 180 wall clock seconds, consuming 187.38 seconds of CPU time.
