2019-07-23T16:33:33: ********************************************************************************
2019-07-23T16:33:33: *                                  ctbutterfly                                 *
2019-07-23T16:33:33: * ---------------------------------------------------------------------------- *
2019-07-23T16:33:33: * Version: 1.6.0                                                               *
2019-07-23T16:33:33: ********************************************************************************
2019-07-23T16:33:33: +============+
2019-07-23T16:33:33: | Parameters |
2019-07-23T16:33:33: +============+
2019-07-23T16:33:33:  inobs .....................: /cta/carli/CPPM_Internship/Simulations_and_Analyses/plus_step_EDisp_South_z40_50h/source1c/obs_cube.fits
2019-07-23T16:33:33:  inmodel ...................: /cta/carli/CPPM_Internship/Simulations_and_Analyses/plus_step_EDisp_South_z40_50h/source1c/obsmodel_binned.xml
2019-07-23T16:33:33:  srcname ...................: source1c
2019-07-23T16:33:33:  expcube ...................: /cta/carli/CPPM_Internship/Simulations_and_Analyses/plus_step_EDisp_South_z40_50h/source1c/exposure_cube.fits
2019-07-23T16:33:33:  psfcube ...................: /cta/carli/CPPM_Internship/Simulations_and_Analyses/plus_step_EDisp_South_z40_50h/source1c/PSF_cube.fits
2019-07-23T16:33:33:  edispcube .................: /cta/carli/CPPM_Internship/Simulations_and_Analyses/plus_step_EDisp_South_z40_50h/source1c/edisp_cube.fits
2019-07-23T16:33:33:  bkgcube ...................: /cta/carli/CPPM_Internship/Simulations_and_Analyses/plus_step_EDisp_South_z40_50h/source1c/background_cube.fits
2019-07-23T16:33:33:  caldb .....................: prod3b-v2
2019-07-23T16:33:33:  irf .......................: South_z40_50h
2019-07-23T16:33:33:  edisp .....................: yes
2019-07-23T16:33:33:  outfile ...................: /cta/carli/CPPM_Internship/Simulations_and_Analyses/plus_step_EDisp_South_z40_50h/source1c/butterfly_binned.ascii
2019-07-23T16:33:33:  method ....................: GAUSSIAN
2019-07-23T16:33:33:  fit .......................: no
2019-07-23T16:33:33:  confidence ................: 0.68
2019-07-23T16:33:33:  statistic .................: DEFAULT
2019-07-23T16:33:33:  like_accuracy .............: 0.005
2019-07-23T16:33:33:  max_iter ..................: 50
2019-07-23T16:33:33:  matrix ....................: NONE
2019-07-23T16:33:33:  ebinalg ...................: LOG
2019-07-23T16:33:33:  emin ......................: 0.1
2019-07-23T16:33:33:  emax ......................: 199.526229858398
2019-07-23T16:33:33:  enumbins ..................: 32
2019-07-23T16:33:33:  ebinfile ..................: [not queried]
2019-07-23T16:33:33:  chatter ...................: 4
2019-07-23T16:33:33:  clobber ...................: yes
2019-07-23T16:33:33:  debug .....................: no
2019-07-23T16:33:33:  mode ......................: ql
2019-07-23T16:33:33:  logfile ...................: ctbutterfly.log
2019-07-23T16:33:33: 
2019-07-23T16:33:33: +===================+
2019-07-23T16:33:33: | Input observation |
2019-07-23T16:33:33: +===================+
2019-07-23T16:33:33: === GObservations ===
2019-07-23T16:33:33:  Number of observations ....: 1
2019-07-23T16:33:33:  Number of models ..........: 2
2019-07-23T16:33:33:  Number of observed events .: 319900
2019-07-23T16:33:33:  Number of predicted events : 0
2019-07-23T16:33:33: === GCTAObservation ===
2019-07-23T16:33:33:  Name ......................: 
2019-07-23T16:33:33:  Identifier ................: 000001
2019-07-23T16:33:33:  Instrument ................: CTA
2019-07-23T16:33:33:  Event file ................: /cta/carli/CPPM_Internship/Simulations_and_Analyses/plus_step_EDisp_South_z40_50h/source1c/obs_cube.fits
2019-07-23T16:33:33:  Event type ................: CountsCube
2019-07-23T16:33:33:  Statistic .................: cstat
2019-07-23T16:33:33:  Ontime ....................: 144000 s
2019-07-23T16:33:33:  Livetime ..................: 141120 s
2019-07-23T16:33:33:  Deadtime correction .......: 0.98
2019-07-23T16:33:33:  User energy range .........: undefined
2019-07-23T16:33:33: === GCTAPointing ===
2019-07-23T16:33:33:  Pointing direction ........: (RA,Dec)=(84.1331,22.0145)
2019-07-23T16:33:33: === GCTAResponseCube ===
2019-07-23T16:33:33:  Energy dispersion .........: Used
2019-07-23T16:33:33: === GCTACubeExposure ===
2019-07-23T16:33:33:  Filename ..................: /cta/carli/CPPM_Internship/Simulations_and_Analyses/plus_step_EDisp_South_z40_50h/source1c/exposure_cube.fits
2019-07-23T16:33:33:  Livetime ..................: 141120 sec
2019-07-23T16:33:33: === GEnergies ===
2019-07-23T16:33:33:  Number of energies ........: 33
2019-07-23T16:33:33: === GGti ===
2019-07-23T16:33:33:  Number of intervals .......: 1
2019-07-23T16:33:33:  Ontime ....................: 144000 sec
2019-07-23T16:33:33:  Elapsed time ..............: 144000 sec
2019-07-23T16:33:33:  MJD range .................: 51544.5 - 51546.1666666667 s (TT)
2019-07-23T16:33:33:  UTC range .................: 2000-01-01T11:58:56 - 2000-01-03T03:58:56 s (TT)
2019-07-23T16:33:33:  Reference MJD .............: 51544.5
2019-07-23T16:33:33: === GSkyMap ===
2019-07-23T16:33:33:  Number of pixels ..........: 6400
2019-07-23T16:33:33:  X axis dimension ..........: 80
2019-07-23T16:33:33:  Y axis dimension ..........: 80
2019-07-23T16:33:33:  Number of maps ............: 33
2019-07-23T16:33:33:  Shape of maps .............: (33)
2019-07-23T16:33:33: === GCTACubePsf ===
2019-07-23T16:33:33:  Filename ..................: /cta/carli/CPPM_Internship/Simulations_and_Analyses/plus_step_EDisp_South_z40_50h/source1c/PSF_cube.fits
2019-07-23T16:33:33: === GEnergies ===
2019-07-23T16:33:33:  Number of energies ........: 33
2019-07-23T16:33:33:  Number of delta bins ......: 200
2019-07-23T16:33:33:  Delta range ...............: 1.875e-06 - 0.298501875 deg
2019-07-23T16:33:33: === GSkyMap ===
2019-07-23T16:33:33:  Number of pixels ..........: 1
2019-07-23T16:33:33:  X axis dimension ..........: 1
2019-07-23T16:33:33:  Y axis dimension ..........: 1
2019-07-23T16:33:33:  Number of maps ............: 6600
2019-07-23T16:33:33:  Shape of maps .............: (200, 33)
2019-07-23T16:33:33: === GCTACubeEdisp ===
2019-07-23T16:33:33:  Filename ..................: /cta/carli/CPPM_Internship/Simulations_and_Analyses/plus_step_EDisp_South_z40_50h/source1c/edisp_cube.fits
2019-07-23T16:33:33: === GEnergies ===
2019-07-23T16:33:33:  Number of energies ........: 33
2019-07-23T16:33:33:  Number of migra bins ......: 100
2019-07-23T16:33:33:  Migra range ...............: 0.02 - 2
2019-07-23T16:33:33: === GSkyMap ===
2019-07-23T16:33:33:  Number of pixels ..........: 1
2019-07-23T16:33:33:  X axis dimension ..........: 1
2019-07-23T16:33:33:  Y axis dimension ..........: 1
2019-07-23T16:33:33:  Number of maps ............: 3300
2019-07-23T16:33:33:  Shape of maps .............: (100, 33)
2019-07-23T16:33:33: === GCTACubeBackground ===
2019-07-23T16:33:33:  Filename ..................: /cta/carli/CPPM_Internship/Simulations_and_Analyses/plus_step_EDisp_South_z40_50h/source1c/background_cube.fits
2019-07-23T16:33:33: === GEbounds ===
2019-07-23T16:33:33:  Number of intervals .......: 32
2019-07-23T16:33:33:  Energy range ..............: 100 GeV - 199.526229858398 TeV
2019-07-23T16:33:33: === GSkyMap ===
2019-07-23T16:33:33:  Number of pixels ..........: 6400
2019-07-23T16:33:33:  X axis dimension ..........: 80
2019-07-23T16:33:33:  Y axis dimension ..........: 80
2019-07-23T16:33:33:  Number of maps ............: 32
2019-07-23T16:33:33:  Shape of maps .............: (32)
2019-07-23T16:33:33: === GCTAResponseCache ===
2019-07-23T16:33:33:  Number of cached values ...: 0
2019-07-23T16:33:33: === GCTAEventCube ===
2019-07-23T16:33:33:  Number of events ..........: 319900
2019-07-23T16:33:33:  Number of elements ........: 204800
2019-07-23T16:33:33:  Number of pixels ..........: 6400
2019-07-23T16:33:33:  Number of energy bins .....: 32
2019-07-23T16:33:33:  Time interval .............: 51544.5 - 51546.1666666667 days
2019-07-23T16:33:33:  Pointing ..................: (RA,Dec)=(84.1331,22.0145)
2019-07-23T16:33:33: === GEbounds ===
2019-07-23T16:33:33:  Number of intervals .......: 32
2019-07-23T16:33:33:  Energy range ..............: 100 GeV - 199.526229858398 TeV
2019-07-23T16:33:33: === GSkyMap ===
2019-07-23T16:33:33:  Number of pixels ..........: 6400
2019-07-23T16:33:33:  X axis dimension ..........: 80
2019-07-23T16:33:33:  Y axis dimension ..........: 80
2019-07-23T16:33:33:  Number of maps ............: 32
2019-07-23T16:33:33:  Shape of maps .............: (32)
2019-07-23T16:33:33: === GSkyRegions ===
2019-07-23T16:33:33:  Number of regions .........: 0
2019-07-23T16:33:33: === GModels ===
2019-07-23T16:33:33:  Number of models ..........: 2
2019-07-23T16:33:33:  Number of parameters ......: 11
2019-07-23T16:33:33: === GModelSky ===
2019-07-23T16:33:33:  Name ......................: source1c
2019-07-23T16:33:33:  Instruments ...............: all
2019-07-23T16:33:33:  Test Statistic ............: 63248.935
2019-07-23T16:33:33:  Observation identifiers ...: all
2019-07-23T16:33:33:  Model type ................: PointSource
2019-07-23T16:33:33:  Model components ..........: "PointSource" * "ExponentialCutoffPowerLaw" * "Constant"
2019-07-23T16:33:33:  Number of parameters ......: 7
2019-07-23T16:33:33:  Number of spatial par's ...: 2
2019-07-23T16:33:33:   RA .......................: 83.6331 [-360,360] deg (fixed,scale=1)
2019-07-23T16:33:33:   DEC ......................: 22.0145 [-90,90] deg (fixed,scale=1)
2019-07-23T16:33:33:  Number of spectral par's ..: 4
2019-07-23T16:33:33:   Prefactor ................: 2.24389861505174e-18 +/- 2.25658949906002e-20 [1e-25,1e-15] ph/cm2/s/MeV (free,scale=1e-18,gradient)
2019-07-23T16:33:33:   Index ....................: -2.02216423554447 +/- 0.00905825655441836 [-0,-5]  (free,scale=-1,gradient)
2019-07-23T16:33:33:   CutoffEnergy .............: 66195172.5005035 +/- 7381004.76214465 [100000,10000000000] MeV (free,scale=10000000,gradient)
2019-07-23T16:33:33:   PivotEnergy ..............: 1000000 [10000,1000000000] MeV (fixed,scale=1000000,gradient)
2019-07-23T16:33:33:  Number of temporal par's ..: 1
2019-07-23T16:33:33:   Normalization ............: 1 (relative value) (fixed,scale=1,gradient)
2019-07-23T16:33:33:  Number of scale par's .....: 0
2019-07-23T16:33:33: === GCTAModelCubeBackground ===
2019-07-23T16:33:33:  Name ......................: BackgroundModel
2019-07-23T16:33:33:  Instruments ...............: CTA, HESS, MAGIC, VERITAS
2019-07-23T16:33:33:  Observation identifiers ...: all
2019-07-23T16:33:33:  Model type ................: "PowerLaw" * "Constant"
2019-07-23T16:33:33:  Number of parameters ......: 4
2019-07-23T16:33:33:  Number of spectral par's ..: 3
2019-07-23T16:33:33:   Prefactor ................: 0.970420003249447 +/- 0.00437463552495928 [0.01,100] ph/cm2/s/MeV (free,scale=1,gradient)
2019-07-23T16:33:33:   Index ....................: -0.0179437895275923 +/- 0.00260324442490538 [-5,5]  (free,scale=1,gradient)
2019-07-23T16:33:33:   PivotEnergy ..............: 1000000 MeV (fixed,scale=1000000,gradient)
2019-07-23T16:33:33:  Number of temporal par's ..: 1
2019-07-23T16:33:33:   Normalization ............: 1 (relative value) (fixed,scale=1,gradient)
2019-07-23T16:33:33: 
2019-07-23T16:33:33: +===========================+
2019-07-23T16:33:33: | Compute covariance matrix |
2019-07-23T16:33:33: +===========================+
2019-07-23T16:34:05: === GMatrixSparse ===
2019-07-23T16:34:05:  Number of rows ............: 11
2019-07-23T16:34:05:  Number of columns .........: 11
2019-07-23T16:34:05:  Number of nonzero elements : 25
2019-07-23T16:34:05:  Number of allocated cells .: 512
2019-07-23T16:34:05:  Memory block size .........: 512
2019-07-23T16:34:05:  Sparse matrix fill ........: 0.206611570247934
2019-07-23T16:34:05:  Pending element ...........: 0
2019-07-23T16:34:05:  Fill stack size ...........: 0 (none)
2019-07-23T16:34:05:  0, 0, 0, 0, 0, 0, 0, 0, 0, 0, 0
2019-07-23T16:34:05:  0, 0, 0, 0, 0, 0, 0, 0, 0, 0, 0
2019-07-23T16:34:05:  0, 0, 5.09219616725626e-40, 4.49575559057116e-23, -7.31345354531916e-14, 0, 0, -2.97339806038446e-24, -7.18098643417321e-25, 0, 0
2019-07-23T16:34:05:  0, 0, 4.49575559057116e-23, 8.20520118055176e-05, -44584.5393731756, 0, 0, 2.74442665670215e-07, -6.73317823763924e-07, 0, 0
2019-07-23T16:34:05:  0, 0, -7.31345354531916e-14, -44584.5393731756, 54479231298417.3, 0, 0, 12.4613886607636, 318.584505628872, 0, 0
2019-07-23T16:34:05:  0, 0, 0, 0, 0, 0, 0, 0, 0, 0, 0
2019-07-23T16:34:05:  0, 0, 0, 0, 0, 0, 0, 0, 0, 0, 0
2019-07-23T16:34:05:  0, 0, -2.97339806038446e-24, 2.74442665670215e-07, 12.4613886607636, 0, 0, 1.9137435976239e-05, 1.03949282761131e-05, 0, 0
2019-07-23T16:34:05:  0, 0, -7.18098643417323e-25, -6.73317823763924e-07, 318.584505628872, 0, 0, 1.03949282761131e-05, 6.77688153580395e-06, 0, 0
2019-07-23T16:34:05:  0, 0, 0, 0, 0, 0, 0, 0, 0, 0, 0
2019-07-23T16:34:05:  0, 0, 0, 0, 0, 0, 0, 0, 0, 0, 0
2019-07-23T16:34:05: 
2019-07-23T16:34:05: +===============================+
2019-07-23T16:34:05: | Prepare butterfly computation |
2019-07-23T16:34:05: +===============================+
2019-07-23T16:34:05:  Confidence level ..........: 0.68
2019-07-23T16:34:05:  Corresponding scaling .....: 0.994458
2019-07-23T16:34:05: 
2019-07-23T16:34:05: +====================+
2019-07-23T16:34:05: | Generate butterfly |
2019-07-23T16:34:05: +====================+
2019-07-23T16:34:05: 
2019-07-23T16:34:05: +=========+
2019-07-23T16:34:05: | Results |
2019-07-23T16:34:05: +=========+
2019-07-23T16:34:05:  Intensity at 112606.251051226 MeV : 1.85421817479023e-16 (1.81695796673979e-16, 1.89147838284066e-16) ph/cm2/s/MeV
2019-07-23T16:34:05:  Intensity at 142786.615593472 MeV : 1.14664013557002e-16 (1.12568919374172e-16, 1.16759107739832e-16) ph/cm2/s/MeV
2019-07-23T16:34:05:  Intensity at 181055.824186555 MeV : 7.08990433663928e-17 (6.9727739758582e-17, 7.20703469742036e-17) ph/cm2/s/MeV
2019-07-23T16:34:05:  Intensity at 229581.822747338 MeV : 4.38314985063992e-17 (4.3179931121747e-17, 4.44830658910513e-17) ph/cm2/s/MeV
2019-07-23T16:34:05:  Intensity at 291113.603071291 MeV : 2.70923659459566e-17 (2.67310396165694e-17, 2.74536922753438e-17) ph/cm2/s/MeV
2019-07-23T16:34:05:  Intensity at 369136.932876502 MeV : 1.67416920707127e-17 (1.65411610993798e-17, 1.69422230420457e-17) ph/cm2/s/MeV
2019-07-23T16:34:05:  Intensity at 468071.824112259 MeV : 1.03422389906392e-17 (1.02300957309855e-17, 1.04543822502929e-17) ph/cm2/s/MeV
2019-07-23T16:34:05:  Intensity at 593522.926087366 MeV : 6.38639565665517e-18 (6.32255890919826e-18, 6.45023240411208e-18) ph/cm2/s/MeV
2019-07-23T16:34:05:  Intensity at 752597.028157849 MeV : 3.94163565772526e-18 (3.90421492150405e-18, 3.97905639394647e-18) ph/cm2/s/MeV
2019-07-23T16:34:05:  Intensity at 954305.65846188 MeV : 2.43118169917035e-18 (2.40840701634597e-18, 2.45395638199474e-18) ph/cm2/s/MeV
2019-07-23T16:34:05:  Intensity at 1210075.58587031 MeV : 1.49831687688596e-18 (1.48393100821838e-18, 1.51270274555355e-18) ph/cm2/s/MeV
2019-07-23T16:34:05:  Intensity at 1534396.14502492 MeV : 9.22444353219132e-19 (9.13097639702033e-19, 9.31791066736231e-19) ph/cm2/s/MeV
2019-07-23T16:34:05:  Intensity at 1945640.05534746 MeV : 5.67161044465041e-19 (5.60992866173094e-19, 5.73329222756988e-19) ph/cm2/s/MeV
2019-07-23T16:34:05:  Intensity at 2467104.23331454 MeV : 3.48136433192228e-19 (3.44047905007073e-19, 3.52224961377384e-19) ph/cm2/s/MeV
2019-07-23T16:34:05:  Intensity at 3128329.55988436 MeV : 2.13243405626862e-19 (2.1054273471813e-19, 2.15944076535594e-19) ph/cm2/s/MeV
2019-07-23T16:34:05:  Intensity at 3966774.36773649 MeV : 1.30268388134214e-19 (1.28498997235045e-19, 1.32037779033382e-19) ph/cm2/s/MeV
2019-07-23T16:34:05:  Intensity at 5029936.45116879 MeV : 7.93100347065569e-20 (7.81627652861882e-20, 8.04573041269255e-20) ph/cm2/s/MeV
2019-07-23T16:34:05:  Intensity at 6378043.81024912 MeV : 4.80781520137215e-20 (4.73419007398433e-20, 4.88144032875998e-20) ph/cm2/s/MeV
2019-07-23T16:34:05:  Intensity at 8087466.55954362 MeV : 2.89865726739266e-20 (2.85176134471895e-20, 2.94555319006637e-20) ph/cm2/s/MeV
2019-07-23T16:34:05:  Intensity at 10255043.285628 MeV : 1.73556188944498e-20 (1.70571384047156e-20, 1.76540993841841e-20) ph/cm2/s/MeV
2019-07-23T16:34:05:  Intensity at 13003566.9409974 MeV : 1.03008213442576e-20 (1.01087984749502e-20, 1.04928442135651e-20) ph/cm2/s/MeV
2019-07-23T16:34:05:  Intensity at 16488741.0495845 MeV : 6.04603386165757e-21 (5.9193873024385e-21, 6.17268042087664e-21) ph/cm2/s/MeV
2019-07-23T16:34:05:  Intensity at 20908000.2920645 MeV : 3.49897575222896e-21 (3.41253444797225e-21, 3.58541705648567e-21) ph/cm2/s/MeV
2019-07-23T16:34:05:  Intensity at 26511695.1560098 MeV : 1.98902583416257e-21 (1.92820168981323e-21, 2.04984997851191e-21) ph/cm2/s/MeV
2019-07-23T16:34:05:  Intensity at 33617274.2599379 MeV : 1.10531566684206e-21 (1.06193376815414e-21, 1.14869756552999e-21) ph/cm2/s/MeV
2019-07-23T16:34:05:  Intensity at 42627267.7781488 MeV : 5.96812225886074e-22 (5.6612469353298e-22, 6.27499758239168e-22) ph/cm2/s/MeV
2019-07-23T16:34:05:  Intensity at 54052090.7251378 MeV : 3.10703281546095e-22 (2.89601121960621e-22, 3.31805441131568e-22) ph/cm2/s/MeV
2019-07-23T16:34:05:  Intensity at 68538957.9028144 MeV : 1.54441657553864e-22 (1.40576213184695e-22, 1.68307101923033e-22) ph/cm2/s/MeV
2019-07-23T16:34:05:  Intensity at 86908548.5386981 MeV : 7.23951089226624e-23 (6.38287960891442e-23, 8.09614217561807e-23) ph/cm2/s/MeV
2019-07-23T16:34:05:  Intensity at 110201497.662297 MeV : 3.15030598652706e-23 (2.66116053873502e-23, 3.6394514343191e-23) ph/cm2/s/MeV
2019-07-23T16:34:05:  Intensity at 139737347.950364 MeV : 1.2474918371203e-23 (9.94520981359416e-24, 1.50046269288118e-23) ph/cm2/s/MeV
2019-07-23T16:34:05:  Intensity at 177189301.655759 MeV : 4.38315241354059e-24 (3.22753435971395e-24, 5.53877046736723e-24) ph/cm2/s/MeV
2019-07-23T16:34:05: 
2019-07-23T16:34:05: +========================+
2019-07-23T16:34:05: | Save Butterfly diagram |
2019-07-23T16:34:05: +========================+
2019-07-23T16:34:05:  Butterfly file ............: /cta/carli/CPPM_Internship/Simulations_and_Analyses/plus_step_EDisp_South_z40_50h/source1c/butterfly_binned.ascii
2019-07-23T16:34:05: 
2019-07-23T16:34:05: Application "ctbutterfly" terminated after 32 wall clock seconds, consuming 33.34 seconds of CPU time.
