2019-07-26T17:23:17: ********************************************************************************
2019-07-26T17:23:17: *                                  ctbutterfly                                 *
2019-07-26T17:23:17: * ---------------------------------------------------------------------------- *
2019-07-26T17:23:17: * Version: 1.6.0                                                               *
2019-07-26T17:23:17: ********************************************************************************
2019-07-26T17:23:17: +============+
2019-07-26T17:23:17: | Parameters |
2019-07-26T17:23:17: +============+
2019-07-26T17:23:17:  inobs .....................: /cta/carli/CPPM_Internship/Simulations_and_Analyses/minus_constant_AEff_South_z40_50h/source1d_NOBKG/obs_cube.fits
2019-07-26T17:23:17:  inmodel ...................: /cta/carli/CPPM_Internship/Simulations_and_Analyses/minus_constant_AEff_South_z40_50h/source1d_NOBKG/obsmodel_binned.xml
2019-07-26T17:23:17:  srcname ...................: source1d_NOBKG
2019-07-26T17:23:17:  expcube ...................: /cta/carli/CPPM_Internship/Simulations_and_Analyses/minus_constant_AEff_South_z40_50h/source1d_NOBKG/exposure_cube.fits
2019-07-26T17:23:17:  psfcube ...................: /cta/carli/CPPM_Internship/Simulations_and_Analyses/minus_constant_AEff_South_z40_50h/source1d_NOBKG/PSF_cube.fits
2019-07-26T17:23:17:  edispcube .................: /cta/carli/CPPM_Internship/Simulations_and_Analyses/minus_constant_AEff_South_z40_50h/source1d_NOBKG/edisp_cube.fits
2019-07-26T17:23:17:  bkgcube ...................: 
2019-07-26T17:23:17:  caldb .....................: prod3b-v2
2019-07-26T17:23:17:  irf .......................: minus_constant_AEff_South_z40_50h
2019-07-26T17:23:17:  edisp .....................: yes
2019-07-26T17:23:17:  outfile ...................: /cta/carli/CPPM_Internship/Simulations_and_Analyses/minus_constant_AEff_South_z40_50h/source1d_NOBKG/butterfly_binned.ascii
2019-07-26T17:23:17:  method ....................: GAUSSIAN
2019-07-26T17:23:17:  fit .......................: no
2019-07-26T17:23:17:  confidence ................: 0.68
2019-07-26T17:23:17:  statistic .................: DEFAULT
2019-07-26T17:23:17:  like_accuracy .............: 0.005
2019-07-26T17:23:17:  max_iter ..................: 50
2019-07-26T17:23:17:  matrix ....................: NONE
2019-07-26T17:23:17:  ebinalg ...................: LOG
2019-07-26T17:23:17:  emin ......................: 0.1
2019-07-26T17:23:17:  emax ......................: 199.526229858398
2019-07-26T17:23:17:  enumbins ..................: 32
2019-07-26T17:23:17:  ebinfile ..................: [not queried]
2019-07-26T17:23:17:  chatter ...................: 4
2019-07-26T17:23:17:  clobber ...................: yes
2019-07-26T17:23:17:  debug .....................: no
2019-07-26T17:23:17:  mode ......................: ql
2019-07-26T17:23:17:  logfile ...................: ctbutterfly.log
2019-07-26T17:23:17: 
2019-07-26T17:23:17: +===================+
2019-07-26T17:23:17: | Input observation |
2019-07-26T17:23:17: +===================+
2019-07-26T17:23:17: === GObservations ===
2019-07-26T17:23:17:  Number of observations ....: 1
2019-07-26T17:23:17:  Number of models ..........: 1
2019-07-26T17:23:17:  Number of observed events .: 20176
2019-07-26T17:23:17:  Number of predicted events : 0
2019-07-26T17:23:17: === GCTAObservation ===
2019-07-26T17:23:17:  Name ......................: 
2019-07-26T17:23:17:  Identifier ................: 000001
2019-07-26T17:23:17:  Instrument ................: CTA
2019-07-26T17:23:17:  Event file ................: /cta/carli/CPPM_Internship/Simulations_and_Analyses/minus_constant_AEff_South_z40_50h/source1d_NOBKG/obs_cube.fits
2019-07-26T17:23:17:  Event type ................: CountsCube
2019-07-26T17:23:17:  Statistic .................: cstat
2019-07-26T17:23:17:  Ontime ....................: 144000 s
2019-07-26T17:23:17:  Livetime ..................: 141120 s
2019-07-26T17:23:17:  Deadtime correction .......: 0.98
2019-07-26T17:23:17:  User energy range .........: undefined
2019-07-26T17:23:17: === GCTAPointing ===
2019-07-26T17:23:17:  Pointing direction ........: (RA,Dec)=(84.1331,22.0145)
2019-07-26T17:23:17: === GCTAResponseIrf ===
2019-07-26T17:23:17:  Caldb mission .............: cta
2019-07-26T17:23:17:  Caldb instrument ..........: prod3b-v2
2019-07-26T17:23:17:  Response name .............: minus_constant_AEff_South_z40_50h
2019-07-26T17:23:17:  Energy dispersion .........: Used
2019-07-26T17:23:17:  Safe energy range .........: undefined
2019-07-26T17:23:17: === GCaldb ===
2019-07-26T17:23:17:  Database root .............: /cta/carli/anaconda3/share/caldb
2019-07-26T17:23:17:  Selected Mission ..........: CTA
2019-07-26T17:23:17:  Selected Instrument .......: PROD3B-V2
2019-07-26T17:23:17:  Calibration Index File ....: /cta/carli/anaconda3/share/caldb/data/cta/prod3b-v2/caldb.indx
2019-07-26T17:23:17:  Number of entries .........: 240
2019-07-26T17:23:17: === GCTAAeff2D ===
2019-07-26T17:23:17:  Filename ..................: /cta/carli/anaconda3/share/caldb/data/cta/prod3b-v2/bcf/minus_constant_AEff_South_z40_50h/irf_file.fits
2019-07-26T17:23:17:  Number of energy bins .....: 42
2019-07-26T17:23:17:  Number of offset bins .....: 6
2019-07-26T17:23:17:  Log10(Energy) range .......: 0.0125892544165254 - 199.526229858398 TeV
2019-07-26T17:23:17:  Offset angle range ........: 0 - 6 deg
2019-07-26T17:23:17:  Lower energy threshold ....: not specified
2019-07-26T17:23:17:  Upper energy threshold ....: not specified
2019-07-26T17:23:17:  Radius cut ................: none
2019-07-26T17:23:17: === GCTAPsf2D ===
2019-07-26T17:23:17:  Filename ..................: /cta/carli/anaconda3/share/caldb/data/cta/prod3b-v2/bcf/minus_constant_AEff_South_z40_50h/irf_file.fits
2019-07-26T17:23:17:  Number of energy bins .....: 25
2019-07-26T17:23:17:  Number of offset bins .....: 6
2019-07-26T17:23:17:  Log10(Energy) range .......: 0.0125892544165254 - 1258.92541503906 TeV
2019-07-26T17:23:17:  Offset angle range ........: 0 - 6 deg
2019-07-26T17:23:17: === GCTAEdisp2D ===
2019-07-26T17:23:17:  Filename ..................: /cta/carli/anaconda3/share/caldb/data/cta/prod3b-v2/bcf/minus_constant_AEff_South_z40_50h/irf_file.fits
2019-07-26T17:23:17:  Number of energy bins .....: 500
2019-07-26T17:23:17:  Number of migration bins ..: 300
2019-07-26T17:23:17:  Number of offset bins .....: 6
2019-07-26T17:23:17:  Log10(Energy) range .......: 0.00501187238842249 - 501.187225341797 TeV
2019-07-26T17:23:17:  Migration range ...........: 0 - 3
2019-07-26T17:23:17:  Offset angle range ........: 0 - 6 deg
2019-07-26T17:23:17: === GCTABackground3D ===
2019-07-26T17:23:17:  Filename ..................: /cta/carli/anaconda3/share/caldb/data/cta/prod3b-v2/bcf/minus_constant_AEff_South_z40_50h/irf_file.fits
2019-07-26T17:23:17:  Number of DETX bins .......: 36
2019-07-26T17:23:17:  Number of DETY bins .......: 36
2019-07-26T17:23:17:  Number of energy bins .....: 21
2019-07-26T17:23:17:  DETX range ................: -6 - 6 deg
2019-07-26T17:23:17:  DETX range ................: -6 - 6 deg
2019-07-26T17:23:17:  Energy range ..............: 0.0125892544165254 - 199.526229858398 TeV
2019-07-26T17:23:17: === GCTAResponseCache ===
2019-07-26T17:23:17:  Number of cached values ...: 0
2019-07-26T17:23:17: === GCTAResponseCache ===
2019-07-26T17:23:17:  Number of cached values ...: 0
2019-07-26T17:23:17: === GCTAEventCube ===
2019-07-26T17:23:17:  Number of events ..........: 20176
2019-07-26T17:23:17:  Number of elements ........: 204800
2019-07-26T17:23:17:  Number of pixels ..........: 6400
2019-07-26T17:23:17:  Number of energy bins .....: 32
2019-07-26T17:23:17:  Time interval .............: 51544.5 - 51546.1666666667 days
2019-07-26T17:23:17:  Pointing ..................: (RA,Dec)=(84.1331,22.0145)
2019-07-26T17:23:17: === GEbounds ===
2019-07-26T17:23:17:  Number of intervals .......: 32
2019-07-26T17:23:17:  Energy range ..............: 100 GeV - 199.526229858398 TeV
2019-07-26T17:23:17: === GSkyMap ===
2019-07-26T17:23:17:  Number of pixels ..........: 6400
2019-07-26T17:23:17:  X axis dimension ..........: 80
2019-07-26T17:23:17:  Y axis dimension ..........: 80
2019-07-26T17:23:17:  Number of maps ............: 32
2019-07-26T17:23:17:  Shape of maps .............: (32)
2019-07-26T17:23:17: === GSkyRegions ===
2019-07-26T17:23:17:  Number of regions .........: 0
2019-07-26T17:23:17: === GModels ===
2019-07-26T17:23:17:  Number of models ..........: 1
2019-07-26T17:23:17:  Number of parameters ......: 7
2019-07-26T17:23:17: === GModelSky ===
2019-07-26T17:23:17:  Name ......................: source1d_NOBKG
2019-07-26T17:23:17:  Instruments ...............: all
2019-07-26T17:23:17:  Test Statistic ............: 66760.574
2019-07-26T17:23:17:  Observation identifiers ...: all
2019-07-26T17:23:17:  Model type ................: PointSource
2019-07-26T17:23:17:  Model components ..........: "PointSource" * "ExponentialCutoffPowerLaw" * "Constant"
2019-07-26T17:23:17:  Number of parameters ......: 7
2019-07-26T17:23:17:  Number of spatial par's ...: 2
2019-07-26T17:23:17:   RA .......................: 83.6331 [-360,360] deg (fixed,scale=1)
2019-07-26T17:23:17:   DEC ......................: 22.0145 [-90,90] deg (fixed,scale=1)
2019-07-26T17:23:17:  Number of spectral par's ..: 4
2019-07-26T17:23:17:   Prefactor ................: 2.99787604049144e-18 +/- 2.54073936578086e-20 [1e-25,1e-15] ph/cm2/s/MeV (free,scale=1e-18,gradient)
2019-07-26T17:23:17:   Index ....................: -1.9984033475906 +/- 0.00657297565694583 [-0,-5]  (free,scale=-1,gradient)
2019-07-26T17:23:17:   CutoffEnergy .............: 47121539.699195 +/- 3280568.59809303 [100000,10000000000] MeV (free,scale=10000000,gradient)
2019-07-26T17:23:17:   PivotEnergy ..............: 1000000 [10000,1000000000] MeV (fixed,scale=1000000,gradient)
2019-07-26T17:23:17:  Number of temporal par's ..: 1
2019-07-26T17:23:17:   Normalization ............: 1 (relative value) (fixed,scale=1,gradient)
2019-07-26T17:23:17:  Number of scale par's .....: 0
2019-07-26T17:23:17: 
2019-07-26T17:23:17: +===========================+
2019-07-26T17:23:17: | Compute covariance matrix |
2019-07-26T17:23:17: +===========================+
2019-07-26T17:23:58: === GMatrixSparse ===
2019-07-26T17:23:58:  Number of rows ............: 7
2019-07-26T17:23:58:  Number of columns .........: 7
2019-07-26T17:23:58:  Number of nonzero elements : 9
2019-07-26T17:23:58:  Number of allocated cells .: 512
2019-07-26T17:23:58:  Memory block size .........: 512
2019-07-26T17:23:58:  Sparse matrix fill ........: 0.183673469387755
2019-07-26T17:23:58:  Pending element ...........: 0
2019-07-26T17:23:58:  Fill stack size ...........: 0 (none)
2019-07-26T17:23:58:  0, 0, 0, 0, 0, 0, 0
2019-07-26T17:23:58:  0, 0, 0, 0, 0, 0, 0
2019-07-26T17:23:58:  0, 0, 6.45535652481878e-40, 7.48276316797174e-23, -4.51162135981672e-14, 0, 0
2019-07-26T17:23:58:  0, 0, 7.48276316797174e-23, 4.32040089868351e-05, -13876.4953057167, 0, 0
2019-07-26T17:23:58:  0, 0, -4.51162135981672e-14, -13876.4953057167, 10762130326785.2, 0, 0
2019-07-26T17:23:58:  0, 0, 0, 0, 0, 0, 0
2019-07-26T17:23:58:  0, 0, 0, 0, 0, 0, 0
2019-07-26T17:23:58: 
2019-07-26T17:23:58: +===============================+
2019-07-26T17:23:58: | Prepare butterfly computation |
2019-07-26T17:23:58: +===============================+
2019-07-26T17:23:58:  Confidence level ..........: 0.68
2019-07-26T17:23:58:  Corresponding scaling .....: 0.994458
2019-07-26T17:23:58: 
2019-07-26T17:23:58: +====================+
2019-07-26T17:23:58: | Generate butterfly |
2019-07-26T17:23:58: +====================+
2019-07-26T17:23:58: 
2019-07-26T17:23:58: +=========+
2019-07-26T17:23:58: | Results |
2019-07-26T17:23:58: +=========+
2019-07-26T17:23:58:  Intensity at 112606.251051226 MeV : 2.35037150691435e-16 (2.31985739404785e-16, 2.38088561978085e-16) ph/cm2/s/MeV
2019-07-26T17:23:58:  Intensity at 142786.615593472 MeV : 1.46141315396162e-16 (1.44422203613379e-16, 1.47860427178946e-16) ph/cm2/s/MeV
2019-07-26T17:23:58:  Intensity at 181055.824186555 MeV : 9.08520978238956e-17 (8.98866831337319e-17, 9.18175125140594e-17) ph/cm2/s/MeV
2019-07-26T17:23:58:  Intensity at 229581.822747338 MeV : 5.64679961218159e-17 (5.5926033720367e-17, 5.70099585232648e-17) ph/cm2/s/MeV
2019-07-26T17:23:58:  Intensity at 291113.603071291 MeV : 3.50872979781314e-17 (3.47816187789292e-17, 3.53929771773336e-17) ph/cm2/s/MeV
2019-07-26T17:23:58:  Intensity at 369136.932876502 MeV : 2.17944282372179e-17 (2.16198522780416e-17, 2.19690041963941e-17) ph/cm2/s/MeV
2019-07-26T17:23:58:  Intensity at 468071.824112259 MeV : 1.35315736022938e-17 (1.34296193053865e-17, 1.36335278992012e-17) ph/cm2/s/MeV
2019-07-26T17:23:58:  Intensity at 593522.926087366 MeV : 8.3966633692049e-18 (8.33522497961742e-18, 8.45810175879238e-18) ph/cm2/s/MeV
2019-07-26T17:23:58:  Intensity at 752597.028157849 MeV : 5.20661295665122e-18 (5.16827039297302e-18, 5.24495552032942e-18) ph/cm2/s/MeV
2019-07-26T17:23:58:  Intensity at 954305.65846188 MeV : 3.22560294749506e-18 (3.20092275479641e-18, 3.25028314019372e-18) ph/cm2/s/MeV
2019-07-26T17:23:58:  Intensity at 1210075.58587031 MeV : 1.99603551902949e-18 (1.97980879827568e-18, 2.01226223978329e-18) ph/cm2/s/MeV
2019-07-26T17:23:58:  Intensity at 1534396.14502492 MeV : 1.23337127040811e-18 (1.22259107194951e-18, 1.24415146886671e-18) ph/cm2/s/MeV
2019-07-26T17:23:58:  Intensity at 1945640.05534746 MeV : 7.60708490939569e-19 (7.53535855298484e-19, 7.67881126580653e-19) ph/cm2/s/MeV
2019-07-26T17:23:58:  Intensity at 2467104.23331454 MeV : 4.68087299185264e-19 (4.63337033274971e-19, 4.72837565095557e-19) ph/cm2/s/MeV
2019-07-26T17:23:58:  Intensity at 3128329.55988436 MeV : 2.8717547352387e-19 (2.84055913670185e-19, 2.90295033377556e-19) ph/cm2/s/MeV
2019-07-26T17:23:58:  Intensity at 3966774.36773649 MeV : 1.75523186830494e-19 (1.73495792186902e-19, 1.77550581474086e-19) ph/cm2/s/MeV
2019-07-26T17:23:58:  Intensity at 5029936.45116879 MeV : 1.06770319893698e-19 (1.0546688177519e-19, 1.08073758012206e-19) ph/cm2/s/MeV
2019-07-26T17:23:58:  Intensity at 6378043.81024912 MeV : 6.45565631507737e-20 (6.37262372043273e-20, 6.53868890972201e-20) ph/cm2/s/MeV
2019-07-26T17:23:58:  Intensity at 8087466.55954362 MeV : 3.87347007221846e-20 (3.82082285518525e-20, 3.92611728925167e-20) ph/cm2/s/MeV
2019-07-26T17:23:58:  Intensity at 10255043.285628 MeV : 2.30164024950703e-20 (2.2681320234198e-20, 2.33514847559426e-20) ph/cm2/s/MeV
2019-07-26T17:23:58:  Intensity at 13003566.9409974 MeV : 1.35089128417057e-20 (1.32922573486345e-20, 1.3725568334777e-20) ph/cm2/s/MeV
2019-07-26T17:23:58:  Intensity at 16488741.0495845 MeV : 7.80573917439059e-21 (7.66188059636225e-21, 7.94959775241892e-21) ph/cm2/s/MeV
2019-07-26T17:23:58:  Intensity at 20908000.2920645 MeV : 4.42179596545189e-21 (4.32354503802716e-21, 4.52004689287661e-21) ph/cm2/s/MeV
2019-07-26T17:23:58:  Intensity at 26511695.1560098 MeV : 2.44268261655867e-21 (2.37447771588153e-21, 2.5108875172358e-21) ph/cm2/s/MeV
2019-07-26T17:23:58:  Intensity at 33617274.2599379 MeV : 1.30705332486286e-21 (1.25991239219875e-21, 1.35419425752697e-21) ph/cm2/s/MeV
2019-07-26T17:23:58:  Intensity at 42627267.7781488 MeV : 6.71687990285333e-22 (6.39955907087717e-22, 7.03420073482948e-22) ph/cm2/s/MeV
2019-07-26T17:23:58:  Intensity at 54052090.7251378 MeV : 3.27933395437997e-22 (3.07546678749029e-22, 3.48320112126965e-22) ph/cm2/s/MeV
2019-07-26T17:23:58:  Intensity at 68538957.9028144 MeV : 1.50031501225876e-22 (1.37765760695151e-22, 1.622972417566e-22) ph/cm2/s/MeV
2019-07-26T17:23:58:  Intensity at 86908548.5386981 MeV : 6.32112300041033e-23 (5.64365089939648e-23, 6.99859510142418e-23) ph/cm2/s/MeV
2019-07-26T17:23:58:  Intensity at 110201497.662297 MeV : 2.3989987307989e-23 (2.06329838150035e-23, 2.73469908009746e-23) ph/cm2/s/MeV
2019-07-26T17:23:58:  Intensity at 139737347.950364 MeV : 7.97495523812285e-24 (6.52395150410156e-24, 9.42595897214414e-24) ph/cm2/s/MeV
2019-07-26T17:23:58:  Intensity at 177189301.655759 MeV : 2.24113450737056e-24 (1.71300484760752e-24, 2.7692641671336e-24) ph/cm2/s/MeV
2019-07-26T17:23:58: 
2019-07-26T17:23:58: +========================+
2019-07-26T17:23:58: | Save Butterfly diagram |
2019-07-26T17:23:58: +========================+
2019-07-26T17:23:58:  Butterfly file ............: /cta/carli/CPPM_Internship/Simulations_and_Analyses/minus_constant_AEff_South_z40_50h/source1d_NOBKG/butterfly_binned.ascii
2019-07-26T17:23:58: 
2019-07-26T17:23:58: Application "ctbutterfly" terminated after 42 wall clock seconds, consuming 42.78 seconds of CPU time.
