2019-07-26T17:20:38: ********************************************************************************
2019-07-26T17:20:38: *                                    ctlike                                    *
2019-07-26T17:20:38: * ---------------------------------------------------------------------------- *
2019-07-26T17:20:38: * Version: 1.6.0                                                               *
2019-07-26T17:20:38: ********************************************************************************
2019-07-26T17:20:38: +============+
2019-07-26T17:20:38: | Parameters |
2019-07-26T17:20:38: +============+
2019-07-26T17:20:38:  inobs .....................: /cta/carli/CPPM_Internship/Simulations_and_Analyses/minus_constant_AEff_South_z40_50h/source1d_NOBKG/obs_cube.fits
2019-07-26T17:20:38:  inmodel ...................: /cta/carli/anaconda3/share/models/source1d_NOBKG.xml
2019-07-26T17:20:38:  expcube ...................: /cta/carli/CPPM_Internship/Simulations_and_Analyses/minus_constant_AEff_South_z40_50h/source1d_NOBKG/exposure_cube.fits
2019-07-26T17:20:38:  psfcube ...................: /cta/carli/CPPM_Internship/Simulations_and_Analyses/minus_constant_AEff_South_z40_50h/source1d_NOBKG/PSF_cube.fits
2019-07-26T17:20:38:  edispcube .................: /cta/carli/CPPM_Internship/Simulations_and_Analyses/minus_constant_AEff_South_z40_50h/source1d_NOBKG/edisp_cube.fits
2019-07-26T17:20:38:  bkgcube ...................: 
2019-07-26T17:20:38:  caldb .....................: prod3b-v2
2019-07-26T17:20:38:  irf .......................: minus_constant_AEff_South_z40_50h
2019-07-26T17:20:38:  edisp .....................: yes
2019-07-26T17:20:38:  outmodel ..................: /cta/carli/CPPM_Internship/Simulations_and_Analyses/minus_constant_AEff_South_z40_50h/source1d_NOBKG/obsmodel_binned.xml
2019-07-26T17:20:38:  outcovmat .................: NONE
2019-07-26T17:20:38:  statistic .................: DEFAULT
2019-07-26T17:20:38:  refit .....................: no
2019-07-26T17:20:38:  like_accuracy .............: 0.005
2019-07-26T17:20:38:  max_iter ..................: 50
2019-07-26T17:20:38:  fix_spat_for_ts ...........: no
2019-07-26T17:20:38:  nthreads ..................: 0
2019-07-26T17:20:38:  chatter ...................: 4
2019-07-26T17:20:38:  clobber ...................: yes
2019-07-26T17:20:38:  debug .....................: no
2019-07-26T17:20:38:  mode ......................: ql
2019-07-26T17:20:38:  logfile ...................: ctlike.log
2019-07-26T17:20:38: 
2019-07-26T17:20:38: +===================+
2019-07-26T17:20:38: | Input observation |
2019-07-26T17:20:38: +===================+
2019-07-26T17:20:38: === GObservations ===
2019-07-26T17:20:38:  Number of observations ....: 1
2019-07-26T17:20:38:  Number of models ..........: 1
2019-07-26T17:20:38:  Number of observed events .: 20176
2019-07-26T17:20:38:  Number of predicted events : 0
2019-07-26T17:20:38: === GCTAObservation ===
2019-07-26T17:20:38:  Name ......................: 
2019-07-26T17:20:38:  Identifier ................: 000001
2019-07-26T17:20:38:  Instrument ................: CTA
2019-07-26T17:20:38:  Event file ................: /cta/carli/CPPM_Internship/Simulations_and_Analyses/minus_constant_AEff_South_z40_50h/source1d_NOBKG/obs_cube.fits
2019-07-26T17:20:38:  Event type ................: CountsCube
2019-07-26T17:20:38:  Statistic .................: cstat
2019-07-26T17:20:38:  Ontime ....................: 144000 s
2019-07-26T17:20:38:  Livetime ..................: 141120 s
2019-07-26T17:20:38:  Deadtime correction .......: 0.98
2019-07-26T17:20:38:  User energy range .........: undefined
2019-07-26T17:20:38: === GCTAPointing ===
2019-07-26T17:20:38:  Pointing direction ........: (RA,Dec)=(84.1331,22.0145)
2019-07-26T17:20:38: === GCTAResponseIrf ===
2019-07-26T17:20:38:  Caldb mission .............: cta
2019-07-26T17:20:38:  Caldb instrument ..........: prod3b-v2
2019-07-26T17:20:38:  Response name .............: minus_constant_AEff_South_z40_50h
2019-07-26T17:20:38:  Energy dispersion .........: Used
2019-07-26T17:20:38:  Safe energy range .........: undefined
2019-07-26T17:20:38: === GCaldb ===
2019-07-26T17:20:38:  Database root .............: /cta/carli/anaconda3/share/caldb
2019-07-26T17:20:38:  Selected Mission ..........: CTA
2019-07-26T17:20:38:  Selected Instrument .......: PROD3B-V2
2019-07-26T17:20:38:  Calibration Index File ....: /cta/carli/anaconda3/share/caldb/data/cta/prod3b-v2/caldb.indx
2019-07-26T17:20:38:  Number of entries .........: 240
2019-07-26T17:20:38: === GCTAAeff2D ===
2019-07-26T17:20:38:  Filename ..................: /cta/carli/anaconda3/share/caldb/data/cta/prod3b-v2/bcf/minus_constant_AEff_South_z40_50h/irf_file.fits
2019-07-26T17:20:38:  Number of energy bins .....: 42
2019-07-26T17:20:38:  Number of offset bins .....: 6
2019-07-26T17:20:38:  Log10(Energy) range .......: 0.0125892544165254 - 199.526229858398 TeV
2019-07-26T17:20:38:  Offset angle range ........: 0 - 6 deg
2019-07-26T17:20:38:  Lower energy threshold ....: not specified
2019-07-26T17:20:38:  Upper energy threshold ....: not specified
2019-07-26T17:20:38:  Radius cut ................: none
2019-07-26T17:20:38: === GCTAPsf2D ===
2019-07-26T17:20:38:  Filename ..................: /cta/carli/anaconda3/share/caldb/data/cta/prod3b-v2/bcf/minus_constant_AEff_South_z40_50h/irf_file.fits
2019-07-26T17:20:38:  Number of energy bins .....: 25
2019-07-26T17:20:38:  Number of offset bins .....: 6
2019-07-26T17:20:38:  Log10(Energy) range .......: 0.0125892544165254 - 1258.92541503906 TeV
2019-07-26T17:20:38:  Offset angle range ........: 0 - 6 deg
2019-07-26T17:20:38: === GCTAEdisp2D ===
2019-07-26T17:20:38:  Filename ..................: /cta/carli/anaconda3/share/caldb/data/cta/prod3b-v2/bcf/minus_constant_AEff_South_z40_50h/irf_file.fits
2019-07-26T17:20:38:  Number of energy bins .....: 500
2019-07-26T17:20:38:  Number of migration bins ..: 300
2019-07-26T17:20:38:  Number of offset bins .....: 6
2019-07-26T17:20:38:  Log10(Energy) range .......: 0.00501187238842249 - 501.187225341797 TeV
2019-07-26T17:20:38:  Migration range ...........: 0 - 3
2019-07-26T17:20:38:  Offset angle range ........: 0 - 6 deg
2019-07-26T17:20:38: === GCTABackground3D ===
2019-07-26T17:20:38:  Filename ..................: /cta/carli/anaconda3/share/caldb/data/cta/prod3b-v2/bcf/minus_constant_AEff_South_z40_50h/irf_file.fits
2019-07-26T17:20:38:  Number of DETX bins .......: 36
2019-07-26T17:20:38:  Number of DETY bins .......: 36
2019-07-26T17:20:38:  Number of energy bins .....: 21
2019-07-26T17:20:38:  DETX range ................: -6 - 6 deg
2019-07-26T17:20:38:  DETX range ................: -6 - 6 deg
2019-07-26T17:20:38:  Energy range ..............: 0.0125892544165254 - 199.526229858398 TeV
2019-07-26T17:20:38: === GCTAResponseCache ===
2019-07-26T17:20:38:  Number of cached values ...: 0
2019-07-26T17:20:38: === GCTAResponseCache ===
2019-07-26T17:20:38:  Number of cached values ...: 0
2019-07-26T17:20:38: === GCTAEventCube ===
2019-07-26T17:20:38:  Number of events ..........: 20176
2019-07-26T17:20:38:  Number of elements ........: 204800
2019-07-26T17:20:38:  Number of pixels ..........: 6400
2019-07-26T17:20:38:  Number of energy bins .....: 32
2019-07-26T17:20:38:  Time interval .............: 51544.5 - 51546.1666666667 days
2019-07-26T17:20:38:  Pointing ..................: (RA,Dec)=(84.1331,22.0145)
2019-07-26T17:20:38: === GEbounds ===
2019-07-26T17:20:38:  Number of intervals .......: 32
2019-07-26T17:20:38:  Energy range ..............: 100 GeV - 199.526229858398 TeV
2019-07-26T17:20:38: === GSkyMap ===
2019-07-26T17:20:38:  Number of pixels ..........: 6400
2019-07-26T17:20:38:  X axis dimension ..........: 80
2019-07-26T17:20:38:  Y axis dimension ..........: 80
2019-07-26T17:20:38:  Number of maps ............: 32
2019-07-26T17:20:38:  Shape of maps .............: (32)
2019-07-26T17:20:38: === GSkyRegions ===
2019-07-26T17:20:38:  Number of regions .........: 0
2019-07-26T17:20:38: === GModels ===
2019-07-26T17:20:38:  Number of models ..........: 1
2019-07-26T17:20:38:  Number of parameters ......: 7
2019-07-26T17:20:38: === GModelSky ===
2019-07-26T17:20:38:  Name ......................: source1d_NOBKG
2019-07-26T17:20:38:  Instruments ...............: all
2019-07-26T17:20:38:  Test Statistic ............: Computation requested
2019-07-26T17:20:38:  Observation identifiers ...: all
2019-07-26T17:20:38:  Model type ................: PointSource
2019-07-26T17:20:38:  Model components ..........: "PointSource" * "ExponentialCutoffPowerLaw" * "Constant"
2019-07-26T17:20:38:  Number of parameters ......: 7
2019-07-26T17:20:38:  Number of spatial par's ...: 2
2019-07-26T17:20:38:   RA .......................: 83.6331 [-360,360] deg (fixed,scale=1)
2019-07-26T17:20:38:   DEC ......................: 22.0145 [-90,90] deg (fixed,scale=1)
2019-07-26T17:20:38:  Number of spectral par's ..: 4
2019-07-26T17:20:38:   Prefactor ................: 3.04e-18 +/- 0 [1e-25,1e-15] ph/cm2/s/MeV (free,scale=1e-18,gradient)
2019-07-26T17:20:38:   Index ....................: -2 +/- 0 [-0,-5]  (free,scale=-1,gradient)
2019-07-26T17:20:38:   CutoffEnergy .............: 50000000 +/- 0 [100000,10000000000] MeV (free,scale=10000000,gradient)
2019-07-26T17:20:38:   PivotEnergy ..............: 1000000 [10000,1000000000] MeV (fixed,scale=1000000,gradient)
2019-07-26T17:20:38:  Number of temporal par's ..: 1
2019-07-26T17:20:38:   Normalization ............: 1 (relative value) (fixed,scale=1,gradient)
2019-07-26T17:20:38:  Number of scale par's .....: 0
2019-07-26T17:20:38: 
2019-07-26T17:20:38: +=================================+
2019-07-26T17:20:38: | Maximum likelihood optimisation |
2019-07-26T17:20:38: +=================================+
2019-07-26T17:21:16:  >Iteration   0: -logL=-33376.821, Lambda=1.0e-03
2019-07-26T17:21:47:  >Iteration   1: -logL=-33380.280, Lambda=1.0e-03, delta=3.459, step=1.0e+00, max(|grad|)=9.910896 [Index:3]
2019-07-26T17:22:17:  >Iteration   2: -logL=-33380.287, Lambda=1.0e-04, delta=0.007, step=1.0e+00, max(|grad|)=0.100176 [Index:3]
2019-07-26T17:22:46:  >Iteration   3: -logL=-33380.287, Lambda=1.0e-05, delta=0.000, step=1.0e+00, max(|grad|)=0.001772 [Index:3]
2019-07-26T17:22:46:  
2019-07-26T17:22:46:  +==================+
2019-07-26T17:22:46:  | Curvature matrix |
2019-07-26T17:22:46:  +==================+
2019-07-26T17:22:46:  === GMatrixSparse ===
2019-07-26T17:22:46:   Number of rows ............: 7
2019-07-26T17:22:46:   Number of columns .........: 7
2019-07-26T17:22:46:   Number of nonzero elements : 9
2019-07-26T17:22:46:   Number of allocated cells .: 521
2019-07-26T17:22:46:   Memory block size .........: 512
2019-07-26T17:22:46:   Sparse matrix fill ........: 0.183673469387755
2019-07-26T17:22:46:   Pending element ...........: 0
2019-07-26T17:22:46:   Fill stack size ...........: 0 (none)
2019-07-26T17:22:46:   0, 0, 0, 0, 0, 0, 0
2019-07-26T17:22:46:   0, 0, 0, 0, 0, 0, 0
2019-07-26T17:22:46:   0, 0, 2244.95544882061, 1477.21350831775, 75.064453580207, 0, 0
2019-07-26T17:22:46:   0, 0, 1477.21350831775, 40479.1248070392, -460.003819095221, 0, 0
2019-07-26T17:22:46:   0, 0, 75.064453580207, -460.003819095222, 18.3698432906248, 0, 0
2019-07-26T17:22:46:   0, 0, 0, 0, 0, 0, 0
2019-07-26T17:22:46:   0, 0, 0, 0, 0, 0, 0
2019-07-26T17:23:16: 
2019-07-26T17:23:16: +====================================+
2019-07-26T17:23:16: | Maximum likelihood re-optimisation |
2019-07-26T17:23:16: +====================================+
2019-07-26T17:23:16:  >Iteration   0: -logL=0.000, Lambda=1.0e-03 (no free parameters)
2019-07-26T17:23:16: 
2019-07-26T17:23:16: +============================================+
2019-07-26T17:23:16: | Maximum likelihood re-optimisation results |
2019-07-26T17:23:16: +============================================+
2019-07-26T17:23:16: === GOptimizerLM ===
2019-07-26T17:23:16:  Optimized function value ..: 0.000
2019-07-26T17:23:16:  Absolute precision ........: 0.005
2019-07-26T17:23:16:  Acceptable value decrease .: 2
2019-07-26T17:23:16:  Optimization status .......: converged
2019-07-26T17:23:16:  Number of parameters ......: 0
2019-07-26T17:23:16:  Number of free parameters .: 0
2019-07-26T17:23:16:  Number of iterations ......: 0
2019-07-26T17:23:16:  Lambda ....................: 0.001
2019-07-26T17:23:16: 
2019-07-26T17:23:16: +=========================================+
2019-07-26T17:23:16: | Maximum likelihood optimisation results |
2019-07-26T17:23:16: +=========================================+
2019-07-26T17:23:16: === GOptimizerLM ===
2019-07-26T17:23:16:  Optimized function value ..: -33380.287
2019-07-26T17:23:16:  Absolute precision ........: 0.005
2019-07-26T17:23:16:  Acceptable value decrease .: 2
2019-07-26T17:23:16:  Optimization status .......: converged
2019-07-26T17:23:16:  Number of parameters ......: 7
2019-07-26T17:23:16:  Number of free parameters .: 3
2019-07-26T17:23:16:  Number of iterations ......: 3
2019-07-26T17:23:16:  Lambda ....................: 1e-06
2019-07-26T17:23:16:  Maximum log likelihood ....: 33380.287
2019-07-26T17:23:16:  Observed events  (Nobs) ...: 20176.000
2019-07-26T17:23:16:  Predicted events (Npred) ..: 20176.000 (Nobs - Npred = 5.07546901644673e-05)
2019-07-26T17:23:16: === GModels ===
2019-07-26T17:23:16:  Number of models ..........: 1
2019-07-26T17:23:16:  Number of parameters ......: 7
2019-07-26T17:23:16: === GModelSky ===
2019-07-26T17:23:16:  Name ......................: source1d_NOBKG
2019-07-26T17:23:16:  Instruments ...............: all
2019-07-26T17:23:16:  Test Statistic ............: 66760.5739603595
2019-07-26T17:23:16:  Observation identifiers ...: all
2019-07-26T17:23:16:  Model type ................: PointSource
2019-07-26T17:23:16:  Model components ..........: "PointSource" * "ExponentialCutoffPowerLaw" * "Constant"
2019-07-26T17:23:16:  Number of parameters ......: 7
2019-07-26T17:23:16:  Number of spatial par's ...: 2
2019-07-26T17:23:16:   RA .......................: 83.6331 [-360,360] deg (fixed,scale=1)
2019-07-26T17:23:16:   DEC ......................: 22.0145 [-90,90] deg (fixed,scale=1)
2019-07-26T17:23:16:  Number of spectral par's ..: 4
2019-07-26T17:23:16:   Prefactor ................: 2.99787604049144e-18 +/- 2.54073936578086e-20 [1e-25,1e-15] ph/cm2/s/MeV (free,scale=1e-18,gradient)
2019-07-26T17:23:16:   Index ....................: -1.9984033475906 +/- 0.00657297565694583 [-0,-5]  (free,scale=-1,gradient)
2019-07-26T17:23:16:   CutoffEnergy .............: 47121539.699195 +/- 3280568.59809303 [100000,10000000000] MeV (free,scale=10000000,gradient)
2019-07-26T17:23:16:   PivotEnergy ..............: 1000000 [10000,1000000000] MeV (fixed,scale=1000000,gradient)
2019-07-26T17:23:16:  Number of temporal par's ..: 1
2019-07-26T17:23:16:   Normalization ............: 1 (relative value) (fixed,scale=1,gradient)
2019-07-26T17:23:16:  Number of scale par's .....: 0
2019-07-26T17:23:16: 
2019-07-26T17:23:16: +==============+
2019-07-26T17:23:16: | Save results |
2019-07-26T17:23:16: +==============+
2019-07-26T17:23:16:  Model definition file .....: /cta/carli/CPPM_Internship/Simulations_and_Analyses/minus_constant_AEff_South_z40_50h/source1d_NOBKG/obsmodel_binned.xml
2019-07-26T17:23:16:  Covariance matrix file ....: NONE
2019-07-26T17:23:16: 
2019-07-26T17:23:16: Application "ctlike" terminated after 159 wall clock seconds, consuming 162.05 seconds of CPU time.
