2019-07-25T14:22:28: ********************************************************************************
2019-07-25T14:22:28: *                                    cterror                                   *
2019-07-25T14:22:28: * ---------------------------------------------------------------------------- *
2019-07-25T14:22:28: * Version: 1.6.0                                                               *
2019-07-25T14:22:28: ********************************************************************************
2019-07-25T14:22:28: +============+
2019-07-25T14:22:28: | Parameters |
2019-07-25T14:22:28: +============+
2019-07-25T14:22:28:  inobs .....................: /cta/carli/CPPM_Internship/Simulations_and_Analyses/plus_constant_AEff_South_z40_50h/source3d/obs_cube.fits
2019-07-25T14:22:28:  inmodel ...................: /cta/carli/CPPM_Internship/Simulations_and_Analyses/plus_constant_AEff_South_z40_50h/source3d/obsmodel_binned.xml
2019-07-25T14:22:28:  srcname ...................: source3d
2019-07-25T14:22:28:  expcube ...................: /cta/carli/CPPM_Internship/Simulations_and_Analyses/plus_constant_AEff_South_z40_50h/source3d/exposure_cube.fits
2019-07-25T14:22:28:  psfcube ...................: /cta/carli/CPPM_Internship/Simulations_and_Analyses/plus_constant_AEff_South_z40_50h/source3d/PSF_cube.fits
2019-07-25T14:22:28:  edispcube .................: /cta/carli/CPPM_Internship/Simulations_and_Analyses/plus_constant_AEff_South_z40_50h/source3d/edisp_cube.fits
2019-07-25T14:22:28:  bkgcube ...................: /cta/carli/CPPM_Internship/Simulations_and_Analyses/plus_constant_AEff_South_z40_50h/source3d/background_cube.fits
2019-07-25T14:22:28:  caldb .....................: prod3b-v2
2019-07-25T14:22:28:  irf .......................: plus_constant_AEff_South_z40_50h
2019-07-25T14:22:28:  edisp .....................: yes
2019-07-25T14:22:28:  outmodel ..................: 
2019-07-25T14:22:28:  confidence ................: 0.95
2019-07-25T14:22:28:  tol .......................: 1e-3
2019-07-25T14:22:28:  statistic .................: DEFAULT
2019-07-25T14:22:28:  like_accuracy .............: 0.005
2019-07-25T14:22:28:  max_iter ..................: 50
2019-07-25T14:22:28:  nthreads ..................: 0
2019-07-25T14:22:28:  chatter ...................: 4
2019-07-25T14:22:28:  clobber ...................: yes
2019-07-25T14:22:28:  debug .....................: no
2019-07-25T14:22:28:  mode ......................: ql
2019-07-25T14:22:28:  logfile ...................: cterror95.log
2019-07-25T14:22:28: 
2019-07-25T14:22:28: +===================+
2019-07-25T14:22:28: | Input observation |
2019-07-25T14:22:28: +===================+
2019-07-25T14:22:28: === GObservations ===
2019-07-25T14:22:28:  Number of observations ....: 1
2019-07-25T14:22:28:  Number of models ..........: 2
2019-07-25T14:22:28:  Number of observed events .: 327702
2019-07-25T14:22:28:  Number of predicted events : 0
2019-07-25T14:22:28: === GCTAObservation ===
2019-07-25T14:22:28:  Name ......................: 
2019-07-25T14:22:28:  Identifier ................: 000001
2019-07-25T14:22:28:  Instrument ................: CTA
2019-07-25T14:22:28:  Event file ................: /cta/carli/CPPM_Internship/Simulations_and_Analyses/plus_constant_AEff_South_z40_50h/source3d/obs_cube.fits
2019-07-25T14:22:28:  Event type ................: CountsCube
2019-07-25T14:22:28:  Statistic .................: cstat
2019-07-25T14:22:28:  Ontime ....................: 144000 s
2019-07-25T14:22:28:  Livetime ..................: 141120 s
2019-07-25T14:22:28:  Deadtime correction .......: 0.98
2019-07-25T14:22:28:  User energy range .........: undefined
2019-07-25T14:22:28: === GCTAPointing ===
2019-07-25T14:22:28:  Pointing direction ........: (RA,Dec)=(84.1331,22.0145)
2019-07-25T14:22:28: === GCTAResponseCube ===
2019-07-25T14:22:28:  Energy dispersion .........: Used
2019-07-25T14:22:28: === GCTACubeExposure ===
2019-07-25T14:22:28:  Filename ..................: /cta/carli/CPPM_Internship/Simulations_and_Analyses/plus_constant_AEff_South_z40_50h/source3d/exposure_cube.fits
2019-07-25T14:22:28:  Livetime ..................: 141120 sec
2019-07-25T14:22:28: === GEnergies ===
2019-07-25T14:22:28:  Number of energies ........: 33
2019-07-25T14:22:28: === GGti ===
2019-07-25T14:22:28:  Number of intervals .......: 1
2019-07-25T14:22:28:  Ontime ....................: 144000 sec
2019-07-25T14:22:28:  Elapsed time ..............: 144000 sec
2019-07-25T14:22:28:  MJD range .................: 51544.5 - 51546.1666666667 s (TT)
2019-07-25T14:22:28:  UTC range .................: 2000-01-01T11:58:56 - 2000-01-03T03:58:56 s (TT)
2019-07-25T14:22:28:  Reference MJD .............: 51544.5
2019-07-25T14:22:28: === GSkyMap ===
2019-07-25T14:22:28:  Number of pixels ..........: 6400
2019-07-25T14:22:28:  X axis dimension ..........: 80
2019-07-25T14:22:28:  Y axis dimension ..........: 80
2019-07-25T14:22:28:  Number of maps ............: 33
2019-07-25T14:22:28:  Shape of maps .............: (33)
2019-07-25T14:22:28: === GCTACubePsf ===
2019-07-25T14:22:28:  Filename ..................: /cta/carli/CPPM_Internship/Simulations_and_Analyses/plus_constant_AEff_South_z40_50h/source3d/PSF_cube.fits
2019-07-25T14:22:28: === GEnergies ===
2019-07-25T14:22:28:  Number of energies ........: 33
2019-07-25T14:22:28:  Number of delta bins ......: 200
2019-07-25T14:22:28:  Delta range ...............: 1.875e-06 - 0.298501875 deg
2019-07-25T14:22:28: === GSkyMap ===
2019-07-25T14:22:28:  Number of pixels ..........: 1
2019-07-25T14:22:28:  X axis dimension ..........: 1
2019-07-25T14:22:28:  Y axis dimension ..........: 1
2019-07-25T14:22:28:  Number of maps ............: 6600
2019-07-25T14:22:28:  Shape of maps .............: (200, 33)
2019-07-25T14:22:28: === GCTACubeEdisp ===
2019-07-25T14:22:28:  Filename ..................: /cta/carli/CPPM_Internship/Simulations_and_Analyses/plus_constant_AEff_South_z40_50h/source3d/edisp_cube.fits
2019-07-25T14:22:28: === GEnergies ===
2019-07-25T14:22:28:  Number of energies ........: 33
2019-07-25T14:22:28:  Number of migra bins ......: 100
2019-07-25T14:22:28:  Migra range ...............: 0.02 - 2
2019-07-25T14:22:28: === GSkyMap ===
2019-07-25T14:22:28:  Number of pixels ..........: 1
2019-07-25T14:22:28:  X axis dimension ..........: 1
2019-07-25T14:22:28:  Y axis dimension ..........: 1
2019-07-25T14:22:28:  Number of maps ............: 3300
2019-07-25T14:22:28:  Shape of maps .............: (100, 33)
2019-07-25T14:22:28: === GCTACubeBackground ===
2019-07-25T14:22:28:  Filename ..................: /cta/carli/CPPM_Internship/Simulations_and_Analyses/plus_constant_AEff_South_z40_50h/source3d/background_cube.fits
2019-07-25T14:22:28: === GEbounds ===
2019-07-25T14:22:28:  Number of intervals .......: 32
2019-07-25T14:22:28:  Energy range ..............: 100 GeV - 199.526229858398 TeV
2019-07-25T14:22:28: === GSkyMap ===
2019-07-25T14:22:28:  Number of pixels ..........: 6400
2019-07-25T14:22:28:  X axis dimension ..........: 80
2019-07-25T14:22:28:  Y axis dimension ..........: 80
2019-07-25T14:22:28:  Number of maps ............: 32
2019-07-25T14:22:28:  Shape of maps .............: (32)
2019-07-25T14:22:28: === GCTAResponseCache ===
2019-07-25T14:22:28:  Number of cached values ...: 0
2019-07-25T14:22:28: === GCTAEventCube ===
2019-07-25T14:22:28:  Number of events ..........: 327702
2019-07-25T14:22:28:  Number of elements ........: 204800
2019-07-25T14:22:28:  Number of pixels ..........: 6400
2019-07-25T14:22:28:  Number of energy bins .....: 32
2019-07-25T14:22:28:  Time interval .............: 51544.5 - 51546.1666666667 days
2019-07-25T14:22:28:  Pointing ..................: (RA,Dec)=(84.1331,22.0145)
2019-07-25T14:22:28: === GEbounds ===
2019-07-25T14:22:28:  Number of intervals .......: 32
2019-07-25T14:22:28:  Energy range ..............: 100 GeV - 199.526229858398 TeV
2019-07-25T14:22:28: === GSkyMap ===
2019-07-25T14:22:28:  Number of pixels ..........: 6400
2019-07-25T14:22:28:  X axis dimension ..........: 80
2019-07-25T14:22:28:  Y axis dimension ..........: 80
2019-07-25T14:22:28:  Number of maps ............: 32
2019-07-25T14:22:28:  Shape of maps .............: (32)
2019-07-25T14:22:28: === GSkyRegions ===
2019-07-25T14:22:28:  Number of regions .........: 0
2019-07-25T14:22:28: === GModels ===
2019-07-25T14:22:28:  Number of models ..........: 2
2019-07-25T14:22:28:  Number of parameters ......: 11
2019-07-25T14:22:28: === GModelSky ===
2019-07-25T14:22:28:  Name ......................: source3d
2019-07-25T14:22:28:  Instruments ...............: all
2019-07-25T14:22:28:  Test Statistic ............: 109377.527
2019-07-25T14:22:28:  Observation identifiers ...: all
2019-07-25T14:22:28:  Model type ................: PointSource
2019-07-25T14:22:28:  Model components ..........: "PointSource" * "ExponentialCutoffPowerLaw" * "Constant"
2019-07-25T14:22:28:  Number of parameters ......: 7
2019-07-25T14:22:28:  Number of spatial par's ...: 2
2019-07-25T14:22:28:   RA .......................: 83.6331 [-360,360] deg (fixed,scale=1)
2019-07-25T14:22:28:   DEC ......................: 22.0145 [-90,90] deg (fixed,scale=1)
2019-07-25T14:22:28:  Number of spectral par's ..: 4
2019-07-25T14:22:28:   Prefactor ................: 3.01359913280921e-18 [1e-25,1e-15] ph/cm2/s/MeV (fixed,scale=1e-18,gradient)
2019-07-25T14:22:28:   Index ....................: -2.00534785937734 [-0,-5]  (fixed,scale=-1,gradient)
2019-07-25T14:22:28:   CutoffEnergy .............: 2439520668.70202 +/- 4564691277.31229 [1000000,100000000000] MeV (free,scale=100000000,gradient)
2019-07-25T14:22:28:   PivotEnergy ..............: 1000000 [10000,1000000000] MeV (fixed,scale=1000000,gradient)
2019-07-25T14:22:28:  Number of temporal par's ..: 1
2019-07-25T14:22:28:   Normalization ............: 1 (relative value) (fixed,scale=1,gradient)
2019-07-25T14:22:28:  Number of scale par's .....: 0
2019-07-25T14:22:28: === GCTAModelCubeBackground ===
2019-07-25T14:22:28:  Name ......................: BackgroundModel
2019-07-25T14:22:28:  Instruments ...............: CTA, HESS, MAGIC, VERITAS
2019-07-25T14:22:28:  Observation identifiers ...: all
2019-07-25T14:22:28:  Model type ................: "PowerLaw" * "Constant"
2019-07-25T14:22:28:  Number of parameters ......: 4
2019-07-25T14:22:28:  Number of spectral par's ..: 3
2019-07-25T14:22:28:   Prefactor ................: 0.992928543927444 [0.01,100] ph/cm2/s/MeV (fixed,scale=1,gradient)
2019-07-25T14:22:28:   Index ....................: -0.00383470784114545 [-5,5]  (fixed,scale=1,gradient)
2019-07-25T14:22:28:   PivotEnergy ..............: 1000000 MeV (fixed,scale=1000000,gradient)
2019-07-25T14:22:28:  Number of temporal par's ..: 1
2019-07-25T14:22:28:   Normalization ............: 1 (relative value) (fixed,scale=1,gradient)
2019-07-25T14:22:28: 
2019-07-25T14:22:28: +=============================+
2019-07-25T14:22:28: | Compute best-fit likelihood |
2019-07-25T14:22:28: +=============================+
2019-07-25T14:23:58: === GOptimizerLM ===
2019-07-25T14:23:58:  Optimized function value ..: -356220.291
2019-07-25T14:23:58:  Absolute precision ........: 0.005
2019-07-25T14:23:58:  Acceptable value decrease .: 2
2019-07-25T14:23:58:  Optimization status .......: converged
2019-07-25T14:23:58:  Number of parameters ......: 11
2019-07-25T14:23:58:  Number of free parameters .: 1
2019-07-25T14:23:58:  Number of iterations ......: 1
2019-07-25T14:23:58:  Lambda ....................: 0.0001
2019-07-25T14:23:58:  Maximum log likelihood ....: -356220.291
2019-07-25T14:23:58: === GModels ===
2019-07-25T14:23:58:  Number of models ..........: 2
2019-07-25T14:23:58:  Number of parameters ......: 11
2019-07-25T14:23:58: === GModelSky ===
2019-07-25T14:23:58:  Name ......................: source3d
2019-07-25T14:23:58:  Instruments ...............: all
2019-07-25T14:23:58:  Test Statistic ............: 109377.527
2019-07-25T14:23:58:  Observation identifiers ...: all
2019-07-25T14:23:58:  Model type ................: PointSource
2019-07-25T14:23:58:  Model components ..........: "PointSource" * "ExponentialCutoffPowerLaw" * "Constant"
2019-07-25T14:23:58:  Number of parameters ......: 7
2019-07-25T14:23:58:  Number of spatial par's ...: 2
2019-07-25T14:23:58:   RA .......................: 83.6331 [-360,360] deg (fixed,scale=1)
2019-07-25T14:23:58:   DEC ......................: 22.0145 [-90,90] deg (fixed,scale=1)
2019-07-25T14:23:58:  Number of spectral par's ..: 4
2019-07-25T14:23:58:   Prefactor ................: 3.01359913280921e-18 [1e-25,1e-15] ph/cm2/s/MeV (fixed,scale=1e-18,gradient)
2019-07-25T14:23:58:   Index ....................: -2.00534785937734 [-0,-5]  (fixed,scale=-1,gradient)
2019-07-25T14:23:58:   CutoffEnergy .............: 2457204560.96769 +/- 3374161681.70231 [1000000,100000000000] MeV (free,scale=100000000,gradient)
2019-07-25T14:23:58:   PivotEnergy ..............: 1000000 [10000,1000000000] MeV (fixed,scale=1000000,gradient)
2019-07-25T14:23:58:  Number of temporal par's ..: 1
2019-07-25T14:23:58:   Normalization ............: 1 (relative value) (fixed,scale=1,gradient)
2019-07-25T14:23:58:  Number of scale par's .....: 0
2019-07-25T14:23:58: === GCTAModelCubeBackground ===
2019-07-25T14:23:58:  Name ......................: BackgroundModel
2019-07-25T14:23:58:  Instruments ...............: CTA, HESS, MAGIC, VERITAS
2019-07-25T14:23:58:  Observation identifiers ...: all
2019-07-25T14:23:58:  Model type ................: "PowerLaw" * "Constant"
2019-07-25T14:23:58:  Number of parameters ......: 4
2019-07-25T14:23:58:  Number of spectral par's ..: 3
2019-07-25T14:23:58:   Prefactor ................: 0.992928543927444 [0.01,100] ph/cm2/s/MeV (fixed,scale=1,gradient)
2019-07-25T14:23:58:   Index ....................: -0.00383470784114545 [-5,5]  (fixed,scale=1,gradient)
2019-07-25T14:23:58:   PivotEnergy ..............: 1000000 MeV (fixed,scale=1000000,gradient)
2019-07-25T14:23:58:  Number of temporal par's ..: 1
2019-07-25T14:23:58:   Normalization ............: 1 (relative value) (fixed,scale=1,gradient)
2019-07-25T14:23:58: 
2019-07-25T14:23:58: +==============================================================+
2019-07-25T14:23:58: | Compute error for source "source3d" parameter "CutoffEnergy" |
2019-07-25T14:23:58: +==============================================================+
2019-07-25T14:23:58:  Confidence level ..........: 95 %
2019-07-25T14:23:58:  Log-likelihood difference .: 1.92073
2019-07-25T14:23:58:  Initial factor range ......: [0.01, 361.988213779908]
2019-07-25T14:24:08:    Iteration 1 .............: [0.01, 24.5720456096769]
2019-07-25T14:24:18:    Iteration 2 .............: [0.01, 12.2910228048384]
2019-07-25T14:24:28:    Iteration 3 .............: [6.15051140241921, 12.2910228048384]
2019-07-25T14:24:38:    Iteration 4 .............: [6.15051140241921, 9.22076710362882]
2019-07-25T14:24:48:    Iteration 5 .............: [6.15051140241921, 7.68563925302402]
2019-07-25T14:24:58:    Iteration 6 .............: [6.15051140241921, 6.91807532772162]
2019-07-25T14:25:08:    Iteration 7 .............: [6.15051140241921, 6.53429336507041]
2019-07-25T14:25:19:    Iteration 8 .............: [6.34240238374481, 6.53429336507041]
2019-07-25T14:25:28:    Iteration 9 .............: [6.34240238374481, 6.43834787440762]
2019-07-25T14:25:38:    Iteration 10 ............: [6.39037512907622, 6.43834787440762]
2019-07-25T14:25:47:    Iteration 11 ............: [6.41436150174192, 6.43834787440762]
2019-07-25T14:25:57:    Iteration 12 ............: [6.41436150174192, 6.42635468807477]
2019-07-25T14:26:07:    Iteration 13 ............: [6.41436150174192, 6.42035809490834]
2019-07-25T14:26:16:    Iteration 1 .............: [24.5720456096769, 361.988213779908]
2019-07-25T14:26:25:    Iteration 2 .............: [193.280129694792, 361.988213779908]
2019-07-25T14:26:34:    Iteration 3 .............: [277.63417173735, 361.988213779908]
2019-07-25T14:26:44:    Iteration 4 .............: [319.811192758629, 361.988213779908]
2019-07-25T14:26:53:    Iteration 5 .............: [340.899703269269, 361.988213779908]
2019-07-25T14:27:02:    Iteration 6 .............: [351.443958524588, 361.988213779908]
2019-07-25T14:27:12:    Iteration 7 .............: [356.716086152248, 361.988213779908]
2019-07-25T14:27:21:    Iteration 8 .............: [359.352149966078, 361.988213779908]
2019-07-25T14:27:30:    Iteration 9 .............: [360.670181872993, 361.988213779908]
2019-07-25T14:27:39:    Iteration 10 ............: [361.329197826451, 361.988213779908]
2019-07-25T14:27:49:    Iteration 11 ............: [361.658705803179, 361.988213779908]
2019-07-25T14:27:58:    Iteration 12 ............: [361.823459791544, 361.988213779908]
2019-07-25T14:28:07:    Iteration 13 ............: [361.905836785726, 361.988213779908]
2019-07-25T14:28:17:    Iteration 14 ............: [361.947025282817, 361.988213779908]
2019-07-25T14:28:26:    Iteration 15 ............: [361.967619531363, 361.988213779908]
2019-07-25T14:28:35:    Iteration 16 ............: [361.977916655635, 361.988213779908]
2019-07-25T14:28:44:    Iteration 17 ............: [361.983065217772, 361.988213779908]
2019-07-25T14:28:54:    Iteration 18 ............: [361.98563949884, 361.988213779908]
2019-07-25T14:29:03:    Iteration 19 ............: [361.986926639374, 361.988213779908]
2019-07-25T14:29:12:    Iteration 20 ............: [361.987570209641, 361.988213779908]
2019-07-25T14:29:22:    Iteration 21 ............: [361.987891994775, 361.988213779908]
2019-07-25T14:29:31:    Iteration 22 ............: [361.988052887341, 361.988213779908]
2019-07-25T14:29:40:    Iteration 23 ............: [361.988133333625, 361.988213779908]
2019-07-25T14:29:50:    Iteration 24 ............: [361.988173556766, 361.988213779908]
2019-07-25T14:29:59:    Iteration 25 ............: [361.988193668337, 361.988213779908]
2019-07-25T14:30:08:    Iteration 26 ............: [361.988203724123, 361.988213779908]
2019-07-25T14:30:18:    Iteration 27 ............: [361.988208752015, 361.988213779908]
2019-07-25T14:30:27:    Iteration 28 ............: [361.988211265962, 361.988213779908]
2019-07-25T14:30:36:    Iteration 29 ............: [361.988212522935, 361.988213779908]
2019-07-25T14:30:45:    Iteration 30 ............: [361.988213151422, 361.988213779908]
2019-07-25T14:30:45:  Lower parameter factor ....: 6.41736
2019-07-25T14:30:45:  Upper parameter factor ....: 361.988
2019-07-25T14:30:45:  Error from curvature ......: 3374161681.70231 MeV
2019-07-25T14:30:45:  Error from profile ........: 17778542683.367 MeV
2019-07-25T14:30:45:  Negative profile error ....: 1815468581.13517 MeV
2019-07-25T14:30:45:  Positive profile error ....: 33741616785.5988 MeV
2019-07-25T14:30:45: 
2019-07-25T14:30:45: +==============+
2019-07-25T14:30:45: | Save results |
2019-07-25T14:30:45: +==============+
2019-07-25T14:30:45:  Model definition file .....: NONE
2019-07-25T14:30:45: 
2019-07-25T14:30:45: Application "cterror" terminated after 498 wall clock seconds, consuming 688.61 seconds of CPU time.
