2019-07-22T12:16:49: ********************************************************************************
2019-07-22T12:16:49: *                                   ctskymap                                   *
2019-07-22T12:16:49: * ---------------------------------------------------------------------------- *
2019-07-22T12:16:49: * Version: 1.6.0                                                               *
2019-07-22T12:16:49: ********************************************************************************
2019-07-22T12:16:49: +============+
2019-07-22T12:16:49: | Parameters |
2019-07-22T12:16:49: +============+
2019-07-22T12:16:49:  inobs .....................: /cta/carli/CPPM_Internship/Simulations_and_Analyses/plus_constant_AEff_South_z40_50h/source3d/obs.fits
2019-07-22T12:16:49:  caldb .....................: prod3b-v2
2019-07-22T12:16:49:  irf .......................: plus_constant_AEff_South_z40_50h
2019-07-22T12:16:49:  inmap .....................: NONE
2019-07-22T12:16:49:  outmap ....................: /cta/carli/CPPM_Internship/Simulations_and_Analyses/plus_constant_AEff_South_z40_50h/source3d/skymap.fits
2019-07-22T12:16:49:  emin ......................: 0.1
2019-07-22T12:16:49:  emax ......................: 199.526229858398
2019-07-22T12:16:49:  usepnt ....................: yes
2019-07-22T12:16:49:  nxpix .....................: 80
2019-07-22T12:16:49:  nypix .....................: 80
2019-07-22T12:16:49:  binsz .....................: 0.02
2019-07-22T12:16:49:  coordsys ..................: CEL
2019-07-22T12:16:49:  proj ......................: CAR
2019-07-22T12:16:49:  xref ......................: [not queried]
2019-07-22T12:16:49:  yref ......................: [not queried]
2019-07-22T12:16:49:  bkgsubtract ...............: NONE
2019-07-22T12:16:49:  roiradius .................: [not queried]
2019-07-22T12:16:49:  inradius ..................: [not queried]
2019-07-22T12:16:49:  outradius .................: [not queried]
2019-07-22T12:16:49:  iterations ................: [not queried]
2019-07-22T12:16:49:  threshold .................: [not queried]
2019-07-22T12:16:49:  inexclusion ...............: NONE
2019-07-22T12:16:49:  usefft ....................: yes
2019-07-22T12:16:49:  publish ...................: no
2019-07-22T12:16:49:  chatter ...................: 4
2019-07-22T12:16:49:  clobber ...................: yes
2019-07-22T12:16:49:  debug .....................: no
2019-07-22T12:16:49:  mode ......................: ql
2019-07-22T12:16:49:  logfile ...................: ctskymap.log
2019-07-22T12:16:49: 
2019-07-22T12:16:49: +===================+
2019-07-22T12:16:49: | Input observation |
2019-07-22T12:16:49: +===================+
2019-07-22T12:16:49: === GObservations ===
2019-07-22T12:16:49:  Number of observations ....: 1
2019-07-22T12:16:49:  Number of models ..........: 0
2019-07-22T12:16:49:  Number of observed events .: 327704
2019-07-22T12:16:49:  Number of predicted events : 0
2019-07-22T12:16:49: === GCTAObservation ===
2019-07-22T12:16:49:  Name ......................: 
2019-07-22T12:16:49:  Identifier ................: 000001
2019-07-22T12:16:49:  Instrument ................: CTA
2019-07-22T12:16:49:  Event file ................: /cta/carli/CPPM_Internship/Simulations_and_Analyses/plus_constant_AEff_South_z40_50h/source3d/obs.fits
2019-07-22T12:16:49:  Event type ................: EventList
2019-07-22T12:16:49:  Statistic .................: cstat
2019-07-22T12:16:49:  Ontime ....................: 144000 s
2019-07-22T12:16:49:  Livetime ..................: 141120 s
2019-07-22T12:16:49:  Deadtime correction .......: 0.98
2019-07-22T12:16:49:  User energy range .........: undefined
2019-07-22T12:16:49: === GCTAPointing ===
2019-07-22T12:16:49:  Pointing direction ........: (RA,Dec)=(84.1331,22.0145)
2019-07-22T12:16:49:  Response function .........: undefined
2019-07-22T12:16:49: === GCTAEventList ===
2019-07-22T12:16:49:  Number of events ..........: 327704 (disposed in "/cta/carli/CPPM_Internship/Simulations_and_Analyses/plus_constant_AEff_South_z40_50h/source3d/obs.fits")
2019-07-22T12:16:49:  Time interval .............: 51544.5 - 51546.1666666667 days
2019-07-22T12:16:49: === GEbounds ===
2019-07-22T12:16:49:  Number of intervals .......: 1
2019-07-22T12:16:49:  Energy range ..............: 100 GeV - 199.526229858398 TeV
2019-07-22T12:16:49: === GCTARoi ===
2019-07-22T12:16:49:  RoI centre ................: RA=84.1331, DEC=22.0145 [0,0]
2019-07-22T12:16:49:  RoI radius ................: 0.8 deg
2019-07-22T12:16:49: === GSkyRegions ===
2019-07-22T12:16:49:  Number of regions .........: 0
2019-07-22T12:16:49: === GModels ===
2019-07-22T12:16:49:  Number of models ..........: 0
2019-07-22T12:16:49:  Number of parameters ......: 0
2019-07-22T12:16:49: 
2019-07-22T12:16:49: +===========================+
2019-07-22T12:16:49: | Find unbinned observation |
2019-07-22T12:16:49: +===========================+
2019-07-22T12:16:49: === CTA observation (id=000001) ===
2019-07-22T12:16:49:  Including unbinned CTA observation
2019-07-22T12:16:49: 
2019-07-22T12:16:49: +===========================+
2019-07-22T12:16:49: | Fill map from observation |
2019-07-22T12:16:49: +===========================+
2019-07-22T12:16:50: === CTA observation (id=000001) ===
2019-07-22T12:16:50:  Events in list ............: 327704
2019-07-22T12:16:50:  Events in map .............: 327703
2019-07-22T12:16:50:  Events outside RoI ........: 1
2019-07-22T12:16:50:  Events outside map area ...: 0
2019-07-22T12:16:50:  Events outside energies ...: 0
2019-07-22T12:16:50: 
2019-07-22T12:16:50: +=========+
2019-07-22T12:16:50: | Sky map |
2019-07-22T12:16:50: +=========+
2019-07-22T12:16:50: === GSkyMap ===
2019-07-22T12:16:50:  Number of pixels ..........: 6400
2019-07-22T12:16:50:  X axis dimension ..........: 80
2019-07-22T12:16:50:  Y axis dimension ..........: 80
2019-07-22T12:16:50:  Number of maps ............: 1
2019-07-22T12:16:50:  Shape of maps .............: (1)
2019-07-22T12:16:50: === GWcsCAR ===
2019-07-22T12:16:50:  Number of axes ............: 2
2019-07-22T12:16:50:  Longitude axis ............: 0
2019-07-22T12:16:50:  Latitude axis .............: 1
2019-07-22T12:16:50:  Spectral axis .............: -1
2019-07-22T12:16:50:  Coodinate system ..........: EQU
2019-07-22T12:16:50:  Projection code ...........: CAR
2019-07-22T12:16:50:  Projection name ...........: plate carree
2019-07-22T12:16:50:  Radius of the gen. sphere .: 57.2957795130823 deg
2019-07-22T12:16:50:  Reference coordinate ......: (84.1331, 22.0145)
2019-07-22T12:16:50:  Reference pixel ...........: (40.5, 40.5)
2019-07-22T12:16:50:  Increment at reference ....: (-0.02, 0.02)
2019-07-22T12:16:50:  (Phi_0, Theta_0) ..........: (0, 0) deg
2019-07-22T12:16:50:  (Phi_p, Theta_p) ..........: (0, 67.9855) deg
2019-07-22T12:16:50:  LATPOLE keyword usage .....: Required to select between two valid solutions of Theta_p.
2019-07-22T12:16:50:  Reference vector (m_ref) ..: (84.1331, 22.0145, 0, 67.9855) deg
2019-07-22T12:16:50:  Euler angles ..............: (264.1331 deg, 22.0145 deg, 0 deg, 0.927089022159083, 0.374841226377402)
2019-07-22T12:16:50:  Latitude preserved ........: False
2019-07-22T12:16:50:  Unity PC matrix ...........: True
2019-07-22T12:16:50:  Pixel-to-image trafo ......: ()
2019-07-22T12:16:50:  Image-to-pixel trafo ......: ()
2019-07-22T12:16:50:  Strict bounds checking ....: True
2019-07-22T12:16:50:  Use fiducial offset .......: False
2019-07-22T12:16:50:  Fiducial offset ...........: (0, 0)
2019-07-22T12:16:50:  Rest frequency ............: UNDEFINED
2019-07-22T12:16:50:  Rest wavelength ...........: UNDEFINED
2019-07-22T12:16:50: 
2019-07-22T12:16:50: +==============+
2019-07-22T12:16:50: | Compute maps |
2019-07-22T12:16:50: +==============+
2019-07-22T12:16:50: 
2019-07-22T12:16:50: +==============+
2019-07-22T12:16:50: | Save sky map |
2019-07-22T12:16:50: +==============+
2019-07-22T12:16:50:  Sky map file ..............: /cta/carli/CPPM_Internship/Simulations_and_Analyses/plus_constant_AEff_South_z40_50h/source3d/skymap.fits
2019-07-22T12:16:50: 
2019-07-22T12:16:50: Application "ctskymap" terminated after 1 wall clock seconds, consuming 0.91 seconds of CPU time.
