2019-07-25T10:23:35: ********************************************************************************
2019-07-25T10:23:35: *                                    cterror                                   *
2019-07-25T10:23:35: * ---------------------------------------------------------------------------- *
2019-07-25T10:23:35: * Version: 1.6.0                                                               *
2019-07-25T10:23:35: ********************************************************************************
2019-07-25T10:23:35: +============+
2019-07-25T10:23:35: | Parameters |
2019-07-25T10:23:35: +============+
2019-07-25T10:23:35:  inobs .....................: /cta/carli/CPPM_Internship/Simulations_and_Analyses/plus_step_AEff_South_z40_50h/source2c/obs_cube.fits
2019-07-25T10:23:35:  inmodel ...................: /cta/carli/CPPM_Internship/Simulations_and_Analyses/plus_step_AEff_South_z40_50h/source2c/obsmodel_binned.xml
2019-07-25T10:23:35:  srcname ...................: source2c
2019-07-25T10:23:35:  expcube ...................: /cta/carli/CPPM_Internship/Simulations_and_Analyses/plus_step_AEff_South_z40_50h/source2c/exposure_cube.fits
2019-07-25T10:23:35:  psfcube ...................: /cta/carli/CPPM_Internship/Simulations_and_Analyses/plus_step_AEff_South_z40_50h/source2c/PSF_cube.fits
2019-07-25T10:23:35:  edispcube .................: /cta/carli/CPPM_Internship/Simulations_and_Analyses/plus_step_AEff_South_z40_50h/source2c/edisp_cube.fits
2019-07-25T10:23:35:  bkgcube ...................: /cta/carli/CPPM_Internship/Simulations_and_Analyses/plus_step_AEff_South_z40_50h/source2c/background_cube.fits
2019-07-25T10:23:35:  caldb .....................: prod3b-v2
2019-07-25T10:23:35:  irf .......................: plus_step_AEff_South_z40_50h
2019-07-25T10:23:35:  edisp .....................: yes
2019-07-25T10:23:35:  outmodel ..................: 
2019-07-25T10:23:35:  confidence ................: 0.95
2019-07-25T10:23:35:  tol .......................: 1e-3
2019-07-25T10:23:35:  statistic .................: DEFAULT
2019-07-25T10:23:35:  like_accuracy .............: 0.005
2019-07-25T10:23:35:  max_iter ..................: 50
2019-07-25T10:23:35:  nthreads ..................: 0
2019-07-25T10:23:35:  chatter ...................: 4
2019-07-25T10:23:35:  clobber ...................: yes
2019-07-25T10:23:35:  debug .....................: no
2019-07-25T10:23:35:  mode ......................: ql
2019-07-25T10:23:35:  logfile ...................: cterror95.log
2019-07-25T10:23:35: 
2019-07-25T10:23:35: +===================+
2019-07-25T10:23:35: | Input observation |
2019-07-25T10:23:35: +===================+
2019-07-25T10:23:35: === GObservations ===
2019-07-25T10:23:35:  Number of observations ....: 1
2019-07-25T10:23:35:  Number of models ..........: 2
2019-07-25T10:23:35:  Number of observed events .: 320989
2019-07-25T10:23:35:  Number of predicted events : 0
2019-07-25T10:23:35: === GCTAObservation ===
2019-07-25T10:23:35:  Name ......................: 
2019-07-25T10:23:35:  Identifier ................: 000001
2019-07-25T10:23:35:  Instrument ................: CTA
2019-07-25T10:23:35:  Event file ................: /cta/carli/CPPM_Internship/Simulations_and_Analyses/plus_step_AEff_South_z40_50h/source2c/obs_cube.fits
2019-07-25T10:23:35:  Event type ................: CountsCube
2019-07-25T10:23:35:  Statistic .................: cstat
2019-07-25T10:23:35:  Ontime ....................: 144000 s
2019-07-25T10:23:35:  Livetime ..................: 141120 s
2019-07-25T10:23:35:  Deadtime correction .......: 0.98
2019-07-25T10:23:35:  User energy range .........: undefined
2019-07-25T10:23:35: === GCTAPointing ===
2019-07-25T10:23:35:  Pointing direction ........: (RA,Dec)=(84.1331,22.0145)
2019-07-25T10:23:35: === GCTAResponseCube ===
2019-07-25T10:23:35:  Energy dispersion .........: Used
2019-07-25T10:23:35: === GCTACubeExposure ===
2019-07-25T10:23:35:  Filename ..................: /cta/carli/CPPM_Internship/Simulations_and_Analyses/plus_step_AEff_South_z40_50h/source2c/exposure_cube.fits
2019-07-25T10:23:35:  Livetime ..................: 141120 sec
2019-07-25T10:23:35: === GEnergies ===
2019-07-25T10:23:35:  Number of energies ........: 33
2019-07-25T10:23:35: === GGti ===
2019-07-25T10:23:35:  Number of intervals .......: 1
2019-07-25T10:23:35:  Ontime ....................: 144000 sec
2019-07-25T10:23:35:  Elapsed time ..............: 144000 sec
2019-07-25T10:23:35:  MJD range .................: 51544.5 - 51546.1666666667 s (TT)
2019-07-25T10:23:35:  UTC range .................: 2000-01-01T11:58:56 - 2000-01-03T03:58:56 s (TT)
2019-07-25T10:23:35:  Reference MJD .............: 51544.5
2019-07-25T10:23:35: === GSkyMap ===
2019-07-25T10:23:35:  Number of pixels ..........: 6400
2019-07-25T10:23:35:  X axis dimension ..........: 80
2019-07-25T10:23:35:  Y axis dimension ..........: 80
2019-07-25T10:23:35:  Number of maps ............: 33
2019-07-25T10:23:35:  Shape of maps .............: (33)
2019-07-25T10:23:35: === GCTACubePsf ===
2019-07-25T10:23:35:  Filename ..................: /cta/carli/CPPM_Internship/Simulations_and_Analyses/plus_step_AEff_South_z40_50h/source2c/PSF_cube.fits
2019-07-25T10:23:35: === GEnergies ===
2019-07-25T10:23:35:  Number of energies ........: 33
2019-07-25T10:23:35:  Number of delta bins ......: 200
2019-07-25T10:23:35:  Delta range ...............: 1.875e-06 - 0.298501875 deg
2019-07-25T10:23:35: === GSkyMap ===
2019-07-25T10:23:35:  Number of pixels ..........: 1
2019-07-25T10:23:35:  X axis dimension ..........: 1
2019-07-25T10:23:35:  Y axis dimension ..........: 1
2019-07-25T10:23:35:  Number of maps ............: 6600
2019-07-25T10:23:35:  Shape of maps .............: (200, 33)
2019-07-25T10:23:35: === GCTACubeEdisp ===
2019-07-25T10:23:35:  Filename ..................: /cta/carli/CPPM_Internship/Simulations_and_Analyses/plus_step_AEff_South_z40_50h/source2c/edisp_cube.fits
2019-07-25T10:23:35: === GEnergies ===
2019-07-25T10:23:35:  Number of energies ........: 33
2019-07-25T10:23:35:  Number of migra bins ......: 100
2019-07-25T10:23:35:  Migra range ...............: 0.02 - 2
2019-07-25T10:23:35: === GSkyMap ===
2019-07-25T10:23:35:  Number of pixels ..........: 1
2019-07-25T10:23:35:  X axis dimension ..........: 1
2019-07-25T10:23:35:  Y axis dimension ..........: 1
2019-07-25T10:23:35:  Number of maps ............: 3300
2019-07-25T10:23:35:  Shape of maps .............: (100, 33)
2019-07-25T10:23:35: === GCTACubeBackground ===
2019-07-25T10:23:35:  Filename ..................: /cta/carli/CPPM_Internship/Simulations_and_Analyses/plus_step_AEff_South_z40_50h/source2c/background_cube.fits
2019-07-25T10:23:35: === GEbounds ===
2019-07-25T10:23:35:  Number of intervals .......: 32
2019-07-25T10:23:35:  Energy range ..............: 100 GeV - 199.526229858398 TeV
2019-07-25T10:23:35: === GSkyMap ===
2019-07-25T10:23:35:  Number of pixels ..........: 6400
2019-07-25T10:23:35:  X axis dimension ..........: 80
2019-07-25T10:23:35:  Y axis dimension ..........: 80
2019-07-25T10:23:35:  Number of maps ............: 32
2019-07-25T10:23:35:  Shape of maps .............: (32)
2019-07-25T10:23:35: === GCTAResponseCache ===
2019-07-25T10:23:35:  Number of cached values ...: 0
2019-07-25T10:23:35: === GCTAEventCube ===
2019-07-25T10:23:35:  Number of events ..........: 320989
2019-07-25T10:23:35:  Number of elements ........: 204800
2019-07-25T10:23:35:  Number of pixels ..........: 6400
2019-07-25T10:23:35:  Number of energy bins .....: 32
2019-07-25T10:23:35:  Time interval .............: 51544.5 - 51546.1666666667 days
2019-07-25T10:23:35:  Pointing ..................: (RA,Dec)=(84.1331,22.0145)
2019-07-25T10:23:35: === GEbounds ===
2019-07-25T10:23:35:  Number of intervals .......: 32
2019-07-25T10:23:35:  Energy range ..............: 100 GeV - 199.526229858398 TeV
2019-07-25T10:23:35: === GSkyMap ===
2019-07-25T10:23:35:  Number of pixels ..........: 6400
2019-07-25T10:23:35:  X axis dimension ..........: 80
2019-07-25T10:23:35:  Y axis dimension ..........: 80
2019-07-25T10:23:35:  Number of maps ............: 32
2019-07-25T10:23:35:  Shape of maps .............: (32)
2019-07-25T10:23:35: === GSkyRegions ===
2019-07-25T10:23:35:  Number of regions .........: 0
2019-07-25T10:23:35: === GModels ===
2019-07-25T10:23:35:  Number of models ..........: 2
2019-07-25T10:23:35:  Number of parameters ......: 11
2019-07-25T10:23:35: === GModelSky ===
2019-07-25T10:23:35:  Name ......................: source2c
2019-07-25T10:23:35:  Instruments ...............: all
2019-07-25T10:23:35:  Test Statistic ............: 70518.915
2019-07-25T10:23:35:  Observation identifiers ...: all
2019-07-25T10:23:35:  Model type ................: PointSource
2019-07-25T10:23:35:  Model components ..........: "PointSource" * "ExponentialCutoffPowerLaw" * "Constant"
2019-07-25T10:23:35:  Number of parameters ......: 7
2019-07-25T10:23:35:  Number of spatial par's ...: 2
2019-07-25T10:23:35:   RA .......................: 83.6331 [-360,360] deg (fixed,scale=1)
2019-07-25T10:23:35:   DEC ......................: 22.0145 [-90,90] deg (fixed,scale=1)
2019-07-25T10:23:35:  Number of spectral par's ..: 4
2019-07-25T10:23:35:   Prefactor ................: 2.26753058902839e-18 [1e-25,1e-15] ph/cm2/s/MeV (fixed,scale=1e-18,gradient)
2019-07-25T10:23:35:   Index ....................: -2.00527889132827 [-0,-5]  (fixed,scale=-1,gradient)
2019-07-25T10:23:35:   CutoffEnergy .............: 176722289.38326 +/- 36005268.73457 [1000000,100000000000] MeV (free,scale=100000000,gradient)
2019-07-25T10:23:35:   PivotEnergy ..............: 1000000 [10000,1000000000] MeV (fixed,scale=1000000,gradient)
2019-07-25T10:23:35:  Number of temporal par's ..: 1
2019-07-25T10:23:35:   Normalization ............: 1 (relative value) (fixed,scale=1,gradient)
2019-07-25T10:23:35:  Number of scale par's .....: 0
2019-07-25T10:23:35: === GCTAModelCubeBackground ===
2019-07-25T10:23:35:  Name ......................: BackgroundModel
2019-07-25T10:23:35:  Instruments ...............: CTA, HESS, MAGIC, VERITAS
2019-07-25T10:23:35:  Observation identifiers ...: all
2019-07-25T10:23:35:  Model type ................: "PowerLaw" * "Constant"
2019-07-25T10:23:35:  Number of parameters ......: 4
2019-07-25T10:23:35:  Number of spectral par's ..: 3
2019-07-25T10:23:35:   Prefactor ................: 0.993101421027487 [0.01,100] ph/cm2/s/MeV (fixed,scale=1,gradient)
2019-07-25T10:23:35:   Index ....................: -0.00349514918721726 [-5,5]  (fixed,scale=1,gradient)
2019-07-25T10:23:35:   PivotEnergy ..............: 1000000 MeV (fixed,scale=1000000,gradient)
2019-07-25T10:23:35:  Number of temporal par's ..: 1
2019-07-25T10:23:35:   Normalization ............: 1 (relative value) (fixed,scale=1,gradient)
2019-07-25T10:23:35: 
2019-07-25T10:23:35: +=============================+
2019-07-25T10:23:35: | Compute best-fit likelihood |
2019-07-25T10:23:35: +=============================+
2019-07-25T10:25:08: === GOptimizerLM ===
2019-07-25T10:25:08:  Optimized function value ..: -336160.301
2019-07-25T10:25:08:  Absolute precision ........: 0.005
2019-07-25T10:25:08:  Acceptable value decrease .: 2
2019-07-25T10:25:08:  Optimization status .......: converged
2019-07-25T10:25:08:  Number of parameters ......: 11
2019-07-25T10:25:08:  Number of free parameters .: 1
2019-07-25T10:25:08:  Number of iterations ......: 1
2019-07-25T10:25:08:  Lambda ....................: 0.0001
2019-07-25T10:25:08:  Maximum log likelihood ....: -336160.301
2019-07-25T10:25:08: === GModels ===
2019-07-25T10:25:08:  Number of models ..........: 2
2019-07-25T10:25:08:  Number of parameters ......: 11
2019-07-25T10:25:08: === GModelSky ===
2019-07-25T10:25:08:  Name ......................: source2c
2019-07-25T10:25:08:  Instruments ...............: all
2019-07-25T10:25:08:  Test Statistic ............: 70518.915
2019-07-25T10:25:08:  Observation identifiers ...: all
2019-07-25T10:25:08:  Model type ................: PointSource
2019-07-25T10:25:08:  Model components ..........: "PointSource" * "ExponentialCutoffPowerLaw" * "Constant"
2019-07-25T10:25:08:  Number of parameters ......: 7
2019-07-25T10:25:08:  Number of spatial par's ...: 2
2019-07-25T10:25:08:   RA .......................: 83.6331 [-360,360] deg (fixed,scale=1)
2019-07-25T10:25:08:   DEC ......................: 22.0145 [-90,90] deg (fixed,scale=1)
2019-07-25T10:25:08:  Number of spectral par's ..: 4
2019-07-25T10:25:08:   Prefactor ................: 2.26753058902839e-18 [1e-25,1e-15] ph/cm2/s/MeV (fixed,scale=1e-18,gradient)
2019-07-25T10:25:08:   Index ....................: -2.00527889132827 [-0,-5]  (fixed,scale=-1,gradient)
2019-07-25T10:25:08:   CutoffEnergy .............: 176752767.877395 +/- 25940507.840261 [1000000,100000000000] MeV (free,scale=100000000,gradient)
2019-07-25T10:25:08:   PivotEnergy ..............: 1000000 [10000,1000000000] MeV (fixed,scale=1000000,gradient)
2019-07-25T10:25:08:  Number of temporal par's ..: 1
2019-07-25T10:25:08:   Normalization ............: 1 (relative value) (fixed,scale=1,gradient)
2019-07-25T10:25:08:  Number of scale par's .....: 0
2019-07-25T10:25:08: === GCTAModelCubeBackground ===
2019-07-25T10:25:08:  Name ......................: BackgroundModel
2019-07-25T10:25:08:  Instruments ...............: CTA, HESS, MAGIC, VERITAS
2019-07-25T10:25:08:  Observation identifiers ...: all
2019-07-25T10:25:08:  Model type ................: "PowerLaw" * "Constant"
2019-07-25T10:25:08:  Number of parameters ......: 4
2019-07-25T10:25:08:  Number of spectral par's ..: 3
2019-07-25T10:25:08:   Prefactor ................: 0.993101421027487 [0.01,100] ph/cm2/s/MeV (fixed,scale=1,gradient)
2019-07-25T10:25:08:   Index ....................: -0.00349514918721726 [-5,5]  (fixed,scale=1,gradient)
2019-07-25T10:25:08:   PivotEnergy ..............: 1000000 MeV (fixed,scale=1000000,gradient)
2019-07-25T10:25:08:  Number of temporal par's ..: 1
2019-07-25T10:25:08:   Normalization ............: 1 (relative value) (fixed,scale=1,gradient)
2019-07-25T10:25:08: 
2019-07-25T10:25:08: +==============================================================+
2019-07-25T10:25:08: | Compute error for source "source2c" parameter "CutoffEnergy" |
2019-07-25T10:25:08: +==============================================================+
2019-07-25T10:25:08:  Confidence level ..........: 95 %
2019-07-25T10:25:08:  Log-likelihood difference .: 1.92073
2019-07-25T10:25:08:  Initial factor range ......: [0.01, 4.36157846280006]
2019-07-25T10:25:19:    Iteration 1 .............: [0.01, 1.76752767877395]
2019-07-25T10:25:29:    Iteration 2 .............: [0.888763839386977, 1.76752767877395]
2019-07-25T10:25:40:    Iteration 3 .............: [1.32814575908047, 1.76752767877395]
2019-07-25T10:25:50:    Iteration 4 .............: [1.32814575908047, 1.54783671892721]
2019-07-25T10:26:01:    Iteration 5 .............: [1.32814575908047, 1.43799123900384]
2019-07-25T10:26:11:    Iteration 6 .............: [1.32814575908047, 1.38306849904215]
2019-07-25T10:26:21:    Iteration 1 .............: [1.76752767877395, 4.36157846280006]
2019-07-25T10:26:32:    Iteration 2 .............: [1.76752767877395, 3.06455307078701]
2019-07-25T10:26:42:    Iteration 3 .............: [2.41604037478048, 3.06455307078701]
2019-07-25T10:26:53:    Iteration 4 .............: [2.41604037478048, 2.74029672278374]
2019-07-25T10:27:03:    Iteration 5 .............: [2.41604037478048, 2.57816854878211]
2019-07-25T10:27:13:    Iteration 6 .............: [2.41604037478048, 2.4971044617813]
2019-07-25T10:27:24:    Iteration 7 .............: [2.45657241828089, 2.4971044617813]
2019-07-25T10:27:34:    Iteration 8 .............: [2.47683844003109, 2.4971044617813]
2019-07-25T10:27:44:    Iteration 9 .............: [2.48697145090619, 2.4971044617813]
2019-07-25T10:27:54:    Iteration 10 ............: [2.49203795634374, 2.4971044617813]
2019-07-25T10:28:05:    Iteration 11 ............: [2.49457120906252, 2.4971044617813]
2019-07-25T10:28:05:  Lower parameter factor ....: 1.35561
2019-07-25T10:28:05:  Upper parameter factor ....: 2.49584
2019-07-25T10:28:05:  Error from curvature ......: 25940507.840261 MeV
2019-07-25T10:28:05:  Error from profile ........: 57011535.31803 MeV
2019-07-25T10:28:05:  Negative profile error ....: 41192054.9712645 MeV
2019-07-25T10:28:05:  Positive profile error ....: 72831015.6647954 MeV
2019-07-25T10:28:05: 
2019-07-25T10:28:05: +==============+
2019-07-25T10:28:05: | Save results |
2019-07-25T10:28:05: +==============+
2019-07-25T10:28:05:  Model definition file .....: NONE
2019-07-25T10:28:05: 
2019-07-25T10:28:05: Application "cterror" terminated after 271 wall clock seconds, consuming 336.3 seconds of CPU time.
