2019-07-23T20:23:54: ********************************************************************************
2019-07-23T20:23:54: *                                     ctbin                                    *
2019-07-23T20:23:54: * ---------------------------------------------------------------------------- *
2019-07-23T20:23:54: * Version: 1.6.0                                                               *
2019-07-23T20:23:54: ********************************************************************************
2019-07-23T20:23:54: +============+
2019-07-23T20:23:54: | Parameters |
2019-07-23T20:23:54: +============+
2019-07-23T20:23:54:  inobs .....................: /cta/carli/CPPM_Internship/Simulations_and_Analyses/plus_constant_EDisp_South_z40_50h/source3d/obs.fits
2019-07-23T20:23:54:  outobs ....................: /cta/carli/CPPM_Internship/Simulations_and_Analyses/plus_constant_EDisp_South_z40_50h/source3d/obs_cube.fits
2019-07-23T20:23:54:  stack .....................: yes
2019-07-23T20:23:54:  prefix ....................: cntcube_
2019-07-23T20:23:54:  ebinalg ...................: LOG
2019-07-23T20:23:54:  emin ......................: 0.1
2019-07-23T20:23:54:  emax ......................: 199.526229858398
2019-07-23T20:23:54:  enumbins ..................: 32
2019-07-23T20:23:54:  ebinfile ..................: [not queried]
2019-07-23T20:23:54:  usepnt ....................: yes
2019-07-23T20:23:54:  nxpix .....................: 80
2019-07-23T20:23:54:  nypix .....................: 80
2019-07-23T20:23:54:  binsz .....................: 0.02
2019-07-23T20:23:54:  coordsys ..................: GAL
2019-07-23T20:23:54:  proj ......................: TAN
2019-07-23T20:23:54:  xref ......................: [not queried]
2019-07-23T20:23:54:  yref ......................: [not queried]
2019-07-23T20:23:54:  nthreads ..................: 0
2019-07-23T20:23:54:  publish ...................: no
2019-07-23T20:23:54:  chatter ...................: 4
2019-07-23T20:23:54:  clobber ...................: yes
2019-07-23T20:23:54:  debug .....................: no
2019-07-23T20:23:54:  mode ......................: ql
2019-07-23T20:23:54:  logfile ...................: ctbin.log
2019-07-23T20:23:54: 
2019-07-23T20:23:54: +===================+
2019-07-23T20:23:54: | Input observation |
2019-07-23T20:23:54: +===================+
2019-07-23T20:23:54: === GObservations ===
2019-07-23T20:23:54:  Number of observations ....: 1
2019-07-23T20:23:54:  Number of models ..........: 0
2019-07-23T20:23:54:  Number of observed events .: 326468
2019-07-23T20:23:54:  Number of predicted events : 0
2019-07-23T20:23:54: === GCTAObservation ===
2019-07-23T20:23:54:  Name ......................: 
2019-07-23T20:23:54:  Identifier ................: 000001
2019-07-23T20:23:54:  Instrument ................: CTA
2019-07-23T20:23:54:  Event file ................: /cta/carli/CPPM_Internship/Simulations_and_Analyses/plus_constant_EDisp_South_z40_50h/source3d/obs.fits
2019-07-23T20:23:54:  Event type ................: EventList
2019-07-23T20:23:54:  Statistic .................: cstat
2019-07-23T20:23:54:  Ontime ....................: 144000 s
2019-07-23T20:23:54:  Livetime ..................: 141120 s
2019-07-23T20:23:54:  Deadtime correction .......: 0.98
2019-07-23T20:23:54:  User energy range .........: undefined
2019-07-23T20:23:54: === GCTAPointing ===
2019-07-23T20:23:54:  Pointing direction ........: (RA,Dec)=(84.1331,22.0145)
2019-07-23T20:23:54:  Response function .........: undefined
2019-07-23T20:23:54: === GCTAEventList ===
2019-07-23T20:23:54:  Number of events ..........: 326468 (disposed in "/cta/carli/CPPM_Internship/Simulations_and_Analyses/plus_constant_EDisp_South_z40_50h/source3d/obs.fits")
2019-07-23T20:23:54:  Time interval .............: 51544.5 - 51546.1666666667 days
2019-07-23T20:23:54: === GEbounds ===
2019-07-23T20:23:54:  Number of intervals .......: 1
2019-07-23T20:23:54:  Energy range ..............: 100 GeV - 199.526229858398 TeV
2019-07-23T20:23:54: === GCTARoi ===
2019-07-23T20:23:54:  RoI centre ................: RA=84.1331, DEC=22.0145 [0,0]
2019-07-23T20:23:54:  RoI radius ................: 0.8 deg
2019-07-23T20:23:54: === GSkyRegions ===
2019-07-23T20:23:54:  Number of regions .........: 0
2019-07-23T20:23:54: === GModels ===
2019-07-23T20:23:54:  Number of models ..........: 0
2019-07-23T20:23:54:  Number of parameters ......: 0
2019-07-23T20:23:54: 
2019-07-23T20:23:54: +===========================+
2019-07-23T20:23:54: | Find unbinned observation |
2019-07-23T20:23:54: +===========================+
2019-07-23T20:23:54: === CTA observation (id=000001) ===
2019-07-23T20:23:54:  Including unbinned CTA observation
2019-07-23T20:23:54: === Summary ===
2019-07-23T20:23:54:  Number of observations ....: 1
2019-07-23T20:23:54:  Mean pointing .............: (RA,Dec)=(84.1331,22.0145)
2019-07-23T20:23:54:  Use mean pointing .........: yes
2019-07-23T20:23:54: 
2019-07-23T20:23:54: +=================+
2019-07-23T20:23:54: | Bin observation |
2019-07-23T20:23:54: +=================+
2019-07-23T20:23:54: === CTA observation (id=000001) ===
2019-07-23T20:23:54:  Events in list ............: 326468
2019-07-23T20:23:54:  Events in cube ............: 326463
2019-07-23T20:23:54:  Events outside RoI ........: 1
2019-07-23T20:23:54:  Events with invalid WCS ...: 0
2019-07-23T20:23:54:  Events outside cube area ..: 1
2019-07-23T20:23:54:  Events outside energy bins : 3
2019-07-23T20:23:54: 
2019-07-23T20:23:54: +====================+
2019-07-23T20:23:54: | Binned observation |
2019-07-23T20:23:54: +====================+
2019-07-23T20:23:54: === GObservations ===
2019-07-23T20:23:54:  Number of observations ....: 1
2019-07-23T20:23:54:  Number of models ..........: 0
2019-07-23T20:23:54:  Number of observed events .: 326463
2019-07-23T20:23:54:  Number of predicted events : 0
2019-07-23T20:23:54: === GCTAObservation ===
2019-07-23T20:23:54:  Name ......................: 
2019-07-23T20:23:54:  Identifier ................: 000001
2019-07-23T20:23:54:  Instrument ................: CTA
2019-07-23T20:23:54:  Event file ................: 
2019-07-23T20:23:54:  Event type ................: CountsCube
2019-07-23T20:23:54:  Statistic .................: cstat
2019-07-23T20:23:54:  Ontime ....................: 144000 s
2019-07-23T20:23:54:  Livetime ..................: 141120 s
2019-07-23T20:23:54:  Deadtime correction .......: 0.98
2019-07-23T20:23:54:  User energy range .........: undefined
2019-07-23T20:23:54: === GCTAPointing ===
2019-07-23T20:23:54:  Pointing direction ........: (RA,Dec)=(84.1331,22.0145)
2019-07-23T20:23:54:  Response function .........: undefined
2019-07-23T20:23:54: === GCTAEventCube ===
2019-07-23T20:23:54:  Number of events ..........: 326463
2019-07-23T20:23:54:  Number of elements ........: 204800
2019-07-23T20:23:54:  Number of pixels ..........: 6400
2019-07-23T20:23:54:  Number of energy bins .....: 32
2019-07-23T20:23:54:  Time interval .............: 51544.5 - 51546.1666666667 days
2019-07-23T20:23:54:  Pointing ..................: not defined
2019-07-23T20:23:54: === GEbounds ===
2019-07-23T20:23:54:  Number of intervals .......: 32
2019-07-23T20:23:54:  Energy range ..............: 100 GeV - 199.526229858398 TeV
2019-07-23T20:23:54: === GSkyMap ===
2019-07-23T20:23:54:  Number of pixels ..........: 6400
2019-07-23T20:23:54:  X axis dimension ..........: 80
2019-07-23T20:23:54:  Y axis dimension ..........: 80
2019-07-23T20:23:54:  Number of maps ............: 32
2019-07-23T20:23:54:  Shape of maps .............: (32)
2019-07-23T20:23:54: === GSkyRegions ===
2019-07-23T20:23:54:  Number of regions .........: 0
2019-07-23T20:23:54: === GModels ===
2019-07-23T20:23:54:  Number of models ..........: 0
2019-07-23T20:23:54:  Number of parameters ......: 0
2019-07-23T20:23:54: 
2019-07-23T20:23:54: +==================+
2019-07-23T20:23:54: | Save counts cube |
2019-07-23T20:23:54: +==================+
2019-07-23T20:23:54:  Counts cube file ..........: /cta/carli/CPPM_Internship/Simulations_and_Analyses/plus_constant_EDisp_South_z40_50h/source3d/obs_cube.fits
2019-07-23T20:23:55: 
2019-07-23T20:23:55: Application "ctbin" terminated after 1 wall clock seconds, consuming 1.09 seconds of CPU time.
