2019-07-23T20:28:27: ********************************************************************************
2019-07-23T20:28:27: *                                  ctbutterfly                                 *
2019-07-23T20:28:27: * ---------------------------------------------------------------------------- *
2019-07-23T20:28:27: * Version: 1.6.0                                                               *
2019-07-23T20:28:27: ********************************************************************************
2019-07-23T20:28:27: +============+
2019-07-23T20:28:27: | Parameters |
2019-07-23T20:28:27: +============+
2019-07-23T20:28:27:  inobs .....................: /cta/carli/CPPM_Internship/Simulations_and_Analyses/plus_constant_EDisp_South_z40_50h/source3d/obs_cube.fits
2019-07-23T20:28:27:  inmodel ...................: /cta/carli/CPPM_Internship/Simulations_and_Analyses/plus_constant_EDisp_South_z40_50h/source3d/obsmodel_binned.xml
2019-07-23T20:28:27:  srcname ...................: source3d
2019-07-23T20:28:27:  expcube ...................: /cta/carli/CPPM_Internship/Simulations_and_Analyses/plus_constant_EDisp_South_z40_50h/source3d/exposure_cube.fits
2019-07-23T20:28:27:  psfcube ...................: /cta/carli/CPPM_Internship/Simulations_and_Analyses/plus_constant_EDisp_South_z40_50h/source3d/PSF_cube.fits
2019-07-23T20:28:27:  edispcube .................: /cta/carli/CPPM_Internship/Simulations_and_Analyses/plus_constant_EDisp_South_z40_50h/source3d/edisp_cube.fits
2019-07-23T20:28:27:  bkgcube ...................: /cta/carli/CPPM_Internship/Simulations_and_Analyses/plus_constant_EDisp_South_z40_50h/source3d/background_cube.fits
2019-07-23T20:28:27:  caldb .....................: prod3b-v2
2019-07-23T20:28:27:  irf .......................: South_z40_50h
2019-07-23T20:28:27:  edisp .....................: yes
2019-07-23T20:28:27:  outfile ...................: /cta/carli/CPPM_Internship/Simulations_and_Analyses/plus_constant_EDisp_South_z40_50h/source3d/butterfly_binned.ascii
2019-07-23T20:28:27:  method ....................: GAUSSIAN
2019-07-23T20:28:27:  fit .......................: no
2019-07-23T20:28:27:  confidence ................: 0.68
2019-07-23T20:28:27:  statistic .................: DEFAULT
2019-07-23T20:28:27:  like_accuracy .............: 0.005
2019-07-23T20:28:27:  max_iter ..................: 50
2019-07-23T20:28:27:  matrix ....................: NONE
2019-07-23T20:28:27:  ebinalg ...................: LOG
2019-07-23T20:28:27:  emin ......................: 0.1
2019-07-23T20:28:27:  emax ......................: 199.526229858398
2019-07-23T20:28:27:  enumbins ..................: 32
2019-07-23T20:28:27:  ebinfile ..................: [not queried]
2019-07-23T20:28:27:  chatter ...................: 4
2019-07-23T20:28:27:  clobber ...................: yes
2019-07-23T20:28:27:  debug .....................: no
2019-07-23T20:28:27:  mode ......................: ql
2019-07-23T20:28:27:  logfile ...................: ctbutterfly.log
2019-07-23T20:28:27: 
2019-07-23T20:28:27: +===================+
2019-07-23T20:28:27: | Input observation |
2019-07-23T20:28:27: +===================+
2019-07-23T20:28:27: === GObservations ===
2019-07-23T20:28:27:  Number of observations ....: 1
2019-07-23T20:28:27:  Number of models ..........: 2
2019-07-23T20:28:27:  Number of observed events .: 326463
2019-07-23T20:28:27:  Number of predicted events : 0
2019-07-23T20:28:27: === GCTAObservation ===
2019-07-23T20:28:27:  Name ......................: 
2019-07-23T20:28:27:  Identifier ................: 000001
2019-07-23T20:28:27:  Instrument ................: CTA
2019-07-23T20:28:27:  Event file ................: /cta/carli/CPPM_Internship/Simulations_and_Analyses/plus_constant_EDisp_South_z40_50h/source3d/obs_cube.fits
2019-07-23T20:28:27:  Event type ................: CountsCube
2019-07-23T20:28:27:  Statistic .................: cstat
2019-07-23T20:28:27:  Ontime ....................: 144000 s
2019-07-23T20:28:27:  Livetime ..................: 141120 s
2019-07-23T20:28:27:  Deadtime correction .......: 0.98
2019-07-23T20:28:27:  User energy range .........: undefined
2019-07-23T20:28:27: === GCTAPointing ===
2019-07-23T20:28:27:  Pointing direction ........: (RA,Dec)=(84.1331,22.0145)
2019-07-23T20:28:27: === GCTAResponseCube ===
2019-07-23T20:28:27:  Energy dispersion .........: Used
2019-07-23T20:28:27: === GCTACubeExposure ===
2019-07-23T20:28:27:  Filename ..................: /cta/carli/CPPM_Internship/Simulations_and_Analyses/plus_constant_EDisp_South_z40_50h/source3d/exposure_cube.fits
2019-07-23T20:28:27:  Livetime ..................: 141120 sec
2019-07-23T20:28:27: === GEnergies ===
2019-07-23T20:28:27:  Number of energies ........: 33
2019-07-23T20:28:27: === GGti ===
2019-07-23T20:28:27:  Number of intervals .......: 1
2019-07-23T20:28:27:  Ontime ....................: 144000 sec
2019-07-23T20:28:27:  Elapsed time ..............: 144000 sec
2019-07-23T20:28:27:  MJD range .................: 51544.5 - 51546.1666666667 s (TT)
2019-07-23T20:28:27:  UTC range .................: 2000-01-01T11:58:56 - 2000-01-03T03:58:56 s (TT)
2019-07-23T20:28:27:  Reference MJD .............: 51544.5
2019-07-23T20:28:27: === GSkyMap ===
2019-07-23T20:28:27:  Number of pixels ..........: 6400
2019-07-23T20:28:27:  X axis dimension ..........: 80
2019-07-23T20:28:27:  Y axis dimension ..........: 80
2019-07-23T20:28:27:  Number of maps ............: 33
2019-07-23T20:28:27:  Shape of maps .............: (33)
2019-07-23T20:28:27: === GCTACubePsf ===
2019-07-23T20:28:27:  Filename ..................: /cta/carli/CPPM_Internship/Simulations_and_Analyses/plus_constant_EDisp_South_z40_50h/source3d/PSF_cube.fits
2019-07-23T20:28:27: === GEnergies ===
2019-07-23T20:28:27:  Number of energies ........: 33
2019-07-23T20:28:27:  Number of delta bins ......: 200
2019-07-23T20:28:27:  Delta range ...............: 1.875e-06 - 0.298501875 deg
2019-07-23T20:28:27: === GSkyMap ===
2019-07-23T20:28:27:  Number of pixels ..........: 1
2019-07-23T20:28:27:  X axis dimension ..........: 1
2019-07-23T20:28:27:  Y axis dimension ..........: 1
2019-07-23T20:28:27:  Number of maps ............: 6600
2019-07-23T20:28:27:  Shape of maps .............: (200, 33)
2019-07-23T20:28:27: === GCTACubeEdisp ===
2019-07-23T20:28:27:  Filename ..................: /cta/carli/CPPM_Internship/Simulations_and_Analyses/plus_constant_EDisp_South_z40_50h/source3d/edisp_cube.fits
2019-07-23T20:28:27: === GEnergies ===
2019-07-23T20:28:27:  Number of energies ........: 33
2019-07-23T20:28:27:  Number of migra bins ......: 100
2019-07-23T20:28:27:  Migra range ...............: 0.02 - 2
2019-07-23T20:28:27: === GSkyMap ===
2019-07-23T20:28:27:  Number of pixels ..........: 1
2019-07-23T20:28:27:  X axis dimension ..........: 1
2019-07-23T20:28:27:  Y axis dimension ..........: 1
2019-07-23T20:28:27:  Number of maps ............: 3300
2019-07-23T20:28:27:  Shape of maps .............: (100, 33)
2019-07-23T20:28:27: === GCTACubeBackground ===
2019-07-23T20:28:27:  Filename ..................: /cta/carli/CPPM_Internship/Simulations_and_Analyses/plus_constant_EDisp_South_z40_50h/source3d/background_cube.fits
2019-07-23T20:28:27: === GEbounds ===
2019-07-23T20:28:27:  Number of intervals .......: 32
2019-07-23T20:28:27:  Energy range ..............: 100 GeV - 199.526229858398 TeV
2019-07-23T20:28:27: === GSkyMap ===
2019-07-23T20:28:27:  Number of pixels ..........: 6400
2019-07-23T20:28:27:  X axis dimension ..........: 80
2019-07-23T20:28:27:  Y axis dimension ..........: 80
2019-07-23T20:28:27:  Number of maps ............: 32
2019-07-23T20:28:27:  Shape of maps .............: (32)
2019-07-23T20:28:27: === GCTAResponseCache ===
2019-07-23T20:28:27:  Number of cached values ...: 0
2019-07-23T20:28:27: === GCTAEventCube ===
2019-07-23T20:28:27:  Number of events ..........: 326463
2019-07-23T20:28:27:  Number of elements ........: 204800
2019-07-23T20:28:27:  Number of pixels ..........: 6400
2019-07-23T20:28:27:  Number of energy bins .....: 32
2019-07-23T20:28:27:  Time interval .............: 51544.5 - 51546.1666666667 days
2019-07-23T20:28:27:  Pointing ..................: (RA,Dec)=(84.1331,22.0145)
2019-07-23T20:28:27: === GEbounds ===
2019-07-23T20:28:27:  Number of intervals .......: 32
2019-07-23T20:28:27:  Energy range ..............: 100 GeV - 199.526229858398 TeV
2019-07-23T20:28:27: === GSkyMap ===
2019-07-23T20:28:27:  Number of pixels ..........: 6400
2019-07-23T20:28:27:  X axis dimension ..........: 80
2019-07-23T20:28:27:  Y axis dimension ..........: 80
2019-07-23T20:28:27:  Number of maps ............: 32
2019-07-23T20:28:27:  Shape of maps .............: (32)
2019-07-23T20:28:27: === GSkyRegions ===
2019-07-23T20:28:27:  Number of regions .........: 0
2019-07-23T20:28:27: === GModels ===
2019-07-23T20:28:27:  Number of models ..........: 2
2019-07-23T20:28:27:  Number of parameters ......: 11
2019-07-23T20:28:27: === GModelSky ===
2019-07-23T20:28:27:  Name ......................: source3d
2019-07-23T20:28:27:  Instruments ...............: all
2019-07-23T20:28:27:  Test Statistic ............: 100165.903
2019-07-23T20:28:27:  Observation identifiers ...: all
2019-07-23T20:28:27:  Model type ................: PointSource
2019-07-23T20:28:27:  Model components ..........: "PointSource" * "ExponentialCutoffPowerLaw" * "Constant"
2019-07-23T20:28:27:  Number of parameters ......: 7
2019-07-23T20:28:27:  Number of spatial par's ...: 2
2019-07-23T20:28:27:   RA .......................: 83.6331 [-360,360] deg (fixed,scale=1)
2019-07-23T20:28:27:   DEC ......................: 22.0145 [-90,90] deg (fixed,scale=1)
2019-07-23T20:28:27:  Number of spectral par's ..: 4
2019-07-23T20:28:27:   Prefactor ................: 3.02988522934107e-18 +/- 2.38755623837946e-20 [1e-25,1e-15] ph/cm2/s/MeV (free,scale=1e-18,gradient)
2019-07-23T20:28:27:   Index ....................: -1.98834447904386 +/- 0.0066200892729112 [-0,-5]  (free,scale=-1,gradient)
2019-07-23T20:28:27:   CutoffEnergy .............: 2383954216.5062 +/- 4349884626.57941 [1000000,100000000000] MeV (free,scale=100000000,gradient)
2019-07-23T20:28:27:   PivotEnergy ..............: 1000000 [10000,1000000000] MeV (fixed,scale=1000000,gradient)
2019-07-23T20:28:27:  Number of temporal par's ..: 1
2019-07-23T20:28:27:   Normalization ............: 1 (relative value) (fixed,scale=1,gradient)
2019-07-23T20:28:27:  Number of scale par's .....: 0
2019-07-23T20:28:27: === GCTAModelCubeBackground ===
2019-07-23T20:28:27:  Name ......................: BackgroundModel
2019-07-23T20:28:27:  Instruments ...............: CTA, HESS, MAGIC, VERITAS
2019-07-23T20:28:27:  Observation identifiers ...: all
2019-07-23T20:28:27:  Model type ................: "PowerLaw" * "Constant"
2019-07-23T20:28:27:  Number of parameters ......: 4
2019-07-23T20:28:27:  Number of spectral par's ..: 3
2019-07-23T20:28:27:   Prefactor ................: 1.15459737696359 +/- 0.00496571471959272 [0.01,100] ph/cm2/s/MeV (free,scale=1,gradient)
2019-07-23T20:28:27:   Index ....................: 0.094044488349437 +/- 0.00255688824339313 [-5,5]  (free,scale=1,gradient)
2019-07-23T20:28:27:   PivotEnergy ..............: 1000000 MeV (fixed,scale=1000000,gradient)
2019-07-23T20:28:27:  Number of temporal par's ..: 1
2019-07-23T20:28:27:   Normalization ............: 1 (relative value) (fixed,scale=1,gradient)
2019-07-23T20:28:27: 
2019-07-23T20:28:27: +===========================+
2019-07-23T20:28:27: | Compute covariance matrix |
2019-07-23T20:28:27: +===========================+
2019-07-23T20:28:59: === GMatrixSparse ===
2019-07-23T20:28:59:  Number of rows ............: 11
2019-07-23T20:28:59:  Number of columns .........: 11
2019-07-23T20:28:59:  Number of nonzero elements : 25
2019-07-23T20:28:59:  Number of allocated cells .: 512
2019-07-23T20:28:59:  Memory block size .........: 512
2019-07-23T20:28:59:  Sparse matrix fill ........: 0.206611570247934
2019-07-23T20:28:59:  Pending element ...........: 0
2019-07-23T20:28:59:  Fill stack size ...........: 0 (none)
2019-07-23T20:28:59:  0, 0, 0, 0, 0, 0, 0, 0, 0, 0, 0
2019-07-23T20:28:59:  0, 0, 0, 0, 0, 0, 0, 0, 0, 0, 0
2019-07-23T20:28:59:  0, 0, 5.70042479142999e-40, 7.38211653833266e-24, -3.06277984117782e-11, 0, 0, -3.5904643941511e-24, -3.5671239882778e-25, 0, 0
2019-07-23T20:28:59:  0, 0, 7.38211653833267e-24, 4.38255819943119e-05, -18411452.026626, 0, 0, 2.13379228637834e-07, -4.8708211527376e-07, 0, 0
2019-07-23T20:28:59:  0, 0, -3.06277984117782e-11, -18411452.026626, 1.89214962680906e+19, 0, 0, 6999.55168699354, 179984.833308637, 0, 0
2019-07-23T20:28:59:  0, 0, 0, 0, 0, 0, 0, 0, 0, 0, 0
2019-07-23T20:28:59:  0, 0, 0, 0, 0, 0, 0, 0, 0, 0, 0
2019-07-23T20:28:59:  0, 0, -3.59046439415111e-24, 2.13379228637833e-07, 6999.55168699326, 0, 0, 2.465832267637e-05, 1.1473310478787e-05, 0, 0
2019-07-23T20:28:59:  0, 0, -3.56712398827781e-25, -4.87082115273761e-07, 179984.833308637, 0, 0, 1.1473310478787e-05, 6.53767748920051e-06, 0, 0
2019-07-23T20:28:59:  0, 0, 0, 0, 0, 0, 0, 0, 0, 0, 0
2019-07-23T20:28:59:  0, 0, 0, 0, 0, 0, 0, 0, 0, 0, 0
2019-07-23T20:28:59: 
2019-07-23T20:28:59: +===============================+
2019-07-23T20:28:59: | Prepare butterfly computation |
2019-07-23T20:28:59: +===============================+
2019-07-23T20:28:59:  Confidence level ..........: 0.68
2019-07-23T20:28:59:  Corresponding scaling .....: 0.994458
2019-07-23T20:28:59: 
2019-07-23T20:28:59: +====================+
2019-07-23T20:28:59: | Generate butterfly |
2019-07-23T20:28:59: +====================+
2019-07-23T20:28:59: 
2019-07-23T20:28:59: +=========+
2019-07-23T20:28:59: | Results |
2019-07-23T20:28:59: +=========+
2019-07-23T20:28:59:  Intensity at 112606.251051226 MeV : 2.32930377732123e-16 (2.29183343118336e-16, 2.36677412345911e-16) ph/cm2/s/MeV
2019-07-23T20:28:59:  Intensity at 142786.615593472 MeV : 1.45268886857777e-16 (1.43126397736223e-16, 1.4741137597933e-16) ph/cm2/s/MeV
2019-07-23T20:28:59:  Intensity at 181055.824186555 MeV : 9.05977918855542e-17 (8.93785332138783e-17, 9.18170505572301e-17) ph/cm2/s/MeV
2019-07-23T20:28:59:  Intensity at 229581.822747338 MeV : 5.65016002944826e-17 (5.58106354468183e-17, 5.7192565142147e-17) ph/cm2/s/MeV
2019-07-23T20:28:59:  Intensity at 291113.603071291 MeV : 3.52372100133659e-17 (3.48467428306718e-17, 3.56276771960601e-17) ph/cm2/s/MeV
2019-07-23T20:28:59:  Intensity at 369136.932876502 MeV : 2.19755258897114e-17 (2.17549051619538e-17, 2.2196146617469e-17) ph/cm2/s/MeV
2019-07-23T20:28:59:  Intensity at 468071.824112259 MeV : 1.37048166371851e-17 (1.35795963244555e-17, 1.38300369499147e-17) ph/cm2/s/MeV
2019-07-23T20:28:59:  Intensity at 593522.926087366 MeV : 8.54677657815065e-18 (8.47486688098524e-18, 8.61868627531606e-18) ph/cm2/s/MeV
2019-07-23T20:28:59:  Intensity at 752597.028157849 MeV : 5.32997715813272e-18 (5.28780928807836e-18, 5.37214502818708e-18) ph/cm2/s/MeV
2019-07-23T20:28:59:  Intensity at 954305.65846188 MeV : 3.32384357914177e-18 (3.29837023572301e-18, 3.34931692256053e-18) ph/cm2/s/MeV
2019-07-23T20:28:59:  Intensity at 1210075.58587031 MeV : 2.07274539419657e-18 (2.0568221831904e-18, 2.08866860520273e-18) ph/cm2/s/MeV
2019-07-23T20:28:59:  Intensity at 1534396.14502492 MeV : 1.2925247019759e-18 (1.2822515540011e-18, 1.3027978499507e-18) ph/cm2/s/MeV
2019-07-23T20:28:59:  Intensity at 1945640.05534746 MeV : 8.0596449381917e-19 (7.99179679852792e-19, 8.12749307785547e-19) ph/cm2/s/MeV
2019-07-23T20:28:59:  Intensity at 2467104.23331454 MeV : 5.02542606907136e-19 (4.98000892317447e-19, 5.07084321496826e-19) ph/cm2/s/MeV
2019-07-23T20:28:59:  Intensity at 3128329.55988436 MeV : 3.13331751267192e-19 (3.10276440199533e-19, 3.16387062334851e-19) ph/cm2/s/MeV
2019-07-23T20:28:59:  Intensity at 3966774.36773649 MeV : 1.95345602468741e-19 (1.9329233605127e-19, 1.97398868886212e-19) ph/cm2/s/MeV
2019-07-23T20:28:59:  Intensity at 5029936.45116879 MeV : 1.21776064425141e-19 (1.20402683418685e-19, 1.23149445431597e-19) ph/cm2/s/MeV
2019-07-23T20:28:59:  Intensity at 6378043.81024912 MeV : 7.59046391657527e-20 (7.49920820366024e-20, 7.6817196294903e-20) ph/cm2/s/MeV
2019-07-23T20:28:59:  Intensity at 8087466.55954362 MeV : 4.7305200058801e-20 (4.67031475600809e-20, 4.79072525575212e-20) ph/cm2/s/MeV
2019-07-23T20:28:59:  Intensity at 10255043.285628 MeV : 2.94758259346401e-20 (2.90810673461525e-20, 2.98705845231276e-20) ph/cm2/s/MeV
2019-07-23T20:28:59:  Intensity at 13003566.9409974 MeV : 1.83618844236431e-20 (1.81038695960206e-20, 1.86198992512656e-20) ph/cm2/s/MeV
2019-07-23T20:28:59:  Intensity at 16488741.0495845 MeV : 1.14349512425559e-20 (1.12658254859347e-20, 1.1604076999177e-20) ph/cm2/s/MeV
2019-07-23T20:28:59:  Intensity at 20908000.2920645 MeV : 7.11838082994859e-21 (7.00604308402301e-21, 7.23071857587416e-21) ph/cm2/s/MeV
2019-07-23T20:28:59:  Intensity at 26511695.1560098 MeV : 4.42906799002589e-21 (4.35236067590305e-21, 4.50577530414874e-21) ph/cm2/s/MeV
2019-07-23T20:28:59:  Intensity at 33617274.2599379 MeV : 2.75403763753698e-21 (2.69943038236369e-21, 2.80864489271028e-21) ph/cm2/s/MeV
2019-07-23T20:28:59:  Intensity at 42627267.7781488 MeV : 1.71111997216517e-21 (1.67035392387644e-21, 1.75188602045391e-21) ph/cm2/s/MeV
2019-07-23T20:28:59:  Intensity at 54052090.7251378 MeV : 1.06206508180454e-21 (1.03035941774486e-21, 1.09377074586422e-21) ph/cm2/s/MeV
2019-07-23T20:28:59:  Intensity at 68538957.9028144 MeV : 6.58360817349649e-22 (6.33031634048136e-22, 6.83690000651161e-22) ph/cm2/s/MeV
2019-07-23T20:28:59:  Intensity at 86908548.5386981 MeV : 4.07445466287527e-22 (3.86948652660199e-22, 4.27942279914854e-22) ph/cm2/s/MeV
2019-07-23T20:28:59:  Intensity at 110201497.662297 MeV : 2.51639084068804e-22 (2.35004101813352e-22, 2.68274066324256e-22) ph/cm2/s/MeV
2019-07-23T20:28:59:  Intensity at 139737347.950364 MeV : 1.55006320598771e-22 (1.41545909239296e-22, 1.68466731958246e-22) ph/cm2/s/MeV
2019-07-23T20:28:59:  Intensity at 177189301.655759 MeV : 9.51652978053365e-23 (8.4341598017324e-23, 1.05988997593349e-22) ph/cm2/s/MeV
2019-07-23T20:28:59: 
2019-07-23T20:28:59: +========================+
2019-07-23T20:28:59: | Save Butterfly diagram |
2019-07-23T20:28:59: +========================+
2019-07-23T20:28:59:  Butterfly file ............: /cta/carli/CPPM_Internship/Simulations_and_Analyses/plus_constant_EDisp_South_z40_50h/source3d/butterfly_binned.ascii
2019-07-23T20:28:59: 
2019-07-23T20:28:59: Application "ctbutterfly" terminated after 32 wall clock seconds, consuming 33.35 seconds of CPU time.
