2019-07-25T14:30:46: ********************************************************************************
2019-07-25T14:30:46: *                                    cterror                                   *
2019-07-25T14:30:46: * ---------------------------------------------------------------------------- *
2019-07-25T14:30:46: * Version: 1.6.0                                                               *
2019-07-25T14:30:46: ********************************************************************************
2019-07-25T14:30:47: +============+
2019-07-25T14:30:47: | Parameters |
2019-07-25T14:30:47: +============+
2019-07-25T14:30:47:  inobs .....................: /cta/carli/CPPM_Internship/Simulations_and_Analyses/plus_constant_EDisp_South_z40_50h/source3d/obs_cube.fits
2019-07-25T14:30:47:  inmodel ...................: /cta/carli/CPPM_Internship/Simulations_and_Analyses/plus_constant_EDisp_South_z40_50h/source3d/obsmodel_binned.xml
2019-07-25T14:30:47:  srcname ...................: source3d
2019-07-25T14:30:47:  expcube ...................: /cta/carli/CPPM_Internship/Simulations_and_Analyses/plus_constant_EDisp_South_z40_50h/source3d/exposure_cube.fits
2019-07-25T14:30:47:  psfcube ...................: /cta/carli/CPPM_Internship/Simulations_and_Analyses/plus_constant_EDisp_South_z40_50h/source3d/PSF_cube.fits
2019-07-25T14:30:47:  edispcube .................: /cta/carli/CPPM_Internship/Simulations_and_Analyses/plus_constant_EDisp_South_z40_50h/source3d/edisp_cube.fits
2019-07-25T14:30:47:  bkgcube ...................: /cta/carli/CPPM_Internship/Simulations_and_Analyses/plus_constant_EDisp_South_z40_50h/source3d/background_cube.fits
2019-07-25T14:30:47:  caldb .....................: prod3b-v2
2019-07-25T14:30:47:  irf .......................: plus_constant_EDisp_South_z40_50h
2019-07-25T14:30:47:  edisp .....................: yes
2019-07-25T14:30:47:  outmodel ..................: 
2019-07-25T14:30:47:  confidence ................: 0.68
2019-07-25T14:30:47:  tol .......................: 1e-3
2019-07-25T14:30:47:  statistic .................: DEFAULT
2019-07-25T14:30:47:  like_accuracy .............: 0.005
2019-07-25T14:30:47:  max_iter ..................: 50
2019-07-25T14:30:47:  nthreads ..................: 0
2019-07-25T14:30:47:  chatter ...................: 4
2019-07-25T14:30:47:  clobber ...................: yes
2019-07-25T14:30:47:  debug .....................: no
2019-07-25T14:30:47:  mode ......................: ql
2019-07-25T14:30:47:  logfile ...................: cterror68.log
2019-07-25T14:30:47: 
2019-07-25T14:30:47: +===================+
2019-07-25T14:30:47: | Input observation |
2019-07-25T14:30:47: +===================+
2019-07-25T14:30:47: === GObservations ===
2019-07-25T14:30:47:  Number of observations ....: 1
2019-07-25T14:30:47:  Number of models ..........: 2
2019-07-25T14:30:47:  Number of observed events .: 326463
2019-07-25T14:30:47:  Number of predicted events : 0
2019-07-25T14:30:47: === GCTAObservation ===
2019-07-25T14:30:47:  Name ......................: 
2019-07-25T14:30:47:  Identifier ................: 000001
2019-07-25T14:30:47:  Instrument ................: CTA
2019-07-25T14:30:47:  Event file ................: /cta/carli/CPPM_Internship/Simulations_and_Analyses/plus_constant_EDisp_South_z40_50h/source3d/obs_cube.fits
2019-07-25T14:30:47:  Event type ................: CountsCube
2019-07-25T14:30:47:  Statistic .................: cstat
2019-07-25T14:30:47:  Ontime ....................: 144000 s
2019-07-25T14:30:47:  Livetime ..................: 141120 s
2019-07-25T14:30:47:  Deadtime correction .......: 0.98
2019-07-25T14:30:47:  User energy range .........: undefined
2019-07-25T14:30:47: === GCTAPointing ===
2019-07-25T14:30:47:  Pointing direction ........: (RA,Dec)=(84.1331,22.0145)
2019-07-25T14:30:47: === GCTAResponseCube ===
2019-07-25T14:30:47:  Energy dispersion .........: Used
2019-07-25T14:30:47: === GCTACubeExposure ===
2019-07-25T14:30:47:  Filename ..................: /cta/carli/CPPM_Internship/Simulations_and_Analyses/plus_constant_EDisp_South_z40_50h/source3d/exposure_cube.fits
2019-07-25T14:30:47:  Livetime ..................: 141120 sec
2019-07-25T14:30:47: === GEnergies ===
2019-07-25T14:30:47:  Number of energies ........: 33
2019-07-25T14:30:47: === GGti ===
2019-07-25T14:30:47:  Number of intervals .......: 1
2019-07-25T14:30:47:  Ontime ....................: 144000 sec
2019-07-25T14:30:47:  Elapsed time ..............: 144000 sec
2019-07-25T14:30:47:  MJD range .................: 51544.5 - 51546.1666666667 s (TT)
2019-07-25T14:30:47:  UTC range .................: 2000-01-01T11:58:56 - 2000-01-03T03:58:56 s (TT)
2019-07-25T14:30:47:  Reference MJD .............: 51544.5
2019-07-25T14:30:47: === GSkyMap ===
2019-07-25T14:30:47:  Number of pixels ..........: 6400
2019-07-25T14:30:47:  X axis dimension ..........: 80
2019-07-25T14:30:47:  Y axis dimension ..........: 80
2019-07-25T14:30:47:  Number of maps ............: 33
2019-07-25T14:30:47:  Shape of maps .............: (33)
2019-07-25T14:30:47: === GCTACubePsf ===
2019-07-25T14:30:47:  Filename ..................: /cta/carli/CPPM_Internship/Simulations_and_Analyses/plus_constant_EDisp_South_z40_50h/source3d/PSF_cube.fits
2019-07-25T14:30:47: === GEnergies ===
2019-07-25T14:30:47:  Number of energies ........: 33
2019-07-25T14:30:47:  Number of delta bins ......: 200
2019-07-25T14:30:47:  Delta range ...............: 1.875e-06 - 0.298501875 deg
2019-07-25T14:30:47: === GSkyMap ===
2019-07-25T14:30:47:  Number of pixels ..........: 1
2019-07-25T14:30:47:  X axis dimension ..........: 1
2019-07-25T14:30:47:  Y axis dimension ..........: 1
2019-07-25T14:30:47:  Number of maps ............: 6600
2019-07-25T14:30:47:  Shape of maps .............: (200, 33)
2019-07-25T14:30:47: === GCTACubeEdisp ===
2019-07-25T14:30:47:  Filename ..................: /cta/carli/CPPM_Internship/Simulations_and_Analyses/plus_constant_EDisp_South_z40_50h/source3d/edisp_cube.fits
2019-07-25T14:30:47: === GEnergies ===
2019-07-25T14:30:47:  Number of energies ........: 33
2019-07-25T14:30:47:  Number of migra bins ......: 100
2019-07-25T14:30:47:  Migra range ...............: 0.02 - 2
2019-07-25T14:30:47: === GSkyMap ===
2019-07-25T14:30:47:  Number of pixels ..........: 1
2019-07-25T14:30:47:  X axis dimension ..........: 1
2019-07-25T14:30:47:  Y axis dimension ..........: 1
2019-07-25T14:30:47:  Number of maps ............: 3300
2019-07-25T14:30:47:  Shape of maps .............: (100, 33)
2019-07-25T14:30:47: === GCTACubeBackground ===
2019-07-25T14:30:47:  Filename ..................: /cta/carli/CPPM_Internship/Simulations_and_Analyses/plus_constant_EDisp_South_z40_50h/source3d/background_cube.fits
2019-07-25T14:30:47: === GEbounds ===
2019-07-25T14:30:47:  Number of intervals .......: 32
2019-07-25T14:30:47:  Energy range ..............: 100 GeV - 199.526229858398 TeV
2019-07-25T14:30:47: === GSkyMap ===
2019-07-25T14:30:47:  Number of pixels ..........: 6400
2019-07-25T14:30:47:  X axis dimension ..........: 80
2019-07-25T14:30:47:  Y axis dimension ..........: 80
2019-07-25T14:30:47:  Number of maps ............: 32
2019-07-25T14:30:47:  Shape of maps .............: (32)
2019-07-25T14:30:47: === GCTAResponseCache ===
2019-07-25T14:30:47:  Number of cached values ...: 0
2019-07-25T14:30:47: === GCTAEventCube ===
2019-07-25T14:30:47:  Number of events ..........: 326463
2019-07-25T14:30:47:  Number of elements ........: 204800
2019-07-25T14:30:47:  Number of pixels ..........: 6400
2019-07-25T14:30:47:  Number of energy bins .....: 32
2019-07-25T14:30:47:  Time interval .............: 51544.5 - 51546.1666666667 days
2019-07-25T14:30:47:  Pointing ..................: (RA,Dec)=(84.1331,22.0145)
2019-07-25T14:30:47: === GEbounds ===
2019-07-25T14:30:47:  Number of intervals .......: 32
2019-07-25T14:30:47:  Energy range ..............: 100 GeV - 199.526229858398 TeV
2019-07-25T14:30:47: === GSkyMap ===
2019-07-25T14:30:47:  Number of pixels ..........: 6400
2019-07-25T14:30:47:  X axis dimension ..........: 80
2019-07-25T14:30:47:  Y axis dimension ..........: 80
2019-07-25T14:30:47:  Number of maps ............: 32
2019-07-25T14:30:47:  Shape of maps .............: (32)
2019-07-25T14:30:47: === GSkyRegions ===
2019-07-25T14:30:47:  Number of regions .........: 0
2019-07-25T14:30:47: === GModels ===
2019-07-25T14:30:47:  Number of models ..........: 2
2019-07-25T14:30:47:  Number of parameters ......: 11
2019-07-25T14:30:47: === GModelSky ===
2019-07-25T14:30:47:  Name ......................: source3d
2019-07-25T14:30:47:  Instruments ...............: all
2019-07-25T14:30:47:  Test Statistic ............: 100165.903
2019-07-25T14:30:47:  Observation identifiers ...: all
2019-07-25T14:30:47:  Model type ................: PointSource
2019-07-25T14:30:47:  Model components ..........: "PointSource" * "ExponentialCutoffPowerLaw" * "Constant"
2019-07-25T14:30:47:  Number of parameters ......: 7
2019-07-25T14:30:47:  Number of spatial par's ...: 2
2019-07-25T14:30:47:   RA .......................: 83.6331 [-360,360] deg (fixed,scale=1)
2019-07-25T14:30:47:   DEC ......................: 22.0145 [-90,90] deg (fixed,scale=1)
2019-07-25T14:30:47:  Number of spectral par's ..: 4
2019-07-25T14:30:47:   Prefactor ................: 3.02988522934107e-18 [1e-25,1e-15] ph/cm2/s/MeV (fixed,scale=1e-18,gradient)
2019-07-25T14:30:47:   Index ....................: -1.98834447904386 [-0,-5]  (fixed,scale=-1,gradient)
2019-07-25T14:30:47:   CutoffEnergy .............: 2383954216.5062 +/- 4349884626.57941 [1000000,100000000000] MeV (free,scale=100000000,gradient)
2019-07-25T14:30:47:   PivotEnergy ..............: 1000000 [10000,1000000000] MeV (fixed,scale=1000000,gradient)
2019-07-25T14:30:47:  Number of temporal par's ..: 1
2019-07-25T14:30:47:   Normalization ............: 1 (relative value) (fixed,scale=1,gradient)
2019-07-25T14:30:47:  Number of scale par's .....: 0
2019-07-25T14:30:47: === GCTAModelCubeBackground ===
2019-07-25T14:30:47:  Name ......................: BackgroundModel
2019-07-25T14:30:47:  Instruments ...............: CTA, HESS, MAGIC, VERITAS
2019-07-25T14:30:47:  Observation identifiers ...: all
2019-07-25T14:30:47:  Model type ................: "PowerLaw" * "Constant"
2019-07-25T14:30:47:  Number of parameters ......: 4
2019-07-25T14:30:47:  Number of spectral par's ..: 3
2019-07-25T14:30:47:   Prefactor ................: 1.15459737696359 [0.01,100] ph/cm2/s/MeV (fixed,scale=1,gradient)
2019-07-25T14:30:47:   Index ....................: 0.094044488349437 [-5,5]  (fixed,scale=1,gradient)
2019-07-25T14:30:47:   PivotEnergy ..............: 1000000 MeV (fixed,scale=1000000,gradient)
2019-07-25T14:30:47:  Number of temporal par's ..: 1
2019-07-25T14:30:47:   Normalization ............: 1 (relative value) (fixed,scale=1,gradient)
2019-07-25T14:30:47: 
2019-07-25T14:30:47: +=============================+
2019-07-25T14:30:47: | Compute best-fit likelihood |
2019-07-25T14:30:47: +=============================+
2019-07-25T14:32:12: === GOptimizerLM ===
2019-07-25T14:32:12:  Optimized function value ..: -334178.438
2019-07-25T14:32:12:  Absolute precision ........: 0.005
2019-07-25T14:32:12:  Acceptable value decrease .: 2
2019-07-25T14:32:12:  Optimization status .......: converged
2019-07-25T14:32:12:  Number of parameters ......: 11
2019-07-25T14:32:12:  Number of free parameters .: 1
2019-07-25T14:32:12:  Number of iterations ......: 1
2019-07-25T14:32:12:  Lambda ....................: 0.0001
2019-07-25T14:32:12:  Maximum log likelihood ....: -334178.438
2019-07-25T14:32:12: === GModels ===
2019-07-25T14:32:12:  Number of models ..........: 2
2019-07-25T14:32:12:  Number of parameters ......: 11
2019-07-25T14:32:12: === GModelSky ===
2019-07-25T14:32:12:  Name ......................: source3d
2019-07-25T14:32:12:  Instruments ...............: all
2019-07-25T14:32:12:  Test Statistic ............: 100165.903
2019-07-25T14:32:12:  Observation identifiers ...: all
2019-07-25T14:32:12:  Model type ................: PointSource
2019-07-25T14:32:12:  Model components ..........: "PointSource" * "ExponentialCutoffPowerLaw" * "Constant"
2019-07-25T14:32:12:  Number of parameters ......: 7
2019-07-25T14:32:12:  Number of spatial par's ...: 2
2019-07-25T14:32:12:   RA .......................: 83.6331 [-360,360] deg (fixed,scale=1)
2019-07-25T14:32:12:   DEC ......................: 22.0145 [-90,90] deg (fixed,scale=1)
2019-07-25T14:32:12:  Number of spectral par's ..: 4
2019-07-25T14:32:12:   Prefactor ................: 3.02988522934107e-18 [1e-25,1e-15] ph/cm2/s/MeV (fixed,scale=1e-18,gradient)
2019-07-25T14:32:12:   Index ....................: -1.98834447904386 [-0,-5]  (fixed,scale=-1,gradient)
2019-07-25T14:32:12:   CutoffEnergy .............: 2402439219.41901 +/- 3188022854.22514 [1000000,100000000000] MeV (free,scale=100000000,gradient)
2019-07-25T14:32:12:   PivotEnergy ..............: 1000000 [10000,1000000000] MeV (fixed,scale=1000000,gradient)
2019-07-25T14:32:12:  Number of temporal par's ..: 1
2019-07-25T14:32:12:   Normalization ............: 1 (relative value) (fixed,scale=1,gradient)
2019-07-25T14:32:12:  Number of scale par's .....: 0
2019-07-25T14:32:12: === GCTAModelCubeBackground ===
2019-07-25T14:32:12:  Name ......................: BackgroundModel
2019-07-25T14:32:12:  Instruments ...............: CTA, HESS, MAGIC, VERITAS
2019-07-25T14:32:12:  Observation identifiers ...: all
2019-07-25T14:32:12:  Model type ................: "PowerLaw" * "Constant"
2019-07-25T14:32:12:  Number of parameters ......: 4
2019-07-25T14:32:12:  Number of spectral par's ..: 3
2019-07-25T14:32:12:   Prefactor ................: 1.15459737696359 [0.01,100] ph/cm2/s/MeV (fixed,scale=1,gradient)
2019-07-25T14:32:12:   Index ....................: 0.094044488349437 [-5,5]  (fixed,scale=1,gradient)
2019-07-25T14:32:12:   PivotEnergy ..............: 1000000 MeV (fixed,scale=1000000,gradient)
2019-07-25T14:32:12:  Number of temporal par's ..: 1
2019-07-25T14:32:12:   Normalization ............: 1 (relative value) (fixed,scale=1,gradient)
2019-07-25T14:32:12: 
2019-07-25T14:32:12: +==============================================================+
2019-07-25T14:32:12: | Compute error for source "source3d" parameter "CutoffEnergy" |
2019-07-25T14:32:12: +==============================================================+
2019-07-25T14:32:12:  Confidence level ..........: 68 %
2019-07-25T14:32:12:  Log-likelihood difference .: 0.494473
2019-07-25T14:32:12:  Initial factor range ......: [0.01, 342.826677616705]
2019-07-25T14:32:21:    Iteration 1 .............: [0.01, 24.0243921941901]
2019-07-25T14:32:30:    Iteration 2 .............: [0.01, 12.017196097095]
2019-07-25T14:32:40:    Iteration 3 .............: [6.01359804854752, 12.017196097095]
2019-07-25T14:32:49:    Iteration 4 .............: [9.01539707282128, 12.017196097095]
2019-07-25T14:32:59:    Iteration 5 .............: [9.01539707282128, 10.5162965849582]
2019-07-25T14:33:08:    Iteration 6 .............: [9.76584682888972, 10.5162965849582]
2019-07-25T14:33:18:    Iteration 7 .............: [9.76584682888972, 10.1410717069239]
2019-07-25T14:33:27:    Iteration 8 .............: [9.95345926790683, 10.1410717069239]
2019-07-25T14:33:37:    Iteration 9 .............: [10.0472654874154, 10.1410717069239]
2019-07-25T14:33:46:    Iteration 10 ............: [10.0941685971697, 10.1410717069239]
2019-07-25T14:33:56:    Iteration 1 .............: [24.0243921941901, 342.826677616705]
2019-07-25T14:34:05:    Iteration 2 .............: [183.425534905447, 342.826677616705]
2019-07-25T14:34:14:    Iteration 3 .............: [263.126106261076, 342.826677616705]
2019-07-25T14:34:24:    Iteration 4 .............: [302.97639193889, 342.826677616705]
2019-07-25T14:34:33:    Iteration 5 .............: [322.901534777797, 342.826677616705]
2019-07-25T14:34:42:    Iteration 6 .............: [332.864106197251, 342.826677616705]
2019-07-25T14:34:52:    Iteration 7 .............: [337.845391906978, 342.826677616705]
2019-07-25T14:35:02:    Iteration 8 .............: [340.336034761841, 342.826677616705]
2019-07-25T14:35:11:    Iteration 9 .............: [341.581356189273, 342.826677616705]
2019-07-25T14:35:21:    Iteration 10 ............: [342.204016902989, 342.826677616705]
2019-07-25T14:35:31:    Iteration 11 ............: [342.515347259847, 342.826677616705]
2019-07-25T14:35:40:    Iteration 12 ............: [342.671012438276, 342.826677616705]
2019-07-25T14:35:50:    Iteration 13 ............: [342.74884502749, 342.826677616705]
2019-07-25T14:36:00:    Iteration 14 ............: [342.787761322097, 342.826677616705]
2019-07-25T14:36:09:    Iteration 15 ............: [342.807219469401, 342.826677616705]
2019-07-25T14:36:18:    Iteration 16 ............: [342.816948543053, 342.826677616705]
2019-07-25T14:36:28:    Iteration 17 ............: [342.821813079879, 342.826677616705]
2019-07-25T14:36:37:    Iteration 18 ............: [342.824245348292, 342.826677616705]
2019-07-25T14:36:47:    Iteration 19 ............: [342.825461482498, 342.826677616705]
2019-07-25T14:36:56:    Iteration 20 ............: [342.826069549601, 342.826677616705]
2019-07-25T14:37:05:    Iteration 21 ............: [342.826373583153, 342.826677616705]
2019-07-25T14:37:15:    Iteration 22 ............: [342.826525599929, 342.826677616705]
2019-07-25T14:37:24:    Iteration 23 ............: [342.826601608317, 342.826677616705]
2019-07-25T14:37:33:    Iteration 24 ............: [342.826639612511, 342.826677616705]
2019-07-25T14:37:43:    Iteration 25 ............: [342.826658614608, 342.826677616705]
2019-07-25T14:37:52:    Iteration 26 ............: [342.826668115656, 342.826677616705]
2019-07-25T14:38:01:    Iteration 27 ............: [342.82667286618, 342.826677616705]
2019-07-25T14:38:11:    Iteration 28 ............: [342.826675241442, 342.826677616705]
2019-07-25T14:38:20:    Iteration 29 ............: [342.826676429073, 342.826677616705]
2019-07-25T14:38:29:    Iteration 30 ............: [342.826677022889, 342.826677616705]
2019-07-25T14:38:29:  Lower parameter factor ....: 10.1176
2019-07-25T14:38:29:  Upper parameter factor ....: 342.827
2019-07-25T14:38:29:  Error from curvature ......: 3188022854.22514 MeV
2019-07-25T14:38:29:  Error from profile ........: 16635452858.3875 MeV
2019-07-25T14:38:29:  Negative profile error ....: 1390677204.21433 MeV
2019-07-25T14:38:29:  Positive profile error ....: 31880228512.5607 MeV
2019-07-25T14:38:29: 
2019-07-25T14:38:29: +==============+
2019-07-25T14:38:29: | Save results |
2019-07-25T14:38:29: +==============+
2019-07-25T14:38:29:  Model definition file .....: NONE
2019-07-25T14:38:29: 
2019-07-25T14:38:29: Application "cterror" terminated after 464 wall clock seconds, consuming 639.59 seconds of CPU time.
