2019-07-23T20:23:58: ********************************************************************************
2019-07-23T20:23:58: *                                    ctlike                                    *
2019-07-23T20:23:58: * ---------------------------------------------------------------------------- *
2019-07-23T20:23:58: * Version: 1.6.0                                                               *
2019-07-23T20:23:58: ********************************************************************************
2019-07-23T20:23:58: +============+
2019-07-23T20:23:58: | Parameters |
2019-07-23T20:23:58: +============+
2019-07-23T20:23:58:  inobs .....................: /cta/carli/CPPM_Internship/Simulations_and_Analyses/plus_constant_EDisp_South_z40_50h/source3d/obs_cube.fits
2019-07-23T20:23:58:  inmodel ...................: sourcemodel_cube.xml
2019-07-23T20:23:58:  expcube ...................: /cta/carli/CPPM_Internship/Simulations_and_Analyses/plus_constant_EDisp_South_z40_50h/source3d/exposure_cube.fits
2019-07-23T20:23:58:  psfcube ...................: /cta/carli/CPPM_Internship/Simulations_and_Analyses/plus_constant_EDisp_South_z40_50h/source3d/PSF_cube.fits
2019-07-23T20:23:58:  edispcube .................: /cta/carli/CPPM_Internship/Simulations_and_Analyses/plus_constant_EDisp_South_z40_50h/source3d/edisp_cube.fits
2019-07-23T20:23:58:  bkgcube ...................: /cta/carli/CPPM_Internship/Simulations_and_Analyses/plus_constant_EDisp_South_z40_50h/source3d/background_cube.fits
2019-07-23T20:23:58:  caldb .....................: prod3b-v2
2019-07-23T20:23:58:  irf .......................: South_z40_50h
2019-07-23T20:23:58:  edisp .....................: yes
2019-07-23T20:23:58:  outmodel ..................: /cta/carli/CPPM_Internship/Simulations_and_Analyses/plus_constant_EDisp_South_z40_50h/source3d/obsmodel_binned.xml
2019-07-23T20:23:58:  outcovmat .................: NONE
2019-07-23T20:23:58:  statistic .................: DEFAULT
2019-07-23T20:23:58:  refit .....................: no
2019-07-23T20:23:58:  like_accuracy .............: 0.005
2019-07-23T20:23:58:  max_iter ..................: 50
2019-07-23T20:23:58:  fix_spat_for_ts ...........: no
2019-07-23T20:23:58:  nthreads ..................: 0
2019-07-23T20:23:58:  chatter ...................: 4
2019-07-23T20:23:58:  clobber ...................: yes
2019-07-23T20:23:58:  debug .....................: no
2019-07-23T20:23:58:  mode ......................: ql
2019-07-23T20:23:58:  logfile ...................: ctlike.log
2019-07-23T20:23:58: 
2019-07-23T20:23:58: +===================+
2019-07-23T20:23:58: | Input observation |
2019-07-23T20:23:58: +===================+
2019-07-23T20:23:58: === GObservations ===
2019-07-23T20:23:58:  Number of observations ....: 1
2019-07-23T20:23:58:  Number of models ..........: 2
2019-07-23T20:23:58:  Number of observed events .: 326463
2019-07-23T20:23:58:  Number of predicted events : 0
2019-07-23T20:23:58: === GCTAObservation ===
2019-07-23T20:23:58:  Name ......................: 
2019-07-23T20:23:58:  Identifier ................: 000001
2019-07-23T20:23:58:  Instrument ................: CTA
2019-07-23T20:23:58:  Event file ................: /cta/carli/CPPM_Internship/Simulations_and_Analyses/plus_constant_EDisp_South_z40_50h/source3d/obs_cube.fits
2019-07-23T20:23:58:  Event type ................: CountsCube
2019-07-23T20:23:58:  Statistic .................: cstat
2019-07-23T20:23:58:  Ontime ....................: 144000 s
2019-07-23T20:23:58:  Livetime ..................: 141120 s
2019-07-23T20:23:58:  Deadtime correction .......: 0.98
2019-07-23T20:23:58:  User energy range .........: undefined
2019-07-23T20:23:58: === GCTAPointing ===
2019-07-23T20:23:58:  Pointing direction ........: (RA,Dec)=(84.1331,22.0145)
2019-07-23T20:23:58: === GCTAResponseCube ===
2019-07-23T20:23:58:  Energy dispersion .........: Used
2019-07-23T20:23:58: === GCTACubeExposure ===
2019-07-23T20:23:58:  Filename ..................: /cta/carli/CPPM_Internship/Simulations_and_Analyses/plus_constant_EDisp_South_z40_50h/source3d/exposure_cube.fits
2019-07-23T20:23:58:  Livetime ..................: 141120 sec
2019-07-23T20:23:58: === GEnergies ===
2019-07-23T20:23:58:  Number of energies ........: 33
2019-07-23T20:23:58: === GGti ===
2019-07-23T20:23:58:  Number of intervals .......: 1
2019-07-23T20:23:58:  Ontime ....................: 144000 sec
2019-07-23T20:23:58:  Elapsed time ..............: 144000 sec
2019-07-23T20:23:58:  MJD range .................: 51544.5 - 51546.1666666667 s (TT)
2019-07-23T20:23:58:  UTC range .................: 2000-01-01T11:58:56 - 2000-01-03T03:58:56 s (TT)
2019-07-23T20:23:58:  Reference MJD .............: 51544.5
2019-07-23T20:23:58: === GSkyMap ===
2019-07-23T20:23:58:  Number of pixels ..........: 6400
2019-07-23T20:23:58:  X axis dimension ..........: 80
2019-07-23T20:23:58:  Y axis dimension ..........: 80
2019-07-23T20:23:58:  Number of maps ............: 33
2019-07-23T20:23:58:  Shape of maps .............: (33)
2019-07-23T20:23:58: === GCTACubePsf ===
2019-07-23T20:23:58:  Filename ..................: /cta/carli/CPPM_Internship/Simulations_and_Analyses/plus_constant_EDisp_South_z40_50h/source3d/PSF_cube.fits
2019-07-23T20:23:58: === GEnergies ===
2019-07-23T20:23:58:  Number of energies ........: 33
2019-07-23T20:23:58:  Number of delta bins ......: 200
2019-07-23T20:23:58:  Delta range ...............: 1.875e-06 - 0.298501875 deg
2019-07-23T20:23:58: === GSkyMap ===
2019-07-23T20:23:58:  Number of pixels ..........: 1
2019-07-23T20:23:58:  X axis dimension ..........: 1
2019-07-23T20:23:58:  Y axis dimension ..........: 1
2019-07-23T20:23:58:  Number of maps ............: 6600
2019-07-23T20:23:58:  Shape of maps .............: (200, 33)
2019-07-23T20:23:58: === GCTACubeEdisp ===
2019-07-23T20:23:58:  Filename ..................: /cta/carli/CPPM_Internship/Simulations_and_Analyses/plus_constant_EDisp_South_z40_50h/source3d/edisp_cube.fits
2019-07-23T20:23:58: === GEnergies ===
2019-07-23T20:23:58:  Number of energies ........: 33
2019-07-23T20:23:58:  Number of migra bins ......: 100
2019-07-23T20:23:58:  Migra range ...............: 0.02 - 2
2019-07-23T20:23:58: === GSkyMap ===
2019-07-23T20:23:58:  Number of pixels ..........: 1
2019-07-23T20:23:58:  X axis dimension ..........: 1
2019-07-23T20:23:58:  Y axis dimension ..........: 1
2019-07-23T20:23:58:  Number of maps ............: 3300
2019-07-23T20:23:58:  Shape of maps .............: (100, 33)
2019-07-23T20:23:58: === GCTACubeBackground ===
2019-07-23T20:23:58:  Filename ..................: /cta/carli/CPPM_Internship/Simulations_and_Analyses/plus_constant_EDisp_South_z40_50h/source3d/background_cube.fits
2019-07-23T20:23:58: === GEbounds ===
2019-07-23T20:23:58:  Number of intervals .......: 32
2019-07-23T20:23:58:  Energy range ..............: 100 GeV - 199.526229858398 TeV
2019-07-23T20:23:58: === GSkyMap ===
2019-07-23T20:23:58:  Number of pixels ..........: 6400
2019-07-23T20:23:58:  X axis dimension ..........: 80
2019-07-23T20:23:58:  Y axis dimension ..........: 80
2019-07-23T20:23:58:  Number of maps ............: 32
2019-07-23T20:23:58:  Shape of maps .............: (32)
2019-07-23T20:23:58: === GCTAResponseCache ===
2019-07-23T20:23:58:  Number of cached values ...: 0
2019-07-23T20:23:58: === GCTAEventCube ===
2019-07-23T20:23:58:  Number of events ..........: 326463
2019-07-23T20:23:58:  Number of elements ........: 204800
2019-07-23T20:23:58:  Number of pixels ..........: 6400
2019-07-23T20:23:58:  Number of energy bins .....: 32
2019-07-23T20:23:58:  Time interval .............: 51544.5 - 51546.1666666667 days
2019-07-23T20:23:58:  Pointing ..................: (RA,Dec)=(84.1331,22.0145)
2019-07-23T20:23:58: === GEbounds ===
2019-07-23T20:23:58:  Number of intervals .......: 32
2019-07-23T20:23:58:  Energy range ..............: 100 GeV - 199.526229858398 TeV
2019-07-23T20:23:58: === GSkyMap ===
2019-07-23T20:23:58:  Number of pixels ..........: 6400
2019-07-23T20:23:58:  X axis dimension ..........: 80
2019-07-23T20:23:58:  Y axis dimension ..........: 80
2019-07-23T20:23:58:  Number of maps ............: 32
2019-07-23T20:23:58:  Shape of maps .............: (32)
2019-07-23T20:23:58: === GSkyRegions ===
2019-07-23T20:23:58:  Number of regions .........: 0
2019-07-23T20:23:58: === GModels ===
2019-07-23T20:23:58:  Number of models ..........: 2
2019-07-23T20:23:58:  Number of parameters ......: 11
2019-07-23T20:23:58: === GModelSky ===
2019-07-23T20:23:58:  Name ......................: source3d
2019-07-23T20:23:58:  Instruments ...............: all
2019-07-23T20:23:58:  Test Statistic ............: Computation requested
2019-07-23T20:23:58:  Observation identifiers ...: all
2019-07-23T20:23:58:  Model type ................: PointSource
2019-07-23T20:23:58:  Model components ..........: "PointSource" * "ExponentialCutoffPowerLaw" * "Constant"
2019-07-23T20:23:58:  Number of parameters ......: 7
2019-07-23T20:23:58:  Number of spatial par's ...: 2
2019-07-23T20:23:58:   RA .......................: 83.6331 [-360,360] deg (fixed,scale=1)
2019-07-23T20:23:58:   DEC ......................: 22.0145 [-90,90] deg (fixed,scale=1)
2019-07-23T20:23:58:  Number of spectral par's ..: 4
2019-07-23T20:23:58:   Prefactor ................: 3.04e-18 +/- 0 [1e-25,1e-15] ph/cm2/s/MeV (free,scale=1e-18,gradient)
2019-07-23T20:23:58:   Index ....................: -2 +/- 0 [-0,-5]  (free,scale=-1,gradient)
2019-07-23T20:23:58:   CutoffEnergy .............: 200000000 +/- 0 [1000000,100000000000] MeV (free,scale=100000000,gradient)
2019-07-23T20:23:58:   PivotEnergy ..............: 1000000 [10000,1000000000] MeV (fixed,scale=1000000,gradient)
2019-07-23T20:23:58:  Number of temporal par's ..: 1
2019-07-23T20:23:58:   Normalization ............: 1 (relative value) (fixed,scale=1,gradient)
2019-07-23T20:23:58:  Number of scale par's .....: 0
2019-07-23T20:23:58: === GCTAModelCubeBackground ===
2019-07-23T20:23:58:  Name ......................: BackgroundModel
2019-07-23T20:23:58:  Instruments ...............: CTA, HESS, MAGIC, VERITAS
2019-07-23T20:23:58:  Observation identifiers ...: all
2019-07-23T20:23:58:  Model type ................: "PowerLaw" * "Constant"
2019-07-23T20:23:58:  Number of parameters ......: 4
2019-07-23T20:23:58:  Number of spectral par's ..: 3
2019-07-23T20:23:58:   Prefactor ................: 1 +/- 0 [0.01,100] ph/cm2/s/MeV (free,scale=1,gradient)
2019-07-23T20:23:58:   Index ....................: 0 +/- 0 [-5,5]  (free,scale=1,gradient)
2019-07-23T20:23:58:   PivotEnergy ..............: 1000000 MeV (fixed,scale=1000000,gradient)
2019-07-23T20:23:58:  Number of temporal par's ..: 1
2019-07-23T20:23:58:   Normalization ............: 1 (relative value) (fixed,scale=1,gradient)
2019-07-23T20:23:58: 
2019-07-23T20:23:58: +=================================+
2019-07-23T20:23:58: | Maximum likelihood optimisation |
2019-07-23T20:23:58: +=================================+
2019-07-23T20:24:29:  >Iteration   0: -logL=-333392.488, Lambda=1.0e-03
2019-07-23T20:24:59:  >Iteration   1: -logL=-334143.990, Lambda=1.0e-03, delta=751.502, step=1.0e+00, max(|grad|)=6715.103854 [Index:8]
2019-07-23T20:25:28:  >Iteration   2: -logL=-334176.037, Lambda=1.0e-04, delta=32.048, step=1.0e+00, max(|grad|)=234.644959 [Index:3]
2019-07-23T20:25:57:  >Iteration   3: -logL=-334177.831, Lambda=1.0e-05, delta=1.794, step=1.0e+00, max(|grad|)=123.405977 [Index:3]
2019-07-23T20:26:27:  >Iteration   4: -logL=-334178.317, Lambda=1.0e-06, delta=0.485, step=1.0e+00, max(|grad|)=55.581369 [Index:3]
2019-07-23T20:26:56:  >Iteration   5: -logL=-334178.422, Lambda=1.0e-07, delta=0.105, step=1.0e+00, max(|grad|)=19.707019 [Index:3]
2019-07-23T20:27:25:  >Iteration   6: -logL=-334178.437, Lambda=1.0e-08, delta=0.015, step=1.0e+00, max(|grad|)=4.467741 [Index:3]
2019-07-23T20:27:55:  >Iteration   7: -logL=-334178.438, Lambda=1.0e-09, delta=0.001, step=1.0e+00, max(|grad|)=0.495284 [Index:3]
2019-07-23T20:27:55:  
2019-07-23T20:27:55:  +==================+
2019-07-23T20:27:55:  | Curvature matrix |
2019-07-23T20:27:55:  +==================+
2019-07-23T20:27:55:  === GMatrixSparse ===
2019-07-23T20:27:55:   Number of rows ............: 11
2019-07-23T20:27:55:   Number of columns .........: 11
2019-07-23T20:27:55:   Number of nonzero elements : 25
2019-07-23T20:27:55:   Number of allocated cells .: 537
2019-07-23T20:27:55:   Memory block size .........: 512
2019-07-23T20:27:55:   Sparse matrix fill ........: 0.206611570247934
2019-07-23T20:27:55:   Pending element ...........: 0
2019-07-23T20:27:55:   Fill stack size ...........: 0 (none)
2019-07-23T20:27:55:   0, 0, 0, 0, 0, 0, 0, 0, 0, 0, 0
2019-07-23T20:27:55:   0, 0, 0, 0, 0, 0, 0, 0, 0, 0, 0
2019-07-23T20:27:55:   0, 0, 2002.78230454239, -1697.24927983232, 0.491276065532304, 0, 0, 1247.24506837419, -2088.3769952333, 0, 0
2019-07-23T20:27:55:   0, 0, -1697.24927983232, 40250.5713618615, -4.18040170041627, 0, 0, 5538.50485225627, -11660.3580020723, 0, 0
2019-07-23T20:27:55:   0, 0, 0.491276065532304, -4.18040170041627, 0.00101478191403465, 0, 0, 0.0276860292912443, 0.0103001746985276, 0, 0
2019-07-23T20:27:55:   0, 0, 0, 0, 0, 0, 0, 0, 0, 0, 0
2019-07-23T20:27:55:   0, 0, 0, 0, 0, 0, 0, 0, 0, 0, 0
2019-07-23T20:27:55:   0, 0, 1247.24506837419, 5538.50485225627, 0.0276860292912443, 0, 0, 223226.069557342, -392103.256356313, 0, 0
2019-07-23T20:27:55:   0, 0, -2088.3769952333, -11660.3580020723, 0.0103001746985276, 0, 0, -392103.256356315, 841833.888583657, 0, 0
2019-07-23T20:27:55:   0, 0, 0, 0, 0, 0, 0, 0, 0, 0, 0
2019-07-23T20:27:55:   0, 0, 0, 0, 0, 0, 0, 0, 0, 0, 0
2019-07-23T20:28:24: 
2019-07-23T20:28:24: +====================================+
2019-07-23T20:28:24: | Maximum likelihood re-optimisation |
2019-07-23T20:28:24: +====================================+
2019-07-23T20:28:24:  >Iteration   0: -logL=-280625.555, Lambda=1.0e-03
2019-07-23T20:28:25:  >Iteration   1: -logL=-283785.331, Lambda=1.0e-03, delta=3159.776, step=1.0e+00, max(|grad|)=9459.457210 [Index:1]
2019-07-23T20:28:26:  >Iteration   2: -logL=-284093.160, Lambda=1.0e-04, delta=307.829, step=1.0e+00, max(|grad|)=1247.997507 [Index:1]
2019-07-23T20:28:26:  >Iteration   3: -logL=-284095.487, Lambda=1.0e-05, delta=2.326, step=1.0e+00, max(|grad|)=12.933238 [Index:1]
2019-07-23T20:28:27:  >Iteration   4: -logL=-284095.487, Lambda=1.0e-06, delta=0.000, step=1.0e+00, max(|grad|)=-0.024221 [Index:1]
2019-07-23T20:28:27: 
2019-07-23T20:28:27: +============================================+
2019-07-23T20:28:27: | Maximum likelihood re-optimisation results |
2019-07-23T20:28:27: +============================================+
2019-07-23T20:28:27: === GOptimizerLM ===
2019-07-23T20:28:27:  Optimized function value ..: -284095.487
2019-07-23T20:28:27:  Absolute precision ........: 0.005
2019-07-23T20:28:27:  Acceptable value decrease .: 2
2019-07-23T20:28:27:  Optimization status .......: converged
2019-07-23T20:28:27:  Number of parameters ......: 4
2019-07-23T20:28:27:  Number of free parameters .: 2
2019-07-23T20:28:27:  Number of iterations ......: 4
2019-07-23T20:28:27:  Lambda ....................: 1e-07
2019-07-23T20:28:27: 
2019-07-23T20:28:27: +=========================================+
2019-07-23T20:28:27: | Maximum likelihood optimisation results |
2019-07-23T20:28:27: +=========================================+
2019-07-23T20:28:27: === GOptimizerLM ===
2019-07-23T20:28:27:  Optimized function value ..: -334178.438
2019-07-23T20:28:27:  Absolute precision ........: 0.005
2019-07-23T20:28:27:  Acceptable value decrease .: 2
2019-07-23T20:28:27:  Optimization status .......: converged
2019-07-23T20:28:27:  Number of parameters ......: 11
2019-07-23T20:28:27:  Number of free parameters .: 5
2019-07-23T20:28:27:  Number of iterations ......: 7
2019-07-23T20:28:27:  Lambda ....................: 1e-10
2019-07-23T20:28:27:  Maximum log likelihood ....: 334178.438
2019-07-23T20:28:27:  Observed events  (Nobs) ...: 326463.000
2019-07-23T20:28:27:  Predicted events (Npred) ..: 324693.863 (Nobs - Npred = 1769.13710750378)
2019-07-23T20:28:27: === GModels ===
2019-07-23T20:28:27:  Number of models ..........: 2
2019-07-23T20:28:27:  Number of parameters ......: 11
2019-07-23T20:28:27: === GModelSky ===
2019-07-23T20:28:27:  Name ......................: source3d
2019-07-23T20:28:27:  Instruments ...............: all
2019-07-23T20:28:27:  Test Statistic ............: 100165.902776224
2019-07-23T20:28:27:  Observation identifiers ...: all
2019-07-23T20:28:27:  Model type ................: PointSource
2019-07-23T20:28:27:  Model components ..........: "PointSource" * "ExponentialCutoffPowerLaw" * "Constant"
2019-07-23T20:28:27:  Number of parameters ......: 7
2019-07-23T20:28:27:  Number of spatial par's ...: 2
2019-07-23T20:28:27:   RA .......................: 83.6331 [-360,360] deg (fixed,scale=1)
2019-07-23T20:28:27:   DEC ......................: 22.0145 [-90,90] deg (fixed,scale=1)
2019-07-23T20:28:27:  Number of spectral par's ..: 4
2019-07-23T20:28:27:   Prefactor ................: 3.02988522934107e-18 +/- 2.38755623837946e-20 [1e-25,1e-15] ph/cm2/s/MeV (free,scale=1e-18,gradient)
2019-07-23T20:28:27:   Index ....................: -1.98834447904386 +/- 0.0066200892729112 [-0,-5]  (free,scale=-1,gradient)
2019-07-23T20:28:27:   CutoffEnergy .............: 2383954216.5062 +/- 4349884626.5794 [1000000,100000000000] MeV (free,scale=100000000,gradient)
2019-07-23T20:28:27:   PivotEnergy ..............: 1000000 [10000,1000000000] MeV (fixed,scale=1000000,gradient)
2019-07-23T20:28:27:  Number of temporal par's ..: 1
2019-07-23T20:28:27:   Normalization ............: 1 (relative value) (fixed,scale=1,gradient)
2019-07-23T20:28:27:  Number of scale par's .....: 0
2019-07-23T20:28:27: === GCTAModelCubeBackground ===
2019-07-23T20:28:27:  Name ......................: BackgroundModel
2019-07-23T20:28:27:  Instruments ...............: CTA, HESS, MAGIC, VERITAS
2019-07-23T20:28:27:  Observation identifiers ...: all
2019-07-23T20:28:27:  Model type ................: "PowerLaw" * "Constant"
2019-07-23T20:28:27:  Number of parameters ......: 4
2019-07-23T20:28:27:  Number of spectral par's ..: 3
2019-07-23T20:28:27:   Prefactor ................: 1.15459737696359 +/- 0.00496571471959272 [0.01,100] ph/cm2/s/MeV (free,scale=1,gradient)
2019-07-23T20:28:27:   Index ....................: 0.094044488349437 +/- 0.00255688824339313 [-5,5]  (free,scale=1,gradient)
2019-07-23T20:28:27:   PivotEnergy ..............: 1000000 MeV (fixed,scale=1000000,gradient)
2019-07-23T20:28:27:  Number of temporal par's ..: 1
2019-07-23T20:28:27:   Normalization ............: 1 (relative value) (fixed,scale=1,gradient)
2019-07-23T20:28:27: 
2019-07-23T20:28:27: +==============+
2019-07-23T20:28:27: | Save results |
2019-07-23T20:28:27: +==============+
2019-07-23T20:28:27:  Model definition file .....: /cta/carli/CPPM_Internship/Simulations_and_Analyses/plus_constant_EDisp_South_z40_50h/source3d/obsmodel_binned.xml
2019-07-23T20:28:27:  Covariance matrix file ....: NONE
2019-07-23T20:28:27: 
2019-07-23T20:28:27: Application "ctlike" terminated after 270 wall clock seconds, consuming 278.73 seconds of CPU time.
