2019-07-22T16:41:59: ********************************************************************************
2019-07-22T16:41:59: *                                   csresspec                                  *
2019-07-22T16:41:59: * ---------------------------------------------------------------------------- *
2019-07-22T16:41:59: * Version: 1.6.0                                                               *
2019-07-22T16:41:59: ********************************************************************************
2019-07-22T16:41:59: +============+
2019-07-22T16:41:59: | Parameters |
2019-07-22T16:41:59: +============+
2019-07-22T16:41:59:  inobs .....................: /cta/carli/CPPM_Internship/Simulations_and_Analyses/minus_step_AEff_South_z40_50h/source3a/obs_cube.fits
2019-07-22T16:41:59:  inmodel ...................: /cta/carli/CPPM_Internship/Simulations_and_Analyses/minus_step_AEff_South_z40_50h/source3a/obsmodel_binned.xml
2019-07-22T16:41:59:  modcube ...................: /cta/carli/CPPM_Internship/Simulations_and_Analyses/minus_step_AEff_South_z40_50h/source3a/obsmodel_cube.fits
2019-07-22T16:41:59:  expcube ...................: /cta/carli/CPPM_Internship/Simulations_and_Analyses/minus_step_AEff_South_z40_50h/source3a/exposure_cube.fits
2019-07-22T16:41:59:  psfcube ...................: /cta/carli/CPPM_Internship/Simulations_and_Analyses/minus_step_AEff_South_z40_50h/source3a/PSF_cube.fits
2019-07-22T16:41:59:  edispcube .................: /cta/carli/CPPM_Internship/Simulations_and_Analyses/minus_step_AEff_South_z40_50h/source3a/edisp_cube.fits
2019-07-22T16:41:59:  bkgcube ...................: /cta/carli/CPPM_Internship/Simulations_and_Analyses/minus_step_AEff_South_z40_50h/source3a/background_cube.fits
2019-07-22T16:41:59:  caldb .....................: prod3b-v2
2019-07-22T16:41:59:  irf .......................: minus_step_AEff_South_z40_50h
2019-07-22T16:41:59:  edisp .....................: yes
2019-07-22T16:41:59:  outfile ...................: /cta/carli/CPPM_Internship/Simulations_and_Analyses/minus_step_AEff_South_z40_50h/source3a/residuals_binned.fits
2019-07-22T16:41:59:  statistic .................: DEFAULT
2019-07-22T16:41:59:  components ................: yes
2019-07-22T16:41:59:  ebinalg ...................: LOG
2019-07-22T16:41:59:  emin ......................: 0.1
2019-07-22T16:41:59:  emax ......................: 199.526229858398
2019-07-22T16:41:59:  enumbins ..................: 32
2019-07-22T16:41:59:  ebinfile ..................: [not queried]
2019-07-22T16:41:59:  stack .....................: [not queried]
2019-07-22T16:41:59:  coordsys ..................: [not queried]
2019-07-22T16:41:59:  proj ......................: [not queried]
2019-07-22T16:41:59:  xref ......................: [not queried]
2019-07-22T16:41:59:  yref ......................: [not queried]
2019-07-22T16:41:59:  nxpix .....................: [not queried]
2019-07-22T16:41:59:  nypix .....................: [not queried]
2019-07-22T16:41:59:  binsz .....................: [not queried]
2019-07-22T16:41:59:  mask ......................: no
2019-07-22T16:41:59:  ra ........................: [not queried]
2019-07-22T16:41:59:  dec .......................: [not queried]
2019-07-22T16:41:59:  rad .......................: [not queried]
2019-07-22T16:41:59:  regfile ...................: [not queried]
2019-07-22T16:41:59:  algorithm .................: SUB
2019-07-22T16:41:59:  publish ...................: no
2019-07-22T16:41:59:  chatter ...................: 4
2019-07-22T16:41:59:  clobber ...................: yes
2019-07-22T16:41:59:  debug .....................: no
2019-07-22T16:41:59:  mode ......................: ql
2019-07-22T16:41:59:  logfile ...................: csresspec.log
2019-07-22T16:41:59: 
2019-07-22T16:41:59: +====================+
2019-07-22T16:41:59: | Observation census |
2019-07-22T16:41:59: +====================+
2019-07-22T16:41:59:  Unbinned CTA observations .: 0
2019-07-22T16:41:59:  Binned CTA observations ...: 1
2019-07-22T16:41:59:  On/off CTA observations ...: 0
2019-07-22T16:41:59:  Other observations ........: 0
2019-07-22T16:41:59: 
2019-07-22T16:41:59: +=============+
2019-07-22T16:41:59: | Observation |
2019-07-22T16:41:59: +=============+
2019-07-22T16:41:59: === GObservations ===
2019-07-22T16:41:59:  Number of observations ....: 1
2019-07-22T16:41:59:  Number of models ..........: 2
2019-07-22T16:41:59:  Number of observed events .: 309334
2019-07-22T16:41:59:  Number of predicted events : 0
2019-07-22T16:41:59: === GCTAObservation ===
2019-07-22T16:41:59:  Name ......................: 
2019-07-22T16:41:59:  Identifier ................: 000001
2019-07-22T16:41:59:  Instrument ................: CTA
2019-07-22T16:41:59:  Event file ................: /cta/carli/CPPM_Internship/Simulations_and_Analyses/minus_step_AEff_South_z40_50h/source3a/obs_cube.fits
2019-07-22T16:41:59:  Event type ................: CountsCube
2019-07-22T16:41:59:  Statistic .................: cstat
2019-07-22T16:41:59:  Ontime ....................: 144000 s
2019-07-22T16:41:59:  Livetime ..................: 141120 s
2019-07-22T16:41:59:  Deadtime correction .......: 0.98
2019-07-22T16:41:59:  User energy range .........: undefined
2019-07-22T16:41:59: === GCTAPointing ===
2019-07-22T16:41:59:  Pointing direction ........: (RA,Dec)=(84.1331,22.0145)
2019-07-22T16:41:59: === GCTAResponseCube ===
2019-07-22T16:41:59:  Energy dispersion .........: Not used
2019-07-22T16:41:59: === GCTACubeExposure ===
2019-07-22T16:41:59:  Filename ..................: /cta/carli/CPPM_Internship/Simulations_and_Analyses/minus_step_AEff_South_z40_50h/source3a/exposure_cube.fits
2019-07-22T16:41:59:  Livetime ..................: 141120 sec
2019-07-22T16:41:59: === GEnergies ===
2019-07-22T16:41:59:  Number of energies ........: 33
2019-07-22T16:41:59: === GGti ===
2019-07-22T16:41:59:  Number of intervals .......: 1
2019-07-22T16:41:59:  Ontime ....................: 144000 sec
2019-07-22T16:41:59:  Elapsed time ..............: 144000 sec
2019-07-22T16:41:59:  MJD range .................: 51544.5 - 51546.1666666667 s (TT)
2019-07-22T16:41:59:  UTC range .................: 2000-01-01T11:58:56 - 2000-01-03T03:58:56 s (TT)
2019-07-22T16:41:59:  Reference MJD .............: 51544.5
2019-07-22T16:41:59: === GSkyMap ===
2019-07-22T16:41:59:  Number of pixels ..........: 6400
2019-07-22T16:41:59:  X axis dimension ..........: 80
2019-07-22T16:41:59:  Y axis dimension ..........: 80
2019-07-22T16:41:59:  Number of maps ............: 33
2019-07-22T16:41:59:  Shape of maps .............: (33)
2019-07-22T16:41:59: === GCTACubePsf ===
2019-07-22T16:41:59:  Filename ..................: /cta/carli/CPPM_Internship/Simulations_and_Analyses/minus_step_AEff_South_z40_50h/source3a/PSF_cube.fits
2019-07-22T16:41:59: === GEnergies ===
2019-07-22T16:41:59:  Number of energies ........: 33
2019-07-22T16:41:59:  Number of delta bins ......: 200
2019-07-22T16:41:59:  Delta range ...............: 1.875e-06 - 0.298501875 deg
2019-07-22T16:41:59: === GSkyMap ===
2019-07-22T16:41:59:  Number of pixels ..........: 1
2019-07-22T16:41:59:  X axis dimension ..........: 1
2019-07-22T16:41:59:  Y axis dimension ..........: 1
2019-07-22T16:41:59:  Number of maps ............: 6600
2019-07-22T16:41:59:  Shape of maps .............: (200, 33)
2019-07-22T16:41:59: === GCTACubeEdisp ===
2019-07-22T16:41:59:  Filename ..................: /cta/carli/CPPM_Internship/Simulations_and_Analyses/minus_step_AEff_South_z40_50h/source3a/edisp_cube.fits
2019-07-22T16:41:59: === GEnergies ===
2019-07-22T16:41:59:  Number of energies ........: 33
2019-07-22T16:41:59:  Number of migra bins ......: 100
2019-07-22T16:41:59:  Migra range ...............: 0.02 - 2
2019-07-22T16:41:59: === GSkyMap ===
2019-07-22T16:41:59:  Number of pixels ..........: 1
2019-07-22T16:41:59:  X axis dimension ..........: 1
2019-07-22T16:41:59:  Y axis dimension ..........: 1
2019-07-22T16:41:59:  Number of maps ............: 3300
2019-07-22T16:41:59:  Shape of maps .............: (100, 33)
2019-07-22T16:41:59: === GCTACubeBackground ===
2019-07-22T16:41:59:  Filename ..................: /cta/carli/CPPM_Internship/Simulations_and_Analyses/minus_step_AEff_South_z40_50h/source3a/background_cube.fits
2019-07-22T16:41:59: === GEbounds ===
2019-07-22T16:41:59:  Number of intervals .......: 32
2019-07-22T16:41:59:  Energy range ..............: 100 GeV - 199.526229858398 TeV
2019-07-22T16:41:59: === GSkyMap ===
2019-07-22T16:41:59:  Number of pixels ..........: 6400
2019-07-22T16:41:59:  X axis dimension ..........: 80
2019-07-22T16:41:59:  Y axis dimension ..........: 80
2019-07-22T16:41:59:  Number of maps ............: 32
2019-07-22T16:41:59:  Shape of maps .............: (32)
2019-07-22T16:41:59: === GCTAResponseCache ===
2019-07-22T16:41:59:  Number of cached values ...: 0
2019-07-22T16:41:59: === GCTAEventCube ===
2019-07-22T16:41:59:  Number of events ..........: 309334
2019-07-22T16:41:59:  Number of elements ........: 204800
2019-07-22T16:41:59:  Number of pixels ..........: 6400
2019-07-22T16:41:59:  Number of energy bins .....: 32
2019-07-22T16:41:59:  Time interval .............: 51544.5 - 51546.1666666667 days
2019-07-22T16:41:59:  Pointing ..................: (RA,Dec)=(84.1331,22.0145)
2019-07-22T16:41:59: === GEbounds ===
2019-07-22T16:41:59:  Number of intervals .......: 32
2019-07-22T16:41:59:  Energy range ..............: 100 GeV - 199.526229858398 TeV
2019-07-22T16:41:59: === GSkyMap ===
2019-07-22T16:41:59:  Number of pixels ..........: 6400
2019-07-22T16:41:59:  X axis dimension ..........: 80
2019-07-22T16:41:59:  Y axis dimension ..........: 80
2019-07-22T16:41:59:  Number of maps ............: 32
2019-07-22T16:41:59:  Shape of maps .............: (32)
2019-07-22T16:41:59: === GSkyRegions ===
2019-07-22T16:41:59:  Number of regions .........: 0
2019-07-22T16:41:59: === GModels ===
2019-07-22T16:41:59:  Number of models ..........: 2
2019-07-22T16:41:59:  Number of parameters ......: 11
2019-07-22T16:41:59: === GModelSky ===
2019-07-22T16:41:59:  Name ......................: source3a
2019-07-22T16:41:59:  Instruments ...............: all
2019-07-22T16:41:59:  Test Statistic ............: 16112.353
2019-07-22T16:41:59:  Observation identifiers ...: all
2019-07-22T16:41:59:  Model type ................: PointSource
2019-07-22T16:41:59:  Model components ..........: "PointSource" * "ExponentialCutoffPowerLaw" * "Constant"
2019-07-22T16:41:59:  Number of parameters ......: 7
2019-07-22T16:41:59:  Number of spatial par's ...: 2
2019-07-22T16:41:59:   RA .......................: 83.6331 [-360,360] deg (fixed,scale=1)
2019-07-22T16:41:59:   DEC ......................: 22.0145 [-90,90] deg (fixed,scale=1)
2019-07-22T16:41:59:  Number of spectral par's ..: 4
2019-07-22T16:41:59:   Prefactor ................: 7.45932639493386e-19 +/- 1.3667310715457e-20 [1e-26,1e-16] ph/cm2/s/MeV (free,scale=1e-19,gradient)
2019-07-22T16:41:59:   Index ....................: -2.02544520437048 +/- 0.0160524067059717 [-0,-5]  (free,scale=-1,gradient)
2019-07-22T16:41:59:   CutoffEnergy .............: 1465332296.1965 +/- 3980385065.96926 [1000000,100000000000] MeV (free,scale=100000000,gradient)
2019-07-22T16:41:59:   PivotEnergy ..............: 1000000 [10000,1000000000] MeV (fixed,scale=1000000,gradient)
2019-07-22T16:41:59:  Number of temporal par's ..: 1
2019-07-22T16:41:59:   Normalization ............: 1 (relative value) (fixed,scale=1,gradient)
2019-07-22T16:41:59:  Number of scale par's .....: 0
2019-07-22T16:41:59: === GCTAModelCubeBackground ===
2019-07-22T16:41:59:  Name ......................: BackgroundModel
2019-07-22T16:41:59:  Instruments ...............: CTA, HESS, MAGIC, VERITAS
2019-07-22T16:41:59:  Observation identifiers ...: all
2019-07-22T16:41:59:  Model type ................: "PowerLaw" * "Constant"
2019-07-22T16:41:59:  Number of parameters ......: 4
2019-07-22T16:41:59:  Number of spectral par's ..: 3
2019-07-22T16:41:59:   Prefactor ................: 0.992577365447692 +/- 0.00440901259776096 [0.01,100] ph/cm2/s/MeV (free,scale=1,gradient)
2019-07-22T16:41:59:   Index ....................: -0.00396575500377154 +/- 0.00256854523034094 [-5,5]  (free,scale=1,gradient)
2019-07-22T16:41:59:   PivotEnergy ..............: 1000000 MeV (fixed,scale=1000000,gradient)
2019-07-22T16:41:59:  Number of temporal par's ..: 1
2019-07-22T16:41:59:   Normalization ............: 1 (relative value) (fixed,scale=1,gradient)
2019-07-22T16:41:59: 
2019-07-22T16:41:59: +=========================+
2019-07-22T16:41:59: | Processing Observations |
2019-07-22T16:41:59: +=========================+
2019-07-22T16:41:59: Computing model cube
2019-07-22T16:42:06: Computing counts, model, and residual spectra
2019-07-22T16:42:06:  Computing model component .: source3a
2019-07-22T16:42:10:  Computing model component .: BackgroundModel
2019-07-22T16:42:11: Filling residual table
2019-07-22T16:42:11: 
2019-07-22T16:42:11: +================+
2019-07-22T16:42:11: | Save residuals |
2019-07-22T16:42:11: +================+
2019-07-22T16:42:11:  Residuals file ............: /cta/carli/CPPM_Internship/Simulations_and_Analyses/minus_step_AEff_South_z40_50h/source3a/residuals_binned.fits
2019-07-22T16:42:11: 
2019-07-22T16:42:11: Application "csresspec" terminated after 12 wall clock seconds, consuming 13.69 seconds of CPU time.
