2019-07-25T10:47:30: ********************************************************************************
2019-07-25T10:47:30: *                                    cterror                                   *
2019-07-25T10:47:30: * ---------------------------------------------------------------------------- *
2019-07-25T10:47:30: * Version: 1.6.0                                                               *
2019-07-25T10:47:30: ********************************************************************************
2019-07-25T10:47:31: +============+
2019-07-25T10:47:31: | Parameters |
2019-07-25T10:47:31: +============+
2019-07-25T10:47:31:  inobs .....................: /cta/carli/CPPM_Internship/Simulations_and_Analyses/minus_step_AEff_South_z40_50h/source3a/obs_cube.fits
2019-07-25T10:47:31:  inmodel ...................: /cta/carli/CPPM_Internship/Simulations_and_Analyses/minus_step_AEff_South_z40_50h/source3a/obsmodel_binned.xml
2019-07-25T10:47:31:  srcname ...................: source3a
2019-07-25T10:47:31:  expcube ...................: /cta/carli/CPPM_Internship/Simulations_and_Analyses/minus_step_AEff_South_z40_50h/source3a/exposure_cube.fits
2019-07-25T10:47:31:  psfcube ...................: /cta/carli/CPPM_Internship/Simulations_and_Analyses/minus_step_AEff_South_z40_50h/source3a/PSF_cube.fits
2019-07-25T10:47:31:  edispcube .................: /cta/carli/CPPM_Internship/Simulations_and_Analyses/minus_step_AEff_South_z40_50h/source3a/edisp_cube.fits
2019-07-25T10:47:31:  bkgcube ...................: /cta/carli/CPPM_Internship/Simulations_and_Analyses/minus_step_AEff_South_z40_50h/source3a/background_cube.fits
2019-07-25T10:47:31:  caldb .....................: prod3b-v2
2019-07-25T10:47:31:  irf .......................: minus_step_AEff_South_z40_50h
2019-07-25T10:47:31:  edisp .....................: yes
2019-07-25T10:47:31:  outmodel ..................: 
2019-07-25T10:47:31:  confidence ................: 0.68
2019-07-25T10:47:31:  tol .......................: 1e-3
2019-07-25T10:47:31:  statistic .................: DEFAULT
2019-07-25T10:47:31:  like_accuracy .............: 0.005
2019-07-25T10:47:31:  max_iter ..................: 50
2019-07-25T10:47:31:  nthreads ..................: 0
2019-07-25T10:47:31:  chatter ...................: 4
2019-07-25T10:47:31:  clobber ...................: yes
2019-07-25T10:47:31:  debug .....................: no
2019-07-25T10:47:31:  mode ......................: ql
2019-07-25T10:47:31:  logfile ...................: cterror68.log
2019-07-25T10:47:31: 
2019-07-25T10:47:31: +===================+
2019-07-25T10:47:31: | Input observation |
2019-07-25T10:47:31: +===================+
2019-07-25T10:47:31: === GObservations ===
2019-07-25T10:47:31:  Number of observations ....: 1
2019-07-25T10:47:31:  Number of models ..........: 2
2019-07-25T10:47:31:  Number of observed events .: 309334
2019-07-25T10:47:31:  Number of predicted events : 0
2019-07-25T10:47:31: === GCTAObservation ===
2019-07-25T10:47:31:  Name ......................: 
2019-07-25T10:47:31:  Identifier ................: 000001
2019-07-25T10:47:31:  Instrument ................: CTA
2019-07-25T10:47:31:  Event file ................: /cta/carli/CPPM_Internship/Simulations_and_Analyses/minus_step_AEff_South_z40_50h/source3a/obs_cube.fits
2019-07-25T10:47:31:  Event type ................: CountsCube
2019-07-25T10:47:31:  Statistic .................: cstat
2019-07-25T10:47:31:  Ontime ....................: 144000 s
2019-07-25T10:47:31:  Livetime ..................: 141120 s
2019-07-25T10:47:31:  Deadtime correction .......: 0.98
2019-07-25T10:47:31:  User energy range .........: undefined
2019-07-25T10:47:31: === GCTAPointing ===
2019-07-25T10:47:31:  Pointing direction ........: (RA,Dec)=(84.1331,22.0145)
2019-07-25T10:47:31: === GCTAResponseCube ===
2019-07-25T10:47:31:  Energy dispersion .........: Used
2019-07-25T10:47:31: === GCTACubeExposure ===
2019-07-25T10:47:31:  Filename ..................: /cta/carli/CPPM_Internship/Simulations_and_Analyses/minus_step_AEff_South_z40_50h/source3a/exposure_cube.fits
2019-07-25T10:47:31:  Livetime ..................: 141120 sec
2019-07-25T10:47:31: === GEnergies ===
2019-07-25T10:47:31:  Number of energies ........: 33
2019-07-25T10:47:31: === GGti ===
2019-07-25T10:47:31:  Number of intervals .......: 1
2019-07-25T10:47:31:  Ontime ....................: 144000 sec
2019-07-25T10:47:31:  Elapsed time ..............: 144000 sec
2019-07-25T10:47:31:  MJD range .................: 51544.5 - 51546.1666666667 s (TT)
2019-07-25T10:47:31:  UTC range .................: 2000-01-01T11:58:56 - 2000-01-03T03:58:56 s (TT)
2019-07-25T10:47:31:  Reference MJD .............: 51544.5
2019-07-25T10:47:31: === GSkyMap ===
2019-07-25T10:47:31:  Number of pixels ..........: 6400
2019-07-25T10:47:31:  X axis dimension ..........: 80
2019-07-25T10:47:31:  Y axis dimension ..........: 80
2019-07-25T10:47:31:  Number of maps ............: 33
2019-07-25T10:47:31:  Shape of maps .............: (33)
2019-07-25T10:47:31: === GCTACubePsf ===
2019-07-25T10:47:31:  Filename ..................: /cta/carli/CPPM_Internship/Simulations_and_Analyses/minus_step_AEff_South_z40_50h/source3a/PSF_cube.fits
2019-07-25T10:47:31: === GEnergies ===
2019-07-25T10:47:31:  Number of energies ........: 33
2019-07-25T10:47:31:  Number of delta bins ......: 200
2019-07-25T10:47:31:  Delta range ...............: 1.875e-06 - 0.298501875 deg
2019-07-25T10:47:31: === GSkyMap ===
2019-07-25T10:47:31:  Number of pixels ..........: 1
2019-07-25T10:47:31:  X axis dimension ..........: 1
2019-07-25T10:47:31:  Y axis dimension ..........: 1
2019-07-25T10:47:31:  Number of maps ............: 6600
2019-07-25T10:47:31:  Shape of maps .............: (200, 33)
2019-07-25T10:47:31: === GCTACubeEdisp ===
2019-07-25T10:47:31:  Filename ..................: /cta/carli/CPPM_Internship/Simulations_and_Analyses/minus_step_AEff_South_z40_50h/source3a/edisp_cube.fits
2019-07-25T10:47:31: === GEnergies ===
2019-07-25T10:47:31:  Number of energies ........: 33
2019-07-25T10:47:31:  Number of migra bins ......: 100
2019-07-25T10:47:31:  Migra range ...............: 0.02 - 2
2019-07-25T10:47:31: === GSkyMap ===
2019-07-25T10:47:31:  Number of pixels ..........: 1
2019-07-25T10:47:31:  X axis dimension ..........: 1
2019-07-25T10:47:31:  Y axis dimension ..........: 1
2019-07-25T10:47:31:  Number of maps ............: 3300
2019-07-25T10:47:31:  Shape of maps .............: (100, 33)
2019-07-25T10:47:31: === GCTACubeBackground ===
2019-07-25T10:47:31:  Filename ..................: /cta/carli/CPPM_Internship/Simulations_and_Analyses/minus_step_AEff_South_z40_50h/source3a/background_cube.fits
2019-07-25T10:47:31: === GEbounds ===
2019-07-25T10:47:31:  Number of intervals .......: 32
2019-07-25T10:47:31:  Energy range ..............: 100 GeV - 199.526229858398 TeV
2019-07-25T10:47:31: === GSkyMap ===
2019-07-25T10:47:31:  Number of pixels ..........: 6400
2019-07-25T10:47:31:  X axis dimension ..........: 80
2019-07-25T10:47:31:  Y axis dimension ..........: 80
2019-07-25T10:47:31:  Number of maps ............: 32
2019-07-25T10:47:31:  Shape of maps .............: (32)
2019-07-25T10:47:31: === GCTAResponseCache ===
2019-07-25T10:47:31:  Number of cached values ...: 0
2019-07-25T10:47:31: === GCTAEventCube ===
2019-07-25T10:47:31:  Number of events ..........: 309334
2019-07-25T10:47:31:  Number of elements ........: 204800
2019-07-25T10:47:31:  Number of pixels ..........: 6400
2019-07-25T10:47:31:  Number of energy bins .....: 32
2019-07-25T10:47:31:  Time interval .............: 51544.5 - 51546.1666666667 days
2019-07-25T10:47:31:  Pointing ..................: (RA,Dec)=(84.1331,22.0145)
2019-07-25T10:47:31: === GEbounds ===
2019-07-25T10:47:31:  Number of intervals .......: 32
2019-07-25T10:47:31:  Energy range ..............: 100 GeV - 199.526229858398 TeV
2019-07-25T10:47:31: === GSkyMap ===
2019-07-25T10:47:31:  Number of pixels ..........: 6400
2019-07-25T10:47:31:  X axis dimension ..........: 80
2019-07-25T10:47:31:  Y axis dimension ..........: 80
2019-07-25T10:47:31:  Number of maps ............: 32
2019-07-25T10:47:31:  Shape of maps .............: (32)
2019-07-25T10:47:31: === GSkyRegions ===
2019-07-25T10:47:31:  Number of regions .........: 0
2019-07-25T10:47:31: === GModels ===
2019-07-25T10:47:31:  Number of models ..........: 2
2019-07-25T10:47:31:  Number of parameters ......: 11
2019-07-25T10:47:31: === GModelSky ===
2019-07-25T10:47:31:  Name ......................: source3a
2019-07-25T10:47:31:  Instruments ...............: all
2019-07-25T10:47:31:  Test Statistic ............: 16112.353
2019-07-25T10:47:31:  Observation identifiers ...: all
2019-07-25T10:47:31:  Model type ................: PointSource
2019-07-25T10:47:31:  Model components ..........: "PointSource" * "ExponentialCutoffPowerLaw" * "Constant"
2019-07-25T10:47:31:  Number of parameters ......: 7
2019-07-25T10:47:31:  Number of spatial par's ...: 2
2019-07-25T10:47:31:   RA .......................: 83.6331 [-360,360] deg (fixed,scale=1)
2019-07-25T10:47:31:   DEC ......................: 22.0145 [-90,90] deg (fixed,scale=1)
2019-07-25T10:47:31:  Number of spectral par's ..: 4
2019-07-25T10:47:31:   Prefactor ................: 7.45932639493386e-19 [1e-26,1e-16] ph/cm2/s/MeV (fixed,scale=1e-19,gradient)
2019-07-25T10:47:31:   Index ....................: -2.02544520437048 [-0,-5]  (fixed,scale=-1,gradient)
2019-07-25T10:47:31:   CutoffEnergy .............: 1465332296.1965 +/- 3980385065.96926 [1000000,100000000000] MeV (free,scale=100000000,gradient)
2019-07-25T10:47:31:   PivotEnergy ..............: 1000000 [10000,1000000000] MeV (fixed,scale=1000000,gradient)
2019-07-25T10:47:31:  Number of temporal par's ..: 1
2019-07-25T10:47:31:   Normalization ............: 1 (relative value) (fixed,scale=1,gradient)
2019-07-25T10:47:31:  Number of scale par's .....: 0
2019-07-25T10:47:31: === GCTAModelCubeBackground ===
2019-07-25T10:47:31:  Name ......................: BackgroundModel
2019-07-25T10:47:31:  Instruments ...............: CTA, HESS, MAGIC, VERITAS
2019-07-25T10:47:31:  Observation identifiers ...: all
2019-07-25T10:47:31:  Model type ................: "PowerLaw" * "Constant"
2019-07-25T10:47:31:  Number of parameters ......: 4
2019-07-25T10:47:31:  Number of spectral par's ..: 3
2019-07-25T10:47:31:   Prefactor ................: 0.992577365447692 [0.01,100] ph/cm2/s/MeV (fixed,scale=1,gradient)
2019-07-25T10:47:31:   Index ....................: -0.00396575500377154 [-5,5]  (fixed,scale=1,gradient)
2019-07-25T10:47:31:   PivotEnergy ..............: 1000000 MeV (fixed,scale=1000000,gradient)
2019-07-25T10:47:31:  Number of temporal par's ..: 1
2019-07-25T10:47:31:   Normalization ............: 1 (relative value) (fixed,scale=1,gradient)
2019-07-25T10:47:31: 
2019-07-25T10:47:31: +=============================+
2019-07-25T10:47:31: | Compute best-fit likelihood |
2019-07-25T10:47:31: +=============================+
2019-07-25T10:49:01: === GOptimizerLM ===
2019-07-25T10:49:01:  Optimized function value ..: -306788.283
2019-07-25T10:49:01:  Absolute precision ........: 0.005
2019-07-25T10:49:01:  Acceptable value decrease .: 2
2019-07-25T10:49:01:  Optimization status .......: converged
2019-07-25T10:49:01:  Number of parameters ......: 11
2019-07-25T10:49:01:  Number of free parameters .: 1
2019-07-25T10:49:01:  Number of iterations ......: 1
2019-07-25T10:49:01:  Lambda ....................: 0.0001
2019-07-25T10:49:01:  Maximum log likelihood ....: -306788.283
2019-07-25T10:49:01: === GModels ===
2019-07-25T10:49:01:  Number of models ..........: 2
2019-07-25T10:49:01:  Number of parameters ......: 11
2019-07-25T10:49:01: === GModelSky ===
2019-07-25T10:49:01:  Name ......................: source3a
2019-07-25T10:49:01:  Instruments ...............: all
2019-07-25T10:49:01:  Test Statistic ............: 16112.353
2019-07-25T10:49:01:  Observation identifiers ...: all
2019-07-25T10:49:01:  Model type ................: PointSource
2019-07-25T10:49:01:  Model components ..........: "PointSource" * "ExponentialCutoffPowerLaw" * "Constant"
2019-07-25T10:49:01:  Number of parameters ......: 7
2019-07-25T10:49:01:  Number of spatial par's ...: 2
2019-07-25T10:49:01:   RA .......................: 83.6331 [-360,360] deg (fixed,scale=1)
2019-07-25T10:49:01:   DEC ......................: 22.0145 [-90,90] deg (fixed,scale=1)
2019-07-25T10:49:01:  Number of spectral par's ..: 4
2019-07-25T10:49:01:   Prefactor ................: 7.45932639493386e-19 [1e-26,1e-16] ph/cm2/s/MeV (fixed,scale=1e-19,gradient)
2019-07-25T10:49:01:   Index ....................: -2.02544520437048 [-0,-5]  (fixed,scale=-1,gradient)
2019-07-25T10:49:01:   CutoffEnergy .............: 1472127988.45061 +/- 2724304851.29621 [1000000,100000000000] MeV (free,scale=100000000,gradient)
2019-07-25T10:49:01:   PivotEnergy ..............: 1000000 [10000,1000000000] MeV (fixed,scale=1000000,gradient)
2019-07-25T10:49:01:  Number of temporal par's ..: 1
2019-07-25T10:49:01:   Normalization ............: 1 (relative value) (fixed,scale=1,gradient)
2019-07-25T10:49:01:  Number of scale par's .....: 0
2019-07-25T10:49:01: === GCTAModelCubeBackground ===
2019-07-25T10:49:01:  Name ......................: BackgroundModel
2019-07-25T10:49:01:  Instruments ...............: CTA, HESS, MAGIC, VERITAS
2019-07-25T10:49:01:  Observation identifiers ...: all
2019-07-25T10:49:01:  Model type ................: "PowerLaw" * "Constant"
2019-07-25T10:49:01:  Number of parameters ......: 4
2019-07-25T10:49:01:  Number of spectral par's ..: 3
2019-07-25T10:49:01:   Prefactor ................: 0.992577365447692 [0.01,100] ph/cm2/s/MeV (fixed,scale=1,gradient)
2019-07-25T10:49:01:   Index ....................: -0.00396575500377154 [-5,5]  (fixed,scale=1,gradient)
2019-07-25T10:49:01:   PivotEnergy ..............: 1000000 MeV (fixed,scale=1000000,gradient)
2019-07-25T10:49:01:  Number of temporal par's ..: 1
2019-07-25T10:49:01:   Normalization ............: 1 (relative value) (fixed,scale=1,gradient)
2019-07-25T10:49:01: 
2019-07-25T10:49:01: +==============================================================+
2019-07-25T10:49:01: | Compute error for source "source3a" parameter "CutoffEnergy" |
2019-07-25T10:49:01: +==============================================================+
2019-07-25T10:49:01:  Confidence level ..........: 68 %
2019-07-25T10:49:01:  Log-likelihood difference .: 0.494473
2019-07-25T10:49:01:  Initial factor range ......: [0.01, 287.151765014128]
2019-07-25T10:49:12:    Iteration 1 .............: [0.01, 14.7212798845061]
2019-07-25T10:49:23:    Iteration 2 .............: [0.01, 7.36563994225306]
2019-07-25T10:49:33:    Iteration 3 .............: [3.68781997112653, 7.36563994225306]
2019-07-25T10:49:43:    Iteration 4 .............: [3.68781997112653, 5.52672995668979]
2019-07-25T10:49:54:    Iteration 5 .............: [4.60727496390816, 5.52672995668979]
2019-07-25T10:50:04:    Iteration 6 .............: [5.06700246029898, 5.52672995668979]
2019-07-25T10:50:15:    Iteration 7 .............: [5.06700246029898, 5.29686620849439]
2019-07-25T10:50:25:    Iteration 8 .............: [5.18193433439668, 5.29686620849439]
2019-07-25T10:50:36:    Iteration 9 .............: [5.18193433439668, 5.23940027144553]
2019-07-25T10:50:46:    Iteration 10 ............: [5.18193433439668, 5.21066730292111]
2019-07-25T10:50:56:    Iteration 1 .............: [14.7212798845061, 287.151765014128]
2019-07-25T10:51:06:    Iteration 2 .............: [150.936522449317, 287.151765014128]
2019-07-25T10:51:17:    Iteration 3 .............: [219.044143731722, 287.151765014128]
2019-07-25T10:51:27:    Iteration 4 .............: [253.097954372925, 287.151765014128]
2019-07-25T10:51:37:    Iteration 5 .............: [270.124859693526, 287.151765014128]
2019-07-25T10:51:47:    Iteration 6 .............: [278.638312353827, 287.151765014128]
2019-07-25T10:51:57:    Iteration 7 .............: [282.895038683977, 287.151765014128]
2019-07-25T10:52:08:    Iteration 8 .............: [285.023401849052, 287.151765014128]
2019-07-25T10:52:18:    Iteration 9 .............: [286.08758343159, 287.151765014128]
2019-07-25T10:52:28:    Iteration 10 ............: [286.619674222859, 287.151765014128]
2019-07-25T10:52:38:    Iteration 11 ............: [286.885719618493, 287.151765014128]
2019-07-25T10:52:48:    Iteration 12 ............: [287.01874231631, 287.151765014128]
2019-07-25T10:52:57:    Iteration 13 ............: [287.085253665219, 287.151765014128]
2019-07-25T10:53:07:    Iteration 14 ............: [287.118509339673, 287.151765014128]
2019-07-25T10:53:17:    Iteration 15 ............: [287.1351371769, 287.151765014128]
2019-07-25T10:53:27:    Iteration 16 ............: [287.143451095514, 287.151765014128]
2019-07-25T10:53:37:    Iteration 17 ............: [287.147608054821, 287.151765014128]
2019-07-25T10:53:47:    Iteration 18 ............: [287.149686534474, 287.151765014128]
2019-07-25T10:53:57:    Iteration 19 ............: [287.150725774301, 287.151765014128]
2019-07-25T10:54:08:    Iteration 20 ............: [287.151245394214, 287.151765014128]
2019-07-25T10:54:18:    Iteration 21 ............: [287.151505204171, 287.151765014128]
2019-07-25T10:54:29:    Iteration 22 ............: [287.151635109149, 287.151765014128]
2019-07-25T10:54:39:    Iteration 23 ............: [287.151700061638, 287.151765014128]
2019-07-25T10:54:49:    Iteration 24 ............: [287.151732537883, 287.151765014128]
2019-07-25T10:55:00:    Iteration 25 ............: [287.151748776005, 287.151765014128]
2019-07-25T10:55:10:    Iteration 26 ............: [287.151756895066, 287.151765014128]
2019-07-25T10:55:20:    Iteration 27 ............: [287.151760954597, 287.151765014128]
2019-07-25T10:55:31:    Iteration 28 ............: [287.151762984362, 287.151765014128]
2019-07-25T10:55:41:    Iteration 29 ............: [287.151763999245, 287.151765014128]
2019-07-25T10:55:52:    Iteration 30 ............: [287.151764506686, 287.151765014128]
2019-07-25T10:55:52:  Lower parameter factor ....: 5.1963
2019-07-25T10:55:52:  Upper parameter factor ....: 287.152
2019-07-25T10:55:52:  Error from curvature ......: 2724304851.29621 MeV
2019-07-25T10:55:52:  Error from profile ........: 14097773197.0874 MeV
2019-07-25T10:55:52:  Negative profile error ....: 952497906.584722 MeV
2019-07-25T10:55:52:  Positive profile error ....: 27243048487.5901 MeV
2019-07-25T10:55:52: 
2019-07-25T10:55:52: +==============+
2019-07-25T10:55:52: | Save results |
2019-07-25T10:55:52: +==============+
2019-07-25T10:55:52:  Model definition file .....: NONE
2019-07-25T10:55:52: 
2019-07-25T10:55:52: Application "cterror" terminated after 502 wall clock seconds, consuming 619.25 seconds of CPU time.
