2019-07-25T10:55:52: ********************************************************************************
2019-07-25T10:55:52: *                                    cterror                                   *
2019-07-25T10:55:52: * ---------------------------------------------------------------------------- *
2019-07-25T10:55:52: * Version: 1.6.0                                                               *
2019-07-25T10:55:52: ********************************************************************************
2019-07-25T10:55:52: +============+
2019-07-25T10:55:52: | Parameters |
2019-07-25T10:55:52: +============+
2019-07-25T10:55:52:  inobs .....................: /cta/carli/CPPM_Internship/Simulations_and_Analyses/minus_step_AEff_South_z40_50h/source3a/obs_cube.fits
2019-07-25T10:55:52:  inmodel ...................: /cta/carli/CPPM_Internship/Simulations_and_Analyses/minus_step_AEff_South_z40_50h/source3a/obsmodel_binned.xml
2019-07-25T10:55:52:  srcname ...................: source3a
2019-07-25T10:55:52:  expcube ...................: /cta/carli/CPPM_Internship/Simulations_and_Analyses/minus_step_AEff_South_z40_50h/source3a/exposure_cube.fits
2019-07-25T10:55:52:  psfcube ...................: /cta/carli/CPPM_Internship/Simulations_and_Analyses/minus_step_AEff_South_z40_50h/source3a/PSF_cube.fits
2019-07-25T10:55:52:  edispcube .................: /cta/carli/CPPM_Internship/Simulations_and_Analyses/minus_step_AEff_South_z40_50h/source3a/edisp_cube.fits
2019-07-25T10:55:52:  bkgcube ...................: /cta/carli/CPPM_Internship/Simulations_and_Analyses/minus_step_AEff_South_z40_50h/source3a/background_cube.fits
2019-07-25T10:55:52:  caldb .....................: prod3b-v2
2019-07-25T10:55:52:  irf .......................: minus_step_AEff_South_z40_50h
2019-07-25T10:55:52:  edisp .....................: yes
2019-07-25T10:55:52:  outmodel ..................: 
2019-07-25T10:55:52:  confidence ................: 0.95
2019-07-25T10:55:52:  tol .......................: 1e-3
2019-07-25T10:55:52:  statistic .................: DEFAULT
2019-07-25T10:55:52:  like_accuracy .............: 0.005
2019-07-25T10:55:52:  max_iter ..................: 50
2019-07-25T10:55:52:  nthreads ..................: 0
2019-07-25T10:55:52:  chatter ...................: 4
2019-07-25T10:55:52:  clobber ...................: yes
2019-07-25T10:55:52:  debug .....................: no
2019-07-25T10:55:52:  mode ......................: ql
2019-07-25T10:55:52:  logfile ...................: cterror95.log
2019-07-25T10:55:52: 
2019-07-25T10:55:52: +===================+
2019-07-25T10:55:52: | Input observation |
2019-07-25T10:55:52: +===================+
2019-07-25T10:55:52: === GObservations ===
2019-07-25T10:55:52:  Number of observations ....: 1
2019-07-25T10:55:52:  Number of models ..........: 2
2019-07-25T10:55:52:  Number of observed events .: 309334
2019-07-25T10:55:52:  Number of predicted events : 0
2019-07-25T10:55:52: === GCTAObservation ===
2019-07-25T10:55:52:  Name ......................: 
2019-07-25T10:55:52:  Identifier ................: 000001
2019-07-25T10:55:52:  Instrument ................: CTA
2019-07-25T10:55:52:  Event file ................: /cta/carli/CPPM_Internship/Simulations_and_Analyses/minus_step_AEff_South_z40_50h/source3a/obs_cube.fits
2019-07-25T10:55:52:  Event type ................: CountsCube
2019-07-25T10:55:52:  Statistic .................: cstat
2019-07-25T10:55:52:  Ontime ....................: 144000 s
2019-07-25T10:55:52:  Livetime ..................: 141120 s
2019-07-25T10:55:52:  Deadtime correction .......: 0.98
2019-07-25T10:55:52:  User energy range .........: undefined
2019-07-25T10:55:52: === GCTAPointing ===
2019-07-25T10:55:52:  Pointing direction ........: (RA,Dec)=(84.1331,22.0145)
2019-07-25T10:55:52: === GCTAResponseCube ===
2019-07-25T10:55:52:  Energy dispersion .........: Used
2019-07-25T10:55:52: === GCTACubeExposure ===
2019-07-25T10:55:52:  Filename ..................: /cta/carli/CPPM_Internship/Simulations_and_Analyses/minus_step_AEff_South_z40_50h/source3a/exposure_cube.fits
2019-07-25T10:55:52:  Livetime ..................: 141120 sec
2019-07-25T10:55:52: === GEnergies ===
2019-07-25T10:55:52:  Number of energies ........: 33
2019-07-25T10:55:52: === GGti ===
2019-07-25T10:55:52:  Number of intervals .......: 1
2019-07-25T10:55:52:  Ontime ....................: 144000 sec
2019-07-25T10:55:52:  Elapsed time ..............: 144000 sec
2019-07-25T10:55:52:  MJD range .................: 51544.5 - 51546.1666666667 s (TT)
2019-07-25T10:55:52:  UTC range .................: 2000-01-01T11:58:56 - 2000-01-03T03:58:56 s (TT)
2019-07-25T10:55:52:  Reference MJD .............: 51544.5
2019-07-25T10:55:52: === GSkyMap ===
2019-07-25T10:55:52:  Number of pixels ..........: 6400
2019-07-25T10:55:52:  X axis dimension ..........: 80
2019-07-25T10:55:52:  Y axis dimension ..........: 80
2019-07-25T10:55:52:  Number of maps ............: 33
2019-07-25T10:55:52:  Shape of maps .............: (33)
2019-07-25T10:55:52: === GCTACubePsf ===
2019-07-25T10:55:52:  Filename ..................: /cta/carli/CPPM_Internship/Simulations_and_Analyses/minus_step_AEff_South_z40_50h/source3a/PSF_cube.fits
2019-07-25T10:55:52: === GEnergies ===
2019-07-25T10:55:52:  Number of energies ........: 33
2019-07-25T10:55:52:  Number of delta bins ......: 200
2019-07-25T10:55:52:  Delta range ...............: 1.875e-06 - 0.298501875 deg
2019-07-25T10:55:52: === GSkyMap ===
2019-07-25T10:55:52:  Number of pixels ..........: 1
2019-07-25T10:55:52:  X axis dimension ..........: 1
2019-07-25T10:55:52:  Y axis dimension ..........: 1
2019-07-25T10:55:52:  Number of maps ............: 6600
2019-07-25T10:55:52:  Shape of maps .............: (200, 33)
2019-07-25T10:55:52: === GCTACubeEdisp ===
2019-07-25T10:55:52:  Filename ..................: /cta/carli/CPPM_Internship/Simulations_and_Analyses/minus_step_AEff_South_z40_50h/source3a/edisp_cube.fits
2019-07-25T10:55:52: === GEnergies ===
2019-07-25T10:55:52:  Number of energies ........: 33
2019-07-25T10:55:52:  Number of migra bins ......: 100
2019-07-25T10:55:52:  Migra range ...............: 0.02 - 2
2019-07-25T10:55:52: === GSkyMap ===
2019-07-25T10:55:52:  Number of pixels ..........: 1
2019-07-25T10:55:52:  X axis dimension ..........: 1
2019-07-25T10:55:52:  Y axis dimension ..........: 1
2019-07-25T10:55:52:  Number of maps ............: 3300
2019-07-25T10:55:52:  Shape of maps .............: (100, 33)
2019-07-25T10:55:52: === GCTACubeBackground ===
2019-07-25T10:55:52:  Filename ..................: /cta/carli/CPPM_Internship/Simulations_and_Analyses/minus_step_AEff_South_z40_50h/source3a/background_cube.fits
2019-07-25T10:55:52: === GEbounds ===
2019-07-25T10:55:52:  Number of intervals .......: 32
2019-07-25T10:55:52:  Energy range ..............: 100 GeV - 199.526229858398 TeV
2019-07-25T10:55:52: === GSkyMap ===
2019-07-25T10:55:52:  Number of pixels ..........: 6400
2019-07-25T10:55:52:  X axis dimension ..........: 80
2019-07-25T10:55:52:  Y axis dimension ..........: 80
2019-07-25T10:55:52:  Number of maps ............: 32
2019-07-25T10:55:52:  Shape of maps .............: (32)
2019-07-25T10:55:52: === GCTAResponseCache ===
2019-07-25T10:55:52:  Number of cached values ...: 0
2019-07-25T10:55:52: === GCTAEventCube ===
2019-07-25T10:55:52:  Number of events ..........: 309334
2019-07-25T10:55:52:  Number of elements ........: 204800
2019-07-25T10:55:52:  Number of pixels ..........: 6400
2019-07-25T10:55:52:  Number of energy bins .....: 32
2019-07-25T10:55:52:  Time interval .............: 51544.5 - 51546.1666666667 days
2019-07-25T10:55:52:  Pointing ..................: (RA,Dec)=(84.1331,22.0145)
2019-07-25T10:55:52: === GEbounds ===
2019-07-25T10:55:52:  Number of intervals .......: 32
2019-07-25T10:55:52:  Energy range ..............: 100 GeV - 199.526229858398 TeV
2019-07-25T10:55:52: === GSkyMap ===
2019-07-25T10:55:52:  Number of pixels ..........: 6400
2019-07-25T10:55:52:  X axis dimension ..........: 80
2019-07-25T10:55:52:  Y axis dimension ..........: 80
2019-07-25T10:55:52:  Number of maps ............: 32
2019-07-25T10:55:52:  Shape of maps .............: (32)
2019-07-25T10:55:52: === GSkyRegions ===
2019-07-25T10:55:52:  Number of regions .........: 0
2019-07-25T10:55:52: === GModels ===
2019-07-25T10:55:52:  Number of models ..........: 2
2019-07-25T10:55:52:  Number of parameters ......: 11
2019-07-25T10:55:52: === GModelSky ===
2019-07-25T10:55:52:  Name ......................: source3a
2019-07-25T10:55:52:  Instruments ...............: all
2019-07-25T10:55:52:  Test Statistic ............: 16112.353
2019-07-25T10:55:52:  Observation identifiers ...: all
2019-07-25T10:55:52:  Model type ................: PointSource
2019-07-25T10:55:52:  Model components ..........: "PointSource" * "ExponentialCutoffPowerLaw" * "Constant"
2019-07-25T10:55:52:  Number of parameters ......: 7
2019-07-25T10:55:52:  Number of spatial par's ...: 2
2019-07-25T10:55:52:   RA .......................: 83.6331 [-360,360] deg (fixed,scale=1)
2019-07-25T10:55:52:   DEC ......................: 22.0145 [-90,90] deg (fixed,scale=1)
2019-07-25T10:55:52:  Number of spectral par's ..: 4
2019-07-25T10:55:52:   Prefactor ................: 7.45932639493386e-19 [1e-26,1e-16] ph/cm2/s/MeV (fixed,scale=1e-19,gradient)
2019-07-25T10:55:52:   Index ....................: -2.02544520437048 [-0,-5]  (fixed,scale=-1,gradient)
2019-07-25T10:55:52:   CutoffEnergy .............: 1465332296.1965 +/- 3980385065.96926 [1000000,100000000000] MeV (free,scale=100000000,gradient)
2019-07-25T10:55:52:   PivotEnergy ..............: 1000000 [10000,1000000000] MeV (fixed,scale=1000000,gradient)
2019-07-25T10:55:52:  Number of temporal par's ..: 1
2019-07-25T10:55:52:   Normalization ............: 1 (relative value) (fixed,scale=1,gradient)
2019-07-25T10:55:52:  Number of scale par's .....: 0
2019-07-25T10:55:52: === GCTAModelCubeBackground ===
2019-07-25T10:55:52:  Name ......................: BackgroundModel
2019-07-25T10:55:52:  Instruments ...............: CTA, HESS, MAGIC, VERITAS
2019-07-25T10:55:52:  Observation identifiers ...: all
2019-07-25T10:55:52:  Model type ................: "PowerLaw" * "Constant"
2019-07-25T10:55:52:  Number of parameters ......: 4
2019-07-25T10:55:52:  Number of spectral par's ..: 3
2019-07-25T10:55:52:   Prefactor ................: 0.992577365447692 [0.01,100] ph/cm2/s/MeV (fixed,scale=1,gradient)
2019-07-25T10:55:52:   Index ....................: -0.00396575500377154 [-5,5]  (fixed,scale=1,gradient)
2019-07-25T10:55:52:   PivotEnergy ..............: 1000000 MeV (fixed,scale=1000000,gradient)
2019-07-25T10:55:52:  Number of temporal par's ..: 1
2019-07-25T10:55:52:   Normalization ............: 1 (relative value) (fixed,scale=1,gradient)
2019-07-25T10:55:52: 
2019-07-25T10:55:52: +=============================+
2019-07-25T10:55:52: | Compute best-fit likelihood |
2019-07-25T10:55:52: +=============================+
2019-07-25T10:57:25: === GOptimizerLM ===
2019-07-25T10:57:25:  Optimized function value ..: -306788.283
2019-07-25T10:57:25:  Absolute precision ........: 0.005
2019-07-25T10:57:25:  Acceptable value decrease .: 2
2019-07-25T10:57:25:  Optimization status .......: converged
2019-07-25T10:57:25:  Number of parameters ......: 11
2019-07-25T10:57:25:  Number of free parameters .: 1
2019-07-25T10:57:25:  Number of iterations ......: 1
2019-07-25T10:57:25:  Lambda ....................: 0.0001
2019-07-25T10:57:25:  Maximum log likelihood ....: -306788.283
2019-07-25T10:57:25: === GModels ===
2019-07-25T10:57:25:  Number of models ..........: 2
2019-07-25T10:57:25:  Number of parameters ......: 11
2019-07-25T10:57:25: === GModelSky ===
2019-07-25T10:57:25:  Name ......................: source3a
2019-07-25T10:57:25:  Instruments ...............: all
2019-07-25T10:57:25:  Test Statistic ............: 16112.353
2019-07-25T10:57:25:  Observation identifiers ...: all
2019-07-25T10:57:25:  Model type ................: PointSource
2019-07-25T10:57:25:  Model components ..........: "PointSource" * "ExponentialCutoffPowerLaw" * "Constant"
2019-07-25T10:57:25:  Number of parameters ......: 7
2019-07-25T10:57:25:  Number of spatial par's ...: 2
2019-07-25T10:57:25:   RA .......................: 83.6331 [-360,360] deg (fixed,scale=1)
2019-07-25T10:57:25:   DEC ......................: 22.0145 [-90,90] deg (fixed,scale=1)
2019-07-25T10:57:25:  Number of spectral par's ..: 4
2019-07-25T10:57:25:   Prefactor ................: 7.45932639493386e-19 [1e-26,1e-16] ph/cm2/s/MeV (fixed,scale=1e-19,gradient)
2019-07-25T10:57:25:   Index ....................: -2.02544520437048 [-0,-5]  (fixed,scale=-1,gradient)
2019-07-25T10:57:25:   CutoffEnergy .............: 1472127988.45061 +/- 2724304851.29621 [1000000,100000000000] MeV (free,scale=100000000,gradient)
2019-07-25T10:57:25:   PivotEnergy ..............: 1000000 [10000,1000000000] MeV (fixed,scale=1000000,gradient)
2019-07-25T10:57:25:  Number of temporal par's ..: 1
2019-07-25T10:57:25:   Normalization ............: 1 (relative value) (fixed,scale=1,gradient)
2019-07-25T10:57:25:  Number of scale par's .....: 0
2019-07-25T10:57:25: === GCTAModelCubeBackground ===
2019-07-25T10:57:25:  Name ......................: BackgroundModel
2019-07-25T10:57:25:  Instruments ...............: CTA, HESS, MAGIC, VERITAS
2019-07-25T10:57:25:  Observation identifiers ...: all
2019-07-25T10:57:25:  Model type ................: "PowerLaw" * "Constant"
2019-07-25T10:57:25:  Number of parameters ......: 4
2019-07-25T10:57:25:  Number of spectral par's ..: 3
2019-07-25T10:57:25:   Prefactor ................: 0.992577365447692 [0.01,100] ph/cm2/s/MeV (fixed,scale=1,gradient)
2019-07-25T10:57:25:   Index ....................: -0.00396575500377154 [-5,5]  (fixed,scale=1,gradient)
2019-07-25T10:57:25:   PivotEnergy ..............: 1000000 MeV (fixed,scale=1000000,gradient)
2019-07-25T10:57:25:  Number of temporal par's ..: 1
2019-07-25T10:57:25:   Normalization ............: 1 (relative value) (fixed,scale=1,gradient)
2019-07-25T10:57:25: 
2019-07-25T10:57:25: +==============================================================+
2019-07-25T10:57:25: | Compute error for source "source3a" parameter "CutoffEnergy" |
2019-07-25T10:57:25: +==============================================================+
2019-07-25T10:57:25:  Confidence level ..........: 95 %
2019-07-25T10:57:25:  Log-likelihood difference .: 1.92073
2019-07-25T10:57:25:  Initial factor range ......: [0.01, 287.151765014128]
2019-07-25T10:57:35:    Iteration 1 .............: [0.01, 14.7212798845061]
2019-07-25T10:57:45:    Iteration 2 .............: [0.01, 7.36563994225306]
2019-07-25T10:57:55:    Iteration 3 .............: [0.01, 3.68781997112653]
2019-07-25T10:58:05:    Iteration 4 .............: [1.84890998556326, 3.68781997112653]
2019-07-25T10:58:16:    Iteration 5 .............: [2.7683649783449, 3.68781997112653]
2019-07-25T10:58:26:    Iteration 6 .............: [2.7683649783449, 3.22809247473571]
2019-07-25T10:58:36:    Iteration 7 .............: [2.9982287265403, 3.22809247473571]
2019-07-25T10:58:46:    Iteration 8 .............: [3.11316060063801, 3.22809247473571]
2019-07-25T10:58:56:    Iteration 9 .............: [3.11316060063801, 3.17062653768686]
2019-07-25T10:59:06:    Iteration 10 ............: [3.14189356916243, 3.17062653768686]
2019-07-25T10:59:16:    Iteration 11 ............: [3.14189356916243, 3.15626005342465]
2019-07-25T10:59:27:    Iteration 1 .............: [14.7212798845061, 287.151765014128]
2019-07-25T10:59:37:    Iteration 2 .............: [150.936522449317, 287.151765014128]
2019-07-25T10:59:47:    Iteration 3 .............: [219.044143731722, 287.151765014128]
2019-07-25T10:59:58:    Iteration 4 .............: [253.097954372925, 287.151765014128]
2019-07-25T11:00:08:    Iteration 5 .............: [270.124859693526, 287.151765014128]
2019-07-25T11:00:18:    Iteration 6 .............: [278.638312353827, 287.151765014128]
2019-07-25T11:00:28:    Iteration 7 .............: [282.895038683977, 287.151765014128]
2019-07-25T11:00:39:    Iteration 8 .............: [285.023401849052, 287.151765014128]
2019-07-25T11:00:49:    Iteration 9 .............: [286.08758343159, 287.151765014128]
2019-07-25T11:00:59:    Iteration 10 ............: [286.619674222859, 287.151765014128]
2019-07-25T11:01:09:    Iteration 11 ............: [286.885719618493, 287.151765014128]
2019-07-25T11:01:19:    Iteration 12 ............: [287.01874231631, 287.151765014128]
2019-07-25T11:01:29:    Iteration 13 ............: [287.085253665219, 287.151765014128]
2019-07-25T11:01:39:    Iteration 14 ............: [287.118509339673, 287.151765014128]
2019-07-25T11:01:49:    Iteration 15 ............: [287.1351371769, 287.151765014128]
2019-07-25T11:01:59:    Iteration 16 ............: [287.143451095514, 287.151765014128]
2019-07-25T11:02:10:    Iteration 17 ............: [287.147608054821, 287.151765014128]
2019-07-25T11:02:20:    Iteration 18 ............: [287.149686534474, 287.151765014128]
2019-07-25T11:02:30:    Iteration 19 ............: [287.150725774301, 287.151765014128]
2019-07-25T11:02:40:    Iteration 20 ............: [287.151245394214, 287.151765014128]
2019-07-25T11:02:50:    Iteration 21 ............: [287.151505204171, 287.151765014128]
2019-07-25T11:03:01:    Iteration 22 ............: [287.151635109149, 287.151765014128]
2019-07-25T11:03:11:    Iteration 23 ............: [287.151700061638, 287.151765014128]
2019-07-25T11:03:22:    Iteration 24 ............: [287.151732537883, 287.151765014128]
2019-07-25T11:03:32:    Iteration 25 ............: [287.151748776005, 287.151765014128]
2019-07-25T11:03:42:    Iteration 26 ............: [287.151756895066, 287.151765014128]
2019-07-25T11:03:52:    Iteration 27 ............: [287.151760954597, 287.151765014128]
2019-07-25T11:04:02:    Iteration 28 ............: [287.151762984362, 287.151765014128]
2019-07-25T11:04:12:    Iteration 29 ............: [287.151763999245, 287.151765014128]
2019-07-25T11:04:23:    Iteration 30 ............: [287.151764506686, 287.151765014128]
2019-07-25T11:04:23:  Lower parameter factor ....: 3.14908
2019-07-25T11:04:23:  Upper parameter factor ....: 287.152
2019-07-25T11:04:23:  Error from curvature ......: 2724304851.29621 MeV
2019-07-25T11:04:23:  Error from profile ........: 14200134397.4557 MeV
2019-07-25T11:04:23:  Negative profile error ....: 1157220307.32126 MeV
2019-07-25T11:04:23:  Positive profile error ....: 27243048487.5901 MeV
2019-07-25T11:04:23: 
2019-07-25T11:04:23: +==============+
2019-07-25T11:04:23: | Save results |
2019-07-25T11:04:23: +==============+
2019-07-25T11:04:23:  Model definition file .....: NONE
2019-07-25T11:04:23: 
2019-07-25T11:04:23: Application "cterror" terminated after 511 wall clock seconds, consuming 641.95 seconds of CPU time.
