2019-07-23T17:55:02: ********************************************************************************
2019-07-23T17:55:02: *                                     ctbin                                    *
2019-07-23T17:55:02: * ---------------------------------------------------------------------------- *
2019-07-23T17:55:02: * Version: 1.6.0                                                               *
2019-07-23T17:55:02: ********************************************************************************
2019-07-23T17:55:02: +============+
2019-07-23T17:55:02: | Parameters |
2019-07-23T17:55:02: +============+
2019-07-23T17:55:02:  inobs .....................: /cta/carli/CPPM_Internship/Simulations_and_Analyses/plus_step_EDisp_South_z40_50h/source2b/obs.fits
2019-07-23T17:55:02:  outobs ....................: /cta/carli/CPPM_Internship/Simulations_and_Analyses/plus_step_EDisp_South_z40_50h/source2b/obs_cube.fits
2019-07-23T17:55:02:  stack .....................: yes
2019-07-23T17:55:02:  prefix ....................: cntcube_
2019-07-23T17:55:02:  ebinalg ...................: LOG
2019-07-23T17:55:02:  emin ......................: 0.1
2019-07-23T17:55:02:  emax ......................: 199.526229858398
2019-07-23T17:55:02:  enumbins ..................: 32
2019-07-23T17:55:02:  ebinfile ..................: [not queried]
2019-07-23T17:55:02:  usepnt ....................: yes
2019-07-23T17:55:02:  nxpix .....................: 80
2019-07-23T17:55:02:  nypix .....................: 80
2019-07-23T17:55:02:  binsz .....................: 0.02
2019-07-23T17:55:02:  coordsys ..................: GAL
2019-07-23T17:55:02:  proj ......................: TAN
2019-07-23T17:55:02:  xref ......................: [not queried]
2019-07-23T17:55:02:  yref ......................: [not queried]
2019-07-23T17:55:02:  nthreads ..................: 0
2019-07-23T17:55:02:  publish ...................: no
2019-07-23T17:55:02:  chatter ...................: 4
2019-07-23T17:55:02:  clobber ...................: yes
2019-07-23T17:55:02:  debug .....................: no
2019-07-23T17:55:02:  mode ......................: ql
2019-07-23T17:55:02:  logfile ...................: ctbin.log
2019-07-23T17:55:02: 
2019-07-23T17:55:02: +===================+
2019-07-23T17:55:02: | Input observation |
2019-07-23T17:55:02: +===================+
2019-07-23T17:55:02: === GObservations ===
2019-07-23T17:55:02:  Number of observations ....: 1
2019-07-23T17:55:02:  Number of models ..........: 0
2019-07-23T17:55:02:  Number of observed events .: 315028
2019-07-23T17:55:02:  Number of predicted events : 0
2019-07-23T17:55:02: === GCTAObservation ===
2019-07-23T17:55:02:  Name ......................: 
2019-07-23T17:55:02:  Identifier ................: 000001
2019-07-23T17:55:02:  Instrument ................: CTA
2019-07-23T17:55:02:  Event file ................: /cta/carli/CPPM_Internship/Simulations_and_Analyses/plus_step_EDisp_South_z40_50h/source2b/obs.fits
2019-07-23T17:55:02:  Event type ................: EventList
2019-07-23T17:55:02:  Statistic .................: cstat
2019-07-23T17:55:02:  Ontime ....................: 144000 s
2019-07-23T17:55:02:  Livetime ..................: 141120 s
2019-07-23T17:55:02:  Deadtime correction .......: 0.98
2019-07-23T17:55:02:  User energy range .........: undefined
2019-07-23T17:55:02: === GCTAPointing ===
2019-07-23T17:55:02:  Pointing direction ........: (RA,Dec)=(84.1331,22.0145)
2019-07-23T17:55:02:  Response function .........: undefined
2019-07-23T17:55:02: === GCTAEventList ===
2019-07-23T17:55:02:  Number of events ..........: 315028 (disposed in "/cta/carli/CPPM_Internship/Simulations_and_Analyses/plus_step_EDisp_South_z40_50h/source2b/obs.fits")
2019-07-23T17:55:02:  Time interval .............: 51544.5 - 51546.1666666667 days
2019-07-23T17:55:02: === GEbounds ===
2019-07-23T17:55:02:  Number of intervals .......: 1
2019-07-23T17:55:02:  Energy range ..............: 100 GeV - 199.526229858398 TeV
2019-07-23T17:55:02: === GCTARoi ===
2019-07-23T17:55:02:  RoI centre ................: RA=84.1331, DEC=22.0145 [0,0]
2019-07-23T17:55:02:  RoI radius ................: 0.8 deg
2019-07-23T17:55:02: === GSkyRegions ===
2019-07-23T17:55:02:  Number of regions .........: 0
2019-07-23T17:55:02: === GModels ===
2019-07-23T17:55:02:  Number of models ..........: 0
2019-07-23T17:55:02:  Number of parameters ......: 0
2019-07-23T17:55:02: 
2019-07-23T17:55:02: +===========================+
2019-07-23T17:55:02: | Find unbinned observation |
2019-07-23T17:55:02: +===========================+
2019-07-23T17:55:02: === CTA observation (id=000001) ===
2019-07-23T17:55:02:  Including unbinned CTA observation
2019-07-23T17:55:02: === Summary ===
2019-07-23T17:55:02:  Number of observations ....: 1
2019-07-23T17:55:02:  Mean pointing .............: (RA,Dec)=(84.1331,22.0145)
2019-07-23T17:55:02:  Use mean pointing .........: yes
2019-07-23T17:55:02: 
2019-07-23T17:55:02: +=================+
2019-07-23T17:55:02: | Bin observation |
2019-07-23T17:55:02: +=================+
2019-07-23T17:55:03: === CTA observation (id=000001) ===
2019-07-23T17:55:03:  Events in list ............: 315028
2019-07-23T17:55:03:  Events in cube ............: 315025
2019-07-23T17:55:03:  Events outside RoI ........: 1
2019-07-23T17:55:03:  Events with invalid WCS ...: 0
2019-07-23T17:55:03:  Events outside cube area ..: 1
2019-07-23T17:55:03:  Events outside energy bins : 1
2019-07-23T17:55:03: 
2019-07-23T17:55:03: +====================+
2019-07-23T17:55:03: | Binned observation |
2019-07-23T17:55:03: +====================+
2019-07-23T17:55:03: === GObservations ===
2019-07-23T17:55:03:  Number of observations ....: 1
2019-07-23T17:55:03:  Number of models ..........: 0
2019-07-23T17:55:03:  Number of observed events .: 315025
2019-07-23T17:55:03:  Number of predicted events : 0
2019-07-23T17:55:03: === GCTAObservation ===
2019-07-23T17:55:03:  Name ......................: 
2019-07-23T17:55:03:  Identifier ................: 000001
2019-07-23T17:55:03:  Instrument ................: CTA
2019-07-23T17:55:03:  Event file ................: 
2019-07-23T17:55:03:  Event type ................: CountsCube
2019-07-23T17:55:03:  Statistic .................: cstat
2019-07-23T17:55:03:  Ontime ....................: 144000 s
2019-07-23T17:55:03:  Livetime ..................: 141120 s
2019-07-23T17:55:03:  Deadtime correction .......: 0.98
2019-07-23T17:55:03:  User energy range .........: undefined
2019-07-23T17:55:03: === GCTAPointing ===
2019-07-23T17:55:03:  Pointing direction ........: (RA,Dec)=(84.1331,22.0145)
2019-07-23T17:55:03:  Response function .........: undefined
2019-07-23T17:55:03: === GCTAEventCube ===
2019-07-23T17:55:03:  Number of events ..........: 315025
2019-07-23T17:55:03:  Number of elements ........: 204800
2019-07-23T17:55:03:  Number of pixels ..........: 6400
2019-07-23T17:55:03:  Number of energy bins .....: 32
2019-07-23T17:55:03:  Time interval .............: 51544.5 - 51546.1666666667 days
2019-07-23T17:55:03:  Pointing ..................: not defined
2019-07-23T17:55:03: === GEbounds ===
2019-07-23T17:55:03:  Number of intervals .......: 32
2019-07-23T17:55:03:  Energy range ..............: 100 GeV - 199.526229858398 TeV
2019-07-23T17:55:03: === GSkyMap ===
2019-07-23T17:55:03:  Number of pixels ..........: 6400
2019-07-23T17:55:03:  X axis dimension ..........: 80
2019-07-23T17:55:03:  Y axis dimension ..........: 80
2019-07-23T17:55:03:  Number of maps ............: 32
2019-07-23T17:55:03:  Shape of maps .............: (32)
2019-07-23T17:55:03: === GSkyRegions ===
2019-07-23T17:55:03:  Number of regions .........: 0
2019-07-23T17:55:03: === GModels ===
2019-07-23T17:55:03:  Number of models ..........: 0
2019-07-23T17:55:03:  Number of parameters ......: 0
2019-07-23T17:55:03: 
2019-07-23T17:55:03: +==================+
2019-07-23T17:55:03: | Save counts cube |
2019-07-23T17:55:03: +==================+
2019-07-23T17:55:03:  Counts cube file ..........: /cta/carli/CPPM_Internship/Simulations_and_Analyses/plus_step_EDisp_South_z40_50h/source2b/obs_cube.fits
2019-07-23T17:55:03: 
2019-07-23T17:55:03: Application "ctbin" terminated after 1 wall clock seconds, consuming 1.06 seconds of CPU time.
