2019-07-25T08:37:24: ********************************************************************************
2019-07-25T08:37:24: *                                    cterror                                   *
2019-07-25T08:37:24: * ---------------------------------------------------------------------------- *
2019-07-25T08:37:24: * Version: 1.6.0                                                               *
2019-07-25T08:37:24: ********************************************************************************
2019-07-25T08:37:24: +============+
2019-07-25T08:37:24: | Parameters |
2019-07-25T08:37:24: +============+
2019-07-25T08:37:24:  inobs .....................: /cta/carli/CPPM_Internship/Simulations_and_Analyses/South_z40_50h/source3d/obs_cube.fits
2019-07-25T08:37:24:  inmodel ...................: /cta/carli/CPPM_Internship/Simulations_and_Analyses/South_z40_50h/source3d/obsmodel_binned.xml
2019-07-25T08:37:24:  srcname ...................: source3d
2019-07-25T08:37:24:  expcube ...................: /cta/carli/CPPM_Internship/Simulations_and_Analyses/South_z40_50h/source3d/exposure_cube.fits
2019-07-25T08:37:24:  psfcube ...................: /cta/carli/CPPM_Internship/Simulations_and_Analyses/South_z40_50h/source3d/PSF_cube.fits
2019-07-25T08:37:24:  edispcube .................: /cta/carli/CPPM_Internship/Simulations_and_Analyses/South_z40_50h/source3d/edisp_cube.fits
2019-07-25T08:37:24:  bkgcube ...................: /cta/carli/CPPM_Internship/Simulations_and_Analyses/South_z40_50h/source3d/background_cube.fits
2019-07-25T08:37:24:  caldb .....................: prod3b-v2
2019-07-25T08:37:24:  irf .......................: South_z40_50h
2019-07-25T08:37:24:  edisp .....................: yes
2019-07-25T08:37:24:  outmodel ..................: 
2019-07-25T08:37:24:  confidence ................: 0.95
2019-07-25T08:37:24:  tol .......................: 1e-3
2019-07-25T08:37:24:  statistic .................: DEFAULT
2019-07-25T08:37:24:  like_accuracy .............: 0.005
2019-07-25T08:37:24:  max_iter ..................: 50
2019-07-25T08:37:24:  nthreads ..................: 0
2019-07-25T08:37:24:  chatter ...................: 4
2019-07-25T08:37:24:  clobber ...................: yes
2019-07-25T08:37:24:  debug .....................: no
2019-07-25T08:37:24:  mode ......................: ql
2019-07-25T08:37:24:  logfile ...................: cterror95.log
2019-07-25T08:37:24: 
2019-07-25T08:37:24: +===================+
2019-07-25T08:37:24: | Input observation |
2019-07-25T08:37:24: +===================+
2019-07-25T08:37:24: === GObservations ===
2019-07-25T08:37:24:  Number of observations ....: 1
2019-07-25T08:37:24:  Number of models ..........: 2
2019-07-25T08:37:24:  Number of observed events .: 326466
2019-07-25T08:37:24:  Number of predicted events : 0
2019-07-25T08:37:24: === GCTAObservation ===
2019-07-25T08:37:24:  Name ......................: 
2019-07-25T08:37:24:  Identifier ................: 000001
2019-07-25T08:37:24:  Instrument ................: CTA
2019-07-25T08:37:24:  Event file ................: /cta/carli/CPPM_Internship/Simulations_and_Analyses/South_z40_50h/source3d/obs_cube.fits
2019-07-25T08:37:24:  Event type ................: CountsCube
2019-07-25T08:37:24:  Statistic .................: cstat
2019-07-25T08:37:24:  Ontime ....................: 144000 s
2019-07-25T08:37:24:  Livetime ..................: 141120 s
2019-07-25T08:37:24:  Deadtime correction .......: 0.98
2019-07-25T08:37:24:  User energy range .........: undefined
2019-07-25T08:37:24: === GCTAPointing ===
2019-07-25T08:37:24:  Pointing direction ........: (RA,Dec)=(84.1331,22.0145)
2019-07-25T08:37:24: === GCTAResponseCube ===
2019-07-25T08:37:24:  Energy dispersion .........: Used
2019-07-25T08:37:24: === GCTACubeExposure ===
2019-07-25T08:37:24:  Filename ..................: /cta/carli/CPPM_Internship/Simulations_and_Analyses/South_z40_50h/source3d/exposure_cube.fits
2019-07-25T08:37:24:  Livetime ..................: 141120 sec
2019-07-25T08:37:24: === GEnergies ===
2019-07-25T08:37:24:  Number of energies ........: 33
2019-07-25T08:37:24: === GGti ===
2019-07-25T08:37:24:  Number of intervals .......: 1
2019-07-25T08:37:24:  Ontime ....................: 144000 sec
2019-07-25T08:37:24:  Elapsed time ..............: 144000 sec
2019-07-25T08:37:24:  MJD range .................: 51544.5 - 51546.1666666667 s (TT)
2019-07-25T08:37:24:  UTC range .................: 2000-01-01T11:58:56 - 2000-01-03T03:58:56 s (TT)
2019-07-25T08:37:24:  Reference MJD .............: 51544.5
2019-07-25T08:37:24: === GSkyMap ===
2019-07-25T08:37:24:  Number of pixels ..........: 6400
2019-07-25T08:37:24:  X axis dimension ..........: 80
2019-07-25T08:37:24:  Y axis dimension ..........: 80
2019-07-25T08:37:24:  Number of maps ............: 33
2019-07-25T08:37:24:  Shape of maps .............: (33)
2019-07-25T08:37:24: === GCTACubePsf ===
2019-07-25T08:37:24:  Filename ..................: /cta/carli/CPPM_Internship/Simulations_and_Analyses/South_z40_50h/source3d/PSF_cube.fits
2019-07-25T08:37:24: === GEnergies ===
2019-07-25T08:37:24:  Number of energies ........: 33
2019-07-25T08:37:24:  Number of delta bins ......: 200
2019-07-25T08:37:24:  Delta range ...............: 1.875e-06 - 0.298501875 deg
2019-07-25T08:37:24: === GSkyMap ===
2019-07-25T08:37:24:  Number of pixels ..........: 1
2019-07-25T08:37:24:  X axis dimension ..........: 1
2019-07-25T08:37:24:  Y axis dimension ..........: 1
2019-07-25T08:37:24:  Number of maps ............: 6600
2019-07-25T08:37:24:  Shape of maps .............: (200, 33)
2019-07-25T08:37:24: === GCTACubeEdisp ===
2019-07-25T08:37:24:  Filename ..................: /cta/carli/CPPM_Internship/Simulations_and_Analyses/South_z40_50h/source3d/edisp_cube.fits
2019-07-25T08:37:24: === GEnergies ===
2019-07-25T08:37:24:  Number of energies ........: 33
2019-07-25T08:37:24:  Number of migra bins ......: 100
2019-07-25T08:37:24:  Migra range ...............: 0.02 - 2
2019-07-25T08:37:24: === GSkyMap ===
2019-07-25T08:37:24:  Number of pixels ..........: 1
2019-07-25T08:37:24:  X axis dimension ..........: 1
2019-07-25T08:37:24:  Y axis dimension ..........: 1
2019-07-25T08:37:24:  Number of maps ............: 3300
2019-07-25T08:37:24:  Shape of maps .............: (100, 33)
2019-07-25T08:37:24: === GCTACubeBackground ===
2019-07-25T08:37:24:  Filename ..................: /cta/carli/CPPM_Internship/Simulations_and_Analyses/South_z40_50h/source3d/background_cube.fits
2019-07-25T08:37:24: === GEbounds ===
2019-07-25T08:37:24:  Number of intervals .......: 32
2019-07-25T08:37:24:  Energy range ..............: 100 GeV - 199.526229858398 TeV
2019-07-25T08:37:24: === GSkyMap ===
2019-07-25T08:37:24:  Number of pixels ..........: 6400
2019-07-25T08:37:24:  X axis dimension ..........: 80
2019-07-25T08:37:24:  Y axis dimension ..........: 80
2019-07-25T08:37:24:  Number of maps ............: 32
2019-07-25T08:37:24:  Shape of maps .............: (32)
2019-07-25T08:37:24: === GCTAResponseCache ===
2019-07-25T08:37:24:  Number of cached values ...: 0
2019-07-25T08:37:24: === GCTAEventCube ===
2019-07-25T08:37:24:  Number of events ..........: 326466
2019-07-25T08:37:24:  Number of elements ........: 204800
2019-07-25T08:37:24:  Number of pixels ..........: 6400
2019-07-25T08:37:24:  Number of energy bins .....: 32
2019-07-25T08:37:24:  Time interval .............: 51544.5 - 51546.1666666667 days
2019-07-25T08:37:24:  Pointing ..................: (RA,Dec)=(84.1331,22.0145)
2019-07-25T08:37:24: === GEbounds ===
2019-07-25T08:37:24:  Number of intervals .......: 32
2019-07-25T08:37:24:  Energy range ..............: 100 GeV - 199.526229858398 TeV
2019-07-25T08:37:24: === GSkyMap ===
2019-07-25T08:37:24:  Number of pixels ..........: 6400
2019-07-25T08:37:24:  X axis dimension ..........: 80
2019-07-25T08:37:24:  Y axis dimension ..........: 80
2019-07-25T08:37:24:  Number of maps ............: 32
2019-07-25T08:37:24:  Shape of maps .............: (32)
2019-07-25T08:37:24: === GSkyRegions ===
2019-07-25T08:37:24:  Number of regions .........: 0
2019-07-25T08:37:24: === GModels ===
2019-07-25T08:37:24:  Number of models ..........: 2
2019-07-25T08:37:24:  Number of parameters ......: 11
2019-07-25T08:37:24: === GModelSky ===
2019-07-25T08:37:24:  Name ......................: source3d
2019-07-25T08:37:24:  Instruments ...............: all
2019-07-25T08:37:24:  Test Statistic ............: 103019.01
2019-07-25T08:37:24:  Observation identifiers ...: all
2019-07-25T08:37:24:  Model type ................: PointSource
2019-07-25T08:37:24:  Model components ..........: "PointSource" * "ExponentialCutoffPowerLaw" * "Constant"
2019-07-25T08:37:24:  Number of parameters ......: 7
2019-07-25T08:37:24:  Number of spatial par's ...: 2
2019-07-25T08:37:24:   RA .......................: 83.6331 [-360,360] deg (fixed,scale=1)
2019-07-25T08:37:24:   DEC ......................: 22.0145 [-90,90] deg (fixed,scale=1)
2019-07-25T08:37:24:  Number of spectral par's ..: 4
2019-07-25T08:37:24:   Prefactor ................: 3.01253702871408e-18 [1e-25,1e-15] ph/cm2/s/MeV (fixed,scale=1e-18,gradient)
2019-07-25T08:37:24:   Index ....................: -2.00877695444809 [-0,-5]  (fixed,scale=-1,gradient)
2019-07-25T08:37:24:   CutoffEnergy .............: 7765310151.56143 +/- 48005022005.0766 [1000000,100000000000] MeV (free,scale=100000000,gradient)
2019-07-25T08:37:24:   PivotEnergy ..............: 1000000 [10000,1000000000] MeV (fixed,scale=1000000,gradient)
2019-07-25T08:37:24:  Number of temporal par's ..: 1
2019-07-25T08:37:24:   Normalization ............: 1 (relative value) (fixed,scale=1,gradient)
2019-07-25T08:37:24:  Number of scale par's .....: 0
2019-07-25T08:37:24: === GCTAModelCubeBackground ===
2019-07-25T08:37:24:  Name ......................: BackgroundModel
2019-07-25T08:37:24:  Instruments ...............: CTA, HESS, MAGIC, VERITAS
2019-07-25T08:37:24:  Observation identifiers ...: all
2019-07-25T08:37:24:  Model type ................: "PowerLaw" * "Constant"
2019-07-25T08:37:24:  Number of parameters ......: 4
2019-07-25T08:37:24:  Number of spectral par's ..: 3
2019-07-25T08:37:24:   Prefactor ................: 0.992591742793679 [0.01,100] ph/cm2/s/MeV (fixed,scale=1,gradient)
2019-07-25T08:37:24:   Index ....................: -0.00379170678713076 [-5,5]  (fixed,scale=1,gradient)
2019-07-25T08:37:24:   PivotEnergy ..............: 1000000 MeV (fixed,scale=1000000,gradient)
2019-07-25T08:37:24:  Number of temporal par's ..: 1
2019-07-25T08:37:24:   Normalization ............: 1 (relative value) (fixed,scale=1,gradient)
2019-07-25T08:37:24: 
2019-07-25T08:37:24: +=============================+
2019-07-25T08:37:24: | Compute best-fit likelihood |
2019-07-25T08:37:24: +=============================+
2019-07-25T08:38:57: === GOptimizerLM ===
2019-07-25T08:38:57:  Optimized function value ..: -352578.854
2019-07-25T08:38:57:  Absolute precision ........: 0.005
2019-07-25T08:38:57:  Acceptable value decrease .: 2
2019-07-25T08:38:57:  Optimization status .......: converged
2019-07-25T08:38:57:  Number of parameters ......: 11
2019-07-25T08:38:57:  Number of free parameters .: 1
2019-07-25T08:38:57:  Number of iterations ......: 1
2019-07-25T08:38:57:  Lambda ....................: 0.0001
2019-07-25T08:38:57:  Maximum log likelihood ....: -352578.854
2019-07-25T08:38:57: === GModels ===
2019-07-25T08:38:57:  Number of models ..........: 2
2019-07-25T08:38:57:  Number of parameters ......: 11
2019-07-25T08:38:57: === GModelSky ===
2019-07-25T08:38:57:  Name ......................: source3d
2019-07-25T08:38:57:  Instruments ...............: all
2019-07-25T08:38:57:  Test Statistic ............: 103019.01
2019-07-25T08:38:57:  Observation identifiers ...: all
2019-07-25T08:38:57:  Model type ................: PointSource
2019-07-25T08:38:57:  Model components ..........: "PointSource" * "ExponentialCutoffPowerLaw" * "Constant"
2019-07-25T08:38:57:  Number of parameters ......: 7
2019-07-25T08:38:57:  Number of spatial par's ...: 2
2019-07-25T08:38:57:   RA .......................: 83.6331 [-360,360] deg (fixed,scale=1)
2019-07-25T08:38:57:   DEC ......................: 22.0145 [-90,90] deg (fixed,scale=1)
2019-07-25T08:38:57:  Number of spectral par's ..: 4
2019-07-25T08:38:57:   Prefactor ................: 3.01253702871408e-18 [1e-25,1e-15] ph/cm2/s/MeV (fixed,scale=1e-18,gradient)
2019-07-25T08:38:57:   Index ....................: -2.00877695444809 [-0,-5]  (fixed,scale=-1,gradient)
2019-07-25T08:38:57:   CutoffEnergy .............: 7990855318.00488 +/- 36772477014.3142 [1000000,100000000000] MeV (free,scale=100000000,gradient)
2019-07-25T08:38:57:   PivotEnergy ..............: 1000000 [10000,1000000000] MeV (fixed,scale=1000000,gradient)
2019-07-25T08:38:57:  Number of temporal par's ..: 1
2019-07-25T08:38:57:   Normalization ............: 1 (relative value) (fixed,scale=1,gradient)
2019-07-25T08:38:57:  Number of scale par's .....: 0
2019-07-25T08:38:57: === GCTAModelCubeBackground ===
2019-07-25T08:38:57:  Name ......................: BackgroundModel
2019-07-25T08:38:57:  Instruments ...............: CTA, HESS, MAGIC, VERITAS
2019-07-25T08:38:57:  Observation identifiers ...: all
2019-07-25T08:38:57:  Model type ................: "PowerLaw" * "Constant"
2019-07-25T08:38:57:  Number of parameters ......: 4
2019-07-25T08:38:57:  Number of spectral par's ..: 3
2019-07-25T08:38:57:   Prefactor ................: 0.992591742793679 [0.01,100] ph/cm2/s/MeV (fixed,scale=1,gradient)
2019-07-25T08:38:57:   Index ....................: -0.00379170678713076 [-5,5]  (fixed,scale=1,gradient)
2019-07-25T08:38:57:   PivotEnergy ..............: 1000000 MeV (fixed,scale=1000000,gradient)
2019-07-25T08:38:57:  Number of temporal par's ..: 1
2019-07-25T08:38:57:   Normalization ............: 1 (relative value) (fixed,scale=1,gradient)
2019-07-25T08:38:57: 
2019-07-25T08:38:57: +==============================================================+
2019-07-25T08:38:57: | Compute error for source "source3d" parameter "CutoffEnergy" |
2019-07-25T08:38:57: +==============================================================+
2019-07-25T08:38:57:  Confidence level ..........: 95 %
2019-07-25T08:38:57:  Log-likelihood difference .: 1.92073
2019-07-25T08:38:57:  Initial factor range ......: [0.01, 1000]
2019-07-25T08:39:07:    Iteration 1 .............: [0.01, 79.9085531800488]
2019-07-25T08:39:17:    Iteration 2 .............: [0.01, 39.9592765900244]
2019-07-25T08:39:27:    Iteration 3 .............: [0.01, 19.9846382950122]
2019-07-25T08:39:36:    Iteration 4 .............: [0.01, 9.9973191475061]
2019-07-25T08:39:46:    Iteration 5 .............: [5.00365957375305, 9.9973191475061]
2019-07-25T08:39:55:    Iteration 6 .............: [7.50048936062958, 9.9973191475061]
2019-07-25T08:40:05:    Iteration 7 .............: [7.50048936062958, 8.74890425406784]
2019-07-25T08:40:14:    Iteration 8 .............: [7.50048936062958, 8.12469680734871]
2019-07-25T08:40:24:    Iteration 9 .............: [7.50048936062958, 7.81259308398914]
2019-07-25T08:40:33:    Iteration 10 ............: [7.65654122230936, 7.81259308398914]
2019-07-25T08:40:43:    Iteration 11 ............: [7.65654122230936, 7.73456715314925]
2019-07-25T08:40:52:    Iteration 12 ............: [7.65654122230936, 7.69555418772931]
2019-07-25T08:41:02:    Iteration 13 ............: [7.67604770501933, 7.69555418772931]
2019-07-25T08:41:12:    Iteration 14 ............: [7.68580094637432, 7.69555418772931]
2019-07-25T08:41:22:    Iteration 15 ............: [7.69067756705181, 7.69555418772931]
2019-07-25T08:41:31:    Iteration 1 .............: [79.9085531800488, 1000]
2019-07-25T08:41:41:    Iteration 2 .............: [539.954276590024, 1000]
2019-07-25T08:41:51:    Iteration 3 .............: [769.977138295012, 1000]
2019-07-25T08:42:00:    Iteration 4 .............: [884.988569147506, 1000]
2019-07-25T08:42:09:    Iteration 5 .............: [942.494284573753, 1000]
2019-07-25T08:42:19:    Iteration 6 .............: [971.247142286877, 1000]
2019-07-25T08:42:28:    Iteration 7 .............: [985.623571143438, 1000]
2019-07-25T08:42:37:    Iteration 8 .............: [992.811785571719, 1000]
2019-07-25T08:42:47:    Iteration 9 .............: [996.40589278586, 1000]
2019-07-25T08:42:56:    Iteration 10 ............: [998.20294639293, 1000]
2019-07-25T08:43:05:    Iteration 11 ............: [999.101473196465, 1000]
2019-07-25T08:43:14:    Iteration 12 ............: [999.550736598232, 1000]
2019-07-25T08:43:23:    Iteration 13 ............: [999.775368299116, 1000]
2019-07-25T08:43:33:    Iteration 14 ............: [999.887684149558, 1000]
2019-07-25T08:43:42:    Iteration 15 ............: [999.943842074779, 1000]
2019-07-25T08:43:51:    Iteration 16 ............: [999.97192103739, 1000]
2019-07-25T08:44:00:    Iteration 17 ............: [999.985960518695, 1000]
2019-07-25T08:44:10:    Iteration 18 ............: [999.992980259347, 1000]
2019-07-25T08:44:19:    Iteration 19 ............: [999.996490129674, 1000]
2019-07-25T08:44:28:    Iteration 20 ............: [999.998245064837, 1000]
2019-07-25T08:44:38:    Iteration 21 ............: [999.999122532418, 1000]
2019-07-25T08:44:47:    Iteration 22 ............: [999.999561266209, 1000]
2019-07-25T08:44:56:    Iteration 23 ............: [999.999780633105, 1000]
2019-07-25T08:45:06:    Iteration 24 ............: [999.999890316552, 1000]
2019-07-25T08:45:15:    Iteration 25 ............: [999.999945158276, 1000]
2019-07-25T08:45:25:    Iteration 26 ............: [999.999972579138, 1000]
2019-07-25T08:45:35:    Iteration 27 ............: [999.999986289569, 1000]
2019-07-25T08:45:44:    Iteration 28 ............: [999.999993144785, 1000]
2019-07-25T08:45:55:    Iteration 29 ............: [999.999996572392, 1000]
2019-07-25T08:46:04:    Iteration 30 ............: [999.999998286196, 1000]
2019-07-25T08:46:13:    Iteration 31 ............: [999.999999143098, 1000]
2019-07-25T08:46:13:  Lower parameter factor ....: 7.69312
2019-07-25T08:46:13:  Upper parameter factor ....: 1000
2019-07-25T08:46:13:  Error from curvature ......: 36772477014.3142 MeV
2019-07-25T08:46:13:  Error from profile ........: 49615344184.7079 MeV
2019-07-25T08:46:13:  Negative profile error ....: 7221543730.26583 MeV
2019-07-25T08:46:13:  Positive profile error ....: 92009144639.15 MeV
2019-07-25T08:46:13: 
2019-07-25T08:46:13: +==============+
2019-07-25T08:46:13: | Save results |
2019-07-25T08:46:13: +==============+
2019-07-25T08:46:13:  Model definition file .....: NONE
2019-07-25T08:46:13: 
2019-07-25T08:46:13: Application "cterror" terminated after 529 wall clock seconds, consuming 726.24 seconds of CPU time.
