2019-07-22T18:04:58: ********************************************************************************
2019-07-22T18:04:58: *                                    ctlike                                    *
2019-07-22T18:04:58: * ---------------------------------------------------------------------------- *
2019-07-22T18:04:58: * Version: 1.6.0                                                               *
2019-07-22T18:04:58: ********************************************************************************
2019-07-22T18:04:58: +============+
2019-07-22T18:04:58: | Parameters |
2019-07-22T18:04:58: +============+
2019-07-22T18:04:58:  inobs .....................: /cta/carli/CPPM_Internship/Simulations_and_Analyses/South_z40_50h/source3d/obs_cube.fits
2019-07-22T18:04:58:  inmodel ...................: sourcemodel_cube.xml
2019-07-22T18:04:58:  expcube ...................: /cta/carli/CPPM_Internship/Simulations_and_Analyses/South_z40_50h/source3d/exposure_cube.fits
2019-07-22T18:04:58:  psfcube ...................: /cta/carli/CPPM_Internship/Simulations_and_Analyses/South_z40_50h/source3d/PSF_cube.fits
2019-07-22T18:04:58:  edispcube .................: /cta/carli/CPPM_Internship/Simulations_and_Analyses/South_z40_50h/source3d/edisp_cube.fits
2019-07-22T18:04:58:  bkgcube ...................: /cta/carli/CPPM_Internship/Simulations_and_Analyses/South_z40_50h/source3d/background_cube.fits
2019-07-22T18:04:58:  caldb .....................: prod3b-v2
2019-07-22T18:04:58:  irf .......................: South_z40_50h
2019-07-22T18:04:58:  edisp .....................: yes
2019-07-22T18:04:58:  outmodel ..................: /cta/carli/CPPM_Internship/Simulations_and_Analyses/South_z40_50h/source3d/obsmodel_binned.xml
2019-07-22T18:04:58:  outcovmat .................: NONE
2019-07-22T18:04:58:  statistic .................: DEFAULT
2019-07-22T18:04:58:  refit .....................: no
2019-07-22T18:04:58:  like_accuracy .............: 0.005
2019-07-22T18:04:58:  max_iter ..................: 50
2019-07-22T18:04:58:  fix_spat_for_ts ...........: no
2019-07-22T18:04:58:  nthreads ..................: 0
2019-07-22T18:04:58:  chatter ...................: 4
2019-07-22T18:04:58:  clobber ...................: yes
2019-07-22T18:04:58:  debug .....................: no
2019-07-22T18:04:58:  mode ......................: ql
2019-07-22T18:04:58:  logfile ...................: ctlike.log
2019-07-22T18:04:58: 
2019-07-22T18:04:58: +===================+
2019-07-22T18:04:58: | Input observation |
2019-07-22T18:04:58: +===================+
2019-07-22T18:04:58: === GObservations ===
2019-07-22T18:04:58:  Number of observations ....: 1
2019-07-22T18:04:58:  Number of models ..........: 2
2019-07-22T18:04:58:  Number of observed events .: 326466
2019-07-22T18:04:58:  Number of predicted events : 0
2019-07-22T18:04:58: === GCTAObservation ===
2019-07-22T18:04:58:  Name ......................: 
2019-07-22T18:04:58:  Identifier ................: 000001
2019-07-22T18:04:58:  Instrument ................: CTA
2019-07-22T18:04:58:  Event file ................: /cta/carli/CPPM_Internship/Simulations_and_Analyses/South_z40_50h/source3d/obs_cube.fits
2019-07-22T18:04:58:  Event type ................: CountsCube
2019-07-22T18:04:58:  Statistic .................: cstat
2019-07-22T18:04:58:  Ontime ....................: 144000 s
2019-07-22T18:04:58:  Livetime ..................: 141120 s
2019-07-22T18:04:58:  Deadtime correction .......: 0.98
2019-07-22T18:04:58:  User energy range .........: undefined
2019-07-22T18:04:58: === GCTAPointing ===
2019-07-22T18:04:58:  Pointing direction ........: (RA,Dec)=(84.1331,22.0145)
2019-07-22T18:04:58: === GCTAResponseCube ===
2019-07-22T18:04:58:  Energy dispersion .........: Used
2019-07-22T18:04:58: === GCTACubeExposure ===
2019-07-22T18:04:58:  Filename ..................: /cta/carli/CPPM_Internship/Simulations_and_Analyses/South_z40_50h/source3d/exposure_cube.fits
2019-07-22T18:04:58:  Livetime ..................: 141120 sec
2019-07-22T18:04:58: === GEnergies ===
2019-07-22T18:04:58:  Number of energies ........: 33
2019-07-22T18:04:58: === GGti ===
2019-07-22T18:04:58:  Number of intervals .......: 1
2019-07-22T18:04:58:  Ontime ....................: 144000 sec
2019-07-22T18:04:58:  Elapsed time ..............: 144000 sec
2019-07-22T18:04:58:  MJD range .................: 51544.5 - 51546.1666666667 s (TT)
2019-07-22T18:04:58:  UTC range .................: 2000-01-01T11:58:56 - 2000-01-03T03:58:56 s (TT)
2019-07-22T18:04:58:  Reference MJD .............: 51544.5
2019-07-22T18:04:58: === GSkyMap ===
2019-07-22T18:04:58:  Number of pixels ..........: 6400
2019-07-22T18:04:58:  X axis dimension ..........: 80
2019-07-22T18:04:58:  Y axis dimension ..........: 80
2019-07-22T18:04:58:  Number of maps ............: 33
2019-07-22T18:04:58:  Shape of maps .............: (33)
2019-07-22T18:04:58: === GCTACubePsf ===
2019-07-22T18:04:58:  Filename ..................: /cta/carli/CPPM_Internship/Simulations_and_Analyses/South_z40_50h/source3d/PSF_cube.fits
2019-07-22T18:04:58: === GEnergies ===
2019-07-22T18:04:58:  Number of energies ........: 33
2019-07-22T18:04:58:  Number of delta bins ......: 200
2019-07-22T18:04:58:  Delta range ...............: 1.875e-06 - 0.298501875 deg
2019-07-22T18:04:58: === GSkyMap ===
2019-07-22T18:04:58:  Number of pixels ..........: 1
2019-07-22T18:04:58:  X axis dimension ..........: 1
2019-07-22T18:04:58:  Y axis dimension ..........: 1
2019-07-22T18:04:58:  Number of maps ............: 6600
2019-07-22T18:04:58:  Shape of maps .............: (200, 33)
2019-07-22T18:04:58: === GCTACubeEdisp ===
2019-07-22T18:04:58:  Filename ..................: /cta/carli/CPPM_Internship/Simulations_and_Analyses/South_z40_50h/source3d/edisp_cube.fits
2019-07-22T18:04:58: === GEnergies ===
2019-07-22T18:04:58:  Number of energies ........: 33
2019-07-22T18:04:58:  Number of migra bins ......: 100
2019-07-22T18:04:58:  Migra range ...............: 0.02 - 2
2019-07-22T18:04:58: === GSkyMap ===
2019-07-22T18:04:58:  Number of pixels ..........: 1
2019-07-22T18:04:58:  X axis dimension ..........: 1
2019-07-22T18:04:58:  Y axis dimension ..........: 1
2019-07-22T18:04:58:  Number of maps ............: 3300
2019-07-22T18:04:58:  Shape of maps .............: (100, 33)
2019-07-22T18:04:58: === GCTACubeBackground ===
2019-07-22T18:04:58:  Filename ..................: /cta/carli/CPPM_Internship/Simulations_and_Analyses/South_z40_50h/source3d/background_cube.fits
2019-07-22T18:04:58: === GEbounds ===
2019-07-22T18:04:58:  Number of intervals .......: 32
2019-07-22T18:04:58:  Energy range ..............: 100 GeV - 199.526229858398 TeV
2019-07-22T18:04:58: === GSkyMap ===
2019-07-22T18:04:58:  Number of pixels ..........: 6400
2019-07-22T18:04:58:  X axis dimension ..........: 80
2019-07-22T18:04:58:  Y axis dimension ..........: 80
2019-07-22T18:04:58:  Number of maps ............: 32
2019-07-22T18:04:58:  Shape of maps .............: (32)
2019-07-22T18:04:58: === GCTAResponseCache ===
2019-07-22T18:04:58:  Number of cached values ...: 0
2019-07-22T18:04:58: === GCTAEventCube ===
2019-07-22T18:04:58:  Number of events ..........: 326466
2019-07-22T18:04:58:  Number of elements ........: 204800
2019-07-22T18:04:58:  Number of pixels ..........: 6400
2019-07-22T18:04:58:  Number of energy bins .....: 32
2019-07-22T18:04:58:  Time interval .............: 51544.5 - 51546.1666666667 days
2019-07-22T18:04:58:  Pointing ..................: (RA,Dec)=(84.1331,22.0145)
2019-07-22T18:04:58: === GEbounds ===
2019-07-22T18:04:58:  Number of intervals .......: 32
2019-07-22T18:04:58:  Energy range ..............: 100 GeV - 199.526229858398 TeV
2019-07-22T18:04:58: === GSkyMap ===
2019-07-22T18:04:58:  Number of pixels ..........: 6400
2019-07-22T18:04:58:  X axis dimension ..........: 80
2019-07-22T18:04:58:  Y axis dimension ..........: 80
2019-07-22T18:04:58:  Number of maps ............: 32
2019-07-22T18:04:58:  Shape of maps .............: (32)
2019-07-22T18:04:58: === GSkyRegions ===
2019-07-22T18:04:58:  Number of regions .........: 0
2019-07-22T18:04:58: === GModels ===
2019-07-22T18:04:58:  Number of models ..........: 2
2019-07-22T18:04:58:  Number of parameters ......: 11
2019-07-22T18:04:58: === GModelSky ===
2019-07-22T18:04:58:  Name ......................: source3d
2019-07-22T18:04:58:  Instruments ...............: all
2019-07-22T18:04:58:  Test Statistic ............: Computation requested
2019-07-22T18:04:58:  Observation identifiers ...: all
2019-07-22T18:04:58:  Model type ................: PointSource
2019-07-22T18:04:58:  Model components ..........: "PointSource" * "ExponentialCutoffPowerLaw" * "Constant"
2019-07-22T18:04:58:  Number of parameters ......: 7
2019-07-22T18:04:58:  Number of spatial par's ...: 2
2019-07-22T18:04:58:   RA .......................: 83.6331 [-360,360] deg (fixed,scale=1)
2019-07-22T18:04:58:   DEC ......................: 22.0145 [-90,90] deg (fixed,scale=1)
2019-07-22T18:04:58:  Number of spectral par's ..: 4
2019-07-22T18:04:58:   Prefactor ................: 3.04e-18 +/- 0 [1e-25,1e-15] ph/cm2/s/MeV (free,scale=1e-18,gradient)
2019-07-22T18:04:58:   Index ....................: -2 +/- 0 [-0,-5]  (free,scale=-1,gradient)
2019-07-22T18:04:58:   CutoffEnergy .............: 200000000 +/- 0 [1000000,100000000000] MeV (free,scale=100000000,gradient)
2019-07-22T18:04:58:   PivotEnergy ..............: 1000000 [10000,1000000000] MeV (fixed,scale=1000000,gradient)
2019-07-22T18:04:58:  Number of temporal par's ..: 1
2019-07-22T18:04:58:   Normalization ............: 1 (relative value) (fixed,scale=1,gradient)
2019-07-22T18:04:58:  Number of scale par's .....: 0
2019-07-22T18:04:58: === GCTAModelCubeBackground ===
2019-07-22T18:04:58:  Name ......................: BackgroundModel
2019-07-22T18:04:58:  Instruments ...............: CTA, HESS, MAGIC, VERITAS
2019-07-22T18:04:58:  Observation identifiers ...: all
2019-07-22T18:04:58:  Model type ................: "PowerLaw" * "Constant"
2019-07-22T18:04:58:  Number of parameters ......: 4
2019-07-22T18:04:58:  Number of spectral par's ..: 3
2019-07-22T18:04:58:   Prefactor ................: 1 +/- 0 [0.01,100] ph/cm2/s/MeV (free,scale=1,gradient)
2019-07-22T18:04:58:   Index ....................: 0 +/- 0 [-5,5]  (free,scale=1,gradient)
2019-07-22T18:04:58:   PivotEnergy ..............: 1000000 MeV (fixed,scale=1000000,gradient)
2019-07-22T18:04:58:  Number of temporal par's ..: 1
2019-07-22T18:04:58:   Normalization ............: 1 (relative value) (fixed,scale=1,gradient)
2019-07-22T18:04:58: 
2019-07-22T18:04:58: +=================================+
2019-07-22T18:04:58: | Maximum likelihood optimisation |
2019-07-22T18:04:58: +=================================+
2019-07-22T18:05:30:  >Iteration   0: -logL=-352556.658, Lambda=1.0e-03
2019-07-22T18:05:59:  >Iteration   1: -logL=-352571.187, Lambda=1.0e-03, delta=14.529, step=1.0e+00, max(|grad|)=401.483055 [Index:3]
2019-07-22T18:06:29:  >Iteration   2: -logL=-352576.385, Lambda=1.0e-04, delta=5.199, step=1.0e+00, max(|grad|)=242.977618 [Index:3]
2019-07-22T18:06:58:  >Iteration   3: -logL=-352578.141, Lambda=1.0e-05, delta=1.756, step=1.0e+00, max(|grad|)=135.762596 [Index:3]
2019-07-22T18:07:27:  >Iteration   4: -logL=-352578.671, Lambda=1.0e-06, delta=0.530, step=1.0e+00, max(|grad|)=70.278733 [Index:3]
2019-07-22T18:07:56:  >Iteration   5: -logL=-352578.814, Lambda=1.0e-07, delta=0.143, step=1.0e+00, max(|grad|)=33.133058 [Index:3]
2019-07-22T18:08:26:  >Iteration   6: -logL=-352578.848, Lambda=1.0e-08, delta=0.033, step=1.0e+00, max(|grad|)=13.426363 [Index:3]
2019-07-22T18:08:55:  >Iteration   7: -logL=-352578.854, Lambda=1.0e-09, delta=0.006, step=1.0e+00, max(|grad|)=4.058246 [Index:3]
2019-07-22T18:09:24:  >Iteration   8: -logL=-352578.854, Lambda=1.0e-10, delta=0.001, step=1.0e+00, max(|grad|)=0.678538 [Index:3]
2019-07-22T18:09:24:  
2019-07-22T18:09:24:  +==================+
2019-07-22T18:09:24:  | Curvature matrix |
2019-07-22T18:09:24:  +==================+
2019-07-22T18:09:24:  === GMatrixSparse ===
2019-07-22T18:09:24:   Number of rows ............: 11
2019-07-22T18:09:24:   Number of columns .........: 11
2019-07-22T18:09:24:   Number of nonzero elements : 25
2019-07-22T18:09:24:   Number of allocated cells .: 537
2019-07-22T18:09:24:   Memory block size .........: 512
2019-07-22T18:09:24:   Sparse matrix fill ........: 0.206611570247934
2019-07-22T18:09:24:   Pending element ...........: 0
2019-07-22T18:09:24:   Fill stack size ...........: 0 (none)
2019-07-22T18:09:24:   0, 0, 0, 0, 0, 0, 0, 0, 0, 0, 0
2019-07-22T18:09:24:   0, 0, 0, 0, 0, 0, 0, 0, 0, 0, 0
2019-07-22T18:09:24:   0, 0, 2015.80952492444, -1478.68742678615, 0.044344812083168, 0, 0, 1466.44611849751, -2205.11789352854, 0, 0
2019-07-22T18:09:24:   0, 0, -1478.68742678615, 39269.257467998, -0.369368695104496, 0, 0, 6760.15521230654, -12334.6201534103, 0, 0
2019-07-22T18:09:24:   0, 0, 0.044344812083168, -0.369368695104496, 8.2925852736956e-06, 0, 0, 0.00263822558701757, -1.46703501583741e-05, 0, 0
2019-07-22T18:09:24:   0, 0, 0, 0, 0, 0, 0, 0, 0, 0, 0
2019-07-22T18:09:24:   0, 0, 0, 0, 0, 0, 0, 0, 0, 0, 0
2019-07-22T18:09:24:   0, 0, 1466.44611849751, 6760.15521230653, 0.00263822558701757, 0, 0, 302092.1457878, -472165.156936107, 0, 0
2019-07-22T18:09:24:   0, 0, -2205.11789352854, -12334.6201534103, -1.46703501583707e-05, 0, 0, -472165.156936107, 888844.959427683, 0, 0
2019-07-22T18:09:24:   0, 0, 0, 0, 0, 0, 0, 0, 0, 0, 0
2019-07-22T18:09:24:   0, 0, 0, 0, 0, 0, 0, 0, 0, 0, 0
2019-07-22T18:09:54: 
2019-07-22T18:09:54: +====================================+
2019-07-22T18:09:54: | Maximum likelihood re-optimisation |
2019-07-22T18:09:54: +====================================+
2019-07-22T18:09:54:  >Iteration   0: -logL=-297137.462, Lambda=1.0e-03
2019-07-22T18:09:55:  >Iteration   1: -logL=-300535.810, Lambda=1.0e-03, delta=3398.348, step=1.0e+00, max(|grad|)=-9891.296975 [Prefactor:0]
2019-07-22T18:09:55:  >Iteration   2: -logL=-301052.216, Lambda=1.0e-04, delta=516.406, step=1.0e+00, max(|grad|)=-1503.612173 [Prefactor:0]
2019-07-22T18:09:56:  >Iteration   3: -logL=-301069.170, Lambda=1.0e-05, delta=16.954, step=1.0e+00, max(|grad|)=-165.537513 [Index:1]
2019-07-22T18:09:57:  >Iteration   4: -logL=-301069.347, Lambda=1.0e-06, delta=0.177, step=1.0e+00, max(|grad|)=-30.289457 [Index:1]
2019-07-22T18:09:57:  >Iteration   5: -logL=-301069.349, Lambda=1.0e-07, delta=0.002, step=1.0e+00, max(|grad|)=-3.526618 [Index:1]
2019-07-22T18:09:57: 
2019-07-22T18:09:57: +============================================+
2019-07-22T18:09:57: | Maximum likelihood re-optimisation results |
2019-07-22T18:09:57: +============================================+
2019-07-22T18:09:57: === GOptimizerLM ===
2019-07-22T18:09:57:  Optimized function value ..: -301069.349
2019-07-22T18:09:57:  Absolute precision ........: 0.005
2019-07-22T18:09:57:  Acceptable value decrease .: 2
2019-07-22T18:09:57:  Optimization status .......: converged
2019-07-22T18:09:57:  Number of parameters ......: 4
2019-07-22T18:09:57:  Number of free parameters .: 2
2019-07-22T18:09:57:  Number of iterations ......: 5
2019-07-22T18:09:57:  Lambda ....................: 1e-08
2019-07-22T18:09:57: 
2019-07-22T18:09:57: +=========================================+
2019-07-22T18:09:57: | Maximum likelihood optimisation results |
2019-07-22T18:09:57: +=========================================+
2019-07-22T18:09:57: === GOptimizerLM ===
2019-07-22T18:09:57:  Optimized function value ..: -352578.854
2019-07-22T18:09:57:  Absolute precision ........: 0.005
2019-07-22T18:09:57:  Acceptable value decrease .: 2
2019-07-22T18:09:57:  Optimization status .......: converged
2019-07-22T18:09:57:  Number of parameters ......: 11
2019-07-22T18:09:57:  Number of free parameters .: 5
2019-07-22T18:09:57:  Number of iterations ......: 8
2019-07-22T18:09:57:  Lambda ....................: 1e-11
2019-07-22T18:09:57:  Maximum log likelihood ....: 352578.854
2019-07-22T18:09:57:  Observed events  (Nobs) ...: 326466.000
2019-07-22T18:09:57:  Predicted events (Npred) ..: 324696.766 (Nobs - Npred = 1769.23434426816)
2019-07-22T18:09:57: === GModels ===
2019-07-22T18:09:57:  Number of models ..........: 2
2019-07-22T18:09:57:  Number of parameters ......: 11
2019-07-22T18:09:57: === GModelSky ===
2019-07-22T18:09:57:  Name ......................: source3d
2019-07-22T18:09:57:  Instruments ...............: all
2019-07-22T18:09:57:  Test Statistic ............: 103019.010194907
2019-07-22T18:09:57:  Observation identifiers ...: all
2019-07-22T18:09:57:  Model type ................: PointSource
2019-07-22T18:09:57:  Model components ..........: "PointSource" * "ExponentialCutoffPowerLaw" * "Constant"
2019-07-22T18:09:57:  Number of parameters ......: 7
2019-07-22T18:09:57:  Number of spatial par's ...: 2
2019-07-22T18:09:57:   RA .......................: 83.6331 [-360,360] deg (fixed,scale=1)
2019-07-22T18:09:57:   DEC ......................: 22.0145 [-90,90] deg (fixed,scale=1)
2019-07-22T18:09:57:  Number of spectral par's ..: 4
2019-07-22T18:09:57:   Prefactor ................: 3.01253702871408e-18 +/- 2.38220151131485e-20 [1e-25,1e-15] ph/cm2/s/MeV (free,scale=1e-18,gradient)
2019-07-22T18:09:57:   Index ....................: -2.00877695444809 +/- 0.00666341294004386 [-0,-5]  (free,scale=-1,gradient)
2019-07-22T18:09:57:   CutoffEnergy .............: 7765310151.56143 +/- 48005022005.0766 [1000000,100000000000] MeV (free,scale=100000000,gradient)
2019-07-22T18:09:57:   PivotEnergy ..............: 1000000 [10000,1000000000] MeV (fixed,scale=1000000,gradient)
2019-07-22T18:09:57:  Number of temporal par's ..: 1
2019-07-22T18:09:57:   Normalization ............: 1 (relative value) (fixed,scale=1,gradient)
2019-07-22T18:09:57:  Number of scale par's .....: 0
2019-07-22T18:09:57: === GCTAModelCubeBackground ===
2019-07-22T18:09:57:  Name ......................: BackgroundModel
2019-07-22T18:09:57:  Instruments ...............: CTA, HESS, MAGIC, VERITAS
2019-07-22T18:09:57:  Observation identifiers ...: all
2019-07-22T18:09:57:  Model type ................: "PowerLaw" * "Constant"
2019-07-22T18:09:57:  Number of parameters ......: 4
2019-07-22T18:09:57:  Number of spectral par's ..: 3
2019-07-22T18:09:57:   Prefactor ................: 0.992591742793679 +/- 0.00441837510509845 [0.01,100] ph/cm2/s/MeV (free,scale=1,gradient)
2019-07-22T18:09:57:   Index ....................: -0.00379170678713076 +/- 0.00257564289612384 [-5,5]  (free,scale=1,gradient)
2019-07-22T18:09:57:   PivotEnergy ..............: 1000000 MeV (fixed,scale=1000000,gradient)
2019-07-22T18:09:57:  Number of temporal par's ..: 1
2019-07-22T18:09:57:   Normalization ............: 1 (relative value) (fixed,scale=1,gradient)
2019-07-22T18:09:57: 
2019-07-22T18:09:57: +==============+
2019-07-22T18:09:57: | Save results |
2019-07-22T18:09:57: +==============+
2019-07-22T18:09:57:  Model definition file .....: /cta/carli/CPPM_Internship/Simulations_and_Analyses/South_z40_50h/source3d/obsmodel_binned.xml
2019-07-22T18:09:57:  Covariance matrix file ....: NONE
2019-07-22T18:09:57: 
2019-07-22T18:09:57: Application "ctlike" terminated after 299 wall clock seconds, consuming 309.22 seconds of CPU time.
