2019-07-22T12:15:49: ********************************************************************************
2019-07-22T12:15:49: *                                   ctobssim                                   *
2019-07-22T12:15:49: * ---------------------------------------------------------------------------- *
2019-07-22T12:15:49: * Version: 1.6.0                                                               *
2019-07-22T12:15:49: ********************************************************************************
2019-07-22T12:15:49: +============+
2019-07-22T12:15:49: | Parameters |
2019-07-22T12:15:49: +============+
2019-07-22T12:15:49:  inobs .....................: NONE
2019-07-22T12:15:49:  inmodel ...................: /cta/carli/anaconda3/share/models/source3d.xml
2019-07-22T12:15:49:  caldb .....................: prod3b-v2
2019-07-22T12:15:49:  irf .......................: South_z40_50h
2019-07-22T12:15:49:  edisp .....................: yes
2019-07-22T12:15:49:  outevents .................: /cta/carli/CPPM_Internship/Simulations_and_Analyses/South_z40_50h/source3d/obs.fits
2019-07-22T12:15:49:  prefix ....................: sim_events_
2019-07-22T12:15:49:  startindex ................: 1
2019-07-22T12:15:49:  seed ......................: 1000
2019-07-22T12:15:49:  ra ........................: 84.1331
2019-07-22T12:15:49:  dec .......................: 22.0145
2019-07-22T12:15:49:  rad .......................: 0.8
2019-07-22T12:15:49:  tmin ......................: 0
2019-07-22T12:15:49:  tmax ......................: 144000
2019-07-22T12:15:49:  mjdref ....................: 51544.5
2019-07-22T12:15:49:  emin ......................: 0.1
2019-07-22T12:15:49:  emax ......................: 199.526229858398
2019-07-22T12:15:49:  deadc .....................: 0.98
2019-07-22T12:15:49:  maxrate ...................: 1.0e6
2019-07-22T12:15:49:  eslices ...................: 10
2019-07-22T12:15:49:  nthreads ..................: 0
2019-07-22T12:15:49:  publish ...................: no
2019-07-22T12:15:49:  chatter ...................: 4
2019-07-22T12:15:49:  clobber ...................: yes
2019-07-22T12:15:49:  debug .....................: no
2019-07-22T12:15:49:  mode ......................: ql
2019-07-22T12:15:49:  logfile ...................: ctobssim.log
2019-07-22T12:15:49: 
2019-07-22T12:15:49: +================+
2019-07-22T12:15:49: | Execution mode |
2019-07-22T12:15:49: +================+
2019-07-22T12:15:49:  Event list management .....: Save and dispose (reduces memory needs)
2019-07-22T12:15:49:  Output format .............: Write single event list FITS file
2019-07-22T12:15:49: 
2019-07-22T12:15:49: +=============+
2019-07-22T12:15:49: | Seed values |
2019-07-22T12:15:49: +=============+
2019-07-22T12:15:49:  Seed 0 ....................: 6233869624
2019-07-22T12:15:49: 
2019-07-22T12:15:49: +===================+
2019-07-22T12:15:49: | Input observation |
2019-07-22T12:15:49: +===================+
2019-07-22T12:15:50: === GObservations ===
2019-07-22T12:15:50:  Number of observations ....: 1
2019-07-22T12:15:50:  Number of models ..........: 2
2019-07-22T12:15:50:  Number of observed events .: 0
2019-07-22T12:15:50:  Number of predicted events : 0
2019-07-22T12:15:50: === GCTAObservation ===
2019-07-22T12:15:50:  Name ......................: 
2019-07-22T12:15:50:  Identifier ................: 
2019-07-22T12:15:50:  Instrument ................: CTA
2019-07-22T12:15:50:  Event file ................: 
2019-07-22T12:15:50:  Event type ................: EventList
2019-07-22T12:15:50:  Statistic .................: cstat
2019-07-22T12:15:50:  Ontime ....................: 144000 s
2019-07-22T12:15:50:  Livetime ..................: 141120 s
2019-07-22T12:15:50:  Deadtime correction .......: 0.98
2019-07-22T12:15:50:  User energy range .........: undefined
2019-07-22T12:15:50: === GCTAPointing ===
2019-07-22T12:15:50:  Pointing direction ........: (RA,Dec)=(84.1331,22.0145)
2019-07-22T12:15:50: === GCTAResponseIrf ===
2019-07-22T12:15:50:  Caldb mission .............: cta
2019-07-22T12:15:50:  Caldb instrument ..........: prod3b-v2
2019-07-22T12:15:50:  Response name .............: South_z40_50h
2019-07-22T12:15:50:  Energy dispersion .........: Used
2019-07-22T12:15:50:  Safe energy range .........: undefined
2019-07-22T12:15:50: === GCaldb ===
2019-07-22T12:15:50:  Database root .............: /cta/carli/anaconda3/share/caldb
2019-07-22T12:15:50:  Selected Mission ..........: CTA
2019-07-22T12:15:50:  Selected Instrument .......: PROD3B-V2
2019-07-22T12:15:50:  Calibration Index File ....: /cta/carli/anaconda3/share/caldb/data/cta/prod3b-v2/caldb.indx
2019-07-22T12:15:50:  Number of entries .........: 240
2019-07-22T12:15:50: === GCTAAeff2D ===
2019-07-22T12:15:50:  Filename ..................: /cta/carli/anaconda3/share/caldb/data/cta/prod3b-v2/bcf/South_z40_50h/irf_file.fits
2019-07-22T12:15:50:  Number of energy bins .....: 42
2019-07-22T12:15:50:  Number of offset bins .....: 6
2019-07-22T12:15:50:  Log10(Energy) range .......: 0.0125892544165254 - 199.526229858398 TeV
2019-07-22T12:15:50:  Offset angle range ........: 0 - 6 deg
2019-07-22T12:15:50:  Lower energy threshold ....: not specified
2019-07-22T12:15:50:  Upper energy threshold ....: not specified
2019-07-22T12:15:50:  Radius cut ................: none
2019-07-22T12:15:50: === GCTAPsf2D ===
2019-07-22T12:15:50:  Filename ..................: /cta/carli/anaconda3/share/caldb/data/cta/prod3b-v2/bcf/South_z40_50h/irf_file.fits
2019-07-22T12:15:50:  Number of energy bins .....: 25
2019-07-22T12:15:50:  Number of offset bins .....: 6
2019-07-22T12:15:50:  Log10(Energy) range .......: 0.0125892544165254 - 1258.92541503906 TeV
2019-07-22T12:15:50:  Offset angle range ........: 0 - 6 deg
2019-07-22T12:15:50: === GCTAEdisp2D ===
2019-07-22T12:15:50:  Filename ..................: /cta/carli/anaconda3/share/caldb/data/cta/prod3b-v2/bcf/South_z40_50h/irf_file.fits
2019-07-22T12:15:50:  Number of energy bins .....: 500
2019-07-22T12:15:50:  Number of migration bins ..: 300
2019-07-22T12:15:50:  Number of offset bins .....: 6
2019-07-22T12:15:50:  Log10(Energy) range .......: 0.00501187238842249 - 501.187225341797 TeV
2019-07-22T12:15:50:  Migration range ...........: 0 - 3
2019-07-22T12:15:50:  Offset angle range ........: 0 - 6 deg
2019-07-22T12:15:50: === GCTABackground3D ===
2019-07-22T12:15:50:  Filename ..................: /cta/carli/anaconda3/share/caldb/data/cta/prod3b-v2/bcf/South_z40_50h/irf_file.fits
2019-07-22T12:15:50:  Number of DETX bins .......: 36
2019-07-22T12:15:50:  Number of DETY bins .......: 36
2019-07-22T12:15:50:  Number of energy bins .....: 21
2019-07-22T12:15:50:  DETX range ................: -6 - 6 deg
2019-07-22T12:15:50:  DETX range ................: -6 - 6 deg
2019-07-22T12:15:50:  Energy range ..............: 0.0125892544165254 - 199.526229858398 TeV
2019-07-22T12:15:50: === GCTAResponseCache ===
2019-07-22T12:15:50:  Number of cached values ...: 0
2019-07-22T12:15:50: === GCTAResponseCache ===
2019-07-22T12:15:50:  Number of cached values ...: 0
2019-07-22T12:15:50: === GCTAEventList ===
2019-07-22T12:15:50:  Number of events ..........: 0 (disposed without possibility to recover)
2019-07-22T12:15:50:  Time interval .............: 51544.5 - 51546.1666666667 days
2019-07-22T12:15:50: === GEbounds ===
2019-07-22T12:15:50:  Number of intervals .......: 1
2019-07-22T12:15:50:  Energy range ..............: 100 GeV - 199.526229858398 TeV
2019-07-22T12:15:50: === GCTARoi ===
2019-07-22T12:15:50:  RoI centre ................: RA=84.1331, DEC=22.0145 [0,0]
2019-07-22T12:15:50:  RoI radius ................: 0.8 deg
2019-07-22T12:15:50: === GSkyRegions ===
2019-07-22T12:15:50:  Number of regions .........: 0
2019-07-22T12:15:50: === GModels ===
2019-07-22T12:15:50:  Number of models ..........: 2
2019-07-22T12:15:50:  Number of parameters ......: 11
2019-07-22T12:15:50: === GModelSky ===
2019-07-22T12:15:50:  Name ......................: source3d
2019-07-22T12:15:50:  Instruments ...............: all
2019-07-22T12:15:50:  Test Statistic ............: Computation requested
2019-07-22T12:15:50:  Observation identifiers ...: all
2019-07-22T12:15:50:  Model type ................: PointSource
2019-07-22T12:15:50:  Model components ..........: "PointSource" * "ExponentialCutoffPowerLaw" * "Constant"
2019-07-22T12:15:50:  Number of parameters ......: 7
2019-07-22T12:15:50:  Number of spatial par's ...: 2
2019-07-22T12:15:50:   RA .......................: 83.6331 [-360,360] deg (fixed,scale=1)
2019-07-22T12:15:50:   DEC ......................: 22.0145 [-90,90] deg (fixed,scale=1)
2019-07-22T12:15:50:  Number of spectral par's ..: 4
2019-07-22T12:15:50:   Prefactor ................: 3.04e-18 +/- 0 [1e-25,1e-15] ph/cm2/s/MeV (free,scale=1e-18,gradient)
2019-07-22T12:15:50:   Index ....................: -2 +/- 0 [-0,-5]  (free,scale=-1,gradient)
2019-07-22T12:15:50:   CutoffEnergy .............: 200000000 +/- 0 [1000000,100000000000] MeV (free,scale=100000000,gradient)
2019-07-22T12:15:50:   PivotEnergy ..............: 1000000 [10000,1000000000] MeV (fixed,scale=1000000,gradient)
2019-07-22T12:15:50:  Number of temporal par's ..: 1
2019-07-22T12:15:50:   Normalization ............: 1 (relative value) (fixed,scale=1,gradient)
2019-07-22T12:15:50:  Number of scale par's .....: 0
2019-07-22T12:15:50: === GCTAModelIrfBackground ===
2019-07-22T12:15:50:  Name ......................: CTABackgroundModel
2019-07-22T12:15:50:  Instruments ...............: CTA
2019-07-22T12:15:50:  Test Statistic ............: Computation requested
2019-07-22T12:15:50:  Observation identifiers ...: all
2019-07-22T12:15:50:  Model type ................: "PowerLaw" * "Constant"
2019-07-22T12:15:50:  Number of parameters ......: 4
2019-07-22T12:15:50:  Number of spectral par's ..: 3
2019-07-22T12:15:50:   Prefactor ................: 1 +/- 0 [0.001,1000] ph/cm2/s/MeV (free,scale=1,gradient)
2019-07-22T12:15:50:   Index ....................: 0 +/- 0 [-5,5]  (free,scale=1,gradient)
2019-07-22T12:15:50:   PivotEnergy ..............: 1000000 [10000,1000000000] MeV (fixed,scale=1000000,gradient)
2019-07-22T12:15:50:  Number of temporal par's ..: 1
2019-07-22T12:15:50:   Normalization ............: 1 (relative value) (fixed,scale=1,gradient)
2019-07-22T12:15:50: 
2019-07-22T12:15:50: +======================+
2019-07-22T12:15:50: | Simulate observation |
2019-07-22T12:15:50: +======================+
2019-07-22T12:15:50: === CTA observation ===
2019-07-22T12:15:50:  Simulation cone ...........: RA=84.1331 deg, Dec=22.0145 deg, radius=1.3 deg
2019-07-22T12:15:50:  Time interval .............: 0 - 144000 s
2019-07-22T12:15:50:  Photon energy range .......: 41.1040776139221 GeV - 509.274482994276 GeV
2019-07-22T12:15:50:  Event energy range ........: 100 GeV - 213.796208774656 GeV
2019-07-22T12:15:50:   Simulation area ..........: 1.24752e+10 cm2
2019-07-22T12:15:50:   Use model ................: source3d
2019-07-22T12:15:50:   Normalization ............: 1 [source3d]
2019-07-22T12:15:50:   Flux .....................: 6.79511e-11 [source3d] photons/cm2/s
2019-07-22T12:15:50:   Normalized flux ..........: 6.79511e-11 [source3d] photons/cm2/s
2019-07-22T12:15:50:   Photon rate ..............: 0.847704 photons/s [source3d]
2019-07-22T12:15:50:   Time slice ...............: 0 - 144000 s [source3d]
2019-07-22T12:15:50:   MC source photons/slice ..: 122217 [source3d]
2019-07-22T12:15:50:   MC source photons ........: 122217 [source3d]
2019-07-22T12:15:50:   MC source events .........: 4357 [source3d]
2019-07-22T12:15:50:   MC source events .........: 4357 (all source models)
2019-07-22T12:15:50:  Photon energy range .......: 100.88253715168 GeV - 860.678033986988 GeV
2019-07-22T12:15:50:  Event energy range ........: 213.796208774656 GeV - 457.088188864163 GeV
2019-07-22T12:15:50:   Simulation area ..........: 1.87235e+10 cm2
2019-07-22T12:15:50:   Use model ................: source3d
2019-07-22T12:15:50:   Normalization ............: 1 [source3d]
2019-07-22T12:15:50:   Flux .....................: 2.65694e-11 [source3d] photons/cm2/s
2019-07-22T12:15:50:   Normalized flux ..........: 2.65694e-11 [source3d] photons/cm2/s
2019-07-22T12:15:50:   Photon rate ..............: 0.497474 photons/s [source3d]
2019-07-22T12:15:50:   Time slice ...............: 0 - 144000 s [source3d]
2019-07-22T12:15:50:   MC source photons/slice ..: 71798 [source3d]
2019-07-22T12:15:50:   MC source photons ........: 71798 [source3d]
2019-07-22T12:15:50:   MC source events .........: 4593 [source3d]
2019-07-22T12:15:50:   MC source events .........: 4593 (all source models)
2019-07-22T12:15:50:  Photon energy range .......: 265.018144252 GeV - 1.57081442112741 TeV
2019-07-22T12:15:50:  Event energy range ........: 457.088188864163 GeV - 977.237218548317 GeV
2019-07-22T12:15:50:   Simulation area ..........: 3.61757e+10 cm2
2019-07-22T12:15:50:   Use model ................: source3d
2019-07-22T12:15:50:   Normalization ............: 1 [source3d]
2019-07-22T12:15:50:   Flux .....................: 9.50861e-12 [source3d] photons/cm2/s
2019-07-22T12:15:50:   Normalized flux ..........: 9.50861e-12 [source3d] photons/cm2/s
2019-07-22T12:15:50:   Photon rate ..............: 0.343981 photons/s [source3d]
2019-07-22T12:15:50:   Time slice ...............: 0 - 144000 s [source3d]
2019-07-22T12:15:50:   MC source photons/slice ..: 49564 [source3d]
2019-07-22T12:15:50:   MC source photons ........: 49564 [source3d]
2019-07-22T12:15:50:   MC source events .........: 3601 [source3d]
2019-07-22T12:15:50:   MC source events .........: 3601 (all source models)
2019-07-22T12:15:50:  Photon energy range .......: 625.275670425715 GeV - 3.04099144442538 TeV
2019-07-22T12:15:50:  Event energy range ........: 977.237218548317 GeV - 2.0892961239912 TeV
2019-07-22T12:15:50:   Simulation area ..........: 5.65391e+10 cm2
2019-07-22T12:15:50:   Use model ................: source3d
2019-07-22T12:15:50:   Normalization ............: 1 [source3d]
2019-07-22T12:15:50:   Flux .....................: 3.83824e-12 [source3d] photons/cm2/s
2019-07-22T12:15:50:   Normalized flux ..........: 3.83824e-12 [source3d] photons/cm2/s
2019-07-22T12:15:50:   Photon rate ..............: 0.21701 photons/s [source3d]
2019-07-22T12:15:50:   Time slice ...............: 0 - 144000 s [source3d]
2019-07-22T12:15:50:   MC source photons/slice ..: 31196 [source3d]
2019-07-22T12:15:50:   MC source photons ........: 31196 [source3d]
2019-07-22T12:15:50:   MC source events .........: 3661 [source3d]
2019-07-22T12:15:50:   MC source events .........: 3661 (all source models)
2019-07-22T12:15:50:  Photon energy range .......: 1.52598487124743 TeV - 6.09062686094979 TeV
2019-07-22T12:15:50:  Event energy range ........: 2.0892961239912 TeV - 4.46683590316902 TeV
2019-07-22T12:15:50:   Simulation area ..........: 6.97105e+10 cm2
2019-07-22T12:15:50:   Use model ................: source3d
2019-07-22T12:15:50:   Normalization ............: 1 [source3d]
2019-07-22T12:15:50:   Flux .....................: 1.47216e-12 [source3d] photons/cm2/s
2019-07-22T12:15:50:   Normalized flux ..........: 1.47216e-12 [source3d] photons/cm2/s
2019-07-22T12:15:50:   Photon rate ..............: 0.102625 photons/s [source3d]
2019-07-22T12:15:50:   Time slice ...............: 0 - 144000 s [source3d]
2019-07-22T12:15:50:   MC source photons/slice ..: 14839 [source3d]
2019-07-22T12:15:50:   MC source photons ........: 14839 [source3d]
2019-07-22T12:15:50:   MC source events .........: 2927 [source3d]
2019-07-22T12:15:50:   MC source events .........: 2927 (all source models)
2019-07-22T12:15:50:  Photon energy range .......: 3.46329780546817 TeV - 13.5112010225502 TeV
2019-07-22T12:15:50:  Event energy range ........: 4.46683590316902 TeV - 9.54992581316053 TeV
2019-07-22T12:15:50:   Simulation area ..........: 8.66705e+10 cm2
2019-07-22T12:15:50:   Use model ................: source3d
2019-07-22T12:15:50:   Normalization ............: 1 [source3d]
2019-07-22T12:15:50:   Flux .....................: 6.32462e-13 [source3d] photons/cm2/s
2019-07-22T12:15:50:   Normalized flux ..........: 6.32462e-13 [source3d] photons/cm2/s
2019-07-22T12:15:50:   Photon rate ..............: 0.0548158 photons/s [source3d]
2019-07-22T12:15:50:   Time slice ...............: 0 - 144000 s [source3d]
2019-07-22T12:15:50:   MC source photons/slice ..: 7884 [source3d]
2019-07-22T12:15:50:   MC source photons ........: 7884 [source3d]
2019-07-22T12:15:50:   MC source events .........: 1729 [source3d]
2019-07-22T12:15:50:   MC source events .........: 1729 (all source models)
2019-07-22T12:15:50:  Photon energy range .......: 7.57686977261953 TeV - 27.092165885067 TeV
2019-07-22T12:15:50:  Event energy range ........: 9.54992581316053 TeV - 20.4173793293294 TeV
2019-07-22T12:15:50:   Simulation area ..........: 1.12177e+11 cm2
2019-07-22T12:15:50:   Use model ................: source3d
2019-07-22T12:15:50:   Normalization ............: 1 [source3d]
2019-07-22T12:15:50:   Flux .....................: 2.70365e-13 [source3d] photons/cm2/s
2019-07-22T12:15:50:   Normalized flux ..........: 2.70365e-13 [source3d] photons/cm2/s
2019-07-22T12:15:50:   Photon rate ..............: 0.0303288 photons/s [source3d]
2019-07-22T12:15:50:   Time slice ...............: 0 - 144000 s [source3d]
2019-07-22T12:15:50:   MC source photons/slice ..: 4297 [source3d]
2019-07-22T12:15:50:   MC source photons ........: 4297 [source3d]
2019-07-22T12:15:50:   MC source events .........: 940 [source3d]
2019-07-22T12:15:50:   MC source events .........: 940 (all source models)
2019-07-22T12:15:50:  Photon energy range .......: 15.830324777243 TeV - 56.4077240740645 TeV
2019-07-22T12:15:50:  Event energy range ........: 20.4173793293294 TeV - 43.6515829372465 TeV
2019-07-22T12:15:50:   Simulation area ..........: 1.17056e+11 cm2
2019-07-22T12:15:50:   Use model ................: source3d
2019-07-22T12:15:50:   Normalization ............: 1 [source3d]
2019-07-22T12:15:50:   Flux .....................: 1.20282e-13 [source3d] photons/cm2/s
2019-07-22T12:15:50:   Normalized flux ..........: 1.20282e-13 [source3d] photons/cm2/s
2019-07-22T12:15:50:   Photon rate ..............: 0.0140798 photons/s [source3d]
2019-07-22T12:15:50:   Time slice ...............: 0 - 144000 s [source3d]
2019-07-22T12:15:50:   MC source photons/slice ..: 2009 [source3d]
2019-07-22T12:15:50:   MC source photons ........: 2009 [source3d]
2019-07-22T12:15:50:   MC source events .........: 513 [source3d]
2019-07-22T12:15:50:   MC source events .........: 513 (all source models)
2019-07-22T12:15:50:  Photon energy range .......: 34.3839906563315 TeV - 116.046716746149 TeV
2019-07-22T12:15:50:  Event energy range ........: 43.6515829372465 TeV - 93.3254293899579 TeV
2019-07-22T12:15:50:   Simulation area ..........: 1.44425e+11 cm2
2019-07-22T12:15:50:   Use model ................: source3d
2019-07-22T12:15:50:   Normalization ............: 1 [source3d]
2019-07-22T12:15:50:   Flux .....................: 4.64786e-14 [source3d] photons/cm2/s
2019-07-22T12:15:50:   Normalized flux ..........: 4.64786e-14 [source3d] photons/cm2/s
2019-07-22T12:15:50:   Photon rate ..............: 0.00671266 photons/s [source3d]
2019-07-22T12:15:50:   Time slice ...............: 0 - 144000 s [source3d]
2019-07-22T12:15:50:   MC source photons/slice ..: 1011 [source3d]
2019-07-22T12:15:50:   MC source photons ........: 1011 [source3d]
2019-07-22T12:15:50:   MC source events .........: 220 [source3d]
2019-07-22T12:15:50:   MC source events .........: 220 (all source models)
2019-07-22T12:15:50:  Photon energy range .......: 79.1906822067056 TeV - 239.08155027665 TeV
2019-07-22T12:15:50:  Event energy range ........: 93.3254293899579 TeV - 199.526229858398 TeV
2019-07-22T12:15:50:   Simulation area ..........: 1.5972e+11 cm2
2019-07-22T12:15:50:   Use model ................: source3d
2019-07-22T12:15:50:   Normalization ............: 1 [source3d]
2019-07-22T12:15:50:   Flux .....................: 1.36348e-14 [source3d] photons/cm2/s
2019-07-22T12:15:50:   Normalized flux ..........: 1.36348e-14 [source3d] photons/cm2/s
2019-07-22T12:15:50:   Photon rate ..............: 0.00217775 photons/s [source3d]
2019-07-22T12:15:50:   Time slice ...............: 0 - 144000 s [source3d]
2019-07-22T12:15:50:   MC source photons/slice ..: 331 [source3d]
2019-07-22T12:15:50:   MC source photons ........: 331 [source3d]
2019-07-22T12:15:50:   MC source events .........: 82 [source3d]
2019-07-22T12:15:50:   MC source events .........: 82 (all source models)
2019-07-22T12:15:50:  MC source photons .........: 305146 [source3d]
2019-07-22T12:15:50:  MC source events ..........: 22623 [source3d]
2019-07-22T12:16:05:  MC events outside ROI .....: 0
2019-07-22T12:16:05:  MC background events ......: 303845
2019-07-22T12:16:05:  MC identifier 1 ...........: source3d
2019-07-22T12:16:05:  MC identifier 2 ...........: CTABackgroundModel
2019-07-22T12:16:05:  MC events .................: 326468 (all models)
2019-07-22T12:16:07: 
2019-07-22T12:16:07: +==================+
2019-07-22T12:16:07: | Save observation |
2019-07-22T12:16:07: +==================+
2019-07-22T12:16:07: 
2019-07-22T12:16:07: Application "ctobssim" terminated after 18 wall clock seconds, consuming 17.29 seconds of CPU time.
