2019-07-23T18:09:44: ********************************************************************************
2019-07-23T18:09:44: *                                     ctbin                                    *
2019-07-23T18:09:44: * ---------------------------------------------------------------------------- *
2019-07-23T18:09:44: * Version: 1.6.0                                                               *
2019-07-23T18:09:44: ********************************************************************************
2019-07-23T18:09:44: +============+
2019-07-23T18:09:44: | Parameters |
2019-07-23T18:09:44: +============+
2019-07-23T18:09:44:  inobs .....................: /cta/carli/CPPM_Internship/Simulations_and_Analyses/plus_constant_EDisp_South_z40_50h/source2c/obs.fits
2019-07-23T18:09:44:  outobs ....................: /cta/carli/CPPM_Internship/Simulations_and_Analyses/plus_constant_EDisp_South_z40_50h/source2c/obs_cube.fits
2019-07-23T18:09:44:  stack .....................: yes
2019-07-23T18:09:44:  prefix ....................: cntcube_
2019-07-23T18:09:44:  ebinalg ...................: LOG
2019-07-23T18:09:44:  emin ......................: 0.1
2019-07-23T18:09:44:  emax ......................: 199.526229858398
2019-07-23T18:09:44:  enumbins ..................: 32
2019-07-23T18:09:44:  ebinfile ..................: [not queried]
2019-07-23T18:09:44:  usepnt ....................: yes
2019-07-23T18:09:44:  nxpix .....................: 80
2019-07-23T18:09:44:  nypix .....................: 80
2019-07-23T18:09:44:  binsz .....................: 0.02
2019-07-23T18:09:44:  coordsys ..................: GAL
2019-07-23T18:09:44:  proj ......................: TAN
2019-07-23T18:09:44:  xref ......................: [not queried]
2019-07-23T18:09:44:  yref ......................: [not queried]
2019-07-23T18:09:44:  nthreads ..................: 0
2019-07-23T18:09:44:  publish ...................: no
2019-07-23T18:09:44:  chatter ...................: 4
2019-07-23T18:09:44:  clobber ...................: yes
2019-07-23T18:09:44:  debug .....................: no
2019-07-23T18:09:44:  mode ......................: ql
2019-07-23T18:09:44:  logfile ...................: ctbin.log
2019-07-23T18:09:44: 
2019-07-23T18:09:44: +===================+
2019-07-23T18:09:44: | Input observation |
2019-07-23T18:09:44: +===================+
2019-07-23T18:09:44: === GObservations ===
2019-07-23T18:09:44:  Number of observations ....: 1
2019-07-23T18:09:44:  Number of models ..........: 0
2019-07-23T18:09:44:  Number of observed events .: 320440
2019-07-23T18:09:44:  Number of predicted events : 0
2019-07-23T18:09:44: === GCTAObservation ===
2019-07-23T18:09:44:  Name ......................: 
2019-07-23T18:09:44:  Identifier ................: 000001
2019-07-23T18:09:44:  Instrument ................: CTA
2019-07-23T18:09:44:  Event file ................: /cta/carli/CPPM_Internship/Simulations_and_Analyses/plus_constant_EDisp_South_z40_50h/source2c/obs.fits
2019-07-23T18:09:44:  Event type ................: EventList
2019-07-23T18:09:44:  Statistic .................: cstat
2019-07-23T18:09:44:  Ontime ....................: 144000 s
2019-07-23T18:09:44:  Livetime ..................: 141120 s
2019-07-23T18:09:44:  Deadtime correction .......: 0.98
2019-07-23T18:09:44:  User energy range .........: undefined
2019-07-23T18:09:44: === GCTAPointing ===
2019-07-23T18:09:44:  Pointing direction ........: (RA,Dec)=(84.1331,22.0145)
2019-07-23T18:09:44:  Response function .........: undefined
2019-07-23T18:09:44: === GCTAEventList ===
2019-07-23T18:09:44:  Number of events ..........: 320440 (disposed in "/cta/carli/CPPM_Internship/Simulations_and_Analyses/plus_constant_EDisp_South_z40_50h/source2c/obs.fits")
2019-07-23T18:09:44:  Time interval .............: 51544.5 - 51546.1666666667 days
2019-07-23T18:09:44: === GEbounds ===
2019-07-23T18:09:44:  Number of intervals .......: 1
2019-07-23T18:09:44:  Energy range ..............: 100 GeV - 199.526229858398 TeV
2019-07-23T18:09:44: === GCTARoi ===
2019-07-23T18:09:44:  RoI centre ................: RA=84.1331, DEC=22.0145 [0,0]
2019-07-23T18:09:44:  RoI radius ................: 0.8 deg
2019-07-23T18:09:44: === GSkyRegions ===
2019-07-23T18:09:44:  Number of regions .........: 0
2019-07-23T18:09:44: === GModels ===
2019-07-23T18:09:44:  Number of models ..........: 0
2019-07-23T18:09:44:  Number of parameters ......: 0
2019-07-23T18:09:44: 
2019-07-23T18:09:44: +===========================+
2019-07-23T18:09:44: | Find unbinned observation |
2019-07-23T18:09:44: +===========================+
2019-07-23T18:09:44: === CTA observation (id=000001) ===
2019-07-23T18:09:44:  Including unbinned CTA observation
2019-07-23T18:09:44: === Summary ===
2019-07-23T18:09:44:  Number of observations ....: 1
2019-07-23T18:09:44:  Mean pointing .............: (RA,Dec)=(84.1331,22.0145)
2019-07-23T18:09:44:  Use mean pointing .........: yes
2019-07-23T18:09:44: 
2019-07-23T18:09:44: +=================+
2019-07-23T18:09:44: | Bin observation |
2019-07-23T18:09:44: +=================+
2019-07-23T18:09:45: === CTA observation (id=000001) ===
2019-07-23T18:09:45:  Events in list ............: 320440
2019-07-23T18:09:45:  Events in cube ............: 320436
2019-07-23T18:09:45:  Events outside RoI ........: 1
2019-07-23T18:09:45:  Events with invalid WCS ...: 0
2019-07-23T18:09:45:  Events outside cube area ..: 1
2019-07-23T18:09:45:  Events outside energy bins : 2
2019-07-23T18:09:45: 
2019-07-23T18:09:45: +====================+
2019-07-23T18:09:45: | Binned observation |
2019-07-23T18:09:45: +====================+
2019-07-23T18:09:45: === GObservations ===
2019-07-23T18:09:45:  Number of observations ....: 1
2019-07-23T18:09:45:  Number of models ..........: 0
2019-07-23T18:09:45:  Number of observed events .: 320436
2019-07-23T18:09:45:  Number of predicted events : 0
2019-07-23T18:09:45: === GCTAObservation ===
2019-07-23T18:09:45:  Name ......................: 
2019-07-23T18:09:45:  Identifier ................: 000001
2019-07-23T18:09:45:  Instrument ................: CTA
2019-07-23T18:09:45:  Event file ................: 
2019-07-23T18:09:45:  Event type ................: CountsCube
2019-07-23T18:09:45:  Statistic .................: cstat
2019-07-23T18:09:45:  Ontime ....................: 144000 s
2019-07-23T18:09:45:  Livetime ..................: 141120 s
2019-07-23T18:09:45:  Deadtime correction .......: 0.98
2019-07-23T18:09:45:  User energy range .........: undefined
2019-07-23T18:09:45: === GCTAPointing ===
2019-07-23T18:09:45:  Pointing direction ........: (RA,Dec)=(84.1331,22.0145)
2019-07-23T18:09:45:  Response function .........: undefined
2019-07-23T18:09:45: === GCTAEventCube ===
2019-07-23T18:09:45:  Number of events ..........: 320436
2019-07-23T18:09:45:  Number of elements ........: 204800
2019-07-23T18:09:45:  Number of pixels ..........: 6400
2019-07-23T18:09:45:  Number of energy bins .....: 32
2019-07-23T18:09:45:  Time interval .............: 51544.5 - 51546.1666666667 days
2019-07-23T18:09:45:  Pointing ..................: not defined
2019-07-23T18:09:45: === GEbounds ===
2019-07-23T18:09:45:  Number of intervals .......: 32
2019-07-23T18:09:45:  Energy range ..............: 100 GeV - 199.526229858398 TeV
2019-07-23T18:09:45: === GSkyMap ===
2019-07-23T18:09:45:  Number of pixels ..........: 6400
2019-07-23T18:09:45:  X axis dimension ..........: 80
2019-07-23T18:09:45:  Y axis dimension ..........: 80
2019-07-23T18:09:45:  Number of maps ............: 32
2019-07-23T18:09:45:  Shape of maps .............: (32)
2019-07-23T18:09:45: === GSkyRegions ===
2019-07-23T18:09:45:  Number of regions .........: 0
2019-07-23T18:09:45: === GModels ===
2019-07-23T18:09:45:  Number of models ..........: 0
2019-07-23T18:09:45:  Number of parameters ......: 0
2019-07-23T18:09:45: 
2019-07-23T18:09:45: +==================+
2019-07-23T18:09:45: | Save counts cube |
2019-07-23T18:09:45: +==================+
2019-07-23T18:09:45:  Counts cube file ..........: /cta/carli/CPPM_Internship/Simulations_and_Analyses/plus_constant_EDisp_South_z40_50h/source2c/obs_cube.fits
2019-07-23T18:09:45: 
2019-07-23T18:09:45: Application "ctbin" terminated after 1 wall clock seconds, consuming 1.03 seconds of CPU time.
