2019-07-25T13:31:11: ********************************************************************************
2019-07-25T13:31:11: *                                    cterror                                   *
2019-07-25T13:31:11: * ---------------------------------------------------------------------------- *
2019-07-25T13:31:11: * Version: 1.6.0                                                               *
2019-07-25T13:31:11: ********************************************************************************
2019-07-25T13:31:12: +============+
2019-07-25T13:31:12: | Parameters |
2019-07-25T13:31:12: +============+
2019-07-25T13:31:12:  inobs .....................: /cta/carli/CPPM_Internship/Simulations_and_Analyses/plus_constant_EDisp_South_z40_50h/source2c/obs_cube.fits
2019-07-25T13:31:12:  inmodel ...................: /cta/carli/CPPM_Internship/Simulations_and_Analyses/plus_constant_EDisp_South_z40_50h/source2c/obsmodel_binned.xml
2019-07-25T13:31:12:  srcname ...................: source2c
2019-07-25T13:31:12:  expcube ...................: /cta/carli/CPPM_Internship/Simulations_and_Analyses/plus_constant_EDisp_South_z40_50h/source2c/exposure_cube.fits
2019-07-25T13:31:12:  psfcube ...................: /cta/carli/CPPM_Internship/Simulations_and_Analyses/plus_constant_EDisp_South_z40_50h/source2c/PSF_cube.fits
2019-07-25T13:31:12:  edispcube .................: /cta/carli/CPPM_Internship/Simulations_and_Analyses/plus_constant_EDisp_South_z40_50h/source2c/edisp_cube.fits
2019-07-25T13:31:12:  bkgcube ...................: /cta/carli/CPPM_Internship/Simulations_and_Analyses/plus_constant_EDisp_South_z40_50h/source2c/background_cube.fits
2019-07-25T13:31:12:  caldb .....................: prod3b-v2
2019-07-25T13:31:12:  irf .......................: plus_constant_EDisp_South_z40_50h
2019-07-25T13:31:12:  edisp .....................: yes
2019-07-25T13:31:12:  outmodel ..................: 
2019-07-25T13:31:12:  confidence ................: 0.68
2019-07-25T13:31:12:  tol .......................: 1e-3
2019-07-25T13:31:12:  statistic .................: DEFAULT
2019-07-25T13:31:12:  like_accuracy .............: 0.005
2019-07-25T13:31:12:  max_iter ..................: 50
2019-07-25T13:31:12:  nthreads ..................: 0
2019-07-25T13:31:12:  chatter ...................: 4
2019-07-25T13:31:12:  clobber ...................: yes
2019-07-25T13:31:12:  debug .....................: no
2019-07-25T13:31:12:  mode ......................: ql
2019-07-25T13:31:12:  logfile ...................: cterror68.log
2019-07-25T13:31:12: 
2019-07-25T13:31:12: +===================+
2019-07-25T13:31:12: | Input observation |
2019-07-25T13:31:12: +===================+
2019-07-25T13:31:12: === GObservations ===
2019-07-25T13:31:12:  Number of observations ....: 1
2019-07-25T13:31:12:  Number of models ..........: 2
2019-07-25T13:31:12:  Number of observed events .: 320436
2019-07-25T13:31:12:  Number of predicted events : 0
2019-07-25T13:31:12: === GCTAObservation ===
2019-07-25T13:31:12:  Name ......................: 
2019-07-25T13:31:12:  Identifier ................: 000001
2019-07-25T13:31:12:  Instrument ................: CTA
2019-07-25T13:31:12:  Event file ................: /cta/carli/CPPM_Internship/Simulations_and_Analyses/plus_constant_EDisp_South_z40_50h/source2c/obs_cube.fits
2019-07-25T13:31:12:  Event type ................: CountsCube
2019-07-25T13:31:12:  Statistic .................: cstat
2019-07-25T13:31:12:  Ontime ....................: 144000 s
2019-07-25T13:31:12:  Livetime ..................: 141120 s
2019-07-25T13:31:12:  Deadtime correction .......: 0.98
2019-07-25T13:31:12:  User energy range .........: undefined
2019-07-25T13:31:12: === GCTAPointing ===
2019-07-25T13:31:12:  Pointing direction ........: (RA,Dec)=(84.1331,22.0145)
2019-07-25T13:31:12: === GCTAResponseCube ===
2019-07-25T13:31:12:  Energy dispersion .........: Used
2019-07-25T13:31:12: === GCTACubeExposure ===
2019-07-25T13:31:12:  Filename ..................: /cta/carli/CPPM_Internship/Simulations_and_Analyses/plus_constant_EDisp_South_z40_50h/source2c/exposure_cube.fits
2019-07-25T13:31:12:  Livetime ..................: 141120 sec
2019-07-25T13:31:12: === GEnergies ===
2019-07-25T13:31:12:  Number of energies ........: 33
2019-07-25T13:31:12: === GGti ===
2019-07-25T13:31:12:  Number of intervals .......: 1
2019-07-25T13:31:12:  Ontime ....................: 144000 sec
2019-07-25T13:31:12:  Elapsed time ..............: 144000 sec
2019-07-25T13:31:12:  MJD range .................: 51544.5 - 51546.1666666667 s (TT)
2019-07-25T13:31:12:  UTC range .................: 2000-01-01T11:58:56 - 2000-01-03T03:58:56 s (TT)
2019-07-25T13:31:12:  Reference MJD .............: 51544.5
2019-07-25T13:31:12: === GSkyMap ===
2019-07-25T13:31:12:  Number of pixels ..........: 6400
2019-07-25T13:31:12:  X axis dimension ..........: 80
2019-07-25T13:31:12:  Y axis dimension ..........: 80
2019-07-25T13:31:12:  Number of maps ............: 33
2019-07-25T13:31:12:  Shape of maps .............: (33)
2019-07-25T13:31:12: === GCTACubePsf ===
2019-07-25T13:31:12:  Filename ..................: /cta/carli/CPPM_Internship/Simulations_and_Analyses/plus_constant_EDisp_South_z40_50h/source2c/PSF_cube.fits
2019-07-25T13:31:12: === GEnergies ===
2019-07-25T13:31:12:  Number of energies ........: 33
2019-07-25T13:31:12:  Number of delta bins ......: 200
2019-07-25T13:31:12:  Delta range ...............: 1.875e-06 - 0.298501875 deg
2019-07-25T13:31:12: === GSkyMap ===
2019-07-25T13:31:12:  Number of pixels ..........: 1
2019-07-25T13:31:12:  X axis dimension ..........: 1
2019-07-25T13:31:12:  Y axis dimension ..........: 1
2019-07-25T13:31:12:  Number of maps ............: 6600
2019-07-25T13:31:12:  Shape of maps .............: (200, 33)
2019-07-25T13:31:12: === GCTACubeEdisp ===
2019-07-25T13:31:12:  Filename ..................: /cta/carli/CPPM_Internship/Simulations_and_Analyses/plus_constant_EDisp_South_z40_50h/source2c/edisp_cube.fits
2019-07-25T13:31:12: === GEnergies ===
2019-07-25T13:31:12:  Number of energies ........: 33
2019-07-25T13:31:12:  Number of migra bins ......: 100
2019-07-25T13:31:12:  Migra range ...............: 0.02 - 2
2019-07-25T13:31:12: === GSkyMap ===
2019-07-25T13:31:12:  Number of pixels ..........: 1
2019-07-25T13:31:12:  X axis dimension ..........: 1
2019-07-25T13:31:12:  Y axis dimension ..........: 1
2019-07-25T13:31:12:  Number of maps ............: 3300
2019-07-25T13:31:12:  Shape of maps .............: (100, 33)
2019-07-25T13:31:12: === GCTACubeBackground ===
2019-07-25T13:31:12:  Filename ..................: /cta/carli/CPPM_Internship/Simulations_and_Analyses/plus_constant_EDisp_South_z40_50h/source2c/background_cube.fits
2019-07-25T13:31:12: === GEbounds ===
2019-07-25T13:31:12:  Number of intervals .......: 32
2019-07-25T13:31:12:  Energy range ..............: 100 GeV - 199.526229858398 TeV
2019-07-25T13:31:12: === GSkyMap ===
2019-07-25T13:31:12:  Number of pixels ..........: 6400
2019-07-25T13:31:12:  X axis dimension ..........: 80
2019-07-25T13:31:12:  Y axis dimension ..........: 80
2019-07-25T13:31:12:  Number of maps ............: 32
2019-07-25T13:31:12:  Shape of maps .............: (32)
2019-07-25T13:31:12: === GCTAResponseCache ===
2019-07-25T13:31:12:  Number of cached values ...: 0
2019-07-25T13:31:12: === GCTAEventCube ===
2019-07-25T13:31:12:  Number of events ..........: 320436
2019-07-25T13:31:12:  Number of elements ........: 204800
2019-07-25T13:31:12:  Number of pixels ..........: 6400
2019-07-25T13:31:12:  Number of energy bins .....: 32
2019-07-25T13:31:12:  Time interval .............: 51544.5 - 51546.1666666667 days
2019-07-25T13:31:12:  Pointing ..................: (RA,Dec)=(84.1331,22.0145)
2019-07-25T13:31:12: === GEbounds ===
2019-07-25T13:31:12:  Number of intervals .......: 32
2019-07-25T13:31:12:  Energy range ..............: 100 GeV - 199.526229858398 TeV
2019-07-25T13:31:12: === GSkyMap ===
2019-07-25T13:31:12:  Number of pixels ..........: 6400
2019-07-25T13:31:12:  X axis dimension ..........: 80
2019-07-25T13:31:12:  Y axis dimension ..........: 80
2019-07-25T13:31:12:  Number of maps ............: 32
2019-07-25T13:31:12:  Shape of maps .............: (32)
2019-07-25T13:31:12: === GSkyRegions ===
2019-07-25T13:31:12:  Number of regions .........: 0
2019-07-25T13:31:12: === GModels ===
2019-07-25T13:31:12:  Number of models ..........: 2
2019-07-25T13:31:12:  Number of parameters ......: 11
2019-07-25T13:31:12: === GModelSky ===
2019-07-25T13:31:12:  Name ......................: source2c
2019-07-25T13:31:12:  Instruments ...............: all
2019-07-25T13:31:12:  Test Statistic ............: 65702.861
2019-07-25T13:31:12:  Observation identifiers ...: all
2019-07-25T13:31:12:  Model type ................: PointSource
2019-07-25T13:31:12:  Model components ..........: "PointSource" * "ExponentialCutoffPowerLaw" * "Constant"
2019-07-25T13:31:12:  Number of parameters ......: 7
2019-07-25T13:31:12:  Number of spatial par's ...: 2
2019-07-25T13:31:12:   RA .......................: 83.6331 [-360,360] deg (fixed,scale=1)
2019-07-25T13:31:12:   DEC ......................: 22.0145 [-90,90] deg (fixed,scale=1)
2019-07-25T13:31:12:  Number of spectral par's ..: 4
2019-07-25T13:31:12:   Prefactor ................: 2.27719315292566e-18 [1e-25,1e-15] ph/cm2/s/MeV (fixed,scale=1e-18,gradient)
2019-07-25T13:31:12:   Index ....................: -1.99030670101926 [-0,-5]  (fixed,scale=-1,gradient)
2019-07-25T13:31:12:   CutoffEnergy .............: 139355624.72937 +/- 22355124.4342636 [1000000,100000000000] MeV (free,scale=100000000,gradient)
2019-07-25T13:31:12:   PivotEnergy ..............: 1000000 [10000,1000000000] MeV (fixed,scale=1000000,gradient)
2019-07-25T13:31:12:  Number of temporal par's ..: 1
2019-07-25T13:31:12:   Normalization ............: 1 (relative value) (fixed,scale=1,gradient)
2019-07-25T13:31:12:  Number of scale par's .....: 0
2019-07-25T13:31:12: === GCTAModelCubeBackground ===
2019-07-25T13:31:12:  Name ......................: BackgroundModel
2019-07-25T13:31:12:  Instruments ...............: CTA, HESS, MAGIC, VERITAS
2019-07-25T13:31:12:  Observation identifiers ...: all
2019-07-25T13:31:12:  Model type ................: "PowerLaw" * "Constant"
2019-07-25T13:31:12:  Number of parameters ......: 4
2019-07-25T13:31:12:  Number of spectral par's ..: 3
2019-07-25T13:31:12:   Prefactor ................: 1.15482948086259 [0.01,100] ph/cm2/s/MeV (fixed,scale=1,gradient)
2019-07-25T13:31:12:   Index ....................: 0.0941405132131499 [-5,5]  (fixed,scale=1,gradient)
2019-07-25T13:31:12:   PivotEnergy ..............: 1000000 MeV (fixed,scale=1000000,gradient)
2019-07-25T13:31:12:  Number of temporal par's ..: 1
2019-07-25T13:31:12:   Normalization ............: 1 (relative value) (fixed,scale=1,gradient)
2019-07-25T13:31:12: 
2019-07-25T13:31:12: +=============================+
2019-07-25T13:31:12: | Compute best-fit likelihood |
2019-07-25T13:31:12: +=============================+
2019-07-25T13:32:43: === GOptimizerLM ===
2019-07-25T13:32:43:  Optimized function value ..: -316414.207
2019-07-25T13:32:43:  Absolute precision ........: 0.005
2019-07-25T13:32:43:  Acceptable value decrease .: 2
2019-07-25T13:32:43:  Optimization status .......: converged
2019-07-25T13:32:43:  Number of parameters ......: 11
2019-07-25T13:32:43:  Number of free parameters .: 1
2019-07-25T13:32:43:  Number of iterations ......: 1
2019-07-25T13:32:43:  Lambda ....................: 0.0001
2019-07-25T13:32:43:  Maximum log likelihood ....: -316414.207
2019-07-25T13:32:43: === GModels ===
2019-07-25T13:32:43:  Number of models ..........: 2
2019-07-25T13:32:43:  Number of parameters ......: 11
2019-07-25T13:32:43: === GModelSky ===
2019-07-25T13:32:43:  Name ......................: source2c
2019-07-25T13:32:43:  Instruments ...............: all
2019-07-25T13:32:43:  Test Statistic ............: 65702.861
2019-07-25T13:32:43:  Observation identifiers ...: all
2019-07-25T13:32:43:  Model type ................: PointSource
2019-07-25T13:32:43:  Model components ..........: "PointSource" * "ExponentialCutoffPowerLaw" * "Constant"
2019-07-25T13:32:43:  Number of parameters ......: 7
2019-07-25T13:32:43:  Number of spatial par's ...: 2
2019-07-25T13:32:43:   RA .......................: 83.6331 [-360,360] deg (fixed,scale=1)
2019-07-25T13:32:43:   DEC ......................: 22.0145 [-90,90] deg (fixed,scale=1)
2019-07-25T13:32:43:  Number of spectral par's ..: 4
2019-07-25T13:32:43:   Prefactor ................: 2.27719315292566e-18 [1e-25,1e-15] ph/cm2/s/MeV (fixed,scale=1e-18,gradient)
2019-07-25T13:32:43:   Index ....................: -1.99030670101926 [-0,-5]  (fixed,scale=-1,gradient)
2019-07-25T13:32:43:   CutoffEnergy .............: 139429727.191492 +/- 15982788.1292449 [1000000,100000000000] MeV (free,scale=100000000,gradient)
2019-07-25T13:32:43:   PivotEnergy ..............: 1000000 [10000,1000000000] MeV (fixed,scale=1000000,gradient)
2019-07-25T13:32:43:  Number of temporal par's ..: 1
2019-07-25T13:32:43:   Normalization ............: 1 (relative value) (fixed,scale=1,gradient)
2019-07-25T13:32:43:  Number of scale par's .....: 0
2019-07-25T13:32:43: === GCTAModelCubeBackground ===
2019-07-25T13:32:43:  Name ......................: BackgroundModel
2019-07-25T13:32:43:  Instruments ...............: CTA, HESS, MAGIC, VERITAS
2019-07-25T13:32:43:  Observation identifiers ...: all
2019-07-25T13:32:43:  Model type ................: "PowerLaw" * "Constant"
2019-07-25T13:32:43:  Number of parameters ......: 4
2019-07-25T13:32:43:  Number of spectral par's ..: 3
2019-07-25T13:32:43:   Prefactor ................: 1.15482948086259 [0.01,100] ph/cm2/s/MeV (fixed,scale=1,gradient)
2019-07-25T13:32:43:   Index ....................: 0.0941405132131499 [-5,5]  (fixed,scale=1,gradient)
2019-07-25T13:32:43:   PivotEnergy ..............: 1000000 MeV (fixed,scale=1000000,gradient)
2019-07-25T13:32:43:  Number of temporal par's ..: 1
2019-07-25T13:32:43:   Normalization ............: 1 (relative value) (fixed,scale=1,gradient)
2019-07-25T13:32:43: 
2019-07-25T13:32:43: +==============================================================+
2019-07-25T13:32:43: | Compute error for source "source2c" parameter "CutoffEnergy" |
2019-07-25T13:32:43: +==============================================================+
2019-07-25T13:32:43:  Confidence level ..........: 68 %
2019-07-25T13:32:43:  Log-likelihood difference .: 0.494473
2019-07-25T13:32:43:  Initial factor range ......: [0.01, 2.99257608483941]
2019-07-25T13:32:53:    Iteration 1 .............: [0.01, 1.39429727191492]
2019-07-25T13:33:03:    Iteration 2 .............: [0.70214863595746, 1.39429727191492]
2019-07-25T13:33:13:    Iteration 3 .............: [1.04822295393619, 1.39429727191492]
2019-07-25T13:33:24:    Iteration 4 .............: [1.22126011292555, 1.39429727191492]
2019-07-25T13:33:34:    Iteration 5 .............: [1.22126011292555, 1.30777869242024]
2019-07-25T13:33:44:    Iteration 6 .............: [1.22126011292555, 1.2645194026729]
2019-07-25T13:33:54:    Iteration 7 .............: [1.24288975779922, 1.2645194026729]
2019-07-25T13:34:05:    Iteration 8 .............: [1.24288975779922, 1.25370458023606]
2019-07-25T13:34:15:    Iteration 9 .............: [1.24288975779922, 1.24829716901764]
2019-07-25T13:34:25:    Iteration 10 ............: [1.24288975779922, 1.24559346340843]
2019-07-25T13:34:35:    Iteration 11 ............: [1.24424161060383, 1.24559346340843]
2019-07-25T13:34:45:    Iteration 1 .............: [1.39429727191492, 2.99257608483941]
2019-07-25T13:34:55:    Iteration 2 .............: [1.39429727191492, 2.19343667837716]
2019-07-25T13:35:05:    Iteration 3 .............: [1.39429727191492, 1.79386697514604]
2019-07-25T13:35:15:    Iteration 4 .............: [1.39429727191492, 1.59408212353048]
2019-07-25T13:35:25:    Iteration 5 .............: [1.4941896977227, 1.59408212353048]
2019-07-25T13:35:35:    Iteration 6 .............: [1.54413591062659, 1.59408212353048]
2019-07-25T13:35:45:    Iteration 7 .............: [1.56910901707854, 1.59408212353048]
2019-07-25T13:35:55:    Iteration 8 .............: [1.56910901707854, 1.58159557030451]
2019-07-25T13:36:06:    Iteration 9 .............: [1.57535229369152, 1.58159557030451]
2019-07-25T13:36:16:    Iteration 10 ............: [1.57847393199801, 1.58159557030451]
2019-07-25T13:36:26:    Iteration 11 ............: [1.58003475115126, 1.58159557030451]
2019-07-25T13:36:36:    Iteration 12 ............: [1.58003475115126, 1.58081516072788]
2019-07-25T13:36:36:  Lower parameter factor ....: 1.24492
2019-07-25T13:36:36:  Upper parameter factor ....: 1.58042
2019-07-25T13:36:36:  Error from curvature ......: 15982788.1292449 MeV
2019-07-25T13:36:36:  Error from profile ........: 16775370.9466721 MeV
2019-07-25T13:36:36:  Negative profile error ....: 14937973.4908788 MeV
2019-07-25T13:36:36:  Positive profile error ....: 18612768.4024654 MeV
2019-07-25T13:36:36: 
2019-07-25T13:36:36: +==============+
2019-07-25T13:36:36: | Save results |
2019-07-25T13:36:36: +==============+
2019-07-25T13:36:36:  Model definition file .....: NONE
2019-07-25T13:36:36: 
2019-07-25T13:36:36: Application "cterror" terminated after 326 wall clock seconds, consuming 410.32 seconds of CPU time.
