2019-07-25T13:13:52: ********************************************************************************
2019-07-25T13:13:52: *                                    cterror                                   *
2019-07-25T13:13:52: * ---------------------------------------------------------------------------- *
2019-07-25T13:13:52: * Version: 1.6.0                                                               *
2019-07-25T13:13:52: ********************************************************************************
2019-07-25T13:13:52: +============+
2019-07-25T13:13:52: | Parameters |
2019-07-25T13:13:52: +============+
2019-07-25T13:13:52:  inobs .....................: /cta/carli/CPPM_Internship/Simulations_and_Analyses/minus_constant_EDisp_South_z40_50h/source2b/obs_cube.fits
2019-07-25T13:13:52:  inmodel ...................: /cta/carli/CPPM_Internship/Simulations_and_Analyses/minus_constant_EDisp_South_z40_50h/source2b/obsmodel_binned.xml
2019-07-25T13:13:52:  srcname ...................: source2b
2019-07-25T13:13:52:  expcube ...................: /cta/carli/CPPM_Internship/Simulations_and_Analyses/minus_constant_EDisp_South_z40_50h/source2b/exposure_cube.fits
2019-07-25T13:13:52:  psfcube ...................: /cta/carli/CPPM_Internship/Simulations_and_Analyses/minus_constant_EDisp_South_z40_50h/source2b/PSF_cube.fits
2019-07-25T13:13:52:  edispcube .................: /cta/carli/CPPM_Internship/Simulations_and_Analyses/minus_constant_EDisp_South_z40_50h/source2b/edisp_cube.fits
2019-07-25T13:13:52:  bkgcube ...................: /cta/carli/CPPM_Internship/Simulations_and_Analyses/minus_constant_EDisp_South_z40_50h/source2b/background_cube.fits
2019-07-25T13:13:52:  caldb .....................: prod3b-v2
2019-07-25T13:13:52:  irf .......................: minus_constant_EDisp_South_z40_50h
2019-07-25T13:13:52:  edisp .....................: yes
2019-07-25T13:13:52:  outmodel ..................: 
2019-07-25T13:13:52:  confidence ................: 0.95
2019-07-25T13:13:52:  tol .......................: 1e-3
2019-07-25T13:13:52:  statistic .................: DEFAULT
2019-07-25T13:13:52:  like_accuracy .............: 0.005
2019-07-25T13:13:52:  max_iter ..................: 50
2019-07-25T13:13:52:  nthreads ..................: 0
2019-07-25T13:13:52:  chatter ...................: 4
2019-07-25T13:13:52:  clobber ...................: yes
2019-07-25T13:13:52:  debug .....................: no
2019-07-25T13:13:52:  mode ......................: ql
2019-07-25T13:13:52:  logfile ...................: cterror95.log
2019-07-25T13:13:52: 
2019-07-25T13:13:52: +===================+
2019-07-25T13:13:52: | Input observation |
2019-07-25T13:13:52: +===================+
2019-07-25T13:13:52: === GObservations ===
2019-07-25T13:13:52:  Number of observations ....: 1
2019-07-25T13:13:52:  Number of models ..........: 2
2019-07-25T13:13:52:  Number of observed events .: 294734
2019-07-25T13:13:52:  Number of predicted events : 0
2019-07-25T13:13:52: === GCTAObservation ===
2019-07-25T13:13:52:  Name ......................: 
2019-07-25T13:13:52:  Identifier ................: 000001
2019-07-25T13:13:52:  Instrument ................: CTA
2019-07-25T13:13:52:  Event file ................: /cta/carli/CPPM_Internship/Simulations_and_Analyses/minus_constant_EDisp_South_z40_50h/source2b/obs_cube.fits
2019-07-25T13:13:52:  Event type ................: CountsCube
2019-07-25T13:13:52:  Statistic .................: cstat
2019-07-25T13:13:52:  Ontime ....................: 144000 s
2019-07-25T13:13:52:  Livetime ..................: 141120 s
2019-07-25T13:13:52:  Deadtime correction .......: 0.98
2019-07-25T13:13:52:  User energy range .........: undefined
2019-07-25T13:13:52: === GCTAPointing ===
2019-07-25T13:13:52:  Pointing direction ........: (RA,Dec)=(84.1331,22.0145)
2019-07-25T13:13:52: === GCTAResponseCube ===
2019-07-25T13:13:52:  Energy dispersion .........: Used
2019-07-25T13:13:52: === GCTACubeExposure ===
2019-07-25T13:13:52:  Filename ..................: /cta/carli/CPPM_Internship/Simulations_and_Analyses/minus_constant_EDisp_South_z40_50h/source2b/exposure_cube.fits
2019-07-25T13:13:52:  Livetime ..................: 141120 sec
2019-07-25T13:13:52: === GEnergies ===
2019-07-25T13:13:52:  Number of energies ........: 33
2019-07-25T13:13:52: === GGti ===
2019-07-25T13:13:52:  Number of intervals .......: 1
2019-07-25T13:13:52:  Ontime ....................: 144000 sec
2019-07-25T13:13:52:  Elapsed time ..............: 144000 sec
2019-07-25T13:13:52:  MJD range .................: 51544.5 - 51546.1666666667 s (TT)
2019-07-25T13:13:52:  UTC range .................: 2000-01-01T11:58:56 - 2000-01-03T03:58:56 s (TT)
2019-07-25T13:13:52:  Reference MJD .............: 51544.5
2019-07-25T13:13:52: === GSkyMap ===
2019-07-25T13:13:52:  Number of pixels ..........: 6400
2019-07-25T13:13:52:  X axis dimension ..........: 80
2019-07-25T13:13:52:  Y axis dimension ..........: 80
2019-07-25T13:13:52:  Number of maps ............: 33
2019-07-25T13:13:52:  Shape of maps .............: (33)
2019-07-25T13:13:52: === GCTACubePsf ===
2019-07-25T13:13:52:  Filename ..................: /cta/carli/CPPM_Internship/Simulations_and_Analyses/minus_constant_EDisp_South_z40_50h/source2b/PSF_cube.fits
2019-07-25T13:13:52: === GEnergies ===
2019-07-25T13:13:52:  Number of energies ........: 33
2019-07-25T13:13:52:  Number of delta bins ......: 200
2019-07-25T13:13:52:  Delta range ...............: 1.875e-06 - 0.298501875 deg
2019-07-25T13:13:52: === GSkyMap ===
2019-07-25T13:13:52:  Number of pixels ..........: 1
2019-07-25T13:13:52:  X axis dimension ..........: 1
2019-07-25T13:13:52:  Y axis dimension ..........: 1
2019-07-25T13:13:52:  Number of maps ............: 6600
2019-07-25T13:13:52:  Shape of maps .............: (200, 33)
2019-07-25T13:13:52: === GCTACubeEdisp ===
2019-07-25T13:13:52:  Filename ..................: /cta/carli/CPPM_Internship/Simulations_and_Analyses/minus_constant_EDisp_South_z40_50h/source2b/edisp_cube.fits
2019-07-25T13:13:52: === GEnergies ===
2019-07-25T13:13:52:  Number of energies ........: 33
2019-07-25T13:13:52:  Number of migra bins ......: 100
2019-07-25T13:13:52:  Migra range ...............: 0.02 - 2
2019-07-25T13:13:52: === GSkyMap ===
2019-07-25T13:13:52:  Number of pixels ..........: 1
2019-07-25T13:13:52:  X axis dimension ..........: 1
2019-07-25T13:13:52:  Y axis dimension ..........: 1
2019-07-25T13:13:52:  Number of maps ............: 3300
2019-07-25T13:13:52:  Shape of maps .............: (100, 33)
2019-07-25T13:13:52: === GCTACubeBackground ===
2019-07-25T13:13:52:  Filename ..................: /cta/carli/CPPM_Internship/Simulations_and_Analyses/minus_constant_EDisp_South_z40_50h/source2b/background_cube.fits
2019-07-25T13:13:52: === GEbounds ===
2019-07-25T13:13:52:  Number of intervals .......: 32
2019-07-25T13:13:52:  Energy range ..............: 100 GeV - 199.526229858398 TeV
2019-07-25T13:13:52: === GSkyMap ===
2019-07-25T13:13:52:  Number of pixels ..........: 6400
2019-07-25T13:13:52:  X axis dimension ..........: 80
2019-07-25T13:13:52:  Y axis dimension ..........: 80
2019-07-25T13:13:52:  Number of maps ............: 32
2019-07-25T13:13:52:  Shape of maps .............: (32)
2019-07-25T13:13:52: === GCTAResponseCache ===
2019-07-25T13:13:52:  Number of cached values ...: 0
2019-07-25T13:13:52: === GCTAEventCube ===
2019-07-25T13:13:52:  Number of events ..........: 294734
2019-07-25T13:13:52:  Number of elements ........: 204800
2019-07-25T13:13:52:  Number of pixels ..........: 6400
2019-07-25T13:13:52:  Number of energy bins .....: 32
2019-07-25T13:13:52:  Time interval .............: 51544.5 - 51546.1666666667 days
2019-07-25T13:13:52:  Pointing ..................: (RA,Dec)=(84.1331,22.0145)
2019-07-25T13:13:52: === GEbounds ===
2019-07-25T13:13:52:  Number of intervals .......: 32
2019-07-25T13:13:52:  Energy range ..............: 100 GeV - 199.526229858398 TeV
2019-07-25T13:13:52: === GSkyMap ===
2019-07-25T13:13:52:  Number of pixels ..........: 6400
2019-07-25T13:13:52:  X axis dimension ..........: 80
2019-07-25T13:13:52:  Y axis dimension ..........: 80
2019-07-25T13:13:52:  Number of maps ............: 32
2019-07-25T13:13:52:  Shape of maps .............: (32)
2019-07-25T13:13:52: === GSkyRegions ===
2019-07-25T13:13:52:  Number of regions .........: 0
2019-07-25T13:13:52: === GModels ===
2019-07-25T13:13:52:  Number of models ..........: 2
2019-07-25T13:13:52:  Number of parameters ......: 11
2019-07-25T13:13:52: === GModelSky ===
2019-07-25T13:13:52:  Name ......................: source2b
2019-07-25T13:13:52:  Instruments ...............: all
2019-07-25T13:13:52:  Test Statistic ............: 41410.71
2019-07-25T13:13:52:  Observation identifiers ...: all
2019-07-25T13:13:52:  Model type ................: PointSource
2019-07-25T13:13:52:  Model components ..........: "PointSource" * "ExponentialCutoffPowerLaw" * "Constant"
2019-07-25T13:13:52:  Number of parameters ......: 7
2019-07-25T13:13:52:  Number of spatial par's ...: 2
2019-07-25T13:13:52:   RA .......................: 83.6331 [-360,360] deg (fixed,scale=1)
2019-07-25T13:13:52:   DEC ......................: 22.0145 [-90,90] deg (fixed,scale=1)
2019-07-25T13:13:52:  Number of spectral par's ..: 4
2019-07-25T13:13:52:   Prefactor ................: 1.52356402352088e-18 [1e-25,1e-15] ph/cm2/s/MeV (fixed,scale=1e-18,gradient)
2019-07-25T13:13:52:   Index ....................: -2.01529668781314 [-0,-5]  (fixed,scale=-1,gradient)
2019-07-25T13:13:52:   CutoffEnergy .............: 106619787.93252 +/- 19659704.8701345 [1000000,100000000000] MeV (free,scale=100000000,gradient)
2019-07-25T13:13:52:   PivotEnergy ..............: 1000000 [10000,1000000000] MeV (fixed,scale=1000000,gradient)
2019-07-25T13:13:52:  Number of temporal par's ..: 1
2019-07-25T13:13:52:   Normalization ............: 1 (relative value) (fixed,scale=1,gradient)
2019-07-25T13:13:52:  Number of scale par's .....: 0
2019-07-25T13:13:52: === GCTAModelCubeBackground ===
2019-07-25T13:13:52:  Name ......................: BackgroundModel
2019-07-25T13:13:52:  Instruments ...............: CTA, HESS, MAGIC, VERITAS
2019-07-25T13:13:52:  Observation identifiers ...: all
2019-07-25T13:13:52:  Model type ................: "PowerLaw" * "Constant"
2019-07-25T13:13:52:  Number of parameters ......: 4
2019-07-25T13:13:52:  Number of spectral par's ..: 3
2019-07-25T13:13:52:   Prefactor ................: 0.890023837990093 [0.01,100] ph/cm2/s/MeV (fixed,scale=1,gradient)
2019-07-25T13:13:52:   Index ....................: -0.0292234537071111 [-5,5]  (fixed,scale=1,gradient)
2019-07-25T13:13:52:   PivotEnergy ..............: 1000000 MeV (fixed,scale=1000000,gradient)
2019-07-25T13:13:52:  Number of temporal par's ..: 1
2019-07-25T13:13:52:   Normalization ............: 1 (relative value) (fixed,scale=1,gradient)
2019-07-25T13:13:52: 
2019-07-25T13:13:52: +=============================+
2019-07-25T13:13:52: | Compute best-fit likelihood |
2019-07-25T13:13:52: +=============================+
2019-07-25T13:15:22: === GOptimizerLM ===
2019-07-25T13:15:22:  Optimized function value ..: -284901.855
2019-07-25T13:15:22:  Absolute precision ........: 0.005
2019-07-25T13:15:22:  Acceptable value decrease .: 2
2019-07-25T13:15:22:  Optimization status .......: converged
2019-07-25T13:15:22:  Number of parameters ......: 11
2019-07-25T13:15:22:  Number of free parameters .: 1
2019-07-25T13:15:22:  Number of iterations ......: 1
2019-07-25T13:15:22:  Lambda ....................: 0.0001
2019-07-25T13:15:22:  Maximum log likelihood ....: -284901.855
2019-07-25T13:15:22: === GModels ===
2019-07-25T13:15:22:  Number of models ..........: 2
2019-07-25T13:15:22:  Number of parameters ......: 11
2019-07-25T13:15:22: === GModelSky ===
2019-07-25T13:15:22:  Name ......................: source2b
2019-07-25T13:15:22:  Instruments ...............: all
2019-07-25T13:15:22:  Test Statistic ............: 41410.71
2019-07-25T13:15:22:  Observation identifiers ...: all
2019-07-25T13:15:22:  Model type ................: PointSource
2019-07-25T13:15:22:  Model components ..........: "PointSource" * "ExponentialCutoffPowerLaw" * "Constant"
2019-07-25T13:15:22:  Number of parameters ......: 7
2019-07-25T13:15:22:  Number of spatial par's ...: 2
2019-07-25T13:15:22:   RA .......................: 83.6331 [-360,360] deg (fixed,scale=1)
2019-07-25T13:15:22:   DEC ......................: 22.0145 [-90,90] deg (fixed,scale=1)
2019-07-25T13:15:22:  Number of spectral par's ..: 4
2019-07-25T13:15:22:   Prefactor ................: 1.52356402352088e-18 [1e-25,1e-15] ph/cm2/s/MeV (fixed,scale=1e-18,gradient)
2019-07-25T13:15:22:   Index ....................: -2.01529668781314 [-0,-5]  (fixed,scale=-1,gradient)
2019-07-25T13:15:22:   CutoffEnergy .............: 106620390.50711 +/- 13509379.6011191 [1000000,100000000000] MeV (free,scale=100000000,gradient)
2019-07-25T13:15:22:   PivotEnergy ..............: 1000000 [10000,1000000000] MeV (fixed,scale=1000000,gradient)
2019-07-25T13:15:22:  Number of temporal par's ..: 1
2019-07-25T13:15:22:   Normalization ............: 1 (relative value) (fixed,scale=1,gradient)
2019-07-25T13:15:22:  Number of scale par's .....: 0
2019-07-25T13:15:22: === GCTAModelCubeBackground ===
2019-07-25T13:15:22:  Name ......................: BackgroundModel
2019-07-25T13:15:22:  Instruments ...............: CTA, HESS, MAGIC, VERITAS
2019-07-25T13:15:22:  Observation identifiers ...: all
2019-07-25T13:15:22:  Model type ................: "PowerLaw" * "Constant"
2019-07-25T13:15:22:  Number of parameters ......: 4
2019-07-25T13:15:22:  Number of spectral par's ..: 3
2019-07-25T13:15:22:   Prefactor ................: 0.890023837990093 [0.01,100] ph/cm2/s/MeV (fixed,scale=1,gradient)
2019-07-25T13:15:22:   Index ....................: -0.0292234537071111 [-5,5]  (fixed,scale=1,gradient)
2019-07-25T13:15:22:   PivotEnergy ..............: 1000000 MeV (fixed,scale=1000000,gradient)
2019-07-25T13:15:22:  Number of temporal par's ..: 1
2019-07-25T13:15:22:   Normalization ............: 1 (relative value) (fixed,scale=1,gradient)
2019-07-25T13:15:22: 
2019-07-25T13:15:22: +==============================================================+
2019-07-25T13:15:22: | Compute error for source "source2b" parameter "CutoffEnergy" |
2019-07-25T13:15:22: +==============================================================+
2019-07-25T13:15:22:  Confidence level ..........: 95 %
2019-07-25T13:15:22:  Log-likelihood difference .: 1.92073
2019-07-25T13:15:22:  Initial factor range ......: [0.01, 2.41714186518301]
2019-07-25T13:15:32:    Iteration 1 .............: [0.01, 1.0662039050711]
2019-07-25T13:15:42:    Iteration 2 .............: [0.538101952535552, 1.0662039050711]
2019-07-25T13:15:52:    Iteration 3 .............: [0.802152928803328, 1.0662039050711]
2019-07-25T13:16:03:    Iteration 4 .............: [0.802152928803328, 0.934178416937216]
2019-07-25T13:16:13:    Iteration 5 .............: [0.802152928803328, 0.868165672870272]
2019-07-25T13:16:23:    Iteration 6 .............: [0.8351593008368, 0.868165672870272]
2019-07-25T13:16:33:    Iteration 7 .............: [0.8351593008368, 0.851662486853536]
2019-07-25T13:16:43:    Iteration 8 .............: [0.843410893845168, 0.851662486853536]
2019-07-25T13:16:54:    Iteration 9 .............: [0.847536690349352, 0.851662486853536]
2019-07-25T13:17:04:    Iteration 10 ............: [0.849599588601444, 0.851662486853536]
2019-07-25T13:17:14:    Iteration 11 ............: [0.85063103772749, 0.851662486853536]
2019-07-25T13:17:24:    Iteration 12 ............: [0.851146762290513, 0.851662486853536]
2019-07-25T13:17:34:    Iteration 13 ............: [0.851146762290513, 0.851404624572025]
2019-07-25T13:17:45:    Iteration 1 .............: [1.0662039050711, 2.41714186518301]
2019-07-25T13:17:55:    Iteration 2 .............: [1.0662039050711, 1.74167288512706]
2019-07-25T13:18:05:    Iteration 3 .............: [1.0662039050711, 1.40393839509908]
2019-07-25T13:18:15:    Iteration 4 .............: [1.23507115008509, 1.40393839509908]
2019-07-25T13:18:25:    Iteration 5 .............: [1.31950477259209, 1.40393839509908]
2019-07-25T13:18:36:    Iteration 6 .............: [1.36172158384558, 1.40393839509908]
2019-07-25T13:18:46:    Iteration 7 .............: [1.38282998947233, 1.40393839509908]
2019-07-25T13:18:56:    Iteration 8 .............: [1.39338419228571, 1.40393839509908]
2019-07-25T13:19:06:    Iteration 9 .............: [1.39866129369239, 1.40393839509908]
2019-07-25T13:19:16:    Iteration 10 ............: [1.40129984439574, 1.40393839509908]
2019-07-25T13:19:26:    Iteration 11 ............: [1.40261911974741, 1.40393839509908]
2019-07-25T13:19:37:    Iteration 12 ............: [1.40327875742324, 1.40393839509908]
2019-07-25T13:19:37:  Lower parameter factor ....: 0.851276
2019-07-25T13:19:37:  Upper parameter factor ....: 1.40361
2019-07-25T13:19:37:  Error from curvature ......: 13509379.6011191 MeV
2019-07-25T13:19:37:  Error from profile ........: 27616644.1414947 MeV
2019-07-25T13:19:37:  Negative profile error ....: 21492821.1639835 MeV
2019-07-25T13:19:37:  Positive profile error ....: 33740467.1190059 MeV
2019-07-25T13:19:37: 
2019-07-25T13:19:37: +==============+
2019-07-25T13:19:37: | Save results |
2019-07-25T13:19:37: +==============+
2019-07-25T13:19:37:  Model definition file .....: NONE
2019-07-25T13:19:37: 
2019-07-25T13:19:37: Application "cterror" terminated after 346 wall clock seconds, consuming 432.34 seconds of CPU time.
