2019-07-23T14:21:48: ********************************************************************************
2019-07-23T14:21:48: *                                   ctskymap                                   *
2019-07-23T14:21:48: * ---------------------------------------------------------------------------- *
2019-07-23T14:21:48: * Version: 1.6.0                                                               *
2019-07-23T14:21:48: ********************************************************************************
2019-07-23T14:21:48: +============+
2019-07-23T14:21:48: | Parameters |
2019-07-23T14:21:48: +============+
2019-07-23T14:21:48:  inobs .....................: /cta/carli/CPPM_Internship/Simulations_and_Analyses/plus_constant_EDisp_South_z40_50h/source2d/obs.fits
2019-07-23T14:21:48:  caldb .....................: prod3b-v2
2019-07-23T14:21:48:  irf .......................: plus_constant_EDisp_South_z40_50h
2019-07-23T14:21:48:  inmap .....................: NONE
2019-07-23T14:21:48:  outmap ....................: /cta/carli/CPPM_Internship/Simulations_and_Analyses/plus_constant_EDisp_South_z40_50h/source2d/skymap.fits
2019-07-23T14:21:48:  emin ......................: 0.1
2019-07-23T14:21:48:  emax ......................: 199.526229858398
2019-07-23T14:21:48:  usepnt ....................: yes
2019-07-23T14:21:48:  nxpix .....................: 80
2019-07-23T14:21:48:  nypix .....................: 80
2019-07-23T14:21:48:  binsz .....................: 0.02
2019-07-23T14:21:48:  coordsys ..................: CEL
2019-07-23T14:21:48:  proj ......................: CAR
2019-07-23T14:21:48:  xref ......................: [not queried]
2019-07-23T14:21:48:  yref ......................: [not queried]
2019-07-23T14:21:48:  bkgsubtract ...............: NONE
2019-07-23T14:21:48:  roiradius .................: [not queried]
2019-07-23T14:21:48:  inradius ..................: [not queried]
2019-07-23T14:21:48:  outradius .................: [not queried]
2019-07-23T14:21:48:  iterations ................: [not queried]
2019-07-23T14:21:48:  threshold .................: [not queried]
2019-07-23T14:21:48:  inexclusion ...............: NONE
2019-07-23T14:21:48:  usefft ....................: yes
2019-07-23T14:21:48:  publish ...................: no
2019-07-23T14:21:48:  chatter ...................: 4
2019-07-23T14:21:48:  clobber ...................: yes
2019-07-23T14:21:48:  debug .....................: no
2019-07-23T14:21:48:  mode ......................: ql
2019-07-23T14:21:48:  logfile ...................: ctskymap.log
2019-07-23T14:21:48: 
2019-07-23T14:21:48: +===================+
2019-07-23T14:21:48: | Input observation |
2019-07-23T14:21:48: +===================+
2019-07-23T14:21:48: === GObservations ===
2019-07-23T14:21:48:  Number of observations ....: 1
2019-07-23T14:21:48:  Number of models ..........: 0
2019-07-23T14:21:48:  Number of observed events .: 326040
2019-07-23T14:21:48:  Number of predicted events : 0
2019-07-23T14:21:48: === GCTAObservation ===
2019-07-23T14:21:48:  Name ......................: 
2019-07-23T14:21:48:  Identifier ................: 000001
2019-07-23T14:21:48:  Instrument ................: CTA
2019-07-23T14:21:48:  Event file ................: /cta/carli/CPPM_Internship/Simulations_and_Analyses/plus_constant_EDisp_South_z40_50h/source2d/obs.fits
2019-07-23T14:21:48:  Event type ................: EventList
2019-07-23T14:21:48:  Statistic .................: cstat
2019-07-23T14:21:48:  Ontime ....................: 144000 s
2019-07-23T14:21:48:  Livetime ..................: 141120 s
2019-07-23T14:21:48:  Deadtime correction .......: 0.98
2019-07-23T14:21:48:  User energy range .........: undefined
2019-07-23T14:21:48: === GCTAPointing ===
2019-07-23T14:21:48:  Pointing direction ........: (RA,Dec)=(84.1331,22.0145)
2019-07-23T14:21:48:  Response function .........: undefined
2019-07-23T14:21:48: === GCTAEventList ===
2019-07-23T14:21:48:  Number of events ..........: 326040 (disposed in "/cta/carli/CPPM_Internship/Simulations_and_Analyses/plus_constant_EDisp_South_z40_50h/source2d/obs.fits")
2019-07-23T14:21:48:  Time interval .............: 51544.5 - 51546.1666666667 days
2019-07-23T14:21:48: === GEbounds ===
2019-07-23T14:21:48:  Number of intervals .......: 1
2019-07-23T14:21:48:  Energy range ..............: 100 GeV - 199.526229858398 TeV
2019-07-23T14:21:48: === GCTARoi ===
2019-07-23T14:21:48:  RoI centre ................: RA=84.1331, DEC=22.0145 [0,0]
2019-07-23T14:21:48:  RoI radius ................: 0.8 deg
2019-07-23T14:21:48: === GSkyRegions ===
2019-07-23T14:21:48:  Number of regions .........: 0
2019-07-23T14:21:48: === GModels ===
2019-07-23T14:21:48:  Number of models ..........: 0
2019-07-23T14:21:48:  Number of parameters ......: 0
2019-07-23T14:21:48: 
2019-07-23T14:21:48: +===========================+
2019-07-23T14:21:48: | Find unbinned observation |
2019-07-23T14:21:48: +===========================+
2019-07-23T14:21:48: === CTA observation (id=000001) ===
2019-07-23T14:21:48:  Including unbinned CTA observation
2019-07-23T14:21:48: 
2019-07-23T14:21:48: +===========================+
2019-07-23T14:21:48: | Fill map from observation |
2019-07-23T14:21:48: +===========================+
2019-07-23T14:21:48: === CTA observation (id=000001) ===
2019-07-23T14:21:48:  Events in list ............: 326040
2019-07-23T14:21:48:  Events in map .............: 326037
2019-07-23T14:21:48:  Events outside RoI ........: 1
2019-07-23T14:21:48:  Events outside map area ...: 0
2019-07-23T14:21:48:  Events outside energies ...: 2
2019-07-23T14:21:48: 
2019-07-23T14:21:48: +=========+
2019-07-23T14:21:48: | Sky map |
2019-07-23T14:21:48: +=========+
2019-07-23T14:21:48: === GSkyMap ===
2019-07-23T14:21:48:  Number of pixels ..........: 6400
2019-07-23T14:21:48:  X axis dimension ..........: 80
2019-07-23T14:21:48:  Y axis dimension ..........: 80
2019-07-23T14:21:48:  Number of maps ............: 1
2019-07-23T14:21:48:  Shape of maps .............: (1)
2019-07-23T14:21:48: === GWcsCAR ===
2019-07-23T14:21:48:  Number of axes ............: 2
2019-07-23T14:21:48:  Longitude axis ............: 0
2019-07-23T14:21:48:  Latitude axis .............: 1
2019-07-23T14:21:48:  Spectral axis .............: -1
2019-07-23T14:21:48:  Coodinate system ..........: EQU
2019-07-23T14:21:48:  Projection code ...........: CAR
2019-07-23T14:21:48:  Projection name ...........: plate carree
2019-07-23T14:21:48:  Radius of the gen. sphere .: 57.2957795130823 deg
2019-07-23T14:21:48:  Reference coordinate ......: (84.1331, 22.0145)
2019-07-23T14:21:48:  Reference pixel ...........: (40.5, 40.5)
2019-07-23T14:21:48:  Increment at reference ....: (-0.02, 0.02)
2019-07-23T14:21:48:  (Phi_0, Theta_0) ..........: (0, 0) deg
2019-07-23T14:21:48:  (Phi_p, Theta_p) ..........: (0, 67.9855) deg
2019-07-23T14:21:48:  LATPOLE keyword usage .....: Required to select between two valid solutions of Theta_p.
2019-07-23T14:21:48:  Reference vector (m_ref) ..: (84.1331, 22.0145, 0, 67.9855) deg
2019-07-23T14:21:48:  Euler angles ..............: (264.1331 deg, 22.0145 deg, 0 deg, 0.927089022159083, 0.374841226377402)
2019-07-23T14:21:48:  Latitude preserved ........: False
2019-07-23T14:21:48:  Unity PC matrix ...........: True
2019-07-23T14:21:48:  Pixel-to-image trafo ......: ()
2019-07-23T14:21:48:  Image-to-pixel trafo ......: ()
2019-07-23T14:21:48:  Strict bounds checking ....: True
2019-07-23T14:21:48:  Use fiducial offset .......: False
2019-07-23T14:21:48:  Fiducial offset ...........: (0, 0)
2019-07-23T14:21:48:  Rest frequency ............: UNDEFINED
2019-07-23T14:21:48:  Rest wavelength ...........: UNDEFINED
2019-07-23T14:21:48: 
2019-07-23T14:21:48: +==============+
2019-07-23T14:21:48: | Compute maps |
2019-07-23T14:21:48: +==============+
2019-07-23T14:21:48: 
2019-07-23T14:21:48: +==============+
2019-07-23T14:21:48: | Save sky map |
2019-07-23T14:21:48: +==============+
2019-07-23T14:21:48:  Sky map file ..............: /cta/carli/CPPM_Internship/Simulations_and_Analyses/plus_constant_EDisp_South_z40_50h/source2d/skymap.fits
2019-07-23T14:21:48: 
2019-07-23T14:21:48: Application "ctskymap" terminated after 0 wall clock seconds, consuming 0.88 seconds of CPU time. This was rather quick!
