2019-07-22T14:59:15: ********************************************************************************
2019-07-22T14:59:15: *                                  ctbutterfly                                 *
2019-07-22T14:59:15: * ---------------------------------------------------------------------------- *
2019-07-22T14:59:15: * Version: 1.6.0                                                               *
2019-07-22T14:59:15: ********************************************************************************
2019-07-22T14:59:15: +============+
2019-07-22T14:59:15: | Parameters |
2019-07-22T14:59:15: +============+
2019-07-22T14:59:15:  inobs .....................: /cta/carli/CPPM_Internship/Simulations_and_Analyses/minus_gradient_AEff_South_z40_50h/source2a/obs_cube.fits
2019-07-22T14:59:15:  inmodel ...................: /cta/carli/CPPM_Internship/Simulations_and_Analyses/minus_gradient_AEff_South_z40_50h/source2a/obsmodel_binned.xml
2019-07-22T14:59:15:  srcname ...................: source2a
2019-07-22T14:59:15:  expcube ...................: /cta/carli/CPPM_Internship/Simulations_and_Analyses/minus_gradient_AEff_South_z40_50h/source2a/exposure_cube.fits
2019-07-22T14:59:15:  psfcube ...................: /cta/carli/CPPM_Internship/Simulations_and_Analyses/minus_gradient_AEff_South_z40_50h/source2a/PSF_cube.fits
2019-07-22T14:59:15:  edispcube .................: /cta/carli/CPPM_Internship/Simulations_and_Analyses/minus_gradient_AEff_South_z40_50h/source2a/edisp_cube.fits
2019-07-22T14:59:15:  bkgcube ...................: /cta/carli/CPPM_Internship/Simulations_and_Analyses/minus_gradient_AEff_South_z40_50h/source2a/background_cube.fits
2019-07-22T14:59:15:  caldb .....................: prod3b-v2
2019-07-22T14:59:15:  irf .......................: minus_gradient_AEff_South_z40_50h
2019-07-22T14:59:15:  edisp .....................: yes
2019-07-22T14:59:15:  outfile ...................: /cta/carli/CPPM_Internship/Simulations_and_Analyses/minus_gradient_AEff_South_z40_50h/source2a/butterfly_binned.ascii
2019-07-22T14:59:15:  method ....................: GAUSSIAN
2019-07-22T14:59:15:  fit .......................: no
2019-07-22T14:59:15:  confidence ................: 0.68
2019-07-22T14:59:15:  statistic .................: DEFAULT
2019-07-22T14:59:15:  like_accuracy .............: 0.005
2019-07-22T14:59:15:  max_iter ..................: 50
2019-07-22T14:59:15:  matrix ....................: NONE
2019-07-22T14:59:15:  ebinalg ...................: LOG
2019-07-22T14:59:15:  emin ......................: 0.1
2019-07-22T14:59:15:  emax ......................: 199.526229858398
2019-07-22T14:59:15:  enumbins ..................: 32
2019-07-22T14:59:15:  ebinfile ..................: [not queried]
2019-07-22T14:59:15:  chatter ...................: 4
2019-07-22T14:59:15:  clobber ...................: yes
2019-07-22T14:59:15:  debug .....................: no
2019-07-22T14:59:15:  mode ......................: ql
2019-07-22T14:59:15:  logfile ...................: ctbutterfly.log
2019-07-22T14:59:15: 
2019-07-22T14:59:15: +===================+
2019-07-22T14:59:15: | Input observation |
2019-07-22T14:59:15: +===================+
2019-07-22T14:59:15: === GObservations ===
2019-07-22T14:59:15:  Number of observations ....: 1
2019-07-22T14:59:15:  Number of models ..........: 2
2019-07-22T14:59:15:  Number of observed events .: 309532
2019-07-22T14:59:15:  Number of predicted events : 0
2019-07-22T14:59:15: === GCTAObservation ===
2019-07-22T14:59:15:  Name ......................: 
2019-07-22T14:59:15:  Identifier ................: 000001
2019-07-22T14:59:15:  Instrument ................: CTA
2019-07-22T14:59:15:  Event file ................: /cta/carli/CPPM_Internship/Simulations_and_Analyses/minus_gradient_AEff_South_z40_50h/source2a/obs_cube.fits
2019-07-22T14:59:15:  Event type ................: CountsCube
2019-07-22T14:59:15:  Statistic .................: cstat
2019-07-22T14:59:15:  Ontime ....................: 144000 s
2019-07-22T14:59:15:  Livetime ..................: 141120 s
2019-07-22T14:59:15:  Deadtime correction .......: 0.98
2019-07-22T14:59:15:  User energy range .........: undefined
2019-07-22T14:59:15: === GCTAPointing ===
2019-07-22T14:59:15:  Pointing direction ........: (RA,Dec)=(84.1331,22.0145)
2019-07-22T14:59:15: === GCTAResponseCube ===
2019-07-22T14:59:15:  Energy dispersion .........: Used
2019-07-22T14:59:15: === GCTACubeExposure ===
2019-07-22T14:59:15:  Filename ..................: /cta/carli/CPPM_Internship/Simulations_and_Analyses/minus_gradient_AEff_South_z40_50h/source2a/exposure_cube.fits
2019-07-22T14:59:15:  Livetime ..................: 141120 sec
2019-07-22T14:59:15: === GEnergies ===
2019-07-22T14:59:15:  Number of energies ........: 33
2019-07-22T14:59:15: === GGti ===
2019-07-22T14:59:15:  Number of intervals .......: 1
2019-07-22T14:59:15:  Ontime ....................: 144000 sec
2019-07-22T14:59:15:  Elapsed time ..............: 144000 sec
2019-07-22T14:59:15:  MJD range .................: 51544.5 - 51546.1666666667 s (TT)
2019-07-22T14:59:15:  UTC range .................: 2000-01-01T11:58:56 - 2000-01-03T03:58:56 s (TT)
2019-07-22T14:59:15:  Reference MJD .............: 51544.5
2019-07-22T14:59:15: === GSkyMap ===
2019-07-22T14:59:15:  Number of pixels ..........: 6400
2019-07-22T14:59:15:  X axis dimension ..........: 80
2019-07-22T14:59:15:  Y axis dimension ..........: 80
2019-07-22T14:59:15:  Number of maps ............: 33
2019-07-22T14:59:15:  Shape of maps .............: (33)
2019-07-22T14:59:15: === GCTACubePsf ===
2019-07-22T14:59:15:  Filename ..................: /cta/carli/CPPM_Internship/Simulations_and_Analyses/minus_gradient_AEff_South_z40_50h/source2a/PSF_cube.fits
2019-07-22T14:59:15: === GEnergies ===
2019-07-22T14:59:15:  Number of energies ........: 33
2019-07-22T14:59:15:  Number of delta bins ......: 200
2019-07-22T14:59:15:  Delta range ...............: 1.875e-06 - 0.298501875 deg
2019-07-22T14:59:15: === GSkyMap ===
2019-07-22T14:59:15:  Number of pixels ..........: 1
2019-07-22T14:59:15:  X axis dimension ..........: 1
2019-07-22T14:59:15:  Y axis dimension ..........: 1
2019-07-22T14:59:15:  Number of maps ............: 6600
2019-07-22T14:59:15:  Shape of maps .............: (200, 33)
2019-07-22T14:59:15: === GCTACubeEdisp ===
2019-07-22T14:59:15:  Filename ..................: /cta/carli/CPPM_Internship/Simulations_and_Analyses/minus_gradient_AEff_South_z40_50h/source2a/edisp_cube.fits
2019-07-22T14:59:15: === GEnergies ===
2019-07-22T14:59:15:  Number of energies ........: 33
2019-07-22T14:59:15:  Number of migra bins ......: 100
2019-07-22T14:59:15:  Migra range ...............: 0.02 - 2
2019-07-22T14:59:15: === GSkyMap ===
2019-07-22T14:59:15:  Number of pixels ..........: 1
2019-07-22T14:59:15:  X axis dimension ..........: 1
2019-07-22T14:59:15:  Y axis dimension ..........: 1
2019-07-22T14:59:15:  Number of maps ............: 3300
2019-07-22T14:59:15:  Shape of maps .............: (100, 33)
2019-07-22T14:59:15: === GCTACubeBackground ===
2019-07-22T14:59:15:  Filename ..................: /cta/carli/CPPM_Internship/Simulations_and_Analyses/minus_gradient_AEff_South_z40_50h/source2a/background_cube.fits
2019-07-22T14:59:15: === GEbounds ===
2019-07-22T14:59:15:  Number of intervals .......: 32
2019-07-22T14:59:15:  Energy range ..............: 100 GeV - 199.526229858398 TeV
2019-07-22T14:59:15: === GSkyMap ===
2019-07-22T14:59:15:  Number of pixels ..........: 6400
2019-07-22T14:59:15:  X axis dimension ..........: 80
2019-07-22T14:59:15:  Y axis dimension ..........: 80
2019-07-22T14:59:15:  Number of maps ............: 32
2019-07-22T14:59:15:  Shape of maps .............: (32)
2019-07-22T14:59:15: === GCTAResponseCache ===
2019-07-22T14:59:15:  Number of cached values ...: 0
2019-07-22T14:59:15: === GCTAEventCube ===
2019-07-22T14:59:15:  Number of events ..........: 309532
2019-07-22T14:59:15:  Number of elements ........: 204800
2019-07-22T14:59:15:  Number of pixels ..........: 6400
2019-07-22T14:59:15:  Number of energy bins .....: 32
2019-07-22T14:59:15:  Time interval .............: 51544.5 - 51546.1666666667 days
2019-07-22T14:59:15:  Pointing ..................: (RA,Dec)=(84.1331,22.0145)
2019-07-22T14:59:15: === GEbounds ===
2019-07-22T14:59:15:  Number of intervals .......: 32
2019-07-22T14:59:15:  Energy range ..............: 100 GeV - 199.526229858398 TeV
2019-07-22T14:59:15: === GSkyMap ===
2019-07-22T14:59:15:  Number of pixels ..........: 6400
2019-07-22T14:59:15:  X axis dimension ..........: 80
2019-07-22T14:59:15:  Y axis dimension ..........: 80
2019-07-22T14:59:15:  Number of maps ............: 32
2019-07-22T14:59:15:  Shape of maps .............: (32)
2019-07-22T14:59:15: === GSkyRegions ===
2019-07-22T14:59:15:  Number of regions .........: 0
2019-07-22T14:59:15: === GModels ===
2019-07-22T14:59:15:  Number of models ..........: 2
2019-07-22T14:59:15:  Number of parameters ......: 11
2019-07-22T14:59:15: === GModelSky ===
2019-07-22T14:59:15:  Name ......................: source2a
2019-07-22T14:59:15:  Instruments ...............: all
2019-07-22T14:59:15:  Test Statistic ............: 16496.647
2019-07-22T14:59:15:  Observation identifiers ...: all
2019-07-22T14:59:15:  Model type ................: PointSource
2019-07-22T14:59:15:  Model components ..........: "PointSource" * "ExponentialCutoffPowerLaw" * "Constant"
2019-07-22T14:59:15:  Number of parameters ......: 7
2019-07-22T14:59:15:  Number of spatial par's ...: 2
2019-07-22T14:59:15:   RA .......................: 83.6331 [-360,360] deg (fixed,scale=1)
2019-07-22T14:59:15:   DEC ......................: 22.0145 [-90,90] deg (fixed,scale=1)
2019-07-22T14:59:15:  Number of spectral par's ..: 4
2019-07-22T14:59:15:   Prefactor ................: 7.76972986823497e-19 +/- 1.36678581072294e-20 [1e-26,1e-16] ph/cm2/s/MeV (free,scale=1e-19,gradient)
2019-07-22T14:59:15:   Index ....................: -2.02430001021329 +/- 0.0159422515045181 [-0,-5]  (free,scale=-1,gradient)
2019-07-22T14:59:15:   CutoffEnergy .............: 157449217.445836 +/- 52908246.0235044 [1000000,100000000000] MeV (free,scale=100000000,gradient)
2019-07-22T14:59:15:   PivotEnergy ..............: 1000000 [10000,1000000000] MeV (fixed,scale=1000000,gradient)
2019-07-22T14:59:15:  Number of temporal par's ..: 1
2019-07-22T14:59:15:   Normalization ............: 1 (relative value) (fixed,scale=1,gradient)
2019-07-22T14:59:15:  Number of scale par's .....: 0
2019-07-22T14:59:15: === GCTAModelCubeBackground ===
2019-07-22T14:59:15:  Name ......................: BackgroundModel
2019-07-22T14:59:15:  Instruments ...............: CTA, HESS, MAGIC, VERITAS
2019-07-22T14:59:15:  Observation identifiers ...: all
2019-07-22T14:59:15:  Model type ................: "PowerLaw" * "Constant"
2019-07-22T14:59:15:  Number of parameters ......: 4
2019-07-22T14:59:15:  Number of spectral par's ..: 3
2019-07-22T14:59:15:   Prefactor ................: 0.992201138810452 +/- 0.00440880324484591 [0.01,100] ph/cm2/s/MeV (free,scale=1,gradient)
2019-07-22T14:59:15:   Index ....................: -0.00396931714013184 +/- 0.0025693852851243 [-5,5]  (free,scale=1,gradient)
2019-07-22T14:59:15:   PivotEnergy ..............: 1000000 MeV (fixed,scale=1000000,gradient)
2019-07-22T14:59:15:  Number of temporal par's ..: 1
2019-07-22T14:59:15:   Normalization ............: 1 (relative value) (fixed,scale=1,gradient)
2019-07-22T14:59:15: 
2019-07-22T14:59:15: +===========================+
2019-07-22T14:59:15: | Compute covariance matrix |
2019-07-22T14:59:15: +===========================+
2019-07-22T14:59:47: === GMatrixSparse ===
2019-07-22T14:59:47:  Number of rows ............: 11
2019-07-22T14:59:47:  Number of columns .........: 11
2019-07-22T14:59:47:  Number of nonzero elements : 25
2019-07-22T14:59:47:  Number of allocated cells .: 512
2019-07-22T14:59:47:  Memory block size .........: 512
2019-07-22T14:59:47:  Sparse matrix fill ........: 0.206611570247934
2019-07-22T14:59:47:  Pending element ...........: 0
2019-07-22T14:59:47:  Fill stack size ...........: 0 (none)
2019-07-22T14:59:47:  0, 0, 0, 0, 0, 0, 0, 0, 0, 0, 0
2019-07-22T14:59:47:  0, 0, 0, 0, 0, 0, 0, 0, 0, 0, 0
2019-07-22T14:59:47:  0, 0, 1.86810345239372e-40, -7.54274034469927e-24, -1.9419576495867e-13, 0, 0, -2.55080557455883e-24, -5.96184841108188e-25, 0, 0
2019-07-22T14:59:47:  0, 0, -7.54274034469926e-24, 0.000254155383033887, -546272.620769775, 0, 0, 1.0891583536989e-06, -8.3538770553303e-07, 0, 0
2019-07-22T14:59:47:  0, 0, -1.9419576495867e-13, -546272.620769775, 2.79928249728671e+15, 0, 0, -492.74152180403, 1964.85300924549, 0, 0
2019-07-22T14:59:47:  0, 0, 0, 0, 0, 0, 0, 0, 0, 0, 0
2019-07-22T14:59:47:  0, 0, 0, 0, 0, 0, 0, 0, 0, 0, 0
2019-07-22T14:59:47:  0, 0, -2.55080557455883e-24, 1.0891583536989e-06, -492.741521804032, 0, 0, 1.9437546051771e-05, 1.03162068529436e-05, 0, 0
2019-07-22T14:59:47:  0, 0, -5.96184841108187e-25, -8.35387705533031e-07, 1964.85300924549, 0, 0, 1.03162068529436e-05, 6.60174074341908e-06, 0, 0
2019-07-22T14:59:47:  0, 0, 0, 0, 0, 0, 0, 0, 0, 0, 0
2019-07-22T14:59:47:  0, 0, 0, 0, 0, 0, 0, 0, 0, 0, 0
2019-07-22T14:59:47: 
2019-07-22T14:59:47: +===============================+
2019-07-22T14:59:47: | Prepare butterfly computation |
2019-07-22T14:59:47: +===============================+
2019-07-22T14:59:47:  Confidence level ..........: 0.68
2019-07-22T14:59:47:  Corresponding scaling .....: 0.994458
2019-07-22T14:59:47: 
2019-07-22T14:59:47: +====================+
2019-07-22T14:59:47: | Generate butterfly |
2019-07-22T14:59:47: +====================+
2019-07-22T14:59:47: 
2019-07-22T14:59:47: +=========+
2019-07-22T14:59:47: | Results |
2019-07-22T14:59:47: +=========+
2019-07-22T14:59:47:  Intensity at 112606.251051226 MeV : 6.45680034398608e-17 (6.20216821410653e-17, 6.71143247386562e-17) ph/cm2/s/MeV
2019-07-22T14:59:47:  Intensity at 142786.615593472 MeV : 3.99188638538561e-17 (3.84768141299087e-17, 4.13609135778035e-17) ph/cm2/s/MeV
2019-07-22T14:59:47:  Intensity at 181055.824186555 MeV : 2.46783815951385e-17 (2.38662701787211e-17, 2.54904930115559e-17) ph/cm2/s/MeV
2019-07-22T14:59:47:  Intensity at 229581.822747338 MeV : 1.52555154833735e-17 (1.48006795594146e-17, 1.57103514073325e-17) ph/cm2/s/MeV
2019-07-22T14:59:47:  Intensity at 291113.603071291 MeV : 9.4297727059584e-18 (9.17626747949823e-18, 9.68327793241857e-18) ph/cm2/s/MeV
2019-07-22T14:59:47:  Intensity at 369136.932876502 MeV : 5.82814131359973e-18 (5.68728776849576e-18, 5.96899485870371e-18) ph/cm2/s/MeV
2019-07-22T14:59:47:  Intensity at 468071.824112259 MeV : 3.60164780045623e-18 (3.52335100150962e-18, 3.67994459940285e-18) ph/cm2/s/MeV
2019-07-22T14:59:47:  Intensity at 593522.926087366 MeV : 2.2253548356181e-18 (2.18153765103074e-18, 2.26917202020546e-18) ph/cm2/s/MeV
2019-07-22T14:59:47:  Intensity at 752597.028157849 MeV : 1.37468930813051e-18 (1.34976769176471e-18, 1.39961092449631e-18) ph/cm2/s/MeV
2019-07-22T14:59:47:  Intensity at 954305.65846188 MeV : 8.48969798284014e-19 (8.34400776060876e-19, 8.63538820507152e-19) ph/cm2/s/MeV
2019-07-22T14:59:47:  Intensity at 1210075.58587031 MeV : 5.24120091812031e-19 (5.15288787099867e-19, 5.32951396524196e-19) ph/cm2/s/MeV
2019-07-22T14:59:47:  Intensity at 1534396.14502492 MeV : 3.23429993440072e-19 (3.1787249662201e-19, 3.28987490258135e-19) ph/cm2/s/MeV
2019-07-22T14:59:47:  Intensity at 1945640.05534746 MeV : 1.99475707234267e-19 (1.95871819468418e-19, 2.03079595000116e-19) ph/cm2/s/MeV
2019-07-22T14:59:47:  Intensity at 2467104.23331454 MeV : 1.22940708871826e-19 (1.20560678114433e-19, 1.25320739629218e-19) ph/cm2/s/MeV
2019-07-22T14:59:47:  Intensity at 3128329.55988436 MeV : 7.57034910035893e-20 (7.41204676685514e-20, 7.72865143386273e-20) ph/cm2/s/MeV
2019-07-22T14:59:47:  Intensity at 3966774.36773649 MeV : 4.65636776634285e-20 (4.55117510225768e-20, 4.76156043042801e-20) ph/cm2/s/MeV
2019-07-22T14:59:47:  Intensity at 5029936.45116879 MeV : 2.85995236939597e-20 (2.79045893499611e-20, 2.92944580379582e-20) ph/cm2/s/MeV
2019-07-22T14:59:47:  Intensity at 6378043.81024912 MeV : 1.75341354734763e-20 (1.70788079906793e-20, 1.79894629562733e-20) ph/cm2/s/MeV
2019-07-22T14:59:47:  Intensity at 8087466.55954362 MeV : 1.07253949511986e-20 (1.04295845948202e-20, 1.10212053075769e-20) ph/cm2/s/MeV
2019-07-22T14:59:47:  Intensity at 10255043.285628 MeV : 6.5415173353295e-21 (6.35056931296395e-21, 6.73246535769505e-21) ph/cm2/s/MeV
2019-07-22T14:59:47:  Intensity at 13003566.9409974 MeV : 3.97503782190216e-21 (3.85192296445664e-21, 4.09815267934768e-21) ph/cm2/s/MeV
2019-07-22T14:59:47:  Intensity at 16488741.0495845 MeV : 2.40420845518791e-21 (2.32417007970613e-21, 2.48424683066968e-21) ph/cm2/s/MeV
2019-07-22T14:59:47:  Intensity at 20908000.2920645 MeV : 1.44552788664817e-21 (1.39236529769795e-21, 1.49869047559839e-21) ph/cm2/s/MeV
2019-07-22T14:59:47:  Intensity at 26511695.1560098 MeV : 8.62608597594277e-22 (8.2607801073955e-22, 8.99139184449005e-22) ph/cm2/s/MeV
2019-07-22T14:59:47:  Intensity at 33617274.2599379 MeV : 5.09868781073956e-22 (4.8379943230007e-22, 5.35938129847843e-22) ph/cm2/s/MeV
2019-07-22T14:59:47:  Intensity at 42627267.7781488 MeV : 2.9774884524721e-22 (2.78598370974956e-22, 3.16899319519465e-22) ph/cm2/s/MeV
2019-07-22T14:59:47:  Intensity at 54052090.7251378 MeV : 1.7123040784141e-22 (1.56992452129364e-22, 1.85468363553457e-22) ph/cm2/s/MeV
2019-07-22T14:59:47:  Intensity at 68538957.9028144 MeV : 9.65751997110831e-23 (8.6047847579494e-23, 1.07102551842672e-22) ph/cm2/s/MeV
2019-07-22T14:59:47:  Intensity at 86908548.5386981 MeV : 5.31423267980292e-23 (4.55132422945068e-23, 6.07714113015517e-23) ph/cm2/s/MeV
2019-07-22T14:59:47:  Intensity at 110201497.662297 MeV : 2.83423165839083e-23 (2.29874907956865e-23, 3.36971423721302e-23) ph/cm2/s/MeV
2019-07-22T14:59:47:  Intensity at 139737347.950364 MeV : 1.45281474225793e-23 (1.0927269372651e-23, 1.81290254725076e-23) ph/cm2/s/MeV
2019-07-22T14:59:47:  Intensity at 177189301.655759 MeV : 7.08190387322514e-24 (4.78868772753152e-24, 9.37512001891876e-24) ph/cm2/s/MeV
2019-07-22T14:59:47: 
2019-07-22T14:59:47: +========================+
2019-07-22T14:59:47: | Save Butterfly diagram |
2019-07-22T14:59:47: +========================+
2019-07-22T14:59:47:  Butterfly file ............: /cta/carli/CPPM_Internship/Simulations_and_Analyses/minus_gradient_AEff_South_z40_50h/source2a/butterfly_binned.ascii
2019-07-22T14:59:47: 
2019-07-22T14:59:47: Application "ctbutterfly" terminated after 32 wall clock seconds, consuming 33.12 seconds of CPU time.
