2019-07-25T09:55:18: ********************************************************************************
2019-07-25T09:55:18: *                                    cterror                                   *
2019-07-25T09:55:18: * ---------------------------------------------------------------------------- *
2019-07-25T09:55:18: * Version: 1.6.0                                                               *
2019-07-25T09:55:18: ********************************************************************************
2019-07-25T09:55:19: +============+
2019-07-25T09:55:19: | Parameters |
2019-07-25T09:55:19: +============+
2019-07-25T09:55:19:  inobs .....................: /cta/carli/CPPM_Internship/Simulations_and_Analyses/minus_gradient_AEff_South_z40_50h/source2a/obs_cube.fits
2019-07-25T09:55:19:  inmodel ...................: /cta/carli/CPPM_Internship/Simulations_and_Analyses/minus_gradient_AEff_South_z40_50h/source2a/obsmodel_binned.xml
2019-07-25T09:55:19:  srcname ...................: source2a
2019-07-25T09:55:19:  expcube ...................: /cta/carli/CPPM_Internship/Simulations_and_Analyses/minus_gradient_AEff_South_z40_50h/source2a/exposure_cube.fits
2019-07-25T09:55:19:  psfcube ...................: /cta/carli/CPPM_Internship/Simulations_and_Analyses/minus_gradient_AEff_South_z40_50h/source2a/PSF_cube.fits
2019-07-25T09:55:19:  edispcube .................: /cta/carli/CPPM_Internship/Simulations_and_Analyses/minus_gradient_AEff_South_z40_50h/source2a/edisp_cube.fits
2019-07-25T09:55:19:  bkgcube ...................: /cta/carli/CPPM_Internship/Simulations_and_Analyses/minus_gradient_AEff_South_z40_50h/source2a/background_cube.fits
2019-07-25T09:55:19:  caldb .....................: prod3b-v2
2019-07-25T09:55:19:  irf .......................: minus_gradient_AEff_South_z40_50h
2019-07-25T09:55:19:  edisp .....................: yes
2019-07-25T09:55:19:  outmodel ..................: 
2019-07-25T09:55:19:  confidence ................: 0.68
2019-07-25T09:55:19:  tol .......................: 1e-3
2019-07-25T09:55:19:  statistic .................: DEFAULT
2019-07-25T09:55:19:  like_accuracy .............: 0.005
2019-07-25T09:55:19:  max_iter ..................: 50
2019-07-25T09:55:19:  nthreads ..................: 0
2019-07-25T09:55:19:  chatter ...................: 4
2019-07-25T09:55:19:  clobber ...................: yes
2019-07-25T09:55:19:  debug .....................: no
2019-07-25T09:55:19:  mode ......................: ql
2019-07-25T09:55:19:  logfile ...................: cterror68.log
2019-07-25T09:55:19: 
2019-07-25T09:55:19: +===================+
2019-07-25T09:55:19: | Input observation |
2019-07-25T09:55:19: +===================+
2019-07-25T09:55:19: === GObservations ===
2019-07-25T09:55:19:  Number of observations ....: 1
2019-07-25T09:55:19:  Number of models ..........: 2
2019-07-25T09:55:19:  Number of observed events .: 309532
2019-07-25T09:55:19:  Number of predicted events : 0
2019-07-25T09:55:19: === GCTAObservation ===
2019-07-25T09:55:19:  Name ......................: 
2019-07-25T09:55:19:  Identifier ................: 000001
2019-07-25T09:55:19:  Instrument ................: CTA
2019-07-25T09:55:19:  Event file ................: /cta/carli/CPPM_Internship/Simulations_and_Analyses/minus_gradient_AEff_South_z40_50h/source2a/obs_cube.fits
2019-07-25T09:55:19:  Event type ................: CountsCube
2019-07-25T09:55:19:  Statistic .................: cstat
2019-07-25T09:55:19:  Ontime ....................: 144000 s
2019-07-25T09:55:19:  Livetime ..................: 141120 s
2019-07-25T09:55:19:  Deadtime correction .......: 0.98
2019-07-25T09:55:19:  User energy range .........: undefined
2019-07-25T09:55:19: === GCTAPointing ===
2019-07-25T09:55:19:  Pointing direction ........: (RA,Dec)=(84.1331,22.0145)
2019-07-25T09:55:19: === GCTAResponseCube ===
2019-07-25T09:55:19:  Energy dispersion .........: Used
2019-07-25T09:55:19: === GCTACubeExposure ===
2019-07-25T09:55:19:  Filename ..................: /cta/carli/CPPM_Internship/Simulations_and_Analyses/minus_gradient_AEff_South_z40_50h/source2a/exposure_cube.fits
2019-07-25T09:55:19:  Livetime ..................: 141120 sec
2019-07-25T09:55:19: === GEnergies ===
2019-07-25T09:55:19:  Number of energies ........: 33
2019-07-25T09:55:19: === GGti ===
2019-07-25T09:55:19:  Number of intervals .......: 1
2019-07-25T09:55:19:  Ontime ....................: 144000 sec
2019-07-25T09:55:19:  Elapsed time ..............: 144000 sec
2019-07-25T09:55:19:  MJD range .................: 51544.5 - 51546.1666666667 s (TT)
2019-07-25T09:55:19:  UTC range .................: 2000-01-01T11:58:56 - 2000-01-03T03:58:56 s (TT)
2019-07-25T09:55:19:  Reference MJD .............: 51544.5
2019-07-25T09:55:19: === GSkyMap ===
2019-07-25T09:55:19:  Number of pixels ..........: 6400
2019-07-25T09:55:19:  X axis dimension ..........: 80
2019-07-25T09:55:19:  Y axis dimension ..........: 80
2019-07-25T09:55:19:  Number of maps ............: 33
2019-07-25T09:55:19:  Shape of maps .............: (33)
2019-07-25T09:55:19: === GCTACubePsf ===
2019-07-25T09:55:19:  Filename ..................: /cta/carli/CPPM_Internship/Simulations_and_Analyses/minus_gradient_AEff_South_z40_50h/source2a/PSF_cube.fits
2019-07-25T09:55:19: === GEnergies ===
2019-07-25T09:55:19:  Number of energies ........: 33
2019-07-25T09:55:19:  Number of delta bins ......: 200
2019-07-25T09:55:19:  Delta range ...............: 1.875e-06 - 0.298501875 deg
2019-07-25T09:55:19: === GSkyMap ===
2019-07-25T09:55:19:  Number of pixels ..........: 1
2019-07-25T09:55:19:  X axis dimension ..........: 1
2019-07-25T09:55:19:  Y axis dimension ..........: 1
2019-07-25T09:55:19:  Number of maps ............: 6600
2019-07-25T09:55:19:  Shape of maps .............: (200, 33)
2019-07-25T09:55:19: === GCTACubeEdisp ===
2019-07-25T09:55:19:  Filename ..................: /cta/carli/CPPM_Internship/Simulations_and_Analyses/minus_gradient_AEff_South_z40_50h/source2a/edisp_cube.fits
2019-07-25T09:55:19: === GEnergies ===
2019-07-25T09:55:19:  Number of energies ........: 33
2019-07-25T09:55:19:  Number of migra bins ......: 100
2019-07-25T09:55:19:  Migra range ...............: 0.02 - 2
2019-07-25T09:55:19: === GSkyMap ===
2019-07-25T09:55:19:  Number of pixels ..........: 1
2019-07-25T09:55:19:  X axis dimension ..........: 1
2019-07-25T09:55:19:  Y axis dimension ..........: 1
2019-07-25T09:55:19:  Number of maps ............: 3300
2019-07-25T09:55:19:  Shape of maps .............: (100, 33)
2019-07-25T09:55:19: === GCTACubeBackground ===
2019-07-25T09:55:19:  Filename ..................: /cta/carli/CPPM_Internship/Simulations_and_Analyses/minus_gradient_AEff_South_z40_50h/source2a/background_cube.fits
2019-07-25T09:55:19: === GEbounds ===
2019-07-25T09:55:19:  Number of intervals .......: 32
2019-07-25T09:55:19:  Energy range ..............: 100 GeV - 199.526229858398 TeV
2019-07-25T09:55:19: === GSkyMap ===
2019-07-25T09:55:19:  Number of pixels ..........: 6400
2019-07-25T09:55:19:  X axis dimension ..........: 80
2019-07-25T09:55:19:  Y axis dimension ..........: 80
2019-07-25T09:55:19:  Number of maps ............: 32
2019-07-25T09:55:19:  Shape of maps .............: (32)
2019-07-25T09:55:19: === GCTAResponseCache ===
2019-07-25T09:55:19:  Number of cached values ...: 0
2019-07-25T09:55:19: === GCTAEventCube ===
2019-07-25T09:55:19:  Number of events ..........: 309532
2019-07-25T09:55:19:  Number of elements ........: 204800
2019-07-25T09:55:19:  Number of pixels ..........: 6400
2019-07-25T09:55:19:  Number of energy bins .....: 32
2019-07-25T09:55:19:  Time interval .............: 51544.5 - 51546.1666666667 days
2019-07-25T09:55:19:  Pointing ..................: (RA,Dec)=(84.1331,22.0145)
2019-07-25T09:55:19: === GEbounds ===
2019-07-25T09:55:19:  Number of intervals .......: 32
2019-07-25T09:55:19:  Energy range ..............: 100 GeV - 199.526229858398 TeV
2019-07-25T09:55:19: === GSkyMap ===
2019-07-25T09:55:19:  Number of pixels ..........: 6400
2019-07-25T09:55:19:  X axis dimension ..........: 80
2019-07-25T09:55:19:  Y axis dimension ..........: 80
2019-07-25T09:55:19:  Number of maps ............: 32
2019-07-25T09:55:19:  Shape of maps .............: (32)
2019-07-25T09:55:19: === GSkyRegions ===
2019-07-25T09:55:19:  Number of regions .........: 0
2019-07-25T09:55:19: === GModels ===
2019-07-25T09:55:19:  Number of models ..........: 2
2019-07-25T09:55:19:  Number of parameters ......: 11
2019-07-25T09:55:19: === GModelSky ===
2019-07-25T09:55:19:  Name ......................: source2a
2019-07-25T09:55:19:  Instruments ...............: all
2019-07-25T09:55:19:  Test Statistic ............: 16496.647
2019-07-25T09:55:19:  Observation identifiers ...: all
2019-07-25T09:55:19:  Model type ................: PointSource
2019-07-25T09:55:19:  Model components ..........: "PointSource" * "ExponentialCutoffPowerLaw" * "Constant"
2019-07-25T09:55:19:  Number of parameters ......: 7
2019-07-25T09:55:19:  Number of spatial par's ...: 2
2019-07-25T09:55:19:   RA .......................: 83.6331 [-360,360] deg (fixed,scale=1)
2019-07-25T09:55:19:   DEC ......................: 22.0145 [-90,90] deg (fixed,scale=1)
2019-07-25T09:55:19:  Number of spectral par's ..: 4
2019-07-25T09:55:19:   Prefactor ................: 7.76972986823497e-19 [1e-26,1e-16] ph/cm2/s/MeV (fixed,scale=1e-19,gradient)
2019-07-25T09:55:19:   Index ....................: -2.02430001021329 [-0,-5]  (fixed,scale=-1,gradient)
2019-07-25T09:55:19:   CutoffEnergy .............: 157449217.445836 +/- 52908246.0235044 [1000000,100000000000] MeV (free,scale=100000000,gradient)
2019-07-25T09:55:19:   PivotEnergy ..............: 1000000 [10000,1000000000] MeV (fixed,scale=1000000,gradient)
2019-07-25T09:55:19:  Number of temporal par's ..: 1
2019-07-25T09:55:19:   Normalization ............: 1 (relative value) (fixed,scale=1,gradient)
2019-07-25T09:55:19:  Number of scale par's .....: 0
2019-07-25T09:55:19: === GCTAModelCubeBackground ===
2019-07-25T09:55:19:  Name ......................: BackgroundModel
2019-07-25T09:55:19:  Instruments ...............: CTA, HESS, MAGIC, VERITAS
2019-07-25T09:55:19:  Observation identifiers ...: all
2019-07-25T09:55:19:  Model type ................: "PowerLaw" * "Constant"
2019-07-25T09:55:19:  Number of parameters ......: 4
2019-07-25T09:55:19:  Number of spectral par's ..: 3
2019-07-25T09:55:19:   Prefactor ................: 0.992201138810452 [0.01,100] ph/cm2/s/MeV (fixed,scale=1,gradient)
2019-07-25T09:55:19:   Index ....................: -0.00396931714013184 [-5,5]  (fixed,scale=1,gradient)
2019-07-25T09:55:19:   PivotEnergy ..............: 1000000 MeV (fixed,scale=1000000,gradient)
2019-07-25T09:55:19:  Number of temporal par's ..: 1
2019-07-25T09:55:19:   Normalization ............: 1 (relative value) (fixed,scale=1,gradient)
2019-07-25T09:55:19: 
2019-07-25T09:55:19: +=============================+
2019-07-25T09:55:19: | Compute best-fit likelihood |
2019-07-25T09:55:19: +=============================+
2019-07-25T09:56:50: === GOptimizerLM ===
2019-07-25T09:56:50:  Optimized function value ..: -307358.190
2019-07-25T09:56:50:  Absolute precision ........: 0.005
2019-07-25T09:56:50:  Acceptable value decrease .: 2
2019-07-25T09:56:50:  Optimization status .......: converged
2019-07-25T09:56:50:  Number of parameters ......: 11
2019-07-25T09:56:50:  Number of free parameters .: 1
2019-07-25T09:56:50:  Number of iterations ......: 1
2019-07-25T09:56:50:  Lambda ....................: 0.0001
2019-07-25T09:56:50:  Maximum log likelihood ....: -307358.190
2019-07-25T09:56:50: === GModels ===
2019-07-25T09:56:50:  Number of models ..........: 2
2019-07-25T09:56:50:  Number of parameters ......: 11
2019-07-25T09:56:50: === GModelSky ===
2019-07-25T09:56:50:  Name ......................: source2a
2019-07-25T09:56:50:  Instruments ...............: all
2019-07-25T09:56:50:  Test Statistic ............: 16496.647
2019-07-25T09:56:50:  Observation identifiers ...: all
2019-07-25T09:56:50:  Model type ................: PointSource
2019-07-25T09:56:50:  Model components ..........: "PointSource" * "ExponentialCutoffPowerLaw" * "Constant"
2019-07-25T09:56:50:  Number of parameters ......: 7
2019-07-25T09:56:50:  Number of spatial par's ...: 2
2019-07-25T09:56:50:   RA .......................: 83.6331 [-360,360] deg (fixed,scale=1)
2019-07-25T09:56:50:   DEC ......................: 22.0145 [-90,90] deg (fixed,scale=1)
2019-07-25T09:56:50:  Number of spectral par's ..: 4
2019-07-25T09:56:50:   Prefactor ................: 7.76972986823497e-19 [1e-26,1e-16] ph/cm2/s/MeV (fixed,scale=1e-19,gradient)
2019-07-25T09:56:50:   Index ....................: -2.02430001021329 [-0,-5]  (fixed,scale=-1,gradient)
2019-07-25T09:56:50:   CutoffEnergy .............: 157540930.549644 +/- 37296777.1504738 [1000000,100000000000] MeV (free,scale=100000000,gradient)
2019-07-25T09:56:50:   PivotEnergy ..............: 1000000 [10000,1000000000] MeV (fixed,scale=1000000,gradient)
2019-07-25T09:56:50:  Number of temporal par's ..: 1
2019-07-25T09:56:50:   Normalization ............: 1 (relative value) (fixed,scale=1,gradient)
2019-07-25T09:56:50:  Number of scale par's .....: 0
2019-07-25T09:56:50: === GCTAModelCubeBackground ===
2019-07-25T09:56:50:  Name ......................: BackgroundModel
2019-07-25T09:56:50:  Instruments ...............: CTA, HESS, MAGIC, VERITAS
2019-07-25T09:56:50:  Observation identifiers ...: all
2019-07-25T09:56:50:  Model type ................: "PowerLaw" * "Constant"
2019-07-25T09:56:50:  Number of parameters ......: 4
2019-07-25T09:56:50:  Number of spectral par's ..: 3
2019-07-25T09:56:50:   Prefactor ................: 0.992201138810452 [0.01,100] ph/cm2/s/MeV (fixed,scale=1,gradient)
2019-07-25T09:56:50:   Index ....................: -0.00396931714013184 [-5,5]  (fixed,scale=1,gradient)
2019-07-25T09:56:50:   PivotEnergy ..............: 1000000 MeV (fixed,scale=1000000,gradient)
2019-07-25T09:56:50:  Number of temporal par's ..: 1
2019-07-25T09:56:50:   Normalization ............: 1 (relative value) (fixed,scale=1,gradient)
2019-07-25T09:56:50: 
2019-07-25T09:56:50: +==============================================================+
2019-07-25T09:56:50: | Compute error for source "source2a" parameter "CutoffEnergy" |
2019-07-25T09:56:50: +==============================================================+
2019-07-25T09:56:50:  Confidence level ..........: 68 %
2019-07-25T09:56:50:  Log-likelihood difference .: 0.494473
2019-07-25T09:56:50:  Initial factor range ......: [0.01, 5.30508702054382]
2019-07-25T09:57:01:    Iteration 1 .............: [0.01, 1.57540930549644]
2019-07-25T09:57:11:    Iteration 2 .............: [0.792704652748221, 1.57540930549644]
2019-07-25T09:57:21:    Iteration 3 .............: [1.18405697912233, 1.57540930549644]
2019-07-25T09:57:31:    Iteration 4 .............: [1.18405697912233, 1.37973314230939]
2019-07-25T09:57:42:    Iteration 5 .............: [1.18405697912233, 1.28189506071586]
2019-07-25T09:57:52:    Iteration 6 .............: [1.23297601991909, 1.28189506071586]
2019-07-25T09:58:02:    Iteration 7 .............: [1.25743554031748, 1.28189506071586]
2019-07-25T09:58:12:    Iteration 8 .............: [1.25743554031748, 1.26966530051667]
2019-07-25T09:58:23:    Iteration 9 .............: [1.25743554031748, 1.26355042041707]
2019-07-25T09:58:33:    Iteration 10 ............: [1.26049298036727, 1.26355042041707]
2019-07-25T09:58:43:    Iteration 11 ............: [1.26202170039217, 1.26355042041707]
2019-07-25T09:58:53:    Iteration 12 ............: [1.26278606040462, 1.26355042041707]
2019-07-25T09:59:04:    Iteration 1 .............: [1.57540930549644, 5.30508702054382]
2019-07-25T09:59:14:    Iteration 2 .............: [1.57540930549644, 3.44024816302013]
2019-07-25T09:59:24:    Iteration 3 .............: [1.57540930549644, 2.50782873425829]
2019-07-25T09:59:34:    Iteration 4 .............: [2.04161901987736, 2.50782873425829]
2019-07-25T09:59:44:    Iteration 5 .............: [2.04161901987736, 2.27472387706782]
2019-07-25T09:59:54:    Iteration 6 .............: [2.04161901987736, 2.15817144847259]
2019-07-25T10:00:05:    Iteration 7 .............: [2.04161901987736, 2.09989523417498]
2019-07-25T10:00:15:    Iteration 8 .............: [2.04161901987736, 2.07075712702617]
2019-07-25T10:00:26:    Iteration 9 .............: [2.05618807345177, 2.07075712702617]
2019-07-25T10:00:36:    Iteration 10 ............: [2.06347260023897, 2.07075712702617]
2019-07-25T10:00:46:    Iteration 11 ............: [2.06711486363257, 2.07075712702617]
2019-07-25T10:00:46:  Lower parameter factor ....: 1.26317
2019-07-25T10:00:46:  Upper parameter factor ....: 2.06894
2019-07-25T10:00:46:  Error from curvature ......: 37296777.1504738 MeV
2019-07-25T10:00:46:  Error from profile ........: 40288387.7459262 MeV
2019-07-25T10:00:46:  Negative profile error ....: 31224106.5085594 MeV
2019-07-25T10:00:46:  Positive profile error ....: 49352668.9832929 MeV
2019-07-25T10:00:46: 
2019-07-25T10:00:46: +==============+
2019-07-25T10:00:46: | Save results |
2019-07-25T10:00:46: +==============+
2019-07-25T10:00:46:  Model definition file .....: NONE
2019-07-25T10:00:46: 
2019-07-25T10:00:46: Application "cterror" terminated after 328 wall clock seconds, consuming 401.76 seconds of CPU time.
