2019-07-22T14:56:14: ********************************************************************************
2019-07-22T14:56:14: *                                    ctlike                                    *
2019-07-22T14:56:14: * ---------------------------------------------------------------------------- *
2019-07-22T14:56:14: * Version: 1.6.0                                                               *
2019-07-22T14:56:14: ********************************************************************************
2019-07-22T14:56:14: +============+
2019-07-22T14:56:14: | Parameters |
2019-07-22T14:56:14: +============+
2019-07-22T14:56:14:  inobs .....................: /cta/carli/CPPM_Internship/Simulations_and_Analyses/minus_gradient_AEff_South_z40_50h/source2a/obs_cube.fits
2019-07-22T14:56:14:  inmodel ...................: sourcemodel_cube.xml
2019-07-22T14:56:14:  expcube ...................: /cta/carli/CPPM_Internship/Simulations_and_Analyses/minus_gradient_AEff_South_z40_50h/source2a/exposure_cube.fits
2019-07-22T14:56:14:  psfcube ...................: /cta/carli/CPPM_Internship/Simulations_and_Analyses/minus_gradient_AEff_South_z40_50h/source2a/PSF_cube.fits
2019-07-22T14:56:14:  edispcube .................: /cta/carli/CPPM_Internship/Simulations_and_Analyses/minus_gradient_AEff_South_z40_50h/source2a/edisp_cube.fits
2019-07-22T14:56:14:  bkgcube ...................: /cta/carli/CPPM_Internship/Simulations_and_Analyses/minus_gradient_AEff_South_z40_50h/source2a/background_cube.fits
2019-07-22T14:56:14:  caldb .....................: prod3b-v2
2019-07-22T14:56:14:  irf .......................: minus_gradient_AEff_South_z40_50h
2019-07-22T14:56:14:  edisp .....................: yes
2019-07-22T14:56:14:  outmodel ..................: /cta/carli/CPPM_Internship/Simulations_and_Analyses/minus_gradient_AEff_South_z40_50h/source2a/obsmodel_binned.xml
2019-07-22T14:56:14:  outcovmat .................: NONE
2019-07-22T14:56:14:  statistic .................: DEFAULT
2019-07-22T14:56:14:  refit .....................: no
2019-07-22T14:56:14:  like_accuracy .............: 0.005
2019-07-22T14:56:14:  max_iter ..................: 50
2019-07-22T14:56:14:  fix_spat_for_ts ...........: no
2019-07-22T14:56:14:  nthreads ..................: 0
2019-07-22T14:56:14:  chatter ...................: 4
2019-07-22T14:56:14:  clobber ...................: yes
2019-07-22T14:56:14:  debug .....................: no
2019-07-22T14:56:14:  mode ......................: ql
2019-07-22T14:56:14:  logfile ...................: ctlike.log
2019-07-22T14:56:14: 
2019-07-22T14:56:14: +===================+
2019-07-22T14:56:14: | Input observation |
2019-07-22T14:56:14: +===================+
2019-07-22T14:56:14: === GObservations ===
2019-07-22T14:56:14:  Number of observations ....: 1
2019-07-22T14:56:14:  Number of models ..........: 2
2019-07-22T14:56:14:  Number of observed events .: 309532
2019-07-22T14:56:14:  Number of predicted events : 0
2019-07-22T14:56:14: === GCTAObservation ===
2019-07-22T14:56:14:  Name ......................: 
2019-07-22T14:56:14:  Identifier ................: 000001
2019-07-22T14:56:14:  Instrument ................: CTA
2019-07-22T14:56:14:  Event file ................: /cta/carli/CPPM_Internship/Simulations_and_Analyses/minus_gradient_AEff_South_z40_50h/source2a/obs_cube.fits
2019-07-22T14:56:14:  Event type ................: CountsCube
2019-07-22T14:56:14:  Statistic .................: cstat
2019-07-22T14:56:14:  Ontime ....................: 144000 s
2019-07-22T14:56:14:  Livetime ..................: 141120 s
2019-07-22T14:56:14:  Deadtime correction .......: 0.98
2019-07-22T14:56:14:  User energy range .........: undefined
2019-07-22T14:56:14: === GCTAPointing ===
2019-07-22T14:56:14:  Pointing direction ........: (RA,Dec)=(84.1331,22.0145)
2019-07-22T14:56:14: === GCTAResponseCube ===
2019-07-22T14:56:14:  Energy dispersion .........: Used
2019-07-22T14:56:14: === GCTACubeExposure ===
2019-07-22T14:56:14:  Filename ..................: /cta/carli/CPPM_Internship/Simulations_and_Analyses/minus_gradient_AEff_South_z40_50h/source2a/exposure_cube.fits
2019-07-22T14:56:14:  Livetime ..................: 141120 sec
2019-07-22T14:56:14: === GEnergies ===
2019-07-22T14:56:14:  Number of energies ........: 33
2019-07-22T14:56:14: === GGti ===
2019-07-22T14:56:14:  Number of intervals .......: 1
2019-07-22T14:56:14:  Ontime ....................: 144000 sec
2019-07-22T14:56:14:  Elapsed time ..............: 144000 sec
2019-07-22T14:56:14:  MJD range .................: 51544.5 - 51546.1666666667 s (TT)
2019-07-22T14:56:14:  UTC range .................: 2000-01-01T11:58:56 - 2000-01-03T03:58:56 s (TT)
2019-07-22T14:56:14:  Reference MJD .............: 51544.5
2019-07-22T14:56:14: === GSkyMap ===
2019-07-22T14:56:14:  Number of pixels ..........: 6400
2019-07-22T14:56:14:  X axis dimension ..........: 80
2019-07-22T14:56:14:  Y axis dimension ..........: 80
2019-07-22T14:56:14:  Number of maps ............: 33
2019-07-22T14:56:14:  Shape of maps .............: (33)
2019-07-22T14:56:14: === GCTACubePsf ===
2019-07-22T14:56:14:  Filename ..................: /cta/carli/CPPM_Internship/Simulations_and_Analyses/minus_gradient_AEff_South_z40_50h/source2a/PSF_cube.fits
2019-07-22T14:56:14: === GEnergies ===
2019-07-22T14:56:14:  Number of energies ........: 33
2019-07-22T14:56:14:  Number of delta bins ......: 200
2019-07-22T14:56:14:  Delta range ...............: 1.875e-06 - 0.298501875 deg
2019-07-22T14:56:14: === GSkyMap ===
2019-07-22T14:56:14:  Number of pixels ..........: 1
2019-07-22T14:56:14:  X axis dimension ..........: 1
2019-07-22T14:56:14:  Y axis dimension ..........: 1
2019-07-22T14:56:14:  Number of maps ............: 6600
2019-07-22T14:56:14:  Shape of maps .............: (200, 33)
2019-07-22T14:56:14: === GCTACubeEdisp ===
2019-07-22T14:56:14:  Filename ..................: /cta/carli/CPPM_Internship/Simulations_and_Analyses/minus_gradient_AEff_South_z40_50h/source2a/edisp_cube.fits
2019-07-22T14:56:14: === GEnergies ===
2019-07-22T14:56:14:  Number of energies ........: 33
2019-07-22T14:56:14:  Number of migra bins ......: 100
2019-07-22T14:56:14:  Migra range ...............: 0.02 - 2
2019-07-22T14:56:14: === GSkyMap ===
2019-07-22T14:56:14:  Number of pixels ..........: 1
2019-07-22T14:56:14:  X axis dimension ..........: 1
2019-07-22T14:56:14:  Y axis dimension ..........: 1
2019-07-22T14:56:14:  Number of maps ............: 3300
2019-07-22T14:56:14:  Shape of maps .............: (100, 33)
2019-07-22T14:56:14: === GCTACubeBackground ===
2019-07-22T14:56:14:  Filename ..................: /cta/carli/CPPM_Internship/Simulations_and_Analyses/minus_gradient_AEff_South_z40_50h/source2a/background_cube.fits
2019-07-22T14:56:14: === GEbounds ===
2019-07-22T14:56:14:  Number of intervals .......: 32
2019-07-22T14:56:14:  Energy range ..............: 100 GeV - 199.526229858398 TeV
2019-07-22T14:56:14: === GSkyMap ===
2019-07-22T14:56:14:  Number of pixels ..........: 6400
2019-07-22T14:56:14:  X axis dimension ..........: 80
2019-07-22T14:56:14:  Y axis dimension ..........: 80
2019-07-22T14:56:14:  Number of maps ............: 32
2019-07-22T14:56:14:  Shape of maps .............: (32)
2019-07-22T14:56:14: === GCTAResponseCache ===
2019-07-22T14:56:14:  Number of cached values ...: 0
2019-07-22T14:56:14: === GCTAEventCube ===
2019-07-22T14:56:14:  Number of events ..........: 309532
2019-07-22T14:56:14:  Number of elements ........: 204800
2019-07-22T14:56:14:  Number of pixels ..........: 6400
2019-07-22T14:56:14:  Number of energy bins .....: 32
2019-07-22T14:56:14:  Time interval .............: 51544.5 - 51546.1666666667 days
2019-07-22T14:56:14:  Pointing ..................: (RA,Dec)=(84.1331,22.0145)
2019-07-22T14:56:14: === GEbounds ===
2019-07-22T14:56:14:  Number of intervals .......: 32
2019-07-22T14:56:14:  Energy range ..............: 100 GeV - 199.526229858398 TeV
2019-07-22T14:56:14: === GSkyMap ===
2019-07-22T14:56:14:  Number of pixels ..........: 6400
2019-07-22T14:56:14:  X axis dimension ..........: 80
2019-07-22T14:56:14:  Y axis dimension ..........: 80
2019-07-22T14:56:14:  Number of maps ............: 32
2019-07-22T14:56:14:  Shape of maps .............: (32)
2019-07-22T14:56:14: === GSkyRegions ===
2019-07-22T14:56:14:  Number of regions .........: 0
2019-07-22T14:56:14: === GModels ===
2019-07-22T14:56:14:  Number of models ..........: 2
2019-07-22T14:56:14:  Number of parameters ......: 11
2019-07-22T14:56:14: === GModelSky ===
2019-07-22T14:56:14:  Name ......................: source2a
2019-07-22T14:56:14:  Instruments ...............: all
2019-07-22T14:56:14:  Test Statistic ............: Computation requested
2019-07-22T14:56:14:  Observation identifiers ...: all
2019-07-22T14:56:14:  Model type ................: PointSource
2019-07-22T14:56:14:  Model components ..........: "PointSource" * "ExponentialCutoffPowerLaw" * "Constant"
2019-07-22T14:56:14:  Number of parameters ......: 7
2019-07-22T14:56:14:  Number of spatial par's ...: 2
2019-07-22T14:56:14:   RA .......................: 83.6331 [-360,360] deg (fixed,scale=1)
2019-07-22T14:56:14:   DEC ......................: 22.0145 [-90,90] deg (fixed,scale=1)
2019-07-22T14:56:14:  Number of spectral par's ..: 4
2019-07-22T14:56:14:   Prefactor ................: 7.6e-19 +/- 0 [1e-26,1e-16] ph/cm2/s/MeV (free,scale=1e-19,gradient)
2019-07-22T14:56:14:   Index ....................: -2 +/- 0 [-0,-5]  (free,scale=-1,gradient)
2019-07-22T14:56:14:   CutoffEnergy .............: 100000000 +/- 0 [1000000,100000000000] MeV (free,scale=100000000,gradient)
2019-07-22T14:56:14:   PivotEnergy ..............: 1000000 [10000,1000000000] MeV (fixed,scale=1000000,gradient)
2019-07-22T14:56:14:  Number of temporal par's ..: 1
2019-07-22T14:56:14:   Normalization ............: 1 (relative value) (fixed,scale=1,gradient)
2019-07-22T14:56:14:  Number of scale par's .....: 0
2019-07-22T14:56:14: === GCTAModelCubeBackground ===
2019-07-22T14:56:14:  Name ......................: BackgroundModel
2019-07-22T14:56:14:  Instruments ...............: CTA, HESS, MAGIC, VERITAS
2019-07-22T14:56:14:  Observation identifiers ...: all
2019-07-22T14:56:14:  Model type ................: "PowerLaw" * "Constant"
2019-07-22T14:56:14:  Number of parameters ......: 4
2019-07-22T14:56:14:  Number of spectral par's ..: 3
2019-07-22T14:56:14:   Prefactor ................: 1 +/- 0 [0.01,100] ph/cm2/s/MeV (free,scale=1,gradient)
2019-07-22T14:56:14:   Index ....................: 0 +/- 0 [-5,5]  (free,scale=1,gradient)
2019-07-22T14:56:14:   PivotEnergy ..............: 1000000 MeV (fixed,scale=1000000,gradient)
2019-07-22T14:56:14:  Number of temporal par's ..: 1
2019-07-22T14:56:14:   Normalization ............: 1 (relative value) (fixed,scale=1,gradient)
2019-07-22T14:56:14: 
2019-07-22T14:56:14: +=================================+
2019-07-22T14:56:14: | Maximum likelihood optimisation |
2019-07-22T14:56:14: +=================================+
2019-07-22T14:56:46:  >Iteration   0: -logL=-307354.030, Lambda=1.0e-03
2019-07-22T14:57:15:  >Iteration   1: -logL=-307357.941, Lambda=1.0e-03, delta=3.911, step=1.0e+00, max(|grad|)=30.709109 [Index:3]
2019-07-22T14:57:44:  >Iteration   2: -logL=-307358.174, Lambda=1.0e-04, delta=0.232, step=1.0e+00, max(|grad|)=6.982772 [Index:3]
2019-07-22T14:58:13:  >Iteration   3: -logL=-307358.190, Lambda=1.0e-05, delta=0.016, step=1.0e+00, max(|grad|)=0.720420 [Index:3]
2019-07-22T14:58:43:  >Iteration   4: -logL=-307358.190, Lambda=1.0e-06, delta=0.000, step=1.0e+00, max(|grad|)=0.033792 [Index:3]
2019-07-22T14:58:43:  
2019-07-22T14:58:43:  +==================+
2019-07-22T14:58:43:  | Curvature matrix |
2019-07-22T14:58:43:  +==================+
2019-07-22T14:58:43:  === GMatrixSparse ===
2019-07-22T14:58:43:   Number of rows ............: 11
2019-07-22T14:58:43:   Number of columns .........: 11
2019-07-22T14:58:43:   Number of nonzero elements : 25
2019-07-22T14:58:43:   Number of allocated cells .: 537
2019-07-22T14:58:43:   Memory block size .........: 512
2019-07-22T14:58:43:   Sparse matrix fill ........: 0.206611570247934
2019-07-22T14:58:43:   Pending element ...........: 0
2019-07-22T14:58:43:   Fill stack size ...........: 0 (none)
2019-07-22T14:58:43:   0, 0, 0, 0, 0, 0, 0, 0, 0, 0, 0
2019-07-22T14:58:43:   0, 0, 0, 0, 0, 0, 0, 0, 0, 0, 0
2019-07-22T14:58:43:   0, 0, 62.9947867381779, -191.213411838464, 8.13033782985107, 0, 0, 256.808473964794, -344.414588861855, 0, 0
2019-07-22T14:58:43:   0, 0, -191.213411838464, 7399.41456440014, -157.2716808912, 0, 0, 2718.96070343606, -4889.70565073442, 0, 0
2019-07-22T14:58:43:   0, 0, 8.13033782985107, -157.2716808912, 7.20553410436747, 0, 0, 3.55365423566944, 0.244827011448491, 0, 0
2019-07-22T14:58:43:   0, 0, 0, 0, 0, 0, 0, 0, 0, 0, 0
2019-07-22T14:58:43:   0, 0, 0, 0, 0, 0, 0, 0, 0, 0, 0
2019-07-22T14:58:43:   0, 0, 256.808473964794, 2718.96070343606, 3.55365423566944, 0, 0, 304738.23165334, -476321.763181095, 0, 0
2019-07-22T14:58:43:   0, 0, -344.414588861855, -4889.70565073441, 0.244827011448488, 0, 0, -476321.763181095, 896106.149784503, 0, 0
2019-07-22T14:58:43:   0, 0, 0, 0, 0, 0, 0, 0, 0, 0, 0
2019-07-22T14:58:43:   0, 0, 0, 0, 0, 0, 0, 0, 0, 0, 0
2019-07-22T14:59:12: 
2019-07-22T14:59:12: +====================================+
2019-07-22T14:59:12: | Maximum likelihood re-optimisation |
2019-07-22T14:59:12: +====================================+
2019-07-22T14:59:13:  >Iteration   0: -logL=-298857.933, Lambda=1.0e-03
2019-07-22T14:59:13:  >Iteration   1: -logL=-299104.478, Lambda=1.0e-03, delta=246.545, step=1.0e+00, max(|grad|)=-1262.899365 [Prefactor:0]
2019-07-22T14:59:14:  >Iteration   2: -logL=-299109.859, Lambda=1.0e-04, delta=5.380, step=1.0e+00, max(|grad|)=-26.160747 [Prefactor:0]
2019-07-22T14:59:14:  >Iteration   3: -logL=-299109.867, Lambda=1.0e-05, delta=0.008, step=1.0e+00, max(|grad|)=-2.012609 [Index:1]
2019-07-22T14:59:15:  >Iteration   4: -logL=-299109.867, Lambda=1.0e-06, delta=0.000, step=1.0e+00, max(|grad|)=-0.090992 [Index:1]
2019-07-22T14:59:15: 
2019-07-22T14:59:15: +============================================+
2019-07-22T14:59:15: | Maximum likelihood re-optimisation results |
2019-07-22T14:59:15: +============================================+
2019-07-22T14:59:15: === GOptimizerLM ===
2019-07-22T14:59:15:  Optimized function value ..: -299109.867
2019-07-22T14:59:15:  Absolute precision ........: 0.005
2019-07-22T14:59:15:  Acceptable value decrease .: 2
2019-07-22T14:59:15:  Optimization status .......: converged
2019-07-22T14:59:15:  Number of parameters ......: 4
2019-07-22T14:59:15:  Number of free parameters .: 2
2019-07-22T14:59:15:  Number of iterations ......: 4
2019-07-22T14:59:15:  Lambda ....................: 1e-07
2019-07-22T14:59:15: 
2019-07-22T14:59:15: +=========================================+
2019-07-22T14:59:15: | Maximum likelihood optimisation results |
2019-07-22T14:59:15: +=========================================+
2019-07-22T14:59:15: === GOptimizerLM ===
2019-07-22T14:59:15:  Optimized function value ..: -307358.190
2019-07-22T14:59:15:  Absolute precision ........: 0.005
2019-07-22T14:59:15:  Acceptable value decrease .: 2
2019-07-22T14:59:15:  Optimization status .......: converged
2019-07-22T14:59:15:  Number of parameters ......: 11
2019-07-22T14:59:15:  Number of free parameters .: 5
2019-07-22T14:59:15:  Number of iterations ......: 4
2019-07-22T14:59:15:  Lambda ....................: 1e-07
2019-07-22T14:59:15:  Maximum log likelihood ....: 307358.190
2019-07-22T14:59:15:  Observed events  (Nobs) ...: 309532.000
2019-07-22T14:59:15:  Predicted events (Npred) ..: 307765.992 (Nobs - Npred = 1766.00790787837)
2019-07-22T14:59:15: === GModels ===
2019-07-22T14:59:15:  Number of models ..........: 2
2019-07-22T14:59:15:  Number of parameters ......: 11
2019-07-22T14:59:15: === GModelSky ===
2019-07-22T14:59:15:  Name ......................: source2a
2019-07-22T14:59:15:  Instruments ...............: all
2019-07-22T14:59:15:  Test Statistic ............: 16496.6472954464
2019-07-22T14:59:15:  Observation identifiers ...: all
2019-07-22T14:59:15:  Model type ................: PointSource
2019-07-22T14:59:15:  Model components ..........: "PointSource" * "ExponentialCutoffPowerLaw" * "Constant"
2019-07-22T14:59:15:  Number of parameters ......: 7
2019-07-22T14:59:15:  Number of spatial par's ...: 2
2019-07-22T14:59:15:   RA .......................: 83.6331 [-360,360] deg (fixed,scale=1)
2019-07-22T14:59:15:   DEC ......................: 22.0145 [-90,90] deg (fixed,scale=1)
2019-07-22T14:59:15:  Number of spectral par's ..: 4
2019-07-22T14:59:15:   Prefactor ................: 7.76972986823497e-19 +/- 1.36678581072294e-20 [1e-26,1e-16] ph/cm2/s/MeV (free,scale=1e-19,gradient)
2019-07-22T14:59:15:   Index ....................: -2.02430001021329 +/- 0.0159422515045181 [-0,-5]  (free,scale=-1,gradient)
2019-07-22T14:59:15:   CutoffEnergy .............: 157449217.445836 +/- 52908246.0235044 [1000000,100000000000] MeV (free,scale=100000000,gradient)
2019-07-22T14:59:15:   PivotEnergy ..............: 1000000 [10000,1000000000] MeV (fixed,scale=1000000,gradient)
2019-07-22T14:59:15:  Number of temporal par's ..: 1
2019-07-22T14:59:15:   Normalization ............: 1 (relative value) (fixed,scale=1,gradient)
2019-07-22T14:59:15:  Number of scale par's .....: 0
2019-07-22T14:59:15: === GCTAModelCubeBackground ===
2019-07-22T14:59:15:  Name ......................: BackgroundModel
2019-07-22T14:59:15:  Instruments ...............: CTA, HESS, MAGIC, VERITAS
2019-07-22T14:59:15:  Observation identifiers ...: all
2019-07-22T14:59:15:  Model type ................: "PowerLaw" * "Constant"
2019-07-22T14:59:15:  Number of parameters ......: 4
2019-07-22T14:59:15:  Number of spectral par's ..: 3
2019-07-22T14:59:15:   Prefactor ................: 0.992201138810452 +/- 0.00440880324484591 [0.01,100] ph/cm2/s/MeV (free,scale=1,gradient)
2019-07-22T14:59:15:   Index ....................: -0.00396931714013184 +/- 0.0025693852851243 [-5,5]  (free,scale=1,gradient)
2019-07-22T14:59:15:   PivotEnergy ..............: 1000000 MeV (fixed,scale=1000000,gradient)
2019-07-22T14:59:15:  Number of temporal par's ..: 1
2019-07-22T14:59:15:   Normalization ............: 1 (relative value) (fixed,scale=1,gradient)
2019-07-22T14:59:15: 
2019-07-22T14:59:15: +==============+
2019-07-22T14:59:15: | Save results |
2019-07-22T14:59:15: +==============+
2019-07-22T14:59:15:  Model definition file .....: /cta/carli/CPPM_Internship/Simulations_and_Analyses/minus_gradient_AEff_South_z40_50h/source2a/obsmodel_binned.xml
2019-07-22T14:59:15:  Covariance matrix file ....: NONE
2019-07-22T14:59:15: 
2019-07-22T14:59:15: Application "ctlike" terminated after 182 wall clock seconds, consuming 188.17 seconds of CPU time.
