2019-07-22T12:01:04: ********************************************************************************
2019-07-22T12:01:04: *                                   ctobssim                                   *
2019-07-22T12:01:04: * ---------------------------------------------------------------------------- *
2019-07-22T12:01:04: * Version: 1.6.0                                                               *
2019-07-22T12:01:04: ********************************************************************************
2019-07-22T12:01:04: +============+
2019-07-22T12:01:04: | Parameters |
2019-07-22T12:01:04: +============+
2019-07-22T12:01:04:  inobs .....................: NONE
2019-07-22T12:01:04:  inmodel ...................: /cta/carli/anaconda3/share/models/source2a.xml
2019-07-22T12:01:04:  caldb .....................: prod3b-v2
2019-07-22T12:01:04:  irf .......................: minus_gradient_AEff_South_z40_50h
2019-07-22T12:01:04:  edisp .....................: yes
2019-07-22T12:01:04:  outevents .................: /cta/carli/CPPM_Internship/Simulations_and_Analyses/minus_gradient_AEff_South_z40_50h/source2a/obs.fits
2019-07-22T12:01:04:  prefix ....................: sim_events_
2019-07-22T12:01:04:  startindex ................: 1
2019-07-22T12:01:04:  seed ......................: 1000
2019-07-22T12:01:04:  ra ........................: 84.1331
2019-07-22T12:01:04:  dec .......................: 22.0145
2019-07-22T12:01:04:  rad .......................: 0.8
2019-07-22T12:01:04:  tmin ......................: 0
2019-07-22T12:01:04:  tmax ......................: 144000
2019-07-22T12:01:04:  mjdref ....................: 51544.5
2019-07-22T12:01:04:  emin ......................: 0.1
2019-07-22T12:01:04:  emax ......................: 199.526229858398
2019-07-22T12:01:04:  deadc .....................: 0.98
2019-07-22T12:01:04:  maxrate ...................: 1.0e6
2019-07-22T12:01:04:  eslices ...................: 10
2019-07-22T12:01:04:  nthreads ..................: 0
2019-07-22T12:01:04:  publish ...................: no
2019-07-22T12:01:04:  chatter ...................: 4
2019-07-22T12:01:04:  clobber ...................: yes
2019-07-22T12:01:04:  debug .....................: no
2019-07-22T12:01:04:  mode ......................: ql
2019-07-22T12:01:04:  logfile ...................: ctobssim.log
2019-07-22T12:01:04: 
2019-07-22T12:01:04: +================+
2019-07-22T12:01:04: | Execution mode |
2019-07-22T12:01:04: +================+
2019-07-22T12:01:04:  Event list management .....: Save and dispose (reduces memory needs)
2019-07-22T12:01:04:  Output format .............: Write single event list FITS file
2019-07-22T12:01:04: 
2019-07-22T12:01:04: +=============+
2019-07-22T12:01:04: | Seed values |
2019-07-22T12:01:04: +=============+
2019-07-22T12:01:04:  Seed 0 ....................: 6233869624
2019-07-22T12:01:04: 
2019-07-22T12:01:04: +===================+
2019-07-22T12:01:04: | Input observation |
2019-07-22T12:01:04: +===================+
2019-07-22T12:01:04: === GObservations ===
2019-07-22T12:01:04:  Number of observations ....: 1
2019-07-22T12:01:04:  Number of models ..........: 2
2019-07-22T12:01:04:  Number of observed events .: 0
2019-07-22T12:01:04:  Number of predicted events : 0
2019-07-22T12:01:04: === GCTAObservation ===
2019-07-22T12:01:04:  Name ......................: 
2019-07-22T12:01:04:  Identifier ................: 
2019-07-22T12:01:04:  Instrument ................: CTA
2019-07-22T12:01:04:  Event file ................: 
2019-07-22T12:01:04:  Event type ................: EventList
2019-07-22T12:01:04:  Statistic .................: cstat
2019-07-22T12:01:04:  Ontime ....................: 144000 s
2019-07-22T12:01:04:  Livetime ..................: 141120 s
2019-07-22T12:01:04:  Deadtime correction .......: 0.98
2019-07-22T12:01:04:  User energy range .........: undefined
2019-07-22T12:01:04: === GCTAPointing ===
2019-07-22T12:01:04:  Pointing direction ........: (RA,Dec)=(84.1331,22.0145)
2019-07-22T12:01:04: === GCTAResponseIrf ===
2019-07-22T12:01:04:  Caldb mission .............: cta
2019-07-22T12:01:04:  Caldb instrument ..........: prod3b-v2
2019-07-22T12:01:04:  Response name .............: minus_gradient_AEff_South_z40_50h
2019-07-22T12:01:04:  Energy dispersion .........: Used
2019-07-22T12:01:04:  Safe energy range .........: undefined
2019-07-22T12:01:04: === GCaldb ===
2019-07-22T12:01:04:  Database root .............: /cta/carli/anaconda3/share/caldb
2019-07-22T12:01:04:  Selected Mission ..........: CTA
2019-07-22T12:01:04:  Selected Instrument .......: PROD3B-V2
2019-07-22T12:01:04:  Calibration Index File ....: /cta/carli/anaconda3/share/caldb/data/cta/prod3b-v2/caldb.indx
2019-07-22T12:01:04:  Number of entries .........: 240
2019-07-22T12:01:04: === GCTAAeff2D ===
2019-07-22T12:01:04:  Filename ..................: /cta/carli/anaconda3/share/caldb/data/cta/prod3b-v2/bcf/minus_gradient_AEff_South_z40_50h/irf_file.fits
2019-07-22T12:01:04:  Number of energy bins .....: 42
2019-07-22T12:01:04:  Number of offset bins .....: 6
2019-07-22T12:01:04:  Log10(Energy) range .......: 0.0125892544165254 - 199.526229858398 TeV
2019-07-22T12:01:04:  Offset angle range ........: 0 - 6 deg
2019-07-22T12:01:04:  Lower energy threshold ....: not specified
2019-07-22T12:01:04:  Upper energy threshold ....: not specified
2019-07-22T12:01:04:  Radius cut ................: none
2019-07-22T12:01:04: === GCTAPsf2D ===
2019-07-22T12:01:04:  Filename ..................: /cta/carli/anaconda3/share/caldb/data/cta/prod3b-v2/bcf/minus_gradient_AEff_South_z40_50h/irf_file.fits
2019-07-22T12:01:04:  Number of energy bins .....: 25
2019-07-22T12:01:04:  Number of offset bins .....: 6
2019-07-22T12:01:04:  Log10(Energy) range .......: 0.0125892544165254 - 1258.92541503906 TeV
2019-07-22T12:01:04:  Offset angle range ........: 0 - 6 deg
2019-07-22T12:01:04: === GCTAEdisp2D ===
2019-07-22T12:01:04:  Filename ..................: /cta/carli/anaconda3/share/caldb/data/cta/prod3b-v2/bcf/minus_gradient_AEff_South_z40_50h/irf_file.fits
2019-07-22T12:01:04:  Number of energy bins .....: 500
2019-07-22T12:01:04:  Number of migration bins ..: 300
2019-07-22T12:01:04:  Number of offset bins .....: 6
2019-07-22T12:01:04:  Log10(Energy) range .......: 0.00501187238842249 - 501.187225341797 TeV
2019-07-22T12:01:04:  Migration range ...........: 0 - 3
2019-07-22T12:01:04:  Offset angle range ........: 0 - 6 deg
2019-07-22T12:01:04: === GCTABackground3D ===
2019-07-22T12:01:04:  Filename ..................: /cta/carli/anaconda3/share/caldb/data/cta/prod3b-v2/bcf/minus_gradient_AEff_South_z40_50h/irf_file.fits
2019-07-22T12:01:04:  Number of DETX bins .......: 36
2019-07-22T12:01:04:  Number of DETY bins .......: 36
2019-07-22T12:01:04:  Number of energy bins .....: 21
2019-07-22T12:01:04:  DETX range ................: -6 - 6 deg
2019-07-22T12:01:04:  DETX range ................: -6 - 6 deg
2019-07-22T12:01:04:  Energy range ..............: 0.0125892544165254 - 199.526229858398 TeV
2019-07-22T12:01:04: === GCTAResponseCache ===
2019-07-22T12:01:04:  Number of cached values ...: 0
2019-07-22T12:01:04: === GCTAResponseCache ===
2019-07-22T12:01:04:  Number of cached values ...: 0
2019-07-22T12:01:04: === GCTAEventList ===
2019-07-22T12:01:04:  Number of events ..........: 0 (disposed without possibility to recover)
2019-07-22T12:01:04:  Time interval .............: 51544.5 - 51546.1666666667 days
2019-07-22T12:01:04: === GEbounds ===
2019-07-22T12:01:04:  Number of intervals .......: 1
2019-07-22T12:01:04:  Energy range ..............: 100 GeV - 199.526229858398 TeV
2019-07-22T12:01:04: === GCTARoi ===
2019-07-22T12:01:04:  RoI centre ................: RA=84.1331, DEC=22.0145 [0,0]
2019-07-22T12:01:04:  RoI radius ................: 0.8 deg
2019-07-22T12:01:04: === GSkyRegions ===
2019-07-22T12:01:04:  Number of regions .........: 0
2019-07-22T12:01:04: === GModels ===
2019-07-22T12:01:04:  Number of models ..........: 2
2019-07-22T12:01:04:  Number of parameters ......: 11
2019-07-22T12:01:04: === GModelSky ===
2019-07-22T12:01:04:  Name ......................: source2a
2019-07-22T12:01:04:  Instruments ...............: all
2019-07-22T12:01:04:  Test Statistic ............: Computation requested
2019-07-22T12:01:04:  Observation identifiers ...: all
2019-07-22T12:01:04:  Model type ................: PointSource
2019-07-22T12:01:04:  Model components ..........: "PointSource" * "ExponentialCutoffPowerLaw" * "Constant"
2019-07-22T12:01:04:  Number of parameters ......: 7
2019-07-22T12:01:04:  Number of spatial par's ...: 2
2019-07-22T12:01:04:   RA .......................: 83.6331 [-360,360] deg (fixed,scale=1)
2019-07-22T12:01:04:   DEC ......................: 22.0145 [-90,90] deg (fixed,scale=1)
2019-07-22T12:01:04:  Number of spectral par's ..: 4
2019-07-22T12:01:04:   Prefactor ................: 7.6e-19 +/- 0 [1e-26,1e-16] ph/cm2/s/MeV (free,scale=1e-19,gradient)
2019-07-22T12:01:04:   Index ....................: -2 +/- 0 [-0,-5]  (free,scale=-1,gradient)
2019-07-22T12:01:04:   CutoffEnergy .............: 100000000 +/- 0 [1000000,100000000000] MeV (free,scale=100000000,gradient)
2019-07-22T12:01:04:   PivotEnergy ..............: 1000000 [10000,1000000000] MeV (fixed,scale=1000000,gradient)
2019-07-22T12:01:04:  Number of temporal par's ..: 1
2019-07-22T12:01:04:   Normalization ............: 1 (relative value) (fixed,scale=1,gradient)
2019-07-22T12:01:04:  Number of scale par's .....: 0
2019-07-22T12:01:04: === GCTAModelIrfBackground ===
2019-07-22T12:01:04:  Name ......................: CTABackgroundModel
2019-07-22T12:01:04:  Instruments ...............: CTA
2019-07-22T12:01:04:  Test Statistic ............: Computation requested
2019-07-22T12:01:04:  Observation identifiers ...: all
2019-07-22T12:01:04:  Model type ................: "PowerLaw" * "Constant"
2019-07-22T12:01:04:  Number of parameters ......: 4
2019-07-22T12:01:04:  Number of spectral par's ..: 3
2019-07-22T12:01:04:   Prefactor ................: 1 +/- 0 [0.001,1000] ph/cm2/s/MeV (free,scale=1,gradient)
2019-07-22T12:01:04:   Index ....................: 0 +/- 0 [-5,5]  (free,scale=1,gradient)
2019-07-22T12:01:04:   PivotEnergy ..............: 1000000 [10000,1000000000] MeV (fixed,scale=1000000,gradient)
2019-07-22T12:01:04:  Number of temporal par's ..: 1
2019-07-22T12:01:04:   Normalization ............: 1 (relative value) (fixed,scale=1,gradient)
2019-07-22T12:01:04: 
2019-07-22T12:01:04: +======================+
2019-07-22T12:01:04: | Simulate observation |
2019-07-22T12:01:04: +======================+
2019-07-22T12:01:04: === CTA observation ===
2019-07-22T12:01:04:  Simulation cone ...........: RA=84.1331 deg, Dec=22.0145 deg, radius=1.3 deg
2019-07-22T12:01:04:  Time interval .............: 0 - 144000 s
2019-07-22T12:01:04:  Photon energy range .......: 41.1040776139221 GeV - 509.274482994276 GeV
2019-07-22T12:01:04:  Event energy range ........: 100 GeV - 213.796208774656 GeV
2019-07-22T12:01:04:   Simulation area ..........: 1.26209e+10 cm2
2019-07-22T12:01:04:   Use model ................: source2a
2019-07-22T12:01:04:   Normalization ............: 1 [source2a]
2019-07-22T12:01:04:   Flux .....................: 1.69782e-11 [source2a] photons/cm2/s
2019-07-22T12:01:04:   Normalized flux ..........: 1.69782e-11 [source2a] photons/cm2/s
2019-07-22T12:01:04:   Photon rate ..............: 0.214281 photons/s [source2a]
2019-07-22T12:01:04:   Time slice ...............: 0 - 144000 s [source2a]
2019-07-22T12:01:04:   MC source photons/slice ..: 31071 [source2a]
2019-07-22T12:01:04:   MC source photons ........: 31071 [source2a]
2019-07-22T12:01:04:   MC source events .........: 1175 [source2a]
2019-07-22T12:01:04:   MC source events .........: 1175 (all source models)
2019-07-22T12:01:04:  Photon energy range .......: 100.88253715168 GeV - 860.678033986988 GeV
2019-07-22T12:01:04:  Event energy range ........: 213.796208774656 GeV - 457.088188864163 GeV
2019-07-22T12:01:04:   Simulation area ..........: 1.88403e+10 cm2
2019-07-22T12:01:04:   Use model ................: source2a
2019-07-22T12:01:04:   Normalization ............: 1 [source2a]
2019-07-22T12:01:04:   Flux .....................: 6.63423e-12 [source2a] photons/cm2/s
2019-07-22T12:01:04:   Normalized flux ..........: 6.63423e-12 [source2a] photons/cm2/s
2019-07-22T12:01:04:   Photon rate ..............: 0.124991 photons/s [source2a]
2019-07-22T12:01:04:   Time slice ...............: 0 - 144000 s [source2a]
2019-07-22T12:01:04:   MC source photons/slice ..: 18093 [source2a]
2019-07-22T12:01:04:   MC source photons ........: 18093 [source2a]
2019-07-22T12:01:04:   MC source events .........: 1201 [source2a]
2019-07-22T12:01:04:   MC source events .........: 1201 (all source models)
2019-07-22T12:01:04:  Photon energy range .......: 265.018144252 GeV - 1.57081442112741 TeV
2019-07-22T12:01:04:  Event energy range ........: 457.088188864163 GeV - 977.237218548317 GeV
2019-07-22T12:01:04:   Simulation area ..........: 3.61746e+10 cm2
2019-07-22T12:01:04:   Use model ................: source2a
2019-07-22T12:01:04:   Normalization ............: 1 [source2a]
2019-07-22T12:01:04:   Flux .....................: 2.37043e-12 [source2a] photons/cm2/s
2019-07-22T12:01:04:   Normalized flux ..........: 2.37043e-12 [source2a] photons/cm2/s
2019-07-22T12:01:04:   Photon rate ..............: 0.0857492 photons/s [source2a]
2019-07-22T12:01:04:   Time slice ...............: 0 - 144000 s [source2a]
2019-07-22T12:01:04:   MC source photons/slice ..: 12348 [source2a]
2019-07-22T12:01:04:   MC source photons ........: 12348 [source2a]
2019-07-22T12:01:04:   MC source events .........: 920 [source2a]
2019-07-22T12:01:04:   MC source events .........: 920 (all source models)
2019-07-22T12:01:04:  Photon energy range .......: 625.275670425715 GeV - 3.04099144442538 TeV
2019-07-22T12:01:04:  Event energy range ........: 977.237218548317 GeV - 2.0892961239912 TeV
2019-07-22T12:01:04:   Simulation area ..........: 5.61589e+10 cm2
2019-07-22T12:01:04:   Use model ................: source2a
2019-07-22T12:01:04:   Normalization ............: 1 [source2a]
2019-07-22T12:01:04:   Flux .....................: 9.53617e-13 [source2a] photons/cm2/s
2019-07-22T12:01:04:   Normalized flux ..........: 9.53617e-13 [source2a] photons/cm2/s
2019-07-22T12:01:04:   Photon rate ..............: 0.0535541 photons/s [source2a]
2019-07-22T12:01:04:   Time slice ...............: 0 - 144000 s [source2a]
2019-07-22T12:01:04:   MC source photons/slice ..: 7817 [source2a]
2019-07-22T12:01:04:   MC source photons ........: 7817 [source2a]
2019-07-22T12:01:04:   MC source events .........: 892 [source2a]
2019-07-22T12:01:04:   MC source events .........: 892 (all source models)
2019-07-22T12:01:04:  Photon energy range .......: 1.52598487124743 TeV - 6.09062686094979 TeV
2019-07-22T12:01:04:  Event energy range ........: 2.0892961239912 TeV - 4.46683590316902 TeV
2019-07-22T12:01:04:   Simulation area ..........: 6.87379e+10 cm2
2019-07-22T12:01:04:   Use model ................: source2a
2019-07-22T12:01:04:   Normalization ............: 1 [source2a]
2019-07-22T12:01:04:   Flux .....................: 3.62909e-13 [source2a] photons/cm2/s
2019-07-22T12:01:04:   Normalized flux ..........: 3.62909e-13 [source2a] photons/cm2/s
2019-07-22T12:01:04:   Photon rate ..............: 0.0249456 photons/s [source2a]
2019-07-22T12:01:04:   Time slice ...............: 0 - 144000 s [source2a]
2019-07-22T12:01:04:   MC source photons/slice ..: 3529 [source2a]
2019-07-22T12:01:04:   MC source photons ........: 3529 [source2a]
2019-07-22T12:01:04:   MC source events .........: 722 [source2a]
2019-07-22T12:01:04:   MC source events .........: 722 (all source models)
2019-07-22T12:01:04:  Photon energy range .......: 3.46329780546817 TeV - 13.5112010225502 TeV
2019-07-22T12:01:04:  Event energy range ........: 4.46683590316902 TeV - 9.54992581316053 TeV
2019-07-22T12:01:04:   Simulation area ..........: 8.50209e+10 cm2
2019-07-22T12:01:04:   Use model ................: source2a
2019-07-22T12:01:04:   Normalization ............: 1 [source2a]
2019-07-22T12:01:04:   Flux .....................: 1.5322e-13 [source2a] photons/cm2/s
2019-07-22T12:01:04:   Normalized flux ..........: 1.5322e-13 [source2a] photons/cm2/s
2019-07-22T12:01:04:   Photon rate ..............: 0.0130269 photons/s [source2a]
2019-07-22T12:01:04:   Time slice ...............: 0 - 144000 s [source2a]
2019-07-22T12:01:04:   MC source photons/slice ..: 1909 [source2a]
2019-07-22T12:01:04:   MC source photons ........: 1909 [source2a]
2019-07-22T12:01:04:   MC source events .........: 449 [source2a]
2019-07-22T12:01:04:   MC source events .........: 449 (all source models)
2019-07-22T12:01:04:  Photon energy range .......: 7.57686977261953 TeV - 27.092165885067 TeV
2019-07-22T12:01:04:  Event energy range ........: 9.54992581316053 TeV - 20.4173793293294 TeV
2019-07-22T12:01:04:   Simulation area ..........: 1.08877e+11 cm2
2019-07-22T12:01:04:   Use model ................: source2a
2019-07-22T12:01:04:   Normalization ............: 1 [source2a]
2019-07-22T12:01:04:   Flux .....................: 6.32701e-14 [source2a] photons/cm2/s
2019-07-22T12:01:04:   Normalized flux ..........: 6.32701e-14 [source2a] photons/cm2/s
2019-07-22T12:01:04:   Photon rate ..............: 0.00688865 photons/s [source2a]
2019-07-22T12:01:04:   Time slice ...............: 0 - 144000 s [source2a]
2019-07-22T12:01:04:   MC source photons/slice ..: 950 [source2a]
2019-07-22T12:01:04:   MC source photons ........: 950 [source2a]
2019-07-22T12:01:04:   MC source events .........: 205 [source2a]
2019-07-22T12:01:04:   MC source events .........: 205 (all source models)
2019-07-22T12:01:04:  Photon energy range .......: 15.830324777243 TeV - 56.4077240740645 TeV
2019-07-22T12:01:04:  Event energy range ........: 20.4173793293294 TeV - 43.6515829372465 TeV
2019-07-22T12:01:04:   Simulation area ..........: 1.13069e+11 cm2
2019-07-22T12:01:04:   Use model ................: source2a
2019-07-22T12:01:04:   Normalization ............: 1 [source2a]
2019-07-22T12:01:04:   Flux .....................: 2.6252e-14 [source2a] photons/cm2/s
2019-07-22T12:01:04:   Normalized flux ..........: 2.6252e-14 [source2a] photons/cm2/s
2019-07-22T12:01:04:   Photon rate ..............: 0.00296828 photons/s [source2a]
2019-07-22T12:01:04:   Time slice ...............: 0 - 144000 s [source2a]
2019-07-22T12:01:04:   MC source photons/slice ..: 428 [source2a]
2019-07-22T12:01:04:   MC source photons ........: 428 [source2a]
2019-07-22T12:01:04:   MC source events .........: 95 [source2a]
2019-07-22T12:01:04:   MC source events .........: 95 (all source models)
2019-07-22T12:01:04:  Photon energy range .......: 34.3839906563315 TeV - 116.046716746149 TeV
2019-07-22T12:01:04:  Event energy range ........: 43.6515829372465 TeV - 93.3254293899579 TeV
2019-07-22T12:01:04:   Simulation area ..........: 1.38006e+11 cm2
2019-07-22T12:01:04:   Use model ................: source2a
2019-07-22T12:01:04:   Normalization ............: 1 [source2a]
2019-07-22T12:01:04:   Flux .....................: 8.77079e-15 [source2a] photons/cm2/s
2019-07-22T12:01:04:   Normalized flux ..........: 8.77079e-15 [source2a] photons/cm2/s
2019-07-22T12:01:04:   Photon rate ..............: 0.00121042 photons/s [source2a]
2019-07-22T12:01:04:   Time slice ...............: 0 - 144000 s [source2a]
2019-07-22T12:01:04:   MC source photons/slice ..: 179 [source2a]
2019-07-22T12:01:04:   MC source photons ........: 179 [source2a]
2019-07-22T12:01:04:   MC source events .........: 37 [source2a]
2019-07-22T12:01:04:   MC source events .........: 37 (all source models)
2019-07-22T12:01:04:  Photon energy range .......: 79.1906822067056 TeV - 239.08155027665 TeV
2019-07-22T12:01:04:  Event energy range ........: 93.3254293899579 TeV - 199.526229858398 TeV
2019-07-22T12:01:04:   Simulation area ..........: 1.52255e+11 cm2
2019-07-22T12:01:04:   Use model ................: source2a
2019-07-22T12:01:04:   Normalization ............: 1 [source2a]
2019-07-22T12:01:04:   Flux .....................: 1.87966e-15 [source2a] photons/cm2/s
2019-07-22T12:01:04:   Normalized flux ..........: 1.87966e-15 [source2a] photons/cm2/s
2019-07-22T12:01:04:   Photon rate ..............: 0.000286187 photons/s [source2a]
2019-07-22T12:01:04:   Time slice ...............: 0 - 144000 s [source2a]
2019-07-22T12:01:04:   MC source photons/slice ..: 47 [source2a]
2019-07-22T12:01:04:   MC source photons ........: 47 [source2a]
2019-07-22T12:01:04:   MC source events .........: 9 [source2a]
2019-07-22T12:01:04:   MC source events .........: 9 (all source models)
2019-07-22T12:01:04:  MC source photons .........: 76371 [source2a]
2019-07-22T12:01:04:  MC source events ..........: 5705 [source2a]
2019-07-22T12:01:20:  MC events outside ROI .....: 0
2019-07-22T12:01:20:  MC background events ......: 303829
2019-07-22T12:01:20:  MC identifier 1 ...........: source2a
2019-07-22T12:01:20:  MC identifier 2 ...........: CTABackgroundModel
2019-07-22T12:01:20:  MC events .................: 309534 (all models)
2019-07-22T12:01:21: 
2019-07-22T12:01:21: +==================+
2019-07-22T12:01:21: | Save observation |
2019-07-22T12:01:21: +==================+
2019-07-22T12:01:21: 
2019-07-22T12:01:21: Application "ctobssim" terminated after 17 wall clock seconds, consuming 17.05 seconds of CPU time.
