2019-07-22T15:04:32: ********************************************************************************
2019-07-22T15:04:32: *                                    ctlike                                    *
2019-07-22T15:04:32: * ---------------------------------------------------------------------------- *
2019-07-22T15:04:32: * Version: 1.6.0                                                               *
2019-07-22T15:04:32: ********************************************************************************
2019-07-22T15:04:32: +============+
2019-07-22T15:04:32: | Parameters |
2019-07-22T15:04:32: +============+
2019-07-22T15:04:32:  inobs .....................: /cta/carli/CPPM_Internship/Simulations_and_Analyses/South_z40_50h/source2b/obs_cube.fits
2019-07-22T15:04:32:  inmodel ...................: sourcemodel_cube.xml
2019-07-22T15:04:32:  expcube ...................: /cta/carli/CPPM_Internship/Simulations_and_Analyses/South_z40_50h/source2b/exposure_cube.fits
2019-07-22T15:04:32:  psfcube ...................: /cta/carli/CPPM_Internship/Simulations_and_Analyses/South_z40_50h/source2b/PSF_cube.fits
2019-07-22T15:04:32:  edispcube .................: /cta/carli/CPPM_Internship/Simulations_and_Analyses/South_z40_50h/source2b/edisp_cube.fits
2019-07-22T15:04:32:  bkgcube ...................: /cta/carli/CPPM_Internship/Simulations_and_Analyses/South_z40_50h/source2b/background_cube.fits
2019-07-22T15:04:32:  caldb .....................: prod3b-v2
2019-07-22T15:04:32:  irf .......................: South_z40_50h
2019-07-22T15:04:32:  edisp .....................: yes
2019-07-22T15:04:32:  outmodel ..................: /cta/carli/CPPM_Internship/Simulations_and_Analyses/South_z40_50h/source2b/obsmodel_binned.xml
2019-07-22T15:04:32:  outcovmat .................: NONE
2019-07-22T15:04:32:  statistic .................: DEFAULT
2019-07-22T15:04:32:  refit .....................: no
2019-07-22T15:04:32:  like_accuracy .............: 0.005
2019-07-22T15:04:32:  max_iter ..................: 50
2019-07-22T15:04:32:  fix_spat_for_ts ...........: no
2019-07-22T15:04:32:  nthreads ..................: 0
2019-07-22T15:04:32:  chatter ...................: 4
2019-07-22T15:04:32:  clobber ...................: yes
2019-07-22T15:04:32:  debug .....................: no
2019-07-22T15:04:32:  mode ......................: ql
2019-07-22T15:04:32:  logfile ...................: ctlike.log
2019-07-22T15:04:32: 
2019-07-22T15:04:32: +===================+
2019-07-22T15:04:32: | Input observation |
2019-07-22T15:04:32: +===================+
2019-07-22T15:04:32: === GObservations ===
2019-07-22T15:04:32:  Number of observations ....: 1
2019-07-22T15:04:32:  Number of models ..........: 2
2019-07-22T15:04:32:  Number of observed events .: 315026
2019-07-22T15:04:32:  Number of predicted events : 0
2019-07-22T15:04:32: === GCTAObservation ===
2019-07-22T15:04:32:  Name ......................: 
2019-07-22T15:04:32:  Identifier ................: 000001
2019-07-22T15:04:32:  Instrument ................: CTA
2019-07-22T15:04:32:  Event file ................: /cta/carli/CPPM_Internship/Simulations_and_Analyses/South_z40_50h/source2b/obs_cube.fits
2019-07-22T15:04:32:  Event type ................: CountsCube
2019-07-22T15:04:32:  Statistic .................: cstat
2019-07-22T15:04:32:  Ontime ....................: 144000 s
2019-07-22T15:04:32:  Livetime ..................: 141120 s
2019-07-22T15:04:32:  Deadtime correction .......: 0.98
2019-07-22T15:04:32:  User energy range .........: undefined
2019-07-22T15:04:32: === GCTAPointing ===
2019-07-22T15:04:32:  Pointing direction ........: (RA,Dec)=(84.1331,22.0145)
2019-07-22T15:04:32: === GCTAResponseCube ===
2019-07-22T15:04:32:  Energy dispersion .........: Used
2019-07-22T15:04:32: === GCTACubeExposure ===
2019-07-22T15:04:32:  Filename ..................: /cta/carli/CPPM_Internship/Simulations_and_Analyses/South_z40_50h/source2b/exposure_cube.fits
2019-07-22T15:04:32:  Livetime ..................: 141120 sec
2019-07-22T15:04:32: === GEnergies ===
2019-07-22T15:04:32:  Number of energies ........: 33
2019-07-22T15:04:32: === GGti ===
2019-07-22T15:04:32:  Number of intervals .......: 1
2019-07-22T15:04:32:  Ontime ....................: 144000 sec
2019-07-22T15:04:32:  Elapsed time ..............: 144000 sec
2019-07-22T15:04:32:  MJD range .................: 51544.5 - 51546.1666666667 s (TT)
2019-07-22T15:04:32:  UTC range .................: 2000-01-01T11:58:56 - 2000-01-03T03:58:56 s (TT)
2019-07-22T15:04:32:  Reference MJD .............: 51544.5
2019-07-22T15:04:32: === GSkyMap ===
2019-07-22T15:04:32:  Number of pixels ..........: 6400
2019-07-22T15:04:32:  X axis dimension ..........: 80
2019-07-22T15:04:32:  Y axis dimension ..........: 80
2019-07-22T15:04:32:  Number of maps ............: 33
2019-07-22T15:04:32:  Shape of maps .............: (33)
2019-07-22T15:04:32: === GCTACubePsf ===
2019-07-22T15:04:32:  Filename ..................: /cta/carli/CPPM_Internship/Simulations_and_Analyses/South_z40_50h/source2b/PSF_cube.fits
2019-07-22T15:04:32: === GEnergies ===
2019-07-22T15:04:32:  Number of energies ........: 33
2019-07-22T15:04:32:  Number of delta bins ......: 200
2019-07-22T15:04:32:  Delta range ...............: 1.875e-06 - 0.298501875 deg
2019-07-22T15:04:32: === GSkyMap ===
2019-07-22T15:04:32:  Number of pixels ..........: 1
2019-07-22T15:04:32:  X axis dimension ..........: 1
2019-07-22T15:04:32:  Y axis dimension ..........: 1
2019-07-22T15:04:32:  Number of maps ............: 6600
2019-07-22T15:04:32:  Shape of maps .............: (200, 33)
2019-07-22T15:04:32: === GCTACubeEdisp ===
2019-07-22T15:04:32:  Filename ..................: /cta/carli/CPPM_Internship/Simulations_and_Analyses/South_z40_50h/source2b/edisp_cube.fits
2019-07-22T15:04:32: === GEnergies ===
2019-07-22T15:04:32:  Number of energies ........: 33
2019-07-22T15:04:32:  Number of migra bins ......: 100
2019-07-22T15:04:32:  Migra range ...............: 0.02 - 2
2019-07-22T15:04:32: === GSkyMap ===
2019-07-22T15:04:32:  Number of pixels ..........: 1
2019-07-22T15:04:32:  X axis dimension ..........: 1
2019-07-22T15:04:32:  Y axis dimension ..........: 1
2019-07-22T15:04:32:  Number of maps ............: 3300
2019-07-22T15:04:32:  Shape of maps .............: (100, 33)
2019-07-22T15:04:32: === GCTACubeBackground ===
2019-07-22T15:04:32:  Filename ..................: /cta/carli/CPPM_Internship/Simulations_and_Analyses/South_z40_50h/source2b/background_cube.fits
2019-07-22T15:04:32: === GEbounds ===
2019-07-22T15:04:32:  Number of intervals .......: 32
2019-07-22T15:04:32:  Energy range ..............: 100 GeV - 199.526229858398 TeV
2019-07-22T15:04:32: === GSkyMap ===
2019-07-22T15:04:32:  Number of pixels ..........: 6400
2019-07-22T15:04:32:  X axis dimension ..........: 80
2019-07-22T15:04:32:  Y axis dimension ..........: 80
2019-07-22T15:04:32:  Number of maps ............: 32
2019-07-22T15:04:32:  Shape of maps .............: (32)
2019-07-22T15:04:32: === GCTAResponseCache ===
2019-07-22T15:04:32:  Number of cached values ...: 0
2019-07-22T15:04:32: === GCTAEventCube ===
2019-07-22T15:04:32:  Number of events ..........: 315026
2019-07-22T15:04:32:  Number of elements ........: 204800
2019-07-22T15:04:32:  Number of pixels ..........: 6400
2019-07-22T15:04:32:  Number of energy bins .....: 32
2019-07-22T15:04:32:  Time interval .............: 51544.5 - 51546.1666666667 days
2019-07-22T15:04:32:  Pointing ..................: (RA,Dec)=(84.1331,22.0145)
2019-07-22T15:04:32: === GEbounds ===
2019-07-22T15:04:32:  Number of intervals .......: 32
2019-07-22T15:04:32:  Energy range ..............: 100 GeV - 199.526229858398 TeV
2019-07-22T15:04:32: === GSkyMap ===
2019-07-22T15:04:32:  Number of pixels ..........: 6400
2019-07-22T15:04:32:  X axis dimension ..........: 80
2019-07-22T15:04:32:  Y axis dimension ..........: 80
2019-07-22T15:04:32:  Number of maps ............: 32
2019-07-22T15:04:32:  Shape of maps .............: (32)
2019-07-22T15:04:32: === GSkyRegions ===
2019-07-22T15:04:32:  Number of regions .........: 0
2019-07-22T15:04:32: === GModels ===
2019-07-22T15:04:32:  Number of models ..........: 2
2019-07-22T15:04:32:  Number of parameters ......: 11
2019-07-22T15:04:32: === GModelSky ===
2019-07-22T15:04:32:  Name ......................: source2b
2019-07-22T15:04:32:  Instruments ...............: all
2019-07-22T15:04:32:  Test Statistic ............: Computation requested
2019-07-22T15:04:32:  Observation identifiers ...: all
2019-07-22T15:04:32:  Model type ................: PointSource
2019-07-22T15:04:32:  Model components ..........: "PointSource" * "ExponentialCutoffPowerLaw" * "Constant"
2019-07-22T15:04:32:  Number of parameters ......: 7
2019-07-22T15:04:32:  Number of spatial par's ...: 2
2019-07-22T15:04:32:   RA .......................: 83.6331 [-360,360] deg (fixed,scale=1)
2019-07-22T15:04:32:   DEC ......................: 22.0145 [-90,90] deg (fixed,scale=1)
2019-07-22T15:04:32:  Number of spectral par's ..: 4
2019-07-22T15:04:32:   Prefactor ................: 1.52e-18 +/- 0 [1e-25,1e-15] ph/cm2/s/MeV (free,scale=1e-18,gradient)
2019-07-22T15:04:32:   Index ....................: -2 +/- 0 [-0,-5]  (free,scale=-1,gradient)
2019-07-22T15:04:32:   CutoffEnergy .............: 100000000 +/- 0 [1000000,100000000000] MeV (free,scale=100000000,gradient)
2019-07-22T15:04:32:   PivotEnergy ..............: 1000000 [10000,1000000000] MeV (fixed,scale=1000000,gradient)
2019-07-22T15:04:32:  Number of temporal par's ..: 1
2019-07-22T15:04:32:   Normalization ............: 1 (relative value) (fixed,scale=1,gradient)
2019-07-22T15:04:32:  Number of scale par's .....: 0
2019-07-22T15:04:32: === GCTAModelCubeBackground ===
2019-07-22T15:04:32:  Name ......................: BackgroundModel
2019-07-22T15:04:32:  Instruments ...............: CTA, HESS, MAGIC, VERITAS
2019-07-22T15:04:32:  Observation identifiers ...: all
2019-07-22T15:04:32:  Model type ................: "PowerLaw" * "Constant"
2019-07-22T15:04:32:  Number of parameters ......: 4
2019-07-22T15:04:32:  Number of spectral par's ..: 3
2019-07-22T15:04:32:   Prefactor ................: 1 +/- 0 [0.01,100] ph/cm2/s/MeV (free,scale=1,gradient)
2019-07-22T15:04:32:   Index ....................: 0 +/- 0 [-5,5]  (free,scale=1,gradient)
2019-07-22T15:04:32:   PivotEnergy ..............: 1000000 MeV (fixed,scale=1000000,gradient)
2019-07-22T15:04:32:  Number of temporal par's ..: 1
2019-07-22T15:04:32:   Normalization ............: 1 (relative value) (fixed,scale=1,gradient)
2019-07-22T15:04:32: 
2019-07-22T15:04:32: +=================================+
2019-07-22T15:04:32: | Maximum likelihood optimisation |
2019-07-22T15:04:32: +=================================+
2019-07-22T15:05:03:  >Iteration   0: -logL=-320077.191, Lambda=1.0e-03
2019-07-22T15:05:32:  >Iteration   1: -logL=-320080.517, Lambda=1.0e-03, delta=3.326, step=1.0e+00, max(|grad|)=23.268669 [Index:3]
2019-07-22T15:06:01:  >Iteration   2: -logL=-320080.567, Lambda=1.0e-04, delta=0.050, step=1.0e+00, max(|grad|)=1.345307 [Index:3]
2019-07-22T15:06:30:  >Iteration   3: -logL=-320080.567, Lambda=1.0e-05, delta=0.000, step=1.0e+00, max(|grad|)=-0.005184 [Index:3]
2019-07-22T15:06:30:  
2019-07-22T15:06:30:  +==================+
2019-07-22T15:06:30:  | Curvature matrix |
2019-07-22T15:06:30:  +==================+
2019-07-22T15:06:30:  === GMatrixSparse ===
2019-07-22T15:06:30:   Number of rows ............: 11
2019-07-22T15:06:30:   Number of columns .........: 11
2019-07-22T15:06:30:   Number of nonzero elements : 25
2019-07-22T15:06:30:   Number of allocated cells .: 537
2019-07-22T15:06:30:   Memory block size .........: 512
2019-07-22T15:06:30:   Sparse matrix fill ........: 0.206611570247934
2019-07-22T15:06:30:   Pending element ...........: 0
2019-07-22T15:06:30:   Fill stack size ...........: 0 (none)
2019-07-22T15:06:30:   0, 0, 0, 0, 0, 0, 0, 0, 0, 0, 0
2019-07-22T15:06:30:   0, 0, 0, 0, 0, 0, 0, 0, 0, 0, 0
2019-07-22T15:06:30:   0, 0, 3512.30000778899, -1643.59119391496, 139.821078492406, 0, 0, 1944.11683454354, -2769.47814530331, 0, 0
2019-07-22T15:06:30:   0, 0, -1643.59119391496, 16351.5540410006, -521.471858048927, 0, 0, 4325.74551279206, -7825.62763314605, 0, 0
2019-07-22T15:06:30:   0, 0, 139.821078492406, -521.471858048927, 36.3144914862249, 0, 0, 8.00306884492875, 0.481429710942266, 0, 0
2019-07-22T15:06:30:   0, 0, 0, 0, 0, 0, 0, 0, 0, 0, 0
2019-07-22T15:06:30:   0, 0, 0, 0, 0, 0, 0, 0, 0, 0, 0
2019-07-22T15:06:30:   0, 0, 1944.11683454353, 4325.74551279205, 8.00306884492875, 0, 0, 303549.024499676, -474558.300319616, 0, 0
2019-07-22T15:06:30:   0, 0, -2769.47814530331, -7825.62763314605, 0.481429710942278, 0, 0, -474558.300319616, 893208.907168083, 0, 0
2019-07-22T15:06:30:   0, 0, 0, 0, 0, 0, 0, 0, 0, 0, 0
2019-07-22T15:06:30:   0, 0, 0, 0, 0, 0, 0, 0, 0, 0, 0
2019-07-22T15:06:58: 
2019-07-22T15:06:58: +====================================+
2019-07-22T15:06:58: | Maximum likelihood re-optimisation |
2019-07-22T15:06:58: +====================================+
2019-07-22T15:06:59:  >Iteration   0: -logL=-298584.784, Lambda=1.0e-03
2019-07-22T15:07:00:  >Iteration   1: -logL=-299506.926, Lambda=1.0e-03, delta=922.142, step=1.0e+00, max(|grad|)=-3754.120828 [Prefactor:0]
2019-07-22T15:07:00:  >Iteration   2: -logL=-299562.477, Lambda=1.0e-04, delta=55.550, step=1.0e+00, max(|grad|)=-223.697452 [Prefactor:0]
2019-07-22T15:07:01:  >Iteration   3: -logL=-299562.843, Lambda=1.0e-05, delta=0.366, step=1.0e+00, max(|grad|)=-19.517935 [Index:1]
2019-07-22T15:07:01:  >Iteration   4: -logL=-299562.844, Lambda=1.0e-06, delta=0.001, step=1.0e+00, max(|grad|)=-1.594371 [Index:1]
2019-07-22T15:07:01: 
2019-07-22T15:07:01: +============================================+
2019-07-22T15:07:01: | Maximum likelihood re-optimisation results |
2019-07-22T15:07:01: +============================================+
2019-07-22T15:07:01: === GOptimizerLM ===
2019-07-22T15:07:01:  Optimized function value ..: -299562.844
2019-07-22T15:07:01:  Absolute precision ........: 0.005
2019-07-22T15:07:01:  Acceptable value decrease .: 2
2019-07-22T15:07:01:  Optimization status .......: converged
2019-07-22T15:07:01:  Number of parameters ......: 4
2019-07-22T15:07:01:  Number of free parameters .: 2
2019-07-22T15:07:01:  Number of iterations ......: 4
2019-07-22T15:07:01:  Lambda ....................: 1e-07
2019-07-22T15:07:01: 
2019-07-22T15:07:01: +=========================================+
2019-07-22T15:07:01: | Maximum likelihood optimisation results |
2019-07-22T15:07:01: +=========================================+
2019-07-22T15:07:01: === GOptimizerLM ===
2019-07-22T15:07:01:  Optimized function value ..: -320080.567
2019-07-22T15:07:01:  Absolute precision ........: 0.005
2019-07-22T15:07:01:  Acceptable value decrease .: 2
2019-07-22T15:07:01:  Optimization status .......: converged
2019-07-22T15:07:01:  Number of parameters ......: 11
2019-07-22T15:07:01:  Number of free parameters .: 5
2019-07-22T15:07:01:  Number of iterations ......: 3
2019-07-22T15:07:01:  Lambda ....................: 1e-06
2019-07-22T15:07:01:  Maximum log likelihood ....: 320080.567
2019-07-22T15:07:01:  Observed events  (Nobs) ...: 315026.000
2019-07-22T15:07:01:  Predicted events (Npred) ..: 313253.997 (Nobs - Npred = 1772.002658565)
2019-07-22T15:07:01: === GModels ===
2019-07-22T15:07:01:  Number of models ..........: 2
2019-07-22T15:07:01:  Number of parameters ......: 11
2019-07-22T15:07:01: === GModelSky ===
2019-07-22T15:07:01:  Name ......................: source2b
2019-07-22T15:07:01:  Instruments ...............: all
2019-07-22T15:07:01:  Test Statistic ............: 41035.4458180032
2019-07-22T15:07:01:  Observation identifiers ...: all
2019-07-22T15:07:01:  Model type ................: PointSource
2019-07-22T15:07:01:  Model components ..........: "PointSource" * "ExponentialCutoffPowerLaw" * "Constant"
2019-07-22T15:07:01:  Number of parameters ......: 7
2019-07-22T15:07:01:  Number of spatial par's ...: 2
2019-07-22T15:07:01:   RA .......................: 83.6331 [-360,360] deg (fixed,scale=1)
2019-07-22T15:07:01:   DEC ......................: 22.0145 [-90,90] deg (fixed,scale=1)
2019-07-22T15:07:01:  Number of spectral par's ..: 4
2019-07-22T15:07:01:   Prefactor ................: 1.53706436694409e-18 +/- 1.84158142429464e-20 [1e-25,1e-15] ph/cm2/s/MeV (free,scale=1e-18,gradient)
2019-07-22T15:07:01:   Index ....................: -2.00332134606693 +/- 0.0106875325669093 [-0,-5]  (free,scale=-1,gradient)
2019-07-22T15:07:01:   CutoffEnergy .............: 122594181.388395 +/- 23991057.7933547 [1000000,100000000000] MeV (free,scale=100000000,gradient)
2019-07-22T15:07:01:   PivotEnergy ..............: 1000000 [10000,1000000000] MeV (fixed,scale=1000000,gradient)
2019-07-22T15:07:01:  Number of temporal par's ..: 1
2019-07-22T15:07:01:   Normalization ............: 1 (relative value) (fixed,scale=1,gradient)
2019-07-22T15:07:01:  Number of scale par's .....: 0
2019-07-22T15:07:01: === GCTAModelCubeBackground ===
2019-07-22T15:07:01:  Name ......................: BackgroundModel
2019-07-22T15:07:01:  Instruments ...............: CTA, HESS, MAGIC, VERITAS
2019-07-22T15:07:01:  Observation identifiers ...: all
2019-07-22T15:07:01:  Model type ................: "PowerLaw" * "Constant"
2019-07-22T15:07:01:  Number of parameters ......: 4
2019-07-22T15:07:01:  Number of spectral par's ..: 3
2019-07-22T15:07:01:   Prefactor ................: 0.992518817034398 +/- 0.0044132023841061 [0.01,100] ph/cm2/s/MeV (free,scale=1,gradient)
2019-07-22T15:07:01:   Index ....................: -0.00378014405510881 +/- 0.00257183489137941 [-5,5]  (free,scale=1,gradient)
2019-07-22T15:07:01:   PivotEnergy ..............: 1000000 MeV (fixed,scale=1000000,gradient)
2019-07-22T15:07:01:  Number of temporal par's ..: 1
2019-07-22T15:07:01:   Normalization ............: 1 (relative value) (fixed,scale=1,gradient)
2019-07-22T15:07:01: 
2019-07-22T15:07:01: +==============+
2019-07-22T15:07:01: | Save results |
2019-07-22T15:07:01: +==============+
2019-07-22T15:07:01:  Model definition file .....: /cta/carli/CPPM_Internship/Simulations_and_Analyses/South_z40_50h/source2b/obsmodel_binned.xml
2019-07-22T15:07:01:  Covariance matrix file ....: NONE
2019-07-22T15:07:01: 
2019-07-22T15:07:01: Application "ctlike" terminated after 150 wall clock seconds, consuming 156.14 seconds of CPU time.
