2019-07-22T15:31:04: ********************************************************************************
2019-07-22T15:31:04: *                                  ctbutterfly                                 *
2019-07-22T15:31:04: * ---------------------------------------------------------------------------- *
2019-07-22T15:31:04: * Version: 1.6.0                                                               *
2019-07-22T15:31:04: ********************************************************************************
2019-07-22T15:31:04: +============+
2019-07-22T15:31:04: | Parameters |
2019-07-22T15:31:04: +============+
2019-07-22T15:31:04:  inobs .....................: /cta/carli/CPPM_Internship/Simulations_and_Analyses/plus_gradient_AEff_South_z40_50h/source2b/obs_cube.fits
2019-07-22T15:31:04:  inmodel ...................: /cta/carli/CPPM_Internship/Simulations_and_Analyses/plus_gradient_AEff_South_z40_50h/source2b/obsmodel_binned.xml
2019-07-22T15:31:04:  srcname ...................: source2b
2019-07-22T15:31:04:  expcube ...................: /cta/carli/CPPM_Internship/Simulations_and_Analyses/plus_gradient_AEff_South_z40_50h/source2b/exposure_cube.fits
2019-07-22T15:31:04:  psfcube ...................: /cta/carli/CPPM_Internship/Simulations_and_Analyses/plus_gradient_AEff_South_z40_50h/source2b/PSF_cube.fits
2019-07-22T15:31:04:  edispcube .................: /cta/carli/CPPM_Internship/Simulations_and_Analyses/plus_gradient_AEff_South_z40_50h/source2b/edisp_cube.fits
2019-07-22T15:31:04:  bkgcube ...................: /cta/carli/CPPM_Internship/Simulations_and_Analyses/plus_gradient_AEff_South_z40_50h/source2b/background_cube.fits
2019-07-22T15:31:04:  caldb .....................: prod3b-v2
2019-07-22T15:31:04:  irf .......................: plus_gradient_AEff_South_z40_50h
2019-07-22T15:31:04:  edisp .....................: yes
2019-07-22T15:31:04:  outfile ...................: /cta/carli/CPPM_Internship/Simulations_and_Analyses/plus_gradient_AEff_South_z40_50h/source2b/butterfly_binned.ascii
2019-07-22T15:31:04:  method ....................: GAUSSIAN
2019-07-22T15:31:04:  fit .......................: no
2019-07-22T15:31:04:  confidence ................: 0.68
2019-07-22T15:31:04:  statistic .................: DEFAULT
2019-07-22T15:31:04:  like_accuracy .............: 0.005
2019-07-22T15:31:04:  max_iter ..................: 50
2019-07-22T15:31:04:  matrix ....................: NONE
2019-07-22T15:31:04:  ebinalg ...................: LOG
2019-07-22T15:31:04:  emin ......................: 0.1
2019-07-22T15:31:04:  emax ......................: 199.526229858398
2019-07-22T15:31:04:  enumbins ..................: 32
2019-07-22T15:31:04:  ebinfile ..................: [not queried]
2019-07-22T15:31:04:  chatter ...................: 4
2019-07-22T15:31:04:  clobber ...................: yes
2019-07-22T15:31:04:  debug .....................: no
2019-07-22T15:31:04:  mode ......................: ql
2019-07-22T15:31:04:  logfile ...................: ctbutterfly.log
2019-07-22T15:31:04: 
2019-07-22T15:31:04: +===================+
2019-07-22T15:31:04: | Input observation |
2019-07-22T15:31:04: +===================+
2019-07-22T15:31:04: === GObservations ===
2019-07-22T15:31:04:  Number of observations ....: 1
2019-07-22T15:31:04:  Number of models ..........: 2
2019-07-22T15:31:04:  Number of observed events .: 314760
2019-07-22T15:31:04:  Number of predicted events : 0
2019-07-22T15:31:04: === GCTAObservation ===
2019-07-22T15:31:04:  Name ......................: 
2019-07-22T15:31:04:  Identifier ................: 000001
2019-07-22T15:31:04:  Instrument ................: CTA
2019-07-22T15:31:04:  Event file ................: /cta/carli/CPPM_Internship/Simulations_and_Analyses/plus_gradient_AEff_South_z40_50h/source2b/obs_cube.fits
2019-07-22T15:31:04:  Event type ................: CountsCube
2019-07-22T15:31:04:  Statistic .................: cstat
2019-07-22T15:31:04:  Ontime ....................: 144000 s
2019-07-22T15:31:04:  Livetime ..................: 141120 s
2019-07-22T15:31:04:  Deadtime correction .......: 0.98
2019-07-22T15:31:04:  User energy range .........: undefined
2019-07-22T15:31:04: === GCTAPointing ===
2019-07-22T15:31:04:  Pointing direction ........: (RA,Dec)=(84.1331,22.0145)
2019-07-22T15:31:04: === GCTAResponseCube ===
2019-07-22T15:31:04:  Energy dispersion .........: Used
2019-07-22T15:31:04: === GCTACubeExposure ===
2019-07-22T15:31:04:  Filename ..................: /cta/carli/CPPM_Internship/Simulations_and_Analyses/plus_gradient_AEff_South_z40_50h/source2b/exposure_cube.fits
2019-07-22T15:31:04:  Livetime ..................: 141120 sec
2019-07-22T15:31:04: === GEnergies ===
2019-07-22T15:31:04:  Number of energies ........: 33
2019-07-22T15:31:04: === GGti ===
2019-07-22T15:31:04:  Number of intervals .......: 1
2019-07-22T15:31:04:  Ontime ....................: 144000 sec
2019-07-22T15:31:04:  Elapsed time ..............: 144000 sec
2019-07-22T15:31:04:  MJD range .................: 51544.5 - 51546.1666666667 s (TT)
2019-07-22T15:31:04:  UTC range .................: 2000-01-01T11:58:56 - 2000-01-03T03:58:56 s (TT)
2019-07-22T15:31:04:  Reference MJD .............: 51544.5
2019-07-22T15:31:04: === GSkyMap ===
2019-07-22T15:31:04:  Number of pixels ..........: 6400
2019-07-22T15:31:04:  X axis dimension ..........: 80
2019-07-22T15:31:04:  Y axis dimension ..........: 80
2019-07-22T15:31:04:  Number of maps ............: 33
2019-07-22T15:31:04:  Shape of maps .............: (33)
2019-07-22T15:31:04: === GCTACubePsf ===
2019-07-22T15:31:04:  Filename ..................: /cta/carli/CPPM_Internship/Simulations_and_Analyses/plus_gradient_AEff_South_z40_50h/source2b/PSF_cube.fits
2019-07-22T15:31:04: === GEnergies ===
2019-07-22T15:31:04:  Number of energies ........: 33
2019-07-22T15:31:04:  Number of delta bins ......: 200
2019-07-22T15:31:04:  Delta range ...............: 1.875e-06 - 0.298501875 deg
2019-07-22T15:31:04: === GSkyMap ===
2019-07-22T15:31:04:  Number of pixels ..........: 1
2019-07-22T15:31:04:  X axis dimension ..........: 1
2019-07-22T15:31:04:  Y axis dimension ..........: 1
2019-07-22T15:31:04:  Number of maps ............: 6600
2019-07-22T15:31:04:  Shape of maps .............: (200, 33)
2019-07-22T15:31:04: === GCTACubeEdisp ===
2019-07-22T15:31:04:  Filename ..................: /cta/carli/CPPM_Internship/Simulations_and_Analyses/plus_gradient_AEff_South_z40_50h/source2b/edisp_cube.fits
2019-07-22T15:31:04: === GEnergies ===
2019-07-22T15:31:04:  Number of energies ........: 33
2019-07-22T15:31:04:  Number of migra bins ......: 100
2019-07-22T15:31:04:  Migra range ...............: 0.02 - 2
2019-07-22T15:31:04: === GSkyMap ===
2019-07-22T15:31:04:  Number of pixels ..........: 1
2019-07-22T15:31:04:  X axis dimension ..........: 1
2019-07-22T15:31:04:  Y axis dimension ..........: 1
2019-07-22T15:31:04:  Number of maps ............: 3300
2019-07-22T15:31:04:  Shape of maps .............: (100, 33)
2019-07-22T15:31:04: === GCTACubeBackground ===
2019-07-22T15:31:04:  Filename ..................: /cta/carli/CPPM_Internship/Simulations_and_Analyses/plus_gradient_AEff_South_z40_50h/source2b/background_cube.fits
2019-07-22T15:31:04: === GEbounds ===
2019-07-22T15:31:04:  Number of intervals .......: 32
2019-07-22T15:31:04:  Energy range ..............: 100 GeV - 199.526229858398 TeV
2019-07-22T15:31:04: === GSkyMap ===
2019-07-22T15:31:04:  Number of pixels ..........: 6400
2019-07-22T15:31:04:  X axis dimension ..........: 80
2019-07-22T15:31:04:  Y axis dimension ..........: 80
2019-07-22T15:31:04:  Number of maps ............: 32
2019-07-22T15:31:04:  Shape of maps .............: (32)
2019-07-22T15:31:04: === GCTAResponseCache ===
2019-07-22T15:31:04:  Number of cached values ...: 0
2019-07-22T15:31:04: === GCTAEventCube ===
2019-07-22T15:31:04:  Number of events ..........: 314760
2019-07-22T15:31:04:  Number of elements ........: 204800
2019-07-22T15:31:04:  Number of pixels ..........: 6400
2019-07-22T15:31:04:  Number of energy bins .....: 32
2019-07-22T15:31:04:  Time interval .............: 51544.5 - 51546.1666666667 days
2019-07-22T15:31:04:  Pointing ..................: (RA,Dec)=(84.1331,22.0145)
2019-07-22T15:31:04: === GEbounds ===
2019-07-22T15:31:04:  Number of intervals .......: 32
2019-07-22T15:31:04:  Energy range ..............: 100 GeV - 199.526229858398 TeV
2019-07-22T15:31:04: === GSkyMap ===
2019-07-22T15:31:04:  Number of pixels ..........: 6400
2019-07-22T15:31:04:  X axis dimension ..........: 80
2019-07-22T15:31:04:  Y axis dimension ..........: 80
2019-07-22T15:31:04:  Number of maps ............: 32
2019-07-22T15:31:04:  Shape of maps .............: (32)
2019-07-22T15:31:04: === GSkyRegions ===
2019-07-22T15:31:04:  Number of regions .........: 0
2019-07-22T15:31:04: === GModels ===
2019-07-22T15:31:04:  Number of models ..........: 2
2019-07-22T15:31:04:  Number of parameters ......: 11
2019-07-22T15:31:04: === GModelSky ===
2019-07-22T15:31:04:  Name ......................: source2b
2019-07-22T15:31:04:  Instruments ...............: all
2019-07-22T15:31:04:  Test Statistic ............: 40044.675
2019-07-22T15:31:04:  Observation identifiers ...: all
2019-07-22T15:31:04:  Model type ................: PointSource
2019-07-22T15:31:04:  Model components ..........: "PointSource" * "ExponentialCutoffPowerLaw" * "Constant"
2019-07-22T15:31:04:  Number of parameters ......: 7
2019-07-22T15:31:04:  Number of spatial par's ...: 2
2019-07-22T15:31:04:   RA .......................: 83.6331 [-360,360] deg (fixed,scale=1)
2019-07-22T15:31:04:   DEC ......................: 22.0145 [-90,90] deg (fixed,scale=1)
2019-07-22T15:31:04:  Number of spectral par's ..: 4
2019-07-22T15:31:04:   Prefactor ................: 1.49851001547646e-18 +/- 1.81203245056858e-20 [1e-25,1e-15] ph/cm2/s/MeV (free,scale=1e-18,gradient)
2019-07-22T15:31:04:   Index ....................: -2.01126787487855 +/- 0.0107374147779655 [-0,-5]  (free,scale=-1,gradient)
2019-07-22T15:31:04:   CutoffEnergy .............: 152482646.17592 +/- 35178598.6644835 [1000000,100000000000] MeV (free,scale=100000000,gradient)
2019-07-22T15:31:04:   PivotEnergy ..............: 1000000 [10000,1000000000] MeV (fixed,scale=1000000,gradient)
2019-07-22T15:31:04:  Number of temporal par's ..: 1
2019-07-22T15:31:04:   Normalization ............: 1 (relative value) (fixed,scale=1,gradient)
2019-07-22T15:31:04:  Number of scale par's .....: 0
2019-07-22T15:31:04: === GCTAModelCubeBackground ===
2019-07-22T15:31:04:  Name ......................: BackgroundModel
2019-07-22T15:31:04:  Instruments ...............: CTA, HESS, MAGIC, VERITAS
2019-07-22T15:31:04:  Observation identifiers ...: all
2019-07-22T15:31:04:  Model type ................: "PowerLaw" * "Constant"
2019-07-22T15:31:04:  Number of parameters ......: 4
2019-07-22T15:31:04:  Number of spectral par's ..: 3
2019-07-22T15:31:04:   Prefactor ................: 0.992872277415031 +/- 0.00441366314907001 [0.01,100] ph/cm2/s/MeV (free,scale=1,gradient)
2019-07-22T15:31:04:   Index ....................: -0.00359651780345431 +/- 0.00257110372466535 [-5,5]  (free,scale=1,gradient)
2019-07-22T15:31:04:   PivotEnergy ..............: 1000000 MeV (fixed,scale=1000000,gradient)
2019-07-22T15:31:04:  Number of temporal par's ..: 1
2019-07-22T15:31:04:   Normalization ............: 1 (relative value) (fixed,scale=1,gradient)
2019-07-22T15:31:04: 
2019-07-22T15:31:04: +===========================+
2019-07-22T15:31:04: | Compute covariance matrix |
2019-07-22T15:31:04: +===========================+
2019-07-22T15:31:36: === GMatrixSparse ===
2019-07-22T15:31:36:  Number of rows ............: 11
2019-07-22T15:31:36:  Number of columns .........: 11
2019-07-22T15:31:36:  Number of nonzero elements : 25
2019-07-22T15:31:36:  Number of allocated cells .: 512
2019-07-22T15:31:36:  Memory block size .........: 512
2019-07-22T15:31:36:  Sparse matrix fill ........: 0.206611570247934
2019-07-22T15:31:36:  Pending element ...........: 0
2019-07-22T15:31:36:  Fill stack size ...........: 0 (none)
2019-07-22T15:31:36:  0, 0, 0, 0, 0, 0, 0, 0, 0, 0, 0
2019-07-22T15:31:36:  0, 0, 0, 0, 0, 0, 0, 0, 0, 0, 0
2019-07-22T15:31:36:  0, 0, 3.28346160191252e-40, 7.67408091700729e-24, -2.01581497738942e-13, 0, 0, -2.8585479176058e-24, -5.66789747255843e-25, 0, 0
2019-07-22T15:31:36:  0, 0, 7.6740809170073e-24, 0.000115292076114055, -248220.579157589, 0, 0, 5.47442943786349e-07, -6.67615903948141e-07, 0, 0
2019-07-22T15:31:36:  0, 0, -2.01581497738942e-13, -248220.579157589, 1.23753380399812e+15, 0, 0, -158.550433805244, 1403.96474161576, 0, 0
2019-07-22T15:31:36:  0, 0, 0, 0, 0, 0, 0, 0, 0, 0, 0
2019-07-22T15:31:36:  0, 0, 0, 0, 0, 0, 0, 0, 0, 0, 0
2019-07-22T15:31:36:  0, 0, -2.8585479176058e-24, 5.47442943786348e-07, -158.550433805244, 0, 0, 1.94804223934583e-05, 1.0332338310682e-05, 0, 0
2019-07-22T15:31:36:  0, 0, -5.66789747255843e-25, -6.67615903948141e-07, 1403.96474161576, 0, 0, 1.0332338310682e-05, 6.61057436298805e-06, 0, 0
2019-07-22T15:31:36:  0, 0, 0, 0, 0, 0, 0, 0, 0, 0, 0
2019-07-22T15:31:36:  0, 0, 0, 0, 0, 0, 0, 0, 0, 0, 0
2019-07-22T15:31:36: 
2019-07-22T15:31:36: +===============================+
2019-07-22T15:31:36: | Prepare butterfly computation |
2019-07-22T15:31:36: +===============================+
2019-07-22T15:31:36:  Confidence level ..........: 0.68
2019-07-22T15:31:36:  Corresponding scaling .....: 0.994458
2019-07-22T15:31:36: 
2019-07-22T15:31:36: +====================+
2019-07-22T15:31:36: | Generate butterfly |
2019-07-22T15:31:36: +====================+
2019-07-22T15:31:36: 
2019-07-22T15:31:36: +=========+
2019-07-22T15:31:36: | Results |
2019-07-22T15:31:36: +=========+
2019-07-22T15:31:36:  Intensity at 112606.251051226 MeV : 1.21032165823198e-16 (1.17898869279636e-16, 1.24165462366761e-16) ph/cm2/s/MeV
2019-07-22T15:31:36:  Intensity at 142786.615593472 MeV : 7.50590126218756e-17 (7.32810076831424e-17, 7.68370175606087e-17) ph/cm2/s/MeV
2019-07-22T15:31:36:  Intensity at 181055.824186555 MeV : 4.65459448954477e-17 (4.55424277067811e-17, 4.75494620841143e-17) ph/cm2/s/MeV
2019-07-22T15:31:36:  Intensity at 229581.822747338 MeV : 2.88623468854502e-17 (2.82988219427589e-17, 2.94258718281414e-17) ph/cm2/s/MeV
2019-07-22T15:31:36:  Intensity at 291113.603071291 MeV : 1.78955228031833e-17 (1.75803455714242e-17, 1.82107000349423e-17) ph/cm2/s/MeV
2019-07-22T15:31:36:  Intensity at 369136.932876502 MeV : 1.10945621773666e-17 (1.09185797953594e-17, 1.12705445593738e-17) ph/cm2/s/MeV
2019-07-22T15:31:36:  Intensity at 468071.824112259 MeV : 6.87727494059709e-18 (6.77874359417366e-18, 6.97580628702053e-18) ph/cm2/s/MeV
2019-07-22T15:31:36:  Intensity at 593522.926087366 MeV : 4.26233012142706e-18 (4.20661004081473e-18, 4.3180502020394e-18) ph/cm2/s/MeV
2019-07-22T15:31:36:  Intensity at 752597.028157849 MeV : 2.64108279359846e-18 (2.60893913935046e-18, 2.67322644784645e-18) ph/cm2/s/MeV
2019-07-22T15:31:36:  Intensity at 954305.65846188 MeV : 1.63604603121066e-18 (1.61693402372875e-18, 1.65515803869257e-18) ph/cm2/s/MeV
2019-07-22T15:31:36:  Intensity at 1210075.58587031 MeV : 1.01310637095125e-18 (1.00132301377993e-18, 1.02488972812258e-18) ph/cm2/s/MeV
2019-07-22T15:31:36:  Intensity at 1534396.14502492 MeV : 6.27074775391855e-19 (6.19556625697021e-19, 6.34592925086689e-19) ph/cm2/s/MeV
2019-07-22T15:31:36:  Intensity at 1945640.05534746 MeV : 3.87914527874238e-19 (3.82995205596535e-19, 3.92833850151941e-19) ph/cm2/s/MeV
2019-07-22T15:31:36:  Intensity at 2467104.23331454 MeV : 2.39794287917274e-19 (2.36530643325769e-19, 2.43057932508778e-19) ph/cm2/s/MeV
2019-07-22T15:31:36:  Intensity at 3128329.55988436 MeV : 1.48096079213086e-19 (1.45922117466759e-19, 1.50270040959413e-19) ph/cm2/s/MeV
2019-07-22T15:31:36:  Intensity at 3966774.36773649 MeV : 9.13573596224362e-20 (8.99132586275149e-20, 9.28014606173575e-20) ph/cm2/s/MeV
2019-07-22T15:31:36:  Intensity at 5029936.45116879 MeV : 5.62734430026246e-20 (5.53206956502034e-20, 5.72261903550457e-20) ph/cm2/s/MeV
2019-07-22T15:31:36:  Intensity at 6378043.81024912 MeV : 3.45980695294537e-20 (3.39749401621233e-20, 3.52211988967841e-20) ph/cm2/s/MeV
2019-07-22T15:31:36:  Intensity at 8087466.55954362 MeV : 2.12212598749628e-20 (2.08172021545213e-20, 2.16253175954042e-20) ph/cm2/s/MeV
2019-07-22T15:31:36:  Intensity at 10255043.285628 MeV : 1.29773365025249e-20 (1.27169269142392e-20, 1.32377460908107e-20) ph/cm2/s/MeV
2019-07-22T15:31:36:  Intensity at 13003566.9409974 MeV : 7.90579120725691e-21 (7.73798783762049e-21, 8.07359457689334e-21) ph/cm2/s/MeV
2019-07-22T15:31:36:  Intensity at 16488741.0495845 MeV : 4.79299547270084e-21 (4.68373922531012e-21, 4.90225172009156e-21) ph/cm2/s/MeV
2019-07-22T15:31:36:  Intensity at 20908000.2920645 MeV : 2.888073730306e-21 (2.81515864974985e-21, 2.96098881086215e-21) ph/cm2/s/MeV
2019-07-22T15:31:36:  Intensity at 26511695.1560098 MeV : 1.72677628425587e-21 (1.67626554117627e-21, 1.77728702733547e-21) ph/cm2/s/MeV
2019-07-22T15:31:36:  Intensity at 33617274.2599379 MeV : 1.02231862433599e-21 (9.85921153783442e-22, 1.05871609488854e-21) ph/cm2/s/MeV
2019-07-22T15:31:36:  Intensity at 42627267.7781488 MeV : 5.97740110147858e-22 (5.70766581731897e-22, 6.24713638563818e-22) ph/cm2/s/MeV
2019-07-22T15:31:36:  Intensity at 54052090.7251378 MeV : 3.4400179839254e-22 (3.23820035098294e-22, 3.64183561686786e-22) ph/cm2/s/MeV
2019-07-22T15:31:36:  Intensity at 68538957.9028144 MeV : 1.94038471421367e-22 (1.79061839047e-22, 2.09015103795733e-22) ph/cm2/s/MeV
2019-07-22T15:31:36:  Intensity at 86908548.5386981 MeV : 1.06698022710715e-22 (9.58306131194108e-23, 1.1756543230202e-22) ph/cm2/s/MeV
2019-07-22T15:31:36:  Intensity at 110201497.662297 MeV : 5.68070714762049e-23 (4.91849021338529e-23, 6.44292408185568e-23) ph/cm2/s/MeV
2019-07-22T15:31:36:  Intensity at 139737347.950364 MeV : 2.90313792747232e-23 (2.39192505090482e-23, 3.41435080403982e-23) ph/cm2/s/MeV
2019-07-22T15:31:36:  Intensity at 177189301.655759 MeV : 1.4085965957675e-23 (1.08452341449203e-23, 1.73266977704297e-23) ph/cm2/s/MeV
2019-07-22T15:31:36: 
2019-07-22T15:31:36: +========================+
2019-07-22T15:31:36: | Save Butterfly diagram |
2019-07-22T15:31:36: +========================+
2019-07-22T15:31:36:  Butterfly file ............: /cta/carli/CPPM_Internship/Simulations_and_Analyses/plus_gradient_AEff_South_z40_50h/source2b/butterfly_binned.ascii
2019-07-22T15:31:36: 
2019-07-22T15:31:36: Application "ctbutterfly" terminated after 33 wall clock seconds, consuming 33.55 seconds of CPU time.
