2019-07-25T10:20:11: ********************************************************************************
2019-07-25T10:20:11: *                                    cterror                                   *
2019-07-25T10:20:11: * ---------------------------------------------------------------------------- *
2019-07-25T10:20:11: * Version: 1.6.0                                                               *
2019-07-25T10:20:11: ********************************************************************************
2019-07-25T10:20:11: +============+
2019-07-25T10:20:11: | Parameters |
2019-07-25T10:20:11: +============+
2019-07-25T10:20:11:  inobs .....................: /cta/carli/CPPM_Internship/Simulations_and_Analyses/plus_gradient_AEff_South_z40_50h/source2b/obs_cube.fits
2019-07-25T10:20:11:  inmodel ...................: /cta/carli/CPPM_Internship/Simulations_and_Analyses/plus_gradient_AEff_South_z40_50h/source2b/obsmodel_binned.xml
2019-07-25T10:20:11:  srcname ...................: source2b
2019-07-25T10:20:11:  expcube ...................: /cta/carli/CPPM_Internship/Simulations_and_Analyses/plus_gradient_AEff_South_z40_50h/source2b/exposure_cube.fits
2019-07-25T10:20:11:  psfcube ...................: /cta/carli/CPPM_Internship/Simulations_and_Analyses/plus_gradient_AEff_South_z40_50h/source2b/PSF_cube.fits
2019-07-25T10:20:11:  edispcube .................: /cta/carli/CPPM_Internship/Simulations_and_Analyses/plus_gradient_AEff_South_z40_50h/source2b/edisp_cube.fits
2019-07-25T10:20:11:  bkgcube ...................: /cta/carli/CPPM_Internship/Simulations_and_Analyses/plus_gradient_AEff_South_z40_50h/source2b/background_cube.fits
2019-07-25T10:20:11:  caldb .....................: prod3b-v2
2019-07-25T10:20:11:  irf .......................: plus_gradient_AEff_South_z40_50h
2019-07-25T10:20:11:  edisp .....................: yes
2019-07-25T10:20:11:  outmodel ..................: 
2019-07-25T10:20:11:  confidence ................: 0.95
2019-07-25T10:20:11:  tol .......................: 1e-3
2019-07-25T10:20:11:  statistic .................: DEFAULT
2019-07-25T10:20:11:  like_accuracy .............: 0.005
2019-07-25T10:20:11:  max_iter ..................: 50
2019-07-25T10:20:11:  nthreads ..................: 0
2019-07-25T10:20:11:  chatter ...................: 4
2019-07-25T10:20:11:  clobber ...................: yes
2019-07-25T10:20:11:  debug .....................: no
2019-07-25T10:20:11:  mode ......................: ql
2019-07-25T10:20:11:  logfile ...................: cterror95.log
2019-07-25T10:20:11: 
2019-07-25T10:20:11: +===================+
2019-07-25T10:20:11: | Input observation |
2019-07-25T10:20:11: +===================+
2019-07-25T10:20:11: === GObservations ===
2019-07-25T10:20:11:  Number of observations ....: 1
2019-07-25T10:20:11:  Number of models ..........: 2
2019-07-25T10:20:11:  Number of observed events .: 314760
2019-07-25T10:20:11:  Number of predicted events : 0
2019-07-25T10:20:11: === GCTAObservation ===
2019-07-25T10:20:11:  Name ......................: 
2019-07-25T10:20:11:  Identifier ................: 000001
2019-07-25T10:20:11:  Instrument ................: CTA
2019-07-25T10:20:11:  Event file ................: /cta/carli/CPPM_Internship/Simulations_and_Analyses/plus_gradient_AEff_South_z40_50h/source2b/obs_cube.fits
2019-07-25T10:20:11:  Event type ................: CountsCube
2019-07-25T10:20:11:  Statistic .................: cstat
2019-07-25T10:20:11:  Ontime ....................: 144000 s
2019-07-25T10:20:11:  Livetime ..................: 141120 s
2019-07-25T10:20:11:  Deadtime correction .......: 0.98
2019-07-25T10:20:11:  User energy range .........: undefined
2019-07-25T10:20:11: === GCTAPointing ===
2019-07-25T10:20:11:  Pointing direction ........: (RA,Dec)=(84.1331,22.0145)
2019-07-25T10:20:11: === GCTAResponseCube ===
2019-07-25T10:20:11:  Energy dispersion .........: Used
2019-07-25T10:20:11: === GCTACubeExposure ===
2019-07-25T10:20:11:  Filename ..................: /cta/carli/CPPM_Internship/Simulations_and_Analyses/plus_gradient_AEff_South_z40_50h/source2b/exposure_cube.fits
2019-07-25T10:20:11:  Livetime ..................: 141120 sec
2019-07-25T10:20:11: === GEnergies ===
2019-07-25T10:20:11:  Number of energies ........: 33
2019-07-25T10:20:11: === GGti ===
2019-07-25T10:20:11:  Number of intervals .......: 1
2019-07-25T10:20:11:  Ontime ....................: 144000 sec
2019-07-25T10:20:11:  Elapsed time ..............: 144000 sec
2019-07-25T10:20:11:  MJD range .................: 51544.5 - 51546.1666666667 s (TT)
2019-07-25T10:20:11:  UTC range .................: 2000-01-01T11:58:56 - 2000-01-03T03:58:56 s (TT)
2019-07-25T10:20:11:  Reference MJD .............: 51544.5
2019-07-25T10:20:11: === GSkyMap ===
2019-07-25T10:20:11:  Number of pixels ..........: 6400
2019-07-25T10:20:11:  X axis dimension ..........: 80
2019-07-25T10:20:11:  Y axis dimension ..........: 80
2019-07-25T10:20:11:  Number of maps ............: 33
2019-07-25T10:20:11:  Shape of maps .............: (33)
2019-07-25T10:20:11: === GCTACubePsf ===
2019-07-25T10:20:11:  Filename ..................: /cta/carli/CPPM_Internship/Simulations_and_Analyses/plus_gradient_AEff_South_z40_50h/source2b/PSF_cube.fits
2019-07-25T10:20:11: === GEnergies ===
2019-07-25T10:20:11:  Number of energies ........: 33
2019-07-25T10:20:11:  Number of delta bins ......: 200
2019-07-25T10:20:11:  Delta range ...............: 1.875e-06 - 0.298501875 deg
2019-07-25T10:20:11: === GSkyMap ===
2019-07-25T10:20:11:  Number of pixels ..........: 1
2019-07-25T10:20:11:  X axis dimension ..........: 1
2019-07-25T10:20:11:  Y axis dimension ..........: 1
2019-07-25T10:20:11:  Number of maps ............: 6600
2019-07-25T10:20:11:  Shape of maps .............: (200, 33)
2019-07-25T10:20:11: === GCTACubeEdisp ===
2019-07-25T10:20:11:  Filename ..................: /cta/carli/CPPM_Internship/Simulations_and_Analyses/plus_gradient_AEff_South_z40_50h/source2b/edisp_cube.fits
2019-07-25T10:20:11: === GEnergies ===
2019-07-25T10:20:11:  Number of energies ........: 33
2019-07-25T10:20:11:  Number of migra bins ......: 100
2019-07-25T10:20:11:  Migra range ...............: 0.02 - 2
2019-07-25T10:20:11: === GSkyMap ===
2019-07-25T10:20:11:  Number of pixels ..........: 1
2019-07-25T10:20:11:  X axis dimension ..........: 1
2019-07-25T10:20:11:  Y axis dimension ..........: 1
2019-07-25T10:20:11:  Number of maps ............: 3300
2019-07-25T10:20:11:  Shape of maps .............: (100, 33)
2019-07-25T10:20:11: === GCTACubeBackground ===
2019-07-25T10:20:11:  Filename ..................: /cta/carli/CPPM_Internship/Simulations_and_Analyses/plus_gradient_AEff_South_z40_50h/source2b/background_cube.fits
2019-07-25T10:20:11: === GEbounds ===
2019-07-25T10:20:11:  Number of intervals .......: 32
2019-07-25T10:20:11:  Energy range ..............: 100 GeV - 199.526229858398 TeV
2019-07-25T10:20:11: === GSkyMap ===
2019-07-25T10:20:11:  Number of pixels ..........: 6400
2019-07-25T10:20:11:  X axis dimension ..........: 80
2019-07-25T10:20:11:  Y axis dimension ..........: 80
2019-07-25T10:20:11:  Number of maps ............: 32
2019-07-25T10:20:11:  Shape of maps .............: (32)
2019-07-25T10:20:11: === GCTAResponseCache ===
2019-07-25T10:20:11:  Number of cached values ...: 0
2019-07-25T10:20:11: === GCTAEventCube ===
2019-07-25T10:20:11:  Number of events ..........: 314760
2019-07-25T10:20:11:  Number of elements ........: 204800
2019-07-25T10:20:11:  Number of pixels ..........: 6400
2019-07-25T10:20:11:  Number of energy bins .....: 32
2019-07-25T10:20:11:  Time interval .............: 51544.5 - 51546.1666666667 days
2019-07-25T10:20:11:  Pointing ..................: (RA,Dec)=(84.1331,22.0145)
2019-07-25T10:20:11: === GEbounds ===
2019-07-25T10:20:11:  Number of intervals .......: 32
2019-07-25T10:20:11:  Energy range ..............: 100 GeV - 199.526229858398 TeV
2019-07-25T10:20:11: === GSkyMap ===
2019-07-25T10:20:11:  Number of pixels ..........: 6400
2019-07-25T10:20:11:  X axis dimension ..........: 80
2019-07-25T10:20:11:  Y axis dimension ..........: 80
2019-07-25T10:20:11:  Number of maps ............: 32
2019-07-25T10:20:11:  Shape of maps .............: (32)
2019-07-25T10:20:11: === GSkyRegions ===
2019-07-25T10:20:11:  Number of regions .........: 0
2019-07-25T10:20:11: === GModels ===
2019-07-25T10:20:11:  Number of models ..........: 2
2019-07-25T10:20:11:  Number of parameters ......: 11
2019-07-25T10:20:11: === GModelSky ===
2019-07-25T10:20:11:  Name ......................: source2b
2019-07-25T10:20:11:  Instruments ...............: all
2019-07-25T10:20:11:  Test Statistic ............: 40044.675
2019-07-25T10:20:11:  Observation identifiers ...: all
2019-07-25T10:20:11:  Model type ................: PointSource
2019-07-25T10:20:11:  Model components ..........: "PointSource" * "ExponentialCutoffPowerLaw" * "Constant"
2019-07-25T10:20:11:  Number of parameters ......: 7
2019-07-25T10:20:11:  Number of spatial par's ...: 2
2019-07-25T10:20:11:   RA .......................: 83.6331 [-360,360] deg (fixed,scale=1)
2019-07-25T10:20:11:   DEC ......................: 22.0145 [-90,90] deg (fixed,scale=1)
2019-07-25T10:20:11:  Number of spectral par's ..: 4
2019-07-25T10:20:11:   Prefactor ................: 1.49851001547646e-18 [1e-25,1e-15] ph/cm2/s/MeV (fixed,scale=1e-18,gradient)
2019-07-25T10:20:11:   Index ....................: -2.01126787487855 [-0,-5]  (fixed,scale=-1,gradient)
2019-07-25T10:20:11:   CutoffEnergy .............: 152482646.17592 +/- 35178598.6644835 [1000000,100000000000] MeV (free,scale=100000000,gradient)
2019-07-25T10:20:11:   PivotEnergy ..............: 1000000 [10000,1000000000] MeV (fixed,scale=1000000,gradient)
2019-07-25T10:20:11:  Number of temporal par's ..: 1
2019-07-25T10:20:11:   Normalization ............: 1 (relative value) (fixed,scale=1,gradient)
2019-07-25T10:20:11:  Number of scale par's .....: 0
2019-07-25T10:20:11: === GCTAModelCubeBackground ===
2019-07-25T10:20:11:  Name ......................: BackgroundModel
2019-07-25T10:20:11:  Instruments ...............: CTA, HESS, MAGIC, VERITAS
2019-07-25T10:20:11:  Observation identifiers ...: all
2019-07-25T10:20:11:  Model type ................: "PowerLaw" * "Constant"
2019-07-25T10:20:11:  Number of parameters ......: 4
2019-07-25T10:20:11:  Number of spectral par's ..: 3
2019-07-25T10:20:11:   Prefactor ................: 0.992872277415031 [0.01,100] ph/cm2/s/MeV (fixed,scale=1,gradient)
2019-07-25T10:20:11:   Index ....................: -0.00359651780345431 [-5,5]  (fixed,scale=1,gradient)
2019-07-25T10:20:11:   PivotEnergy ..............: 1000000 MeV (fixed,scale=1000000,gradient)
2019-07-25T10:20:11:  Number of temporal par's ..: 1
2019-07-25T10:20:11:   Normalization ............: 1 (relative value) (fixed,scale=1,gradient)
2019-07-25T10:20:11: 
2019-07-25T10:20:11: +=============================+
2019-07-25T10:20:11: | Compute best-fit likelihood |
2019-07-25T10:20:11: +=============================+
2019-07-25T10:21:47: === GOptimizerLM ===
2019-07-25T10:21:47:  Optimized function value ..: -319267.593
2019-07-25T10:21:47:  Absolute precision ........: 0.005
2019-07-25T10:21:47:  Acceptable value decrease .: 2
2019-07-25T10:21:47:  Optimization status .......: converged
2019-07-25T10:21:47:  Number of parameters ......: 11
2019-07-25T10:21:47:  Number of free parameters .: 1
2019-07-25T10:21:47:  Number of iterations ......: 1
2019-07-25T10:21:47:  Lambda ....................: 0.0001
2019-07-25T10:21:47:  Maximum log likelihood ....: -319267.593
2019-07-25T10:21:47: === GModels ===
2019-07-25T10:21:47:  Number of models ..........: 2
2019-07-25T10:21:47:  Number of parameters ......: 11
2019-07-25T10:21:47: === GModelSky ===
2019-07-25T10:21:47:  Name ......................: source2b
2019-07-25T10:21:47:  Instruments ...............: all
2019-07-25T10:21:47:  Test Statistic ............: 40044.675
2019-07-25T10:21:47:  Observation identifiers ...: all
2019-07-25T10:21:47:  Model type ................: PointSource
2019-07-25T10:21:47:  Model components ..........: "PointSource" * "ExponentialCutoffPowerLaw" * "Constant"
2019-07-25T10:21:47:  Number of parameters ......: 7
2019-07-25T10:21:47:  Number of spatial par's ...: 2
2019-07-25T10:21:47:   RA .......................: 83.6331 [-360,360] deg (fixed,scale=1)
2019-07-25T10:21:47:   DEC ......................: 22.0145 [-90,90] deg (fixed,scale=1)
2019-07-25T10:21:47:  Number of spectral par's ..: 4
2019-07-25T10:21:47:   Prefactor ................: 1.49851001547646e-18 [1e-25,1e-15] ph/cm2/s/MeV (fixed,scale=1e-18,gradient)
2019-07-25T10:21:47:   Index ....................: -2.01126787487855 [-0,-5]  (fixed,scale=-1,gradient)
2019-07-25T10:21:47:   CutoffEnergy .............: 152485503.015285 +/- 24468004.6225168 [1000000,100000000000] MeV (free,scale=100000000,gradient)
2019-07-25T10:21:47:   PivotEnergy ..............: 1000000 [10000,1000000000] MeV (fixed,scale=1000000,gradient)
2019-07-25T10:21:47:  Number of temporal par's ..: 1
2019-07-25T10:21:47:   Normalization ............: 1 (relative value) (fixed,scale=1,gradient)
2019-07-25T10:21:47:  Number of scale par's .....: 0
2019-07-25T10:21:47: === GCTAModelCubeBackground ===
2019-07-25T10:21:47:  Name ......................: BackgroundModel
2019-07-25T10:21:47:  Instruments ...............: CTA, HESS, MAGIC, VERITAS
2019-07-25T10:21:47:  Observation identifiers ...: all
2019-07-25T10:21:47:  Model type ................: "PowerLaw" * "Constant"
2019-07-25T10:21:47:  Number of parameters ......: 4
2019-07-25T10:21:47:  Number of spectral par's ..: 3
2019-07-25T10:21:47:   Prefactor ................: 0.992872277415031 [0.01,100] ph/cm2/s/MeV (fixed,scale=1,gradient)
2019-07-25T10:21:47:   Index ....................: -0.00359651780345431 [-5,5]  (fixed,scale=1,gradient)
2019-07-25T10:21:47:   PivotEnergy ..............: 1000000 MeV (fixed,scale=1000000,gradient)
2019-07-25T10:21:47:  Number of temporal par's ..: 1
2019-07-25T10:21:47:   Normalization ............: 1 (relative value) (fixed,scale=1,gradient)
2019-07-25T10:21:47: 
2019-07-25T10:21:47: +==============================================================+
2019-07-25T10:21:47: | Compute error for source "source2b" parameter "CutoffEnergy" |
2019-07-25T10:21:47: +==============================================================+
2019-07-25T10:21:47:  Confidence level ..........: 95 %
2019-07-25T10:21:47:  Log-likelihood difference .: 1.92073
2019-07-25T10:21:47:  Initial factor range ......: [0.01, 3.97165549240453]
2019-07-25T10:21:57:    Iteration 1 .............: [0.01, 1.52485503015285]
2019-07-25T10:22:08:    Iteration 2 .............: [0.767427515076427, 1.52485503015285]
2019-07-25T10:22:18:    Iteration 3 .............: [1.14614127261464, 1.52485503015285]
2019-07-25T10:22:29:    Iteration 4 .............: [1.14614127261464, 1.33549815138375]
2019-07-25T10:22:39:    Iteration 5 .............: [1.14614127261464, 1.24081971199919]
2019-07-25T10:22:49:    Iteration 6 .............: [1.14614127261464, 1.19348049230692]
2019-07-25T10:23:00:    Iteration 7 .............: [1.14614127261464, 1.16981088246078]
2019-07-25T10:23:10:    Iteration 8 .............: [1.14614127261464, 1.15797607753771]
2019-07-25T10:23:20:    Iteration 9 .............: [1.14614127261464, 1.15205867507617]
2019-07-25T10:23:30:    Iteration 10 ............: [1.14909997384541, 1.15205867507617]
2019-07-25T10:23:40:    Iteration 11 ............: [1.15057932446079, 1.15205867507617]
2019-07-25T10:23:51:    Iteration 12 ............: [1.15131899976848, 1.15205867507617]
2019-07-25T10:24:01:    Iteration 13 ............: [1.15168883742233, 1.15205867507617]
2019-07-25T10:24:11:    Iteration 1 .............: [1.52485503015285, 3.97165549240453]
2019-07-25T10:24:21:    Iteration 2 .............: [1.52485503015285, 2.74825526127869]
2019-07-25T10:24:32:    Iteration 3 .............: [2.13655514571577, 2.74825526127869]
2019-07-25T10:24:42:    Iteration 4 .............: [2.13655514571577, 2.44240520349723]
2019-07-25T10:24:52:    Iteration 5 .............: [2.13655514571577, 2.2894801746065]
2019-07-25T10:25:02:    Iteration 6 .............: [2.13655514571577, 2.21301766016114]
2019-07-25T10:25:12:    Iteration 7 .............: [2.17478640293846, 2.21301766016114]
2019-07-25T10:25:22:    Iteration 8 .............: [2.1939020315498, 2.21301766016114]
2019-07-25T10:25:33:    Iteration 9 .............: [2.20345984585547, 2.21301766016114]
2019-07-25T10:25:43:    Iteration 10 ............: [2.20345984585547, 2.2082387530083]
2019-07-25T10:25:54:    Iteration 11 ............: [2.20345984585547, 2.20584929943189]
2019-07-25T10:25:54:  Lower parameter factor ....: 1.15187
2019-07-25T10:25:54:  Upper parameter factor ....: 2.20465
2019-07-25T10:25:54:  Error from curvature ......: 24468004.6225168 MeV
2019-07-25T10:25:54:  Error from profile ........: 52639040.8197212 MeV
2019-07-25T10:25:54:  Negative profile error ....: 37298127.3903602 MeV
2019-07-25T10:25:54:  Positive profile error ....: 67979954.2490823 MeV
2019-07-25T10:25:54: 
2019-07-25T10:25:54: +==============+
2019-07-25T10:25:54: | Save results |
2019-07-25T10:25:54: +==============+
2019-07-25T10:25:54:  Model definition file .....: NONE
2019-07-25T10:25:54: 
2019-07-25T10:25:54: Application "cterror" terminated after 344 wall clock seconds, consuming 428.48 seconds of CPU time.
