2019-07-22T15:28:05: ********************************************************************************
2019-07-22T15:28:05: *                                    ctlike                                    *
2019-07-22T15:28:05: * ---------------------------------------------------------------------------- *
2019-07-22T15:28:05: * Version: 1.6.0                                                               *
2019-07-22T15:28:05: ********************************************************************************
2019-07-22T15:28:05: +============+
2019-07-22T15:28:05: | Parameters |
2019-07-22T15:28:05: +============+
2019-07-22T15:28:05:  inobs .....................: /cta/carli/CPPM_Internship/Simulations_and_Analyses/plus_gradient_AEff_South_z40_50h/source2b/obs_cube.fits
2019-07-22T15:28:05:  inmodel ...................: sourcemodel_cube.xml
2019-07-22T15:28:05:  expcube ...................: /cta/carli/CPPM_Internship/Simulations_and_Analyses/plus_gradient_AEff_South_z40_50h/source2b/exposure_cube.fits
2019-07-22T15:28:05:  psfcube ...................: /cta/carli/CPPM_Internship/Simulations_and_Analyses/plus_gradient_AEff_South_z40_50h/source2b/PSF_cube.fits
2019-07-22T15:28:05:  edispcube .................: /cta/carli/CPPM_Internship/Simulations_and_Analyses/plus_gradient_AEff_South_z40_50h/source2b/edisp_cube.fits
2019-07-22T15:28:05:  bkgcube ...................: /cta/carli/CPPM_Internship/Simulations_and_Analyses/plus_gradient_AEff_South_z40_50h/source2b/background_cube.fits
2019-07-22T15:28:05:  caldb .....................: prod3b-v2
2019-07-22T15:28:05:  irf .......................: plus_gradient_AEff_South_z40_50h
2019-07-22T15:28:05:  edisp .....................: yes
2019-07-22T15:28:05:  outmodel ..................: /cta/carli/CPPM_Internship/Simulations_and_Analyses/plus_gradient_AEff_South_z40_50h/source2b/obsmodel_binned.xml
2019-07-22T15:28:05:  outcovmat .................: NONE
2019-07-22T15:28:05:  statistic .................: DEFAULT
2019-07-22T15:28:05:  refit .....................: no
2019-07-22T15:28:05:  like_accuracy .............: 0.005
2019-07-22T15:28:05:  max_iter ..................: 50
2019-07-22T15:28:05:  fix_spat_for_ts ...........: no
2019-07-22T15:28:05:  nthreads ..................: 0
2019-07-22T15:28:05:  chatter ...................: 4
2019-07-22T15:28:05:  clobber ...................: yes
2019-07-22T15:28:05:  debug .....................: no
2019-07-22T15:28:05:  mode ......................: ql
2019-07-22T15:28:05:  logfile ...................: ctlike.log
2019-07-22T15:28:05: 
2019-07-22T15:28:05: +===================+
2019-07-22T15:28:05: | Input observation |
2019-07-22T15:28:05: +===================+
2019-07-22T15:28:05: === GObservations ===
2019-07-22T15:28:05:  Number of observations ....: 1
2019-07-22T15:28:05:  Number of models ..........: 2
2019-07-22T15:28:05:  Number of observed events .: 314760
2019-07-22T15:28:05:  Number of predicted events : 0
2019-07-22T15:28:05: === GCTAObservation ===
2019-07-22T15:28:05:  Name ......................: 
2019-07-22T15:28:05:  Identifier ................: 000001
2019-07-22T15:28:05:  Instrument ................: CTA
2019-07-22T15:28:05:  Event file ................: /cta/carli/CPPM_Internship/Simulations_and_Analyses/plus_gradient_AEff_South_z40_50h/source2b/obs_cube.fits
2019-07-22T15:28:05:  Event type ................: CountsCube
2019-07-22T15:28:05:  Statistic .................: cstat
2019-07-22T15:28:05:  Ontime ....................: 144000 s
2019-07-22T15:28:05:  Livetime ..................: 141120 s
2019-07-22T15:28:05:  Deadtime correction .......: 0.98
2019-07-22T15:28:05:  User energy range .........: undefined
2019-07-22T15:28:05: === GCTAPointing ===
2019-07-22T15:28:05:  Pointing direction ........: (RA,Dec)=(84.1331,22.0145)
2019-07-22T15:28:05: === GCTAResponseCube ===
2019-07-22T15:28:05:  Energy dispersion .........: Used
2019-07-22T15:28:05: === GCTACubeExposure ===
2019-07-22T15:28:05:  Filename ..................: /cta/carli/CPPM_Internship/Simulations_and_Analyses/plus_gradient_AEff_South_z40_50h/source2b/exposure_cube.fits
2019-07-22T15:28:05:  Livetime ..................: 141120 sec
2019-07-22T15:28:05: === GEnergies ===
2019-07-22T15:28:05:  Number of energies ........: 33
2019-07-22T15:28:05: === GGti ===
2019-07-22T15:28:05:  Number of intervals .......: 1
2019-07-22T15:28:05:  Ontime ....................: 144000 sec
2019-07-22T15:28:05:  Elapsed time ..............: 144000 sec
2019-07-22T15:28:05:  MJD range .................: 51544.5 - 51546.1666666667 s (TT)
2019-07-22T15:28:05:  UTC range .................: 2000-01-01T11:58:56 - 2000-01-03T03:58:56 s (TT)
2019-07-22T15:28:05:  Reference MJD .............: 51544.5
2019-07-22T15:28:05: === GSkyMap ===
2019-07-22T15:28:05:  Number of pixels ..........: 6400
2019-07-22T15:28:05:  X axis dimension ..........: 80
2019-07-22T15:28:05:  Y axis dimension ..........: 80
2019-07-22T15:28:05:  Number of maps ............: 33
2019-07-22T15:28:05:  Shape of maps .............: (33)
2019-07-22T15:28:05: === GCTACubePsf ===
2019-07-22T15:28:05:  Filename ..................: /cta/carli/CPPM_Internship/Simulations_and_Analyses/plus_gradient_AEff_South_z40_50h/source2b/PSF_cube.fits
2019-07-22T15:28:05: === GEnergies ===
2019-07-22T15:28:05:  Number of energies ........: 33
2019-07-22T15:28:05:  Number of delta bins ......: 200
2019-07-22T15:28:05:  Delta range ...............: 1.875e-06 - 0.298501875 deg
2019-07-22T15:28:05: === GSkyMap ===
2019-07-22T15:28:05:  Number of pixels ..........: 1
2019-07-22T15:28:05:  X axis dimension ..........: 1
2019-07-22T15:28:05:  Y axis dimension ..........: 1
2019-07-22T15:28:05:  Number of maps ............: 6600
2019-07-22T15:28:05:  Shape of maps .............: (200, 33)
2019-07-22T15:28:05: === GCTACubeEdisp ===
2019-07-22T15:28:05:  Filename ..................: /cta/carli/CPPM_Internship/Simulations_and_Analyses/plus_gradient_AEff_South_z40_50h/source2b/edisp_cube.fits
2019-07-22T15:28:05: === GEnergies ===
2019-07-22T15:28:05:  Number of energies ........: 33
2019-07-22T15:28:05:  Number of migra bins ......: 100
2019-07-22T15:28:05:  Migra range ...............: 0.02 - 2
2019-07-22T15:28:05: === GSkyMap ===
2019-07-22T15:28:05:  Number of pixels ..........: 1
2019-07-22T15:28:05:  X axis dimension ..........: 1
2019-07-22T15:28:05:  Y axis dimension ..........: 1
2019-07-22T15:28:05:  Number of maps ............: 3300
2019-07-22T15:28:05:  Shape of maps .............: (100, 33)
2019-07-22T15:28:05: === GCTACubeBackground ===
2019-07-22T15:28:05:  Filename ..................: /cta/carli/CPPM_Internship/Simulations_and_Analyses/plus_gradient_AEff_South_z40_50h/source2b/background_cube.fits
2019-07-22T15:28:05: === GEbounds ===
2019-07-22T15:28:05:  Number of intervals .......: 32
2019-07-22T15:28:05:  Energy range ..............: 100 GeV - 199.526229858398 TeV
2019-07-22T15:28:05: === GSkyMap ===
2019-07-22T15:28:05:  Number of pixels ..........: 6400
2019-07-22T15:28:05:  X axis dimension ..........: 80
2019-07-22T15:28:05:  Y axis dimension ..........: 80
2019-07-22T15:28:05:  Number of maps ............: 32
2019-07-22T15:28:05:  Shape of maps .............: (32)
2019-07-22T15:28:05: === GCTAResponseCache ===
2019-07-22T15:28:05:  Number of cached values ...: 0
2019-07-22T15:28:05: === GCTAEventCube ===
2019-07-22T15:28:05:  Number of events ..........: 314760
2019-07-22T15:28:05:  Number of elements ........: 204800
2019-07-22T15:28:05:  Number of pixels ..........: 6400
2019-07-22T15:28:05:  Number of energy bins .....: 32
2019-07-22T15:28:05:  Time interval .............: 51544.5 - 51546.1666666667 days
2019-07-22T15:28:05:  Pointing ..................: (RA,Dec)=(84.1331,22.0145)
2019-07-22T15:28:05: === GEbounds ===
2019-07-22T15:28:05:  Number of intervals .......: 32
2019-07-22T15:28:05:  Energy range ..............: 100 GeV - 199.526229858398 TeV
2019-07-22T15:28:05: === GSkyMap ===
2019-07-22T15:28:05:  Number of pixels ..........: 6400
2019-07-22T15:28:05:  X axis dimension ..........: 80
2019-07-22T15:28:05:  Y axis dimension ..........: 80
2019-07-22T15:28:05:  Number of maps ............: 32
2019-07-22T15:28:05:  Shape of maps .............: (32)
2019-07-22T15:28:05: === GSkyRegions ===
2019-07-22T15:28:05:  Number of regions .........: 0
2019-07-22T15:28:05: === GModels ===
2019-07-22T15:28:05:  Number of models ..........: 2
2019-07-22T15:28:05:  Number of parameters ......: 11
2019-07-22T15:28:05: === GModelSky ===
2019-07-22T15:28:05:  Name ......................: source2b
2019-07-22T15:28:05:  Instruments ...............: all
2019-07-22T15:28:05:  Test Statistic ............: Computation requested
2019-07-22T15:28:05:  Observation identifiers ...: all
2019-07-22T15:28:05:  Model type ................: PointSource
2019-07-22T15:28:05:  Model components ..........: "PointSource" * "ExponentialCutoffPowerLaw" * "Constant"
2019-07-22T15:28:05:  Number of parameters ......: 7
2019-07-22T15:28:05:  Number of spatial par's ...: 2
2019-07-22T15:28:05:   RA .......................: 83.6331 [-360,360] deg (fixed,scale=1)
2019-07-22T15:28:05:   DEC ......................: 22.0145 [-90,90] deg (fixed,scale=1)
2019-07-22T15:28:05:  Number of spectral par's ..: 4
2019-07-22T15:28:05:   Prefactor ................: 1.52e-18 +/- 0 [1e-25,1e-15] ph/cm2/s/MeV (free,scale=1e-18,gradient)
2019-07-22T15:28:05:   Index ....................: -2 +/- 0 [-0,-5]  (free,scale=-1,gradient)
2019-07-22T15:28:05:   CutoffEnergy .............: 100000000 +/- 0 [1000000,100000000000] MeV (free,scale=100000000,gradient)
2019-07-22T15:28:05:   PivotEnergy ..............: 1000000 [10000,1000000000] MeV (fixed,scale=1000000,gradient)
2019-07-22T15:28:05:  Number of temporal par's ..: 1
2019-07-22T15:28:05:   Normalization ............: 1 (relative value) (fixed,scale=1,gradient)
2019-07-22T15:28:05:  Number of scale par's .....: 0
2019-07-22T15:28:05: === GCTAModelCubeBackground ===
2019-07-22T15:28:05:  Name ......................: BackgroundModel
2019-07-22T15:28:05:  Instruments ...............: CTA, HESS, MAGIC, VERITAS
2019-07-22T15:28:05:  Observation identifiers ...: all
2019-07-22T15:28:05:  Model type ................: "PowerLaw" * "Constant"
2019-07-22T15:28:05:  Number of parameters ......: 4
2019-07-22T15:28:05:  Number of spectral par's ..: 3
2019-07-22T15:28:05:   Prefactor ................: 1 +/- 0 [0.01,100] ph/cm2/s/MeV (free,scale=1,gradient)
2019-07-22T15:28:05:   Index ....................: 0 +/- 0 [-5,5]  (free,scale=1,gradient)
2019-07-22T15:28:05:   PivotEnergy ..............: 1000000 MeV (fixed,scale=1000000,gradient)
2019-07-22T15:28:05:  Number of temporal par's ..: 1
2019-07-22T15:28:05:   Normalization ............: 1 (relative value) (fixed,scale=1,gradient)
2019-07-22T15:28:05: 
2019-07-22T15:28:05: +=================================+
2019-07-22T15:28:05: | Maximum likelihood optimisation |
2019-07-22T15:28:05: +=================================+
2019-07-22T15:28:36:  >Iteration   0: -logL=-319263.682, Lambda=1.0e-03
2019-07-22T15:29:05:  >Iteration   1: -logL=-319267.187, Lambda=1.0e-03, delta=3.505, step=1.0e+00, max(|grad|)=64.909612 [Index:3]
2019-07-22T15:29:34:  >Iteration   2: -logL=-319267.580, Lambda=1.0e-04, delta=0.393, step=1.0e+00, max(|grad|)=11.584474 [Index:3]
2019-07-22T15:30:03:  >Iteration   3: -logL=-319267.593, Lambda=1.0e-05, delta=0.013, step=1.0e+00, max(|grad|)=0.451944 [Index:3]
2019-07-22T15:30:32:  >Iteration   4: -logL=-319267.593, Lambda=1.0e-06, delta=0.000, step=1.0e+00, max(|grad|)=-0.001049 [Index:3]
2019-07-22T15:30:32:  
2019-07-22T15:30:32:  +==================+
2019-07-22T15:30:32:  | Curvature matrix |
2019-07-22T15:30:32:  +==================+
2019-07-22T15:30:32:  === GMatrixSparse ===
2019-07-22T15:30:32:   Number of rows ............: 11
2019-07-22T15:30:32:   Number of columns .........: 11
2019-07-22T15:30:32:   Number of nonzero elements : 25
2019-07-22T15:30:32:   Number of allocated cells .: 537
2019-07-22T15:30:32:   Memory block size .........: 512
2019-07-22T15:30:32:   Sparse matrix fill ........: 0.206611570247934
2019-07-22T15:30:32:   Pending element ...........: 0
2019-07-22T15:30:32:   Fill stack size ...........: 0 (none)
2019-07-22T15:30:32:   0, 0, 0, 0, 0, 0, 0, 0, 0, 0, 0
2019-07-22T15:30:32:   0, 0, 0, 0, 0, 0, 0, 0, 0, 0, 0
2019-07-22T15:30:32:   0, 0, 3595.68946222969, -1766.51991813531, 94.3410436451182, 0, 0, 1952.12285682631, -2764.8357091674, 0, 0
2019-07-22T15:30:32:   0, 0, -1766.51991813532, 16227.5026725342, -353.342727804113, 0, 0, 4208.41696958539, -7617.63835411233, 0, 0
2019-07-22T15:30:32:   0, 0, 94.3410436451182, -353.342727804113, 16.7045710311693, 0, 0, 5.10654628898499, 0.31463370998115, 0, 0
2019-07-22T15:30:32:   0, 0, 0, 0, 0, 0, 0, 0, 0, 0, 0
2019-07-22T15:30:32:   0, 0, 0, 0, 0, 0, 0, 0, 0, 0, 0
2019-07-22T15:30:32:   0, 0, 1952.1228568263, 4208.4169695854, 5.106546288985, 0, 0, 303415.825895997, -474507.909104396, 0, 0
2019-07-22T15:30:32:   0, 0, -2764.8357091674, -7617.63835411231, 0.314633709981145, 0, 0, -474507.909104398, 893461.003882859, 0, 0
2019-07-22T15:30:32:   0, 0, 0, 0, 0, 0, 0, 0, 0, 0, 0
2019-07-22T15:30:32:   0, 0, 0, 0, 0, 0, 0, 0, 0, 0, 0
2019-07-22T15:31:00: 
2019-07-22T15:31:00: +====================================+
2019-07-22T15:31:00: | Maximum likelihood re-optimisation |
2019-07-22T15:31:00: +====================================+
2019-07-22T15:31:01:  >Iteration   0: -logL=-298297.240, Lambda=1.0e-03
2019-07-22T15:31:02:  >Iteration   1: -logL=-299191.752, Lambda=1.0e-03, delta=894.512, step=1.0e+00, max(|grad|)=-3653.448459 [Prefactor:0]
2019-07-22T15:31:02:  >Iteration   2: -logL=-299244.900, Lambda=1.0e-04, delta=53.148, step=1.0e+00, max(|grad|)=-215.397033 [Prefactor:0]
2019-07-22T15:31:03:  >Iteration   3: -logL=-299245.254, Lambda=1.0e-05, delta=0.354, step=1.0e+00, max(|grad|)=-19.848787 [Index:1]
2019-07-22T15:31:03:  >Iteration   4: -logL=-299245.256, Lambda=1.0e-06, delta=0.001, step=1.0e+00, max(|grad|)=-1.643278 [Index:1]
2019-07-22T15:31:03: 
2019-07-22T15:31:03: +============================================+
2019-07-22T15:31:03: | Maximum likelihood re-optimisation results |
2019-07-22T15:31:03: +============================================+
2019-07-22T15:31:03: === GOptimizerLM ===
2019-07-22T15:31:03:  Optimized function value ..: -299245.256
2019-07-22T15:31:03:  Absolute precision ........: 0.005
2019-07-22T15:31:03:  Acceptable value decrease .: 2
2019-07-22T15:31:03:  Optimization status .......: converged
2019-07-22T15:31:03:  Number of parameters ......: 4
2019-07-22T15:31:03:  Number of free parameters .: 2
2019-07-22T15:31:03:  Number of iterations ......: 4
2019-07-22T15:31:03:  Lambda ....................: 1e-07
2019-07-22T15:31:03: 
2019-07-22T15:31:03: +=========================================+
2019-07-22T15:31:03: | Maximum likelihood optimisation results |
2019-07-22T15:31:03: +=========================================+
2019-07-22T15:31:03: === GOptimizerLM ===
2019-07-22T15:31:03:  Optimized function value ..: -319267.593
2019-07-22T15:31:03:  Absolute precision ........: 0.005
2019-07-22T15:31:03:  Acceptable value decrease .: 2
2019-07-22T15:31:03:  Optimization status .......: converged
2019-07-22T15:31:03:  Number of parameters ......: 11
2019-07-22T15:31:03:  Number of free parameters .: 5
2019-07-22T15:31:03:  Number of iterations ......: 4
2019-07-22T15:31:03:  Lambda ....................: 1e-07
2019-07-22T15:31:03:  Maximum log likelihood ....: 319267.593
2019-07-22T15:31:03:  Observed events  (Nobs) ...: 314760.000
2019-07-22T15:31:03:  Predicted events (Npred) ..: 312988.999 (Nobs - Npred = 1771.00063034525)
2019-07-22T15:31:03: === GModels ===
2019-07-22T15:31:03:  Number of models ..........: 2
2019-07-22T15:31:03:  Number of parameters ......: 11
2019-07-22T15:31:03: === GModelSky ===
2019-07-22T15:31:03:  Name ......................: source2b
2019-07-22T15:31:03:  Instruments ...............: all
2019-07-22T15:31:03:  Test Statistic ............: 40044.6749323001
2019-07-22T15:31:03:  Observation identifiers ...: all
2019-07-22T15:31:03:  Model type ................: PointSource
2019-07-22T15:31:03:  Model components ..........: "PointSource" * "ExponentialCutoffPowerLaw" * "Constant"
2019-07-22T15:31:03:  Number of parameters ......: 7
2019-07-22T15:31:03:  Number of spatial par's ...: 2
2019-07-22T15:31:03:   RA .......................: 83.6331 [-360,360] deg (fixed,scale=1)
2019-07-22T15:31:03:   DEC ......................: 22.0145 [-90,90] deg (fixed,scale=1)
2019-07-22T15:31:03:  Number of spectral par's ..: 4
2019-07-22T15:31:03:   Prefactor ................: 1.49851001547646e-18 +/- 1.81203245056858e-20 [1e-25,1e-15] ph/cm2/s/MeV (free,scale=1e-18,gradient)
2019-07-22T15:31:03:   Index ....................: -2.01126787487855 +/- 0.0107374147779655 [-0,-5]  (free,scale=-1,gradient)
2019-07-22T15:31:03:   CutoffEnergy .............: 152482646.17592 +/- 35178598.6644835 [1000000,100000000000] MeV (free,scale=100000000,gradient)
2019-07-22T15:31:03:   PivotEnergy ..............: 1000000 [10000,1000000000] MeV (fixed,scale=1000000,gradient)
2019-07-22T15:31:03:  Number of temporal par's ..: 1
2019-07-22T15:31:03:   Normalization ............: 1 (relative value) (fixed,scale=1,gradient)
2019-07-22T15:31:03:  Number of scale par's .....: 0
2019-07-22T15:31:03: === GCTAModelCubeBackground ===
2019-07-22T15:31:03:  Name ......................: BackgroundModel
2019-07-22T15:31:03:  Instruments ...............: CTA, HESS, MAGIC, VERITAS
2019-07-22T15:31:03:  Observation identifiers ...: all
2019-07-22T15:31:03:  Model type ................: "PowerLaw" * "Constant"
2019-07-22T15:31:03:  Number of parameters ......: 4
2019-07-22T15:31:03:  Number of spectral par's ..: 3
2019-07-22T15:31:03:   Prefactor ................: 0.992872277415031 +/- 0.00441366314907001 [0.01,100] ph/cm2/s/MeV (free,scale=1,gradient)
2019-07-22T15:31:03:   Index ....................: -0.00359651780345431 +/- 0.00257110372466535 [-5,5]  (free,scale=1,gradient)
2019-07-22T15:31:03:   PivotEnergy ..............: 1000000 MeV (fixed,scale=1000000,gradient)
2019-07-22T15:31:03:  Number of temporal par's ..: 1
2019-07-22T15:31:03:   Normalization ............: 1 (relative value) (fixed,scale=1,gradient)
2019-07-22T15:31:03: 
2019-07-22T15:31:03: +==============+
2019-07-22T15:31:03: | Save results |
2019-07-22T15:31:03: +==============+
2019-07-22T15:31:03:  Model definition file .....: /cta/carli/CPPM_Internship/Simulations_and_Analyses/plus_gradient_AEff_South_z40_50h/source2b/obsmodel_binned.xml
2019-07-22T15:31:03:  Covariance matrix file ....: NONE
2019-07-22T15:31:03: 
2019-07-22T15:31:03: Application "ctlike" terminated after 179 wall clock seconds, consuming 185.94 seconds of CPU time.
