2019-07-23T19:43:53: ********************************************************************************
2019-07-23T19:43:53: *                                   csresspec                                  *
2019-07-23T19:43:53: * ---------------------------------------------------------------------------- *
2019-07-23T19:43:53: * Version: 1.6.0                                                               *
2019-07-23T19:43:53: ********************************************************************************
2019-07-23T19:43:53: +============+
2019-07-23T19:43:53: | Parameters |
2019-07-23T19:43:53: +============+
2019-07-23T19:43:53:  inobs .....................: /cta/carli/CPPM_Internship/Simulations_and_Analyses/plus_step_EDisp_South_z40_50h/source3b/obs_cube.fits
2019-07-23T19:43:53:  inmodel ...................: /cta/carli/CPPM_Internship/Simulations_and_Analyses/plus_step_EDisp_South_z40_50h/source3b/obsmodel_binned.xml
2019-07-23T19:43:53:  modcube ...................: /cta/carli/CPPM_Internship/Simulations_and_Analyses/plus_step_EDisp_South_z40_50h/source3b/obsmodel_cube.fits
2019-07-23T19:43:53:  expcube ...................: /cta/carli/CPPM_Internship/Simulations_and_Analyses/plus_step_EDisp_South_z40_50h/source3b/exposure_cube.fits
2019-07-23T19:43:53:  psfcube ...................: /cta/carli/CPPM_Internship/Simulations_and_Analyses/plus_step_EDisp_South_z40_50h/source3b/PSF_cube.fits
2019-07-23T19:43:53:  edispcube .................: /cta/carli/CPPM_Internship/Simulations_and_Analyses/plus_step_EDisp_South_z40_50h/source3b/edisp_cube.fits
2019-07-23T19:43:53:  bkgcube ...................: /cta/carli/CPPM_Internship/Simulations_and_Analyses/plus_step_EDisp_South_z40_50h/source3b/background_cube.fits
2019-07-23T19:43:53:  caldb .....................: prod3b-v2
2019-07-23T19:43:53:  irf .......................: South_z40_50h
2019-07-23T19:43:53:  edisp .....................: yes
2019-07-23T19:43:53:  outfile ...................: /cta/carli/CPPM_Internship/Simulations_and_Analyses/plus_step_EDisp_South_z40_50h/source3b/residuals_binned.fits
2019-07-23T19:43:53:  statistic .................: DEFAULT
2019-07-23T19:43:53:  components ................: yes
2019-07-23T19:43:53:  ebinalg ...................: LOG
2019-07-23T19:43:53:  emin ......................: 0.1
2019-07-23T19:43:53:  emax ......................: 199.526229858398
2019-07-23T19:43:53:  enumbins ..................: 32
2019-07-23T19:43:53:  ebinfile ..................: [not queried]
2019-07-23T19:43:53:  stack .....................: [not queried]
2019-07-23T19:43:53:  coordsys ..................: [not queried]
2019-07-23T19:43:53:  proj ......................: [not queried]
2019-07-23T19:43:53:  xref ......................: [not queried]
2019-07-23T19:43:53:  yref ......................: [not queried]
2019-07-23T19:43:53:  nxpix .....................: [not queried]
2019-07-23T19:43:53:  nypix .....................: [not queried]
2019-07-23T19:43:53:  binsz .....................: [not queried]
2019-07-23T19:43:53:  mask ......................: no
2019-07-23T19:43:53:  ra ........................: [not queried]
2019-07-23T19:43:53:  dec .......................: [not queried]
2019-07-23T19:43:53:  rad .......................: [not queried]
2019-07-23T19:43:53:  regfile ...................: [not queried]
2019-07-23T19:43:53:  algorithm .................: SUB
2019-07-23T19:43:53:  publish ...................: no
2019-07-23T19:43:53:  chatter ...................: 4
2019-07-23T19:43:53:  clobber ...................: yes
2019-07-23T19:43:53:  debug .....................: no
2019-07-23T19:43:53:  mode ......................: ql
2019-07-23T19:43:53:  logfile ...................: csresspec.log
2019-07-23T19:43:53: 
2019-07-23T19:43:53: +====================+
2019-07-23T19:43:53: | Observation census |
2019-07-23T19:43:53: +====================+
2019-07-23T19:43:53:  Unbinned CTA observations .: 0
2019-07-23T19:43:53:  Binned CTA observations ...: 1
2019-07-23T19:43:53:  On/off CTA observations ...: 0
2019-07-23T19:43:53:  Other observations ........: 0
2019-07-23T19:43:53: 
2019-07-23T19:43:53: +=============+
2019-07-23T19:43:53: | Observation |
2019-07-23T19:43:53: +=============+
2019-07-23T19:43:53: === GObservations ===
2019-07-23T19:43:53:  Number of observations ....: 1
2019-07-23T19:43:53:  Number of models ..........: 2
2019-07-23T19:43:53:  Number of observed events .: 315147
2019-07-23T19:43:53:  Number of predicted events : 0
2019-07-23T19:43:53: === GCTAObservation ===
2019-07-23T19:43:53:  Name ......................: 
2019-07-23T19:43:53:  Identifier ................: 000001
2019-07-23T19:43:53:  Instrument ................: CTA
2019-07-23T19:43:53:  Event file ................: /cta/carli/CPPM_Internship/Simulations_and_Analyses/plus_step_EDisp_South_z40_50h/source3b/obs_cube.fits
2019-07-23T19:43:53:  Event type ................: CountsCube
2019-07-23T19:43:53:  Statistic .................: cstat
2019-07-23T19:43:53:  Ontime ....................: 144000 s
2019-07-23T19:43:53:  Livetime ..................: 141120 s
2019-07-23T19:43:53:  Deadtime correction .......: 0.98
2019-07-23T19:43:53:  User energy range .........: undefined
2019-07-23T19:43:53: === GCTAPointing ===
2019-07-23T19:43:53:  Pointing direction ........: (RA,Dec)=(84.1331,22.0145)
2019-07-23T19:43:53: === GCTAResponseCube ===
2019-07-23T19:43:53:  Energy dispersion .........: Not used
2019-07-23T19:43:53: === GCTACubeExposure ===
2019-07-23T19:43:53:  Filename ..................: /cta/carli/CPPM_Internship/Simulations_and_Analyses/plus_step_EDisp_South_z40_50h/source3b/exposure_cube.fits
2019-07-23T19:43:53:  Livetime ..................: 141120 sec
2019-07-23T19:43:53: === GEnergies ===
2019-07-23T19:43:53:  Number of energies ........: 33
2019-07-23T19:43:53: === GGti ===
2019-07-23T19:43:53:  Number of intervals .......: 1
2019-07-23T19:43:53:  Ontime ....................: 144000 sec
2019-07-23T19:43:53:  Elapsed time ..............: 144000 sec
2019-07-23T19:43:53:  MJD range .................: 51544.5 - 51546.1666666667 s (TT)
2019-07-23T19:43:53:  UTC range .................: 2000-01-01T11:58:56 - 2000-01-03T03:58:56 s (TT)
2019-07-23T19:43:53:  Reference MJD .............: 51544.5
2019-07-23T19:43:53: === GSkyMap ===
2019-07-23T19:43:53:  Number of pixels ..........: 6400
2019-07-23T19:43:53:  X axis dimension ..........: 80
2019-07-23T19:43:53:  Y axis dimension ..........: 80
2019-07-23T19:43:53:  Number of maps ............: 33
2019-07-23T19:43:53:  Shape of maps .............: (33)
2019-07-23T19:43:53: === GCTACubePsf ===
2019-07-23T19:43:53:  Filename ..................: /cta/carli/CPPM_Internship/Simulations_and_Analyses/plus_step_EDisp_South_z40_50h/source3b/PSF_cube.fits
2019-07-23T19:43:53: === GEnergies ===
2019-07-23T19:43:53:  Number of energies ........: 33
2019-07-23T19:43:53:  Number of delta bins ......: 200
2019-07-23T19:43:53:  Delta range ...............: 1.875e-06 - 0.298501875 deg
2019-07-23T19:43:53: === GSkyMap ===
2019-07-23T19:43:53:  Number of pixels ..........: 1
2019-07-23T19:43:53:  X axis dimension ..........: 1
2019-07-23T19:43:53:  Y axis dimension ..........: 1
2019-07-23T19:43:53:  Number of maps ............: 6600
2019-07-23T19:43:53:  Shape of maps .............: (200, 33)
2019-07-23T19:43:53: === GCTACubeEdisp ===
2019-07-23T19:43:53:  Filename ..................: /cta/carli/CPPM_Internship/Simulations_and_Analyses/plus_step_EDisp_South_z40_50h/source3b/edisp_cube.fits
2019-07-23T19:43:53: === GEnergies ===
2019-07-23T19:43:53:  Number of energies ........: 33
2019-07-23T19:43:53:  Number of migra bins ......: 100
2019-07-23T19:43:53:  Migra range ...............: 0.02 - 2
2019-07-23T19:43:53: === GSkyMap ===
2019-07-23T19:43:53:  Number of pixels ..........: 1
2019-07-23T19:43:53:  X axis dimension ..........: 1
2019-07-23T19:43:53:  Y axis dimension ..........: 1
2019-07-23T19:43:53:  Number of maps ............: 3300
2019-07-23T19:43:53:  Shape of maps .............: (100, 33)
2019-07-23T19:43:53: === GCTACubeBackground ===
2019-07-23T19:43:53:  Filename ..................: /cta/carli/CPPM_Internship/Simulations_and_Analyses/plus_step_EDisp_South_z40_50h/source3b/background_cube.fits
2019-07-23T19:43:53: === GEbounds ===
2019-07-23T19:43:53:  Number of intervals .......: 32
2019-07-23T19:43:53:  Energy range ..............: 100 GeV - 199.526229858398 TeV
2019-07-23T19:43:53: === GSkyMap ===
2019-07-23T19:43:53:  Number of pixels ..........: 6400
2019-07-23T19:43:53:  X axis dimension ..........: 80
2019-07-23T19:43:53:  Y axis dimension ..........: 80
2019-07-23T19:43:53:  Number of maps ............: 32
2019-07-23T19:43:53:  Shape of maps .............: (32)
2019-07-23T19:43:53: === GCTAResponseCache ===
2019-07-23T19:43:53:  Number of cached values ...: 0
2019-07-23T19:43:53: === GCTAEventCube ===
2019-07-23T19:43:53:  Number of events ..........: 315147
2019-07-23T19:43:53:  Number of elements ........: 204800
2019-07-23T19:43:53:  Number of pixels ..........: 6400
2019-07-23T19:43:53:  Number of energy bins .....: 32
2019-07-23T19:43:53:  Time interval .............: 51544.5 - 51546.1666666667 days
2019-07-23T19:43:53:  Pointing ..................: (RA,Dec)=(84.1331,22.0145)
2019-07-23T19:43:53: === GEbounds ===
2019-07-23T19:43:53:  Number of intervals .......: 32
2019-07-23T19:43:53:  Energy range ..............: 100 GeV - 199.526229858398 TeV
2019-07-23T19:43:53: === GSkyMap ===
2019-07-23T19:43:53:  Number of pixels ..........: 6400
2019-07-23T19:43:53:  X axis dimension ..........: 80
2019-07-23T19:43:53:  Y axis dimension ..........: 80
2019-07-23T19:43:53:  Number of maps ............: 32
2019-07-23T19:43:53:  Shape of maps .............: (32)
2019-07-23T19:43:53: === GSkyRegions ===
2019-07-23T19:43:53:  Number of regions .........: 0
2019-07-23T19:43:53: === GModels ===
2019-07-23T19:43:53:  Number of models ..........: 2
2019-07-23T19:43:53:  Number of parameters ......: 11
2019-07-23T19:43:53: === GModelSky ===
2019-07-23T19:43:53:  Name ......................: source3b
2019-07-23T19:43:53:  Instruments ...............: all
2019-07-23T19:43:53:  Test Statistic ............: 42436.542
2019-07-23T19:43:53:  Observation identifiers ...: all
2019-07-23T19:43:53:  Model type ................: PointSource
2019-07-23T19:43:53:  Model components ..........: "PointSource" * "ExponentialCutoffPowerLaw" * "Constant"
2019-07-23T19:43:53:  Number of parameters ......: 7
2019-07-23T19:43:53:  Number of spatial par's ...: 2
2019-07-23T19:43:53:   RA .......................: 83.6331 [-360,360] deg (fixed,scale=1)
2019-07-23T19:43:53:   DEC ......................: 22.0145 [-90,90] deg (fixed,scale=1)
2019-07-23T19:43:53:  Number of spectral par's ..: 4
2019-07-23T19:43:53:   Prefactor ................: 1.50456201214723e-18 +/- 1.75890841697704e-20 [1e-25,1e-15] ph/cm2/s/MeV (free,scale=1e-18,gradient)
2019-07-23T19:43:53:   Index ....................: -2.03075517813341 +/- 0.0100331342936093 [-0,-5]  (free,scale=-1,gradient)
2019-07-23T19:43:53:   CutoffEnergy .............: 100000000000 +/- 11609364050525.9 [1000000,100000000000] MeV (free,scale=100000000,gradient)
2019-07-23T19:43:53:   PivotEnergy ..............: 1000000 [10000,1000000000] MeV (fixed,scale=1000000,gradient)
2019-07-23T19:43:53:  Number of temporal par's ..: 1
2019-07-23T19:43:53:   Normalization ............: 1 (relative value) (fixed,scale=1,gradient)
2019-07-23T19:43:53:  Number of scale par's .....: 0
2019-07-23T19:43:53: === GCTAModelCubeBackground ===
2019-07-23T19:43:53:  Name ......................: BackgroundModel
2019-07-23T19:43:53:  Instruments ...............: CTA, HESS, MAGIC, VERITAS
2019-07-23T19:43:53:  Observation identifiers ...: all
2019-07-23T19:43:53:  Model type ................: "PowerLaw" * "Constant"
2019-07-23T19:43:53:  Number of parameters ......: 4
2019-07-23T19:43:53:  Number of spectral par's ..: 3
2019-07-23T19:43:53:   Prefactor ................: 0.970461195062829 +/- 0.00437161665073529 [0.01,100] ph/cm2/s/MeV (free,scale=1,gradient)
2019-07-23T19:43:53:   Index ....................: -0.0179794836325846 +/- 0.00260059283288336 [-5,5]  (free,scale=1,gradient)
2019-07-23T19:43:53:   PivotEnergy ..............: 1000000 MeV (fixed,scale=1000000,gradient)
2019-07-23T19:43:53:  Number of temporal par's ..: 1
2019-07-23T19:43:53:   Normalization ............: 1 (relative value) (fixed,scale=1,gradient)
2019-07-23T19:43:53: 
2019-07-23T19:43:53: +=========================+
2019-07-23T19:43:53: | Processing Observations |
2019-07-23T19:43:53: +=========================+
2019-07-23T19:43:53: Computing model cube
2019-07-23T19:44:00: Computing counts, model, and residual spectra
2019-07-23T19:44:00:  Computing model component .: source3b
2019-07-23T19:44:04:  Computing model component .: BackgroundModel
2019-07-23T19:44:05: Filling residual table
2019-07-23T19:44:05: 
2019-07-23T19:44:05: +================+
2019-07-23T19:44:05: | Save residuals |
2019-07-23T19:44:05: +================+
2019-07-23T19:44:05:  Residuals file ............: /cta/carli/CPPM_Internship/Simulations_and_Analyses/plus_step_EDisp_South_z40_50h/source3b/residuals_binned.fits
2019-07-23T19:44:05: 
2019-07-23T19:44:05: Application "csresspec" terminated after 12 wall clock seconds, consuming 13.77 seconds of CPU time.
