2019-07-25T13:55:21: ********************************************************************************
2019-07-25T13:55:21: *                                    cterror                                   *
2019-07-25T13:55:21: * ---------------------------------------------------------------------------- *
2019-07-25T13:55:21: * Version: 1.6.0                                                               *
2019-07-25T13:55:21: ********************************************************************************
2019-07-25T13:55:21: +============+
2019-07-25T13:55:21: | Parameters |
2019-07-25T13:55:21: +============+
2019-07-25T13:55:21:  inobs .....................: /cta/carli/CPPM_Internship/Simulations_and_Analyses/minus_constant_EDisp_South_z40_50h/source3a/obs_cube.fits
2019-07-25T13:55:21:  inmodel ...................: /cta/carli/CPPM_Internship/Simulations_and_Analyses/minus_constant_EDisp_South_z40_50h/source3a/obsmodel_binned.xml
2019-07-25T13:55:21:  srcname ...................: source3a
2019-07-25T13:55:21:  expcube ...................: /cta/carli/CPPM_Internship/Simulations_and_Analyses/minus_constant_EDisp_South_z40_50h/source3a/exposure_cube.fits
2019-07-25T13:55:21:  psfcube ...................: /cta/carli/CPPM_Internship/Simulations_and_Analyses/minus_constant_EDisp_South_z40_50h/source3a/PSF_cube.fits
2019-07-25T13:55:21:  edispcube .................: /cta/carli/CPPM_Internship/Simulations_and_Analyses/minus_constant_EDisp_South_z40_50h/source3a/edisp_cube.fits
2019-07-25T13:55:21:  bkgcube ...................: /cta/carli/CPPM_Internship/Simulations_and_Analyses/minus_constant_EDisp_South_z40_50h/source3a/background_cube.fits
2019-07-25T13:55:21:  caldb .....................: prod3b-v2
2019-07-25T13:55:21:  irf .......................: minus_constant_EDisp_South_z40_50h
2019-07-25T13:55:21:  edisp .....................: yes
2019-07-25T13:55:21:  outmodel ..................: 
2019-07-25T13:55:21:  confidence ................: 0.68
2019-07-25T13:55:21:  tol .......................: 1e-3
2019-07-25T13:55:21:  statistic .................: DEFAULT
2019-07-25T13:55:21:  like_accuracy .............: 0.005
2019-07-25T13:55:21:  max_iter ..................: 50
2019-07-25T13:55:21:  nthreads ..................: 0
2019-07-25T13:55:21:  chatter ...................: 4
2019-07-25T13:55:21:  clobber ...................: yes
2019-07-25T13:55:21:  debug .....................: no
2019-07-25T13:55:21:  mode ......................: ql
2019-07-25T13:55:21:  logfile ...................: cterror68.log
2019-07-25T13:55:21: 
2019-07-25T13:55:21: +===================+
2019-07-25T13:55:21: | Input observation |
2019-07-25T13:55:21: +===================+
2019-07-25T13:55:21: === GObservations ===
2019-07-25T13:55:21:  Number of observations ....: 1
2019-07-25T13:55:21:  Number of models ..........: 2
2019-07-25T13:55:21:  Number of observed events .: 289128
2019-07-25T13:55:21:  Number of predicted events : 0
2019-07-25T13:55:21: === GCTAObservation ===
2019-07-25T13:55:21:  Name ......................: 
2019-07-25T13:55:21:  Identifier ................: 000001
2019-07-25T13:55:21:  Instrument ................: CTA
2019-07-25T13:55:21:  Event file ................: /cta/carli/CPPM_Internship/Simulations_and_Analyses/minus_constant_EDisp_South_z40_50h/source3a/obs_cube.fits
2019-07-25T13:55:21:  Event type ................: CountsCube
2019-07-25T13:55:21:  Statistic .................: cstat
2019-07-25T13:55:21:  Ontime ....................: 144000 s
2019-07-25T13:55:21:  Livetime ..................: 141120 s
2019-07-25T13:55:21:  Deadtime correction .......: 0.98
2019-07-25T13:55:21:  User energy range .........: undefined
2019-07-25T13:55:21: === GCTAPointing ===
2019-07-25T13:55:21:  Pointing direction ........: (RA,Dec)=(84.1331,22.0145)
2019-07-25T13:55:21: === GCTAResponseCube ===
2019-07-25T13:55:21:  Energy dispersion .........: Used
2019-07-25T13:55:21: === GCTACubeExposure ===
2019-07-25T13:55:21:  Filename ..................: /cta/carli/CPPM_Internship/Simulations_and_Analyses/minus_constant_EDisp_South_z40_50h/source3a/exposure_cube.fits
2019-07-25T13:55:21:  Livetime ..................: 141120 sec
2019-07-25T13:55:21: === GEnergies ===
2019-07-25T13:55:21:  Number of energies ........: 33
2019-07-25T13:55:21: === GGti ===
2019-07-25T13:55:21:  Number of intervals .......: 1
2019-07-25T13:55:21:  Ontime ....................: 144000 sec
2019-07-25T13:55:21:  Elapsed time ..............: 144000 sec
2019-07-25T13:55:21:  MJD range .................: 51544.5 - 51546.1666666667 s (TT)
2019-07-25T13:55:21:  UTC range .................: 2000-01-01T11:58:56 - 2000-01-03T03:58:56 s (TT)
2019-07-25T13:55:21:  Reference MJD .............: 51544.5
2019-07-25T13:55:21: === GSkyMap ===
2019-07-25T13:55:21:  Number of pixels ..........: 6400
2019-07-25T13:55:21:  X axis dimension ..........: 80
2019-07-25T13:55:21:  Y axis dimension ..........: 80
2019-07-25T13:55:21:  Number of maps ............: 33
2019-07-25T13:55:21:  Shape of maps .............: (33)
2019-07-25T13:55:21: === GCTACubePsf ===
2019-07-25T13:55:21:  Filename ..................: /cta/carli/CPPM_Internship/Simulations_and_Analyses/minus_constant_EDisp_South_z40_50h/source3a/PSF_cube.fits
2019-07-25T13:55:21: === GEnergies ===
2019-07-25T13:55:21:  Number of energies ........: 33
2019-07-25T13:55:21:  Number of delta bins ......: 200
2019-07-25T13:55:21:  Delta range ...............: 1.875e-06 - 0.298501875 deg
2019-07-25T13:55:21: === GSkyMap ===
2019-07-25T13:55:21:  Number of pixels ..........: 1
2019-07-25T13:55:21:  X axis dimension ..........: 1
2019-07-25T13:55:21:  Y axis dimension ..........: 1
2019-07-25T13:55:21:  Number of maps ............: 6600
2019-07-25T13:55:21:  Shape of maps .............: (200, 33)
2019-07-25T13:55:21: === GCTACubeEdisp ===
2019-07-25T13:55:21:  Filename ..................: /cta/carli/CPPM_Internship/Simulations_and_Analyses/minus_constant_EDisp_South_z40_50h/source3a/edisp_cube.fits
2019-07-25T13:55:21: === GEnergies ===
2019-07-25T13:55:21:  Number of energies ........: 33
2019-07-25T13:55:21:  Number of migra bins ......: 100
2019-07-25T13:55:21:  Migra range ...............: 0.02 - 2
2019-07-25T13:55:21: === GSkyMap ===
2019-07-25T13:55:21:  Number of pixels ..........: 1
2019-07-25T13:55:21:  X axis dimension ..........: 1
2019-07-25T13:55:21:  Y axis dimension ..........: 1
2019-07-25T13:55:21:  Number of maps ............: 3300
2019-07-25T13:55:21:  Shape of maps .............: (100, 33)
2019-07-25T13:55:21: === GCTACubeBackground ===
2019-07-25T13:55:21:  Filename ..................: /cta/carli/CPPM_Internship/Simulations_and_Analyses/minus_constant_EDisp_South_z40_50h/source3a/background_cube.fits
2019-07-25T13:55:21: === GEbounds ===
2019-07-25T13:55:21:  Number of intervals .......: 32
2019-07-25T13:55:21:  Energy range ..............: 100 GeV - 199.526229858398 TeV
2019-07-25T13:55:21: === GSkyMap ===
2019-07-25T13:55:21:  Number of pixels ..........: 6400
2019-07-25T13:55:21:  X axis dimension ..........: 80
2019-07-25T13:55:21:  Y axis dimension ..........: 80
2019-07-25T13:55:21:  Number of maps ............: 32
2019-07-25T13:55:21:  Shape of maps .............: (32)
2019-07-25T13:55:21: === GCTAResponseCache ===
2019-07-25T13:55:21:  Number of cached values ...: 0
2019-07-25T13:55:21: === GCTAEventCube ===
2019-07-25T13:55:21:  Number of events ..........: 289128
2019-07-25T13:55:21:  Number of elements ........: 204800
2019-07-25T13:55:21:  Number of pixels ..........: 6400
2019-07-25T13:55:21:  Number of energy bins .....: 32
2019-07-25T13:55:21:  Time interval .............: 51544.5 - 51546.1666666667 days
2019-07-25T13:55:21:  Pointing ..................: (RA,Dec)=(84.1331,22.0145)
2019-07-25T13:55:21: === GEbounds ===
2019-07-25T13:55:21:  Number of intervals .......: 32
2019-07-25T13:55:21:  Energy range ..............: 100 GeV - 199.526229858398 TeV
2019-07-25T13:55:21: === GSkyMap ===
2019-07-25T13:55:21:  Number of pixels ..........: 6400
2019-07-25T13:55:21:  X axis dimension ..........: 80
2019-07-25T13:55:21:  Y axis dimension ..........: 80
2019-07-25T13:55:21:  Number of maps ............: 32
2019-07-25T13:55:21:  Shape of maps .............: (32)
2019-07-25T13:55:21: === GSkyRegions ===
2019-07-25T13:55:21:  Number of regions .........: 0
2019-07-25T13:55:21: === GModels ===
2019-07-25T13:55:21:  Number of models ..........: 2
2019-07-25T13:55:21:  Number of parameters ......: 11
2019-07-25T13:55:21: === GModelSky ===
2019-07-25T13:55:21:  Name ......................: source3a
2019-07-25T13:55:21:  Instruments ...............: all
2019-07-25T13:55:21:  Test Statistic ............: 16594.362
2019-07-25T13:55:21:  Observation identifiers ...: all
2019-07-25T13:55:21:  Model type ................: PointSource
2019-07-25T13:55:21:  Model components ..........: "PointSource" * "ExponentialCutoffPowerLaw" * "Constant"
2019-07-25T13:55:21:  Number of parameters ......: 7
2019-07-25T13:55:21:  Number of spatial par's ...: 2
2019-07-25T13:55:21:   RA .......................: 83.6331 [-360,360] deg (fixed,scale=1)
2019-07-25T13:55:21:   DEC ......................: 22.0145 [-90,90] deg (fixed,scale=1)
2019-07-25T13:55:21:  Number of spectral par's ..: 4
2019-07-25T13:55:21:   Prefactor ................: 7.27453376884669e-19 [1e-26,1e-16] ph/cm2/s/MeV (fixed,scale=1e-19,gradient)
2019-07-25T13:55:21:   Index ....................: -2.04923364680006 [-0,-5]  (fixed,scale=-1,gradient)
2019-07-25T13:55:21:   CutoffEnergy .............: 100000000000 +/- 17349364287114.7 [1000000,100000000000] MeV (free,scale=100000000,gradient)
2019-07-25T13:55:21:   PivotEnergy ..............: 1000000 [10000,1000000000] MeV (fixed,scale=1000000,gradient)
2019-07-25T13:55:21:  Number of temporal par's ..: 1
2019-07-25T13:55:21:   Normalization ............: 1 (relative value) (fixed,scale=1,gradient)
2019-07-25T13:55:21:  Number of scale par's .....: 0
2019-07-25T13:55:21: === GCTAModelCubeBackground ===
2019-07-25T13:55:21:  Name ......................: BackgroundModel
2019-07-25T13:55:21:  Instruments ...............: CTA, HESS, MAGIC, VERITAS
2019-07-25T13:55:21:  Observation identifiers ...: all
2019-07-25T13:55:21:  Model type ................: "PowerLaw" * "Constant"
2019-07-25T13:55:21:  Number of parameters ......: 4
2019-07-25T13:55:21:  Number of spectral par's ..: 3
2019-07-25T13:55:21:   Prefactor ................: 0.889907706757054 [0.01,100] ph/cm2/s/MeV (fixed,scale=1,gradient)
2019-07-25T13:55:21:   Index ....................: -0.0293522515767425 [-5,5]  (fixed,scale=1,gradient)
2019-07-25T13:55:21:   PivotEnergy ..............: 1000000 MeV (fixed,scale=1000000,gradient)
2019-07-25T13:55:21:  Number of temporal par's ..: 1
2019-07-25T13:55:21:   Normalization ............: 1 (relative value) (fixed,scale=1,gradient)
2019-07-25T13:55:21: 
2019-07-25T13:55:21: +=============================+
2019-07-25T13:55:21: | Compute best-fit likelihood |
2019-07-25T13:55:21: +=============================+
2019-07-25T13:56:49: === GOptimizerLM ===
2019-07-25T13:56:49:  Optimized function value ..: -271918.340
2019-07-25T13:56:49:  Absolute precision ........: 0.005
2019-07-25T13:56:49:  Acceptable value decrease .: 2
2019-07-25T13:56:49:  Optimization status .......: converged
2019-07-25T13:56:49:  Number of parameters ......: 11
2019-07-25T13:56:49:  Number of free parameters .: 1
2019-07-25T13:56:49:  Number of iterations ......: 1
2019-07-25T13:56:49:  Lambda ....................: 0.0001
2019-07-25T13:56:49:  Maximum log likelihood ....: -271918.340
2019-07-25T13:56:49: === GModels ===
2019-07-25T13:56:49:  Number of models ..........: 2
2019-07-25T13:56:49:  Number of parameters ......: 11
2019-07-25T13:56:49: === GModelSky ===
2019-07-25T13:56:49:  Name ......................: source3a
2019-07-25T13:56:49:  Instruments ...............: all
2019-07-25T13:56:49:  Test Statistic ............: 16594.362
2019-07-25T13:56:49:  Observation identifiers ...: all
2019-07-25T13:56:49:  Model type ................: PointSource
2019-07-25T13:56:49:  Model components ..........: "PointSource" * "ExponentialCutoffPowerLaw" * "Constant"
2019-07-25T13:56:49:  Number of parameters ......: 7
2019-07-25T13:56:49:  Number of spatial par's ...: 2
2019-07-25T13:56:49:   RA .......................: 83.6331 [-360,360] deg (fixed,scale=1)
2019-07-25T13:56:49:   DEC ......................: 22.0145 [-90,90] deg (fixed,scale=1)
2019-07-25T13:56:49:  Number of spectral par's ..: 4
2019-07-25T13:56:49:   Prefactor ................: 7.27453376884669e-19 [1e-26,1e-16] ph/cm2/s/MeV (fixed,scale=1e-19,gradient)
2019-07-25T13:56:49:   Index ....................: -2.04923364680006 [-0,-5]  (fixed,scale=-1,gradient)
2019-07-25T13:56:49:   CutoffEnergy .............: 100000000000 +/- 12300481698178 [1000000,100000000000] MeV (free,scale=100000000,gradient)
2019-07-25T13:56:49:   PivotEnergy ..............: 1000000 [10000,1000000000] MeV (fixed,scale=1000000,gradient)
2019-07-25T13:56:49:  Number of temporal par's ..: 1
2019-07-25T13:56:49:   Normalization ............: 1 (relative value) (fixed,scale=1,gradient)
2019-07-25T13:56:49:  Number of scale par's .....: 0
2019-07-25T13:56:49: === GCTAModelCubeBackground ===
2019-07-25T13:56:49:  Name ......................: BackgroundModel
2019-07-25T13:56:49:  Instruments ...............: CTA, HESS, MAGIC, VERITAS
2019-07-25T13:56:49:  Observation identifiers ...: all
2019-07-25T13:56:49:  Model type ................: "PowerLaw" * "Constant"
2019-07-25T13:56:49:  Number of parameters ......: 4
2019-07-25T13:56:49:  Number of spectral par's ..: 3
2019-07-25T13:56:49:   Prefactor ................: 0.889907706757054 [0.01,100] ph/cm2/s/MeV (fixed,scale=1,gradient)
2019-07-25T13:56:49:   Index ....................: -0.0293522515767425 [-5,5]  (fixed,scale=1,gradient)
2019-07-25T13:56:49:   PivotEnergy ..............: 1000000 MeV (fixed,scale=1000000,gradient)
2019-07-25T13:56:49:  Number of temporal par's ..: 1
2019-07-25T13:56:49:   Normalization ............: 1 (relative value) (fixed,scale=1,gradient)
2019-07-25T13:56:49: 
2019-07-25T13:56:49: +==============================================================+
2019-07-25T13:56:49: | Compute error for source "source3a" parameter "CutoffEnergy" |
2019-07-25T13:56:49: +==============================================================+
2019-07-25T13:56:49:  Confidence level ..........: 68 %
2019-07-25T13:56:49:  Log-likelihood difference .: 0.494473
2019-07-25T13:56:49:  Initial factor range ......: [0.01, 1000]
2019-07-25T13:56:59:    Iteration 1 .............: [0.01, 1000]
2019-07-25T13:57:09:    Iteration 2 .............: [0.01, 500.005]
2019-07-25T13:57:19:    Iteration 3 .............: [0.01, 250.0075]
2019-07-25T13:57:28:    Iteration 4 .............: [0.01, 125.00875]
2019-07-25T13:57:38:    Iteration 5 .............: [0.01, 62.509375]
2019-07-25T13:57:48:    Iteration 6 .............: [0.01, 31.2596875]
2019-07-25T13:57:57:    Iteration 7 .............: [15.63484375, 31.2596875]
2019-07-25T13:58:07:    Iteration 8 .............: [15.63484375, 23.447265625]
2019-07-25T13:58:17:    Iteration 9 .............: [15.63484375, 19.5410546875]
2019-07-25T13:58:26:    Iteration 10 ............: [15.63484375, 17.58794921875]
2019-07-25T13:58:36:    Iteration 11 ............: [15.63484375, 16.611396484375]
2019-07-25T13:58:45:    Iteration 12 ............: [15.63484375, 16.1231201171875]
2019-07-25T13:58:55:    Iteration 13 ............: [15.63484375, 15.8789819335937]
2019-07-25T13:59:04:    Iteration 14 ............: [15.7569128417969, 15.8789819335937]
2019-07-25T13:59:14:    Iteration 15 ............: [15.7569128417969, 15.8179473876953]
2019-07-25T13:59:23:    Iteration 1 .............: [1000, 1000]
2019-07-25T13:59:23:  Lower parameter factor ....: 15.7874
2019-07-25T13:59:23:  Upper parameter factor ....: 1000
2019-07-25T13:59:23:  Error from curvature ......: 12300481698178 MeV
2019-07-25T13:59:23:  Error from profile ........: 49210628494.2627 MeV
2019-07-25T13:59:23:  Negative profile error ....: 98421256988.5254 MeV
2019-07-25T13:59:23:  Positive profile error ....: 0 MeV
2019-07-25T13:59:23: 
2019-07-25T13:59:23: +==============+
2019-07-25T13:59:23: | Save results |
2019-07-25T13:59:23: +==============+
2019-07-25T13:59:23:  Model definition file .....: NONE
2019-07-25T13:59:23: 
2019-07-25T13:59:23: Application "cterror" terminated after 243 wall clock seconds, consuming 315.68 seconds of CPU time.
