2019-07-25T09:45:48: ********************************************************************************
2019-07-25T09:45:48: *                                    cterror                                   *
2019-07-25T09:45:48: * ---------------------------------------------------------------------------- *
2019-07-25T09:45:48: * Version: 1.6.0                                                               *
2019-07-25T09:45:48: ********************************************************************************
2019-07-25T09:45:48: +============+
2019-07-25T09:45:48: | Parameters |
2019-07-25T09:45:48: +============+
2019-07-25T09:45:48:  inobs .....................: /cta/carli/CPPM_Internship/Simulations_and_Analyses/plus_gradient_EDisp_South_z40_50h/source1c/obs_cube.fits
2019-07-25T09:45:48:  inmodel ...................: /cta/carli/CPPM_Internship/Simulations_and_Analyses/plus_gradient_EDisp_South_z40_50h/source1c/obsmodel_binned.xml
2019-07-25T09:45:48:  srcname ...................: source1c
2019-07-25T09:45:48:  expcube ...................: /cta/carli/CPPM_Internship/Simulations_and_Analyses/plus_gradient_EDisp_South_z40_50h/source1c/exposure_cube.fits
2019-07-25T09:45:48:  psfcube ...................: /cta/carli/CPPM_Internship/Simulations_and_Analyses/plus_gradient_EDisp_South_z40_50h/source1c/PSF_cube.fits
2019-07-25T09:45:48:  edispcube .................: /cta/carli/CPPM_Internship/Simulations_and_Analyses/plus_gradient_EDisp_South_z40_50h/source1c/edisp_cube.fits
2019-07-25T09:45:48:  bkgcube ...................: /cta/carli/CPPM_Internship/Simulations_and_Analyses/plus_gradient_EDisp_South_z40_50h/source1c/background_cube.fits
2019-07-25T09:45:48:  caldb .....................: prod3b-v2
2019-07-25T09:45:48:  irf .......................: plus_gradient_EDisp_South_z40_50h
2019-07-25T09:45:48:  edisp .....................: yes
2019-07-25T09:45:48:  outmodel ..................: 
2019-07-25T09:45:48:  confidence ................: 0.95
2019-07-25T09:45:48:  tol .......................: 1e-3
2019-07-25T09:45:48:  statistic .................: DEFAULT
2019-07-25T09:45:48:  like_accuracy .............: 0.005
2019-07-25T09:45:48:  max_iter ..................: 50
2019-07-25T09:45:48:  nthreads ..................: 0
2019-07-25T09:45:48:  chatter ...................: 4
2019-07-25T09:45:48:  clobber ...................: yes
2019-07-25T09:45:48:  debug .....................: no
2019-07-25T09:45:48:  mode ......................: ql
2019-07-25T09:45:48:  logfile ...................: cterror95.log
2019-07-25T09:45:48: 
2019-07-25T09:45:48: +===================+
2019-07-25T09:45:48: | Input observation |
2019-07-25T09:45:48: +===================+
2019-07-25T09:45:48: === GObservations ===
2019-07-25T09:45:48:  Number of observations ....: 1
2019-07-25T09:45:48:  Number of models ..........: 2
2019-07-25T09:45:48:  Number of observed events .: 299918
2019-07-25T09:45:48:  Number of predicted events : 0
2019-07-25T09:45:48: === GCTAObservation ===
2019-07-25T09:45:48:  Name ......................: 
2019-07-25T09:45:48:  Identifier ................: 000001
2019-07-25T09:45:48:  Instrument ................: CTA
2019-07-25T09:45:48:  Event file ................: /cta/carli/CPPM_Internship/Simulations_and_Analyses/plus_gradient_EDisp_South_z40_50h/source1c/obs_cube.fits
2019-07-25T09:45:48:  Event type ................: CountsCube
2019-07-25T09:45:48:  Statistic .................: cstat
2019-07-25T09:45:48:  Ontime ....................: 144000 s
2019-07-25T09:45:48:  Livetime ..................: 141120 s
2019-07-25T09:45:48:  Deadtime correction .......: 0.98
2019-07-25T09:45:48:  User energy range .........: undefined
2019-07-25T09:45:48: === GCTAPointing ===
2019-07-25T09:45:48:  Pointing direction ........: (RA,Dec)=(84.1331,22.0145)
2019-07-25T09:45:48: === GCTAResponseCube ===
2019-07-25T09:45:48:  Energy dispersion .........: Used
2019-07-25T09:45:48: === GCTACubeExposure ===
2019-07-25T09:45:48:  Filename ..................: /cta/carli/CPPM_Internship/Simulations_and_Analyses/plus_gradient_EDisp_South_z40_50h/source1c/exposure_cube.fits
2019-07-25T09:45:48:  Livetime ..................: 141120 sec
2019-07-25T09:45:48: === GEnergies ===
2019-07-25T09:45:48:  Number of energies ........: 33
2019-07-25T09:45:48: === GGti ===
2019-07-25T09:45:48:  Number of intervals .......: 1
2019-07-25T09:45:48:  Ontime ....................: 144000 sec
2019-07-25T09:45:48:  Elapsed time ..............: 144000 sec
2019-07-25T09:45:48:  MJD range .................: 51544.5 - 51546.1666666667 s (TT)
2019-07-25T09:45:48:  UTC range .................: 2000-01-01T11:58:56 - 2000-01-03T03:58:56 s (TT)
2019-07-25T09:45:48:  Reference MJD .............: 51544.5
2019-07-25T09:45:48: === GSkyMap ===
2019-07-25T09:45:48:  Number of pixels ..........: 6400
2019-07-25T09:45:48:  X axis dimension ..........: 80
2019-07-25T09:45:48:  Y axis dimension ..........: 80
2019-07-25T09:45:48:  Number of maps ............: 33
2019-07-25T09:45:48:  Shape of maps .............: (33)
2019-07-25T09:45:48: === GCTACubePsf ===
2019-07-25T09:45:48:  Filename ..................: /cta/carli/CPPM_Internship/Simulations_and_Analyses/plus_gradient_EDisp_South_z40_50h/source1c/PSF_cube.fits
2019-07-25T09:45:48: === GEnergies ===
2019-07-25T09:45:48:  Number of energies ........: 33
2019-07-25T09:45:48:  Number of delta bins ......: 200
2019-07-25T09:45:48:  Delta range ...............: 1.875e-06 - 0.298501875 deg
2019-07-25T09:45:48: === GSkyMap ===
2019-07-25T09:45:48:  Number of pixels ..........: 1
2019-07-25T09:45:48:  X axis dimension ..........: 1
2019-07-25T09:45:48:  Y axis dimension ..........: 1
2019-07-25T09:45:48:  Number of maps ............: 6600
2019-07-25T09:45:48:  Shape of maps .............: (200, 33)
2019-07-25T09:45:48: === GCTACubeEdisp ===
2019-07-25T09:45:48:  Filename ..................: /cta/carli/CPPM_Internship/Simulations_and_Analyses/plus_gradient_EDisp_South_z40_50h/source1c/edisp_cube.fits
2019-07-25T09:45:48: === GEnergies ===
2019-07-25T09:45:48:  Number of energies ........: 33
2019-07-25T09:45:48:  Number of migra bins ......: 100
2019-07-25T09:45:48:  Migra range ...............: 0.02 - 2
2019-07-25T09:45:48: === GSkyMap ===
2019-07-25T09:45:48:  Number of pixels ..........: 1
2019-07-25T09:45:48:  X axis dimension ..........: 1
2019-07-25T09:45:48:  Y axis dimension ..........: 1
2019-07-25T09:45:48:  Number of maps ............: 3300
2019-07-25T09:45:48:  Shape of maps .............: (100, 33)
2019-07-25T09:45:48: === GCTACubeBackground ===
2019-07-25T09:45:48:  Filename ..................: /cta/carli/CPPM_Internship/Simulations_and_Analyses/plus_gradient_EDisp_South_z40_50h/source1c/background_cube.fits
2019-07-25T09:45:48: === GEbounds ===
2019-07-25T09:45:48:  Number of intervals .......: 32
2019-07-25T09:45:48:  Energy range ..............: 100 GeV - 199.526229858398 TeV
2019-07-25T09:45:48: === GSkyMap ===
2019-07-25T09:45:48:  Number of pixels ..........: 6400
2019-07-25T09:45:48:  X axis dimension ..........: 80
2019-07-25T09:45:48:  Y axis dimension ..........: 80
2019-07-25T09:45:48:  Number of maps ............: 32
2019-07-25T09:45:48:  Shape of maps .............: (32)
2019-07-25T09:45:48: === GCTAResponseCache ===
2019-07-25T09:45:48:  Number of cached values ...: 0
2019-07-25T09:45:48: === GCTAEventCube ===
2019-07-25T09:45:48:  Number of events ..........: 299918
2019-07-25T09:45:48:  Number of elements ........: 204800
2019-07-25T09:45:48:  Number of pixels ..........: 6400
2019-07-25T09:45:48:  Number of energy bins .....: 32
2019-07-25T09:45:48:  Time interval .............: 51544.5 - 51546.1666666667 days
2019-07-25T09:45:48:  Pointing ..................: (RA,Dec)=(84.1331,22.0145)
2019-07-25T09:45:48: === GEbounds ===
2019-07-25T09:45:48:  Number of intervals .......: 32
2019-07-25T09:45:48:  Energy range ..............: 100 GeV - 199.526229858398 TeV
2019-07-25T09:45:48: === GSkyMap ===
2019-07-25T09:45:48:  Number of pixels ..........: 6400
2019-07-25T09:45:48:  X axis dimension ..........: 80
2019-07-25T09:45:48:  Y axis dimension ..........: 80
2019-07-25T09:45:48:  Number of maps ............: 32
2019-07-25T09:45:48:  Shape of maps .............: (32)
2019-07-25T09:45:48: === GSkyRegions ===
2019-07-25T09:45:48:  Number of regions .........: 0
2019-07-25T09:45:48: === GModels ===
2019-07-25T09:45:48:  Number of models ..........: 2
2019-07-25T09:45:48:  Number of parameters ......: 11
2019-07-25T09:45:48: === GModelSky ===
2019-07-25T09:45:48:  Name ......................: source1c
2019-07-25T09:45:48:  Instruments ...............: all
2019-07-25T09:45:48:  Test Statistic ............: 63643.811
2019-07-25T09:45:48:  Observation identifiers ...: all
2019-07-25T09:45:48:  Model type ................: PointSource
2019-07-25T09:45:48:  Model components ..........: "PointSource" * "ExponentialCutoffPowerLaw" * "Constant"
2019-07-25T09:45:48:  Number of parameters ......: 7
2019-07-25T09:45:48:  Number of spatial par's ...: 2
2019-07-25T09:45:48:   RA .......................: 83.6331 [-360,360] deg (fixed,scale=1)
2019-07-25T09:45:48:   DEC ......................: 22.0145 [-90,90] deg (fixed,scale=1)
2019-07-25T09:45:48:  Number of spectral par's ..: 4
2019-07-25T09:45:48:   Prefactor ................: 2.22392410980514e-18 [1e-25,1e-15] ph/cm2/s/MeV (fixed,scale=1e-18,gradient)
2019-07-25T09:45:48:   Index ....................: -2.01013446607971 [-0,-5]  (fixed,scale=-1,gradient)
2019-07-25T09:45:48:   CutoffEnergy .............: 62388515.3022291 +/- 6571304.01569798 [100000,10000000000] MeV (free,scale=10000000,gradient)
2019-07-25T09:45:48:   PivotEnergy ..............: 1000000 [10000,1000000000] MeV (fixed,scale=1000000,gradient)
2019-07-25T09:45:48:  Number of temporal par's ..: 1
2019-07-25T09:45:48:   Normalization ............: 1 (relative value) (fixed,scale=1,gradient)
2019-07-25T09:45:48:  Number of scale par's .....: 0
2019-07-25T09:45:48: === GCTAModelCubeBackground ===
2019-07-25T09:45:48:  Name ......................: BackgroundModel
2019-07-25T09:45:48:  Instruments ...............: CTA, HESS, MAGIC, VERITAS
2019-07-25T09:45:48:  Observation identifiers ...: all
2019-07-25T09:45:48:  Model type ................: "PowerLaw" * "Constant"
2019-07-25T09:45:48:  Number of parameters ......: 4
2019-07-25T09:45:48:  Number of spectral par's ..: 3
2019-07-25T09:45:48:   Prefactor ................: 0.925720949834543 [0.01,100] ph/cm2/s/MeV (fixed,scale=1,gradient)
2019-07-25T09:45:48:   Index ....................: -0.00516096842499294 [-5,5]  (fixed,scale=1,gradient)
2019-07-25T09:45:48:   PivotEnergy ..............: 1000000 MeV (fixed,scale=1000000,gradient)
2019-07-25T09:45:48:  Number of temporal par's ..: 1
2019-07-25T09:45:48:   Normalization ............: 1 (relative value) (fixed,scale=1,gradient)
2019-07-25T09:45:48: 
2019-07-25T09:45:48: +=============================+
2019-07-25T09:45:48: | Compute best-fit likelihood |
2019-07-25T09:45:48: +=============================+
2019-07-25T09:47:22: === GOptimizerLM ===
2019-07-25T09:47:22:  Optimized function value ..: -293979.109
2019-07-25T09:47:22:  Absolute precision ........: 0.005
2019-07-25T09:47:22:  Acceptable value decrease .: 2
2019-07-25T09:47:22:  Optimization status .......: converged
2019-07-25T09:47:22:  Number of parameters ......: 11
2019-07-25T09:47:22:  Number of free parameters .: 1
2019-07-25T09:47:22:  Number of iterations ......: 1
2019-07-25T09:47:22:  Lambda ....................: 0.0001
2019-07-25T09:47:22:  Maximum log likelihood ....: -293979.109
2019-07-25T09:47:22: === GModels ===
2019-07-25T09:47:22:  Number of models ..........: 2
2019-07-25T09:47:22:  Number of parameters ......: 11
2019-07-25T09:47:22: === GModelSky ===
2019-07-25T09:47:22:  Name ......................: source1c
2019-07-25T09:47:22:  Instruments ...............: all
2019-07-25T09:47:22:  Test Statistic ............: 63643.811
2019-07-25T09:47:22:  Observation identifiers ...: all
2019-07-25T09:47:22:  Model type ................: PointSource
2019-07-25T09:47:22:  Model components ..........: "PointSource" * "ExponentialCutoffPowerLaw" * "Constant"
2019-07-25T09:47:22:  Number of parameters ......: 7
2019-07-25T09:47:22:  Number of spatial par's ...: 2
2019-07-25T09:47:22:   RA .......................: 83.6331 [-360,360] deg (fixed,scale=1)
2019-07-25T09:47:22:   DEC ......................: 22.0145 [-90,90] deg (fixed,scale=1)
2019-07-25T09:47:22:  Number of spectral par's ..: 4
2019-07-25T09:47:22:   Prefactor ................: 2.22392410980514e-18 [1e-25,1e-15] ph/cm2/s/MeV (fixed,scale=1e-18,gradient)
2019-07-25T09:47:22:   Index ....................: -2.01013446607971 [-0,-5]  (fixed,scale=-1,gradient)
2019-07-25T09:47:22:   CutoffEnergy .............: 62407128.9552288 +/- 4485284.18017808 [100000,10000000000] MeV (free,scale=10000000,gradient)
2019-07-25T09:47:22:   PivotEnergy ..............: 1000000 [10000,1000000000] MeV (fixed,scale=1000000,gradient)
2019-07-25T09:47:22:  Number of temporal par's ..: 1
2019-07-25T09:47:22:   Normalization ............: 1 (relative value) (fixed,scale=1,gradient)
2019-07-25T09:47:22:  Number of scale par's .....: 0
2019-07-25T09:47:22: === GCTAModelCubeBackground ===
2019-07-25T09:47:22:  Name ......................: BackgroundModel
2019-07-25T09:47:22:  Instruments ...............: CTA, HESS, MAGIC, VERITAS
2019-07-25T09:47:22:  Observation identifiers ...: all
2019-07-25T09:47:22:  Model type ................: "PowerLaw" * "Constant"
2019-07-25T09:47:22:  Number of parameters ......: 4
2019-07-25T09:47:22:  Number of spectral par's ..: 3
2019-07-25T09:47:22:   Prefactor ................: 0.925720949834543 [0.01,100] ph/cm2/s/MeV (fixed,scale=1,gradient)
2019-07-25T09:47:22:   Index ....................: -0.00516096842499294 [-5,5]  (fixed,scale=1,gradient)
2019-07-25T09:47:22:   PivotEnergy ..............: 1000000 MeV (fixed,scale=1000000,gradient)
2019-07-25T09:47:22:  Number of temporal par's ..: 1
2019-07-25T09:47:22:   Normalization ............: 1 (relative value) (fixed,scale=1,gradient)
2019-07-25T09:47:22: 
2019-07-25T09:47:22: +==============================================================+
2019-07-25T09:47:22: | Compute error for source "source1c" parameter "CutoffEnergy" |
2019-07-25T09:47:22: +==============================================================+
2019-07-25T09:47:22:  Confidence level ..........: 95 %
2019-07-25T09:47:22:  Log-likelihood difference .: 1.92073
2019-07-25T09:47:22:  Initial factor range ......: [1.75542871534479, 10.725997075701]
2019-07-25T09:47:33:    Iteration 1 .............: [1.75542871534479, 6.24071289552288]
2019-07-25T09:47:43:    Iteration 2 .............: [3.99807080543383, 6.24071289552288]
2019-07-25T09:47:54:    Iteration 3 .............: [5.11939185047835, 6.24071289552288]
2019-07-25T09:48:05:    Iteration 4 .............: [5.11939185047835, 5.68005237300062]
2019-07-25T09:48:15:    Iteration 5 .............: [5.39972211173948, 5.68005237300062]
2019-07-25T09:48:26:    Iteration 6 .............: [5.39972211173948, 5.53988724237005]
2019-07-25T09:48:36:    Iteration 7 .............: [5.39972211173948, 5.46980467705477]
2019-07-25T09:48:47:    Iteration 8 .............: [5.43476339439713, 5.46980467705477]
2019-07-25T09:48:57:    Iteration 9 .............: [5.43476339439713, 5.45228403572595]
2019-07-25T09:49:08:    Iteration 10 ............: [5.44352371506154, 5.45228403572595]
2019-07-25T09:49:19:    Iteration 11 ............: [5.44352371506154, 5.44790387539374]
2019-07-25T09:49:29:    Iteration 12 ............: [5.44571379522764, 5.44790387539374]
2019-07-25T09:49:40:    Iteration 13 ............: [5.44571379522764, 5.44680883531069]
2019-07-25T09:49:50:    Iteration 14 ............: [5.44571379522764, 5.44626131526917]
2019-07-25T09:50:01:    Iteration 1 .............: [6.24071289552288, 10.725997075701]
2019-07-25T09:50:11:    Iteration 2 .............: [6.24071289552288, 8.48335498561192]
2019-07-25T09:50:22:    Iteration 3 .............: [6.24071289552288, 7.3620339405674]
2019-07-25T09:50:32:    Iteration 4 .............: [6.80137341804514, 7.3620339405674]
2019-07-25T09:50:43:    Iteration 5 .............: [7.08170367930627, 7.3620339405674]
2019-07-25T09:50:53:    Iteration 6 .............: [7.22186880993683, 7.3620339405674]
2019-07-25T09:51:02:    Iteration 7 .............: [7.22186880993683, 7.29195137525211]
2019-07-25T09:51:12:    Iteration 8 .............: [7.25691009259447, 7.29195137525211]
2019-07-25T09:51:22:    Iteration 9 .............: [7.25691009259447, 7.27443073392329]
2019-07-25T09:51:33:    Iteration 10 ............: [7.25691009259447, 7.26567041325888]
2019-07-25T09:51:42:    Iteration 11 ............: [7.25691009259447, 7.26129025292668]
2019-07-25T09:51:52:    Iteration 12 ............: [7.25691009259447, 7.25910017276057]
2019-07-25T09:51:52:  Lower parameter factor ....: 5.44599
2019-07-25T09:51:52:  Upper parameter factor ....: 7.25801
2019-07-25T09:51:52:  Error from curvature ......: 4485284.18017808 MeV
2019-07-25T09:51:52:  Error from profile ........: 9060087.8871456 MeV
2019-07-25T09:51:52:  Negative profile error ....: 7947253.40274473 MeV
2019-07-25T09:51:52:  Positive profile error ....: 10172922.3715465 MeV
2019-07-25T09:51:52: 
2019-07-25T09:51:52: +==============+
2019-07-25T09:51:52: | Save results |
2019-07-25T09:51:52: +==============+
2019-07-25T09:51:52:  Model definition file .....: NONE
2019-07-25T09:51:52: 
2019-07-25T09:51:52: Application "cterror" terminated after 365 wall clock seconds, consuming 466.42 seconds of CPU time.
