2019-07-25T10:51:56: ********************************************************************************
2019-07-25T10:51:56: *                                    cterror                                   *
2019-07-25T10:51:56: * ---------------------------------------------------------------------------- *
2019-07-25T10:51:56: * Version: 1.6.0                                                               *
2019-07-25T10:51:56: ********************************************************************************
2019-07-25T10:51:56: +============+
2019-07-25T10:51:56: | Parameters |
2019-07-25T10:51:56: +============+
2019-07-25T10:51:56:  inobs .....................: /cta/carli/CPPM_Internship/Simulations_and_Analyses/minus_gradient_AEff_South_z40_50h/source3a/obs_cube.fits
2019-07-25T10:51:56:  inmodel ...................: /cta/carli/CPPM_Internship/Simulations_and_Analyses/minus_gradient_AEff_South_z40_50h/source3a/obsmodel_binned.xml
2019-07-25T10:51:56:  srcname ...................: source3a
2019-07-25T10:51:56:  expcube ...................: /cta/carli/CPPM_Internship/Simulations_and_Analyses/minus_gradient_AEff_South_z40_50h/source3a/exposure_cube.fits
2019-07-25T10:51:56:  psfcube ...................: /cta/carli/CPPM_Internship/Simulations_and_Analyses/minus_gradient_AEff_South_z40_50h/source3a/PSF_cube.fits
2019-07-25T10:51:56:  edispcube .................: /cta/carli/CPPM_Internship/Simulations_and_Analyses/minus_gradient_AEff_South_z40_50h/source3a/edisp_cube.fits
2019-07-25T10:51:56:  bkgcube ...................: /cta/carli/CPPM_Internship/Simulations_and_Analyses/minus_gradient_AEff_South_z40_50h/source3a/background_cube.fits
2019-07-25T10:51:56:  caldb .....................: prod3b-v2
2019-07-25T10:51:56:  irf .......................: minus_gradient_AEff_South_z40_50h
2019-07-25T10:51:56:  edisp .....................: yes
2019-07-25T10:51:56:  outmodel ..................: 
2019-07-25T10:51:56:  confidence ................: 0.95
2019-07-25T10:51:56:  tol .......................: 1e-3
2019-07-25T10:51:56:  statistic .................: DEFAULT
2019-07-25T10:51:56:  like_accuracy .............: 0.005
2019-07-25T10:51:56:  max_iter ..................: 50
2019-07-25T10:51:56:  nthreads ..................: 0
2019-07-25T10:51:56:  chatter ...................: 4
2019-07-25T10:51:56:  clobber ...................: yes
2019-07-25T10:51:56:  debug .....................: no
2019-07-25T10:51:56:  mode ......................: ql
2019-07-25T10:51:56:  logfile ...................: cterror95.log
2019-07-25T10:51:56: 
2019-07-25T10:51:56: +===================+
2019-07-25T10:51:56: | Input observation |
2019-07-25T10:51:56: +===================+
2019-07-25T10:51:56: === GObservations ===
2019-07-25T10:51:56:  Number of observations ....: 1
2019-07-25T10:51:56:  Number of models ..........: 2
2019-07-25T10:51:56:  Number of observed events .: 309598
2019-07-25T10:51:56:  Number of predicted events : 0
2019-07-25T10:51:56: === GCTAObservation ===
2019-07-25T10:51:56:  Name ......................: 
2019-07-25T10:51:56:  Identifier ................: 000001
2019-07-25T10:51:56:  Instrument ................: CTA
2019-07-25T10:51:56:  Event file ................: /cta/carli/CPPM_Internship/Simulations_and_Analyses/minus_gradient_AEff_South_z40_50h/source3a/obs_cube.fits
2019-07-25T10:51:56:  Event type ................: CountsCube
2019-07-25T10:51:56:  Statistic .................: cstat
2019-07-25T10:51:56:  Ontime ....................: 144000 s
2019-07-25T10:51:56:  Livetime ..................: 141120 s
2019-07-25T10:51:56:  Deadtime correction .......: 0.98
2019-07-25T10:51:56:  User energy range .........: undefined
2019-07-25T10:51:56: === GCTAPointing ===
2019-07-25T10:51:56:  Pointing direction ........: (RA,Dec)=(84.1331,22.0145)
2019-07-25T10:51:56: === GCTAResponseCube ===
2019-07-25T10:51:56:  Energy dispersion .........: Used
2019-07-25T10:51:56: === GCTACubeExposure ===
2019-07-25T10:51:56:  Filename ..................: /cta/carli/CPPM_Internship/Simulations_and_Analyses/minus_gradient_AEff_South_z40_50h/source3a/exposure_cube.fits
2019-07-25T10:51:56:  Livetime ..................: 141120 sec
2019-07-25T10:51:56: === GEnergies ===
2019-07-25T10:51:56:  Number of energies ........: 33
2019-07-25T10:51:56: === GGti ===
2019-07-25T10:51:56:  Number of intervals .......: 1
2019-07-25T10:51:56:  Ontime ....................: 144000 sec
2019-07-25T10:51:56:  Elapsed time ..............: 144000 sec
2019-07-25T10:51:56:  MJD range .................: 51544.5 - 51546.1666666667 s (TT)
2019-07-25T10:51:56:  UTC range .................: 2000-01-01T11:58:56 - 2000-01-03T03:58:56 s (TT)
2019-07-25T10:51:56:  Reference MJD .............: 51544.5
2019-07-25T10:51:56: === GSkyMap ===
2019-07-25T10:51:56:  Number of pixels ..........: 6400
2019-07-25T10:51:56:  X axis dimension ..........: 80
2019-07-25T10:51:56:  Y axis dimension ..........: 80
2019-07-25T10:51:56:  Number of maps ............: 33
2019-07-25T10:51:56:  Shape of maps .............: (33)
2019-07-25T10:51:56: === GCTACubePsf ===
2019-07-25T10:51:56:  Filename ..................: /cta/carli/CPPM_Internship/Simulations_and_Analyses/minus_gradient_AEff_South_z40_50h/source3a/PSF_cube.fits
2019-07-25T10:51:56: === GEnergies ===
2019-07-25T10:51:56:  Number of energies ........: 33
2019-07-25T10:51:56:  Number of delta bins ......: 200
2019-07-25T10:51:56:  Delta range ...............: 1.875e-06 - 0.298501875 deg
2019-07-25T10:51:56: === GSkyMap ===
2019-07-25T10:51:56:  Number of pixels ..........: 1
2019-07-25T10:51:56:  X axis dimension ..........: 1
2019-07-25T10:51:56:  Y axis dimension ..........: 1
2019-07-25T10:51:56:  Number of maps ............: 6600
2019-07-25T10:51:56:  Shape of maps .............: (200, 33)
2019-07-25T10:51:56: === GCTACubeEdisp ===
2019-07-25T10:51:56:  Filename ..................: /cta/carli/CPPM_Internship/Simulations_and_Analyses/minus_gradient_AEff_South_z40_50h/source3a/edisp_cube.fits
2019-07-25T10:51:56: === GEnergies ===
2019-07-25T10:51:56:  Number of energies ........: 33
2019-07-25T10:51:56:  Number of migra bins ......: 100
2019-07-25T10:51:56:  Migra range ...............: 0.02 - 2
2019-07-25T10:51:56: === GSkyMap ===
2019-07-25T10:51:56:  Number of pixels ..........: 1
2019-07-25T10:51:56:  X axis dimension ..........: 1
2019-07-25T10:51:56:  Y axis dimension ..........: 1
2019-07-25T10:51:56:  Number of maps ............: 3300
2019-07-25T10:51:56:  Shape of maps .............: (100, 33)
2019-07-25T10:51:56: === GCTACubeBackground ===
2019-07-25T10:51:56:  Filename ..................: /cta/carli/CPPM_Internship/Simulations_and_Analyses/minus_gradient_AEff_South_z40_50h/source3a/background_cube.fits
2019-07-25T10:51:56: === GEbounds ===
2019-07-25T10:51:56:  Number of intervals .......: 32
2019-07-25T10:51:56:  Energy range ..............: 100 GeV - 199.526229858398 TeV
2019-07-25T10:51:56: === GSkyMap ===
2019-07-25T10:51:56:  Number of pixels ..........: 6400
2019-07-25T10:51:56:  X axis dimension ..........: 80
2019-07-25T10:51:56:  Y axis dimension ..........: 80
2019-07-25T10:51:56:  Number of maps ............: 32
2019-07-25T10:51:56:  Shape of maps .............: (32)
2019-07-25T10:51:56: === GCTAResponseCache ===
2019-07-25T10:51:56:  Number of cached values ...: 0
2019-07-25T10:51:56: === GCTAEventCube ===
2019-07-25T10:51:56:  Number of events ..........: 309598
2019-07-25T10:51:56:  Number of elements ........: 204800
2019-07-25T10:51:56:  Number of pixels ..........: 6400
2019-07-25T10:51:56:  Number of energy bins .....: 32
2019-07-25T10:51:56:  Time interval .............: 51544.5 - 51546.1666666667 days
2019-07-25T10:51:56:  Pointing ..................: (RA,Dec)=(84.1331,22.0145)
2019-07-25T10:51:56: === GEbounds ===
2019-07-25T10:51:56:  Number of intervals .......: 32
2019-07-25T10:51:56:  Energy range ..............: 100 GeV - 199.526229858398 TeV
2019-07-25T10:51:56: === GSkyMap ===
2019-07-25T10:51:56:  Number of pixels ..........: 6400
2019-07-25T10:51:56:  X axis dimension ..........: 80
2019-07-25T10:51:56:  Y axis dimension ..........: 80
2019-07-25T10:51:56:  Number of maps ............: 32
2019-07-25T10:51:56:  Shape of maps .............: (32)
2019-07-25T10:51:56: === GSkyRegions ===
2019-07-25T10:51:56:  Number of regions .........: 0
2019-07-25T10:51:56: === GModels ===
2019-07-25T10:51:56:  Number of models ..........: 2
2019-07-25T10:51:56:  Number of parameters ......: 11
2019-07-25T10:51:56: === GModelSky ===
2019-07-25T10:51:56:  Name ......................: source3a
2019-07-25T10:51:56:  Instruments ...............: all
2019-07-25T10:51:56:  Test Statistic ............: 16826.261
2019-07-25T10:51:56:  Observation identifiers ...: all
2019-07-25T10:51:56:  Model type ................: PointSource
2019-07-25T10:51:56:  Model components ..........: "PointSource" * "ExponentialCutoffPowerLaw" * "Constant"
2019-07-25T10:51:56:  Number of parameters ......: 7
2019-07-25T10:51:56:  Number of spatial par's ...: 2
2019-07-25T10:51:56:   RA .......................: 83.6331 [-360,360] deg (fixed,scale=1)
2019-07-25T10:51:56:   DEC ......................: 22.0145 [-90,90] deg (fixed,scale=1)
2019-07-25T10:51:56:  Number of spectral par's ..: 4
2019-07-25T10:51:56:   Prefactor ................: 7.69007341469732e-19 [1e-26,1e-16] ph/cm2/s/MeV (fixed,scale=1e-19,gradient)
2019-07-25T10:51:56:   Index ....................: -2.02711130172483 [-0,-5]  (fixed,scale=-1,gradient)
2019-07-25T10:51:56:   CutoffEnergy .............: 431355497.238517 +/- 335454028.486285 [1000000,100000000000] MeV (free,scale=100000000,gradient)
2019-07-25T10:51:56:   PivotEnergy ..............: 1000000 [10000,1000000000] MeV (fixed,scale=1000000,gradient)
2019-07-25T10:51:56:  Number of temporal par's ..: 1
2019-07-25T10:51:56:   Normalization ............: 1 (relative value) (fixed,scale=1,gradient)
2019-07-25T10:51:56:  Number of scale par's .....: 0
2019-07-25T10:51:56: === GCTAModelCubeBackground ===
2019-07-25T10:51:56:  Name ......................: BackgroundModel
2019-07-25T10:51:56:  Instruments ...............: CTA, HESS, MAGIC, VERITAS
2019-07-25T10:51:56:  Observation identifiers ...: all
2019-07-25T10:51:56:  Model type ................: "PowerLaw" * "Constant"
2019-07-25T10:51:56:  Number of parameters ......: 4
2019-07-25T10:51:56:  Number of spectral par's ..: 3
2019-07-25T10:51:56:   Prefactor ................: 0.992212645637091 [0.01,100] ph/cm2/s/MeV (fixed,scale=1,gradient)
2019-07-25T10:51:56:   Index ....................: -0.00407249343551781 [-5,5]  (fixed,scale=1,gradient)
2019-07-25T10:51:56:   PivotEnergy ..............: 1000000 MeV (fixed,scale=1000000,gradient)
2019-07-25T10:51:56:  Number of temporal par's ..: 1
2019-07-25T10:51:56:   Normalization ............: 1 (relative value) (fixed,scale=1,gradient)
2019-07-25T10:51:56: 
2019-07-25T10:51:56: +=============================+
2019-07-25T10:51:56: | Compute best-fit likelihood |
2019-07-25T10:51:56: +=============================+
2019-07-25T10:53:28: === GOptimizerLM ===
2019-07-25T10:53:28:  Optimized function value ..: -307488.579
2019-07-25T10:53:28:  Absolute precision ........: 0.005
2019-07-25T10:53:28:  Acceptable value decrease .: 2
2019-07-25T10:53:28:  Optimization status .......: converged
2019-07-25T10:53:28:  Number of parameters ......: 11
2019-07-25T10:53:28:  Number of free parameters .: 1
2019-07-25T10:53:28:  Number of iterations ......: 1
2019-07-25T10:53:28:  Lambda ....................: 0.0001
2019-07-25T10:53:28:  Maximum log likelihood ....: -307488.579
2019-07-25T10:53:28: === GModels ===
2019-07-25T10:53:28:  Number of models ..........: 2
2019-07-25T10:53:28:  Number of parameters ......: 11
2019-07-25T10:53:28: === GModelSky ===
2019-07-25T10:53:28:  Name ......................: source3a
2019-07-25T10:53:28:  Instruments ...............: all
2019-07-25T10:53:28:  Test Statistic ............: 16826.261
2019-07-25T10:53:28:  Observation identifiers ...: all
2019-07-25T10:53:28:  Model type ................: PointSource
2019-07-25T10:53:28:  Model components ..........: "PointSource" * "ExponentialCutoffPowerLaw" * "Constant"
2019-07-25T10:53:28:  Number of parameters ......: 7
2019-07-25T10:53:28:  Number of spatial par's ...: 2
2019-07-25T10:53:28:   RA .......................: 83.6331 [-360,360] deg (fixed,scale=1)
2019-07-25T10:53:28:   DEC ......................: 22.0145 [-90,90] deg (fixed,scale=1)
2019-07-25T10:53:28:  Number of spectral par's ..: 4
2019-07-25T10:53:28:   Prefactor ................: 7.69007341469732e-19 [1e-26,1e-16] ph/cm2/s/MeV (fixed,scale=1e-19,gradient)
2019-07-25T10:53:28:   Index ....................: -2.02711130172483 [-0,-5]  (fixed,scale=-1,gradient)
2019-07-25T10:53:28:   CutoffEnergy .............: 433382573.074459 +/- 243667468.748977 [1000000,100000000000] MeV (free,scale=100000000,gradient)
2019-07-25T10:53:28:   PivotEnergy ..............: 1000000 [10000,1000000000] MeV (fixed,scale=1000000,gradient)
2019-07-25T10:53:28:  Number of temporal par's ..: 1
2019-07-25T10:53:28:   Normalization ............: 1 (relative value) (fixed,scale=1,gradient)
2019-07-25T10:53:28:  Number of scale par's .....: 0
2019-07-25T10:53:28: === GCTAModelCubeBackground ===
2019-07-25T10:53:28:  Name ......................: BackgroundModel
2019-07-25T10:53:28:  Instruments ...............: CTA, HESS, MAGIC, VERITAS
2019-07-25T10:53:28:  Observation identifiers ...: all
2019-07-25T10:53:28:  Model type ................: "PowerLaw" * "Constant"
2019-07-25T10:53:28:  Number of parameters ......: 4
2019-07-25T10:53:28:  Number of spectral par's ..: 3
2019-07-25T10:53:28:   Prefactor ................: 0.992212645637091 [0.01,100] ph/cm2/s/MeV (fixed,scale=1,gradient)
2019-07-25T10:53:28:   Index ....................: -0.00407249343551781 [-5,5]  (fixed,scale=1,gradient)
2019-07-25T10:53:28:   PivotEnergy ..............: 1000000 MeV (fixed,scale=1000000,gradient)
2019-07-25T10:53:28:  Number of temporal par's ..: 1
2019-07-25T10:53:28:   Normalization ............: 1 (relative value) (fixed,scale=1,gradient)
2019-07-25T10:53:28: 
2019-07-25T10:53:28: +==============================================================+
2019-07-25T10:53:28: | Compute error for source "source3a" parameter "CutoffEnergy" |
2019-07-25T10:53:28: +==============================================================+
2019-07-25T10:53:28:  Confidence level ..........: 95 %
2019-07-25T10:53:28:  Log-likelihood difference .: 1.92073
2019-07-25T10:53:28:  Initial factor range ......: [0.01, 28.7005726056423]
2019-07-25T10:53:38:    Iteration 1 .............: [0.01, 4.33382573074459]
2019-07-25T10:53:48:    Iteration 2 .............: [0.01, 2.1719128653723]
2019-07-25T10:53:58:    Iteration 3 .............: [1.09095643268615, 2.1719128653723]
2019-07-25T10:54:09:    Iteration 4 .............: [1.63143464902922, 2.1719128653723]
2019-07-25T10:54:19:    Iteration 5 .............: [1.90167375720076, 2.1719128653723]
2019-07-25T10:54:29:    Iteration 6 .............: [1.90167375720076, 2.03679331128653]
2019-07-25T10:54:39:    Iteration 7 .............: [1.96923353424364, 2.03679331128653]
2019-07-25T10:54:50:    Iteration 8 .............: [1.96923353424364, 2.00301342276509]
2019-07-25T10:55:00:    Iteration 9 .............: [1.96923353424364, 1.98612347850437]
2019-07-25T10:55:10:    Iteration 10 ............: [1.977678506374, 1.98612347850437]
2019-07-25T10:55:21:    Iteration 11 ............: [1.977678506374, 1.98190099243918]
2019-07-25T10:55:31:    Iteration 1 .............: [4.33382573074459, 28.7005726056423]
2019-07-25T10:55:41:    Iteration 2 .............: [16.5171991681934, 28.7005726056423]
2019-07-25T10:55:51:    Iteration 3 .............: [22.6088858869178, 28.7005726056423]
2019-07-25T10:56:01:    Iteration 4 .............: [25.65472924628, 28.7005726056423]
2019-07-25T10:56:11:    Iteration 5 .............: [27.1776509259611, 28.7005726056423]
2019-07-25T10:56:21:    Iteration 6 .............: [27.9391117658017, 28.7005726056423]
2019-07-25T10:56:31:    Iteration 7 .............: [28.319842185722, 28.7005726056423]
2019-07-25T10:56:41:    Iteration 8 .............: [28.5102073956821, 28.7005726056423]
2019-07-25T10:56:52:    Iteration 9 .............: [28.6053900006622, 28.7005726056423]
2019-07-25T10:57:02:    Iteration 10 ............: [28.6529813031522, 28.7005726056423]
2019-07-25T10:57:12:    Iteration 11 ............: [28.6767769543972, 28.7005726056423]
2019-07-25T10:57:22:    Iteration 12 ............: [28.6886747800197, 28.7005726056423]
2019-07-25T10:57:32:    Iteration 13 ............: [28.694623692831, 28.7005726056423]
2019-07-25T10:57:42:    Iteration 14 ............: [28.6975981492366, 28.7005726056423]
2019-07-25T10:57:52:    Iteration 15 ............: [28.6990853774394, 28.7005726056423]
2019-07-25T10:58:02:    Iteration 16 ............: [28.6998289915408, 28.7005726056423]
2019-07-25T10:58:13:    Iteration 17 ............: [28.7002007985915, 28.7005726056423]
2019-07-25T10:58:23:    Iteration 18 ............: [28.7003867021169, 28.7005726056423]
2019-07-25T10:58:33:    Iteration 19 ............: [28.7004796538796, 28.7005726056423]
2019-07-25T10:58:44:    Iteration 20 ............: [28.7005261297609, 28.7005726056423]
2019-07-25T10:58:54:    Iteration 21 ............: [28.7005493677016, 28.7005726056423]
2019-07-25T10:59:04:    Iteration 22 ............: [28.7005609866719, 28.7005726056423]
2019-07-25T10:59:14:    Iteration 23 ............: [28.7005667961571, 28.7005726056423]
2019-07-25T10:59:25:    Iteration 24 ............: [28.7005697008997, 28.7005726056423]
2019-07-25T10:59:35:    Iteration 25 ............: [28.700571153271, 28.7005726056423]
2019-07-25T10:59:46:    Iteration 26 ............: [28.7005718794566, 28.7005726056423]
2019-07-25T10:59:46:  Lower parameter factor ....: 1.97979
2019-07-25T10:59:46:  Upper parameter factor ....: 28.7006
2019-07-25T10:59:46:  Error from curvature ......: 243667468.748977 MeV
2019-07-25T10:59:46:  Error from profile ........: 1336039124.65714 MeV
2019-07-25T10:59:46:  Negative profile error ....: 235403598.1338 MeV
2019-07-25T10:59:46:  Positive profile error ....: 2436674651.18048 MeV
2019-07-25T10:59:46: 
2019-07-25T10:59:46: +==============+
2019-07-25T10:59:46: | Save results |
2019-07-25T10:59:46: +==============+
2019-07-25T10:59:46:  Model definition file .....: NONE
2019-07-25T10:59:46: 
2019-07-25T10:59:46: Application "cterror" terminated after 470 wall clock seconds, consuming 595.46 seconds of CPU time.
