2019-07-22T16:47:10: ********************************************************************************
2019-07-22T16:47:10: *                                    ctlike                                    *
2019-07-22T16:47:10: * ---------------------------------------------------------------------------- *
2019-07-22T16:47:10: * Version: 1.6.0                                                               *
2019-07-22T16:47:10: ********************************************************************************
2019-07-22T16:47:10: +============+
2019-07-22T16:47:10: | Parameters |
2019-07-22T16:47:10: +============+
2019-07-22T16:47:10:  inobs .....................: /cta/carli/CPPM_Internship/Simulations_and_Analyses/minus_gradient_AEff_South_z40_50h/source3a/obs_cube.fits
2019-07-22T16:47:10:  inmodel ...................: sourcemodel_cube.xml
2019-07-22T16:47:10:  expcube ...................: /cta/carli/CPPM_Internship/Simulations_and_Analyses/minus_gradient_AEff_South_z40_50h/source3a/exposure_cube.fits
2019-07-22T16:47:10:  psfcube ...................: /cta/carli/CPPM_Internship/Simulations_and_Analyses/minus_gradient_AEff_South_z40_50h/source3a/PSF_cube.fits
2019-07-22T16:47:10:  edispcube .................: /cta/carli/CPPM_Internship/Simulations_and_Analyses/minus_gradient_AEff_South_z40_50h/source3a/edisp_cube.fits
2019-07-22T16:47:10:  bkgcube ...................: /cta/carli/CPPM_Internship/Simulations_and_Analyses/minus_gradient_AEff_South_z40_50h/source3a/background_cube.fits
2019-07-22T16:47:10:  caldb .....................: prod3b-v2
2019-07-22T16:47:10:  irf .......................: minus_gradient_AEff_South_z40_50h
2019-07-22T16:47:10:  edisp .....................: yes
2019-07-22T16:47:10:  outmodel ..................: /cta/carli/CPPM_Internship/Simulations_and_Analyses/minus_gradient_AEff_South_z40_50h/source3a/obsmodel_binned.xml
2019-07-22T16:47:10:  outcovmat .................: NONE
2019-07-22T16:47:10:  statistic .................: DEFAULT
2019-07-22T16:47:10:  refit .....................: no
2019-07-22T16:47:10:  like_accuracy .............: 0.005
2019-07-22T16:47:10:  max_iter ..................: 50
2019-07-22T16:47:10:  fix_spat_for_ts ...........: no
2019-07-22T16:47:10:  nthreads ..................: 0
2019-07-22T16:47:10:  chatter ...................: 4
2019-07-22T16:47:10:  clobber ...................: yes
2019-07-22T16:47:10:  debug .....................: no
2019-07-22T16:47:10:  mode ......................: ql
2019-07-22T16:47:10:  logfile ...................: ctlike.log
2019-07-22T16:47:10: 
2019-07-22T16:47:10: +===================+
2019-07-22T16:47:10: | Input observation |
2019-07-22T16:47:10: +===================+
2019-07-22T16:47:10: === GObservations ===
2019-07-22T16:47:10:  Number of observations ....: 1
2019-07-22T16:47:10:  Number of models ..........: 2
2019-07-22T16:47:10:  Number of observed events .: 309598
2019-07-22T16:47:10:  Number of predicted events : 0
2019-07-22T16:47:10: === GCTAObservation ===
2019-07-22T16:47:10:  Name ......................: 
2019-07-22T16:47:10:  Identifier ................: 000001
2019-07-22T16:47:10:  Instrument ................: CTA
2019-07-22T16:47:10:  Event file ................: /cta/carli/CPPM_Internship/Simulations_and_Analyses/minus_gradient_AEff_South_z40_50h/source3a/obs_cube.fits
2019-07-22T16:47:10:  Event type ................: CountsCube
2019-07-22T16:47:10:  Statistic .................: cstat
2019-07-22T16:47:10:  Ontime ....................: 144000 s
2019-07-22T16:47:10:  Livetime ..................: 141120 s
2019-07-22T16:47:10:  Deadtime correction .......: 0.98
2019-07-22T16:47:10:  User energy range .........: undefined
2019-07-22T16:47:10: === GCTAPointing ===
2019-07-22T16:47:10:  Pointing direction ........: (RA,Dec)=(84.1331,22.0145)
2019-07-22T16:47:10: === GCTAResponseCube ===
2019-07-22T16:47:10:  Energy dispersion .........: Used
2019-07-22T16:47:10: === GCTACubeExposure ===
2019-07-22T16:47:10:  Filename ..................: /cta/carli/CPPM_Internship/Simulations_and_Analyses/minus_gradient_AEff_South_z40_50h/source3a/exposure_cube.fits
2019-07-22T16:47:10:  Livetime ..................: 141120 sec
2019-07-22T16:47:10: === GEnergies ===
2019-07-22T16:47:10:  Number of energies ........: 33
2019-07-22T16:47:10: === GGti ===
2019-07-22T16:47:10:  Number of intervals .......: 1
2019-07-22T16:47:10:  Ontime ....................: 144000 sec
2019-07-22T16:47:10:  Elapsed time ..............: 144000 sec
2019-07-22T16:47:10:  MJD range .................: 51544.5 - 51546.1666666667 s (TT)
2019-07-22T16:47:10:  UTC range .................: 2000-01-01T11:58:56 - 2000-01-03T03:58:56 s (TT)
2019-07-22T16:47:10:  Reference MJD .............: 51544.5
2019-07-22T16:47:10: === GSkyMap ===
2019-07-22T16:47:10:  Number of pixels ..........: 6400
2019-07-22T16:47:10:  X axis dimension ..........: 80
2019-07-22T16:47:10:  Y axis dimension ..........: 80
2019-07-22T16:47:10:  Number of maps ............: 33
2019-07-22T16:47:10:  Shape of maps .............: (33)
2019-07-22T16:47:10: === GCTACubePsf ===
2019-07-22T16:47:10:  Filename ..................: /cta/carli/CPPM_Internship/Simulations_and_Analyses/minus_gradient_AEff_South_z40_50h/source3a/PSF_cube.fits
2019-07-22T16:47:10: === GEnergies ===
2019-07-22T16:47:10:  Number of energies ........: 33
2019-07-22T16:47:10:  Number of delta bins ......: 200
2019-07-22T16:47:10:  Delta range ...............: 1.875e-06 - 0.298501875 deg
2019-07-22T16:47:10: === GSkyMap ===
2019-07-22T16:47:10:  Number of pixels ..........: 1
2019-07-22T16:47:10:  X axis dimension ..........: 1
2019-07-22T16:47:10:  Y axis dimension ..........: 1
2019-07-22T16:47:10:  Number of maps ............: 6600
2019-07-22T16:47:10:  Shape of maps .............: (200, 33)
2019-07-22T16:47:10: === GCTACubeEdisp ===
2019-07-22T16:47:10:  Filename ..................: /cta/carli/CPPM_Internship/Simulations_and_Analyses/minus_gradient_AEff_South_z40_50h/source3a/edisp_cube.fits
2019-07-22T16:47:10: === GEnergies ===
2019-07-22T16:47:10:  Number of energies ........: 33
2019-07-22T16:47:10:  Number of migra bins ......: 100
2019-07-22T16:47:10:  Migra range ...............: 0.02 - 2
2019-07-22T16:47:10: === GSkyMap ===
2019-07-22T16:47:10:  Number of pixels ..........: 1
2019-07-22T16:47:10:  X axis dimension ..........: 1
2019-07-22T16:47:10:  Y axis dimension ..........: 1
2019-07-22T16:47:10:  Number of maps ............: 3300
2019-07-22T16:47:10:  Shape of maps .............: (100, 33)
2019-07-22T16:47:10: === GCTACubeBackground ===
2019-07-22T16:47:10:  Filename ..................: /cta/carli/CPPM_Internship/Simulations_and_Analyses/minus_gradient_AEff_South_z40_50h/source3a/background_cube.fits
2019-07-22T16:47:10: === GEbounds ===
2019-07-22T16:47:10:  Number of intervals .......: 32
2019-07-22T16:47:10:  Energy range ..............: 100 GeV - 199.526229858398 TeV
2019-07-22T16:47:10: === GSkyMap ===
2019-07-22T16:47:10:  Number of pixels ..........: 6400
2019-07-22T16:47:10:  X axis dimension ..........: 80
2019-07-22T16:47:10:  Y axis dimension ..........: 80
2019-07-22T16:47:10:  Number of maps ............: 32
2019-07-22T16:47:10:  Shape of maps .............: (32)
2019-07-22T16:47:10: === GCTAResponseCache ===
2019-07-22T16:47:10:  Number of cached values ...: 0
2019-07-22T16:47:10: === GCTAEventCube ===
2019-07-22T16:47:10:  Number of events ..........: 309598
2019-07-22T16:47:10:  Number of elements ........: 204800
2019-07-22T16:47:10:  Number of pixels ..........: 6400
2019-07-22T16:47:10:  Number of energy bins .....: 32
2019-07-22T16:47:10:  Time interval .............: 51544.5 - 51546.1666666667 days
2019-07-22T16:47:10:  Pointing ..................: (RA,Dec)=(84.1331,22.0145)
2019-07-22T16:47:10: === GEbounds ===
2019-07-22T16:47:10:  Number of intervals .......: 32
2019-07-22T16:47:10:  Energy range ..............: 100 GeV - 199.526229858398 TeV
2019-07-22T16:47:10: === GSkyMap ===
2019-07-22T16:47:10:  Number of pixels ..........: 6400
2019-07-22T16:47:10:  X axis dimension ..........: 80
2019-07-22T16:47:10:  Y axis dimension ..........: 80
2019-07-22T16:47:10:  Number of maps ............: 32
2019-07-22T16:47:10:  Shape of maps .............: (32)
2019-07-22T16:47:10: === GSkyRegions ===
2019-07-22T16:47:10:  Number of regions .........: 0
2019-07-22T16:47:10: === GModels ===
2019-07-22T16:47:10:  Number of models ..........: 2
2019-07-22T16:47:10:  Number of parameters ......: 11
2019-07-22T16:47:10: === GModelSky ===
2019-07-22T16:47:10:  Name ......................: source3a
2019-07-22T16:47:10:  Instruments ...............: all
2019-07-22T16:47:10:  Test Statistic ............: Computation requested
2019-07-22T16:47:10:  Observation identifiers ...: all
2019-07-22T16:47:10:  Model type ................: PointSource
2019-07-22T16:47:10:  Model components ..........: "PointSource" * "ExponentialCutoffPowerLaw" * "Constant"
2019-07-22T16:47:10:  Number of parameters ......: 7
2019-07-22T16:47:10:  Number of spatial par's ...: 2
2019-07-22T16:47:10:   RA .......................: 83.6331 [-360,360] deg (fixed,scale=1)
2019-07-22T16:47:10:   DEC ......................: 22.0145 [-90,90] deg (fixed,scale=1)
2019-07-22T16:47:10:  Number of spectral par's ..: 4
2019-07-22T16:47:10:   Prefactor ................: 7.6e-19 +/- 0 [1e-26,1e-16] ph/cm2/s/MeV (free,scale=1e-19,gradient)
2019-07-22T16:47:10:   Index ....................: -2 +/- 0 [-0,-5]  (free,scale=-1,gradient)
2019-07-22T16:47:10:   CutoffEnergy .............: 200000000 +/- 0 [1000000,100000000000] MeV (free,scale=100000000,gradient)
2019-07-22T16:47:10:   PivotEnergy ..............: 1000000 [10000,1000000000] MeV (fixed,scale=1000000,gradient)
2019-07-22T16:47:10:  Number of temporal par's ..: 1
2019-07-22T16:47:10:   Normalization ............: 1 (relative value) (fixed,scale=1,gradient)
2019-07-22T16:47:10:  Number of scale par's .....: 0
2019-07-22T16:47:10: === GCTAModelCubeBackground ===
2019-07-22T16:47:10:  Name ......................: BackgroundModel
2019-07-22T16:47:10:  Instruments ...............: CTA, HESS, MAGIC, VERITAS
2019-07-22T16:47:10:  Observation identifiers ...: all
2019-07-22T16:47:10:  Model type ................: "PowerLaw" * "Constant"
2019-07-22T16:47:10:  Number of parameters ......: 4
2019-07-22T16:47:10:  Number of spectral par's ..: 3
2019-07-22T16:47:10:   Prefactor ................: 1 +/- 0 [0.01,100] ph/cm2/s/MeV (free,scale=1,gradient)
2019-07-22T16:47:10:   Index ....................: 0 +/- 0 [-5,5]  (free,scale=1,gradient)
2019-07-22T16:47:10:   PivotEnergy ..............: 1000000 MeV (fixed,scale=1000000,gradient)
2019-07-22T16:47:10:  Number of temporal par's ..: 1
2019-07-22T16:47:10:   Normalization ............: 1 (relative value) (fixed,scale=1,gradient)
2019-07-22T16:47:10: 
2019-07-22T16:47:10: +=================================+
2019-07-22T16:47:10: | Maximum likelihood optimisation |
2019-07-22T16:47:10: +=================================+
2019-07-22T16:47:42:  >Iteration   0: -logL=-307485.375, Lambda=1.0e-03
2019-07-22T16:48:11:  >Iteration   1: -logL=-307488.331, Lambda=1.0e-03, delta=2.955, step=1.0e+00, max(|grad|)=32.045883 [Index:3]
2019-07-22T16:48:40:  >Iteration   2: -logL=-307488.548, Lambda=1.0e-04, delta=0.217, step=1.0e+00, max(|grad|)=10.481675 [Index:3]
2019-07-22T16:49:09:  >Iteration   3: -logL=-307488.577, Lambda=1.0e-05, delta=0.029, step=1.0e+00, max(|grad|)=2.107610 [Index:3]
2019-07-22T16:49:38:  >Iteration   4: -logL=-307488.579, Lambda=1.0e-06, delta=0.002, step=1.0e+00, max(|grad|)=0.191392 [Index:3]
2019-07-22T16:49:38:  
2019-07-22T16:49:38:  +==================+
2019-07-22T16:49:38:  | Curvature matrix |
2019-07-22T16:49:38:  +==================+
2019-07-22T16:49:38:  === GMatrixSparse ===
2019-07-22T16:49:38:   Number of rows ............: 11
2019-07-22T16:49:38:   Number of columns .........: 11
2019-07-22T16:49:38:   Number of nonzero elements : 25
2019-07-22T16:49:38:   Number of allocated cells .: 537
2019-07-22T16:49:38:   Memory block size .........: 512
2019-07-22T16:49:38:   Sparse matrix fill ........: 0.206611570247934
2019-07-22T16:49:38:   Pending element ...........: 0
2019-07-22T16:49:38:   Fill stack size ...........: 0 (none)
2019-07-22T16:49:38:   0, 0, 0, 0, 0, 0, 0, 0, 0, 0, 0
2019-07-22T16:49:38:   0, 0, 0, 0, 0, 0, 0, 0, 0, 0, 0
2019-07-22T16:49:38:   0, 0, 64.5571244797604, -212.903188352344, 1.2101161873248, 0, 0, 259.286799318216, -348.674413972314, 0, 0
2019-07-22T16:49:38:   0, 0, -212.903188352345, 7856.14315643453, -24.6959234228199, 0, 0, 2724.17901320519, -4907.53063235262, 0, 0
2019-07-22T16:49:38:   0, 0, 1.2101161873248, -24.6959234228199, 0.171608962765285, 0, 0, 0.474784091926276, 0.0458381292011118, 0, 0
2019-07-22T16:49:38:   0, 0, 0, 0, 0, 0, 0, 0, 0, 0, 0
2019-07-22T16:49:38:   0, 0, 0, 0, 0, 0, 0, 0, 0, 0, 0
2019-07-22T16:49:38:   0, 0, 259.286799318216, 2724.17901320519, 0.474784091926276, 0, 0, 304785.925355396, -476410.01985286, 0, 0
2019-07-22T16:49:38:   0, 0, -348.674413972314, -4907.5306323526, 0.0458381292011122, 0, 0, -476410.019852859, 896267.440568216, 0, 0
2019-07-22T16:49:38:   0, 0, 0, 0, 0, 0, 0, 0, 0, 0, 0
2019-07-22T16:49:38:   0, 0, 0, 0, 0, 0, 0, 0, 0, 0, 0
2019-07-22T16:50:07: 
2019-07-22T16:50:07: +====================================+
2019-07-22T16:50:07: | Maximum likelihood re-optimisation |
2019-07-22T16:50:07: +====================================+
2019-07-22T16:50:07:  >Iteration   0: -logL=-298814.968, Lambda=1.0e-03
2019-07-22T16:50:08:  >Iteration   1: -logL=-299069.614, Lambda=1.0e-03, delta=254.646, step=1.0e+00, max(|grad|)=-1294.257807 [Prefactor:0]
2019-07-22T16:50:09:  >Iteration   2: -logL=-299075.438, Lambda=1.0e-04, delta=5.824, step=1.0e+00, max(|grad|)=-28.394479 [Prefactor:0]
2019-07-22T16:50:09:  >Iteration   3: -logL=-299075.449, Lambda=1.0e-05, delta=0.010, step=1.0e+00, max(|grad|)=-2.474838 [Index:1]
2019-07-22T16:50:10:  >Iteration   4: -logL=-299075.449, Lambda=1.0e-06, delta=0.000, step=1.0e+00, max(|grad|)=-0.121145 [Index:1]
2019-07-22T16:50:10: 
2019-07-22T16:50:10: +============================================+
2019-07-22T16:50:10: | Maximum likelihood re-optimisation results |
2019-07-22T16:50:10: +============================================+
2019-07-22T16:50:10: === GOptimizerLM ===
2019-07-22T16:50:10:  Optimized function value ..: -299075.449
2019-07-22T16:50:10:  Absolute precision ........: 0.005
2019-07-22T16:50:10:  Acceptable value decrease .: 2
2019-07-22T16:50:10:  Optimization status .......: converged
2019-07-22T16:50:10:  Number of parameters ......: 4
2019-07-22T16:50:10:  Number of free parameters .: 2
2019-07-22T16:50:10:  Number of iterations ......: 4
2019-07-22T16:50:10:  Lambda ....................: 1e-07
2019-07-22T16:50:10: 
2019-07-22T16:50:10: +=========================================+
2019-07-22T16:50:10: | Maximum likelihood optimisation results |
2019-07-22T16:50:10: +=========================================+
2019-07-22T16:50:10: === GOptimizerLM ===
2019-07-22T16:50:10:  Optimized function value ..: -307488.579
2019-07-22T16:50:10:  Absolute precision ........: 0.005
2019-07-22T16:50:10:  Acceptable value decrease .: 2
2019-07-22T16:50:10:  Optimization status .......: converged
2019-07-22T16:50:10:  Number of parameters ......: 11
2019-07-22T16:50:10:  Number of free parameters .: 5
2019-07-22T16:50:10:  Number of iterations ......: 4
2019-07-22T16:50:10:  Lambda ....................: 1e-07
2019-07-22T16:50:10:  Maximum log likelihood ....: 307488.579
2019-07-22T16:50:10:  Observed events  (Nobs) ...: 309598.000
2019-07-22T16:50:10:  Predicted events (Npred) ..: 307831.934 (Nobs - Npred = 1766.066132429)
2019-07-22T16:50:10: === GModels ===
2019-07-22T16:50:10:  Number of models ..........: 2
2019-07-22T16:50:10:  Number of parameters ......: 11
2019-07-22T16:50:10: === GModelSky ===
2019-07-22T16:50:10:  Name ......................: source3a
2019-07-22T16:50:10:  Instruments ...............: all
2019-07-22T16:50:10:  Test Statistic ............: 16826.2608390242
2019-07-22T16:50:10:  Observation identifiers ...: all
2019-07-22T16:50:10:  Model type ................: PointSource
2019-07-22T16:50:10:  Model components ..........: "PointSource" * "ExponentialCutoffPowerLaw" * "Constant"
2019-07-22T16:50:10:  Number of parameters ......: 7
2019-07-22T16:50:10:  Number of spatial par's ...: 2
2019-07-22T16:50:10:   RA .......................: 83.6331 [-360,360] deg (fixed,scale=1)
2019-07-22T16:50:10:   DEC ......................: 22.0145 [-90,90] deg (fixed,scale=1)
2019-07-22T16:50:10:  Number of spectral par's ..: 4
2019-07-22T16:50:10:   Prefactor ................: 7.69007341469732e-19 +/- 1.34352290942286e-20 [1e-26,1e-16] ph/cm2/s/MeV (free,scale=1e-19,gradient)
2019-07-22T16:50:10:   Index ....................: -2.02711130172483 +/- 0.0153488673601021 [-0,-5]  (free,scale=-1,gradient)
2019-07-22T16:50:10:   CutoffEnergy .............: 431355497.238517 +/- 335454028.486285 [1000000,100000000000] MeV (free,scale=100000000,gradient)
2019-07-22T16:50:10:   PivotEnergy ..............: 1000000 [10000,1000000000] MeV (fixed,scale=1000000,gradient)
2019-07-22T16:50:10:  Number of temporal par's ..: 1
2019-07-22T16:50:10:   Normalization ............: 1 (relative value) (fixed,scale=1,gradient)
2019-07-22T16:50:10:  Number of scale par's .....: 0
2019-07-22T16:50:10: === GCTAModelCubeBackground ===
2019-07-22T16:50:10:  Name ......................: BackgroundModel
2019-07-22T16:50:10:  Instruments ...............: CTA, HESS, MAGIC, VERITAS
2019-07-22T16:50:10:  Observation identifiers ...: all
2019-07-22T16:50:10:  Model type ................: "PowerLaw" * "Constant"
2019-07-22T16:50:10:  Number of parameters ......: 4
2019-07-22T16:50:10:  Number of spectral par's ..: 3
2019-07-22T16:50:10:   Prefactor ................: 0.992212645637091 +/- 0.004408793278794 [0.01,100] ph/cm2/s/MeV (free,scale=1,gradient)
2019-07-22T16:50:10:   Index ....................: -0.00407249343551781 +/- 0.0025693152324012 [-5,5]  (free,scale=1,gradient)
2019-07-22T16:50:10:   PivotEnergy ..............: 1000000 MeV (fixed,scale=1000000,gradient)
2019-07-22T16:50:10:  Number of temporal par's ..: 1
2019-07-22T16:50:10:   Normalization ............: 1 (relative value) (fixed,scale=1,gradient)
2019-07-22T16:50:10: 
2019-07-22T16:50:10: +==============+
2019-07-22T16:50:10: | Save results |
2019-07-22T16:50:10: +==============+
2019-07-22T16:50:10:  Model definition file .....: /cta/carli/CPPM_Internship/Simulations_and_Analyses/minus_gradient_AEff_South_z40_50h/source3a/obsmodel_binned.xml
2019-07-22T16:50:10:  Covariance matrix file ....: NONE
2019-07-22T16:50:10: 
2019-07-22T16:50:10: Application "ctlike" terminated after 181 wall clock seconds, consuming 187.24 seconds of CPU time.
