2019-07-25T09:10:33: ********************************************************************************
2019-07-25T09:10:33: *                                    cterror                                   *
2019-07-25T09:10:33: * ---------------------------------------------------------------------------- *
2019-07-25T09:10:33: * Version: 1.6.0                                                               *
2019-07-25T09:10:33: ********************************************************************************
2019-07-25T09:10:34: +============+
2019-07-25T09:10:34: | Parameters |
2019-07-25T09:10:34: +============+
2019-07-25T09:10:34:  inobs .....................: /cta/carli/CPPM_Internship/Simulations_and_Analyses/minus_step_AEff_South_z40_50h/source1a/obs_cube.fits
2019-07-25T09:10:34:  inmodel ...................: /cta/carli/CPPM_Internship/Simulations_and_Analyses/minus_step_AEff_South_z40_50h/source1a/obsmodel_binned.xml
2019-07-25T09:10:34:  srcname ...................: source1a
2019-07-25T09:10:34:  expcube ...................: /cta/carli/CPPM_Internship/Simulations_and_Analyses/minus_step_AEff_South_z40_50h/source1a/exposure_cube.fits
2019-07-25T09:10:34:  psfcube ...................: /cta/carli/CPPM_Internship/Simulations_and_Analyses/minus_step_AEff_South_z40_50h/source1a/PSF_cube.fits
2019-07-25T09:10:34:  edispcube .................: /cta/carli/CPPM_Internship/Simulations_and_Analyses/minus_step_AEff_South_z40_50h/source1a/edisp_cube.fits
2019-07-25T09:10:34:  bkgcube ...................: /cta/carli/CPPM_Internship/Simulations_and_Analyses/minus_step_AEff_South_z40_50h/source1a/background_cube.fits
2019-07-25T09:10:34:  caldb .....................: prod3b-v2
2019-07-25T09:10:34:  irf .......................: minus_step_AEff_South_z40_50h
2019-07-25T09:10:34:  edisp .....................: yes
2019-07-25T09:10:34:  outmodel ..................: 
2019-07-25T09:10:34:  confidence ................: 0.95
2019-07-25T09:10:34:  tol .......................: 1e-3
2019-07-25T09:10:34:  statistic .................: DEFAULT
2019-07-25T09:10:34:  like_accuracy .............: 0.005
2019-07-25T09:10:34:  max_iter ..................: 50
2019-07-25T09:10:34:  nthreads ..................: 0
2019-07-25T09:10:34:  chatter ...................: 4
2019-07-25T09:10:34:  clobber ...................: yes
2019-07-25T09:10:34:  debug .....................: no
2019-07-25T09:10:34:  mode ......................: ql
2019-07-25T09:10:34:  logfile ...................: cterror95.log
2019-07-25T09:10:34: 
2019-07-25T09:10:34: +===================+
2019-07-25T09:10:34: | Input observation |
2019-07-25T09:10:34: +===================+
2019-07-25T09:10:34: === GObservations ===
2019-07-25T09:10:34:  Number of observations ....: 1
2019-07-25T09:10:34:  Number of models ..........: 2
2019-07-25T09:10:34:  Number of observed events .: 309020
2019-07-25T09:10:34:  Number of predicted events : 0
2019-07-25T09:10:34: === GCTAObservation ===
2019-07-25T09:10:34:  Name ......................: 
2019-07-25T09:10:34:  Identifier ................: 000001
2019-07-25T09:10:34:  Instrument ................: CTA
2019-07-25T09:10:34:  Event file ................: /cta/carli/CPPM_Internship/Simulations_and_Analyses/minus_step_AEff_South_z40_50h/source1a/obs_cube.fits
2019-07-25T09:10:34:  Event type ................: CountsCube
2019-07-25T09:10:34:  Statistic .................: cstat
2019-07-25T09:10:34:  Ontime ....................: 144000 s
2019-07-25T09:10:34:  Livetime ..................: 141120 s
2019-07-25T09:10:34:  Deadtime correction .......: 0.98
2019-07-25T09:10:34:  User energy range .........: undefined
2019-07-25T09:10:34: === GCTAPointing ===
2019-07-25T09:10:34:  Pointing direction ........: (RA,Dec)=(84.1331,22.0145)
2019-07-25T09:10:34: === GCTAResponseCube ===
2019-07-25T09:10:34:  Energy dispersion .........: Used
2019-07-25T09:10:34: === GCTACubeExposure ===
2019-07-25T09:10:34:  Filename ..................: /cta/carli/CPPM_Internship/Simulations_and_Analyses/minus_step_AEff_South_z40_50h/source1a/exposure_cube.fits
2019-07-25T09:10:34:  Livetime ..................: 141120 sec
2019-07-25T09:10:34: === GEnergies ===
2019-07-25T09:10:34:  Number of energies ........: 33
2019-07-25T09:10:34: === GGti ===
2019-07-25T09:10:34:  Number of intervals .......: 1
2019-07-25T09:10:34:  Ontime ....................: 144000 sec
2019-07-25T09:10:34:  Elapsed time ..............: 144000 sec
2019-07-25T09:10:34:  MJD range .................: 51544.5 - 51546.1666666667 s (TT)
2019-07-25T09:10:34:  UTC range .................: 2000-01-01T11:58:56 - 2000-01-03T03:58:56 s (TT)
2019-07-25T09:10:34:  Reference MJD .............: 51544.5
2019-07-25T09:10:34: === GSkyMap ===
2019-07-25T09:10:34:  Number of pixels ..........: 6400
2019-07-25T09:10:34:  X axis dimension ..........: 80
2019-07-25T09:10:34:  Y axis dimension ..........: 80
2019-07-25T09:10:34:  Number of maps ............: 33
2019-07-25T09:10:34:  Shape of maps .............: (33)
2019-07-25T09:10:34: === GCTACubePsf ===
2019-07-25T09:10:34:  Filename ..................: /cta/carli/CPPM_Internship/Simulations_and_Analyses/minus_step_AEff_South_z40_50h/source1a/PSF_cube.fits
2019-07-25T09:10:34: === GEnergies ===
2019-07-25T09:10:34:  Number of energies ........: 33
2019-07-25T09:10:34:  Number of delta bins ......: 200
2019-07-25T09:10:34:  Delta range ...............: 1.875e-06 - 0.298501875 deg
2019-07-25T09:10:34: === GSkyMap ===
2019-07-25T09:10:34:  Number of pixels ..........: 1
2019-07-25T09:10:34:  X axis dimension ..........: 1
2019-07-25T09:10:34:  Y axis dimension ..........: 1
2019-07-25T09:10:34:  Number of maps ............: 6600
2019-07-25T09:10:34:  Shape of maps .............: (200, 33)
2019-07-25T09:10:34: === GCTACubeEdisp ===
2019-07-25T09:10:34:  Filename ..................: /cta/carli/CPPM_Internship/Simulations_and_Analyses/minus_step_AEff_South_z40_50h/source1a/edisp_cube.fits
2019-07-25T09:10:34: === GEnergies ===
2019-07-25T09:10:34:  Number of energies ........: 33
2019-07-25T09:10:34:  Number of migra bins ......: 100
2019-07-25T09:10:34:  Migra range ...............: 0.02 - 2
2019-07-25T09:10:34: === GSkyMap ===
2019-07-25T09:10:34:  Number of pixels ..........: 1
2019-07-25T09:10:34:  X axis dimension ..........: 1
2019-07-25T09:10:34:  Y axis dimension ..........: 1
2019-07-25T09:10:34:  Number of maps ............: 3300
2019-07-25T09:10:34:  Shape of maps .............: (100, 33)
2019-07-25T09:10:34: === GCTACubeBackground ===
2019-07-25T09:10:34:  Filename ..................: /cta/carli/CPPM_Internship/Simulations_and_Analyses/minus_step_AEff_South_z40_50h/source1a/background_cube.fits
2019-07-25T09:10:34: === GEbounds ===
2019-07-25T09:10:34:  Number of intervals .......: 32
2019-07-25T09:10:34:  Energy range ..............: 100 GeV - 199.526229858398 TeV
2019-07-25T09:10:34: === GSkyMap ===
2019-07-25T09:10:34:  Number of pixels ..........: 6400
2019-07-25T09:10:34:  X axis dimension ..........: 80
2019-07-25T09:10:34:  Y axis dimension ..........: 80
2019-07-25T09:10:34:  Number of maps ............: 32
2019-07-25T09:10:34:  Shape of maps .............: (32)
2019-07-25T09:10:34: === GCTAResponseCache ===
2019-07-25T09:10:34:  Number of cached values ...: 0
2019-07-25T09:10:34: === GCTAEventCube ===
2019-07-25T09:10:34:  Number of events ..........: 309020
2019-07-25T09:10:34:  Number of elements ........: 204800
2019-07-25T09:10:34:  Number of pixels ..........: 6400
2019-07-25T09:10:34:  Number of energy bins .....: 32
2019-07-25T09:10:34:  Time interval .............: 51544.5 - 51546.1666666667 days
2019-07-25T09:10:34:  Pointing ..................: (RA,Dec)=(84.1331,22.0145)
2019-07-25T09:10:34: === GEbounds ===
2019-07-25T09:10:34:  Number of intervals .......: 32
2019-07-25T09:10:34:  Energy range ..............: 100 GeV - 199.526229858398 TeV
2019-07-25T09:10:34: === GSkyMap ===
2019-07-25T09:10:34:  Number of pixels ..........: 6400
2019-07-25T09:10:34:  X axis dimension ..........: 80
2019-07-25T09:10:34:  Y axis dimension ..........: 80
2019-07-25T09:10:34:  Number of maps ............: 32
2019-07-25T09:10:34:  Shape of maps .............: (32)
2019-07-25T09:10:34: === GSkyRegions ===
2019-07-25T09:10:34:  Number of regions .........: 0
2019-07-25T09:10:34: === GModels ===
2019-07-25T09:10:34:  Number of models ..........: 2
2019-07-25T09:10:34:  Number of parameters ......: 11
2019-07-25T09:10:34: === GModelSky ===
2019-07-25T09:10:34:  Name ......................: source1a
2019-07-25T09:10:34:  Instruments ...............: all
2019-07-25T09:10:34:  Test Statistic ............: 13900.572
2019-07-25T09:10:34:  Observation identifiers ...: all
2019-07-25T09:10:34:  Model type ................: PointSource
2019-07-25T09:10:34:  Model components ..........: "PointSource" * "ExponentialCutoffPowerLaw" * "Constant"
2019-07-25T09:10:34:  Number of parameters ......: 7
2019-07-25T09:10:34:  Number of spatial par's ...: 2
2019-07-25T09:10:34:   RA .......................: 83.6331 [-360,360] deg (fixed,scale=1)
2019-07-25T09:10:34:   DEC ......................: 22.0145 [-90,90] deg (fixed,scale=1)
2019-07-25T09:10:34:  Number of spectral par's ..: 4
2019-07-25T09:10:34:   Prefactor ................: 7.32329661811514e-19 [1e-26,1e-16] ph/cm2/s/MeV (fixed,scale=1e-19,gradient)
2019-07-25T09:10:34:   Index ....................: -2.0518330777436 [-0,-5]  (fixed,scale=-1,gradient)
2019-07-25T09:10:34:   CutoffEnergy .............: 96362059.3121445 +/- 26676364.7072265 [100000,10000000000] MeV (free,scale=10000000,gradient)
2019-07-25T09:10:34:   PivotEnergy ..............: 1000000 [10000,1000000000] MeV (fixed,scale=1000000,gradient)
2019-07-25T09:10:34:  Number of temporal par's ..: 1
2019-07-25T09:10:34:   Normalization ............: 1 (relative value) (fixed,scale=1,gradient)
2019-07-25T09:10:34:  Number of scale par's .....: 0
2019-07-25T09:10:34: === GCTAModelCubeBackground ===
2019-07-25T09:10:34:  Name ......................: BackgroundModel
2019-07-25T09:10:34:  Instruments ...............: CTA, HESS, MAGIC, VERITAS
2019-07-25T09:10:34:  Observation identifiers ...: all
2019-07-25T09:10:34:  Model type ................: "PowerLaw" * "Constant"
2019-07-25T09:10:34:  Number of parameters ......: 4
2019-07-25T09:10:34:  Number of spectral par's ..: 3
2019-07-25T09:10:34:   Prefactor ................: 0.992648309727438 [0.01,100] ph/cm2/s/MeV (fixed,scale=1,gradient)
2019-07-25T09:10:34:   Index ....................: -0.00374192643919568 [-5,5]  (fixed,scale=1,gradient)
2019-07-25T09:10:34:   PivotEnergy ..............: 1000000 MeV (fixed,scale=1000000,gradient)
2019-07-25T09:10:34:  Number of temporal par's ..: 1
2019-07-25T09:10:34:   Normalization ............: 1 (relative value) (fixed,scale=1,gradient)
2019-07-25T09:10:34: 
2019-07-25T09:10:34: +=============================+
2019-07-25T09:10:34: | Compute best-fit likelihood |
2019-07-25T09:10:34: +=============================+
2019-07-25T09:12:06: === GOptimizerLM ===
2019-07-25T09:12:06:  Optimized function value ..: -306335.108
2019-07-25T09:12:06:  Absolute precision ........: 0.005
2019-07-25T09:12:06:  Acceptable value decrease .: 2
2019-07-25T09:12:06:  Optimization status .......: converged
2019-07-25T09:12:06:  Number of parameters ......: 11
2019-07-25T09:12:06:  Number of free parameters .: 1
2019-07-25T09:12:06:  Number of iterations ......: 1
2019-07-25T09:12:06:  Lambda ....................: 0.0001
2019-07-25T09:12:06:  Maximum log likelihood ....: -306335.108
2019-07-25T09:12:06: === GModels ===
2019-07-25T09:12:06:  Number of models ..........: 2
2019-07-25T09:12:06:  Number of parameters ......: 11
2019-07-25T09:12:06: === GModelSky ===
2019-07-25T09:12:06:  Name ......................: source1a
2019-07-25T09:12:06:  Instruments ...............: all
2019-07-25T09:12:06:  Test Statistic ............: 13900.572
2019-07-25T09:12:06:  Observation identifiers ...: all
2019-07-25T09:12:06:  Model type ................: PointSource
2019-07-25T09:12:06:  Model components ..........: "PointSource" * "ExponentialCutoffPowerLaw" * "Constant"
2019-07-25T09:12:06:  Number of parameters ......: 7
2019-07-25T09:12:06:  Number of spatial par's ...: 2
2019-07-25T09:12:06:   RA .......................: 83.6331 [-360,360] deg (fixed,scale=1)
2019-07-25T09:12:06:   DEC ......................: 22.0145 [-90,90] deg (fixed,scale=1)
2019-07-25T09:12:06:  Number of spectral par's ..: 4
2019-07-25T09:12:06:   Prefactor ................: 7.32329661811514e-19 [1e-26,1e-16] ph/cm2/s/MeV (fixed,scale=1e-19,gradient)
2019-07-25T09:12:06:   Index ....................: -2.0518330777436 [-0,-5]  (fixed,scale=-1,gradient)
2019-07-25T09:12:06:   CutoffEnergy .............: 96354293.7121703 +/- 17475642.5319761 [100000,10000000000] MeV (free,scale=10000000,gradient)
2019-07-25T09:12:06:   PivotEnergy ..............: 1000000 [10000,1000000000] MeV (fixed,scale=1000000,gradient)
2019-07-25T09:12:06:  Number of temporal par's ..: 1
2019-07-25T09:12:06:   Normalization ............: 1 (relative value) (fixed,scale=1,gradient)
2019-07-25T09:12:06:  Number of scale par's .....: 0
2019-07-25T09:12:06: === GCTAModelCubeBackground ===
2019-07-25T09:12:06:  Name ......................: BackgroundModel
2019-07-25T09:12:06:  Instruments ...............: CTA, HESS, MAGIC, VERITAS
2019-07-25T09:12:06:  Observation identifiers ...: all
2019-07-25T09:12:06:  Model type ................: "PowerLaw" * "Constant"
2019-07-25T09:12:06:  Number of parameters ......: 4
2019-07-25T09:12:06:  Number of spectral par's ..: 3
2019-07-25T09:12:06:   Prefactor ................: 0.992648309727438 [0.01,100] ph/cm2/s/MeV (fixed,scale=1,gradient)
2019-07-25T09:12:06:   Index ....................: -0.00374192643919568 [-5,5]  (fixed,scale=1,gradient)
2019-07-25T09:12:06:   PivotEnergy ..............: 1000000 MeV (fixed,scale=1000000,gradient)
2019-07-25T09:12:06:  Number of temporal par's ..: 1
2019-07-25T09:12:06:   Normalization ............: 1 (relative value) (fixed,scale=1,gradient)
2019-07-25T09:12:06: 
2019-07-25T09:12:06: +==============================================================+
2019-07-25T09:12:06: | Compute error for source "source1a" parameter "CutoffEnergy" |
2019-07-25T09:12:06: +==============================================================+
2019-07-25T09:12:06:  Confidence level ..........: 95 %
2019-07-25T09:12:06:  Log-likelihood difference .: 1.92073
2019-07-25T09:12:06:  Initial factor range ......: [0.01, 27.1110719031932]
2019-07-25T09:12:16:    Iteration 1 .............: [0.01, 9.63542937121703]
2019-07-25T09:12:26:    Iteration 2 .............: [4.82271468560852, 9.63542937121703]
2019-07-25T09:12:37:    Iteration 3 .............: [4.82271468560852, 7.22907202841278]
2019-07-25T09:12:47:    Iteration 4 .............: [6.02589335701065, 7.22907202841278]
2019-07-25T09:12:58:    Iteration 5 .............: [6.62748269271171, 7.22907202841278]
2019-07-25T09:13:08:    Iteration 6 .............: [6.92827736056224, 7.22907202841278]
2019-07-25T09:13:19:    Iteration 7 .............: [6.92827736056224, 7.07867469448751]
2019-07-25T09:13:29:    Iteration 8 .............: [7.00347602752488, 7.07867469448751]
2019-07-25T09:13:39:    Iteration 9 .............: [7.04107536100619, 7.07867469448751]
2019-07-25T09:13:50:    Iteration 10 ............: [7.05987502774685, 7.07867469448751]
2019-07-25T09:14:00:    Iteration 11 ............: [7.06927486111718, 7.07867469448751]
2019-07-25T09:14:11:    Iteration 12 ............: [7.06927486111718, 7.07397477780234]
2019-07-25T09:14:21:    Iteration 13 ............: [7.06927486111718, 7.07162481945976]
2019-07-25T09:14:32:    Iteration 1 .............: [9.63542937121703, 27.1110719031932]
2019-07-25T09:14:42:    Iteration 2 .............: [9.63542937121703, 18.3732506372051]
2019-07-25T09:14:52:    Iteration 3 .............: [14.0043400042111, 18.3732506372051]
2019-07-25T09:15:03:    Iteration 4 .............: [14.0043400042111, 16.1887953207081]
2019-07-25T09:15:13:    Iteration 5 .............: [14.0043400042111, 15.0965676624596]
2019-07-25T09:15:24:    Iteration 6 .............: [14.0043400042111, 14.5504538333353]
2019-07-25T09:15:34:    Iteration 7 .............: [14.2773969187732, 14.5504538333353]
2019-07-25T09:15:45:    Iteration 8 .............: [14.4139253760543, 14.5504538333353]
2019-07-25T09:15:55:    Iteration 9 .............: [14.4821896046948, 14.5504538333353]
2019-07-25T09:16:06:    Iteration 10 ............: [14.5163217190151, 14.5504538333353]
2019-07-25T09:16:16:    Iteration 11 ............: [14.5163217190151, 14.5333877761752]
2019-07-25T09:16:16:  Lower parameter factor ....: 7.07045
2019-07-25T09:16:16:  Upper parameter factor ....: 14.5249
2019-07-25T09:16:16:  Error from curvature ......: 17475642.5319761 MeV
2019-07-25T09:16:16:  Error from profile ........: 37272024.5365332 MeV
2019-07-25T09:16:16:  Negative profile error ....: 25649795.3092856 MeV
2019-07-25T09:16:16:  Positive profile error ....: 48894253.7637809 MeV
2019-07-25T09:16:16: 
2019-07-25T09:16:16: +==============+
2019-07-25T09:16:16: | Save results |
2019-07-25T09:16:16: +==============+
2019-07-25T09:16:16:  Model definition file .....: NONE
2019-07-25T09:16:16: 
2019-07-25T09:16:16: Application "cterror" terminated after 343 wall clock seconds, consuming 427.59 seconds of CPU time.
