2019-07-22T11:50:56: ********************************************************************************
2019-07-22T11:50:56: *                                   ctobssim                                   *
2019-07-22T11:50:56: * ---------------------------------------------------------------------------- *
2019-07-22T11:50:56: * Version: 1.6.0                                                               *
2019-07-22T11:50:56: ********************************************************************************
2019-07-22T11:50:56: +============+
2019-07-22T11:50:56: | Parameters |
2019-07-22T11:50:56: +============+
2019-07-22T11:50:56:  inobs .....................: NONE
2019-07-22T11:50:56:  inmodel ...................: /cta/carli/anaconda3/share/models/source1a.xml
2019-07-22T11:50:56:  caldb .....................: prod3b-v2
2019-07-22T11:50:56:  irf .......................: minus_step_AEff_South_z40_50h
2019-07-22T11:50:56:  edisp .....................: yes
2019-07-22T11:50:56:  outevents .................: /cta/carli/CPPM_Internship/Simulations_and_Analyses/minus_step_AEff_South_z40_50h/source1a/obs.fits
2019-07-22T11:50:56:  prefix ....................: sim_events_
2019-07-22T11:50:56:  startindex ................: 1
2019-07-22T11:50:56:  seed ......................: 1000
2019-07-22T11:50:56:  ra ........................: 84.1331
2019-07-22T11:50:56:  dec .......................: 22.0145
2019-07-22T11:50:56:  rad .......................: 0.8
2019-07-22T11:50:56:  tmin ......................: 0
2019-07-22T11:50:56:  tmax ......................: 144000
2019-07-22T11:50:56:  mjdref ....................: 51544.5
2019-07-22T11:50:56:  emin ......................: 0.1
2019-07-22T11:50:56:  emax ......................: 199.526229858398
2019-07-22T11:50:56:  deadc .....................: 0.98
2019-07-22T11:50:56:  maxrate ...................: 1.0e6
2019-07-22T11:50:56:  eslices ...................: 10
2019-07-22T11:50:56:  nthreads ..................: 0
2019-07-22T11:50:56:  publish ...................: no
2019-07-22T11:50:56:  chatter ...................: 4
2019-07-22T11:50:56:  clobber ...................: yes
2019-07-22T11:50:56:  debug .....................: no
2019-07-22T11:50:56:  mode ......................: ql
2019-07-22T11:50:56:  logfile ...................: ctobssim.log
2019-07-22T11:50:56: 
2019-07-22T11:50:56: +================+
2019-07-22T11:50:56: | Execution mode |
2019-07-22T11:50:56: +================+
2019-07-22T11:50:56:  Event list management .....: Save and dispose (reduces memory needs)
2019-07-22T11:50:56:  Output format .............: Write single event list FITS file
2019-07-22T11:50:56: 
2019-07-22T11:50:56: +=============+
2019-07-22T11:50:56: | Seed values |
2019-07-22T11:50:56: +=============+
2019-07-22T11:50:56:  Seed 0 ....................: 6233869624
2019-07-22T11:50:56: 
2019-07-22T11:50:56: +===================+
2019-07-22T11:50:56: | Input observation |
2019-07-22T11:50:56: +===================+
2019-07-22T11:50:57: === GObservations ===
2019-07-22T11:50:57:  Number of observations ....: 1
2019-07-22T11:50:57:  Number of models ..........: 2
2019-07-22T11:50:57:  Number of observed events .: 0
2019-07-22T11:50:57:  Number of predicted events : 0
2019-07-22T11:50:57: === GCTAObservation ===
2019-07-22T11:50:57:  Name ......................: 
2019-07-22T11:50:57:  Identifier ................: 
2019-07-22T11:50:57:  Instrument ................: CTA
2019-07-22T11:50:57:  Event file ................: 
2019-07-22T11:50:57:  Event type ................: EventList
2019-07-22T11:50:57:  Statistic .................: cstat
2019-07-22T11:50:57:  Ontime ....................: 144000 s
2019-07-22T11:50:57:  Livetime ..................: 141120 s
2019-07-22T11:50:57:  Deadtime correction .......: 0.98
2019-07-22T11:50:57:  User energy range .........: undefined
2019-07-22T11:50:57: === GCTAPointing ===
2019-07-22T11:50:57:  Pointing direction ........: (RA,Dec)=(84.1331,22.0145)
2019-07-22T11:50:57: === GCTAResponseIrf ===
2019-07-22T11:50:57:  Caldb mission .............: cta
2019-07-22T11:50:57:  Caldb instrument ..........: prod3b-v2
2019-07-22T11:50:57:  Response name .............: minus_step_AEff_South_z40_50h
2019-07-22T11:50:57:  Energy dispersion .........: Used
2019-07-22T11:50:57:  Safe energy range .........: undefined
2019-07-22T11:50:57: === GCaldb ===
2019-07-22T11:50:57:  Database root .............: /cta/carli/anaconda3/share/caldb
2019-07-22T11:50:57:  Selected Mission ..........: CTA
2019-07-22T11:50:57:  Selected Instrument .......: PROD3B-V2
2019-07-22T11:50:57:  Calibration Index File ....: /cta/carli/anaconda3/share/caldb/data/cta/prod3b-v2/caldb.indx
2019-07-22T11:50:57:  Number of entries .........: 240
2019-07-22T11:50:57: === GCTAAeff2D ===
2019-07-22T11:50:57:  Filename ..................: /cta/carli/anaconda3/share/caldb/data/cta/prod3b-v2/bcf/minus_step_AEff_South_z40_50h/irf_file.fits
2019-07-22T11:50:57:  Number of energy bins .....: 42
2019-07-22T11:50:57:  Number of offset bins .....: 6
2019-07-22T11:50:57:  Log10(Energy) range .......: 0.0125892544165254 - 199.526229858398 TeV
2019-07-22T11:50:57:  Offset angle range ........: 0 - 6 deg
2019-07-22T11:50:57:  Lower energy threshold ....: not specified
2019-07-22T11:50:57:  Upper energy threshold ....: not specified
2019-07-22T11:50:57:  Radius cut ................: none
2019-07-22T11:50:57: === GCTAPsf2D ===
2019-07-22T11:50:57:  Filename ..................: /cta/carli/anaconda3/share/caldb/data/cta/prod3b-v2/bcf/minus_step_AEff_South_z40_50h/irf_file.fits
2019-07-22T11:50:57:  Number of energy bins .....: 25
2019-07-22T11:50:57:  Number of offset bins .....: 6
2019-07-22T11:50:57:  Log10(Energy) range .......: 0.0125892544165254 - 1258.92541503906 TeV
2019-07-22T11:50:57:  Offset angle range ........: 0 - 6 deg
2019-07-22T11:50:57: === GCTAEdisp2D ===
2019-07-22T11:50:57:  Filename ..................: /cta/carli/anaconda3/share/caldb/data/cta/prod3b-v2/bcf/minus_step_AEff_South_z40_50h/irf_file.fits
2019-07-22T11:50:57:  Number of energy bins .....: 500
2019-07-22T11:50:57:  Number of migration bins ..: 300
2019-07-22T11:50:57:  Number of offset bins .....: 6
2019-07-22T11:50:57:  Log10(Energy) range .......: 0.00501187238842249 - 501.187225341797 TeV
2019-07-22T11:50:57:  Migration range ...........: 0 - 3
2019-07-22T11:50:57:  Offset angle range ........: 0 - 6 deg
2019-07-22T11:50:57: === GCTABackground3D ===
2019-07-22T11:50:57:  Filename ..................: /cta/carli/anaconda3/share/caldb/data/cta/prod3b-v2/bcf/minus_step_AEff_South_z40_50h/irf_file.fits
2019-07-22T11:50:57:  Number of DETX bins .......: 36
2019-07-22T11:50:57:  Number of DETY bins .......: 36
2019-07-22T11:50:57:  Number of energy bins .....: 21
2019-07-22T11:50:57:  DETX range ................: -6 - 6 deg
2019-07-22T11:50:57:  DETX range ................: -6 - 6 deg
2019-07-22T11:50:57:  Energy range ..............: 0.0125892544165254 - 199.526229858398 TeV
2019-07-22T11:50:57: === GCTAResponseCache ===
2019-07-22T11:50:57:  Number of cached values ...: 0
2019-07-22T11:50:57: === GCTAResponseCache ===
2019-07-22T11:50:57:  Number of cached values ...: 0
2019-07-22T11:50:57: === GCTAEventList ===
2019-07-22T11:50:57:  Number of events ..........: 0 (disposed without possibility to recover)
2019-07-22T11:50:57:  Time interval .............: 51544.5 - 51546.1666666667 days
2019-07-22T11:50:57: === GEbounds ===
2019-07-22T11:50:57:  Number of intervals .......: 1
2019-07-22T11:50:57:  Energy range ..............: 100 GeV - 199.526229858398 TeV
2019-07-22T11:50:57: === GCTARoi ===
2019-07-22T11:50:57:  RoI centre ................: RA=84.1331, DEC=22.0145 [0,0]
2019-07-22T11:50:57:  RoI radius ................: 0.8 deg
2019-07-22T11:50:57: === GSkyRegions ===
2019-07-22T11:50:57:  Number of regions .........: 0
2019-07-22T11:50:57: === GModels ===
2019-07-22T11:50:57:  Number of models ..........: 2
2019-07-22T11:50:57:  Number of parameters ......: 11
2019-07-22T11:50:57: === GModelSky ===
2019-07-22T11:50:57:  Name ......................: source1a
2019-07-22T11:50:57:  Instruments ...............: all
2019-07-22T11:50:57:  Test Statistic ............: Computation requested
2019-07-22T11:50:57:  Observation identifiers ...: all
2019-07-22T11:50:57:  Model type ................: PointSource
2019-07-22T11:50:57:  Model components ..........: "PointSource" * "ExponentialCutoffPowerLaw" * "Constant"
2019-07-22T11:50:57:  Number of parameters ......: 7
2019-07-22T11:50:57:  Number of spatial par's ...: 2
2019-07-22T11:50:57:   RA .......................: 83.6331 [-360,360] deg (fixed,scale=1)
2019-07-22T11:50:57:   DEC ......................: 22.0145 [-90,90] deg (fixed,scale=1)
2019-07-22T11:50:57:  Number of spectral par's ..: 4
2019-07-22T11:50:57:   Prefactor ................: 7.6e-19 +/- 0 [1e-26,1e-16] ph/cm2/s/MeV (free,scale=1e-19,gradient)
2019-07-22T11:50:57:   Index ....................: -2 +/- 0 [-0,-5]  (free,scale=-1,gradient)
2019-07-22T11:50:57:   CutoffEnergy .............: 50000000 +/- 0 [100000,10000000000] MeV (free,scale=10000000,gradient)
2019-07-22T11:50:57:   PivotEnergy ..............: 1000000 [10000,1000000000] MeV (fixed,scale=1000000,gradient)
2019-07-22T11:50:57:  Number of temporal par's ..: 1
2019-07-22T11:50:57:   Normalization ............: 1 (relative value) (fixed,scale=1,gradient)
2019-07-22T11:50:57:  Number of scale par's .....: 0
2019-07-22T11:50:57: === GCTAModelIrfBackground ===
2019-07-22T11:50:57:  Name ......................: CTABackgroundModel
2019-07-22T11:50:57:  Instruments ...............: CTA
2019-07-22T11:50:57:  Test Statistic ............: Computation requested
2019-07-22T11:50:57:  Observation identifiers ...: all
2019-07-22T11:50:57:  Model type ................: "PowerLaw" * "Constant"
2019-07-22T11:50:57:  Number of parameters ......: 4
2019-07-22T11:50:57:  Number of spectral par's ..: 3
2019-07-22T11:50:57:   Prefactor ................: 1 +/- 0 [0.001,1000] ph/cm2/s/MeV (free,scale=1,gradient)
2019-07-22T11:50:57:   Index ....................: 0 +/- 0 [-5,5]  (free,scale=1,gradient)
2019-07-22T11:50:57:   PivotEnergy ..............: 1000000 [10000,1000000000] MeV (fixed,scale=1000000,gradient)
2019-07-22T11:50:57:  Number of temporal par's ..: 1
2019-07-22T11:50:57:   Normalization ............: 1 (relative value) (fixed,scale=1,gradient)
2019-07-22T11:50:57: 
2019-07-22T11:50:57: +======================+
2019-07-22T11:50:57: | Simulate observation |
2019-07-22T11:50:57: +======================+
2019-07-22T11:50:57: === CTA observation ===
2019-07-22T11:50:57:  Simulation cone ...........: RA=84.1331 deg, Dec=22.0145 deg, radius=1.3 deg
2019-07-22T11:50:57:  Time interval .............: 0 - 144000 s
2019-07-22T11:50:57:  Photon energy range .......: 41.1040776139221 GeV - 509.274482994276 GeV
2019-07-22T11:50:57:  Event energy range ........: 100 GeV - 213.796208774656 GeV
2019-07-22T11:50:57:   Simulation area ..........: 1.18516e+10 cm2
2019-07-22T11:50:57:   Use model ................: source1a
2019-07-22T11:50:57:   Normalization ............: 1 [source1a]
2019-07-22T11:50:57:   Flux .....................: 1.69591e-11 [source1a] photons/cm2/s
2019-07-22T11:50:57:   Normalized flux ..........: 1.69591e-11 [source1a] photons/cm2/s
2019-07-22T11:50:57:   Photon rate ..............: 0.200992 photons/s [source1a]
2019-07-22T11:50:57:   Time slice ...............: 0 - 144000 s [source1a]
2019-07-22T11:50:57:   MC source photons/slice ..: 29121 [source1a]
2019-07-22T11:50:57:   MC source photons ........: 29121 [source1a]
2019-07-22T11:50:57:   MC source events .........: 1149 [source1a]
2019-07-22T11:50:57:   MC source events .........: 1149 (all source models)
2019-07-22T11:50:57:  Photon energy range .......: 100.88253715168 GeV - 860.678033986988 GeV
2019-07-22T11:50:57:  Event energy range ........: 213.796208774656 GeV - 457.088188864163 GeV
2019-07-22T11:50:57:   Simulation area ..........: 1.77874e+10 cm2
2019-07-22T11:50:57:   Use model ................: source1a
2019-07-22T11:50:57:   Normalization ............: 1 [source1a]
2019-07-22T11:50:57:   Flux .....................: 6.61803e-12 [source1a] photons/cm2/s
2019-07-22T11:50:57:   Normalized flux ..........: 6.61803e-12 [source1a] photons/cm2/s
2019-07-22T11:50:57:   Photon rate ..............: 0.117717 photons/s [source1a]
2019-07-22T11:50:57:   Time slice ...............: 0 - 144000 s [source1a]
2019-07-22T11:50:57:   MC source photons/slice ..: 17017 [source1a]
2019-07-22T11:50:57:   MC source photons ........: 17017 [source1a]
2019-07-22T11:50:57:   MC source events .........: 1089 [source1a]
2019-07-22T11:50:57:   MC source events .........: 1089 (all source models)
2019-07-22T11:50:57:  Photon energy range .......: 265.018144252 GeV - 1.57081442112741 TeV
2019-07-22T11:50:57:  Event energy range ........: 457.088188864163 GeV - 977.237218548317 GeV
2019-07-22T11:50:57:   Simulation area ..........: 3.43669e+10 cm2
2019-07-22T11:50:57:   Use model ................: source1a
2019-07-22T11:50:57:   Normalization ............: 1 [source1a]
2019-07-22T11:50:57:   Flux .....................: 2.35705e-12 [source1a] photons/cm2/s
2019-07-22T11:50:57:   Normalized flux ..........: 2.35705e-12 [source1a] photons/cm2/s
2019-07-22T11:50:57:   Photon rate ..............: 0.0810046 photons/s [source1a]
2019-07-22T11:50:57:   Time slice ...............: 0 - 144000 s [source1a]
2019-07-22T11:50:57:   MC source photons/slice ..: 11592 [source1a]
2019-07-22T11:50:57:   MC source photons ........: 11592 [source1a]
2019-07-22T11:50:57:   MC source events .........: 815 [source1a]
2019-07-22T11:50:57:   MC source events .........: 815 (all source models)
2019-07-22T11:50:57:  Photon energy range .......: 625.275670425715 GeV - 3.04099144442538 TeV
2019-07-22T11:50:57:  Event energy range ........: 977.237218548317 GeV - 2.0892961239912 TeV
2019-07-22T11:50:57:   Simulation area ..........: 5.37258e+10 cm2
2019-07-22T11:50:57:   Use model ................: source1a
2019-07-22T11:50:57:   Normalization ............: 1 [source1a]
2019-07-22T11:50:57:   Flux .....................: 9.41867e-13 [source1a] photons/cm2/s
2019-07-22T11:50:57:   Normalized flux ..........: 9.41867e-13 [source1a] photons/cm2/s
2019-07-22T11:50:57:   Photon rate ..............: 0.0506026 photons/s [source1a]
2019-07-22T11:50:57:   Time slice ...............: 0 - 144000 s [source1a]
2019-07-22T11:50:57:   MC source photons/slice ..: 7433 [source1a]
2019-07-22T11:50:57:   MC source photons ........: 7433 [source1a]
2019-07-22T11:50:57:   MC source events .........: 861 [source1a]
2019-07-22T11:50:57:   MC source events .........: 861 (all source models)
2019-07-22T11:50:57:  Photon energy range .......: 1.52598487124743 TeV - 6.09062686094979 TeV
2019-07-22T11:50:57:  Event energy range ........: 2.0892961239912 TeV - 4.46683590316902 TeV
2019-07-22T11:50:57:   Simulation area ..........: 7.24914e+10 cm2
2019-07-22T11:50:57:   Use model ................: source1a
2019-07-22T11:50:57:   Normalization ............: 1 [source1a]
2019-07-22T11:50:57:   Flux .....................: 3.52895e-13 [source1a] photons/cm2/s
2019-07-22T11:50:57:   Normalized flux ..........: 3.52895e-13 [source1a] photons/cm2/s
2019-07-22T11:50:57:   Photon rate ..............: 0.0255819 photons/s [source1a]
2019-07-22T11:50:57:   Time slice ...............: 0 - 144000 s [source1a]
2019-07-22T11:50:57:   MC source photons/slice ..: 3695 [source1a]
2019-07-22T11:50:57:   MC source photons ........: 3695 [source1a]
2019-07-22T11:50:57:   MC source events .........: 601 [source1a]
2019-07-22T11:50:57:   MC source events .........: 601 (all source models)
2019-07-22T11:50:57:  Photon energy range .......: 3.46329780546817 TeV - 13.5112010225502 TeV
2019-07-22T11:50:57:  Event energy range ........: 4.46683590316902 TeV - 9.54992581316053 TeV
2019-07-22T11:50:57:   Simulation area ..........: 9.10029e+10 cm2
2019-07-22T11:50:57:   Use model ................: source1a
2019-07-22T11:50:57:   Normalization ............: 1 [source1a]
2019-07-22T11:50:57:   Flux .....................: 1.43948e-13 [source1a] photons/cm2/s
2019-07-22T11:50:57:   Normalized flux ..........: 1.43948e-13 [source1a] photons/cm2/s
2019-07-22T11:50:57:   Photon rate ..............: 0.0130996 photons/s [source1a]
2019-07-22T11:50:57:   Time slice ...............: 0 - 144000 s [source1a]
2019-07-22T11:50:57:   MC source photons/slice ..: 1847 [source1a]
2019-07-22T11:50:57:   MC source photons ........: 1847 [source1a]
2019-07-22T11:50:57:   MC source events .........: 386 [source1a]
2019-07-22T11:50:57:   MC source events .........: 386 (all source models)
2019-07-22T11:50:57:  Photon energy range .......: 7.57686977261953 TeV - 27.092165885067 TeV
2019-07-22T11:50:57:  Event energy range ........: 9.54992581316053 TeV - 20.4173793293294 TeV
2019-07-22T11:50:57:   Simulation area ..........: 1.17786e+11 cm2
2019-07-22T11:50:57:   Use model ................: source1a
2019-07-22T11:50:57:   Normalization ............: 1 [source1a]
2019-07-22T11:50:57:   Flux .....................: 5.55397e-14 [source1a] photons/cm2/s
2019-07-22T11:50:57:   Normalized flux ..........: 5.55397e-14 [source1a] photons/cm2/s
2019-07-22T11:50:57:   Photon rate ..............: 0.00654181 photons/s [source1a]
2019-07-22T11:50:57:   Time slice ...............: 0 - 144000 s [source1a]
2019-07-22T11:50:57:   MC source photons/slice ..: 917 [source1a]
2019-07-22T11:50:57:   MC source photons ........: 917 [source1a]
2019-07-22T11:50:57:   MC source events .........: 186 [source1a]
2019-07-22T11:50:57:   MC source events .........: 186 (all source models)
2019-07-22T11:50:57:  Photon energy range .......: 15.830324777243 TeV - 56.4077240740645 TeV
2019-07-22T11:50:57:  Event energy range ........: 20.4173793293294 TeV - 43.6515829372465 TeV
2019-07-22T11:50:57:   Simulation area ..........: 1.22909e+11 cm2
2019-07-22T11:50:57:   Use model ................: source1a
2019-07-22T11:50:57:   Normalization ............: 1 [source1a]
2019-07-22T11:50:57:   Flux .....................: 2.01563e-14 [source1a] photons/cm2/s
2019-07-22T11:50:57:   Normalized flux ..........: 2.01563e-14 [source1a] photons/cm2/s
2019-07-22T11:50:57:   Photon rate ..............: 0.00247739 photons/s [source1a]
2019-07-22T11:50:57:   Time slice ...............: 0 - 144000 s [source1a]
2019-07-22T11:50:57:   MC source photons/slice ..: 363 [source1a]
2019-07-22T11:50:57:   MC source photons ........: 363 [source1a]
2019-07-22T11:50:57:   MC source events .........: 87 [source1a]
2019-07-22T11:50:57:   MC source events .........: 87 (all source models)
2019-07-22T11:50:57:  Photon energy range .......: 34.3839906563315 TeV - 116.046716746149 TeV
2019-07-22T11:50:57:  Event energy range ........: 43.6515829372465 TeV - 93.3254293899579 TeV
2019-07-22T11:50:57:   Simulation area ..........: 1.51646e+11 cm2
2019-07-22T11:50:57:   Use model ................: source1a
2019-07-22T11:50:57:   Normalization ............: 1 [source1a]
2019-07-22T11:50:57:   Flux .....................: 5.13346e-15 [source1a] photons/cm2/s
2019-07-22T11:50:57:   Normalized flux ..........: 5.13346e-15 [source1a] photons/cm2/s
2019-07-22T11:50:57:   Photon rate ..............: 0.000778469 photons/s [source1a]
2019-07-22T11:50:57:   Time slice ...............: 0 - 144000 s [source1a]
2019-07-22T11:50:57:   MC source photons/slice ..: 111 [source1a]
2019-07-22T11:50:57:   MC source photons ........: 111 [source1a]
2019-07-22T11:50:57:   MC source events .........: 29 [source1a]
2019-07-22T11:50:57:   MC source events .........: 29 (all source models)
2019-07-22T11:50:57:  Photon energy range .......: 79.1906822067056 TeV - 239.08155027665 TeV
2019-07-22T11:50:57:  Event energy range ........: 93.3254293899579 TeV - 199.526229858398 TeV
2019-07-22T11:50:57:   Simulation area ..........: 1.67706e+11 cm2
2019-07-22T11:50:57:   Use model ................: source1a
2019-07-22T11:50:57:   Normalization ............: 1 [source1a]
2019-07-22T11:50:57:   Flux .....................: 6.21816e-16 [source1a] photons/cm2/s
2019-07-22T11:50:57:   Normalized flux ..........: 6.21816e-16 [source1a] photons/cm2/s
2019-07-22T11:50:57:   Photon rate ..............: 0.000104282 photons/s [source1a]
2019-07-22T11:50:57:   Time slice ...............: 0 - 144000 s [source1a]
2019-07-22T11:50:57:   MC source photons/slice ..: 8 [source1a]
2019-07-22T11:50:57:   MC source photons ........: 8 [source1a]
2019-07-22T11:50:57:   MC source events .........: 4 [source1a]
2019-07-22T11:50:57:   MC source events .........: 4 (all source models)
2019-07-22T11:50:57:  MC source photons .........: 72104 [source1a]
2019-07-22T11:50:57:  MC source events ..........: 5207 [source1a]
2019-07-22T11:51:12:  MC events outside ROI .....: 0
2019-07-22T11:51:12:  MC background events ......: 303815
2019-07-22T11:51:12:  MC identifier 1 ...........: source1a
2019-07-22T11:51:12:  MC identifier 2 ...........: CTABackgroundModel
2019-07-22T11:51:12:  MC events .................: 309022 (all models)
2019-07-22T11:51:14: 
2019-07-22T11:51:14: +==================+
2019-07-22T11:51:14: | Save observation |
2019-07-22T11:51:14: +==================+
2019-07-22T11:51:14: 
2019-07-22T11:51:14: Application "ctobssim" terminated after 18 wall clock seconds, consuming 16.96 seconds of CPU time.
