2019-07-25T13:30:38: ********************************************************************************
2019-07-25T13:30:38: *                                    cterror                                   *
2019-07-25T13:30:38: * ---------------------------------------------------------------------------- *
2019-07-25T13:30:38: * Version: 1.6.0                                                               *
2019-07-25T13:30:38: ********************************************************************************
2019-07-25T13:30:39: +============+
2019-07-25T13:30:39: | Parameters |
2019-07-25T13:30:39: +============+
2019-07-25T13:30:39:  inobs .....................: /cta/carli/CPPM_Internship/Simulations_and_Analyses/plus_constant_EDisp_South_z40_50h/source1a/obs_cube.fits
2019-07-25T13:30:39:  inmodel ...................: /cta/carli/CPPM_Internship/Simulations_and_Analyses/plus_constant_EDisp_South_z40_50h/source1a/obsmodel_binned.xml
2019-07-25T13:30:39:  srcname ...................: source1a
2019-07-25T13:30:39:  expcube ...................: /cta/carli/CPPM_Internship/Simulations_and_Analyses/plus_constant_EDisp_South_z40_50h/source1a/exposure_cube.fits
2019-07-25T13:30:39:  psfcube ...................: /cta/carli/CPPM_Internship/Simulations_and_Analyses/plus_constant_EDisp_South_z40_50h/source1a/PSF_cube.fits
2019-07-25T13:30:39:  edispcube .................: /cta/carli/CPPM_Internship/Simulations_and_Analyses/plus_constant_EDisp_South_z40_50h/source1a/edisp_cube.fits
2019-07-25T13:30:39:  bkgcube ...................: /cta/carli/CPPM_Internship/Simulations_and_Analyses/plus_constant_EDisp_South_z40_50h/source1a/background_cube.fits
2019-07-25T13:30:39:  caldb .....................: prod3b-v2
2019-07-25T13:30:39:  irf .......................: plus_constant_EDisp_South_z40_50h
2019-07-25T13:30:39:  edisp .....................: yes
2019-07-25T13:30:39:  outmodel ..................: 
2019-07-25T13:30:39:  confidence ................: 0.68
2019-07-25T13:30:39:  tol .......................: 1e-3
2019-07-25T13:30:39:  statistic .................: DEFAULT
2019-07-25T13:30:39:  like_accuracy .............: 0.005
2019-07-25T13:30:39:  max_iter ..................: 50
2019-07-25T13:30:39:  nthreads ..................: 0
2019-07-25T13:30:39:  chatter ...................: 4
2019-07-25T13:30:39:  clobber ...................: yes
2019-07-25T13:30:39:  debug .....................: no
2019-07-25T13:30:39:  mode ......................: ql
2019-07-25T13:30:39:  logfile ...................: cterror68.log
2019-07-25T13:30:39: 
2019-07-25T13:30:39: +===================+
2019-07-25T13:30:39: | Input observation |
2019-07-25T13:30:39: +===================+
2019-07-25T13:30:39: === GObservations ===
2019-07-25T13:30:39:  Number of observations ....: 1
2019-07-25T13:30:39:  Number of models ..........: 2
2019-07-25T13:30:39:  Number of observed events .: 309305
2019-07-25T13:30:39:  Number of predicted events : 0
2019-07-25T13:30:39: === GCTAObservation ===
2019-07-25T13:30:39:  Name ......................: 
2019-07-25T13:30:39:  Identifier ................: 000001
2019-07-25T13:30:39:  Instrument ................: CTA
2019-07-25T13:30:39:  Event file ................: /cta/carli/CPPM_Internship/Simulations_and_Analyses/plus_constant_EDisp_South_z40_50h/source1a/obs_cube.fits
2019-07-25T13:30:39:  Event type ................: CountsCube
2019-07-25T13:30:39:  Statistic .................: cstat
2019-07-25T13:30:39:  Ontime ....................: 144000 s
2019-07-25T13:30:39:  Livetime ..................: 141120 s
2019-07-25T13:30:39:  Deadtime correction .......: 0.98
2019-07-25T13:30:39:  User energy range .........: undefined
2019-07-25T13:30:39: === GCTAPointing ===
2019-07-25T13:30:39:  Pointing direction ........: (RA,Dec)=(84.1331,22.0145)
2019-07-25T13:30:39: === GCTAResponseCube ===
2019-07-25T13:30:39:  Energy dispersion .........: Used
2019-07-25T13:30:39: === GCTACubeExposure ===
2019-07-25T13:30:39:  Filename ..................: /cta/carli/CPPM_Internship/Simulations_and_Analyses/plus_constant_EDisp_South_z40_50h/source1a/exposure_cube.fits
2019-07-25T13:30:39:  Livetime ..................: 141120 sec
2019-07-25T13:30:39: === GEnergies ===
2019-07-25T13:30:39:  Number of energies ........: 33
2019-07-25T13:30:39: === GGti ===
2019-07-25T13:30:39:  Number of intervals .......: 1
2019-07-25T13:30:39:  Ontime ....................: 144000 sec
2019-07-25T13:30:39:  Elapsed time ..............: 144000 sec
2019-07-25T13:30:39:  MJD range .................: 51544.5 - 51546.1666666667 s (TT)
2019-07-25T13:30:39:  UTC range .................: 2000-01-01T11:58:56 - 2000-01-03T03:58:56 s (TT)
2019-07-25T13:30:39:  Reference MJD .............: 51544.5
2019-07-25T13:30:39: === GSkyMap ===
2019-07-25T13:30:39:  Number of pixels ..........: 6400
2019-07-25T13:30:39:  X axis dimension ..........: 80
2019-07-25T13:30:39:  Y axis dimension ..........: 80
2019-07-25T13:30:39:  Number of maps ............: 33
2019-07-25T13:30:39:  Shape of maps .............: (33)
2019-07-25T13:30:39: === GCTACubePsf ===
2019-07-25T13:30:39:  Filename ..................: /cta/carli/CPPM_Internship/Simulations_and_Analyses/plus_constant_EDisp_South_z40_50h/source1a/PSF_cube.fits
2019-07-25T13:30:39: === GEnergies ===
2019-07-25T13:30:39:  Number of energies ........: 33
2019-07-25T13:30:39:  Number of delta bins ......: 200
2019-07-25T13:30:39:  Delta range ...............: 1.875e-06 - 0.298501875 deg
2019-07-25T13:30:39: === GSkyMap ===
2019-07-25T13:30:39:  Number of pixels ..........: 1
2019-07-25T13:30:39:  X axis dimension ..........: 1
2019-07-25T13:30:39:  Y axis dimension ..........: 1
2019-07-25T13:30:39:  Number of maps ............: 6600
2019-07-25T13:30:39:  Shape of maps .............: (200, 33)
2019-07-25T13:30:39: === GCTACubeEdisp ===
2019-07-25T13:30:39:  Filename ..................: /cta/carli/CPPM_Internship/Simulations_and_Analyses/plus_constant_EDisp_South_z40_50h/source1a/edisp_cube.fits
2019-07-25T13:30:39: === GEnergies ===
2019-07-25T13:30:39:  Number of energies ........: 33
2019-07-25T13:30:39:  Number of migra bins ......: 100
2019-07-25T13:30:39:  Migra range ...............: 0.02 - 2
2019-07-25T13:30:39: === GSkyMap ===
2019-07-25T13:30:39:  Number of pixels ..........: 1
2019-07-25T13:30:39:  X axis dimension ..........: 1
2019-07-25T13:30:39:  Y axis dimension ..........: 1
2019-07-25T13:30:39:  Number of maps ............: 3300
2019-07-25T13:30:39:  Shape of maps .............: (100, 33)
2019-07-25T13:30:39: === GCTACubeBackground ===
2019-07-25T13:30:39:  Filename ..................: /cta/carli/CPPM_Internship/Simulations_and_Analyses/plus_constant_EDisp_South_z40_50h/source1a/background_cube.fits
2019-07-25T13:30:39: === GEbounds ===
2019-07-25T13:30:39:  Number of intervals .......: 32
2019-07-25T13:30:39:  Energy range ..............: 100 GeV - 199.526229858398 TeV
2019-07-25T13:30:39: === GSkyMap ===
2019-07-25T13:30:39:  Number of pixels ..........: 6400
2019-07-25T13:30:39:  X axis dimension ..........: 80
2019-07-25T13:30:39:  Y axis dimension ..........: 80
2019-07-25T13:30:39:  Number of maps ............: 32
2019-07-25T13:30:39:  Shape of maps .............: (32)
2019-07-25T13:30:39: === GCTAResponseCache ===
2019-07-25T13:30:39:  Number of cached values ...: 0
2019-07-25T13:30:39: === GCTAEventCube ===
2019-07-25T13:30:39:  Number of events ..........: 309305
2019-07-25T13:30:39:  Number of elements ........: 204800
2019-07-25T13:30:39:  Number of pixels ..........: 6400
2019-07-25T13:30:39:  Number of energy bins .....: 32
2019-07-25T13:30:39:  Time interval .............: 51544.5 - 51546.1666666667 days
2019-07-25T13:30:39:  Pointing ..................: (RA,Dec)=(84.1331,22.0145)
2019-07-25T13:30:39: === GEbounds ===
2019-07-25T13:30:39:  Number of intervals .......: 32
2019-07-25T13:30:39:  Energy range ..............: 100 GeV - 199.526229858398 TeV
2019-07-25T13:30:39: === GSkyMap ===
2019-07-25T13:30:39:  Number of pixels ..........: 6400
2019-07-25T13:30:39:  X axis dimension ..........: 80
2019-07-25T13:30:39:  Y axis dimension ..........: 80
2019-07-25T13:30:39:  Number of maps ............: 32
2019-07-25T13:30:39:  Shape of maps .............: (32)
2019-07-25T13:30:39: === GSkyRegions ===
2019-07-25T13:30:39:  Number of regions .........: 0
2019-07-25T13:30:39: === GModels ===
2019-07-25T13:30:39:  Number of models ..........: 2
2019-07-25T13:30:39:  Number of parameters ......: 11
2019-07-25T13:30:39: === GModelSky ===
2019-07-25T13:30:39:  Name ......................: source1a
2019-07-25T13:30:39:  Instruments ...............: all
2019-07-25T13:30:39:  Test Statistic ............: 14608.51
2019-07-25T13:30:39:  Observation identifiers ...: all
2019-07-25T13:30:39:  Model type ................: PointSource
2019-07-25T13:30:39:  Model components ..........: "PointSource" * "ExponentialCutoffPowerLaw" * "Constant"
2019-07-25T13:30:39:  Number of parameters ......: 7
2019-07-25T13:30:39:  Number of spatial par's ...: 2
2019-07-25T13:30:39:   RA .......................: 83.6331 [-360,360] deg (fixed,scale=1)
2019-07-25T13:30:39:   DEC ......................: 22.0145 [-90,90] deg (fixed,scale=1)
2019-07-25T13:30:39:  Number of spectral par's ..: 4
2019-07-25T13:30:39:   Prefactor ................: 7.76202199534312e-19 [1e-26,1e-16] ph/cm2/s/MeV (fixed,scale=1e-19,gradient)
2019-07-25T13:30:39:   Index ....................: -2.01007558513023 [-0,-5]  (fixed,scale=-1,gradient)
2019-07-25T13:30:39:   CutoffEnergy .............: 67151449.8799844 +/- 13024590.986685 [100000,10000000000] MeV (free,scale=10000000,gradient)
2019-07-25T13:30:39:   PivotEnergy ..............: 1000000 [10000,1000000000] MeV (fixed,scale=1000000,gradient)
2019-07-25T13:30:39:  Number of temporal par's ..: 1
2019-07-25T13:30:39:   Normalization ............: 1 (relative value) (fixed,scale=1,gradient)
2019-07-25T13:30:39:  Number of scale par's .....: 0
2019-07-25T13:30:39: === GCTAModelCubeBackground ===
2019-07-25T13:30:39:  Name ......................: BackgroundModel
2019-07-25T13:30:39:  Instruments ...............: CTA, HESS, MAGIC, VERITAS
2019-07-25T13:30:39:  Observation identifiers ...: all
2019-07-25T13:30:39:  Model type ................: "PowerLaw" * "Constant"
2019-07-25T13:30:39:  Number of parameters ......: 4
2019-07-25T13:30:39:  Number of spectral par's ..: 3
2019-07-25T13:30:39:   Prefactor ................: 1.15355150411873 [0.01,100] ph/cm2/s/MeV (fixed,scale=1,gradient)
2019-07-25T13:30:39:   Index ....................: 0.0934404006113109 [-5,5]  (fixed,scale=1,gradient)
2019-07-25T13:30:39:   PivotEnergy ..............: 1000000 MeV (fixed,scale=1000000,gradient)
2019-07-25T13:30:39:  Number of temporal par's ..: 1
2019-07-25T13:30:39:   Normalization ............: 1 (relative value) (fixed,scale=1,gradient)
2019-07-25T13:30:39: 
2019-07-25T13:30:39: +=============================+
2019-07-25T13:30:39: | Compute best-fit likelihood |
2019-07-25T13:30:39: +=============================+
2019-07-25T13:32:40: === GOptimizerLM ===
2019-07-25T13:32:40:  Optimized function value ..: -288792.438
2019-07-25T13:32:40:  Absolute precision ........: 0.005
2019-07-25T13:32:40:  Acceptable value decrease .: 2
2019-07-25T13:32:40:  Optimization status .......: converged
2019-07-25T13:32:40:  Number of parameters ......: 11
2019-07-25T13:32:40:  Number of free parameters .: 1
2019-07-25T13:32:40:  Number of iterations ......: 2
2019-07-25T13:32:40:  Lambda ....................: 0.001
2019-07-25T13:32:40:  Maximum log likelihood ....: -288792.438
2019-07-25T13:32:40: === GModels ===
2019-07-25T13:32:40:  Number of models ..........: 2
2019-07-25T13:32:40:  Number of parameters ......: 11
2019-07-25T13:32:40: === GModelSky ===
2019-07-25T13:32:40:  Name ......................: source1a
2019-07-25T13:32:40:  Instruments ...............: all
2019-07-25T13:32:40:  Test Statistic ............: 14608.51
2019-07-25T13:32:40:  Observation identifiers ...: all
2019-07-25T13:32:40:  Model type ................: PointSource
2019-07-25T13:32:40:  Model components ..........: "PointSource" * "ExponentialCutoffPowerLaw" * "Constant"
2019-07-25T13:32:40:  Number of parameters ......: 7
2019-07-25T13:32:40:  Number of spatial par's ...: 2
2019-07-25T13:32:40:   RA .......................: 83.6331 [-360,360] deg (fixed,scale=1)
2019-07-25T13:32:40:   DEC ......................: 22.0145 [-90,90] deg (fixed,scale=1)
2019-07-25T13:32:40:  Number of spectral par's ..: 4
2019-07-25T13:32:40:   Prefactor ................: 7.76202199534312e-19 [1e-26,1e-16] ph/cm2/s/MeV (fixed,scale=1e-19,gradient)
2019-07-25T13:32:40:   Index ....................: -2.01007558513023 [-0,-5]  (fixed,scale=-1,gradient)
2019-07-25T13:32:40:   CutoffEnergy .............: 67151659.0028709 +/- 8633221.51494019 [100000,10000000000] MeV (free,scale=10000000,gradient)
2019-07-25T13:32:40:   PivotEnergy ..............: 1000000 [10000,1000000000] MeV (fixed,scale=1000000,gradient)
2019-07-25T13:32:40:  Number of temporal par's ..: 1
2019-07-25T13:32:40:   Normalization ............: 1 (relative value) (fixed,scale=1,gradient)
2019-07-25T13:32:40:  Number of scale par's .....: 0
2019-07-25T13:32:40: === GCTAModelCubeBackground ===
2019-07-25T13:32:40:  Name ......................: BackgroundModel
2019-07-25T13:32:40:  Instruments ...............: CTA, HESS, MAGIC, VERITAS
2019-07-25T13:32:40:  Observation identifiers ...: all
2019-07-25T13:32:40:  Model type ................: "PowerLaw" * "Constant"
2019-07-25T13:32:40:  Number of parameters ......: 4
2019-07-25T13:32:40:  Number of spectral par's ..: 3
2019-07-25T13:32:40:   Prefactor ................: 1.15355150411873 [0.01,100] ph/cm2/s/MeV (fixed,scale=1,gradient)
2019-07-25T13:32:40:   Index ....................: 0.0934404006113109 [-5,5]  (fixed,scale=1,gradient)
2019-07-25T13:32:40:   PivotEnergy ..............: 1000000 MeV (fixed,scale=1000000,gradient)
2019-07-25T13:32:40:  Number of temporal par's ..: 1
2019-07-25T13:32:40:   Normalization ............: 1 (relative value) (fixed,scale=1,gradient)
2019-07-25T13:32:40: 
2019-07-25T13:32:40: +==============================================================+
2019-07-25T13:32:40: | Compute error for source "source1a" parameter "CutoffEnergy" |
2019-07-25T13:32:40: +==============================================================+
2019-07-25T13:32:40:  Confidence level ..........: 68 %
2019-07-25T13:32:40:  Log-likelihood difference .: 0.494473
2019-07-25T13:32:40:  Initial factor range ......: [0.01, 15.3483874152273]
2019-07-25T13:32:50:    Iteration 1 .............: [0.01, 6.71516590028709]
2019-07-25T13:33:01:    Iteration 2 .............: [3.36258295014354, 6.71516590028709]
2019-07-25T13:33:11:    Iteration 3 .............: [5.03887442521532, 6.71516590028709]
2019-07-25T13:33:22:    Iteration 4 .............: [5.8770201627512, 6.71516590028709]
2019-07-25T13:33:32:    Iteration 5 .............: [5.8770201627512, 6.29609303151915]
2019-07-25T13:33:43:    Iteration 6 .............: [5.8770201627512, 6.08655659713517]
2019-07-25T13:33:53:    Iteration 7 .............: [5.8770201627512, 5.98178837994319]
2019-07-25T13:34:04:    Iteration 8 .............: [5.9294042713472, 5.98178837994319]
2019-07-25T13:34:14:    Iteration 9 .............: [5.9294042713472, 5.95559632564519]
2019-07-25T13:34:25:    Iteration 10 ............: [5.9294042713472, 5.9425002984962]
2019-07-25T13:34:35:    Iteration 11 ............: [5.9359522849217, 5.9425002984962]
2019-07-25T13:34:45:    Iteration 1 .............: [6.71516590028709, 15.3483874152273]
2019-07-25T13:34:56:    Iteration 2 .............: [6.71516590028709, 11.0317766577572]
2019-07-25T13:35:06:    Iteration 3 .............: [6.71516590028709, 8.87347127902214]
2019-07-25T13:35:16:    Iteration 4 .............: [6.71516590028709, 7.79431858965461]
2019-07-25T13:35:26:    Iteration 5 .............: [7.25474224497085, 7.79431858965461]
2019-07-25T13:35:37:    Iteration 6 .............: [7.52453041731273, 7.79431858965461]
2019-07-25T13:35:47:    Iteration 7 .............: [7.65942450348367, 7.79431858965461]
2019-07-25T13:35:57:    Iteration 8 .............: [7.65942450348367, 7.72687154656914]
2019-07-25T13:36:08:    Iteration 9 .............: [7.65942450348367, 7.69314802502641]
2019-07-25T13:36:19:    Iteration 10 ............: [7.67628626425504, 7.69314802502641]
2019-07-25T13:36:19:  Lower parameter factor ....: 5.93923
2019-07-25T13:36:19:  Upper parameter factor ....: 7.68472
2019-07-25T13:36:19:  Error from curvature ......: 8633221.51494019 MeV
2019-07-25T13:36:19:  Error from profile ........: 8727454.26465889 MeV
2019-07-25T13:36:19:  Negative profile error ....: 7759396.08578144 MeV
2019-07-25T13:36:19:  Positive profile error ....: 9695512.44353634 MeV
2019-07-25T13:36:19: 
2019-07-25T13:36:19: +==============+
2019-07-25T13:36:19: | Save results |
2019-07-25T13:36:19: +==============+
2019-07-25T13:36:19:  Model definition file .....: NONE
2019-07-25T13:36:19: 
2019-07-25T13:36:19: Application "cterror" terminated after 342 wall clock seconds, consuming 418.82 seconds of CPU time.
