2019-07-22T17:26:55: ********************************************************************************
2019-07-22T17:26:55: *                                     ctbin                                    *
2019-07-22T17:26:55: * ---------------------------------------------------------------------------- *
2019-07-22T17:26:55: * Version: 1.6.0                                                               *
2019-07-22T17:26:55: ********************************************************************************
2019-07-22T17:26:55: +============+
2019-07-22T17:26:55: | Parameters |
2019-07-22T17:26:55: +============+
2019-07-22T17:26:55:  inobs .....................: /cta/carli/CPPM_Internship/Simulations_and_Analyses/plus_gradient_AEff_South_z40_50h/source3b/obs.fits
2019-07-22T17:26:55:  outobs ....................: /cta/carli/CPPM_Internship/Simulations_and_Analyses/plus_gradient_AEff_South_z40_50h/source3b/obs_cube.fits
2019-07-22T17:26:55:  stack .....................: yes
2019-07-22T17:26:55:  prefix ....................: cntcube_
2019-07-22T17:26:55:  ebinalg ...................: LOG
2019-07-22T17:26:55:  emin ......................: 0.1
2019-07-22T17:26:55:  emax ......................: 199.526229858398
2019-07-22T17:26:55:  enumbins ..................: 32
2019-07-22T17:26:55:  ebinfile ..................: [not queried]
2019-07-22T17:26:55:  usepnt ....................: yes
2019-07-22T17:26:55:  nxpix .....................: 80
2019-07-22T17:26:55:  nypix .....................: 80
2019-07-22T17:26:55:  binsz .....................: 0.02
2019-07-22T17:26:55:  coordsys ..................: GAL
2019-07-22T17:26:55:  proj ......................: TAN
2019-07-22T17:26:55:  xref ......................: [not queried]
2019-07-22T17:26:55:  yref ......................: [not queried]
2019-07-22T17:26:55:  nthreads ..................: 0
2019-07-22T17:26:55:  publish ...................: no
2019-07-22T17:26:55:  chatter ...................: 4
2019-07-22T17:26:55:  clobber ...................: yes
2019-07-22T17:26:55:  debug .....................: no
2019-07-22T17:26:55:  mode ......................: ql
2019-07-22T17:26:55:  logfile ...................: ctbin.log
2019-07-22T17:26:55: 
2019-07-22T17:26:55: +===================+
2019-07-22T17:26:55: | Input observation |
2019-07-22T17:26:55: +===================+
2019-07-22T17:26:55: === GObservations ===
2019-07-22T17:26:55:  Number of observations ....: 1
2019-07-22T17:26:55:  Number of models ..........: 0
2019-07-22T17:26:55:  Number of observed events .: 315128
2019-07-22T17:26:55:  Number of predicted events : 0
2019-07-22T17:26:55: === GCTAObservation ===
2019-07-22T17:26:55:  Name ......................: 
2019-07-22T17:26:55:  Identifier ................: 000001
2019-07-22T17:26:55:  Instrument ................: CTA
2019-07-22T17:26:55:  Event file ................: /cta/carli/CPPM_Internship/Simulations_and_Analyses/plus_gradient_AEff_South_z40_50h/source3b/obs.fits
2019-07-22T17:26:55:  Event type ................: EventList
2019-07-22T17:26:55:  Statistic .................: cstat
2019-07-22T17:26:55:  Ontime ....................: 144000 s
2019-07-22T17:26:55:  Livetime ..................: 141120 s
2019-07-22T17:26:55:  Deadtime correction .......: 0.98
2019-07-22T17:26:55:  User energy range .........: undefined
2019-07-22T17:26:55: === GCTAPointing ===
2019-07-22T17:26:55:  Pointing direction ........: (RA,Dec)=(84.1331,22.0145)
2019-07-22T17:26:55:  Response function .........: undefined
2019-07-22T17:26:55: === GCTAEventList ===
2019-07-22T17:26:55:  Number of events ..........: 315128 (disposed in "/cta/carli/CPPM_Internship/Simulations_and_Analyses/plus_gradient_AEff_South_z40_50h/source3b/obs.fits")
2019-07-22T17:26:55:  Time interval .............: 51544.5 - 51546.1666666667 days
2019-07-22T17:26:55: === GEbounds ===
2019-07-22T17:26:55:  Number of intervals .......: 1
2019-07-22T17:26:55:  Energy range ..............: 100 GeV - 199.526229858398 TeV
2019-07-22T17:26:55: === GCTARoi ===
2019-07-22T17:26:55:  RoI centre ................: RA=84.1331, DEC=22.0145 [0,0]
2019-07-22T17:26:55:  RoI radius ................: 0.8 deg
2019-07-22T17:26:55: === GSkyRegions ===
2019-07-22T17:26:55:  Number of regions .........: 0
2019-07-22T17:26:55: === GModels ===
2019-07-22T17:26:55:  Number of models ..........: 0
2019-07-22T17:26:55:  Number of parameters ......: 0
2019-07-22T17:26:55: 
2019-07-22T17:26:55: +===========================+
2019-07-22T17:26:55: | Find unbinned observation |
2019-07-22T17:26:55: +===========================+
2019-07-22T17:26:55: === CTA observation (id=000001) ===
2019-07-22T17:26:55:  Including unbinned CTA observation
2019-07-22T17:26:55: === Summary ===
2019-07-22T17:26:55:  Number of observations ....: 1
2019-07-22T17:26:55:  Mean pointing .............: (RA,Dec)=(84.1331,22.0145)
2019-07-22T17:26:55:  Use mean pointing .........: yes
2019-07-22T17:26:55: 
2019-07-22T17:26:55: +=================+
2019-07-22T17:26:55: | Bin observation |
2019-07-22T17:26:55: +=================+
2019-07-22T17:26:55: === CTA observation (id=000001) ===
2019-07-22T17:26:55:  Events in list ............: 315128
2019-07-22T17:26:55:  Events in cube ............: 315126
2019-07-22T17:26:55:  Events outside RoI ........: 1
2019-07-22T17:26:55:  Events with invalid WCS ...: 0
2019-07-22T17:26:55:  Events outside cube area ..: 1
2019-07-22T17:26:55:  Events outside energy bins : 0
2019-07-22T17:26:55: 
2019-07-22T17:26:55: +====================+
2019-07-22T17:26:55: | Binned observation |
2019-07-22T17:26:55: +====================+
2019-07-22T17:26:55: === GObservations ===
2019-07-22T17:26:55:  Number of observations ....: 1
2019-07-22T17:26:55:  Number of models ..........: 0
2019-07-22T17:26:55:  Number of observed events .: 315126
2019-07-22T17:26:55:  Number of predicted events : 0
2019-07-22T17:26:55: === GCTAObservation ===
2019-07-22T17:26:55:  Name ......................: 
2019-07-22T17:26:55:  Identifier ................: 000001
2019-07-22T17:26:55:  Instrument ................: CTA
2019-07-22T17:26:55:  Event file ................: 
2019-07-22T17:26:55:  Event type ................: CountsCube
2019-07-22T17:26:55:  Statistic .................: cstat
2019-07-22T17:26:55:  Ontime ....................: 144000 s
2019-07-22T17:26:55:  Livetime ..................: 141120 s
2019-07-22T17:26:55:  Deadtime correction .......: 0.98
2019-07-22T17:26:55:  User energy range .........: undefined
2019-07-22T17:26:55: === GCTAPointing ===
2019-07-22T17:26:55:  Pointing direction ........: (RA,Dec)=(84.1331,22.0145)
2019-07-22T17:26:55:  Response function .........: undefined
2019-07-22T17:26:55: === GCTAEventCube ===
2019-07-22T17:26:55:  Number of events ..........: 315126
2019-07-22T17:26:55:  Number of elements ........: 204800
2019-07-22T17:26:55:  Number of pixels ..........: 6400
2019-07-22T17:26:55:  Number of energy bins .....: 32
2019-07-22T17:26:55:  Time interval .............: 51544.5 - 51546.1666666667 days
2019-07-22T17:26:55:  Pointing ..................: not defined
2019-07-22T17:26:55: === GEbounds ===
2019-07-22T17:26:55:  Number of intervals .......: 32
2019-07-22T17:26:55:  Energy range ..............: 100 GeV - 199.526229858398 TeV
2019-07-22T17:26:55: === GSkyMap ===
2019-07-22T17:26:55:  Number of pixels ..........: 6400
2019-07-22T17:26:55:  X axis dimension ..........: 80
2019-07-22T17:26:55:  Y axis dimension ..........: 80
2019-07-22T17:26:55:  Number of maps ............: 32
2019-07-22T17:26:55:  Shape of maps .............: (32)
2019-07-22T17:26:55: === GSkyRegions ===
2019-07-22T17:26:55:  Number of regions .........: 0
2019-07-22T17:26:55: === GModels ===
2019-07-22T17:26:55:  Number of models ..........: 0
2019-07-22T17:26:55:  Number of parameters ......: 0
2019-07-22T17:26:55: 
2019-07-22T17:26:55: +==================+
2019-07-22T17:26:55: | Save counts cube |
2019-07-22T17:26:55: +==================+
2019-07-22T17:26:55:  Counts cube file ..........: /cta/carli/CPPM_Internship/Simulations_and_Analyses/plus_gradient_AEff_South_z40_50h/source3b/obs_cube.fits
2019-07-22T17:26:56: 
2019-07-22T17:26:56: Application "ctbin" terminated after 1 wall clock seconds, consuming 1.04 seconds of CPU time.
