2019-07-22T11:58:19: ********************************************************************************
2019-07-22T11:58:19: *                                   ctskymap                                   *
2019-07-22T11:58:19: * ---------------------------------------------------------------------------- *
2019-07-22T11:58:19: * Version: 1.6.0                                                               *
2019-07-22T11:58:19: ********************************************************************************
2019-07-22T11:58:19: +============+
2019-07-22T11:58:19: | Parameters |
2019-07-22T11:58:19: +============+
2019-07-22T11:58:19:  inobs .....................: /cta/carli/CPPM_Internship/Simulations_and_Analyses/minus_step_AEff_South_z40_50h/source1d/obs.fits
2019-07-22T11:58:19:  caldb .....................: prod3b-v2
2019-07-22T11:58:19:  irf .......................: minus_step_AEff_South_z40_50h
2019-07-22T11:58:19:  inmap .....................: NONE
2019-07-22T11:58:19:  outmap ....................: /cta/carli/CPPM_Internship/Simulations_and_Analyses/minus_step_AEff_South_z40_50h/source1d/skymap.fits
2019-07-22T11:58:19:  emin ......................: 0.1
2019-07-22T11:58:19:  emax ......................: 199.526229858398
2019-07-22T11:58:19:  usepnt ....................: yes
2019-07-22T11:58:19:  nxpix .....................: 80
2019-07-22T11:58:19:  nypix .....................: 80
2019-07-22T11:58:19:  binsz .....................: 0.02
2019-07-22T11:58:19:  coordsys ..................: CEL
2019-07-22T11:58:19:  proj ......................: CAR
2019-07-22T11:58:19:  xref ......................: [not queried]
2019-07-22T11:58:19:  yref ......................: [not queried]
2019-07-22T11:58:19:  bkgsubtract ...............: NONE
2019-07-22T11:58:19:  roiradius .................: [not queried]
2019-07-22T11:58:19:  inradius ..................: [not queried]
2019-07-22T11:58:19:  outradius .................: [not queried]
2019-07-22T11:58:19:  iterations ................: [not queried]
2019-07-22T11:58:19:  threshold .................: [not queried]
2019-07-22T11:58:19:  inexclusion ...............: NONE
2019-07-22T11:58:19:  usefft ....................: yes
2019-07-22T11:58:19:  publish ...................: no
2019-07-22T11:58:19:  chatter ...................: 4
2019-07-22T11:58:19:  clobber ...................: yes
2019-07-22T11:58:19:  debug .....................: no
2019-07-22T11:58:19:  mode ......................: ql
2019-07-22T11:58:19:  logfile ...................: ctskymap.log
2019-07-22T11:58:19: 
2019-07-22T11:58:19: +===================+
2019-07-22T11:58:19: | Input observation |
2019-07-22T11:58:19: +===================+
2019-07-22T11:58:19: === GObservations ===
2019-07-22T11:58:19:  Number of observations ....: 1
2019-07-22T11:58:19:  Number of models ..........: 0
2019-07-22T11:58:19:  Number of observed events .: 325011
2019-07-22T11:58:19:  Number of predicted events : 0
2019-07-22T11:58:19: === GCTAObservation ===
2019-07-22T11:58:19:  Name ......................: 
2019-07-22T11:58:19:  Identifier ................: 000001
2019-07-22T11:58:19:  Instrument ................: CTA
2019-07-22T11:58:19:  Event file ................: /cta/carli/CPPM_Internship/Simulations_and_Analyses/minus_step_AEff_South_z40_50h/source1d/obs.fits
2019-07-22T11:58:19:  Event type ................: EventList
2019-07-22T11:58:19:  Statistic .................: cstat
2019-07-22T11:58:19:  Ontime ....................: 144000 s
2019-07-22T11:58:19:  Livetime ..................: 141120 s
2019-07-22T11:58:19:  Deadtime correction .......: 0.98
2019-07-22T11:58:19:  User energy range .........: undefined
2019-07-22T11:58:19: === GCTAPointing ===
2019-07-22T11:58:19:  Pointing direction ........: (RA,Dec)=(84.1331,22.0145)
2019-07-22T11:58:19:  Response function .........: undefined
2019-07-22T11:58:19: === GCTAEventList ===
2019-07-22T11:58:19:  Number of events ..........: 325011 (disposed in "/cta/carli/CPPM_Internship/Simulations_and_Analyses/minus_step_AEff_South_z40_50h/source1d/obs.fits")
2019-07-22T11:58:19:  Time interval .............: 51544.5 - 51546.1666666667 days
2019-07-22T11:58:19: === GEbounds ===
2019-07-22T11:58:19:  Number of intervals .......: 1
2019-07-22T11:58:19:  Energy range ..............: 100 GeV - 199.526229858398 TeV
2019-07-22T11:58:19: === GCTARoi ===
2019-07-22T11:58:19:  RoI centre ................: RA=84.1331, DEC=22.0145 [0,0]
2019-07-22T11:58:19:  RoI radius ................: 0.8 deg
2019-07-22T11:58:19: === GSkyRegions ===
2019-07-22T11:58:19:  Number of regions .........: 0
2019-07-22T11:58:19: === GModels ===
2019-07-22T11:58:19:  Number of models ..........: 0
2019-07-22T11:58:19:  Number of parameters ......: 0
2019-07-22T11:58:19: 
2019-07-22T11:58:19: +===========================+
2019-07-22T11:58:19: | Find unbinned observation |
2019-07-22T11:58:19: +===========================+
2019-07-22T11:58:19: === CTA observation (id=000001) ===
2019-07-22T11:58:19:  Including unbinned CTA observation
2019-07-22T11:58:19: 
2019-07-22T11:58:19: +===========================+
2019-07-22T11:58:19: | Fill map from observation |
2019-07-22T11:58:19: +===========================+
2019-07-22T11:58:20: === CTA observation (id=000001) ===
2019-07-22T11:58:20:  Events in list ............: 325011
2019-07-22T11:58:20:  Events in map .............: 325010
2019-07-22T11:58:20:  Events outside RoI ........: 1
2019-07-22T11:58:20:  Events outside map area ...: 0
2019-07-22T11:58:20:  Events outside energies ...: 0
2019-07-22T11:58:20: 
2019-07-22T11:58:20: +=========+
2019-07-22T11:58:20: | Sky map |
2019-07-22T11:58:20: +=========+
2019-07-22T11:58:20: === GSkyMap ===
2019-07-22T11:58:20:  Number of pixels ..........: 6400
2019-07-22T11:58:20:  X axis dimension ..........: 80
2019-07-22T11:58:20:  Y axis dimension ..........: 80
2019-07-22T11:58:20:  Number of maps ............: 1
2019-07-22T11:58:20:  Shape of maps .............: (1)
2019-07-22T11:58:20: === GWcsCAR ===
2019-07-22T11:58:20:  Number of axes ............: 2
2019-07-22T11:58:20:  Longitude axis ............: 0
2019-07-22T11:58:20:  Latitude axis .............: 1
2019-07-22T11:58:20:  Spectral axis .............: -1
2019-07-22T11:58:20:  Coodinate system ..........: EQU
2019-07-22T11:58:20:  Projection code ...........: CAR
2019-07-22T11:58:20:  Projection name ...........: plate carree
2019-07-22T11:58:20:  Radius of the gen. sphere .: 57.2957795130823 deg
2019-07-22T11:58:20:  Reference coordinate ......: (84.1331, 22.0145)
2019-07-22T11:58:20:  Reference pixel ...........: (40.5, 40.5)
2019-07-22T11:58:20:  Increment at reference ....: (-0.02, 0.02)
2019-07-22T11:58:20:  (Phi_0, Theta_0) ..........: (0, 0) deg
2019-07-22T11:58:20:  (Phi_p, Theta_p) ..........: (0, 67.9855) deg
2019-07-22T11:58:20:  LATPOLE keyword usage .....: Required to select between two valid solutions of Theta_p.
2019-07-22T11:58:20:  Reference vector (m_ref) ..: (84.1331, 22.0145, 0, 67.9855) deg
2019-07-22T11:58:20:  Euler angles ..............: (264.1331 deg, 22.0145 deg, 0 deg, 0.927089022159083, 0.374841226377402)
2019-07-22T11:58:20:  Latitude preserved ........: False
2019-07-22T11:58:20:  Unity PC matrix ...........: True
2019-07-22T11:58:20:  Pixel-to-image trafo ......: ()
2019-07-22T11:58:20:  Image-to-pixel trafo ......: ()
2019-07-22T11:58:20:  Strict bounds checking ....: True
2019-07-22T11:58:20:  Use fiducial offset .......: False
2019-07-22T11:58:20:  Fiducial offset ...........: (0, 0)
2019-07-22T11:58:20:  Rest frequency ............: UNDEFINED
2019-07-22T11:58:20:  Rest wavelength ...........: UNDEFINED
2019-07-22T11:58:20: 
2019-07-22T11:58:20: +==============+
2019-07-22T11:58:20: | Compute maps |
2019-07-22T11:58:20: +==============+
2019-07-22T11:58:20: 
2019-07-22T11:58:20: +==============+
2019-07-22T11:58:20: | Save sky map |
2019-07-22T11:58:20: +==============+
2019-07-22T11:58:20:  Sky map file ..............: /cta/carli/CPPM_Internship/Simulations_and_Analyses/minus_step_AEff_South_z40_50h/source1d/skymap.fits
2019-07-22T11:58:20: 
2019-07-22T11:58:20: Application "ctskymap" terminated after 1 wall clock seconds, consuming 0.92 seconds of CPU time.
