2019-07-23T19:03:22: ********************************************************************************
2019-07-23T19:03:22: *                                   csresspec                                  *
2019-07-23T19:03:22: * ---------------------------------------------------------------------------- *
2019-07-23T19:03:22: * Version: 1.6.0                                                               *
2019-07-23T19:03:22: ********************************************************************************
2019-07-23T19:03:23: +============+
2019-07-23T19:03:23: | Parameters |
2019-07-23T19:03:23: +============+
2019-07-23T19:03:23:  inobs .....................: /cta/carli/CPPM_Internship/Simulations_and_Analyses/plus_constant_EDisp_South_z40_50h/source3a/obs_cube.fits
2019-07-23T19:03:23:  inmodel ...................: /cta/carli/CPPM_Internship/Simulations_and_Analyses/plus_constant_EDisp_South_z40_50h/source3a/obsmodel_binned.xml
2019-07-23T19:03:23:  modcube ...................: /cta/carli/CPPM_Internship/Simulations_and_Analyses/plus_constant_EDisp_South_z40_50h/source3a/obsmodel_cube.fits
2019-07-23T19:03:23:  expcube ...................: /cta/carli/CPPM_Internship/Simulations_and_Analyses/plus_constant_EDisp_South_z40_50h/source3a/exposure_cube.fits
2019-07-23T19:03:23:  psfcube ...................: /cta/carli/CPPM_Internship/Simulations_and_Analyses/plus_constant_EDisp_South_z40_50h/source3a/PSF_cube.fits
2019-07-23T19:03:23:  edispcube .................: /cta/carli/CPPM_Internship/Simulations_and_Analyses/plus_constant_EDisp_South_z40_50h/source3a/edisp_cube.fits
2019-07-23T19:03:23:  bkgcube ...................: /cta/carli/CPPM_Internship/Simulations_and_Analyses/plus_constant_EDisp_South_z40_50h/source3a/background_cube.fits
2019-07-23T19:03:23:  caldb .....................: prod3b-v2
2019-07-23T19:03:23:  irf .......................: South_z40_50h
2019-07-23T19:03:23:  edisp .....................: yes
2019-07-23T19:03:23:  outfile ...................: /cta/carli/CPPM_Internship/Simulations_and_Analyses/plus_constant_EDisp_South_z40_50h/source3a/residuals_binned.fits
2019-07-23T19:03:23:  statistic .................: DEFAULT
2019-07-23T19:03:23:  components ................: yes
2019-07-23T19:03:23:  ebinalg ...................: LOG
2019-07-23T19:03:23:  emin ......................: 0.1
2019-07-23T19:03:23:  emax ......................: 199.526229858398
2019-07-23T19:03:23:  enumbins ..................: 32
2019-07-23T19:03:23:  ebinfile ..................: [not queried]
2019-07-23T19:03:23:  stack .....................: [not queried]
2019-07-23T19:03:23:  coordsys ..................: [not queried]
2019-07-23T19:03:23:  proj ......................: [not queried]
2019-07-23T19:03:23:  xref ......................: [not queried]
2019-07-23T19:03:23:  yref ......................: [not queried]
2019-07-23T19:03:23:  nxpix .....................: [not queried]
2019-07-23T19:03:23:  nypix .....................: [not queried]
2019-07-23T19:03:23:  binsz .....................: [not queried]
2019-07-23T19:03:23:  mask ......................: no
2019-07-23T19:03:23:  ra ........................: [not queried]
2019-07-23T19:03:23:  dec .......................: [not queried]
2019-07-23T19:03:23:  rad .......................: [not queried]
2019-07-23T19:03:23:  regfile ...................: [not queried]
2019-07-23T19:03:23:  algorithm .................: SUB
2019-07-23T19:03:23:  publish ...................: no
2019-07-23T19:03:23:  chatter ...................: 4
2019-07-23T19:03:23:  clobber ...................: yes
2019-07-23T19:03:23:  debug .....................: no
2019-07-23T19:03:23:  mode ......................: ql
2019-07-23T19:03:23:  logfile ...................: csresspec.log
2019-07-23T19:03:23: 
2019-07-23T19:03:23: +====================+
2019-07-23T19:03:23: | Observation census |
2019-07-23T19:03:23: +====================+
2019-07-23T19:03:23:  Unbinned CTA observations .: 0
2019-07-23T19:03:23:  Binned CTA observations ...: 1
2019-07-23T19:03:23:  On/off CTA observations ...: 0
2019-07-23T19:03:23:  Other observations ........: 0
2019-07-23T19:03:23: 
2019-07-23T19:03:23: +=============+
2019-07-23T19:03:23: | Observation |
2019-07-23T19:03:23: +=============+
2019-07-23T19:03:23: === GObservations ===
2019-07-23T19:03:23:  Number of observations ....: 1
2019-07-23T19:03:23:  Number of models ..........: 2
2019-07-23T19:03:23:  Number of observed events .: 309331
2019-07-23T19:03:23:  Number of predicted events : 0
2019-07-23T19:03:23: === GCTAObservation ===
2019-07-23T19:03:23:  Name ......................: 
2019-07-23T19:03:23:  Identifier ................: 000001
2019-07-23T19:03:23:  Instrument ................: CTA
2019-07-23T19:03:23:  Event file ................: /cta/carli/CPPM_Internship/Simulations_and_Analyses/plus_constant_EDisp_South_z40_50h/source3a/obs_cube.fits
2019-07-23T19:03:23:  Event type ................: CountsCube
2019-07-23T19:03:23:  Statistic .................: cstat
2019-07-23T19:03:23:  Ontime ....................: 144000 s
2019-07-23T19:03:23:  Livetime ..................: 141120 s
2019-07-23T19:03:23:  Deadtime correction .......: 0.98
2019-07-23T19:03:23:  User energy range .........: undefined
2019-07-23T19:03:23: === GCTAPointing ===
2019-07-23T19:03:23:  Pointing direction ........: (RA,Dec)=(84.1331,22.0145)
2019-07-23T19:03:23: === GCTAResponseCube ===
2019-07-23T19:03:23:  Energy dispersion .........: Not used
2019-07-23T19:03:23: === GCTACubeExposure ===
2019-07-23T19:03:23:  Filename ..................: /cta/carli/CPPM_Internship/Simulations_and_Analyses/plus_constant_EDisp_South_z40_50h/source3a/exposure_cube.fits
2019-07-23T19:03:23:  Livetime ..................: 141120 sec
2019-07-23T19:03:23: === GEnergies ===
2019-07-23T19:03:23:  Number of energies ........: 33
2019-07-23T19:03:23: === GGti ===
2019-07-23T19:03:23:  Number of intervals .......: 1
2019-07-23T19:03:23:  Ontime ....................: 144000 sec
2019-07-23T19:03:23:  Elapsed time ..............: 144000 sec
2019-07-23T19:03:23:  MJD range .................: 51544.5 - 51546.1666666667 s (TT)
2019-07-23T19:03:23:  UTC range .................: 2000-01-01T11:58:56 - 2000-01-03T03:58:56 s (TT)
2019-07-23T19:03:23:  Reference MJD .............: 51544.5
2019-07-23T19:03:23: === GSkyMap ===
2019-07-23T19:03:23:  Number of pixels ..........: 6400
2019-07-23T19:03:23:  X axis dimension ..........: 80
2019-07-23T19:03:23:  Y axis dimension ..........: 80
2019-07-23T19:03:23:  Number of maps ............: 33
2019-07-23T19:03:23:  Shape of maps .............: (33)
2019-07-23T19:03:23: === GCTACubePsf ===
2019-07-23T19:03:23:  Filename ..................: /cta/carli/CPPM_Internship/Simulations_and_Analyses/plus_constant_EDisp_South_z40_50h/source3a/PSF_cube.fits
2019-07-23T19:03:23: === GEnergies ===
2019-07-23T19:03:23:  Number of energies ........: 33
2019-07-23T19:03:23:  Number of delta bins ......: 200
2019-07-23T19:03:23:  Delta range ...............: 1.875e-06 - 0.298501875 deg
2019-07-23T19:03:23: === GSkyMap ===
2019-07-23T19:03:23:  Number of pixels ..........: 1
2019-07-23T19:03:23:  X axis dimension ..........: 1
2019-07-23T19:03:23:  Y axis dimension ..........: 1
2019-07-23T19:03:23:  Number of maps ............: 6600
2019-07-23T19:03:23:  Shape of maps .............: (200, 33)
2019-07-23T19:03:23: === GCTACubeEdisp ===
2019-07-23T19:03:23:  Filename ..................: /cta/carli/CPPM_Internship/Simulations_and_Analyses/plus_constant_EDisp_South_z40_50h/source3a/edisp_cube.fits
2019-07-23T19:03:23: === GEnergies ===
2019-07-23T19:03:23:  Number of energies ........: 33
2019-07-23T19:03:23:  Number of migra bins ......: 100
2019-07-23T19:03:23:  Migra range ...............: 0.02 - 2
2019-07-23T19:03:23: === GSkyMap ===
2019-07-23T19:03:23:  Number of pixels ..........: 1
2019-07-23T19:03:23:  X axis dimension ..........: 1
2019-07-23T19:03:23:  Y axis dimension ..........: 1
2019-07-23T19:03:23:  Number of maps ............: 3300
2019-07-23T19:03:23:  Shape of maps .............: (100, 33)
2019-07-23T19:03:23: === GCTACubeBackground ===
2019-07-23T19:03:23:  Filename ..................: /cta/carli/CPPM_Internship/Simulations_and_Analyses/plus_constant_EDisp_South_z40_50h/source3a/background_cube.fits
2019-07-23T19:03:23: === GEbounds ===
2019-07-23T19:03:23:  Number of intervals .......: 32
2019-07-23T19:03:23:  Energy range ..............: 100 GeV - 199.526229858398 TeV
2019-07-23T19:03:23: === GSkyMap ===
2019-07-23T19:03:23:  Number of pixels ..........: 6400
2019-07-23T19:03:23:  X axis dimension ..........: 80
2019-07-23T19:03:23:  Y axis dimension ..........: 80
2019-07-23T19:03:23:  Number of maps ............: 32
2019-07-23T19:03:23:  Shape of maps .............: (32)
2019-07-23T19:03:23: === GCTAResponseCache ===
2019-07-23T19:03:23:  Number of cached values ...: 0
2019-07-23T19:03:23: === GCTAEventCube ===
2019-07-23T19:03:23:  Number of events ..........: 309331
2019-07-23T19:03:23:  Number of elements ........: 204800
2019-07-23T19:03:23:  Number of pixels ..........: 6400
2019-07-23T19:03:23:  Number of energy bins .....: 32
2019-07-23T19:03:23:  Time interval .............: 51544.5 - 51546.1666666667 days
2019-07-23T19:03:23:  Pointing ..................: (RA,Dec)=(84.1331,22.0145)
2019-07-23T19:03:23: === GEbounds ===
2019-07-23T19:03:23:  Number of intervals .......: 32
2019-07-23T19:03:23:  Energy range ..............: 100 GeV - 199.526229858398 TeV
2019-07-23T19:03:23: === GSkyMap ===
2019-07-23T19:03:23:  Number of pixels ..........: 6400
2019-07-23T19:03:23:  X axis dimension ..........: 80
2019-07-23T19:03:23:  Y axis dimension ..........: 80
2019-07-23T19:03:23:  Number of maps ............: 32
2019-07-23T19:03:23:  Shape of maps .............: (32)
2019-07-23T19:03:23: === GSkyRegions ===
2019-07-23T19:03:23:  Number of regions .........: 0
2019-07-23T19:03:23: === GModels ===
2019-07-23T19:03:23:  Number of models ..........: 2
2019-07-23T19:03:23:  Number of parameters ......: 11
2019-07-23T19:03:23: === GModelSky ===
2019-07-23T19:03:23:  Name ......................: source3a
2019-07-23T19:03:23:  Instruments ...............: all
2019-07-23T19:03:23:  Test Statistic ............: 15566.333
2019-07-23T19:03:23:  Observation identifiers ...: all
2019-07-23T19:03:23:  Model type ................: PointSource
2019-07-23T19:03:23:  Model components ..........: "PointSource" * "ExponentialCutoffPowerLaw" * "Constant"
2019-07-23T19:03:23:  Number of parameters ......: 7
2019-07-23T19:03:23:  Number of spatial par's ...: 2
2019-07-23T19:03:23:   RA .......................: 83.6331 [-360,360] deg (fixed,scale=1)
2019-07-23T19:03:23:   DEC ......................: 22.0145 [-90,90] deg (fixed,scale=1)
2019-07-23T19:03:23:  Number of spectral par's ..: 4
2019-07-23T19:03:23:   Prefactor ................: 7.45416985179902e-19 +/- 1.32545324750761e-20 [1e-26,1e-16] ph/cm2/s/MeV (free,scale=1e-19,gradient)
2019-07-23T19:03:23:   Index ....................: -2.0342024020857 +/- 0.0152559123537702 [-0,-5]  (free,scale=-1,gradient)
2019-07-23T19:03:23:   CutoffEnergy .............: 100000000000 +/- 15689160857120.6 [1000000,100000000000] MeV (free,scale=100000000,gradient)
2019-07-23T19:03:23:   PivotEnergy ..............: 1000000 [10000,1000000000] MeV (fixed,scale=1000000,gradient)
2019-07-23T19:03:23:  Number of temporal par's ..: 1
2019-07-23T19:03:23:   Normalization ............: 1 (relative value) (fixed,scale=1,gradient)
2019-07-23T19:03:23:  Number of scale par's .....: 0
2019-07-23T19:03:23: === GCTAModelCubeBackground ===
2019-07-23T19:03:23:  Name ......................: BackgroundModel
2019-07-23T19:03:23:  Instruments ...............: CTA, HESS, MAGIC, VERITAS
2019-07-23T19:03:23:  Observation identifiers ...: all
2019-07-23T19:03:23:  Model type ................: "PowerLaw" * "Constant"
2019-07-23T19:03:23:  Number of parameters ......: 4
2019-07-23T19:03:23:  Number of spectral par's ..: 3
2019-07-23T19:03:23:   Prefactor ................: 1.15325947651686 +/- 0.00495199418646597 [0.01,100] ph/cm2/s/MeV (free,scale=1,gradient)
2019-07-23T19:03:23:   Index ....................: 0.0933976044473838 +/- 0.00255098711656762 [-5,5]  (free,scale=1,gradient)
2019-07-23T19:03:23:   PivotEnergy ..............: 1000000 MeV (fixed,scale=1000000,gradient)
2019-07-23T19:03:23:  Number of temporal par's ..: 1
2019-07-23T19:03:23:   Normalization ............: 1 (relative value) (fixed,scale=1,gradient)
2019-07-23T19:03:23: 
2019-07-23T19:03:23: +=========================+
2019-07-23T19:03:23: | Processing Observations |
2019-07-23T19:03:23: +=========================+
2019-07-23T19:03:23: Computing model cube
2019-07-23T19:03:29: Computing counts, model, and residual spectra
2019-07-23T19:03:29:  Computing model component .: source3a
2019-07-23T19:03:33:  Computing model component .: BackgroundModel
2019-07-23T19:03:34: Filling residual table
2019-07-23T19:03:34: 
2019-07-23T19:03:34: +================+
2019-07-23T19:03:34: | Save residuals |
2019-07-23T19:03:34: +================+
2019-07-23T19:03:34:  Residuals file ............: /cta/carli/CPPM_Internship/Simulations_and_Analyses/plus_constant_EDisp_South_z40_50h/source3a/residuals_binned.fits
2019-07-23T19:03:34: 
2019-07-23T19:03:34: Application "csresspec" terminated after 12 wall clock seconds, consuming 13.8 seconds of CPU time.
