2019-07-23T19:02:43: ********************************************************************************
2019-07-23T19:02:43: *                                  ctbutterfly                                 *
2019-07-23T19:02:43: * ---------------------------------------------------------------------------- *
2019-07-23T19:02:43: * Version: 1.6.0                                                               *
2019-07-23T19:02:43: ********************************************************************************
2019-07-23T19:02:43: +============+
2019-07-23T19:02:43: | Parameters |
2019-07-23T19:02:43: +============+
2019-07-23T19:02:43:  inobs .....................: /cta/carli/CPPM_Internship/Simulations_and_Analyses/plus_constant_EDisp_South_z40_50h/source3a/obs_cube.fits
2019-07-23T19:02:43:  inmodel ...................: /cta/carli/CPPM_Internship/Simulations_and_Analyses/plus_constant_EDisp_South_z40_50h/source3a/obsmodel_binned.xml
2019-07-23T19:02:43:  srcname ...................: source3a
2019-07-23T19:02:43:  expcube ...................: /cta/carli/CPPM_Internship/Simulations_and_Analyses/plus_constant_EDisp_South_z40_50h/source3a/exposure_cube.fits
2019-07-23T19:02:43:  psfcube ...................: /cta/carli/CPPM_Internship/Simulations_and_Analyses/plus_constant_EDisp_South_z40_50h/source3a/PSF_cube.fits
2019-07-23T19:02:43:  edispcube .................: /cta/carli/CPPM_Internship/Simulations_and_Analyses/plus_constant_EDisp_South_z40_50h/source3a/edisp_cube.fits
2019-07-23T19:02:43:  bkgcube ...................: /cta/carli/CPPM_Internship/Simulations_and_Analyses/plus_constant_EDisp_South_z40_50h/source3a/background_cube.fits
2019-07-23T19:02:43:  caldb .....................: prod3b-v2
2019-07-23T19:02:43:  irf .......................: South_z40_50h
2019-07-23T19:02:43:  edisp .....................: yes
2019-07-23T19:02:43:  outfile ...................: /cta/carli/CPPM_Internship/Simulations_and_Analyses/plus_constant_EDisp_South_z40_50h/source3a/butterfly_binned.ascii
2019-07-23T19:02:43:  method ....................: GAUSSIAN
2019-07-23T19:02:43:  fit .......................: no
2019-07-23T19:02:43:  confidence ................: 0.68
2019-07-23T19:02:43:  statistic .................: DEFAULT
2019-07-23T19:02:43:  like_accuracy .............: 0.005
2019-07-23T19:02:43:  max_iter ..................: 50
2019-07-23T19:02:43:  matrix ....................: NONE
2019-07-23T19:02:43:  ebinalg ...................: LOG
2019-07-23T19:02:43:  emin ......................: 0.1
2019-07-23T19:02:43:  emax ......................: 199.526229858398
2019-07-23T19:02:43:  enumbins ..................: 32
2019-07-23T19:02:43:  ebinfile ..................: [not queried]
2019-07-23T19:02:43:  chatter ...................: 4
2019-07-23T19:02:43:  clobber ...................: yes
2019-07-23T19:02:43:  debug .....................: no
2019-07-23T19:02:43:  mode ......................: ql
2019-07-23T19:02:43:  logfile ...................: ctbutterfly.log
2019-07-23T19:02:43: 
2019-07-23T19:02:43: +===================+
2019-07-23T19:02:43: | Input observation |
2019-07-23T19:02:43: +===================+
2019-07-23T19:02:43: === GObservations ===
2019-07-23T19:02:43:  Number of observations ....: 1
2019-07-23T19:02:43:  Number of models ..........: 2
2019-07-23T19:02:43:  Number of observed events .: 309331
2019-07-23T19:02:43:  Number of predicted events : 0
2019-07-23T19:02:43: === GCTAObservation ===
2019-07-23T19:02:43:  Name ......................: 
2019-07-23T19:02:43:  Identifier ................: 000001
2019-07-23T19:02:43:  Instrument ................: CTA
2019-07-23T19:02:43:  Event file ................: /cta/carli/CPPM_Internship/Simulations_and_Analyses/plus_constant_EDisp_South_z40_50h/source3a/obs_cube.fits
2019-07-23T19:02:43:  Event type ................: CountsCube
2019-07-23T19:02:43:  Statistic .................: cstat
2019-07-23T19:02:43:  Ontime ....................: 144000 s
2019-07-23T19:02:43:  Livetime ..................: 141120 s
2019-07-23T19:02:43:  Deadtime correction .......: 0.98
2019-07-23T19:02:43:  User energy range .........: undefined
2019-07-23T19:02:43: === GCTAPointing ===
2019-07-23T19:02:43:  Pointing direction ........: (RA,Dec)=(84.1331,22.0145)
2019-07-23T19:02:43: === GCTAResponseCube ===
2019-07-23T19:02:43:  Energy dispersion .........: Used
2019-07-23T19:02:43: === GCTACubeExposure ===
2019-07-23T19:02:43:  Filename ..................: /cta/carli/CPPM_Internship/Simulations_and_Analyses/plus_constant_EDisp_South_z40_50h/source3a/exposure_cube.fits
2019-07-23T19:02:43:  Livetime ..................: 141120 sec
2019-07-23T19:02:43: === GEnergies ===
2019-07-23T19:02:43:  Number of energies ........: 33
2019-07-23T19:02:43: === GGti ===
2019-07-23T19:02:43:  Number of intervals .......: 1
2019-07-23T19:02:43:  Ontime ....................: 144000 sec
2019-07-23T19:02:43:  Elapsed time ..............: 144000 sec
2019-07-23T19:02:43:  MJD range .................: 51544.5 - 51546.1666666667 s (TT)
2019-07-23T19:02:43:  UTC range .................: 2000-01-01T11:58:56 - 2000-01-03T03:58:56 s (TT)
2019-07-23T19:02:43:  Reference MJD .............: 51544.5
2019-07-23T19:02:43: === GSkyMap ===
2019-07-23T19:02:43:  Number of pixels ..........: 6400
2019-07-23T19:02:43:  X axis dimension ..........: 80
2019-07-23T19:02:43:  Y axis dimension ..........: 80
2019-07-23T19:02:43:  Number of maps ............: 33
2019-07-23T19:02:43:  Shape of maps .............: (33)
2019-07-23T19:02:43: === GCTACubePsf ===
2019-07-23T19:02:43:  Filename ..................: /cta/carli/CPPM_Internship/Simulations_and_Analyses/plus_constant_EDisp_South_z40_50h/source3a/PSF_cube.fits
2019-07-23T19:02:43: === GEnergies ===
2019-07-23T19:02:43:  Number of energies ........: 33
2019-07-23T19:02:43:  Number of delta bins ......: 200
2019-07-23T19:02:43:  Delta range ...............: 1.875e-06 - 0.298501875 deg
2019-07-23T19:02:43: === GSkyMap ===
2019-07-23T19:02:43:  Number of pixels ..........: 1
2019-07-23T19:02:43:  X axis dimension ..........: 1
2019-07-23T19:02:43:  Y axis dimension ..........: 1
2019-07-23T19:02:43:  Number of maps ............: 6600
2019-07-23T19:02:43:  Shape of maps .............: (200, 33)
2019-07-23T19:02:43: === GCTACubeEdisp ===
2019-07-23T19:02:43:  Filename ..................: /cta/carli/CPPM_Internship/Simulations_and_Analyses/plus_constant_EDisp_South_z40_50h/source3a/edisp_cube.fits
2019-07-23T19:02:43: === GEnergies ===
2019-07-23T19:02:43:  Number of energies ........: 33
2019-07-23T19:02:43:  Number of migra bins ......: 100
2019-07-23T19:02:43:  Migra range ...............: 0.02 - 2
2019-07-23T19:02:43: === GSkyMap ===
2019-07-23T19:02:43:  Number of pixels ..........: 1
2019-07-23T19:02:43:  X axis dimension ..........: 1
2019-07-23T19:02:43:  Y axis dimension ..........: 1
2019-07-23T19:02:43:  Number of maps ............: 3300
2019-07-23T19:02:43:  Shape of maps .............: (100, 33)
2019-07-23T19:02:43: === GCTACubeBackground ===
2019-07-23T19:02:43:  Filename ..................: /cta/carli/CPPM_Internship/Simulations_and_Analyses/plus_constant_EDisp_South_z40_50h/source3a/background_cube.fits
2019-07-23T19:02:43: === GEbounds ===
2019-07-23T19:02:43:  Number of intervals .......: 32
2019-07-23T19:02:43:  Energy range ..............: 100 GeV - 199.526229858398 TeV
2019-07-23T19:02:43: === GSkyMap ===
2019-07-23T19:02:43:  Number of pixels ..........: 6400
2019-07-23T19:02:43:  X axis dimension ..........: 80
2019-07-23T19:02:43:  Y axis dimension ..........: 80
2019-07-23T19:02:43:  Number of maps ............: 32
2019-07-23T19:02:43:  Shape of maps .............: (32)
2019-07-23T19:02:43: === GCTAResponseCache ===
2019-07-23T19:02:43:  Number of cached values ...: 0
2019-07-23T19:02:43: === GCTAEventCube ===
2019-07-23T19:02:43:  Number of events ..........: 309331
2019-07-23T19:02:43:  Number of elements ........: 204800
2019-07-23T19:02:43:  Number of pixels ..........: 6400
2019-07-23T19:02:43:  Number of energy bins .....: 32
2019-07-23T19:02:43:  Time interval .............: 51544.5 - 51546.1666666667 days
2019-07-23T19:02:43:  Pointing ..................: (RA,Dec)=(84.1331,22.0145)
2019-07-23T19:02:43: === GEbounds ===
2019-07-23T19:02:43:  Number of intervals .......: 32
2019-07-23T19:02:43:  Energy range ..............: 100 GeV - 199.526229858398 TeV
2019-07-23T19:02:43: === GSkyMap ===
2019-07-23T19:02:43:  Number of pixels ..........: 6400
2019-07-23T19:02:43:  X axis dimension ..........: 80
2019-07-23T19:02:43:  Y axis dimension ..........: 80
2019-07-23T19:02:43:  Number of maps ............: 32
2019-07-23T19:02:43:  Shape of maps .............: (32)
2019-07-23T19:02:43: === GSkyRegions ===
2019-07-23T19:02:43:  Number of regions .........: 0
2019-07-23T19:02:43: === GModels ===
2019-07-23T19:02:43:  Number of models ..........: 2
2019-07-23T19:02:43:  Number of parameters ......: 11
2019-07-23T19:02:43: === GModelSky ===
2019-07-23T19:02:43:  Name ......................: source3a
2019-07-23T19:02:43:  Instruments ...............: all
2019-07-23T19:02:43:  Test Statistic ............: 15566.333
2019-07-23T19:02:43:  Observation identifiers ...: all
2019-07-23T19:02:43:  Model type ................: PointSource
2019-07-23T19:02:43:  Model components ..........: "PointSource" * "ExponentialCutoffPowerLaw" * "Constant"
2019-07-23T19:02:43:  Number of parameters ......: 7
2019-07-23T19:02:43:  Number of spatial par's ...: 2
2019-07-23T19:02:43:   RA .......................: 83.6331 [-360,360] deg (fixed,scale=1)
2019-07-23T19:02:43:   DEC ......................: 22.0145 [-90,90] deg (fixed,scale=1)
2019-07-23T19:02:43:  Number of spectral par's ..: 4
2019-07-23T19:02:43:   Prefactor ................: 7.45416985179902e-19 +/- 1.32545324750761e-20 [1e-26,1e-16] ph/cm2/s/MeV (free,scale=1e-19,gradient)
2019-07-23T19:02:43:   Index ....................: -2.0342024020857 +/- 0.0152559123537702 [-0,-5]  (free,scale=-1,gradient)
2019-07-23T19:02:43:   CutoffEnergy .............: 100000000000 +/- 15689160857120.6 [1000000,100000000000] MeV (free,scale=100000000,gradient)
2019-07-23T19:02:43:   PivotEnergy ..............: 1000000 [10000,1000000000] MeV (fixed,scale=1000000,gradient)
2019-07-23T19:02:43:  Number of temporal par's ..: 1
2019-07-23T19:02:43:   Normalization ............: 1 (relative value) (fixed,scale=1,gradient)
2019-07-23T19:02:43:  Number of scale par's .....: 0
2019-07-23T19:02:43: === GCTAModelCubeBackground ===
2019-07-23T19:02:43:  Name ......................: BackgroundModel
2019-07-23T19:02:43:  Instruments ...............: CTA, HESS, MAGIC, VERITAS
2019-07-23T19:02:43:  Observation identifiers ...: all
2019-07-23T19:02:43:  Model type ................: "PowerLaw" * "Constant"
2019-07-23T19:02:43:  Number of parameters ......: 4
2019-07-23T19:02:43:  Number of spectral par's ..: 3
2019-07-23T19:02:43:   Prefactor ................: 1.15325947651686 +/- 0.00495199418646597 [0.01,100] ph/cm2/s/MeV (free,scale=1,gradient)
2019-07-23T19:02:43:   Index ....................: 0.0933976044473838 +/- 0.00255098711656762 [-5,5]  (free,scale=1,gradient)
2019-07-23T19:02:43:   PivotEnergy ..............: 1000000 MeV (fixed,scale=1000000,gradient)
2019-07-23T19:02:43:  Number of temporal par's ..: 1
2019-07-23T19:02:43:   Normalization ............: 1 (relative value) (fixed,scale=1,gradient)
2019-07-23T19:02:43: 
2019-07-23T19:02:43: +===========================+
2019-07-23T19:02:43: | Compute covariance matrix |
2019-07-23T19:02:43: +===========================+
2019-07-23T19:03:15: === GMatrixSparse ===
2019-07-23T19:03:15:  Number of rows ............: 11
2019-07-23T19:03:15:  Number of columns .........: 11
2019-07-23T19:03:15:  Number of nonzero elements : 25
2019-07-23T19:03:15:  Number of allocated cells .: 512
2019-07-23T19:03:15:  Memory block size .........: 512
2019-07-23T19:03:15:  Sparse matrix fill ........: 0.206611570247934
2019-07-23T19:03:15:  Pending element ...........: 0
2019-07-23T19:03:15:  Fill stack size ...........: 0 (none)
2019-07-23T19:03:15:  0, 0, 0, 0, 0, 0, 0, 0, 0, 0, 0
2019-07-23T19:03:15:  0, 0, 0, 0, 0, 0, 0, 0, 0, 0, 0
2019-07-23T19:03:15:  0, 0, 1.75682665615219e-40, -2.41565065411286e-23, -4.02991392302427e-08, 0, 0, -2.90100877629529e-24, -5.07485670409829e-25, 0, 0
2019-07-23T19:03:15:  0, 0, -2.41565065411286e-23, 0.000232743002968015, -155626579991.008, 0, 0, 1.12299344305818e-06, -8.4949706064459e-07, 0, 0
2019-07-23T19:03:15:  0, 0, -4.02991392302427e-08, -155626579991.008, 2.46149961855615e+26, 0, 0, -176164685.075428, 599974889.966569, 0, 0
2019-07-23T19:03:15:  0, 0, 0, 0, 0, 0, 0, 0, 0, 0, 0
2019-07-23T19:03:15:  0, 0, 0, 0, 0, 0, 0, 0, 0, 0, 0
2019-07-23T19:03:15:  0, 0, -2.90100877629529e-24, 1.12299344305818e-06, -176164685.075427, 0, 0, 2.45222464202747e-05, 1.14200217720882e-05, 0, 0
2019-07-23T19:03:15:  0, 0, -5.0748567040983e-25, -8.4949706064459e-07, 599974889.96657, 0, 0, 1.14200217720882e-05, 6.50753526714008e-06, 0, 0
2019-07-23T19:03:15:  0, 0, 0, 0, 0, 0, 0, 0, 0, 0, 0
2019-07-23T19:03:15:  0, 0, 0, 0, 0, 0, 0, 0, 0, 0, 0
2019-07-23T19:03:15: 
2019-07-23T19:03:15: +===============================+
2019-07-23T19:03:15: | Prepare butterfly computation |
2019-07-23T19:03:15: +===============================+
2019-07-23T19:03:15:  Confidence level ..........: 0.68
2019-07-23T19:03:15:  Corresponding scaling .....: 0.994458
2019-07-23T19:03:15: 
2019-07-23T19:03:15: +====================+
2019-07-23T19:03:15: | Generate butterfly |
2019-07-23T19:03:15: +====================+
2019-07-23T19:03:15: 
2019-07-23T19:03:15: +=========+
2019-07-23T19:03:15: | Results |
2019-07-23T19:03:15: +=========+
2019-07-23T19:03:15:  Intensity at 112606.251051226 MeV : 6.33450431367167e-17 (6.08456864474501e-17, 6.58443998259834e-17) ph/cm2/s/MeV
2019-07-23T19:03:15:  Intensity at 142786.615593472 MeV : 3.9078274810964e-17 (3.76603653737885e-17, 4.04961842481395e-17) ph/cm2/s/MeV
2019-07-23T19:03:15:  Intensity at 181055.824186555 MeV : 2.41078285380533e-17 (2.33074981692859e-17, 2.49081589068207e-17) ph/cm2/s/MeV
2019-07-23T19:03:15:  Intensity at 229581.822747338 MeV : 1.48723898386105e-17 (1.44228939685562e-17, 1.53218857086648e-17) ph/cm2/s/MeV
2019-07-23T19:03:15:  Intensity at 291113.603071291 MeV : 9.17494291927802e-18 (8.92360154605919e-18, 9.42628429249685e-18) ph/cm2/s/MeV
2019-07-23T19:03:15:  Intensity at 369136.932876502 MeV : 5.66012353111898e-18 (5.52000021040196e-18, 5.80024685183601e-18) ph/cm2/s/MeV
2019-07-23T19:03:15:  Intensity at 468071.824112259 MeV : 3.49179193483331e-18 (3.41367800158789e-18, 3.56990586807874e-18) ph/cm2/s/MeV
2019-07-23T19:03:15:  Intensity at 593522.926087366 MeV : 2.15412395438277e-18 (2.1103574362988e-18, 2.19789047246675e-18) ph/cm2/s/MeV
2019-07-23T19:03:15:  Intensity at 752597.028157849 MeV : 1.32890176083076e-18 (1.30406125264978e-18, 1.35374226901175e-18) ph/cm2/s/MeV
2019-07-23T19:03:15:  Intensity at 954305.65846188 MeV : 8.19813146513237e-19 (8.05388860375047e-19, 8.34237432651428e-19) ph/cm2/s/MeV
2019-07-23T19:03:15:  Intensity at 1210075.58587031 MeV : 5.05750877652053e-19 (4.97103400468176e-19, 5.14398354835929e-19) ph/cm2/s/MeV
2019-07-23T19:03:15:  Intensity at 1534396.14502492 MeV : 3.12002528859468e-19 (3.06629802097078e-19, 3.17375255621857e-19) ph/cm2/s/MeV
2019-07-23T19:03:15:  Intensity at 1945640.05534746 MeV : 1.92477161583243e-19 (1.89031140410726e-19, 1.95923182755761e-19) ph/cm2/s/MeV
2019-07-23T19:03:15:  Intensity at 2467104.23331454 MeV : 1.18740758393161e-19 (1.16480439816386e-19, 1.21001076969937e-19) ph/cm2/s/MeV
2019-07-23T19:03:15:  Intensity at 3128329.55988436 MeV : 7.32520569317564e-20 (7.17516950202354e-20, 7.47524188432775e-20) ph/cm2/s/MeV
2019-07-23T19:03:15:  Intensity at 3966774.36773649 MeV : 4.5189658614263e-20 (4.41903303954397e-20, 4.61889868330863e-20) ph/cm2/s/MeV
2019-07-23T19:03:15:  Intensity at 5029936.45116879 MeV : 2.78777244251039e-20 (2.72136306993739e-20, 2.85418181508338e-20) ph/cm2/s/MeV
2019-07-23T19:03:15:  Intensity at 6378043.81024912 MeV : 1.71978573960229e-20 (1.6758998612306e-20, 1.76367161797399e-20) ph/cm2/s/MeV
2019-07-23T19:03:15:  Intensity at 8087466.55954362 MeV : 1.06093749208733e-20 (1.03213968360444e-20, 1.08973530057022e-20) ph/cm2/s/MeV
2019-07-23T19:03:15:  Intensity at 10255043.285628 MeV : 6.54490370097394e-21 (6.35723311055537e-21, 6.7325742913925e-21) ph/cm2/s/MeV
2019-07-23T19:03:15:  Intensity at 13003566.9409974 MeV : 4.03751549192692e-21 (3.91580818763558e-21, 4.15922279621827e-21) ph/cm2/s/MeV
2019-07-23T19:03:15:  Intensity at 16488741.0495845 MeV : 2.49070299693819e-21 (2.41178023946335e-21, 2.56962575441303e-21) ph/cm2/s/MeV
2019-07-23T19:03:15:  Intensity at 20908000.2920645 MeV : 1.53647545989929e-21 (1.48484527546115e-21, 1.58810564433742e-21) ph/cm2/s/MeV
2019-07-23T19:03:15:  Intensity at 26511695.1560098 MeV : 9.47816291342409e-22 (9.1327619280993e-22, 9.82356389874887e-22) ph/cm2/s/MeV
2019-07-23T19:03:15:  Intensity at 33617274.2599379 MeV : 5.84677239186931e-22 (5.60673240872896e-22, 6.08681237500966e-22) ph/cm2/s/MeV
2019-07-23T19:03:15:  Intensity at 42627267.7781488 MeV : 3.6066162505871e-22 (3.43151857452471e-22, 3.78171392664949e-22) ph/cm2/s/MeV
2019-07-23T19:03:15:  Intensity at 54052090.7251378 MeV : 2.22470891591e-22 (2.09091433712449e-22, 2.35850349469551e-22) ph/cm2/s/MeV
2019-07-23T19:03:15:  Intensity at 68538957.9028144 MeV : 1.37224974000981e-22 (1.26649858688463e-22, 1.47800089313499e-22) ph/cm2/s/MeV
2019-07-23T19:03:15:  Intensity at 86908548.5386981 MeV : 8.46401172996073e-23 (7.61221628363422e-23, 9.31580717628724e-23) ph/cm2/s/MeV
2019-07-23T19:03:15:  Intensity at 110201497.662297 MeV : 5.22033019893944e-23 (4.5290672355099e-23, 5.91159316236899e-23) ph/cm2/s/MeV
2019-07-23T19:03:15:  Intensity at 139737347.950364 MeV : 3.21953076183793e-23 (2.65814781234466e-23, 3.7809137113312e-23) ph/cm2/s/MeV
2019-07-23T19:03:15:  Intensity at 177189301.655759 MeV : 1.98542188517784e-23 (1.53074054787727e-23, 2.44010322247841e-23) ph/cm2/s/MeV
2019-07-23T19:03:15: 
2019-07-23T19:03:15: +========================+
2019-07-23T19:03:15: | Save Butterfly diagram |
2019-07-23T19:03:15: +========================+
2019-07-23T19:03:15:  Butterfly file ............: /cta/carli/CPPM_Internship/Simulations_and_Analyses/plus_constant_EDisp_South_z40_50h/source3a/butterfly_binned.ascii
2019-07-23T19:03:15: 
2019-07-23T19:03:15: Application "ctbutterfly" terminated after 32 wall clock seconds, consuming 33.27 seconds of CPU time.
