2019-07-25T14:19:30: ********************************************************************************
2019-07-25T14:19:30: *                                    cterror                                   *
2019-07-25T14:19:30: * ---------------------------------------------------------------------------- *
2019-07-25T14:19:30: * Version: 1.6.0                                                               *
2019-07-25T14:19:30: ********************************************************************************
2019-07-25T14:19:30: +============+
2019-07-25T14:19:30: | Parameters |
2019-07-25T14:19:30: +============+
2019-07-25T14:19:30:  inobs .....................: /cta/carli/CPPM_Internship/Simulations_and_Analyses/plus_constant_EDisp_South_z40_50h/source3a/obs_cube.fits
2019-07-25T14:19:30:  inmodel ...................: /cta/carli/CPPM_Internship/Simulations_and_Analyses/plus_constant_EDisp_South_z40_50h/source3a/obsmodel_binned.xml
2019-07-25T14:19:30:  srcname ...................: source3a
2019-07-25T14:19:30:  expcube ...................: /cta/carli/CPPM_Internship/Simulations_and_Analyses/plus_constant_EDisp_South_z40_50h/source3a/exposure_cube.fits
2019-07-25T14:19:30:  psfcube ...................: /cta/carli/CPPM_Internship/Simulations_and_Analyses/plus_constant_EDisp_South_z40_50h/source3a/PSF_cube.fits
2019-07-25T14:19:30:  edispcube .................: /cta/carli/CPPM_Internship/Simulations_and_Analyses/plus_constant_EDisp_South_z40_50h/source3a/edisp_cube.fits
2019-07-25T14:19:30:  bkgcube ...................: /cta/carli/CPPM_Internship/Simulations_and_Analyses/plus_constant_EDisp_South_z40_50h/source3a/background_cube.fits
2019-07-25T14:19:30:  caldb .....................: prod3b-v2
2019-07-25T14:19:30:  irf .......................: plus_constant_EDisp_South_z40_50h
2019-07-25T14:19:30:  edisp .....................: yes
2019-07-25T14:19:30:  outmodel ..................: 
2019-07-25T14:19:30:  confidence ................: 0.95
2019-07-25T14:19:30:  tol .......................: 1e-3
2019-07-25T14:19:30:  statistic .................: DEFAULT
2019-07-25T14:19:30:  like_accuracy .............: 0.005
2019-07-25T14:19:30:  max_iter ..................: 50
2019-07-25T14:19:30:  nthreads ..................: 0
2019-07-25T14:19:30:  chatter ...................: 4
2019-07-25T14:19:30:  clobber ...................: yes
2019-07-25T14:19:30:  debug .....................: no
2019-07-25T14:19:30:  mode ......................: ql
2019-07-25T14:19:30:  logfile ...................: cterror95.log
2019-07-25T14:19:30: 
2019-07-25T14:19:30: +===================+
2019-07-25T14:19:30: | Input observation |
2019-07-25T14:19:30: +===================+
2019-07-25T14:19:30: === GObservations ===
2019-07-25T14:19:30:  Number of observations ....: 1
2019-07-25T14:19:30:  Number of models ..........: 2
2019-07-25T14:19:30:  Number of observed events .: 309331
2019-07-25T14:19:30:  Number of predicted events : 0
2019-07-25T14:19:30: === GCTAObservation ===
2019-07-25T14:19:30:  Name ......................: 
2019-07-25T14:19:30:  Identifier ................: 000001
2019-07-25T14:19:30:  Instrument ................: CTA
2019-07-25T14:19:30:  Event file ................: /cta/carli/CPPM_Internship/Simulations_and_Analyses/plus_constant_EDisp_South_z40_50h/source3a/obs_cube.fits
2019-07-25T14:19:30:  Event type ................: CountsCube
2019-07-25T14:19:30:  Statistic .................: cstat
2019-07-25T14:19:30:  Ontime ....................: 144000 s
2019-07-25T14:19:30:  Livetime ..................: 141120 s
2019-07-25T14:19:30:  Deadtime correction .......: 0.98
2019-07-25T14:19:30:  User energy range .........: undefined
2019-07-25T14:19:30: === GCTAPointing ===
2019-07-25T14:19:30:  Pointing direction ........: (RA,Dec)=(84.1331,22.0145)
2019-07-25T14:19:30: === GCTAResponseCube ===
2019-07-25T14:19:30:  Energy dispersion .........: Used
2019-07-25T14:19:30: === GCTACubeExposure ===
2019-07-25T14:19:30:  Filename ..................: /cta/carli/CPPM_Internship/Simulations_and_Analyses/plus_constant_EDisp_South_z40_50h/source3a/exposure_cube.fits
2019-07-25T14:19:30:  Livetime ..................: 141120 sec
2019-07-25T14:19:30: === GEnergies ===
2019-07-25T14:19:30:  Number of energies ........: 33
2019-07-25T14:19:30: === GGti ===
2019-07-25T14:19:30:  Number of intervals .......: 1
2019-07-25T14:19:30:  Ontime ....................: 144000 sec
2019-07-25T14:19:30:  Elapsed time ..............: 144000 sec
2019-07-25T14:19:30:  MJD range .................: 51544.5 - 51546.1666666667 s (TT)
2019-07-25T14:19:30:  UTC range .................: 2000-01-01T11:58:56 - 2000-01-03T03:58:56 s (TT)
2019-07-25T14:19:30:  Reference MJD .............: 51544.5
2019-07-25T14:19:30: === GSkyMap ===
2019-07-25T14:19:30:  Number of pixels ..........: 6400
2019-07-25T14:19:30:  X axis dimension ..........: 80
2019-07-25T14:19:30:  Y axis dimension ..........: 80
2019-07-25T14:19:30:  Number of maps ............: 33
2019-07-25T14:19:30:  Shape of maps .............: (33)
2019-07-25T14:19:30: === GCTACubePsf ===
2019-07-25T14:19:30:  Filename ..................: /cta/carli/CPPM_Internship/Simulations_and_Analyses/plus_constant_EDisp_South_z40_50h/source3a/PSF_cube.fits
2019-07-25T14:19:30: === GEnergies ===
2019-07-25T14:19:30:  Number of energies ........: 33
2019-07-25T14:19:30:  Number of delta bins ......: 200
2019-07-25T14:19:30:  Delta range ...............: 1.875e-06 - 0.298501875 deg
2019-07-25T14:19:30: === GSkyMap ===
2019-07-25T14:19:30:  Number of pixels ..........: 1
2019-07-25T14:19:30:  X axis dimension ..........: 1
2019-07-25T14:19:30:  Y axis dimension ..........: 1
2019-07-25T14:19:30:  Number of maps ............: 6600
2019-07-25T14:19:30:  Shape of maps .............: (200, 33)
2019-07-25T14:19:30: === GCTACubeEdisp ===
2019-07-25T14:19:30:  Filename ..................: /cta/carli/CPPM_Internship/Simulations_and_Analyses/plus_constant_EDisp_South_z40_50h/source3a/edisp_cube.fits
2019-07-25T14:19:30: === GEnergies ===
2019-07-25T14:19:30:  Number of energies ........: 33
2019-07-25T14:19:30:  Number of migra bins ......: 100
2019-07-25T14:19:30:  Migra range ...............: 0.02 - 2
2019-07-25T14:19:30: === GSkyMap ===
2019-07-25T14:19:30:  Number of pixels ..........: 1
2019-07-25T14:19:30:  X axis dimension ..........: 1
2019-07-25T14:19:30:  Y axis dimension ..........: 1
2019-07-25T14:19:30:  Number of maps ............: 3300
2019-07-25T14:19:30:  Shape of maps .............: (100, 33)
2019-07-25T14:19:30: === GCTACubeBackground ===
2019-07-25T14:19:30:  Filename ..................: /cta/carli/CPPM_Internship/Simulations_and_Analyses/plus_constant_EDisp_South_z40_50h/source3a/background_cube.fits
2019-07-25T14:19:30: === GEbounds ===
2019-07-25T14:19:30:  Number of intervals .......: 32
2019-07-25T14:19:30:  Energy range ..............: 100 GeV - 199.526229858398 TeV
2019-07-25T14:19:30: === GSkyMap ===
2019-07-25T14:19:30:  Number of pixels ..........: 6400
2019-07-25T14:19:30:  X axis dimension ..........: 80
2019-07-25T14:19:30:  Y axis dimension ..........: 80
2019-07-25T14:19:30:  Number of maps ............: 32
2019-07-25T14:19:30:  Shape of maps .............: (32)
2019-07-25T14:19:30: === GCTAResponseCache ===
2019-07-25T14:19:30:  Number of cached values ...: 0
2019-07-25T14:19:30: === GCTAEventCube ===
2019-07-25T14:19:30:  Number of events ..........: 309331
2019-07-25T14:19:30:  Number of elements ........: 204800
2019-07-25T14:19:30:  Number of pixels ..........: 6400
2019-07-25T14:19:30:  Number of energy bins .....: 32
2019-07-25T14:19:30:  Time interval .............: 51544.5 - 51546.1666666667 days
2019-07-25T14:19:30:  Pointing ..................: (RA,Dec)=(84.1331,22.0145)
2019-07-25T14:19:30: === GEbounds ===
2019-07-25T14:19:30:  Number of intervals .......: 32
2019-07-25T14:19:30:  Energy range ..............: 100 GeV - 199.526229858398 TeV
2019-07-25T14:19:30: === GSkyMap ===
2019-07-25T14:19:30:  Number of pixels ..........: 6400
2019-07-25T14:19:30:  X axis dimension ..........: 80
2019-07-25T14:19:30:  Y axis dimension ..........: 80
2019-07-25T14:19:30:  Number of maps ............: 32
2019-07-25T14:19:30:  Shape of maps .............: (32)
2019-07-25T14:19:30: === GSkyRegions ===
2019-07-25T14:19:30:  Number of regions .........: 0
2019-07-25T14:19:30: === GModels ===
2019-07-25T14:19:30:  Number of models ..........: 2
2019-07-25T14:19:30:  Number of parameters ......: 11
2019-07-25T14:19:30: === GModelSky ===
2019-07-25T14:19:30:  Name ......................: source3a
2019-07-25T14:19:30:  Instruments ...............: all
2019-07-25T14:19:30:  Test Statistic ............: 15566.333
2019-07-25T14:19:30:  Observation identifiers ...: all
2019-07-25T14:19:30:  Model type ................: PointSource
2019-07-25T14:19:30:  Model components ..........: "PointSource" * "ExponentialCutoffPowerLaw" * "Constant"
2019-07-25T14:19:30:  Number of parameters ......: 7
2019-07-25T14:19:30:  Number of spatial par's ...: 2
2019-07-25T14:19:30:   RA .......................: 83.6331 [-360,360] deg (fixed,scale=1)
2019-07-25T14:19:30:   DEC ......................: 22.0145 [-90,90] deg (fixed,scale=1)
2019-07-25T14:19:30:  Number of spectral par's ..: 4
2019-07-25T14:19:30:   Prefactor ................: 7.45416985179902e-19 [1e-26,1e-16] ph/cm2/s/MeV (fixed,scale=1e-19,gradient)
2019-07-25T14:19:30:   Index ....................: -2.0342024020857 [-0,-5]  (fixed,scale=-1,gradient)
2019-07-25T14:19:30:   CutoffEnergy .............: 100000000000 +/- 15689160857120.6 [1000000,100000000000] MeV (free,scale=100000000,gradient)
2019-07-25T14:19:30:   PivotEnergy ..............: 1000000 [10000,1000000000] MeV (fixed,scale=1000000,gradient)
2019-07-25T14:19:30:  Number of temporal par's ..: 1
2019-07-25T14:19:30:   Normalization ............: 1 (relative value) (fixed,scale=1,gradient)
2019-07-25T14:19:30:  Number of scale par's .....: 0
2019-07-25T14:19:30: === GCTAModelCubeBackground ===
2019-07-25T14:19:30:  Name ......................: BackgroundModel
2019-07-25T14:19:30:  Instruments ...............: CTA, HESS, MAGIC, VERITAS
2019-07-25T14:19:30:  Observation identifiers ...: all
2019-07-25T14:19:30:  Model type ................: "PowerLaw" * "Constant"
2019-07-25T14:19:30:  Number of parameters ......: 4
2019-07-25T14:19:30:  Number of spectral par's ..: 3
2019-07-25T14:19:30:   Prefactor ................: 1.15325947651686 [0.01,100] ph/cm2/s/MeV (fixed,scale=1,gradient)
2019-07-25T14:19:30:   Index ....................: 0.0933976044473838 [-5,5]  (fixed,scale=1,gradient)
2019-07-25T14:19:30:   PivotEnergy ..............: 1000000 MeV (fixed,scale=1000000,gradient)
2019-07-25T14:19:30:  Number of temporal par's ..: 1
2019-07-25T14:19:30:   Normalization ............: 1 (relative value) (fixed,scale=1,gradient)
2019-07-25T14:19:30: 
2019-07-25T14:19:30: +=============================+
2019-07-25T14:19:30: | Compute best-fit likelihood |
2019-07-25T14:19:30: +=============================+
2019-07-25T14:21:00: === GOptimizerLM ===
2019-07-25T14:21:00:  Optimized function value ..: -288682.575
2019-07-25T14:21:00:  Absolute precision ........: 0.005
2019-07-25T14:21:00:  Acceptable value decrease .: 2
2019-07-25T14:21:00:  Optimization status .......: converged
2019-07-25T14:21:00:  Number of parameters ......: 11
2019-07-25T14:21:00:  Number of free parameters .: 1
2019-07-25T14:21:00:  Number of iterations ......: 1
2019-07-25T14:21:00:  Lambda ....................: 0.0001
2019-07-25T14:21:00:  Maximum log likelihood ....: -288682.575
2019-07-25T14:21:00: === GModels ===
2019-07-25T14:21:00:  Number of models ..........: 2
2019-07-25T14:21:00:  Number of parameters ......: 11
2019-07-25T14:21:00: === GModelSky ===
2019-07-25T14:21:00:  Name ......................: source3a
2019-07-25T14:21:00:  Instruments ...............: all
2019-07-25T14:21:00:  Test Statistic ............: 15566.333
2019-07-25T14:21:00:  Observation identifiers ...: all
2019-07-25T14:21:00:  Model type ................: PointSource
2019-07-25T14:21:00:  Model components ..........: "PointSource" * "ExponentialCutoffPowerLaw" * "Constant"
2019-07-25T14:21:00:  Number of parameters ......: 7
2019-07-25T14:21:00:  Number of spatial par's ...: 2
2019-07-25T14:21:00:   RA .......................: 83.6331 [-360,360] deg (fixed,scale=1)
2019-07-25T14:21:00:   DEC ......................: 22.0145 [-90,90] deg (fixed,scale=1)
2019-07-25T14:21:00:  Number of spectral par's ..: 4
2019-07-25T14:21:00:   Prefactor ................: 7.45416985179902e-19 [1e-26,1e-16] ph/cm2/s/MeV (fixed,scale=1e-19,gradient)
2019-07-25T14:21:00:   Index ....................: -2.0342024020857 [-0,-5]  (fixed,scale=-1,gradient)
2019-07-25T14:21:00:   CutoffEnergy .............: 100000000000 +/- 11121222087378.1 [1000000,100000000000] MeV (free,scale=100000000,gradient)
2019-07-25T14:21:00:   PivotEnergy ..............: 1000000 [10000,1000000000] MeV (fixed,scale=1000000,gradient)
2019-07-25T14:21:00:  Number of temporal par's ..: 1
2019-07-25T14:21:00:   Normalization ............: 1 (relative value) (fixed,scale=1,gradient)
2019-07-25T14:21:00:  Number of scale par's .....: 0
2019-07-25T14:21:00: === GCTAModelCubeBackground ===
2019-07-25T14:21:00:  Name ......................: BackgroundModel
2019-07-25T14:21:00:  Instruments ...............: CTA, HESS, MAGIC, VERITAS
2019-07-25T14:21:00:  Observation identifiers ...: all
2019-07-25T14:21:00:  Model type ................: "PowerLaw" * "Constant"
2019-07-25T14:21:00:  Number of parameters ......: 4
2019-07-25T14:21:00:  Number of spectral par's ..: 3
2019-07-25T14:21:00:   Prefactor ................: 1.15325947651686 [0.01,100] ph/cm2/s/MeV (fixed,scale=1,gradient)
2019-07-25T14:21:00:   Index ....................: 0.0933976044473838 [-5,5]  (fixed,scale=1,gradient)
2019-07-25T14:21:00:   PivotEnergy ..............: 1000000 MeV (fixed,scale=1000000,gradient)
2019-07-25T14:21:00:  Number of temporal par's ..: 1
2019-07-25T14:21:00:   Normalization ............: 1 (relative value) (fixed,scale=1,gradient)
2019-07-25T14:21:00: 
2019-07-25T14:21:00: +==============================================================+
2019-07-25T14:21:00: | Compute error for source "source3a" parameter "CutoffEnergy" |
2019-07-25T14:21:00: +==============================================================+
2019-07-25T14:21:00:  Confidence level ..........: 95 %
2019-07-25T14:21:00:  Log-likelihood difference .: 1.92073
2019-07-25T14:21:00:  Initial factor range ......: [0.01, 1000]
2019-07-25T14:21:11:    Iteration 1 .............: [0.01, 1000]
2019-07-25T14:21:21:    Iteration 2 .............: [0.01, 500.005]
2019-07-25T14:21:31:    Iteration 3 .............: [0.01, 250.0075]
2019-07-25T14:21:41:    Iteration 4 .............: [0.01, 125.00875]
2019-07-25T14:21:51:    Iteration 5 .............: [0.01, 62.509375]
2019-07-25T14:22:01:    Iteration 6 .............: [0.01, 31.2596875]
2019-07-25T14:22:12:    Iteration 7 .............: [0.01, 15.63484375]
2019-07-25T14:22:21:    Iteration 8 .............: [7.822421875, 15.63484375]
2019-07-25T14:22:31:    Iteration 9 .............: [7.822421875, 11.7286328125]
2019-07-25T14:22:41:    Iteration 10 ............: [9.77552734375, 11.7286328125]
2019-07-25T14:22:51:    Iteration 11 ............: [9.77552734375, 10.752080078125]
2019-07-25T14:23:00:    Iteration 12 ............: [9.77552734375, 10.2638037109375]
2019-07-25T14:23:10:    Iteration 13 ............: [9.77552734375, 10.0196655273437]
2019-07-25T14:23:20:    Iteration 14 ............: [9.77552734375, 9.89759643554687]
2019-07-25T14:23:30:    Iteration 15 ............: [9.83656188964844, 9.89759643554687]
2019-07-25T14:23:40:    Iteration 1 .............: [1000, 1000]
2019-07-25T14:23:40:  Lower parameter factor ....: 9.86708
2019-07-25T14:23:40:  Upper parameter factor ....: 1000
2019-07-25T14:23:40:  Error from curvature ......: 11121222087378.1 MeV
2019-07-25T14:23:40:  Error from profile ........: 49506646041.8701 MeV
2019-07-25T14:23:40:  Negative profile error ....: 99013292083.7402 MeV
2019-07-25T14:23:40:  Positive profile error ....: 0 MeV
2019-07-25T14:23:40: 
2019-07-25T14:23:40: +==============+
2019-07-25T14:23:40: | Save results |
2019-07-25T14:23:40: +==============+
2019-07-25T14:23:40:  Model definition file .....: NONE
2019-07-25T14:23:40: 
2019-07-25T14:23:40: Application "cterror" terminated after 251 wall clock seconds, consuming 321.06 seconds of CPU time.
