2019-07-22T17:54:41: ********************************************************************************
2019-07-22T17:54:41: *                                  ctbutterfly                                 *
2019-07-22T17:54:41: * ---------------------------------------------------------------------------- *
2019-07-22T17:54:41: * Version: 1.6.0                                                               *
2019-07-22T17:54:41: ********************************************************************************
2019-07-22T17:54:41: +============+
2019-07-22T17:54:41: | Parameters |
2019-07-22T17:54:41: +============+
2019-07-22T17:54:41:  inobs .....................: /cta/carli/CPPM_Internship/Simulations_and_Analyses/plus_step_AEff_South_z40_50h/source3c/obs_cube.fits
2019-07-22T17:54:41:  inmodel ...................: /cta/carli/CPPM_Internship/Simulations_and_Analyses/plus_step_AEff_South_z40_50h/source3c/obsmodel_binned.xml
2019-07-22T17:54:41:  srcname ...................: source3c
2019-07-22T17:54:41:  expcube ...................: /cta/carli/CPPM_Internship/Simulations_and_Analyses/plus_step_AEff_South_z40_50h/source3c/exposure_cube.fits
2019-07-22T17:54:41:  psfcube ...................: /cta/carli/CPPM_Internship/Simulations_and_Analyses/plus_step_AEff_South_z40_50h/source3c/PSF_cube.fits
2019-07-22T17:54:41:  edispcube .................: /cta/carli/CPPM_Internship/Simulations_and_Analyses/plus_step_AEff_South_z40_50h/source3c/edisp_cube.fits
2019-07-22T17:54:41:  bkgcube ...................: /cta/carli/CPPM_Internship/Simulations_and_Analyses/plus_step_AEff_South_z40_50h/source3c/background_cube.fits
2019-07-22T17:54:41:  caldb .....................: prod3b-v2
2019-07-22T17:54:41:  irf .......................: plus_step_AEff_South_z40_50h
2019-07-22T17:54:41:  edisp .....................: yes
2019-07-22T17:54:41:  outfile ...................: /cta/carli/CPPM_Internship/Simulations_and_Analyses/plus_step_AEff_South_z40_50h/source3c/butterfly_binned.ascii
2019-07-22T17:54:41:  method ....................: GAUSSIAN
2019-07-22T17:54:41:  fit .......................: no
2019-07-22T17:54:41:  confidence ................: 0.68
2019-07-22T17:54:41:  statistic .................: DEFAULT
2019-07-22T17:54:41:  like_accuracy .............: 0.005
2019-07-22T17:54:41:  max_iter ..................: 50
2019-07-22T17:54:41:  matrix ....................: NONE
2019-07-22T17:54:41:  ebinalg ...................: LOG
2019-07-22T17:54:41:  emin ......................: 0.1
2019-07-22T17:54:41:  emax ......................: 199.526229858398
2019-07-22T17:54:41:  enumbins ..................: 32
2019-07-22T17:54:41:  ebinfile ..................: [not queried]
2019-07-22T17:54:41:  chatter ...................: 4
2019-07-22T17:54:41:  clobber ...................: yes
2019-07-22T17:54:41:  debug .....................: no
2019-07-22T17:54:41:  mode ......................: ql
2019-07-22T17:54:41:  logfile ...................: ctbutterfly.log
2019-07-22T17:54:41: 
2019-07-22T17:54:41: +===================+
2019-07-22T17:54:41: | Input observation |
2019-07-22T17:54:41: +===================+
2019-07-22T17:54:41: === GObservations ===
2019-07-22T17:54:41:  Number of observations ....: 1
2019-07-22T17:54:41:  Number of models ..........: 2
2019-07-22T17:54:41:  Number of observed events .: 321130
2019-07-22T17:54:41:  Number of predicted events : 0
2019-07-22T17:54:41: === GCTAObservation ===
2019-07-22T17:54:41:  Name ......................: 
2019-07-22T17:54:41:  Identifier ................: 000001
2019-07-22T17:54:41:  Instrument ................: CTA
2019-07-22T17:54:41:  Event file ................: /cta/carli/CPPM_Internship/Simulations_and_Analyses/plus_step_AEff_South_z40_50h/source3c/obs_cube.fits
2019-07-22T17:54:41:  Event type ................: CountsCube
2019-07-22T17:54:41:  Statistic .................: cstat
2019-07-22T17:54:41:  Ontime ....................: 144000 s
2019-07-22T17:54:41:  Livetime ..................: 141120 s
2019-07-22T17:54:41:  Deadtime correction .......: 0.98
2019-07-22T17:54:41:  User energy range .........: undefined
2019-07-22T17:54:41: === GCTAPointing ===
2019-07-22T17:54:41:  Pointing direction ........: (RA,Dec)=(84.1331,22.0145)
2019-07-22T17:54:41: === GCTAResponseCube ===
2019-07-22T17:54:41:  Energy dispersion .........: Used
2019-07-22T17:54:41: === GCTACubeExposure ===
2019-07-22T17:54:41:  Filename ..................: /cta/carli/CPPM_Internship/Simulations_and_Analyses/plus_step_AEff_South_z40_50h/source3c/exposure_cube.fits
2019-07-22T17:54:41:  Livetime ..................: 141120 sec
2019-07-22T17:54:41: === GEnergies ===
2019-07-22T17:54:41:  Number of energies ........: 33
2019-07-22T17:54:41: === GGti ===
2019-07-22T17:54:41:  Number of intervals .......: 1
2019-07-22T17:54:41:  Ontime ....................: 144000 sec
2019-07-22T17:54:41:  Elapsed time ..............: 144000 sec
2019-07-22T17:54:41:  MJD range .................: 51544.5 - 51546.1666666667 s (TT)
2019-07-22T17:54:41:  UTC range .................: 2000-01-01T11:58:56 - 2000-01-03T03:58:56 s (TT)
2019-07-22T17:54:41:  Reference MJD .............: 51544.5
2019-07-22T17:54:41: === GSkyMap ===
2019-07-22T17:54:41:  Number of pixels ..........: 6400
2019-07-22T17:54:41:  X axis dimension ..........: 80
2019-07-22T17:54:41:  Y axis dimension ..........: 80
2019-07-22T17:54:41:  Number of maps ............: 33
2019-07-22T17:54:41:  Shape of maps .............: (33)
2019-07-22T17:54:41: === GCTACubePsf ===
2019-07-22T17:54:41:  Filename ..................: /cta/carli/CPPM_Internship/Simulations_and_Analyses/plus_step_AEff_South_z40_50h/source3c/PSF_cube.fits
2019-07-22T17:54:41: === GEnergies ===
2019-07-22T17:54:41:  Number of energies ........: 33
2019-07-22T17:54:41:  Number of delta bins ......: 200
2019-07-22T17:54:41:  Delta range ...............: 1.875e-06 - 0.298501875 deg
2019-07-22T17:54:41: === GSkyMap ===
2019-07-22T17:54:41:  Number of pixels ..........: 1
2019-07-22T17:54:41:  X axis dimension ..........: 1
2019-07-22T17:54:41:  Y axis dimension ..........: 1
2019-07-22T17:54:41:  Number of maps ............: 6600
2019-07-22T17:54:41:  Shape of maps .............: (200, 33)
2019-07-22T17:54:41: === GCTACubeEdisp ===
2019-07-22T17:54:41:  Filename ..................: /cta/carli/CPPM_Internship/Simulations_and_Analyses/plus_step_AEff_South_z40_50h/source3c/edisp_cube.fits
2019-07-22T17:54:41: === GEnergies ===
2019-07-22T17:54:41:  Number of energies ........: 33
2019-07-22T17:54:41:  Number of migra bins ......: 100
2019-07-22T17:54:41:  Migra range ...............: 0.02 - 2
2019-07-22T17:54:41: === GSkyMap ===
2019-07-22T17:54:41:  Number of pixels ..........: 1
2019-07-22T17:54:41:  X axis dimension ..........: 1
2019-07-22T17:54:41:  Y axis dimension ..........: 1
2019-07-22T17:54:41:  Number of maps ............: 3300
2019-07-22T17:54:41:  Shape of maps .............: (100, 33)
2019-07-22T17:54:41: === GCTACubeBackground ===
2019-07-22T17:54:41:  Filename ..................: /cta/carli/CPPM_Internship/Simulations_and_Analyses/plus_step_AEff_South_z40_50h/source3c/background_cube.fits
2019-07-22T17:54:41: === GEbounds ===
2019-07-22T17:54:41:  Number of intervals .......: 32
2019-07-22T17:54:41:  Energy range ..............: 100 GeV - 199.526229858398 TeV
2019-07-22T17:54:41: === GSkyMap ===
2019-07-22T17:54:41:  Number of pixels ..........: 6400
2019-07-22T17:54:41:  X axis dimension ..........: 80
2019-07-22T17:54:41:  Y axis dimension ..........: 80
2019-07-22T17:54:41:  Number of maps ............: 32
2019-07-22T17:54:41:  Shape of maps .............: (32)
2019-07-22T17:54:41: === GCTAResponseCache ===
2019-07-22T17:54:41:  Number of cached values ...: 0
2019-07-22T17:54:41: === GCTAEventCube ===
2019-07-22T17:54:41:  Number of events ..........: 321130
2019-07-22T17:54:41:  Number of elements ........: 204800
2019-07-22T17:54:41:  Number of pixels ..........: 6400
2019-07-22T17:54:41:  Number of energy bins .....: 32
2019-07-22T17:54:41:  Time interval .............: 51544.5 - 51546.1666666667 days
2019-07-22T17:54:41:  Pointing ..................: (RA,Dec)=(84.1331,22.0145)
2019-07-22T17:54:41: === GEbounds ===
2019-07-22T17:54:41:  Number of intervals .......: 32
2019-07-22T17:54:41:  Energy range ..............: 100 GeV - 199.526229858398 TeV
2019-07-22T17:54:41: === GSkyMap ===
2019-07-22T17:54:41:  Number of pixels ..........: 6400
2019-07-22T17:54:41:  X axis dimension ..........: 80
2019-07-22T17:54:41:  Y axis dimension ..........: 80
2019-07-22T17:54:41:  Number of maps ............: 32
2019-07-22T17:54:41:  Shape of maps .............: (32)
2019-07-22T17:54:41: === GSkyRegions ===
2019-07-22T17:54:41:  Number of regions .........: 0
2019-07-22T17:54:41: === GModels ===
2019-07-22T17:54:41:  Number of models ..........: 2
2019-07-22T17:54:41:  Number of parameters ......: 11
2019-07-22T17:54:41: === GModelSky ===
2019-07-22T17:54:41:  Name ......................: source3c
2019-07-22T17:54:41:  Instruments ...............: all
2019-07-22T17:54:41:  Test Statistic ............: 72887.595
2019-07-22T17:54:41:  Observation identifiers ...: all
2019-07-22T17:54:41:  Model type ................: PointSource
2019-07-22T17:54:41:  Model components ..........: "PointSource" * "ExponentialCutoffPowerLaw" * "Constant"
2019-07-22T17:54:41:  Number of parameters ......: 7
2019-07-22T17:54:41:  Number of spatial par's ...: 2
2019-07-22T17:54:41:   RA .......................: 83.6331 [-360,360] deg (fixed,scale=1)
2019-07-22T17:54:41:   DEC ......................: 22.0145 [-90,90] deg (fixed,scale=1)
2019-07-22T17:54:41:  Number of spectral par's ..: 4
2019-07-22T17:54:41:   Prefactor ................: 2.26947936788165e-18 +/- 2.06440099393826e-20 [1e-25,1e-15] ph/cm2/s/MeV (free,scale=1e-18,gradient)
2019-07-22T17:54:41:   Index ....................: -2.01555651655655 +/- 0.00788327702282851 [-0,-5]  (free,scale=-1,gradient)
2019-07-22T17:54:41:   CutoffEnergy .............: 1328103747.68408 +/- 1673885836.54849 [1000000,100000000000] MeV (free,scale=100000000,gradient)
2019-07-22T17:54:41:   PivotEnergy ..............: 1000000 [10000,1000000000] MeV (fixed,scale=1000000,gradient)
2019-07-22T17:54:41:  Number of temporal par's ..: 1
2019-07-22T17:54:41:   Normalization ............: 1 (relative value) (fixed,scale=1,gradient)
2019-07-22T17:54:41:  Number of scale par's .....: 0
2019-07-22T17:54:41: === GCTAModelCubeBackground ===
2019-07-22T17:54:41:  Name ......................: BackgroundModel
2019-07-22T17:54:41:  Instruments ...............: CTA, HESS, MAGIC, VERITAS
2019-07-22T17:54:41:  Observation identifiers ...: all
2019-07-22T17:54:41:  Model type ................: "PowerLaw" * "Constant"
2019-07-22T17:54:41:  Number of parameters ......: 4
2019-07-22T17:54:41:  Number of spectral par's ..: 3
2019-07-22T17:54:41:   Prefactor ................: 0.992465034030448 +/- 0.0044166432917598 [0.01,100] ph/cm2/s/MeV (free,scale=1,gradient)
2019-07-22T17:54:41:   Index ....................: -0.00354990658843001 +/- 0.00257449748902775 [-5,5]  (free,scale=1,gradient)
2019-07-22T17:54:41:   PivotEnergy ..............: 1000000 MeV (fixed,scale=1000000,gradient)
2019-07-22T17:54:41:  Number of temporal par's ..: 1
2019-07-22T17:54:41:   Normalization ............: 1 (relative value) (fixed,scale=1,gradient)
2019-07-22T17:54:41: 
2019-07-22T17:54:41: +===========================+
2019-07-22T17:54:41: | Compute covariance matrix |
2019-07-22T17:54:41: +===========================+
2019-07-22T17:55:13: === GMatrixSparse ===
2019-07-22T17:55:13:  Number of rows ............: 11
2019-07-22T17:55:13:  Number of columns .........: 11
2019-07-22T17:55:13:  Number of nonzero elements : 25
2019-07-22T17:55:13:  Number of allocated cells .: 512
2019-07-22T17:55:13:  Memory block size .........: 512
2019-07-22T17:55:13:  Sparse matrix fill ........: 0.206611570247934
2019-07-22T17:55:13:  Pending element ...........: 0
2019-07-22T17:55:13:  Fill stack size ...........: 0 (none)
2019-07-22T17:55:13:  0, 0, 0, 0, 0, 0, 0, 0, 0, 0, 0
2019-07-22T17:55:13:  0, 0, 0, 0, 0, 0, 0, 0, 0, 0, 0
2019-07-22T17:55:13:  0, 0, 4.26175146391648e-40, 1.03953423384295e-23, -1.04109345952298e-11, 0, 0, -2.87310664882005e-24, -4.72907486580797e-25, 0, 0
2019-07-22T17:55:13:  0, 0, 1.03953423384295e-23, 6.21460566204252e-05, -8283409.62675455, 0, 0, 2.99976396526421e-07, -5.28272420846793e-07, 0, 0
2019-07-22T17:55:13:  0, 0, -1.04109345952298e-11, -8283409.62675455, 2.80189379379256e+18, 0, 0, -1583.6126092287, 65978.6942297645, 0, 0
2019-07-22T17:55:13:  0, 0, 0, 0, 0, 0, 0, 0, 0, 0, 0
2019-07-22T17:55:13:  0, 0, 0, 0, 0, 0, 0, 0, 0, 0, 0
2019-07-22T17:55:13:  0, 0, -2.87310664882005e-24, 2.99976396526421e-07, -1583.61260922873, 0, 0, 1.95067379666485e-05, 1.03523538929107e-05, 0, 0
2019-07-22T17:55:13:  0, 0, -4.72907486580796e-25, -5.28272420846793e-07, 65978.6942297645, 0, 0, 1.03523538929107e-05, 6.62803732101155e-06, 0, 0
2019-07-22T17:55:13:  0, 0, 0, 0, 0, 0, 0, 0, 0, 0, 0
2019-07-22T17:55:13:  0, 0, 0, 0, 0, 0, 0, 0, 0, 0, 0
2019-07-22T17:55:13: 
2019-07-22T17:55:13: +===============================+
2019-07-22T17:55:13: | Prepare butterfly computation |
2019-07-22T17:55:13: +===============================+
2019-07-22T17:55:13:  Confidence level ..........: 0.68
2019-07-22T17:55:13:  Corresponding scaling .....: 0.994458
2019-07-22T17:55:13: 
2019-07-22T17:55:13: +====================+
2019-07-22T17:55:13: | Generate butterfly |
2019-07-22T17:55:13: +====================+
2019-07-22T17:55:13: 
2019-07-22T17:55:13: +=========+
2019-07-22T17:55:13: | Results |
2019-07-22T17:55:13: +=========+
2019-07-22T17:55:13:  Intensity at 112606.251051226 MeV : 1.85147904051365e-16 (1.81650257794532e-16, 1.88645550308198e-16) ph/cm2/s/MeV
2019-07-22T17:55:13:  Intensity at 142786.615593472 MeV : 1.14724101589588e-16 (1.12740675948517e-16, 1.1670752723066e-16) ph/cm2/s/MeV
2019-07-22T17:55:13:  Intensity at 181055.824186555 MeV : 7.10866233787248e-17 (6.99675780359332e-17, 7.22056687215164e-17) ph/cm2/s/MeV
2019-07-22T17:55:13:  Intensity at 229581.822747338 MeV : 4.40471437772488e-17 (4.34186738878241e-17, 4.46756136666735e-17) ph/cm2/s/MeV
2019-07-22T17:55:13:  Intensity at 291113.603071291 MeV : 2.72925029127759e-17 (2.69406967439297e-17, 2.76443090816222e-17) ph/cm2/s/MeV
2019-07-22T17:55:13:  Intensity at 369136.932876502 MeV : 1.69107779067857e-17 (1.67139431570686e-17, 1.71076126565027e-17) ph/cm2/s/MeV
2019-07-22T17:55:13:  Intensity at 468071.824112259 MeV : 1.04779656000274e-17 (1.03673461548367e-17, 1.05885850452182e-17) ph/cm2/s/MeV
2019-07-22T17:55:13:  Intensity at 593522.926087366 MeV : 6.4920473663895e-18 (6.42911612629512e-18, 6.55497860648387e-18) ph/cm2/s/MeV
2019-07-22T17:55:13:  Intensity at 752597.028157849 MeV : 4.02230868294583e-18 (3.98569924089188e-18, 4.05891812499979e-18) ph/cm2/s/MeV
2019-07-22T17:55:13:  Intensity at 954305.65846188 MeV : 2.49204093287115e-18 (2.47005205619086e-18, 2.51402980955143e-18) ph/cm2/s/MeV
2019-07-22T17:55:13:  Intensity at 1210075.58587031 MeV : 1.54389324959584e-18 (1.53019450028399e-18, 1.5575919989077e-18) ph/cm2/s/MeV
2019-07-22T17:55:13:  Intensity at 1534396.14502492 MeV : 9.56438277975915e-19 (9.47616435523129e-19, 9.65260120428701e-19) ph/cm2/s/MeV
2019-07-22T17:55:13:  Intensity at 1945640.05534746 MeV : 5.92472510986029e-19 (5.86654780746319e-19, 5.98290241225739e-19) ph/cm2/s/MeV
2019-07-22T17:55:13:  Intensity at 2467104.23331454 MeV : 3.66980864173458e-19 (3.63094227320953e-19, 3.70867501025963e-19) ph/cm2/s/MeV
2019-07-22T17:55:13:  Intensity at 3128329.55988436 MeV : 2.27286128194764e-19 (2.24678890015736e-19, 2.29893366373792e-19) ph/cm2/s/MeV
2019-07-22T17:55:13:  Intensity at 3966774.36773649 MeV : 1.40748731886911e-19 (1.39002956115001e-19, 1.4249450765882e-19) ph/cm2/s/MeV
2019-07-22T17:55:13:  Intensity at 5029936.45116879 MeV : 8.71450187049702e-20 (8.59822598736493e-20, 8.83077775362911e-20) ph/cm2/s/MeV
2019-07-22T17:55:13:  Intensity at 6378043.81024912 MeV : 5.39445365318394e-20 (5.31754464331325e-20, 5.47136266305463e-20) ph/cm2/s/MeV
2019-07-22T17:55:13:  Intensity at 8087466.55954362 MeV : 3.33836803647883e-20 (3.28785678303855e-20, 3.3888792899191e-20) ph/cm2/s/MeV
2019-07-22T17:55:13:  Intensity at 10255043.285628 MeV : 2.06524292454745e-20 (2.03225611931254e-20, 2.09822972978237e-20) ph/cm2/s/MeV
2019-07-22T17:55:13:  Intensity at 13003566.9409974 MeV : 1.27707999166486e-20 (1.25558240884667e-20, 1.29857757448306e-20) ph/cm2/s/MeV
2019-07-22T17:55:13:  Intensity at 16488741.0495845 MeV : 7.89267411433296e-21 (7.75191464183197e-21, 8.03343358683395e-21) ph/cm2/s/MeV
2019-07-22T17:55:13:  Intensity at 20908000.2920645 MeV : 4.87444071666014e-21 (4.78083428794954e-21, 4.96804714537075e-21) ph/cm2/s/MeV
2019-07-22T17:55:13:  Intensity at 26511695.1560098 MeV : 3.00772482123636e-21 (2.94362083444347e-21, 3.07182880802925e-21) ph/cm2/s/MeV
2019-07-22T17:55:13:  Intensity at 33617274.2599379 MeV : 1.85378893484858e-21 (1.80804007617323e-21, 1.89953779352392e-21) ph/cm2/s/MeV
2019-07-22T17:55:13:  Intensity at 42627267.7781488 MeV : 1.14093189531193e-21 (1.10680806278922e-21, 1.17505572783463e-21) ph/cm2/s/MeV
2019-07-22T17:55:13:  Intensity at 54052090.7251378 MeV : 7.00921689921037e-22 (6.74534881872721e-22, 7.27308497969353e-22) ph/cm2/s/MeV
2019-07-22T17:55:13:  Intensity at 68538957.9028144 MeV : 4.29613557928109e-22 (4.08749995035334e-22, 4.50477120820883e-22) ph/cm2/s/MeV
2019-07-22T17:55:13:  Intensity at 86908548.5386981 MeV : 2.62552884433245e-22 (2.45899640341753e-22, 2.79206128524738e-22) ph/cm2/s/MeV
2019-07-22T17:55:13:  Intensity at 110201497.662297 MeV : 1.59862151654501e-22 (1.46564448310833e-22, 1.7315985499817e-22) ph/cm2/s/MeV
2019-07-22T17:55:13:  Intensity at 139737347.950364 MeV : 9.68797621978641e-23 (8.63173244480895e-23, 1.07442199947639e-22) ph/cm2/s/MeV
2019-07-22T17:55:13:  Intensity at 177189301.655759 MeV : 5.83622304623833e-23 (5.00456695814287e-23, 6.6678791343338e-23) ph/cm2/s/MeV
2019-07-22T17:55:13: 
2019-07-22T17:55:13: +========================+
2019-07-22T17:55:13: | Save Butterfly diagram |
2019-07-22T17:55:13: +========================+
2019-07-22T17:55:13:  Butterfly file ............: /cta/carli/CPPM_Internship/Simulations_and_Analyses/plus_step_AEff_South_z40_50h/source3c/butterfly_binned.ascii
2019-07-22T17:55:13: 
2019-07-22T17:55:13: Application "ctbutterfly" terminated after 32 wall clock seconds, consuming 33.16 seconds of CPU time.
