2019-07-25T11:07:48: ********************************************************************************
2019-07-25T11:07:48: *                                    cterror                                   *
2019-07-25T11:07:48: * ---------------------------------------------------------------------------- *
2019-07-25T11:07:48: * Version: 1.6.0                                                               *
2019-07-25T11:07:48: ********************************************************************************
2019-07-25T11:07:48: +============+
2019-07-25T11:07:48: | Parameters |
2019-07-25T11:07:48: +============+
2019-07-25T11:07:48:  inobs .....................: /cta/carli/CPPM_Internship/Simulations_and_Analyses/plus_step_AEff_South_z40_50h/source3c/obs_cube.fits
2019-07-25T11:07:48:  inmodel ...................: /cta/carli/CPPM_Internship/Simulations_and_Analyses/plus_step_AEff_South_z40_50h/source3c/obsmodel_binned.xml
2019-07-25T11:07:48:  srcname ...................: source3c
2019-07-25T11:07:48:  expcube ...................: /cta/carli/CPPM_Internship/Simulations_and_Analyses/plus_step_AEff_South_z40_50h/source3c/exposure_cube.fits
2019-07-25T11:07:48:  psfcube ...................: /cta/carli/CPPM_Internship/Simulations_and_Analyses/plus_step_AEff_South_z40_50h/source3c/PSF_cube.fits
2019-07-25T11:07:48:  edispcube .................: /cta/carli/CPPM_Internship/Simulations_and_Analyses/plus_step_AEff_South_z40_50h/source3c/edisp_cube.fits
2019-07-25T11:07:48:  bkgcube ...................: /cta/carli/CPPM_Internship/Simulations_and_Analyses/plus_step_AEff_South_z40_50h/source3c/background_cube.fits
2019-07-25T11:07:48:  caldb .....................: prod3b-v2
2019-07-25T11:07:48:  irf .......................: plus_step_AEff_South_z40_50h
2019-07-25T11:07:48:  edisp .....................: yes
2019-07-25T11:07:48:  outmodel ..................: 
2019-07-25T11:07:48:  confidence ................: 0.68
2019-07-25T11:07:48:  tol .......................: 1e-3
2019-07-25T11:07:48:  statistic .................: DEFAULT
2019-07-25T11:07:48:  like_accuracy .............: 0.005
2019-07-25T11:07:48:  max_iter ..................: 50
2019-07-25T11:07:48:  nthreads ..................: 0
2019-07-25T11:07:48:  chatter ...................: 4
2019-07-25T11:07:48:  clobber ...................: yes
2019-07-25T11:07:48:  debug .....................: no
2019-07-25T11:07:48:  mode ......................: ql
2019-07-25T11:07:48:  logfile ...................: cterror68.log
2019-07-25T11:07:48: 
2019-07-25T11:07:48: +===================+
2019-07-25T11:07:48: | Input observation |
2019-07-25T11:07:48: +===================+
2019-07-25T11:07:48: === GObservations ===
2019-07-25T11:07:48:  Number of observations ....: 1
2019-07-25T11:07:48:  Number of models ..........: 2
2019-07-25T11:07:48:  Number of observed events .: 321130
2019-07-25T11:07:48:  Number of predicted events : 0
2019-07-25T11:07:48: === GCTAObservation ===
2019-07-25T11:07:48:  Name ......................: 
2019-07-25T11:07:48:  Identifier ................: 000001
2019-07-25T11:07:48:  Instrument ................: CTA
2019-07-25T11:07:48:  Event file ................: /cta/carli/CPPM_Internship/Simulations_and_Analyses/plus_step_AEff_South_z40_50h/source3c/obs_cube.fits
2019-07-25T11:07:48:  Event type ................: CountsCube
2019-07-25T11:07:48:  Statistic .................: cstat
2019-07-25T11:07:48:  Ontime ....................: 144000 s
2019-07-25T11:07:48:  Livetime ..................: 141120 s
2019-07-25T11:07:48:  Deadtime correction .......: 0.98
2019-07-25T11:07:48:  User energy range .........: undefined
2019-07-25T11:07:48: === GCTAPointing ===
2019-07-25T11:07:48:  Pointing direction ........: (RA,Dec)=(84.1331,22.0145)
2019-07-25T11:07:48: === GCTAResponseCube ===
2019-07-25T11:07:48:  Energy dispersion .........: Used
2019-07-25T11:07:48: === GCTACubeExposure ===
2019-07-25T11:07:48:  Filename ..................: /cta/carli/CPPM_Internship/Simulations_and_Analyses/plus_step_AEff_South_z40_50h/source3c/exposure_cube.fits
2019-07-25T11:07:48:  Livetime ..................: 141120 sec
2019-07-25T11:07:48: === GEnergies ===
2019-07-25T11:07:48:  Number of energies ........: 33
2019-07-25T11:07:48: === GGti ===
2019-07-25T11:07:48:  Number of intervals .......: 1
2019-07-25T11:07:48:  Ontime ....................: 144000 sec
2019-07-25T11:07:48:  Elapsed time ..............: 144000 sec
2019-07-25T11:07:48:  MJD range .................: 51544.5 - 51546.1666666667 s (TT)
2019-07-25T11:07:48:  UTC range .................: 2000-01-01T11:58:56 - 2000-01-03T03:58:56 s (TT)
2019-07-25T11:07:48:  Reference MJD .............: 51544.5
2019-07-25T11:07:48: === GSkyMap ===
2019-07-25T11:07:48:  Number of pixels ..........: 6400
2019-07-25T11:07:48:  X axis dimension ..........: 80
2019-07-25T11:07:48:  Y axis dimension ..........: 80
2019-07-25T11:07:48:  Number of maps ............: 33
2019-07-25T11:07:48:  Shape of maps .............: (33)
2019-07-25T11:07:48: === GCTACubePsf ===
2019-07-25T11:07:48:  Filename ..................: /cta/carli/CPPM_Internship/Simulations_and_Analyses/plus_step_AEff_South_z40_50h/source3c/PSF_cube.fits
2019-07-25T11:07:48: === GEnergies ===
2019-07-25T11:07:48:  Number of energies ........: 33
2019-07-25T11:07:48:  Number of delta bins ......: 200
2019-07-25T11:07:48:  Delta range ...............: 1.875e-06 - 0.298501875 deg
2019-07-25T11:07:48: === GSkyMap ===
2019-07-25T11:07:48:  Number of pixels ..........: 1
2019-07-25T11:07:48:  X axis dimension ..........: 1
2019-07-25T11:07:48:  Y axis dimension ..........: 1
2019-07-25T11:07:48:  Number of maps ............: 6600
2019-07-25T11:07:48:  Shape of maps .............: (200, 33)
2019-07-25T11:07:48: === GCTACubeEdisp ===
2019-07-25T11:07:48:  Filename ..................: /cta/carli/CPPM_Internship/Simulations_and_Analyses/plus_step_AEff_South_z40_50h/source3c/edisp_cube.fits
2019-07-25T11:07:48: === GEnergies ===
2019-07-25T11:07:48:  Number of energies ........: 33
2019-07-25T11:07:48:  Number of migra bins ......: 100
2019-07-25T11:07:48:  Migra range ...............: 0.02 - 2
2019-07-25T11:07:48: === GSkyMap ===
2019-07-25T11:07:48:  Number of pixels ..........: 1
2019-07-25T11:07:48:  X axis dimension ..........: 1
2019-07-25T11:07:48:  Y axis dimension ..........: 1
2019-07-25T11:07:48:  Number of maps ............: 3300
2019-07-25T11:07:48:  Shape of maps .............: (100, 33)
2019-07-25T11:07:48: === GCTACubeBackground ===
2019-07-25T11:07:48:  Filename ..................: /cta/carli/CPPM_Internship/Simulations_and_Analyses/plus_step_AEff_South_z40_50h/source3c/background_cube.fits
2019-07-25T11:07:48: === GEbounds ===
2019-07-25T11:07:48:  Number of intervals .......: 32
2019-07-25T11:07:48:  Energy range ..............: 100 GeV - 199.526229858398 TeV
2019-07-25T11:07:48: === GSkyMap ===
2019-07-25T11:07:48:  Number of pixels ..........: 6400
2019-07-25T11:07:48:  X axis dimension ..........: 80
2019-07-25T11:07:48:  Y axis dimension ..........: 80
2019-07-25T11:07:48:  Number of maps ............: 32
2019-07-25T11:07:48:  Shape of maps .............: (32)
2019-07-25T11:07:48: === GCTAResponseCache ===
2019-07-25T11:07:48:  Number of cached values ...: 0
2019-07-25T11:07:48: === GCTAEventCube ===
2019-07-25T11:07:48:  Number of events ..........: 321130
2019-07-25T11:07:48:  Number of elements ........: 204800
2019-07-25T11:07:48:  Number of pixels ..........: 6400
2019-07-25T11:07:48:  Number of energy bins .....: 32
2019-07-25T11:07:48:  Time interval .............: 51544.5 - 51546.1666666667 days
2019-07-25T11:07:48:  Pointing ..................: (RA,Dec)=(84.1331,22.0145)
2019-07-25T11:07:48: === GEbounds ===
2019-07-25T11:07:48:  Number of intervals .......: 32
2019-07-25T11:07:48:  Energy range ..............: 100 GeV - 199.526229858398 TeV
2019-07-25T11:07:48: === GSkyMap ===
2019-07-25T11:07:48:  Number of pixels ..........: 6400
2019-07-25T11:07:48:  X axis dimension ..........: 80
2019-07-25T11:07:48:  Y axis dimension ..........: 80
2019-07-25T11:07:48:  Number of maps ............: 32
2019-07-25T11:07:48:  Shape of maps .............: (32)
2019-07-25T11:07:48: === GSkyRegions ===
2019-07-25T11:07:48:  Number of regions .........: 0
2019-07-25T11:07:48: === GModels ===
2019-07-25T11:07:48:  Number of models ..........: 2
2019-07-25T11:07:48:  Number of parameters ......: 11
2019-07-25T11:07:48: === GModelSky ===
2019-07-25T11:07:48:  Name ......................: source3c
2019-07-25T11:07:48:  Instruments ...............: all
2019-07-25T11:07:48:  Test Statistic ............: 72887.595
2019-07-25T11:07:48:  Observation identifiers ...: all
2019-07-25T11:07:48:  Model type ................: PointSource
2019-07-25T11:07:48:  Model components ..........: "PointSource" * "ExponentialCutoffPowerLaw" * "Constant"
2019-07-25T11:07:48:  Number of parameters ......: 7
2019-07-25T11:07:48:  Number of spatial par's ...: 2
2019-07-25T11:07:48:   RA .......................: 83.6331 [-360,360] deg (fixed,scale=1)
2019-07-25T11:07:48:   DEC ......................: 22.0145 [-90,90] deg (fixed,scale=1)
2019-07-25T11:07:48:  Number of spectral par's ..: 4
2019-07-25T11:07:48:   Prefactor ................: 2.26947936788165e-18 [1e-25,1e-15] ph/cm2/s/MeV (fixed,scale=1e-18,gradient)
2019-07-25T11:07:48:   Index ....................: -2.01555651655655 [-0,-5]  (fixed,scale=-1,gradient)
2019-07-25T11:07:48:   CutoffEnergy .............: 1328103747.68408 +/- 1673885836.54849 [1000000,100000000000] MeV (free,scale=100000000,gradient)
2019-07-25T11:07:48:   PivotEnergy ..............: 1000000 [10000,1000000000] MeV (fixed,scale=1000000,gradient)
2019-07-25T11:07:48:  Number of temporal par's ..: 1
2019-07-25T11:07:48:   Normalization ............: 1 (relative value) (fixed,scale=1,gradient)
2019-07-25T11:07:48:  Number of scale par's .....: 0
2019-07-25T11:07:48: === GCTAModelCubeBackground ===
2019-07-25T11:07:48:  Name ......................: BackgroundModel
2019-07-25T11:07:48:  Instruments ...............: CTA, HESS, MAGIC, VERITAS
2019-07-25T11:07:48:  Observation identifiers ...: all
2019-07-25T11:07:48:  Model type ................: "PowerLaw" * "Constant"
2019-07-25T11:07:48:  Number of parameters ......: 4
2019-07-25T11:07:48:  Number of spectral par's ..: 3
2019-07-25T11:07:48:   Prefactor ................: 0.992465034030448 [0.01,100] ph/cm2/s/MeV (fixed,scale=1,gradient)
2019-07-25T11:07:48:   Index ....................: -0.00354990658843001 [-5,5]  (fixed,scale=1,gradient)
2019-07-25T11:07:48:   PivotEnergy ..............: 1000000 MeV (fixed,scale=1000000,gradient)
2019-07-25T11:07:48:  Number of temporal par's ..: 1
2019-07-25T11:07:48:   Normalization ............: 1 (relative value) (fixed,scale=1,gradient)
2019-07-25T11:07:48: 
2019-07-25T11:07:48: +=============================+
2019-07-25T11:07:48: | Compute best-fit likelihood |
2019-07-25T11:07:48: +=============================+
2019-07-25T11:09:21: === GOptimizerLM ===
2019-07-25T11:09:21:  Optimized function value ..: -336710.317
2019-07-25T11:09:21:  Absolute precision ........: 0.005
2019-07-25T11:09:21:  Acceptable value decrease .: 2
2019-07-25T11:09:21:  Optimization status .......: converged
2019-07-25T11:09:21:  Number of parameters ......: 11
2019-07-25T11:09:21:  Number of free parameters .: 1
2019-07-25T11:09:21:  Number of iterations ......: 1
2019-07-25T11:09:21:  Lambda ....................: 0.0001
2019-07-25T11:09:21:  Maximum log likelihood ....: -336710.317
2019-07-25T11:09:21: === GModels ===
2019-07-25T11:09:21:  Number of models ..........: 2
2019-07-25T11:09:21:  Number of parameters ......: 11
2019-07-25T11:09:21: === GModelSky ===
2019-07-25T11:09:21:  Name ......................: source3c
2019-07-25T11:09:21:  Instruments ...............: all
2019-07-25T11:09:21:  Test Statistic ............: 72887.595
2019-07-25T11:09:21:  Observation identifiers ...: all
2019-07-25T11:09:21:  Model type ................: PointSource
2019-07-25T11:09:21:  Model components ..........: "PointSource" * "ExponentialCutoffPowerLaw" * "Constant"
2019-07-25T11:09:21:  Number of parameters ......: 7
2019-07-25T11:09:21:  Number of spatial par's ...: 2
2019-07-25T11:09:21:   RA .......................: 83.6331 [-360,360] deg (fixed,scale=1)
2019-07-25T11:09:21:   DEC ......................: 22.0145 [-90,90] deg (fixed,scale=1)
2019-07-25T11:09:21:  Number of spectral par's ..: 4
2019-07-25T11:09:21:   Prefactor ................: 2.26947936788165e-18 [1e-25,1e-15] ph/cm2/s/MeV (fixed,scale=1e-18,gradient)
2019-07-25T11:09:21:   Index ....................: -2.01555651655655 [-0,-5]  (fixed,scale=-1,gradient)
2019-07-25T11:09:21:   CutoffEnergy .............: 1338919194.03069 +/- 1247197068.0024 [1000000,100000000000] MeV (free,scale=100000000,gradient)
2019-07-25T11:09:21:   PivotEnergy ..............: 1000000 [10000,1000000000] MeV (fixed,scale=1000000,gradient)
2019-07-25T11:09:21:  Number of temporal par's ..: 1
2019-07-25T11:09:21:   Normalization ............: 1 (relative value) (fixed,scale=1,gradient)
2019-07-25T11:09:21:  Number of scale par's .....: 0
2019-07-25T11:09:21: === GCTAModelCubeBackground ===
2019-07-25T11:09:21:  Name ......................: BackgroundModel
2019-07-25T11:09:21:  Instruments ...............: CTA, HESS, MAGIC, VERITAS
2019-07-25T11:09:21:  Observation identifiers ...: all
2019-07-25T11:09:21:  Model type ................: "PowerLaw" * "Constant"
2019-07-25T11:09:21:  Number of parameters ......: 4
2019-07-25T11:09:21:  Number of spectral par's ..: 3
2019-07-25T11:09:21:   Prefactor ................: 0.992465034030448 [0.01,100] ph/cm2/s/MeV (fixed,scale=1,gradient)
2019-07-25T11:09:21:   Index ....................: -0.00354990658843001 [-5,5]  (fixed,scale=1,gradient)
2019-07-25T11:09:21:   PivotEnergy ..............: 1000000 MeV (fixed,scale=1000000,gradient)
2019-07-25T11:09:21:  Number of temporal par's ..: 1
2019-07-25T11:09:21:   Normalization ............: 1 (relative value) (fixed,scale=1,gradient)
2019-07-25T11:09:21: 
2019-07-25T11:09:21: +==============================================================+
2019-07-25T11:09:21: | Compute error for source "source3c" parameter "CutoffEnergy" |
2019-07-25T11:09:21: +==============================================================+
2019-07-25T11:09:21:  Confidence level ..........: 68 %
2019-07-25T11:09:21:  Log-likelihood difference .: 0.494473
2019-07-25T11:09:21:  Initial factor range ......: [0.01, 138.108898740547]
2019-07-25T11:09:31:    Iteration 1 .............: [0.01, 13.3891919403069]
2019-07-25T11:09:42:    Iteration 2 .............: [6.69959597015345, 13.3891919403069]
2019-07-25T11:09:52:    Iteration 3 .............: [6.69959597015345, 10.0443939552302]
2019-07-25T11:10:02:    Iteration 4 .............: [6.69959597015345, 8.37199496269182]
2019-07-25T11:10:12:    Iteration 5 .............: [6.69959597015345, 7.53579546642263]
2019-07-25T11:10:22:    Iteration 6 .............: [6.69959597015345, 7.11769571828804]
2019-07-25T11:10:32:    Iteration 7 .............: [6.69959597015345, 6.90864584422075]
2019-07-25T11:10:43:    Iteration 8 .............: [6.69959597015345, 6.8041209071871]
2019-07-25T11:10:53:    Iteration 9 .............: [6.75185843867028, 6.8041209071871]
2019-07-25T11:11:03:    Iteration 10 ............: [6.77798967292869, 6.8041209071871]
2019-07-25T11:11:13:    Iteration 11 ............: [6.77798967292869, 6.79105529005789]
2019-07-25T11:11:23:    Iteration 1 .............: [13.3891919403069, 138.108898740547]
2019-07-25T11:11:33:    Iteration 2 .............: [75.7490453404268, 138.108898740547]
2019-07-25T11:11:43:    Iteration 3 .............: [106.928972040487, 138.108898740547]
2019-07-25T11:11:53:    Iteration 4 .............: [122.518935390517, 138.108898740547]
2019-07-25T11:12:03:    Iteration 5 .............: [130.313917065532, 138.108898740547]
2019-07-25T11:12:13:    Iteration 6 .............: [134.211407903039, 138.108898740547]
2019-07-25T11:12:23:    Iteration 7 .............: [136.160153321793, 138.108898740547]
2019-07-25T11:12:34:    Iteration 8 .............: [137.13452603117, 138.108898740547]
2019-07-25T11:12:44:    Iteration 9 .............: [137.621712385858, 138.108898740547]
2019-07-25T11:12:54:    Iteration 10 ............: [137.865305563202, 138.108898740547]
2019-07-25T11:13:04:    Iteration 11 ............: [137.987102151875, 138.108898740547]
2019-07-25T11:13:15:    Iteration 12 ............: [138.048000446211, 138.108898740547]
2019-07-25T11:13:25:    Iteration 13 ............: [138.078449593379, 138.108898740547]
2019-07-25T11:13:35:    Iteration 14 ............: [138.093674166963, 138.108898740547]
2019-07-25T11:13:46:    Iteration 15 ............: [138.101286453755, 138.108898740547]
2019-07-25T11:13:56:    Iteration 16 ............: [138.105092597151, 138.108898740547]
2019-07-25T11:14:06:    Iteration 17 ............: [138.106995668849, 138.108898740547]
2019-07-25T11:14:17:    Iteration 18 ............: [138.107947204698, 138.108898740547]
2019-07-25T11:14:27:    Iteration 19 ............: [138.108422972622, 138.108898740547]
2019-07-25T11:14:37:    Iteration 20 ............: [138.108660856584, 138.108898740547]
2019-07-25T11:14:48:    Iteration 21 ............: [138.108779798566, 138.108898740547]
2019-07-25T11:14:58:    Iteration 22 ............: [138.108839269556, 138.108898740547]
2019-07-25T11:15:08:    Iteration 23 ............: [138.108869005051, 138.108898740547]
2019-07-25T11:15:18:    Iteration 24 ............: [138.108883872799, 138.108898740547]
2019-07-25T11:15:28:    Iteration 25 ............: [138.108891306673, 138.108898740547]
2019-07-25T11:15:38:    Iteration 26 ............: [138.10889502361, 138.108898740547]
2019-07-25T11:15:48:    Iteration 27 ............: [138.108896882078, 138.108898740547]
2019-07-25T11:15:59:    Iteration 28 ............: [138.108897811312, 138.108898740547]
2019-07-25T11:15:59:  Lower parameter factor ....: 6.78452
2019-07-25T11:15:59:  Upper parameter factor ....: 138.109
2019-07-25T11:15:59:  Error from curvature ......: 1247197068.0024 MeV
2019-07-25T11:15:59:  Error from profile ........: 6566218789.72181 MeV
2019-07-25T11:15:59:  Negative profile error ....: 660466945.881361 MeV
2019-07-25T11:15:59:  Positive profile error ....: 12471970633.5623 MeV
2019-07-25T11:15:59: 
2019-07-25T11:15:59: +==============+
2019-07-25T11:15:59: | Save results |
2019-07-25T11:15:59: +==============+
2019-07-25T11:15:59:  Model definition file .....: NONE
2019-07-25T11:15:59: 
2019-07-25T11:15:59: Application "cterror" terminated after 492 wall clock seconds, consuming 623.11 seconds of CPU time.
