2019-07-22T12:14:45: ********************************************************************************
2019-07-22T12:14:45: *                                   ctobssim                                   *
2019-07-22T12:14:45: * ---------------------------------------------------------------------------- *
2019-07-22T12:14:45: * Version: 1.6.0                                                               *
2019-07-22T12:14:45: ********************************************************************************
2019-07-22T12:14:45: +============+
2019-07-22T12:14:45: | Parameters |
2019-07-22T12:14:45: +============+
2019-07-22T12:14:45:  inobs .....................: NONE
2019-07-22T12:14:45:  inmodel ...................: /cta/carli/anaconda3/share/models/source3c.xml
2019-07-22T12:14:45:  caldb .....................: prod3b-v2
2019-07-22T12:14:45:  irf .......................: plus_step_AEff_South_z40_50h
2019-07-22T12:14:45:  edisp .....................: yes
2019-07-22T12:14:45:  outevents .................: /cta/carli/CPPM_Internship/Simulations_and_Analyses/plus_step_AEff_South_z40_50h/source3c/obs.fits
2019-07-22T12:14:45:  prefix ....................: sim_events_
2019-07-22T12:14:45:  startindex ................: 1
2019-07-22T12:14:45:  seed ......................: 1000
2019-07-22T12:14:45:  ra ........................: 84.1331
2019-07-22T12:14:45:  dec .......................: 22.0145
2019-07-22T12:14:45:  rad .......................: 0.8
2019-07-22T12:14:45:  tmin ......................: 0
2019-07-22T12:14:45:  tmax ......................: 144000
2019-07-22T12:14:45:  mjdref ....................: 51544.5
2019-07-22T12:14:45:  emin ......................: 0.1
2019-07-22T12:14:45:  emax ......................: 199.526229858398
2019-07-22T12:14:45:  deadc .....................: 0.98
2019-07-22T12:14:45:  maxrate ...................: 1.0e6
2019-07-22T12:14:45:  eslices ...................: 10
2019-07-22T12:14:45:  nthreads ..................: 0
2019-07-22T12:14:45:  publish ...................: no
2019-07-22T12:14:45:  chatter ...................: 4
2019-07-22T12:14:45:  clobber ...................: yes
2019-07-22T12:14:45:  debug .....................: no
2019-07-22T12:14:45:  mode ......................: ql
2019-07-22T12:14:45:  logfile ...................: ctobssim.log
2019-07-22T12:14:45: 
2019-07-22T12:14:45: +================+
2019-07-22T12:14:45: | Execution mode |
2019-07-22T12:14:45: +================+
2019-07-22T12:14:45:  Event list management .....: Save and dispose (reduces memory needs)
2019-07-22T12:14:45:  Output format .............: Write single event list FITS file
2019-07-22T12:14:45: 
2019-07-22T12:14:45: +=============+
2019-07-22T12:14:45: | Seed values |
2019-07-22T12:14:45: +=============+
2019-07-22T12:14:45:  Seed 0 ....................: 6233869624
2019-07-22T12:14:45: 
2019-07-22T12:14:45: +===================+
2019-07-22T12:14:45: | Input observation |
2019-07-22T12:14:45: +===================+
2019-07-22T12:14:45: === GObservations ===
2019-07-22T12:14:45:  Number of observations ....: 1
2019-07-22T12:14:45:  Number of models ..........: 2
2019-07-22T12:14:45:  Number of observed events .: 0
2019-07-22T12:14:45:  Number of predicted events : 0
2019-07-22T12:14:45: === GCTAObservation ===
2019-07-22T12:14:45:  Name ......................: 
2019-07-22T12:14:45:  Identifier ................: 
2019-07-22T12:14:45:  Instrument ................: CTA
2019-07-22T12:14:45:  Event file ................: 
2019-07-22T12:14:45:  Event type ................: EventList
2019-07-22T12:14:45:  Statistic .................: cstat
2019-07-22T12:14:45:  Ontime ....................: 144000 s
2019-07-22T12:14:45:  Livetime ..................: 141120 s
2019-07-22T12:14:45:  Deadtime correction .......: 0.98
2019-07-22T12:14:45:  User energy range .........: undefined
2019-07-22T12:14:45: === GCTAPointing ===
2019-07-22T12:14:45:  Pointing direction ........: (RA,Dec)=(84.1331,22.0145)
2019-07-22T12:14:45: === GCTAResponseIrf ===
2019-07-22T12:14:45:  Caldb mission .............: cta
2019-07-22T12:14:45:  Caldb instrument ..........: prod3b-v2
2019-07-22T12:14:45:  Response name .............: plus_step_AEff_South_z40_50h
2019-07-22T12:14:45:  Energy dispersion .........: Used
2019-07-22T12:14:45:  Safe energy range .........: undefined
2019-07-22T12:14:45: === GCaldb ===
2019-07-22T12:14:45:  Database root .............: /cta/carli/anaconda3/share/caldb
2019-07-22T12:14:45:  Selected Mission ..........: CTA
2019-07-22T12:14:45:  Selected Instrument .......: PROD3B-V2
2019-07-22T12:14:45:  Calibration Index File ....: /cta/carli/anaconda3/share/caldb/data/cta/prod3b-v2/caldb.indx
2019-07-22T12:14:45:  Number of entries .........: 240
2019-07-22T12:14:45: === GCTAAeff2D ===
2019-07-22T12:14:45:  Filename ..................: /cta/carli/anaconda3/share/caldb/data/cta/prod3b-v2/bcf/plus_step_AEff_South_z40_50h/irf_file.fits
2019-07-22T12:14:45:  Number of energy bins .....: 42
2019-07-22T12:14:45:  Number of offset bins .....: 6
2019-07-22T12:14:45:  Log10(Energy) range .......: 0.0125892544165254 - 199.526229858398 TeV
2019-07-22T12:14:45:  Offset angle range ........: 0 - 6 deg
2019-07-22T12:14:45:  Lower energy threshold ....: not specified
2019-07-22T12:14:45:  Upper energy threshold ....: not specified
2019-07-22T12:14:45:  Radius cut ................: none
2019-07-22T12:14:45: === GCTAPsf2D ===
2019-07-22T12:14:45:  Filename ..................: /cta/carli/anaconda3/share/caldb/data/cta/prod3b-v2/bcf/plus_step_AEff_South_z40_50h/irf_file.fits
2019-07-22T12:14:45:  Number of energy bins .....: 25
2019-07-22T12:14:45:  Number of offset bins .....: 6
2019-07-22T12:14:45:  Log10(Energy) range .......: 0.0125892544165254 - 1258.92541503906 TeV
2019-07-22T12:14:45:  Offset angle range ........: 0 - 6 deg
2019-07-22T12:14:45: === GCTAEdisp2D ===
2019-07-22T12:14:45:  Filename ..................: /cta/carli/anaconda3/share/caldb/data/cta/prod3b-v2/bcf/plus_step_AEff_South_z40_50h/irf_file.fits
2019-07-22T12:14:45:  Number of energy bins .....: 500
2019-07-22T12:14:45:  Number of migration bins ..: 300
2019-07-22T12:14:45:  Number of offset bins .....: 6
2019-07-22T12:14:45:  Log10(Energy) range .......: 0.00501187238842249 - 501.187225341797 TeV
2019-07-22T12:14:45:  Migration range ...........: 0 - 3
2019-07-22T12:14:45:  Offset angle range ........: 0 - 6 deg
2019-07-22T12:14:45: === GCTABackground3D ===
2019-07-22T12:14:45:  Filename ..................: /cta/carli/anaconda3/share/caldb/data/cta/prod3b-v2/bcf/plus_step_AEff_South_z40_50h/irf_file.fits
2019-07-22T12:14:45:  Number of DETX bins .......: 36
2019-07-22T12:14:45:  Number of DETY bins .......: 36
2019-07-22T12:14:45:  Number of energy bins .....: 21
2019-07-22T12:14:45:  DETX range ................: -6 - 6 deg
2019-07-22T12:14:45:  DETX range ................: -6 - 6 deg
2019-07-22T12:14:45:  Energy range ..............: 0.0125892544165254 - 199.526229858398 TeV
2019-07-22T12:14:45: === GCTAResponseCache ===
2019-07-22T12:14:45:  Number of cached values ...: 0
2019-07-22T12:14:45: === GCTAResponseCache ===
2019-07-22T12:14:45:  Number of cached values ...: 0
2019-07-22T12:14:45: === GCTAEventList ===
2019-07-22T12:14:45:  Number of events ..........: 0 (disposed without possibility to recover)
2019-07-22T12:14:45:  Time interval .............: 51544.5 - 51546.1666666667 days
2019-07-22T12:14:45: === GEbounds ===
2019-07-22T12:14:45:  Number of intervals .......: 1
2019-07-22T12:14:45:  Energy range ..............: 100 GeV - 199.526229858398 TeV
2019-07-22T12:14:45: === GCTARoi ===
2019-07-22T12:14:45:  RoI centre ................: RA=84.1331, DEC=22.0145 [0,0]
2019-07-22T12:14:45:  RoI radius ................: 0.8 deg
2019-07-22T12:14:45: === GSkyRegions ===
2019-07-22T12:14:45:  Number of regions .........: 0
2019-07-22T12:14:45: === GModels ===
2019-07-22T12:14:45:  Number of models ..........: 2
2019-07-22T12:14:45:  Number of parameters ......: 11
2019-07-22T12:14:45: === GModelSky ===
2019-07-22T12:14:45:  Name ......................: source3c
2019-07-22T12:14:45:  Instruments ...............: all
2019-07-22T12:14:45:  Test Statistic ............: Computation requested
2019-07-22T12:14:45:  Observation identifiers ...: all
2019-07-22T12:14:45:  Model type ................: PointSource
2019-07-22T12:14:45:  Model components ..........: "PointSource" * "ExponentialCutoffPowerLaw" * "Constant"
2019-07-22T12:14:45:  Number of parameters ......: 7
2019-07-22T12:14:45:  Number of spatial par's ...: 2
2019-07-22T12:14:45:   RA .......................: 83.6331 [-360,360] deg (fixed,scale=1)
2019-07-22T12:14:45:   DEC ......................: 22.0145 [-90,90] deg (fixed,scale=1)
2019-07-22T12:14:45:  Number of spectral par's ..: 4
2019-07-22T12:14:45:   Prefactor ................: 2.28e-18 +/- 0 [1e-25,1e-15] ph/cm2/s/MeV (free,scale=1e-18,gradient)
2019-07-22T12:14:45:   Index ....................: -2 +/- 0 [-0,-5]  (free,scale=-1,gradient)
2019-07-22T12:14:45:   CutoffEnergy .............: 200000000 +/- 0 [1000000,100000000000] MeV (free,scale=100000000,gradient)
2019-07-22T12:14:45:   PivotEnergy ..............: 1000000 [10000,1000000000] MeV (fixed,scale=1000000,gradient)
2019-07-22T12:14:45:  Number of temporal par's ..: 1
2019-07-22T12:14:45:   Normalization ............: 1 (relative value) (fixed,scale=1,gradient)
2019-07-22T12:14:45:  Number of scale par's .....: 0
2019-07-22T12:14:45: === GCTAModelIrfBackground ===
2019-07-22T12:14:45:  Name ......................: CTABackgroundModel
2019-07-22T12:14:45:  Instruments ...............: CTA
2019-07-22T12:14:45:  Test Statistic ............: Computation requested
2019-07-22T12:14:45:  Observation identifiers ...: all
2019-07-22T12:14:45:  Model type ................: "PowerLaw" * "Constant"
2019-07-22T12:14:45:  Number of parameters ......: 4
2019-07-22T12:14:45:  Number of spectral par's ..: 3
2019-07-22T12:14:45:   Prefactor ................: 1 +/- 0 [0.001,1000] ph/cm2/s/MeV (free,scale=1,gradient)
2019-07-22T12:14:45:   Index ....................: 0 +/- 0 [-5,5]  (free,scale=1,gradient)
2019-07-22T12:14:45:   PivotEnergy ..............: 1000000 [10000,1000000000] MeV (fixed,scale=1000000,gradient)
2019-07-22T12:14:45:  Number of temporal par's ..: 1
2019-07-22T12:14:45:   Normalization ............: 1 (relative value) (fixed,scale=1,gradient)
2019-07-22T12:14:45: 
2019-07-22T12:14:45: +======================+
2019-07-22T12:14:45: | Simulate observation |
2019-07-22T12:14:45: +======================+
2019-07-22T12:14:45: === CTA observation ===
2019-07-22T12:14:45:  Simulation cone ...........: RA=84.1331 deg, Dec=22.0145 deg, radius=1.3 deg
2019-07-22T12:14:45:  Time interval .............: 0 - 144000 s
2019-07-22T12:14:46:  Photon energy range .......: 41.1040776139221 GeV - 509.274482994276 GeV
2019-07-22T12:14:46:  Event energy range ........: 100 GeV - 213.796208774656 GeV
2019-07-22T12:14:46:   Simulation area ..........: 1.30989e+10 cm2
2019-07-22T12:14:46:   Use model ................: source3c
2019-07-22T12:14:46:   Normalization ............: 1 [source3c]
2019-07-22T12:14:46:   Flux .....................: 5.09633e-11 [source3c] photons/cm2/s
2019-07-22T12:14:46:   Normalized flux ..........: 5.09633e-11 [source3c] photons/cm2/s
2019-07-22T12:14:46:   Photon rate ..............: 0.667561 photons/s [source3c]
2019-07-22T12:14:46:   Time slice ...............: 0 - 144000 s [source3c]
2019-07-22T12:14:46:   MC source photons/slice ..: 96512 [source3c]
2019-07-22T12:14:46:   MC source photons ........: 96512 [source3c]
2019-07-22T12:14:46:   MC source events .........: 3259 [source3c]
2019-07-22T12:14:46:   MC source events .........: 3259 (all source models)
2019-07-22T12:14:46:  Photon energy range .......: 100.88253715168 GeV - 860.678033986988 GeV
2019-07-22T12:14:46:  Event energy range ........: 213.796208774656 GeV - 457.088188864163 GeV
2019-07-22T12:14:46:   Simulation area ..........: 1.96597e+10 cm2
2019-07-22T12:14:46:   Use model ................: source3c
2019-07-22T12:14:46:   Normalization ............: 1 [source3c]
2019-07-22T12:14:46:   Flux .....................: 1.99271e-11 [source3c] photons/cm2/s
2019-07-22T12:14:46:   Normalized flux ..........: 1.99271e-11 [source3c] photons/cm2/s
2019-07-22T12:14:46:   Photon rate ..............: 0.391761 photons/s [source3c]
2019-07-22T12:14:46:   Time slice ...............: 0 - 144000 s [source3c]
2019-07-22T12:14:46:   MC source photons/slice ..: 56445 [source3c]
2019-07-22T12:14:46:   MC source photons ........: 56445 [source3c]
2019-07-22T12:14:46:   MC source events .........: 3584 [source3c]
2019-07-22T12:14:46:   MC source events .........: 3584 (all source models)
2019-07-22T12:14:46:  Photon energy range .......: 265.018144252 GeV - 1.57081442112741 TeV
2019-07-22T12:14:46:  Event energy range ........: 457.088188864163 GeV - 977.237218548317 GeV
2019-07-22T12:14:46:   Simulation area ..........: 3.79845e+10 cm2
2019-07-22T12:14:46:   Use model ................: source3c
2019-07-22T12:14:46:   Normalization ............: 1 [source3c]
2019-07-22T12:14:46:   Flux .....................: 7.13146e-12 [source3c] photons/cm2/s
2019-07-22T12:14:46:   Normalized flux ..........: 7.13146e-12 [source3c] photons/cm2/s
2019-07-22T12:14:46:   Photon rate ..............: 0.270885 photons/s [source3c]
2019-07-22T12:14:46:   Time slice ...............: 0 - 144000 s [source3c]
2019-07-22T12:14:46:   MC source photons/slice ..: 38966 [source3c]
2019-07-22T12:14:46:   MC source photons ........: 38966 [source3c]
2019-07-22T12:14:46:   MC source events .........: 2917 [source3c]
2019-07-22T12:14:46:   MC source events .........: 2917 (all source models)
2019-07-22T12:14:46:  Photon energy range .......: 625.275670425715 GeV - 3.04099144442538 TeV
2019-07-22T12:14:46:  Event energy range ........: 977.237218548317 GeV - 2.0892961239912 TeV
2019-07-22T12:14:46:   Simulation area ..........: 5.93524e+10 cm2
2019-07-22T12:14:46:   Use model ................: source3c
2019-07-22T12:14:46:   Normalization ............: 1 [source3c]
2019-07-22T12:14:46:   Flux .....................: 2.87868e-12 [source3c] photons/cm2/s
2019-07-22T12:14:46:   Normalized flux ..........: 2.87868e-12 [source3c] photons/cm2/s
2019-07-22T12:14:46:   Photon rate ..............: 0.170856 photons/s [source3c]
2019-07-22T12:14:46:   Time slice ...............: 0 - 144000 s [source3c]
2019-07-22T12:14:46:   MC source photons/slice ..: 24611 [source3c]
2019-07-22T12:14:46:   MC source photons ........: 24611 [source3c]
2019-07-22T12:14:46:   MC source events .........: 2870 [source3c]
2019-07-22T12:14:46:   MC source events .........: 2870 (all source models)
2019-07-22T12:14:46:  Photon energy range .......: 1.52598487124743 TeV - 6.09062686094979 TeV
2019-07-22T12:14:46:  Event energy range ........: 2.0892961239912 TeV - 4.46683590316902 TeV
2019-07-22T12:14:46:   Simulation area ..........: 6.69297e+10 cm2
2019-07-22T12:14:46:   Use model ................: source3c
2019-07-22T12:14:46:   Normalization ............: 1 [source3c]
2019-07-22T12:14:46:   Flux .....................: 1.10412e-12 [source3c] photons/cm2/s
2019-07-22T12:14:46:   Normalized flux ..........: 1.10412e-12 [source3c] photons/cm2/s
2019-07-22T12:14:46:   Photon rate ..............: 0.0738985 photons/s [source3c]
2019-07-22T12:14:46:   Time slice ...............: 0 - 144000 s [source3c]
2019-07-22T12:14:46:   MC source photons/slice ..: 10593 [source3c]
2019-07-22T12:14:46:   MC source photons ........: 10593 [source3c]
2019-07-22T12:14:46:   MC source events .........: 2262 [source3c]
2019-07-22T12:14:46:   MC source events .........: 2262 (all source models)
2019-07-22T12:14:46:  Photon energy range .......: 3.46329780546817 TeV - 13.5112010225502 TeV
2019-07-22T12:14:46:  Event energy range ........: 4.46683590316902 TeV - 9.54992581316053 TeV
2019-07-22T12:14:46:   Simulation area ..........: 8.2338e+10 cm2
2019-07-22T12:14:46:   Use model ................: source3c
2019-07-22T12:14:46:   Normalization ............: 1 [source3c]
2019-07-22T12:14:46:   Flux .....................: 4.74347e-13 [source3c] photons/cm2/s
2019-07-22T12:14:46:   Normalized flux ..........: 4.74347e-13 [source3c] photons/cm2/s
2019-07-22T12:14:46:   Photon rate ..............: 0.0390568 photons/s [source3c]
2019-07-22T12:14:46:   Time slice ...............: 0 - 144000 s [source3c]
2019-07-22T12:14:46:   MC source photons/slice ..: 5727 [source3c]
2019-07-22T12:14:46:   MC source photons ........: 5727 [source3c]
2019-07-22T12:14:46:   MC source events .........: 1262 [source3c]
2019-07-22T12:14:46:   MC source events .........: 1262 (all source models)
2019-07-22T12:14:46:  Photon energy range .......: 7.57686977261953 TeV - 27.092165885067 TeV
2019-07-22T12:14:46:  Event energy range ........: 9.54992581316053 TeV - 20.4173793293294 TeV
2019-07-22T12:14:46:   Simulation area ..........: 1.06568e+11 cm2
2019-07-22T12:14:46:   Use model ................: source3c
2019-07-22T12:14:46:   Normalization ............: 1 [source3c]
2019-07-22T12:14:46:   Flux .....................: 2.02774e-13 [source3c] photons/cm2/s
2019-07-22T12:14:46:   Normalized flux ..........: 2.02774e-13 [source3c] photons/cm2/s
2019-07-22T12:14:46:   Photon rate ..............: 0.0216093 photons/s [source3c]
2019-07-22T12:14:46:   Time slice ...............: 0 - 144000 s [source3c]
2019-07-22T12:14:46:   MC source photons/slice ..: 3108 [source3c]
2019-07-22T12:14:46:   MC source photons ........: 3108 [source3c]
2019-07-22T12:14:46:   MC source events .........: 664 [source3c]
2019-07-22T12:14:46:   MC source events .........: 664 (all source models)
2019-07-22T12:14:46:  Photon energy range .......: 15.830324777243 TeV - 56.4077240740645 TeV
2019-07-22T12:14:46:  Event energy range ........: 20.4173793293294 TeV - 43.6515829372465 TeV
2019-07-22T12:14:46:   Simulation area ..........: 1.11203e+11 cm2
2019-07-22T12:14:46:   Use model ................: source3c
2019-07-22T12:14:46:   Normalization ............: 1 [source3c]
2019-07-22T12:14:46:   Flux .....................: 9.02118e-14 [source3c] photons/cm2/s
2019-07-22T12:14:46:   Normalized flux ..........: 9.02118e-14 [source3c] photons/cm2/s
2019-07-22T12:14:46:   Photon rate ..............: 0.0100319 photons/s [source3c]
2019-07-22T12:14:46:   Time slice ...............: 0 - 144000 s [source3c]
2019-07-22T12:14:46:   MC source photons/slice ..: 1413 [source3c]
2019-07-22T12:14:46:   MC source photons ........: 1413 [source3c]
2019-07-22T12:14:46:   MC source events .........: 344 [source3c]
2019-07-22T12:14:46:   MC source events .........: 344 (all source models)
2019-07-22T12:14:46:  Photon energy range .......: 34.3839906563315 TeV - 116.046716746149 TeV
2019-07-22T12:14:46:  Event energy range ........: 43.6515829372465 TeV - 93.3254293899579 TeV
2019-07-22T12:14:46:   Simulation area ..........: 1.37203e+11 cm2
2019-07-22T12:14:46:   Use model ................: source3c
2019-07-22T12:14:46:   Normalization ............: 1 [source3c]
2019-07-22T12:14:46:   Flux .....................: 3.4859e-14 [source3c] photons/cm2/s
2019-07-22T12:14:46:   Normalized flux ..........: 3.4859e-14 [source3c] photons/cm2/s
2019-07-22T12:14:46:   Photon rate ..............: 0.00478277 photons/s [source3c]
2019-07-22T12:14:46:   Time slice ...............: 0 - 144000 s [source3c]
2019-07-22T12:14:46:   MC source photons/slice ..: 693 [source3c]
2019-07-22T12:14:46:   MC source photons ........: 693 [source3c]
2019-07-22T12:14:46:   MC source events .........: 120 [source3c]
2019-07-22T12:14:46:   MC source events .........: 120 (all source models)
2019-07-22T12:14:46:  Photon energy range .......: 79.1906822067056 TeV - 239.08155027665 TeV
2019-07-22T12:14:46:  Event energy range ........: 93.3254293899579 TeV - 199.526229858398 TeV
2019-07-22T12:14:46:   Simulation area ..........: 1.51734e+11 cm2
2019-07-22T12:14:46:   Use model ................: source3c
2019-07-22T12:14:46:   Normalization ............: 1 [source3c]
2019-07-22T12:14:46:   Flux .....................: 1.02261e-14 [source3c] photons/cm2/s
2019-07-22T12:14:46:   Normalized flux ..........: 1.02261e-14 [source3c] photons/cm2/s
2019-07-22T12:14:46:   Photon rate ..............: 0.00155165 photons/s [source3c]
2019-07-22T12:14:46:   Time slice ...............: 0 - 144000 s [source3c]
2019-07-22T12:14:46:   MC source photons/slice ..: 218 [source3c]
2019-07-22T12:14:46:   MC source photons ........: 218 [source3c]
2019-07-22T12:14:46:   MC source events .........: 69 [source3c]
2019-07-22T12:14:46:   MC source events .........: 69 (all source models)
2019-07-22T12:14:46:  MC source photons .........: 238286 [source3c]
2019-07-22T12:14:46:  MC source events ..........: 17351 [source3c]
2019-07-22T12:15:03:  MC events outside ROI .....: 0
2019-07-22T12:15:03:  MC background events ......: 303781
2019-07-22T12:15:03:  MC identifier 1 ...........: source3c
2019-07-22T12:15:03:  MC identifier 2 ...........: CTABackgroundModel
2019-07-22T12:15:03:  MC events .................: 321132 (all models)
2019-07-22T12:15:04: 
2019-07-22T12:15:04: +==================+
2019-07-22T12:15:04: | Save observation |
2019-07-22T12:15:04: +==================+
2019-07-22T12:15:04: 
2019-07-22T12:15:04: Application "ctobssim" terminated after 19 wall clock seconds, consuming 18.76 seconds of CPU time.
