2019-07-22T13:22:34: ********************************************************************************
2019-07-22T13:22:34: *                                   csresspec                                  *
2019-07-22T13:22:34: * ---------------------------------------------------------------------------- *
2019-07-22T13:22:34: * Version: 1.6.0                                                               *
2019-07-22T13:22:34: ********************************************************************************
2019-07-22T13:22:35: +============+
2019-07-22T13:22:35: | Parameters |
2019-07-22T13:22:35: +============+
2019-07-22T13:22:35:  inobs .....................: /cta/carli/CPPM_Internship/Simulations_and_Analyses/plus_gradient_AEff_South_z40_50h/source1a/obs_cube.fits
2019-07-22T13:22:35:  inmodel ...................: /cta/carli/CPPM_Internship/Simulations_and_Analyses/plus_gradient_AEff_South_z40_50h/source1a/obsmodel_binned.xml
2019-07-22T13:22:35:  modcube ...................: /cta/carli/CPPM_Internship/Simulations_and_Analyses/plus_gradient_AEff_South_z40_50h/source1a/obsmodel_cube.fits
2019-07-22T13:22:35:  expcube ...................: /cta/carli/CPPM_Internship/Simulations_and_Analyses/plus_gradient_AEff_South_z40_50h/source1a/exposure_cube.fits
2019-07-22T13:22:35:  psfcube ...................: /cta/carli/CPPM_Internship/Simulations_and_Analyses/plus_gradient_AEff_South_z40_50h/source1a/PSF_cube.fits
2019-07-22T13:22:35:  edispcube .................: /cta/carli/CPPM_Internship/Simulations_and_Analyses/plus_gradient_AEff_South_z40_50h/source1a/edisp_cube.fits
2019-07-22T13:22:35:  bkgcube ...................: /cta/carli/CPPM_Internship/Simulations_and_Analyses/plus_gradient_AEff_South_z40_50h/source1a/background_cube.fits
2019-07-22T13:22:35:  caldb .....................: prod3b-v2
2019-07-22T13:22:35:  irf .......................: plus_gradient_AEff_South_z40_50h
2019-07-22T13:22:35:  edisp .....................: yes
2019-07-22T13:22:35:  outfile ...................: /cta/carli/CPPM_Internship/Simulations_and_Analyses/plus_gradient_AEff_South_z40_50h/source1a/residuals_binned.fits
2019-07-22T13:22:35:  statistic .................: DEFAULT
2019-07-22T13:22:35:  components ................: yes
2019-07-22T13:22:35:  ebinalg ...................: LOG
2019-07-22T13:22:35:  emin ......................: 0.1
2019-07-22T13:22:35:  emax ......................: 199.526229858398
2019-07-22T13:22:35:  enumbins ..................: 32
2019-07-22T13:22:35:  ebinfile ..................: [not queried]
2019-07-22T13:22:35:  stack .....................: [not queried]
2019-07-22T13:22:35:  coordsys ..................: [not queried]
2019-07-22T13:22:35:  proj ......................: [not queried]
2019-07-22T13:22:35:  xref ......................: [not queried]
2019-07-22T13:22:35:  yref ......................: [not queried]
2019-07-22T13:22:35:  nxpix .....................: [not queried]
2019-07-22T13:22:35:  nypix .....................: [not queried]
2019-07-22T13:22:35:  binsz .....................: [not queried]
2019-07-22T13:22:35:  mask ......................: no
2019-07-22T13:22:35:  ra ........................: [not queried]
2019-07-22T13:22:35:  dec .......................: [not queried]
2019-07-22T13:22:35:  rad .......................: [not queried]
2019-07-22T13:22:35:  regfile ...................: [not queried]
2019-07-22T13:22:35:  algorithm .................: SUB
2019-07-22T13:22:35:  publish ...................: no
2019-07-22T13:22:35:  chatter ...................: 4
2019-07-22T13:22:35:  clobber ...................: yes
2019-07-22T13:22:35:  debug .....................: no
2019-07-22T13:22:35:  mode ......................: ql
2019-07-22T13:22:35:  logfile ...................: csresspec.log
2019-07-22T13:22:35: 
2019-07-22T13:22:35: +====================+
2019-07-22T13:22:35: | Observation census |
2019-07-22T13:22:35: +====================+
2019-07-22T13:22:35:  Unbinned CTA observations .: 0
2019-07-22T13:22:35:  Binned CTA observations ...: 1
2019-07-22T13:22:35:  On/off CTA observations ...: 0
2019-07-22T13:22:35:  Other observations ........: 0
2019-07-22T13:22:35: 
2019-07-22T13:22:35: +=============+
2019-07-22T13:22:35: | Observation |
2019-07-22T13:22:35: +=============+
2019-07-22T13:22:35: === GObservations ===
2019-07-22T13:22:35:  Number of observations ....: 1
2019-07-22T13:22:35:  Number of models ..........: 2
2019-07-22T13:22:35:  Number of observed events .: 309208
2019-07-22T13:22:35:  Number of predicted events : 0
2019-07-22T13:22:35: === GCTAObservation ===
2019-07-22T13:22:35:  Name ......................: 
2019-07-22T13:22:35:  Identifier ................: 000001
2019-07-22T13:22:35:  Instrument ................: CTA
2019-07-22T13:22:35:  Event file ................: /cta/carli/CPPM_Internship/Simulations_and_Analyses/plus_gradient_AEff_South_z40_50h/source1a/obs_cube.fits
2019-07-22T13:22:35:  Event type ................: CountsCube
2019-07-22T13:22:35:  Statistic .................: cstat
2019-07-22T13:22:35:  Ontime ....................: 144000 s
2019-07-22T13:22:35:  Livetime ..................: 141120 s
2019-07-22T13:22:35:  Deadtime correction .......: 0.98
2019-07-22T13:22:35:  User energy range .........: undefined
2019-07-22T13:22:35: === GCTAPointing ===
2019-07-22T13:22:35:  Pointing direction ........: (RA,Dec)=(84.1331,22.0145)
2019-07-22T13:22:35: === GCTAResponseCube ===
2019-07-22T13:22:35:  Energy dispersion .........: Not used
2019-07-22T13:22:35: === GCTACubeExposure ===
2019-07-22T13:22:35:  Filename ..................: /cta/carli/CPPM_Internship/Simulations_and_Analyses/plus_gradient_AEff_South_z40_50h/source1a/exposure_cube.fits
2019-07-22T13:22:35:  Livetime ..................: 141120 sec
2019-07-22T13:22:35: === GEnergies ===
2019-07-22T13:22:35:  Number of energies ........: 33
2019-07-22T13:22:35: === GGti ===
2019-07-22T13:22:35:  Number of intervals .......: 1
2019-07-22T13:22:35:  Ontime ....................: 144000 sec
2019-07-22T13:22:35:  Elapsed time ..............: 144000 sec
2019-07-22T13:22:35:  MJD range .................: 51544.5 - 51546.1666666667 s (TT)
2019-07-22T13:22:35:  UTC range .................: 2000-01-01T11:58:56 - 2000-01-03T03:58:56 s (TT)
2019-07-22T13:22:35:  Reference MJD .............: 51544.5
2019-07-22T13:22:35: === GSkyMap ===
2019-07-22T13:22:35:  Number of pixels ..........: 6400
2019-07-22T13:22:35:  X axis dimension ..........: 80
2019-07-22T13:22:35:  Y axis dimension ..........: 80
2019-07-22T13:22:35:  Number of maps ............: 33
2019-07-22T13:22:35:  Shape of maps .............: (33)
2019-07-22T13:22:35: === GCTACubePsf ===
2019-07-22T13:22:35:  Filename ..................: /cta/carli/CPPM_Internship/Simulations_and_Analyses/plus_gradient_AEff_South_z40_50h/source1a/PSF_cube.fits
2019-07-22T13:22:35: === GEnergies ===
2019-07-22T13:22:35:  Number of energies ........: 33
2019-07-22T13:22:35:  Number of delta bins ......: 200
2019-07-22T13:22:35:  Delta range ...............: 1.875e-06 - 0.298501875 deg
2019-07-22T13:22:35: === GSkyMap ===
2019-07-22T13:22:35:  Number of pixels ..........: 1
2019-07-22T13:22:35:  X axis dimension ..........: 1
2019-07-22T13:22:35:  Y axis dimension ..........: 1
2019-07-22T13:22:35:  Number of maps ............: 6600
2019-07-22T13:22:35:  Shape of maps .............: (200, 33)
2019-07-22T13:22:35: === GCTACubeEdisp ===
2019-07-22T13:22:35:  Filename ..................: /cta/carli/CPPM_Internship/Simulations_and_Analyses/plus_gradient_AEff_South_z40_50h/source1a/edisp_cube.fits
2019-07-22T13:22:35: === GEnergies ===
2019-07-22T13:22:35:  Number of energies ........: 33
2019-07-22T13:22:35:  Number of migra bins ......: 100
2019-07-22T13:22:35:  Migra range ...............: 0.02 - 2
2019-07-22T13:22:35: === GSkyMap ===
2019-07-22T13:22:35:  Number of pixels ..........: 1
2019-07-22T13:22:35:  X axis dimension ..........: 1
2019-07-22T13:22:35:  Y axis dimension ..........: 1
2019-07-22T13:22:35:  Number of maps ............: 3300
2019-07-22T13:22:35:  Shape of maps .............: (100, 33)
2019-07-22T13:22:35: === GCTACubeBackground ===
2019-07-22T13:22:35:  Filename ..................: /cta/carli/CPPM_Internship/Simulations_and_Analyses/plus_gradient_AEff_South_z40_50h/source1a/background_cube.fits
2019-07-22T13:22:35: === GEbounds ===
2019-07-22T13:22:35:  Number of intervals .......: 32
2019-07-22T13:22:35:  Energy range ..............: 100 GeV - 199.526229858398 TeV
2019-07-22T13:22:35: === GSkyMap ===
2019-07-22T13:22:35:  Number of pixels ..........: 6400
2019-07-22T13:22:35:  X axis dimension ..........: 80
2019-07-22T13:22:35:  Y axis dimension ..........: 80
2019-07-22T13:22:35:  Number of maps ............: 32
2019-07-22T13:22:35:  Shape of maps .............: (32)
2019-07-22T13:22:35: === GCTAResponseCache ===
2019-07-22T13:22:35:  Number of cached values ...: 0
2019-07-22T13:22:35: === GCTAEventCube ===
2019-07-22T13:22:35:  Number of events ..........: 309208
2019-07-22T13:22:35:  Number of elements ........: 204800
2019-07-22T13:22:35:  Number of pixels ..........: 6400
2019-07-22T13:22:35:  Number of energy bins .....: 32
2019-07-22T13:22:35:  Time interval .............: 51544.5 - 51546.1666666667 days
2019-07-22T13:22:35:  Pointing ..................: (RA,Dec)=(84.1331,22.0145)
2019-07-22T13:22:35: === GEbounds ===
2019-07-22T13:22:35:  Number of intervals .......: 32
2019-07-22T13:22:35:  Energy range ..............: 100 GeV - 199.526229858398 TeV
2019-07-22T13:22:35: === GSkyMap ===
2019-07-22T13:22:35:  Number of pixels ..........: 6400
2019-07-22T13:22:35:  X axis dimension ..........: 80
2019-07-22T13:22:35:  Y axis dimension ..........: 80
2019-07-22T13:22:35:  Number of maps ............: 32
2019-07-22T13:22:35:  Shape of maps .............: (32)
2019-07-22T13:22:35: === GSkyRegions ===
2019-07-22T13:22:35:  Number of regions .........: 0
2019-07-22T13:22:35: === GModels ===
2019-07-22T13:22:35:  Number of models ..........: 2
2019-07-22T13:22:35:  Number of parameters ......: 11
2019-07-22T13:22:35: === GModelSky ===
2019-07-22T13:22:35:  Name ......................: source1a
2019-07-22T13:22:35:  Instruments ...............: all
2019-07-22T13:22:35:  Test Statistic ............: 15080.579
2019-07-22T13:22:35:  Observation identifiers ...: all
2019-07-22T13:22:35:  Model type ................: PointSource
2019-07-22T13:22:35:  Model components ..........: "PointSource" * "ExponentialCutoffPowerLaw" * "Constant"
2019-07-22T13:22:35:  Number of parameters ......: 7
2019-07-22T13:22:35:  Number of spatial par's ...: 2
2019-07-22T13:22:35:   RA .......................: 83.6331 [-360,360] deg (fixed,scale=1)
2019-07-22T13:22:35:   DEC ......................: 22.0145 [-90,90] deg (fixed,scale=1)
2019-07-22T13:22:35:  Number of spectral par's ..: 4
2019-07-22T13:22:35:   Prefactor ................: 7.65883722717456e-19 +/- 1.42201409231699e-20 [1e-26,1e-16] ph/cm2/s/MeV (free,scale=1e-19,gradient)
2019-07-22T13:22:35:   Index ....................: -2.02903690044244 +/- 0.0180596725390296 [-0,-5]  (free,scale=-1,gradient)
2019-07-22T13:22:35:   CutoffEnergy .............: 64040258.4143646 +/- 12600485.1239889 [100000,10000000000] MeV (free,scale=10000000,gradient)
2019-07-22T13:22:35:   PivotEnergy ..............: 1000000 [10000,1000000000] MeV (fixed,scale=1000000,gradient)
2019-07-22T13:22:35:  Number of temporal par's ..: 1
2019-07-22T13:22:35:   Normalization ............: 1 (relative value) (fixed,scale=1,gradient)
2019-07-22T13:22:35:  Number of scale par's .....: 0
2019-07-22T13:22:35: === GCTAModelCubeBackground ===
2019-07-22T13:22:35:  Name ......................: BackgroundModel
2019-07-22T13:22:35:  Instruments ...............: CTA, HESS, MAGIC, VERITAS
2019-07-22T13:22:35:  Observation identifiers ...: all
2019-07-22T13:22:35:  Model type ................: "PowerLaw" * "Constant"
2019-07-22T13:22:35:  Number of parameters ......: 4
2019-07-22T13:22:35:  Number of spectral par's ..: 3
2019-07-22T13:22:35:   Prefactor ................: 0.992331247000321 +/- 0.00440901220070083 [0.01,100] ph/cm2/s/MeV (free,scale=1,gradient)
2019-07-22T13:22:35:   Index ....................: -0.00381645664947119 +/- 0.0025692666375309 [-5,5]  (free,scale=1,gradient)
2019-07-22T13:22:35:   PivotEnergy ..............: 1000000 MeV (fixed,scale=1000000,gradient)
2019-07-22T13:22:35:  Number of temporal par's ..: 1
2019-07-22T13:22:35:   Normalization ............: 1 (relative value) (fixed,scale=1,gradient)
2019-07-22T13:22:35: 
2019-07-22T13:22:35: +=========================+
2019-07-22T13:22:35: | Processing Observations |
2019-07-22T13:22:35: +=========================+
2019-07-22T13:22:35: Computing model cube
2019-07-22T13:22:41: Computing counts, model, and residual spectra
2019-07-22T13:22:41:  Computing model component .: source1a
2019-07-22T13:22:46:  Computing model component .: BackgroundModel
2019-07-22T13:22:46: Filling residual table
2019-07-22T13:22:46: 
2019-07-22T13:22:46: +================+
2019-07-22T13:22:46: | Save residuals |
2019-07-22T13:22:46: +================+
2019-07-22T13:22:46:  Residuals file ............: /cta/carli/CPPM_Internship/Simulations_and_Analyses/plus_gradient_AEff_South_z40_50h/source1a/residuals_binned.fits
2019-07-22T13:22:46: 
2019-07-22T13:22:46: Application "csresspec" terminated after 12 wall clock seconds, consuming 14.02 seconds of CPU time.
