2019-07-25T09:35:20: ********************************************************************************
2019-07-25T09:35:20: *                                    cterror                                   *
2019-07-25T09:35:20: * ---------------------------------------------------------------------------- *
2019-07-25T09:35:20: * Version: 1.6.0                                                               *
2019-07-25T09:35:20: ********************************************************************************
2019-07-25T09:35:20: +============+
2019-07-25T09:35:20: | Parameters |
2019-07-25T09:35:20: +============+
2019-07-25T09:35:20:  inobs .....................: /cta/carli/CPPM_Internship/Simulations_and_Analyses/plus_gradient_AEff_South_z40_50h/source1a/obs_cube.fits
2019-07-25T09:35:20:  inmodel ...................: /cta/carli/CPPM_Internship/Simulations_and_Analyses/plus_gradient_AEff_South_z40_50h/source1a/obsmodel_binned.xml
2019-07-25T09:35:20:  srcname ...................: source1a
2019-07-25T09:35:20:  expcube ...................: /cta/carli/CPPM_Internship/Simulations_and_Analyses/plus_gradient_AEff_South_z40_50h/source1a/exposure_cube.fits
2019-07-25T09:35:20:  psfcube ...................: /cta/carli/CPPM_Internship/Simulations_and_Analyses/plus_gradient_AEff_South_z40_50h/source1a/PSF_cube.fits
2019-07-25T09:35:20:  edispcube .................: /cta/carli/CPPM_Internship/Simulations_and_Analyses/plus_gradient_AEff_South_z40_50h/source1a/edisp_cube.fits
2019-07-25T09:35:20:  bkgcube ...................: /cta/carli/CPPM_Internship/Simulations_and_Analyses/plus_gradient_AEff_South_z40_50h/source1a/background_cube.fits
2019-07-25T09:35:20:  caldb .....................: prod3b-v2
2019-07-25T09:35:20:  irf .......................: plus_gradient_AEff_South_z40_50h
2019-07-25T09:35:20:  edisp .....................: yes
2019-07-25T09:35:20:  outmodel ..................: 
2019-07-25T09:35:20:  confidence ................: 0.95
2019-07-25T09:35:20:  tol .......................: 1e-3
2019-07-25T09:35:20:  statistic .................: DEFAULT
2019-07-25T09:35:20:  like_accuracy .............: 0.005
2019-07-25T09:35:20:  max_iter ..................: 50
2019-07-25T09:35:20:  nthreads ..................: 0
2019-07-25T09:35:20:  chatter ...................: 4
2019-07-25T09:35:20:  clobber ...................: yes
2019-07-25T09:35:20:  debug .....................: no
2019-07-25T09:35:20:  mode ......................: ql
2019-07-25T09:35:20:  logfile ...................: cterror95.log
2019-07-25T09:35:20: 
2019-07-25T09:35:20: +===================+
2019-07-25T09:35:20: | Input observation |
2019-07-25T09:35:20: +===================+
2019-07-25T09:35:20: === GObservations ===
2019-07-25T09:35:20:  Number of observations ....: 1
2019-07-25T09:35:20:  Number of models ..........: 2
2019-07-25T09:35:20:  Number of observed events .: 309208
2019-07-25T09:35:20:  Number of predicted events : 0
2019-07-25T09:35:20: === GCTAObservation ===
2019-07-25T09:35:20:  Name ......................: 
2019-07-25T09:35:20:  Identifier ................: 000001
2019-07-25T09:35:20:  Instrument ................: CTA
2019-07-25T09:35:20:  Event file ................: /cta/carli/CPPM_Internship/Simulations_and_Analyses/plus_gradient_AEff_South_z40_50h/source1a/obs_cube.fits
2019-07-25T09:35:20:  Event type ................: CountsCube
2019-07-25T09:35:20:  Statistic .................: cstat
2019-07-25T09:35:20:  Ontime ....................: 144000 s
2019-07-25T09:35:20:  Livetime ..................: 141120 s
2019-07-25T09:35:20:  Deadtime correction .......: 0.98
2019-07-25T09:35:20:  User energy range .........: undefined
2019-07-25T09:35:20: === GCTAPointing ===
2019-07-25T09:35:20:  Pointing direction ........: (RA,Dec)=(84.1331,22.0145)
2019-07-25T09:35:20: === GCTAResponseCube ===
2019-07-25T09:35:20:  Energy dispersion .........: Used
2019-07-25T09:35:20: === GCTACubeExposure ===
2019-07-25T09:35:20:  Filename ..................: /cta/carli/CPPM_Internship/Simulations_and_Analyses/plus_gradient_AEff_South_z40_50h/source1a/exposure_cube.fits
2019-07-25T09:35:20:  Livetime ..................: 141120 sec
2019-07-25T09:35:20: === GEnergies ===
2019-07-25T09:35:20:  Number of energies ........: 33
2019-07-25T09:35:20: === GGti ===
2019-07-25T09:35:20:  Number of intervals .......: 1
2019-07-25T09:35:20:  Ontime ....................: 144000 sec
2019-07-25T09:35:20:  Elapsed time ..............: 144000 sec
2019-07-25T09:35:20:  MJD range .................: 51544.5 - 51546.1666666667 s (TT)
2019-07-25T09:35:20:  UTC range .................: 2000-01-01T11:58:56 - 2000-01-03T03:58:56 s (TT)
2019-07-25T09:35:20:  Reference MJD .............: 51544.5
2019-07-25T09:35:20: === GSkyMap ===
2019-07-25T09:35:20:  Number of pixels ..........: 6400
2019-07-25T09:35:20:  X axis dimension ..........: 80
2019-07-25T09:35:20:  Y axis dimension ..........: 80
2019-07-25T09:35:20:  Number of maps ............: 33
2019-07-25T09:35:20:  Shape of maps .............: (33)
2019-07-25T09:35:20: === GCTACubePsf ===
2019-07-25T09:35:20:  Filename ..................: /cta/carli/CPPM_Internship/Simulations_and_Analyses/plus_gradient_AEff_South_z40_50h/source1a/PSF_cube.fits
2019-07-25T09:35:20: === GEnergies ===
2019-07-25T09:35:20:  Number of energies ........: 33
2019-07-25T09:35:20:  Number of delta bins ......: 200
2019-07-25T09:35:20:  Delta range ...............: 1.875e-06 - 0.298501875 deg
2019-07-25T09:35:20: === GSkyMap ===
2019-07-25T09:35:20:  Number of pixels ..........: 1
2019-07-25T09:35:20:  X axis dimension ..........: 1
2019-07-25T09:35:20:  Y axis dimension ..........: 1
2019-07-25T09:35:20:  Number of maps ............: 6600
2019-07-25T09:35:20:  Shape of maps .............: (200, 33)
2019-07-25T09:35:20: === GCTACubeEdisp ===
2019-07-25T09:35:20:  Filename ..................: /cta/carli/CPPM_Internship/Simulations_and_Analyses/plus_gradient_AEff_South_z40_50h/source1a/edisp_cube.fits
2019-07-25T09:35:20: === GEnergies ===
2019-07-25T09:35:20:  Number of energies ........: 33
2019-07-25T09:35:20:  Number of migra bins ......: 100
2019-07-25T09:35:20:  Migra range ...............: 0.02 - 2
2019-07-25T09:35:20: === GSkyMap ===
2019-07-25T09:35:20:  Number of pixels ..........: 1
2019-07-25T09:35:20:  X axis dimension ..........: 1
2019-07-25T09:35:20:  Y axis dimension ..........: 1
2019-07-25T09:35:20:  Number of maps ............: 3300
2019-07-25T09:35:20:  Shape of maps .............: (100, 33)
2019-07-25T09:35:20: === GCTACubeBackground ===
2019-07-25T09:35:20:  Filename ..................: /cta/carli/CPPM_Internship/Simulations_and_Analyses/plus_gradient_AEff_South_z40_50h/source1a/background_cube.fits
2019-07-25T09:35:20: === GEbounds ===
2019-07-25T09:35:20:  Number of intervals .......: 32
2019-07-25T09:35:20:  Energy range ..............: 100 GeV - 199.526229858398 TeV
2019-07-25T09:35:20: === GSkyMap ===
2019-07-25T09:35:20:  Number of pixels ..........: 6400
2019-07-25T09:35:20:  X axis dimension ..........: 80
2019-07-25T09:35:20:  Y axis dimension ..........: 80
2019-07-25T09:35:20:  Number of maps ............: 32
2019-07-25T09:35:20:  Shape of maps .............: (32)
2019-07-25T09:35:20: === GCTAResponseCache ===
2019-07-25T09:35:20:  Number of cached values ...: 0
2019-07-25T09:35:20: === GCTAEventCube ===
2019-07-25T09:35:20:  Number of events ..........: 309208
2019-07-25T09:35:20:  Number of elements ........: 204800
2019-07-25T09:35:20:  Number of pixels ..........: 6400
2019-07-25T09:35:20:  Number of energy bins .....: 32
2019-07-25T09:35:20:  Time interval .............: 51544.5 - 51546.1666666667 days
2019-07-25T09:35:20:  Pointing ..................: (RA,Dec)=(84.1331,22.0145)
2019-07-25T09:35:20: === GEbounds ===
2019-07-25T09:35:20:  Number of intervals .......: 32
2019-07-25T09:35:20:  Energy range ..............: 100 GeV - 199.526229858398 TeV
2019-07-25T09:35:20: === GSkyMap ===
2019-07-25T09:35:20:  Number of pixels ..........: 6400
2019-07-25T09:35:20:  X axis dimension ..........: 80
2019-07-25T09:35:20:  Y axis dimension ..........: 80
2019-07-25T09:35:20:  Number of maps ............: 32
2019-07-25T09:35:20:  Shape of maps .............: (32)
2019-07-25T09:35:20: === GSkyRegions ===
2019-07-25T09:35:20:  Number of regions .........: 0
2019-07-25T09:35:20: === GModels ===
2019-07-25T09:35:20:  Number of models ..........: 2
2019-07-25T09:35:20:  Number of parameters ......: 11
2019-07-25T09:35:20: === GModelSky ===
2019-07-25T09:35:20:  Name ......................: source1a
2019-07-25T09:35:20:  Instruments ...............: all
2019-07-25T09:35:20:  Test Statistic ............: 15080.579
2019-07-25T09:35:20:  Observation identifiers ...: all
2019-07-25T09:35:20:  Model type ................: PointSource
2019-07-25T09:35:20:  Model components ..........: "PointSource" * "ExponentialCutoffPowerLaw" * "Constant"
2019-07-25T09:35:20:  Number of parameters ......: 7
2019-07-25T09:35:20:  Number of spatial par's ...: 2
2019-07-25T09:35:20:   RA .......................: 83.6331 [-360,360] deg (fixed,scale=1)
2019-07-25T09:35:20:   DEC ......................: 22.0145 [-90,90] deg (fixed,scale=1)
2019-07-25T09:35:20:  Number of spectral par's ..: 4
2019-07-25T09:35:20:   Prefactor ................: 7.65883722717456e-19 [1e-26,1e-16] ph/cm2/s/MeV (fixed,scale=1e-19,gradient)
2019-07-25T09:35:20:   Index ....................: -2.02903690044244 [-0,-5]  (fixed,scale=-1,gradient)
2019-07-25T09:35:20:   CutoffEnergy .............: 64040258.4143646 +/- 12600485.1239889 [100000,10000000000] MeV (free,scale=10000000,gradient)
2019-07-25T09:35:20:   PivotEnergy ..............: 1000000 [10000,1000000000] MeV (fixed,scale=1000000,gradient)
2019-07-25T09:35:20:  Number of temporal par's ..: 1
2019-07-25T09:35:20:   Normalization ............: 1 (relative value) (fixed,scale=1,gradient)
2019-07-25T09:35:20:  Number of scale par's .....: 0
2019-07-25T09:35:20: === GCTAModelCubeBackground ===
2019-07-25T09:35:20:  Name ......................: BackgroundModel
2019-07-25T09:35:20:  Instruments ...............: CTA, HESS, MAGIC, VERITAS
2019-07-25T09:35:20:  Observation identifiers ...: all
2019-07-25T09:35:20:  Model type ................: "PowerLaw" * "Constant"
2019-07-25T09:35:20:  Number of parameters ......: 4
2019-07-25T09:35:20:  Number of spectral par's ..: 3
2019-07-25T09:35:20:   Prefactor ................: 0.992331247000321 [0.01,100] ph/cm2/s/MeV (fixed,scale=1,gradient)
2019-07-25T09:35:20:   Index ....................: -0.00381645664947119 [-5,5]  (fixed,scale=1,gradient)
2019-07-25T09:35:20:   PivotEnergy ..............: 1000000 MeV (fixed,scale=1000000,gradient)
2019-07-25T09:35:20:  Number of temporal par's ..: 1
2019-07-25T09:35:20:   Normalization ............: 1 (relative value) (fixed,scale=1,gradient)
2019-07-25T09:35:20: 
2019-07-25T09:35:20: +=============================+
2019-07-25T09:35:20: | Compute best-fit likelihood |
2019-07-25T09:35:20: +=============================+
2019-07-25T09:36:53: === GOptimizerLM ===
2019-07-25T09:36:53:  Optimized function value ..: -306679.988
2019-07-25T09:36:53:  Absolute precision ........: 0.005
2019-07-25T09:36:53:  Acceptable value decrease .: 2
2019-07-25T09:36:53:  Optimization status .......: converged
2019-07-25T09:36:53:  Number of parameters ......: 11
2019-07-25T09:36:53:  Number of free parameters .: 1
2019-07-25T09:36:53:  Number of iterations ......: 1
2019-07-25T09:36:53:  Lambda ....................: 0.0001
2019-07-25T09:36:53:  Maximum log likelihood ....: -306679.988
2019-07-25T09:36:53: === GModels ===
2019-07-25T09:36:53:  Number of models ..........: 2
2019-07-25T09:36:53:  Number of parameters ......: 11
2019-07-25T09:36:53: === GModelSky ===
2019-07-25T09:36:53:  Name ......................: source1a
2019-07-25T09:36:53:  Instruments ...............: all
2019-07-25T09:36:53:  Test Statistic ............: 15080.579
2019-07-25T09:36:53:  Observation identifiers ...: all
2019-07-25T09:36:53:  Model type ................: PointSource
2019-07-25T09:36:53:  Model components ..........: "PointSource" * "ExponentialCutoffPowerLaw" * "Constant"
2019-07-25T09:36:53:  Number of parameters ......: 7
2019-07-25T09:36:53:  Number of spatial par's ...: 2
2019-07-25T09:36:53:   RA .......................: 83.6331 [-360,360] deg (fixed,scale=1)
2019-07-25T09:36:53:   DEC ......................: 22.0145 [-90,90] deg (fixed,scale=1)
2019-07-25T09:36:53:  Number of spectral par's ..: 4
2019-07-25T09:36:53:   Prefactor ................: 7.65883722717456e-19 [1e-26,1e-16] ph/cm2/s/MeV (fixed,scale=1e-19,gradient)
2019-07-25T09:36:53:   Index ....................: -2.02903690044244 [-0,-5]  (fixed,scale=-1,gradient)
2019-07-25T09:36:53:   CutoffEnergy .............: 64044583.1021279 +/- 8226282.96589962 [100000,10000000000] MeV (free,scale=10000000,gradient)
2019-07-25T09:36:53:   PivotEnergy ..............: 1000000 [10000,1000000000] MeV (fixed,scale=1000000,gradient)
2019-07-25T09:36:53:  Number of temporal par's ..: 1
2019-07-25T09:36:53:   Normalization ............: 1 (relative value) (fixed,scale=1,gradient)
2019-07-25T09:36:53:  Number of scale par's .....: 0
2019-07-25T09:36:53: === GCTAModelCubeBackground ===
2019-07-25T09:36:53:  Name ......................: BackgroundModel
2019-07-25T09:36:53:  Instruments ...............: CTA, HESS, MAGIC, VERITAS
2019-07-25T09:36:53:  Observation identifiers ...: all
2019-07-25T09:36:53:  Model type ................: "PowerLaw" * "Constant"
2019-07-25T09:36:53:  Number of parameters ......: 4
2019-07-25T09:36:53:  Number of spectral par's ..: 3
2019-07-25T09:36:53:   Prefactor ................: 0.992331247000321 [0.01,100] ph/cm2/s/MeV (fixed,scale=1,gradient)
2019-07-25T09:36:53:   Index ....................: -0.00381645664947119 [-5,5]  (fixed,scale=1,gradient)
2019-07-25T09:36:53:   PivotEnergy ..............: 1000000 MeV (fixed,scale=1000000,gradient)
2019-07-25T09:36:53:  Number of temporal par's ..: 1
2019-07-25T09:36:53:   Normalization ............: 1 (relative value) (fixed,scale=1,gradient)
2019-07-25T09:36:53: 
2019-07-25T09:36:53: +==============================================================+
2019-07-25T09:36:53: | Compute error for source "source1a" parameter "CutoffEnergy" |
2019-07-25T09:36:53: +==============================================================+
2019-07-25T09:36:53:  Confidence level ..........: 95 %
2019-07-25T09:36:53:  Log-likelihood difference .: 1.92073
2019-07-25T09:36:53:  Initial factor range ......: [0.01, 14.6307412761124]
2019-07-25T09:37:04:    Iteration 1 .............: [0.01, 6.40445831021279]
2019-07-25T09:37:14:    Iteration 2 .............: [3.20722915510639, 6.40445831021279]
2019-07-25T09:37:24:    Iteration 3 .............: [4.80584373265959, 6.40445831021279]
2019-07-25T09:37:34:    Iteration 4 .............: [4.80584373265959, 5.60515102143619]
2019-07-25T09:37:45:    Iteration 5 .............: [4.80584373265959, 5.20549737704789]
2019-07-25T09:37:55:    Iteration 6 .............: [5.00567055485374, 5.20549737704789]
2019-07-25T09:38:06:    Iteration 7 .............: [5.00567055485374, 5.10558396595082]
2019-07-25T09:38:16:    Iteration 8 .............: [5.05562726040228, 5.10558396595082]
2019-07-25T09:38:27:    Iteration 9 .............: [5.05562726040228, 5.08060561317655]
2019-07-25T09:38:37:    Iteration 10 ............: [5.06811643678941, 5.08060561317655]
2019-07-25T09:38:47:    Iteration 11 ............: [5.07436102498298, 5.08060561317655]
2019-07-25T09:38:58:    Iteration 1 .............: [6.40445831021279, 14.6307412761124]
2019-07-25T09:39:08:    Iteration 2 .............: [6.40445831021279, 10.5175997931626]
2019-07-25T09:39:18:    Iteration 3 .............: [8.46102905168769, 10.5175997931626]
2019-07-25T09:39:29:    Iteration 4 .............: [8.46102905168769, 9.48931442242514]
2019-07-25T09:39:39:    Iteration 5 .............: [8.46102905168769, 8.97517173705642]
2019-07-25T09:39:49:    Iteration 6 .............: [8.46102905168769, 8.71810039437205]
2019-07-25T09:40:00:    Iteration 7 .............: [8.46102905168769, 8.58956472302987]
2019-07-25T09:40:10:    Iteration 8 .............: [8.46102905168769, 8.52529688735878]
2019-07-25T09:40:20:    Iteration 9 .............: [8.46102905168769, 8.49316296952324]
2019-07-25T09:40:30:    Iteration 10 ............: [8.46102905168769, 8.47709601060546]
2019-07-25T09:40:30:  Lower parameter factor ....: 5.07748
2019-07-25T09:40:30:  Upper parameter factor ....: 8.46906
2019-07-25T09:40:30:  Error from curvature ......: 8226282.96589962 MeV
2019-07-25T09:40:30:  Error from profile ........: 16957896.0603341 MeV
2019-07-25T09:40:30:  Negative profile error ....: 13269749.9113302 MeV
2019-07-25T09:40:30:  Positive profile error ....: 20646042.2093379 MeV
2019-07-25T09:40:30: 
2019-07-25T09:40:30: +==============+
2019-07-25T09:40:30: | Save results |
2019-07-25T09:40:30: +==============+
2019-07-25T09:40:30:  Model definition file .....: NONE
2019-07-25T09:40:30: 
2019-07-25T09:40:30: Application "cterror" terminated after 311 wall clock seconds, consuming 383.11 seconds of CPU time.
