2019-07-22T11:52:17: ********************************************************************************
2019-07-22T11:52:17: *                                   ctskymap                                   *
2019-07-22T11:52:17: * ---------------------------------------------------------------------------- *
2019-07-22T11:52:17: * Version: 1.6.0                                                               *
2019-07-22T11:52:17: ********************************************************************************
2019-07-22T11:52:17: +============+
2019-07-22T11:52:17: | Parameters |
2019-07-22T11:52:17: +============+
2019-07-22T11:52:17:  inobs .....................: /cta/carli/CPPM_Internship/Simulations_and_Analyses/plus_gradient_AEff_South_z40_50h/source1a/obs.fits
2019-07-22T11:52:17:  caldb .....................: prod3b-v2
2019-07-22T11:52:17:  irf .......................: plus_gradient_AEff_South_z40_50h
2019-07-22T11:52:17:  inmap .....................: NONE
2019-07-22T11:52:17:  outmap ....................: /cta/carli/CPPM_Internship/Simulations_and_Analyses/plus_gradient_AEff_South_z40_50h/source1a/skymap.fits
2019-07-22T11:52:17:  emin ......................: 0.1
2019-07-22T11:52:17:  emax ......................: 199.526229858398
2019-07-22T11:52:17:  usepnt ....................: yes
2019-07-22T11:52:17:  nxpix .....................: 80
2019-07-22T11:52:17:  nypix .....................: 80
2019-07-22T11:52:17:  binsz .....................: 0.02
2019-07-22T11:52:17:  coordsys ..................: CEL
2019-07-22T11:52:17:  proj ......................: CAR
2019-07-22T11:52:17:  xref ......................: [not queried]
2019-07-22T11:52:17:  yref ......................: [not queried]
2019-07-22T11:52:17:  bkgsubtract ...............: NONE
2019-07-22T11:52:17:  roiradius .................: [not queried]
2019-07-22T11:52:17:  inradius ..................: [not queried]
2019-07-22T11:52:17:  outradius .................: [not queried]
2019-07-22T11:52:17:  iterations ................: [not queried]
2019-07-22T11:52:17:  threshold .................: [not queried]
2019-07-22T11:52:17:  inexclusion ...............: NONE
2019-07-22T11:52:17:  usefft ....................: yes
2019-07-22T11:52:17:  publish ...................: no
2019-07-22T11:52:17:  chatter ...................: 4
2019-07-22T11:52:17:  clobber ...................: yes
2019-07-22T11:52:17:  debug .....................: no
2019-07-22T11:52:17:  mode ......................: ql
2019-07-22T11:52:17:  logfile ...................: ctskymap.log
2019-07-22T11:52:17: 
2019-07-22T11:52:17: +===================+
2019-07-22T11:52:17: | Input observation |
2019-07-22T11:52:17: +===================+
2019-07-22T11:52:17: === GObservations ===
2019-07-22T11:52:17:  Number of observations ....: 1
2019-07-22T11:52:17:  Number of models ..........: 0
2019-07-22T11:52:17:  Number of observed events .: 309210
2019-07-22T11:52:17:  Number of predicted events : 0
2019-07-22T11:52:17: === GCTAObservation ===
2019-07-22T11:52:17:  Name ......................: 
2019-07-22T11:52:17:  Identifier ................: 000001
2019-07-22T11:52:17:  Instrument ................: CTA
2019-07-22T11:52:17:  Event file ................: /cta/carli/CPPM_Internship/Simulations_and_Analyses/plus_gradient_AEff_South_z40_50h/source1a/obs.fits
2019-07-22T11:52:17:  Event type ................: EventList
2019-07-22T11:52:17:  Statistic .................: cstat
2019-07-22T11:52:17:  Ontime ....................: 144000 s
2019-07-22T11:52:17:  Livetime ..................: 141120 s
2019-07-22T11:52:17:  Deadtime correction .......: 0.98
2019-07-22T11:52:17:  User energy range .........: undefined
2019-07-22T11:52:17: === GCTAPointing ===
2019-07-22T11:52:17:  Pointing direction ........: (RA,Dec)=(84.1331,22.0145)
2019-07-22T11:52:17:  Response function .........: undefined
2019-07-22T11:52:17: === GCTAEventList ===
2019-07-22T11:52:17:  Number of events ..........: 309210 (disposed in "/cta/carli/CPPM_Internship/Simulations_and_Analyses/plus_gradient_AEff_South_z40_50h/source1a/obs.fits")
2019-07-22T11:52:17:  Time interval .............: 51544.5 - 51546.1666666667 days
2019-07-22T11:52:17: === GEbounds ===
2019-07-22T11:52:17:  Number of intervals .......: 1
2019-07-22T11:52:17:  Energy range ..............: 100 GeV - 199.526229858398 TeV
2019-07-22T11:52:17: === GCTARoi ===
2019-07-22T11:52:17:  RoI centre ................: RA=84.1331, DEC=22.0145 [0,0]
2019-07-22T11:52:17:  RoI radius ................: 0.8 deg
2019-07-22T11:52:17: === GSkyRegions ===
2019-07-22T11:52:17:  Number of regions .........: 0
2019-07-22T11:52:17: === GModels ===
2019-07-22T11:52:17:  Number of models ..........: 0
2019-07-22T11:52:17:  Number of parameters ......: 0
2019-07-22T11:52:17: 
2019-07-22T11:52:17: +===========================+
2019-07-22T11:52:17: | Find unbinned observation |
2019-07-22T11:52:17: +===========================+
2019-07-22T11:52:17: === CTA observation (id=000001) ===
2019-07-22T11:52:17:  Including unbinned CTA observation
2019-07-22T11:52:17: 
2019-07-22T11:52:17: +===========================+
2019-07-22T11:52:17: | Fill map from observation |
2019-07-22T11:52:17: +===========================+
2019-07-22T11:52:18: === CTA observation (id=000001) ===
2019-07-22T11:52:18:  Events in list ............: 309210
2019-07-22T11:52:18:  Events in map .............: 309209
2019-07-22T11:52:18:  Events outside RoI ........: 1
2019-07-22T11:52:18:  Events outside map area ...: 0
2019-07-22T11:52:18:  Events outside energies ...: 0
2019-07-22T11:52:18: 
2019-07-22T11:52:18: +=========+
2019-07-22T11:52:18: | Sky map |
2019-07-22T11:52:18: +=========+
2019-07-22T11:52:18: === GSkyMap ===
2019-07-22T11:52:18:  Number of pixels ..........: 6400
2019-07-22T11:52:18:  X axis dimension ..........: 80
2019-07-22T11:52:18:  Y axis dimension ..........: 80
2019-07-22T11:52:18:  Number of maps ............: 1
2019-07-22T11:52:18:  Shape of maps .............: (1)
2019-07-22T11:52:18: === GWcsCAR ===
2019-07-22T11:52:18:  Number of axes ............: 2
2019-07-22T11:52:18:  Longitude axis ............: 0
2019-07-22T11:52:18:  Latitude axis .............: 1
2019-07-22T11:52:18:  Spectral axis .............: -1
2019-07-22T11:52:18:  Coodinate system ..........: EQU
2019-07-22T11:52:18:  Projection code ...........: CAR
2019-07-22T11:52:18:  Projection name ...........: plate carree
2019-07-22T11:52:18:  Radius of the gen. sphere .: 57.2957795130823 deg
2019-07-22T11:52:18:  Reference coordinate ......: (84.1331, 22.0145)
2019-07-22T11:52:18:  Reference pixel ...........: (40.5, 40.5)
2019-07-22T11:52:18:  Increment at reference ....: (-0.02, 0.02)
2019-07-22T11:52:18:  (Phi_0, Theta_0) ..........: (0, 0) deg
2019-07-22T11:52:18:  (Phi_p, Theta_p) ..........: (0, 67.9855) deg
2019-07-22T11:52:18:  LATPOLE keyword usage .....: Required to select between two valid solutions of Theta_p.
2019-07-22T11:52:18:  Reference vector (m_ref) ..: (84.1331, 22.0145, 0, 67.9855) deg
2019-07-22T11:52:18:  Euler angles ..............: (264.1331 deg, 22.0145 deg, 0 deg, 0.927089022159083, 0.374841226377402)
2019-07-22T11:52:18:  Latitude preserved ........: False
2019-07-22T11:52:18:  Unity PC matrix ...........: True
2019-07-22T11:52:18:  Pixel-to-image trafo ......: ()
2019-07-22T11:52:18:  Image-to-pixel trafo ......: ()
2019-07-22T11:52:18:  Strict bounds checking ....: True
2019-07-22T11:52:18:  Use fiducial offset .......: False
2019-07-22T11:52:18:  Fiducial offset ...........: (0, 0)
2019-07-22T11:52:18:  Rest frequency ............: UNDEFINED
2019-07-22T11:52:18:  Rest wavelength ...........: UNDEFINED
2019-07-22T11:52:18: 
2019-07-22T11:52:18: +==============+
2019-07-22T11:52:18: | Compute maps |
2019-07-22T11:52:18: +==============+
2019-07-22T11:52:18: 
2019-07-22T11:52:18: +==============+
2019-07-22T11:52:18: | Save sky map |
2019-07-22T11:52:18: +==============+
2019-07-22T11:52:18:  Sky map file ..............: /cta/carli/CPPM_Internship/Simulations_and_Analyses/plus_gradient_AEff_South_z40_50h/source1a/skymap.fits
2019-07-22T11:52:18: 
2019-07-22T11:52:18: Application "ctskymap" terminated after 1 wall clock seconds, consuming 0.83 seconds of CPU time.
