2019-07-25T09:40:31: ********************************************************************************
2019-07-25T09:40:31: *                                    cterror                                   *
2019-07-25T09:40:31: * ---------------------------------------------------------------------------- *
2019-07-25T09:40:31: * Version: 1.6.0                                                               *
2019-07-25T09:40:31: ********************************************************************************
2019-07-25T09:40:32: +============+
2019-07-25T09:40:32: | Parameters |
2019-07-25T09:40:32: +============+
2019-07-25T09:40:32:  inobs .....................: /cta/carli/CPPM_Internship/Simulations_and_Analyses/plus_gradient_EDisp_South_z40_50h/source1a/obs_cube.fits
2019-07-25T09:40:32:  inmodel ...................: /cta/carli/CPPM_Internship/Simulations_and_Analyses/plus_gradient_EDisp_South_z40_50h/source1a/obsmodel_binned.xml
2019-07-25T09:40:32:  srcname ...................: source1a
2019-07-25T09:40:32:  expcube ...................: /cta/carli/CPPM_Internship/Simulations_and_Analyses/plus_gradient_EDisp_South_z40_50h/source1a/exposure_cube.fits
2019-07-25T09:40:32:  psfcube ...................: /cta/carli/CPPM_Internship/Simulations_and_Analyses/plus_gradient_EDisp_South_z40_50h/source1a/PSF_cube.fits
2019-07-25T09:40:32:  edispcube .................: /cta/carli/CPPM_Internship/Simulations_and_Analyses/plus_gradient_EDisp_South_z40_50h/source1a/edisp_cube.fits
2019-07-25T09:40:32:  bkgcube ...................: /cta/carli/CPPM_Internship/Simulations_and_Analyses/plus_gradient_EDisp_South_z40_50h/source1a/background_cube.fits
2019-07-25T09:40:32:  caldb .....................: prod3b-v2
2019-07-25T09:40:32:  irf .......................: plus_gradient_EDisp_South_z40_50h
2019-07-25T09:40:32:  edisp .....................: yes
2019-07-25T09:40:32:  outmodel ..................: 
2019-07-25T09:40:32:  confidence ................: 0.68
2019-07-25T09:40:32:  tol .......................: 1e-3
2019-07-25T09:40:32:  statistic .................: DEFAULT
2019-07-25T09:40:32:  like_accuracy .............: 0.005
2019-07-25T09:40:32:  max_iter ..................: 50
2019-07-25T09:40:32:  nthreads ..................: 0
2019-07-25T09:40:32:  chatter ...................: 4
2019-07-25T09:40:32:  clobber ...................: yes
2019-07-25T09:40:32:  debug .....................: no
2019-07-25T09:40:32:  mode ......................: ql
2019-07-25T09:40:32:  logfile ...................: cterror68.log
2019-07-25T09:40:32: 
2019-07-25T09:40:32: +===================+
2019-07-25T09:40:32: | Input observation |
2019-07-25T09:40:32: +===================+
2019-07-25T09:40:32: === GObservations ===
2019-07-25T09:40:32:  Number of observations ....: 1
2019-07-25T09:40:32:  Number of models ..........: 2
2019-07-25T09:40:32:  Number of observed events .: 289447
2019-07-25T09:40:32:  Number of predicted events : 0
2019-07-25T09:40:32: === GCTAObservation ===
2019-07-25T09:40:32:  Name ......................: 
2019-07-25T09:40:32:  Identifier ................: 000001
2019-07-25T09:40:32:  Instrument ................: CTA
2019-07-25T09:40:32:  Event file ................: /cta/carli/CPPM_Internship/Simulations_and_Analyses/plus_gradient_EDisp_South_z40_50h/source1a/obs_cube.fits
2019-07-25T09:40:32:  Event type ................: CountsCube
2019-07-25T09:40:32:  Statistic .................: cstat
2019-07-25T09:40:32:  Ontime ....................: 144000 s
2019-07-25T09:40:32:  Livetime ..................: 141120 s
2019-07-25T09:40:32:  Deadtime correction .......: 0.98
2019-07-25T09:40:32:  User energy range .........: undefined
2019-07-25T09:40:32: === GCTAPointing ===
2019-07-25T09:40:32:  Pointing direction ........: (RA,Dec)=(84.1331,22.0145)
2019-07-25T09:40:32: === GCTAResponseCube ===
2019-07-25T09:40:32:  Energy dispersion .........: Used
2019-07-25T09:40:32: === GCTACubeExposure ===
2019-07-25T09:40:32:  Filename ..................: /cta/carli/CPPM_Internship/Simulations_and_Analyses/plus_gradient_EDisp_South_z40_50h/source1a/exposure_cube.fits
2019-07-25T09:40:32:  Livetime ..................: 141120 sec
2019-07-25T09:40:32: === GEnergies ===
2019-07-25T09:40:32:  Number of energies ........: 33
2019-07-25T09:40:32: === GGti ===
2019-07-25T09:40:32:  Number of intervals .......: 1
2019-07-25T09:40:32:  Ontime ....................: 144000 sec
2019-07-25T09:40:32:  Elapsed time ..............: 144000 sec
2019-07-25T09:40:32:  MJD range .................: 51544.5 - 51546.1666666667 s (TT)
2019-07-25T09:40:32:  UTC range .................: 2000-01-01T11:58:56 - 2000-01-03T03:58:56 s (TT)
2019-07-25T09:40:32:  Reference MJD .............: 51544.5
2019-07-25T09:40:32: === GSkyMap ===
2019-07-25T09:40:32:  Number of pixels ..........: 6400
2019-07-25T09:40:32:  X axis dimension ..........: 80
2019-07-25T09:40:32:  Y axis dimension ..........: 80
2019-07-25T09:40:32:  Number of maps ............: 33
2019-07-25T09:40:32:  Shape of maps .............: (33)
2019-07-25T09:40:32: === GCTACubePsf ===
2019-07-25T09:40:32:  Filename ..................: /cta/carli/CPPM_Internship/Simulations_and_Analyses/plus_gradient_EDisp_South_z40_50h/source1a/PSF_cube.fits
2019-07-25T09:40:32: === GEnergies ===
2019-07-25T09:40:32:  Number of energies ........: 33
2019-07-25T09:40:32:  Number of delta bins ......: 200
2019-07-25T09:40:32:  Delta range ...............: 1.875e-06 - 0.298501875 deg
2019-07-25T09:40:32: === GSkyMap ===
2019-07-25T09:40:32:  Number of pixels ..........: 1
2019-07-25T09:40:32:  X axis dimension ..........: 1
2019-07-25T09:40:32:  Y axis dimension ..........: 1
2019-07-25T09:40:32:  Number of maps ............: 6600
2019-07-25T09:40:32:  Shape of maps .............: (200, 33)
2019-07-25T09:40:32: === GCTACubeEdisp ===
2019-07-25T09:40:32:  Filename ..................: /cta/carli/CPPM_Internship/Simulations_and_Analyses/plus_gradient_EDisp_South_z40_50h/source1a/edisp_cube.fits
2019-07-25T09:40:32: === GEnergies ===
2019-07-25T09:40:32:  Number of energies ........: 33
2019-07-25T09:40:32:  Number of migra bins ......: 100
2019-07-25T09:40:32:  Migra range ...............: 0.02 - 2
2019-07-25T09:40:32: === GSkyMap ===
2019-07-25T09:40:32:  Number of pixels ..........: 1
2019-07-25T09:40:32:  X axis dimension ..........: 1
2019-07-25T09:40:32:  Y axis dimension ..........: 1
2019-07-25T09:40:32:  Number of maps ............: 3300
2019-07-25T09:40:32:  Shape of maps .............: (100, 33)
2019-07-25T09:40:32: === GCTACubeBackground ===
2019-07-25T09:40:32:  Filename ..................: /cta/carli/CPPM_Internship/Simulations_and_Analyses/plus_gradient_EDisp_South_z40_50h/source1a/background_cube.fits
2019-07-25T09:40:32: === GEbounds ===
2019-07-25T09:40:32:  Number of intervals .......: 32
2019-07-25T09:40:32:  Energy range ..............: 100 GeV - 199.526229858398 TeV
2019-07-25T09:40:32: === GSkyMap ===
2019-07-25T09:40:32:  Number of pixels ..........: 6400
2019-07-25T09:40:32:  X axis dimension ..........: 80
2019-07-25T09:40:32:  Y axis dimension ..........: 80
2019-07-25T09:40:32:  Number of maps ............: 32
2019-07-25T09:40:32:  Shape of maps .............: (32)
2019-07-25T09:40:32: === GCTAResponseCache ===
2019-07-25T09:40:32:  Number of cached values ...: 0
2019-07-25T09:40:32: === GCTAEventCube ===
2019-07-25T09:40:32:  Number of events ..........: 289447
2019-07-25T09:40:32:  Number of elements ........: 204800
2019-07-25T09:40:32:  Number of pixels ..........: 6400
2019-07-25T09:40:32:  Number of energy bins .....: 32
2019-07-25T09:40:32:  Time interval .............: 51544.5 - 51546.1666666667 days
2019-07-25T09:40:32:  Pointing ..................: (RA,Dec)=(84.1331,22.0145)
2019-07-25T09:40:32: === GEbounds ===
2019-07-25T09:40:32:  Number of intervals .......: 32
2019-07-25T09:40:32:  Energy range ..............: 100 GeV - 199.526229858398 TeV
2019-07-25T09:40:32: === GSkyMap ===
2019-07-25T09:40:32:  Number of pixels ..........: 6400
2019-07-25T09:40:32:  X axis dimension ..........: 80
2019-07-25T09:40:32:  Y axis dimension ..........: 80
2019-07-25T09:40:32:  Number of maps ............: 32
2019-07-25T09:40:32:  Shape of maps .............: (32)
2019-07-25T09:40:32: === GSkyRegions ===
2019-07-25T09:40:32:  Number of regions .........: 0
2019-07-25T09:40:32: === GModels ===
2019-07-25T09:40:32:  Number of models ..........: 2
2019-07-25T09:40:32:  Number of parameters ......: 11
2019-07-25T09:40:32: === GModelSky ===
2019-07-25T09:40:32:  Name ......................: source1a
2019-07-25T09:40:32:  Instruments ...............: all
2019-07-25T09:40:32:  Test Statistic ............: 15485.429
2019-07-25T09:40:32:  Observation identifiers ...: all
2019-07-25T09:40:32:  Model type ................: PointSource
2019-07-25T09:40:32:  Model components ..........: "PointSource" * "ExponentialCutoffPowerLaw" * "Constant"
2019-07-25T09:40:32:  Number of parameters ......: 7
2019-07-25T09:40:32:  Number of spatial par's ...: 2
2019-07-25T09:40:32:   RA .......................: 83.6331 [-360,360] deg (fixed,scale=1)
2019-07-25T09:40:32:   DEC ......................: 22.0145 [-90,90] deg (fixed,scale=1)
2019-07-25T09:40:32:  Number of spectral par's ..: 4
2019-07-25T09:40:32:   Prefactor ................: 7.53374752997105e-19 [1e-26,1e-16] ph/cm2/s/MeV (fixed,scale=1e-19,gradient)
2019-07-25T09:40:32:   Index ....................: -2.01514078692731 [-0,-5]  (fixed,scale=-1,gradient)
2019-07-25T09:40:32:   CutoffEnergy .............: 66530700.5065416 +/- 12968996.3381992 [100000,10000000000] MeV (free,scale=10000000,gradient)
2019-07-25T09:40:32:   PivotEnergy ..............: 1000000 [10000,1000000000] MeV (fixed,scale=1000000,gradient)
2019-07-25T09:40:32:  Number of temporal par's ..: 1
2019-07-25T09:40:32:   Normalization ............: 1 (relative value) (fixed,scale=1,gradient)
2019-07-25T09:40:32:  Number of scale par's .....: 0
2019-07-25T09:40:32: === GCTAModelCubeBackground ===
2019-07-25T09:40:32:  Name ......................: BackgroundModel
2019-07-25T09:40:32:  Instruments ...............: CTA, HESS, MAGIC, VERITAS
2019-07-25T09:40:32:  Observation identifiers ...: all
2019-07-25T09:40:32:  Model type ................: "PowerLaw" * "Constant"
2019-07-25T09:40:32:  Number of parameters ......: 4
2019-07-25T09:40:32:  Number of spectral par's ..: 3
2019-07-25T09:40:32:   Prefactor ................: 0.92570592745292 [0.01,100] ph/cm2/s/MeV (fixed,scale=1,gradient)
2019-07-25T09:40:32:   Index ....................: -0.0053289909177253 [-5,5]  (fixed,scale=1,gradient)
2019-07-25T09:40:32:   PivotEnergy ..............: 1000000 MeV (fixed,scale=1000000,gradient)
2019-07-25T09:40:32:  Number of temporal par's ..: 1
2019-07-25T09:40:32:   Normalization ............: 1 (relative value) (fixed,scale=1,gradient)
2019-07-25T09:40:32: 
2019-07-25T09:40:32: +=============================+
2019-07-25T09:40:32: | Compute best-fit likelihood |
2019-07-25T09:40:32: +=============================+
2019-07-25T09:42:04: === GOptimizerLM ===
2019-07-25T09:42:04:  Optimized function value ..: -268029.888
2019-07-25T09:42:04:  Absolute precision ........: 0.005
2019-07-25T09:42:04:  Acceptable value decrease .: 2
2019-07-25T09:42:04:  Optimization status .......: converged
2019-07-25T09:42:04:  Number of parameters ......: 11
2019-07-25T09:42:04:  Number of free parameters .: 1
2019-07-25T09:42:04:  Number of iterations ......: 1
2019-07-25T09:42:04:  Lambda ....................: 0.0001
2019-07-25T09:42:04:  Maximum log likelihood ....: -268029.888
2019-07-25T09:42:04: === GModels ===
2019-07-25T09:42:04:  Number of models ..........: 2
2019-07-25T09:42:04:  Number of parameters ......: 11
2019-07-25T09:42:04: === GModelSky ===
2019-07-25T09:42:04:  Name ......................: source1a
2019-07-25T09:42:04:  Instruments ...............: all
2019-07-25T09:42:04:  Test Statistic ............: 15485.429
2019-07-25T09:42:04:  Observation identifiers ...: all
2019-07-25T09:42:04:  Model type ................: PointSource
2019-07-25T09:42:04:  Model components ..........: "PointSource" * "ExponentialCutoffPowerLaw" * "Constant"
2019-07-25T09:42:04:  Number of parameters ......: 7
2019-07-25T09:42:04:  Number of spatial par's ...: 2
2019-07-25T09:42:04:   RA .......................: 83.6331 [-360,360] deg (fixed,scale=1)
2019-07-25T09:42:04:   DEC ......................: 22.0145 [-90,90] deg (fixed,scale=1)
2019-07-25T09:42:04:  Number of spectral par's ..: 4
2019-07-25T09:42:04:   Prefactor ................: 7.53374752997105e-19 [1e-26,1e-16] ph/cm2/s/MeV (fixed,scale=1e-19,gradient)
2019-07-25T09:42:04:   Index ....................: -2.01514078692731 [-0,-5]  (fixed,scale=-1,gradient)
2019-07-25T09:42:04:   CutoffEnergy .............: 66563445.5291464 +/- 8649845.66736186 [100000,10000000000] MeV (free,scale=10000000,gradient)
2019-07-25T09:42:04:   PivotEnergy ..............: 1000000 [10000,1000000000] MeV (fixed,scale=1000000,gradient)
2019-07-25T09:42:04:  Number of temporal par's ..: 1
2019-07-25T09:42:04:   Normalization ............: 1 (relative value) (fixed,scale=1,gradient)
2019-07-25T09:42:04:  Number of scale par's .....: 0
2019-07-25T09:42:04: === GCTAModelCubeBackground ===
2019-07-25T09:42:04:  Name ......................: BackgroundModel
2019-07-25T09:42:04:  Instruments ...............: CTA, HESS, MAGIC, VERITAS
2019-07-25T09:42:04:  Observation identifiers ...: all
2019-07-25T09:42:04:  Model type ................: "PowerLaw" * "Constant"
2019-07-25T09:42:04:  Number of parameters ......: 4
2019-07-25T09:42:04:  Number of spectral par's ..: 3
2019-07-25T09:42:04:   Prefactor ................: 0.92570592745292 [0.01,100] ph/cm2/s/MeV (fixed,scale=1,gradient)
2019-07-25T09:42:04:   Index ....................: -0.0053289909177253 [-5,5]  (fixed,scale=1,gradient)
2019-07-25T09:42:04:   PivotEnergy ..............: 1000000 MeV (fixed,scale=1000000,gradient)
2019-07-25T09:42:04:  Number of temporal par's ..: 1
2019-07-25T09:42:04:   Normalization ............: 1 (relative value) (fixed,scale=1,gradient)
2019-07-25T09:42:04: 
2019-07-25T09:42:04: +==============================================================+
2019-07-25T09:42:04: | Compute error for source "source1a" parameter "CutoffEnergy" |
2019-07-25T09:42:04: +==============================================================+
2019-07-25T09:42:04:  Confidence level ..........: 68 %
2019-07-25T09:42:04:  Log-likelihood difference .: 0.494473
2019-07-25T09:42:04:  Initial factor range ......: [0.01, 15.3061902202765]
2019-07-25T09:42:14:    Iteration 1 .............: [0.01, 6.65634455291464]
2019-07-25T09:42:25:    Iteration 2 .............: [3.33317227645732, 6.65634455291464]
2019-07-25T09:42:35:    Iteration 3 .............: [4.99475841468598, 6.65634455291464]
2019-07-25T09:42:45:    Iteration 4 .............: [5.82555148380031, 6.65634455291464]
2019-07-25T09:42:55:    Iteration 5 .............: [5.82555148380031, 6.24094801835748]
2019-07-25T09:43:06:    Iteration 6 .............: [5.82555148380031, 6.03324975107889]
2019-07-25T09:43:16:    Iteration 7 .............: [5.82555148380031, 5.9294006174396]
2019-07-25T09:43:27:    Iteration 8 .............: [5.82555148380031, 5.87747605061996]
2019-07-25T09:43:37:    Iteration 9 .............: [5.85151376721013, 5.87747605061996]
2019-07-25T09:43:48:    Iteration 10 ............: [5.86449490891505, 5.87747605061996]
2019-07-25T09:43:58:    Iteration 11 ............: [5.8709854797675, 5.87747605061996]
2019-07-25T09:44:08:    Iteration 12 ............: [5.87423076519373, 5.87747605061996]
2019-07-25T09:44:19:    Iteration 13 ............: [5.87585340790684, 5.87747605061996]
2019-07-25T09:44:29:    Iteration 1 .............: [6.65634455291464, 15.3061902202765]
2019-07-25T09:44:39:    Iteration 2 .............: [6.65634455291464, 10.9812673865956]
2019-07-25T09:44:50:    Iteration 3 .............: [6.65634455291464, 8.81880596975511]
2019-07-25T09:45:00:    Iteration 4 .............: [6.65634455291464, 7.73757526133488]
2019-07-25T09:45:10:    Iteration 5 .............: [7.19695990712476, 7.73757526133488]
2019-07-25T09:45:21:    Iteration 6 .............: [7.46726758422982, 7.73757526133488]
2019-07-25T09:45:31:    Iteration 7 .............: [7.60242142278235, 7.73757526133488]
2019-07-25T09:45:41:    Iteration 8 .............: [7.60242142278235, 7.66999834205861]
2019-07-25T09:45:51:    Iteration 9 .............: [7.60242142278235, 7.63620988242048]
2019-07-25T09:46:01:    Iteration 10 ............: [7.61931565260141, 7.63620988242048]
2019-07-25T09:46:11:    Iteration 11 ............: [7.62776276751094, 7.63620988242048]
2019-07-25T09:46:21:    Iteration 12 ............: [7.63198632496571, 7.63620988242048]
2019-07-25T09:46:21:  Lower parameter factor ....: 5.87666
2019-07-25T09:46:21:  Upper parameter factor ....: 7.6341
2019-07-25T09:46:21:  Error from curvature ......: 8649845.66736186 MeV
2019-07-25T09:46:21:  Error from profile ........: 8787166.87214847 MeV
2019-07-25T09:46:21:  Negative profile error ....: 7796798.23651241 MeV
2019-07-25T09:46:21:  Positive profile error ....: 9777535.50778453 MeV
2019-07-25T09:46:21: 
2019-07-25T09:46:21: +==============+
2019-07-25T09:46:21: | Save results |
2019-07-25T09:46:21: +==============+
2019-07-25T09:46:21:  Model definition file .....: NONE
2019-07-25T09:46:21: 
2019-07-25T09:46:21: Application "cterror" terminated after 351 wall clock seconds, consuming 442.73 seconds of CPU time.
