2019-07-23T20:32:52: ********************************************************************************
2019-07-23T20:32:52: *                                  ctbutterfly                                 *
2019-07-23T20:32:52: * ---------------------------------------------------------------------------- *
2019-07-23T20:32:52: * Version: 1.6.0                                                               *
2019-07-23T20:32:52: ********************************************************************************
2019-07-23T20:32:53: +============+
2019-07-23T20:32:53: | Parameters |
2019-07-23T20:32:53: +============+
2019-07-23T20:32:53:  inobs .....................: /cta/carli/CPPM_Internship/Simulations_and_Analyses/minus_step_EDisp_South_z40_50h/source3d/obs_cube.fits
2019-07-23T20:32:53:  inmodel ...................: /cta/carli/CPPM_Internship/Simulations_and_Analyses/minus_step_EDisp_South_z40_50h/source3d/obsmodel_binned.xml
2019-07-23T20:32:53:  srcname ...................: source3d
2019-07-23T20:32:53:  expcube ...................: /cta/carli/CPPM_Internship/Simulations_and_Analyses/minus_step_EDisp_South_z40_50h/source3d/exposure_cube.fits
2019-07-23T20:32:53:  psfcube ...................: /cta/carli/CPPM_Internship/Simulations_and_Analyses/minus_step_EDisp_South_z40_50h/source3d/PSF_cube.fits
2019-07-23T20:32:53:  edispcube .................: /cta/carli/CPPM_Internship/Simulations_and_Analyses/minus_step_EDisp_South_z40_50h/source3d/edisp_cube.fits
2019-07-23T20:32:53:  bkgcube ...................: /cta/carli/CPPM_Internship/Simulations_and_Analyses/minus_step_EDisp_South_z40_50h/source3d/background_cube.fits
2019-07-23T20:32:53:  caldb .....................: prod3b-v2
2019-07-23T20:32:53:  irf .......................: South_z40_50h
2019-07-23T20:32:53:  edisp .....................: yes
2019-07-23T20:32:53:  outfile ...................: /cta/carli/CPPM_Internship/Simulations_and_Analyses/minus_step_EDisp_South_z40_50h/source3d/butterfly_binned.ascii
2019-07-23T20:32:53:  method ....................: GAUSSIAN
2019-07-23T20:32:53:  fit .......................: no
2019-07-23T20:32:53:  confidence ................: 0.68
2019-07-23T20:32:53:  statistic .................: DEFAULT
2019-07-23T20:32:53:  like_accuracy .............: 0.005
2019-07-23T20:32:53:  max_iter ..................: 50
2019-07-23T20:32:53:  matrix ....................: NONE
2019-07-23T20:32:53:  ebinalg ...................: LOG
2019-07-23T20:32:53:  emin ......................: 0.1
2019-07-23T20:32:53:  emax ......................: 199.526229858398
2019-07-23T20:32:53:  enumbins ..................: 32
2019-07-23T20:32:53:  ebinfile ..................: [not queried]
2019-07-23T20:32:53:  chatter ...................: 4
2019-07-23T20:32:53:  clobber ...................: yes
2019-07-23T20:32:53:  debug .....................: no
2019-07-23T20:32:53:  mode ......................: ql
2019-07-23T20:32:53:  logfile ...................: ctbutterfly.log
2019-07-23T20:32:53: 
2019-07-23T20:32:53: +===================+
2019-07-23T20:32:53: | Input observation |
2019-07-23T20:32:53: +===================+
2019-07-23T20:32:53: === GObservations ===
2019-07-23T20:32:53:  Number of observations ....: 1
2019-07-23T20:32:53:  Number of models ..........: 2
2019-07-23T20:32:53:  Number of observed events .: 322873
2019-07-23T20:32:53:  Number of predicted events : 0
2019-07-23T20:32:53: === GCTAObservation ===
2019-07-23T20:32:53:  Name ......................: 
2019-07-23T20:32:53:  Identifier ................: 000001
2019-07-23T20:32:53:  Instrument ................: CTA
2019-07-23T20:32:53:  Event file ................: /cta/carli/CPPM_Internship/Simulations_and_Analyses/minus_step_EDisp_South_z40_50h/source3d/obs_cube.fits
2019-07-23T20:32:53:  Event type ................: CountsCube
2019-07-23T20:32:53:  Statistic .................: cstat
2019-07-23T20:32:53:  Ontime ....................: 144000 s
2019-07-23T20:32:53:  Livetime ..................: 141120 s
2019-07-23T20:32:53:  Deadtime correction .......: 0.98
2019-07-23T20:32:53:  User energy range .........: undefined
2019-07-23T20:32:53: === GCTAPointing ===
2019-07-23T20:32:53:  Pointing direction ........: (RA,Dec)=(84.1331,22.0145)
2019-07-23T20:32:53: === GCTAResponseCube ===
2019-07-23T20:32:53:  Energy dispersion .........: Used
2019-07-23T20:32:53: === GCTACubeExposure ===
2019-07-23T20:32:53:  Filename ..................: /cta/carli/CPPM_Internship/Simulations_and_Analyses/minus_step_EDisp_South_z40_50h/source3d/exposure_cube.fits
2019-07-23T20:32:53:  Livetime ..................: 141120 sec
2019-07-23T20:32:53: === GEnergies ===
2019-07-23T20:32:53:  Number of energies ........: 33
2019-07-23T20:32:53: === GGti ===
2019-07-23T20:32:53:  Number of intervals .......: 1
2019-07-23T20:32:53:  Ontime ....................: 144000 sec
2019-07-23T20:32:53:  Elapsed time ..............: 144000 sec
2019-07-23T20:32:53:  MJD range .................: 51544.5 - 51546.1666666667 s (TT)
2019-07-23T20:32:53:  UTC range .................: 2000-01-01T11:58:56 - 2000-01-03T03:58:56 s (TT)
2019-07-23T20:32:53:  Reference MJD .............: 51544.5
2019-07-23T20:32:53: === GSkyMap ===
2019-07-23T20:32:53:  Number of pixels ..........: 6400
2019-07-23T20:32:53:  X axis dimension ..........: 80
2019-07-23T20:32:53:  Y axis dimension ..........: 80
2019-07-23T20:32:53:  Number of maps ............: 33
2019-07-23T20:32:53:  Shape of maps .............: (33)
2019-07-23T20:32:53: === GCTACubePsf ===
2019-07-23T20:32:53:  Filename ..................: /cta/carli/CPPM_Internship/Simulations_and_Analyses/minus_step_EDisp_South_z40_50h/source3d/PSF_cube.fits
2019-07-23T20:32:53: === GEnergies ===
2019-07-23T20:32:53:  Number of energies ........: 33
2019-07-23T20:32:53:  Number of delta bins ......: 200
2019-07-23T20:32:53:  Delta range ...............: 1.875e-06 - 0.298501875 deg
2019-07-23T20:32:53: === GSkyMap ===
2019-07-23T20:32:53:  Number of pixels ..........: 1
2019-07-23T20:32:53:  X axis dimension ..........: 1
2019-07-23T20:32:53:  Y axis dimension ..........: 1
2019-07-23T20:32:53:  Number of maps ............: 6600
2019-07-23T20:32:53:  Shape of maps .............: (200, 33)
2019-07-23T20:32:53: === GCTACubeEdisp ===
2019-07-23T20:32:53:  Filename ..................: /cta/carli/CPPM_Internship/Simulations_and_Analyses/minus_step_EDisp_South_z40_50h/source3d/edisp_cube.fits
2019-07-23T20:32:53: === GEnergies ===
2019-07-23T20:32:53:  Number of energies ........: 33
2019-07-23T20:32:53:  Number of migra bins ......: 100
2019-07-23T20:32:53:  Migra range ...............: 0.02 - 2
2019-07-23T20:32:53: === GSkyMap ===
2019-07-23T20:32:53:  Number of pixels ..........: 1
2019-07-23T20:32:53:  X axis dimension ..........: 1
2019-07-23T20:32:53:  Y axis dimension ..........: 1
2019-07-23T20:32:53:  Number of maps ............: 3300
2019-07-23T20:32:53:  Shape of maps .............: (100, 33)
2019-07-23T20:32:53: === GCTACubeBackground ===
2019-07-23T20:32:53:  Filename ..................: /cta/carli/CPPM_Internship/Simulations_and_Analyses/minus_step_EDisp_South_z40_50h/source3d/background_cube.fits
2019-07-23T20:32:53: === GEbounds ===
2019-07-23T20:32:53:  Number of intervals .......: 32
2019-07-23T20:32:53:  Energy range ..............: 100 GeV - 199.526229858398 TeV
2019-07-23T20:32:53: === GSkyMap ===
2019-07-23T20:32:53:  Number of pixels ..........: 6400
2019-07-23T20:32:53:  X axis dimension ..........: 80
2019-07-23T20:32:53:  Y axis dimension ..........: 80
2019-07-23T20:32:53:  Number of maps ............: 32
2019-07-23T20:32:53:  Shape of maps .............: (32)
2019-07-23T20:32:53: === GCTAResponseCache ===
2019-07-23T20:32:53:  Number of cached values ...: 0
2019-07-23T20:32:53: === GCTAEventCube ===
2019-07-23T20:32:53:  Number of events ..........: 322873
2019-07-23T20:32:53:  Number of elements ........: 204800
2019-07-23T20:32:53:  Number of pixels ..........: 6400
2019-07-23T20:32:53:  Number of energy bins .....: 32
2019-07-23T20:32:53:  Time interval .............: 51544.5 - 51546.1666666667 days
2019-07-23T20:32:53:  Pointing ..................: (RA,Dec)=(84.1331,22.0145)
2019-07-23T20:32:53: === GEbounds ===
2019-07-23T20:32:53:  Number of intervals .......: 32
2019-07-23T20:32:53:  Energy range ..............: 100 GeV - 199.526229858398 TeV
2019-07-23T20:32:53: === GSkyMap ===
2019-07-23T20:32:53:  Number of pixels ..........: 6400
2019-07-23T20:32:53:  X axis dimension ..........: 80
2019-07-23T20:32:53:  Y axis dimension ..........: 80
2019-07-23T20:32:53:  Number of maps ............: 32
2019-07-23T20:32:53:  Shape of maps .............: (32)
2019-07-23T20:32:53: === GSkyRegions ===
2019-07-23T20:32:53:  Number of regions .........: 0
2019-07-23T20:32:53: === GModels ===
2019-07-23T20:32:53:  Number of models ..........: 2
2019-07-23T20:32:53:  Number of parameters ......: 11
2019-07-23T20:32:53: === GModelSky ===
2019-07-23T20:32:53:  Name ......................: source3d
2019-07-23T20:32:53:  Instruments ...............: all
2019-07-23T20:32:53:  Test Statistic ............: 102584.551
2019-07-23T20:32:53:  Observation identifiers ...: all
2019-07-23T20:32:53:  Model type ................: PointSource
2019-07-23T20:32:53:  Model components ..........: "PointSource" * "ExponentialCutoffPowerLaw" * "Constant"
2019-07-23T20:32:53:  Number of parameters ......: 7
2019-07-23T20:32:53:  Number of spatial par's ...: 2
2019-07-23T20:32:53:   RA .......................: 83.6331 [-360,360] deg (fixed,scale=1)
2019-07-23T20:32:53:   DEC ......................: 22.0145 [-90,90] deg (fixed,scale=1)
2019-07-23T20:32:53:  Number of spectral par's ..: 4
2019-07-23T20:32:53:   Prefactor ................: 3.03011139977016e-18 +/- 2.40177116139592e-20 [1e-25,1e-15] ph/cm2/s/MeV (free,scale=1e-18,gradient)
2019-07-23T20:32:53:   Index ....................: -1.99132051757903 +/- 0.00673882177439111 [-0,-5]  (free,scale=-1,gradient)
2019-07-23T20:32:53:   CutoffEnergy .............: 441227912.801373 +/- 161864926.946743 [1000000,100000000000] MeV (free,scale=100000000,gradient)
2019-07-23T20:32:53:   PivotEnergy ..............: 1000000 [10000,1000000000] MeV (fixed,scale=1000000,gradient)
2019-07-23T20:32:53:  Number of temporal par's ..: 1
2019-07-23T20:32:53:   Normalization ............: 1 (relative value) (fixed,scale=1,gradient)
2019-07-23T20:32:53:  Number of scale par's .....: 0
2019-07-23T20:32:53: === GCTAModelCubeBackground ===
2019-07-23T20:32:53:  Name ......................: BackgroundModel
2019-07-23T20:32:53:  Instruments ...............: CTA, HESS, MAGIC, VERITAS
2019-07-23T20:32:53:  Observation identifiers ...: all
2019-07-23T20:32:53:  Model type ................: "PowerLaw" * "Constant"
2019-07-23T20:32:53:  Number of parameters ......: 4
2019-07-23T20:32:53:  Number of spectral par's ..: 3
2019-07-23T20:32:53:   Prefactor ................: 1.02491031483778 +/- 0.00450819403363686 [0.01,100] ph/cm2/s/MeV (free,scale=1,gradient)
2019-07-23T20:32:53:   Index ....................: 0.0240684711242152 +/- 0.0025590769880512 [-5,5]  (free,scale=1,gradient)
2019-07-23T20:32:53:   PivotEnergy ..............: 1000000 MeV (fixed,scale=1000000,gradient)
2019-07-23T20:32:53:  Number of temporal par's ..: 1
2019-07-23T20:32:53:   Normalization ............: 1 (relative value) (fixed,scale=1,gradient)
2019-07-23T20:32:53: 
2019-07-23T20:32:53: +===========================+
2019-07-23T20:32:53: | Compute covariance matrix |
2019-07-23T20:32:53: +===========================+
2019-07-23T20:33:24: === GMatrixSparse ===
2019-07-23T20:33:24:  Number of rows ............: 11
2019-07-23T20:33:24:  Number of columns .........: 11
2019-07-23T20:33:24:  Number of nonzero elements : 25
2019-07-23T20:33:24:  Number of allocated cells .: 512
2019-07-23T20:33:24:  Memory block size .........: 512
2019-07-23T20:33:24:  Sparse matrix fill ........: 0.206611570247934
2019-07-23T20:33:24:  Pending element ...........: 0
2019-07-23T20:33:24:  Fill stack size ...........: 0 (none)
2019-07-23T20:33:24:  0, 0, 0, 0, 0, 0, 0, 0, 0, 0, 0
2019-07-23T20:33:24:  0, 0, 0, 0, 0, 0, 0, 0, 0, 0, 0
2019-07-23T20:33:24:  0, 0, 5.76850471172005e-40, 1.0547400537369e-23, -1.20618962841913e-12, 0, 0, -3.14304963791879e-24, -3.45224959906424e-25, 0, 0
2019-07-23T20:33:24:  0, 0, 1.0547400537369e-23, 4.54117189068088e-05, -696960.424756357, 0, 0, 2.25067711042287e-07, -4.86683943177805e-07, 0, 0
2019-07-23T20:33:24:  0, 0, -1.20618962841913e-12, -696960.424756357, 2.6200254575197e+16, 0, 0, 43.5170916575361, 6691.50773419608, 0, 0
2019-07-23T20:33:24:  0, 0, 0, 0, 0, 0, 0, 0, 0, 0, 0
2019-07-23T20:33:24:  0, 0, 0, 0, 0, 0, 0, 0, 0, 0, 0
2019-07-23T20:33:24:  0, 0, -3.14304963791879e-24, 2.25067711042287e-07, 43.5170916575474, 0, 0, 2.03238134449205e-05, 1.04632739648771e-05, 0, 0
2019-07-23T20:33:24:  0, 0, -3.45224959906423e-25, -4.86683943177805e-07, 6691.50773419609, 0, 0, 1.04632739648771e-05, 6.54887503077297e-06, 0, 0
2019-07-23T20:33:24:  0, 0, 0, 0, 0, 0, 0, 0, 0, 0, 0
2019-07-23T20:33:24:  0, 0, 0, 0, 0, 0, 0, 0, 0, 0, 0
2019-07-23T20:33:24: 
2019-07-23T20:33:24: +===============================+
2019-07-23T20:33:24: | Prepare butterfly computation |
2019-07-23T20:33:24: +===============================+
2019-07-23T20:33:24:  Confidence level ..........: 0.68
2019-07-23T20:33:24:  Corresponding scaling .....: 0.994458
2019-07-23T20:33:24: 
2019-07-23T20:33:24: +====================+
2019-07-23T20:33:24: | Generate butterfly |
2019-07-23T20:33:24: +====================+
2019-07-23T20:33:24: 
2019-07-23T20:33:24: +=========+
2019-07-23T20:33:24: | Results |
2019-07-23T20:33:24: +=========+
2019-07-23T20:33:24:  Intensity at 112606.251051226 MeV : 2.34417922123182e-16 (2.30619361052551e-16, 2.38216483193812e-16) ph/cm2/s/MeV
2019-07-23T20:33:24:  Intensity at 142786.615593472 MeV : 1.46085185977878e-16 (1.43917031502906e-16, 1.48253340452851e-16) ph/cm2/s/MeV
2019-07-23T20:33:24:  Intensity at 181055.824186555 MeV : 9.10360869133535e-17 (8.98045490830097e-17, 9.22676247436973e-17) ph/cm2/s/MeV
2019-07-23T20:33:24:  Intensity at 229581.822747338 MeV : 5.6729752673533e-17 (5.60332361433945e-17, 5.74262692036716e-17) ph/cm2/s/MeV
2019-07-23T20:33:24:  Intensity at 291113.603071291 MeV : 3.53504866724869e-17 (3.49577110759994e-17, 3.57432622689745e-17) ph/cm2/s/MeV
2019-07-23T20:33:24:  Intensity at 369136.932876502 MeV : 2.20274219819046e-17 (2.18059612776156e-17, 2.22488826861936e-17) ph/cm2/s/MeV
2019-07-23T20:33:24:  Intensity at 468071.824112259 MeV : 1.37249687192977e-17 (1.35995074629144e-17, 1.3850429975681e-17) ph/cm2/s/MeV
2019-07-23T20:33:24:  Intensity at 593522.926087366 MeV : 8.55131600032936e-18 (8.47936494412555e-18, 8.62326705653317e-18) ph/cm2/s/MeV
2019-07-23T20:33:24:  Intensity at 752597.028157849 MeV : 5.32747539774494e-18 (5.2853035022343e-18, 5.36964729325557e-18) ph/cm2/s/MeV
2019-07-23T20:33:24:  Intensity at 954305.65846188 MeV : 3.31869992620045e-18 (3.29321110909977e-18, 3.34418874330113e-18) ph/cm2/s/MeV
2019-07-23T20:33:24:  Intensity at 1210075.58587031 MeV : 2.06709914216357e-18 (2.05114739935645e-18, 2.08305088497069e-18) ph/cm2/s/MeV
2019-07-23T20:33:24:  Intensity at 1534396.14502492 MeV : 1.28732189060965e-18 (1.27701811657098e-18, 1.29762566464831e-18) ph/cm2/s/MeV
2019-07-23T20:33:24:  Intensity at 1945640.05534746 MeV : 8.01544142228592e-19 (7.94735255480831e-19, 8.08353028976353e-19) ph/cm2/s/MeV
2019-07-23T20:33:24:  Intensity at 2467104.23331454 MeV : 4.98952550000766e-19 (4.94396445498899e-19, 5.03508654502634e-19) ph/cm2/s/MeV
2019-07-23T20:33:24:  Intensity at 3128329.55988436 MeV : 3.10494193913129e-19 (3.07433411470637e-19, 3.13554976355622e-19) ph/cm2/s/MeV
2019-07-23T20:33:24:  Intensity at 3966774.36773649 MeV : 1.93140470845895e-19 (1.9108824333906e-19, 1.9519269835273e-19) ph/cm2/s/MeV
2019-07-23T20:33:24:  Intensity at 5029936.45116879 MeV : 1.20080338100501e-19 (1.1871190935387e-19, 1.21448766847131e-19) ph/cm2/s/MeV
2019-07-23T20:33:24:  Intensity at 6378043.81024912 MeV : 7.46087992641907e-20 (7.37029684991202e-20, 7.55146300292611e-20) ph/cm2/s/MeV
2019-07-23T20:33:24:  Intensity at 8087466.55954362 MeV : 4.63182946880414e-20 (4.57232233254843e-20, 4.69133660505985e-20) ph/cm2/s/MeV
2019-07-23T20:33:24:  Intensity at 10255043.285628 MeV : 2.87252698879563e-20 (2.83367929925003e-20, 2.91137467834123e-20) ph/cm2/s/MeV
2019-07-23T20:33:24:  Intensity at 13003566.9409974 MeV : 1.77911432336162e-20 (1.75382025499545e-20, 1.80440839172779e-20) ph/cm2/s/MeV
2019-07-23T20:33:24:  Intensity at 16488741.0495845 MeV : 1.10006543679488e-20 (1.08352223324417e-20, 1.11660864034559e-20) ph/cm2/s/MeV
2019-07-23T20:33:24:  Intensity at 20908000.2920645 MeV : 6.7875614792628e-21 (6.67762197282073e-21, 6.89750098570488e-21) ph/cm2/s/MeV
2019-07-23T20:33:24:  Intensity at 26511695.1560098 MeV : 4.17679547236086e-21 (4.10147998152524e-21, 4.25211096319648e-21) ph/cm2/s/MeV
2019-07-23T20:33:24:  Intensity at 33617274.2599379 MeV : 2.56149999194237e-21 (2.50770001399502e-21, 2.61529996988972e-21) ph/cm2/s/MeV
2019-07-23T20:33:24:  Intensity at 42627267.7781488 MeV : 1.56412342302875e-21 (1.5240151840334e-21, 1.60423166202411e-21) ph/cm2/s/MeV
2019-07-23T20:33:24:  Intensity at 54052090.7251378 MeV : 9.49884492632405e-22 (9.19013968560242e-22, 9.80755016704569e-22) ph/cm2/s/MeV
2019-07-23T20:33:24:  Intensity at 68538957.9028144 MeV : 5.72870749746444e-22 (5.48725308982166e-22, 5.97016190510723e-22) ph/cm2/s/MeV
2019-07-23T20:33:24:  Intensity at 86908548.5386981 MeV : 3.42468623407377e-22 (3.23546974107743e-22, 3.61390272707012e-22) ph/cm2/s/MeV
2019-07-23T20:33:24:  Intensity at 110201497.662297 MeV : 2.02459861261806e-22 (1.87755485258138e-22, 2.17164237265475e-22) ph/cm2/s/MeV
2019-07-23T20:33:24:  Intensity at 139737347.950364 MeV : 1.18008225849517e-22 (1.06758221806185e-22, 1.2925822989285e-22) ph/cm2/s/MeV
2019-07-23T20:33:24:  Intensity at 177189301.655759 MeV : 6.75606652414747e-23 (5.91350957423621e-23, 7.59862347405873e-23) ph/cm2/s/MeV
2019-07-23T20:33:24: 
2019-07-23T20:33:24: +========================+
2019-07-23T20:33:24: | Save Butterfly diagram |
2019-07-23T20:33:24: +========================+
2019-07-23T20:33:24:  Butterfly file ............: /cta/carli/CPPM_Internship/Simulations_and_Analyses/minus_step_EDisp_South_z40_50h/source3d/butterfly_binned.ascii
2019-07-23T20:33:24: 
2019-07-23T20:33:24: Application "ctbutterfly" terminated after 32 wall clock seconds, consuming 33 seconds of CPU time.
