2019-07-25T11:05:43: ********************************************************************************
2019-07-25T11:05:43: *                                    cterror                                   *
2019-07-25T11:05:43: * ---------------------------------------------------------------------------- *
2019-07-25T11:05:43: * Version: 1.6.0                                                               *
2019-07-25T11:05:43: ********************************************************************************
2019-07-25T11:05:43: +============+
2019-07-25T11:05:43: | Parameters |
2019-07-25T11:05:43: +============+
2019-07-25T11:05:43:  inobs .....................: /cta/carli/CPPM_Internship/Simulations_and_Analyses/minus_step_EDisp_South_z40_50h/source3d/obs_cube.fits
2019-07-25T11:05:43:  inmodel ...................: /cta/carli/CPPM_Internship/Simulations_and_Analyses/minus_step_EDisp_South_z40_50h/source3d/obsmodel_binned.xml
2019-07-25T11:05:43:  srcname ...................: source3d
2019-07-25T11:05:43:  expcube ...................: /cta/carli/CPPM_Internship/Simulations_and_Analyses/minus_step_EDisp_South_z40_50h/source3d/exposure_cube.fits
2019-07-25T11:05:43:  psfcube ...................: /cta/carli/CPPM_Internship/Simulations_and_Analyses/minus_step_EDisp_South_z40_50h/source3d/PSF_cube.fits
2019-07-25T11:05:43:  edispcube .................: /cta/carli/CPPM_Internship/Simulations_and_Analyses/minus_step_EDisp_South_z40_50h/source3d/edisp_cube.fits
2019-07-25T11:05:43:  bkgcube ...................: /cta/carli/CPPM_Internship/Simulations_and_Analyses/minus_step_EDisp_South_z40_50h/source3d/background_cube.fits
2019-07-25T11:05:43:  caldb .....................: prod3b-v2
2019-07-25T11:05:43:  irf .......................: minus_step_EDisp_South_z40_50h
2019-07-25T11:05:43:  edisp .....................: yes
2019-07-25T11:05:43:  outmodel ..................: 
2019-07-25T11:05:43:  confidence ................: 0.95
2019-07-25T11:05:43:  tol .......................: 1e-3
2019-07-25T11:05:43:  statistic .................: DEFAULT
2019-07-25T11:05:43:  like_accuracy .............: 0.005
2019-07-25T11:05:43:  max_iter ..................: 50
2019-07-25T11:05:43:  nthreads ..................: 0
2019-07-25T11:05:43:  chatter ...................: 4
2019-07-25T11:05:43:  clobber ...................: yes
2019-07-25T11:05:43:  debug .....................: no
2019-07-25T11:05:43:  mode ......................: ql
2019-07-25T11:05:43:  logfile ...................: cterror95.log
2019-07-25T11:05:43: 
2019-07-25T11:05:43: +===================+
2019-07-25T11:05:43: | Input observation |
2019-07-25T11:05:43: +===================+
2019-07-25T11:05:43: === GObservations ===
2019-07-25T11:05:43:  Number of observations ....: 1
2019-07-25T11:05:43:  Number of models ..........: 2
2019-07-25T11:05:43:  Number of observed events .: 322873
2019-07-25T11:05:43:  Number of predicted events : 0
2019-07-25T11:05:43: === GCTAObservation ===
2019-07-25T11:05:43:  Name ......................: 
2019-07-25T11:05:43:  Identifier ................: 000001
2019-07-25T11:05:43:  Instrument ................: CTA
2019-07-25T11:05:43:  Event file ................: /cta/carli/CPPM_Internship/Simulations_and_Analyses/minus_step_EDisp_South_z40_50h/source3d/obs_cube.fits
2019-07-25T11:05:43:  Event type ................: CountsCube
2019-07-25T11:05:43:  Statistic .................: cstat
2019-07-25T11:05:43:  Ontime ....................: 144000 s
2019-07-25T11:05:43:  Livetime ..................: 141120 s
2019-07-25T11:05:43:  Deadtime correction .......: 0.98
2019-07-25T11:05:43:  User energy range .........: undefined
2019-07-25T11:05:43: === GCTAPointing ===
2019-07-25T11:05:43:  Pointing direction ........: (RA,Dec)=(84.1331,22.0145)
2019-07-25T11:05:43: === GCTAResponseCube ===
2019-07-25T11:05:43:  Energy dispersion .........: Used
2019-07-25T11:05:43: === GCTACubeExposure ===
2019-07-25T11:05:43:  Filename ..................: /cta/carli/CPPM_Internship/Simulations_and_Analyses/minus_step_EDisp_South_z40_50h/source3d/exposure_cube.fits
2019-07-25T11:05:43:  Livetime ..................: 141120 sec
2019-07-25T11:05:43: === GEnergies ===
2019-07-25T11:05:43:  Number of energies ........: 33
2019-07-25T11:05:43: === GGti ===
2019-07-25T11:05:43:  Number of intervals .......: 1
2019-07-25T11:05:43:  Ontime ....................: 144000 sec
2019-07-25T11:05:43:  Elapsed time ..............: 144000 sec
2019-07-25T11:05:43:  MJD range .................: 51544.5 - 51546.1666666667 s (TT)
2019-07-25T11:05:43:  UTC range .................: 2000-01-01T11:58:56 - 2000-01-03T03:58:56 s (TT)
2019-07-25T11:05:43:  Reference MJD .............: 51544.5
2019-07-25T11:05:43: === GSkyMap ===
2019-07-25T11:05:43:  Number of pixels ..........: 6400
2019-07-25T11:05:43:  X axis dimension ..........: 80
2019-07-25T11:05:43:  Y axis dimension ..........: 80
2019-07-25T11:05:43:  Number of maps ............: 33
2019-07-25T11:05:43:  Shape of maps .............: (33)
2019-07-25T11:05:43: === GCTACubePsf ===
2019-07-25T11:05:43:  Filename ..................: /cta/carli/CPPM_Internship/Simulations_and_Analyses/minus_step_EDisp_South_z40_50h/source3d/PSF_cube.fits
2019-07-25T11:05:43: === GEnergies ===
2019-07-25T11:05:43:  Number of energies ........: 33
2019-07-25T11:05:43:  Number of delta bins ......: 200
2019-07-25T11:05:43:  Delta range ...............: 1.875e-06 - 0.298501875 deg
2019-07-25T11:05:43: === GSkyMap ===
2019-07-25T11:05:43:  Number of pixels ..........: 1
2019-07-25T11:05:43:  X axis dimension ..........: 1
2019-07-25T11:05:43:  Y axis dimension ..........: 1
2019-07-25T11:05:43:  Number of maps ............: 6600
2019-07-25T11:05:43:  Shape of maps .............: (200, 33)
2019-07-25T11:05:43: === GCTACubeEdisp ===
2019-07-25T11:05:43:  Filename ..................: /cta/carli/CPPM_Internship/Simulations_and_Analyses/minus_step_EDisp_South_z40_50h/source3d/edisp_cube.fits
2019-07-25T11:05:43: === GEnergies ===
2019-07-25T11:05:43:  Number of energies ........: 33
2019-07-25T11:05:43:  Number of migra bins ......: 100
2019-07-25T11:05:43:  Migra range ...............: 0.02 - 2
2019-07-25T11:05:43: === GSkyMap ===
2019-07-25T11:05:43:  Number of pixels ..........: 1
2019-07-25T11:05:43:  X axis dimension ..........: 1
2019-07-25T11:05:43:  Y axis dimension ..........: 1
2019-07-25T11:05:43:  Number of maps ............: 3300
2019-07-25T11:05:43:  Shape of maps .............: (100, 33)
2019-07-25T11:05:43: === GCTACubeBackground ===
2019-07-25T11:05:43:  Filename ..................: /cta/carli/CPPM_Internship/Simulations_and_Analyses/minus_step_EDisp_South_z40_50h/source3d/background_cube.fits
2019-07-25T11:05:43: === GEbounds ===
2019-07-25T11:05:43:  Number of intervals .......: 32
2019-07-25T11:05:43:  Energy range ..............: 100 GeV - 199.526229858398 TeV
2019-07-25T11:05:43: === GSkyMap ===
2019-07-25T11:05:43:  Number of pixels ..........: 6400
2019-07-25T11:05:43:  X axis dimension ..........: 80
2019-07-25T11:05:43:  Y axis dimension ..........: 80
2019-07-25T11:05:43:  Number of maps ............: 32
2019-07-25T11:05:43:  Shape of maps .............: (32)
2019-07-25T11:05:43: === GCTAResponseCache ===
2019-07-25T11:05:43:  Number of cached values ...: 0
2019-07-25T11:05:43: === GCTAEventCube ===
2019-07-25T11:05:43:  Number of events ..........: 322873
2019-07-25T11:05:43:  Number of elements ........: 204800
2019-07-25T11:05:43:  Number of pixels ..........: 6400
2019-07-25T11:05:43:  Number of energy bins .....: 32
2019-07-25T11:05:43:  Time interval .............: 51544.5 - 51546.1666666667 days
2019-07-25T11:05:43:  Pointing ..................: (RA,Dec)=(84.1331,22.0145)
2019-07-25T11:05:43: === GEbounds ===
2019-07-25T11:05:43:  Number of intervals .......: 32
2019-07-25T11:05:43:  Energy range ..............: 100 GeV - 199.526229858398 TeV
2019-07-25T11:05:43: === GSkyMap ===
2019-07-25T11:05:43:  Number of pixels ..........: 6400
2019-07-25T11:05:43:  X axis dimension ..........: 80
2019-07-25T11:05:43:  Y axis dimension ..........: 80
2019-07-25T11:05:43:  Number of maps ............: 32
2019-07-25T11:05:43:  Shape of maps .............: (32)
2019-07-25T11:05:43: === GSkyRegions ===
2019-07-25T11:05:43:  Number of regions .........: 0
2019-07-25T11:05:43: === GModels ===
2019-07-25T11:05:43:  Number of models ..........: 2
2019-07-25T11:05:43:  Number of parameters ......: 11
2019-07-25T11:05:43: === GModelSky ===
2019-07-25T11:05:43:  Name ......................: source3d
2019-07-25T11:05:43:  Instruments ...............: all
2019-07-25T11:05:43:  Test Statistic ............: 102584.551
2019-07-25T11:05:43:  Observation identifiers ...: all
2019-07-25T11:05:43:  Model type ................: PointSource
2019-07-25T11:05:43:  Model components ..........: "PointSource" * "ExponentialCutoffPowerLaw" * "Constant"
2019-07-25T11:05:43:  Number of parameters ......: 7
2019-07-25T11:05:43:  Number of spatial par's ...: 2
2019-07-25T11:05:43:   RA .......................: 83.6331 [-360,360] deg (fixed,scale=1)
2019-07-25T11:05:43:   DEC ......................: 22.0145 [-90,90] deg (fixed,scale=1)
2019-07-25T11:05:43:  Number of spectral par's ..: 4
2019-07-25T11:05:43:   Prefactor ................: 3.03011139977016e-18 [1e-25,1e-15] ph/cm2/s/MeV (fixed,scale=1e-18,gradient)
2019-07-25T11:05:43:   Index ....................: -1.99132051757903 [-0,-5]  (fixed,scale=-1,gradient)
2019-07-25T11:05:43:   CutoffEnergy .............: 441227912.801373 +/- 161864926.946743 [1000000,100000000000] MeV (free,scale=100000000,gradient)
2019-07-25T11:05:43:   PivotEnergy ..............: 1000000 [10000,1000000000] MeV (fixed,scale=1000000,gradient)
2019-07-25T11:05:43:  Number of temporal par's ..: 1
2019-07-25T11:05:43:   Normalization ............: 1 (relative value) (fixed,scale=1,gradient)
2019-07-25T11:05:43:  Number of scale par's .....: 0
2019-07-25T11:05:43: === GCTAModelCubeBackground ===
2019-07-25T11:05:43:  Name ......................: BackgroundModel
2019-07-25T11:05:43:  Instruments ...............: CTA, HESS, MAGIC, VERITAS
2019-07-25T11:05:43:  Observation identifiers ...: all
2019-07-25T11:05:43:  Model type ................: "PowerLaw" * "Constant"
2019-07-25T11:05:43:  Number of parameters ......: 4
2019-07-25T11:05:43:  Number of spectral par's ..: 3
2019-07-25T11:05:43:   Prefactor ................: 1.02491031483778 [0.01,100] ph/cm2/s/MeV (fixed,scale=1,gradient)
2019-07-25T11:05:43:   Index ....................: 0.0240684711242152 [-5,5]  (fixed,scale=1,gradient)
2019-07-25T11:05:43:   PivotEnergy ..............: 1000000 MeV (fixed,scale=1000000,gradient)
2019-07-25T11:05:43:  Number of temporal par's ..: 1
2019-07-25T11:05:43:   Normalization ............: 1 (relative value) (fixed,scale=1,gradient)
2019-07-25T11:05:43: 
2019-07-25T11:05:43: +=============================+
2019-07-25T11:05:43: | Compute best-fit likelihood |
2019-07-25T11:05:43: +=============================+
2019-07-25T11:07:15: === GOptimizerLM ===
2019-07-25T11:07:15:  Optimized function value ..: -339433.081
2019-07-25T11:07:15:  Absolute precision ........: 0.005
2019-07-25T11:07:15:  Acceptable value decrease .: 2
2019-07-25T11:07:15:  Optimization status .......: converged
2019-07-25T11:07:15:  Number of parameters ......: 11
2019-07-25T11:07:15:  Number of free parameters .: 1
2019-07-25T11:07:15:  Number of iterations ......: 1
2019-07-25T11:07:15:  Lambda ....................: 0.0001
2019-07-25T11:07:15:  Maximum log likelihood ....: -339433.081
2019-07-25T11:07:15: === GModels ===
2019-07-25T11:07:15:  Number of models ..........: 2
2019-07-25T11:07:15:  Number of parameters ......: 11
2019-07-25T11:07:15: === GModelSky ===
2019-07-25T11:07:15:  Name ......................: source3d
2019-07-25T11:07:15:  Instruments ...............: all
2019-07-25T11:07:15:  Test Statistic ............: 102584.551
2019-07-25T11:07:15:  Observation identifiers ...: all
2019-07-25T11:07:15:  Model type ................: PointSource
2019-07-25T11:07:15:  Model components ..........: "PointSource" * "ExponentialCutoffPowerLaw" * "Constant"
2019-07-25T11:07:15:  Number of parameters ......: 7
2019-07-25T11:07:15:  Number of spatial par's ...: 2
2019-07-25T11:07:15:   RA .......................: 83.6331 [-360,360] deg (fixed,scale=1)
2019-07-25T11:07:15:   DEC ......................: 22.0145 [-90,90] deg (fixed,scale=1)
2019-07-25T11:07:15:  Number of spectral par's ..: 4
2019-07-25T11:07:15:   Prefactor ................: 3.03011139977016e-18 [1e-25,1e-15] ph/cm2/s/MeV (fixed,scale=1e-18,gradient)
2019-07-25T11:07:15:   Index ....................: -1.99132051757903 [-0,-5]  (fixed,scale=-1,gradient)
2019-07-25T11:07:15:   CutoffEnergy .............: 441431672.657418 +/- 116746739.732835 [1000000,100000000000] MeV (free,scale=100000000,gradient)
2019-07-25T11:07:15:   PivotEnergy ..............: 1000000 [10000,1000000000] MeV (fixed,scale=1000000,gradient)
2019-07-25T11:07:15:  Number of temporal par's ..: 1
2019-07-25T11:07:15:   Normalization ............: 1 (relative value) (fixed,scale=1,gradient)
2019-07-25T11:07:15:  Number of scale par's .....: 0
2019-07-25T11:07:15: === GCTAModelCubeBackground ===
2019-07-25T11:07:15:  Name ......................: BackgroundModel
2019-07-25T11:07:15:  Instruments ...............: CTA, HESS, MAGIC, VERITAS
2019-07-25T11:07:15:  Observation identifiers ...: all
2019-07-25T11:07:15:  Model type ................: "PowerLaw" * "Constant"
2019-07-25T11:07:15:  Number of parameters ......: 4
2019-07-25T11:07:15:  Number of spectral par's ..: 3
2019-07-25T11:07:15:   Prefactor ................: 1.02491031483778 [0.01,100] ph/cm2/s/MeV (fixed,scale=1,gradient)
2019-07-25T11:07:15:   Index ....................: 0.0240684711242152 [-5,5]  (fixed,scale=1,gradient)
2019-07-25T11:07:15:   PivotEnergy ..............: 1000000 MeV (fixed,scale=1000000,gradient)
2019-07-25T11:07:15:  Number of temporal par's ..: 1
2019-07-25T11:07:15:   Normalization ............: 1 (relative value) (fixed,scale=1,gradient)
2019-07-25T11:07:15: 
2019-07-25T11:07:15: +==============================================================+
2019-07-25T11:07:15: | Compute error for source "source3d" parameter "CutoffEnergy" |
2019-07-25T11:07:15: +==============================================================+
2019-07-25T11:07:15:  Confidence level ..........: 95 %
2019-07-25T11:07:15:  Log-likelihood difference .: 1.92073
2019-07-25T11:07:15:  Initial factor range ......: [0.01, 16.0889906998576]
2019-07-25T11:07:25:    Iteration 1 .............: [0.01, 4.41431672657419]
2019-07-25T11:07:35:    Iteration 2 .............: [2.21215836328709, 4.41431672657419]
2019-07-25T11:07:45:    Iteration 3 .............: [2.21215836328709, 3.31323754493064]
2019-07-25T11:07:55:    Iteration 4 .............: [2.76269795410887, 3.31323754493064]
2019-07-25T11:08:05:    Iteration 5 .............: [2.76269795410887, 3.03796774951975]
2019-07-25T11:08:16:    Iteration 6 .............: [2.76269795410887, 2.90033285181431]
2019-07-25T11:08:26:    Iteration 7 .............: [2.83151540296159, 2.90033285181431]
2019-07-25T11:08:36:    Iteration 8 .............: [2.83151540296159, 2.86592412738795]
2019-07-25T11:08:46:    Iteration 9 .............: [2.84871976517477, 2.86592412738795]
2019-07-25T11:08:56:    Iteration 10 ............: [2.85732194628136, 2.86592412738795]
2019-07-25T11:09:06:    Iteration 11 ............: [2.85732194628136, 2.86162303683465]
2019-07-25T11:09:16:    Iteration 12 ............: [2.85732194628136, 2.85947249155801]
2019-07-25T11:09:27:    Iteration 13 ............: [2.85732194628136, 2.85839721891968]
2019-07-25T11:09:37:    Iteration 1 .............: [4.41431672657419, 16.0889906998576]
2019-07-25T11:09:47:    Iteration 2 .............: [4.41431672657419, 10.2516537132159]
2019-07-25T11:09:57:    Iteration 3 .............: [7.33298521989505, 10.2516537132159]
2019-07-25T11:10:08:    Iteration 4 .............: [8.79231946655548, 10.2516537132159]
2019-07-25T11:10:18:    Iteration 5 .............: [8.79231946655548, 9.5219865898857]
2019-07-25T11:10:28:    Iteration 6 .............: [9.15715302822059, 9.5219865898857]
2019-07-25T11:10:28:  Lower parameter factor ....: 2.85786
2019-07-25T11:10:28:  Upper parameter factor ....: 9.33957
2019-07-25T11:10:28:  Error from curvature ......: 116746739.732835 MeV
2019-07-25T11:10:28:  Error from profile ........: 324085511.322631 MeV
2019-07-25T11:10:28:  Negative profile error ....: 155645714.397367 MeV
2019-07-25T11:10:28:  Positive profile error ....: 492525308.247896 MeV
2019-07-25T11:10:28: 
2019-07-25T11:10:28: +==============+
2019-07-25T11:10:28: | Save results |
2019-07-25T11:10:28: +==============+
2019-07-25T11:10:28:  Model definition file .....: NONE
2019-07-25T11:10:28: 
2019-07-25T11:10:28: Application "cterror" terminated after 286 wall clock seconds, consuming 356.07 seconds of CPU time.
