2019-07-23T20:29:23: ********************************************************************************
2019-07-23T20:29:23: *                                    ctlike                                    *
2019-07-23T20:29:23: * ---------------------------------------------------------------------------- *
2019-07-23T20:29:23: * Version: 1.6.0                                                               *
2019-07-23T20:29:23: ********************************************************************************
2019-07-23T20:29:23: +============+
2019-07-23T20:29:23: | Parameters |
2019-07-23T20:29:23: +============+
2019-07-23T20:29:23:  inobs .....................: /cta/carli/CPPM_Internship/Simulations_and_Analyses/minus_step_EDisp_South_z40_50h/source3d/obs_cube.fits
2019-07-23T20:29:23:  inmodel ...................: sourcemodel_cube.xml
2019-07-23T20:29:23:  expcube ...................: /cta/carli/CPPM_Internship/Simulations_and_Analyses/minus_step_EDisp_South_z40_50h/source3d/exposure_cube.fits
2019-07-23T20:29:23:  psfcube ...................: /cta/carli/CPPM_Internship/Simulations_and_Analyses/minus_step_EDisp_South_z40_50h/source3d/PSF_cube.fits
2019-07-23T20:29:23:  edispcube .................: /cta/carli/CPPM_Internship/Simulations_and_Analyses/minus_step_EDisp_South_z40_50h/source3d/edisp_cube.fits
2019-07-23T20:29:23:  bkgcube ...................: /cta/carli/CPPM_Internship/Simulations_and_Analyses/minus_step_EDisp_South_z40_50h/source3d/background_cube.fits
2019-07-23T20:29:23:  caldb .....................: prod3b-v2
2019-07-23T20:29:23:  irf .......................: South_z40_50h
2019-07-23T20:29:23:  edisp .....................: yes
2019-07-23T20:29:23:  outmodel ..................: /cta/carli/CPPM_Internship/Simulations_and_Analyses/minus_step_EDisp_South_z40_50h/source3d/obsmodel_binned.xml
2019-07-23T20:29:23:  outcovmat .................: NONE
2019-07-23T20:29:23:  statistic .................: DEFAULT
2019-07-23T20:29:23:  refit .....................: no
2019-07-23T20:29:23:  like_accuracy .............: 0.005
2019-07-23T20:29:23:  max_iter ..................: 50
2019-07-23T20:29:23:  fix_spat_for_ts ...........: no
2019-07-23T20:29:23:  nthreads ..................: 0
2019-07-23T20:29:23:  chatter ...................: 4
2019-07-23T20:29:23:  clobber ...................: yes
2019-07-23T20:29:23:  debug .....................: no
2019-07-23T20:29:23:  mode ......................: ql
2019-07-23T20:29:23:  logfile ...................: ctlike.log
2019-07-23T20:29:23: 
2019-07-23T20:29:23: +===================+
2019-07-23T20:29:23: | Input observation |
2019-07-23T20:29:23: +===================+
2019-07-23T20:29:23: === GObservations ===
2019-07-23T20:29:23:  Number of observations ....: 1
2019-07-23T20:29:23:  Number of models ..........: 2
2019-07-23T20:29:23:  Number of observed events .: 322873
2019-07-23T20:29:23:  Number of predicted events : 0
2019-07-23T20:29:23: === GCTAObservation ===
2019-07-23T20:29:23:  Name ......................: 
2019-07-23T20:29:23:  Identifier ................: 000001
2019-07-23T20:29:23:  Instrument ................: CTA
2019-07-23T20:29:23:  Event file ................: /cta/carli/CPPM_Internship/Simulations_and_Analyses/minus_step_EDisp_South_z40_50h/source3d/obs_cube.fits
2019-07-23T20:29:23:  Event type ................: CountsCube
2019-07-23T20:29:23:  Statistic .................: cstat
2019-07-23T20:29:23:  Ontime ....................: 144000 s
2019-07-23T20:29:23:  Livetime ..................: 141120 s
2019-07-23T20:29:23:  Deadtime correction .......: 0.98
2019-07-23T20:29:23:  User energy range .........: undefined
2019-07-23T20:29:23: === GCTAPointing ===
2019-07-23T20:29:23:  Pointing direction ........: (RA,Dec)=(84.1331,22.0145)
2019-07-23T20:29:23: === GCTAResponseCube ===
2019-07-23T20:29:23:  Energy dispersion .........: Used
2019-07-23T20:29:23: === GCTACubeExposure ===
2019-07-23T20:29:23:  Filename ..................: /cta/carli/CPPM_Internship/Simulations_and_Analyses/minus_step_EDisp_South_z40_50h/source3d/exposure_cube.fits
2019-07-23T20:29:23:  Livetime ..................: 141120 sec
2019-07-23T20:29:23: === GEnergies ===
2019-07-23T20:29:23:  Number of energies ........: 33
2019-07-23T20:29:23: === GGti ===
2019-07-23T20:29:23:  Number of intervals .......: 1
2019-07-23T20:29:23:  Ontime ....................: 144000 sec
2019-07-23T20:29:23:  Elapsed time ..............: 144000 sec
2019-07-23T20:29:23:  MJD range .................: 51544.5 - 51546.1666666667 s (TT)
2019-07-23T20:29:23:  UTC range .................: 2000-01-01T11:58:56 - 2000-01-03T03:58:56 s (TT)
2019-07-23T20:29:23:  Reference MJD .............: 51544.5
2019-07-23T20:29:23: === GSkyMap ===
2019-07-23T20:29:23:  Number of pixels ..........: 6400
2019-07-23T20:29:23:  X axis dimension ..........: 80
2019-07-23T20:29:23:  Y axis dimension ..........: 80
2019-07-23T20:29:23:  Number of maps ............: 33
2019-07-23T20:29:23:  Shape of maps .............: (33)
2019-07-23T20:29:23: === GCTACubePsf ===
2019-07-23T20:29:23:  Filename ..................: /cta/carli/CPPM_Internship/Simulations_and_Analyses/minus_step_EDisp_South_z40_50h/source3d/PSF_cube.fits
2019-07-23T20:29:23: === GEnergies ===
2019-07-23T20:29:23:  Number of energies ........: 33
2019-07-23T20:29:23:  Number of delta bins ......: 200
2019-07-23T20:29:23:  Delta range ...............: 1.875e-06 - 0.298501875 deg
2019-07-23T20:29:23: === GSkyMap ===
2019-07-23T20:29:23:  Number of pixels ..........: 1
2019-07-23T20:29:23:  X axis dimension ..........: 1
2019-07-23T20:29:23:  Y axis dimension ..........: 1
2019-07-23T20:29:23:  Number of maps ............: 6600
2019-07-23T20:29:23:  Shape of maps .............: (200, 33)
2019-07-23T20:29:23: === GCTACubeEdisp ===
2019-07-23T20:29:23:  Filename ..................: /cta/carli/CPPM_Internship/Simulations_and_Analyses/minus_step_EDisp_South_z40_50h/source3d/edisp_cube.fits
2019-07-23T20:29:23: === GEnergies ===
2019-07-23T20:29:23:  Number of energies ........: 33
2019-07-23T20:29:23:  Number of migra bins ......: 100
2019-07-23T20:29:23:  Migra range ...............: 0.02 - 2
2019-07-23T20:29:23: === GSkyMap ===
2019-07-23T20:29:23:  Number of pixels ..........: 1
2019-07-23T20:29:23:  X axis dimension ..........: 1
2019-07-23T20:29:23:  Y axis dimension ..........: 1
2019-07-23T20:29:23:  Number of maps ............: 3300
2019-07-23T20:29:23:  Shape of maps .............: (100, 33)
2019-07-23T20:29:23: === GCTACubeBackground ===
2019-07-23T20:29:23:  Filename ..................: /cta/carli/CPPM_Internship/Simulations_and_Analyses/minus_step_EDisp_South_z40_50h/source3d/background_cube.fits
2019-07-23T20:29:23: === GEbounds ===
2019-07-23T20:29:23:  Number of intervals .......: 32
2019-07-23T20:29:23:  Energy range ..............: 100 GeV - 199.526229858398 TeV
2019-07-23T20:29:23: === GSkyMap ===
2019-07-23T20:29:23:  Number of pixels ..........: 6400
2019-07-23T20:29:23:  X axis dimension ..........: 80
2019-07-23T20:29:23:  Y axis dimension ..........: 80
2019-07-23T20:29:23:  Number of maps ............: 32
2019-07-23T20:29:23:  Shape of maps .............: (32)
2019-07-23T20:29:23: === GCTAResponseCache ===
2019-07-23T20:29:23:  Number of cached values ...: 0
2019-07-23T20:29:23: === GCTAEventCube ===
2019-07-23T20:29:23:  Number of events ..........: 322873
2019-07-23T20:29:23:  Number of elements ........: 204800
2019-07-23T20:29:23:  Number of pixels ..........: 6400
2019-07-23T20:29:23:  Number of energy bins .....: 32
2019-07-23T20:29:23:  Time interval .............: 51544.5 - 51546.1666666667 days
2019-07-23T20:29:23:  Pointing ..................: (RA,Dec)=(84.1331,22.0145)
2019-07-23T20:29:23: === GEbounds ===
2019-07-23T20:29:23:  Number of intervals .......: 32
2019-07-23T20:29:23:  Energy range ..............: 100 GeV - 199.526229858398 TeV
2019-07-23T20:29:23: === GSkyMap ===
2019-07-23T20:29:23:  Number of pixels ..........: 6400
2019-07-23T20:29:23:  X axis dimension ..........: 80
2019-07-23T20:29:23:  Y axis dimension ..........: 80
2019-07-23T20:29:23:  Number of maps ............: 32
2019-07-23T20:29:23:  Shape of maps .............: (32)
2019-07-23T20:29:23: === GSkyRegions ===
2019-07-23T20:29:23:  Number of regions .........: 0
2019-07-23T20:29:23: === GModels ===
2019-07-23T20:29:23:  Number of models ..........: 2
2019-07-23T20:29:23:  Number of parameters ......: 11
2019-07-23T20:29:23: === GModelSky ===
2019-07-23T20:29:23:  Name ......................: source3d
2019-07-23T20:29:23:  Instruments ...............: all
2019-07-23T20:29:23:  Test Statistic ............: Computation requested
2019-07-23T20:29:23:  Observation identifiers ...: all
2019-07-23T20:29:23:  Model type ................: PointSource
2019-07-23T20:29:23:  Model components ..........: "PointSource" * "ExponentialCutoffPowerLaw" * "Constant"
2019-07-23T20:29:23:  Number of parameters ......: 7
2019-07-23T20:29:23:  Number of spatial par's ...: 2
2019-07-23T20:29:23:   RA .......................: 83.6331 [-360,360] deg (fixed,scale=1)
2019-07-23T20:29:23:   DEC ......................: 22.0145 [-90,90] deg (fixed,scale=1)
2019-07-23T20:29:23:  Number of spectral par's ..: 4
2019-07-23T20:29:23:   Prefactor ................: 3.04e-18 +/- 0 [1e-25,1e-15] ph/cm2/s/MeV (free,scale=1e-18,gradient)
2019-07-23T20:29:23:   Index ....................: -2 +/- 0 [-0,-5]  (free,scale=-1,gradient)
2019-07-23T20:29:23:   CutoffEnergy .............: 200000000 +/- 0 [1000000,100000000000] MeV (free,scale=100000000,gradient)
2019-07-23T20:29:23:   PivotEnergy ..............: 1000000 [10000,1000000000] MeV (fixed,scale=1000000,gradient)
2019-07-23T20:29:23:  Number of temporal par's ..: 1
2019-07-23T20:29:23:   Normalization ............: 1 (relative value) (fixed,scale=1,gradient)
2019-07-23T20:29:23:  Number of scale par's .....: 0
2019-07-23T20:29:23: === GCTAModelCubeBackground ===
2019-07-23T20:29:23:  Name ......................: BackgroundModel
2019-07-23T20:29:23:  Instruments ...............: CTA, HESS, MAGIC, VERITAS
2019-07-23T20:29:23:  Observation identifiers ...: all
2019-07-23T20:29:23:  Model type ................: "PowerLaw" * "Constant"
2019-07-23T20:29:23:  Number of parameters ......: 4
2019-07-23T20:29:23:  Number of spectral par's ..: 3
2019-07-23T20:29:23:   Prefactor ................: 1 +/- 0 [0.01,100] ph/cm2/s/MeV (free,scale=1,gradient)
2019-07-23T20:29:23:   Index ....................: 0 +/- 0 [-5,5]  (free,scale=1,gradient)
2019-07-23T20:29:23:   PivotEnergy ..............: 1000000 MeV (fixed,scale=1000000,gradient)
2019-07-23T20:29:23:  Number of temporal par's ..: 1
2019-07-23T20:29:23:   Normalization ............: 1 (relative value) (fixed,scale=1,gradient)
2019-07-23T20:29:23: 
2019-07-23T20:29:23: +=================================+
2019-07-23T20:29:23: | Maximum likelihood optimisation |
2019-07-23T20:29:23: +=================================+
2019-07-23T20:29:54:  >Iteration   0: -logL=-339347.530, Lambda=1.0e-03
2019-07-23T20:30:23:  >Iteration   1: -logL=-339431.547, Lambda=1.0e-03, delta=84.017, step=1.0e+00, max(|grad|)=249.468345 [Index:8]
2019-07-23T20:30:52:  >Iteration   2: -logL=-339432.876, Lambda=1.0e-04, delta=1.329, step=1.0e+00, max(|grad|)=65.173603 [Index:3]
2019-07-23T20:31:21:  >Iteration   3: -logL=-339433.070, Lambda=1.0e-05, delta=0.194, step=1.0e+00, max(|grad|)=13.576289 [Index:3]
2019-07-23T20:31:50:  >Iteration   4: -logL=-339433.081, Lambda=1.0e-06, delta=0.011, step=1.0e+00, max(|grad|)=1.299833 [Index:3]
2019-07-23T20:32:19:  >Iteration   5: -logL=-339433.081, Lambda=1.0e-07, delta=0.000, step=1.0e+00, max(|grad|)=0.088695 [Index:3]
2019-07-23T20:32:19:  
2019-07-23T20:32:19:  +==================+
2019-07-23T20:32:19:  | Curvature matrix |
2019-07-23T20:32:19:  +==================+
2019-07-23T20:32:19:  === GMatrixSparse ===
2019-07-23T20:32:19:   Number of rows ............: 11
2019-07-23T20:32:19:   Number of columns .........: 11
2019-07-23T20:32:19:   Number of nonzero elements : 25
2019-07-23T20:32:19:   Number of allocated cells .: 537
2019-07-23T20:32:19:   Memory block size .........: 512
2019-07-23T20:32:19:   Sparse matrix fill ........: 0.206611570247934
2019-07-23T20:32:19:   Pending element ...........: 0
2019-07-23T20:32:19:   Fill stack size ...........: 0 (none)
2019-07-23T20:32:19:   0, 0, 0, 0, 0, 0, 0, 0, 0, 0, 0
2019-07-23T20:32:19:   0, 0, 0, 0, 0, 0, 0, 0, 0, 0, 0
2019-07-23T20:32:19:   0, 0, 1990.86868235545, -1559.47488641628, 13.3682368069733, 0, 0, 1391.70590278967, -2139.30907604881, 0, 0
2019-07-23T20:32:19:   0, 0, -1559.47488641628, 38655.9677404296, -109.702814794944, 0, 0, 6387.6053233819, -12039.6404318784, 0, 0
2019-07-23T20:32:19:   0, 0, 13.3682368069733, -109.702814794944, 0.735041486242591, 0, 0, 0.808069825966746, 0.0557704372972924, 0, 0
2019-07-23T20:32:19:   0, 0, 0, 0, 0, 0, 0, 0, 0, 0, 0
2019-07-23T20:32:19:   0, 0, 0, 0, 0, 0, 0, 0, 0, 0, 0
2019-07-23T20:32:19:   0, 0, 1391.70590278967, 6387.60532338191, 0.808069825966746, 0, 0, 280082.845278677, -447903.784179146, 0, 0
2019-07-23T20:32:19:   0, 0, -2139.30907604881, -12039.6404318784, 0.0557704372972905, 0, 0, -447903.784179145, 869104.571691013, 0, 0
2019-07-23T20:32:19:   0, 0, 0, 0, 0, 0, 0, 0, 0, 0, 0
2019-07-23T20:32:19:   0, 0, 0, 0, 0, 0, 0, 0, 0, 0, 0
2019-07-23T20:32:48: 
2019-07-23T20:32:48: +====================================+
2019-07-23T20:32:48: | Maximum likelihood re-optimisation |
2019-07-23T20:32:48: +====================================+
2019-07-23T20:32:49:  >Iteration   0: -logL=-284310.388, Lambda=1.0e-03
2019-07-23T20:32:50:  >Iteration   1: -logL=-287662.331, Lambda=1.0e-03, delta=3351.943, step=1.0e+00, max(|grad|)=-9362.606313 [Prefactor:0]
2019-07-23T20:32:50:  >Iteration   2: -logL=-288128.834, Lambda=1.0e-04, delta=466.502, step=1.0e+00, max(|grad|)=-1307.706987 [Prefactor:0]
2019-07-23T20:32:51:  >Iteration   3: -logL=-288140.732, Lambda=1.0e-05, delta=11.899, step=1.0e+00, max(|grad|)=-103.489953 [Index:1]
2019-07-23T20:32:51:  >Iteration   4: -logL=-288140.805, Lambda=1.0e-06, delta=0.073, step=1.0e+00, max(|grad|)=-15.669226 [Index:1]
2019-07-23T20:32:52:  >Iteration   5: -logL=-288140.806, Lambda=1.0e-07, delta=0.001, step=1.0e+00, max(|grad|)=-1.439371 [Index:1]
2019-07-23T20:32:52: 
2019-07-23T20:32:52: +============================================+
2019-07-23T20:32:52: | Maximum likelihood re-optimisation results |
2019-07-23T20:32:52: +============================================+
2019-07-23T20:32:52: === GOptimizerLM ===
2019-07-23T20:32:52:  Optimized function value ..: -288140.806
2019-07-23T20:32:52:  Absolute precision ........: 0.005
2019-07-23T20:32:52:  Acceptable value decrease .: 2
2019-07-23T20:32:52:  Optimization status .......: converged
2019-07-23T20:32:52:  Number of parameters ......: 4
2019-07-23T20:32:52:  Number of free parameters .: 2
2019-07-23T20:32:52:  Number of iterations ......: 5
2019-07-23T20:32:52:  Lambda ....................: 1e-08
2019-07-23T20:32:52: 
2019-07-23T20:32:52: +=========================================+
2019-07-23T20:32:52: | Maximum likelihood optimisation results |
2019-07-23T20:32:52: +=========================================+
2019-07-23T20:32:52: === GOptimizerLM ===
2019-07-23T20:32:52:  Optimized function value ..: -339433.081
2019-07-23T20:32:52:  Absolute precision ........: 0.005
2019-07-23T20:32:52:  Acceptable value decrease .: 2
2019-07-23T20:32:52:  Optimization status .......: converged
2019-07-23T20:32:52:  Number of parameters ......: 11
2019-07-23T20:32:52:  Number of free parameters .: 5
2019-07-23T20:32:52:  Number of iterations ......: 5
2019-07-23T20:32:52:  Lambda ....................: 1e-08
2019-07-23T20:32:52:  Maximum log likelihood ....: 339433.081
2019-07-23T20:32:52:  Observed events  (Nobs) ...: 322873.000
2019-07-23T20:32:52:  Predicted events (Npred) ..: 321133.992 (Nobs - Npred = 1739.008366619)
2019-07-23T20:32:52: === GModels ===
2019-07-23T20:32:52:  Number of models ..........: 2
2019-07-23T20:32:52:  Number of parameters ......: 11
2019-07-23T20:32:52: === GModelSky ===
2019-07-23T20:32:52:  Name ......................: source3d
2019-07-23T20:32:52:  Instruments ...............: all
2019-07-23T20:32:52:  Test Statistic ............: 102584.551132639
2019-07-23T20:32:52:  Observation identifiers ...: all
2019-07-23T20:32:52:  Model type ................: PointSource
2019-07-23T20:32:52:  Model components ..........: "PointSource" * "ExponentialCutoffPowerLaw" * "Constant"
2019-07-23T20:32:52:  Number of parameters ......: 7
2019-07-23T20:32:52:  Number of spatial par's ...: 2
2019-07-23T20:32:52:   RA .......................: 83.6331 [-360,360] deg (fixed,scale=1)
2019-07-23T20:32:52:   DEC ......................: 22.0145 [-90,90] deg (fixed,scale=1)
2019-07-23T20:32:52:  Number of spectral par's ..: 4
2019-07-23T20:32:52:   Prefactor ................: 3.03011139977016e-18 +/- 2.40177116139592e-20 [1e-25,1e-15] ph/cm2/s/MeV (free,scale=1e-18,gradient)
2019-07-23T20:32:52:   Index ....................: -1.99132051757903 +/- 0.00673882177439111 [-0,-5]  (free,scale=-1,gradient)
2019-07-23T20:32:52:   CutoffEnergy .............: 441227912.801373 +/- 161864926.946743 [1000000,100000000000] MeV (free,scale=100000000,gradient)
2019-07-23T20:32:52:   PivotEnergy ..............: 1000000 [10000,1000000000] MeV (fixed,scale=1000000,gradient)
2019-07-23T20:32:52:  Number of temporal par's ..: 1
2019-07-23T20:32:52:   Normalization ............: 1 (relative value) (fixed,scale=1,gradient)
2019-07-23T20:32:52:  Number of scale par's .....: 0
2019-07-23T20:32:52: === GCTAModelCubeBackground ===
2019-07-23T20:32:52:  Name ......................: BackgroundModel
2019-07-23T20:32:52:  Instruments ...............: CTA, HESS, MAGIC, VERITAS
2019-07-23T20:32:52:  Observation identifiers ...: all
2019-07-23T20:32:52:  Model type ................: "PowerLaw" * "Constant"
2019-07-23T20:32:52:  Number of parameters ......: 4
2019-07-23T20:32:52:  Number of spectral par's ..: 3
2019-07-23T20:32:52:   Prefactor ................: 1.02491031483778 +/- 0.00450819403363686 [0.01,100] ph/cm2/s/MeV (free,scale=1,gradient)
2019-07-23T20:32:52:   Index ....................: 0.0240684711242152 +/- 0.0025590769880512 [-5,5]  (free,scale=1,gradient)
2019-07-23T20:32:52:   PivotEnergy ..............: 1000000 MeV (fixed,scale=1000000,gradient)
2019-07-23T20:32:52:  Number of temporal par's ..: 1
2019-07-23T20:32:52:   Normalization ............: 1 (relative value) (fixed,scale=1,gradient)
2019-07-23T20:32:52: 
2019-07-23T20:32:52: +==============+
2019-07-23T20:32:52: | Save results |
2019-07-23T20:32:52: +==============+
2019-07-23T20:32:52:  Model definition file .....: /cta/carli/CPPM_Internship/Simulations_and_Analyses/minus_step_EDisp_South_z40_50h/source3d/obsmodel_binned.xml
2019-07-23T20:32:52:  Covariance matrix file ....: NONE
2019-07-23T20:32:52: 
2019-07-23T20:32:52: Application "ctlike" terminated after 210 wall clock seconds, consuming 217.63 seconds of CPU time.
