2019-07-22T14:25:12: ********************************************************************************
2019-07-22T14:25:12: *                                     ctbin                                    *
2019-07-22T14:25:12: * ---------------------------------------------------------------------------- *
2019-07-22T14:25:12: * Version: 1.6.0                                                               *
2019-07-22T14:25:12: ********************************************************************************
2019-07-22T14:25:12: +============+
2019-07-22T14:25:12: | Parameters |
2019-07-22T14:25:12: +============+
2019-07-22T14:25:12:  inobs .....................: /cta/carli/CPPM_Internship/Simulations_and_Analyses/plus_step_AEff_South_z40_50h/source1d/obs.fits
2019-07-22T14:25:12:  outobs ....................: /cta/carli/CPPM_Internship/Simulations_and_Analyses/plus_step_AEff_South_z40_50h/source1d/obs_cube.fits
2019-07-22T14:25:12:  stack .....................: yes
2019-07-22T14:25:12:  prefix ....................: cntcube_
2019-07-22T14:25:12:  ebinalg ...................: LOG
2019-07-22T14:25:12:  emin ......................: 0.1
2019-07-22T14:25:12:  emax ......................: 199.526229858398
2019-07-22T14:25:12:  enumbins ..................: 32
2019-07-22T14:25:12:  ebinfile ..................: [not queried]
2019-07-22T14:25:12:  usepnt ....................: yes
2019-07-22T14:25:12:  nxpix .....................: 80
2019-07-22T14:25:12:  nypix .....................: 80
2019-07-22T14:25:12:  binsz .....................: 0.02
2019-07-22T14:25:12:  coordsys ..................: GAL
2019-07-22T14:25:12:  proj ......................: TAN
2019-07-22T14:25:12:  xref ......................: [not queried]
2019-07-22T14:25:12:  yref ......................: [not queried]
2019-07-22T14:25:12:  nthreads ..................: 0
2019-07-22T14:25:12:  publish ...................: no
2019-07-22T14:25:12:  chatter ...................: 4
2019-07-22T14:25:12:  clobber ...................: yes
2019-07-22T14:25:12:  debug .....................: no
2019-07-22T14:25:12:  mode ......................: ql
2019-07-22T14:25:12:  logfile ...................: ctbin.log
2019-07-22T14:25:12: 
2019-07-22T14:25:12: +===================+
2019-07-22T14:25:12: | Input observation |
2019-07-22T14:25:12: +===================+
2019-07-22T14:25:12: === GObservations ===
2019-07-22T14:25:12:  Number of observations ....: 1
2019-07-22T14:25:12:  Number of models ..........: 0
2019-07-22T14:25:12:  Number of observed events .: 326177
2019-07-22T14:25:12:  Number of predicted events : 0
2019-07-22T14:25:12: === GCTAObservation ===
2019-07-22T14:25:12:  Name ......................: 
2019-07-22T14:25:12:  Identifier ................: 000001
2019-07-22T14:25:12:  Instrument ................: CTA
2019-07-22T14:25:12:  Event file ................: /cta/carli/CPPM_Internship/Simulations_and_Analyses/plus_step_AEff_South_z40_50h/source1d/obs.fits
2019-07-22T14:25:12:  Event type ................: EventList
2019-07-22T14:25:12:  Statistic .................: cstat
2019-07-22T14:25:12:  Ontime ....................: 144000 s
2019-07-22T14:25:12:  Livetime ..................: 141120 s
2019-07-22T14:25:12:  Deadtime correction .......: 0.98
2019-07-22T14:25:12:  User energy range .........: undefined
2019-07-22T14:25:12: === GCTAPointing ===
2019-07-22T14:25:12:  Pointing direction ........: (RA,Dec)=(84.1331,22.0145)
2019-07-22T14:25:12:  Response function .........: undefined
2019-07-22T14:25:12: === GCTAEventList ===
2019-07-22T14:25:12:  Number of events ..........: 326177 (disposed in "/cta/carli/CPPM_Internship/Simulations_and_Analyses/plus_step_AEff_South_z40_50h/source1d/obs.fits")
2019-07-22T14:25:12:  Time interval .............: 51544.5 - 51546.1666666667 days
2019-07-22T14:25:12: === GEbounds ===
2019-07-22T14:25:12:  Number of intervals .......: 1
2019-07-22T14:25:12:  Energy range ..............: 100 GeV - 199.526229858398 TeV
2019-07-22T14:25:12: === GCTARoi ===
2019-07-22T14:25:12:  RoI centre ................: RA=84.1331, DEC=22.0145 [0,0]
2019-07-22T14:25:12:  RoI radius ................: 0.8 deg
2019-07-22T14:25:12: === GSkyRegions ===
2019-07-22T14:25:12:  Number of regions .........: 0
2019-07-22T14:25:12: === GModels ===
2019-07-22T14:25:12:  Number of models ..........: 0
2019-07-22T14:25:12:  Number of parameters ......: 0
2019-07-22T14:25:12: 
2019-07-22T14:25:12: +===========================+
2019-07-22T14:25:12: | Find unbinned observation |
2019-07-22T14:25:12: +===========================+
2019-07-22T14:25:12: === CTA observation (id=000001) ===
2019-07-22T14:25:12:  Including unbinned CTA observation
2019-07-22T14:25:12: === Summary ===
2019-07-22T14:25:12:  Number of observations ....: 1
2019-07-22T14:25:12:  Mean pointing .............: (RA,Dec)=(84.1331,22.0145)
2019-07-22T14:25:12:  Use mean pointing .........: yes
2019-07-22T14:25:12: 
2019-07-22T14:25:12: +=================+
2019-07-22T14:25:12: | Bin observation |
2019-07-22T14:25:12: +=================+
2019-07-22T14:25:12: === CTA observation (id=000001) ===
2019-07-22T14:25:12:  Events in list ............: 326177
2019-07-22T14:25:12:  Events in cube ............: 326175
2019-07-22T14:25:12:  Events outside RoI ........: 1
2019-07-22T14:25:12:  Events with invalid WCS ...: 0
2019-07-22T14:25:12:  Events outside cube area ..: 1
2019-07-22T14:25:12:  Events outside energy bins : 0
2019-07-22T14:25:12: 
2019-07-22T14:25:12: +====================+
2019-07-22T14:25:12: | Binned observation |
2019-07-22T14:25:12: +====================+
2019-07-22T14:25:12: === GObservations ===
2019-07-22T14:25:12:  Number of observations ....: 1
2019-07-22T14:25:12:  Number of models ..........: 0
2019-07-22T14:25:12:  Number of observed events .: 326175
2019-07-22T14:25:12:  Number of predicted events : 0
2019-07-22T14:25:12: === GCTAObservation ===
2019-07-22T14:25:12:  Name ......................: 
2019-07-22T14:25:12:  Identifier ................: 000001
2019-07-22T14:25:12:  Instrument ................: CTA
2019-07-22T14:25:12:  Event file ................: 
2019-07-22T14:25:12:  Event type ................: CountsCube
2019-07-22T14:25:12:  Statistic .................: cstat
2019-07-22T14:25:12:  Ontime ....................: 144000 s
2019-07-22T14:25:12:  Livetime ..................: 141120 s
2019-07-22T14:25:12:  Deadtime correction .......: 0.98
2019-07-22T14:25:12:  User energy range .........: undefined
2019-07-22T14:25:12: === GCTAPointing ===
2019-07-22T14:25:12:  Pointing direction ........: (RA,Dec)=(84.1331,22.0145)
2019-07-22T14:25:12:  Response function .........: undefined
2019-07-22T14:25:12: === GCTAEventCube ===
2019-07-22T14:25:12:  Number of events ..........: 326175
2019-07-22T14:25:12:  Number of elements ........: 204800
2019-07-22T14:25:12:  Number of pixels ..........: 6400
2019-07-22T14:25:12:  Number of energy bins .....: 32
2019-07-22T14:25:12:  Time interval .............: 51544.5 - 51546.1666666667 days
2019-07-22T14:25:12:  Pointing ..................: not defined
2019-07-22T14:25:12: === GEbounds ===
2019-07-22T14:25:12:  Number of intervals .......: 32
2019-07-22T14:25:12:  Energy range ..............: 100 GeV - 199.526229858398 TeV
2019-07-22T14:25:12: === GSkyMap ===
2019-07-22T14:25:12:  Number of pixels ..........: 6400
2019-07-22T14:25:12:  X axis dimension ..........: 80
2019-07-22T14:25:12:  Y axis dimension ..........: 80
2019-07-22T14:25:12:  Number of maps ............: 32
2019-07-22T14:25:12:  Shape of maps .............: (32)
2019-07-22T14:25:12: === GSkyRegions ===
2019-07-22T14:25:12:  Number of regions .........: 0
2019-07-22T14:25:12: === GModels ===
2019-07-22T14:25:12:  Number of models ..........: 0
2019-07-22T14:25:12:  Number of parameters ......: 0
2019-07-22T14:25:12: 
2019-07-22T14:25:12: +==================+
2019-07-22T14:25:12: | Save counts cube |
2019-07-22T14:25:12: +==================+
2019-07-22T14:25:12:  Counts cube file ..........: /cta/carli/CPPM_Internship/Simulations_and_Analyses/plus_step_AEff_South_z40_50h/source1d/obs_cube.fits
2019-07-22T14:25:13: 
2019-07-22T14:25:13: Application "ctbin" terminated after 1 wall clock seconds, consuming 1.06 seconds of CPU time.
