2019-07-22T14:27:47: ********************************************************************************
2019-07-22T14:27:47: *                                  ctbutterfly                                 *
2019-07-22T14:27:47: * ---------------------------------------------------------------------------- *
2019-07-22T14:27:47: * Version: 1.6.0                                                               *
2019-07-22T14:27:47: ********************************************************************************
2019-07-22T14:27:47: +============+
2019-07-22T14:27:47: | Parameters |
2019-07-22T14:27:47: +============+
2019-07-22T14:27:47:  inobs .....................: /cta/carli/CPPM_Internship/Simulations_and_Analyses/plus_step_AEff_South_z40_50h/source1d/obs_cube.fits
2019-07-22T14:27:47:  inmodel ...................: /cta/carli/CPPM_Internship/Simulations_and_Analyses/plus_step_AEff_South_z40_50h/source1d/obsmodel_binned.xml
2019-07-22T14:27:47:  srcname ...................: source1d
2019-07-22T14:27:47:  expcube ...................: /cta/carli/CPPM_Internship/Simulations_and_Analyses/plus_step_AEff_South_z40_50h/source1d/exposure_cube.fits
2019-07-22T14:27:47:  psfcube ...................: /cta/carli/CPPM_Internship/Simulations_and_Analyses/plus_step_AEff_South_z40_50h/source1d/PSF_cube.fits
2019-07-22T14:27:47:  edispcube .................: /cta/carli/CPPM_Internship/Simulations_and_Analyses/plus_step_AEff_South_z40_50h/source1d/edisp_cube.fits
2019-07-22T14:27:47:  bkgcube ...................: /cta/carli/CPPM_Internship/Simulations_and_Analyses/plus_step_AEff_South_z40_50h/source1d/background_cube.fits
2019-07-22T14:27:47:  caldb .....................: prod3b-v2
2019-07-22T14:27:47:  irf .......................: plus_step_AEff_South_z40_50h
2019-07-22T14:27:47:  edisp .....................: yes
2019-07-22T14:27:47:  outfile ...................: /cta/carli/CPPM_Internship/Simulations_and_Analyses/plus_step_AEff_South_z40_50h/source1d/butterfly_binned.ascii
2019-07-22T14:27:47:  method ....................: GAUSSIAN
2019-07-22T14:27:47:  fit .......................: no
2019-07-22T14:27:47:  confidence ................: 0.68
2019-07-22T14:27:47:  statistic .................: DEFAULT
2019-07-22T14:27:47:  like_accuracy .............: 0.005
2019-07-22T14:27:47:  max_iter ..................: 50
2019-07-22T14:27:47:  matrix ....................: NONE
2019-07-22T14:27:47:  ebinalg ...................: LOG
2019-07-22T14:27:47:  emin ......................: 0.1
2019-07-22T14:27:47:  emax ......................: 199.526229858398
2019-07-22T14:27:47:  enumbins ..................: 32
2019-07-22T14:27:47:  ebinfile ..................: [not queried]
2019-07-22T14:27:47:  chatter ...................: 4
2019-07-22T14:27:47:  clobber ...................: yes
2019-07-22T14:27:47:  debug .....................: no
2019-07-22T14:27:47:  mode ......................: ql
2019-07-22T14:27:47:  logfile ...................: ctbutterfly.log
2019-07-22T14:27:47: 
2019-07-22T14:27:47: +===================+
2019-07-22T14:27:47: | Input observation |
2019-07-22T14:27:47: +===================+
2019-07-22T14:27:47: === GObservations ===
2019-07-22T14:27:47:  Number of observations ....: 1
2019-07-22T14:27:47:  Number of models ..........: 2
2019-07-22T14:27:47:  Number of observed events .: 326175
2019-07-22T14:27:47:  Number of predicted events : 0
2019-07-22T14:27:47: === GCTAObservation ===
2019-07-22T14:27:47:  Name ......................: 
2019-07-22T14:27:47:  Identifier ................: 000001
2019-07-22T14:27:47:  Instrument ................: CTA
2019-07-22T14:27:47:  Event file ................: /cta/carli/CPPM_Internship/Simulations_and_Analyses/plus_step_AEff_South_z40_50h/source1d/obs_cube.fits
2019-07-22T14:27:47:  Event type ................: CountsCube
2019-07-22T14:27:47:  Statistic .................: cstat
2019-07-22T14:27:47:  Ontime ....................: 144000 s
2019-07-22T14:27:47:  Livetime ..................: 141120 s
2019-07-22T14:27:47:  Deadtime correction .......: 0.98
2019-07-22T14:27:47:  User energy range .........: undefined
2019-07-22T14:27:47: === GCTAPointing ===
2019-07-22T14:27:47:  Pointing direction ........: (RA,Dec)=(84.1331,22.0145)
2019-07-22T14:27:47: === GCTAResponseCube ===
2019-07-22T14:27:47:  Energy dispersion .........: Used
2019-07-22T14:27:47: === GCTACubeExposure ===
2019-07-22T14:27:47:  Filename ..................: /cta/carli/CPPM_Internship/Simulations_and_Analyses/plus_step_AEff_South_z40_50h/source1d/exposure_cube.fits
2019-07-22T14:27:47:  Livetime ..................: 141120 sec
2019-07-22T14:27:47: === GEnergies ===
2019-07-22T14:27:47:  Number of energies ........: 33
2019-07-22T14:27:47: === GGti ===
2019-07-22T14:27:47:  Number of intervals .......: 1
2019-07-22T14:27:47:  Ontime ....................: 144000 sec
2019-07-22T14:27:47:  Elapsed time ..............: 144000 sec
2019-07-22T14:27:47:  MJD range .................: 51544.5 - 51546.1666666667 s (TT)
2019-07-22T14:27:47:  UTC range .................: 2000-01-01T11:58:56 - 2000-01-03T03:58:56 s (TT)
2019-07-22T14:27:47:  Reference MJD .............: 51544.5
2019-07-22T14:27:47: === GSkyMap ===
2019-07-22T14:27:47:  Number of pixels ..........: 6400
2019-07-22T14:27:47:  X axis dimension ..........: 80
2019-07-22T14:27:47:  Y axis dimension ..........: 80
2019-07-22T14:27:47:  Number of maps ............: 33
2019-07-22T14:27:47:  Shape of maps .............: (33)
2019-07-22T14:27:47: === GCTACubePsf ===
2019-07-22T14:27:47:  Filename ..................: /cta/carli/CPPM_Internship/Simulations_and_Analyses/plus_step_AEff_South_z40_50h/source1d/PSF_cube.fits
2019-07-22T14:27:47: === GEnergies ===
2019-07-22T14:27:47:  Number of energies ........: 33
2019-07-22T14:27:47:  Number of delta bins ......: 200
2019-07-22T14:27:47:  Delta range ...............: 1.875e-06 - 0.298501875 deg
2019-07-22T14:27:47: === GSkyMap ===
2019-07-22T14:27:47:  Number of pixels ..........: 1
2019-07-22T14:27:47:  X axis dimension ..........: 1
2019-07-22T14:27:47:  Y axis dimension ..........: 1
2019-07-22T14:27:47:  Number of maps ............: 6600
2019-07-22T14:27:47:  Shape of maps .............: (200, 33)
2019-07-22T14:27:47: === GCTACubeEdisp ===
2019-07-22T14:27:47:  Filename ..................: /cta/carli/CPPM_Internship/Simulations_and_Analyses/plus_step_AEff_South_z40_50h/source1d/edisp_cube.fits
2019-07-22T14:27:47: === GEnergies ===
2019-07-22T14:27:47:  Number of energies ........: 33
2019-07-22T14:27:47:  Number of migra bins ......: 100
2019-07-22T14:27:47:  Migra range ...............: 0.02 - 2
2019-07-22T14:27:47: === GSkyMap ===
2019-07-22T14:27:47:  Number of pixels ..........: 1
2019-07-22T14:27:47:  X axis dimension ..........: 1
2019-07-22T14:27:47:  Y axis dimension ..........: 1
2019-07-22T14:27:47:  Number of maps ............: 3300
2019-07-22T14:27:47:  Shape of maps .............: (100, 33)
2019-07-22T14:27:47: === GCTACubeBackground ===
2019-07-22T14:27:47:  Filename ..................: /cta/carli/CPPM_Internship/Simulations_and_Analyses/plus_step_AEff_South_z40_50h/source1d/background_cube.fits
2019-07-22T14:27:47: === GEbounds ===
2019-07-22T14:27:47:  Number of intervals .......: 32
2019-07-22T14:27:47:  Energy range ..............: 100 GeV - 199.526229858398 TeV
2019-07-22T14:27:47: === GSkyMap ===
2019-07-22T14:27:47:  Number of pixels ..........: 6400
2019-07-22T14:27:47:  X axis dimension ..........: 80
2019-07-22T14:27:47:  Y axis dimension ..........: 80
2019-07-22T14:27:47:  Number of maps ............: 32
2019-07-22T14:27:47:  Shape of maps .............: (32)
2019-07-22T14:27:47: === GCTAResponseCache ===
2019-07-22T14:27:47:  Number of cached values ...: 0
2019-07-22T14:27:47: === GCTAEventCube ===
2019-07-22T14:27:47:  Number of events ..........: 326175
2019-07-22T14:27:47:  Number of elements ........: 204800
2019-07-22T14:27:47:  Number of pixels ..........: 6400
2019-07-22T14:27:47:  Number of energy bins .....: 32
2019-07-22T14:27:47:  Time interval .............: 51544.5 - 51546.1666666667 days
2019-07-22T14:27:47:  Pointing ..................: (RA,Dec)=(84.1331,22.0145)
2019-07-22T14:27:47: === GEbounds ===
2019-07-22T14:27:47:  Number of intervals .......: 32
2019-07-22T14:27:47:  Energy range ..............: 100 GeV - 199.526229858398 TeV
2019-07-22T14:27:47: === GSkyMap ===
2019-07-22T14:27:47:  Number of pixels ..........: 6400
2019-07-22T14:27:47:  X axis dimension ..........: 80
2019-07-22T14:27:47:  Y axis dimension ..........: 80
2019-07-22T14:27:47:  Number of maps ............: 32
2019-07-22T14:27:47:  Shape of maps .............: (32)
2019-07-22T14:27:47: === GSkyRegions ===
2019-07-22T14:27:47:  Number of regions .........: 0
2019-07-22T14:27:47: === GModels ===
2019-07-22T14:27:47:  Number of models ..........: 2
2019-07-22T14:27:47:  Number of parameters ......: 11
2019-07-22T14:27:47: === GModelSky ===
2019-07-22T14:27:47:  Name ......................: source1d
2019-07-22T14:27:47:  Instruments ...............: all
2019-07-22T14:27:47:  Test Statistic ............: 95542.347
2019-07-22T14:27:47:  Observation identifiers ...: all
2019-07-22T14:27:47:  Model type ................: PointSource
2019-07-22T14:27:47:  Model components ..........: "PointSource" * "ExponentialCutoffPowerLaw" * "Constant"
2019-07-22T14:27:47:  Number of parameters ......: 7
2019-07-22T14:27:47:  Number of spatial par's ...: 2
2019-07-22T14:27:47:   RA .......................: 83.6331 [-360,360] deg (fixed,scale=1)
2019-07-22T14:27:47:   DEC ......................: 22.0145 [-90,90] deg (fixed,scale=1)
2019-07-22T14:27:47:  Number of spectral par's ..: 4
2019-07-22T14:27:47:   Prefactor ................: 3.07102176826999e-18 +/- 2.65494555236652e-20 [1e-25,1e-15] ph/cm2/s/MeV (free,scale=1e-18,gradient)
2019-07-22T14:27:47:   Index ....................: -1.99223539714861 +/- 0.00793274475836418 [-0,-5]  (free,scale=-1,gradient)
2019-07-22T14:27:47:   CutoffEnergy .............: 46587243.9314087 +/- 3688447.92473817 [100000,10000000000] MeV (free,scale=10000000,gradient)
2019-07-22T14:27:47:   PivotEnergy ..............: 1000000 [10000,1000000000] MeV (fixed,scale=1000000,gradient)
2019-07-22T14:27:47:  Number of temporal par's ..: 1
2019-07-22T14:27:47:   Normalization ............: 1 (relative value) (fixed,scale=1,gradient)
2019-07-22T14:27:47:  Number of scale par's .....: 0
2019-07-22T14:27:47: === GCTAModelCubeBackground ===
2019-07-22T14:27:47:  Name ......................: BackgroundModel
2019-07-22T14:27:47:  Instruments ...............: CTA, HESS, MAGIC, VERITAS
2019-07-22T14:27:47:  Observation identifiers ...: all
2019-07-22T14:27:47:  Model type ................: "PowerLaw" * "Constant"
2019-07-22T14:27:47:  Number of parameters ......: 4
2019-07-22T14:27:47:  Number of spectral par's ..: 3
2019-07-22T14:27:47:   Prefactor ................: 0.992766884805141 +/- 0.00441857969001816 [0.01,100] ph/cm2/s/MeV (free,scale=1,gradient)
2019-07-22T14:27:47:   Index ....................: -0.00389704688459449 +/- 0.0025752867548365 [-5,5]  (free,scale=1,gradient)
2019-07-22T14:27:47:   PivotEnergy ..............: 1000000 MeV (fixed,scale=1000000,gradient)
2019-07-22T14:27:47:  Number of temporal par's ..: 1
2019-07-22T14:27:47:   Normalization ............: 1 (relative value) (fixed,scale=1,gradient)
2019-07-22T14:27:47: 
2019-07-22T14:27:47: +===========================+
2019-07-22T14:27:47: | Compute covariance matrix |
2019-07-22T14:27:47: +===========================+
2019-07-22T14:28:19: === GMatrixSparse ===
2019-07-22T14:28:19:  Number of rows ............: 11
2019-07-22T14:28:19:  Number of columns .........: 11
2019-07-22T14:28:19:  Number of nonzero elements : 25
2019-07-22T14:28:19:  Number of allocated cells .: 512
2019-07-22T14:28:19:  Memory block size .........: 512
2019-07-22T14:28:19:  Sparse matrix fill ........: 0.206611570247934
2019-07-22T14:28:19:  Pending element ...........: 0
2019-07-22T14:28:19:  Fill stack size ...........: 0 (none)
2019-07-22T14:28:19:  0, 0, 0, 0, 0, 0, 0, 0, 0, 0, 0
2019-07-22T14:28:19:  0, 0, 0, 0, 0, 0, 0, 0, 0, 0, 0
2019-07-22T14:28:19:  0, 0, 7.04873588603522e-40, 6.18190455193542e-23, -4.85158239655119e-14, 0, 0, -3.22142574145732e-24, -8.62909466558769e-25, 0, 0
2019-07-22T14:28:19:  0, 0, 6.18190455193542e-23, 6.29284394013638e-05, -20068.7474879023, 0, 0, 1.68839042517045e-07, -6.29334806265481e-07, 0, 0
2019-07-22T14:28:19:  0, 0, -4.85158239655119e-14, -20068.7474879023, 13604648093523.4, 0, 0, 31.9826364408325, 178.334928801824, 0, 0
2019-07-22T14:28:19:  0, 0, 0, 0, 0, 0, 0, 0, 0, 0, 0
2019-07-22T14:28:19:  0, 0, 0, 0, 0, 0, 0, 0, 0, 0, 0
2019-07-22T14:28:19:  0, 0, -3.22142574145732e-24, 1.68839042517047e-07, 31.9826364408327, 0, 0, 1.95238464770402e-05, 1.03584071365973e-05, 0, 0
2019-07-22T14:28:19:  0, 0, -8.62909466558768e-25, -6.2933480626548e-07, 178.334928801824, 0, 0, 1.03584071365973e-05, 6.63210186963805e-06, 0, 0
2019-07-22T14:28:19:  0, 0, 0, 0, 0, 0, 0, 0, 0, 0, 0
2019-07-22T14:28:19:  0, 0, 0, 0, 0, 0, 0, 0, 0, 0, 0
2019-07-22T14:28:19: 
2019-07-22T14:28:19: +===============================+
2019-07-22T14:28:19: | Prepare butterfly computation |
2019-07-22T14:28:19: +===============================+
2019-07-22T14:28:19:  Confidence level ..........: 0.68
2019-07-22T14:28:19:  Corresponding scaling .....: 0.994458
2019-07-22T14:28:19: 
2019-07-22T14:28:19: +====================+
2019-07-22T14:28:19: | Generate butterfly |
2019-07-22T14:28:19: +====================+
2019-07-22T14:28:19: 
2019-07-22T14:28:19: +=========+
2019-07-22T14:28:19: | Results |
2019-07-22T14:28:19: +=========+
2019-07-22T14:28:19:  Intensity at 112606.251051226 MeV : 2.37543920086294e-16 (2.33521922355737e-16, 2.41565917816851e-16) ph/cm2/s/MeV
2019-07-22T14:28:19:  Intensity at 142786.615593472 MeV : 1.47915367677517e-16 (1.45646560042445e-16, 1.50184175312589e-16) ph/cm2/s/MeV
2019-07-22T14:28:19:  Intensity at 181055.824186555 MeV : 9.20888967413483e-17 (9.08169727862034e-17, 9.33608206964932e-17) ph/cm2/s/MeV
2019-07-22T14:28:19:  Intensity at 229581.822747338 MeV : 5.73199267840061e-17 (5.66106817169645e-17, 5.80291718510478e-17) ph/cm2/s/MeV
2019-07-22T14:28:19:  Intensity at 291113.603071291 MeV : 3.56683271882652e-17 (3.52740788331477e-17, 3.60625755433827e-17) ph/cm2/s/MeV
2019-07-22T14:28:19:  Intensity at 369136.932876502 MeV : 2.21873850045765e-17 (2.19679142394563e-17, 2.24068557696966e-17) ph/cm2/s/MeV
2019-07-22T14:28:19:  Intensity at 468071.824112259 MeV : 1.37954082107859e-17 (1.3672066657165e-17, 1.39187497644069e-17) ph/cm2/s/MeV
2019-07-22T14:28:19:  Intensity at 593522.926087366 MeV : 8.57266402781649e-18 (8.50186669256014e-18, 8.64346136307284e-18) ph/cm2/s/MeV
2019-07-22T14:28:19:  Intensity at 752597.028157849 MeV : 5.32333272405734e-18 (5.28130923159578e-18, 5.3653562165189e-18) ph/cm2/s/MeV
2019-07-22T14:28:19:  Intensity at 954305.65846188 MeV : 3.3025847659833e-18 (3.27660852687169e-18, 3.32856100509492e-18) ph/cm2/s/MeV
2019-07-22T14:28:19:  Intensity at 1210075.58587031 MeV : 2.04654060547027e-18 (2.02987564825298e-18, 2.06320556268756e-18) ph/cm2/s/MeV
2019-07-22T14:28:19:  Intensity at 1534396.14502492 MeV : 1.26633239640581e-18 (1.25536669883556e-18, 1.27729809397606e-18) ph/cm2/s/MeV
2019-07-22T14:28:19:  Intensity at 1945640.05534746 MeV : 7.82104445327481e-19 (7.74805289703763e-19, 7.89403600951198e-19) ph/cm2/s/MeV
2019-07-22T14:28:19:  Intensity at 2467104.23331454 MeV : 4.81897084099083e-19 (4.77036436929098e-19, 4.86757731269069e-19) ph/cm2/s/MeV
2019-07-22T14:28:19:  Intensity at 3128329.55988436 MeV : 2.9603357136396e-19 (2.92818759588649e-19, 2.9924838313927e-19) ph/cm2/s/MeV
2019-07-22T14:28:19:  Intensity at 3966774.36773649 MeV : 1.8116552607895e-19 (1.79062082824179e-19, 1.83268969333721e-19) ph/cm2/s/MeV
2019-07-22T14:28:19:  Intensity at 5029936.45116879 MeV : 1.10335508385894e-19 (1.08975777725233e-19, 1.11695239046555e-19) ph/cm2/s/MeV
2019-07-22T14:28:19:  Intensity at 6378043.81024912 MeV : 6.67880450445615e-20 (6.59183424842179e-20, 6.7657747604905e-20) ph/cm2/s/MeV
2019-07-22T14:28:19:  Intensity at 8087466.55954362 MeV : 4.01156576875747e-20 (3.95623227190723e-20, 4.06689926560771e-20) ph/cm2/s/MeV
2019-07-22T14:28:19:  Intensity at 10255043.285628 MeV : 2.38593226492023e-20 (2.35054680348708e-20, 2.42131772635337e-20) ph/cm2/s/MeV
2019-07-22T14:28:19:  Intensity at 13003566.9409974 MeV : 1.40147906298895e-20 (1.37839713573191e-20, 1.424560990246e-20) ph/cm2/s/MeV
2019-07-22T14:28:19:  Intensity at 16488741.0495845 MeV : 8.10303907106923e-21 (7.94752885477642e-21, 8.25854928736203e-21) ph/cm2/s/MeV
2019-07-22T14:28:19:  Intensity at 20908000.2920645 MeV : 4.59199647425626e-21 (4.48379633617672e-21, 4.7001966123358e-21) ph/cm2/s/MeV
2019-07-22T14:28:19:  Intensity at 26511695.1560098 MeV : 2.53696012797137e-21 (2.46044614186857e-21, 2.61347411407417e-21) ph/cm2/s/MeV
2019-07-22T14:28:19:  Intensity at 33617274.2599379 MeV : 1.35714080453746e-21 (1.30344295959303e-21, 1.41083864948189e-21) ph/cm2/s/MeV
2019-07-22T14:28:19:  Intensity at 42627267.7781488 MeV : 6.96919937532043e-22 (6.60370158161367e-22, 7.33469716902719e-22) ph/cm2/s/MeV
2019-07-22T14:28:19:  Intensity at 54052090.7251378 MeV : 3.39804718344362e-22 (3.16150191930707e-22, 3.63459244758017e-22) ph/cm2/s/MeV
2019-07-22T14:28:19:  Intensity at 68538957.9028144 MeV : 1.5514257877535e-22 (1.40850992664691e-22, 1.69434164886009e-22) ph/cm2/s/MeV
2019-07-22T14:28:19:  Intensity at 86908548.5386981 MeV : 6.51684176510182e-23 (5.72624239007817e-23, 7.30744114012547e-23) ph/cm2/s/MeV
2019-07-22T14:28:19:  Intensity at 110201497.662297 MeV : 2.46290087112657e-23 (2.07145996826316e-23, 2.85434177398997e-23) ph/cm2/s/MeV
2019-07-22T14:28:19:  Intensity at 139737347.950364 MeV : 8.14065342865139e-24 (6.45404137340402e-24, 9.82726548389875e-24) ph/cm2/s/MeV
2019-07-22T14:28:19:  Intensity at 177189301.655759 MeV : 2.27026362713277e-24 (1.65984595376532e-24, 2.88068130050023e-24) ph/cm2/s/MeV
2019-07-22T14:28:19: 
2019-07-22T14:28:19: +========================+
2019-07-22T14:28:19: | Save Butterfly diagram |
2019-07-22T14:28:19: +========================+
2019-07-22T14:28:19:  Butterfly file ............: /cta/carli/CPPM_Internship/Simulations_and_Analyses/plus_step_AEff_South_z40_50h/source1d/butterfly_binned.ascii
2019-07-22T14:28:19: 
2019-07-22T14:28:19: Application "ctbutterfly" terminated after 33 wall clock seconds, consuming 33.28 seconds of CPU time.
