2019-07-23T20:05:42: ********************************************************************************
2019-07-23T20:05:42: *                                     ctbin                                    *
2019-07-23T20:05:42: * ---------------------------------------------------------------------------- *
2019-07-23T20:05:42: * Version: 1.6.0                                                               *
2019-07-23T20:05:42: ********************************************************************************
2019-07-23T20:05:42: +============+
2019-07-23T20:05:42: | Parameters |
2019-07-23T20:05:42: +============+
2019-07-23T20:05:42:  inobs .....................: /cta/carli/CPPM_Internship/Simulations_and_Analyses/plus_step_EDisp_South_z40_50h/source3c/obs.fits
2019-07-23T20:05:42:  outobs ....................: /cta/carli/CPPM_Internship/Simulations_and_Analyses/plus_step_EDisp_South_z40_50h/source3c/obs_cube.fits
2019-07-23T20:05:42:  stack .....................: yes
2019-07-23T20:05:42:  prefix ....................: cntcube_
2019-07-23T20:05:42:  ebinalg ...................: LOG
2019-07-23T20:05:42:  emin ......................: 0.1
2019-07-23T20:05:42:  emax ......................: 199.526229858398
2019-07-23T20:05:42:  enumbins ..................: 32
2019-07-23T20:05:42:  ebinfile ..................: [not queried]
2019-07-23T20:05:42:  usepnt ....................: yes
2019-07-23T20:05:42:  nxpix .....................: 80
2019-07-23T20:05:42:  nypix .....................: 80
2019-07-23T20:05:42:  binsz .....................: 0.02
2019-07-23T20:05:42:  coordsys ..................: GAL
2019-07-23T20:05:42:  proj ......................: TAN
2019-07-23T20:05:42:  xref ......................: [not queried]
2019-07-23T20:05:42:  yref ......................: [not queried]
2019-07-23T20:05:42:  nthreads ..................: 0
2019-07-23T20:05:42:  publish ...................: no
2019-07-23T20:05:42:  chatter ...................: 4
2019-07-23T20:05:42:  clobber ...................: yes
2019-07-23T20:05:42:  debug .....................: no
2019-07-23T20:05:42:  mode ......................: ql
2019-07-23T20:05:42:  logfile ...................: ctbin.log
2019-07-23T20:05:42: 
2019-07-23T20:05:42: +===================+
2019-07-23T20:05:42: | Input observation |
2019-07-23T20:05:42: +===================+
2019-07-23T20:05:42: === GObservations ===
2019-07-23T20:05:42:  Number of observations ....: 1
2019-07-23T20:05:42:  Number of models ..........: 0
2019-07-23T20:05:42:  Number of observed events .: 320601
2019-07-23T20:05:42:  Number of predicted events : 0
2019-07-23T20:05:42: === GCTAObservation ===
2019-07-23T20:05:42:  Name ......................: 
2019-07-23T20:05:42:  Identifier ................: 000001
2019-07-23T20:05:42:  Instrument ................: CTA
2019-07-23T20:05:42:  Event file ................: /cta/carli/CPPM_Internship/Simulations_and_Analyses/plus_step_EDisp_South_z40_50h/source3c/obs.fits
2019-07-23T20:05:42:  Event type ................: EventList
2019-07-23T20:05:42:  Statistic .................: cstat
2019-07-23T20:05:42:  Ontime ....................: 144000 s
2019-07-23T20:05:42:  Livetime ..................: 141120 s
2019-07-23T20:05:42:  Deadtime correction .......: 0.98
2019-07-23T20:05:42:  User energy range .........: undefined
2019-07-23T20:05:42: === GCTAPointing ===
2019-07-23T20:05:42:  Pointing direction ........: (RA,Dec)=(84.1331,22.0145)
2019-07-23T20:05:42:  Response function .........: undefined
2019-07-23T20:05:42: === GCTAEventList ===
2019-07-23T20:05:42:  Number of events ..........: 320601 (disposed in "/cta/carli/CPPM_Internship/Simulations_and_Analyses/plus_step_EDisp_South_z40_50h/source3c/obs.fits")
2019-07-23T20:05:42:  Time interval .............: 51544.5 - 51546.1666666667 days
2019-07-23T20:05:42: === GEbounds ===
2019-07-23T20:05:42:  Number of intervals .......: 1
2019-07-23T20:05:42:  Energy range ..............: 100 GeV - 199.526229858398 TeV
2019-07-23T20:05:42: === GCTARoi ===
2019-07-23T20:05:42:  RoI centre ................: RA=84.1331, DEC=22.0145 [0,0]
2019-07-23T20:05:42:  RoI radius ................: 0.8 deg
2019-07-23T20:05:42: === GSkyRegions ===
2019-07-23T20:05:42:  Number of regions .........: 0
2019-07-23T20:05:42: === GModels ===
2019-07-23T20:05:42:  Number of models ..........: 0
2019-07-23T20:05:42:  Number of parameters ......: 0
2019-07-23T20:05:42: 
2019-07-23T20:05:42: +===========================+
2019-07-23T20:05:42: | Find unbinned observation |
2019-07-23T20:05:42: +===========================+
2019-07-23T20:05:42: === CTA observation (id=000001) ===
2019-07-23T20:05:42:  Including unbinned CTA observation
2019-07-23T20:05:42: === Summary ===
2019-07-23T20:05:42:  Number of observations ....: 1
2019-07-23T20:05:42:  Mean pointing .............: (RA,Dec)=(84.1331,22.0145)
2019-07-23T20:05:42:  Use mean pointing .........: yes
2019-07-23T20:05:42: 
2019-07-23T20:05:42: +=================+
2019-07-23T20:05:42: | Bin observation |
2019-07-23T20:05:42: +=================+
2019-07-23T20:05:43: === CTA observation (id=000001) ===
2019-07-23T20:05:43:  Events in list ............: 320601
2019-07-23T20:05:43:  Events in cube ............: 320597
2019-07-23T20:05:43:  Events outside RoI ........: 1
2019-07-23T20:05:43:  Events with invalid WCS ...: 0
2019-07-23T20:05:43:  Events outside cube area ..: 1
2019-07-23T20:05:43:  Events outside energy bins : 2
2019-07-23T20:05:43: 
2019-07-23T20:05:43: +====================+
2019-07-23T20:05:43: | Binned observation |
2019-07-23T20:05:43: +====================+
2019-07-23T20:05:43: === GObservations ===
2019-07-23T20:05:43:  Number of observations ....: 1
2019-07-23T20:05:43:  Number of models ..........: 0
2019-07-23T20:05:43:  Number of observed events .: 320597
2019-07-23T20:05:43:  Number of predicted events : 0
2019-07-23T20:05:43: === GCTAObservation ===
2019-07-23T20:05:43:  Name ......................: 
2019-07-23T20:05:43:  Identifier ................: 000001
2019-07-23T20:05:43:  Instrument ................: CTA
2019-07-23T20:05:43:  Event file ................: 
2019-07-23T20:05:43:  Event type ................: CountsCube
2019-07-23T20:05:43:  Statistic .................: cstat
2019-07-23T20:05:43:  Ontime ....................: 144000 s
2019-07-23T20:05:43:  Livetime ..................: 141120 s
2019-07-23T20:05:43:  Deadtime correction .......: 0.98
2019-07-23T20:05:43:  User energy range .........: undefined
2019-07-23T20:05:43: === GCTAPointing ===
2019-07-23T20:05:43:  Pointing direction ........: (RA,Dec)=(84.1331,22.0145)
2019-07-23T20:05:43:  Response function .........: undefined
2019-07-23T20:05:43: === GCTAEventCube ===
2019-07-23T20:05:43:  Number of events ..........: 320597
2019-07-23T20:05:43:  Number of elements ........: 204800
2019-07-23T20:05:43:  Number of pixels ..........: 6400
2019-07-23T20:05:43:  Number of energy bins .....: 32
2019-07-23T20:05:43:  Time interval .............: 51544.5 - 51546.1666666667 days
2019-07-23T20:05:43:  Pointing ..................: not defined
2019-07-23T20:05:43: === GEbounds ===
2019-07-23T20:05:43:  Number of intervals .......: 32
2019-07-23T20:05:43:  Energy range ..............: 100 GeV - 199.526229858398 TeV
2019-07-23T20:05:43: === GSkyMap ===
2019-07-23T20:05:43:  Number of pixels ..........: 6400
2019-07-23T20:05:43:  X axis dimension ..........: 80
2019-07-23T20:05:43:  Y axis dimension ..........: 80
2019-07-23T20:05:43:  Number of maps ............: 32
2019-07-23T20:05:43:  Shape of maps .............: (32)
2019-07-23T20:05:43: === GSkyRegions ===
2019-07-23T20:05:43:  Number of regions .........: 0
2019-07-23T20:05:43: === GModels ===
2019-07-23T20:05:43:  Number of models ..........: 0
2019-07-23T20:05:43:  Number of parameters ......: 0
2019-07-23T20:05:43: 
2019-07-23T20:05:43: +==================+
2019-07-23T20:05:43: | Save counts cube |
2019-07-23T20:05:43: +==================+
2019-07-23T20:05:43:  Counts cube file ..........: /cta/carli/CPPM_Internship/Simulations_and_Analyses/plus_step_EDisp_South_z40_50h/source3c/obs_cube.fits
2019-07-23T20:05:43: 
2019-07-23T20:05:43: Application "ctbin" terminated after 1 wall clock seconds, consuming 1.07 seconds of CPU time.
