2019-07-25T11:24:31: ********************************************************************************
2019-07-25T11:24:31: *                                    cterror                                   *
2019-07-25T11:24:31: * ---------------------------------------------------------------------------- *
2019-07-25T11:24:31: * Version: 1.6.0                                                               *
2019-07-25T11:24:31: ********************************************************************************
2019-07-25T11:24:31: +============+
2019-07-25T11:24:31: | Parameters |
2019-07-25T11:24:31: +============+
2019-07-25T11:24:31:  inobs .....................: /cta/carli/CPPM_Internship/Simulations_and_Analyses/plus_step_EDisp_South_z40_50h/source3c/obs_cube.fits
2019-07-25T11:24:31:  inmodel ...................: /cta/carli/CPPM_Internship/Simulations_and_Analyses/plus_step_EDisp_South_z40_50h/source3c/obsmodel_binned.xml
2019-07-25T11:24:31:  srcname ...................: source3c
2019-07-25T11:24:31:  expcube ...................: /cta/carli/CPPM_Internship/Simulations_and_Analyses/plus_step_EDisp_South_z40_50h/source3c/exposure_cube.fits
2019-07-25T11:24:31:  psfcube ...................: /cta/carli/CPPM_Internship/Simulations_and_Analyses/plus_step_EDisp_South_z40_50h/source3c/PSF_cube.fits
2019-07-25T11:24:31:  edispcube .................: /cta/carli/CPPM_Internship/Simulations_and_Analyses/plus_step_EDisp_South_z40_50h/source3c/edisp_cube.fits
2019-07-25T11:24:31:  bkgcube ...................: /cta/carli/CPPM_Internship/Simulations_and_Analyses/plus_step_EDisp_South_z40_50h/source3c/background_cube.fits
2019-07-25T11:24:31:  caldb .....................: prod3b-v2
2019-07-25T11:24:31:  irf .......................: plus_step_EDisp_South_z40_50h
2019-07-25T11:24:31:  edisp .....................: yes
2019-07-25T11:24:31:  outmodel ..................: 
2019-07-25T11:24:31:  confidence ................: 0.68
2019-07-25T11:24:31:  tol .......................: 1e-3
2019-07-25T11:24:31:  statistic .................: DEFAULT
2019-07-25T11:24:31:  like_accuracy .............: 0.005
2019-07-25T11:24:31:  max_iter ..................: 50
2019-07-25T11:24:31:  nthreads ..................: 0
2019-07-25T11:24:31:  chatter ...................: 4
2019-07-25T11:24:31:  clobber ...................: yes
2019-07-25T11:24:31:  debug .....................: no
2019-07-25T11:24:31:  mode ......................: ql
2019-07-25T11:24:31:  logfile ...................: cterror68.log
2019-07-25T11:24:31: 
2019-07-25T11:24:31: +===================+
2019-07-25T11:24:31: | Input observation |
2019-07-25T11:24:31: +===================+
2019-07-25T11:24:31: === GObservations ===
2019-07-25T11:24:31:  Number of observations ....: 1
2019-07-25T11:24:31:  Number of models ..........: 2
2019-07-25T11:24:31:  Number of observed events .: 320597
2019-07-25T11:24:31:  Number of predicted events : 0
2019-07-25T11:24:31: === GCTAObservation ===
2019-07-25T11:24:31:  Name ......................: 
2019-07-25T11:24:31:  Identifier ................: 000001
2019-07-25T11:24:31:  Instrument ................: CTA
2019-07-25T11:24:31:  Event file ................: /cta/carli/CPPM_Internship/Simulations_and_Analyses/plus_step_EDisp_South_z40_50h/source3c/obs_cube.fits
2019-07-25T11:24:31:  Event type ................: CountsCube
2019-07-25T11:24:31:  Statistic .................: cstat
2019-07-25T11:24:31:  Ontime ....................: 144000 s
2019-07-25T11:24:31:  Livetime ..................: 141120 s
2019-07-25T11:24:31:  Deadtime correction .......: 0.98
2019-07-25T11:24:31:  User energy range .........: undefined
2019-07-25T11:24:31: === GCTAPointing ===
2019-07-25T11:24:31:  Pointing direction ........: (RA,Dec)=(84.1331,22.0145)
2019-07-25T11:24:31: === GCTAResponseCube ===
2019-07-25T11:24:31:  Energy dispersion .........: Used
2019-07-25T11:24:31: === GCTACubeExposure ===
2019-07-25T11:24:31:  Filename ..................: /cta/carli/CPPM_Internship/Simulations_and_Analyses/plus_step_EDisp_South_z40_50h/source3c/exposure_cube.fits
2019-07-25T11:24:31:  Livetime ..................: 141120 sec
2019-07-25T11:24:31: === GEnergies ===
2019-07-25T11:24:31:  Number of energies ........: 33
2019-07-25T11:24:31: === GGti ===
2019-07-25T11:24:31:  Number of intervals .......: 1
2019-07-25T11:24:31:  Ontime ....................: 144000 sec
2019-07-25T11:24:31:  Elapsed time ..............: 144000 sec
2019-07-25T11:24:31:  MJD range .................: 51544.5 - 51546.1666666667 s (TT)
2019-07-25T11:24:31:  UTC range .................: 2000-01-01T11:58:56 - 2000-01-03T03:58:56 s (TT)
2019-07-25T11:24:31:  Reference MJD .............: 51544.5
2019-07-25T11:24:31: === GSkyMap ===
2019-07-25T11:24:31:  Number of pixels ..........: 6400
2019-07-25T11:24:31:  X axis dimension ..........: 80
2019-07-25T11:24:31:  Y axis dimension ..........: 80
2019-07-25T11:24:31:  Number of maps ............: 33
2019-07-25T11:24:31:  Shape of maps .............: (33)
2019-07-25T11:24:31: === GCTACubePsf ===
2019-07-25T11:24:31:  Filename ..................: /cta/carli/CPPM_Internship/Simulations_and_Analyses/plus_step_EDisp_South_z40_50h/source3c/PSF_cube.fits
2019-07-25T11:24:31: === GEnergies ===
2019-07-25T11:24:31:  Number of energies ........: 33
2019-07-25T11:24:31:  Number of delta bins ......: 200
2019-07-25T11:24:31:  Delta range ...............: 1.875e-06 - 0.298501875 deg
2019-07-25T11:24:31: === GSkyMap ===
2019-07-25T11:24:31:  Number of pixels ..........: 1
2019-07-25T11:24:31:  X axis dimension ..........: 1
2019-07-25T11:24:31:  Y axis dimension ..........: 1
2019-07-25T11:24:31:  Number of maps ............: 6600
2019-07-25T11:24:31:  Shape of maps .............: (200, 33)
2019-07-25T11:24:31: === GCTACubeEdisp ===
2019-07-25T11:24:31:  Filename ..................: /cta/carli/CPPM_Internship/Simulations_and_Analyses/plus_step_EDisp_South_z40_50h/source3c/edisp_cube.fits
2019-07-25T11:24:31: === GEnergies ===
2019-07-25T11:24:31:  Number of energies ........: 33
2019-07-25T11:24:31:  Number of migra bins ......: 100
2019-07-25T11:24:31:  Migra range ...............: 0.02 - 2
2019-07-25T11:24:31: === GSkyMap ===
2019-07-25T11:24:31:  Number of pixels ..........: 1
2019-07-25T11:24:31:  X axis dimension ..........: 1
2019-07-25T11:24:31:  Y axis dimension ..........: 1
2019-07-25T11:24:31:  Number of maps ............: 3300
2019-07-25T11:24:31:  Shape of maps .............: (100, 33)
2019-07-25T11:24:31: === GCTACubeBackground ===
2019-07-25T11:24:31:  Filename ..................: /cta/carli/CPPM_Internship/Simulations_and_Analyses/plus_step_EDisp_South_z40_50h/source3c/background_cube.fits
2019-07-25T11:24:31: === GEbounds ===
2019-07-25T11:24:31:  Number of intervals .......: 32
2019-07-25T11:24:31:  Energy range ..............: 100 GeV - 199.526229858398 TeV
2019-07-25T11:24:31: === GSkyMap ===
2019-07-25T11:24:31:  Number of pixels ..........: 6400
2019-07-25T11:24:31:  X axis dimension ..........: 80
2019-07-25T11:24:31:  Y axis dimension ..........: 80
2019-07-25T11:24:31:  Number of maps ............: 32
2019-07-25T11:24:31:  Shape of maps .............: (32)
2019-07-25T11:24:31: === GCTAResponseCache ===
2019-07-25T11:24:31:  Number of cached values ...: 0
2019-07-25T11:24:31: === GCTAEventCube ===
2019-07-25T11:24:31:  Number of events ..........: 320597
2019-07-25T11:24:31:  Number of elements ........: 204800
2019-07-25T11:24:31:  Number of pixels ..........: 6400
2019-07-25T11:24:31:  Number of energy bins .....: 32
2019-07-25T11:24:31:  Time interval .............: 51544.5 - 51546.1666666667 days
2019-07-25T11:24:31:  Pointing ..................: (RA,Dec)=(84.1331,22.0145)
2019-07-25T11:24:31: === GEbounds ===
2019-07-25T11:24:31:  Number of intervals .......: 32
2019-07-25T11:24:31:  Energy range ..............: 100 GeV - 199.526229858398 TeV
2019-07-25T11:24:31: === GSkyMap ===
2019-07-25T11:24:31:  Number of pixels ..........: 6400
2019-07-25T11:24:31:  X axis dimension ..........: 80
2019-07-25T11:24:31:  Y axis dimension ..........: 80
2019-07-25T11:24:31:  Number of maps ............: 32
2019-07-25T11:24:31:  Shape of maps .............: (32)
2019-07-25T11:24:31: === GSkyRegions ===
2019-07-25T11:24:31:  Number of regions .........: 0
2019-07-25T11:24:31: === GModels ===
2019-07-25T11:24:31:  Number of models ..........: 2
2019-07-25T11:24:31:  Number of parameters ......: 11
2019-07-25T11:24:31: === GModelSky ===
2019-07-25T11:24:31:  Name ......................: source3c
2019-07-25T11:24:31:  Instruments ...............: all
2019-07-25T11:24:31:  Test Statistic ............: 69059.614
2019-07-25T11:24:31:  Observation identifiers ...: all
2019-07-25T11:24:31:  Model type ................: PointSource
2019-07-25T11:24:31:  Model components ..........: "PointSource" * "ExponentialCutoffPowerLaw" * "Constant"
2019-07-25T11:24:31:  Number of parameters ......: 7
2019-07-25T11:24:31:  Number of spatial par's ...: 2
2019-07-25T11:24:31:   RA .......................: 83.6331 [-360,360] deg (fixed,scale=1)
2019-07-25T11:24:31:   DEC ......................: 22.0145 [-90,90] deg (fixed,scale=1)
2019-07-25T11:24:31:  Number of spectral par's ..: 4
2019-07-25T11:24:31:   Prefactor ................: 2.23204650395546e-18 [1e-25,1e-15] ph/cm2/s/MeV (fixed,scale=1e-18,gradient)
2019-07-25T11:24:31:   Index ....................: -2.02594820113069 [-0,-5]  (fixed,scale=-1,gradient)
2019-07-25T11:24:31:   CutoffEnergy .............: 886333490.605761 +/- 792602127.43121 [1000000,100000000000] MeV (free,scale=100000000,gradient)
2019-07-25T11:24:31:   PivotEnergy ..............: 1000000 [10000,1000000000] MeV (fixed,scale=1000000,gradient)
2019-07-25T11:24:31:  Number of temporal par's ..: 1
2019-07-25T11:24:31:   Normalization ............: 1 (relative value) (fixed,scale=1,gradient)
2019-07-25T11:24:31:  Number of scale par's .....: 0
2019-07-25T11:24:31: === GCTAModelCubeBackground ===
2019-07-25T11:24:31:  Name ......................: BackgroundModel
2019-07-25T11:24:31:  Instruments ...............: CTA, HESS, MAGIC, VERITAS
2019-07-25T11:24:31:  Observation identifiers ...: all
2019-07-25T11:24:31:  Model type ................: "PowerLaw" * "Constant"
2019-07-25T11:24:31:  Number of parameters ......: 4
2019-07-25T11:24:31:  Number of spectral par's ..: 3
2019-07-25T11:24:31:   Prefactor ................: 0.970530041552985 [0.01,100] ph/cm2/s/MeV (fixed,scale=1,gradient)
2019-07-25T11:24:31:   Index ....................: -0.0181076070671544 [-5,5]  (fixed,scale=1,gradient)
2019-07-25T11:24:31:   PivotEnergy ..............: 1000000 MeV (fixed,scale=1000000,gradient)
2019-07-25T11:24:31:  Number of temporal par's ..: 1
2019-07-25T11:24:31:   Normalization ............: 1 (relative value) (fixed,scale=1,gradient)
2019-07-25T11:24:31: 
2019-07-25T11:24:31: +=============================+
2019-07-25T11:24:31: | Compute best-fit likelihood |
2019-07-25T11:24:31: +=============================+
2019-07-25T11:26:02: === GOptimizerLM ===
2019-07-25T11:26:02:  Optimized function value ..: -338674.518
2019-07-25T11:26:02:  Absolute precision ........: 0.005
2019-07-25T11:26:02:  Acceptable value decrease .: 2
2019-07-25T11:26:02:  Optimization status .......: converged
2019-07-25T11:26:02:  Number of parameters ......: 11
2019-07-25T11:26:02:  Number of free parameters .: 1
2019-07-25T11:26:02:  Number of iterations ......: 1
2019-07-25T11:26:02:  Lambda ....................: 0.0001
2019-07-25T11:26:02:  Maximum log likelihood ....: -338674.518
2019-07-25T11:26:02: === GModels ===
2019-07-25T11:26:02:  Number of models ..........: 2
2019-07-25T11:26:02:  Number of parameters ......: 11
2019-07-25T11:26:02: === GModelSky ===
2019-07-25T11:26:02:  Name ......................: source3c
2019-07-25T11:26:02:  Instruments ...............: all
2019-07-25T11:26:02:  Test Statistic ............: 69059.614
2019-07-25T11:26:02:  Observation identifiers ...: all
2019-07-25T11:26:02:  Model type ................: PointSource
2019-07-25T11:26:02:  Model components ..........: "PointSource" * "ExponentialCutoffPowerLaw" * "Constant"
2019-07-25T11:26:02:  Number of parameters ......: 7
2019-07-25T11:26:02:  Number of spatial par's ...: 2
2019-07-25T11:26:02:   RA .......................: 83.6331 [-360,360] deg (fixed,scale=1)
2019-07-25T11:26:02:   DEC ......................: 22.0145 [-90,90] deg (fixed,scale=1)
2019-07-25T11:26:02:  Number of spectral par's ..: 4
2019-07-25T11:26:02:   Prefactor ................: 2.23204650395546e-18 [1e-25,1e-15] ph/cm2/s/MeV (fixed,scale=1e-18,gradient)
2019-07-25T11:26:02:   Index ....................: -2.02594820113069 [-0,-5]  (fixed,scale=-1,gradient)
2019-07-25T11:26:02:   CutoffEnergy .............: 890212316.69305 +/- 577876719.782126 [1000000,100000000000] MeV (free,scale=100000000,gradient)
2019-07-25T11:26:02:   PivotEnergy ..............: 1000000 [10000,1000000000] MeV (fixed,scale=1000000,gradient)
2019-07-25T11:26:02:  Number of temporal par's ..: 1
2019-07-25T11:26:02:   Normalization ............: 1 (relative value) (fixed,scale=1,gradient)
2019-07-25T11:26:02:  Number of scale par's .....: 0
2019-07-25T11:26:02: === GCTAModelCubeBackground ===
2019-07-25T11:26:02:  Name ......................: BackgroundModel
2019-07-25T11:26:02:  Instruments ...............: CTA, HESS, MAGIC, VERITAS
2019-07-25T11:26:02:  Observation identifiers ...: all
2019-07-25T11:26:02:  Model type ................: "PowerLaw" * "Constant"
2019-07-25T11:26:02:  Number of parameters ......: 4
2019-07-25T11:26:02:  Number of spectral par's ..: 3
2019-07-25T11:26:02:   Prefactor ................: 0.970530041552985 [0.01,100] ph/cm2/s/MeV (fixed,scale=1,gradient)
2019-07-25T11:26:02:   Index ....................: -0.0181076070671544 [-5,5]  (fixed,scale=1,gradient)
2019-07-25T11:26:02:   PivotEnergy ..............: 1000000 MeV (fixed,scale=1000000,gradient)
2019-07-25T11:26:02:  Number of temporal par's ..: 1
2019-07-25T11:26:02:   Normalization ............: 1 (relative value) (fixed,scale=1,gradient)
2019-07-25T11:26:02: 
2019-07-25T11:26:02: +==============================================================+
2019-07-25T11:26:02: | Compute error for source "source3c" parameter "CutoffEnergy" |
2019-07-25T11:26:02: +==============================================================+
2019-07-25T11:26:02:  Confidence level ..........: 68 %
2019-07-25T11:26:02:  Log-likelihood difference .: 0.494473
2019-07-25T11:26:02:  Initial factor range ......: [0.01, 66.6897951451431]
2019-07-25T11:26:12:    Iteration 1 .............: [0.01, 8.9021231669305]
2019-07-25T11:26:22:    Iteration 2 .............: [4.45606158346525, 8.9021231669305]
2019-07-25T11:26:33:    Iteration 3 .............: [4.45606158346525, 6.67909237519787]
2019-07-25T11:26:43:    Iteration 4 .............: [4.45606158346525, 5.56757697933156]
2019-07-25T11:26:53:    Iteration 5 .............: [5.0118192813984, 5.56757697933156]
2019-07-25T11:27:04:    Iteration 6 .............: [5.28969813036498, 5.56757697933156]
2019-07-25T11:27:14:    Iteration 7 .............: [5.28969813036498, 5.42863755484827]
2019-07-25T11:27:25:    Iteration 8 .............: [5.28969813036498, 5.35916784260663]
2019-07-25T11:27:35:    Iteration 9 .............: [5.3244329864858, 5.35916784260663]
2019-07-25T11:27:46:    Iteration 10 ............: [5.34180041454622, 5.35916784260663]
2019-07-25T11:27:56:    Iteration 1 .............: [8.9021231669305, 66.6897951451431]
2019-07-25T11:28:06:    Iteration 2 .............: [8.9021231669305, 37.7959591560368]
2019-07-25T11:28:16:    Iteration 3 .............: [23.3490411614836, 37.7959591560368]
2019-07-25T11:28:26:    Iteration 4 .............: [23.3490411614836, 30.5725001587602]
2019-07-25T11:28:36:    Iteration 5 .............: [23.3490411614836, 26.9607706601219]
2019-07-25T11:28:46:    Iteration 6 .............: [25.1549059108028, 26.9607706601219]
2019-07-25T11:28:55:    Iteration 7 .............: [25.1549059108028, 26.0578382854624]
2019-07-25T11:29:05:    Iteration 8 .............: [25.1549059108028, 25.6063720981326]
2019-07-25T11:29:15:    Iteration 9 .............: [25.3806390044677, 25.6063720981326]
2019-07-25T11:29:15:  Lower parameter factor ....: 5.35048
2019-07-25T11:29:15:  Upper parameter factor ....: 25.4935
2019-07-25T11:29:15:  Error from curvature ......: 577876719.782126 MeV
2019-07-25T11:29:15:  Error from profile ........: 1007151071.13618 MeV
2019-07-25T11:29:15:  Negative profile error ....: 355163903.835407 MeV
2019-07-25T11:29:15:  Positive profile error ....: 1659138238.43696 MeV
2019-07-25T11:29:15: 
2019-07-25T11:29:15: +==============+
2019-07-25T11:29:15: | Save results |
2019-07-25T11:29:15: +==============+
2019-07-25T11:29:15:  Model definition file .....: NONE
2019-07-25T11:29:15: 
2019-07-25T11:29:15: Application "cterror" terminated after 285 wall clock seconds, consuming 359.42 seconds of CPU time.
