2019-07-23T20:05:46: ********************************************************************************
2019-07-23T20:05:46: *                                    ctlike                                    *
2019-07-23T20:05:46: * ---------------------------------------------------------------------------- *
2019-07-23T20:05:46: * Version: 1.6.0                                                               *
2019-07-23T20:05:46: ********************************************************************************
2019-07-23T20:05:46: +============+
2019-07-23T20:05:46: | Parameters |
2019-07-23T20:05:46: +============+
2019-07-23T20:05:46:  inobs .....................: /cta/carli/CPPM_Internship/Simulations_and_Analyses/plus_step_EDisp_South_z40_50h/source3c/obs_cube.fits
2019-07-23T20:05:46:  inmodel ...................: sourcemodel_cube.xml
2019-07-23T20:05:46:  expcube ...................: /cta/carli/CPPM_Internship/Simulations_and_Analyses/plus_step_EDisp_South_z40_50h/source3c/exposure_cube.fits
2019-07-23T20:05:46:  psfcube ...................: /cta/carli/CPPM_Internship/Simulations_and_Analyses/plus_step_EDisp_South_z40_50h/source3c/PSF_cube.fits
2019-07-23T20:05:46:  edispcube .................: /cta/carli/CPPM_Internship/Simulations_and_Analyses/plus_step_EDisp_South_z40_50h/source3c/edisp_cube.fits
2019-07-23T20:05:46:  bkgcube ...................: /cta/carli/CPPM_Internship/Simulations_and_Analyses/plus_step_EDisp_South_z40_50h/source3c/background_cube.fits
2019-07-23T20:05:46:  caldb .....................: prod3b-v2
2019-07-23T20:05:46:  irf .......................: South_z40_50h
2019-07-23T20:05:46:  edisp .....................: yes
2019-07-23T20:05:46:  outmodel ..................: /cta/carli/CPPM_Internship/Simulations_and_Analyses/plus_step_EDisp_South_z40_50h/source3c/obsmodel_binned.xml
2019-07-23T20:05:46:  outcovmat .................: NONE
2019-07-23T20:05:46:  statistic .................: DEFAULT
2019-07-23T20:05:46:  refit .....................: no
2019-07-23T20:05:46:  like_accuracy .............: 0.005
2019-07-23T20:05:46:  max_iter ..................: 50
2019-07-23T20:05:46:  fix_spat_for_ts ...........: no
2019-07-23T20:05:46:  nthreads ..................: 0
2019-07-23T20:05:46:  chatter ...................: 4
2019-07-23T20:05:46:  clobber ...................: yes
2019-07-23T20:05:46:  debug .....................: no
2019-07-23T20:05:46:  mode ......................: ql
2019-07-23T20:05:46:  logfile ...................: ctlike.log
2019-07-23T20:05:46: 
2019-07-23T20:05:46: +===================+
2019-07-23T20:05:46: | Input observation |
2019-07-23T20:05:46: +===================+
2019-07-23T20:05:46: === GObservations ===
2019-07-23T20:05:46:  Number of observations ....: 1
2019-07-23T20:05:46:  Number of models ..........: 2
2019-07-23T20:05:46:  Number of observed events .: 320597
2019-07-23T20:05:46:  Number of predicted events : 0
2019-07-23T20:05:46: === GCTAObservation ===
2019-07-23T20:05:46:  Name ......................: 
2019-07-23T20:05:46:  Identifier ................: 000001
2019-07-23T20:05:46:  Instrument ................: CTA
2019-07-23T20:05:46:  Event file ................: /cta/carli/CPPM_Internship/Simulations_and_Analyses/plus_step_EDisp_South_z40_50h/source3c/obs_cube.fits
2019-07-23T20:05:46:  Event type ................: CountsCube
2019-07-23T20:05:46:  Statistic .................: cstat
2019-07-23T20:05:46:  Ontime ....................: 144000 s
2019-07-23T20:05:46:  Livetime ..................: 141120 s
2019-07-23T20:05:46:  Deadtime correction .......: 0.98
2019-07-23T20:05:46:  User energy range .........: undefined
2019-07-23T20:05:46: === GCTAPointing ===
2019-07-23T20:05:46:  Pointing direction ........: (RA,Dec)=(84.1331,22.0145)
2019-07-23T20:05:46: === GCTAResponseCube ===
2019-07-23T20:05:46:  Energy dispersion .........: Used
2019-07-23T20:05:46: === GCTACubeExposure ===
2019-07-23T20:05:46:  Filename ..................: /cta/carli/CPPM_Internship/Simulations_and_Analyses/plus_step_EDisp_South_z40_50h/source3c/exposure_cube.fits
2019-07-23T20:05:46:  Livetime ..................: 141120 sec
2019-07-23T20:05:46: === GEnergies ===
2019-07-23T20:05:46:  Number of energies ........: 33
2019-07-23T20:05:46: === GGti ===
2019-07-23T20:05:46:  Number of intervals .......: 1
2019-07-23T20:05:46:  Ontime ....................: 144000 sec
2019-07-23T20:05:46:  Elapsed time ..............: 144000 sec
2019-07-23T20:05:46:  MJD range .................: 51544.5 - 51546.1666666667 s (TT)
2019-07-23T20:05:46:  UTC range .................: 2000-01-01T11:58:56 - 2000-01-03T03:58:56 s (TT)
2019-07-23T20:05:46:  Reference MJD .............: 51544.5
2019-07-23T20:05:46: === GSkyMap ===
2019-07-23T20:05:46:  Number of pixels ..........: 6400
2019-07-23T20:05:46:  X axis dimension ..........: 80
2019-07-23T20:05:46:  Y axis dimension ..........: 80
2019-07-23T20:05:46:  Number of maps ............: 33
2019-07-23T20:05:46:  Shape of maps .............: (33)
2019-07-23T20:05:46: === GCTACubePsf ===
2019-07-23T20:05:46:  Filename ..................: /cta/carli/CPPM_Internship/Simulations_and_Analyses/plus_step_EDisp_South_z40_50h/source3c/PSF_cube.fits
2019-07-23T20:05:46: === GEnergies ===
2019-07-23T20:05:46:  Number of energies ........: 33
2019-07-23T20:05:46:  Number of delta bins ......: 200
2019-07-23T20:05:46:  Delta range ...............: 1.875e-06 - 0.298501875 deg
2019-07-23T20:05:46: === GSkyMap ===
2019-07-23T20:05:46:  Number of pixels ..........: 1
2019-07-23T20:05:46:  X axis dimension ..........: 1
2019-07-23T20:05:46:  Y axis dimension ..........: 1
2019-07-23T20:05:46:  Number of maps ............: 6600
2019-07-23T20:05:46:  Shape of maps .............: (200, 33)
2019-07-23T20:05:46: === GCTACubeEdisp ===
2019-07-23T20:05:46:  Filename ..................: /cta/carli/CPPM_Internship/Simulations_and_Analyses/plus_step_EDisp_South_z40_50h/source3c/edisp_cube.fits
2019-07-23T20:05:46: === GEnergies ===
2019-07-23T20:05:46:  Number of energies ........: 33
2019-07-23T20:05:46:  Number of migra bins ......: 100
2019-07-23T20:05:46:  Migra range ...............: 0.02 - 2
2019-07-23T20:05:46: === GSkyMap ===
2019-07-23T20:05:46:  Number of pixels ..........: 1
2019-07-23T20:05:46:  X axis dimension ..........: 1
2019-07-23T20:05:46:  Y axis dimension ..........: 1
2019-07-23T20:05:46:  Number of maps ............: 3300
2019-07-23T20:05:46:  Shape of maps .............: (100, 33)
2019-07-23T20:05:46: === GCTACubeBackground ===
2019-07-23T20:05:46:  Filename ..................: /cta/carli/CPPM_Internship/Simulations_and_Analyses/plus_step_EDisp_South_z40_50h/source3c/background_cube.fits
2019-07-23T20:05:46: === GEbounds ===
2019-07-23T20:05:46:  Number of intervals .......: 32
2019-07-23T20:05:46:  Energy range ..............: 100 GeV - 199.526229858398 TeV
2019-07-23T20:05:46: === GSkyMap ===
2019-07-23T20:05:46:  Number of pixels ..........: 6400
2019-07-23T20:05:46:  X axis dimension ..........: 80
2019-07-23T20:05:46:  Y axis dimension ..........: 80
2019-07-23T20:05:46:  Number of maps ............: 32
2019-07-23T20:05:46:  Shape of maps .............: (32)
2019-07-23T20:05:46: === GCTAResponseCache ===
2019-07-23T20:05:46:  Number of cached values ...: 0
2019-07-23T20:05:46: === GCTAEventCube ===
2019-07-23T20:05:46:  Number of events ..........: 320597
2019-07-23T20:05:46:  Number of elements ........: 204800
2019-07-23T20:05:46:  Number of pixels ..........: 6400
2019-07-23T20:05:46:  Number of energy bins .....: 32
2019-07-23T20:05:46:  Time interval .............: 51544.5 - 51546.1666666667 days
2019-07-23T20:05:46:  Pointing ..................: (RA,Dec)=(84.1331,22.0145)
2019-07-23T20:05:46: === GEbounds ===
2019-07-23T20:05:46:  Number of intervals .......: 32
2019-07-23T20:05:46:  Energy range ..............: 100 GeV - 199.526229858398 TeV
2019-07-23T20:05:46: === GSkyMap ===
2019-07-23T20:05:46:  Number of pixels ..........: 6400
2019-07-23T20:05:46:  X axis dimension ..........: 80
2019-07-23T20:05:46:  Y axis dimension ..........: 80
2019-07-23T20:05:46:  Number of maps ............: 32
2019-07-23T20:05:46:  Shape of maps .............: (32)
2019-07-23T20:05:46: === GSkyRegions ===
2019-07-23T20:05:46:  Number of regions .........: 0
2019-07-23T20:05:46: === GModels ===
2019-07-23T20:05:46:  Number of models ..........: 2
2019-07-23T20:05:46:  Number of parameters ......: 11
2019-07-23T20:05:46: === GModelSky ===
2019-07-23T20:05:46:  Name ......................: source3c
2019-07-23T20:05:46:  Instruments ...............: all
2019-07-23T20:05:46:  Test Statistic ............: Computation requested
2019-07-23T20:05:46:  Observation identifiers ...: all
2019-07-23T20:05:46:  Model type ................: PointSource
2019-07-23T20:05:46:  Model components ..........: "PointSource" * "ExponentialCutoffPowerLaw" * "Constant"
2019-07-23T20:05:46:  Number of parameters ......: 7
2019-07-23T20:05:46:  Number of spatial par's ...: 2
2019-07-23T20:05:46:   RA .......................: 83.6331 [-360,360] deg (fixed,scale=1)
2019-07-23T20:05:46:   DEC ......................: 22.0145 [-90,90] deg (fixed,scale=1)
2019-07-23T20:05:46:  Number of spectral par's ..: 4
2019-07-23T20:05:46:   Prefactor ................: 2.28e-18 +/- 0 [1e-25,1e-15] ph/cm2/s/MeV (free,scale=1e-18,gradient)
2019-07-23T20:05:46:   Index ....................: -2 +/- 0 [-0,-5]  (free,scale=-1,gradient)
2019-07-23T20:05:46:   CutoffEnergy .............: 200000000 +/- 0 [1000000,100000000000] MeV (free,scale=100000000,gradient)
2019-07-23T20:05:46:   PivotEnergy ..............: 1000000 [10000,1000000000] MeV (fixed,scale=1000000,gradient)
2019-07-23T20:05:46:  Number of temporal par's ..: 1
2019-07-23T20:05:46:   Normalization ............: 1 (relative value) (fixed,scale=1,gradient)
2019-07-23T20:05:46:  Number of scale par's .....: 0
2019-07-23T20:05:46: === GCTAModelCubeBackground ===
2019-07-23T20:05:46:  Name ......................: BackgroundModel
2019-07-23T20:05:46:  Instruments ...............: CTA, HESS, MAGIC, VERITAS
2019-07-23T20:05:46:  Observation identifiers ...: all
2019-07-23T20:05:46:  Model type ................: "PowerLaw" * "Constant"
2019-07-23T20:05:46:  Number of parameters ......: 4
2019-07-23T20:05:46:  Number of spectral par's ..: 3
2019-07-23T20:05:46:   Prefactor ................: 1 +/- 0 [0.01,100] ph/cm2/s/MeV (free,scale=1,gradient)
2019-07-23T20:05:46:   Index ....................: 0 +/- 0 [-5,5]  (free,scale=1,gradient)
2019-07-23T20:05:46:   PivotEnergy ..............: 1000000 MeV (fixed,scale=1000000,gradient)
2019-07-23T20:05:46:  Number of temporal par's ..: 1
2019-07-23T20:05:46:   Normalization ............: 1 (relative value) (fixed,scale=1,gradient)
2019-07-23T20:05:46: 
2019-07-23T20:05:46: +=================================+
2019-07-23T20:05:46: | Maximum likelihood optimisation |
2019-07-23T20:05:46: +=================================+
2019-07-23T20:06:18:  >Iteration   0: -logL=-338641.459, Lambda=1.0e-03
2019-07-23T20:06:47:  >Iteration   1: -logL=-338671.988, Lambda=1.0e-03, delta=30.529, step=1.0e+00, max(|grad|)=248.741743 [Index:8]
2019-07-23T20:07:16:  >Iteration   2: -logL=-338674.039, Lambda=1.0e-04, delta=2.051, step=1.0e+00, max(|grad|)=90.029580 [Index:3]
2019-07-23T20:07:45:  >Iteration   3: -logL=-338674.458, Lambda=1.0e-05, delta=0.419, step=1.0e+00, max(|grad|)=31.915056 [Index:3]
2019-07-23T20:08:14:  >Iteration   4: -logL=-338674.515, Lambda=1.0e-06, delta=0.056, step=1.0e+00, max(|grad|)=6.454392 [Index:3]
2019-07-23T20:08:43:  >Iteration   5: -logL=-338674.518, Lambda=1.0e-07, delta=0.003, step=1.0e+00, max(|grad|)=0.448602 [Index:3]
2019-07-23T20:08:43:  
2019-07-23T20:08:43:  +==================+
2019-07-23T20:08:43:  | Curvature matrix |
2019-07-23T20:08:43:  +==================+
2019-07-23T20:08:43:  === GMatrixSparse ===
2019-07-23T20:08:43:   Number of rows ............: 11
2019-07-23T20:08:43:   Number of columns .........: 11
2019-07-23T20:08:43:   Number of nonzero elements : 25
2019-07-23T20:08:43:   Number of allocated cells .: 537
2019-07-23T20:08:43:   Memory block size .........: 512
2019-07-23T20:08:43:   Sparse matrix fill ........: 0.206611570247934
2019-07-23T20:08:43:   Pending element ...........: 0
2019-07-23T20:08:43:   Fill stack size ...........: 0 (none)
2019-07-23T20:08:43:   0, 0, 0, 0, 0, 0, 0, 0, 0, 0, 0
2019-07-23T20:08:43:   0, 0, 0, 0, 0, 0, 0, 0, 0, 0, 0
2019-07-23T20:08:43:   0, 0, 2609.19331141063, -1438.5749485069, 3.12260660264073, 0, 0, 1745.71166218239, -2527.06068490558, 0, 0
2019-07-23T20:08:43:   0, 0, -1438.5749485069, 27182.1134443982, -18.5993777613477, 0, 0, 5868.4485581078, -10439.5052286475, 0, 0
2019-07-23T20:08:43:   0, 0, 3.12260660264073, -18.5993777613477, 0.0304726116136941, 0, 0, 0.190707624936958, 0.034730930458683, 0, 0
2019-07-23T20:08:43:   0, 0, 0, 0, 0, 0, 0, 0, 0, 0, 0
2019-07-23T20:08:43:   0, 0, 0, 0, 0, 0, 0, 0, 0, 0, 0
2019-07-23T20:08:43:   0, 0, 1745.71166218239, 5868.4485581078, 0.190707624936958, 0, 0, 316656.240593916, -486198.318080051, 0, 0
2019-07-23T20:08:43:   0, 0, -2527.06068490557, -10439.5052286475, 0.0347309304586828, 0, 0, -486198.31808005, 894232.619872977, 0, 0
2019-07-23T20:08:43:   0, 0, 0, 0, 0, 0, 0, 0, 0, 0, 0
2019-07-23T20:08:43:   0, 0, 0, 0, 0, 0, 0, 0, 0, 0, 0
2019-07-23T20:09:12: 
2019-07-23T20:09:12: +====================================+
2019-07-23T20:09:12: | Maximum likelihood re-optimisation |
2019-07-23T20:09:12: +====================================+
2019-07-23T20:09:13:  >Iteration   0: -logL=-301971.363, Lambda=1.0e-03
2019-07-23T20:09:13:  >Iteration   1: -logL=-303929.630, Lambda=1.0e-03, delta=1958.267, step=1.0e+00, max(|grad|)=-6886.705990 [Prefactor:0]
2019-07-23T20:09:14:  >Iteration   2: -logL=-304140.828, Lambda=1.0e-04, delta=211.198, step=1.0e+00, max(|grad|)=-744.454418 [Prefactor:0]
2019-07-23T20:09:15:  >Iteration   3: -logL=-304144.682, Lambda=1.0e-05, delta=3.854, step=1.0e+00, max(|grad|)=-77.926246 [Index:1]
2019-07-23T20:09:15:  >Iteration   4: -logL=-304144.710, Lambda=1.0e-06, delta=0.029, step=1.0e+00, max(|grad|)=-10.456698 [Index:1]
2019-07-23T20:09:16:  >Iteration   5: -logL=-304144.711, Lambda=1.0e-07, delta=0.000, step=1.0e+00, max(|grad|)=-1.059868 [Index:1]
2019-07-23T20:09:16: 
2019-07-23T20:09:16: +============================================+
2019-07-23T20:09:16: | Maximum likelihood re-optimisation results |
2019-07-23T20:09:16: +============================================+
2019-07-23T20:09:16: === GOptimizerLM ===
2019-07-23T20:09:16:  Optimized function value ..: -304144.711
2019-07-23T20:09:16:  Absolute precision ........: 0.005
2019-07-23T20:09:16:  Acceptable value decrease .: 2
2019-07-23T20:09:16:  Optimization status .......: converged
2019-07-23T20:09:16:  Number of parameters ......: 4
2019-07-23T20:09:16:  Number of free parameters .: 2
2019-07-23T20:09:16:  Number of iterations ......: 5
2019-07-23T20:09:16:  Lambda ....................: 1e-08
2019-07-23T20:09:16: 
2019-07-23T20:09:16: +=========================================+
2019-07-23T20:09:16: | Maximum likelihood optimisation results |
2019-07-23T20:09:16: +=========================================+
2019-07-23T20:09:16: === GOptimizerLM ===
2019-07-23T20:09:16:  Optimized function value ..: -338674.518
2019-07-23T20:09:16:  Absolute precision ........: 0.005
2019-07-23T20:09:16:  Acceptable value decrease .: 2
2019-07-23T20:09:16:  Optimization status .......: converged
2019-07-23T20:09:16:  Number of parameters ......: 11
2019-07-23T20:09:16:  Number of free parameters .: 5
2019-07-23T20:09:16:  Number of iterations ......: 5
2019-07-23T20:09:16:  Lambda ....................: 1e-08
2019-07-23T20:09:16:  Maximum log likelihood ....: 338674.518
2019-07-23T20:09:16:  Observed events  (Nobs) ...: 320597.000
2019-07-23T20:09:16:  Predicted events (Npred) ..: 318829.836 (Nobs - Npred = 1767.1643299837)
2019-07-23T20:09:16: === GModels ===
2019-07-23T20:09:16:  Number of models ..........: 2
2019-07-23T20:09:16:  Number of parameters ......: 11
2019-07-23T20:09:16: === GModelSky ===
2019-07-23T20:09:16:  Name ......................: source3c
2019-07-23T20:09:16:  Instruments ...............: all
2019-07-23T20:09:16:  Test Statistic ............: 69059.6137107263
2019-07-23T20:09:16:  Observation identifiers ...: all
2019-07-23T20:09:16:  Model type ................: PointSource
2019-07-23T20:09:16:  Model components ..........: "PointSource" * "ExponentialCutoffPowerLaw" * "Constant"
2019-07-23T20:09:16:  Number of parameters ......: 7
2019-07-23T20:09:16:  Number of spatial par's ...: 2
2019-07-23T20:09:16:   RA .......................: 83.6331 [-360,360] deg (fixed,scale=1)
2019-07-23T20:09:16:   DEC ......................: 22.0145 [-90,90] deg (fixed,scale=1)
2019-07-23T20:09:16:  Number of spectral par's ..: 4
2019-07-23T20:09:16:   Prefactor ................: 2.23204650395546e-18 +/- 2.09997986302617e-20 [1e-25,1e-15] ph/cm2/s/MeV (free,scale=1e-18,gradient)
2019-07-23T20:09:16:   Index ....................: -2.02594820113069 +/- 0.00800048492346315 [-0,-5]  (free,scale=-1,gradient)
2019-07-23T20:09:16:   CutoffEnergy .............: 886333490.605761 +/- 792602127.43121 [1000000,100000000000] MeV (free,scale=100000000,gradient)
2019-07-23T20:09:16:   PivotEnergy ..............: 1000000 [10000,1000000000] MeV (fixed,scale=1000000,gradient)
2019-07-23T20:09:16:  Number of temporal par's ..: 1
2019-07-23T20:09:16:   Normalization ............: 1 (relative value) (fixed,scale=1,gradient)
2019-07-23T20:09:16:  Number of scale par's .....: 0
2019-07-23T20:09:16: === GCTAModelCubeBackground ===
2019-07-23T20:09:16:  Name ......................: BackgroundModel
2019-07-23T20:09:16:  Instruments ...............: CTA, HESS, MAGIC, VERITAS
2019-07-23T20:09:16:  Observation identifiers ...: all
2019-07-23T20:09:16:  Model type ................: "PowerLaw" * "Constant"
2019-07-23T20:09:16:  Number of parameters ......: 4
2019-07-23T20:09:16:  Number of spectral par's ..: 3
2019-07-23T20:09:16:   Prefactor ................: 0.970530041552985 +/- 0.00437484022444874 [0.01,100] ph/cm2/s/MeV (free,scale=1,gradient)
2019-07-23T20:09:16:   Index ....................: -0.0181076070671544 +/- 0.00260283413688198 [-5,5]  (free,scale=1,gradient)
2019-07-23T20:09:16:   PivotEnergy ..............: 1000000 MeV (fixed,scale=1000000,gradient)
2019-07-23T20:09:16:  Number of temporal par's ..: 1
2019-07-23T20:09:16:   Normalization ............: 1 (relative value) (fixed,scale=1,gradient)
2019-07-23T20:09:16: 
2019-07-23T20:09:16: +==============+
2019-07-23T20:09:16: | Save results |
2019-07-23T20:09:16: +==============+
2019-07-23T20:09:16:  Model definition file .....: /cta/carli/CPPM_Internship/Simulations_and_Analyses/plus_step_EDisp_South_z40_50h/source3c/obsmodel_binned.xml
2019-07-23T20:09:16:  Covariance matrix file ....: NONE
2019-07-23T20:09:16: 
2019-07-23T20:09:16: Application "ctlike" terminated after 210 wall clock seconds, consuming 218.25 seconds of CPU time.
