2019-07-22T14:31:27: ********************************************************************************
2019-07-22T14:31:27: *                                   csresspec                                  *
2019-07-22T14:31:27: * ---------------------------------------------------------------------------- *
2019-07-22T14:31:27: * Version: 1.6.0                                                               *
2019-07-22T14:31:27: ********************************************************************************
2019-07-22T14:31:27: +============+
2019-07-22T14:31:27: | Parameters |
2019-07-22T14:31:27: +============+
2019-07-22T14:31:27:  inobs .....................: /cta/carli/CPPM_Internship/Simulations_and_Analyses/minus_gradient_AEff_South_z40_50h/source1d/obs_cube.fits
2019-07-22T14:31:27:  inmodel ...................: /cta/carli/CPPM_Internship/Simulations_and_Analyses/minus_gradient_AEff_South_z40_50h/source1d/obsmodel_binned.xml
2019-07-22T14:31:27:  modcube ...................: /cta/carli/CPPM_Internship/Simulations_and_Analyses/minus_gradient_AEff_South_z40_50h/source1d/obsmodel_cube.fits
2019-07-22T14:31:27:  expcube ...................: /cta/carli/CPPM_Internship/Simulations_and_Analyses/minus_gradient_AEff_South_z40_50h/source1d/exposure_cube.fits
2019-07-22T14:31:27:  psfcube ...................: /cta/carli/CPPM_Internship/Simulations_and_Analyses/minus_gradient_AEff_South_z40_50h/source1d/PSF_cube.fits
2019-07-22T14:31:27:  edispcube .................: /cta/carli/CPPM_Internship/Simulations_and_Analyses/minus_gradient_AEff_South_z40_50h/source1d/edisp_cube.fits
2019-07-22T14:31:27:  bkgcube ...................: /cta/carli/CPPM_Internship/Simulations_and_Analyses/minus_gradient_AEff_South_z40_50h/source1d/background_cube.fits
2019-07-22T14:31:27:  caldb .....................: prod3b-v2
2019-07-22T14:31:27:  irf .......................: minus_gradient_AEff_South_z40_50h
2019-07-22T14:31:27:  edisp .....................: yes
2019-07-22T14:31:27:  outfile ...................: /cta/carli/CPPM_Internship/Simulations_and_Analyses/minus_gradient_AEff_South_z40_50h/source1d/residuals_binned.fits
2019-07-22T14:31:27:  statistic .................: DEFAULT
2019-07-22T14:31:27:  components ................: yes
2019-07-22T14:31:27:  ebinalg ...................: LOG
2019-07-22T14:31:27:  emin ......................: 0.1
2019-07-22T14:31:27:  emax ......................: 199.526229858398
2019-07-22T14:31:27:  enumbins ..................: 32
2019-07-22T14:31:27:  ebinfile ..................: [not queried]
2019-07-22T14:31:27:  stack .....................: [not queried]
2019-07-22T14:31:27:  coordsys ..................: [not queried]
2019-07-22T14:31:27:  proj ......................: [not queried]
2019-07-22T14:31:27:  xref ......................: [not queried]
2019-07-22T14:31:27:  yref ......................: [not queried]
2019-07-22T14:31:27:  nxpix .....................: [not queried]
2019-07-22T14:31:27:  nypix .....................: [not queried]
2019-07-22T14:31:27:  binsz .....................: [not queried]
2019-07-22T14:31:27:  mask ......................: no
2019-07-22T14:31:27:  ra ........................: [not queried]
2019-07-22T14:31:27:  dec .......................: [not queried]
2019-07-22T14:31:27:  rad .......................: [not queried]
2019-07-22T14:31:27:  regfile ...................: [not queried]
2019-07-22T14:31:27:  algorithm .................: SUB
2019-07-22T14:31:27:  publish ...................: no
2019-07-22T14:31:27:  chatter ...................: 4
2019-07-22T14:31:27:  clobber ...................: yes
2019-07-22T14:31:27:  debug .....................: no
2019-07-22T14:31:27:  mode ......................: ql
2019-07-22T14:31:27:  logfile ...................: csresspec.log
2019-07-22T14:31:27: 
2019-07-22T14:31:27: +====================+
2019-07-22T14:31:27: | Observation census |
2019-07-22T14:31:27: +====================+
2019-07-22T14:31:27:  Unbinned CTA observations .: 0
2019-07-22T14:31:27:  Binned CTA observations ...: 1
2019-07-22T14:31:27:  On/off CTA observations ...: 0
2019-07-22T14:31:27:  Other observations ........: 0
2019-07-22T14:31:27: 
2019-07-22T14:31:27: +=============+
2019-07-22T14:31:27: | Observation |
2019-07-22T14:31:27: +=============+
2019-07-22T14:31:27: === GObservations ===
2019-07-22T14:31:27:  Number of observations ....: 1
2019-07-22T14:31:27:  Number of models ..........: 2
2019-07-22T14:31:27:  Number of observed events .: 325526
2019-07-22T14:31:27:  Number of predicted events : 0
2019-07-22T14:31:27: === GCTAObservation ===
2019-07-22T14:31:27:  Name ......................: 
2019-07-22T14:31:27:  Identifier ................: 000001
2019-07-22T14:31:27:  Instrument ................: CTA
2019-07-22T14:31:27:  Event file ................: /cta/carli/CPPM_Internship/Simulations_and_Analyses/minus_gradient_AEff_South_z40_50h/source1d/obs_cube.fits
2019-07-22T14:31:27:  Event type ................: CountsCube
2019-07-22T14:31:27:  Statistic .................: cstat
2019-07-22T14:31:27:  Ontime ....................: 144000 s
2019-07-22T14:31:27:  Livetime ..................: 141120 s
2019-07-22T14:31:27:  Deadtime correction .......: 0.98
2019-07-22T14:31:27:  User energy range .........: undefined
2019-07-22T14:31:27: === GCTAPointing ===
2019-07-22T14:31:27:  Pointing direction ........: (RA,Dec)=(84.1331,22.0145)
2019-07-22T14:31:27: === GCTAResponseCube ===
2019-07-22T14:31:27:  Energy dispersion .........: Not used
2019-07-22T14:31:27: === GCTACubeExposure ===
2019-07-22T14:31:27:  Filename ..................: /cta/carli/CPPM_Internship/Simulations_and_Analyses/minus_gradient_AEff_South_z40_50h/source1d/exposure_cube.fits
2019-07-22T14:31:27:  Livetime ..................: 141120 sec
2019-07-22T14:31:27: === GEnergies ===
2019-07-22T14:31:27:  Number of energies ........: 33
2019-07-22T14:31:27: === GGti ===
2019-07-22T14:31:27:  Number of intervals .......: 1
2019-07-22T14:31:27:  Ontime ....................: 144000 sec
2019-07-22T14:31:27:  Elapsed time ..............: 144000 sec
2019-07-22T14:31:27:  MJD range .................: 51544.5 - 51546.1666666667 s (TT)
2019-07-22T14:31:27:  UTC range .................: 2000-01-01T11:58:56 - 2000-01-03T03:58:56 s (TT)
2019-07-22T14:31:27:  Reference MJD .............: 51544.5
2019-07-22T14:31:27: === GSkyMap ===
2019-07-22T14:31:27:  Number of pixels ..........: 6400
2019-07-22T14:31:27:  X axis dimension ..........: 80
2019-07-22T14:31:27:  Y axis dimension ..........: 80
2019-07-22T14:31:27:  Number of maps ............: 33
2019-07-22T14:31:27:  Shape of maps .............: (33)
2019-07-22T14:31:27: === GCTACubePsf ===
2019-07-22T14:31:27:  Filename ..................: /cta/carli/CPPM_Internship/Simulations_and_Analyses/minus_gradient_AEff_South_z40_50h/source1d/PSF_cube.fits
2019-07-22T14:31:27: === GEnergies ===
2019-07-22T14:31:27:  Number of energies ........: 33
2019-07-22T14:31:27:  Number of delta bins ......: 200
2019-07-22T14:31:27:  Delta range ...............: 1.875e-06 - 0.298501875 deg
2019-07-22T14:31:27: === GSkyMap ===
2019-07-22T14:31:27:  Number of pixels ..........: 1
2019-07-22T14:31:27:  X axis dimension ..........: 1
2019-07-22T14:31:27:  Y axis dimension ..........: 1
2019-07-22T14:31:27:  Number of maps ............: 6600
2019-07-22T14:31:27:  Shape of maps .............: (200, 33)
2019-07-22T14:31:27: === GCTACubeEdisp ===
2019-07-22T14:31:27:  Filename ..................: /cta/carli/CPPM_Internship/Simulations_and_Analyses/minus_gradient_AEff_South_z40_50h/source1d/edisp_cube.fits
2019-07-22T14:31:27: === GEnergies ===
2019-07-22T14:31:27:  Number of energies ........: 33
2019-07-22T14:31:27:  Number of migra bins ......: 100
2019-07-22T14:31:27:  Migra range ...............: 0.02 - 2
2019-07-22T14:31:27: === GSkyMap ===
2019-07-22T14:31:27:  Number of pixels ..........: 1
2019-07-22T14:31:27:  X axis dimension ..........: 1
2019-07-22T14:31:27:  Y axis dimension ..........: 1
2019-07-22T14:31:27:  Number of maps ............: 3300
2019-07-22T14:31:27:  Shape of maps .............: (100, 33)
2019-07-22T14:31:27: === GCTACubeBackground ===
2019-07-22T14:31:27:  Filename ..................: /cta/carli/CPPM_Internship/Simulations_and_Analyses/minus_gradient_AEff_South_z40_50h/source1d/background_cube.fits
2019-07-22T14:31:27: === GEbounds ===
2019-07-22T14:31:27:  Number of intervals .......: 32
2019-07-22T14:31:27:  Energy range ..............: 100 GeV - 199.526229858398 TeV
2019-07-22T14:31:27: === GSkyMap ===
2019-07-22T14:31:27:  Number of pixels ..........: 6400
2019-07-22T14:31:27:  X axis dimension ..........: 80
2019-07-22T14:31:27:  Y axis dimension ..........: 80
2019-07-22T14:31:27:  Number of maps ............: 32
2019-07-22T14:31:27:  Shape of maps .............: (32)
2019-07-22T14:31:27: === GCTAResponseCache ===
2019-07-22T14:31:27:  Number of cached values ...: 0
2019-07-22T14:31:27: === GCTAEventCube ===
2019-07-22T14:31:27:  Number of events ..........: 325526
2019-07-22T14:31:27:  Number of elements ........: 204800
2019-07-22T14:31:27:  Number of pixels ..........: 6400
2019-07-22T14:31:27:  Number of energy bins .....: 32
2019-07-22T14:31:27:  Time interval .............: 51544.5 - 51546.1666666667 days
2019-07-22T14:31:27:  Pointing ..................: (RA,Dec)=(84.1331,22.0145)
2019-07-22T14:31:27: === GEbounds ===
2019-07-22T14:31:27:  Number of intervals .......: 32
2019-07-22T14:31:27:  Energy range ..............: 100 GeV - 199.526229858398 TeV
2019-07-22T14:31:27: === GSkyMap ===
2019-07-22T14:31:27:  Number of pixels ..........: 6400
2019-07-22T14:31:27:  X axis dimension ..........: 80
2019-07-22T14:31:27:  Y axis dimension ..........: 80
2019-07-22T14:31:27:  Number of maps ............: 32
2019-07-22T14:31:27:  Shape of maps .............: (32)
2019-07-22T14:31:27: === GSkyRegions ===
2019-07-22T14:31:27:  Number of regions .........: 0
2019-07-22T14:31:27: === GModels ===
2019-07-22T14:31:27:  Number of models ..........: 2
2019-07-22T14:31:27:  Number of parameters ......: 11
2019-07-22T14:31:27: === GModelSky ===
2019-07-22T14:31:27:  Name ......................: source1d
2019-07-22T14:31:27:  Instruments ...............: all
2019-07-22T14:31:27:  Test Statistic ............: 91903.434
2019-07-22T14:31:27:  Observation identifiers ...: all
2019-07-22T14:31:27:  Model type ................: PointSource
2019-07-22T14:31:27:  Model components ..........: "PointSource" * "ExponentialCutoffPowerLaw" * "Constant"
2019-07-22T14:31:27:  Number of parameters ......: 7
2019-07-22T14:31:27:  Number of spatial par's ...: 2
2019-07-22T14:31:27:   RA .......................: 83.6331 [-360,360] deg (fixed,scale=1)
2019-07-22T14:31:27:   DEC ......................: 22.0145 [-90,90] deg (fixed,scale=1)
2019-07-22T14:31:27:  Number of spectral par's ..: 4
2019-07-22T14:31:27:   Prefactor ................: 3.032288613477e-18 +/- 2.65976030531461e-20 [1e-25,1e-15] ph/cm2/s/MeV (free,scale=1e-18,gradient)
2019-07-22T14:31:27:   Index ....................: -1.9956767221758 +/- 0.00790687855768985 [-0,-5]  (free,scale=-1,gradient)
2019-07-22T14:31:27:   CutoffEnergy .............: 52109741.9362398 +/- 4449801.24129356 [100000,10000000000] MeV (free,scale=10000000,gradient)
2019-07-22T14:31:27:   PivotEnergy ..............: 1000000 [10000,1000000000] MeV (fixed,scale=1000000,gradient)
2019-07-22T14:31:27:  Number of temporal par's ..: 1
2019-07-22T14:31:27:   Normalization ............: 1 (relative value) (fixed,scale=1,gradient)
2019-07-22T14:31:27:  Number of scale par's .....: 0
2019-07-22T14:31:27: === GCTAModelCubeBackground ===
2019-07-22T14:31:27:  Name ......................: BackgroundModel
2019-07-22T14:31:27:  Instruments ...............: CTA, HESS, MAGIC, VERITAS
2019-07-22T14:31:27:  Observation identifiers ...: all
2019-07-22T14:31:27:  Model type ................: "PowerLaw" * "Constant"
2019-07-22T14:31:27:  Number of parameters ......: 4
2019-07-22T14:31:27:  Number of spectral par's ..: 3
2019-07-22T14:31:27:   Prefactor ................: 0.992641698684157 +/- 0.00441860662251568 [0.01,100] ph/cm2/s/MeV (free,scale=1,gradient)
2019-07-22T14:31:27:   Index ....................: -0.00387669345866402 +/- 0.00257605980547851 [-5,5]  (free,scale=1,gradient)
2019-07-22T14:31:27:   PivotEnergy ..............: 1000000 MeV (fixed,scale=1000000,gradient)
2019-07-22T14:31:27:  Number of temporal par's ..: 1
2019-07-22T14:31:27:   Normalization ............: 1 (relative value) (fixed,scale=1,gradient)
2019-07-22T14:31:27: 
2019-07-22T14:31:27: +=========================+
2019-07-22T14:31:27: | Processing Observations |
2019-07-22T14:31:27: +=========================+
2019-07-22T14:31:27: Computing model cube
2019-07-22T14:31:33: Computing counts, model, and residual spectra
2019-07-22T14:31:33:  Computing model component .: source1d
2019-07-22T14:31:38:  Computing model component .: BackgroundModel
2019-07-22T14:31:38: Filling residual table
2019-07-22T14:31:38: 
2019-07-22T14:31:38: +================+
2019-07-22T14:31:38: | Save residuals |
2019-07-22T14:31:38: +================+
2019-07-22T14:31:38:  Residuals file ............: /cta/carli/CPPM_Internship/Simulations_and_Analyses/minus_gradient_AEff_South_z40_50h/source1d/residuals_binned.fits
2019-07-22T14:31:38: 
2019-07-22T14:31:38: Application "csresspec" terminated after 11 wall clock seconds, consuming 13.77 seconds of CPU time.
