2019-07-22T14:30:47: ********************************************************************************
2019-07-22T14:30:47: *                                  ctbutterfly                                 *
2019-07-22T14:30:47: * ---------------------------------------------------------------------------- *
2019-07-22T14:30:47: * Version: 1.6.0                                                               *
2019-07-22T14:30:47: ********************************************************************************
2019-07-22T14:30:47: +============+
2019-07-22T14:30:47: | Parameters |
2019-07-22T14:30:47: +============+
2019-07-22T14:30:47:  inobs .....................: /cta/carli/CPPM_Internship/Simulations_and_Analyses/minus_gradient_AEff_South_z40_50h/source1d/obs_cube.fits
2019-07-22T14:30:47:  inmodel ...................: /cta/carli/CPPM_Internship/Simulations_and_Analyses/minus_gradient_AEff_South_z40_50h/source1d/obsmodel_binned.xml
2019-07-22T14:30:47:  srcname ...................: source1d
2019-07-22T14:30:47:  expcube ...................: /cta/carli/CPPM_Internship/Simulations_and_Analyses/minus_gradient_AEff_South_z40_50h/source1d/exposure_cube.fits
2019-07-22T14:30:47:  psfcube ...................: /cta/carli/CPPM_Internship/Simulations_and_Analyses/minus_gradient_AEff_South_z40_50h/source1d/PSF_cube.fits
2019-07-22T14:30:47:  edispcube .................: /cta/carli/CPPM_Internship/Simulations_and_Analyses/minus_gradient_AEff_South_z40_50h/source1d/edisp_cube.fits
2019-07-22T14:30:47:  bkgcube ...................: /cta/carli/CPPM_Internship/Simulations_and_Analyses/minus_gradient_AEff_South_z40_50h/source1d/background_cube.fits
2019-07-22T14:30:47:  caldb .....................: prod3b-v2
2019-07-22T14:30:47:  irf .......................: minus_gradient_AEff_South_z40_50h
2019-07-22T14:30:47:  edisp .....................: yes
2019-07-22T14:30:47:  outfile ...................: /cta/carli/CPPM_Internship/Simulations_and_Analyses/minus_gradient_AEff_South_z40_50h/source1d/butterfly_binned.ascii
2019-07-22T14:30:47:  method ....................: GAUSSIAN
2019-07-22T14:30:47:  fit .......................: no
2019-07-22T14:30:47:  confidence ................: 0.68
2019-07-22T14:30:47:  statistic .................: DEFAULT
2019-07-22T14:30:47:  like_accuracy .............: 0.005
2019-07-22T14:30:47:  max_iter ..................: 50
2019-07-22T14:30:47:  matrix ....................: NONE
2019-07-22T14:30:47:  ebinalg ...................: LOG
2019-07-22T14:30:47:  emin ......................: 0.1
2019-07-22T14:30:47:  emax ......................: 199.526229858398
2019-07-22T14:30:47:  enumbins ..................: 32
2019-07-22T14:30:47:  ebinfile ..................: [not queried]
2019-07-22T14:30:47:  chatter ...................: 4
2019-07-22T14:30:47:  clobber ...................: yes
2019-07-22T14:30:47:  debug .....................: no
2019-07-22T14:30:47:  mode ......................: ql
2019-07-22T14:30:47:  logfile ...................: ctbutterfly.log
2019-07-22T14:30:47: 
2019-07-22T14:30:47: +===================+
2019-07-22T14:30:47: | Input observation |
2019-07-22T14:30:47: +===================+
2019-07-22T14:30:47: === GObservations ===
2019-07-22T14:30:47:  Number of observations ....: 1
2019-07-22T14:30:47:  Number of models ..........: 2
2019-07-22T14:30:47:  Number of observed events .: 325526
2019-07-22T14:30:47:  Number of predicted events : 0
2019-07-22T14:30:47: === GCTAObservation ===
2019-07-22T14:30:47:  Name ......................: 
2019-07-22T14:30:47:  Identifier ................: 000001
2019-07-22T14:30:47:  Instrument ................: CTA
2019-07-22T14:30:47:  Event file ................: /cta/carli/CPPM_Internship/Simulations_and_Analyses/minus_gradient_AEff_South_z40_50h/source1d/obs_cube.fits
2019-07-22T14:30:47:  Event type ................: CountsCube
2019-07-22T14:30:47:  Statistic .................: cstat
2019-07-22T14:30:47:  Ontime ....................: 144000 s
2019-07-22T14:30:47:  Livetime ..................: 141120 s
2019-07-22T14:30:47:  Deadtime correction .......: 0.98
2019-07-22T14:30:47:  User energy range .........: undefined
2019-07-22T14:30:47: === GCTAPointing ===
2019-07-22T14:30:47:  Pointing direction ........: (RA,Dec)=(84.1331,22.0145)
2019-07-22T14:30:47: === GCTAResponseCube ===
2019-07-22T14:30:47:  Energy dispersion .........: Used
2019-07-22T14:30:47: === GCTACubeExposure ===
2019-07-22T14:30:47:  Filename ..................: /cta/carli/CPPM_Internship/Simulations_and_Analyses/minus_gradient_AEff_South_z40_50h/source1d/exposure_cube.fits
2019-07-22T14:30:47:  Livetime ..................: 141120 sec
2019-07-22T14:30:47: === GEnergies ===
2019-07-22T14:30:47:  Number of energies ........: 33
2019-07-22T14:30:47: === GGti ===
2019-07-22T14:30:47:  Number of intervals .......: 1
2019-07-22T14:30:47:  Ontime ....................: 144000 sec
2019-07-22T14:30:47:  Elapsed time ..............: 144000 sec
2019-07-22T14:30:47:  MJD range .................: 51544.5 - 51546.1666666667 s (TT)
2019-07-22T14:30:47:  UTC range .................: 2000-01-01T11:58:56 - 2000-01-03T03:58:56 s (TT)
2019-07-22T14:30:47:  Reference MJD .............: 51544.5
2019-07-22T14:30:47: === GSkyMap ===
2019-07-22T14:30:47:  Number of pixels ..........: 6400
2019-07-22T14:30:47:  X axis dimension ..........: 80
2019-07-22T14:30:47:  Y axis dimension ..........: 80
2019-07-22T14:30:47:  Number of maps ............: 33
2019-07-22T14:30:47:  Shape of maps .............: (33)
2019-07-22T14:30:47: === GCTACubePsf ===
2019-07-22T14:30:47:  Filename ..................: /cta/carli/CPPM_Internship/Simulations_and_Analyses/minus_gradient_AEff_South_z40_50h/source1d/PSF_cube.fits
2019-07-22T14:30:47: === GEnergies ===
2019-07-22T14:30:47:  Number of energies ........: 33
2019-07-22T14:30:47:  Number of delta bins ......: 200
2019-07-22T14:30:47:  Delta range ...............: 1.875e-06 - 0.298501875 deg
2019-07-22T14:30:47: === GSkyMap ===
2019-07-22T14:30:47:  Number of pixels ..........: 1
2019-07-22T14:30:47:  X axis dimension ..........: 1
2019-07-22T14:30:47:  Y axis dimension ..........: 1
2019-07-22T14:30:47:  Number of maps ............: 6600
2019-07-22T14:30:47:  Shape of maps .............: (200, 33)
2019-07-22T14:30:47: === GCTACubeEdisp ===
2019-07-22T14:30:47:  Filename ..................: /cta/carli/CPPM_Internship/Simulations_and_Analyses/minus_gradient_AEff_South_z40_50h/source1d/edisp_cube.fits
2019-07-22T14:30:47: === GEnergies ===
2019-07-22T14:30:47:  Number of energies ........: 33
2019-07-22T14:30:47:  Number of migra bins ......: 100
2019-07-22T14:30:47:  Migra range ...............: 0.02 - 2
2019-07-22T14:30:47: === GSkyMap ===
2019-07-22T14:30:47:  Number of pixels ..........: 1
2019-07-22T14:30:47:  X axis dimension ..........: 1
2019-07-22T14:30:47:  Y axis dimension ..........: 1
2019-07-22T14:30:47:  Number of maps ............: 3300
2019-07-22T14:30:47:  Shape of maps .............: (100, 33)
2019-07-22T14:30:47: === GCTACubeBackground ===
2019-07-22T14:30:47:  Filename ..................: /cta/carli/CPPM_Internship/Simulations_and_Analyses/minus_gradient_AEff_South_z40_50h/source1d/background_cube.fits
2019-07-22T14:30:47: === GEbounds ===
2019-07-22T14:30:47:  Number of intervals .......: 32
2019-07-22T14:30:47:  Energy range ..............: 100 GeV - 199.526229858398 TeV
2019-07-22T14:30:47: === GSkyMap ===
2019-07-22T14:30:47:  Number of pixels ..........: 6400
2019-07-22T14:30:47:  X axis dimension ..........: 80
2019-07-22T14:30:47:  Y axis dimension ..........: 80
2019-07-22T14:30:47:  Number of maps ............: 32
2019-07-22T14:30:47:  Shape of maps .............: (32)
2019-07-22T14:30:47: === GCTAResponseCache ===
2019-07-22T14:30:47:  Number of cached values ...: 0
2019-07-22T14:30:47: === GCTAEventCube ===
2019-07-22T14:30:47:  Number of events ..........: 325526
2019-07-22T14:30:47:  Number of elements ........: 204800
2019-07-22T14:30:47:  Number of pixels ..........: 6400
2019-07-22T14:30:47:  Number of energy bins .....: 32
2019-07-22T14:30:47:  Time interval .............: 51544.5 - 51546.1666666667 days
2019-07-22T14:30:47:  Pointing ..................: (RA,Dec)=(84.1331,22.0145)
2019-07-22T14:30:47: === GEbounds ===
2019-07-22T14:30:47:  Number of intervals .......: 32
2019-07-22T14:30:47:  Energy range ..............: 100 GeV - 199.526229858398 TeV
2019-07-22T14:30:47: === GSkyMap ===
2019-07-22T14:30:47:  Number of pixels ..........: 6400
2019-07-22T14:30:47:  X axis dimension ..........: 80
2019-07-22T14:30:47:  Y axis dimension ..........: 80
2019-07-22T14:30:47:  Number of maps ............: 32
2019-07-22T14:30:47:  Shape of maps .............: (32)
2019-07-22T14:30:47: === GSkyRegions ===
2019-07-22T14:30:47:  Number of regions .........: 0
2019-07-22T14:30:47: === GModels ===
2019-07-22T14:30:47:  Number of models ..........: 2
2019-07-22T14:30:47:  Number of parameters ......: 11
2019-07-22T14:30:47: === GModelSky ===
2019-07-22T14:30:47:  Name ......................: source1d
2019-07-22T14:30:47:  Instruments ...............: all
2019-07-22T14:30:47:  Test Statistic ............: 91903.434
2019-07-22T14:30:47:  Observation identifiers ...: all
2019-07-22T14:30:47:  Model type ................: PointSource
2019-07-22T14:30:47:  Model components ..........: "PointSource" * "ExponentialCutoffPowerLaw" * "Constant"
2019-07-22T14:30:47:  Number of parameters ......: 7
2019-07-22T14:30:47:  Number of spatial par's ...: 2
2019-07-22T14:30:47:   RA .......................: 83.6331 [-360,360] deg (fixed,scale=1)
2019-07-22T14:30:47:   DEC ......................: 22.0145 [-90,90] deg (fixed,scale=1)
2019-07-22T14:30:47:  Number of spectral par's ..: 4
2019-07-22T14:30:47:   Prefactor ................: 3.032288613477e-18 +/- 2.65976030531461e-20 [1e-25,1e-15] ph/cm2/s/MeV (free,scale=1e-18,gradient)
2019-07-22T14:30:47:   Index ....................: -1.9956767221758 +/- 0.00790687855768985 [-0,-5]  (free,scale=-1,gradient)
2019-07-22T14:30:47:   CutoffEnergy .............: 52109741.9362398 +/- 4449801.24129356 [100000,10000000000] MeV (free,scale=10000000,gradient)
2019-07-22T14:30:47:   PivotEnergy ..............: 1000000 [10000,1000000000] MeV (fixed,scale=1000000,gradient)
2019-07-22T14:30:47:  Number of temporal par's ..: 1
2019-07-22T14:30:47:   Normalization ............: 1 (relative value) (fixed,scale=1,gradient)
2019-07-22T14:30:47:  Number of scale par's .....: 0
2019-07-22T14:30:47: === GCTAModelCubeBackground ===
2019-07-22T14:30:47:  Name ......................: BackgroundModel
2019-07-22T14:30:47:  Instruments ...............: CTA, HESS, MAGIC, VERITAS
2019-07-22T14:30:47:  Observation identifiers ...: all
2019-07-22T14:30:47:  Model type ................: "PowerLaw" * "Constant"
2019-07-22T14:30:47:  Number of parameters ......: 4
2019-07-22T14:30:47:  Number of spectral par's ..: 3
2019-07-22T14:30:47:   Prefactor ................: 0.992641698684157 +/- 0.00441860662251568 [0.01,100] ph/cm2/s/MeV (free,scale=1,gradient)
2019-07-22T14:30:47:   Index ....................: -0.00387669345866402 +/- 0.00257605980547851 [-5,5]  (free,scale=1,gradient)
2019-07-22T14:30:47:   PivotEnergy ..............: 1000000 MeV (fixed,scale=1000000,gradient)
2019-07-22T14:30:47:  Number of temporal par's ..: 1
2019-07-22T14:30:47:   Normalization ............: 1 (relative value) (fixed,scale=1,gradient)
2019-07-22T14:30:47: 
2019-07-22T14:30:47: +===========================+
2019-07-22T14:30:47: | Compute covariance matrix |
2019-07-22T14:30:47: +===========================+
2019-07-22T14:31:19: === GMatrixSparse ===
2019-07-22T14:31:19:  Number of rows ............: 11
2019-07-22T14:31:19:  Number of columns .........: 11
2019-07-22T14:31:19:  Number of nonzero elements : 25
2019-07-22T14:31:19:  Number of allocated cells .: 512
2019-07-22T14:31:19:  Memory block size .........: 512
2019-07-22T14:31:19:  Sparse matrix fill ........: 0.206611570247934
2019-07-22T14:31:19:  Pending element ...........: 0
2019-07-22T14:31:19:  Fill stack size ...........: 0 (none)
2019-07-22T14:31:19:  0, 0, 0, 0, 0, 0, 0, 0, 0, 0, 0
2019-07-22T14:31:19:  0, 0, 0, 0, 0, 0, 0, 0, 0, 0, 0
2019-07-22T14:31:19:  0, 0, 7.07432488173302e-40, 6.02100887652686e-23, -5.79458885918085e-14, 0, 0, -3.25156506544044e-24, -8.21114738643524e-25, 0, 0
2019-07-22T14:31:19:  0, 0, 6.02100887652686e-23, 6.25187285261935e-05, -24214.6233786221, 0, 0, 1.43410657375955e-07, -6.5301061033031e-07, 0, 0
2019-07-22T14:31:19:  0, 0, -5.79458885918085e-14, -24214.6233786221, 19800731087012.4, 0, 0, 52.8518039335667, 226.756150899947, 0, 0
2019-07-22T14:31:19:  0, 0, 0, 0, 0, 0, 0, 0, 0, 0, 0
2019-07-22T14:31:19:  0, 0, 0, 0, 0, 0, 0, 0, 0, 0, 0
2019-07-22T14:31:19:  0, 0, -3.25156506544045e-24, 1.43410657375955e-07, 52.8518039335664, 0, 0, 1.95240844845392e-05, 1.03612183371715e-05, 0, 0
2019-07-22T14:31:19:  0, 0, -8.21114738643524e-25, -6.53010610330309e-07, 226.756150899946, 0, 0, 1.03612183371715e-05, 6.63608412140202e-06, 0, 0
2019-07-22T14:31:19:  0, 0, 0, 0, 0, 0, 0, 0, 0, 0, 0
2019-07-22T14:31:19:  0, 0, 0, 0, 0, 0, 0, 0, 0, 0, 0
2019-07-22T14:31:19: 
2019-07-22T14:31:19: +===============================+
2019-07-22T14:31:19: | Prepare butterfly computation |
2019-07-22T14:31:19: +===============================+
2019-07-22T14:31:19:  Confidence level ..........: 0.68
2019-07-22T14:31:19:  Corresponding scaling .....: 0.994458
2019-07-22T14:31:19: 
2019-07-22T14:31:19: +====================+
2019-07-22T14:31:19: | Generate butterfly |
2019-07-22T14:31:19: +====================+
2019-07-22T14:31:19: 
2019-07-22T14:31:19: +=========+
2019-07-22T14:31:19: | Results |
2019-07-22T14:31:19: +=========+
2019-07-22T14:31:19:  Intensity at 112606.251051226 MeV : 2.36377802134239e-16 (2.32366376505503e-16, 2.40389227762976e-16) ph/cm2/s/MeV
2019-07-22T14:31:19:  Intensity at 142786.615593472 MeV : 1.47079111761305e-16 (1.44815585473467e-16, 1.49342638049142e-16) ph/cm2/s/MeV
2019-07-22T14:31:19:  Intensity at 181055.824186555 MeV : 9.1501432317518e-17 (9.02316905441908e-17, 9.27711740908453e-17) ph/cm2/s/MeV
2019-07-22T14:31:19:  Intensity at 229581.822747338 MeV : 5.6914025464223e-17 (5.62052792119871e-17, 5.76227717164588e-17) ph/cm2/s/MeV
2019-07-22T14:31:19:  Intensity at 291113.603071291 MeV : 3.53917731979739e-17 (3.49972115254171e-17, 3.57863348705307e-17) ph/cm2/s/MeV
2019-07-22T14:31:19:  Intensity at 369136.932876502 MeV : 2.20012773696329e-17 (2.17811907385516e-17, 2.22213640007141e-17) ph/cm2/s/MeV
2019-07-22T14:31:19:  Intensity at 468071.824112259 MeV : 1.36715951226637e-17 (1.35476138551836e-17, 1.37955763901438e-17) ph/cm2/s/MeV
2019-07-22T14:31:19:  Intensity at 593522.926087366 MeV : 8.49120817928685e-18 (8.41988129697201e-18, 8.56253506160169e-18) ph/cm2/s/MeV
2019-07-22T14:31:19:  Intensity at 752597.028157849 MeV : 5.27035133079119e-18 (5.22795148351257e-18, 5.3127511780698e-18) ph/cm2/s/MeV
2019-07-22T14:31:19:  Intensity at 954305.65846188 MeV : 3.26854387830236e-18 (3.2423324793645e-18, 3.29475527724021e-18) ph/cm2/s/MeV
2019-07-22T14:31:19:  Intensity at 1210075.58587031 MeV : 2.02496962363919e-18 (2.00817329407612e-18, 2.04176595320227e-18) ph/cm2/s/MeV
2019-07-22T14:31:19:  Intensity at 1534396.14502492 MeV : 1.25288551855167e-18 (1.24185274576845e-18, 1.26391829133489e-18) ph/cm2/s/MeV
2019-07-22T14:31:19:  Intensity at 1945640.05534746 MeV : 7.73891055393698e-19 (7.66559522862448e-19, 7.81222587924947e-19) ph/cm2/s/MeV
2019-07-22T14:31:19:  Intensity at 2467104.23331454 MeV : 4.77012394703806e-19 (4.72136065597755e-19, 4.81888723809857e-19) ph/cm2/s/MeV
2019-07-22T14:31:19:  Intensity at 3128329.55988436 MeV : 2.93234253035006e-19 (2.9001110128651e-19, 2.96457404783502e-19) ph/cm2/s/MeV
2019-07-22T14:31:19:  Intensity at 3966774.36773649 MeV : 1.79648149174874e-19 (1.77539550083006e-19, 1.81756748266742e-19) ph/cm2/s/MeV
2019-07-22T14:31:19:  Intensity at 5029936.45116879 MeV : 1.09586725459242e-19 (1.08223543850361e-19, 1.10949907068122e-19) ph/cm2/s/MeV
2019-07-22T14:31:19:  Intensity at 6378043.81024912 MeV : 6.64841857040938e-20 (6.5612417751168e-20, 6.73559536570196e-20) ph/cm2/s/MeV
2019-07-22T14:31:19:  Intensity at 8087466.55954362 MeV : 4.00559902637169e-20 (3.95019838817056e-20, 4.06099966457282e-20) ph/cm2/s/MeV
2019-07-22T14:31:19:  Intensity at 10255043.285628 MeV : 2.39220410863407e-20 (2.35688112575342e-20, 2.42752709151473e-20) ph/cm2/s/MeV
2019-07-22T14:31:19:  Intensity at 13003566.9409974 MeV : 1.41282134222869e-20 (1.38989186588401e-20, 1.43575081857336e-20) ph/cm2/s/MeV
2019-07-22T14:31:19:  Intensity at 16488741.0495845 MeV : 8.22691193858572e-21 (8.07316647128777e-21, 8.38065740588367e-21) ph/cm2/s/MeV
2019-07-22T14:31:19:  Intensity at 20908000.2920645 MeV : 4.70545442908026e-21 (4.59859694321152e-21, 4.81231191494899e-21) ph/cm2/s/MeV
2019-07-22T14:31:19:  Intensity at 26511695.1560098 MeV : 2.63084303951452e-21 (2.5548683699155e-21, 2.70681770911354e-21) ph/cm2/s/MeV
2019-07-22T14:31:19:  Intensity at 33617274.2599379 MeV : 1.42912842879391e-21 (1.37513843520878e-21, 1.48311842237904e-21) ph/cm2/s/MeV
2019-07-22T14:31:19:  Intensity at 42627267.7781488 MeV : 7.48472338191362e-22 (7.11010970964419e-22, 7.85933705418305e-22) ph/cm2/s/MeV
2019-07-22T14:31:19:  Intensity at 54052090.7251378 MeV : 3.74243710925203e-22 (3.49363359917882e-22, 3.99124061932525e-22) ph/cm2/s/MeV
2019-07-22T14:31:19:  Intensity at 68538957.9028144 MeV : 1.76446680279026e-22 (1.6090534415512e-22, 1.91988016402933e-22) ph/cm2/s/MeV
2019-07-22T14:31:19:  Intensity at 86908548.5386981 MeV : 7.7217007958405e-23 (6.82488751758615e-23, 8.61851407409485e-23) ph/cm2/s/MeV
2019-07-22T14:31:19:  Intensity at 110201497.662297 MeV : 3.07453933469778e-23 (2.60618083185663e-23, 3.54289783753893e-23) ph/cm2/s/MeV
2019-07-22T14:31:19:  Intensity at 139737347.950364 MeV : 1.08596886687964e-23 (8.70094620355096e-24, 1.30184311340419e-23) ph/cm2/s/MeV
2019-07-22T14:31:19:  Intensity at 177189301.655759 MeV : 3.29518713619926e-24 (2.44436050946512e-24, 4.1460137629334e-24) ph/cm2/s/MeV
2019-07-22T14:31:19: 
2019-07-22T14:31:19: +========================+
2019-07-22T14:31:19: | Save Butterfly diagram |
2019-07-22T14:31:19: +========================+
2019-07-22T14:31:19:  Butterfly file ............: /cta/carli/CPPM_Internship/Simulations_and_Analyses/minus_gradient_AEff_South_z40_50h/source1d/butterfly_binned.ascii
2019-07-22T14:31:19: 
2019-07-22T14:31:19: Application "ctbutterfly" terminated after 32 wall clock seconds, consuming 33.24 seconds of CPU time.
