2019-07-22T11:58:59: ********************************************************************************
2019-07-22T11:58:59: *                                   ctskymap                                   *
2019-07-22T11:58:59: * ---------------------------------------------------------------------------- *
2019-07-22T11:58:59: * Version: 1.6.0                                                               *
2019-07-22T11:58:59: ********************************************************************************
2019-07-22T11:58:59: +============+
2019-07-22T11:58:59: | Parameters |
2019-07-22T11:58:59: +============+
2019-07-22T11:58:59:  inobs .....................: /cta/carli/CPPM_Internship/Simulations_and_Analyses/minus_gradient_AEff_South_z40_50h/source1d/obs.fits
2019-07-22T11:58:59:  caldb .....................: prod3b-v2
2019-07-22T11:58:59:  irf .......................: minus_gradient_AEff_South_z40_50h
2019-07-22T11:58:59:  inmap .....................: NONE
2019-07-22T11:58:59:  outmap ....................: /cta/carli/CPPM_Internship/Simulations_and_Analyses/minus_gradient_AEff_South_z40_50h/source1d/skymap.fits
2019-07-22T11:58:59:  emin ......................: 0.1
2019-07-22T11:58:59:  emax ......................: 199.526229858398
2019-07-22T11:58:59:  usepnt ....................: yes
2019-07-22T11:58:59:  nxpix .....................: 80
2019-07-22T11:58:59:  nypix .....................: 80
2019-07-22T11:58:59:  binsz .....................: 0.02
2019-07-22T11:58:59:  coordsys ..................: CEL
2019-07-22T11:58:59:  proj ......................: CAR
2019-07-22T11:58:59:  xref ......................: [not queried]
2019-07-22T11:58:59:  yref ......................: [not queried]
2019-07-22T11:58:59:  bkgsubtract ...............: NONE
2019-07-22T11:58:59:  roiradius .................: [not queried]
2019-07-22T11:58:59:  inradius ..................: [not queried]
2019-07-22T11:58:59:  outradius .................: [not queried]
2019-07-22T11:58:59:  iterations ................: [not queried]
2019-07-22T11:58:59:  threshold .................: [not queried]
2019-07-22T11:58:59:  inexclusion ...............: NONE
2019-07-22T11:58:59:  usefft ....................: yes
2019-07-22T11:58:59:  publish ...................: no
2019-07-22T11:58:59:  chatter ...................: 4
2019-07-22T11:58:59:  clobber ...................: yes
2019-07-22T11:58:59:  debug .....................: no
2019-07-22T11:58:59:  mode ......................: ql
2019-07-22T11:58:59:  logfile ...................: ctskymap.log
2019-07-22T11:58:59: 
2019-07-22T11:58:59: +===================+
2019-07-22T11:58:59: | Input observation |
2019-07-22T11:58:59: +===================+
2019-07-22T11:58:59: === GObservations ===
2019-07-22T11:58:59:  Number of observations ....: 1
2019-07-22T11:58:59:  Number of models ..........: 0
2019-07-22T11:58:59:  Number of observed events .: 325528
2019-07-22T11:58:59:  Number of predicted events : 0
2019-07-22T11:58:59: === GCTAObservation ===
2019-07-22T11:58:59:  Name ......................: 
2019-07-22T11:58:59:  Identifier ................: 000001
2019-07-22T11:58:59:  Instrument ................: CTA
2019-07-22T11:58:59:  Event file ................: /cta/carli/CPPM_Internship/Simulations_and_Analyses/minus_gradient_AEff_South_z40_50h/source1d/obs.fits
2019-07-22T11:58:59:  Event type ................: EventList
2019-07-22T11:58:59:  Statistic .................: cstat
2019-07-22T11:58:59:  Ontime ....................: 144000 s
2019-07-22T11:58:59:  Livetime ..................: 141120 s
2019-07-22T11:58:59:  Deadtime correction .......: 0.98
2019-07-22T11:58:59:  User energy range .........: undefined
2019-07-22T11:58:59: === GCTAPointing ===
2019-07-22T11:58:59:  Pointing direction ........: (RA,Dec)=(84.1331,22.0145)
2019-07-22T11:58:59:  Response function .........: undefined
2019-07-22T11:58:59: === GCTAEventList ===
2019-07-22T11:58:59:  Number of events ..........: 325528 (disposed in "/cta/carli/CPPM_Internship/Simulations_and_Analyses/minus_gradient_AEff_South_z40_50h/source1d/obs.fits")
2019-07-22T11:58:59:  Time interval .............: 51544.5 - 51546.1666666667 days
2019-07-22T11:58:59: === GEbounds ===
2019-07-22T11:58:59:  Number of intervals .......: 1
2019-07-22T11:58:59:  Energy range ..............: 100 GeV - 199.526229858398 TeV
2019-07-22T11:58:59: === GCTARoi ===
2019-07-22T11:58:59:  RoI centre ................: RA=84.1331, DEC=22.0145 [0,0]
2019-07-22T11:58:59:  RoI radius ................: 0.8 deg
2019-07-22T11:58:59: === GSkyRegions ===
2019-07-22T11:58:59:  Number of regions .........: 0
2019-07-22T11:58:59: === GModels ===
2019-07-22T11:58:59:  Number of models ..........: 0
2019-07-22T11:58:59:  Number of parameters ......: 0
2019-07-22T11:58:59: 
2019-07-22T11:58:59: +===========================+
2019-07-22T11:58:59: | Find unbinned observation |
2019-07-22T11:58:59: +===========================+
2019-07-22T11:58:59: === CTA observation (id=000001) ===
2019-07-22T11:58:59:  Including unbinned CTA observation
2019-07-22T11:58:59: 
2019-07-22T11:58:59: +===========================+
2019-07-22T11:58:59: | Fill map from observation |
2019-07-22T11:58:59: +===========================+
2019-07-22T11:59:00: === CTA observation (id=000001) ===
2019-07-22T11:59:00:  Events in list ............: 325528
2019-07-22T11:59:00:  Events in map .............: 325527
2019-07-22T11:59:00:  Events outside RoI ........: 1
2019-07-22T11:59:00:  Events outside map area ...: 0
2019-07-22T11:59:00:  Events outside energies ...: 0
2019-07-22T11:59:00: 
2019-07-22T11:59:00: +=========+
2019-07-22T11:59:00: | Sky map |
2019-07-22T11:59:00: +=========+
2019-07-22T11:59:00: === GSkyMap ===
2019-07-22T11:59:00:  Number of pixels ..........: 6400
2019-07-22T11:59:00:  X axis dimension ..........: 80
2019-07-22T11:59:00:  Y axis dimension ..........: 80
2019-07-22T11:59:00:  Number of maps ............: 1
2019-07-22T11:59:00:  Shape of maps .............: (1)
2019-07-22T11:59:00: === GWcsCAR ===
2019-07-22T11:59:00:  Number of axes ............: 2
2019-07-22T11:59:00:  Longitude axis ............: 0
2019-07-22T11:59:00:  Latitude axis .............: 1
2019-07-22T11:59:00:  Spectral axis .............: -1
2019-07-22T11:59:00:  Coodinate system ..........: EQU
2019-07-22T11:59:00:  Projection code ...........: CAR
2019-07-22T11:59:00:  Projection name ...........: plate carree
2019-07-22T11:59:00:  Radius of the gen. sphere .: 57.2957795130823 deg
2019-07-22T11:59:00:  Reference coordinate ......: (84.1331, 22.0145)
2019-07-22T11:59:00:  Reference pixel ...........: (40.5, 40.5)
2019-07-22T11:59:00:  Increment at reference ....: (-0.02, 0.02)
2019-07-22T11:59:00:  (Phi_0, Theta_0) ..........: (0, 0) deg
2019-07-22T11:59:00:  (Phi_p, Theta_p) ..........: (0, 67.9855) deg
2019-07-22T11:59:00:  LATPOLE keyword usage .....: Required to select between two valid solutions of Theta_p.
2019-07-22T11:59:00:  Reference vector (m_ref) ..: (84.1331, 22.0145, 0, 67.9855) deg
2019-07-22T11:59:00:  Euler angles ..............: (264.1331 deg, 22.0145 deg, 0 deg, 0.927089022159083, 0.374841226377402)
2019-07-22T11:59:00:  Latitude preserved ........: False
2019-07-22T11:59:00:  Unity PC matrix ...........: True
2019-07-22T11:59:00:  Pixel-to-image trafo ......: ()
2019-07-22T11:59:00:  Image-to-pixel trafo ......: ()
2019-07-22T11:59:00:  Strict bounds checking ....: True
2019-07-22T11:59:00:  Use fiducial offset .......: False
2019-07-22T11:59:00:  Fiducial offset ...........: (0, 0)
2019-07-22T11:59:00:  Rest frequency ............: UNDEFINED
2019-07-22T11:59:00:  Rest wavelength ...........: UNDEFINED
2019-07-22T11:59:00: 
2019-07-22T11:59:00: +==============+
2019-07-22T11:59:00: | Compute maps |
2019-07-22T11:59:00: +==============+
2019-07-22T11:59:00: 
2019-07-22T11:59:00: +==============+
2019-07-22T11:59:00: | Save sky map |
2019-07-22T11:59:00: +==============+
2019-07-22T11:59:00:  Sky map file ..............: /cta/carli/CPPM_Internship/Simulations_and_Analyses/minus_gradient_AEff_South_z40_50h/source1d/skymap.fits
2019-07-22T11:59:00: 
2019-07-22T11:59:00: Application "ctskymap" terminated after 1 wall clock seconds, consuming 0.92 seconds of CPU time.
