2019-07-25T14:09:51: ********************************************************************************
2019-07-25T14:09:51: *                                    cterror                                   *
2019-07-25T14:09:51: * ---------------------------------------------------------------------------- *
2019-07-25T14:09:51: * Version: 1.6.0                                                               *
2019-07-25T14:09:51: ********************************************************************************
2019-07-25T14:09:52: +============+
2019-07-25T14:09:52: | Parameters |
2019-07-25T14:09:52: +============+
2019-07-25T14:09:52:  inobs .....................: /cta/carli/CPPM_Internship/Simulations_and_Analyses/plus_constant_AEff_South_z40_50h/source3b/obs_cube.fits
2019-07-25T14:09:52:  inmodel ...................: /cta/carli/CPPM_Internship/Simulations_and_Analyses/plus_constant_AEff_South_z40_50h/source3b/obsmodel_binned.xml
2019-07-25T14:09:52:  srcname ...................: source3b
2019-07-25T14:09:52:  expcube ...................: /cta/carli/CPPM_Internship/Simulations_and_Analyses/plus_constant_AEff_South_z40_50h/source3b/exposure_cube.fits
2019-07-25T14:09:52:  psfcube ...................: /cta/carli/CPPM_Internship/Simulations_and_Analyses/plus_constant_AEff_South_z40_50h/source3b/PSF_cube.fits
2019-07-25T14:09:52:  edispcube .................: /cta/carli/CPPM_Internship/Simulations_and_Analyses/plus_constant_AEff_South_z40_50h/source3b/edisp_cube.fits
2019-07-25T14:09:52:  bkgcube ...................: /cta/carli/CPPM_Internship/Simulations_and_Analyses/plus_constant_AEff_South_z40_50h/source3b/background_cube.fits
2019-07-25T14:09:52:  caldb .....................: prod3b-v2
2019-07-25T14:09:52:  irf .......................: plus_constant_AEff_South_z40_50h
2019-07-25T14:09:52:  edisp .....................: yes
2019-07-25T14:09:52:  outmodel ..................: 
2019-07-25T14:09:52:  confidence ................: 0.68
2019-07-25T14:09:52:  tol .......................: 1e-3
2019-07-25T14:09:52:  statistic .................: DEFAULT
2019-07-25T14:09:52:  like_accuracy .............: 0.005
2019-07-25T14:09:52:  max_iter ..................: 50
2019-07-25T14:09:52:  nthreads ..................: 0
2019-07-25T14:09:52:  chatter ...................: 4
2019-07-25T14:09:52:  clobber ...................: yes
2019-07-25T14:09:52:  debug .....................: no
2019-07-25T14:09:52:  mode ......................: ql
2019-07-25T14:09:52:  logfile ...................: cterror68.log
2019-07-25T14:09:52: 
2019-07-25T14:09:52: +===================+
2019-07-25T14:09:52: | Input observation |
2019-07-25T14:09:52: +===================+
2019-07-25T14:09:52: === GObservations ===
2019-07-25T14:09:52:  Number of observations ....: 1
2019-07-25T14:09:52:  Number of models ..........: 2
2019-07-25T14:09:52:  Number of observed events .: 315641
2019-07-25T14:09:52:  Number of predicted events : 0
2019-07-25T14:09:52: === GCTAObservation ===
2019-07-25T14:09:52:  Name ......................: 
2019-07-25T14:09:52:  Identifier ................: 000001
2019-07-25T14:09:52:  Instrument ................: CTA
2019-07-25T14:09:52:  Event file ................: /cta/carli/CPPM_Internship/Simulations_and_Analyses/plus_constant_AEff_South_z40_50h/source3b/obs_cube.fits
2019-07-25T14:09:52:  Event type ................: CountsCube
2019-07-25T14:09:52:  Statistic .................: cstat
2019-07-25T14:09:52:  Ontime ....................: 144000 s
2019-07-25T14:09:52:  Livetime ..................: 141120 s
2019-07-25T14:09:52:  Deadtime correction .......: 0.98
2019-07-25T14:09:52:  User energy range .........: undefined
2019-07-25T14:09:52: === GCTAPointing ===
2019-07-25T14:09:52:  Pointing direction ........: (RA,Dec)=(84.1331,22.0145)
2019-07-25T14:09:52: === GCTAResponseCube ===
2019-07-25T14:09:52:  Energy dispersion .........: Used
2019-07-25T14:09:52: === GCTACubeExposure ===
2019-07-25T14:09:52:  Filename ..................: /cta/carli/CPPM_Internship/Simulations_and_Analyses/plus_constant_AEff_South_z40_50h/source3b/exposure_cube.fits
2019-07-25T14:09:52:  Livetime ..................: 141120 sec
2019-07-25T14:09:52: === GEnergies ===
2019-07-25T14:09:52:  Number of energies ........: 33
2019-07-25T14:09:52: === GGti ===
2019-07-25T14:09:52:  Number of intervals .......: 1
2019-07-25T14:09:52:  Ontime ....................: 144000 sec
2019-07-25T14:09:52:  Elapsed time ..............: 144000 sec
2019-07-25T14:09:52:  MJD range .................: 51544.5 - 51546.1666666667 s (TT)
2019-07-25T14:09:52:  UTC range .................: 2000-01-01T11:58:56 - 2000-01-03T03:58:56 s (TT)
2019-07-25T14:09:52:  Reference MJD .............: 51544.5
2019-07-25T14:09:52: === GSkyMap ===
2019-07-25T14:09:52:  Number of pixels ..........: 6400
2019-07-25T14:09:52:  X axis dimension ..........: 80
2019-07-25T14:09:52:  Y axis dimension ..........: 80
2019-07-25T14:09:52:  Number of maps ............: 33
2019-07-25T14:09:52:  Shape of maps .............: (33)
2019-07-25T14:09:52: === GCTACubePsf ===
2019-07-25T14:09:52:  Filename ..................: /cta/carli/CPPM_Internship/Simulations_and_Analyses/plus_constant_AEff_South_z40_50h/source3b/PSF_cube.fits
2019-07-25T14:09:52: === GEnergies ===
2019-07-25T14:09:52:  Number of energies ........: 33
2019-07-25T14:09:52:  Number of delta bins ......: 200
2019-07-25T14:09:52:  Delta range ...............: 1.875e-06 - 0.298501875 deg
2019-07-25T14:09:52: === GSkyMap ===
2019-07-25T14:09:52:  Number of pixels ..........: 1
2019-07-25T14:09:52:  X axis dimension ..........: 1
2019-07-25T14:09:52:  Y axis dimension ..........: 1
2019-07-25T14:09:52:  Number of maps ............: 6600
2019-07-25T14:09:52:  Shape of maps .............: (200, 33)
2019-07-25T14:09:52: === GCTACubeEdisp ===
2019-07-25T14:09:52:  Filename ..................: /cta/carli/CPPM_Internship/Simulations_and_Analyses/plus_constant_AEff_South_z40_50h/source3b/edisp_cube.fits
2019-07-25T14:09:52: === GEnergies ===
2019-07-25T14:09:52:  Number of energies ........: 33
2019-07-25T14:09:52:  Number of migra bins ......: 100
2019-07-25T14:09:52:  Migra range ...............: 0.02 - 2
2019-07-25T14:09:52: === GSkyMap ===
2019-07-25T14:09:52:  Number of pixels ..........: 1
2019-07-25T14:09:52:  X axis dimension ..........: 1
2019-07-25T14:09:52:  Y axis dimension ..........: 1
2019-07-25T14:09:52:  Number of maps ............: 3300
2019-07-25T14:09:52:  Shape of maps .............: (100, 33)
2019-07-25T14:09:52: === GCTACubeBackground ===
2019-07-25T14:09:52:  Filename ..................: /cta/carli/CPPM_Internship/Simulations_and_Analyses/plus_constant_AEff_South_z40_50h/source3b/background_cube.fits
2019-07-25T14:09:52: === GEbounds ===
2019-07-25T14:09:52:  Number of intervals .......: 32
2019-07-25T14:09:52:  Energy range ..............: 100 GeV - 199.526229858398 TeV
2019-07-25T14:09:52: === GSkyMap ===
2019-07-25T14:09:52:  Number of pixels ..........: 6400
2019-07-25T14:09:52:  X axis dimension ..........: 80
2019-07-25T14:09:52:  Y axis dimension ..........: 80
2019-07-25T14:09:52:  Number of maps ............: 32
2019-07-25T14:09:52:  Shape of maps .............: (32)
2019-07-25T14:09:52: === GCTAResponseCache ===
2019-07-25T14:09:52:  Number of cached values ...: 0
2019-07-25T14:09:52: === GCTAEventCube ===
2019-07-25T14:09:52:  Number of events ..........: 315641
2019-07-25T14:09:52:  Number of elements ........: 204800
2019-07-25T14:09:52:  Number of pixels ..........: 6400
2019-07-25T14:09:52:  Number of energy bins .....: 32
2019-07-25T14:09:52:  Time interval .............: 51544.5 - 51546.1666666667 days
2019-07-25T14:09:52:  Pointing ..................: (RA,Dec)=(84.1331,22.0145)
2019-07-25T14:09:52: === GEbounds ===
2019-07-25T14:09:52:  Number of intervals .......: 32
2019-07-25T14:09:52:  Energy range ..............: 100 GeV - 199.526229858398 TeV
2019-07-25T14:09:52: === GSkyMap ===
2019-07-25T14:09:52:  Number of pixels ..........: 6400
2019-07-25T14:09:52:  X axis dimension ..........: 80
2019-07-25T14:09:52:  Y axis dimension ..........: 80
2019-07-25T14:09:52:  Number of maps ............: 32
2019-07-25T14:09:52:  Shape of maps .............: (32)
2019-07-25T14:09:52: === GSkyRegions ===
2019-07-25T14:09:52:  Number of regions .........: 0
2019-07-25T14:09:52: === GModels ===
2019-07-25T14:09:52:  Number of models ..........: 2
2019-07-25T14:09:52:  Number of parameters ......: 11
2019-07-25T14:09:52: === GModelSky ===
2019-07-25T14:09:52:  Name ......................: source3b
2019-07-25T14:09:52:  Instruments ...............: all
2019-07-25T14:09:52:  Test Statistic ............: 45200.834
2019-07-25T14:09:52:  Observation identifiers ...: all
2019-07-25T14:09:52:  Model type ................: PointSource
2019-07-25T14:09:52:  Model components ..........: "PointSource" * "ExponentialCutoffPowerLaw" * "Constant"
2019-07-25T14:09:52:  Number of parameters ......: 7
2019-07-25T14:09:52:  Number of spatial par's ...: 2
2019-07-25T14:09:52:   RA .......................: 83.6331 [-360,360] deg (fixed,scale=1)
2019-07-25T14:09:52:   DEC ......................: 22.0145 [-90,90] deg (fixed,scale=1)
2019-07-25T14:09:52:  Number of spectral par's ..: 4
2019-07-25T14:09:52:   Prefactor ................: 1.502246572381e-18 [1e-25,1e-15] ph/cm2/s/MeV (fixed,scale=1e-18,gradient)
2019-07-25T14:09:52:   Index ....................: -2.01036321995658 [-0,-5]  (fixed,scale=-1,gradient)
2019-07-25T14:09:52:   CutoffEnergy .............: 2291643909.88364 +/- 6188868983.42368 [1000000,100000000000] MeV (free,scale=100000000,gradient)
2019-07-25T14:09:52:   PivotEnergy ..............: 1000000 [10000,1000000000] MeV (fixed,scale=1000000,gradient)
2019-07-25T14:09:52:  Number of temporal par's ..: 1
2019-07-25T14:09:52:   Normalization ............: 1 (relative value) (fixed,scale=1,gradient)
2019-07-25T14:09:52:  Number of scale par's .....: 0
2019-07-25T14:09:52: === GCTAModelCubeBackground ===
2019-07-25T14:09:52:  Name ......................: BackgroundModel
2019-07-25T14:09:52:  Instruments ...............: CTA, HESS, MAGIC, VERITAS
2019-07-25T14:09:52:  Observation identifiers ...: all
2019-07-25T14:09:52:  Model type ................: "PowerLaw" * "Constant"
2019-07-25T14:09:52:  Number of parameters ......: 4
2019-07-25T14:09:52:  Number of spectral par's ..: 3
2019-07-25T14:09:52:   Prefactor ................: 0.992582157885681 [0.01,100] ph/cm2/s/MeV (fixed,scale=1,gradient)
2019-07-25T14:09:52:   Index ....................: -0.00376962627022687 [-5,5]  (fixed,scale=1,gradient)
2019-07-25T14:09:52:   PivotEnergy ..............: 1000000 MeV (fixed,scale=1000000,gradient)
2019-07-25T14:09:52:  Number of temporal par's ..: 1
2019-07-25T14:09:52:   Normalization ............: 1 (relative value) (fixed,scale=1,gradient)
2019-07-25T14:09:52: 
2019-07-25T14:09:52: +=============================+
2019-07-25T14:09:52: | Compute best-fit likelihood |
2019-07-25T14:09:52: +=============================+
2019-07-25T14:11:18: === GOptimizerLM ===
2019-07-25T14:11:18:  Optimized function value ..: -321535.618
2019-07-25T14:11:18:  Absolute precision ........: 0.005
2019-07-25T14:11:18:  Acceptable value decrease .: 2
2019-07-25T14:11:18:  Optimization status .......: converged
2019-07-25T14:11:18:  Number of parameters ......: 11
2019-07-25T14:11:18:  Number of free parameters .: 1
2019-07-25T14:11:18:  Number of iterations ......: 1
2019-07-25T14:11:18:  Lambda ....................: 0.0001
2019-07-25T14:11:18:  Maximum log likelihood ....: -321535.618
2019-07-25T14:11:18: === GModels ===
2019-07-25T14:11:18:  Number of models ..........: 2
2019-07-25T14:11:18:  Number of parameters ......: 11
2019-07-25T14:11:18: === GModelSky ===
2019-07-25T14:11:18:  Name ......................: source3b
2019-07-25T14:11:18:  Instruments ...............: all
2019-07-25T14:11:18:  Test Statistic ............: 45200.834
2019-07-25T14:11:18:  Observation identifiers ...: all
2019-07-25T14:11:18:  Model type ................: PointSource
2019-07-25T14:11:18:  Model components ..........: "PointSource" * "ExponentialCutoffPowerLaw" * "Constant"
2019-07-25T14:11:18:  Number of parameters ......: 7
2019-07-25T14:11:18:  Number of spatial par's ...: 2
2019-07-25T14:11:18:   RA .......................: 83.6331 [-360,360] deg (fixed,scale=1)
2019-07-25T14:11:18:   DEC ......................: 22.0145 [-90,90] deg (fixed,scale=1)
2019-07-25T14:11:18:  Number of spectral par's ..: 4
2019-07-25T14:11:18:   Prefactor ................: 1.502246572381e-18 [1e-25,1e-15] ph/cm2/s/MeV (fixed,scale=1e-18,gradient)
2019-07-25T14:11:18:   Index ....................: -2.01036321995658 [-0,-5]  (fixed,scale=-1,gradient)
2019-07-25T14:11:18:   CutoffEnergy .............: 2309702425.46497 +/- 4430667679.48581 [1000000,100000000000] MeV (free,scale=100000000,gradient)
2019-07-25T14:11:18:   PivotEnergy ..............: 1000000 [10000,1000000000] MeV (fixed,scale=1000000,gradient)
2019-07-25T14:11:18:  Number of temporal par's ..: 1
2019-07-25T14:11:18:   Normalization ............: 1 (relative value) (fixed,scale=1,gradient)
2019-07-25T14:11:18:  Number of scale par's .....: 0
2019-07-25T14:11:18: === GCTAModelCubeBackground ===
2019-07-25T14:11:18:  Name ......................: BackgroundModel
2019-07-25T14:11:18:  Instruments ...............: CTA, HESS, MAGIC, VERITAS
2019-07-25T14:11:18:  Observation identifiers ...: all
2019-07-25T14:11:18:  Model type ................: "PowerLaw" * "Constant"
2019-07-25T14:11:18:  Number of parameters ......: 4
2019-07-25T14:11:18:  Number of spectral par's ..: 3
2019-07-25T14:11:18:   Prefactor ................: 0.992582157885681 [0.01,100] ph/cm2/s/MeV (fixed,scale=1,gradient)
2019-07-25T14:11:18:   Index ....................: -0.00376962627022687 [-5,5]  (fixed,scale=1,gradient)
2019-07-25T14:11:18:   PivotEnergy ..............: 1000000 MeV (fixed,scale=1000000,gradient)
2019-07-25T14:11:18:  Number of temporal par's ..: 1
2019-07-25T14:11:18:   Normalization ............: 1 (relative value) (fixed,scale=1,gradient)
2019-07-25T14:11:18: 
2019-07-25T14:11:18: +==============================================================+
2019-07-25T14:11:18: | Compute error for source "source3b" parameter "CutoffEnergy" |
2019-07-25T14:11:18: +==============================================================+
2019-07-25T14:11:18:  Confidence level ..........: 68 %
2019-07-25T14:11:18:  Log-likelihood difference .: 0.494473
2019-07-25T14:11:18:  Initial factor range ......: [0.01, 466.163792203231]
2019-07-25T14:11:27:    Iteration 1 .............: [0.01, 23.0970242546497]
2019-07-25T14:11:37:    Iteration 2 .............: [0.01, 11.5535121273249]
2019-07-25T14:11:46:    Iteration 3 .............: [5.78175606366243, 11.5535121273249]
2019-07-25T14:11:56:    Iteration 4 .............: [5.78175606366243, 8.66763409549364]
2019-07-25T14:12:05:    Iteration 5 .............: [7.22469507957804, 8.66763409549364]
2019-07-25T14:12:15:    Iteration 6 .............: [7.22469507957804, 7.94616458753584]
2019-07-25T14:12:24:    Iteration 7 .............: [7.58542983355694, 7.94616458753584]
2019-07-25T14:12:34:    Iteration 8 .............: [7.76579721054639, 7.94616458753584]
2019-07-25T14:12:43:    Iteration 9 .............: [7.85598089904111, 7.94616458753584]
2019-07-25T14:12:53:    Iteration 1 .............: [23.0970242546497, 466.163792203231]
2019-07-25T14:13:02:    Iteration 2 .............: [244.63040822894, 466.163792203231]
2019-07-25T14:13:12:    Iteration 3 .............: [355.397100216086, 466.163792203231]
2019-07-25T14:13:21:    Iteration 4 .............: [410.780446209658, 466.163792203231]
2019-07-25T14:13:31:    Iteration 5 .............: [438.472119206445, 466.163792203231]
2019-07-25T14:13:41:    Iteration 6 .............: [452.317955704838, 466.163792203231]
2019-07-25T14:13:51:    Iteration 7 .............: [459.240873954034, 466.163792203231]
2019-07-25T14:14:01:    Iteration 8 .............: [462.702333078633, 466.163792203231]
2019-07-25T14:14:12:    Iteration 9 .............: [464.433062640932, 466.163792203231]
2019-07-25T14:14:22:    Iteration 10 ............: [465.298427422081, 466.163792203231]
2019-07-25T14:14:31:    Iteration 11 ............: [465.731109812656, 466.163792203231]
2019-07-25T14:14:41:    Iteration 12 ............: [465.947451007943, 466.163792203231]
2019-07-25T14:14:51:    Iteration 13 ............: [466.055621605587, 466.163792203231]
2019-07-25T14:15:01:    Iteration 14 ............: [466.109706904409, 466.163792203231]
2019-07-25T14:15:10:    Iteration 15 ............: [466.13674955382, 466.163792203231]
2019-07-25T14:15:20:    Iteration 16 ............: [466.150270878525, 466.163792203231]
2019-07-25T14:15:30:    Iteration 17 ............: [466.157031540878, 466.163792203231]
2019-07-25T14:15:39:    Iteration 18 ............: [466.160411872055, 466.163792203231]
2019-07-25T14:15:49:    Iteration 19 ............: [466.162102037643, 466.163792203231]
2019-07-25T14:15:58:    Iteration 20 ............: [466.162947120437, 466.163792203231]
2019-07-25T14:16:08:    Iteration 21 ............: [466.163369661834, 466.163792203231]
2019-07-25T14:16:17:    Iteration 22 ............: [466.163580932532, 466.163792203231]
2019-07-25T14:16:27:    Iteration 23 ............: [466.163686567882, 466.163792203231]
2019-07-25T14:16:36:    Iteration 24 ............: [466.163739385556, 466.163792203231]
2019-07-25T14:16:46:    Iteration 25 ............: [466.163765794394, 466.163792203231]
2019-07-25T14:16:55:    Iteration 26 ............: [466.163778998812, 466.163792203231]
2019-07-25T14:17:05:    Iteration 27 ............: [466.163785601022, 466.163792203231]
2019-07-25T14:17:15:    Iteration 28 ............: [466.163788902126, 466.163792203231]
2019-07-25T14:17:24:    Iteration 29 ............: [466.163790552679, 466.163792203231]
2019-07-25T14:17:34:    Iteration 30 ............: [466.163791377955, 466.163792203231]
2019-07-25T14:17:34:  Lower parameter factor ....: 7.90107
2019-07-25T14:17:34:  Upper parameter factor ....: 466.164
2019-07-25T14:17:34:  Error from curvature ......: 4430667679.48581 MeV
2019-07-25T14:17:34:  Error from profile ........: 22913135952.3652 MeV
2019-07-25T14:17:34:  Negative profile error ....: 1519595151.13612 MeV
2019-07-25T14:17:34:  Positive profile error ....: 44306676753.5943 MeV
2019-07-25T14:17:34: 
2019-07-25T14:17:34: +==============+
2019-07-25T14:17:34: | Save results |
2019-07-25T14:17:34: +==============+
2019-07-25T14:17:34:  Model definition file .....: NONE
2019-07-25T14:17:34: 
2019-07-25T14:17:34: Application "cterror" terminated after 464 wall clock seconds, consuming 622.28 seconds of CPU time.
