2019-07-25T14:17:35: ********************************************************************************
2019-07-25T14:17:35: *                                    cterror                                   *
2019-07-25T14:17:35: * ---------------------------------------------------------------------------- *
2019-07-25T14:17:35: * Version: 1.6.0                                                               *
2019-07-25T14:17:35: ********************************************************************************
2019-07-25T14:17:35: +============+
2019-07-25T14:17:35: | Parameters |
2019-07-25T14:17:35: +============+
2019-07-25T14:17:35:  inobs .....................: /cta/carli/CPPM_Internship/Simulations_and_Analyses/plus_constant_AEff_South_z40_50h/source3b/obs_cube.fits
2019-07-25T14:17:35:  inmodel ...................: /cta/carli/CPPM_Internship/Simulations_and_Analyses/plus_constant_AEff_South_z40_50h/source3b/obsmodel_binned.xml
2019-07-25T14:17:35:  srcname ...................: source3b
2019-07-25T14:17:35:  expcube ...................: /cta/carli/CPPM_Internship/Simulations_and_Analyses/plus_constant_AEff_South_z40_50h/source3b/exposure_cube.fits
2019-07-25T14:17:35:  psfcube ...................: /cta/carli/CPPM_Internship/Simulations_and_Analyses/plus_constant_AEff_South_z40_50h/source3b/PSF_cube.fits
2019-07-25T14:17:35:  edispcube .................: /cta/carli/CPPM_Internship/Simulations_and_Analyses/plus_constant_AEff_South_z40_50h/source3b/edisp_cube.fits
2019-07-25T14:17:35:  bkgcube ...................: /cta/carli/CPPM_Internship/Simulations_and_Analyses/plus_constant_AEff_South_z40_50h/source3b/background_cube.fits
2019-07-25T14:17:35:  caldb .....................: prod3b-v2
2019-07-25T14:17:35:  irf .......................: plus_constant_AEff_South_z40_50h
2019-07-25T14:17:35:  edisp .....................: yes
2019-07-25T14:17:35:  outmodel ..................: 
2019-07-25T14:17:35:  confidence ................: 0.95
2019-07-25T14:17:35:  tol .......................: 1e-3
2019-07-25T14:17:35:  statistic .................: DEFAULT
2019-07-25T14:17:35:  like_accuracy .............: 0.005
2019-07-25T14:17:35:  max_iter ..................: 50
2019-07-25T14:17:35:  nthreads ..................: 0
2019-07-25T14:17:35:  chatter ...................: 4
2019-07-25T14:17:35:  clobber ...................: yes
2019-07-25T14:17:35:  debug .....................: no
2019-07-25T14:17:35:  mode ......................: ql
2019-07-25T14:17:35:  logfile ...................: cterror95.log
2019-07-25T14:17:35: 
2019-07-25T14:17:35: +===================+
2019-07-25T14:17:35: | Input observation |
2019-07-25T14:17:35: +===================+
2019-07-25T14:17:35: === GObservations ===
2019-07-25T14:17:35:  Number of observations ....: 1
2019-07-25T14:17:35:  Number of models ..........: 2
2019-07-25T14:17:35:  Number of observed events .: 315641
2019-07-25T14:17:35:  Number of predicted events : 0
2019-07-25T14:17:35: === GCTAObservation ===
2019-07-25T14:17:35:  Name ......................: 
2019-07-25T14:17:35:  Identifier ................: 000001
2019-07-25T14:17:35:  Instrument ................: CTA
2019-07-25T14:17:35:  Event file ................: /cta/carli/CPPM_Internship/Simulations_and_Analyses/plus_constant_AEff_South_z40_50h/source3b/obs_cube.fits
2019-07-25T14:17:35:  Event type ................: CountsCube
2019-07-25T14:17:35:  Statistic .................: cstat
2019-07-25T14:17:35:  Ontime ....................: 144000 s
2019-07-25T14:17:35:  Livetime ..................: 141120 s
2019-07-25T14:17:35:  Deadtime correction .......: 0.98
2019-07-25T14:17:35:  User energy range .........: undefined
2019-07-25T14:17:35: === GCTAPointing ===
2019-07-25T14:17:35:  Pointing direction ........: (RA,Dec)=(84.1331,22.0145)
2019-07-25T14:17:35: === GCTAResponseCube ===
2019-07-25T14:17:35:  Energy dispersion .........: Used
2019-07-25T14:17:35: === GCTACubeExposure ===
2019-07-25T14:17:35:  Filename ..................: /cta/carli/CPPM_Internship/Simulations_and_Analyses/plus_constant_AEff_South_z40_50h/source3b/exposure_cube.fits
2019-07-25T14:17:35:  Livetime ..................: 141120 sec
2019-07-25T14:17:35: === GEnergies ===
2019-07-25T14:17:35:  Number of energies ........: 33
2019-07-25T14:17:35: === GGti ===
2019-07-25T14:17:35:  Number of intervals .......: 1
2019-07-25T14:17:35:  Ontime ....................: 144000 sec
2019-07-25T14:17:35:  Elapsed time ..............: 144000 sec
2019-07-25T14:17:35:  MJD range .................: 51544.5 - 51546.1666666667 s (TT)
2019-07-25T14:17:35:  UTC range .................: 2000-01-01T11:58:56 - 2000-01-03T03:58:56 s (TT)
2019-07-25T14:17:35:  Reference MJD .............: 51544.5
2019-07-25T14:17:35: === GSkyMap ===
2019-07-25T14:17:35:  Number of pixels ..........: 6400
2019-07-25T14:17:35:  X axis dimension ..........: 80
2019-07-25T14:17:35:  Y axis dimension ..........: 80
2019-07-25T14:17:35:  Number of maps ............: 33
2019-07-25T14:17:35:  Shape of maps .............: (33)
2019-07-25T14:17:35: === GCTACubePsf ===
2019-07-25T14:17:35:  Filename ..................: /cta/carli/CPPM_Internship/Simulations_and_Analyses/plus_constant_AEff_South_z40_50h/source3b/PSF_cube.fits
2019-07-25T14:17:35: === GEnergies ===
2019-07-25T14:17:35:  Number of energies ........: 33
2019-07-25T14:17:35:  Number of delta bins ......: 200
2019-07-25T14:17:35:  Delta range ...............: 1.875e-06 - 0.298501875 deg
2019-07-25T14:17:35: === GSkyMap ===
2019-07-25T14:17:35:  Number of pixels ..........: 1
2019-07-25T14:17:35:  X axis dimension ..........: 1
2019-07-25T14:17:35:  Y axis dimension ..........: 1
2019-07-25T14:17:35:  Number of maps ............: 6600
2019-07-25T14:17:35:  Shape of maps .............: (200, 33)
2019-07-25T14:17:35: === GCTACubeEdisp ===
2019-07-25T14:17:35:  Filename ..................: /cta/carli/CPPM_Internship/Simulations_and_Analyses/plus_constant_AEff_South_z40_50h/source3b/edisp_cube.fits
2019-07-25T14:17:35: === GEnergies ===
2019-07-25T14:17:35:  Number of energies ........: 33
2019-07-25T14:17:35:  Number of migra bins ......: 100
2019-07-25T14:17:35:  Migra range ...............: 0.02 - 2
2019-07-25T14:17:35: === GSkyMap ===
2019-07-25T14:17:35:  Number of pixels ..........: 1
2019-07-25T14:17:35:  X axis dimension ..........: 1
2019-07-25T14:17:35:  Y axis dimension ..........: 1
2019-07-25T14:17:35:  Number of maps ............: 3300
2019-07-25T14:17:35:  Shape of maps .............: (100, 33)
2019-07-25T14:17:35: === GCTACubeBackground ===
2019-07-25T14:17:35:  Filename ..................: /cta/carli/CPPM_Internship/Simulations_and_Analyses/plus_constant_AEff_South_z40_50h/source3b/background_cube.fits
2019-07-25T14:17:35: === GEbounds ===
2019-07-25T14:17:35:  Number of intervals .......: 32
2019-07-25T14:17:35:  Energy range ..............: 100 GeV - 199.526229858398 TeV
2019-07-25T14:17:35: === GSkyMap ===
2019-07-25T14:17:35:  Number of pixels ..........: 6400
2019-07-25T14:17:35:  X axis dimension ..........: 80
2019-07-25T14:17:35:  Y axis dimension ..........: 80
2019-07-25T14:17:35:  Number of maps ............: 32
2019-07-25T14:17:35:  Shape of maps .............: (32)
2019-07-25T14:17:35: === GCTAResponseCache ===
2019-07-25T14:17:35:  Number of cached values ...: 0
2019-07-25T14:17:35: === GCTAEventCube ===
2019-07-25T14:17:35:  Number of events ..........: 315641
2019-07-25T14:17:35:  Number of elements ........: 204800
2019-07-25T14:17:35:  Number of pixels ..........: 6400
2019-07-25T14:17:35:  Number of energy bins .....: 32
2019-07-25T14:17:35:  Time interval .............: 51544.5 - 51546.1666666667 days
2019-07-25T14:17:35:  Pointing ..................: (RA,Dec)=(84.1331,22.0145)
2019-07-25T14:17:35: === GEbounds ===
2019-07-25T14:17:35:  Number of intervals .......: 32
2019-07-25T14:17:35:  Energy range ..............: 100 GeV - 199.526229858398 TeV
2019-07-25T14:17:35: === GSkyMap ===
2019-07-25T14:17:35:  Number of pixels ..........: 6400
2019-07-25T14:17:35:  X axis dimension ..........: 80
2019-07-25T14:17:35:  Y axis dimension ..........: 80
2019-07-25T14:17:35:  Number of maps ............: 32
2019-07-25T14:17:35:  Shape of maps .............: (32)
2019-07-25T14:17:35: === GSkyRegions ===
2019-07-25T14:17:35:  Number of regions .........: 0
2019-07-25T14:17:35: === GModels ===
2019-07-25T14:17:35:  Number of models ..........: 2
2019-07-25T14:17:35:  Number of parameters ......: 11
2019-07-25T14:17:35: === GModelSky ===
2019-07-25T14:17:35:  Name ......................: source3b
2019-07-25T14:17:35:  Instruments ...............: all
2019-07-25T14:17:35:  Test Statistic ............: 45200.834
2019-07-25T14:17:35:  Observation identifiers ...: all
2019-07-25T14:17:35:  Model type ................: PointSource
2019-07-25T14:17:35:  Model components ..........: "PointSource" * "ExponentialCutoffPowerLaw" * "Constant"
2019-07-25T14:17:35:  Number of parameters ......: 7
2019-07-25T14:17:35:  Number of spatial par's ...: 2
2019-07-25T14:17:35:   RA .......................: 83.6331 [-360,360] deg (fixed,scale=1)
2019-07-25T14:17:35:   DEC ......................: 22.0145 [-90,90] deg (fixed,scale=1)
2019-07-25T14:17:35:  Number of spectral par's ..: 4
2019-07-25T14:17:35:   Prefactor ................: 1.502246572381e-18 [1e-25,1e-15] ph/cm2/s/MeV (fixed,scale=1e-18,gradient)
2019-07-25T14:17:35:   Index ....................: -2.01036321995658 [-0,-5]  (fixed,scale=-1,gradient)
2019-07-25T14:17:35:   CutoffEnergy .............: 2291643909.88364 +/- 6188868983.42368 [1000000,100000000000] MeV (free,scale=100000000,gradient)
2019-07-25T14:17:35:   PivotEnergy ..............: 1000000 [10000,1000000000] MeV (fixed,scale=1000000,gradient)
2019-07-25T14:17:35:  Number of temporal par's ..: 1
2019-07-25T14:17:35:   Normalization ............: 1 (relative value) (fixed,scale=1,gradient)
2019-07-25T14:17:35:  Number of scale par's .....: 0
2019-07-25T14:17:35: === GCTAModelCubeBackground ===
2019-07-25T14:17:35:  Name ......................: BackgroundModel
2019-07-25T14:17:35:  Instruments ...............: CTA, HESS, MAGIC, VERITAS
2019-07-25T14:17:35:  Observation identifiers ...: all
2019-07-25T14:17:35:  Model type ................: "PowerLaw" * "Constant"
2019-07-25T14:17:35:  Number of parameters ......: 4
2019-07-25T14:17:35:  Number of spectral par's ..: 3
2019-07-25T14:17:35:   Prefactor ................: 0.992582157885681 [0.01,100] ph/cm2/s/MeV (fixed,scale=1,gradient)
2019-07-25T14:17:35:   Index ....................: -0.00376962627022687 [-5,5]  (fixed,scale=1,gradient)
2019-07-25T14:17:35:   PivotEnergy ..............: 1000000 MeV (fixed,scale=1000000,gradient)
2019-07-25T14:17:35:  Number of temporal par's ..: 1
2019-07-25T14:17:35:   Normalization ............: 1 (relative value) (fixed,scale=1,gradient)
2019-07-25T14:17:35: 
2019-07-25T14:17:35: +=============================+
2019-07-25T14:17:35: | Compute best-fit likelihood |
2019-07-25T14:17:35: +=============================+
2019-07-25T14:19:01: === GOptimizerLM ===
2019-07-25T14:19:01:  Optimized function value ..: -321535.618
2019-07-25T14:19:01:  Absolute precision ........: 0.005
2019-07-25T14:19:01:  Acceptable value decrease .: 2
2019-07-25T14:19:01:  Optimization status .......: converged
2019-07-25T14:19:01:  Number of parameters ......: 11
2019-07-25T14:19:01:  Number of free parameters .: 1
2019-07-25T14:19:01:  Number of iterations ......: 1
2019-07-25T14:19:01:  Lambda ....................: 0.0001
2019-07-25T14:19:01:  Maximum log likelihood ....: -321535.618
2019-07-25T14:19:01: === GModels ===
2019-07-25T14:19:01:  Number of models ..........: 2
2019-07-25T14:19:01:  Number of parameters ......: 11
2019-07-25T14:19:01: === GModelSky ===
2019-07-25T14:19:01:  Name ......................: source3b
2019-07-25T14:19:01:  Instruments ...............: all
2019-07-25T14:19:01:  Test Statistic ............: 45200.834
2019-07-25T14:19:01:  Observation identifiers ...: all
2019-07-25T14:19:01:  Model type ................: PointSource
2019-07-25T14:19:01:  Model components ..........: "PointSource" * "ExponentialCutoffPowerLaw" * "Constant"
2019-07-25T14:19:01:  Number of parameters ......: 7
2019-07-25T14:19:01:  Number of spatial par's ...: 2
2019-07-25T14:19:01:   RA .......................: 83.6331 [-360,360] deg (fixed,scale=1)
2019-07-25T14:19:01:   DEC ......................: 22.0145 [-90,90] deg (fixed,scale=1)
2019-07-25T14:19:01:  Number of spectral par's ..: 4
2019-07-25T14:19:01:   Prefactor ................: 1.502246572381e-18 [1e-25,1e-15] ph/cm2/s/MeV (fixed,scale=1e-18,gradient)
2019-07-25T14:19:01:   Index ....................: -2.01036321995658 [-0,-5]  (fixed,scale=-1,gradient)
2019-07-25T14:19:01:   CutoffEnergy .............: 2309702425.46497 +/- 4430667679.48581 [1000000,100000000000] MeV (free,scale=100000000,gradient)
2019-07-25T14:19:01:   PivotEnergy ..............: 1000000 [10000,1000000000] MeV (fixed,scale=1000000,gradient)
2019-07-25T14:19:01:  Number of temporal par's ..: 1
2019-07-25T14:19:01:   Normalization ............: 1 (relative value) (fixed,scale=1,gradient)
2019-07-25T14:19:01:  Number of scale par's .....: 0
2019-07-25T14:19:01: === GCTAModelCubeBackground ===
2019-07-25T14:19:01:  Name ......................: BackgroundModel
2019-07-25T14:19:01:  Instruments ...............: CTA, HESS, MAGIC, VERITAS
2019-07-25T14:19:01:  Observation identifiers ...: all
2019-07-25T14:19:01:  Model type ................: "PowerLaw" * "Constant"
2019-07-25T14:19:01:  Number of parameters ......: 4
2019-07-25T14:19:01:  Number of spectral par's ..: 3
2019-07-25T14:19:01:   Prefactor ................: 0.992582157885681 [0.01,100] ph/cm2/s/MeV (fixed,scale=1,gradient)
2019-07-25T14:19:01:   Index ....................: -0.00376962627022687 [-5,5]  (fixed,scale=1,gradient)
2019-07-25T14:19:01:   PivotEnergy ..............: 1000000 MeV (fixed,scale=1000000,gradient)
2019-07-25T14:19:01:  Number of temporal par's ..: 1
2019-07-25T14:19:01:   Normalization ............: 1 (relative value) (fixed,scale=1,gradient)
2019-07-25T14:19:01: 
2019-07-25T14:19:01: +==============================================================+
2019-07-25T14:19:01: | Compute error for source "source3b" parameter "CutoffEnergy" |
2019-07-25T14:19:01: +==============================================================+
2019-07-25T14:19:01:  Confidence level ..........: 95 %
2019-07-25T14:19:01:  Log-likelihood difference .: 1.92073
2019-07-25T14:19:01:  Initial factor range ......: [0.01, 466.163792203231]
2019-07-25T14:19:11:    Iteration 1 .............: [0.01, 23.0970242546497]
2019-07-25T14:19:20:    Iteration 2 .............: [0.01, 11.5535121273249]
2019-07-25T14:19:30:    Iteration 3 .............: [0.01, 5.78175606366243]
2019-07-25T14:19:40:    Iteration 4 .............: [2.89587803183121, 5.78175606366243]
2019-07-25T14:19:50:    Iteration 5 .............: [4.33881704774682, 5.78175606366243]
2019-07-25T14:20:00:    Iteration 6 .............: [4.33881704774682, 5.06028655570462]
2019-07-25T14:20:09:    Iteration 7 .............: [4.69955180172572, 5.06028655570462]
2019-07-25T14:20:19:    Iteration 8 .............: [4.69955180172572, 4.87991917871517]
2019-07-25T14:20:30:    Iteration 9 .............: [4.69955180172572, 4.78973549022045]
2019-07-25T14:20:40:    Iteration 10 ............: [4.74464364597308, 4.78973549022045]
2019-07-25T14:20:51:    Iteration 11 ............: [4.76718956809677, 4.78973549022045]
2019-07-25T14:21:01:    Iteration 1 .............: [23.0970242546497, 466.163792203231]
2019-07-25T14:21:11:    Iteration 2 .............: [244.63040822894, 466.163792203231]
2019-07-25T14:21:22:    Iteration 3 .............: [355.397100216086, 466.163792203231]
2019-07-25T14:21:33:    Iteration 4 .............: [410.780446209658, 466.163792203231]
2019-07-25T14:21:43:    Iteration 5 .............: [438.472119206445, 466.163792203231]
2019-07-25T14:21:54:    Iteration 6 .............: [452.317955704838, 466.163792203231]
2019-07-25T14:22:04:    Iteration 7 .............: [459.240873954034, 466.163792203231]
2019-07-25T14:22:14:    Iteration 8 .............: [462.702333078633, 466.163792203231]
2019-07-25T14:22:24:    Iteration 9 .............: [464.433062640932, 466.163792203231]
2019-07-25T14:22:33:    Iteration 10 ............: [465.298427422081, 466.163792203231]
2019-07-25T14:22:43:    Iteration 11 ............: [465.731109812656, 466.163792203231]
2019-07-25T14:22:52:    Iteration 12 ............: [465.947451007943, 466.163792203231]
2019-07-25T14:23:02:    Iteration 13 ............: [466.055621605587, 466.163792203231]
2019-07-25T14:23:12:    Iteration 14 ............: [466.109706904409, 466.163792203231]
2019-07-25T14:23:22:    Iteration 15 ............: [466.13674955382, 466.163792203231]
2019-07-25T14:23:32:    Iteration 16 ............: [466.150270878525, 466.163792203231]
2019-07-25T14:23:42:    Iteration 17 ............: [466.157031540878, 466.163792203231]
2019-07-25T14:23:52:    Iteration 18 ............: [466.160411872055, 466.163792203231]
2019-07-25T14:24:01:    Iteration 19 ............: [466.162102037643, 466.163792203231]
2019-07-25T14:24:11:    Iteration 20 ............: [466.162947120437, 466.163792203231]
2019-07-25T14:24:21:    Iteration 21 ............: [466.163369661834, 466.163792203231]
2019-07-25T14:24:31:    Iteration 22 ............: [466.163580932532, 466.163792203231]
2019-07-25T14:24:41:    Iteration 23 ............: [466.163686567882, 466.163792203231]
2019-07-25T14:24:50:    Iteration 24 ............: [466.163739385556, 466.163792203231]
2019-07-25T14:25:00:    Iteration 25 ............: [466.163765794394, 466.163792203231]
2019-07-25T14:25:10:    Iteration 26 ............: [466.163778998812, 466.163792203231]
2019-07-25T14:25:20:    Iteration 27 ............: [466.163785601022, 466.163792203231]
2019-07-25T14:25:29:    Iteration 28 ............: [466.163788902126, 466.163792203231]
2019-07-25T14:25:38:    Iteration 29 ............: [466.163790552679, 466.163792203231]
2019-07-25T14:25:48:    Iteration 30 ............: [466.163791377955, 466.163792203231]
2019-07-25T14:25:48:  Lower parameter factor ....: 4.77846
2019-07-25T14:25:48:  Upper parameter factor ....: 466.164
2019-07-25T14:25:48:  Error from curvature ......: 4430667679.48581 MeV
2019-07-25T14:25:48:  Error from profile ........: 23069266463.0717 MeV
2019-07-25T14:25:48:  Negative profile error ....: 1831856172.54911 MeV
2019-07-25T14:25:48:  Positive profile error ....: 44306676753.5943 MeV
2019-07-25T14:25:48: 
2019-07-25T14:25:48: +==============+
2019-07-25T14:25:48: | Save results |
2019-07-25T14:25:48: +==============+
2019-07-25T14:25:48:  Model definition file .....: NONE
2019-07-25T14:25:48: 
2019-07-25T14:25:48: Application "cterror" terminated after 494 wall clock seconds, consuming 661.22 seconds of CPU time.
