2019-07-23T17:51:40: ********************************************************************************
2019-07-23T17:51:40: *                                    ctlike                                    *
2019-07-23T17:51:40: * ---------------------------------------------------------------------------- *
2019-07-23T17:51:40: * Version: 1.6.0                                                               *
2019-07-23T17:51:40: ********************************************************************************
2019-07-23T17:51:40: +============+
2019-07-23T17:51:40: | Parameters |
2019-07-23T17:51:40: +============+
2019-07-23T17:51:40:  inobs .....................: /cta/carli/CPPM_Internship/Simulations_and_Analyses/minus_step_EDisp_South_z40_50h/source2b/obs_cube.fits
2019-07-23T17:51:40:  inmodel ...................: sourcemodel_cube.xml
2019-07-23T17:51:40:  expcube ...................: /cta/carli/CPPM_Internship/Simulations_and_Analyses/minus_step_EDisp_South_z40_50h/source2b/exposure_cube.fits
2019-07-23T17:51:40:  psfcube ...................: /cta/carli/CPPM_Internship/Simulations_and_Analyses/minus_step_EDisp_South_z40_50h/source2b/PSF_cube.fits
2019-07-23T17:51:40:  edispcube .................: /cta/carli/CPPM_Internship/Simulations_and_Analyses/minus_step_EDisp_South_z40_50h/source2b/edisp_cube.fits
2019-07-23T17:51:40:  bkgcube ...................: /cta/carli/CPPM_Internship/Simulations_and_Analyses/minus_step_EDisp_South_z40_50h/source2b/background_cube.fits
2019-07-23T17:51:40:  caldb .....................: prod3b-v2
2019-07-23T17:51:40:  irf .......................: South_z40_50h
2019-07-23T17:51:40:  edisp .....................: yes
2019-07-23T17:51:40:  outmodel ..................: /cta/carli/CPPM_Internship/Simulations_and_Analyses/minus_step_EDisp_South_z40_50h/source2b/obsmodel_binned.xml
2019-07-23T17:51:40:  outcovmat .................: NONE
2019-07-23T17:51:40:  statistic .................: DEFAULT
2019-07-23T17:51:40:  refit .....................: no
2019-07-23T17:51:40:  like_accuracy .............: 0.005
2019-07-23T17:51:40:  max_iter ..................: 50
2019-07-23T17:51:40:  fix_spat_for_ts ...........: no
2019-07-23T17:51:40:  nthreads ..................: 0
2019-07-23T17:51:40:  chatter ...................: 4
2019-07-23T17:51:40:  clobber ...................: yes
2019-07-23T17:51:40:  debug .....................: no
2019-07-23T17:51:40:  mode ......................: ql
2019-07-23T17:51:40:  logfile ...................: ctlike.log
2019-07-23T17:51:40: 
2019-07-23T17:51:40: +===================+
2019-07-23T17:51:40: | Input observation |
2019-07-23T17:51:40: +===================+
2019-07-23T17:51:40: === GObservations ===
2019-07-23T17:51:40:  Number of observations ....: 1
2019-07-23T17:51:40:  Number of models ..........: 2
2019-07-23T17:51:40:  Number of observed events .: 311449
2019-07-23T17:51:40:  Number of predicted events : 0
2019-07-23T17:51:40: === GCTAObservation ===
2019-07-23T17:51:40:  Name ......................: 
2019-07-23T17:51:40:  Identifier ................: 000001
2019-07-23T17:51:40:  Instrument ................: CTA
2019-07-23T17:51:40:  Event file ................: /cta/carli/CPPM_Internship/Simulations_and_Analyses/minus_step_EDisp_South_z40_50h/source2b/obs_cube.fits
2019-07-23T17:51:40:  Event type ................: CountsCube
2019-07-23T17:51:40:  Statistic .................: cstat
2019-07-23T17:51:40:  Ontime ....................: 144000 s
2019-07-23T17:51:40:  Livetime ..................: 141120 s
2019-07-23T17:51:40:  Deadtime correction .......: 0.98
2019-07-23T17:51:40:  User energy range .........: undefined
2019-07-23T17:51:40: === GCTAPointing ===
2019-07-23T17:51:40:  Pointing direction ........: (RA,Dec)=(84.1331,22.0145)
2019-07-23T17:51:40: === GCTAResponseCube ===
2019-07-23T17:51:40:  Energy dispersion .........: Used
2019-07-23T17:51:40: === GCTACubeExposure ===
2019-07-23T17:51:40:  Filename ..................: /cta/carli/CPPM_Internship/Simulations_and_Analyses/minus_step_EDisp_South_z40_50h/source2b/exposure_cube.fits
2019-07-23T17:51:40:  Livetime ..................: 141120 sec
2019-07-23T17:51:40: === GEnergies ===
2019-07-23T17:51:40:  Number of energies ........: 33
2019-07-23T17:51:40: === GGti ===
2019-07-23T17:51:40:  Number of intervals .......: 1
2019-07-23T17:51:40:  Ontime ....................: 144000 sec
2019-07-23T17:51:40:  Elapsed time ..............: 144000 sec
2019-07-23T17:51:40:  MJD range .................: 51544.5 - 51546.1666666667 s (TT)
2019-07-23T17:51:40:  UTC range .................: 2000-01-01T11:58:56 - 2000-01-03T03:58:56 s (TT)
2019-07-23T17:51:40:  Reference MJD .............: 51544.5
2019-07-23T17:51:40: === GSkyMap ===
2019-07-23T17:51:40:  Number of pixels ..........: 6400
2019-07-23T17:51:40:  X axis dimension ..........: 80
2019-07-23T17:51:40:  Y axis dimension ..........: 80
2019-07-23T17:51:40:  Number of maps ............: 33
2019-07-23T17:51:40:  Shape of maps .............: (33)
2019-07-23T17:51:40: === GCTACubePsf ===
2019-07-23T17:51:40:  Filename ..................: /cta/carli/CPPM_Internship/Simulations_and_Analyses/minus_step_EDisp_South_z40_50h/source2b/PSF_cube.fits
2019-07-23T17:51:40: === GEnergies ===
2019-07-23T17:51:40:  Number of energies ........: 33
2019-07-23T17:51:40:  Number of delta bins ......: 200
2019-07-23T17:51:40:  Delta range ...............: 1.875e-06 - 0.298501875 deg
2019-07-23T17:51:40: === GSkyMap ===
2019-07-23T17:51:40:  Number of pixels ..........: 1
2019-07-23T17:51:40:  X axis dimension ..........: 1
2019-07-23T17:51:40:  Y axis dimension ..........: 1
2019-07-23T17:51:40:  Number of maps ............: 6600
2019-07-23T17:51:40:  Shape of maps .............: (200, 33)
2019-07-23T17:51:40: === GCTACubeEdisp ===
2019-07-23T17:51:40:  Filename ..................: /cta/carli/CPPM_Internship/Simulations_and_Analyses/minus_step_EDisp_South_z40_50h/source2b/edisp_cube.fits
2019-07-23T17:51:40: === GEnergies ===
2019-07-23T17:51:40:  Number of energies ........: 33
2019-07-23T17:51:40:  Number of migra bins ......: 100
2019-07-23T17:51:40:  Migra range ...............: 0.02 - 2
2019-07-23T17:51:40: === GSkyMap ===
2019-07-23T17:51:40:  Number of pixels ..........: 1
2019-07-23T17:51:40:  X axis dimension ..........: 1
2019-07-23T17:51:40:  Y axis dimension ..........: 1
2019-07-23T17:51:40:  Number of maps ............: 3300
2019-07-23T17:51:40:  Shape of maps .............: (100, 33)
2019-07-23T17:51:40: === GCTACubeBackground ===
2019-07-23T17:51:40:  Filename ..................: /cta/carli/CPPM_Internship/Simulations_and_Analyses/minus_step_EDisp_South_z40_50h/source2b/background_cube.fits
2019-07-23T17:51:40: === GEbounds ===
2019-07-23T17:51:40:  Number of intervals .......: 32
2019-07-23T17:51:40:  Energy range ..............: 100 GeV - 199.526229858398 TeV
2019-07-23T17:51:40: === GSkyMap ===
2019-07-23T17:51:40:  Number of pixels ..........: 6400
2019-07-23T17:51:40:  X axis dimension ..........: 80
2019-07-23T17:51:40:  Y axis dimension ..........: 80
2019-07-23T17:51:40:  Number of maps ............: 32
2019-07-23T17:51:40:  Shape of maps .............: (32)
2019-07-23T17:51:40: === GCTAResponseCache ===
2019-07-23T17:51:40:  Number of cached values ...: 0
2019-07-23T17:51:40: === GCTAEventCube ===
2019-07-23T17:51:40:  Number of events ..........: 311449
2019-07-23T17:51:40:  Number of elements ........: 204800
2019-07-23T17:51:40:  Number of pixels ..........: 6400
2019-07-23T17:51:40:  Number of energy bins .....: 32
2019-07-23T17:51:40:  Time interval .............: 51544.5 - 51546.1666666667 days
2019-07-23T17:51:40:  Pointing ..................: (RA,Dec)=(84.1331,22.0145)
2019-07-23T17:51:40: === GEbounds ===
2019-07-23T17:51:40:  Number of intervals .......: 32
2019-07-23T17:51:40:  Energy range ..............: 100 GeV - 199.526229858398 TeV
2019-07-23T17:51:40: === GSkyMap ===
2019-07-23T17:51:40:  Number of pixels ..........: 6400
2019-07-23T17:51:40:  X axis dimension ..........: 80
2019-07-23T17:51:40:  Y axis dimension ..........: 80
2019-07-23T17:51:40:  Number of maps ............: 32
2019-07-23T17:51:40:  Shape of maps .............: (32)
2019-07-23T17:51:40: === GSkyRegions ===
2019-07-23T17:51:40:  Number of regions .........: 0
2019-07-23T17:51:40: === GModels ===
2019-07-23T17:51:40:  Number of models ..........: 2
2019-07-23T17:51:40:  Number of parameters ......: 11
2019-07-23T17:51:40: === GModelSky ===
2019-07-23T17:51:40:  Name ......................: source2b
2019-07-23T17:51:40:  Instruments ...............: all
2019-07-23T17:51:40:  Test Statistic ............: Computation requested
2019-07-23T17:51:40:  Observation identifiers ...: all
2019-07-23T17:51:40:  Model type ................: PointSource
2019-07-23T17:51:40:  Model components ..........: "PointSource" * "ExponentialCutoffPowerLaw" * "Constant"
2019-07-23T17:51:40:  Number of parameters ......: 7
2019-07-23T17:51:40:  Number of spatial par's ...: 2
2019-07-23T17:51:40:   RA .......................: 83.6331 [-360,360] deg (fixed,scale=1)
2019-07-23T17:51:40:   DEC ......................: 22.0145 [-90,90] deg (fixed,scale=1)
2019-07-23T17:51:40:  Number of spectral par's ..: 4
2019-07-23T17:51:40:   Prefactor ................: 1.52e-18 +/- 0 [1e-25,1e-15] ph/cm2/s/MeV (free,scale=1e-18,gradient)
2019-07-23T17:51:40:   Index ....................: -2 +/- 0 [-0,-5]  (free,scale=-1,gradient)
2019-07-23T17:51:40:   CutoffEnergy .............: 100000000 +/- 0 [1000000,100000000000] MeV (free,scale=100000000,gradient)
2019-07-23T17:51:40:   PivotEnergy ..............: 1000000 [10000,1000000000] MeV (fixed,scale=1000000,gradient)
2019-07-23T17:51:40:  Number of temporal par's ..: 1
2019-07-23T17:51:40:   Normalization ............: 1 (relative value) (fixed,scale=1,gradient)
2019-07-23T17:51:40:  Number of scale par's .....: 0
2019-07-23T17:51:40: === GCTAModelCubeBackground ===
2019-07-23T17:51:40:  Name ......................: BackgroundModel
2019-07-23T17:51:40:  Instruments ...............: CTA, HESS, MAGIC, VERITAS
2019-07-23T17:51:40:  Observation identifiers ...: all
2019-07-23T17:51:40:  Model type ................: "PowerLaw" * "Constant"
2019-07-23T17:51:40:  Number of parameters ......: 4
2019-07-23T17:51:40:  Number of spectral par's ..: 3
2019-07-23T17:51:40:   Prefactor ................: 1 +/- 0 [0.01,100] ph/cm2/s/MeV (free,scale=1,gradient)
2019-07-23T17:51:40:   Index ....................: 0 +/- 0 [-5,5]  (free,scale=1,gradient)
2019-07-23T17:51:40:   PivotEnergy ..............: 1000000 MeV (fixed,scale=1000000,gradient)
2019-07-23T17:51:40:  Number of temporal par's ..: 1
2019-07-23T17:51:40:   Normalization ............: 1 (relative value) (fixed,scale=1,gradient)
2019-07-23T17:51:40: 
2019-07-23T17:51:40: +=================================+
2019-07-23T17:51:40: | Maximum likelihood optimisation |
2019-07-23T17:51:40: +=================================+
2019-07-23T17:52:12:  >Iteration   0: -logL=-306944.059, Lambda=1.0e-03
2019-07-23T17:52:41:  >Iteration   1: -logL=-307017.857, Lambda=1.0e-03, delta=73.798, step=1.0e+00, max(|grad|)=250.761543 [Index:8]
2019-07-23T17:53:10:  >Iteration   2: -logL=-307017.908, Lambda=1.0e-04, delta=0.051, step=1.0e+00, max(|grad|)=0.185881 [Index:8]
2019-07-23T17:53:39:  >Iteration   3: -logL=-307017.908, Lambda=1.0e-05, delta=0.000, step=1.0e+00, max(|grad|)=0.000348 [Index:3]
2019-07-23T17:53:39:  
2019-07-23T17:53:39:  +==================+
2019-07-23T17:53:39:  | Curvature matrix |
2019-07-23T17:53:39:  +==================+
2019-07-23T17:53:39:  === GMatrixSparse ===
2019-07-23T17:53:39:   Number of rows ............: 11
2019-07-23T17:53:39:   Number of columns .........: 11
2019-07-23T17:53:39:   Number of nonzero elements : 25
2019-07-23T17:53:39:   Number of allocated cells .: 537
2019-07-23T17:53:39:   Memory block size .........: 512
2019-07-23T17:53:39:   Sparse matrix fill ........: 0.206611570247934
2019-07-23T17:53:39:   Pending element ...........: 0
2019-07-23T17:53:39:   Fill stack size ...........: 0 (none)
2019-07-23T17:53:39:   0, 0, 0, 0, 0, 0, 0, 0, 0, 0, 0
2019-07-23T17:53:39:   0, 0, 0, 0, 0, 0, 0, 0, 0, 0, 0
2019-07-23T17:53:39:   0, 0, 3460.50527892535, -1697.79857726345, 245.0469541593, 0, 0, 1845.30222793795, -2682.98988470665, 0, 0
2019-07-23T17:53:39:   0, 0, -1697.79857726346, 16114.6402592215, -900.383525342574, 0, 0, 4087.70334456036, -7644.4954696991, 0, 0
2019-07-23T17:53:39:   0, 0, 245.0469541593, -900.383525342574, 107.921881902556, 0, 0, 14.281148921593, 1.98195920813202, 0, 0
2019-07-23T17:53:39:   0, 0, 0, 0, 0, 0, 0, 0, 0, 0, 0
2019-07-23T17:53:39:   0, 0, 0, 0, 0, 0, 0, 0, 0, 0, 0
2019-07-23T17:53:39:   0, 0, 1845.30222793795, 4087.70334456036, 14.281148921593, 0, 0, 281447.575801215, -450166.745645955, 0, 0
2019-07-23T17:53:39:   0, 0, -2682.98988470666, -7644.49546969911, 1.98195920813199, 0, 0, -450166.745645954, 873285.804675143, 0, 0
2019-07-23T17:53:39:   0, 0, 0, 0, 0, 0, 0, 0, 0, 0, 0
2019-07-23T17:53:39:   0, 0, 0, 0, 0, 0, 0, 0, 0, 0, 0
2019-07-23T17:54:08: 
2019-07-23T17:54:08: +====================================+
2019-07-23T17:54:08: | Maximum likelihood re-optimisation |
2019-07-23T17:54:08: +====================================+
2019-07-23T17:54:08:  >Iteration   0: -logL=-285675.370, Lambda=1.0e-03
2019-07-23T17:54:09:  >Iteration   1: -logL=-286578.941, Lambda=1.0e-03, delta=903.571, step=1.0e+00, max(|grad|)=3582.642644 [Index:1]
2019-07-23T17:54:09:  >Iteration   2: -logL=-286626.696, Lambda=1.0e-04, delta=47.754, step=1.0e+00, max(|grad|)=-180.387715 [Prefactor:0]
2019-07-23T17:54:10:  >Iteration   3: -logL=-286626.883, Lambda=1.0e-05, delta=0.188, step=1.0e+00, max(|grad|)=-8.803809 [Index:1]
2019-07-23T17:54:11:  >Iteration   4: -logL=-286626.884, Lambda=1.0e-06, delta=0.000, step=1.0e+00, max(|grad|)=-0.496887 [Index:1]
2019-07-23T17:54:11: 
2019-07-23T17:54:11: +============================================+
2019-07-23T17:54:11: | Maximum likelihood re-optimisation results |
2019-07-23T17:54:11: +============================================+
2019-07-23T17:54:11: === GOptimizerLM ===
2019-07-23T17:54:11:  Optimized function value ..: -286626.884
2019-07-23T17:54:11:  Absolute precision ........: 0.005
2019-07-23T17:54:11:  Acceptable value decrease .: 2
2019-07-23T17:54:11:  Optimization status .......: converged
2019-07-23T17:54:11:  Number of parameters ......: 4
2019-07-23T17:54:11:  Number of free parameters .: 2
2019-07-23T17:54:11:  Number of iterations ......: 4
2019-07-23T17:54:11:  Lambda ....................: 1e-07
2019-07-23T17:54:11: 
2019-07-23T17:54:11: +=========================================+
2019-07-23T17:54:11: | Maximum likelihood optimisation results |
2019-07-23T17:54:11: +=========================================+
2019-07-23T17:54:11: === GOptimizerLM ===
2019-07-23T17:54:11:  Optimized function value ..: -307017.908
2019-07-23T17:54:11:  Absolute precision ........: 0.005
2019-07-23T17:54:11:  Acceptable value decrease .: 2
2019-07-23T17:54:11:  Optimization status .......: converged
2019-07-23T17:54:11:  Number of parameters ......: 11
2019-07-23T17:54:11:  Number of free parameters .: 5
2019-07-23T17:54:11:  Number of iterations ......: 3
2019-07-23T17:54:11:  Lambda ....................: 1e-06
2019-07-23T17:54:11:  Maximum log likelihood ....: 307017.908
2019-07-23T17:54:11:  Observed events  (Nobs) ...: 311449.000
2019-07-23T17:54:11:  Predicted events (Npred) ..: 309707.000 (Nobs - Npred = 1742.00000094698)
2019-07-23T17:54:11: === GModels ===
2019-07-23T17:54:11:  Number of models ..........: 2
2019-07-23T17:54:11:  Number of parameters ......: 11
2019-07-23T17:54:11: === GModelSky ===
2019-07-23T17:54:11:  Name ......................: source2b
2019-07-23T17:54:11:  Instruments ...............: all
2019-07-23T17:54:11:  Test Statistic ............: 40782.0489265032
2019-07-23T17:54:11:  Observation identifiers ...: all
2019-07-23T17:54:11:  Model type ................: PointSource
2019-07-23T17:54:11:  Model components ..........: "PointSource" * "ExponentialCutoffPowerLaw" * "Constant"
2019-07-23T17:54:11:  Number of parameters ......: 7
2019-07-23T17:54:11:  Number of spatial par's ...: 2
2019-07-23T17:54:11:   RA .......................: 83.6331 [-360,360] deg (fixed,scale=1)
2019-07-23T17:54:11:   DEC ......................: 22.0145 [-90,90] deg (fixed,scale=1)
2019-07-23T17:54:11:  Number of spectral par's ..: 4
2019-07-23T17:54:11:   Prefactor ................: 1.54829104596055e-18 +/- 1.86336511869161e-20 [1e-25,1e-15] ph/cm2/s/MeV (free,scale=1e-18,gradient)
2019-07-23T17:54:11:   Index ....................: -1.98528216384201 +/- 0.0108471081762757 [-0,-5]  (free,scale=-1,gradient)
2019-07-23T17:54:11:   CutoffEnergy .............: 91407791.8520209 +/- 14049786.2252491 [1000000,100000000000] MeV (free,scale=100000000,gradient)
2019-07-23T17:54:11:   PivotEnergy ..............: 1000000 [10000,1000000000] MeV (fixed,scale=1000000,gradient)
2019-07-23T17:54:11:  Number of temporal par's ..: 1
2019-07-23T17:54:11:   Normalization ............: 1 (relative value) (fixed,scale=1,gradient)
2019-07-23T17:54:11:  Number of scale par's .....: 0
2019-07-23T17:54:11: === GCTAModelCubeBackground ===
2019-07-23T17:54:11:  Name ......................: BackgroundModel
2019-07-23T17:54:11:  Instruments ...............: CTA, HESS, MAGIC, VERITAS
2019-07-23T17:54:11:  Observation identifiers ...: all
2019-07-23T17:54:11:  Model type ................: "PowerLaw" * "Constant"
2019-07-23T17:54:11:  Number of parameters ......: 4
2019-07-23T17:54:11:  Number of spectral par's ..: 3
2019-07-23T17:54:11:   Prefactor ................: 1.0247573287261 +/- 0.00450279167120009 [0.01,100] ph/cm2/s/MeV (free,scale=1,gradient)
2019-07-23T17:54:11:   Index ....................: 0.0240779158487419 +/- 0.00255540972153023 [-5,5]  (free,scale=1,gradient)
2019-07-23T17:54:11:   PivotEnergy ..............: 1000000 MeV (fixed,scale=1000000,gradient)
2019-07-23T17:54:11:  Number of temporal par's ..: 1
2019-07-23T17:54:11:   Normalization ............: 1 (relative value) (fixed,scale=1,gradient)
2019-07-23T17:54:11: 
2019-07-23T17:54:11: +==============+
2019-07-23T17:54:11: | Save results |
2019-07-23T17:54:11: +==============+
2019-07-23T17:54:11:  Model definition file .....: /cta/carli/CPPM_Internship/Simulations_and_Analyses/minus_step_EDisp_South_z40_50h/source2b/obsmodel_binned.xml
2019-07-23T17:54:11:  Covariance matrix file ....: NONE
2019-07-23T17:54:11: 
2019-07-23T17:54:11: Application "ctlike" terminated after 151 wall clock seconds, consuming 157.1 seconds of CPU time.
