2019-07-22T13:37:39: ********************************************************************************
2019-07-22T13:37:39: *                                     ctbin                                    *
2019-07-22T13:37:39: * ---------------------------------------------------------------------------- *
2019-07-22T13:37:39: * Version: 1.6.0                                                               *
2019-07-22T13:37:39: ********************************************************************************
2019-07-22T13:37:39: +============+
2019-07-22T13:37:39: | Parameters |
2019-07-22T13:37:39: +============+
2019-07-22T13:37:39:  inobs .....................: /cta/carli/CPPM_Internship/Simulations_and_Analyses/plus_step_AEff_South_z40_50h/source1b/obs.fits
2019-07-22T13:37:39:  outobs ....................: /cta/carli/CPPM_Internship/Simulations_and_Analyses/plus_step_AEff_South_z40_50h/source1b/obs_cube.fits
2019-07-22T13:37:39:  stack .....................: yes
2019-07-22T13:37:39:  prefix ....................: cntcube_
2019-07-22T13:37:39:  ebinalg ...................: LOG
2019-07-22T13:37:39:  emin ......................: 0.1
2019-07-22T13:37:39:  emax ......................: 199.526229858398
2019-07-22T13:37:39:  enumbins ..................: 32
2019-07-22T13:37:39:  ebinfile ..................: [not queried]
2019-07-22T13:37:39:  usepnt ....................: yes
2019-07-22T13:37:39:  nxpix .....................: 80
2019-07-22T13:37:39:  nypix .....................: 80
2019-07-22T13:37:39:  binsz .....................: 0.02
2019-07-22T13:37:39:  coordsys ..................: GAL
2019-07-22T13:37:39:  proj ......................: TAN
2019-07-22T13:37:39:  xref ......................: [not queried]
2019-07-22T13:37:39:  yref ......................: [not queried]
2019-07-22T13:37:39:  nthreads ..................: 0
2019-07-22T13:37:39:  publish ...................: no
2019-07-22T13:37:39:  chatter ...................: 4
2019-07-22T13:37:39:  clobber ...................: yes
2019-07-22T13:37:39:  debug .....................: no
2019-07-22T13:37:39:  mode ......................: ql
2019-07-22T13:37:39:  logfile ...................: ctbin.log
2019-07-22T13:37:39: 
2019-07-22T13:37:39: +===================+
2019-07-22T13:37:39: | Input observation |
2019-07-22T13:37:39: +===================+
2019-07-22T13:37:39: === GObservations ===
2019-07-22T13:37:39:  Number of observations ....: 1
2019-07-22T13:37:39:  Number of models ..........: 0
2019-07-22T13:37:39:  Number of observed events .: 314743
2019-07-22T13:37:39:  Number of predicted events : 0
2019-07-22T13:37:39: === GCTAObservation ===
2019-07-22T13:37:39:  Name ......................: 
2019-07-22T13:37:39:  Identifier ................: 000001
2019-07-22T13:37:39:  Instrument ................: CTA
2019-07-22T13:37:39:  Event file ................: /cta/carli/CPPM_Internship/Simulations_and_Analyses/plus_step_AEff_South_z40_50h/source1b/obs.fits
2019-07-22T13:37:39:  Event type ................: EventList
2019-07-22T13:37:39:  Statistic .................: cstat
2019-07-22T13:37:39:  Ontime ....................: 144000 s
2019-07-22T13:37:39:  Livetime ..................: 141120 s
2019-07-22T13:37:39:  Deadtime correction .......: 0.98
2019-07-22T13:37:39:  User energy range .........: undefined
2019-07-22T13:37:39: === GCTAPointing ===
2019-07-22T13:37:39:  Pointing direction ........: (RA,Dec)=(84.1331,22.0145)
2019-07-22T13:37:39:  Response function .........: undefined
2019-07-22T13:37:39: === GCTAEventList ===
2019-07-22T13:37:39:  Number of events ..........: 314743 (disposed in "/cta/carli/CPPM_Internship/Simulations_and_Analyses/plus_step_AEff_South_z40_50h/source1b/obs.fits")
2019-07-22T13:37:39:  Time interval .............: 51544.5 - 51546.1666666667 days
2019-07-22T13:37:39: === GEbounds ===
2019-07-22T13:37:39:  Number of intervals .......: 1
2019-07-22T13:37:39:  Energy range ..............: 100 GeV - 199.526229858398 TeV
2019-07-22T13:37:39: === GCTARoi ===
2019-07-22T13:37:39:  RoI centre ................: RA=84.1331, DEC=22.0145 [0,0]
2019-07-22T13:37:39:  RoI radius ................: 0.8 deg
2019-07-22T13:37:39: === GSkyRegions ===
2019-07-22T13:37:39:  Number of regions .........: 0
2019-07-22T13:37:39: === GModels ===
2019-07-22T13:37:39:  Number of models ..........: 0
2019-07-22T13:37:39:  Number of parameters ......: 0
2019-07-22T13:37:39: 
2019-07-22T13:37:39: +===========================+
2019-07-22T13:37:39: | Find unbinned observation |
2019-07-22T13:37:39: +===========================+
2019-07-22T13:37:39: === CTA observation (id=000001) ===
2019-07-22T13:37:39:  Including unbinned CTA observation
2019-07-22T13:37:39: === Summary ===
2019-07-22T13:37:39:  Number of observations ....: 1
2019-07-22T13:37:39:  Mean pointing .............: (RA,Dec)=(84.1331,22.0145)
2019-07-22T13:37:39:  Use mean pointing .........: yes
2019-07-22T13:37:39: 
2019-07-22T13:37:39: +=================+
2019-07-22T13:37:39: | Bin observation |
2019-07-22T13:37:39: +=================+
2019-07-22T13:37:39: === CTA observation (id=000001) ===
2019-07-22T13:37:39:  Events in list ............: 314743
2019-07-22T13:37:39:  Events in cube ............: 314741
2019-07-22T13:37:39:  Events outside RoI ........: 1
2019-07-22T13:37:39:  Events with invalid WCS ...: 0
2019-07-22T13:37:39:  Events outside cube area ..: 1
2019-07-22T13:37:39:  Events outside energy bins : 0
2019-07-22T13:37:39: 
2019-07-22T13:37:39: +====================+
2019-07-22T13:37:39: | Binned observation |
2019-07-22T13:37:39: +====================+
2019-07-22T13:37:39: === GObservations ===
2019-07-22T13:37:39:  Number of observations ....: 1
2019-07-22T13:37:39:  Number of models ..........: 0
2019-07-22T13:37:39:  Number of observed events .: 314741
2019-07-22T13:37:39:  Number of predicted events : 0
2019-07-22T13:37:39: === GCTAObservation ===
2019-07-22T13:37:39:  Name ......................: 
2019-07-22T13:37:39:  Identifier ................: 000001
2019-07-22T13:37:39:  Instrument ................: CTA
2019-07-22T13:37:39:  Event file ................: 
2019-07-22T13:37:39:  Event type ................: CountsCube
2019-07-22T13:37:39:  Statistic .................: cstat
2019-07-22T13:37:39:  Ontime ....................: 144000 s
2019-07-22T13:37:39:  Livetime ..................: 141120 s
2019-07-22T13:37:39:  Deadtime correction .......: 0.98
2019-07-22T13:37:39:  User energy range .........: undefined
2019-07-22T13:37:39: === GCTAPointing ===
2019-07-22T13:37:39:  Pointing direction ........: (RA,Dec)=(84.1331,22.0145)
2019-07-22T13:37:39:  Response function .........: undefined
2019-07-22T13:37:39: === GCTAEventCube ===
2019-07-22T13:37:39:  Number of events ..........: 314741
2019-07-22T13:37:39:  Number of elements ........: 204800
2019-07-22T13:37:39:  Number of pixels ..........: 6400
2019-07-22T13:37:39:  Number of energy bins .....: 32
2019-07-22T13:37:39:  Time interval .............: 51544.5 - 51546.1666666667 days
2019-07-22T13:37:39:  Pointing ..................: not defined
2019-07-22T13:37:39: === GEbounds ===
2019-07-22T13:37:39:  Number of intervals .......: 32
2019-07-22T13:37:39:  Energy range ..............: 100 GeV - 199.526229858398 TeV
2019-07-22T13:37:39: === GSkyMap ===
2019-07-22T13:37:39:  Number of pixels ..........: 6400
2019-07-22T13:37:39:  X axis dimension ..........: 80
2019-07-22T13:37:39:  Y axis dimension ..........: 80
2019-07-22T13:37:39:  Number of maps ............: 32
2019-07-22T13:37:39:  Shape of maps .............: (32)
2019-07-22T13:37:39: === GSkyRegions ===
2019-07-22T13:37:39:  Number of regions .........: 0
2019-07-22T13:37:39: === GModels ===
2019-07-22T13:37:39:  Number of models ..........: 0
2019-07-22T13:37:39:  Number of parameters ......: 0
2019-07-22T13:37:39: 
2019-07-22T13:37:39: +==================+
2019-07-22T13:37:39: | Save counts cube |
2019-07-22T13:37:39: +==================+
2019-07-22T13:37:39:  Counts cube file ..........: /cta/carli/CPPM_Internship/Simulations_and_Analyses/plus_step_AEff_South_z40_50h/source1b/obs_cube.fits
2019-07-22T13:37:40: 
2019-07-22T13:37:40: Application "ctbin" terminated after 1 wall clock seconds, consuming 1.02 seconds of CPU time.
