2019-07-25T09:28:18: ********************************************************************************
2019-07-25T09:28:18: *                                    cterror                                   *
2019-07-25T09:28:18: * ---------------------------------------------------------------------------- *
2019-07-25T09:28:18: * Version: 1.6.0                                                               *
2019-07-25T09:28:18: ********************************************************************************
2019-07-25T09:28:19: +============+
2019-07-25T09:28:19: | Parameters |
2019-07-25T09:28:19: +============+
2019-07-25T09:28:19:  inobs .....................: /cta/carli/CPPM_Internship/Simulations_and_Analyses/plus_step_AEff_South_z40_50h/source1b/obs_cube.fits
2019-07-25T09:28:19:  inmodel ...................: /cta/carli/CPPM_Internship/Simulations_and_Analyses/plus_step_AEff_South_z40_50h/source1b/obsmodel_binned.xml
2019-07-25T09:28:19:  srcname ...................: source1b
2019-07-25T09:28:19:  expcube ...................: /cta/carli/CPPM_Internship/Simulations_and_Analyses/plus_step_AEff_South_z40_50h/source1b/exposure_cube.fits
2019-07-25T09:28:19:  psfcube ...................: /cta/carli/CPPM_Internship/Simulations_and_Analyses/plus_step_AEff_South_z40_50h/source1b/PSF_cube.fits
2019-07-25T09:28:19:  edispcube .................: /cta/carli/CPPM_Internship/Simulations_and_Analyses/plus_step_AEff_South_z40_50h/source1b/edisp_cube.fits
2019-07-25T09:28:19:  bkgcube ...................: /cta/carli/CPPM_Internship/Simulations_and_Analyses/plus_step_AEff_South_z40_50h/source1b/background_cube.fits
2019-07-25T09:28:19:  caldb .....................: prod3b-v2
2019-07-25T09:28:19:  irf .......................: plus_step_AEff_South_z40_50h
2019-07-25T09:28:19:  edisp .....................: yes
2019-07-25T09:28:19:  outmodel ..................: 
2019-07-25T09:28:19:  confidence ................: 0.68
2019-07-25T09:28:19:  tol .......................: 1e-3
2019-07-25T09:28:19:  statistic .................: DEFAULT
2019-07-25T09:28:19:  like_accuracy .............: 0.005
2019-07-25T09:28:19:  max_iter ..................: 50
2019-07-25T09:28:19:  nthreads ..................: 0
2019-07-25T09:28:19:  chatter ...................: 4
2019-07-25T09:28:19:  clobber ...................: yes
2019-07-25T09:28:19:  debug .....................: no
2019-07-25T09:28:19:  mode ......................: ql
2019-07-25T09:28:19:  logfile ...................: cterror68.log
2019-07-25T09:28:19: 
2019-07-25T09:28:19: +===================+
2019-07-25T09:28:19: | Input observation |
2019-07-25T09:28:19: +===================+
2019-07-25T09:28:19: === GObservations ===
2019-07-25T09:28:19:  Number of observations ....: 1
2019-07-25T09:28:19:  Number of models ..........: 2
2019-07-25T09:28:19:  Number of observed events .: 314741
2019-07-25T09:28:19:  Number of predicted events : 0
2019-07-25T09:28:19: === GCTAObservation ===
2019-07-25T09:28:19:  Name ......................: 
2019-07-25T09:28:19:  Identifier ................: 000001
2019-07-25T09:28:19:  Instrument ................: CTA
2019-07-25T09:28:19:  Event file ................: /cta/carli/CPPM_Internship/Simulations_and_Analyses/plus_step_AEff_South_z40_50h/source1b/obs_cube.fits
2019-07-25T09:28:19:  Event type ................: CountsCube
2019-07-25T09:28:19:  Statistic .................: cstat
2019-07-25T09:28:19:  Ontime ....................: 144000 s
2019-07-25T09:28:19:  Livetime ..................: 141120 s
2019-07-25T09:28:19:  Deadtime correction .......: 0.98
2019-07-25T09:28:19:  User energy range .........: undefined
2019-07-25T09:28:19: === GCTAPointing ===
2019-07-25T09:28:19:  Pointing direction ........: (RA,Dec)=(84.1331,22.0145)
2019-07-25T09:28:19: === GCTAResponseCube ===
2019-07-25T09:28:19:  Energy dispersion .........: Used
2019-07-25T09:28:19: === GCTACubeExposure ===
2019-07-25T09:28:19:  Filename ..................: /cta/carli/CPPM_Internship/Simulations_and_Analyses/plus_step_AEff_South_z40_50h/source1b/exposure_cube.fits
2019-07-25T09:28:19:  Livetime ..................: 141120 sec
2019-07-25T09:28:19: === GEnergies ===
2019-07-25T09:28:19:  Number of energies ........: 33
2019-07-25T09:28:19: === GGti ===
2019-07-25T09:28:19:  Number of intervals .......: 1
2019-07-25T09:28:19:  Ontime ....................: 144000 sec
2019-07-25T09:28:19:  Elapsed time ..............: 144000 sec
2019-07-25T09:28:19:  MJD range .................: 51544.5 - 51546.1666666667 s (TT)
2019-07-25T09:28:19:  UTC range .................: 2000-01-01T11:58:56 - 2000-01-03T03:58:56 s (TT)
2019-07-25T09:28:19:  Reference MJD .............: 51544.5
2019-07-25T09:28:19: === GSkyMap ===
2019-07-25T09:28:19:  Number of pixels ..........: 6400
2019-07-25T09:28:19:  X axis dimension ..........: 80
2019-07-25T09:28:19:  Y axis dimension ..........: 80
2019-07-25T09:28:19:  Number of maps ............: 33
2019-07-25T09:28:19:  Shape of maps .............: (33)
2019-07-25T09:28:19: === GCTACubePsf ===
2019-07-25T09:28:19:  Filename ..................: /cta/carli/CPPM_Internship/Simulations_and_Analyses/plus_step_AEff_South_z40_50h/source1b/PSF_cube.fits
2019-07-25T09:28:19: === GEnergies ===
2019-07-25T09:28:19:  Number of energies ........: 33
2019-07-25T09:28:19:  Number of delta bins ......: 200
2019-07-25T09:28:19:  Delta range ...............: 1.875e-06 - 0.298501875 deg
2019-07-25T09:28:19: === GSkyMap ===
2019-07-25T09:28:19:  Number of pixels ..........: 1
2019-07-25T09:28:19:  X axis dimension ..........: 1
2019-07-25T09:28:19:  Y axis dimension ..........: 1
2019-07-25T09:28:19:  Number of maps ............: 6600
2019-07-25T09:28:19:  Shape of maps .............: (200, 33)
2019-07-25T09:28:19: === GCTACubeEdisp ===
2019-07-25T09:28:19:  Filename ..................: /cta/carli/CPPM_Internship/Simulations_and_Analyses/plus_step_AEff_South_z40_50h/source1b/edisp_cube.fits
2019-07-25T09:28:19: === GEnergies ===
2019-07-25T09:28:19:  Number of energies ........: 33
2019-07-25T09:28:19:  Number of migra bins ......: 100
2019-07-25T09:28:19:  Migra range ...............: 0.02 - 2
2019-07-25T09:28:19: === GSkyMap ===
2019-07-25T09:28:19:  Number of pixels ..........: 1
2019-07-25T09:28:19:  X axis dimension ..........: 1
2019-07-25T09:28:19:  Y axis dimension ..........: 1
2019-07-25T09:28:19:  Number of maps ............: 3300
2019-07-25T09:28:19:  Shape of maps .............: (100, 33)
2019-07-25T09:28:19: === GCTACubeBackground ===
2019-07-25T09:28:19:  Filename ..................: /cta/carli/CPPM_Internship/Simulations_and_Analyses/plus_step_AEff_South_z40_50h/source1b/background_cube.fits
2019-07-25T09:28:19: === GEbounds ===
2019-07-25T09:28:19:  Number of intervals .......: 32
2019-07-25T09:28:19:  Energy range ..............: 100 GeV - 199.526229858398 TeV
2019-07-25T09:28:19: === GSkyMap ===
2019-07-25T09:28:19:  Number of pixels ..........: 6400
2019-07-25T09:28:19:  X axis dimension ..........: 80
2019-07-25T09:28:19:  Y axis dimension ..........: 80
2019-07-25T09:28:19:  Number of maps ............: 32
2019-07-25T09:28:19:  Shape of maps .............: (32)
2019-07-25T09:28:19: === GCTAResponseCache ===
2019-07-25T09:28:19:  Number of cached values ...: 0
2019-07-25T09:28:19: === GCTAEventCube ===
2019-07-25T09:28:19:  Number of events ..........: 314741
2019-07-25T09:28:19:  Number of elements ........: 204800
2019-07-25T09:28:19:  Number of pixels ..........: 6400
2019-07-25T09:28:19:  Number of energy bins .....: 32
2019-07-25T09:28:19:  Time interval .............: 51544.5 - 51546.1666666667 days
2019-07-25T09:28:19:  Pointing ..................: (RA,Dec)=(84.1331,22.0145)
2019-07-25T09:28:19: === GEbounds ===
2019-07-25T09:28:19:  Number of intervals .......: 32
2019-07-25T09:28:19:  Energy range ..............: 100 GeV - 199.526229858398 TeV
2019-07-25T09:28:19: === GSkyMap ===
2019-07-25T09:28:19:  Number of pixels ..........: 6400
2019-07-25T09:28:19:  X axis dimension ..........: 80
2019-07-25T09:28:19:  Y axis dimension ..........: 80
2019-07-25T09:28:19:  Number of maps ............: 32
2019-07-25T09:28:19:  Shape of maps .............: (32)
2019-07-25T09:28:19: === GSkyRegions ===
2019-07-25T09:28:19:  Number of regions .........: 0
2019-07-25T09:28:19: === GModels ===
2019-07-25T09:28:19:  Number of models ..........: 2
2019-07-25T09:28:19:  Number of parameters ......: 11
2019-07-25T09:28:19: === GModelSky ===
2019-07-25T09:28:19:  Name ......................: source1b
2019-07-25T09:28:19:  Instruments ...............: all
2019-07-25T09:28:19:  Test Statistic ............: 37983.287
2019-07-25T09:28:19:  Observation identifiers ...: all
2019-07-25T09:28:19:  Model type ................: PointSource
2019-07-25T09:28:19:  Model components ..........: "PointSource" * "ExponentialCutoffPowerLaw" * "Constant"
2019-07-25T09:28:19:  Number of parameters ......: 7
2019-07-25T09:28:19:  Number of spatial par's ...: 2
2019-07-25T09:28:19:   RA .......................: 83.6331 [-360,360] deg (fixed,scale=1)
2019-07-25T09:28:19:   DEC ......................: 22.0145 [-90,90] deg (fixed,scale=1)
2019-07-25T09:28:19:  Number of spectral par's ..: 4
2019-07-25T09:28:19:   Prefactor ................: 1.48726280235614e-18 [1e-25,1e-15] ph/cm2/s/MeV (fixed,scale=1e-18,gradient)
2019-07-25T09:28:19:   Index ....................: -2.00694507449292 [-0,-5]  (fixed,scale=-1,gradient)
2019-07-25T09:28:19:   CutoffEnergy .............: 60613153.4833112 +/- 7634289.98757408 [100000,10000000000] MeV (free,scale=10000000,gradient)
2019-07-25T09:28:19:   PivotEnergy ..............: 1000000 [10000,1000000000] MeV (fixed,scale=1000000,gradient)
2019-07-25T09:28:19:  Number of temporal par's ..: 1
2019-07-25T09:28:19:   Normalization ............: 1 (relative value) (fixed,scale=1,gradient)
2019-07-25T09:28:19:  Number of scale par's .....: 0
2019-07-25T09:28:19: === GCTAModelCubeBackground ===
2019-07-25T09:28:19:  Name ......................: BackgroundModel
2019-07-25T09:28:19:  Instruments ...............: CTA, HESS, MAGIC, VERITAS
2019-07-25T09:28:19:  Observation identifiers ...: all
2019-07-25T09:28:19:  Model type ................: "PowerLaw" * "Constant"
2019-07-25T09:28:19:  Number of parameters ......: 4
2019-07-25T09:28:19:  Number of spectral par's ..: 3
2019-07-25T09:28:19:   Prefactor ................: 0.992910716811771 [0.01,100] ph/cm2/s/MeV (fixed,scale=1,gradient)
2019-07-25T09:28:19:   Index ....................: -0.00357418582448076 [-5,5]  (fixed,scale=1,gradient)
2019-07-25T09:28:19:   PivotEnergy ..............: 1000000 MeV (fixed,scale=1000000,gradient)
2019-07-25T09:28:19:  Number of temporal par's ..: 1
2019-07-25T09:28:19:   Normalization ............: 1 (relative value) (fixed,scale=1,gradient)
2019-07-25T09:28:19: 
2019-07-25T09:28:19: +=============================+
2019-07-25T09:28:19: | Compute best-fit likelihood |
2019-07-25T09:28:19: +=============================+
2019-07-25T09:29:50: === GOptimizerLM ===
2019-07-25T09:29:50:  Optimized function value ..: -319398.854
2019-07-25T09:29:50:  Absolute precision ........: 0.005
2019-07-25T09:29:50:  Acceptable value decrease .: 2
2019-07-25T09:29:50:  Optimization status .......: converged
2019-07-25T09:29:50:  Number of parameters ......: 11
2019-07-25T09:29:50:  Number of free parameters .: 1
2019-07-25T09:29:50:  Number of iterations ......: 1
2019-07-25T09:29:50:  Lambda ....................: 0.0001
2019-07-25T09:29:50:  Maximum log likelihood ....: -319398.854
2019-07-25T09:29:50: === GModels ===
2019-07-25T09:29:50:  Number of models ..........: 2
2019-07-25T09:29:50:  Number of parameters ......: 11
2019-07-25T09:29:50: === GModelSky ===
2019-07-25T09:29:50:  Name ......................: source1b
2019-07-25T09:29:50:  Instruments ...............: all
2019-07-25T09:29:50:  Test Statistic ............: 37983.287
2019-07-25T09:29:50:  Observation identifiers ...: all
2019-07-25T09:29:50:  Model type ................: PointSource
2019-07-25T09:29:50:  Model components ..........: "PointSource" * "ExponentialCutoffPowerLaw" * "Constant"
2019-07-25T09:29:50:  Number of parameters ......: 7
2019-07-25T09:29:50:  Number of spatial par's ...: 2
2019-07-25T09:29:50:   RA .......................: 83.6331 [-360,360] deg (fixed,scale=1)
2019-07-25T09:29:50:   DEC ......................: 22.0145 [-90,90] deg (fixed,scale=1)
2019-07-25T09:29:50:  Number of spectral par's ..: 4
2019-07-25T09:29:50:   Prefactor ................: 1.48726280235614e-18 [1e-25,1e-15] ph/cm2/s/MeV (fixed,scale=1e-18,gradient)
2019-07-25T09:29:50:   Index ....................: -2.00694507449292 [-0,-5]  (fixed,scale=-1,gradient)
2019-07-25T09:29:50:   CutoffEnergy .............: 60647610.8848324 +/- 5247007.55394606 [100000,10000000000] MeV (free,scale=10000000,gradient)
2019-07-25T09:29:50:   PivotEnergy ..............: 1000000 [10000,1000000000] MeV (fixed,scale=1000000,gradient)
2019-07-25T09:29:50:  Number of temporal par's ..: 1
2019-07-25T09:29:50:   Normalization ............: 1 (relative value) (fixed,scale=1,gradient)
2019-07-25T09:29:50:  Number of scale par's .....: 0
2019-07-25T09:29:50: === GCTAModelCubeBackground ===
2019-07-25T09:29:50:  Name ......................: BackgroundModel
2019-07-25T09:29:50:  Instruments ...............: CTA, HESS, MAGIC, VERITAS
2019-07-25T09:29:50:  Observation identifiers ...: all
2019-07-25T09:29:50:  Model type ................: "PowerLaw" * "Constant"
2019-07-25T09:29:50:  Number of parameters ......: 4
2019-07-25T09:29:50:  Number of spectral par's ..: 3
2019-07-25T09:29:50:   Prefactor ................: 0.992910716811771 [0.01,100] ph/cm2/s/MeV (fixed,scale=1,gradient)
2019-07-25T09:29:50:   Index ....................: -0.00357418582448076 [-5,5]  (fixed,scale=1,gradient)
2019-07-25T09:29:50:   PivotEnergy ..............: 1000000 MeV (fixed,scale=1000000,gradient)
2019-07-25T09:29:50:  Number of temporal par's ..: 1
2019-07-25T09:29:50:   Normalization ............: 1 (relative value) (fixed,scale=1,gradient)
2019-07-25T09:29:50: 
2019-07-25T09:29:50: +==============================================================+
2019-07-25T09:29:50: | Compute error for source "source1b" parameter "CutoffEnergy" |
2019-07-25T09:29:50: +==============================================================+
2019-07-25T09:29:50:  Confidence level ..........: 68 %
2019-07-25T09:29:50:  Log-likelihood difference .: 0.494473
2019-07-25T09:29:50:  Initial factor range ......: [0.817753534537184, 11.3117686424293]
2019-07-25T09:30:00:    Iteration 1 .............: [0.817753534537184, 6.06476108848324]
2019-07-25T09:30:10:    Iteration 2 .............: [3.44125731151021, 6.06476108848324]
2019-07-25T09:30:21:    Iteration 3 .............: [4.75300919999673, 6.06476108848324]
2019-07-25T09:30:31:    Iteration 4 .............: [5.40888514423999, 6.06476108848324]
2019-07-25T09:30:41:    Iteration 5 .............: [5.40888514423999, 5.73682311636161]
2019-07-25T09:30:52:    Iteration 6 .............: [5.40888514423999, 5.5728541303008]
2019-07-25T09:31:02:    Iteration 7 .............: [5.49086963727039, 5.5728541303008]
2019-07-25T09:31:12:    Iteration 8 .............: [5.5318618837856, 5.5728541303008]
2019-07-25T09:31:23:    Iteration 9 .............: [5.5523580070432, 5.5728541303008]
2019-07-25T09:31:33:    Iteration 10 ............: [5.562606068672, 5.5728541303008]
2019-07-25T09:31:43:    Iteration 11 ............: [5.562606068672, 5.5677300994864]
2019-07-25T09:31:54:    Iteration 12 ............: [5.5651680840792, 5.5677300994864]
2019-07-25T09:32:04:    Iteration 1 .............: [6.06476108848324, 11.3117686424293]
2019-07-25T09:32:14:    Iteration 2 .............: [6.06476108848324, 8.68826486545627]
2019-07-25T09:32:25:    Iteration 3 .............: [6.06476108848324, 7.37651297696976]
2019-07-25T09:32:35:    Iteration 4 .............: [6.06476108848324, 6.7206370327265]
2019-07-25T09:32:45:    Iteration 5 .............: [6.39269906060487, 6.7206370327265]
2019-07-25T09:32:56:    Iteration 6 .............: [6.55666804666568, 6.7206370327265]
2019-07-25T09:33:06:    Iteration 7 .............: [6.63865253969609, 6.7206370327265]
2019-07-25T09:33:16:    Iteration 8 .............: [6.63865253969609, 6.67964478621129]
2019-07-25T09:33:27:    Iteration 9 .............: [6.63865253969609, 6.65914866295369]
2019-07-25T09:33:37:    Iteration 10 ............: [6.63865253969609, 6.64890060132489]
2019-07-25T09:33:47:    Iteration 11 ............: [6.64377657051049, 6.64890060132489]
2019-07-25T09:33:58:    Iteration 12 ............: [6.64377657051049, 6.64633858591769]
2019-07-25T09:33:58:  Lower parameter factor ....: 5.56645
2019-07-25T09:33:58:  Upper parameter factor ....: 6.64506
2019-07-25T09:33:58:  Error from curvature ......: 5247007.55394606 MeV
2019-07-25T09:33:58:  Error from profile ........: 5393042.43215647 MeV
2019-07-25T09:33:58:  Negative profile error ....: 4983119.96700443 MeV
2019-07-25T09:33:58:  Positive profile error ....: 5802964.89730851 MeV
2019-07-25T09:33:58: 
2019-07-25T09:33:58: +==============+
2019-07-25T09:33:58: | Save results |
2019-07-25T09:33:58: +==============+
2019-07-25T09:33:58:  Model definition file .....: NONE
2019-07-25T09:33:58: 
2019-07-25T09:33:58: Application "cterror" terminated after 341 wall clock seconds, consuming 428.17 seconds of CPU time.
