2019-07-22T13:37:43: ********************************************************************************
2019-07-22T13:37:43: *                                    ctlike                                    *
2019-07-22T13:37:43: * ---------------------------------------------------------------------------- *
2019-07-22T13:37:43: * Version: 1.6.0                                                               *
2019-07-22T13:37:43: ********************************************************************************
2019-07-22T13:37:43: +============+
2019-07-22T13:37:43: | Parameters |
2019-07-22T13:37:43: +============+
2019-07-22T13:37:43:  inobs .....................: /cta/carli/CPPM_Internship/Simulations_and_Analyses/plus_step_AEff_South_z40_50h/source1b/obs_cube.fits
2019-07-22T13:37:43:  inmodel ...................: sourcemodel_cube.xml
2019-07-22T13:37:43:  expcube ...................: /cta/carli/CPPM_Internship/Simulations_and_Analyses/plus_step_AEff_South_z40_50h/source1b/exposure_cube.fits
2019-07-22T13:37:43:  psfcube ...................: /cta/carli/CPPM_Internship/Simulations_and_Analyses/plus_step_AEff_South_z40_50h/source1b/PSF_cube.fits
2019-07-22T13:37:43:  edispcube .................: /cta/carli/CPPM_Internship/Simulations_and_Analyses/plus_step_AEff_South_z40_50h/source1b/edisp_cube.fits
2019-07-22T13:37:43:  bkgcube ...................: /cta/carli/CPPM_Internship/Simulations_and_Analyses/plus_step_AEff_South_z40_50h/source1b/background_cube.fits
2019-07-22T13:37:43:  caldb .....................: prod3b-v2
2019-07-22T13:37:43:  irf .......................: plus_step_AEff_South_z40_50h
2019-07-22T13:37:43:  edisp .....................: yes
2019-07-22T13:37:43:  outmodel ..................: /cta/carli/CPPM_Internship/Simulations_and_Analyses/plus_step_AEff_South_z40_50h/source1b/obsmodel_binned.xml
2019-07-22T13:37:43:  outcovmat .................: NONE
2019-07-22T13:37:43:  statistic .................: DEFAULT
2019-07-22T13:37:43:  refit .....................: no
2019-07-22T13:37:43:  like_accuracy .............: 0.005
2019-07-22T13:37:43:  max_iter ..................: 50
2019-07-22T13:37:43:  fix_spat_for_ts ...........: no
2019-07-22T13:37:43:  nthreads ..................: 0
2019-07-22T13:37:43:  chatter ...................: 4
2019-07-22T13:37:43:  clobber ...................: yes
2019-07-22T13:37:43:  debug .....................: no
2019-07-22T13:37:43:  mode ......................: ql
2019-07-22T13:37:43:  logfile ...................: ctlike.log
2019-07-22T13:37:43: 
2019-07-22T13:37:43: +===================+
2019-07-22T13:37:43: | Input observation |
2019-07-22T13:37:43: +===================+
2019-07-22T13:37:43: === GObservations ===
2019-07-22T13:37:43:  Number of observations ....: 1
2019-07-22T13:37:43:  Number of models ..........: 2
2019-07-22T13:37:43:  Number of observed events .: 314741
2019-07-22T13:37:43:  Number of predicted events : 0
2019-07-22T13:37:43: === GCTAObservation ===
2019-07-22T13:37:43:  Name ......................: 
2019-07-22T13:37:43:  Identifier ................: 000001
2019-07-22T13:37:43:  Instrument ................: CTA
2019-07-22T13:37:43:  Event file ................: /cta/carli/CPPM_Internship/Simulations_and_Analyses/plus_step_AEff_South_z40_50h/source1b/obs_cube.fits
2019-07-22T13:37:43:  Event type ................: CountsCube
2019-07-22T13:37:43:  Statistic .................: cstat
2019-07-22T13:37:43:  Ontime ....................: 144000 s
2019-07-22T13:37:43:  Livetime ..................: 141120 s
2019-07-22T13:37:43:  Deadtime correction .......: 0.98
2019-07-22T13:37:43:  User energy range .........: undefined
2019-07-22T13:37:43: === GCTAPointing ===
2019-07-22T13:37:43:  Pointing direction ........: (RA,Dec)=(84.1331,22.0145)
2019-07-22T13:37:43: === GCTAResponseCube ===
2019-07-22T13:37:43:  Energy dispersion .........: Used
2019-07-22T13:37:43: === GCTACubeExposure ===
2019-07-22T13:37:43:  Filename ..................: /cta/carli/CPPM_Internship/Simulations_and_Analyses/plus_step_AEff_South_z40_50h/source1b/exposure_cube.fits
2019-07-22T13:37:43:  Livetime ..................: 141120 sec
2019-07-22T13:37:43: === GEnergies ===
2019-07-22T13:37:43:  Number of energies ........: 33
2019-07-22T13:37:43: === GGti ===
2019-07-22T13:37:43:  Number of intervals .......: 1
2019-07-22T13:37:43:  Ontime ....................: 144000 sec
2019-07-22T13:37:43:  Elapsed time ..............: 144000 sec
2019-07-22T13:37:43:  MJD range .................: 51544.5 - 51546.1666666667 s (TT)
2019-07-22T13:37:43:  UTC range .................: 2000-01-01T11:58:56 - 2000-01-03T03:58:56 s (TT)
2019-07-22T13:37:43:  Reference MJD .............: 51544.5
2019-07-22T13:37:43: === GSkyMap ===
2019-07-22T13:37:43:  Number of pixels ..........: 6400
2019-07-22T13:37:43:  X axis dimension ..........: 80
2019-07-22T13:37:43:  Y axis dimension ..........: 80
2019-07-22T13:37:43:  Number of maps ............: 33
2019-07-22T13:37:43:  Shape of maps .............: (33)
2019-07-22T13:37:43: === GCTACubePsf ===
2019-07-22T13:37:43:  Filename ..................: /cta/carli/CPPM_Internship/Simulations_and_Analyses/plus_step_AEff_South_z40_50h/source1b/PSF_cube.fits
2019-07-22T13:37:43: === GEnergies ===
2019-07-22T13:37:43:  Number of energies ........: 33
2019-07-22T13:37:43:  Number of delta bins ......: 200
2019-07-22T13:37:43:  Delta range ...............: 1.875e-06 - 0.298501875 deg
2019-07-22T13:37:43: === GSkyMap ===
2019-07-22T13:37:43:  Number of pixels ..........: 1
2019-07-22T13:37:43:  X axis dimension ..........: 1
2019-07-22T13:37:43:  Y axis dimension ..........: 1
2019-07-22T13:37:43:  Number of maps ............: 6600
2019-07-22T13:37:43:  Shape of maps .............: (200, 33)
2019-07-22T13:37:43: === GCTACubeEdisp ===
2019-07-22T13:37:43:  Filename ..................: /cta/carli/CPPM_Internship/Simulations_and_Analyses/plus_step_AEff_South_z40_50h/source1b/edisp_cube.fits
2019-07-22T13:37:43: === GEnergies ===
2019-07-22T13:37:43:  Number of energies ........: 33
2019-07-22T13:37:43:  Number of migra bins ......: 100
2019-07-22T13:37:43:  Migra range ...............: 0.02 - 2
2019-07-22T13:37:43: === GSkyMap ===
2019-07-22T13:37:43:  Number of pixels ..........: 1
2019-07-22T13:37:43:  X axis dimension ..........: 1
2019-07-22T13:37:43:  Y axis dimension ..........: 1
2019-07-22T13:37:43:  Number of maps ............: 3300
2019-07-22T13:37:43:  Shape of maps .............: (100, 33)
2019-07-22T13:37:43: === GCTACubeBackground ===
2019-07-22T13:37:43:  Filename ..................: /cta/carli/CPPM_Internship/Simulations_and_Analyses/plus_step_AEff_South_z40_50h/source1b/background_cube.fits
2019-07-22T13:37:43: === GEbounds ===
2019-07-22T13:37:43:  Number of intervals .......: 32
2019-07-22T13:37:43:  Energy range ..............: 100 GeV - 199.526229858398 TeV
2019-07-22T13:37:43: === GSkyMap ===
2019-07-22T13:37:43:  Number of pixels ..........: 6400
2019-07-22T13:37:43:  X axis dimension ..........: 80
2019-07-22T13:37:43:  Y axis dimension ..........: 80
2019-07-22T13:37:43:  Number of maps ............: 32
2019-07-22T13:37:43:  Shape of maps .............: (32)
2019-07-22T13:37:43: === GCTAResponseCache ===
2019-07-22T13:37:43:  Number of cached values ...: 0
2019-07-22T13:37:43: === GCTAEventCube ===
2019-07-22T13:37:43:  Number of events ..........: 314741
2019-07-22T13:37:43:  Number of elements ........: 204800
2019-07-22T13:37:43:  Number of pixels ..........: 6400
2019-07-22T13:37:43:  Number of energy bins .....: 32
2019-07-22T13:37:43:  Time interval .............: 51544.5 - 51546.1666666667 days
2019-07-22T13:37:43:  Pointing ..................: (RA,Dec)=(84.1331,22.0145)
2019-07-22T13:37:43: === GEbounds ===
2019-07-22T13:37:43:  Number of intervals .......: 32
2019-07-22T13:37:43:  Energy range ..............: 100 GeV - 199.526229858398 TeV
2019-07-22T13:37:43: === GSkyMap ===
2019-07-22T13:37:43:  Number of pixels ..........: 6400
2019-07-22T13:37:43:  X axis dimension ..........: 80
2019-07-22T13:37:43:  Y axis dimension ..........: 80
2019-07-22T13:37:43:  Number of maps ............: 32
2019-07-22T13:37:43:  Shape of maps .............: (32)
2019-07-22T13:37:43: === GSkyRegions ===
2019-07-22T13:37:43:  Number of regions .........: 0
2019-07-22T13:37:43: === GModels ===
2019-07-22T13:37:43:  Number of models ..........: 2
2019-07-22T13:37:43:  Number of parameters ......: 11
2019-07-22T13:37:43: === GModelSky ===
2019-07-22T13:37:43:  Name ......................: source1b
2019-07-22T13:37:43:  Instruments ...............: all
2019-07-22T13:37:43:  Test Statistic ............: Computation requested
2019-07-22T13:37:43:  Observation identifiers ...: all
2019-07-22T13:37:43:  Model type ................: PointSource
2019-07-22T13:37:43:  Model components ..........: "PointSource" * "ExponentialCutoffPowerLaw" * "Constant"
2019-07-22T13:37:43:  Number of parameters ......: 7
2019-07-22T13:37:43:  Number of spatial par's ...: 2
2019-07-22T13:37:43:   RA .......................: 83.6331 [-360,360] deg (fixed,scale=1)
2019-07-22T13:37:43:   DEC ......................: 22.0145 [-90,90] deg (fixed,scale=1)
2019-07-22T13:37:43:  Number of spectral par's ..: 4
2019-07-22T13:37:43:   Prefactor ................: 1.52e-18 +/- 0 [1e-25,1e-15] ph/cm2/s/MeV (free,scale=1e-18,gradient)
2019-07-22T13:37:43:   Index ....................: -2 +/- 0 [-0,-5]  (free,scale=-1,gradient)
2019-07-22T13:37:43:   CutoffEnergy .............: 50000000 +/- 0 [100000,10000000000] MeV (free,scale=10000000,gradient)
2019-07-22T13:37:43:   PivotEnergy ..............: 1000000 [10000,1000000000] MeV (fixed,scale=1000000,gradient)
2019-07-22T13:37:43:  Number of temporal par's ..: 1
2019-07-22T13:37:43:   Normalization ............: 1 (relative value) (fixed,scale=1,gradient)
2019-07-22T13:37:43:  Number of scale par's .....: 0
2019-07-22T13:37:43: === GCTAModelCubeBackground ===
2019-07-22T13:37:43:  Name ......................: BackgroundModel
2019-07-22T13:37:43:  Instruments ...............: CTA, HESS, MAGIC, VERITAS
2019-07-22T13:37:43:  Observation identifiers ...: all
2019-07-22T13:37:43:  Model type ................: "PowerLaw" * "Constant"
2019-07-22T13:37:43:  Number of parameters ......: 4
2019-07-22T13:37:43:  Number of spectral par's ..: 3
2019-07-22T13:37:43:   Prefactor ................: 1 +/- 0 [0.01,100] ph/cm2/s/MeV (free,scale=1,gradient)
2019-07-22T13:37:43:   Index ....................: 0 +/- 0 [-5,5]  (free,scale=1,gradient)
2019-07-22T13:37:43:   PivotEnergy ..............: 1000000 MeV (fixed,scale=1000000,gradient)
2019-07-22T13:37:43:  Number of temporal par's ..: 1
2019-07-22T13:37:43:   Normalization ............: 1 (relative value) (fixed,scale=1,gradient)
2019-07-22T13:37:43: 
2019-07-22T13:37:43: +=================================+
2019-07-22T13:37:43: | Maximum likelihood optimisation |
2019-07-22T13:37:43: +=================================+
2019-07-22T13:38:15:  >Iteration   0: -logL=-319395.437, Lambda=1.0e-03
2019-07-22T13:38:44:  >Iteration   1: -logL=-319398.725, Lambda=1.0e-03, delta=3.289, step=1.0e+00, max(|grad|)=25.502762 [Index:3]
2019-07-22T13:39:14:  >Iteration   2: -logL=-319398.851, Lambda=1.0e-04, delta=0.125, step=1.0e+00, max(|grad|)=2.955930 [Index:3]
2019-07-22T13:39:43:  >Iteration   3: -logL=-319398.854, Lambda=1.0e-05, delta=0.003, step=1.0e+00, max(|grad|)=0.149995 [Index:3]
2019-07-22T13:39:43:  
2019-07-22T13:39:43:  +==================+
2019-07-22T13:39:43:  | Curvature matrix |
2019-07-22T13:39:43:  +==================+
2019-07-22T13:39:43:  === GMatrixSparse ===
2019-07-22T13:39:43:   Number of rows ............: 11
2019-07-22T13:39:43:   Number of columns .........: 11
2019-07-22T13:39:43:   Number of nonzero elements : 25
2019-07-22T13:39:43:   Number of allocated cells .: 537
2019-07-22T13:39:43:   Memory block size .........: 512
2019-07-22T13:39:43:   Sparse matrix fill ........: 0.206611570247934
2019-07-22T13:39:43:   Pending element ...........: 0
2019-07-22T13:39:43:   Fill stack size ...........: 0 (none)
2019-07-22T13:39:43:   0, 0, 0, 0, 0, 0, 0, 0, 0, 0, 0
2019-07-22T13:39:43:   0, 0, 0, 0, 0, 0, 0, 0, 0, 0, 0
2019-07-22T13:39:43:   0, 0, 3627.91693666116, -1129.55747888914, 46.4385570421452, 0, 0, 1985.35280219739, -2799.36262915411, 0, 0
2019-07-22T13:39:43:   0, 0, -1129.55747888914, 13696.5496989514, -147.56034255133, 0, 0, 4225.06959030061, -7590.85137834716, 0, 0
2019-07-22T13:39:43:   0, 0, 46.4385570421451, -147.56034255133, 3.64048574119407, 0, 0, 3.12330197180001, -0.486896357572028, 0, 0
2019-07-22T13:39:43:   0, 0, 0, 0, 0, 0, 0, 0, 0, 0, 0
2019-07-22T13:39:43:   0, 0, 0, 0, 0, 0, 0, 0, 0, 0, 0
2019-07-22T13:39:43:   0, 0, 1985.35280219739, 4225.06959030063, 3.12330197180001, 0, 0, 303365.653211899, -474467.429576475, 0, 0
2019-07-22T13:39:43:   0, 0, -2799.3626291541, -7590.85137834716, -0.486896357572025, 0, 0, -474467.429576474, 893417.447125987, 0, 0
2019-07-22T13:39:43:   0, 0, 0, 0, 0, 0, 0, 0, 0, 0, 0
2019-07-22T13:39:43:   0, 0, 0, 0, 0, 0, 0, 0, 0, 0, 0
2019-07-22T13:40:13: 
2019-07-22T13:40:13: +====================================+
2019-07-22T13:40:13: | Maximum likelihood re-optimisation |
2019-07-22T13:40:13: +====================================+
2019-07-22T13:40:14:  >Iteration   0: -logL=-299551.885, Lambda=1.0e-03
2019-07-22T13:40:15:  >Iteration   1: -logL=-300364.770, Lambda=1.0e-03, delta=812.885, step=1.0e+00, max(|grad|)=3500.670131 [Index:1]
2019-07-22T13:40:15:  >Iteration   2: -logL=-300407.035, Lambda=1.0e-04, delta=42.265, step=1.0e+00, max(|grad|)=-171.815710 [Prefactor:0]
2019-07-22T13:40:16:  >Iteration   3: -logL=-300407.210, Lambda=1.0e-05, delta=0.175, step=1.0e+00, max(|grad|)=-9.807303 [Index:1]
2019-07-22T13:40:16:  >Iteration   4: -logL=-300407.210, Lambda=1.0e-06, delta=0.000, step=1.0e+00, max(|grad|)=-0.613309 [Index:1]
2019-07-22T13:40:16: 
2019-07-22T13:40:16: +============================================+
2019-07-22T13:40:16: | Maximum likelihood re-optimisation results |
2019-07-22T13:40:16: +============================================+
2019-07-22T13:40:16: === GOptimizerLM ===
2019-07-22T13:40:16:  Optimized function value ..: -300407.210
2019-07-22T13:40:16:  Absolute precision ........: 0.005
2019-07-22T13:40:16:  Acceptable value decrease .: 2
2019-07-22T13:40:16:  Optimization status .......: converged
2019-07-22T13:40:16:  Number of parameters ......: 4
2019-07-22T13:40:16:  Number of free parameters .: 2
2019-07-22T13:40:16:  Number of iterations ......: 4
2019-07-22T13:40:16:  Lambda ....................: 1e-07
2019-07-22T13:40:16: 
2019-07-22T13:40:16: +=========================================+
2019-07-22T13:40:16: | Maximum likelihood optimisation results |
2019-07-22T13:40:16: +=========================================+
2019-07-22T13:40:16: === GOptimizerLM ===
2019-07-22T13:40:16:  Optimized function value ..: -319398.854
2019-07-22T13:40:16:  Absolute precision ........: 0.005
2019-07-22T13:40:16:  Acceptable value decrease .: 2
2019-07-22T13:40:16:  Optimization status .......: converged
2019-07-22T13:40:16:  Number of parameters ......: 11
2019-07-22T13:40:16:  Number of free parameters .: 5
2019-07-22T13:40:16:  Number of iterations ......: 3
2019-07-22T13:40:16:  Lambda ....................: 1e-06
2019-07-22T13:40:16:  Maximum log likelihood ....: 319398.854
2019-07-22T13:40:16:  Observed events  (Nobs) ...: 314741.000
2019-07-22T13:40:16:  Predicted events (Npred) ..: 312967.962 (Nobs - Npred = 1773.03810613818)
2019-07-22T13:40:16: === GModels ===
2019-07-22T13:40:16:  Number of models ..........: 2
2019-07-22T13:40:16:  Number of parameters ......: 11
2019-07-22T13:40:16: === GModelSky ===
2019-07-22T13:40:16:  Name ......................: source1b
2019-07-22T13:40:16:  Instruments ...............: all
2019-07-22T13:40:16:  Test Statistic ............: 37983.2865970362
2019-07-22T13:40:16:  Observation identifiers ...: all
2019-07-22T13:40:16:  Model type ................: PointSource
2019-07-22T13:40:16:  Model components ..........: "PointSource" * "ExponentialCutoffPowerLaw" * "Constant"
2019-07-22T13:40:16:  Number of parameters ......: 7
2019-07-22T13:40:16:  Number of spatial par's ...: 2
2019-07-22T13:40:16:   RA .......................: 83.6331 [-360,360] deg (fixed,scale=1)
2019-07-22T13:40:16:   DEC ......................: 22.0145 [-90,90] deg (fixed,scale=1)
2019-07-22T13:40:16:  Number of spectral par's ..: 4
2019-07-22T13:40:16:   Prefactor ................: 1.48726280235614e-18 +/- 1.8399924429379e-20 [1e-25,1e-15] ph/cm2/s/MeV (free,scale=1e-18,gradient)
2019-07-22T13:40:16:   Index ....................: -2.00694507449292 +/- 0.0115668315659098 [-0,-5]  (free,scale=-1,gradient)
2019-07-22T13:40:16:   CutoffEnergy .............: 60613153.4833112 +/- 7634289.98757408 [100000,10000000000] MeV (free,scale=10000000,gradient)
2019-07-22T13:40:16:   PivotEnergy ..............: 1000000 [10000,1000000000] MeV (fixed,scale=1000000,gradient)
2019-07-22T13:40:16:  Number of temporal par's ..: 1
2019-07-22T13:40:16:   Normalization ............: 1 (relative value) (fixed,scale=1,gradient)
2019-07-22T13:40:16:  Number of scale par's .....: 0
2019-07-22T13:40:16: === GCTAModelCubeBackground ===
2019-07-22T13:40:16:  Name ......................: BackgroundModel
2019-07-22T13:40:16:  Instruments ...............: CTA, HESS, MAGIC, VERITAS
2019-07-22T13:40:16:  Observation identifiers ...: all
2019-07-22T13:40:16:  Model type ................: "PowerLaw" * "Constant"
2019-07-22T13:40:16:  Number of parameters ......: 4
2019-07-22T13:40:16:  Number of spectral par's ..: 3
2019-07-22T13:40:16:   Prefactor ................: 0.992910716811771 +/- 0.00441459072502044 [0.01,100] ph/cm2/s/MeV (free,scale=1,gradient)
2019-07-22T13:40:16:   Index ....................: -0.00357418582448076 +/- 0.00257156078663996 [-5,5]  (free,scale=1,gradient)
2019-07-22T13:40:16:   PivotEnergy ..............: 1000000 MeV (fixed,scale=1000000,gradient)
2019-07-22T13:40:16:  Number of temporal par's ..: 1
2019-07-22T13:40:16:   Normalization ............: 1 (relative value) (fixed,scale=1,gradient)
2019-07-22T13:40:16: 
2019-07-22T13:40:16: +==============+
2019-07-22T13:40:16: | Save results |
2019-07-22T13:40:16: +==============+
2019-07-22T13:40:16:  Model definition file .....: /cta/carli/CPPM_Internship/Simulations_and_Analyses/plus_step_AEff_South_z40_50h/source1b/obsmodel_binned.xml
2019-07-22T13:40:16:  Covariance matrix file ....: NONE
2019-07-22T13:40:16: 
2019-07-22T13:40:16: Application "ctlike" terminated after 154 wall clock seconds, consuming 160.17 seconds of CPU time.
