2019-07-22T11:53:39: ********************************************************************************
2019-07-22T11:53:39: *                                   ctobssim                                   *
2019-07-22T11:53:39: * ---------------------------------------------------------------------------- *
2019-07-22T11:53:39: * Version: 1.6.0                                                               *
2019-07-22T11:53:39: ********************************************************************************
2019-07-22T11:53:39: +============+
2019-07-22T11:53:39: | Parameters |
2019-07-22T11:53:39: +============+
2019-07-22T11:53:39:  inobs .....................: NONE
2019-07-22T11:53:39:  inmodel ...................: /cta/carli/anaconda3/share/models/source1b.xml
2019-07-22T11:53:39:  caldb .....................: prod3b-v2
2019-07-22T11:53:39:  irf .......................: plus_step_AEff_South_z40_50h
2019-07-22T11:53:39:  edisp .....................: yes
2019-07-22T11:53:39:  outevents .................: /cta/carli/CPPM_Internship/Simulations_and_Analyses/plus_step_AEff_South_z40_50h/source1b/obs.fits
2019-07-22T11:53:39:  prefix ....................: sim_events_
2019-07-22T11:53:39:  startindex ................: 1
2019-07-22T11:53:39:  seed ......................: 1000
2019-07-22T11:53:39:  ra ........................: 84.1331
2019-07-22T11:53:39:  dec .......................: 22.0145
2019-07-22T11:53:39:  rad .......................: 0.8
2019-07-22T11:53:39:  tmin ......................: 0
2019-07-22T11:53:39:  tmax ......................: 144000
2019-07-22T11:53:39:  mjdref ....................: 51544.5
2019-07-22T11:53:39:  emin ......................: 0.1
2019-07-22T11:53:39:  emax ......................: 199.526229858398
2019-07-22T11:53:39:  deadc .....................: 0.98
2019-07-22T11:53:39:  maxrate ...................: 1.0e6
2019-07-22T11:53:39:  eslices ...................: 10
2019-07-22T11:53:39:  nthreads ..................: 0
2019-07-22T11:53:39:  publish ...................: no
2019-07-22T11:53:39:  chatter ...................: 4
2019-07-22T11:53:39:  clobber ...................: yes
2019-07-22T11:53:39:  debug .....................: no
2019-07-22T11:53:39:  mode ......................: ql
2019-07-22T11:53:39:  logfile ...................: ctobssim.log
2019-07-22T11:53:39: 
2019-07-22T11:53:39: +================+
2019-07-22T11:53:39: | Execution mode |
2019-07-22T11:53:39: +================+
2019-07-22T11:53:39:  Event list management .....: Save and dispose (reduces memory needs)
2019-07-22T11:53:39:  Output format .............: Write single event list FITS file
2019-07-22T11:53:39: 
2019-07-22T11:53:39: +=============+
2019-07-22T11:53:39: | Seed values |
2019-07-22T11:53:39: +=============+
2019-07-22T11:53:39:  Seed 0 ....................: 6233869624
2019-07-22T11:53:39: 
2019-07-22T11:53:39: +===================+
2019-07-22T11:53:39: | Input observation |
2019-07-22T11:53:39: +===================+
2019-07-22T11:53:39: === GObservations ===
2019-07-22T11:53:39:  Number of observations ....: 1
2019-07-22T11:53:39:  Number of models ..........: 2
2019-07-22T11:53:39:  Number of observed events .: 0
2019-07-22T11:53:39:  Number of predicted events : 0
2019-07-22T11:53:39: === GCTAObservation ===
2019-07-22T11:53:39:  Name ......................: 
2019-07-22T11:53:39:  Identifier ................: 
2019-07-22T11:53:39:  Instrument ................: CTA
2019-07-22T11:53:39:  Event file ................: 
2019-07-22T11:53:39:  Event type ................: EventList
2019-07-22T11:53:39:  Statistic .................: cstat
2019-07-22T11:53:39:  Ontime ....................: 144000 s
2019-07-22T11:53:39:  Livetime ..................: 141120 s
2019-07-22T11:53:39:  Deadtime correction .......: 0.98
2019-07-22T11:53:39:  User energy range .........: undefined
2019-07-22T11:53:39: === GCTAPointing ===
2019-07-22T11:53:39:  Pointing direction ........: (RA,Dec)=(84.1331,22.0145)
2019-07-22T11:53:39: === GCTAResponseIrf ===
2019-07-22T11:53:39:  Caldb mission .............: cta
2019-07-22T11:53:39:  Caldb instrument ..........: prod3b-v2
2019-07-22T11:53:39:  Response name .............: plus_step_AEff_South_z40_50h
2019-07-22T11:53:39:  Energy dispersion .........: Used
2019-07-22T11:53:39:  Safe energy range .........: undefined
2019-07-22T11:53:39: === GCaldb ===
2019-07-22T11:53:39:  Database root .............: /cta/carli/anaconda3/share/caldb
2019-07-22T11:53:39:  Selected Mission ..........: CTA
2019-07-22T11:53:39:  Selected Instrument .......: PROD3B-V2
2019-07-22T11:53:39:  Calibration Index File ....: /cta/carli/anaconda3/share/caldb/data/cta/prod3b-v2/caldb.indx
2019-07-22T11:53:39:  Number of entries .........: 240
2019-07-22T11:53:39: === GCTAAeff2D ===
2019-07-22T11:53:39:  Filename ..................: /cta/carli/anaconda3/share/caldb/data/cta/prod3b-v2/bcf/plus_step_AEff_South_z40_50h/irf_file.fits
2019-07-22T11:53:39:  Number of energy bins .....: 42
2019-07-22T11:53:39:  Number of offset bins .....: 6
2019-07-22T11:53:39:  Log10(Energy) range .......: 0.0125892544165254 - 199.526229858398 TeV
2019-07-22T11:53:39:  Offset angle range ........: 0 - 6 deg
2019-07-22T11:53:39:  Lower energy threshold ....: not specified
2019-07-22T11:53:39:  Upper energy threshold ....: not specified
2019-07-22T11:53:39:  Radius cut ................: none
2019-07-22T11:53:39: === GCTAPsf2D ===
2019-07-22T11:53:39:  Filename ..................: /cta/carli/anaconda3/share/caldb/data/cta/prod3b-v2/bcf/plus_step_AEff_South_z40_50h/irf_file.fits
2019-07-22T11:53:39:  Number of energy bins .....: 25
2019-07-22T11:53:39:  Number of offset bins .....: 6
2019-07-22T11:53:39:  Log10(Energy) range .......: 0.0125892544165254 - 1258.92541503906 TeV
2019-07-22T11:53:39:  Offset angle range ........: 0 - 6 deg
2019-07-22T11:53:39: === GCTAEdisp2D ===
2019-07-22T11:53:39:  Filename ..................: /cta/carli/anaconda3/share/caldb/data/cta/prod3b-v2/bcf/plus_step_AEff_South_z40_50h/irf_file.fits
2019-07-22T11:53:39:  Number of energy bins .....: 500
2019-07-22T11:53:39:  Number of migration bins ..: 300
2019-07-22T11:53:39:  Number of offset bins .....: 6
2019-07-22T11:53:39:  Log10(Energy) range .......: 0.00501187238842249 - 501.187225341797 TeV
2019-07-22T11:53:39:  Migration range ...........: 0 - 3
2019-07-22T11:53:39:  Offset angle range ........: 0 - 6 deg
2019-07-22T11:53:39: === GCTABackground3D ===
2019-07-22T11:53:39:  Filename ..................: /cta/carli/anaconda3/share/caldb/data/cta/prod3b-v2/bcf/plus_step_AEff_South_z40_50h/irf_file.fits
2019-07-22T11:53:39:  Number of DETX bins .......: 36
2019-07-22T11:53:39:  Number of DETY bins .......: 36
2019-07-22T11:53:39:  Number of energy bins .....: 21
2019-07-22T11:53:39:  DETX range ................: -6 - 6 deg
2019-07-22T11:53:39:  DETX range ................: -6 - 6 deg
2019-07-22T11:53:39:  Energy range ..............: 0.0125892544165254 - 199.526229858398 TeV
2019-07-22T11:53:39: === GCTAResponseCache ===
2019-07-22T11:53:39:  Number of cached values ...: 0
2019-07-22T11:53:39: === GCTAResponseCache ===
2019-07-22T11:53:39:  Number of cached values ...: 0
2019-07-22T11:53:39: === GCTAEventList ===
2019-07-22T11:53:39:  Number of events ..........: 0 (disposed without possibility to recover)
2019-07-22T11:53:39:  Time interval .............: 51544.5 - 51546.1666666667 days
2019-07-22T11:53:39: === GEbounds ===
2019-07-22T11:53:39:  Number of intervals .......: 1
2019-07-22T11:53:39:  Energy range ..............: 100 GeV - 199.526229858398 TeV
2019-07-22T11:53:39: === GCTARoi ===
2019-07-22T11:53:39:  RoI centre ................: RA=84.1331, DEC=22.0145 [0,0]
2019-07-22T11:53:39:  RoI radius ................: 0.8 deg
2019-07-22T11:53:39: === GSkyRegions ===
2019-07-22T11:53:39:  Number of regions .........: 0
2019-07-22T11:53:39: === GModels ===
2019-07-22T11:53:39:  Number of models ..........: 2
2019-07-22T11:53:39:  Number of parameters ......: 11
2019-07-22T11:53:39: === GModelSky ===
2019-07-22T11:53:39:  Name ......................: source1b
2019-07-22T11:53:39:  Instruments ...............: all
2019-07-22T11:53:39:  Test Statistic ............: Computation requested
2019-07-22T11:53:39:  Observation identifiers ...: all
2019-07-22T11:53:39:  Model type ................: PointSource
2019-07-22T11:53:39:  Model components ..........: "PointSource" * "ExponentialCutoffPowerLaw" * "Constant"
2019-07-22T11:53:39:  Number of parameters ......: 7
2019-07-22T11:53:39:  Number of spatial par's ...: 2
2019-07-22T11:53:39:   RA .......................: 83.6331 [-360,360] deg (fixed,scale=1)
2019-07-22T11:53:39:   DEC ......................: 22.0145 [-90,90] deg (fixed,scale=1)
2019-07-22T11:53:39:  Number of spectral par's ..: 4
2019-07-22T11:53:39:   Prefactor ................: 1.52e-18 +/- 0 [1e-25,1e-15] ph/cm2/s/MeV (free,scale=1e-18,gradient)
2019-07-22T11:53:39:   Index ....................: -2 +/- 0 [-0,-5]  (free,scale=-1,gradient)
2019-07-22T11:53:39:   CutoffEnergy .............: 50000000 +/- 0 [100000,10000000000] MeV (free,scale=10000000,gradient)
2019-07-22T11:53:39:   PivotEnergy ..............: 1000000 [10000,1000000000] MeV (fixed,scale=1000000,gradient)
2019-07-22T11:53:39:  Number of temporal par's ..: 1
2019-07-22T11:53:39:   Normalization ............: 1 (relative value) (fixed,scale=1,gradient)
2019-07-22T11:53:39:  Number of scale par's .....: 0
2019-07-22T11:53:39: === GCTAModelIrfBackground ===
2019-07-22T11:53:39:  Name ......................: CTABackgroundModel
2019-07-22T11:53:39:  Instruments ...............: CTA
2019-07-22T11:53:39:  Test Statistic ............: Computation requested
2019-07-22T11:53:39:  Observation identifiers ...: all
2019-07-22T11:53:39:  Model type ................: "PowerLaw" * "Constant"
2019-07-22T11:53:39:  Number of parameters ......: 4
2019-07-22T11:53:39:  Number of spectral par's ..: 3
2019-07-22T11:53:39:   Prefactor ................: 1 +/- 0 [0.001,1000] ph/cm2/s/MeV (free,scale=1,gradient)
2019-07-22T11:53:39:   Index ....................: 0 +/- 0 [-5,5]  (free,scale=1,gradient)
2019-07-22T11:53:39:   PivotEnergy ..............: 1000000 [10000,1000000000] MeV (fixed,scale=1000000,gradient)
2019-07-22T11:53:39:  Number of temporal par's ..: 1
2019-07-22T11:53:39:   Normalization ............: 1 (relative value) (fixed,scale=1,gradient)
2019-07-22T11:53:39: 
2019-07-22T11:53:39: +======================+
2019-07-22T11:53:39: | Simulate observation |
2019-07-22T11:53:39: +======================+
2019-07-22T11:53:39: === CTA observation ===
2019-07-22T11:53:39:  Simulation cone ...........: RA=84.1331 deg, Dec=22.0145 deg, radius=1.3 deg
2019-07-22T11:53:39:  Time interval .............: 0 - 144000 s
2019-07-22T11:53:39:  Photon energy range .......: 41.1040776139221 GeV - 509.274482994276 GeV
2019-07-22T11:53:39:  Event energy range ........: 100 GeV - 213.796208774656 GeV
2019-07-22T11:53:39:   Simulation area ..........: 1.30989e+10 cm2
2019-07-22T11:53:39:   Use model ................: source1b
2019-07-22T11:53:39:   Normalization ............: 1 [source1b]
2019-07-22T11:53:39:   Flux .....................: 3.39183e-11 [source1b] photons/cm2/s
2019-07-22T11:53:39:   Normalized flux ..........: 3.39183e-11 [source1b] photons/cm2/s
2019-07-22T11:53:39:   Photon rate ..............: 0.444291 photons/s [source1b]
2019-07-22T11:53:39:   Time slice ...............: 0 - 144000 s [source1b]
2019-07-22T11:53:39:   MC source photons/slice ..: 64305 [source1b]
2019-07-22T11:53:39:   MC source photons ........: 64305 [source1b]
2019-07-22T11:53:39:   MC source events .........: 2144 [source1b]
2019-07-22T11:53:39:   MC source events .........: 2144 (all source models)
2019-07-22T11:53:39:  Photon energy range .......: 100.88253715168 GeV - 860.678033986988 GeV
2019-07-22T11:53:39:  Event energy range ........: 213.796208774656 GeV - 457.088188864163 GeV
2019-07-22T11:53:39:   Simulation area ..........: 1.96597e+10 cm2
2019-07-22T11:53:39:   Use model ................: source1b
2019-07-22T11:53:39:   Normalization ............: 1 [source1b]
2019-07-22T11:53:39:   Flux .....................: 1.32361e-11 [source1b] photons/cm2/s
2019-07-22T11:53:39:   Normalized flux ..........: 1.32361e-11 [source1b] photons/cm2/s
2019-07-22T11:53:39:   Photon rate ..............: 0.260217 photons/s [source1b]
2019-07-22T11:53:39:   Time slice ...............: 0 - 144000 s [source1b]
2019-07-22T11:53:39:   MC source photons/slice ..: 37584 [source1b]
2019-07-22T11:53:39:   MC source photons ........: 37584 [source1b]
2019-07-22T11:53:39:   MC source events .........: 2372 [source1b]
2019-07-22T11:53:39:   MC source events .........: 2372 (all source models)
2019-07-22T11:53:39:  Photon energy range .......: 265.018144252 GeV - 1.57081442112741 TeV
2019-07-22T11:53:39:  Event energy range ........: 457.088188864163 GeV - 977.237218548317 GeV
2019-07-22T11:53:39:   Simulation area ..........: 3.79845e+10 cm2
2019-07-22T11:53:39:   Use model ................: source1b
2019-07-22T11:53:39:   Normalization ............: 1 [source1b]
2019-07-22T11:53:39:   Flux .....................: 4.7141e-12 [source1b] photons/cm2/s
2019-07-22T11:53:39:   Normalized flux ..........: 4.7141e-12 [source1b] photons/cm2/s
2019-07-22T11:53:39:   Photon rate ..............: 0.179063 photons/s [source1b]
2019-07-22T11:53:39:   Time slice ...............: 0 - 144000 s [source1b]
2019-07-22T11:53:39:   MC source photons/slice ..: 25844 [source1b]
2019-07-22T11:53:39:   MC source photons ........: 25844 [source1b]
2019-07-22T11:53:39:   MC source events .........: 1884 [source1b]
2019-07-22T11:53:39:   MC source events .........: 1884 (all source models)
2019-07-22T11:53:39:  Photon energy range .......: 625.275670425715 GeV - 3.04099144442538 TeV
2019-07-22T11:53:39:  Event energy range ........: 977.237218548317 GeV - 2.0892961239912 TeV
2019-07-22T11:53:39:   Simulation area ..........: 5.93524e+10 cm2
2019-07-22T11:53:39:   Use model ................: source1b
2019-07-22T11:53:39:   Normalization ............: 1 [source1b]
2019-07-22T11:53:39:   Flux .....................: 1.88373e-12 [source1b] photons/cm2/s
2019-07-22T11:53:39:   Normalized flux ..........: 1.88373e-12 [source1b] photons/cm2/s
2019-07-22T11:53:39:   Photon rate ..............: 0.111804 photons/s [source1b]
2019-07-22T11:53:39:   Time slice ...............: 0 - 144000 s [source1b]
2019-07-22T11:53:39:   MC source photons/slice ..: 15939 [source1b]
2019-07-22T11:53:39:   MC source photons ........: 15939 [source1b]
2019-07-22T11:53:39:   MC source events .........: 1768 [source1b]
2019-07-22T11:53:39:   MC source events .........: 1768 (all source models)
2019-07-22T11:53:39:  Photon energy range .......: 1.52598487124743 TeV - 6.09062686094979 TeV
2019-07-22T11:53:39:  Event energy range ........: 2.0892961239912 TeV - 4.46683590316902 TeV
2019-07-22T11:53:39:   Simulation area ..........: 6.69297e+10 cm2
2019-07-22T11:53:39:   Use model ................: source1b
2019-07-22T11:53:39:   Normalization ............: 1 [source1b]
2019-07-22T11:53:39:   Flux .....................: 7.05791e-13 [source1b] photons/cm2/s
2019-07-22T11:53:39:   Normalized flux ..........: 7.05791e-13 [source1b] photons/cm2/s
2019-07-22T11:53:39:   Photon rate ..............: 0.0472383 photons/s [source1b]
2019-07-22T11:53:39:   Time slice ...............: 0 - 144000 s [source1b]
2019-07-22T11:53:39:   MC source photons/slice ..: 6825 [source1b]
2019-07-22T11:53:39:   MC source photons ........: 6825 [source1b]
2019-07-22T11:53:39:   MC source events .........: 1426 [source1b]
2019-07-22T11:53:39:   MC source events .........: 1426 (all source models)
2019-07-22T11:53:39:  Photon energy range .......: 3.46329780546817 TeV - 13.5112010225502 TeV
2019-07-22T11:53:39:  Event energy range ........: 4.46683590316902 TeV - 9.54992581316053 TeV
2019-07-22T11:53:39:   Simulation area ..........: 8.2338e+10 cm2
2019-07-22T11:53:39:   Use model ................: source1b
2019-07-22T11:53:39:   Normalization ............: 1 [source1b]
2019-07-22T11:53:39:   Flux .....................: 2.87895e-13 [source1b] photons/cm2/s
2019-07-22T11:53:39:   Normalized flux ..........: 2.87895e-13 [source1b] photons/cm2/s
2019-07-22T11:53:39:   Photon rate ..............: 0.0237047 photons/s [source1b]
2019-07-22T11:53:39:   Time slice ...............: 0 - 144000 s [source1b]
2019-07-22T11:53:39:   MC source photons/slice ..: 3382 [source1b]
2019-07-22T11:53:39:   MC source photons ........: 3382 [source1b]
2019-07-22T11:53:39:   MC source events .........: 796 [source1b]
2019-07-22T11:53:39:   MC source events .........: 796 (all source models)
2019-07-22T11:53:39:  Photon energy range .......: 7.57686977261953 TeV - 27.092165885067 TeV
2019-07-22T11:53:39:  Event energy range ........: 9.54992581316053 TeV - 20.4173793293294 TeV
2019-07-22T11:53:39:   Simulation area ..........: 1.06568e+11 cm2
2019-07-22T11:53:39:   Use model ................: source1b
2019-07-22T11:53:39:   Normalization ............: 1 [source1b]
2019-07-22T11:53:39:   Flux .....................: 1.11079e-13 [source1b] photons/cm2/s
2019-07-22T11:53:39:   Normalized flux ..........: 1.11079e-13 [source1b] photons/cm2/s
2019-07-22T11:53:39:   Photon rate ..............: 0.0118376 photons/s [source1b]
2019-07-22T11:53:39:   Time slice ...............: 0 - 144000 s [source1b]
2019-07-22T11:53:39:   MC source photons/slice ..: 1650 [source1b]
2019-07-22T11:53:39:   MC source photons ........: 1650 [source1b]
2019-07-22T11:53:39:   MC source events .........: 327 [source1b]
2019-07-22T11:53:39:   MC source events .........: 327 (all source models)
2019-07-22T11:53:39:  Photon energy range .......: 15.830324777243 TeV - 56.4077240740645 TeV
2019-07-22T11:53:39:  Event energy range ........: 20.4173793293294 TeV - 43.6515829372465 TeV
2019-07-22T11:53:39:   Simulation area ..........: 1.11203e+11 cm2
2019-07-22T11:53:39:   Use model ................: source1b
2019-07-22T11:53:39:   Normalization ............: 1 [source1b]
2019-07-22T11:53:39:   Flux .....................: 4.03126e-14 [source1b] photons/cm2/s
2019-07-22T11:53:39:   Normalized flux ..........: 4.03126e-14 [source1b] photons/cm2/s
2019-07-22T11:53:39:   Photon rate ..............: 0.0044829 photons/s [source1b]
2019-07-22T11:53:39:   Time slice ...............: 0 - 144000 s [source1b]
2019-07-22T11:53:39:   MC source photons/slice ..: 653 [source1b]
2019-07-22T11:53:39:   MC source photons ........: 653 [source1b]
2019-07-22T11:53:39:   MC source events .........: 151 [source1b]
2019-07-22T11:53:39:   MC source events .........: 151 (all source models)
2019-07-22T11:53:39:  Photon energy range .......: 34.3839906563315 TeV - 116.046716746149 TeV
2019-07-22T11:53:39:  Event energy range ........: 43.6515829372465 TeV - 93.3254293899579 TeV
2019-07-22T11:53:39:   Simulation area ..........: 1.37203e+11 cm2
2019-07-22T11:53:39:   Use model ................: source1b
2019-07-22T11:53:39:   Normalization ............: 1 [source1b]
2019-07-22T11:53:39:   Flux .....................: 1.02669e-14 [source1b] photons/cm2/s
2019-07-22T11:53:39:   Normalized flux ..........: 1.02669e-14 [source1b] photons/cm2/s
2019-07-22T11:53:39:   Photon rate ..............: 0.00140866 photons/s [source1b]
2019-07-22T11:53:39:   Time slice ...............: 0 - 144000 s [source1b]
2019-07-22T11:53:39:   MC source photons/slice ..: 209 [source1b]
2019-07-22T11:53:39:   MC source photons ........: 209 [source1b]
2019-07-22T11:53:39:   MC source events .........: 43 [source1b]
2019-07-22T11:53:39:   MC source events .........: 43 (all source models)
2019-07-22T11:53:39:  Photon energy range .......: 79.1906822067056 TeV - 239.08155027665 TeV
2019-07-22T11:53:39:  Event energy range ........: 93.3254293899579 TeV - 199.526229858398 TeV
2019-07-22T11:53:39:   Simulation area ..........: 1.51734e+11 cm2
2019-07-22T11:53:39:   Use model ................: source1b
2019-07-22T11:53:39:   Normalization ............: 1 [source1b]
2019-07-22T11:53:39:   Flux .....................: 1.24363e-15 [source1b] photons/cm2/s
2019-07-22T11:53:39:   Normalized flux ..........: 1.24363e-15 [source1b] photons/cm2/s
2019-07-22T11:53:39:   Photon rate ..............: 0.000188701 photons/s [source1b]
2019-07-22T11:53:39:   Time slice ...............: 0 - 144000 s [source1b]
2019-07-22T11:53:39:   MC source photons/slice ..: 19 [source1b]
2019-07-22T11:53:39:   MC source photons ........: 19 [source1b]
2019-07-22T11:53:39:   MC source events .........: 6 [source1b]
2019-07-22T11:53:39:   MC source events .........: 6 (all source models)
2019-07-22T11:53:39:  MC source photons .........: 156410 [source1b]
2019-07-22T11:53:39:  MC source events ..........: 10917 [source1b]
2019-07-22T11:53:55:  MC events outside ROI .....: 0
2019-07-22T11:53:55:  MC background events ......: 303826
2019-07-22T11:53:55:  MC identifier 1 ...........: source1b
2019-07-22T11:53:55:  MC identifier 2 ...........: CTABackgroundModel
2019-07-22T11:53:55:  MC events .................: 314743 (all models)
2019-07-22T11:53:56: 
2019-07-22T11:53:56: +==================+
2019-07-22T11:53:56: | Save observation |
2019-07-22T11:53:56: +==================+
2019-07-22T11:53:56: 
2019-07-22T11:53:56: Application "ctobssim" terminated after 18 wall clock seconds, consuming 17.16 seconds of CPU time.
