2019-07-23T18:02:51: ********************************************************************************
2019-07-23T18:02:51: *                                     ctbin                                    *
2019-07-23T18:02:51: * ---------------------------------------------------------------------------- *
2019-07-23T18:02:51: * Version: 1.6.0                                                               *
2019-07-23T18:02:51: ********************************************************************************
2019-07-23T18:02:51: +============+
2019-07-23T18:02:51: | Parameters |
2019-07-23T18:02:51: +============+
2019-07-23T18:02:51:  inobs .....................: /cta/carli/CPPM_Internship/Simulations_and_Analyses/plus_gradient_EDisp_South_z40_50h/source2b/obs.fits
2019-07-23T18:02:51:  outobs ....................: /cta/carli/CPPM_Internship/Simulations_and_Analyses/plus_gradient_EDisp_South_z40_50h/source2b/obs_cube.fits
2019-07-23T18:02:51:  stack .....................: yes
2019-07-23T18:02:51:  prefix ....................: cntcube_
2019-07-23T18:02:51:  ebinalg ...................: LOG
2019-07-23T18:02:51:  emin ......................: 0.1
2019-07-23T18:02:51:  emax ......................: 199.526229858398
2019-07-23T18:02:51:  enumbins ..................: 32
2019-07-23T18:02:51:  ebinfile ..................: [not queried]
2019-07-23T18:02:51:  usepnt ....................: yes
2019-07-23T18:02:51:  nxpix .....................: 80
2019-07-23T18:02:51:  nypix .....................: 80
2019-07-23T18:02:51:  binsz .....................: 0.02
2019-07-23T18:02:51:  coordsys ..................: GAL
2019-07-23T18:02:51:  proj ......................: TAN
2019-07-23T18:02:51:  xref ......................: [not queried]
2019-07-23T18:02:51:  yref ......................: [not queried]
2019-07-23T18:02:51:  nthreads ..................: 0
2019-07-23T18:02:51:  publish ...................: no
2019-07-23T18:02:51:  chatter ...................: 4
2019-07-23T18:02:51:  clobber ...................: yes
2019-07-23T18:02:51:  debug .....................: no
2019-07-23T18:02:51:  mode ......................: ql
2019-07-23T18:02:51:  logfile ...................: ctbin.log
2019-07-23T18:02:51: 
2019-07-23T18:02:51: +===================+
2019-07-23T18:02:51: | Input observation |
2019-07-23T18:02:51: +===================+
2019-07-23T18:02:51: === GObservations ===
2019-07-23T18:02:51:  Number of observations ....: 1
2019-07-23T18:02:51:  Number of models ..........: 0
2019-07-23T18:02:51:  Number of observed events .: 315028
2019-07-23T18:02:51:  Number of predicted events : 0
2019-07-23T18:02:51: === GCTAObservation ===
2019-07-23T18:02:51:  Name ......................: 
2019-07-23T18:02:51:  Identifier ................: 000001
2019-07-23T18:02:51:  Instrument ................: CTA
2019-07-23T18:02:51:  Event file ................: /cta/carli/CPPM_Internship/Simulations_and_Analyses/plus_gradient_EDisp_South_z40_50h/source2b/obs.fits
2019-07-23T18:02:51:  Event type ................: EventList
2019-07-23T18:02:51:  Statistic .................: cstat
2019-07-23T18:02:51:  Ontime ....................: 144000 s
2019-07-23T18:02:51:  Livetime ..................: 141120 s
2019-07-23T18:02:51:  Deadtime correction .......: 0.98
2019-07-23T18:02:51:  User energy range .........: undefined
2019-07-23T18:02:51: === GCTAPointing ===
2019-07-23T18:02:51:  Pointing direction ........: (RA,Dec)=(84.1331,22.0145)
2019-07-23T18:02:51:  Response function .........: undefined
2019-07-23T18:02:51: === GCTAEventList ===
2019-07-23T18:02:51:  Number of events ..........: 315028 (disposed in "/cta/carli/CPPM_Internship/Simulations_and_Analyses/plus_gradient_EDisp_South_z40_50h/source2b/obs.fits")
2019-07-23T18:02:51:  Time interval .............: 51544.5 - 51546.1666666667 days
2019-07-23T18:02:51: === GEbounds ===
2019-07-23T18:02:51:  Number of intervals .......: 1
2019-07-23T18:02:51:  Energy range ..............: 100 GeV - 199.526229858398 TeV
2019-07-23T18:02:51: === GCTARoi ===
2019-07-23T18:02:51:  RoI centre ................: RA=84.1331, DEC=22.0145 [0,0]
2019-07-23T18:02:51:  RoI radius ................: 0.8 deg
2019-07-23T18:02:51: === GSkyRegions ===
2019-07-23T18:02:51:  Number of regions .........: 0
2019-07-23T18:02:51: === GModels ===
2019-07-23T18:02:51:  Number of models ..........: 0
2019-07-23T18:02:51:  Number of parameters ......: 0
2019-07-23T18:02:51: 
2019-07-23T18:02:51: +===========================+
2019-07-23T18:02:51: | Find unbinned observation |
2019-07-23T18:02:51: +===========================+
2019-07-23T18:02:51: === CTA observation (id=000001) ===
2019-07-23T18:02:51:  Including unbinned CTA observation
2019-07-23T18:02:51: === Summary ===
2019-07-23T18:02:51:  Number of observations ....: 1
2019-07-23T18:02:51:  Mean pointing .............: (RA,Dec)=(84.1331,22.0145)
2019-07-23T18:02:51:  Use mean pointing .........: yes
2019-07-23T18:02:51: 
2019-07-23T18:02:51: +=================+
2019-07-23T18:02:51: | Bin observation |
2019-07-23T18:02:51: +=================+
2019-07-23T18:02:51: === CTA observation (id=000001) ===
2019-07-23T18:02:51:  Events in list ............: 315028
2019-07-23T18:02:51:  Events in cube ............: 295082
2019-07-23T18:02:51:  Events outside RoI ........: 1
2019-07-23T18:02:51:  Events with invalid WCS ...: 0
2019-07-23T18:02:51:  Events outside cube area ..: 1
2019-07-23T18:02:51:  Events outside energy bins : 19944
2019-07-23T18:02:51: 
2019-07-23T18:02:51: +====================+
2019-07-23T18:02:51: | Binned observation |
2019-07-23T18:02:51: +====================+
2019-07-23T18:02:51: === GObservations ===
2019-07-23T18:02:51:  Number of observations ....: 1
2019-07-23T18:02:51:  Number of models ..........: 0
2019-07-23T18:02:51:  Number of observed events .: 295082
2019-07-23T18:02:51:  Number of predicted events : 0
2019-07-23T18:02:51: === GCTAObservation ===
2019-07-23T18:02:51:  Name ......................: 
2019-07-23T18:02:51:  Identifier ................: 000001
2019-07-23T18:02:51:  Instrument ................: CTA
2019-07-23T18:02:51:  Event file ................: 
2019-07-23T18:02:51:  Event type ................: CountsCube
2019-07-23T18:02:51:  Statistic .................: cstat
2019-07-23T18:02:51:  Ontime ....................: 144000 s
2019-07-23T18:02:51:  Livetime ..................: 141120 s
2019-07-23T18:02:51:  Deadtime correction .......: 0.98
2019-07-23T18:02:51:  User energy range .........: undefined
2019-07-23T18:02:51: === GCTAPointing ===
2019-07-23T18:02:51:  Pointing direction ........: (RA,Dec)=(84.1331,22.0145)
2019-07-23T18:02:51:  Response function .........: undefined
2019-07-23T18:02:51: === GCTAEventCube ===
2019-07-23T18:02:51:  Number of events ..........: 295082
2019-07-23T18:02:51:  Number of elements ........: 204800
2019-07-23T18:02:51:  Number of pixels ..........: 6400
2019-07-23T18:02:51:  Number of energy bins .....: 32
2019-07-23T18:02:51:  Time interval .............: 51544.5 - 51546.1666666667 days
2019-07-23T18:02:51:  Pointing ..................: not defined
2019-07-23T18:02:51: === GEbounds ===
2019-07-23T18:02:51:  Number of intervals .......: 32
2019-07-23T18:02:51:  Energy range ..............: 100 GeV - 199.526229858398 TeV
2019-07-23T18:02:51: === GSkyMap ===
2019-07-23T18:02:51:  Number of pixels ..........: 6400
2019-07-23T18:02:51:  X axis dimension ..........: 80
2019-07-23T18:02:51:  Y axis dimension ..........: 80
2019-07-23T18:02:51:  Number of maps ............: 32
2019-07-23T18:02:51:  Shape of maps .............: (32)
2019-07-23T18:02:51: === GSkyRegions ===
2019-07-23T18:02:51:  Number of regions .........: 0
2019-07-23T18:02:51: === GModels ===
2019-07-23T18:02:51:  Number of models ..........: 0
2019-07-23T18:02:51:  Number of parameters ......: 0
2019-07-23T18:02:51: 
2019-07-23T18:02:51: +==================+
2019-07-23T18:02:51: | Save counts cube |
2019-07-23T18:02:51: +==================+
2019-07-23T18:02:51:  Counts cube file ..........: /cta/carli/CPPM_Internship/Simulations_and_Analyses/plus_gradient_EDisp_South_z40_50h/source2b/obs_cube.fits
2019-07-23T18:02:51: 
2019-07-23T18:02:51: Application "ctbin" terminated after 0 wall clock seconds, consuming 1.07 seconds of CPU time. This was rather quick!
