2019-07-23T14:21:26: ********************************************************************************
2019-07-23T14:21:26: *                                   ctskymap                                   *
2019-07-23T14:21:26: * ---------------------------------------------------------------------------- *
2019-07-23T14:21:26: * Version: 1.6.0                                                               *
2019-07-23T14:21:26: ********************************************************************************
2019-07-23T14:21:26: +============+
2019-07-23T14:21:26: | Parameters |
2019-07-23T14:21:26: +============+
2019-07-23T14:21:26:  inobs .....................: /cta/carli/CPPM_Internship/Simulations_and_Analyses/plus_gradient_EDisp_South_z40_50h/source2b/obs.fits
2019-07-23T14:21:26:  caldb .....................: prod3b-v2
2019-07-23T14:21:26:  irf .......................: plus_gradient_EDisp_South_z40_50h
2019-07-23T14:21:26:  inmap .....................: NONE
2019-07-23T14:21:26:  outmap ....................: /cta/carli/CPPM_Internship/Simulations_and_Analyses/plus_gradient_EDisp_South_z40_50h/source2b/skymap.fits
2019-07-23T14:21:26:  emin ......................: 0.1
2019-07-23T14:21:26:  emax ......................: 199.526229858398
2019-07-23T14:21:26:  usepnt ....................: yes
2019-07-23T14:21:26:  nxpix .....................: 80
2019-07-23T14:21:26:  nypix .....................: 80
2019-07-23T14:21:26:  binsz .....................: 0.02
2019-07-23T14:21:26:  coordsys ..................: CEL
2019-07-23T14:21:26:  proj ......................: CAR
2019-07-23T14:21:26:  xref ......................: [not queried]
2019-07-23T14:21:26:  yref ......................: [not queried]
2019-07-23T14:21:26:  bkgsubtract ...............: NONE
2019-07-23T14:21:26:  roiradius .................: [not queried]
2019-07-23T14:21:26:  inradius ..................: [not queried]
2019-07-23T14:21:26:  outradius .................: [not queried]
2019-07-23T14:21:26:  iterations ................: [not queried]
2019-07-23T14:21:26:  threshold .................: [not queried]
2019-07-23T14:21:26:  inexclusion ...............: NONE
2019-07-23T14:21:26:  usefft ....................: yes
2019-07-23T14:21:26:  publish ...................: no
2019-07-23T14:21:26:  chatter ...................: 4
2019-07-23T14:21:26:  clobber ...................: yes
2019-07-23T14:21:26:  debug .....................: no
2019-07-23T14:21:26:  mode ......................: ql
2019-07-23T14:21:26:  logfile ...................: ctskymap.log
2019-07-23T14:21:26: 
2019-07-23T14:21:26: +===================+
2019-07-23T14:21:26: | Input observation |
2019-07-23T14:21:26: +===================+
2019-07-23T14:21:26: === GObservations ===
2019-07-23T14:21:26:  Number of observations ....: 1
2019-07-23T14:21:26:  Number of models ..........: 0
2019-07-23T14:21:26:  Number of observed events .: 315028
2019-07-23T14:21:26:  Number of predicted events : 0
2019-07-23T14:21:26: === GCTAObservation ===
2019-07-23T14:21:26:  Name ......................: 
2019-07-23T14:21:26:  Identifier ................: 000001
2019-07-23T14:21:26:  Instrument ................: CTA
2019-07-23T14:21:26:  Event file ................: /cta/carli/CPPM_Internship/Simulations_and_Analyses/plus_gradient_EDisp_South_z40_50h/source2b/obs.fits
2019-07-23T14:21:26:  Event type ................: EventList
2019-07-23T14:21:26:  Statistic .................: cstat
2019-07-23T14:21:26:  Ontime ....................: 144000 s
2019-07-23T14:21:26:  Livetime ..................: 141120 s
2019-07-23T14:21:26:  Deadtime correction .......: 0.98
2019-07-23T14:21:26:  User energy range .........: undefined
2019-07-23T14:21:26: === GCTAPointing ===
2019-07-23T14:21:26:  Pointing direction ........: (RA,Dec)=(84.1331,22.0145)
2019-07-23T14:21:26:  Response function .........: undefined
2019-07-23T14:21:26: === GCTAEventList ===
2019-07-23T14:21:26:  Number of events ..........: 315028 (disposed in "/cta/carli/CPPM_Internship/Simulations_and_Analyses/plus_gradient_EDisp_South_z40_50h/source2b/obs.fits")
2019-07-23T14:21:26:  Time interval .............: 51544.5 - 51546.1666666667 days
2019-07-23T14:21:26: === GEbounds ===
2019-07-23T14:21:26:  Number of intervals .......: 1
2019-07-23T14:21:26:  Energy range ..............: 100 GeV - 199.526229858398 TeV
2019-07-23T14:21:26: === GCTARoi ===
2019-07-23T14:21:26:  RoI centre ................: RA=84.1331, DEC=22.0145 [0,0]
2019-07-23T14:21:26:  RoI radius ................: 0.8 deg
2019-07-23T14:21:26: === GSkyRegions ===
2019-07-23T14:21:26:  Number of regions .........: 0
2019-07-23T14:21:26: === GModels ===
2019-07-23T14:21:26:  Number of models ..........: 0
2019-07-23T14:21:26:  Number of parameters ......: 0
2019-07-23T14:21:26: 
2019-07-23T14:21:26: +===========================+
2019-07-23T14:21:26: | Find unbinned observation |
2019-07-23T14:21:26: +===========================+
2019-07-23T14:21:26: === CTA observation (id=000001) ===
2019-07-23T14:21:26:  Including unbinned CTA observation
2019-07-23T14:21:26: 
2019-07-23T14:21:26: +===========================+
2019-07-23T14:21:26: | Fill map from observation |
2019-07-23T14:21:26: +===========================+
2019-07-23T14:21:26: === CTA observation (id=000001) ===
2019-07-23T14:21:26:  Events in list ............: 315028
2019-07-23T14:21:26:  Events in map .............: 295083
2019-07-23T14:21:26:  Events outside RoI ........: 1
2019-07-23T14:21:26:  Events outside map area ...: 0
2019-07-23T14:21:26:  Events outside energies ...: 19944
2019-07-23T14:21:26: 
2019-07-23T14:21:26: +=========+
2019-07-23T14:21:26: | Sky map |
2019-07-23T14:21:26: +=========+
2019-07-23T14:21:26: === GSkyMap ===
2019-07-23T14:21:26:  Number of pixels ..........: 6400
2019-07-23T14:21:26:  X axis dimension ..........: 80
2019-07-23T14:21:26:  Y axis dimension ..........: 80
2019-07-23T14:21:26:  Number of maps ............: 1
2019-07-23T14:21:26:  Shape of maps .............: (1)
2019-07-23T14:21:26: === GWcsCAR ===
2019-07-23T14:21:26:  Number of axes ............: 2
2019-07-23T14:21:26:  Longitude axis ............: 0
2019-07-23T14:21:26:  Latitude axis .............: 1
2019-07-23T14:21:26:  Spectral axis .............: -1
2019-07-23T14:21:26:  Coodinate system ..........: EQU
2019-07-23T14:21:26:  Projection code ...........: CAR
2019-07-23T14:21:26:  Projection name ...........: plate carree
2019-07-23T14:21:26:  Radius of the gen. sphere .: 57.2957795130823 deg
2019-07-23T14:21:26:  Reference coordinate ......: (84.1331, 22.0145)
2019-07-23T14:21:26:  Reference pixel ...........: (40.5, 40.5)
2019-07-23T14:21:26:  Increment at reference ....: (-0.02, 0.02)
2019-07-23T14:21:26:  (Phi_0, Theta_0) ..........: (0, 0) deg
2019-07-23T14:21:26:  (Phi_p, Theta_p) ..........: (0, 67.9855) deg
2019-07-23T14:21:26:  LATPOLE keyword usage .....: Required to select between two valid solutions of Theta_p.
2019-07-23T14:21:26:  Reference vector (m_ref) ..: (84.1331, 22.0145, 0, 67.9855) deg
2019-07-23T14:21:26:  Euler angles ..............: (264.1331 deg, 22.0145 deg, 0 deg, 0.927089022159083, 0.374841226377402)
2019-07-23T14:21:26:  Latitude preserved ........: False
2019-07-23T14:21:26:  Unity PC matrix ...........: True
2019-07-23T14:21:26:  Pixel-to-image trafo ......: ()
2019-07-23T14:21:26:  Image-to-pixel trafo ......: ()
2019-07-23T14:21:26:  Strict bounds checking ....: True
2019-07-23T14:21:26:  Use fiducial offset .......: False
2019-07-23T14:21:26:  Fiducial offset ...........: (0, 0)
2019-07-23T14:21:26:  Rest frequency ............: UNDEFINED
2019-07-23T14:21:26:  Rest wavelength ...........: UNDEFINED
2019-07-23T14:21:26: 
2019-07-23T14:21:26: +==============+
2019-07-23T14:21:26: | Compute maps |
2019-07-23T14:21:26: +==============+
2019-07-23T14:21:26: 
2019-07-23T14:21:26: +==============+
2019-07-23T14:21:26: | Save sky map |
2019-07-23T14:21:26: +==============+
2019-07-23T14:21:26:  Sky map file ..............: /cta/carli/CPPM_Internship/Simulations_and_Analyses/plus_gradient_EDisp_South_z40_50h/source2b/skymap.fits
2019-07-23T14:21:26: 
2019-07-23T14:21:26: Application "ctskymap" terminated after 0 wall clock seconds, consuming 0.87 seconds of CPU time. This was rather quick!
