2019-07-22T14:07:47: ********************************************************************************
2019-07-22T14:07:47: *                                  ctbutterfly                                 *
2019-07-22T14:07:47: * ---------------------------------------------------------------------------- *
2019-07-22T14:07:47: * Version: 1.6.0                                                               *
2019-07-22T14:07:47: ********************************************************************************
2019-07-22T14:07:47: +============+
2019-07-22T14:07:47: | Parameters |
2019-07-22T14:07:47: +============+
2019-07-22T14:07:47:  inobs .....................: /cta/carli/CPPM_Internship/Simulations_and_Analyses/minus_gradient_AEff_South_z40_50h/source1c/obs_cube.fits
2019-07-22T14:07:47:  inmodel ...................: /cta/carli/CPPM_Internship/Simulations_and_Analyses/minus_gradient_AEff_South_z40_50h/source1c/obsmodel_binned.xml
2019-07-22T14:07:47:  srcname ...................: source1c
2019-07-22T14:07:47:  expcube ...................: /cta/carli/CPPM_Internship/Simulations_and_Analyses/minus_gradient_AEff_South_z40_50h/source1c/exposure_cube.fits
2019-07-22T14:07:47:  psfcube ...................: /cta/carli/CPPM_Internship/Simulations_and_Analyses/minus_gradient_AEff_South_z40_50h/source1c/PSF_cube.fits
2019-07-22T14:07:47:  edispcube .................: /cta/carli/CPPM_Internship/Simulations_and_Analyses/minus_gradient_AEff_South_z40_50h/source1c/edisp_cube.fits
2019-07-22T14:07:47:  bkgcube ...................: /cta/carli/CPPM_Internship/Simulations_and_Analyses/minus_gradient_AEff_South_z40_50h/source1c/background_cube.fits
2019-07-22T14:07:47:  caldb .....................: prod3b-v2
2019-07-22T14:07:47:  irf .......................: minus_gradient_AEff_South_z40_50h
2019-07-22T14:07:47:  edisp .....................: yes
2019-07-22T14:07:47:  outfile ...................: /cta/carli/CPPM_Internship/Simulations_and_Analyses/minus_gradient_AEff_South_z40_50h/source1c/butterfly_binned.ascii
2019-07-22T14:07:47:  method ....................: GAUSSIAN
2019-07-22T14:07:47:  fit .......................: no
2019-07-22T14:07:47:  confidence ................: 0.68
2019-07-22T14:07:47:  statistic .................: DEFAULT
2019-07-22T14:07:47:  like_accuracy .............: 0.005
2019-07-22T14:07:47:  max_iter ..................: 50
2019-07-22T14:07:47:  matrix ....................: NONE
2019-07-22T14:07:47:  ebinalg ...................: LOG
2019-07-22T14:07:47:  emin ......................: 0.1
2019-07-22T14:07:47:  emax ......................: 199.526229858398
2019-07-22T14:07:47:  enumbins ..................: 32
2019-07-22T14:07:47:  ebinfile ..................: [not queried]
2019-07-22T14:07:47:  chatter ...................: 4
2019-07-22T14:07:47:  clobber ...................: yes
2019-07-22T14:07:47:  debug .....................: no
2019-07-22T14:07:47:  mode ......................: ql
2019-07-22T14:07:47:  logfile ...................: ctbutterfly.log
2019-07-22T14:07:47: 
2019-07-22T14:07:47: +===================+
2019-07-22T14:07:47: | Input observation |
2019-07-22T14:07:47: +===================+
2019-07-22T14:07:47: === GObservations ===
2019-07-22T14:07:47:  Number of observations ....: 1
2019-07-22T14:07:47:  Number of models ..........: 2
2019-07-22T14:07:47:  Number of observed events .: 320085
2019-07-22T14:07:47:  Number of predicted events : 0
2019-07-22T14:07:47: === GCTAObservation ===
2019-07-22T14:07:47:  Name ......................: 
2019-07-22T14:07:47:  Identifier ................: 000001
2019-07-22T14:07:47:  Instrument ................: CTA
2019-07-22T14:07:47:  Event file ................: /cta/carli/CPPM_Internship/Simulations_and_Analyses/minus_gradient_AEff_South_z40_50h/source1c/obs_cube.fits
2019-07-22T14:07:47:  Event type ................: CountsCube
2019-07-22T14:07:47:  Statistic .................: cstat
2019-07-22T14:07:47:  Ontime ....................: 144000 s
2019-07-22T14:07:47:  Livetime ..................: 141120 s
2019-07-22T14:07:47:  Deadtime correction .......: 0.98
2019-07-22T14:07:47:  User energy range .........: undefined
2019-07-22T14:07:47: === GCTAPointing ===
2019-07-22T14:07:47:  Pointing direction ........: (RA,Dec)=(84.1331,22.0145)
2019-07-22T14:07:47: === GCTAResponseCube ===
2019-07-22T14:07:47:  Energy dispersion .........: Used
2019-07-22T14:07:47: === GCTACubeExposure ===
2019-07-22T14:07:47:  Filename ..................: /cta/carli/CPPM_Internship/Simulations_and_Analyses/minus_gradient_AEff_South_z40_50h/source1c/exposure_cube.fits
2019-07-22T14:07:47:  Livetime ..................: 141120 sec
2019-07-22T14:07:47: === GEnergies ===
2019-07-22T14:07:47:  Number of energies ........: 33
2019-07-22T14:07:47: === GGti ===
2019-07-22T14:07:47:  Number of intervals .......: 1
2019-07-22T14:07:47:  Ontime ....................: 144000 sec
2019-07-22T14:07:47:  Elapsed time ..............: 144000 sec
2019-07-22T14:07:47:  MJD range .................: 51544.5 - 51546.1666666667 s (TT)
2019-07-22T14:07:47:  UTC range .................: 2000-01-01T11:58:56 - 2000-01-03T03:58:56 s (TT)
2019-07-22T14:07:47:  Reference MJD .............: 51544.5
2019-07-22T14:07:47: === GSkyMap ===
2019-07-22T14:07:47:  Number of pixels ..........: 6400
2019-07-22T14:07:47:  X axis dimension ..........: 80
2019-07-22T14:07:47:  Y axis dimension ..........: 80
2019-07-22T14:07:47:  Number of maps ............: 33
2019-07-22T14:07:47:  Shape of maps .............: (33)
2019-07-22T14:07:47: === GCTACubePsf ===
2019-07-22T14:07:47:  Filename ..................: /cta/carli/CPPM_Internship/Simulations_and_Analyses/minus_gradient_AEff_South_z40_50h/source1c/PSF_cube.fits
2019-07-22T14:07:47: === GEnergies ===
2019-07-22T14:07:47:  Number of energies ........: 33
2019-07-22T14:07:47:  Number of delta bins ......: 200
2019-07-22T14:07:47:  Delta range ...............: 1.875e-06 - 0.298501875 deg
2019-07-22T14:07:47: === GSkyMap ===
2019-07-22T14:07:47:  Number of pixels ..........: 1
2019-07-22T14:07:47:  X axis dimension ..........: 1
2019-07-22T14:07:47:  Y axis dimension ..........: 1
2019-07-22T14:07:47:  Number of maps ............: 6600
2019-07-22T14:07:47:  Shape of maps .............: (200, 33)
2019-07-22T14:07:47: === GCTACubeEdisp ===
2019-07-22T14:07:47:  Filename ..................: /cta/carli/CPPM_Internship/Simulations_and_Analyses/minus_gradient_AEff_South_z40_50h/source1c/edisp_cube.fits
2019-07-22T14:07:47: === GEnergies ===
2019-07-22T14:07:47:  Number of energies ........: 33
2019-07-22T14:07:47:  Number of migra bins ......: 100
2019-07-22T14:07:47:  Migra range ...............: 0.02 - 2
2019-07-22T14:07:47: === GSkyMap ===
2019-07-22T14:07:47:  Number of pixels ..........: 1
2019-07-22T14:07:47:  X axis dimension ..........: 1
2019-07-22T14:07:47:  Y axis dimension ..........: 1
2019-07-22T14:07:47:  Number of maps ............: 3300
2019-07-22T14:07:47:  Shape of maps .............: (100, 33)
2019-07-22T14:07:47: === GCTACubeBackground ===
2019-07-22T14:07:47:  Filename ..................: /cta/carli/CPPM_Internship/Simulations_and_Analyses/minus_gradient_AEff_South_z40_50h/source1c/background_cube.fits
2019-07-22T14:07:47: === GEbounds ===
2019-07-22T14:07:47:  Number of intervals .......: 32
2019-07-22T14:07:47:  Energy range ..............: 100 GeV - 199.526229858398 TeV
2019-07-22T14:07:47: === GSkyMap ===
2019-07-22T14:07:47:  Number of pixels ..........: 6400
2019-07-22T14:07:47:  X axis dimension ..........: 80
2019-07-22T14:07:47:  Y axis dimension ..........: 80
2019-07-22T14:07:47:  Number of maps ............: 32
2019-07-22T14:07:47:  Shape of maps .............: (32)
2019-07-22T14:07:47: === GCTAResponseCache ===
2019-07-22T14:07:47:  Number of cached values ...: 0
2019-07-22T14:07:47: === GCTAEventCube ===
2019-07-22T14:07:47:  Number of events ..........: 320085
2019-07-22T14:07:47:  Number of elements ........: 204800
2019-07-22T14:07:47:  Number of pixels ..........: 6400
2019-07-22T14:07:47:  Number of energy bins .....: 32
2019-07-22T14:07:47:  Time interval .............: 51544.5 - 51546.1666666667 days
2019-07-22T14:07:47:  Pointing ..................: (RA,Dec)=(84.1331,22.0145)
2019-07-22T14:07:47: === GEbounds ===
2019-07-22T14:07:47:  Number of intervals .......: 32
2019-07-22T14:07:47:  Energy range ..............: 100 GeV - 199.526229858398 TeV
2019-07-22T14:07:47: === GSkyMap ===
2019-07-22T14:07:47:  Number of pixels ..........: 6400
2019-07-22T14:07:47:  X axis dimension ..........: 80
2019-07-22T14:07:47:  Y axis dimension ..........: 80
2019-07-22T14:07:47:  Number of maps ............: 32
2019-07-22T14:07:47:  Shape of maps .............: (32)
2019-07-22T14:07:47: === GSkyRegions ===
2019-07-22T14:07:47:  Number of regions .........: 0
2019-07-22T14:07:47: === GModels ===
2019-07-22T14:07:47:  Number of models ..........: 2
2019-07-22T14:07:47:  Number of parameters ......: 11
2019-07-22T14:07:47: === GModelSky ===
2019-07-22T14:07:47:  Name ......................: source1c
2019-07-22T14:07:47:  Instruments ...............: all
2019-07-22T14:07:47:  Test Statistic ............: 63541.564
2019-07-22T14:07:47:  Observation identifiers ...: all
2019-07-22T14:07:47:  Model type ................: PointSource
2019-07-22T14:07:47:  Model components ..........: "PointSource" * "ExponentialCutoffPowerLaw" * "Constant"
2019-07-22T14:07:47:  Number of parameters ......: 7
2019-07-22T14:07:47:  Number of spatial par's ...: 2
2019-07-22T14:07:47:   RA .......................: 83.6331 [-360,360] deg (fixed,scale=1)
2019-07-22T14:07:47:   DEC ......................: 22.0145 [-90,90] deg (fixed,scale=1)
2019-07-22T14:07:47:  Number of spectral par's ..: 4
2019-07-22T14:07:47:   Prefactor ................: 2.26554336025065e-18 +/- 2.31115989389272e-20 [1e-25,1e-15] ph/cm2/s/MeV (free,scale=1e-18,gradient)
2019-07-22T14:07:47:   Index ....................: -1.99221966214336 +/- 0.00934650015503375 [-0,-5]  (free,scale=-1,gradient)
2019-07-22T14:07:47:   CutoffEnergy .............: 52822825.2714863 +/- 5197321.04721821 [100000,10000000000] MeV (free,scale=10000000,gradient)
2019-07-22T14:07:47:   PivotEnergy ..............: 1000000 [10000,1000000000] MeV (fixed,scale=1000000,gradient)
2019-07-22T14:07:47:  Number of temporal par's ..: 1
2019-07-22T14:07:47:   Normalization ............: 1 (relative value) (fixed,scale=1,gradient)
2019-07-22T14:07:47:  Number of scale par's .....: 0
2019-07-22T14:07:47: === GCTAModelCubeBackground ===
2019-07-22T14:07:47:  Name ......................: BackgroundModel
2019-07-22T14:07:47:  Instruments ...............: CTA, HESS, MAGIC, VERITAS
2019-07-22T14:07:47:  Observation identifiers ...: all
2019-07-22T14:07:47:  Model type ................: "PowerLaw" * "Constant"
2019-07-22T14:07:47:  Number of parameters ......: 4
2019-07-22T14:07:47:  Number of spectral par's ..: 3
2019-07-22T14:07:47:   Prefactor ................: 0.992748736983107 +/- 0.00441643697771493 [0.01,100] ph/cm2/s/MeV (free,scale=1,gradient)
2019-07-22T14:07:47:   Index ....................: -0.00390585229479478 +/- 0.00257378495414278 [-5,5]  (free,scale=1,gradient)
2019-07-22T14:07:47:   PivotEnergy ..............: 1000000 MeV (fixed,scale=1000000,gradient)
2019-07-22T14:07:47:  Number of temporal par's ..: 1
2019-07-22T14:07:47:   Normalization ............: 1 (relative value) (fixed,scale=1,gradient)
2019-07-22T14:07:47: 
2019-07-22T14:07:47: +===========================+
2019-07-22T14:07:47: | Compute covariance matrix |
2019-07-22T14:07:47: +===========================+
2019-07-22T14:08:19: === GMatrixSparse ===
2019-07-22T14:08:19:  Number of rows ............: 11
2019-07-22T14:08:19:  Number of columns .........: 11
2019-07-22T14:08:19:  Number of nonzero elements : 25
2019-07-22T14:08:19:  Number of allocated cells .: 512
2019-07-22T14:08:19:  Memory block size .........: 512
2019-07-22T14:08:19:  Sparse matrix fill ........: 0.206611570247934
2019-07-22T14:08:19:  Pending element ...........: 0
2019-07-22T14:08:19:  Fill stack size ...........: 0 (none)
2019-07-22T14:08:19:  0, 0, 0, 0, 0, 0, 0, 0, 0, 0, 0
2019-07-22T14:08:19:  0, 0, 0, 0, 0, 0, 0, 0, 0, 0, 0
2019-07-22T14:08:19:  0, 0, 5.34146005513276e-40, 5.13189355367635e-23, -5.55231060062982e-14, 0, 0, -3.08636374892647e-24, -7.65947538168446e-25, 0, 0
2019-07-22T14:08:19:  0, 0, 5.13189355367635e-23, 8.73570651480325e-05, -33331.1580003532, 0, 0, 2.77582532371232e-07, -7.17681546416e-07, 0, 0
2019-07-22T14:08:19:  0, 0, -5.55231060062982e-14, -33331.1580003532, 27012146067928.3, 0, 0, 23.3654980109801, 245.022936665759, 0, 0
2019-07-22T14:08:19:  0, 0, 0, 0, 0, 0, 0, 0, 0, 0, 0
2019-07-22T14:08:19:  0, 0, 0, 0, 0, 0, 0, 0, 0, 0, 0
2019-07-22T14:08:19:  0, 0, -3.08636374892647e-24, 2.77582532371231e-07, 23.36549801098, 0, 0, 1.95049155781299e-05, 1.03480452613527e-05, 0, 0
2019-07-22T14:08:19:  0, 0, -7.65947538168446e-25, -7.17681546416e-07, 245.022936665759, 0, 0, 1.03480452613527e-05, 6.62436899017479e-06, 0, 0
2019-07-22T14:08:19:  0, 0, 0, 0, 0, 0, 0, 0, 0, 0, 0
2019-07-22T14:08:19:  0, 0, 0, 0, 0, 0, 0, 0, 0, 0, 0
2019-07-22T14:08:19: 
2019-07-22T14:08:19: +===============================+
2019-07-22T14:08:19: | Prepare butterfly computation |
2019-07-22T14:08:19: +===============================+
2019-07-22T14:08:19:  Confidence level ..........: 0.68
2019-07-22T14:08:19:  Corresponding scaling .....: 0.994458
2019-07-22T14:08:19: 
2019-07-22T14:08:19: +====================+
2019-07-22T14:08:19: | Generate butterfly |
2019-07-22T14:08:19: +====================+
2019-07-22T14:08:19: 
2019-07-22T14:08:19: +=========+
2019-07-22T14:08:19: | Results |
2019-07-22T14:08:19: +=========+
2019-07-22T14:08:19:  Intensity at 112606.251051226 MeV : 1.7528404928005e-16 (1.71687553569772e-16, 1.78880544990327e-16) ph/cm2/s/MeV
2019-07-22T14:08:19:  Intensity at 142786.615593472 MeV : 1.0915574810972e-16 (1.07121929555043e-16, 1.11189566664397e-16) ph/cm2/s/MeV
2019-07-22T14:08:19:  Intensity at 181055.824186555 MeV : 6.7964843203948e-17 (6.68216273512635e-17, 6.91080590566325e-17) ph/cm2/s/MeV
2019-07-22T14:08:19:  Intensity at 229581.822747338 MeV : 4.23094811674511e-17 (4.16703034548966e-17, 4.29486588800055e-17) ph/cm2/s/MeV
2019-07-22T14:08:19:  Intensity at 291113.603071291 MeV : 2.63320184181087e-17 (2.59758914149356e-17, 2.66881454212817e-17) ph/cm2/s/MeV
2019-07-22T14:08:19:  Intensity at 369136.932876502 MeV : 1.63830596225839e-17 (1.6184549617153e-17, 1.65815696280148e-17) ph/cm2/s/MeV
2019-07-22T14:08:19:  Intensity at 468071.824112259 MeV : 1.0189055887208e-17 (1.00775765998233e-17, 1.03005351745927e-17) ph/cm2/s/MeV
2019-07-22T14:08:19:  Intensity at 593522.926087366 MeV : 6.33366177889089e-18 (6.26992451507787e-18, 6.39739904270391e-18) ph/cm2/s/MeV
2019-07-22T14:08:19:  Intensity at 752597.028157849 MeV : 3.93458881390771e-18 (3.89703768659583e-18, 3.9721399412196e-18) ph/cm2/s/MeV
2019-07-22T14:08:19:  Intensity at 954305.65846188 MeV : 2.44226794073972e-18 (2.41927798061945e-18, 2.46525790085998e-18) ph/cm2/s/MeV
2019-07-22T14:08:19:  Intensity at 1210075.58587031 MeV : 1.5144076242526e-18 (1.49979126567791e-18, 1.5290239828273e-18) ph/cm2/s/MeV
2019-07-22T14:08:19:  Intensity at 1534396.14502492 MeV : 9.37839805967378e-19 (9.28283247583014e-19, 9.47396364351743e-19) ph/cm2/s/MeV
2019-07-22T14:08:19:  Intensity at 1945640.05534746 MeV : 5.79828926160194e-19 (5.73487776260271e-19, 5.86170076060117e-19) ph/cm2/s/MeV
2019-07-22T14:08:19:  Intensity at 2467104.23331454 MeV : 3.57737849917602e-19 (3.53516942959328e-19, 3.61958756875876e-19) ph/cm2/s/MeV
2019-07-22T14:08:19:  Intensity at 3128329.55988436 MeV : 2.20130809421621e-19 (2.17334868610537e-19, 2.22926750232705e-19) ph/cm2/s/MeV
2019-07-22T14:08:19:  Intensity at 3966774.36773649 MeV : 1.35001849896488e-19 (1.33167502787335e-19, 1.36836197005641e-19) ph/cm2/s/MeV
2019-07-22T14:08:19:  Intensity at 5029936.45116879 MeV : 8.2442479722249e-20 (8.12529543440454e-20, 8.36320051004527e-20) ph/cm2/s/MeV
2019-07-22T14:08:19:  Intensity at 6378043.81024912 MeV : 5.00748471550119e-20 (4.9311994798688e-20, 5.08376995113358e-20) ph/cm2/s/MeV
2019-07-22T14:08:19:  Intensity at 8087466.55954362 MeV : 3.02076947878183e-20 (2.97219688434111e-20, 3.06934207322255e-20) ph/cm2/s/MeV
2019-07-22T14:08:19:  Intensity at 10255043.285628 MeV : 1.80654474658368e-20 (1.77556893548628e-20, 1.83752055768108e-20) ph/cm2/s/MeV
2019-07-22T14:08:19:  Intensity at 13003566.9409974 MeV : 1.06857123369624e-20 (1.04850905448102e-20, 1.08863341291147e-20) ph/cm2/s/MeV
2019-07-22T14:08:19:  Intensity at 16488741.0495845 MeV : 6.23306563863491e-21 (6.09914310024814e-21, 6.36698817702168e-21) ph/cm2/s/MeV
2019-07-22T14:08:19:  Intensity at 20908000.2920645 MeV : 3.57207143628873e-21 (3.47943938930566e-21, 3.66470348327179e-21) ph/cm2/s/MeV
2019-07-22T14:08:19:  Intensity at 26511695.1560098 MeV : 2.00170683764521e-21 (1.93604960102475e-21, 2.06736407426568e-21) ph/cm2/s/MeV
2019-07-22T14:08:19:  Intensity at 33617274.2599379 MeV : 1.09026667587203e-21 (1.04363249588097e-21, 1.13690085586308e-21) ph/cm2/s/MeV
2019-07-22T14:08:19:  Intensity at 42627267.7781488 MeV : 5.72805845335763e-22 (5.40390836261094e-22, 6.05220854410433e-22) ph/cm2/s/MeV
2019-07-22T14:08:19:  Intensity at 54052090.7251378 MeV : 2.87493541516965e-22 (2.65889151873862e-22, 3.09097931160068e-22) ph/cm2/s/MeV
2019-07-22T14:08:19:  Intensity at 68538957.9028144 MeV : 1.36167503119873e-22 (1.22606616013616e-22, 1.49728390226129e-22) ph/cm2/s/MeV
2019-07-22T14:08:19:  Intensity at 86908548.5386981 MeV : 5.99233645270563e-23 (5.20500219799109e-23, 6.77967070742017e-23) ph/cm2/s/MeV
2019-07-22T14:08:19:  Intensity at 110201497.662297 MeV : 2.4023729566286e-23 (1.9881081187524e-23, 2.81663779450479e-23) ph/cm2/s/MeV
2019-07-22T14:08:19:  Intensity at 139737347.950364 MeV : 8.55770448428255e-24 (6.63089052701091e-24, 1.04845184415542e-23) ph/cm2/s/MeV
2019-07-22T14:08:19:  Intensity at 177189301.655759 MeV : 2.62415904959002e-24 (1.85628875089456e-24, 3.39202934828547e-24) ph/cm2/s/MeV
2019-07-22T14:08:19: 
2019-07-22T14:08:19: +========================+
2019-07-22T14:08:19: | Save Butterfly diagram |
2019-07-22T14:08:19: +========================+
2019-07-22T14:08:19:  Butterfly file ............: /cta/carli/CPPM_Internship/Simulations_and_Analyses/minus_gradient_AEff_South_z40_50h/source1c/butterfly_binned.ascii
2019-07-22T14:08:19: 
2019-07-22T14:08:19: Application "ctbutterfly" terminated after 33 wall clock seconds, consuming 33.82 seconds of CPU time.
