2019-07-22T14:40:35: ********************************************************************************
2019-07-22T14:40:35: *                                  ctbutterfly                                 *
2019-07-22T14:40:35: * ---------------------------------------------------------------------------- *
2019-07-22T14:40:35: * Version: 1.6.0                                                               *
2019-07-22T14:40:35: ********************************************************************************
2019-07-22T14:40:35: +============+
2019-07-22T14:40:35: | Parameters |
2019-07-22T14:40:35: +============+
2019-07-22T14:40:35:  inobs .....................: /cta/carli/CPPM_Internship/Simulations_and_Analyses/South_z40_50h/source2a/obs_cube.fits
2019-07-22T14:40:35:  inmodel ...................: /cta/carli/CPPM_Internship/Simulations_and_Analyses/South_z40_50h/source2a/obsmodel_binned.xml
2019-07-22T14:40:35:  srcname ...................: source2a
2019-07-22T14:40:35:  expcube ...................: /cta/carli/CPPM_Internship/Simulations_and_Analyses/South_z40_50h/source2a/exposure_cube.fits
2019-07-22T14:40:35:  psfcube ...................: /cta/carli/CPPM_Internship/Simulations_and_Analyses/South_z40_50h/source2a/PSF_cube.fits
2019-07-22T14:40:35:  edispcube .................: /cta/carli/CPPM_Internship/Simulations_and_Analyses/South_z40_50h/source2a/edisp_cube.fits
2019-07-22T14:40:35:  bkgcube ...................: /cta/carli/CPPM_Internship/Simulations_and_Analyses/South_z40_50h/source2a/background_cube.fits
2019-07-22T14:40:35:  caldb .....................: prod3b-v2
2019-07-22T14:40:35:  irf .......................: South_z40_50h
2019-07-22T14:40:35:  edisp .....................: yes
2019-07-22T14:40:35:  outfile ...................: /cta/carli/CPPM_Internship/Simulations_and_Analyses/South_z40_50h/source2a/butterfly_binned.ascii
2019-07-22T14:40:35:  method ....................: GAUSSIAN
2019-07-22T14:40:35:  fit .......................: no
2019-07-22T14:40:35:  confidence ................: 0.68
2019-07-22T14:40:35:  statistic .................: DEFAULT
2019-07-22T14:40:35:  like_accuracy .............: 0.005
2019-07-22T14:40:35:  max_iter ..................: 50
2019-07-22T14:40:35:  matrix ....................: NONE
2019-07-22T14:40:35:  ebinalg ...................: LOG
2019-07-22T14:40:35:  emin ......................: 0.1
2019-07-22T14:40:35:  emax ......................: 199.526229858398
2019-07-22T14:40:35:  enumbins ..................: 32
2019-07-22T14:40:35:  ebinfile ..................: [not queried]
2019-07-22T14:40:35:  chatter ...................: 4
2019-07-22T14:40:35:  clobber ...................: yes
2019-07-22T14:40:35:  debug .....................: no
2019-07-22T14:40:35:  mode ......................: ql
2019-07-22T14:40:35:  logfile ...................: ctbutterfly.log
2019-07-22T14:40:35: 
2019-07-22T14:40:35: +===================+
2019-07-22T14:40:35: | Input observation |
2019-07-22T14:40:35: +===================+
2019-07-22T14:40:35: === GObservations ===
2019-07-22T14:40:35:  Number of observations ....: 1
2019-07-22T14:40:35:  Number of models ..........: 2
2019-07-22T14:40:35:  Number of observed events .: 309347
2019-07-22T14:40:35:  Number of predicted events : 0
2019-07-22T14:40:35: === GCTAObservation ===
2019-07-22T14:40:35:  Name ......................: 
2019-07-22T14:40:35:  Identifier ................: 000001
2019-07-22T14:40:35:  Instrument ................: CTA
2019-07-22T14:40:35:  Event file ................: /cta/carli/CPPM_Internship/Simulations_and_Analyses/South_z40_50h/source2a/obs_cube.fits
2019-07-22T14:40:35:  Event type ................: CountsCube
2019-07-22T14:40:35:  Statistic .................: cstat
2019-07-22T14:40:35:  Ontime ....................: 144000 s
2019-07-22T14:40:35:  Livetime ..................: 141120 s
2019-07-22T14:40:35:  Deadtime correction .......: 0.98
2019-07-22T14:40:35:  User energy range .........: undefined
2019-07-22T14:40:35: === GCTAPointing ===
2019-07-22T14:40:35:  Pointing direction ........: (RA,Dec)=(84.1331,22.0145)
2019-07-22T14:40:35: === GCTAResponseCube ===
2019-07-22T14:40:35:  Energy dispersion .........: Used
2019-07-22T14:40:35: === GCTACubeExposure ===
2019-07-22T14:40:35:  Filename ..................: /cta/carli/CPPM_Internship/Simulations_and_Analyses/South_z40_50h/source2a/exposure_cube.fits
2019-07-22T14:40:35:  Livetime ..................: 141120 sec
2019-07-22T14:40:35: === GEnergies ===
2019-07-22T14:40:35:  Number of energies ........: 33
2019-07-22T14:40:35: === GGti ===
2019-07-22T14:40:35:  Number of intervals .......: 1
2019-07-22T14:40:35:  Ontime ....................: 144000 sec
2019-07-22T14:40:35:  Elapsed time ..............: 144000 sec
2019-07-22T14:40:35:  MJD range .................: 51544.5 - 51546.1666666667 s (TT)
2019-07-22T14:40:35:  UTC range .................: 2000-01-01T11:58:56 - 2000-01-03T03:58:56 s (TT)
2019-07-22T14:40:35:  Reference MJD .............: 51544.5
2019-07-22T14:40:35: === GSkyMap ===
2019-07-22T14:40:35:  Number of pixels ..........: 6400
2019-07-22T14:40:35:  X axis dimension ..........: 80
2019-07-22T14:40:35:  Y axis dimension ..........: 80
2019-07-22T14:40:35:  Number of maps ............: 33
2019-07-22T14:40:35:  Shape of maps .............: (33)
2019-07-22T14:40:35: === GCTACubePsf ===
2019-07-22T14:40:35:  Filename ..................: /cta/carli/CPPM_Internship/Simulations_and_Analyses/South_z40_50h/source2a/PSF_cube.fits
2019-07-22T14:40:35: === GEnergies ===
2019-07-22T14:40:35:  Number of energies ........: 33
2019-07-22T14:40:35:  Number of delta bins ......: 200
2019-07-22T14:40:35:  Delta range ...............: 1.875e-06 - 0.298501875 deg
2019-07-22T14:40:35: === GSkyMap ===
2019-07-22T14:40:35:  Number of pixels ..........: 1
2019-07-22T14:40:35:  X axis dimension ..........: 1
2019-07-22T14:40:35:  Y axis dimension ..........: 1
2019-07-22T14:40:35:  Number of maps ............: 6600
2019-07-22T14:40:35:  Shape of maps .............: (200, 33)
2019-07-22T14:40:35: === GCTACubeEdisp ===
2019-07-22T14:40:35:  Filename ..................: /cta/carli/CPPM_Internship/Simulations_and_Analyses/South_z40_50h/source2a/edisp_cube.fits
2019-07-22T14:40:35: === GEnergies ===
2019-07-22T14:40:35:  Number of energies ........: 33
2019-07-22T14:40:35:  Number of migra bins ......: 100
2019-07-22T14:40:35:  Migra range ...............: 0.02 - 2
2019-07-22T14:40:35: === GSkyMap ===
2019-07-22T14:40:35:  Number of pixels ..........: 1
2019-07-22T14:40:35:  X axis dimension ..........: 1
2019-07-22T14:40:35:  Y axis dimension ..........: 1
2019-07-22T14:40:35:  Number of maps ............: 3300
2019-07-22T14:40:35:  Shape of maps .............: (100, 33)
2019-07-22T14:40:35: === GCTACubeBackground ===
2019-07-22T14:40:35:  Filename ..................: /cta/carli/CPPM_Internship/Simulations_and_Analyses/South_z40_50h/source2a/background_cube.fits
2019-07-22T14:40:35: === GEbounds ===
2019-07-22T14:40:35:  Number of intervals .......: 32
2019-07-22T14:40:35:  Energy range ..............: 100 GeV - 199.526229858398 TeV
2019-07-22T14:40:35: === GSkyMap ===
2019-07-22T14:40:35:  Number of pixels ..........: 6400
2019-07-22T14:40:35:  X axis dimension ..........: 80
2019-07-22T14:40:35:  Y axis dimension ..........: 80
2019-07-22T14:40:35:  Number of maps ............: 32
2019-07-22T14:40:35:  Shape of maps .............: (32)
2019-07-22T14:40:35: === GCTAResponseCache ===
2019-07-22T14:40:35:  Number of cached values ...: 0
2019-07-22T14:40:35: === GCTAEventCube ===
2019-07-22T14:40:35:  Number of events ..........: 309347
2019-07-22T14:40:35:  Number of elements ........: 204800
2019-07-22T14:40:35:  Number of pixels ..........: 6400
2019-07-22T14:40:35:  Number of energy bins .....: 32
2019-07-22T14:40:35:  Time interval .............: 51544.5 - 51546.1666666667 days
2019-07-22T14:40:35:  Pointing ..................: (RA,Dec)=(84.1331,22.0145)
2019-07-22T14:40:35: === GEbounds ===
2019-07-22T14:40:35:  Number of intervals .......: 32
2019-07-22T14:40:35:  Energy range ..............: 100 GeV - 199.526229858398 TeV
2019-07-22T14:40:35: === GSkyMap ===
2019-07-22T14:40:35:  Number of pixels ..........: 6400
2019-07-22T14:40:35:  X axis dimension ..........: 80
2019-07-22T14:40:35:  Y axis dimension ..........: 80
2019-07-22T14:40:35:  Number of maps ............: 32
2019-07-22T14:40:35:  Shape of maps .............: (32)
2019-07-22T14:40:35: === GSkyRegions ===
2019-07-22T14:40:35:  Number of regions .........: 0
2019-07-22T14:40:35: === GModels ===
2019-07-22T14:40:35:  Number of models ..........: 2
2019-07-22T14:40:35:  Number of parameters ......: 11
2019-07-22T14:40:35: === GModelSky ===
2019-07-22T14:40:35:  Name ......................: source2a
2019-07-22T14:40:35:  Instruments ...............: all
2019-07-22T14:40:35:  Test Statistic ............: 16302.817
2019-07-22T14:40:35:  Observation identifiers ...: all
2019-07-22T14:40:35:  Model type ................: PointSource
2019-07-22T14:40:35:  Model components ..........: "PointSource" * "ExponentialCutoffPowerLaw" * "Constant"
2019-07-22T14:40:35:  Number of parameters ......: 7
2019-07-22T14:40:35:  Number of spatial par's ...: 2
2019-07-22T14:40:35:   RA .......................: 83.6331 [-360,360] deg (fixed,scale=1)
2019-07-22T14:40:35:   DEC ......................: 22.0145 [-90,90] deg (fixed,scale=1)
2019-07-22T14:40:35:  Number of spectral par's ..: 4
2019-07-22T14:40:35:   Prefactor ................: 7.4269483138276e-19 +/- 1.32102737316474e-20 [1e-26,1e-16] ph/cm2/s/MeV (free,scale=1e-19,gradient)
2019-07-22T14:40:35:   Index ....................: -2.03568693893971 +/- 0.015490882482541 [-0,-5]  (free,scale=-1,gradient)
2019-07-22T14:40:35:   CutoffEnergy .............: 9690419545.26695 +/- 162562020062.535 [1000000,100000000000] MeV (free,scale=100000000,gradient)
2019-07-22T14:40:35:   PivotEnergy ..............: 1000000 [10000,1000000000] MeV (fixed,scale=1000000,gradient)
2019-07-22T14:40:35:  Number of temporal par's ..: 1
2019-07-22T14:40:35:   Normalization ............: 1 (relative value) (fixed,scale=1,gradient)
2019-07-22T14:40:35:  Number of scale par's .....: 0
2019-07-22T14:40:35: === GCTAModelCubeBackground ===
2019-07-22T14:40:35:  Name ......................: BackgroundModel
2019-07-22T14:40:35:  Instruments ...............: CTA, HESS, MAGIC, VERITAS
2019-07-22T14:40:35:  Observation identifiers ...: all
2019-07-22T14:40:35:  Model type ................: "PowerLaw" * "Constant"
2019-07-22T14:40:35:  Number of parameters ......: 4
2019-07-22T14:40:35:  Number of spectral par's ..: 3
2019-07-22T14:40:35:   Prefactor ................: 0.992391075405091 +/- 0.00440896451890558 [0.01,100] ph/cm2/s/MeV (free,scale=1,gradient)
2019-07-22T14:40:35:   Index ....................: -0.00381701853877628 +/- 0.0025689218326165 [-5,5]  (free,scale=1,gradient)
2019-07-22T14:40:35:   PivotEnergy ..............: 1000000 MeV (fixed,scale=1000000,gradient)
2019-07-22T14:40:35:  Number of temporal par's ..: 1
2019-07-22T14:40:35:   Normalization ............: 1 (relative value) (fixed,scale=1,gradient)
2019-07-22T14:40:35: 
2019-07-22T14:40:35: +===========================+
2019-07-22T14:40:35: | Compute covariance matrix |
2019-07-22T14:40:35: +===========================+
2019-07-22T14:41:06: === GMatrixSparse ===
2019-07-22T14:41:06:  Number of rows ............: 11
2019-07-22T14:41:06:  Number of columns .........: 11
2019-07-22T14:41:06:  Number of nonzero elements : 25
2019-07-22T14:41:06:  Number of allocated cells .: 512
2019-07-22T14:41:06:  Memory block size .........: 512
2019-07-22T14:41:06:  Sparse matrix fill ........: 0.206611570247934
2019-07-22T14:41:06:  Pending element ...........: 0
2019-07-22T14:41:06:  Fill stack size ...........: 0 (none)
2019-07-22T14:41:06:  0, 0, 0, 0, 0, 0, 0, 0, 0, 0, 0
2019-07-22T14:41:06:  0, 0, 0, 0, 0, 0, 0, 0, 0, 0, 0
2019-07-22T14:41:06:  0, 0, 1.74511331778877e-40, -1.99691954444461e-23, -4.6120052232563e-10, 0, 0, -2.51639472012289e-24, -5.56774284353215e-25, 0, 0
2019-07-22T14:41:06:  0, 0, -1.99691954444461e-23, 0.000239967440608134, -1623536018.81026, 0, 0, 1.12755933620967e-06, -7.36220176801926e-07, 0, 0
2019-07-22T14:41:06:  0, 0, -4.6120052232563e-10, -1623536018.81026, 2.64264102945878e+22, 0, 0, -2273750.20574022, 5468148.28073973, 0, 0
2019-07-22T14:41:06:  0, 0, 0, 0, 0, 0, 0, 0, 0, 0, 0
2019-07-22T14:41:06:  0, 0, 0, 0, 0, 0, 0, 0, 0, 0, 0
2019-07-22T14:41:06:  0, 0, -2.51639472012289e-24, 1.12755933620967e-06, -2273750.20574023, 0, 0, 1.94389681289603e-05, 1.03150500056079e-05, 0, 0
2019-07-22T14:41:06:  0, 0, -5.56774284353216e-25, -7.36220176801925e-07, 5468148.28073972, 0, 0, 1.03150500056079e-05, 6.59935938213643e-06, 0, 0
2019-07-22T14:41:06:  0, 0, 0, 0, 0, 0, 0, 0, 0, 0, 0
2019-07-22T14:41:06:  0, 0, 0, 0, 0, 0, 0, 0, 0, 0, 0
2019-07-22T14:41:06: 
2019-07-22T14:41:06: +===============================+
2019-07-22T14:41:06: | Prepare butterfly computation |
2019-07-22T14:41:06: +===============================+
2019-07-22T14:41:06:  Confidence level ..........: 0.68
2019-07-22T14:41:06:  Corresponding scaling .....: 0.994458
2019-07-22T14:41:06: 
2019-07-22T14:41:06: +====================+
2019-07-22T14:41:06: | Generate butterfly |
2019-07-22T14:41:06: +====================+
2019-07-22T14:41:06: 
2019-07-22T14:41:06: +=========+
2019-07-22T14:41:06: | Results |
2019-07-22T14:41:06: +=========+
2019-07-22T14:41:06:  Intensity at 112606.251051226 MeV : 6.33179996545093e-17 (6.08108926870567e-17, 6.58251066219619e-17) ph/cm2/s/MeV
2019-07-22T14:41:06:  Intensity at 142786.615593472 MeV : 3.90477144033858e-17 (3.76273482199587e-17, 4.04680805868129e-17) ph/cm2/s/MeV
2019-07-22T14:41:06:  Intensity at 181055.824186555 MeV : 2.40803995028566e-17 (2.32798749115817e-17, 2.48809240941315e-17) ph/cm2/s/MeV
2019-07-22T14:41:06:  Intensity at 229581.822747338 MeV : 1.48501656324987e-17 (1.44012833312134e-17, 1.5299047933784e-17) ph/cm2/s/MeV
2019-07-22T14:41:06:  Intensity at 291113.603071291 MeV : 9.15795119224234e-18 (8.90737935375185e-18, 9.40852303073283e-18) ph/cm2/s/MeV
2019-07-22T14:41:06:  Intensity at 369136.932876502 MeV : 5.64760888093982e-18 (5.50815394839566e-18, 5.78706381348398e-18) ph/cm2/s/MeV
2019-07-22T14:41:06:  Intensity at 468071.824112259 MeV : 3.48281144694264e-18 (3.40519174467716e-18, 3.56043114920812e-18) ph/cm2/s/MeV
2019-07-22T14:41:06:  Intensity at 593522.926087366 MeV : 2.14780142164061e-18 (2.10436079558284e-18, 2.19124204769839e-18) ph/cm2/s/MeV
2019-07-22T14:41:06:  Intensity at 752597.028157849 MeV : 1.32451469484625e-18 (1.29986609339172e-18, 1.34916329630078e-18) ph/cm2/s/MeV
2019-07-22T14:41:06:  Intensity at 954305.65846188 MeV : 8.16803378893774e-19 (8.02477190208246e-19, 8.31129567579302e-19) ph/cm2/s/MeV
2019-07-22T14:41:06:  Intensity at 1210075.58587031 MeV : 5.0370451936597e-19 (4.95097382858438e-19, 5.12311655873502e-19) ph/cm2/s/MeV
2019-07-22T14:41:06:  Intensity at 1534396.14502492 MeV : 3.10621202817509e-19 (3.05258566400311e-19, 3.15983839234707e-19) ph/cm2/s/MeV
2019-07-22T14:41:06:  Intensity at 1945640.05534746 MeV : 1.91550129998916e-19 (1.88101685773522e-19, 1.9499857422431e-19) ph/cm2/s/MeV
2019-07-22T14:41:06:  Intensity at 2467104.23331454 MeV : 1.18121476055569e-19 (1.15855617782173e-19, 1.20387334328964e-19) ph/cm2/s/MeV
2019-07-22T14:41:06:  Intensity at 3128329.55988436 MeV : 7.28398454908893e-20 (7.13347020086046e-20, 7.43449889731739e-20) ph/cm2/s/MeV
2019-07-22T14:41:06:  Intensity at 3966774.36773649 MeV : 4.49160156052491e-20 (4.39136392475906e-20, 4.59183919629076e-20) ph/cm2/s/MeV
2019-07-22T14:41:06:  Intensity at 5029936.45116879 MeV : 2.76964024416535e-20 (2.70307730969724e-20, 2.83620317863347e-20) ph/cm2/s/MeV
2019-07-22T14:41:06:  Intensity at 6378043.81024912 MeV : 1.70778316380618e-20 (1.66384006870262e-20, 1.75172625890973e-20) ph/cm2/s/MeV
2019-07-22T14:41:06:  Intensity at 8087466.55954362 MeV : 1.05299401167403e-20 (1.02418331754934e-20, 1.08180470579871e-20) ph/cm2/s/MeV
2019-07-22T14:41:06:  Intensity at 10255043.285628 MeV : 6.49229943532667e-21 (6.30455871580929e-21, 6.68004015484405e-21) ph/cm2/s/MeV
2019-07-22T14:41:06:  Intensity at 13003566.9409974 MeV : 4.00262723714417e-21 (3.88066492599065e-21, 4.12458954829769e-21) ph/cm2/s/MeV
2019-07-22T14:41:06:  Intensity at 16488741.0495845 MeV : 2.4675089484538e-21 (2.38802035141316e-21, 2.54699754549445e-21) ph/cm2/s/MeV
2019-07-22T14:41:06:  Intensity at 20908000.2920645 MeV : 1.52100437587941e-21 (1.46846797804326e-21, 1.57354077371556e-21) ph/cm2/s/MeV
2019-07-22T14:41:06:  Intensity at 26511695.1560098 MeV : 9.37452146817588e-22 (9.01720083786243e-22, 9.73184209848933e-22) ph/cm2/s/MeV
2019-07-22T14:41:06:  Intensity at 33617274.2599379 MeV : 5.77697439508479e-22 (5.52338343003562e-22, 6.03056536013397e-22) ph/cm2/s/MeV
2019-07-22T14:41:06:  Intensity at 42627267.7781488 MeV : 3.55931502093094e-22 (3.37054294678384e-22, 3.74808709507805e-22) ph/cm2/s/MeV
2019-07-22T14:41:06:  Intensity at 54052090.7251378 MeV : 2.19242217979727e-22 (2.04607588802134e-22, 2.33876847157321e-22) ph/cm2/s/MeV
2019-07-22T14:41:06:  Intensity at 68538957.9028144 MeV : 1.35003402842182e-22 (1.23353165955878e-22, 1.46653639728486e-22) ph/cm2/s/MeV
2019-07-22T14:41:06:  Intensity at 86908548.5386981 MeV : 8.30981264109801e-23 (7.37019169093396e-23, 9.24943359126206e-23) ph/cm2/s/MeV
2019-07-22T14:41:06:  Intensity at 110201497.662297 MeV : 5.11230903923465e-23 (4.35160408210584e-23, 5.87301399636346e-23) ph/cm2/s/MeV
2019-07-22T14:41:06:  Intensity at 139737347.950364 MeV : 3.14313604229603e-23 (2.52817138549506e-23, 3.75810069909701e-23) ph/cm2/s/MeV
2019-07-22T14:41:06:  Intensity at 177189301.655759 MeV : 1.93087643896566e-23 (1.43572509570198e-23, 2.42602778222935e-23) ph/cm2/s/MeV
2019-07-22T14:41:06: 
2019-07-22T14:41:06: +========================+
2019-07-22T14:41:06: | Save Butterfly diagram |
2019-07-22T14:41:06: +========================+
2019-07-22T14:41:06:  Butterfly file ............: /cta/carli/CPPM_Internship/Simulations_and_Analyses/South_z40_50h/source2a/butterfly_binned.ascii
2019-07-22T14:41:06: 
2019-07-22T14:41:06: Application "ctbutterfly" terminated after 32 wall clock seconds, consuming 33.08 seconds of CPU time.
