2019-07-22T11:59:40: ********************************************************************************
2019-07-22T11:59:40: *                                   ctskymap                                   *
2019-07-22T11:59:40: * ---------------------------------------------------------------------------- *
2019-07-22T11:59:40: * Version: 1.6.0                                                               *
2019-07-22T11:59:40: ********************************************************************************
2019-07-22T11:59:40: +============+
2019-07-22T11:59:40: | Parameters |
2019-07-22T11:59:40: +============+
2019-07-22T11:59:40:  inobs .....................: /cta/carli/CPPM_Internship/Simulations_and_Analyses/South_z40_50h/source2a/obs.fits
2019-07-22T11:59:40:  caldb .....................: prod3b-v2
2019-07-22T11:59:40:  irf .......................: South_z40_50h
2019-07-22T11:59:40:  inmap .....................: NONE
2019-07-22T11:59:40:  outmap ....................: /cta/carli/CPPM_Internship/Simulations_and_Analyses/South_z40_50h/source2a/skymap.fits
2019-07-22T11:59:40:  emin ......................: 0.1
2019-07-22T11:59:40:  emax ......................: 199.526229858398
2019-07-22T11:59:40:  usepnt ....................: yes
2019-07-22T11:59:40:  nxpix .....................: 80
2019-07-22T11:59:40:  nypix .....................: 80
2019-07-22T11:59:40:  binsz .....................: 0.02
2019-07-22T11:59:40:  coordsys ..................: CEL
2019-07-22T11:59:40:  proj ......................: CAR
2019-07-22T11:59:40:  xref ......................: [not queried]
2019-07-22T11:59:40:  yref ......................: [not queried]
2019-07-22T11:59:40:  bkgsubtract ...............: NONE
2019-07-22T11:59:40:  roiradius .................: [not queried]
2019-07-22T11:59:40:  inradius ..................: [not queried]
2019-07-22T11:59:40:  outradius .................: [not queried]
2019-07-22T11:59:40:  iterations ................: [not queried]
2019-07-22T11:59:40:  threshold .................: [not queried]
2019-07-22T11:59:40:  inexclusion ...............: NONE
2019-07-22T11:59:40:  usefft ....................: yes
2019-07-22T11:59:40:  publish ...................: no
2019-07-22T11:59:40:  chatter ...................: 4
2019-07-22T11:59:40:  clobber ...................: yes
2019-07-22T11:59:40:  debug .....................: no
2019-07-22T11:59:40:  mode ......................: ql
2019-07-22T11:59:40:  logfile ...................: ctskymap.log
2019-07-22T11:59:40: 
2019-07-22T11:59:40: +===================+
2019-07-22T11:59:40: | Input observation |
2019-07-22T11:59:40: +===================+
2019-07-22T11:59:40: === GObservations ===
2019-07-22T11:59:40:  Number of observations ....: 1
2019-07-22T11:59:40:  Number of models ..........: 0
2019-07-22T11:59:40:  Number of observed events .: 309349
2019-07-22T11:59:40:  Number of predicted events : 0
2019-07-22T11:59:40: === GCTAObservation ===
2019-07-22T11:59:40:  Name ......................: 
2019-07-22T11:59:40:  Identifier ................: 000001
2019-07-22T11:59:40:  Instrument ................: CTA
2019-07-22T11:59:40:  Event file ................: /cta/carli/CPPM_Internship/Simulations_and_Analyses/South_z40_50h/source2a/obs.fits
2019-07-22T11:59:40:  Event type ................: EventList
2019-07-22T11:59:40:  Statistic .................: cstat
2019-07-22T11:59:40:  Ontime ....................: 144000 s
2019-07-22T11:59:40:  Livetime ..................: 141120 s
2019-07-22T11:59:40:  Deadtime correction .......: 0.98
2019-07-22T11:59:40:  User energy range .........: undefined
2019-07-22T11:59:40: === GCTAPointing ===
2019-07-22T11:59:40:  Pointing direction ........: (RA,Dec)=(84.1331,22.0145)
2019-07-22T11:59:40:  Response function .........: undefined
2019-07-22T11:59:40: === GCTAEventList ===
2019-07-22T11:59:40:  Number of events ..........: 309349 (disposed in "/cta/carli/CPPM_Internship/Simulations_and_Analyses/South_z40_50h/source2a/obs.fits")
2019-07-22T11:59:40:  Time interval .............: 51544.5 - 51546.1666666667 days
2019-07-22T11:59:40: === GEbounds ===
2019-07-22T11:59:40:  Number of intervals .......: 1
2019-07-22T11:59:40:  Energy range ..............: 100 GeV - 199.526229858398 TeV
2019-07-22T11:59:40: === GCTARoi ===
2019-07-22T11:59:40:  RoI centre ................: RA=84.1331, DEC=22.0145 [0,0]
2019-07-22T11:59:40:  RoI radius ................: 0.8 deg
2019-07-22T11:59:40: === GSkyRegions ===
2019-07-22T11:59:40:  Number of regions .........: 0
2019-07-22T11:59:40: === GModels ===
2019-07-22T11:59:40:  Number of models ..........: 0
2019-07-22T11:59:40:  Number of parameters ......: 0
2019-07-22T11:59:40: 
2019-07-22T11:59:40: +===========================+
2019-07-22T11:59:40: | Find unbinned observation |
2019-07-22T11:59:40: +===========================+
2019-07-22T11:59:40: === CTA observation (id=000001) ===
2019-07-22T11:59:40:  Including unbinned CTA observation
2019-07-22T11:59:40: 
2019-07-22T11:59:40: +===========================+
2019-07-22T11:59:40: | Fill map from observation |
2019-07-22T11:59:40: +===========================+
2019-07-22T11:59:41: === CTA observation (id=000001) ===
2019-07-22T11:59:41:  Events in list ............: 309349
2019-07-22T11:59:41:  Events in map .............: 309348
2019-07-22T11:59:41:  Events outside RoI ........: 1
2019-07-22T11:59:41:  Events outside map area ...: 0
2019-07-22T11:59:41:  Events outside energies ...: 0
2019-07-22T11:59:41: 
2019-07-22T11:59:41: +=========+
2019-07-22T11:59:41: | Sky map |
2019-07-22T11:59:41: +=========+
2019-07-22T11:59:41: === GSkyMap ===
2019-07-22T11:59:41:  Number of pixels ..........: 6400
2019-07-22T11:59:41:  X axis dimension ..........: 80
2019-07-22T11:59:41:  Y axis dimension ..........: 80
2019-07-22T11:59:41:  Number of maps ............: 1
2019-07-22T11:59:41:  Shape of maps .............: (1)
2019-07-22T11:59:41: === GWcsCAR ===
2019-07-22T11:59:41:  Number of axes ............: 2
2019-07-22T11:59:41:  Longitude axis ............: 0
2019-07-22T11:59:41:  Latitude axis .............: 1
2019-07-22T11:59:41:  Spectral axis .............: -1
2019-07-22T11:59:41:  Coodinate system ..........: EQU
2019-07-22T11:59:41:  Projection code ...........: CAR
2019-07-22T11:59:41:  Projection name ...........: plate carree
2019-07-22T11:59:41:  Radius of the gen. sphere .: 57.2957795130823 deg
2019-07-22T11:59:41:  Reference coordinate ......: (84.1331, 22.0145)
2019-07-22T11:59:41:  Reference pixel ...........: (40.5, 40.5)
2019-07-22T11:59:41:  Increment at reference ....: (-0.02, 0.02)
2019-07-22T11:59:41:  (Phi_0, Theta_0) ..........: (0, 0) deg
2019-07-22T11:59:41:  (Phi_p, Theta_p) ..........: (0, 67.9855) deg
2019-07-22T11:59:41:  LATPOLE keyword usage .....: Required to select between two valid solutions of Theta_p.
2019-07-22T11:59:41:  Reference vector (m_ref) ..: (84.1331, 22.0145, 0, 67.9855) deg
2019-07-22T11:59:41:  Euler angles ..............: (264.1331 deg, 22.0145 deg, 0 deg, 0.927089022159083, 0.374841226377402)
2019-07-22T11:59:41:  Latitude preserved ........: False
2019-07-22T11:59:41:  Unity PC matrix ...........: True
2019-07-22T11:59:41:  Pixel-to-image trafo ......: ()
2019-07-22T11:59:41:  Image-to-pixel trafo ......: ()
2019-07-22T11:59:41:  Strict bounds checking ....: True
2019-07-22T11:59:41:  Use fiducial offset .......: False
2019-07-22T11:59:41:  Fiducial offset ...........: (0, 0)
2019-07-22T11:59:41:  Rest frequency ............: UNDEFINED
2019-07-22T11:59:41:  Rest wavelength ...........: UNDEFINED
2019-07-22T11:59:41: 
2019-07-22T11:59:41: +==============+
2019-07-22T11:59:41: | Compute maps |
2019-07-22T11:59:41: +==============+
2019-07-22T11:59:41: 
2019-07-22T11:59:41: +==============+
2019-07-22T11:59:41: | Save sky map |
2019-07-22T11:59:41: +==============+
2019-07-22T11:59:41:  Sky map file ..............: /cta/carli/CPPM_Internship/Simulations_and_Analyses/South_z40_50h/source2a/skymap.fits
2019-07-22T11:59:41: 
2019-07-22T11:59:41: Application "ctskymap" terminated after 1 wall clock seconds, consuming 0.82 seconds of CPU time.
