2019-07-23T19:08:46: ********************************************************************************
2019-07-23T19:08:46: *                                   csresspec                                  *
2019-07-23T19:08:46: * ---------------------------------------------------------------------------- *
2019-07-23T19:08:46: * Version: 1.6.0                                                               *
2019-07-23T19:08:46: ********************************************************************************
2019-07-23T19:08:46: +============+
2019-07-23T19:08:46: | Parameters |
2019-07-23T19:08:46: +============+
2019-07-23T19:08:46:  inobs .....................: /cta/carli/CPPM_Internship/Simulations_and_Analyses/minus_step_EDisp_South_z40_50h/source3a/obs_cube.fits
2019-07-23T19:08:46:  inmodel ...................: /cta/carli/CPPM_Internship/Simulations_and_Analyses/minus_step_EDisp_South_z40_50h/source3a/obsmodel_binned.xml
2019-07-23T19:08:46:  modcube ...................: /cta/carli/CPPM_Internship/Simulations_and_Analyses/minus_step_EDisp_South_z40_50h/source3a/obsmodel_cube.fits
2019-07-23T19:08:46:  expcube ...................: /cta/carli/CPPM_Internship/Simulations_and_Analyses/minus_step_EDisp_South_z40_50h/source3a/exposure_cube.fits
2019-07-23T19:08:46:  psfcube ...................: /cta/carli/CPPM_Internship/Simulations_and_Analyses/minus_step_EDisp_South_z40_50h/source3a/PSF_cube.fits
2019-07-23T19:08:46:  edispcube .................: /cta/carli/CPPM_Internship/Simulations_and_Analyses/minus_step_EDisp_South_z40_50h/source3a/edisp_cube.fits
2019-07-23T19:08:46:  bkgcube ...................: /cta/carli/CPPM_Internship/Simulations_and_Analyses/minus_step_EDisp_South_z40_50h/source3a/background_cube.fits
2019-07-23T19:08:46:  caldb .....................: prod3b-v2
2019-07-23T19:08:46:  irf .......................: South_z40_50h
2019-07-23T19:08:46:  edisp .....................: yes
2019-07-23T19:08:46:  outfile ...................: /cta/carli/CPPM_Internship/Simulations_and_Analyses/minus_step_EDisp_South_z40_50h/source3a/residuals_binned.fits
2019-07-23T19:08:46:  statistic .................: DEFAULT
2019-07-23T19:08:46:  components ................: yes
2019-07-23T19:08:46:  ebinalg ...................: LOG
2019-07-23T19:08:46:  emin ......................: 0.1
2019-07-23T19:08:46:  emax ......................: 199.526229858398
2019-07-23T19:08:46:  enumbins ..................: 32
2019-07-23T19:08:46:  ebinfile ..................: [not queried]
2019-07-23T19:08:46:  stack .....................: [not queried]
2019-07-23T19:08:46:  coordsys ..................: [not queried]
2019-07-23T19:08:46:  proj ......................: [not queried]
2019-07-23T19:08:46:  xref ......................: [not queried]
2019-07-23T19:08:46:  yref ......................: [not queried]
2019-07-23T19:08:46:  nxpix .....................: [not queried]
2019-07-23T19:08:46:  nypix .....................: [not queried]
2019-07-23T19:08:46:  binsz .....................: [not queried]
2019-07-23T19:08:46:  mask ......................: no
2019-07-23T19:08:46:  ra ........................: [not queried]
2019-07-23T19:08:46:  dec .......................: [not queried]
2019-07-23T19:08:46:  rad .......................: [not queried]
2019-07-23T19:08:46:  regfile ...................: [not queried]
2019-07-23T19:08:46:  algorithm .................: SUB
2019-07-23T19:08:46:  publish ...................: no
2019-07-23T19:08:46:  chatter ...................: 4
2019-07-23T19:08:46:  clobber ...................: yes
2019-07-23T19:08:46:  debug .....................: no
2019-07-23T19:08:46:  mode ......................: ql
2019-07-23T19:08:46:  logfile ...................: csresspec.log
2019-07-23T19:08:46: 
2019-07-23T19:08:46: +====================+
2019-07-23T19:08:46: | Observation census |
2019-07-23T19:08:46: +====================+
2019-07-23T19:08:46:  Unbinned CTA observations .: 0
2019-07-23T19:08:46:  Binned CTA observations ...: 1
2019-07-23T19:08:46:  On/off CTA observations ...: 0
2019-07-23T19:08:46:  Other observations ........: 0
2019-07-23T19:08:46: 
2019-07-23T19:08:46: +=============+
2019-07-23T19:08:46: | Observation |
2019-07-23T19:08:46: +=============+
2019-07-23T19:08:46: === GObservations ===
2019-07-23T19:08:46:  Number of observations ....: 1
2019-07-23T19:08:46:  Number of models ..........: 2
2019-07-23T19:08:46:  Number of observed events .: 305760
2019-07-23T19:08:46:  Number of predicted events : 0
2019-07-23T19:08:46: === GCTAObservation ===
2019-07-23T19:08:46:  Name ......................: 
2019-07-23T19:08:46:  Identifier ................: 000001
2019-07-23T19:08:46:  Instrument ................: CTA
2019-07-23T19:08:46:  Event file ................: /cta/carli/CPPM_Internship/Simulations_and_Analyses/minus_step_EDisp_South_z40_50h/source3a/obs_cube.fits
2019-07-23T19:08:46:  Event type ................: CountsCube
2019-07-23T19:08:46:  Statistic .................: cstat
2019-07-23T19:08:46:  Ontime ....................: 144000 s
2019-07-23T19:08:46:  Livetime ..................: 141120 s
2019-07-23T19:08:46:  Deadtime correction .......: 0.98
2019-07-23T19:08:46:  User energy range .........: undefined
2019-07-23T19:08:46: === GCTAPointing ===
2019-07-23T19:08:46:  Pointing direction ........: (RA,Dec)=(84.1331,22.0145)
2019-07-23T19:08:46: === GCTAResponseCube ===
2019-07-23T19:08:46:  Energy dispersion .........: Not used
2019-07-23T19:08:46: === GCTACubeExposure ===
2019-07-23T19:08:46:  Filename ..................: /cta/carli/CPPM_Internship/Simulations_and_Analyses/minus_step_EDisp_South_z40_50h/source3a/exposure_cube.fits
2019-07-23T19:08:46:  Livetime ..................: 141120 sec
2019-07-23T19:08:46: === GEnergies ===
2019-07-23T19:08:46:  Number of energies ........: 33
2019-07-23T19:08:46: === GGti ===
2019-07-23T19:08:46:  Number of intervals .......: 1
2019-07-23T19:08:46:  Ontime ....................: 144000 sec
2019-07-23T19:08:46:  Elapsed time ..............: 144000 sec
2019-07-23T19:08:46:  MJD range .................: 51544.5 - 51546.1666666667 s (TT)
2019-07-23T19:08:46:  UTC range .................: 2000-01-01T11:58:56 - 2000-01-03T03:58:56 s (TT)
2019-07-23T19:08:46:  Reference MJD .............: 51544.5
2019-07-23T19:08:46: === GSkyMap ===
2019-07-23T19:08:46:  Number of pixels ..........: 6400
2019-07-23T19:08:46:  X axis dimension ..........: 80
2019-07-23T19:08:46:  Y axis dimension ..........: 80
2019-07-23T19:08:46:  Number of maps ............: 33
2019-07-23T19:08:46:  Shape of maps .............: (33)
2019-07-23T19:08:46: === GCTACubePsf ===
2019-07-23T19:08:46:  Filename ..................: /cta/carli/CPPM_Internship/Simulations_and_Analyses/minus_step_EDisp_South_z40_50h/source3a/PSF_cube.fits
2019-07-23T19:08:46: === GEnergies ===
2019-07-23T19:08:46:  Number of energies ........: 33
2019-07-23T19:08:46:  Number of delta bins ......: 200
2019-07-23T19:08:46:  Delta range ...............: 1.875e-06 - 0.298501875 deg
2019-07-23T19:08:46: === GSkyMap ===
2019-07-23T19:08:46:  Number of pixels ..........: 1
2019-07-23T19:08:46:  X axis dimension ..........: 1
2019-07-23T19:08:46:  Y axis dimension ..........: 1
2019-07-23T19:08:46:  Number of maps ............: 6600
2019-07-23T19:08:46:  Shape of maps .............: (200, 33)
2019-07-23T19:08:46: === GCTACubeEdisp ===
2019-07-23T19:08:46:  Filename ..................: /cta/carli/CPPM_Internship/Simulations_and_Analyses/minus_step_EDisp_South_z40_50h/source3a/edisp_cube.fits
2019-07-23T19:08:46: === GEnergies ===
2019-07-23T19:08:46:  Number of energies ........: 33
2019-07-23T19:08:46:  Number of migra bins ......: 100
2019-07-23T19:08:46:  Migra range ...............: 0.02 - 2
2019-07-23T19:08:46: === GSkyMap ===
2019-07-23T19:08:46:  Number of pixels ..........: 1
2019-07-23T19:08:46:  X axis dimension ..........: 1
2019-07-23T19:08:46:  Y axis dimension ..........: 1
2019-07-23T19:08:46:  Number of maps ............: 3300
2019-07-23T19:08:46:  Shape of maps .............: (100, 33)
2019-07-23T19:08:46: === GCTACubeBackground ===
2019-07-23T19:08:46:  Filename ..................: /cta/carli/CPPM_Internship/Simulations_and_Analyses/minus_step_EDisp_South_z40_50h/source3a/background_cube.fits
2019-07-23T19:08:46: === GEbounds ===
2019-07-23T19:08:46:  Number of intervals .......: 32
2019-07-23T19:08:46:  Energy range ..............: 100 GeV - 199.526229858398 TeV
2019-07-23T19:08:46: === GSkyMap ===
2019-07-23T19:08:46:  Number of pixels ..........: 6400
2019-07-23T19:08:46:  X axis dimension ..........: 80
2019-07-23T19:08:46:  Y axis dimension ..........: 80
2019-07-23T19:08:46:  Number of maps ............: 32
2019-07-23T19:08:46:  Shape of maps .............: (32)
2019-07-23T19:08:46: === GCTAResponseCache ===
2019-07-23T19:08:46:  Number of cached values ...: 0
2019-07-23T19:08:46: === GCTAEventCube ===
2019-07-23T19:08:46:  Number of events ..........: 305760
2019-07-23T19:08:46:  Number of elements ........: 204800
2019-07-23T19:08:46:  Number of pixels ..........: 6400
2019-07-23T19:08:46:  Number of energy bins .....: 32
2019-07-23T19:08:46:  Time interval .............: 51544.5 - 51546.1666666667 days
2019-07-23T19:08:46:  Pointing ..................: (RA,Dec)=(84.1331,22.0145)
2019-07-23T19:08:46: === GEbounds ===
2019-07-23T19:08:46:  Number of intervals .......: 32
2019-07-23T19:08:46:  Energy range ..............: 100 GeV - 199.526229858398 TeV
2019-07-23T19:08:46: === GSkyMap ===
2019-07-23T19:08:46:  Number of pixels ..........: 6400
2019-07-23T19:08:46:  X axis dimension ..........: 80
2019-07-23T19:08:46:  Y axis dimension ..........: 80
2019-07-23T19:08:46:  Number of maps ............: 32
2019-07-23T19:08:46:  Shape of maps .............: (32)
2019-07-23T19:08:46: === GSkyRegions ===
2019-07-23T19:08:46:  Number of regions .........: 0
2019-07-23T19:08:46: === GModels ===
2019-07-23T19:08:46:  Number of models ..........: 2
2019-07-23T19:08:46:  Number of parameters ......: 11
2019-07-23T19:08:46: === GModelSky ===
2019-07-23T19:08:46:  Name ......................: source3a
2019-07-23T19:08:46:  Instruments ...............: all
2019-07-23T19:08:46:  Test Statistic ............: 16238.156
2019-07-23T19:08:46:  Observation identifiers ...: all
2019-07-23T19:08:46:  Model type ................: PointSource
2019-07-23T19:08:46:  Model components ..........: "PointSource" * "ExponentialCutoffPowerLaw" * "Constant"
2019-07-23T19:08:46:  Number of parameters ......: 7
2019-07-23T19:08:46:  Number of spatial par's ...: 2
2019-07-23T19:08:46:   RA .......................: 83.6331 [-360,360] deg (fixed,scale=1)
2019-07-23T19:08:46:   DEC ......................: 22.0145 [-90,90] deg (fixed,scale=1)
2019-07-23T19:08:46:  Number of spectral par's ..: 4
2019-07-23T19:08:46:   Prefactor ................: 7.3997791826415e-19 +/- 1.32066419644826e-20 [1e-26,1e-16] ph/cm2/s/MeV (free,scale=1e-19,gradient)
2019-07-23T19:08:46:   Index ....................: -2.02475855918062 +/- 0.0156888380730672 [-0,-5]  (free,scale=-1,gradient)
2019-07-23T19:08:46:   CutoffEnergy .............: 5081168182.41573 +/- 44024944279.6401 [1000000,100000000000] MeV (free,scale=100000000,gradient)
2019-07-23T19:08:46:   PivotEnergy ..............: 1000000 [10000,1000000000] MeV (fixed,scale=1000000,gradient)
2019-07-23T19:08:46:  Number of temporal par's ..: 1
2019-07-23T19:08:46:   Normalization ............: 1 (relative value) (fixed,scale=1,gradient)
2019-07-23T19:08:46:  Number of scale par's .....: 0
2019-07-23T19:08:46: === GCTAModelCubeBackground ===
2019-07-23T19:08:46:  Name ......................: BackgroundModel
2019-07-23T19:08:46:  Instruments ...............: CTA, HESS, MAGIC, VERITAS
2019-07-23T19:08:46:  Observation identifiers ...: all
2019-07-23T19:08:46:  Model type ................: "PowerLaw" * "Constant"
2019-07-23T19:08:46:  Number of parameters ......: 4
2019-07-23T19:08:46:  Number of spectral par's ..: 3
2019-07-23T19:08:46:   Prefactor ................: 1.02444437550479 +/- 0.00449806535129415 [0.01,100] ph/cm2/s/MeV (free,scale=1,gradient)
2019-07-23T19:08:46:   Index ....................: 0.0239674190389251 +/- 0.00255277011873533 [-5,5]  (free,scale=1,gradient)
2019-07-23T19:08:46:   PivotEnergy ..............: 1000000 MeV (fixed,scale=1000000,gradient)
2019-07-23T19:08:46:  Number of temporal par's ..: 1
2019-07-23T19:08:46:   Normalization ............: 1 (relative value) (fixed,scale=1,gradient)
2019-07-23T19:08:46: 
2019-07-23T19:08:46: +=========================+
2019-07-23T19:08:46: | Processing Observations |
2019-07-23T19:08:46: +=========================+
2019-07-23T19:08:46: Computing model cube
2019-07-23T19:08:52: Computing counts, model, and residual spectra
2019-07-23T19:08:52:  Computing model component .: source3a
2019-07-23T19:08:57:  Computing model component .: BackgroundModel
2019-07-23T19:08:57: Filling residual table
2019-07-23T19:08:57: 
2019-07-23T19:08:57: +================+
2019-07-23T19:08:57: | Save residuals |
2019-07-23T19:08:57: +================+
2019-07-23T19:08:57:  Residuals file ............: /cta/carli/CPPM_Internship/Simulations_and_Analyses/minus_step_EDisp_South_z40_50h/source3a/residuals_binned.fits
2019-07-23T19:08:57: 
2019-07-23T19:08:57: Application "csresspec" terminated after 11 wall clock seconds, consuming 13.8 seconds of CPU time.
