2019-07-25T11:13:05: ********************************************************************************
2019-07-25T11:13:05: *                                    cterror                                   *
2019-07-25T11:13:05: * ---------------------------------------------------------------------------- *
2019-07-25T11:13:05: * Version: 1.6.0                                                               *
2019-07-25T11:13:05: ********************************************************************************
2019-07-25T11:13:05: +============+
2019-07-25T11:13:05: | Parameters |
2019-07-25T11:13:05: +============+
2019-07-25T11:13:05:  inobs .....................: /cta/carli/CPPM_Internship/Simulations_and_Analyses/minus_step_EDisp_South_z40_50h/source3a/obs_cube.fits
2019-07-25T11:13:05:  inmodel ...................: /cta/carli/CPPM_Internship/Simulations_and_Analyses/minus_step_EDisp_South_z40_50h/source3a/obsmodel_binned.xml
2019-07-25T11:13:05:  srcname ...................: source3a
2019-07-25T11:13:05:  expcube ...................: /cta/carli/CPPM_Internship/Simulations_and_Analyses/minus_step_EDisp_South_z40_50h/source3a/exposure_cube.fits
2019-07-25T11:13:05:  psfcube ...................: /cta/carli/CPPM_Internship/Simulations_and_Analyses/minus_step_EDisp_South_z40_50h/source3a/PSF_cube.fits
2019-07-25T11:13:05:  edispcube .................: /cta/carli/CPPM_Internship/Simulations_and_Analyses/minus_step_EDisp_South_z40_50h/source3a/edisp_cube.fits
2019-07-25T11:13:05:  bkgcube ...................: /cta/carli/CPPM_Internship/Simulations_and_Analyses/minus_step_EDisp_South_z40_50h/source3a/background_cube.fits
2019-07-25T11:13:05:  caldb .....................: prod3b-v2
2019-07-25T11:13:05:  irf .......................: minus_step_EDisp_South_z40_50h
2019-07-25T11:13:05:  edisp .....................: yes
2019-07-25T11:13:05:  outmodel ..................: 
2019-07-25T11:13:05:  confidence ................: 0.95
2019-07-25T11:13:05:  tol .......................: 1e-3
2019-07-25T11:13:05:  statistic .................: DEFAULT
2019-07-25T11:13:05:  like_accuracy .............: 0.005
2019-07-25T11:13:05:  max_iter ..................: 50
2019-07-25T11:13:05:  nthreads ..................: 0
2019-07-25T11:13:05:  chatter ...................: 4
2019-07-25T11:13:05:  clobber ...................: yes
2019-07-25T11:13:05:  debug .....................: no
2019-07-25T11:13:05:  mode ......................: ql
2019-07-25T11:13:05:  logfile ...................: cterror95.log
2019-07-25T11:13:05: 
2019-07-25T11:13:05: +===================+
2019-07-25T11:13:05: | Input observation |
2019-07-25T11:13:05: +===================+
2019-07-25T11:13:05: === GObservations ===
2019-07-25T11:13:05:  Number of observations ....: 1
2019-07-25T11:13:05:  Number of models ..........: 2
2019-07-25T11:13:05:  Number of observed events .: 305760
2019-07-25T11:13:05:  Number of predicted events : 0
2019-07-25T11:13:05: === GCTAObservation ===
2019-07-25T11:13:05:  Name ......................: 
2019-07-25T11:13:05:  Identifier ................: 000001
2019-07-25T11:13:05:  Instrument ................: CTA
2019-07-25T11:13:05:  Event file ................: /cta/carli/CPPM_Internship/Simulations_and_Analyses/minus_step_EDisp_South_z40_50h/source3a/obs_cube.fits
2019-07-25T11:13:05:  Event type ................: CountsCube
2019-07-25T11:13:05:  Statistic .................: cstat
2019-07-25T11:13:05:  Ontime ....................: 144000 s
2019-07-25T11:13:05:  Livetime ..................: 141120 s
2019-07-25T11:13:05:  Deadtime correction .......: 0.98
2019-07-25T11:13:05:  User energy range .........: undefined
2019-07-25T11:13:05: === GCTAPointing ===
2019-07-25T11:13:05:  Pointing direction ........: (RA,Dec)=(84.1331,22.0145)
2019-07-25T11:13:05: === GCTAResponseCube ===
2019-07-25T11:13:05:  Energy dispersion .........: Used
2019-07-25T11:13:05: === GCTACubeExposure ===
2019-07-25T11:13:05:  Filename ..................: /cta/carli/CPPM_Internship/Simulations_and_Analyses/minus_step_EDisp_South_z40_50h/source3a/exposure_cube.fits
2019-07-25T11:13:05:  Livetime ..................: 141120 sec
2019-07-25T11:13:05: === GEnergies ===
2019-07-25T11:13:05:  Number of energies ........: 33
2019-07-25T11:13:05: === GGti ===
2019-07-25T11:13:05:  Number of intervals .......: 1
2019-07-25T11:13:05:  Ontime ....................: 144000 sec
2019-07-25T11:13:05:  Elapsed time ..............: 144000 sec
2019-07-25T11:13:05:  MJD range .................: 51544.5 - 51546.1666666667 s (TT)
2019-07-25T11:13:05:  UTC range .................: 2000-01-01T11:58:56 - 2000-01-03T03:58:56 s (TT)
2019-07-25T11:13:05:  Reference MJD .............: 51544.5
2019-07-25T11:13:05: === GSkyMap ===
2019-07-25T11:13:05:  Number of pixels ..........: 6400
2019-07-25T11:13:05:  X axis dimension ..........: 80
2019-07-25T11:13:05:  Y axis dimension ..........: 80
2019-07-25T11:13:05:  Number of maps ............: 33
2019-07-25T11:13:05:  Shape of maps .............: (33)
2019-07-25T11:13:05: === GCTACubePsf ===
2019-07-25T11:13:05:  Filename ..................: /cta/carli/CPPM_Internship/Simulations_and_Analyses/minus_step_EDisp_South_z40_50h/source3a/PSF_cube.fits
2019-07-25T11:13:05: === GEnergies ===
2019-07-25T11:13:05:  Number of energies ........: 33
2019-07-25T11:13:05:  Number of delta bins ......: 200
2019-07-25T11:13:05:  Delta range ...............: 1.875e-06 - 0.298501875 deg
2019-07-25T11:13:05: === GSkyMap ===
2019-07-25T11:13:05:  Number of pixels ..........: 1
2019-07-25T11:13:05:  X axis dimension ..........: 1
2019-07-25T11:13:05:  Y axis dimension ..........: 1
2019-07-25T11:13:05:  Number of maps ............: 6600
2019-07-25T11:13:05:  Shape of maps .............: (200, 33)
2019-07-25T11:13:05: === GCTACubeEdisp ===
2019-07-25T11:13:05:  Filename ..................: /cta/carli/CPPM_Internship/Simulations_and_Analyses/minus_step_EDisp_South_z40_50h/source3a/edisp_cube.fits
2019-07-25T11:13:05: === GEnergies ===
2019-07-25T11:13:05:  Number of energies ........: 33
2019-07-25T11:13:05:  Number of migra bins ......: 100
2019-07-25T11:13:05:  Migra range ...............: 0.02 - 2
2019-07-25T11:13:05: === GSkyMap ===
2019-07-25T11:13:05:  Number of pixels ..........: 1
2019-07-25T11:13:05:  X axis dimension ..........: 1
2019-07-25T11:13:05:  Y axis dimension ..........: 1
2019-07-25T11:13:05:  Number of maps ............: 3300
2019-07-25T11:13:05:  Shape of maps .............: (100, 33)
2019-07-25T11:13:05: === GCTACubeBackground ===
2019-07-25T11:13:05:  Filename ..................: /cta/carli/CPPM_Internship/Simulations_and_Analyses/minus_step_EDisp_South_z40_50h/source3a/background_cube.fits
2019-07-25T11:13:05: === GEbounds ===
2019-07-25T11:13:05:  Number of intervals .......: 32
2019-07-25T11:13:05:  Energy range ..............: 100 GeV - 199.526229858398 TeV
2019-07-25T11:13:05: === GSkyMap ===
2019-07-25T11:13:05:  Number of pixels ..........: 6400
2019-07-25T11:13:05:  X axis dimension ..........: 80
2019-07-25T11:13:05:  Y axis dimension ..........: 80
2019-07-25T11:13:05:  Number of maps ............: 32
2019-07-25T11:13:05:  Shape of maps .............: (32)
2019-07-25T11:13:05: === GCTAResponseCache ===
2019-07-25T11:13:05:  Number of cached values ...: 0
2019-07-25T11:13:05: === GCTAEventCube ===
2019-07-25T11:13:05:  Number of events ..........: 305760
2019-07-25T11:13:05:  Number of elements ........: 204800
2019-07-25T11:13:05:  Number of pixels ..........: 6400
2019-07-25T11:13:05:  Number of energy bins .....: 32
2019-07-25T11:13:05:  Time interval .............: 51544.5 - 51546.1666666667 days
2019-07-25T11:13:05:  Pointing ..................: (RA,Dec)=(84.1331,22.0145)
2019-07-25T11:13:05: === GEbounds ===
2019-07-25T11:13:05:  Number of intervals .......: 32
2019-07-25T11:13:05:  Energy range ..............: 100 GeV - 199.526229858398 TeV
2019-07-25T11:13:05: === GSkyMap ===
2019-07-25T11:13:05:  Number of pixels ..........: 6400
2019-07-25T11:13:05:  X axis dimension ..........: 80
2019-07-25T11:13:05:  Y axis dimension ..........: 80
2019-07-25T11:13:05:  Number of maps ............: 32
2019-07-25T11:13:05:  Shape of maps .............: (32)
2019-07-25T11:13:05: === GSkyRegions ===
2019-07-25T11:13:05:  Number of regions .........: 0
2019-07-25T11:13:05: === GModels ===
2019-07-25T11:13:05:  Number of models ..........: 2
2019-07-25T11:13:05:  Number of parameters ......: 11
2019-07-25T11:13:05: === GModelSky ===
2019-07-25T11:13:05:  Name ......................: source3a
2019-07-25T11:13:05:  Instruments ...............: all
2019-07-25T11:13:05:  Test Statistic ............: 16238.156
2019-07-25T11:13:05:  Observation identifiers ...: all
2019-07-25T11:13:05:  Model type ................: PointSource
2019-07-25T11:13:05:  Model components ..........: "PointSource" * "ExponentialCutoffPowerLaw" * "Constant"
2019-07-25T11:13:05:  Number of parameters ......: 7
2019-07-25T11:13:05:  Number of spatial par's ...: 2
2019-07-25T11:13:05:   RA .......................: 83.6331 [-360,360] deg (fixed,scale=1)
2019-07-25T11:13:05:   DEC ......................: 22.0145 [-90,90] deg (fixed,scale=1)
2019-07-25T11:13:05:  Number of spectral par's ..: 4
2019-07-25T11:13:05:   Prefactor ................: 7.3997791826415e-19 [1e-26,1e-16] ph/cm2/s/MeV (fixed,scale=1e-19,gradient)
2019-07-25T11:13:05:   Index ....................: -2.02475855918062 [-0,-5]  (fixed,scale=-1,gradient)
2019-07-25T11:13:05:   CutoffEnergy .............: 5081168182.41573 +/- 44024944279.6401 [1000000,100000000000] MeV (free,scale=100000000,gradient)
2019-07-25T11:13:05:   PivotEnergy ..............: 1000000 [10000,1000000000] MeV (fixed,scale=1000000,gradient)
2019-07-25T11:13:05:  Number of temporal par's ..: 1
2019-07-25T11:13:05:   Normalization ............: 1 (relative value) (fixed,scale=1,gradient)
2019-07-25T11:13:05:  Number of scale par's .....: 0
2019-07-25T11:13:05: === GCTAModelCubeBackground ===
2019-07-25T11:13:05:  Name ......................: BackgroundModel
2019-07-25T11:13:05:  Instruments ...............: CTA, HESS, MAGIC, VERITAS
2019-07-25T11:13:05:  Observation identifiers ...: all
2019-07-25T11:13:05:  Model type ................: "PowerLaw" * "Constant"
2019-07-25T11:13:05:  Number of parameters ......: 4
2019-07-25T11:13:05:  Number of spectral par's ..: 3
2019-07-25T11:13:05:   Prefactor ................: 1.02444437550479 [0.01,100] ph/cm2/s/MeV (fixed,scale=1,gradient)
2019-07-25T11:13:05:   Index ....................: 0.0239674190389251 [-5,5]  (fixed,scale=1,gradient)
2019-07-25T11:13:05:   PivotEnergy ..............: 1000000 MeV (fixed,scale=1000000,gradient)
2019-07-25T11:13:05:  Number of temporal par's ..: 1
2019-07-25T11:13:05:   Normalization ............: 1 (relative value) (fixed,scale=1,gradient)
2019-07-25T11:13:05: 
2019-07-25T11:13:05: +=============================+
2019-07-25T11:13:05: | Compute best-fit likelihood |
2019-07-25T11:13:05: +=============================+
2019-07-25T11:14:39: === GOptimizerLM ===
2019-07-25T11:14:39:  Optimized function value ..: -293804.978
2019-07-25T11:14:39:  Absolute precision ........: 0.005
2019-07-25T11:14:39:  Acceptable value decrease .: 2
2019-07-25T11:14:39:  Optimization status .......: converged
2019-07-25T11:14:39:  Number of parameters ......: 11
2019-07-25T11:14:39:  Number of free parameters .: 1
2019-07-25T11:14:39:  Number of iterations ......: 1
2019-07-25T11:14:39:  Lambda ....................: 0.0001
2019-07-25T11:14:39:  Maximum log likelihood ....: -293804.978
2019-07-25T11:14:39: === GModels ===
2019-07-25T11:14:39:  Number of models ..........: 2
2019-07-25T11:14:39:  Number of parameters ......: 11
2019-07-25T11:14:39: === GModelSky ===
2019-07-25T11:14:39:  Name ......................: source3a
2019-07-25T11:14:39:  Instruments ...............: all
2019-07-25T11:14:39:  Test Statistic ............: 16238.156
2019-07-25T11:14:39:  Observation identifiers ...: all
2019-07-25T11:14:39:  Model type ................: PointSource
2019-07-25T11:14:39:  Model components ..........: "PointSource" * "ExponentialCutoffPowerLaw" * "Constant"
2019-07-25T11:14:39:  Number of parameters ......: 7
2019-07-25T11:14:39:  Number of spatial par's ...: 2
2019-07-25T11:14:39:   RA .......................: 83.6331 [-360,360] deg (fixed,scale=1)
2019-07-25T11:14:39:   DEC ......................: 22.0145 [-90,90] deg (fixed,scale=1)
2019-07-25T11:14:39:  Number of spectral par's ..: 4
2019-07-25T11:14:39:   Prefactor ................: 7.3997791826415e-19 [1e-26,1e-16] ph/cm2/s/MeV (fixed,scale=1e-19,gradient)
2019-07-25T11:14:39:   Index ....................: -2.02475855918062 [-0,-5]  (fixed,scale=-1,gradient)
2019-07-25T11:14:39:   CutoffEnergy .............: 5382890678.70567 +/- 34878430068.2277 [1000000,100000000000] MeV (free,scale=100000000,gradient)
2019-07-25T11:14:39:   PivotEnergy ..............: 1000000 [10000,1000000000] MeV (fixed,scale=1000000,gradient)
2019-07-25T11:14:39:  Number of temporal par's ..: 1
2019-07-25T11:14:39:   Normalization ............: 1 (relative value) (fixed,scale=1,gradient)
2019-07-25T11:14:39:  Number of scale par's .....: 0
2019-07-25T11:14:39: === GCTAModelCubeBackground ===
2019-07-25T11:14:39:  Name ......................: BackgroundModel
2019-07-25T11:14:39:  Instruments ...............: CTA, HESS, MAGIC, VERITAS
2019-07-25T11:14:39:  Observation identifiers ...: all
2019-07-25T11:14:39:  Model type ................: "PowerLaw" * "Constant"
2019-07-25T11:14:39:  Number of parameters ......: 4
2019-07-25T11:14:39:  Number of spectral par's ..: 3
2019-07-25T11:14:39:   Prefactor ................: 1.02444437550479 [0.01,100] ph/cm2/s/MeV (fixed,scale=1,gradient)
2019-07-25T11:14:39:   Index ....................: 0.0239674190389251 [-5,5]  (fixed,scale=1,gradient)
2019-07-25T11:14:39:   PivotEnergy ..............: 1000000 MeV (fixed,scale=1000000,gradient)
2019-07-25T11:14:39:  Number of temporal par's ..: 1
2019-07-25T11:14:39:   Normalization ............: 1 (relative value) (fixed,scale=1,gradient)
2019-07-25T11:14:39: 
2019-07-25T11:14:39: +==============================================================+
2019-07-25T11:14:39: | Compute error for source "source3a" parameter "CutoffEnergy" |
2019-07-25T11:14:39: +==============================================================+
2019-07-25T11:14:39:  Confidence level ..........: 95 %
2019-07-25T11:14:39:  Log-likelihood difference .: 1.92073
2019-07-25T11:14:39:  Initial factor range ......: [0.01, 1000]
2019-07-25T11:14:49:    Iteration 1 .............: [0.01, 53.8289067870567]
2019-07-25T11:14:59:    Iteration 2 .............: [0.01, 26.9194533935284]
2019-07-25T11:15:09:    Iteration 3 .............: [0.01, 13.4647266967642]
2019-07-25T11:15:20:    Iteration 4 .............: [0.01, 6.73736334838209]
2019-07-25T11:15:30:    Iteration 5 .............: [3.37368167419105, 6.73736334838209]
2019-07-25T11:15:41:    Iteration 6 .............: [3.37368167419105, 5.05552251128657]
2019-07-25T11:15:51:    Iteration 7 .............: [3.37368167419105, 4.21460209273881]
2019-07-25T11:16:01:    Iteration 8 .............: [3.37368167419105, 3.79414188346493]
2019-07-25T11:16:11:    Iteration 9 .............: [3.58391177882799, 3.79414188346493]
2019-07-25T11:16:21:    Iteration 10 ............: [3.68902683114646, 3.79414188346493]
2019-07-25T11:16:31:    Iteration 11 ............: [3.68902683114646, 3.74158435730569]
2019-07-25T11:16:41:    Iteration 12 ............: [3.71530559422607, 3.74158435730569]
2019-07-25T11:16:51:    Iteration 13 ............: [3.71530559422607, 3.72844497576588]
2019-07-25T11:17:01:    Iteration 14 ............: [3.71530559422607, 3.72187528499598]
2019-07-25T11:17:11:    Iteration 15 ............: [3.71530559422607, 3.71859043961103]
2019-07-25T11:17:21:    Iteration 1 .............: [53.8289067870567, 1000]
2019-07-25T11:17:31:    Iteration 2 .............: [526.914453393528, 1000]
2019-07-25T11:17:41:    Iteration 3 .............: [763.457226696764, 1000]
2019-07-25T11:17:51:    Iteration 4 .............: [881.728613348382, 1000]
2019-07-25T11:18:02:    Iteration 5 .............: [940.864306674191, 1000]
2019-07-25T11:18:12:    Iteration 6 .............: [970.432153337096, 1000]
2019-07-25T11:18:22:    Iteration 7 .............: [985.216076668548, 1000]
2019-07-25T11:18:32:    Iteration 8 .............: [992.608038334274, 1000]
2019-07-25T11:18:42:    Iteration 9 .............: [996.304019167137, 1000]
2019-07-25T11:18:53:    Iteration 10 ............: [998.152009583569, 1000]
2019-07-25T11:19:03:    Iteration 11 ............: [999.076004791784, 1000]
2019-07-25T11:19:14:    Iteration 12 ............: [999.538002395892, 1000]
2019-07-25T11:19:24:    Iteration 13 ............: [999.769001197946, 1000]
2019-07-25T11:19:34:    Iteration 14 ............: [999.884500598973, 1000]
2019-07-25T11:19:45:    Iteration 15 ............: [999.942250299487, 1000]
2019-07-25T11:19:55:    Iteration 16 ............: [999.971125149743, 1000]
2019-07-25T11:20:05:    Iteration 17 ............: [999.985562574872, 1000]
2019-07-25T11:20:15:    Iteration 18 ............: [999.992781287436, 1000]
2019-07-25T11:20:25:    Iteration 19 ............: [999.996390643718, 1000]
2019-07-25T11:20:35:    Iteration 20 ............: [999.998195321859, 1000]
2019-07-25T11:20:45:    Iteration 21 ............: [999.999097660929, 1000]
2019-07-25T11:20:55:    Iteration 22 ............: [999.999548830465, 1000]
2019-07-25T11:21:06:    Iteration 23 ............: [999.999774415232, 1000]
2019-07-25T11:21:16:    Iteration 24 ............: [999.999887207616, 1000]
2019-07-25T11:21:26:    Iteration 25 ............: [999.999943603808, 1000]
2019-07-25T11:21:36:    Iteration 26 ............: [999.999971801904, 1000]
2019-07-25T11:21:47:    Iteration 27 ............: [999.999985900952, 1000]
2019-07-25T11:21:57:    Iteration 28 ............: [999.999992950476, 1000]
2019-07-25T11:22:07:    Iteration 29 ............: [999.999996475238, 1000]
2019-07-25T11:22:17:    Iteration 30 ............: [999.999998237619, 1000]
2019-07-25T11:22:27:    Iteration 31 ............: [999.999999118809, 1000]
2019-07-25T11:22:27:  Lower parameter factor ....: 3.71695
2019-07-25T11:22:27:  Upper parameter factor ....: 1000
2019-07-25T11:22:27:  Error from curvature ......: 34878430068.2277 MeV
2019-07-25T11:22:27:  Error from profile ........: 49814152577.1243 MeV
2019-07-25T11:22:27:  Negative profile error ....: 5011195877.01382 MeV
2019-07-25T11:22:27:  Positive profile error ....: 94617109277.2348 MeV
2019-07-25T11:22:27: 
2019-07-25T11:22:27: +==============+
2019-07-25T11:22:27: | Save results |
2019-07-25T11:22:27: +==============+
2019-07-25T11:22:27:  Model definition file .....: NONE
2019-07-25T11:22:27: 
2019-07-25T11:22:27: Application "cterror" terminated after 563 wall clock seconds, consuming 704.5 seconds of CPU time.
