2019-07-25T11:04:24: ********************************************************************************
2019-07-25T11:04:24: *                                    cterror                                   *
2019-07-25T11:04:24: * ---------------------------------------------------------------------------- *
2019-07-25T11:04:24: * Version: 1.6.0                                                               *
2019-07-25T11:04:24: ********************************************************************************
2019-07-25T11:04:24: +============+
2019-07-25T11:04:24: | Parameters |
2019-07-25T11:04:24: +============+
2019-07-25T11:04:24:  inobs .....................: /cta/carli/CPPM_Internship/Simulations_and_Analyses/minus_step_EDisp_South_z40_50h/source3a/obs_cube.fits
2019-07-25T11:04:24:  inmodel ...................: /cta/carli/CPPM_Internship/Simulations_and_Analyses/minus_step_EDisp_South_z40_50h/source3a/obsmodel_binned.xml
2019-07-25T11:04:24:  srcname ...................: source3a
2019-07-25T11:04:24:  expcube ...................: /cta/carli/CPPM_Internship/Simulations_and_Analyses/minus_step_EDisp_South_z40_50h/source3a/exposure_cube.fits
2019-07-25T11:04:24:  psfcube ...................: /cta/carli/CPPM_Internship/Simulations_and_Analyses/minus_step_EDisp_South_z40_50h/source3a/PSF_cube.fits
2019-07-25T11:04:24:  edispcube .................: /cta/carli/CPPM_Internship/Simulations_and_Analyses/minus_step_EDisp_South_z40_50h/source3a/edisp_cube.fits
2019-07-25T11:04:24:  bkgcube ...................: /cta/carli/CPPM_Internship/Simulations_and_Analyses/minus_step_EDisp_South_z40_50h/source3a/background_cube.fits
2019-07-25T11:04:24:  caldb .....................: prod3b-v2
2019-07-25T11:04:24:  irf .......................: minus_step_EDisp_South_z40_50h
2019-07-25T11:04:24:  edisp .....................: yes
2019-07-25T11:04:24:  outmodel ..................: 
2019-07-25T11:04:24:  confidence ................: 0.68
2019-07-25T11:04:24:  tol .......................: 1e-3
2019-07-25T11:04:24:  statistic .................: DEFAULT
2019-07-25T11:04:24:  like_accuracy .............: 0.005
2019-07-25T11:04:24:  max_iter ..................: 50
2019-07-25T11:04:24:  nthreads ..................: 0
2019-07-25T11:04:24:  chatter ...................: 4
2019-07-25T11:04:24:  clobber ...................: yes
2019-07-25T11:04:24:  debug .....................: no
2019-07-25T11:04:24:  mode ......................: ql
2019-07-25T11:04:24:  logfile ...................: cterror68.log
2019-07-25T11:04:24: 
2019-07-25T11:04:24: +===================+
2019-07-25T11:04:24: | Input observation |
2019-07-25T11:04:24: +===================+
2019-07-25T11:04:24: === GObservations ===
2019-07-25T11:04:24:  Number of observations ....: 1
2019-07-25T11:04:24:  Number of models ..........: 2
2019-07-25T11:04:24:  Number of observed events .: 305760
2019-07-25T11:04:24:  Number of predicted events : 0
2019-07-25T11:04:24: === GCTAObservation ===
2019-07-25T11:04:24:  Name ......................: 
2019-07-25T11:04:24:  Identifier ................: 000001
2019-07-25T11:04:24:  Instrument ................: CTA
2019-07-25T11:04:24:  Event file ................: /cta/carli/CPPM_Internship/Simulations_and_Analyses/minus_step_EDisp_South_z40_50h/source3a/obs_cube.fits
2019-07-25T11:04:24:  Event type ................: CountsCube
2019-07-25T11:04:24:  Statistic .................: cstat
2019-07-25T11:04:24:  Ontime ....................: 144000 s
2019-07-25T11:04:24:  Livetime ..................: 141120 s
2019-07-25T11:04:24:  Deadtime correction .......: 0.98
2019-07-25T11:04:24:  User energy range .........: undefined
2019-07-25T11:04:24: === GCTAPointing ===
2019-07-25T11:04:24:  Pointing direction ........: (RA,Dec)=(84.1331,22.0145)
2019-07-25T11:04:24: === GCTAResponseCube ===
2019-07-25T11:04:24:  Energy dispersion .........: Used
2019-07-25T11:04:24: === GCTACubeExposure ===
2019-07-25T11:04:24:  Filename ..................: /cta/carli/CPPM_Internship/Simulations_and_Analyses/minus_step_EDisp_South_z40_50h/source3a/exposure_cube.fits
2019-07-25T11:04:24:  Livetime ..................: 141120 sec
2019-07-25T11:04:24: === GEnergies ===
2019-07-25T11:04:24:  Number of energies ........: 33
2019-07-25T11:04:24: === GGti ===
2019-07-25T11:04:24:  Number of intervals .......: 1
2019-07-25T11:04:24:  Ontime ....................: 144000 sec
2019-07-25T11:04:24:  Elapsed time ..............: 144000 sec
2019-07-25T11:04:24:  MJD range .................: 51544.5 - 51546.1666666667 s (TT)
2019-07-25T11:04:24:  UTC range .................: 2000-01-01T11:58:56 - 2000-01-03T03:58:56 s (TT)
2019-07-25T11:04:24:  Reference MJD .............: 51544.5
2019-07-25T11:04:24: === GSkyMap ===
2019-07-25T11:04:24:  Number of pixels ..........: 6400
2019-07-25T11:04:24:  X axis dimension ..........: 80
2019-07-25T11:04:24:  Y axis dimension ..........: 80
2019-07-25T11:04:24:  Number of maps ............: 33
2019-07-25T11:04:24:  Shape of maps .............: (33)
2019-07-25T11:04:24: === GCTACubePsf ===
2019-07-25T11:04:24:  Filename ..................: /cta/carli/CPPM_Internship/Simulations_and_Analyses/minus_step_EDisp_South_z40_50h/source3a/PSF_cube.fits
2019-07-25T11:04:24: === GEnergies ===
2019-07-25T11:04:24:  Number of energies ........: 33
2019-07-25T11:04:24:  Number of delta bins ......: 200
2019-07-25T11:04:24:  Delta range ...............: 1.875e-06 - 0.298501875 deg
2019-07-25T11:04:24: === GSkyMap ===
2019-07-25T11:04:24:  Number of pixels ..........: 1
2019-07-25T11:04:24:  X axis dimension ..........: 1
2019-07-25T11:04:24:  Y axis dimension ..........: 1
2019-07-25T11:04:24:  Number of maps ............: 6600
2019-07-25T11:04:24:  Shape of maps .............: (200, 33)
2019-07-25T11:04:24: === GCTACubeEdisp ===
2019-07-25T11:04:24:  Filename ..................: /cta/carli/CPPM_Internship/Simulations_and_Analyses/minus_step_EDisp_South_z40_50h/source3a/edisp_cube.fits
2019-07-25T11:04:24: === GEnergies ===
2019-07-25T11:04:24:  Number of energies ........: 33
2019-07-25T11:04:24:  Number of migra bins ......: 100
2019-07-25T11:04:24:  Migra range ...............: 0.02 - 2
2019-07-25T11:04:24: === GSkyMap ===
2019-07-25T11:04:24:  Number of pixels ..........: 1
2019-07-25T11:04:24:  X axis dimension ..........: 1
2019-07-25T11:04:24:  Y axis dimension ..........: 1
2019-07-25T11:04:24:  Number of maps ............: 3300
2019-07-25T11:04:24:  Shape of maps .............: (100, 33)
2019-07-25T11:04:24: === GCTACubeBackground ===
2019-07-25T11:04:24:  Filename ..................: /cta/carli/CPPM_Internship/Simulations_and_Analyses/minus_step_EDisp_South_z40_50h/source3a/background_cube.fits
2019-07-25T11:04:24: === GEbounds ===
2019-07-25T11:04:24:  Number of intervals .......: 32
2019-07-25T11:04:24:  Energy range ..............: 100 GeV - 199.526229858398 TeV
2019-07-25T11:04:24: === GSkyMap ===
2019-07-25T11:04:24:  Number of pixels ..........: 6400
2019-07-25T11:04:24:  X axis dimension ..........: 80
2019-07-25T11:04:24:  Y axis dimension ..........: 80
2019-07-25T11:04:24:  Number of maps ............: 32
2019-07-25T11:04:24:  Shape of maps .............: (32)
2019-07-25T11:04:24: === GCTAResponseCache ===
2019-07-25T11:04:24:  Number of cached values ...: 0
2019-07-25T11:04:24: === GCTAEventCube ===
2019-07-25T11:04:24:  Number of events ..........: 305760
2019-07-25T11:04:24:  Number of elements ........: 204800
2019-07-25T11:04:24:  Number of pixels ..........: 6400
2019-07-25T11:04:24:  Number of energy bins .....: 32
2019-07-25T11:04:24:  Time interval .............: 51544.5 - 51546.1666666667 days
2019-07-25T11:04:24:  Pointing ..................: (RA,Dec)=(84.1331,22.0145)
2019-07-25T11:04:24: === GEbounds ===
2019-07-25T11:04:24:  Number of intervals .......: 32
2019-07-25T11:04:24:  Energy range ..............: 100 GeV - 199.526229858398 TeV
2019-07-25T11:04:24: === GSkyMap ===
2019-07-25T11:04:24:  Number of pixels ..........: 6400
2019-07-25T11:04:24:  X axis dimension ..........: 80
2019-07-25T11:04:24:  Y axis dimension ..........: 80
2019-07-25T11:04:24:  Number of maps ............: 32
2019-07-25T11:04:24:  Shape of maps .............: (32)
2019-07-25T11:04:24: === GSkyRegions ===
2019-07-25T11:04:24:  Number of regions .........: 0
2019-07-25T11:04:24: === GModels ===
2019-07-25T11:04:24:  Number of models ..........: 2
2019-07-25T11:04:24:  Number of parameters ......: 11
2019-07-25T11:04:24: === GModelSky ===
2019-07-25T11:04:24:  Name ......................: source3a
2019-07-25T11:04:24:  Instruments ...............: all
2019-07-25T11:04:24:  Test Statistic ............: 16238.156
2019-07-25T11:04:24:  Observation identifiers ...: all
2019-07-25T11:04:24:  Model type ................: PointSource
2019-07-25T11:04:24:  Model components ..........: "PointSource" * "ExponentialCutoffPowerLaw" * "Constant"
2019-07-25T11:04:24:  Number of parameters ......: 7
2019-07-25T11:04:24:  Number of spatial par's ...: 2
2019-07-25T11:04:24:   RA .......................: 83.6331 [-360,360] deg (fixed,scale=1)
2019-07-25T11:04:24:   DEC ......................: 22.0145 [-90,90] deg (fixed,scale=1)
2019-07-25T11:04:24:  Number of spectral par's ..: 4
2019-07-25T11:04:24:   Prefactor ................: 7.3997791826415e-19 [1e-26,1e-16] ph/cm2/s/MeV (fixed,scale=1e-19,gradient)
2019-07-25T11:04:24:   Index ....................: -2.02475855918062 [-0,-5]  (fixed,scale=-1,gradient)
2019-07-25T11:04:24:   CutoffEnergy .............: 5081168182.41573 +/- 44024944279.6401 [1000000,100000000000] MeV (free,scale=100000000,gradient)
2019-07-25T11:04:24:   PivotEnergy ..............: 1000000 [10000,1000000000] MeV (fixed,scale=1000000,gradient)
2019-07-25T11:04:24:  Number of temporal par's ..: 1
2019-07-25T11:04:24:   Normalization ............: 1 (relative value) (fixed,scale=1,gradient)
2019-07-25T11:04:24:  Number of scale par's .....: 0
2019-07-25T11:04:24: === GCTAModelCubeBackground ===
2019-07-25T11:04:24:  Name ......................: BackgroundModel
2019-07-25T11:04:24:  Instruments ...............: CTA, HESS, MAGIC, VERITAS
2019-07-25T11:04:24:  Observation identifiers ...: all
2019-07-25T11:04:24:  Model type ................: "PowerLaw" * "Constant"
2019-07-25T11:04:24:  Number of parameters ......: 4
2019-07-25T11:04:24:  Number of spectral par's ..: 3
2019-07-25T11:04:24:   Prefactor ................: 1.02444437550479 [0.01,100] ph/cm2/s/MeV (fixed,scale=1,gradient)
2019-07-25T11:04:24:   Index ....................: 0.0239674190389251 [-5,5]  (fixed,scale=1,gradient)
2019-07-25T11:04:24:   PivotEnergy ..............: 1000000 MeV (fixed,scale=1000000,gradient)
2019-07-25T11:04:24:  Number of temporal par's ..: 1
2019-07-25T11:04:24:   Normalization ............: 1 (relative value) (fixed,scale=1,gradient)
2019-07-25T11:04:24: 
2019-07-25T11:04:24: +=============================+
2019-07-25T11:04:24: | Compute best-fit likelihood |
2019-07-25T11:04:24: +=============================+
2019-07-25T11:05:55: === GOptimizerLM ===
2019-07-25T11:05:55:  Optimized function value ..: -293804.978
2019-07-25T11:05:55:  Absolute precision ........: 0.005
2019-07-25T11:05:55:  Acceptable value decrease .: 2
2019-07-25T11:05:55:  Optimization status .......: converged
2019-07-25T11:05:55:  Number of parameters ......: 11
2019-07-25T11:05:55:  Number of free parameters .: 1
2019-07-25T11:05:55:  Number of iterations ......: 1
2019-07-25T11:05:55:  Lambda ....................: 0.0001
2019-07-25T11:05:55:  Maximum log likelihood ....: -293804.978
2019-07-25T11:05:55: === GModels ===
2019-07-25T11:05:55:  Number of models ..........: 2
2019-07-25T11:05:55:  Number of parameters ......: 11
2019-07-25T11:05:55: === GModelSky ===
2019-07-25T11:05:55:  Name ......................: source3a
2019-07-25T11:05:55:  Instruments ...............: all
2019-07-25T11:05:55:  Test Statistic ............: 16238.156
2019-07-25T11:05:55:  Observation identifiers ...: all
2019-07-25T11:05:55:  Model type ................: PointSource
2019-07-25T11:05:55:  Model components ..........: "PointSource" * "ExponentialCutoffPowerLaw" * "Constant"
2019-07-25T11:05:55:  Number of parameters ......: 7
2019-07-25T11:05:55:  Number of spatial par's ...: 2
2019-07-25T11:05:55:   RA .......................: 83.6331 [-360,360] deg (fixed,scale=1)
2019-07-25T11:05:55:   DEC ......................: 22.0145 [-90,90] deg (fixed,scale=1)
2019-07-25T11:05:55:  Number of spectral par's ..: 4
2019-07-25T11:05:55:   Prefactor ................: 7.3997791826415e-19 [1e-26,1e-16] ph/cm2/s/MeV (fixed,scale=1e-19,gradient)
2019-07-25T11:05:55:   Index ....................: -2.02475855918062 [-0,-5]  (fixed,scale=-1,gradient)
2019-07-25T11:05:55:   CutoffEnergy .............: 5382890678.70567 +/- 34878430068.2277 [1000000,100000000000] MeV (free,scale=100000000,gradient)
2019-07-25T11:05:55:   PivotEnergy ..............: 1000000 [10000,1000000000] MeV (fixed,scale=1000000,gradient)
2019-07-25T11:05:55:  Number of temporal par's ..: 1
2019-07-25T11:05:55:   Normalization ............: 1 (relative value) (fixed,scale=1,gradient)
2019-07-25T11:05:55:  Number of scale par's .....: 0
2019-07-25T11:05:55: === GCTAModelCubeBackground ===
2019-07-25T11:05:55:  Name ......................: BackgroundModel
2019-07-25T11:05:55:  Instruments ...............: CTA, HESS, MAGIC, VERITAS
2019-07-25T11:05:55:  Observation identifiers ...: all
2019-07-25T11:05:55:  Model type ................: "PowerLaw" * "Constant"
2019-07-25T11:05:55:  Number of parameters ......: 4
2019-07-25T11:05:55:  Number of spectral par's ..: 3
2019-07-25T11:05:55:   Prefactor ................: 1.02444437550479 [0.01,100] ph/cm2/s/MeV (fixed,scale=1,gradient)
2019-07-25T11:05:55:   Index ....................: 0.0239674190389251 [-5,5]  (fixed,scale=1,gradient)
2019-07-25T11:05:55:   PivotEnergy ..............: 1000000 MeV (fixed,scale=1000000,gradient)
2019-07-25T11:05:55:  Number of temporal par's ..: 1
2019-07-25T11:05:55:   Normalization ............: 1 (relative value) (fixed,scale=1,gradient)
2019-07-25T11:05:55: 
2019-07-25T11:05:55: +==============================================================+
2019-07-25T11:05:55: | Compute error for source "source3a" parameter "CutoffEnergy" |
2019-07-25T11:05:55: +==============================================================+
2019-07-25T11:05:55:  Confidence level ..........: 68 %
2019-07-25T11:05:55:  Log-likelihood difference .: 0.494473
2019-07-25T11:05:55:  Initial factor range ......: [0.01, 1000]
2019-07-25T11:06:06:    Iteration 1 .............: [0.01, 53.8289067870567]
2019-07-25T11:06:16:    Iteration 2 .............: [0.01, 26.9194533935284]
2019-07-25T11:06:26:    Iteration 3 .............: [0.01, 13.4647266967642]
2019-07-25T11:06:36:    Iteration 4 .............: [6.73736334838209, 13.4647266967642]
2019-07-25T11:06:46:    Iteration 5 .............: [6.73736334838209, 10.1010450225731]
2019-07-25T11:06:56:    Iteration 6 .............: [6.73736334838209, 8.41920418547761]
2019-07-25T11:07:06:    Iteration 7 .............: [6.73736334838209, 7.57828376692985]
2019-07-25T11:07:16:    Iteration 8 .............: [6.73736334838209, 7.15782355765597]
2019-07-25T11:07:27:    Iteration 9 .............: [6.94759345301903, 7.15782355765597]
2019-07-25T11:07:37:    Iteration 10 ............: [6.94759345301903, 7.0527085053375]
2019-07-25T11:07:47:    Iteration 11 ............: [6.94759345301903, 7.00015097917827]
2019-07-25T11:07:58:    Iteration 1 .............: [53.8289067870567, 1000]
2019-07-25T11:08:08:    Iteration 2 .............: [526.914453393528, 1000]
2019-07-25T11:08:18:    Iteration 3 .............: [763.457226696764, 1000]
2019-07-25T11:08:28:    Iteration 4 .............: [881.728613348382, 1000]
2019-07-25T11:08:38:    Iteration 5 .............: [940.864306674191, 1000]
2019-07-25T11:08:48:    Iteration 6 .............: [970.432153337096, 1000]
2019-07-25T11:08:59:    Iteration 7 .............: [985.216076668548, 1000]
2019-07-25T11:09:09:    Iteration 8 .............: [992.608038334274, 1000]
2019-07-25T11:09:19:    Iteration 9 .............: [996.304019167137, 1000]
2019-07-25T11:09:29:    Iteration 10 ............: [998.152009583569, 1000]
2019-07-25T11:09:39:    Iteration 11 ............: [999.076004791784, 1000]
2019-07-25T11:09:49:    Iteration 12 ............: [999.538002395892, 1000]
2019-07-25T11:10:00:    Iteration 13 ............: [999.769001197946, 1000]
2019-07-25T11:10:10:    Iteration 14 ............: [999.884500598973, 1000]
2019-07-25T11:10:20:    Iteration 15 ............: [999.942250299487, 1000]
2019-07-25T11:10:31:    Iteration 16 ............: [999.971125149743, 1000]
2019-07-25T11:10:41:    Iteration 17 ............: [999.985562574872, 1000]
2019-07-25T11:10:51:    Iteration 18 ............: [999.992781287436, 1000]
2019-07-25T11:11:01:    Iteration 19 ............: [999.996390643718, 1000]
2019-07-25T11:11:12:    Iteration 20 ............: [999.998195321859, 1000]
2019-07-25T11:11:22:    Iteration 21 ............: [999.999097660929, 1000]
2019-07-25T11:11:32:    Iteration 22 ............: [999.999548830465, 1000]
2019-07-25T11:11:42:    Iteration 23 ............: [999.999774415232, 1000]
2019-07-25T11:11:52:    Iteration 24 ............: [999.999887207616, 1000]
2019-07-25T11:12:02:    Iteration 25 ............: [999.999943603808, 1000]
2019-07-25T11:12:13:    Iteration 26 ............: [999.999971801904, 1000]
2019-07-25T11:12:23:    Iteration 27 ............: [999.999985900952, 1000]
2019-07-25T11:12:33:    Iteration 28 ............: [999.999992950476, 1000]
2019-07-25T11:12:44:    Iteration 29 ............: [999.999996475238, 1000]
2019-07-25T11:12:54:    Iteration 30 ............: [999.999998237619, 1000]
2019-07-25T11:13:04:    Iteration 31 ............: [999.999999118809, 1000]
2019-07-25T11:13:04:  Lower parameter factor ....: 6.97387
2019-07-25T11:13:04:  Upper parameter factor ....: 1000
2019-07-25T11:13:04:  Error from curvature ......: 34878430068.2277 MeV
2019-07-25T11:13:04:  Error from profile ........: 49651306367.1653 MeV
2019-07-25T11:13:04:  Negative profile error ....: 4685503457.09581 MeV
2019-07-25T11:13:04:  Positive profile error ....: 94617109277.2348 MeV
2019-07-25T11:13:04: 
2019-07-25T11:13:04: +==============+
2019-07-25T11:13:04: | Save results |
2019-07-25T11:13:04: +==============+
2019-07-25T11:13:04:  Model definition file .....: NONE
2019-07-25T11:13:04: 
2019-07-25T11:13:04: Application "cterror" terminated after 521 wall clock seconds, consuming 659.4 seconds of CPU time.
