2019-07-22T12:14:25: ********************************************************************************
2019-07-22T12:14:25: *                                   ctskymap                                   *
2019-07-22T12:14:25: * ---------------------------------------------------------------------------- *
2019-07-22T12:14:25: * Version: 1.6.0                                                               *
2019-07-22T12:14:25: ********************************************************************************
2019-07-22T12:14:25: +============+
2019-07-22T12:14:25: | Parameters |
2019-07-22T12:14:25: +============+
2019-07-22T12:14:25:  inobs .....................: /cta/carli/CPPM_Internship/Simulations_and_Analyses/plus_constant_AEff_South_z40_50h/source3c/obs.fits
2019-07-22T12:14:25:  caldb .....................: prod3b-v2
2019-07-22T12:14:25:  irf .......................: plus_constant_AEff_South_z40_50h
2019-07-22T12:14:25:  inmap .....................: NONE
2019-07-22T12:14:25:  outmap ....................: /cta/carli/CPPM_Internship/Simulations_and_Analyses/plus_constant_AEff_South_z40_50h/source3c/skymap.fits
2019-07-22T12:14:25:  emin ......................: 0.1
2019-07-22T12:14:25:  emax ......................: 199.526229858398
2019-07-22T12:14:25:  usepnt ....................: yes
2019-07-22T12:14:25:  nxpix .....................: 80
2019-07-22T12:14:25:  nypix .....................: 80
2019-07-22T12:14:25:  binsz .....................: 0.02
2019-07-22T12:14:25:  coordsys ..................: CEL
2019-07-22T12:14:25:  proj ......................: CAR
2019-07-22T12:14:25:  xref ......................: [not queried]
2019-07-22T12:14:25:  yref ......................: [not queried]
2019-07-22T12:14:25:  bkgsubtract ...............: NONE
2019-07-22T12:14:25:  roiradius .................: [not queried]
2019-07-22T12:14:25:  inradius ..................: [not queried]
2019-07-22T12:14:25:  outradius .................: [not queried]
2019-07-22T12:14:25:  iterations ................: [not queried]
2019-07-22T12:14:25:  threshold .................: [not queried]
2019-07-22T12:14:25:  inexclusion ...............: NONE
2019-07-22T12:14:25:  usefft ....................: yes
2019-07-22T12:14:25:  publish ...................: no
2019-07-22T12:14:25:  chatter ...................: 4
2019-07-22T12:14:25:  clobber ...................: yes
2019-07-22T12:14:25:  debug .....................: no
2019-07-22T12:14:25:  mode ......................: ql
2019-07-22T12:14:25:  logfile ...................: ctskymap.log
2019-07-22T12:14:25: 
2019-07-22T12:14:25: +===================+
2019-07-22T12:14:25: | Input observation |
2019-07-22T12:14:25: +===================+
2019-07-22T12:14:25: === GObservations ===
2019-07-22T12:14:25:  Number of observations ....: 1
2019-07-22T12:14:25:  Number of models ..........: 0
2019-07-22T12:14:25:  Number of observed events .: 321492
2019-07-22T12:14:25:  Number of predicted events : 0
2019-07-22T12:14:25: === GCTAObservation ===
2019-07-22T12:14:25:  Name ......................: 
2019-07-22T12:14:25:  Identifier ................: 000001
2019-07-22T12:14:25:  Instrument ................: CTA
2019-07-22T12:14:25:  Event file ................: /cta/carli/CPPM_Internship/Simulations_and_Analyses/plus_constant_AEff_South_z40_50h/source3c/obs.fits
2019-07-22T12:14:25:  Event type ................: EventList
2019-07-22T12:14:25:  Statistic .................: cstat
2019-07-22T12:14:25:  Ontime ....................: 144000 s
2019-07-22T12:14:25:  Livetime ..................: 141120 s
2019-07-22T12:14:25:  Deadtime correction .......: 0.98
2019-07-22T12:14:25:  User energy range .........: undefined
2019-07-22T12:14:25: === GCTAPointing ===
2019-07-22T12:14:25:  Pointing direction ........: (RA,Dec)=(84.1331,22.0145)
2019-07-22T12:14:25:  Response function .........: undefined
2019-07-22T12:14:25: === GCTAEventList ===
2019-07-22T12:14:25:  Number of events ..........: 321492 (disposed in "/cta/carli/CPPM_Internship/Simulations_and_Analyses/plus_constant_AEff_South_z40_50h/source3c/obs.fits")
2019-07-22T12:14:25:  Time interval .............: 51544.5 - 51546.1666666667 days
2019-07-22T12:14:25: === GEbounds ===
2019-07-22T12:14:25:  Number of intervals .......: 1
2019-07-22T12:14:25:  Energy range ..............: 100 GeV - 199.526229858398 TeV
2019-07-22T12:14:25: === GCTARoi ===
2019-07-22T12:14:25:  RoI centre ................: RA=84.1331, DEC=22.0145 [0,0]
2019-07-22T12:14:25:  RoI radius ................: 0.8 deg
2019-07-22T12:14:25: === GSkyRegions ===
2019-07-22T12:14:25:  Number of regions .........: 0
2019-07-22T12:14:25: === GModels ===
2019-07-22T12:14:25:  Number of models ..........: 0
2019-07-22T12:14:25:  Number of parameters ......: 0
2019-07-22T12:14:25: 
2019-07-22T12:14:25: +===========================+
2019-07-22T12:14:25: | Find unbinned observation |
2019-07-22T12:14:25: +===========================+
2019-07-22T12:14:25: === CTA observation (id=000001) ===
2019-07-22T12:14:25:  Including unbinned CTA observation
2019-07-22T12:14:25: 
2019-07-22T12:14:25: +===========================+
2019-07-22T12:14:25: | Fill map from observation |
2019-07-22T12:14:25: +===========================+
2019-07-22T12:14:25: === CTA observation (id=000001) ===
2019-07-22T12:14:25:  Events in list ............: 321492
2019-07-22T12:14:25:  Events in map .............: 321491
2019-07-22T12:14:25:  Events outside RoI ........: 1
2019-07-22T12:14:25:  Events outside map area ...: 0
2019-07-22T12:14:25:  Events outside energies ...: 0
2019-07-22T12:14:25: 
2019-07-22T12:14:25: +=========+
2019-07-22T12:14:25: | Sky map |
2019-07-22T12:14:25: +=========+
2019-07-22T12:14:25: === GSkyMap ===
2019-07-22T12:14:25:  Number of pixels ..........: 6400
2019-07-22T12:14:25:  X axis dimension ..........: 80
2019-07-22T12:14:25:  Y axis dimension ..........: 80
2019-07-22T12:14:25:  Number of maps ............: 1
2019-07-22T12:14:25:  Shape of maps .............: (1)
2019-07-22T12:14:25: === GWcsCAR ===
2019-07-22T12:14:25:  Number of axes ............: 2
2019-07-22T12:14:25:  Longitude axis ............: 0
2019-07-22T12:14:25:  Latitude axis .............: 1
2019-07-22T12:14:25:  Spectral axis .............: -1
2019-07-22T12:14:25:  Coodinate system ..........: EQU
2019-07-22T12:14:25:  Projection code ...........: CAR
2019-07-22T12:14:25:  Projection name ...........: plate carree
2019-07-22T12:14:25:  Radius of the gen. sphere .: 57.2957795130823 deg
2019-07-22T12:14:25:  Reference coordinate ......: (84.1331, 22.0145)
2019-07-22T12:14:25:  Reference pixel ...........: (40.5, 40.5)
2019-07-22T12:14:25:  Increment at reference ....: (-0.02, 0.02)
2019-07-22T12:14:25:  (Phi_0, Theta_0) ..........: (0, 0) deg
2019-07-22T12:14:25:  (Phi_p, Theta_p) ..........: (0, 67.9855) deg
2019-07-22T12:14:25:  LATPOLE keyword usage .....: Required to select between two valid solutions of Theta_p.
2019-07-22T12:14:25:  Reference vector (m_ref) ..: (84.1331, 22.0145, 0, 67.9855) deg
2019-07-22T12:14:25:  Euler angles ..............: (264.1331 deg, 22.0145 deg, 0 deg, 0.927089022159083, 0.374841226377402)
2019-07-22T12:14:25:  Latitude preserved ........: False
2019-07-22T12:14:25:  Unity PC matrix ...........: True
2019-07-22T12:14:25:  Pixel-to-image trafo ......: ()
2019-07-22T12:14:25:  Image-to-pixel trafo ......: ()
2019-07-22T12:14:25:  Strict bounds checking ....: True
2019-07-22T12:14:25:  Use fiducial offset .......: False
2019-07-22T12:14:25:  Fiducial offset ...........: (0, 0)
2019-07-22T12:14:25:  Rest frequency ............: UNDEFINED
2019-07-22T12:14:25:  Rest wavelength ...........: UNDEFINED
2019-07-22T12:14:25: 
2019-07-22T12:14:25: +==============+
2019-07-22T12:14:25: | Compute maps |
2019-07-22T12:14:25: +==============+
2019-07-22T12:14:25: 
2019-07-22T12:14:25: +==============+
2019-07-22T12:14:25: | Save sky map |
2019-07-22T12:14:25: +==============+
2019-07-22T12:14:25:  Sky map file ..............: /cta/carli/CPPM_Internship/Simulations_and_Analyses/plus_constant_AEff_South_z40_50h/source3c/skymap.fits
2019-07-22T12:14:25: 
2019-07-22T12:14:25: Application "ctskymap" terminated after 0 wall clock seconds, consuming 0.87 seconds of CPU time. This was rather quick!
