2019-07-22T17:16:04: ********************************************************************************
2019-07-22T17:16:04: *                                     ctbin                                    *
2019-07-22T17:16:04: * ---------------------------------------------------------------------------- *
2019-07-22T17:16:04: * Version: 1.6.0                                                               *
2019-07-22T17:16:04: ********************************************************************************
2019-07-22T17:16:04: +============+
2019-07-22T17:16:04: | Parameters |
2019-07-22T17:16:04: +============+
2019-07-22T17:16:04:  inobs .....................: /cta/carli/CPPM_Internship/Simulations_and_Analyses/plus_step_AEff_South_z40_50h/source3b/obs.fits
2019-07-22T17:16:04:  outobs ....................: /cta/carli/CPPM_Internship/Simulations_and_Analyses/plus_step_AEff_South_z40_50h/source3b/obs_cube.fits
2019-07-22T17:16:04:  stack .....................: yes
2019-07-22T17:16:04:  prefix ....................: cntcube_
2019-07-22T17:16:04:  ebinalg ...................: LOG
2019-07-22T17:16:04:  emin ......................: 0.1
2019-07-22T17:16:04:  emax ......................: 199.526229858398
2019-07-22T17:16:04:  enumbins ..................: 32
2019-07-22T17:16:04:  ebinfile ..................: [not queried]
2019-07-22T17:16:04:  usepnt ....................: yes
2019-07-22T17:16:04:  nxpix .....................: 80
2019-07-22T17:16:04:  nypix .....................: 80
2019-07-22T17:16:04:  binsz .....................: 0.02
2019-07-22T17:16:04:  coordsys ..................: GAL
2019-07-22T17:16:04:  proj ......................: TAN
2019-07-22T17:16:04:  xref ......................: [not queried]
2019-07-22T17:16:04:  yref ......................: [not queried]
2019-07-22T17:16:04:  nthreads ..................: 0
2019-07-22T17:16:04:  publish ...................: no
2019-07-22T17:16:04:  chatter ...................: 4
2019-07-22T17:16:04:  clobber ...................: yes
2019-07-22T17:16:04:  debug .....................: no
2019-07-22T17:16:04:  mode ......................: ql
2019-07-22T17:16:04:  logfile ...................: ctbin.log
2019-07-22T17:16:04: 
2019-07-22T17:16:04: +===================+
2019-07-22T17:16:04: | Input observation |
2019-07-22T17:16:04: +===================+
2019-07-22T17:16:04: === GObservations ===
2019-07-22T17:16:04:  Number of observations ....: 1
2019-07-22T17:16:04:  Number of models ..........: 0
2019-07-22T17:16:04:  Number of observed events .: 315375
2019-07-22T17:16:04:  Number of predicted events : 0
2019-07-22T17:16:04: === GCTAObservation ===
2019-07-22T17:16:04:  Name ......................: 
2019-07-22T17:16:04:  Identifier ................: 000001
2019-07-22T17:16:04:  Instrument ................: CTA
2019-07-22T17:16:04:  Event file ................: /cta/carli/CPPM_Internship/Simulations_and_Analyses/plus_step_AEff_South_z40_50h/source3b/obs.fits
2019-07-22T17:16:04:  Event type ................: EventList
2019-07-22T17:16:04:  Statistic .................: cstat
2019-07-22T17:16:04:  Ontime ....................: 144000 s
2019-07-22T17:16:04:  Livetime ..................: 141120 s
2019-07-22T17:16:04:  Deadtime correction .......: 0.98
2019-07-22T17:16:04:  User energy range .........: undefined
2019-07-22T17:16:04: === GCTAPointing ===
2019-07-22T17:16:04:  Pointing direction ........: (RA,Dec)=(84.1331,22.0145)
2019-07-22T17:16:04:  Response function .........: undefined
2019-07-22T17:16:04: === GCTAEventList ===
2019-07-22T17:16:04:  Number of events ..........: 315375 (disposed in "/cta/carli/CPPM_Internship/Simulations_and_Analyses/plus_step_AEff_South_z40_50h/source3b/obs.fits")
2019-07-22T17:16:04:  Time interval .............: 51544.5 - 51546.1666666667 days
2019-07-22T17:16:04: === GEbounds ===
2019-07-22T17:16:04:  Number of intervals .......: 1
2019-07-22T17:16:04:  Energy range ..............: 100 GeV - 199.526229858398 TeV
2019-07-22T17:16:04: === GCTARoi ===
2019-07-22T17:16:04:  RoI centre ................: RA=84.1331, DEC=22.0145 [0,0]
2019-07-22T17:16:04:  RoI radius ................: 0.8 deg
2019-07-22T17:16:04: === GSkyRegions ===
2019-07-22T17:16:04:  Number of regions .........: 0
2019-07-22T17:16:04: === GModels ===
2019-07-22T17:16:04:  Number of models ..........: 0
2019-07-22T17:16:04:  Number of parameters ......: 0
2019-07-22T17:16:04: 
2019-07-22T17:16:04: +===========================+
2019-07-22T17:16:04: | Find unbinned observation |
2019-07-22T17:16:04: +===========================+
2019-07-22T17:16:04: === CTA observation (id=000001) ===
2019-07-22T17:16:04:  Including unbinned CTA observation
2019-07-22T17:16:04: === Summary ===
2019-07-22T17:16:04:  Number of observations ....: 1
2019-07-22T17:16:04:  Mean pointing .............: (RA,Dec)=(84.1331,22.0145)
2019-07-22T17:16:04:  Use mean pointing .........: yes
2019-07-22T17:16:04: 
2019-07-22T17:16:04: +=================+
2019-07-22T17:16:04: | Bin observation |
2019-07-22T17:16:04: +=================+
2019-07-22T17:16:05: === CTA observation (id=000001) ===
2019-07-22T17:16:05:  Events in list ............: 315375
2019-07-22T17:16:05:  Events in cube ............: 315373
2019-07-22T17:16:05:  Events outside RoI ........: 1
2019-07-22T17:16:05:  Events with invalid WCS ...: 0
2019-07-22T17:16:05:  Events outside cube area ..: 1
2019-07-22T17:16:05:  Events outside energy bins : 0
2019-07-22T17:16:05: 
2019-07-22T17:16:05: +====================+
2019-07-22T17:16:05: | Binned observation |
2019-07-22T17:16:05: +====================+
2019-07-22T17:16:05: === GObservations ===
2019-07-22T17:16:05:  Number of observations ....: 1
2019-07-22T17:16:05:  Number of models ..........: 0
2019-07-22T17:16:05:  Number of observed events .: 315373
2019-07-22T17:16:05:  Number of predicted events : 0
2019-07-22T17:16:05: === GCTAObservation ===
2019-07-22T17:16:05:  Name ......................: 
2019-07-22T17:16:05:  Identifier ................: 000001
2019-07-22T17:16:05:  Instrument ................: CTA
2019-07-22T17:16:05:  Event file ................: 
2019-07-22T17:16:05:  Event type ................: CountsCube
2019-07-22T17:16:05:  Statistic .................: cstat
2019-07-22T17:16:05:  Ontime ....................: 144000 s
2019-07-22T17:16:05:  Livetime ..................: 141120 s
2019-07-22T17:16:05:  Deadtime correction .......: 0.98
2019-07-22T17:16:05:  User energy range .........: undefined
2019-07-22T17:16:05: === GCTAPointing ===
2019-07-22T17:16:05:  Pointing direction ........: (RA,Dec)=(84.1331,22.0145)
2019-07-22T17:16:05:  Response function .........: undefined
2019-07-22T17:16:05: === GCTAEventCube ===
2019-07-22T17:16:05:  Number of events ..........: 315373
2019-07-22T17:16:05:  Number of elements ........: 204800
2019-07-22T17:16:05:  Number of pixels ..........: 6400
2019-07-22T17:16:05:  Number of energy bins .....: 32
2019-07-22T17:16:05:  Time interval .............: 51544.5 - 51546.1666666667 days
2019-07-22T17:16:05:  Pointing ..................: not defined
2019-07-22T17:16:05: === GEbounds ===
2019-07-22T17:16:05:  Number of intervals .......: 32
2019-07-22T17:16:05:  Energy range ..............: 100 GeV - 199.526229858398 TeV
2019-07-22T17:16:05: === GSkyMap ===
2019-07-22T17:16:05:  Number of pixels ..........: 6400
2019-07-22T17:16:05:  X axis dimension ..........: 80
2019-07-22T17:16:05:  Y axis dimension ..........: 80
2019-07-22T17:16:05:  Number of maps ............: 32
2019-07-22T17:16:05:  Shape of maps .............: (32)
2019-07-22T17:16:05: === GSkyRegions ===
2019-07-22T17:16:05:  Number of regions .........: 0
2019-07-22T17:16:05: === GModels ===
2019-07-22T17:16:05:  Number of models ..........: 0
2019-07-22T17:16:05:  Number of parameters ......: 0
2019-07-22T17:16:05: 
2019-07-22T17:16:05: +==================+
2019-07-22T17:16:05: | Save counts cube |
2019-07-22T17:16:05: +==================+
2019-07-22T17:16:05:  Counts cube file ..........: /cta/carli/CPPM_Internship/Simulations_and_Analyses/plus_step_AEff_South_z40_50h/source3b/obs_cube.fits
2019-07-22T17:16:05: 
2019-07-22T17:16:05: Application "ctbin" terminated after 1 wall clock seconds, consuming 0.98 seconds of CPU time.
