2019-07-22T17:16:08: ********************************************************************************
2019-07-22T17:16:08: *                                    ctlike                                    *
2019-07-22T17:16:08: * ---------------------------------------------------------------------------- *
2019-07-22T17:16:08: * Version: 1.6.0                                                               *
2019-07-22T17:16:08: ********************************************************************************
2019-07-22T17:16:08: +============+
2019-07-22T17:16:08: | Parameters |
2019-07-22T17:16:08: +============+
2019-07-22T17:16:08:  inobs .....................: /cta/carli/CPPM_Internship/Simulations_and_Analyses/plus_step_AEff_South_z40_50h/source3b/obs_cube.fits
2019-07-22T17:16:08:  inmodel ...................: sourcemodel_cube.xml
2019-07-22T17:16:08:  expcube ...................: /cta/carli/CPPM_Internship/Simulations_and_Analyses/plus_step_AEff_South_z40_50h/source3b/exposure_cube.fits
2019-07-22T17:16:08:  psfcube ...................: /cta/carli/CPPM_Internship/Simulations_and_Analyses/plus_step_AEff_South_z40_50h/source3b/PSF_cube.fits
2019-07-22T17:16:08:  edispcube .................: /cta/carli/CPPM_Internship/Simulations_and_Analyses/plus_step_AEff_South_z40_50h/source3b/edisp_cube.fits
2019-07-22T17:16:08:  bkgcube ...................: /cta/carli/CPPM_Internship/Simulations_and_Analyses/plus_step_AEff_South_z40_50h/source3b/background_cube.fits
2019-07-22T17:16:08:  caldb .....................: prod3b-v2
2019-07-22T17:16:08:  irf .......................: plus_step_AEff_South_z40_50h
2019-07-22T17:16:08:  edisp .....................: yes
2019-07-22T17:16:08:  outmodel ..................: /cta/carli/CPPM_Internship/Simulations_and_Analyses/plus_step_AEff_South_z40_50h/source3b/obsmodel_binned.xml
2019-07-22T17:16:08:  outcovmat .................: NONE
2019-07-22T17:16:08:  statistic .................: DEFAULT
2019-07-22T17:16:08:  refit .....................: no
2019-07-22T17:16:08:  like_accuracy .............: 0.005
2019-07-22T17:16:08:  max_iter ..................: 50
2019-07-22T17:16:08:  fix_spat_for_ts ...........: no
2019-07-22T17:16:08:  nthreads ..................: 0
2019-07-22T17:16:08:  chatter ...................: 4
2019-07-22T17:16:08:  clobber ...................: yes
2019-07-22T17:16:08:  debug .....................: no
2019-07-22T17:16:08:  mode ......................: ql
2019-07-22T17:16:08:  logfile ...................: ctlike.log
2019-07-22T17:16:08: 
2019-07-22T17:16:08: +===================+
2019-07-22T17:16:08: | Input observation |
2019-07-22T17:16:08: +===================+
2019-07-22T17:16:08: === GObservations ===
2019-07-22T17:16:08:  Number of observations ....: 1
2019-07-22T17:16:08:  Number of models ..........: 2
2019-07-22T17:16:08:  Number of observed events .: 315373
2019-07-22T17:16:08:  Number of predicted events : 0
2019-07-22T17:16:08: === GCTAObservation ===
2019-07-22T17:16:08:  Name ......................: 
2019-07-22T17:16:08:  Identifier ................: 000001
2019-07-22T17:16:08:  Instrument ................: CTA
2019-07-22T17:16:08:  Event file ................: /cta/carli/CPPM_Internship/Simulations_and_Analyses/plus_step_AEff_South_z40_50h/source3b/obs_cube.fits
2019-07-22T17:16:08:  Event type ................: CountsCube
2019-07-22T17:16:08:  Statistic .................: cstat
2019-07-22T17:16:08:  Ontime ....................: 144000 s
2019-07-22T17:16:08:  Livetime ..................: 141120 s
2019-07-22T17:16:08:  Deadtime correction .......: 0.98
2019-07-22T17:16:08:  User energy range .........: undefined
2019-07-22T17:16:08: === GCTAPointing ===
2019-07-22T17:16:08:  Pointing direction ........: (RA,Dec)=(84.1331,22.0145)
2019-07-22T17:16:08: === GCTAResponseCube ===
2019-07-22T17:16:08:  Energy dispersion .........: Used
2019-07-22T17:16:08: === GCTACubeExposure ===
2019-07-22T17:16:08:  Filename ..................: /cta/carli/CPPM_Internship/Simulations_and_Analyses/plus_step_AEff_South_z40_50h/source3b/exposure_cube.fits
2019-07-22T17:16:08:  Livetime ..................: 141120 sec
2019-07-22T17:16:08: === GEnergies ===
2019-07-22T17:16:08:  Number of energies ........: 33
2019-07-22T17:16:08: === GGti ===
2019-07-22T17:16:08:  Number of intervals .......: 1
2019-07-22T17:16:08:  Ontime ....................: 144000 sec
2019-07-22T17:16:08:  Elapsed time ..............: 144000 sec
2019-07-22T17:16:08:  MJD range .................: 51544.5 - 51546.1666666667 s (TT)
2019-07-22T17:16:08:  UTC range .................: 2000-01-01T11:58:56 - 2000-01-03T03:58:56 s (TT)
2019-07-22T17:16:08:  Reference MJD .............: 51544.5
2019-07-22T17:16:08: === GSkyMap ===
2019-07-22T17:16:08:  Number of pixels ..........: 6400
2019-07-22T17:16:08:  X axis dimension ..........: 80
2019-07-22T17:16:08:  Y axis dimension ..........: 80
2019-07-22T17:16:08:  Number of maps ............: 33
2019-07-22T17:16:08:  Shape of maps .............: (33)
2019-07-22T17:16:08: === GCTACubePsf ===
2019-07-22T17:16:08:  Filename ..................: /cta/carli/CPPM_Internship/Simulations_and_Analyses/plus_step_AEff_South_z40_50h/source3b/PSF_cube.fits
2019-07-22T17:16:08: === GEnergies ===
2019-07-22T17:16:08:  Number of energies ........: 33
2019-07-22T17:16:08:  Number of delta bins ......: 200
2019-07-22T17:16:08:  Delta range ...............: 1.875e-06 - 0.298501875 deg
2019-07-22T17:16:08: === GSkyMap ===
2019-07-22T17:16:08:  Number of pixels ..........: 1
2019-07-22T17:16:08:  X axis dimension ..........: 1
2019-07-22T17:16:08:  Y axis dimension ..........: 1
2019-07-22T17:16:08:  Number of maps ............: 6600
2019-07-22T17:16:08:  Shape of maps .............: (200, 33)
2019-07-22T17:16:08: === GCTACubeEdisp ===
2019-07-22T17:16:08:  Filename ..................: /cta/carli/CPPM_Internship/Simulations_and_Analyses/plus_step_AEff_South_z40_50h/source3b/edisp_cube.fits
2019-07-22T17:16:08: === GEnergies ===
2019-07-22T17:16:08:  Number of energies ........: 33
2019-07-22T17:16:08:  Number of migra bins ......: 100
2019-07-22T17:16:08:  Migra range ...............: 0.02 - 2
2019-07-22T17:16:08: === GSkyMap ===
2019-07-22T17:16:08:  Number of pixels ..........: 1
2019-07-22T17:16:08:  X axis dimension ..........: 1
2019-07-22T17:16:08:  Y axis dimension ..........: 1
2019-07-22T17:16:08:  Number of maps ............: 3300
2019-07-22T17:16:08:  Shape of maps .............: (100, 33)
2019-07-22T17:16:08: === GCTACubeBackground ===
2019-07-22T17:16:08:  Filename ..................: /cta/carli/CPPM_Internship/Simulations_and_Analyses/plus_step_AEff_South_z40_50h/source3b/background_cube.fits
2019-07-22T17:16:08: === GEbounds ===
2019-07-22T17:16:08:  Number of intervals .......: 32
2019-07-22T17:16:08:  Energy range ..............: 100 GeV - 199.526229858398 TeV
2019-07-22T17:16:08: === GSkyMap ===
2019-07-22T17:16:08:  Number of pixels ..........: 6400
2019-07-22T17:16:08:  X axis dimension ..........: 80
2019-07-22T17:16:08:  Y axis dimension ..........: 80
2019-07-22T17:16:08:  Number of maps ............: 32
2019-07-22T17:16:08:  Shape of maps .............: (32)
2019-07-22T17:16:08: === GCTAResponseCache ===
2019-07-22T17:16:08:  Number of cached values ...: 0
2019-07-22T17:16:08: === GCTAEventCube ===
2019-07-22T17:16:08:  Number of events ..........: 315373
2019-07-22T17:16:08:  Number of elements ........: 204800
2019-07-22T17:16:08:  Number of pixels ..........: 6400
2019-07-22T17:16:08:  Number of energy bins .....: 32
2019-07-22T17:16:08:  Time interval .............: 51544.5 - 51546.1666666667 days
2019-07-22T17:16:08:  Pointing ..................: (RA,Dec)=(84.1331,22.0145)
2019-07-22T17:16:08: === GEbounds ===
2019-07-22T17:16:08:  Number of intervals .......: 32
2019-07-22T17:16:08:  Energy range ..............: 100 GeV - 199.526229858398 TeV
2019-07-22T17:16:08: === GSkyMap ===
2019-07-22T17:16:08:  Number of pixels ..........: 6400
2019-07-22T17:16:08:  X axis dimension ..........: 80
2019-07-22T17:16:08:  Y axis dimension ..........: 80
2019-07-22T17:16:08:  Number of maps ............: 32
2019-07-22T17:16:08:  Shape of maps .............: (32)
2019-07-22T17:16:08: === GSkyRegions ===
2019-07-22T17:16:08:  Number of regions .........: 0
2019-07-22T17:16:08: === GModels ===
2019-07-22T17:16:08:  Number of models ..........: 2
2019-07-22T17:16:08:  Number of parameters ......: 11
2019-07-22T17:16:08: === GModelSky ===
2019-07-22T17:16:08:  Name ......................: source3b
2019-07-22T17:16:08:  Instruments ...............: all
2019-07-22T17:16:08:  Test Statistic ............: Computation requested
2019-07-22T17:16:08:  Observation identifiers ...: all
2019-07-22T17:16:08:  Model type ................: PointSource
2019-07-22T17:16:08:  Model components ..........: "PointSource" * "ExponentialCutoffPowerLaw" * "Constant"
2019-07-22T17:16:08:  Number of parameters ......: 7
2019-07-22T17:16:08:  Number of spatial par's ...: 2
2019-07-22T17:16:08:   RA .......................: 83.6331 [-360,360] deg (fixed,scale=1)
2019-07-22T17:16:08:   DEC ......................: 22.0145 [-90,90] deg (fixed,scale=1)
2019-07-22T17:16:08:  Number of spectral par's ..: 4
2019-07-22T17:16:08:   Prefactor ................: 1.52e-18 +/- 0 [1e-25,1e-15] ph/cm2/s/MeV (free,scale=1e-18,gradient)
2019-07-22T17:16:08:   Index ....................: -2 +/- 0 [-0,-5]  (free,scale=-1,gradient)
2019-07-22T17:16:08:   CutoffEnergy .............: 200000000 +/- 0 [1000000,100000000000] MeV (free,scale=100000000,gradient)
2019-07-22T17:16:08:   PivotEnergy ..............: 1000000 [10000,1000000000] MeV (fixed,scale=1000000,gradient)
2019-07-22T17:16:08:  Number of temporal par's ..: 1
2019-07-22T17:16:08:   Normalization ............: 1 (relative value) (fixed,scale=1,gradient)
2019-07-22T17:16:08:  Number of scale par's .....: 0
2019-07-22T17:16:08: === GCTAModelCubeBackground ===
2019-07-22T17:16:08:  Name ......................: BackgroundModel
2019-07-22T17:16:08:  Instruments ...............: CTA, HESS, MAGIC, VERITAS
2019-07-22T17:16:08:  Observation identifiers ...: all
2019-07-22T17:16:08:  Model type ................: "PowerLaw" * "Constant"
2019-07-22T17:16:08:  Number of parameters ......: 4
2019-07-22T17:16:08:  Number of spectral par's ..: 3
2019-07-22T17:16:08:   Prefactor ................: 1 +/- 0 [0.01,100] ph/cm2/s/MeV (free,scale=1,gradient)
2019-07-22T17:16:08:   Index ....................: 0 +/- 0 [-5,5]  (free,scale=1,gradient)
2019-07-22T17:16:08:   PivotEnergy ..............: 1000000 MeV (fixed,scale=1000000,gradient)
2019-07-22T17:16:08:  Number of temporal par's ..: 1
2019-07-22T17:16:08:   Normalization ............: 1 (relative value) (fixed,scale=1,gradient)
2019-07-22T17:16:08: 
2019-07-22T17:16:08: +=================================+
2019-07-22T17:16:08: | Maximum likelihood optimisation |
2019-07-22T17:16:08: +=================================+
2019-07-22T17:16:40:  >Iteration   0: -logL=-320683.406, Lambda=1.0e-03
2019-07-22T17:17:09:  >Iteration   1: -logL=-320688.985, Lambda=1.0e-03, delta=5.579, step=1.0e+00, max(|grad|)=196.020672 [Index:3]
2019-07-22T17:17:38:  >Iteration   2: -logL=-320691.509, Lambda=1.0e-04, delta=2.524, step=1.0e+00, max(|grad|)=118.126877 [Index:3]
2019-07-22T17:18:08:  >Iteration   3: -logL=-320692.355, Lambda=1.0e-05, delta=0.846, step=1.0e+00, max(|grad|)=68.532185 [Index:3]
2019-07-22T17:18:37:  >Iteration   4: -logL=-320692.622, Lambda=1.0e-06, delta=0.267, step=1.0e+00, max(|grad|)=38.209276 [Index:3]
2019-07-22T17:19:06:  >Iteration   5: -logL=-320692.701, Lambda=1.0e-07, delta=0.079, step=1.0e+00, max(|grad|)=20.932465 [Index:3]
2019-07-22T17:19:35:  >Iteration   6: -logL=-320692.724, Lambda=1.0e-08, delta=0.023, step=1.0e+00, max(|grad|)=11.514688 [Index:3]
2019-07-22T17:20:04:  >Iteration   7: -logL=-320692.731, Lambda=1.0e-09, delta=0.007, step=1.0e+00, max(|grad|)=6.525019 [Index:3]
2019-07-22T17:20:33:  >Iteration   8: -logL=-320692.733, Lambda=1.0e-10, delta=0.002, step=1.0e+00, max(|grad|)=3.948850 [Index:3]
2019-07-22T17:20:33:  
2019-07-22T17:20:33:  +==================+
2019-07-22T17:20:33:  | Curvature matrix |
2019-07-22T17:20:33:  +==================+
2019-07-22T17:20:33:  === GMatrixSparse ===
2019-07-22T17:20:33:   Number of rows ............: 11
2019-07-22T17:20:33:   Number of columns .........: 11
2019-07-22T17:20:33:   Number of nonzero elements : 25
2019-07-22T17:20:33:   Number of allocated cells .: 537
2019-07-22T17:20:33:   Memory block size .........: 512
2019-07-22T17:20:33:   Sparse matrix fill ........: 0.206611570247934
2019-07-22T17:20:33:   Pending element ...........: 0
2019-07-22T17:20:33:   Fill stack size ...........: 0 (none)
2019-07-22T17:20:33:   0, 0, 0, 0, 0, 0, 0, 0, 0, 0, 0
2019-07-22T17:20:33:   0, 0, 0, 0, 0, 0, 0, 0, 0, 0, 0
2019-07-22T17:20:33:   0, 0, 3830.85536482404, -1817.18926312715, 0.00121700162941807, 0, 0, 2011.32411242896, -2846.2888747721, 0, 0
2019-07-22T17:20:33:   0, 0, -1817.18926312715, 17638.0067970358, -0.00494830987571766, 0, 0, 4323.78615100745, -7790.33870108387, 0, 0
2019-07-22T17:20:33:   0, 0, 0.00121700162941807, -0.00494830987571766, 3.18885865461103e-09, 0, 0, 5.78270764537706e-05, -1.35609226591451e-06, 0, 0
2019-07-22T17:20:33:   0, 0, 0, 0, 0, 0, 0, 0, 0, 0, 0
2019-07-22T17:20:33:   0, 0, 0, 0, 0, 0, 0, 0, 0, 0, 0
2019-07-22T17:20:33:   0, 0, 2011.32411242896, 4323.78615100745, 5.78270764537706e-05, 0, 0, 303193.659179816, -474274.493168067, 0, 0
2019-07-22T17:20:33:   0, 0, -2846.28887477209, -7790.33870108388, -1.35609226591451e-06, 0, 0, -474274.493168064, 893255.64694536, 0, 0
2019-07-22T17:20:33:   0, 0, 0, 0, 0, 0, 0, 0, 0, 0, 0
2019-07-22T17:20:33:   0, 0, 0, 0, 0, 0, 0, 0, 0, 0, 0
2019-07-22T17:21:03: 
2019-07-22T17:21:03: +====================================+
2019-07-22T17:21:03: | Maximum likelihood re-optimisation |
2019-07-22T17:21:03: +====================================+
2019-07-22T17:21:03:  >Iteration   0: -logL=-298247.274, Lambda=1.0e-03
2019-07-22T17:21:04:  >Iteration   1: -logL=-299236.666, Lambda=1.0e-03, delta=989.392, step=1.0e+00, max(|grad|)=-3949.414064 [Prefactor:0]
2019-07-22T17:21:04:  >Iteration   2: -logL=-299300.186, Lambda=1.0e-04, delta=63.520, step=1.0e+00, max(|grad|)=-252.660472 [Prefactor:0]
2019-07-22T17:21:05:  >Iteration   3: -logL=-299300.672, Lambda=1.0e-05, delta=0.486, step=1.0e+00, max(|grad|)=-24.178598 [Index:1]
2019-07-22T17:21:06:  >Iteration   4: -logL=-299300.674, Lambda=1.0e-06, delta=0.002, step=1.0e+00, max(|grad|)=-2.128881 [Index:1]
2019-07-22T17:21:06: 
2019-07-22T17:21:06: +============================================+
2019-07-22T17:21:06: | Maximum likelihood re-optimisation results |
2019-07-22T17:21:06: +============================================+
2019-07-22T17:21:06: === GOptimizerLM ===
2019-07-22T17:21:06:  Optimized function value ..: -299300.674
2019-07-22T17:21:06:  Absolute precision ........: 0.005
2019-07-22T17:21:06:  Acceptable value decrease .: 2
2019-07-22T17:21:06:  Optimization status .......: converged
2019-07-22T17:21:06:  Number of parameters ......: 4
2019-07-22T17:21:06:  Number of free parameters .: 2
2019-07-22T17:21:06:  Number of iterations ......: 4
2019-07-22T17:21:06:  Lambda ....................: 1e-07
2019-07-22T17:21:06: 
2019-07-22T17:21:06: +=========================================+
2019-07-22T17:21:06: | Maximum likelihood optimisation results |
2019-07-22T17:21:06: +=========================================+
2019-07-22T17:21:06: === GOptimizerLM ===
2019-07-22T17:21:06:  Optimized function value ..: -320692.733
2019-07-22T17:21:06:  Absolute precision ........: 0.005
2019-07-22T17:21:06:  Acceptable value decrease .: 2
2019-07-22T17:21:06:  Optimization status .......: converged
2019-07-22T17:21:06:  Number of parameters ......: 11
2019-07-22T17:21:06:  Number of free parameters .: 5
2019-07-22T17:21:06:  Number of iterations ......: 8
2019-07-22T17:21:06:  Lambda ....................: 1e-11
2019-07-22T17:21:06:  Maximum log likelihood ....: 320692.733
2019-07-22T17:21:06:  Observed events  (Nobs) ...: 315373.000
2019-07-22T17:21:06:  Predicted events (Npred) ..: 313598.505 (Nobs - Npred = 1774.49475494708)
2019-07-22T17:21:06: === GModels ===
2019-07-22T17:21:06:  Number of models ..........: 2
2019-07-22T17:21:06:  Number of parameters ......: 11
2019-07-22T17:21:06: === GModelSky ===
2019-07-22T17:21:06:  Name ......................: source3b
2019-07-22T17:21:06:  Instruments ...............: all
2019-07-22T17:21:06:  Test Statistic ............: 42784.1173973909
2019-07-22T17:21:06:  Observation identifiers ...: all
2019-07-22T17:21:06:  Model type ................: PointSource
2019-07-22T17:21:06:  Model components ..........: "PointSource" * "ExponentialCutoffPowerLaw" * "Constant"
2019-07-22T17:21:06:  Number of parameters ......: 7
2019-07-22T17:21:06:  Number of spatial par's ...: 2
2019-07-22T17:21:06:   RA .......................: 83.6331 [-360,360] deg (fixed,scale=1)
2019-07-22T17:21:06:   DEC ......................: 22.0145 [-90,90] deg (fixed,scale=1)
2019-07-22T17:21:06:  Number of spectral par's ..: 4
2019-07-22T17:21:06:   Prefactor ................: 1.49708115411168e-18 +/- 1.72704539050864e-20 [1e-25,1e-15] ph/cm2/s/MeV (free,scale=1e-18,gradient)
2019-07-22T17:21:06:   Index ....................: -2.0178194367885 +/- 0.0100557466236034 [-0,-5]  (free,scale=-1,gradient)
2019-07-22T17:21:06:   CutoffEnergy .............: 45559781387.0493 +/- 2453744804811.26 [1000000,100000000000] MeV (free,scale=100000000,gradient)
2019-07-22T17:21:06:   PivotEnergy ..............: 1000000 [10000,1000000000] MeV (fixed,scale=1000000,gradient)
2019-07-22T17:21:06:  Number of temporal par's ..: 1
2019-07-22T17:21:06:   Normalization ............: 1 (relative value) (fixed,scale=1,gradient)
2019-07-22T17:21:06:  Number of scale par's .....: 0
2019-07-22T17:21:06: === GCTAModelCubeBackground ===
2019-07-22T17:21:06:  Name ......................: BackgroundModel
2019-07-22T17:21:06:  Instruments ...............: CTA, HESS, MAGIC, VERITAS
2019-07-22T17:21:06:  Observation identifiers ...: all
2019-07-22T17:21:06:  Model type ................: "PowerLaw" * "Constant"
2019-07-22T17:21:06:  Number of parameters ......: 4
2019-07-22T17:21:06:  Number of spectral par's ..: 3
2019-07-22T17:21:06:   Prefactor ................: 0.993115435987899 +/- 0.00441506927176701 [0.01,100] ph/cm2/s/MeV (free,scale=1,gradient)
2019-07-22T17:21:06:   Index ....................: -0.00346893264648099 +/- 0.00257119679236649 [-5,5]  (free,scale=1,gradient)
2019-07-22T17:21:06:   PivotEnergy ..............: 1000000 MeV (fixed,scale=1000000,gradient)
2019-07-22T17:21:06:  Number of temporal par's ..: 1
2019-07-22T17:21:06:   Normalization ............: 1 (relative value) (fixed,scale=1,gradient)
2019-07-22T17:21:06: 
2019-07-22T17:21:06: +==============+
2019-07-22T17:21:06: | Save results |
2019-07-22T17:21:06: +==============+
2019-07-22T17:21:06:  Model definition file .....: /cta/carli/CPPM_Internship/Simulations_and_Analyses/plus_step_AEff_South_z40_50h/source3b/obsmodel_binned.xml
2019-07-22T17:21:06:  Covariance matrix file ....: NONE
2019-07-22T17:21:06: 
2019-07-22T17:21:06: Application "ctlike" terminated after 298 wall clock seconds, consuming 307.22 seconds of CPU time.
