2019-07-22T17:21:39: ********************************************************************************
2019-07-22T17:21:39: *                                    ctmodel                                   *
2019-07-22T17:21:39: * ---------------------------------------------------------------------------- *
2019-07-22T17:21:39: * Version: 1.6.0                                                               *
2019-07-22T17:21:39: ********************************************************************************
2019-07-22T17:21:39: +============+
2019-07-22T17:21:39: | Parameters |
2019-07-22T17:21:39: +============+
2019-07-22T17:21:39:  inobs .....................: /cta/carli/CPPM_Internship/Simulations_and_Analyses/plus_step_AEff_South_z40_50h/source3b/obs_cube.fits
2019-07-22T17:21:39:  incube ....................: /cta/carli/CPPM_Internship/Simulations_and_Analyses/plus_step_AEff_South_z40_50h/source3b/obs_cube.fits
2019-07-22T17:21:39:  inmodel ...................: /cta/carli/CPPM_Internship/Simulations_and_Analyses/plus_step_AEff_South_z40_50h/source3b/obsmodel_binned.xml
2019-07-22T17:21:39:  expcube ...................: /cta/carli/CPPM_Internship/Simulations_and_Analyses/plus_step_AEff_South_z40_50h/source3b/exposure_cube.fits
2019-07-22T17:21:39:  psfcube ...................: /cta/carli/CPPM_Internship/Simulations_and_Analyses/plus_step_AEff_South_z40_50h/source3b/PSF_cube.fits
2019-07-22T17:21:39:  edispcube .................: /cta/carli/CPPM_Internship/Simulations_and_Analyses/plus_step_AEff_South_z40_50h/source3b/edisp_cube.fits
2019-07-22T17:21:39:  bkgcube ...................: /cta/carli/CPPM_Internship/Simulations_and_Analyses/plus_step_AEff_South_z40_50h/source3b/background_cube.fits
2019-07-22T17:21:39:  caldb .....................: prod3b-v2
2019-07-22T17:21:39:  irf .......................: plus_step_AEff_South_z40_50h
2019-07-22T17:21:39:  edisp .....................: yes
2019-07-22T17:21:39:  outcube ...................: /cta/carli/CPPM_Internship/Simulations_and_Analyses/plus_step_AEff_South_z40_50h/source3b/obsmodel_cube.fits
2019-07-22T17:21:39:  ra ........................: 84.1331
2019-07-22T17:21:39:  dec .......................: 22.0145
2019-07-22T17:21:39:  rad .......................: 0.8
2019-07-22T17:21:39:  tmin ......................: 0
2019-07-22T17:21:39:  tmax ......................: 144000
2019-07-22T17:21:39:  deadc .....................: 0.98
2019-07-22T17:21:39:  ebinalg ...................: LOG
2019-07-22T17:21:39:  emin ......................: 0.1
2019-07-22T17:21:39:  emax ......................: 199.526229858398
2019-07-22T17:21:39:  enumbins ..................: 32
2019-07-22T17:21:39:  ebinfile ..................: [not queried]
2019-07-22T17:21:39:  usepnt ....................: yes
2019-07-22T17:21:39:  nxpix .....................: 80
2019-07-22T17:21:39:  nypix .....................: 80
2019-07-22T17:21:39:  binsz .....................: 0.02
2019-07-22T17:21:39:  coordsys ..................: [not queried]
2019-07-22T17:21:39:  proj ......................: [not queried]
2019-07-22T17:21:39:  xref ......................: [not queried]
2019-07-22T17:21:39:  yref ......................: [not queried]
2019-07-22T17:21:39:  nthreads ..................: 0
2019-07-22T17:21:39:  publish ...................: no
2019-07-22T17:21:39:  chatter ...................: 4
2019-07-22T17:21:39:  clobber ...................: yes
2019-07-22T17:21:39:  debug .....................: no
2019-07-22T17:21:39:  mode ......................: ql
2019-07-22T17:21:39:  logfile ...................: ctmodel.log
2019-07-22T17:21:39: 
2019-07-22T17:21:39: +===================+
2019-07-22T17:21:39: | Input observation |
2019-07-22T17:21:39: +===================+
2019-07-22T17:21:39: === GObservations ===
2019-07-22T17:21:39:  Number of observations ....: 1
2019-07-22T17:21:39:  Number of models ..........: 2
2019-07-22T17:21:39:  Number of observed events .: 315373
2019-07-22T17:21:39:  Number of predicted events : 0
2019-07-22T17:21:39: === GCTAObservation ===
2019-07-22T17:21:39:  Name ......................: 
2019-07-22T17:21:39:  Identifier ................: 000001
2019-07-22T17:21:39:  Instrument ................: CTA
2019-07-22T17:21:39:  Event file ................: /cta/carli/CPPM_Internship/Simulations_and_Analyses/plus_step_AEff_South_z40_50h/source3b/obs_cube.fits
2019-07-22T17:21:39:  Event type ................: CountsCube
2019-07-22T17:21:39:  Statistic .................: cstat
2019-07-22T17:21:39:  Ontime ....................: 144000 s
2019-07-22T17:21:39:  Livetime ..................: 141120 s
2019-07-22T17:21:39:  Deadtime correction .......: 0.98
2019-07-22T17:21:39:  User energy range .........: undefined
2019-07-22T17:21:39: === GCTAPointing ===
2019-07-22T17:21:39:  Pointing direction ........: (RA,Dec)=(84.1331,22.0145)
2019-07-22T17:21:39: === GCTAResponseCube ===
2019-07-22T17:21:39:  Energy dispersion .........: Used
2019-07-22T17:21:39: === GCTACubeExposure ===
2019-07-22T17:21:39:  Filename ..................: /cta/carli/CPPM_Internship/Simulations_and_Analyses/plus_step_AEff_South_z40_50h/source3b/exposure_cube.fits
2019-07-22T17:21:39:  Livetime ..................: 141120 sec
2019-07-22T17:21:39: === GEnergies ===
2019-07-22T17:21:39:  Number of energies ........: 33
2019-07-22T17:21:39: === GGti ===
2019-07-22T17:21:39:  Number of intervals .......: 1
2019-07-22T17:21:39:  Ontime ....................: 144000 sec
2019-07-22T17:21:39:  Elapsed time ..............: 144000 sec
2019-07-22T17:21:39:  MJD range .................: 51544.5 - 51546.1666666667 s (TT)
2019-07-22T17:21:39:  UTC range .................: 2000-01-01T11:58:56 - 2000-01-03T03:58:56 s (TT)
2019-07-22T17:21:39:  Reference MJD .............: 51544.5
2019-07-22T17:21:39: === GSkyMap ===
2019-07-22T17:21:39:  Number of pixels ..........: 6400
2019-07-22T17:21:39:  X axis dimension ..........: 80
2019-07-22T17:21:39:  Y axis dimension ..........: 80
2019-07-22T17:21:39:  Number of maps ............: 33
2019-07-22T17:21:39:  Shape of maps .............: (33)
2019-07-22T17:21:39: === GCTACubePsf ===
2019-07-22T17:21:39:  Filename ..................: /cta/carli/CPPM_Internship/Simulations_and_Analyses/plus_step_AEff_South_z40_50h/source3b/PSF_cube.fits
2019-07-22T17:21:39: === GEnergies ===
2019-07-22T17:21:39:  Number of energies ........: 33
2019-07-22T17:21:39:  Number of delta bins ......: 200
2019-07-22T17:21:39:  Delta range ...............: 1.875e-06 - 0.298501875 deg
2019-07-22T17:21:39: === GSkyMap ===
2019-07-22T17:21:39:  Number of pixels ..........: 1
2019-07-22T17:21:39:  X axis dimension ..........: 1
2019-07-22T17:21:39:  Y axis dimension ..........: 1
2019-07-22T17:21:39:  Number of maps ............: 6600
2019-07-22T17:21:39:  Shape of maps .............: (200, 33)
2019-07-22T17:21:39: === GCTACubeEdisp ===
2019-07-22T17:21:39:  Filename ..................: /cta/carli/CPPM_Internship/Simulations_and_Analyses/plus_step_AEff_South_z40_50h/source3b/edisp_cube.fits
2019-07-22T17:21:39: === GEnergies ===
2019-07-22T17:21:39:  Number of energies ........: 33
2019-07-22T17:21:39:  Number of migra bins ......: 100
2019-07-22T17:21:39:  Migra range ...............: 0.02 - 2
2019-07-22T17:21:39: === GSkyMap ===
2019-07-22T17:21:39:  Number of pixels ..........: 1
2019-07-22T17:21:39:  X axis dimension ..........: 1
2019-07-22T17:21:39:  Y axis dimension ..........: 1
2019-07-22T17:21:39:  Number of maps ............: 3300
2019-07-22T17:21:39:  Shape of maps .............: (100, 33)
2019-07-22T17:21:39: === GCTACubeBackground ===
2019-07-22T17:21:39:  Filename ..................: /cta/carli/CPPM_Internship/Simulations_and_Analyses/plus_step_AEff_South_z40_50h/source3b/background_cube.fits
2019-07-22T17:21:39: === GEbounds ===
2019-07-22T17:21:39:  Number of intervals .......: 32
2019-07-22T17:21:39:  Energy range ..............: 100 GeV - 199.526229858398 TeV
2019-07-22T17:21:39: === GSkyMap ===
2019-07-22T17:21:39:  Number of pixels ..........: 6400
2019-07-22T17:21:39:  X axis dimension ..........: 80
2019-07-22T17:21:39:  Y axis dimension ..........: 80
2019-07-22T17:21:39:  Number of maps ............: 32
2019-07-22T17:21:39:  Shape of maps .............: (32)
2019-07-22T17:21:39: === GCTAResponseCache ===
2019-07-22T17:21:39:  Number of cached values ...: 0
2019-07-22T17:21:39: === GCTAEventCube ===
2019-07-22T17:21:39:  Number of events ..........: 315373
2019-07-22T17:21:39:  Number of elements ........: 204800
2019-07-22T17:21:39:  Number of pixels ..........: 6400
2019-07-22T17:21:39:  Number of energy bins .....: 32
2019-07-22T17:21:39:  Time interval .............: 51544.5 - 51546.1666666667 days
2019-07-22T17:21:39:  Pointing ..................: (RA,Dec)=(84.1331,22.0145)
2019-07-22T17:21:39: === GEbounds ===
2019-07-22T17:21:39:  Number of intervals .......: 32
2019-07-22T17:21:39:  Energy range ..............: 100 GeV - 199.526229858398 TeV
2019-07-22T17:21:39: === GSkyMap ===
2019-07-22T17:21:39:  Number of pixels ..........: 6400
2019-07-22T17:21:39:  X axis dimension ..........: 80
2019-07-22T17:21:39:  Y axis dimension ..........: 80
2019-07-22T17:21:39:  Number of maps ............: 32
2019-07-22T17:21:39:  Shape of maps .............: (32)
2019-07-22T17:21:39: === GSkyRegions ===
2019-07-22T17:21:39:  Number of regions .........: 0
2019-07-22T17:21:39: === GModels ===
2019-07-22T17:21:39:  Number of models ..........: 2
2019-07-22T17:21:39:  Number of parameters ......: 11
2019-07-22T17:21:39: === GModelSky ===
2019-07-22T17:21:39:  Name ......................: source3b
2019-07-22T17:21:39:  Instruments ...............: all
2019-07-22T17:21:39:  Test Statistic ............: 42784.117
2019-07-22T17:21:39:  Observation identifiers ...: all
2019-07-22T17:21:39:  Model type ................: PointSource
2019-07-22T17:21:39:  Model components ..........: "PointSource" * "ExponentialCutoffPowerLaw" * "Constant"
2019-07-22T17:21:39:  Number of parameters ......: 7
2019-07-22T17:21:39:  Number of spatial par's ...: 2
2019-07-22T17:21:39:   RA .......................: 83.6331 [-360,360] deg (fixed,scale=1)
2019-07-22T17:21:39:   DEC ......................: 22.0145 [-90,90] deg (fixed,scale=1)
2019-07-22T17:21:39:  Number of spectral par's ..: 4
2019-07-22T17:21:39:   Prefactor ................: 1.49708115411168e-18 +/- 1.72704539050864e-20 [1e-25,1e-15] ph/cm2/s/MeV (free,scale=1e-18,gradient)
2019-07-22T17:21:39:   Index ....................: -2.0178194367885 +/- 0.0100557466236034 [-0,-5]  (free,scale=-1,gradient)
2019-07-22T17:21:39:   CutoffEnergy .............: 45559781387.0493 +/- 2453744804811.26 [1000000,100000000000] MeV (free,scale=100000000,gradient)
2019-07-22T17:21:39:   PivotEnergy ..............: 1000000 [10000,1000000000] MeV (fixed,scale=1000000,gradient)
2019-07-22T17:21:39:  Number of temporal par's ..: 1
2019-07-22T17:21:39:   Normalization ............: 1 (relative value) (fixed,scale=1,gradient)
2019-07-22T17:21:39:  Number of scale par's .....: 0
2019-07-22T17:21:39: === GCTAModelCubeBackground ===
2019-07-22T17:21:39:  Name ......................: BackgroundModel
2019-07-22T17:21:39:  Instruments ...............: CTA, HESS, MAGIC, VERITAS
2019-07-22T17:21:39:  Observation identifiers ...: all
2019-07-22T17:21:39:  Model type ................: "PowerLaw" * "Constant"
2019-07-22T17:21:39:  Number of parameters ......: 4
2019-07-22T17:21:39:  Number of spectral par's ..: 3
2019-07-22T17:21:39:   Prefactor ................: 0.993115435987899 +/- 0.00441506927176701 [0.01,100] ph/cm2/s/MeV (free,scale=1,gradient)
2019-07-22T17:21:39:   Index ....................: -0.00346893264648099 +/- 0.00257119679236649 [-5,5]  (free,scale=1,gradient)
2019-07-22T17:21:39:   PivotEnergy ..............: 1000000 MeV (fixed,scale=1000000,gradient)
2019-07-22T17:21:39:  Number of temporal par's ..: 1
2019-07-22T17:21:39:   Normalization ............: 1 (relative value) (fixed,scale=1,gradient)
2019-07-22T17:21:39: 
2019-07-22T17:21:39: +==============+
2019-07-22T17:21:39: | Input models |
2019-07-22T17:21:39: +==============+
2019-07-22T17:21:39: === GModels ===
2019-07-22T17:21:39:  Number of models ..........: 2
2019-07-22T17:21:39:  Number of parameters ......: 11
2019-07-22T17:21:39: === GModelSky ===
2019-07-22T17:21:39:  Name ......................: source3b
2019-07-22T17:21:39:  Instruments ...............: all
2019-07-22T17:21:39:  Test Statistic ............: 42784.117
2019-07-22T17:21:39:  Observation identifiers ...: all
2019-07-22T17:21:39:  Model type ................: PointSource
2019-07-22T17:21:39:  Model components ..........: "PointSource" * "ExponentialCutoffPowerLaw" * "Constant"
2019-07-22T17:21:39:  Number of parameters ......: 7
2019-07-22T17:21:39:  Number of spatial par's ...: 2
2019-07-22T17:21:39:   RA .......................: 83.6331 [-360,360] deg (fixed,scale=1)
2019-07-22T17:21:39:   DEC ......................: 22.0145 [-90,90] deg (fixed,scale=1)
2019-07-22T17:21:39:  Number of spectral par's ..: 4
2019-07-22T17:21:39:   Prefactor ................: 1.49708115411168e-18 +/- 1.72704539050864e-20 [1e-25,1e-15] ph/cm2/s/MeV (free,scale=1e-18,gradient)
2019-07-22T17:21:39:   Index ....................: -2.0178194367885 +/- 0.0100557466236034 [-0,-5]  (free,scale=-1,gradient)
2019-07-22T17:21:39:   CutoffEnergy .............: 45559781387.0493 +/- 2453744804811.26 [1000000,100000000000] MeV (free,scale=100000000,gradient)
2019-07-22T17:21:39:   PivotEnergy ..............: 1000000 [10000,1000000000] MeV (fixed,scale=1000000,gradient)
2019-07-22T17:21:39:  Number of temporal par's ..: 1
2019-07-22T17:21:39:   Normalization ............: 1 (relative value) (fixed,scale=1,gradient)
2019-07-22T17:21:39:  Number of scale par's .....: 0
2019-07-22T17:21:39: === GCTAModelCubeBackground ===
2019-07-22T17:21:39:  Name ......................: BackgroundModel
2019-07-22T17:21:39:  Instruments ...............: CTA, HESS, MAGIC, VERITAS
2019-07-22T17:21:39:  Observation identifiers ...: all
2019-07-22T17:21:39:  Model type ................: "PowerLaw" * "Constant"
2019-07-22T17:21:39:  Number of parameters ......: 4
2019-07-22T17:21:39:  Number of spectral par's ..: 3
2019-07-22T17:21:39:   Prefactor ................: 0.993115435987899 +/- 0.00441506927176701 [0.01,100] ph/cm2/s/MeV (free,scale=1,gradient)
2019-07-22T17:21:39:   Index ....................: -0.00346893264648099 +/- 0.00257119679236649 [-5,5]  (free,scale=1,gradient)
2019-07-22T17:21:39:   PivotEnergy ..............: 1000000 MeV (fixed,scale=1000000,gradient)
2019-07-22T17:21:39:  Number of temporal par's ..: 1
2019-07-22T17:21:39:   Normalization ............: 1 (relative value) (fixed,scale=1,gradient)
2019-07-22T17:21:39: 
2019-07-22T17:21:39: +=====================+
2019-07-22T17:21:39: | Generate model cube |
2019-07-22T17:21:39: +=====================+
2019-07-22T17:21:45: === CTA observation (id=000001) ===
2019-07-22T17:21:45:  Model events in cube ......: 313599
2019-07-22T17:21:45:  Bins outside energy range .: 0
2019-07-22T17:21:45:  Bins outside RoI ..........: 0
2019-07-22T17:21:45: +------------+
2019-07-22T17:21:45: | Model cube |
2019-07-22T17:21:45: +------------+
2019-07-22T17:21:45: === GCTAEventCube ===
2019-07-22T17:21:45:  Number of events ..........: 313599
2019-07-22T17:21:45:  Number of elements ........: 204800
2019-07-22T17:21:45:  Number of pixels ..........: 6400
2019-07-22T17:21:45:  Number of energy bins .....: 32
2019-07-22T17:21:45:  Time interval .............: 51544.5 - 51546.1666666667 days
2019-07-22T17:21:45:  Pointing ..................: (RA,Dec)=(84.1331,22.0145)
2019-07-22T17:21:45: === GEbounds ===
2019-07-22T17:21:45:  Number of intervals .......: 32
2019-07-22T17:21:45:  Energy range ..............: 100 GeV - 199.526229858398 TeV
2019-07-22T17:21:45:  Energy interval 0 .........: 100 GeV - 126.801677758117 GeV
2019-07-22T17:21:45:  Energy interval 1 .........: 126.801677758117 GeV - 160.786654822733 GeV
2019-07-22T17:21:45:  Energy interval 2 .........: 160.786654822733 GeV - 203.880175926378 GeV
2019-07-22T17:21:45:  Energy interval 3 .........: 203.880175926378 GeV - 258.523483690848 GeV
2019-07-22T17:21:45:  Energy interval 4 .........: 258.523483690848 GeV - 327.812114718727 GeV
2019-07-22T17:21:45:  Energy interval 5 .........: 327.812114718727 GeV - 415.671261357709 GeV
2019-07-22T17:21:45:  Energy interval 6 .........: 415.671261357709 GeV - 527.078133359902 GeV
2019-07-22T17:21:45:  Energy interval 7 .........: 527.078133359902 GeV - 668.343916196521 GeV
2019-07-22T17:21:45:  Energy interval 8 .........: 668.343916196521 GeV - 847.471298931492 GeV
2019-07-22T17:21:45:  Energy interval 9 .........: 847.471298931492 GeV - 1.07460782556364 TeV
2019-07-22T17:21:45:  Energy interval 10 ........: 1.07460782556364 TeV - 1.36262075213471 TeV
2019-07-22T17:21:45:  Energy interval 11 ........: 1.36262075213471 TeV - 1.72782597518709 TeV
2019-07-22T17:21:45:  Energy interval 12 ........: 1.72782597518709 TeV - 2.19091232527777 TeV
2019-07-22T17:21:45:  Energy interval 13 ........: 2.19091232527777 TeV - 2.77811358666159 TeV
2019-07-22T17:21:45:  Energy interval 14 ........: 2.77811358666159 TeV - 3.5226946379131 TeV
2019-07-22T17:21:45:  Energy interval 15 ........: 3.5226946379131 TeV - 4.46683590316902 TeV
2019-07-22T17:21:45:  Energy interval 16 ........: 4.46683590316902 TeV - 5.66402286792025 TeV
2019-07-22T17:21:45:  Energy interval 17 ........: 5.66402286792025 TeV - 7.18207602512629 TeV
2019-07-22T17:21:45:  Energy interval 18 ........: 7.18207602512629 TeV - 9.10699289772362 TeV
2019-07-22T17:21:45:  Energy interval 19 ........: 9.10699289772362 TeV - 11.5478197876261 TeV
2019-07-22T17:21:45:  Energy interval 20 ........: 11.5478197876261 TeV - 14.6428292351937 TeV
2019-07-22T17:21:45:  Energy interval 21 ........: 14.6428292351937 TeV - 18.5673531414817 TeV
2019-07-22T17:21:45:  Energy interval 22 ........: 18.5673531414817 TeV - 23.5437152986732 TeV
2019-07-22T17:21:45:  Energy interval 23 ........: 23.5437152986732 TeV - 29.8538260053121 TeV
2019-07-22T17:21:45:  Energy interval 24 ........: 29.8538260053121 TeV - 37.8551522497248 TeV
2019-07-22T17:21:45:  Energy interval 25 ........: 37.8551522497248 TeV - 48.0009681705405 TeV
2019-07-22T17:21:45:  Energy interval 26 ........: 48.0009681705405 TeV - 60.8660329803851 TeV
2019-07-22T17:21:45:  Energy interval 27 ........: 60.8660329803851 TeV - 77.1791510039371 TeV
2019-07-22T17:21:45:  Energy interval 28 ........: 77.1791510039371 TeV - 97.8644583524627 TeV
2019-07-22T17:21:45:  Energy interval 29 ........: 97.8644583524627 TeV - 124.093775119817 TeV
2019-07-22T17:21:45:  Energy interval 30 ........: 124.093775119817 TeV - 157.352988845312 TeV
2019-07-22T17:21:45:  Energy interval 31 ........: 157.352988845312 TeV - 199.526229858398 TeV
2019-07-22T17:21:45: === GSkyMap ===
2019-07-22T17:21:45:  Number of pixels ..........: 6400
2019-07-22T17:21:45:  X axis dimension ..........: 80
2019-07-22T17:21:45:  Y axis dimension ..........: 80
2019-07-22T17:21:45:  Number of maps ............: 32
2019-07-22T17:21:45:  Shape of maps .............: (32)
2019-07-22T17:21:45: === GWcsTAN ===
2019-07-22T17:21:45:  Number of axes ............: 2
2019-07-22T17:21:45:  Coodinate system ..........: GAL
2019-07-22T17:21:45:  Projection code ...........: TAN
2019-07-22T17:21:45:  Projection name ...........: gnomonic
2019-07-22T17:21:45:  Reference coordinate ......: (184.806062, -5.3923557125)
2019-07-22T17:21:45:  Reference pixel ...........: (40.5, 40.5)
2019-07-22T17:21:45:  Increment at reference ....: (-0.02, 0.02)
2019-07-22T17:21:45:  (Phi_0, Theta_0) ..........: (0, 90) deg
2019-07-22T17:21:45:  (Phi_p, Theta_p) ..........: (180, -5.3923557125) deg
2019-07-22T17:21:45: 
2019-07-22T17:21:45: +============+
2019-07-22T17:21:45: | Model cube |
2019-07-22T17:21:45: +============+
2019-07-22T17:21:45: === GCTAEventCube ===
2019-07-22T17:21:45:  Number of events ..........: 313599
2019-07-22T17:21:45:  Number of elements ........: 204800
2019-07-22T17:21:45:  Number of pixels ..........: 6400
2019-07-22T17:21:45:  Number of energy bins .....: 32
2019-07-22T17:21:45:  Time interval .............: 51544.5 - 51546.1666666667 days
2019-07-22T17:21:45:  Pointing ..................: (RA,Dec)=(84.1331,22.0145)
2019-07-22T17:21:45: === GEbounds ===
2019-07-22T17:21:45:  Number of intervals .......: 32
2019-07-22T17:21:45:  Energy range ..............: 100 GeV - 199.526229858398 TeV
2019-07-22T17:21:45: === GSkyMap ===
2019-07-22T17:21:45:  Number of pixels ..........: 6400
2019-07-22T17:21:45:  X axis dimension ..........: 80
2019-07-22T17:21:45:  Y axis dimension ..........: 80
2019-07-22T17:21:45:  Number of maps ............: 32
2019-07-22T17:21:45:  Shape of maps .............: (32)
2019-07-22T17:21:45: 
2019-07-22T17:21:45: +=================+
2019-07-22T17:21:45: | Save model cube |
2019-07-22T17:21:45: +=================+
2019-07-22T17:21:46:  Model cube file ...........: /cta/carli/CPPM_Internship/Simulations_and_Analyses/plus_step_AEff_South_z40_50h/source3b/obsmodel_cube.fits
2019-07-22T17:21:46: 
2019-07-22T17:21:46: Application "ctmodel" terminated after 8 wall clock seconds, consuming 8.31 seconds of CPU time.
