2019-07-25T14:33:44: ********************************************************************************
2019-07-25T14:33:44: *                                    cterror                                   *
2019-07-25T14:33:44: * ---------------------------------------------------------------------------- *
2019-07-25T14:33:44: * Version: 1.6.0                                                               *
2019-07-25T14:33:44: ********************************************************************************
2019-07-25T14:33:44: +============+
2019-07-25T14:33:44: | Parameters |
2019-07-25T14:33:44: +============+
2019-07-25T14:33:44:  inobs .....................: /cta/carli/CPPM_Internship/Simulations_and_Analyses/plus_constant_EDisp_South_z40_50h/source3b/obs_cube.fits
2019-07-25T14:33:44:  inmodel ...................: /cta/carli/CPPM_Internship/Simulations_and_Analyses/plus_constant_EDisp_South_z40_50h/source3b/obsmodel_binned.xml
2019-07-25T14:33:44:  srcname ...................: source3b
2019-07-25T14:33:44:  expcube ...................: /cta/carli/CPPM_Internship/Simulations_and_Analyses/plus_constant_EDisp_South_z40_50h/source3b/exposure_cube.fits
2019-07-25T14:33:44:  psfcube ...................: /cta/carli/CPPM_Internship/Simulations_and_Analyses/plus_constant_EDisp_South_z40_50h/source3b/PSF_cube.fits
2019-07-25T14:33:44:  edispcube .................: /cta/carli/CPPM_Internship/Simulations_and_Analyses/plus_constant_EDisp_South_z40_50h/source3b/edisp_cube.fits
2019-07-25T14:33:44:  bkgcube ...................: /cta/carli/CPPM_Internship/Simulations_and_Analyses/plus_constant_EDisp_South_z40_50h/source3b/background_cube.fits
2019-07-25T14:33:44:  caldb .....................: prod3b-v2
2019-07-25T14:33:44:  irf .......................: plus_constant_EDisp_South_z40_50h
2019-07-25T14:33:44:  edisp .....................: yes
2019-07-25T14:33:44:  outmodel ..................: 
2019-07-25T14:33:44:  confidence ................: 0.95
2019-07-25T14:33:44:  tol .......................: 1e-3
2019-07-25T14:33:44:  statistic .................: DEFAULT
2019-07-25T14:33:44:  like_accuracy .............: 0.005
2019-07-25T14:33:44:  max_iter ..................: 50
2019-07-25T14:33:44:  nthreads ..................: 0
2019-07-25T14:33:44:  chatter ...................: 4
2019-07-25T14:33:44:  clobber ...................: yes
2019-07-25T14:33:44:  debug .....................: no
2019-07-25T14:33:44:  mode ......................: ql
2019-07-25T14:33:44:  logfile ...................: cterror95.log
2019-07-25T14:33:44: 
2019-07-25T14:33:44: +===================+
2019-07-25T14:33:44: | Input observation |
2019-07-25T14:33:44: +===================+
2019-07-25T14:33:44: === GObservations ===
2019-07-25T14:33:44:  Number of observations ....: 1
2019-07-25T14:33:44:  Number of models ..........: 2
2019-07-25T14:33:44:  Number of observed events .: 315146
2019-07-25T14:33:44:  Number of predicted events : 0
2019-07-25T14:33:44: === GCTAObservation ===
2019-07-25T14:33:44:  Name ......................: 
2019-07-25T14:33:44:  Identifier ................: 000001
2019-07-25T14:33:44:  Instrument ................: CTA
2019-07-25T14:33:44:  Event file ................: /cta/carli/CPPM_Internship/Simulations_and_Analyses/plus_constant_EDisp_South_z40_50h/source3b/obs_cube.fits
2019-07-25T14:33:44:  Event type ................: CountsCube
2019-07-25T14:33:44:  Statistic .................: cstat
2019-07-25T14:33:44:  Ontime ....................: 144000 s
2019-07-25T14:33:44:  Livetime ..................: 141120 s
2019-07-25T14:33:44:  Deadtime correction .......: 0.98
2019-07-25T14:33:44:  User energy range .........: undefined
2019-07-25T14:33:44: === GCTAPointing ===
2019-07-25T14:33:44:  Pointing direction ........: (RA,Dec)=(84.1331,22.0145)
2019-07-25T14:33:44: === GCTAResponseCube ===
2019-07-25T14:33:44:  Energy dispersion .........: Used
2019-07-25T14:33:44: === GCTACubeExposure ===
2019-07-25T14:33:44:  Filename ..................: /cta/carli/CPPM_Internship/Simulations_and_Analyses/plus_constant_EDisp_South_z40_50h/source3b/exposure_cube.fits
2019-07-25T14:33:44:  Livetime ..................: 141120 sec
2019-07-25T14:33:44: === GEnergies ===
2019-07-25T14:33:44:  Number of energies ........: 33
2019-07-25T14:33:44: === GGti ===
2019-07-25T14:33:44:  Number of intervals .......: 1
2019-07-25T14:33:44:  Ontime ....................: 144000 sec
2019-07-25T14:33:44:  Elapsed time ..............: 144000 sec
2019-07-25T14:33:44:  MJD range .................: 51544.5 - 51546.1666666667 s (TT)
2019-07-25T14:33:44:  UTC range .................: 2000-01-01T11:58:56 - 2000-01-03T03:58:56 s (TT)
2019-07-25T14:33:44:  Reference MJD .............: 51544.5
2019-07-25T14:33:44: === GSkyMap ===
2019-07-25T14:33:44:  Number of pixels ..........: 6400
2019-07-25T14:33:44:  X axis dimension ..........: 80
2019-07-25T14:33:44:  Y axis dimension ..........: 80
2019-07-25T14:33:44:  Number of maps ............: 33
2019-07-25T14:33:44:  Shape of maps .............: (33)
2019-07-25T14:33:44: === GCTACubePsf ===
2019-07-25T14:33:44:  Filename ..................: /cta/carli/CPPM_Internship/Simulations_and_Analyses/plus_constant_EDisp_South_z40_50h/source3b/PSF_cube.fits
2019-07-25T14:33:44: === GEnergies ===
2019-07-25T14:33:44:  Number of energies ........: 33
2019-07-25T14:33:44:  Number of delta bins ......: 200
2019-07-25T14:33:44:  Delta range ...............: 1.875e-06 - 0.298501875 deg
2019-07-25T14:33:44: === GSkyMap ===
2019-07-25T14:33:44:  Number of pixels ..........: 1
2019-07-25T14:33:44:  X axis dimension ..........: 1
2019-07-25T14:33:44:  Y axis dimension ..........: 1
2019-07-25T14:33:44:  Number of maps ............: 6600
2019-07-25T14:33:44:  Shape of maps .............: (200, 33)
2019-07-25T14:33:44: === GCTACubeEdisp ===
2019-07-25T14:33:44:  Filename ..................: /cta/carli/CPPM_Internship/Simulations_and_Analyses/plus_constant_EDisp_South_z40_50h/source3b/edisp_cube.fits
2019-07-25T14:33:44: === GEnergies ===
2019-07-25T14:33:44:  Number of energies ........: 33
2019-07-25T14:33:44:  Number of migra bins ......: 100
2019-07-25T14:33:44:  Migra range ...............: 0.02 - 2
2019-07-25T14:33:44: === GSkyMap ===
2019-07-25T14:33:44:  Number of pixels ..........: 1
2019-07-25T14:33:44:  X axis dimension ..........: 1
2019-07-25T14:33:44:  Y axis dimension ..........: 1
2019-07-25T14:33:44:  Number of maps ............: 3300
2019-07-25T14:33:44:  Shape of maps .............: (100, 33)
2019-07-25T14:33:44: === GCTACubeBackground ===
2019-07-25T14:33:44:  Filename ..................: /cta/carli/CPPM_Internship/Simulations_and_Analyses/plus_constant_EDisp_South_z40_50h/source3b/background_cube.fits
2019-07-25T14:33:44: === GEbounds ===
2019-07-25T14:33:44:  Number of intervals .......: 32
2019-07-25T14:33:44:  Energy range ..............: 100 GeV - 199.526229858398 TeV
2019-07-25T14:33:44: === GSkyMap ===
2019-07-25T14:33:44:  Number of pixels ..........: 6400
2019-07-25T14:33:44:  X axis dimension ..........: 80
2019-07-25T14:33:44:  Y axis dimension ..........: 80
2019-07-25T14:33:44:  Number of maps ............: 32
2019-07-25T14:33:44:  Shape of maps .............: (32)
2019-07-25T14:33:44: === GCTAResponseCache ===
2019-07-25T14:33:44:  Number of cached values ...: 0
2019-07-25T14:33:44: === GCTAEventCube ===
2019-07-25T14:33:44:  Number of events ..........: 315146
2019-07-25T14:33:44:  Number of elements ........: 204800
2019-07-25T14:33:44:  Number of pixels ..........: 6400
2019-07-25T14:33:44:  Number of energy bins .....: 32
2019-07-25T14:33:44:  Time interval .............: 51544.5 - 51546.1666666667 days
2019-07-25T14:33:44:  Pointing ..................: (RA,Dec)=(84.1331,22.0145)
2019-07-25T14:33:44: === GEbounds ===
2019-07-25T14:33:44:  Number of intervals .......: 32
2019-07-25T14:33:44:  Energy range ..............: 100 GeV - 199.526229858398 TeV
2019-07-25T14:33:44: === GSkyMap ===
2019-07-25T14:33:44:  Number of pixels ..........: 6400
2019-07-25T14:33:44:  X axis dimension ..........: 80
2019-07-25T14:33:44:  Y axis dimension ..........: 80
2019-07-25T14:33:44:  Number of maps ............: 32
2019-07-25T14:33:44:  Shape of maps .............: (32)
2019-07-25T14:33:44: === GSkyRegions ===
2019-07-25T14:33:44:  Number of regions .........: 0
2019-07-25T14:33:44: === GModels ===
2019-07-25T14:33:44:  Number of models ..........: 2
2019-07-25T14:33:44:  Number of parameters ......: 11
2019-07-25T14:33:44: === GModelSky ===
2019-07-25T14:33:44:  Name ......................: source3b
2019-07-25T14:33:44:  Instruments ...............: all
2019-07-25T14:33:44:  Test Statistic ............: 40728.352
2019-07-25T14:33:44:  Observation identifiers ...: all
2019-07-25T14:33:44:  Model type ................: PointSource
2019-07-25T14:33:44:  Model components ..........: "PointSource" * "ExponentialCutoffPowerLaw" * "Constant"
2019-07-25T14:33:44:  Number of parameters ......: 7
2019-07-25T14:33:44:  Number of spatial par's ...: 2
2019-07-25T14:33:44:   RA .......................: 83.6331 [-360,360] deg (fixed,scale=1)
2019-07-25T14:33:44:   DEC ......................: 22.0145 [-90,90] deg (fixed,scale=1)
2019-07-25T14:33:44:  Number of spectral par's ..: 4
2019-07-25T14:33:44:   Prefactor ................: 1.52438706966929e-18 [1e-25,1e-15] ph/cm2/s/MeV (fixed,scale=1e-18,gradient)
2019-07-25T14:33:44:   Index ....................: -2.00316405723924 [-0,-5]  (fixed,scale=-1,gradient)
2019-07-25T14:33:44:   CutoffEnergy .............: 2558637525.83931 +/- 7544411281.64366 [1000000,100000000000] MeV (free,scale=100000000,gradient)
2019-07-25T14:33:44:   PivotEnergy ..............: 1000000 [10000,1000000000] MeV (fixed,scale=1000000,gradient)
2019-07-25T14:33:44:  Number of temporal par's ..: 1
2019-07-25T14:33:44:   Normalization ............: 1 (relative value) (fixed,scale=1,gradient)
2019-07-25T14:33:44:  Number of scale par's .....: 0
2019-07-25T14:33:44: === GCTAModelCubeBackground ===
2019-07-25T14:33:44:  Name ......................: BackgroundModel
2019-07-25T14:33:44:  Instruments ...............: CTA, HESS, MAGIC, VERITAS
2019-07-25T14:33:44:  Observation identifiers ...: all
2019-07-25T14:33:44:  Model type ................: "PowerLaw" * "Constant"
2019-07-25T14:33:44:  Number of parameters ......: 4
2019-07-25T14:33:44:  Number of spectral par's ..: 3
2019-07-25T14:33:44:   Prefactor ................: 1.15413637913307 [0.01,100] ph/cm2/s/MeV (fixed,scale=1,gradient)
2019-07-25T14:33:44:   Index ....................: 0.0938477392789654 [-5,5]  (fixed,scale=1,gradient)
2019-07-25T14:33:44:   PivotEnergy ..............: 1000000 MeV (fixed,scale=1000000,gradient)
2019-07-25T14:33:44:  Number of temporal par's ..: 1
2019-07-25T14:33:44:   Normalization ............: 1 (relative value) (fixed,scale=1,gradient)
2019-07-25T14:33:44: 
2019-07-25T14:33:44: +=============================+
2019-07-25T14:33:44: | Compute best-fit likelihood |
2019-07-25T14:33:44: +=============================+
2019-07-25T14:35:08: === GOptimizerLM ===
2019-07-25T14:35:08:  Optimized function value ..: -302027.987
2019-07-25T14:35:08:  Absolute precision ........: 0.005
2019-07-25T14:35:08:  Acceptable value decrease .: 2
2019-07-25T14:35:08:  Optimization status .......: converged
2019-07-25T14:35:08:  Number of parameters ......: 11
2019-07-25T14:35:08:  Number of free parameters .: 1
2019-07-25T14:35:08:  Number of iterations ......: 1
2019-07-25T14:35:08:  Lambda ....................: 0.0001
2019-07-25T14:35:08:  Maximum log likelihood ....: -302027.987
2019-07-25T14:35:08: === GModels ===
2019-07-25T14:35:08:  Number of models ..........: 2
2019-07-25T14:35:08:  Number of parameters ......: 11
2019-07-25T14:35:08: === GModelSky ===
2019-07-25T14:35:08:  Name ......................: source3b
2019-07-25T14:35:08:  Instruments ...............: all
2019-07-25T14:35:08:  Test Statistic ............: 40728.352
2019-07-25T14:35:08:  Observation identifiers ...: all
2019-07-25T14:35:08:  Model type ................: PointSource
2019-07-25T14:35:08:  Model components ..........: "PointSource" * "ExponentialCutoffPowerLaw" * "Constant"
2019-07-25T14:35:08:  Number of parameters ......: 7
2019-07-25T14:35:08:  Number of spatial par's ...: 2
2019-07-25T14:35:08:   RA .......................: 83.6331 [-360,360] deg (fixed,scale=1)
2019-07-25T14:35:08:   DEC ......................: 22.0145 [-90,90] deg (fixed,scale=1)
2019-07-25T14:35:08:  Number of spectral par's ..: 4
2019-07-25T14:35:08:   Prefactor ................: 1.52438706966929e-18 [1e-25,1e-15] ph/cm2/s/MeV (fixed,scale=1e-18,gradient)
2019-07-25T14:35:08:   Index ....................: -2.00316405723924 [-0,-5]  (fixed,scale=-1,gradient)
2019-07-25T14:35:08:   CutoffEnergy .............: 2659191294.45769 +/- 5784603802.20817 [1000000,100000000000] MeV (free,scale=100000000,gradient)
2019-07-25T14:35:08:   PivotEnergy ..............: 1000000 [10000,1000000000] MeV (fixed,scale=1000000,gradient)
2019-07-25T14:35:08:  Number of temporal par's ..: 1
2019-07-25T14:35:08:   Normalization ............: 1 (relative value) (fixed,scale=1,gradient)
2019-07-25T14:35:08:  Number of scale par's .....: 0
2019-07-25T14:35:08: === GCTAModelCubeBackground ===
2019-07-25T14:35:08:  Name ......................: BackgroundModel
2019-07-25T14:35:08:  Instruments ...............: CTA, HESS, MAGIC, VERITAS
2019-07-25T14:35:08:  Observation identifiers ...: all
2019-07-25T14:35:08:  Model type ................: "PowerLaw" * "Constant"
2019-07-25T14:35:08:  Number of parameters ......: 4
2019-07-25T14:35:08:  Number of spectral par's ..: 3
2019-07-25T14:35:08:   Prefactor ................: 1.15413637913307 [0.01,100] ph/cm2/s/MeV (fixed,scale=1,gradient)
2019-07-25T14:35:08:   Index ....................: 0.0938477392789654 [-5,5]  (fixed,scale=1,gradient)
2019-07-25T14:35:08:   PivotEnergy ..............: 1000000 MeV (fixed,scale=1000000,gradient)
2019-07-25T14:35:08:  Number of temporal par's ..: 1
2019-07-25T14:35:08:   Normalization ............: 1 (relative value) (fixed,scale=1,gradient)
2019-07-25T14:35:08: 
2019-07-25T14:35:08: +==============================================================+
2019-07-25T14:35:08: | Compute error for source "source3b" parameter "CutoffEnergy" |
2019-07-25T14:35:08: +==============================================================+
2019-07-25T14:35:08:  Confidence level ..........: 95 %
2019-07-25T14:35:08:  Log-likelihood difference .: 1.92073
2019-07-25T14:35:08:  Initial factor range ......: [0.01, 605.052293165394]
2019-07-25T14:35:18:    Iteration 1 .............: [0.01, 26.5919129445769]
2019-07-25T14:35:27:    Iteration 2 .............: [0.01, 13.3009564722885]
2019-07-25T14:35:36:    Iteration 3 .............: [0.01, 6.65547823614423]
2019-07-25T14:35:46:    Iteration 4 .............: [3.33273911807211, 6.65547823614423]
2019-07-25T14:35:55:    Iteration 5 .............: [3.33273911807211, 4.99410867710817]
2019-07-25T14:36:04:    Iteration 6 .............: [4.16342389759014, 4.99410867710817]
2019-07-25T14:36:14:    Iteration 7 .............: [4.57876628734916, 4.99410867710817]
2019-07-25T14:36:23:    Iteration 8 .............: [4.78643748222866, 4.99410867710817]
2019-07-25T14:36:32:    Iteration 9 .............: [4.89027307966842, 4.99410867710817]
2019-07-25T14:36:42:    Iteration 10 ............: [4.89027307966842, 4.94219087838829]
2019-07-25T14:36:51:    Iteration 11 ............: [4.89027307966842, 4.91623197902836]
2019-07-25T14:37:00:    Iteration 12 ............: [4.89027307966842, 4.90325252934839]
2019-07-25T14:37:10:    Iteration 13 ............: [4.89027307966842, 4.8967628045084]
2019-07-25T14:37:19:    Iteration 1 .............: [26.5919129445769, 605.052293165394]
2019-07-25T14:37:28:    Iteration 2 .............: [315.822103054985, 605.052293165394]
2019-07-25T14:37:38:    Iteration 3 .............: [460.43719811019, 605.052293165394]
2019-07-25T14:37:47:    Iteration 4 .............: [532.744745637792, 605.052293165394]
2019-07-25T14:37:56:    Iteration 5 .............: [568.898519401593, 605.052293165394]
2019-07-25T14:38:06:    Iteration 6 .............: [586.975406283493, 605.052293165394]
2019-07-25T14:38:15:    Iteration 7 .............: [596.013849724443, 605.052293165394]
2019-07-25T14:38:24:    Iteration 8 .............: [600.533071444919, 605.052293165394]
2019-07-25T14:38:34:    Iteration 9 .............: [602.792682305156, 605.052293165394]
2019-07-25T14:38:43:    Iteration 10 ............: [603.922487735275, 605.052293165394]
2019-07-25T14:38:52:    Iteration 11 ............: [604.487390450334, 605.052293165394]
2019-07-25T14:39:02:    Iteration 12 ............: [604.769841807864, 605.052293165394]
2019-07-25T14:39:11:    Iteration 13 ............: [604.911067486629, 605.052293165394]
2019-07-25T14:39:20:    Iteration 14 ............: [604.981680326011, 605.052293165394]
2019-07-25T14:39:29:    Iteration 15 ............: [605.016986745703, 605.052293165394]
2019-07-25T14:39:38:    Iteration 16 ............: [605.034639955548, 605.052293165394]
2019-07-25T14:39:48:    Iteration 17 ............: [605.043466560471, 605.052293165394]
2019-07-25T14:39:57:    Iteration 18 ............: [605.047879862932, 605.052293165394]
2019-07-25T14:40:06:    Iteration 19 ............: [605.050086514163, 605.052293165394]
2019-07-25T14:40:16:    Iteration 20 ............: [605.051189839778, 605.052293165394]
2019-07-25T14:40:25:    Iteration 21 ............: [605.051741502586, 605.052293165394]
2019-07-25T14:40:34:    Iteration 22 ............: [605.05201733399, 605.052293165394]
2019-07-25T14:40:44:    Iteration 23 ............: [605.052155249692, 605.052293165394]
2019-07-25T14:40:53:    Iteration 24 ............: [605.052224207543, 605.052293165394]
2019-07-25T14:41:02:    Iteration 25 ............: [605.052258686468, 605.052293165394]
2019-07-25T14:41:11:    Iteration 26 ............: [605.052275925931, 605.052293165394]
2019-07-25T14:41:21:    Iteration 27 ............: [605.052284545662, 605.052293165394]
2019-07-25T14:41:30:    Iteration 28 ............: [605.052288855528, 605.052293165394]
2019-07-25T14:41:39:    Iteration 29 ............: [605.052291010461, 605.052293165394]
2019-07-25T14:41:49:    Iteration 30 ............: [605.052292087927, 605.052293165394]
2019-07-25T14:41:58:    Iteration 31 ............: [605.052292626661, 605.052293165394]
2019-07-25T14:41:58:  Lower parameter factor ....: 4.89352
2019-07-25T14:41:58:  Upper parameter factor ....: 605.052
2019-07-25T14:41:58:  Error from curvature ......: 5784603802.20817 MeV
2019-07-25T14:41:58:  Error from profile ........: 30007938747.6969 MeV
2019-07-25T14:41:58:  Negative profile error ....: 2169839500.24885 MeV
2019-07-25T14:41:58:  Positive profile error ....: 57846037995.145 MeV
2019-07-25T14:41:58: 
2019-07-25T14:41:58: +==============+
2019-07-25T14:41:58: | Save results |
2019-07-25T14:41:58: +==============+
2019-07-25T14:41:58:  Model definition file .....: NONE
2019-07-25T14:41:58: 
2019-07-25T14:41:58: Application "cterror" terminated after 495 wall clock seconds, consuming 691.07 seconds of CPU time.
