2019-07-23T16:07:22: ********************************************************************************
2019-07-23T16:07:22: *                                     ctbin                                    *
2019-07-23T16:07:22: * ---------------------------------------------------------------------------- *
2019-07-23T16:07:22: * Version: 1.6.0                                                               *
2019-07-23T16:07:22: ********************************************************************************
2019-07-23T16:07:22: +============+
2019-07-23T16:07:22: | Parameters |
2019-07-23T16:07:22: +============+
2019-07-23T16:07:22:  inobs .....................: /cta/carli/CPPM_Internship/Simulations_and_Analyses/plus_step_EDisp_South_z40_50h/source1b/obs.fits
2019-07-23T16:07:22:  outobs ....................: /cta/carli/CPPM_Internship/Simulations_and_Analyses/plus_step_EDisp_South_z40_50h/source1b/obs_cube.fits
2019-07-23T16:07:22:  stack .....................: yes
2019-07-23T16:07:22:  prefix ....................: cntcube_
2019-07-23T16:07:22:  ebinalg ...................: LOG
2019-07-23T16:07:22:  emin ......................: 0.1
2019-07-23T16:07:22:  emax ......................: 199.526229858398
2019-07-23T16:07:22:  enumbins ..................: 32
2019-07-23T16:07:22:  ebinfile ..................: [not queried]
2019-07-23T16:07:22:  usepnt ....................: yes
2019-07-23T16:07:22:  nxpix .....................: 80
2019-07-23T16:07:22:  nypix .....................: 80
2019-07-23T16:07:22:  binsz .....................: 0.02
2019-07-23T16:07:22:  coordsys ..................: GAL
2019-07-23T16:07:22:  proj ......................: TAN
2019-07-23T16:07:22:  xref ......................: [not queried]
2019-07-23T16:07:22:  yref ......................: [not queried]
2019-07-23T16:07:22:  nthreads ..................: 0
2019-07-23T16:07:22:  publish ...................: no
2019-07-23T16:07:22:  chatter ...................: 4
2019-07-23T16:07:22:  clobber ...................: yes
2019-07-23T16:07:22:  debug .....................: no
2019-07-23T16:07:22:  mode ......................: ql
2019-07-23T16:07:22:  logfile ...................: ctbin.log
2019-07-23T16:07:22: 
2019-07-23T16:07:22: +===================+
2019-07-23T16:07:22: | Input observation |
2019-07-23T16:07:22: +===================+
2019-07-23T16:07:22: === GObservations ===
2019-07-23T16:07:22:  Number of observations ....: 1
2019-07-23T16:07:22:  Number of models ..........: 0
2019-07-23T16:07:22:  Number of observed events .: 314580
2019-07-23T16:07:22:  Number of predicted events : 0
2019-07-23T16:07:22: === GCTAObservation ===
2019-07-23T16:07:22:  Name ......................: 
2019-07-23T16:07:22:  Identifier ................: 000001
2019-07-23T16:07:22:  Instrument ................: CTA
2019-07-23T16:07:22:  Event file ................: /cta/carli/CPPM_Internship/Simulations_and_Analyses/plus_step_EDisp_South_z40_50h/source1b/obs.fits
2019-07-23T16:07:22:  Event type ................: EventList
2019-07-23T16:07:22:  Statistic .................: cstat
2019-07-23T16:07:22:  Ontime ....................: 144000 s
2019-07-23T16:07:22:  Livetime ..................: 141120 s
2019-07-23T16:07:22:  Deadtime correction .......: 0.98
2019-07-23T16:07:22:  User energy range .........: undefined
2019-07-23T16:07:22: === GCTAPointing ===
2019-07-23T16:07:22:  Pointing direction ........: (RA,Dec)=(84.1331,22.0145)
2019-07-23T16:07:22:  Response function .........: undefined
2019-07-23T16:07:22: === GCTAEventList ===
2019-07-23T16:07:22:  Number of events ..........: 314580 (disposed in "/cta/carli/CPPM_Internship/Simulations_and_Analyses/plus_step_EDisp_South_z40_50h/source1b/obs.fits")
2019-07-23T16:07:22:  Time interval .............: 51544.5 - 51546.1666666667 days
2019-07-23T16:07:22: === GEbounds ===
2019-07-23T16:07:22:  Number of intervals .......: 1
2019-07-23T16:07:22:  Energy range ..............: 100 GeV - 199.526229858398 TeV
2019-07-23T16:07:22: === GCTARoi ===
2019-07-23T16:07:22:  RoI centre ................: RA=84.1331, DEC=22.0145 [0,0]
2019-07-23T16:07:22:  RoI radius ................: 0.8 deg
2019-07-23T16:07:22: === GSkyRegions ===
2019-07-23T16:07:22:  Number of regions .........: 0
2019-07-23T16:07:22: === GModels ===
2019-07-23T16:07:22:  Number of models ..........: 0
2019-07-23T16:07:22:  Number of parameters ......: 0
2019-07-23T16:07:22: 
2019-07-23T16:07:22: +===========================+
2019-07-23T16:07:22: | Find unbinned observation |
2019-07-23T16:07:22: +===========================+
2019-07-23T16:07:22: === CTA observation (id=000001) ===
2019-07-23T16:07:22:  Including unbinned CTA observation
2019-07-23T16:07:22: === Summary ===
2019-07-23T16:07:22:  Number of observations ....: 1
2019-07-23T16:07:22:  Mean pointing .............: (RA,Dec)=(84.1331,22.0145)
2019-07-23T16:07:22:  Use mean pointing .........: yes
2019-07-23T16:07:22: 
2019-07-23T16:07:22: +=================+
2019-07-23T16:07:22: | Bin observation |
2019-07-23T16:07:22: +=================+
2019-07-23T16:07:23: === CTA observation (id=000001) ===
2019-07-23T16:07:23:  Events in list ............: 314580
2019-07-23T16:07:23:  Events in cube ............: 314576
2019-07-23T16:07:23:  Events outside RoI ........: 1
2019-07-23T16:07:23:  Events with invalid WCS ...: 0
2019-07-23T16:07:23:  Events outside cube area ..: 1
2019-07-23T16:07:23:  Events outside energy bins : 2
2019-07-23T16:07:23: 
2019-07-23T16:07:23: +====================+
2019-07-23T16:07:23: | Binned observation |
2019-07-23T16:07:23: +====================+
2019-07-23T16:07:23: === GObservations ===
2019-07-23T16:07:23:  Number of observations ....: 1
2019-07-23T16:07:23:  Number of models ..........: 0
2019-07-23T16:07:23:  Number of observed events .: 314576
2019-07-23T16:07:23:  Number of predicted events : 0
2019-07-23T16:07:23: === GCTAObservation ===
2019-07-23T16:07:23:  Name ......................: 
2019-07-23T16:07:23:  Identifier ................: 000001
2019-07-23T16:07:23:  Instrument ................: CTA
2019-07-23T16:07:23:  Event file ................: 
2019-07-23T16:07:23:  Event type ................: CountsCube
2019-07-23T16:07:23:  Statistic .................: cstat
2019-07-23T16:07:23:  Ontime ....................: 144000 s
2019-07-23T16:07:23:  Livetime ..................: 141120 s
2019-07-23T16:07:23:  Deadtime correction .......: 0.98
2019-07-23T16:07:23:  User energy range .........: undefined
2019-07-23T16:07:23: === GCTAPointing ===
2019-07-23T16:07:23:  Pointing direction ........: (RA,Dec)=(84.1331,22.0145)
2019-07-23T16:07:23:  Response function .........: undefined
2019-07-23T16:07:23: === GCTAEventCube ===
2019-07-23T16:07:23:  Number of events ..........: 314576
2019-07-23T16:07:23:  Number of elements ........: 204800
2019-07-23T16:07:23:  Number of pixels ..........: 6400
2019-07-23T16:07:23:  Number of energy bins .....: 32
2019-07-23T16:07:23:  Time interval .............: 51544.5 - 51546.1666666667 days
2019-07-23T16:07:23:  Pointing ..................: not defined
2019-07-23T16:07:23: === GEbounds ===
2019-07-23T16:07:23:  Number of intervals .......: 32
2019-07-23T16:07:23:  Energy range ..............: 100 GeV - 199.526229858398 TeV
2019-07-23T16:07:23: === GSkyMap ===
2019-07-23T16:07:23:  Number of pixels ..........: 6400
2019-07-23T16:07:23:  X axis dimension ..........: 80
2019-07-23T16:07:23:  Y axis dimension ..........: 80
2019-07-23T16:07:23:  Number of maps ............: 32
2019-07-23T16:07:23:  Shape of maps .............: (32)
2019-07-23T16:07:23: === GSkyRegions ===
2019-07-23T16:07:23:  Number of regions .........: 0
2019-07-23T16:07:23: === GModels ===
2019-07-23T16:07:23:  Number of models ..........: 0
2019-07-23T16:07:23:  Number of parameters ......: 0
2019-07-23T16:07:23: 
2019-07-23T16:07:23: +==================+
2019-07-23T16:07:23: | Save counts cube |
2019-07-23T16:07:23: +==================+
2019-07-23T16:07:23:  Counts cube file ..........: /cta/carli/CPPM_Internship/Simulations_and_Analyses/plus_step_EDisp_South_z40_50h/source1b/obs_cube.fits
2019-07-23T16:07:23: 
2019-07-23T16:07:23: Application "ctbin" terminated after 1 wall clock seconds, consuming 1.04 seconds of CPU time.
