2019-07-23T19:34:49: ********************************************************************************
2019-07-23T19:34:49: *                                     ctbin                                    *
2019-07-23T19:34:49: * ---------------------------------------------------------------------------- *
2019-07-23T19:34:49: * Version: 1.6.0                                                               *
2019-07-23T19:34:49: ********************************************************************************
2019-07-23T19:34:49: +============+
2019-07-23T19:34:49: | Parameters |
2019-07-23T19:34:49: +============+
2019-07-23T19:34:49:  inobs .....................: /cta/carli/CPPM_Internship/Simulations_and_Analyses/minus_step_EDisp_South_z40_50h/source3b/obs.fits
2019-07-23T19:34:49:  outobs ....................: /cta/carli/CPPM_Internship/Simulations_and_Analyses/minus_step_EDisp_South_z40_50h/source3b/obs_cube.fits
2019-07-23T19:34:49:  stack .....................: yes
2019-07-23T19:34:49:  prefix ....................: cntcube_
2019-07-23T19:34:49:  ebinalg ...................: LOG
2019-07-23T19:34:49:  emin ......................: 0.1
2019-07-23T19:34:49:  emax ......................: 199.526229858398
2019-07-23T19:34:49:  enumbins ..................: 32
2019-07-23T19:34:49:  ebinfile ..................: [not queried]
2019-07-23T19:34:49:  usepnt ....................: yes
2019-07-23T19:34:49:  nxpix .....................: 80
2019-07-23T19:34:49:  nypix .....................: 80
2019-07-23T19:34:49:  binsz .....................: 0.02
2019-07-23T19:34:49:  coordsys ..................: GAL
2019-07-23T19:34:49:  proj ......................: TAN
2019-07-23T19:34:49:  xref ......................: [not queried]
2019-07-23T19:34:49:  yref ......................: [not queried]
2019-07-23T19:34:49:  nthreads ..................: 0
2019-07-23T19:34:49:  publish ...................: no
2019-07-23T19:34:49:  chatter ...................: 4
2019-07-23T19:34:49:  clobber ...................: yes
2019-07-23T19:34:49:  debug .....................: no
2019-07-23T19:34:49:  mode ......................: ql
2019-07-23T19:34:49:  logfile ...................: ctbin.log
2019-07-23T19:34:49: 
2019-07-23T19:34:49: +===================+
2019-07-23T19:34:49: | Input observation |
2019-07-23T19:34:49: +===================+
2019-07-23T19:34:49: === GObservations ===
2019-07-23T19:34:49:  Number of observations ....: 1
2019-07-23T19:34:49:  Number of models ..........: 0
2019-07-23T19:34:49:  Number of observed events .: 315151
2019-07-23T19:34:49:  Number of predicted events : 0
2019-07-23T19:34:49: === GCTAObservation ===
2019-07-23T19:34:49:  Name ......................: 
2019-07-23T19:34:49:  Identifier ................: 000001
2019-07-23T19:34:49:  Instrument ................: CTA
2019-07-23T19:34:49:  Event file ................: /cta/carli/CPPM_Internship/Simulations_and_Analyses/minus_step_EDisp_South_z40_50h/source3b/obs.fits
2019-07-23T19:34:49:  Event type ................: EventList
2019-07-23T19:34:49:  Statistic .................: cstat
2019-07-23T19:34:49:  Ontime ....................: 144000 s
2019-07-23T19:34:49:  Livetime ..................: 141120 s
2019-07-23T19:34:49:  Deadtime correction .......: 0.98
2019-07-23T19:34:49:  User energy range .........: undefined
2019-07-23T19:34:49: === GCTAPointing ===
2019-07-23T19:34:49:  Pointing direction ........: (RA,Dec)=(84.1331,22.0145)
2019-07-23T19:34:49:  Response function .........: undefined
2019-07-23T19:34:49: === GCTAEventList ===
2019-07-23T19:34:49:  Number of events ..........: 315151 (disposed in "/cta/carli/CPPM_Internship/Simulations_and_Analyses/minus_step_EDisp_South_z40_50h/source3b/obs.fits")
2019-07-23T19:34:49:  Time interval .............: 51544.5 - 51546.1666666667 days
2019-07-23T19:34:49: === GEbounds ===
2019-07-23T19:34:49:  Number of intervals .......: 1
2019-07-23T19:34:49:  Energy range ..............: 100 GeV - 199.526229858398 TeV
2019-07-23T19:34:49: === GCTARoi ===
2019-07-23T19:34:49:  RoI centre ................: RA=84.1331, DEC=22.0145 [0,0]
2019-07-23T19:34:49:  RoI radius ................: 0.8 deg
2019-07-23T19:34:49: === GSkyRegions ===
2019-07-23T19:34:49:  Number of regions .........: 0
2019-07-23T19:34:49: === GModels ===
2019-07-23T19:34:49:  Number of models ..........: 0
2019-07-23T19:34:49:  Number of parameters ......: 0
2019-07-23T19:34:49: 
2019-07-23T19:34:49: +===========================+
2019-07-23T19:34:49: | Find unbinned observation |
2019-07-23T19:34:49: +===========================+
2019-07-23T19:34:49: === CTA observation (id=000001) ===
2019-07-23T19:34:49:  Including unbinned CTA observation
2019-07-23T19:34:49: === Summary ===
2019-07-23T19:34:49:  Number of observations ....: 1
2019-07-23T19:34:49:  Mean pointing .............: (RA,Dec)=(84.1331,22.0145)
2019-07-23T19:34:49:  Use mean pointing .........: yes
2019-07-23T19:34:49: 
2019-07-23T19:34:49: +=================+
2019-07-23T19:34:49: | Bin observation |
2019-07-23T19:34:49: +=================+
2019-07-23T19:34:50: === CTA observation (id=000001) ===
2019-07-23T19:34:50:  Events in list ............: 315151
2019-07-23T19:34:50:  Events in cube ............: 311567
2019-07-23T19:34:50:  Events outside RoI ........: 1
2019-07-23T19:34:50:  Events with invalid WCS ...: 0
2019-07-23T19:34:50:  Events outside cube area ..: 1
2019-07-23T19:34:50:  Events outside energy bins : 3582
2019-07-23T19:34:50: 
2019-07-23T19:34:50: +====================+
2019-07-23T19:34:50: | Binned observation |
2019-07-23T19:34:50: +====================+
2019-07-23T19:34:50: === GObservations ===
2019-07-23T19:34:50:  Number of observations ....: 1
2019-07-23T19:34:50:  Number of models ..........: 0
2019-07-23T19:34:50:  Number of observed events .: 311567
2019-07-23T19:34:50:  Number of predicted events : 0
2019-07-23T19:34:50: === GCTAObservation ===
2019-07-23T19:34:50:  Name ......................: 
2019-07-23T19:34:50:  Identifier ................: 000001
2019-07-23T19:34:50:  Instrument ................: CTA
2019-07-23T19:34:50:  Event file ................: 
2019-07-23T19:34:50:  Event type ................: CountsCube
2019-07-23T19:34:50:  Statistic .................: cstat
2019-07-23T19:34:50:  Ontime ....................: 144000 s
2019-07-23T19:34:50:  Livetime ..................: 141120 s
2019-07-23T19:34:50:  Deadtime correction .......: 0.98
2019-07-23T19:34:50:  User energy range .........: undefined
2019-07-23T19:34:50: === GCTAPointing ===
2019-07-23T19:34:50:  Pointing direction ........: (RA,Dec)=(84.1331,22.0145)
2019-07-23T19:34:50:  Response function .........: undefined
2019-07-23T19:34:50: === GCTAEventCube ===
2019-07-23T19:34:50:  Number of events ..........: 311567
2019-07-23T19:34:50:  Number of elements ........: 204800
2019-07-23T19:34:50:  Number of pixels ..........: 6400
2019-07-23T19:34:50:  Number of energy bins .....: 32
2019-07-23T19:34:50:  Time interval .............: 51544.5 - 51546.1666666667 days
2019-07-23T19:34:50:  Pointing ..................: not defined
2019-07-23T19:34:50: === GEbounds ===
2019-07-23T19:34:50:  Number of intervals .......: 32
2019-07-23T19:34:50:  Energy range ..............: 100 GeV - 199.526229858398 TeV
2019-07-23T19:34:50: === GSkyMap ===
2019-07-23T19:34:50:  Number of pixels ..........: 6400
2019-07-23T19:34:50:  X axis dimension ..........: 80
2019-07-23T19:34:50:  Y axis dimension ..........: 80
2019-07-23T19:34:50:  Number of maps ............: 32
2019-07-23T19:34:50:  Shape of maps .............: (32)
2019-07-23T19:34:50: === GSkyRegions ===
2019-07-23T19:34:50:  Number of regions .........: 0
2019-07-23T19:34:50: === GModels ===
2019-07-23T19:34:50:  Number of models ..........: 0
2019-07-23T19:34:50:  Number of parameters ......: 0
2019-07-23T19:34:50: 
2019-07-23T19:34:50: +==================+
2019-07-23T19:34:50: | Save counts cube |
2019-07-23T19:34:50: +==================+
2019-07-23T19:34:50:  Counts cube file ..........: /cta/carli/CPPM_Internship/Simulations_and_Analyses/minus_step_EDisp_South_z40_50h/source3b/obs_cube.fits
2019-07-23T19:34:50: 
2019-07-23T19:34:50: Application "ctbin" terminated after 1 wall clock seconds, consuming 1.05 seconds of CPU time.
