2019-07-25T11:37:35: ********************************************************************************
2019-07-25T11:37:35: *                                    cterror                                   *
2019-07-25T11:37:35: * ---------------------------------------------------------------------------- *
2019-07-25T11:37:35: * Version: 1.6.0                                                               *
2019-07-25T11:37:35: ********************************************************************************
2019-07-25T11:37:35: +============+
2019-07-25T11:37:35: | Parameters |
2019-07-25T11:37:35: +============+
2019-07-25T11:37:35:  inobs .....................: /cta/carli/CPPM_Internship/Simulations_and_Analyses/plus_gradient_EDisp_South_z40_50h/source3b/obs_cube.fits
2019-07-25T11:37:35:  inmodel ...................: /cta/carli/CPPM_Internship/Simulations_and_Analyses/plus_gradient_EDisp_South_z40_50h/source3b/obsmodel_binned.xml
2019-07-25T11:37:35:  srcname ...................: source3b
2019-07-25T11:37:35:  expcube ...................: /cta/carli/CPPM_Internship/Simulations_and_Analyses/plus_gradient_EDisp_South_z40_50h/source3b/exposure_cube.fits
2019-07-25T11:37:35:  psfcube ...................: /cta/carli/CPPM_Internship/Simulations_and_Analyses/plus_gradient_EDisp_South_z40_50h/source3b/PSF_cube.fits
2019-07-25T11:37:35:  edispcube .................: /cta/carli/CPPM_Internship/Simulations_and_Analyses/plus_gradient_EDisp_South_z40_50h/source3b/edisp_cube.fits
2019-07-25T11:37:35:  bkgcube ...................: /cta/carli/CPPM_Internship/Simulations_and_Analyses/plus_gradient_EDisp_South_z40_50h/source3b/background_cube.fits
2019-07-25T11:37:35:  caldb .....................: prod3b-v2
2019-07-25T11:37:35:  irf .......................: plus_gradient_EDisp_South_z40_50h
2019-07-25T11:37:35:  edisp .....................: yes
2019-07-25T11:37:35:  outmodel ..................: 
2019-07-25T11:37:35:  confidence ................: 0.95
2019-07-25T11:37:35:  tol .......................: 1e-3
2019-07-25T11:37:35:  statistic .................: DEFAULT
2019-07-25T11:37:35:  like_accuracy .............: 0.005
2019-07-25T11:37:35:  max_iter ..................: 50
2019-07-25T11:37:35:  nthreads ..................: 0
2019-07-25T11:37:35:  chatter ...................: 4
2019-07-25T11:37:35:  clobber ...................: yes
2019-07-25T11:37:35:  debug .....................: no
2019-07-25T11:37:35:  mode ......................: ql
2019-07-25T11:37:35:  logfile ...................: cterror95.log
2019-07-25T11:37:35: 
2019-07-25T11:37:35: +===================+
2019-07-25T11:37:35: | Input observation |
2019-07-25T11:37:35: +===================+
2019-07-25T11:37:35: === GObservations ===
2019-07-25T11:37:35:  Number of observations ....: 1
2019-07-25T11:37:35:  Number of models ..........: 2
2019-07-25T11:37:35:  Number of observed events .: 295190
2019-07-25T11:37:35:  Number of predicted events : 0
2019-07-25T11:37:35: === GCTAObservation ===
2019-07-25T11:37:35:  Name ......................: 
2019-07-25T11:37:35:  Identifier ................: 000001
2019-07-25T11:37:35:  Instrument ................: CTA
2019-07-25T11:37:35:  Event file ................: /cta/carli/CPPM_Internship/Simulations_and_Analyses/plus_gradient_EDisp_South_z40_50h/source3b/obs_cube.fits
2019-07-25T11:37:35:  Event type ................: CountsCube
2019-07-25T11:37:35:  Statistic .................: cstat
2019-07-25T11:37:35:  Ontime ....................: 144000 s
2019-07-25T11:37:35:  Livetime ..................: 141120 s
2019-07-25T11:37:35:  Deadtime correction .......: 0.98
2019-07-25T11:37:35:  User energy range .........: undefined
2019-07-25T11:37:35: === GCTAPointing ===
2019-07-25T11:37:35:  Pointing direction ........: (RA,Dec)=(84.1331,22.0145)
2019-07-25T11:37:35: === GCTAResponseCube ===
2019-07-25T11:37:35:  Energy dispersion .........: Used
2019-07-25T11:37:35: === GCTACubeExposure ===
2019-07-25T11:37:35:  Filename ..................: /cta/carli/CPPM_Internship/Simulations_and_Analyses/plus_gradient_EDisp_South_z40_50h/source3b/exposure_cube.fits
2019-07-25T11:37:35:  Livetime ..................: 141120 sec
2019-07-25T11:37:35: === GEnergies ===
2019-07-25T11:37:35:  Number of energies ........: 33
2019-07-25T11:37:35: === GGti ===
2019-07-25T11:37:35:  Number of intervals .......: 1
2019-07-25T11:37:35:  Ontime ....................: 144000 sec
2019-07-25T11:37:35:  Elapsed time ..............: 144000 sec
2019-07-25T11:37:35:  MJD range .................: 51544.5 - 51546.1666666667 s (TT)
2019-07-25T11:37:35:  UTC range .................: 2000-01-01T11:58:56 - 2000-01-03T03:58:56 s (TT)
2019-07-25T11:37:35:  Reference MJD .............: 51544.5
2019-07-25T11:37:35: === GSkyMap ===
2019-07-25T11:37:35:  Number of pixels ..........: 6400
2019-07-25T11:37:35:  X axis dimension ..........: 80
2019-07-25T11:37:35:  Y axis dimension ..........: 80
2019-07-25T11:37:35:  Number of maps ............: 33
2019-07-25T11:37:35:  Shape of maps .............: (33)
2019-07-25T11:37:35: === GCTACubePsf ===
2019-07-25T11:37:35:  Filename ..................: /cta/carli/CPPM_Internship/Simulations_and_Analyses/plus_gradient_EDisp_South_z40_50h/source3b/PSF_cube.fits
2019-07-25T11:37:35: === GEnergies ===
2019-07-25T11:37:35:  Number of energies ........: 33
2019-07-25T11:37:35:  Number of delta bins ......: 200
2019-07-25T11:37:35:  Delta range ...............: 1.875e-06 - 0.298501875 deg
2019-07-25T11:37:35: === GSkyMap ===
2019-07-25T11:37:35:  Number of pixels ..........: 1
2019-07-25T11:37:35:  X axis dimension ..........: 1
2019-07-25T11:37:35:  Y axis dimension ..........: 1
2019-07-25T11:37:35:  Number of maps ............: 6600
2019-07-25T11:37:35:  Shape of maps .............: (200, 33)
2019-07-25T11:37:35: === GCTACubeEdisp ===
2019-07-25T11:37:35:  Filename ..................: /cta/carli/CPPM_Internship/Simulations_and_Analyses/plus_gradient_EDisp_South_z40_50h/source3b/edisp_cube.fits
2019-07-25T11:37:35: === GEnergies ===
2019-07-25T11:37:35:  Number of energies ........: 33
2019-07-25T11:37:35:  Number of migra bins ......: 100
2019-07-25T11:37:35:  Migra range ...............: 0.02 - 2
2019-07-25T11:37:35: === GSkyMap ===
2019-07-25T11:37:35:  Number of pixels ..........: 1
2019-07-25T11:37:35:  X axis dimension ..........: 1
2019-07-25T11:37:35:  Y axis dimension ..........: 1
2019-07-25T11:37:35:  Number of maps ............: 3300
2019-07-25T11:37:35:  Shape of maps .............: (100, 33)
2019-07-25T11:37:35: === GCTACubeBackground ===
2019-07-25T11:37:35:  Filename ..................: /cta/carli/CPPM_Internship/Simulations_and_Analyses/plus_gradient_EDisp_South_z40_50h/source3b/background_cube.fits
2019-07-25T11:37:35: === GEbounds ===
2019-07-25T11:37:35:  Number of intervals .......: 32
2019-07-25T11:37:35:  Energy range ..............: 100 GeV - 199.526229858398 TeV
2019-07-25T11:37:35: === GSkyMap ===
2019-07-25T11:37:35:  Number of pixels ..........: 6400
2019-07-25T11:37:35:  X axis dimension ..........: 80
2019-07-25T11:37:35:  Y axis dimension ..........: 80
2019-07-25T11:37:35:  Number of maps ............: 32
2019-07-25T11:37:35:  Shape of maps .............: (32)
2019-07-25T11:37:35: === GCTAResponseCache ===
2019-07-25T11:37:35:  Number of cached values ...: 0
2019-07-25T11:37:35: === GCTAEventCube ===
2019-07-25T11:37:35:  Number of events ..........: 295190
2019-07-25T11:37:35:  Number of elements ........: 204800
2019-07-25T11:37:35:  Number of pixels ..........: 6400
2019-07-25T11:37:35:  Number of energy bins .....: 32
2019-07-25T11:37:35:  Time interval .............: 51544.5 - 51546.1666666667 days
2019-07-25T11:37:35:  Pointing ..................: (RA,Dec)=(84.1331,22.0145)
2019-07-25T11:37:35: === GEbounds ===
2019-07-25T11:37:35:  Number of intervals .......: 32
2019-07-25T11:37:35:  Energy range ..............: 100 GeV - 199.526229858398 TeV
2019-07-25T11:37:35: === GSkyMap ===
2019-07-25T11:37:35:  Number of pixels ..........: 6400
2019-07-25T11:37:35:  X axis dimension ..........: 80
2019-07-25T11:37:35:  Y axis dimension ..........: 80
2019-07-25T11:37:35:  Number of maps ............: 32
2019-07-25T11:37:35:  Shape of maps .............: (32)
2019-07-25T11:37:35: === GSkyRegions ===
2019-07-25T11:37:35:  Number of regions .........: 0
2019-07-25T11:37:35: === GModels ===
2019-07-25T11:37:35:  Number of models ..........: 2
2019-07-25T11:37:35:  Number of parameters ......: 11
2019-07-25T11:37:35: === GModelSky ===
2019-07-25T11:37:35:  Name ......................: source3b
2019-07-25T11:37:35:  Instruments ...............: all
2019-07-25T11:37:35:  Test Statistic ............: 42693.381
2019-07-25T11:37:35:  Observation identifiers ...: all
2019-07-25T11:37:35:  Model type ................: PointSource
2019-07-25T11:37:35:  Model components ..........: "PointSource" * "ExponentialCutoffPowerLaw" * "Constant"
2019-07-25T11:37:35:  Number of parameters ......: 7
2019-07-25T11:37:35:  Number of spatial par's ...: 2
2019-07-25T11:37:35:   RA .......................: 83.6331 [-360,360] deg (fixed,scale=1)
2019-07-25T11:37:35:   DEC ......................: 22.0145 [-90,90] deg (fixed,scale=1)
2019-07-25T11:37:35:  Number of spectral par's ..: 4
2019-07-25T11:37:35:   Prefactor ................: 1.48658346787494e-18 [1e-25,1e-15] ph/cm2/s/MeV (fixed,scale=1e-18,gradient)
2019-07-25T11:37:35:   Index ....................: -2.01797974479033 [-0,-5]  (fixed,scale=-1,gradient)
2019-07-25T11:37:35:   CutoffEnergy .............: 100000000000 +/- 11610649722062.3 [1000000,100000000000] MeV (free,scale=100000000,gradient)
2019-07-25T11:37:35:   PivotEnergy ..............: 1000000 [10000,1000000000] MeV (fixed,scale=1000000,gradient)
2019-07-25T11:37:35:  Number of temporal par's ..: 1
2019-07-25T11:37:35:   Normalization ............: 1 (relative value) (fixed,scale=1,gradient)
2019-07-25T11:37:35:  Number of scale par's .....: 0
2019-07-25T11:37:35: === GCTAModelCubeBackground ===
2019-07-25T11:37:35:  Name ......................: BackgroundModel
2019-07-25T11:37:35:  Instruments ...............: CTA, HESS, MAGIC, VERITAS
2019-07-25T11:37:35:  Observation identifiers ...: all
2019-07-25T11:37:35:  Model type ................: "PowerLaw" * "Constant"
2019-07-25T11:37:35:  Number of parameters ......: 4
2019-07-25T11:37:35:  Number of spectral par's ..: 3
2019-07-25T11:37:35:   Prefactor ................: 0.925891824883932 [0.01,100] ph/cm2/s/MeV (fixed,scale=1,gradient)
2019-07-25T11:37:35:   Index ....................: -0.00506182720177159 [-5,5]  (fixed,scale=1,gradient)
2019-07-25T11:37:35:   PivotEnergy ..............: 1000000 MeV (fixed,scale=1000000,gradient)
2019-07-25T11:37:35:  Number of temporal par's ..: 1
2019-07-25T11:37:35:   Normalization ............: 1 (relative value) (fixed,scale=1,gradient)
2019-07-25T11:37:35: 
2019-07-25T11:37:35: +=============================+
2019-07-25T11:37:35: | Compute best-fit likelihood |
2019-07-25T11:37:35: +=============================+
2019-07-25T11:39:00: === GOptimizerLM ===
2019-07-25T11:39:00:  Optimized function value ..: -280964.316
2019-07-25T11:39:00:  Absolute precision ........: 0.005
2019-07-25T11:39:00:  Acceptable value decrease .: 2
2019-07-25T11:39:00:  Optimization status .......: converged
2019-07-25T11:39:00:  Number of parameters ......: 11
2019-07-25T11:39:00:  Number of free parameters .: 1
2019-07-25T11:39:00:  Number of iterations ......: 1
2019-07-25T11:39:00:  Lambda ....................: 0.0001
2019-07-25T11:39:00:  Maximum log likelihood ....: -280964.316
2019-07-25T11:39:00: === GModels ===
2019-07-25T11:39:00:  Number of models ..........: 2
2019-07-25T11:39:00:  Number of parameters ......: 11
2019-07-25T11:39:00: === GModelSky ===
2019-07-25T11:39:00:  Name ......................: source3b
2019-07-25T11:39:00:  Instruments ...............: all
2019-07-25T11:39:00:  Test Statistic ............: 42693.381
2019-07-25T11:39:00:  Observation identifiers ...: all
2019-07-25T11:39:00:  Model type ................: PointSource
2019-07-25T11:39:00:  Model components ..........: "PointSource" * "ExponentialCutoffPowerLaw" * "Constant"
2019-07-25T11:39:00:  Number of parameters ......: 7
2019-07-25T11:39:00:  Number of spatial par's ...: 2
2019-07-25T11:39:00:   RA .......................: 83.6331 [-360,360] deg (fixed,scale=1)
2019-07-25T11:39:00:   DEC ......................: 22.0145 [-90,90] deg (fixed,scale=1)
2019-07-25T11:39:00:  Number of spectral par's ..: 4
2019-07-25T11:39:00:   Prefactor ................: 1.48658346787494e-18 [1e-25,1e-15] ph/cm2/s/MeV (fixed,scale=1e-18,gradient)
2019-07-25T11:39:00:   Index ....................: -2.01797974479033 [-0,-5]  (fixed,scale=-1,gradient)
2019-07-25T11:39:00:   CutoffEnergy .............: 100000000000 +/- 8267585043657.23 [1000000,100000000000] MeV (free,scale=100000000,gradient)
2019-07-25T11:39:00:   PivotEnergy ..............: 1000000 [10000,1000000000] MeV (fixed,scale=1000000,gradient)
2019-07-25T11:39:00:  Number of temporal par's ..: 1
2019-07-25T11:39:00:   Normalization ............: 1 (relative value) (fixed,scale=1,gradient)
2019-07-25T11:39:00:  Number of scale par's .....: 0
2019-07-25T11:39:00: === GCTAModelCubeBackground ===
2019-07-25T11:39:00:  Name ......................: BackgroundModel
2019-07-25T11:39:00:  Instruments ...............: CTA, HESS, MAGIC, VERITAS
2019-07-25T11:39:00:  Observation identifiers ...: all
2019-07-25T11:39:00:  Model type ................: "PowerLaw" * "Constant"
2019-07-25T11:39:00:  Number of parameters ......: 4
2019-07-25T11:39:00:  Number of spectral par's ..: 3
2019-07-25T11:39:00:   Prefactor ................: 0.925891824883932 [0.01,100] ph/cm2/s/MeV (fixed,scale=1,gradient)
2019-07-25T11:39:00:   Index ....................: -0.00506182720177159 [-5,5]  (fixed,scale=1,gradient)
2019-07-25T11:39:00:   PivotEnergy ..............: 1000000 MeV (fixed,scale=1000000,gradient)
2019-07-25T11:39:00:  Number of temporal par's ..: 1
2019-07-25T11:39:00:   Normalization ............: 1 (relative value) (fixed,scale=1,gradient)
2019-07-25T11:39:00: 
2019-07-25T11:39:00: +==============================================================+
2019-07-25T11:39:00: | Compute error for source "source3b" parameter "CutoffEnergy" |
2019-07-25T11:39:00: +==============================================================+
2019-07-25T11:39:00:  Confidence level ..........: 95 %
2019-07-25T11:39:00:  Log-likelihood difference .: 1.92073
2019-07-25T11:39:00:  Initial factor range ......: [0.01, 1000]
2019-07-25T11:39:10:    Iteration 1 .............: [0.01, 1000]
2019-07-25T11:39:19:    Iteration 2 .............: [0.01, 500.005]
2019-07-25T11:39:28:    Iteration 3 .............: [0.01, 250.0075]
2019-07-25T11:39:38:    Iteration 4 .............: [0.01, 125.00875]
2019-07-25T11:39:47:    Iteration 5 .............: [0.01, 62.509375]
2019-07-25T11:39:56:    Iteration 6 .............: [0.01, 31.2596875]
2019-07-25T11:40:06:    Iteration 7 .............: [0.01, 15.63484375]
2019-07-25T11:40:15:    Iteration 8 .............: [7.822421875, 15.63484375]
2019-07-25T11:40:24:    Iteration 9 .............: [7.822421875, 11.7286328125]
2019-07-25T11:40:34:    Iteration 10 ............: [7.822421875, 9.77552734375]
2019-07-25T11:40:43:    Iteration 11 ............: [7.822421875, 8.798974609375]
2019-07-25T11:40:52:    Iteration 12 ............: [7.822421875, 8.3106982421875]
2019-07-25T11:41:02:    Iteration 13 ............: [8.06656005859375, 8.3106982421875]
2019-07-25T11:41:11:    Iteration 14 ............: [8.18862915039062, 8.3106982421875]
2019-07-25T11:41:20:    Iteration 15 ............: [8.18862915039062, 8.24966369628906]
2019-07-25T11:41:29:    Iteration 16 ............: [8.21914642333984, 8.24966369628906]
2019-07-25T11:41:39:    Iteration 17 ............: [8.21914642333984, 8.23440505981445]
2019-07-25T11:41:48:    Iteration 18 ............: [8.22677574157715, 8.23440505981445]
2019-07-25T11:41:57:    Iteration 1 .............: [1000, 1000]
2019-07-25T11:41:57:  Lower parameter factor ....: 8.23059
2019-07-25T11:41:57:  Upper parameter factor ....: 1000
2019-07-25T11:41:57:  Error from curvature ......: 8267585043657.23 MeV
2019-07-25T11:41:57:  Error from profile ........: 49588470479.9652 MeV
2019-07-25T11:41:57:  Negative profile error ....: 99176940959.9304 MeV
2019-07-25T11:41:57:  Positive profile error ....: 0 MeV
2019-07-25T11:41:57: 
2019-07-25T11:41:57: +==============+
2019-07-25T11:41:57: | Save results |
2019-07-25T11:41:57: +==============+
2019-07-25T11:41:57:  Model definition file .....: NONE
2019-07-25T11:41:57: 
2019-07-25T11:41:57: Application "cterror" terminated after 263 wall clock seconds, consuming 357.03 seconds of CPU time.
