2019-07-23T14:22:27: ********************************************************************************
2019-07-23T14:22:27: *                                   ctskymap                                   *
2019-07-23T14:22:27: * ---------------------------------------------------------------------------- *
2019-07-23T14:22:27: * Version: 1.6.0                                                               *
2019-07-23T14:22:27: ********************************************************************************
2019-07-23T14:22:27: +============+
2019-07-23T14:22:27: | Parameters |
2019-07-23T14:22:27: +============+
2019-07-23T14:22:27:  inobs .....................: /cta/carli/CPPM_Internship/Simulations_and_Analyses/plus_gradient_EDisp_South_z40_50h/source3b/obs.fits
2019-07-23T14:22:27:  caldb .....................: prod3b-v2
2019-07-23T14:22:27:  irf .......................: plus_gradient_EDisp_South_z40_50h
2019-07-23T14:22:27:  inmap .....................: NONE
2019-07-23T14:22:27:  outmap ....................: /cta/carli/CPPM_Internship/Simulations_and_Analyses/plus_gradient_EDisp_South_z40_50h/source3b/skymap.fits
2019-07-23T14:22:27:  emin ......................: 0.1
2019-07-23T14:22:27:  emax ......................: 199.526229858398
2019-07-23T14:22:27:  usepnt ....................: yes
2019-07-23T14:22:27:  nxpix .....................: 80
2019-07-23T14:22:27:  nypix .....................: 80
2019-07-23T14:22:27:  binsz .....................: 0.02
2019-07-23T14:22:27:  coordsys ..................: CEL
2019-07-23T14:22:27:  proj ......................: CAR
2019-07-23T14:22:27:  xref ......................: [not queried]
2019-07-23T14:22:27:  yref ......................: [not queried]
2019-07-23T14:22:27:  bkgsubtract ...............: NONE
2019-07-23T14:22:27:  roiradius .................: [not queried]
2019-07-23T14:22:27:  inradius ..................: [not queried]
2019-07-23T14:22:27:  outradius .................: [not queried]
2019-07-23T14:22:27:  iterations ................: [not queried]
2019-07-23T14:22:27:  threshold .................: [not queried]
2019-07-23T14:22:27:  inexclusion ...............: NONE
2019-07-23T14:22:27:  usefft ....................: yes
2019-07-23T14:22:27:  publish ...................: no
2019-07-23T14:22:27:  chatter ...................: 4
2019-07-23T14:22:27:  clobber ...................: yes
2019-07-23T14:22:27:  debug .....................: no
2019-07-23T14:22:27:  mode ......................: ql
2019-07-23T14:22:27:  logfile ...................: ctskymap.log
2019-07-23T14:22:27: 
2019-07-23T14:22:27: +===================+
2019-07-23T14:22:27: | Input observation |
2019-07-23T14:22:27: +===================+
2019-07-23T14:22:27: === GObservations ===
2019-07-23T14:22:27:  Number of observations ....: 1
2019-07-23T14:22:27:  Number of models ..........: 0
2019-07-23T14:22:27:  Number of observed events .: 315151
2019-07-23T14:22:27:  Number of predicted events : 0
2019-07-23T14:22:27: === GCTAObservation ===
2019-07-23T14:22:27:  Name ......................: 
2019-07-23T14:22:27:  Identifier ................: 000001
2019-07-23T14:22:27:  Instrument ................: CTA
2019-07-23T14:22:27:  Event file ................: /cta/carli/CPPM_Internship/Simulations_and_Analyses/plus_gradient_EDisp_South_z40_50h/source3b/obs.fits
2019-07-23T14:22:27:  Event type ................: EventList
2019-07-23T14:22:27:  Statistic .................: cstat
2019-07-23T14:22:27:  Ontime ....................: 144000 s
2019-07-23T14:22:27:  Livetime ..................: 141120 s
2019-07-23T14:22:27:  Deadtime correction .......: 0.98
2019-07-23T14:22:27:  User energy range .........: undefined
2019-07-23T14:22:27: === GCTAPointing ===
2019-07-23T14:22:27:  Pointing direction ........: (RA,Dec)=(84.1331,22.0145)
2019-07-23T14:22:27:  Response function .........: undefined
2019-07-23T14:22:27: === GCTAEventList ===
2019-07-23T14:22:27:  Number of events ..........: 315151 (disposed in "/cta/carli/CPPM_Internship/Simulations_and_Analyses/plus_gradient_EDisp_South_z40_50h/source3b/obs.fits")
2019-07-23T14:22:27:  Time interval .............: 51544.5 - 51546.1666666667 days
2019-07-23T14:22:27: === GEbounds ===
2019-07-23T14:22:27:  Number of intervals .......: 1
2019-07-23T14:22:27:  Energy range ..............: 100 GeV - 199.526229858398 TeV
2019-07-23T14:22:27: === GCTARoi ===
2019-07-23T14:22:27:  RoI centre ................: RA=84.1331, DEC=22.0145 [0,0]
2019-07-23T14:22:27:  RoI radius ................: 0.8 deg
2019-07-23T14:22:27: === GSkyRegions ===
2019-07-23T14:22:27:  Number of regions .........: 0
2019-07-23T14:22:27: === GModels ===
2019-07-23T14:22:27:  Number of models ..........: 0
2019-07-23T14:22:27:  Number of parameters ......: 0
2019-07-23T14:22:27: 
2019-07-23T14:22:27: +===========================+
2019-07-23T14:22:27: | Find unbinned observation |
2019-07-23T14:22:27: +===========================+
2019-07-23T14:22:27: === CTA observation (id=000001) ===
2019-07-23T14:22:27:  Including unbinned CTA observation
2019-07-23T14:22:27: 
2019-07-23T14:22:27: +===========================+
2019-07-23T14:22:27: | Fill map from observation |
2019-07-23T14:22:27: +===========================+
2019-07-23T14:22:27: === CTA observation (id=000001) ===
2019-07-23T14:22:27:  Events in list ............: 315151
2019-07-23T14:22:27:  Events in map .............: 295191
2019-07-23T14:22:27:  Events outside RoI ........: 1
2019-07-23T14:22:27:  Events outside map area ...: 0
2019-07-23T14:22:27:  Events outside energies ...: 19959
2019-07-23T14:22:27: 
2019-07-23T14:22:27: +=========+
2019-07-23T14:22:27: | Sky map |
2019-07-23T14:22:27: +=========+
2019-07-23T14:22:27: === GSkyMap ===
2019-07-23T14:22:27:  Number of pixels ..........: 6400
2019-07-23T14:22:27:  X axis dimension ..........: 80
2019-07-23T14:22:27:  Y axis dimension ..........: 80
2019-07-23T14:22:27:  Number of maps ............: 1
2019-07-23T14:22:27:  Shape of maps .............: (1)
2019-07-23T14:22:27: === GWcsCAR ===
2019-07-23T14:22:27:  Number of axes ............: 2
2019-07-23T14:22:27:  Longitude axis ............: 0
2019-07-23T14:22:27:  Latitude axis .............: 1
2019-07-23T14:22:27:  Spectral axis .............: -1
2019-07-23T14:22:27:  Coodinate system ..........: EQU
2019-07-23T14:22:27:  Projection code ...........: CAR
2019-07-23T14:22:27:  Projection name ...........: plate carree
2019-07-23T14:22:27:  Radius of the gen. sphere .: 57.2957795130823 deg
2019-07-23T14:22:27:  Reference coordinate ......: (84.1331, 22.0145)
2019-07-23T14:22:27:  Reference pixel ...........: (40.5, 40.5)
2019-07-23T14:22:27:  Increment at reference ....: (-0.02, 0.02)
2019-07-23T14:22:27:  (Phi_0, Theta_0) ..........: (0, 0) deg
2019-07-23T14:22:27:  (Phi_p, Theta_p) ..........: (0, 67.9855) deg
2019-07-23T14:22:27:  LATPOLE keyword usage .....: Required to select between two valid solutions of Theta_p.
2019-07-23T14:22:27:  Reference vector (m_ref) ..: (84.1331, 22.0145, 0, 67.9855) deg
2019-07-23T14:22:27:  Euler angles ..............: (264.1331 deg, 22.0145 deg, 0 deg, 0.927089022159083, 0.374841226377402)
2019-07-23T14:22:27:  Latitude preserved ........: False
2019-07-23T14:22:27:  Unity PC matrix ...........: True
2019-07-23T14:22:27:  Pixel-to-image trafo ......: ()
2019-07-23T14:22:27:  Image-to-pixel trafo ......: ()
2019-07-23T14:22:27:  Strict bounds checking ....: True
2019-07-23T14:22:27:  Use fiducial offset .......: False
2019-07-23T14:22:27:  Fiducial offset ...........: (0, 0)
2019-07-23T14:22:27:  Rest frequency ............: UNDEFINED
2019-07-23T14:22:27:  Rest wavelength ...........: UNDEFINED
2019-07-23T14:22:27: 
2019-07-23T14:22:27: +==============+
2019-07-23T14:22:27: | Compute maps |
2019-07-23T14:22:27: +==============+
2019-07-23T14:22:27: 
2019-07-23T14:22:27: +==============+
2019-07-23T14:22:27: | Save sky map |
2019-07-23T14:22:27: +==============+
2019-07-23T14:22:27:  Sky map file ..............: /cta/carli/CPPM_Internship/Simulations_and_Analyses/plus_gradient_EDisp_South_z40_50h/source3b/skymap.fits
2019-07-23T14:22:27: 
2019-07-23T14:22:27: Application "ctskymap" terminated after 0 wall clock seconds, consuming 0.86 seconds of CPU time. This was rather quick!
