2019-07-22T13:58:11: ********************************************************************************
2019-07-22T13:58:11: *                                     ctbin                                    *
2019-07-22T13:58:11: * ---------------------------------------------------------------------------- *
2019-07-22T13:58:11: * Version: 1.6.0                                                               *
2019-07-22T13:58:11: ********************************************************************************
2019-07-22T13:58:11: +============+
2019-07-22T13:58:11: | Parameters |
2019-07-22T13:58:11: +============+
2019-07-22T13:58:11:  inobs .....................: /cta/carli/CPPM_Internship/Simulations_and_Analyses/minus_step_AEff_South_z40_50h/source1c/obs.fits
2019-07-22T13:58:11:  outobs ....................: /cta/carli/CPPM_Internship/Simulations_and_Analyses/minus_step_AEff_South_z40_50h/source1c/obs_cube.fits
2019-07-22T13:58:11:  stack .....................: yes
2019-07-22T13:58:11:  prefix ....................: cntcube_
2019-07-22T13:58:11:  ebinalg ...................: LOG
2019-07-22T13:58:11:  emin ......................: 0.1
2019-07-22T13:58:11:  emax ......................: 199.526229858398
2019-07-22T13:58:11:  enumbins ..................: 32
2019-07-22T13:58:11:  ebinfile ..................: [not queried]
2019-07-22T13:58:11:  usepnt ....................: yes
2019-07-22T13:58:11:  nxpix .....................: 80
2019-07-22T13:58:11:  nypix .....................: 80
2019-07-22T13:58:11:  binsz .....................: 0.02
2019-07-22T13:58:11:  coordsys ..................: GAL
2019-07-22T13:58:11:  proj ......................: TAN
2019-07-22T13:58:11:  xref ......................: [not queried]
2019-07-22T13:58:11:  yref ......................: [not queried]
2019-07-22T13:58:11:  nthreads ..................: 0
2019-07-22T13:58:11:  publish ...................: no
2019-07-22T13:58:11:  chatter ...................: 4
2019-07-22T13:58:11:  clobber ...................: yes
2019-07-22T13:58:11:  debug .....................: no
2019-07-22T13:58:11:  mode ......................: ql
2019-07-22T13:58:11:  logfile ...................: ctbin.log
2019-07-22T13:58:11: 
2019-07-22T13:58:11: +===================+
2019-07-22T13:58:11: | Input observation |
2019-07-22T13:58:11: +===================+
2019-07-22T13:58:11: === GObservations ===
2019-07-22T13:58:11:  Number of observations ....: 1
2019-07-22T13:58:11:  Number of models ..........: 0
2019-07-22T13:58:11:  Number of observed events .: 319641
2019-07-22T13:58:11:  Number of predicted events : 0
2019-07-22T13:58:11: === GCTAObservation ===
2019-07-22T13:58:11:  Name ......................: 
2019-07-22T13:58:11:  Identifier ................: 000001
2019-07-22T13:58:11:  Instrument ................: CTA
2019-07-22T13:58:11:  Event file ................: /cta/carli/CPPM_Internship/Simulations_and_Analyses/minus_step_AEff_South_z40_50h/source1c/obs.fits
2019-07-22T13:58:11:  Event type ................: EventList
2019-07-22T13:58:11:  Statistic .................: cstat
2019-07-22T13:58:11:  Ontime ....................: 144000 s
2019-07-22T13:58:11:  Livetime ..................: 141120 s
2019-07-22T13:58:11:  Deadtime correction .......: 0.98
2019-07-22T13:58:11:  User energy range .........: undefined
2019-07-22T13:58:11: === GCTAPointing ===
2019-07-22T13:58:11:  Pointing direction ........: (RA,Dec)=(84.1331,22.0145)
2019-07-22T13:58:11:  Response function .........: undefined
2019-07-22T13:58:11: === GCTAEventList ===
2019-07-22T13:58:11:  Number of events ..........: 319641 (disposed in "/cta/carli/CPPM_Internship/Simulations_and_Analyses/minus_step_AEff_South_z40_50h/source1c/obs.fits")
2019-07-22T13:58:11:  Time interval .............: 51544.5 - 51546.1666666667 days
2019-07-22T13:58:11: === GEbounds ===
2019-07-22T13:58:11:  Number of intervals .......: 1
2019-07-22T13:58:11:  Energy range ..............: 100 GeV - 199.526229858398 TeV
2019-07-22T13:58:11: === GCTARoi ===
2019-07-22T13:58:11:  RoI centre ................: RA=84.1331, DEC=22.0145 [0,0]
2019-07-22T13:58:11:  RoI radius ................: 0.8 deg
2019-07-22T13:58:11: === GSkyRegions ===
2019-07-22T13:58:11:  Number of regions .........: 0
2019-07-22T13:58:11: === GModels ===
2019-07-22T13:58:11:  Number of models ..........: 0
2019-07-22T13:58:11:  Number of parameters ......: 0
2019-07-22T13:58:11: 
2019-07-22T13:58:11: +===========================+
2019-07-22T13:58:11: | Find unbinned observation |
2019-07-22T13:58:11: +===========================+
2019-07-22T13:58:11: === CTA observation (id=000001) ===
2019-07-22T13:58:11:  Including unbinned CTA observation
2019-07-22T13:58:11: === Summary ===
2019-07-22T13:58:11:  Number of observations ....: 1
2019-07-22T13:58:11:  Mean pointing .............: (RA,Dec)=(84.1331,22.0145)
2019-07-22T13:58:11:  Use mean pointing .........: yes
2019-07-22T13:58:11: 
2019-07-22T13:58:11: +=================+
2019-07-22T13:58:11: | Bin observation |
2019-07-22T13:58:11: +=================+
2019-07-22T13:58:12: === CTA observation (id=000001) ===
2019-07-22T13:58:12:  Events in list ............: 319641
2019-07-22T13:58:12:  Events in cube ............: 319639
2019-07-22T13:58:12:  Events outside RoI ........: 1
2019-07-22T13:58:12:  Events with invalid WCS ...: 0
2019-07-22T13:58:12:  Events outside cube area ..: 1
2019-07-22T13:58:12:  Events outside energy bins : 0
2019-07-22T13:58:12: 
2019-07-22T13:58:12: +====================+
2019-07-22T13:58:12: | Binned observation |
2019-07-22T13:58:12: +====================+
2019-07-22T13:58:12: === GObservations ===
2019-07-22T13:58:12:  Number of observations ....: 1
2019-07-22T13:58:12:  Number of models ..........: 0
2019-07-22T13:58:12:  Number of observed events .: 319639
2019-07-22T13:58:12:  Number of predicted events : 0
2019-07-22T13:58:12: === GCTAObservation ===
2019-07-22T13:58:12:  Name ......................: 
2019-07-22T13:58:12:  Identifier ................: 000001
2019-07-22T13:58:12:  Instrument ................: CTA
2019-07-22T13:58:12:  Event file ................: 
2019-07-22T13:58:12:  Event type ................: CountsCube
2019-07-22T13:58:12:  Statistic .................: cstat
2019-07-22T13:58:12:  Ontime ....................: 144000 s
2019-07-22T13:58:12:  Livetime ..................: 141120 s
2019-07-22T13:58:12:  Deadtime correction .......: 0.98
2019-07-22T13:58:12:  User energy range .........: undefined
2019-07-22T13:58:12: === GCTAPointing ===
2019-07-22T13:58:12:  Pointing direction ........: (RA,Dec)=(84.1331,22.0145)
2019-07-22T13:58:12:  Response function .........: undefined
2019-07-22T13:58:12: === GCTAEventCube ===
2019-07-22T13:58:12:  Number of events ..........: 319639
2019-07-22T13:58:12:  Number of elements ........: 204800
2019-07-22T13:58:12:  Number of pixels ..........: 6400
2019-07-22T13:58:12:  Number of energy bins .....: 32
2019-07-22T13:58:12:  Time interval .............: 51544.5 - 51546.1666666667 days
2019-07-22T13:58:12:  Pointing ..................: not defined
2019-07-22T13:58:12: === GEbounds ===
2019-07-22T13:58:12:  Number of intervals .......: 32
2019-07-22T13:58:12:  Energy range ..............: 100 GeV - 199.526229858398 TeV
2019-07-22T13:58:12: === GSkyMap ===
2019-07-22T13:58:12:  Number of pixels ..........: 6400
2019-07-22T13:58:12:  X axis dimension ..........: 80
2019-07-22T13:58:12:  Y axis dimension ..........: 80
2019-07-22T13:58:12:  Number of maps ............: 32
2019-07-22T13:58:12:  Shape of maps .............: (32)
2019-07-22T13:58:12: === GSkyRegions ===
2019-07-22T13:58:12:  Number of regions .........: 0
2019-07-22T13:58:12: === GModels ===
2019-07-22T13:58:12:  Number of models ..........: 0
2019-07-22T13:58:12:  Number of parameters ......: 0
2019-07-22T13:58:12: 
2019-07-22T13:58:12: +==================+
2019-07-22T13:58:12: | Save counts cube |
2019-07-22T13:58:12: +==================+
2019-07-22T13:58:12:  Counts cube file ..........: /cta/carli/CPPM_Internship/Simulations_and_Analyses/minus_step_AEff_South_z40_50h/source1c/obs_cube.fits
2019-07-22T13:58:12: 
2019-07-22T13:58:12: Application "ctbin" terminated after 1 wall clock seconds, consuming 1.03 seconds of CPU time.
