2019-07-22T13:58:15: ********************************************************************************
2019-07-22T13:58:15: *                                    ctlike                                    *
2019-07-22T13:58:15: * ---------------------------------------------------------------------------- *
2019-07-22T13:58:15: * Version: 1.6.0                                                               *
2019-07-22T13:58:15: ********************************************************************************
2019-07-22T13:58:15: +============+
2019-07-22T13:58:15: | Parameters |
2019-07-22T13:58:15: +============+
2019-07-22T13:58:15:  inobs .....................: /cta/carli/CPPM_Internship/Simulations_and_Analyses/minus_step_AEff_South_z40_50h/source1c/obs_cube.fits
2019-07-22T13:58:15:  inmodel ...................: sourcemodel_cube.xml
2019-07-22T13:58:15:  expcube ...................: /cta/carli/CPPM_Internship/Simulations_and_Analyses/minus_step_AEff_South_z40_50h/source1c/exposure_cube.fits
2019-07-22T13:58:15:  psfcube ...................: /cta/carli/CPPM_Internship/Simulations_and_Analyses/minus_step_AEff_South_z40_50h/source1c/PSF_cube.fits
2019-07-22T13:58:15:  edispcube .................: /cta/carli/CPPM_Internship/Simulations_and_Analyses/minus_step_AEff_South_z40_50h/source1c/edisp_cube.fits
2019-07-22T13:58:15:  bkgcube ...................: /cta/carli/CPPM_Internship/Simulations_and_Analyses/minus_step_AEff_South_z40_50h/source1c/background_cube.fits
2019-07-22T13:58:15:  caldb .....................: prod3b-v2
2019-07-22T13:58:15:  irf .......................: minus_step_AEff_South_z40_50h
2019-07-22T13:58:15:  edisp .....................: yes
2019-07-22T13:58:15:  outmodel ..................: /cta/carli/CPPM_Internship/Simulations_and_Analyses/minus_step_AEff_South_z40_50h/source1c/obsmodel_binned.xml
2019-07-22T13:58:15:  outcovmat .................: NONE
2019-07-22T13:58:15:  statistic .................: DEFAULT
2019-07-22T13:58:15:  refit .....................: no
2019-07-22T13:58:15:  like_accuracy .............: 0.005
2019-07-22T13:58:15:  max_iter ..................: 50
2019-07-22T13:58:15:  fix_spat_for_ts ...........: no
2019-07-22T13:58:15:  nthreads ..................: 0
2019-07-22T13:58:15:  chatter ...................: 4
2019-07-22T13:58:15:  clobber ...................: yes
2019-07-22T13:58:15:  debug .....................: no
2019-07-22T13:58:15:  mode ......................: ql
2019-07-22T13:58:15:  logfile ...................: ctlike.log
2019-07-22T13:58:15: 
2019-07-22T13:58:15: +===================+
2019-07-22T13:58:15: | Input observation |
2019-07-22T13:58:15: +===================+
2019-07-22T13:58:15: === GObservations ===
2019-07-22T13:58:15:  Number of observations ....: 1
2019-07-22T13:58:15:  Number of models ..........: 2
2019-07-22T13:58:15:  Number of observed events .: 319639
2019-07-22T13:58:15:  Number of predicted events : 0
2019-07-22T13:58:15: === GCTAObservation ===
2019-07-22T13:58:15:  Name ......................: 
2019-07-22T13:58:15:  Identifier ................: 000001
2019-07-22T13:58:15:  Instrument ................: CTA
2019-07-22T13:58:15:  Event file ................: /cta/carli/CPPM_Internship/Simulations_and_Analyses/minus_step_AEff_South_z40_50h/source1c/obs_cube.fits
2019-07-22T13:58:15:  Event type ................: CountsCube
2019-07-22T13:58:15:  Statistic .................: cstat
2019-07-22T13:58:15:  Ontime ....................: 144000 s
2019-07-22T13:58:15:  Livetime ..................: 141120 s
2019-07-22T13:58:15:  Deadtime correction .......: 0.98
2019-07-22T13:58:15:  User energy range .........: undefined
2019-07-22T13:58:15: === GCTAPointing ===
2019-07-22T13:58:15:  Pointing direction ........: (RA,Dec)=(84.1331,22.0145)
2019-07-22T13:58:15: === GCTAResponseCube ===
2019-07-22T13:58:15:  Energy dispersion .........: Used
2019-07-22T13:58:15: === GCTACubeExposure ===
2019-07-22T13:58:15:  Filename ..................: /cta/carli/CPPM_Internship/Simulations_and_Analyses/minus_step_AEff_South_z40_50h/source1c/exposure_cube.fits
2019-07-22T13:58:15:  Livetime ..................: 141120 sec
2019-07-22T13:58:15: === GEnergies ===
2019-07-22T13:58:15:  Number of energies ........: 33
2019-07-22T13:58:15: === GGti ===
2019-07-22T13:58:15:  Number of intervals .......: 1
2019-07-22T13:58:15:  Ontime ....................: 144000 sec
2019-07-22T13:58:15:  Elapsed time ..............: 144000 sec
2019-07-22T13:58:15:  MJD range .................: 51544.5 - 51546.1666666667 s (TT)
2019-07-22T13:58:15:  UTC range .................: 2000-01-01T11:58:56 - 2000-01-03T03:58:56 s (TT)
2019-07-22T13:58:15:  Reference MJD .............: 51544.5
2019-07-22T13:58:15: === GSkyMap ===
2019-07-22T13:58:15:  Number of pixels ..........: 6400
2019-07-22T13:58:15:  X axis dimension ..........: 80
2019-07-22T13:58:15:  Y axis dimension ..........: 80
2019-07-22T13:58:15:  Number of maps ............: 33
2019-07-22T13:58:15:  Shape of maps .............: (33)
2019-07-22T13:58:15: === GCTACubePsf ===
2019-07-22T13:58:15:  Filename ..................: /cta/carli/CPPM_Internship/Simulations_and_Analyses/minus_step_AEff_South_z40_50h/source1c/PSF_cube.fits
2019-07-22T13:58:15: === GEnergies ===
2019-07-22T13:58:15:  Number of energies ........: 33
2019-07-22T13:58:15:  Number of delta bins ......: 200
2019-07-22T13:58:15:  Delta range ...............: 1.875e-06 - 0.298501875 deg
2019-07-22T13:58:15: === GSkyMap ===
2019-07-22T13:58:15:  Number of pixels ..........: 1
2019-07-22T13:58:15:  X axis dimension ..........: 1
2019-07-22T13:58:15:  Y axis dimension ..........: 1
2019-07-22T13:58:15:  Number of maps ............: 6600
2019-07-22T13:58:15:  Shape of maps .............: (200, 33)
2019-07-22T13:58:15: === GCTACubeEdisp ===
2019-07-22T13:58:15:  Filename ..................: /cta/carli/CPPM_Internship/Simulations_and_Analyses/minus_step_AEff_South_z40_50h/source1c/edisp_cube.fits
2019-07-22T13:58:15: === GEnergies ===
2019-07-22T13:58:15:  Number of energies ........: 33
2019-07-22T13:58:15:  Number of migra bins ......: 100
2019-07-22T13:58:15:  Migra range ...............: 0.02 - 2
2019-07-22T13:58:15: === GSkyMap ===
2019-07-22T13:58:15:  Number of pixels ..........: 1
2019-07-22T13:58:15:  X axis dimension ..........: 1
2019-07-22T13:58:15:  Y axis dimension ..........: 1
2019-07-22T13:58:15:  Number of maps ............: 3300
2019-07-22T13:58:15:  Shape of maps .............: (100, 33)
2019-07-22T13:58:15: === GCTACubeBackground ===
2019-07-22T13:58:15:  Filename ..................: /cta/carli/CPPM_Internship/Simulations_and_Analyses/minus_step_AEff_South_z40_50h/source1c/background_cube.fits
2019-07-22T13:58:15: === GEbounds ===
2019-07-22T13:58:15:  Number of intervals .......: 32
2019-07-22T13:58:15:  Energy range ..............: 100 GeV - 199.526229858398 TeV
2019-07-22T13:58:15: === GSkyMap ===
2019-07-22T13:58:15:  Number of pixels ..........: 6400
2019-07-22T13:58:15:  X axis dimension ..........: 80
2019-07-22T13:58:15:  Y axis dimension ..........: 80
2019-07-22T13:58:15:  Number of maps ............: 32
2019-07-22T13:58:15:  Shape of maps .............: (32)
2019-07-22T13:58:15: === GCTAResponseCache ===
2019-07-22T13:58:15:  Number of cached values ...: 0
2019-07-22T13:58:15: === GCTAEventCube ===
2019-07-22T13:58:15:  Number of events ..........: 319639
2019-07-22T13:58:15:  Number of elements ........: 204800
2019-07-22T13:58:15:  Number of pixels ..........: 6400
2019-07-22T13:58:15:  Number of energy bins .....: 32
2019-07-22T13:58:15:  Time interval .............: 51544.5 - 51546.1666666667 days
2019-07-22T13:58:15:  Pointing ..................: (RA,Dec)=(84.1331,22.0145)
2019-07-22T13:58:15: === GEbounds ===
2019-07-22T13:58:15:  Number of intervals .......: 32
2019-07-22T13:58:15:  Energy range ..............: 100 GeV - 199.526229858398 TeV
2019-07-22T13:58:15: === GSkyMap ===
2019-07-22T13:58:15:  Number of pixels ..........: 6400
2019-07-22T13:58:15:  X axis dimension ..........: 80
2019-07-22T13:58:15:  Y axis dimension ..........: 80
2019-07-22T13:58:15:  Number of maps ............: 32
2019-07-22T13:58:15:  Shape of maps .............: (32)
2019-07-22T13:58:15: === GSkyRegions ===
2019-07-22T13:58:15:  Number of regions .........: 0
2019-07-22T13:58:15: === GModels ===
2019-07-22T13:58:15:  Number of models ..........: 2
2019-07-22T13:58:15:  Number of parameters ......: 11
2019-07-22T13:58:15: === GModelSky ===
2019-07-22T13:58:15:  Name ......................: source1c
2019-07-22T13:58:15:  Instruments ...............: all
2019-07-22T13:58:15:  Test Statistic ............: Computation requested
2019-07-22T13:58:15:  Observation identifiers ...: all
2019-07-22T13:58:15:  Model type ................: PointSource
2019-07-22T13:58:15:  Model components ..........: "PointSource" * "ExponentialCutoffPowerLaw" * "Constant"
2019-07-22T13:58:15:  Number of parameters ......: 7
2019-07-22T13:58:15:  Number of spatial par's ...: 2
2019-07-22T13:58:15:   RA .......................: 83.6331 [-360,360] deg (fixed,scale=1)
2019-07-22T13:58:15:   DEC ......................: 22.0145 [-90,90] deg (fixed,scale=1)
2019-07-22T13:58:15:  Number of spectral par's ..: 4
2019-07-22T13:58:15:   Prefactor ................: 2.28e-18 +/- 0 [1e-25,1e-15] ph/cm2/s/MeV (free,scale=1e-18,gradient)
2019-07-22T13:58:15:   Index ....................: -2 +/- 0 [-0,-5]  (free,scale=-1,gradient)
2019-07-22T13:58:15:   CutoffEnergy .............: 50000000 +/- 0 [100000,10000000000] MeV (free,scale=10000000,gradient)
2019-07-22T13:58:15:   PivotEnergy ..............: 1000000 [10000,1000000000] MeV (fixed,scale=1000000,gradient)
2019-07-22T13:58:15:  Number of temporal par's ..: 1
2019-07-22T13:58:15:   Normalization ............: 1 (relative value) (fixed,scale=1,gradient)
2019-07-22T13:58:15:  Number of scale par's .....: 0
2019-07-22T13:58:15: === GCTAModelCubeBackground ===
2019-07-22T13:58:15:  Name ......................: BackgroundModel
2019-07-22T13:58:15:  Instruments ...............: CTA, HESS, MAGIC, VERITAS
2019-07-22T13:58:15:  Observation identifiers ...: all
2019-07-22T13:58:15:  Model type ................: "PowerLaw" * "Constant"
2019-07-22T13:58:15:  Number of parameters ......: 4
2019-07-22T13:58:15:  Number of spectral par's ..: 3
2019-07-22T13:58:15:   Prefactor ................: 1 +/- 0 [0.01,100] ph/cm2/s/MeV (free,scale=1,gradient)
2019-07-22T13:58:15:   Index ....................: 0 +/- 0 [-5,5]  (free,scale=1,gradient)
2019-07-22T13:58:15:   PivotEnergy ..............: 1000000 MeV (fixed,scale=1000000,gradient)
2019-07-22T13:58:15:  Number of temporal par's ..: 1
2019-07-22T13:58:15:   Normalization ............: 1 (relative value) (fixed,scale=1,gradient)
2019-07-22T13:58:15: 
2019-07-22T13:58:15: +=================================+
2019-07-22T13:58:15: | Maximum likelihood optimisation |
2019-07-22T13:58:15: +=================================+
2019-07-22T13:58:47:  >Iteration   0: -logL=-332604.939, Lambda=1.0e-03
2019-07-22T13:59:16:  >Iteration   1: -logL=-332607.381, Lambda=1.0e-03, delta=2.443, step=1.0e+00, max(|grad|)=29.938552 [Index:3]
2019-07-22T13:59:46:  >Iteration   2: -logL=-332607.450, Lambda=1.0e-04, delta=0.069, step=1.0e+00, max(|grad|)=1.494990 [Index:3]
2019-07-22T14:00:15:  >Iteration   3: -logL=-332607.450, Lambda=1.0e-05, delta=0.000, step=1.0e+00, max(|grad|)=0.009429 [Index:3]
2019-07-22T14:00:15:  
2019-07-22T14:00:15:  +==================+
2019-07-22T14:00:15:  | Curvature matrix |
2019-07-22T14:00:15:  +==================+
2019-07-22T14:00:15:  === GMatrixSparse ===
2019-07-22T14:00:15:   Number of rows ............: 11
2019-07-22T14:00:15:   Number of columns .........: 11
2019-07-22T14:00:15:   Number of nonzero elements : 25
2019-07-22T14:00:15:   Number of allocated cells .: 537
2019-07-22T14:00:15:   Memory block size .........: 512
2019-07-22T14:00:15:   Sparse matrix fill ........: 0.206611570247934
2019-07-22T14:00:15:   Pending element ...........: 0
2019-07-22T14:00:15:   Fill stack size ...........: 0 (none)
2019-07-22T14:00:15:   0, 0, 0, 0, 0, 0, 0, 0, 0, 0, 0
2019-07-22T14:00:15:   0, 0, 0, 0, 0, 0, 0, 0, 0, 0, 0
2019-07-22T14:00:15:   0, 0, 2341.36708627646, -953.692016871259, 51.1862384401561, 0, 0, 1663.21353989484, -2461.49764245512, 0, 0
2019-07-22T14:00:15:   0, 0, -953.692016871257, 22456.1974135368, -253.812252653977, 0, 0, 5683.08430953619, -10362.0561510973, 0, 0
2019-07-22T14:00:15:   0, 0, 51.1862384401561, -253.812252653977, 6.46587418036046, 0, 0, 4.0658672889766, -0.363122772922432, 0, 0
2019-07-22T14:00:15:   0, 0, 0, 0, 0, 0, 0, 0, 0, 0, 0
2019-07-22T14:00:15:   0, 0, 0, 0, 0, 0, 0, 0, 0, 0, 0
2019-07-22T14:00:15:   0, 0, 1663.21353989484, 5683.08430953617, 4.0658672889766, 0, 0, 302506.835785801, -473067.343997322, 0, 0
2019-07-22T14:00:15:   0, 0, -2461.49764245512, -10362.0561510972, -0.363122772922435, 0, 0, -473067.343997321, 890939.289843033, 0, 0
2019-07-22T14:00:15:   0, 0, 0, 0, 0, 0, 0, 0, 0, 0, 0
2019-07-22T14:00:15:   0, 0, 0, 0, 0, 0, 0, 0, 0, 0, 0
2019-07-22T14:00:45: 
2019-07-22T14:00:45: +====================================+
2019-07-22T14:00:45: | Maximum likelihood re-optimisation |
2019-07-22T14:00:45: +====================================+
2019-07-22T14:00:46:  >Iteration   0: -logL=-300082.960, Lambda=1.0e-03
2019-07-22T14:00:46:  >Iteration   1: -logL=-301690.065, Lambda=1.0e-03, delta=1607.105, step=1.0e+00, max(|grad|)=-5825.878740 [Prefactor:0]
2019-07-22T14:00:47:  >Iteration   2: -logL=-301829.872, Lambda=1.0e-04, delta=139.807, step=1.0e+00, max(|grad|)=-500.623882 [Prefactor:0]
2019-07-22T14:00:48:  >Iteration   3: -logL=-301831.393, Lambda=1.0e-05, delta=1.521, step=1.0e+00, max(|grad|)=-36.445474 [Index:1]
2019-07-22T14:00:48:  >Iteration   4: -logL=-301831.399, Lambda=1.0e-06, delta=0.006, step=1.0e+00, max(|grad|)=-3.591602 [Index:1]
2019-07-22T14:00:49:  >Iteration   5: -logL=-301831.399, Lambda=1.0e-07, delta=0.000, step=1.0e+00, max(|grad|)=-0.274408 [Index:1]
2019-07-22T14:00:49: 
2019-07-22T14:00:49: +============================================+
2019-07-22T14:00:49: | Maximum likelihood re-optimisation results |
2019-07-22T14:00:49: +============================================+
2019-07-22T14:00:49: === GOptimizerLM ===
2019-07-22T14:00:49:  Optimized function value ..: -301831.399
2019-07-22T14:00:49:  Absolute precision ........: 0.005
2019-07-22T14:00:49:  Acceptable value decrease .: 2
2019-07-22T14:00:49:  Optimization status .......: converged
2019-07-22T14:00:49:  Number of parameters ......: 4
2019-07-22T14:00:49:  Number of free parameters .: 2
2019-07-22T14:00:49:  Number of iterations ......: 5
2019-07-22T14:00:49:  Lambda ....................: 1e-08
2019-07-22T14:00:49: 
2019-07-22T14:00:49: +=========================================+
2019-07-22T14:00:49: | Maximum likelihood optimisation results |
2019-07-22T14:00:49: +=========================================+
2019-07-22T14:00:49: === GOptimizerLM ===
2019-07-22T14:00:49:  Optimized function value ..: -332607.450
2019-07-22T14:00:49:  Absolute precision ........: 0.005
2019-07-22T14:00:49:  Acceptable value decrease .: 2
2019-07-22T14:00:49:  Optimization status .......: converged
2019-07-22T14:00:49:  Number of parameters ......: 11
2019-07-22T14:00:49:  Number of free parameters .: 5
2019-07-22T14:00:49:  Number of iterations ......: 3
2019-07-22T14:00:49:  Lambda ....................: 1e-06
2019-07-22T14:00:49:  Maximum log likelihood ....: 332607.450
2019-07-22T14:00:49:  Observed events  (Nobs) ...: 319639.000
2019-07-22T14:00:49:  Predicted events (Npred) ..: 317871.997 (Nobs - Npred = 1767.00273621024)
2019-07-22T14:00:49: === GModels ===
2019-07-22T14:00:49:  Number of models ..........: 2
2019-07-22T14:00:49:  Number of parameters ......: 11
2019-07-22T14:00:49: === GModelSky ===
2019-07-22T14:00:49:  Name ......................: source1c
2019-07-22T14:00:49:  Instruments ...............: all
2019-07-22T14:00:49:  Test Statistic ............: 61552.102268186
2019-07-22T14:00:49:  Observation identifiers ...: all
2019-07-22T14:00:49:  Model type ................: PointSource
2019-07-22T14:00:49:  Model components ..........: "PointSource" * "ExponentialCutoffPowerLaw" * "Constant"
2019-07-22T14:00:49:  Number of parameters ......: 7
2019-07-22T14:00:49:  Number of spatial par's ...: 2
2019-07-22T14:00:49:   RA .......................: 83.6331 [-360,360] deg (fixed,scale=1)
2019-07-22T14:00:49:   DEC ......................: 22.0145 [-90,90] deg (fixed,scale=1)
2019-07-22T14:00:49:  Number of spectral par's ..: 4
2019-07-22T14:00:49:   Prefactor ................: 2.26856602517906e-18 +/- 2.32974151173228e-20 [1e-25,1e-15] ph/cm2/s/MeV (free,scale=1e-18,gradient)
2019-07-22T14:00:49:   Index ....................: -2.01099188462409 +/- 0.00919598554744681 [-0,-5]  (free,scale=-1,gradient)
2019-07-22T14:00:49:   CutoffEnergy .............: 58288474.4648362 +/- 5889986.73960721 [100000,10000000000] MeV (free,scale=10000000,gradient)
2019-07-22T14:00:49:   PivotEnergy ..............: 1000000 [10000,1000000000] MeV (fixed,scale=1000000,gradient)
2019-07-22T14:00:49:  Number of temporal par's ..: 1
2019-07-22T14:00:49:   Normalization ............: 1 (relative value) (fixed,scale=1,gradient)
2019-07-22T14:00:49:  Number of scale par's .....: 0
2019-07-22T14:00:49: === GCTAModelCubeBackground ===
2019-07-22T14:00:49:  Name ......................: BackgroundModel
2019-07-22T14:00:49:  Instruments ...............: CTA, HESS, MAGIC, VERITAS
2019-07-22T14:00:49:  Observation identifiers ...: all
2019-07-22T14:00:49:  Model type ................: "PowerLaw" * "Constant"
2019-07-22T14:00:49:  Number of parameters ......: 4
2019-07-22T14:00:49:  Number of spectral par's ..: 3
2019-07-22T14:00:49:   Prefactor ................: 0.993069777341 +/- 0.0044168286441123 [0.01,100] ph/cm2/s/MeV (free,scale=1,gradient)
2019-07-22T14:00:49:   Index ....................: -0.00360710514806926 +/- 0.00257346570959594 [-5,5]  (free,scale=1,gradient)
2019-07-22T14:00:49:   PivotEnergy ..............: 1000000 MeV (fixed,scale=1000000,gradient)
2019-07-22T14:00:49:  Number of temporal par's ..: 1
2019-07-22T14:00:49:   Normalization ............: 1 (relative value) (fixed,scale=1,gradient)
2019-07-22T14:00:49: 
2019-07-22T14:00:49: +==============+
2019-07-22T14:00:49: | Save results |
2019-07-22T14:00:49: +==============+
2019-07-22T14:00:49:  Model definition file .....: /cta/carli/CPPM_Internship/Simulations_and_Analyses/minus_step_AEff_South_z40_50h/source1c/obsmodel_binned.xml
2019-07-22T14:00:49:  Covariance matrix file ....: NONE
2019-07-22T14:00:49: 
2019-07-22T14:00:49: Application "ctlike" terminated after 154 wall clock seconds, consuming 160.68 seconds of CPU time.
