2019-07-22T11:55:39: ********************************************************************************
2019-07-22T11:55:39: *                                   ctobssim                                   *
2019-07-22T11:55:39: * ---------------------------------------------------------------------------- *
2019-07-22T11:55:39: * Version: 1.6.0                                                               *
2019-07-22T11:55:39: ********************************************************************************
2019-07-22T11:55:40: +============+
2019-07-22T11:55:40: | Parameters |
2019-07-22T11:55:40: +============+
2019-07-22T11:55:40:  inobs .....................: NONE
2019-07-22T11:55:40:  inmodel ...................: /cta/carli/anaconda3/share/models/source1c.xml
2019-07-22T11:55:40:  caldb .....................: prod3b-v2
2019-07-22T11:55:40:  irf .......................: minus_step_AEff_South_z40_50h
2019-07-22T11:55:40:  edisp .....................: yes
2019-07-22T11:55:40:  outevents .................: /cta/carli/CPPM_Internship/Simulations_and_Analyses/minus_step_AEff_South_z40_50h/source1c/obs.fits
2019-07-22T11:55:40:  prefix ....................: sim_events_
2019-07-22T11:55:40:  startindex ................: 1
2019-07-22T11:55:40:  seed ......................: 1000
2019-07-22T11:55:40:  ra ........................: 84.1331
2019-07-22T11:55:40:  dec .......................: 22.0145
2019-07-22T11:55:40:  rad .......................: 0.8
2019-07-22T11:55:40:  tmin ......................: 0
2019-07-22T11:55:40:  tmax ......................: 144000
2019-07-22T11:55:40:  mjdref ....................: 51544.5
2019-07-22T11:55:40:  emin ......................: 0.1
2019-07-22T11:55:40:  emax ......................: 199.526229858398
2019-07-22T11:55:40:  deadc .....................: 0.98
2019-07-22T11:55:40:  maxrate ...................: 1.0e6
2019-07-22T11:55:40:  eslices ...................: 10
2019-07-22T11:55:40:  nthreads ..................: 0
2019-07-22T11:55:40:  publish ...................: no
2019-07-22T11:55:40:  chatter ...................: 4
2019-07-22T11:55:40:  clobber ...................: yes
2019-07-22T11:55:40:  debug .....................: no
2019-07-22T11:55:40:  mode ......................: ql
2019-07-22T11:55:40:  logfile ...................: ctobssim.log
2019-07-22T11:55:40: 
2019-07-22T11:55:40: +================+
2019-07-22T11:55:40: | Execution mode |
2019-07-22T11:55:40: +================+
2019-07-22T11:55:40:  Event list management .....: Save and dispose (reduces memory needs)
2019-07-22T11:55:40:  Output format .............: Write single event list FITS file
2019-07-22T11:55:40: 
2019-07-22T11:55:40: +=============+
2019-07-22T11:55:40: | Seed values |
2019-07-22T11:55:40: +=============+
2019-07-22T11:55:40:  Seed 0 ....................: 6233869624
2019-07-22T11:55:40: 
2019-07-22T11:55:40: +===================+
2019-07-22T11:55:40: | Input observation |
2019-07-22T11:55:40: +===================+
2019-07-22T11:55:40: === GObservations ===
2019-07-22T11:55:40:  Number of observations ....: 1
2019-07-22T11:55:40:  Number of models ..........: 2
2019-07-22T11:55:40:  Number of observed events .: 0
2019-07-22T11:55:40:  Number of predicted events : 0
2019-07-22T11:55:40: === GCTAObservation ===
2019-07-22T11:55:40:  Name ......................: 
2019-07-22T11:55:40:  Identifier ................: 
2019-07-22T11:55:40:  Instrument ................: CTA
2019-07-22T11:55:40:  Event file ................: 
2019-07-22T11:55:40:  Event type ................: EventList
2019-07-22T11:55:40:  Statistic .................: cstat
2019-07-22T11:55:40:  Ontime ....................: 144000 s
2019-07-22T11:55:40:  Livetime ..................: 141120 s
2019-07-22T11:55:40:  Deadtime correction .......: 0.98
2019-07-22T11:55:40:  User energy range .........: undefined
2019-07-22T11:55:40: === GCTAPointing ===
2019-07-22T11:55:40:  Pointing direction ........: (RA,Dec)=(84.1331,22.0145)
2019-07-22T11:55:40: === GCTAResponseIrf ===
2019-07-22T11:55:40:  Caldb mission .............: cta
2019-07-22T11:55:40:  Caldb instrument ..........: prod3b-v2
2019-07-22T11:55:40:  Response name .............: minus_step_AEff_South_z40_50h
2019-07-22T11:55:40:  Energy dispersion .........: Used
2019-07-22T11:55:40:  Safe energy range .........: undefined
2019-07-22T11:55:40: === GCaldb ===
2019-07-22T11:55:40:  Database root .............: /cta/carli/anaconda3/share/caldb
2019-07-22T11:55:40:  Selected Mission ..........: CTA
2019-07-22T11:55:40:  Selected Instrument .......: PROD3B-V2
2019-07-22T11:55:40:  Calibration Index File ....: /cta/carli/anaconda3/share/caldb/data/cta/prod3b-v2/caldb.indx
2019-07-22T11:55:40:  Number of entries .........: 240
2019-07-22T11:55:40: === GCTAAeff2D ===
2019-07-22T11:55:40:  Filename ..................: /cta/carli/anaconda3/share/caldb/data/cta/prod3b-v2/bcf/minus_step_AEff_South_z40_50h/irf_file.fits
2019-07-22T11:55:40:  Number of energy bins .....: 42
2019-07-22T11:55:40:  Number of offset bins .....: 6
2019-07-22T11:55:40:  Log10(Energy) range .......: 0.0125892544165254 - 199.526229858398 TeV
2019-07-22T11:55:40:  Offset angle range ........: 0 - 6 deg
2019-07-22T11:55:40:  Lower energy threshold ....: not specified
2019-07-22T11:55:40:  Upper energy threshold ....: not specified
2019-07-22T11:55:40:  Radius cut ................: none
2019-07-22T11:55:40: === GCTAPsf2D ===
2019-07-22T11:55:40:  Filename ..................: /cta/carli/anaconda3/share/caldb/data/cta/prod3b-v2/bcf/minus_step_AEff_South_z40_50h/irf_file.fits
2019-07-22T11:55:40:  Number of energy bins .....: 25
2019-07-22T11:55:40:  Number of offset bins .....: 6
2019-07-22T11:55:40:  Log10(Energy) range .......: 0.0125892544165254 - 1258.92541503906 TeV
2019-07-22T11:55:40:  Offset angle range ........: 0 - 6 deg
2019-07-22T11:55:40: === GCTAEdisp2D ===
2019-07-22T11:55:40:  Filename ..................: /cta/carli/anaconda3/share/caldb/data/cta/prod3b-v2/bcf/minus_step_AEff_South_z40_50h/irf_file.fits
2019-07-22T11:55:40:  Number of energy bins .....: 500
2019-07-22T11:55:40:  Number of migration bins ..: 300
2019-07-22T11:55:40:  Number of offset bins .....: 6
2019-07-22T11:55:40:  Log10(Energy) range .......: 0.00501187238842249 - 501.187225341797 TeV
2019-07-22T11:55:40:  Migration range ...........: 0 - 3
2019-07-22T11:55:40:  Offset angle range ........: 0 - 6 deg
2019-07-22T11:55:40: === GCTABackground3D ===
2019-07-22T11:55:40:  Filename ..................: /cta/carli/anaconda3/share/caldb/data/cta/prod3b-v2/bcf/minus_step_AEff_South_z40_50h/irf_file.fits
2019-07-22T11:55:40:  Number of DETX bins .......: 36
2019-07-22T11:55:40:  Number of DETY bins .......: 36
2019-07-22T11:55:40:  Number of energy bins .....: 21
2019-07-22T11:55:40:  DETX range ................: -6 - 6 deg
2019-07-22T11:55:40:  DETX range ................: -6 - 6 deg
2019-07-22T11:55:40:  Energy range ..............: 0.0125892544165254 - 199.526229858398 TeV
2019-07-22T11:55:40: === GCTAResponseCache ===
2019-07-22T11:55:40:  Number of cached values ...: 0
2019-07-22T11:55:40: === GCTAResponseCache ===
2019-07-22T11:55:40:  Number of cached values ...: 0
2019-07-22T11:55:40: === GCTAEventList ===
2019-07-22T11:55:40:  Number of events ..........: 0 (disposed without possibility to recover)
2019-07-22T11:55:40:  Time interval .............: 51544.5 - 51546.1666666667 days
2019-07-22T11:55:40: === GEbounds ===
2019-07-22T11:55:40:  Number of intervals .......: 1
2019-07-22T11:55:40:  Energy range ..............: 100 GeV - 199.526229858398 TeV
2019-07-22T11:55:40: === GCTARoi ===
2019-07-22T11:55:40:  RoI centre ................: RA=84.1331, DEC=22.0145 [0,0]
2019-07-22T11:55:40:  RoI radius ................: 0.8 deg
2019-07-22T11:55:40: === GSkyRegions ===
2019-07-22T11:55:40:  Number of regions .........: 0
2019-07-22T11:55:40: === GModels ===
2019-07-22T11:55:40:  Number of models ..........: 2
2019-07-22T11:55:40:  Number of parameters ......: 11
2019-07-22T11:55:40: === GModelSky ===
2019-07-22T11:55:40:  Name ......................: source1c
2019-07-22T11:55:40:  Instruments ...............: all
2019-07-22T11:55:40:  Test Statistic ............: Computation requested
2019-07-22T11:55:40:  Observation identifiers ...: all
2019-07-22T11:55:40:  Model type ................: PointSource
2019-07-22T11:55:40:  Model components ..........: "PointSource" * "ExponentialCutoffPowerLaw" * "Constant"
2019-07-22T11:55:40:  Number of parameters ......: 7
2019-07-22T11:55:40:  Number of spatial par's ...: 2
2019-07-22T11:55:40:   RA .......................: 83.6331 [-360,360] deg (fixed,scale=1)
2019-07-22T11:55:40:   DEC ......................: 22.0145 [-90,90] deg (fixed,scale=1)
2019-07-22T11:55:40:  Number of spectral par's ..: 4
2019-07-22T11:55:40:   Prefactor ................: 2.28e-18 +/- 0 [1e-25,1e-15] ph/cm2/s/MeV (free,scale=1e-18,gradient)
2019-07-22T11:55:40:   Index ....................: -2 +/- 0 [-0,-5]  (free,scale=-1,gradient)
2019-07-22T11:55:40:   CutoffEnergy .............: 50000000 +/- 0 [100000,10000000000] MeV (free,scale=10000000,gradient)
2019-07-22T11:55:40:   PivotEnergy ..............: 1000000 [10000,1000000000] MeV (fixed,scale=1000000,gradient)
2019-07-22T11:55:40:  Number of temporal par's ..: 1
2019-07-22T11:55:40:   Normalization ............: 1 (relative value) (fixed,scale=1,gradient)
2019-07-22T11:55:40:  Number of scale par's .....: 0
2019-07-22T11:55:40: === GCTAModelIrfBackground ===
2019-07-22T11:55:40:  Name ......................: CTABackgroundModel
2019-07-22T11:55:40:  Instruments ...............: CTA
2019-07-22T11:55:40:  Test Statistic ............: Computation requested
2019-07-22T11:55:40:  Observation identifiers ...: all
2019-07-22T11:55:40:  Model type ................: "PowerLaw" * "Constant"
2019-07-22T11:55:40:  Number of parameters ......: 4
2019-07-22T11:55:40:  Number of spectral par's ..: 3
2019-07-22T11:55:40:   Prefactor ................: 1 +/- 0 [0.001,1000] ph/cm2/s/MeV (free,scale=1,gradient)
2019-07-22T11:55:40:   Index ....................: 0 +/- 0 [-5,5]  (free,scale=1,gradient)
2019-07-22T11:55:40:   PivotEnergy ..............: 1000000 [10000,1000000000] MeV (fixed,scale=1000000,gradient)
2019-07-22T11:55:40:  Number of temporal par's ..: 1
2019-07-22T11:55:40:   Normalization ............: 1 (relative value) (fixed,scale=1,gradient)
2019-07-22T11:55:40: 
2019-07-22T11:55:40: +======================+
2019-07-22T11:55:40: | Simulate observation |
2019-07-22T11:55:40: +======================+
2019-07-22T11:55:40: === CTA observation ===
2019-07-22T11:55:40:  Simulation cone ...........: RA=84.1331 deg, Dec=22.0145 deg, radius=1.3 deg
2019-07-22T11:55:40:  Time interval .............: 0 - 144000 s
2019-07-22T11:55:40:  Photon energy range .......: 41.1040776139221 GeV - 509.274482994276 GeV
2019-07-22T11:55:40:  Event energy range ........: 100 GeV - 213.796208774656 GeV
2019-07-22T11:55:40:   Simulation area ..........: 1.18516e+10 cm2
2019-07-22T11:55:40:   Use model ................: source1c
2019-07-22T11:55:40:   Normalization ............: 1 [source1c]
2019-07-22T11:55:40:   Flux .....................: 5.08774e-11 [source1c] photons/cm2/s
2019-07-22T11:55:40:   Normalized flux ..........: 5.08774e-11 [source1c] photons/cm2/s
2019-07-22T11:55:40:   Photon rate ..............: 0.602977 photons/s [source1c]
2019-07-22T11:55:40:   Time slice ...............: 0 - 144000 s [source1c]
2019-07-22T11:55:40:   MC source photons/slice ..: 87393 [source1c]
2019-07-22T11:55:40:   MC source photons ........: 87393 [source1c]
2019-07-22T11:55:40:   MC source events .........: 3370 [source1c]
2019-07-22T11:55:40:   MC source events .........: 3370 (all source models)
2019-07-22T11:55:40:  Photon energy range .......: 100.88253715168 GeV - 860.678033986988 GeV
2019-07-22T11:55:40:  Event energy range ........: 213.796208774656 GeV - 457.088188864163 GeV
2019-07-22T11:55:40:   Simulation area ..........: 1.77874e+10 cm2
2019-07-22T11:55:40:   Use model ................: source1c
2019-07-22T11:55:40:   Normalization ............: 1 [source1c]
2019-07-22T11:55:40:   Flux .....................: 1.98541e-11 [source1c] photons/cm2/s
2019-07-22T11:55:40:   Normalized flux ..........: 1.98541e-11 [source1c] photons/cm2/s
2019-07-22T11:55:40:   Photon rate ..............: 0.353152 photons/s [source1c]
2019-07-22T11:55:40:   Time slice ...............: 0 - 144000 s [source1c]
2019-07-22T11:55:40:   MC source photons/slice ..: 50554 [source1c]
2019-07-22T11:55:40:   MC source photons ........: 50554 [source1c]
2019-07-22T11:55:40:   MC source events .........: 3234 [source1c]
2019-07-22T11:55:40:   MC source events .........: 3234 (all source models)
2019-07-22T11:55:40:  Photon energy range .......: 265.018144252 GeV - 1.57081442112741 TeV
2019-07-22T11:55:40:  Event energy range ........: 457.088188864163 GeV - 977.237218548317 GeV
2019-07-22T11:55:40:   Simulation area ..........: 3.43669e+10 cm2
2019-07-22T11:55:40:   Use model ................: source1c
2019-07-22T11:55:40:   Normalization ............: 1 [source1c]
2019-07-22T11:55:40:   Flux .....................: 7.07115e-12 [source1c] photons/cm2/s
2019-07-22T11:55:40:   Normalized flux ..........: 7.07115e-12 [source1c] photons/cm2/s
2019-07-22T11:55:40:   Photon rate ..............: 0.243014 photons/s [source1c]
2019-07-22T11:55:40:   Time slice ...............: 0 - 144000 s [source1c]
2019-07-22T11:55:40:   MC source photons/slice ..: 35109 [source1c]
2019-07-22T11:55:40:   MC source photons ........: 35109 [source1c]
2019-07-22T11:55:40:   MC source events .........: 2587 [source1c]
2019-07-22T11:55:40:   MC source events .........: 2587 (all source models)
2019-07-22T11:55:40:  Photon energy range .......: 625.275670425715 GeV - 3.04099144442538 TeV
2019-07-22T11:55:40:  Event energy range ........: 977.237218548317 GeV - 2.0892961239912 TeV
2019-07-22T11:55:40:   Simulation area ..........: 5.37258e+10 cm2
2019-07-22T11:55:40:   Use model ................: source1c
2019-07-22T11:55:40:   Normalization ............: 1 [source1c]
2019-07-22T11:55:40:   Flux .....................: 2.8256e-12 [source1c] photons/cm2/s
2019-07-22T11:55:40:   Normalized flux ..........: 2.8256e-12 [source1c] photons/cm2/s
2019-07-22T11:55:40:   Photon rate ..............: 0.151808 photons/s [source1c]
2019-07-22T11:55:40:   Time slice ...............: 0 - 144000 s [source1c]
2019-07-22T11:55:40:   MC source photons/slice ..: 21775 [source1c]
2019-07-22T11:55:40:   MC source photons ........: 21775 [source1c]
2019-07-22T11:55:40:   MC source events .........: 2447 [source1c]
2019-07-22T11:55:40:   MC source events .........: 2447 (all source models)
2019-07-22T11:55:40:  Photon energy range .......: 1.52598487124743 TeV - 6.09062686094979 TeV
2019-07-22T11:55:40:  Event energy range ........: 2.0892961239912 TeV - 4.46683590316902 TeV
2019-07-22T11:55:40:   Simulation area ..........: 7.24914e+10 cm2
2019-07-22T11:55:40:   Use model ................: source1c
2019-07-22T11:55:40:   Normalization ............: 1 [source1c]
2019-07-22T11:55:40:   Flux .....................: 1.05869e-12 [source1c] photons/cm2/s
2019-07-22T11:55:40:   Normalized flux ..........: 1.05869e-12 [source1c] photons/cm2/s
2019-07-22T11:55:40:   Photon rate ..............: 0.0767456 photons/s [source1c]
2019-07-22T11:55:40:   Time slice ...............: 0 - 144000 s [source1c]
2019-07-22T11:55:40:   MC source photons/slice ..: 11219 [source1c]
2019-07-22T11:55:40:   MC source photons ........: 11219 [source1c]
2019-07-22T11:55:40:   MC source events .........: 2034 [source1c]
2019-07-22T11:55:40:   MC source events .........: 2034 (all source models)
2019-07-22T11:55:40:  Photon energy range .......: 3.46329780546817 TeV - 13.5112010225502 TeV
2019-07-22T11:55:40:  Event energy range ........: 4.46683590316902 TeV - 9.54992581316053 TeV
2019-07-22T11:55:40:   Simulation area ..........: 9.10029e+10 cm2
2019-07-22T11:55:40:   Use model ................: source1c
2019-07-22T11:55:40:   Normalization ............: 1 [source1c]
2019-07-22T11:55:40:   Flux .....................: 4.31843e-13 [source1c] photons/cm2/s
2019-07-22T11:55:40:   Normalized flux ..........: 4.31843e-13 [source1c] photons/cm2/s
2019-07-22T11:55:40:   Photon rate ..............: 0.0392989 photons/s [source1c]
2019-07-22T11:55:40:   Time slice ...............: 0 - 144000 s [source1c]
2019-07-22T11:55:40:   MC source photons/slice ..: 5599 [source1c]
2019-07-22T11:55:40:   MC source photons ........: 5599 [source1c]
2019-07-22T11:55:40:   MC source events .........: 1177 [source1c]
2019-07-22T11:55:40:   MC source events .........: 1177 (all source models)
2019-07-22T11:55:40:  Photon energy range .......: 7.57686977261953 TeV - 27.092165885067 TeV
2019-07-22T11:55:40:  Event energy range ........: 9.54992581316053 TeV - 20.4173793293294 TeV
2019-07-22T11:55:40:   Simulation area ..........: 1.17786e+11 cm2
2019-07-22T11:55:40:   Use model ................: source1c
2019-07-22T11:55:40:   Normalization ............: 1 [source1c]
2019-07-22T11:55:40:   Flux .....................: 1.66619e-13 [source1c] photons/cm2/s
2019-07-22T11:55:40:   Normalized flux ..........: 1.66619e-13 [source1c] photons/cm2/s
2019-07-22T11:55:40:   Photon rate ..............: 0.0196254 photons/s [source1c]
2019-07-22T11:55:40:   Time slice ...............: 0 - 144000 s [source1c]
2019-07-22T11:55:40:   MC source photons/slice ..: 2794 [source1c]
2019-07-22T11:55:40:   MC source photons ........: 2794 [source1c]
2019-07-22T11:55:40:   MC source events .........: 602 [source1c]
2019-07-22T11:55:40:   MC source events .........: 602 (all source models)
2019-07-22T11:55:40:  Photon energy range .......: 15.830324777243 TeV - 56.4077240740645 TeV
2019-07-22T11:55:40:  Event energy range ........: 20.4173793293294 TeV - 43.6515829372465 TeV
2019-07-22T11:55:40:   Simulation area ..........: 1.22909e+11 cm2
2019-07-22T11:55:40:   Use model ................: source1c
2019-07-22T11:55:40:   Normalization ............: 1 [source1c]
2019-07-22T11:55:40:   Flux .....................: 6.04689e-14 [source1c] photons/cm2/s
2019-07-22T11:55:40:   Normalized flux ..........: 6.04689e-14 [source1c] photons/cm2/s
2019-07-22T11:55:40:   Photon rate ..............: 0.00743217 photons/s [source1c]
2019-07-22T11:55:40:   Time slice ...............: 0 - 144000 s [source1c]
2019-07-22T11:55:40:   MC source photons/slice ..: 1088 [source1c]
2019-07-22T11:55:40:   MC source photons ........: 1088 [source1c]
2019-07-22T11:55:40:   MC source events .........: 248 [source1c]
2019-07-22T11:55:40:   MC source events .........: 248 (all source models)
2019-07-22T11:55:40:  Photon energy range .......: 34.3839906563315 TeV - 116.046716746149 TeV
2019-07-22T11:55:40:  Event energy range ........: 43.6515829372465 TeV - 93.3254293899579 TeV
2019-07-22T11:55:40:   Simulation area ..........: 1.51646e+11 cm2
2019-07-22T11:55:40:   Use model ................: source1c
2019-07-22T11:55:40:   Normalization ............: 1 [source1c]
2019-07-22T11:55:40:   Flux .....................: 1.54004e-14 [source1c] photons/cm2/s
2019-07-22T11:55:40:   Normalized flux ..........: 1.54004e-14 [source1c] photons/cm2/s
2019-07-22T11:55:40:   Photon rate ..............: 0.00233541 photons/s [source1c]
2019-07-22T11:55:40:   Time slice ...............: 0 - 144000 s [source1c]
2019-07-22T11:55:40:   MC source photons/slice ..: 352 [source1c]
2019-07-22T11:55:40:   MC source photons ........: 352 [source1c]
2019-07-22T11:55:40:   MC source events .........: 67 [source1c]
2019-07-22T11:55:40:   MC source events .........: 67 (all source models)
2019-07-22T11:55:40:  Photon energy range .......: 79.1906822067056 TeV - 239.08155027665 TeV
2019-07-22T11:55:40:  Event energy range ........: 93.3254293899579 TeV - 199.526229858398 TeV
2019-07-22T11:55:40:   Simulation area ..........: 1.67706e+11 cm2
2019-07-22T11:55:40:   Use model ................: source1c
2019-07-22T11:55:40:   Normalization ............: 1 [source1c]
2019-07-22T11:55:40:   Flux .....................: 1.86545e-15 [source1c] photons/cm2/s
2019-07-22T11:55:40:   Normalized flux ..........: 1.86545e-15 [source1c] photons/cm2/s
2019-07-22T11:55:40:   Photon rate ..............: 0.000312846 photons/s [source1c]
2019-07-22T11:55:40:   Time slice ...............: 0 - 144000 s [source1c]
2019-07-22T11:55:40:   MC source photons/slice ..: 44 [source1c]
2019-07-22T11:55:40:   MC source photons ........: 44 [source1c]
2019-07-22T11:55:40:   MC source events .........: 10 [source1c]
2019-07-22T11:55:40:   MC source events .........: 10 (all source models)
2019-07-22T11:55:40:  MC source photons .........: 215927 [source1c]
2019-07-22T11:55:40:  MC source events ..........: 15776 [source1c]
2019-07-22T11:55:57:  MC events outside ROI .....: 0
2019-07-22T11:55:57:  MC background events ......: 303865
2019-07-22T11:55:57:  MC identifier 1 ...........: source1c
2019-07-22T11:55:57:  MC identifier 2 ...........: CTABackgroundModel
2019-07-22T11:55:57:  MC events .................: 319641 (all models)
2019-07-22T11:55:58: 
2019-07-22T11:55:58: +==================+
2019-07-22T11:55:58: | Save observation |
2019-07-22T11:55:58: +==================+
2019-07-22T11:55:58: 
2019-07-22T11:55:58: Application "ctobssim" terminated after 19 wall clock seconds, consuming 18.12 seconds of CPU time.
