2019-07-22T13:18:24: ********************************************************************************
2019-07-22T13:18:24: *                                  ctbutterfly                                 *
2019-07-22T13:18:24: * ---------------------------------------------------------------------------- *
2019-07-22T13:18:24: * Version: 1.6.0                                                               *
2019-07-22T13:18:24: ********************************************************************************
2019-07-22T13:18:24: +============+
2019-07-22T13:18:24: | Parameters |
2019-07-22T13:18:24: +============+
2019-07-22T13:18:24:  inobs .....................: /cta/carli/CPPM_Internship/Simulations_and_Analyses/minus_gradient_AEff_South_z40_50h/source1a/obs_cube.fits
2019-07-22T13:18:24:  inmodel ...................: /cta/carli/CPPM_Internship/Simulations_and_Analyses/minus_gradient_AEff_South_z40_50h/source1a/obsmodel_binned.xml
2019-07-22T13:18:24:  srcname ...................: source1a
2019-07-22T13:18:24:  expcube ...................: /cta/carli/CPPM_Internship/Simulations_and_Analyses/minus_gradient_AEff_South_z40_50h/source1a/exposure_cube.fits
2019-07-22T13:18:24:  psfcube ...................: /cta/carli/CPPM_Internship/Simulations_and_Analyses/minus_gradient_AEff_South_z40_50h/source1a/PSF_cube.fits
2019-07-22T13:18:24:  edispcube .................: /cta/carli/CPPM_Internship/Simulations_and_Analyses/minus_gradient_AEff_South_z40_50h/source1a/edisp_cube.fits
2019-07-22T13:18:24:  bkgcube ...................: /cta/carli/CPPM_Internship/Simulations_and_Analyses/minus_gradient_AEff_South_z40_50h/source1a/background_cube.fits
2019-07-22T13:18:24:  caldb .....................: prod3b-v2
2019-07-22T13:18:24:  irf .......................: minus_gradient_AEff_South_z40_50h
2019-07-22T13:18:24:  edisp .....................: yes
2019-07-22T13:18:24:  outfile ...................: /cta/carli/CPPM_Internship/Simulations_and_Analyses/minus_gradient_AEff_South_z40_50h/source1a/butterfly_binned.ascii
2019-07-22T13:18:24:  method ....................: GAUSSIAN
2019-07-22T13:18:24:  fit .......................: no
2019-07-22T13:18:24:  confidence ................: 0.68
2019-07-22T13:18:24:  statistic .................: DEFAULT
2019-07-22T13:18:24:  like_accuracy .............: 0.005
2019-07-22T13:18:24:  max_iter ..................: 50
2019-07-22T13:18:24:  matrix ....................: NONE
2019-07-22T13:18:24:  ebinalg ...................: LOG
2019-07-22T13:18:24:  emin ......................: 0.1
2019-07-22T13:18:24:  emax ......................: 199.526229858398
2019-07-22T13:18:24:  enumbins ..................: 32
2019-07-22T13:18:24:  ebinfile ..................: [not queried]
2019-07-22T13:18:24:  chatter ...................: 4
2019-07-22T13:18:24:  clobber ...................: yes
2019-07-22T13:18:24:  debug .....................: no
2019-07-22T13:18:24:  mode ......................: ql
2019-07-22T13:18:24:  logfile ...................: ctbutterfly.log
2019-07-22T13:18:24: 
2019-07-22T13:18:24: +===================+
2019-07-22T13:18:24: | Input observation |
2019-07-22T13:18:24: +===================+
2019-07-22T13:18:24: === GObservations ===
2019-07-22T13:18:24:  Number of observations ....: 1
2019-07-22T13:18:24:  Number of models ..........: 2
2019-07-22T13:18:24:  Number of observed events .: 309291
2019-07-22T13:18:24:  Number of predicted events : 0
2019-07-22T13:18:24: === GCTAObservation ===
2019-07-22T13:18:24:  Name ......................: 
2019-07-22T13:18:24:  Identifier ................: 000001
2019-07-22T13:18:24:  Instrument ................: CTA
2019-07-22T13:18:24:  Event file ................: /cta/carli/CPPM_Internship/Simulations_and_Analyses/minus_gradient_AEff_South_z40_50h/source1a/obs_cube.fits
2019-07-22T13:18:24:  Event type ................: CountsCube
2019-07-22T13:18:24:  Statistic .................: cstat
2019-07-22T13:18:24:  Ontime ....................: 144000 s
2019-07-22T13:18:24:  Livetime ..................: 141120 s
2019-07-22T13:18:24:  Deadtime correction .......: 0.98
2019-07-22T13:18:24:  User energy range .........: undefined
2019-07-22T13:18:24: === GCTAPointing ===
2019-07-22T13:18:24:  Pointing direction ........: (RA,Dec)=(84.1331,22.0145)
2019-07-22T13:18:24: === GCTAResponseCube ===
2019-07-22T13:18:24:  Energy dispersion .........: Used
2019-07-22T13:18:24: === GCTACubeExposure ===
2019-07-22T13:18:24:  Filename ..................: /cta/carli/CPPM_Internship/Simulations_and_Analyses/minus_gradient_AEff_South_z40_50h/source1a/exposure_cube.fits
2019-07-22T13:18:24:  Livetime ..................: 141120 sec
2019-07-22T13:18:24: === GEnergies ===
2019-07-22T13:18:24:  Number of energies ........: 33
2019-07-22T13:18:24: === GGti ===
2019-07-22T13:18:24:  Number of intervals .......: 1
2019-07-22T13:18:24:  Ontime ....................: 144000 sec
2019-07-22T13:18:24:  Elapsed time ..............: 144000 sec
2019-07-22T13:18:24:  MJD range .................: 51544.5 - 51546.1666666667 s (TT)
2019-07-22T13:18:24:  UTC range .................: 2000-01-01T11:58:56 - 2000-01-03T03:58:56 s (TT)
2019-07-22T13:18:24:  Reference MJD .............: 51544.5
2019-07-22T13:18:24: === GSkyMap ===
2019-07-22T13:18:24:  Number of pixels ..........: 6400
2019-07-22T13:18:24:  X axis dimension ..........: 80
2019-07-22T13:18:24:  Y axis dimension ..........: 80
2019-07-22T13:18:24:  Number of maps ............: 33
2019-07-22T13:18:24:  Shape of maps .............: (33)
2019-07-22T13:18:24: === GCTACubePsf ===
2019-07-22T13:18:24:  Filename ..................: /cta/carli/CPPM_Internship/Simulations_and_Analyses/minus_gradient_AEff_South_z40_50h/source1a/PSF_cube.fits
2019-07-22T13:18:24: === GEnergies ===
2019-07-22T13:18:24:  Number of energies ........: 33
2019-07-22T13:18:24:  Number of delta bins ......: 200
2019-07-22T13:18:24:  Delta range ...............: 1.875e-06 - 0.298501875 deg
2019-07-22T13:18:24: === GSkyMap ===
2019-07-22T13:18:24:  Number of pixels ..........: 1
2019-07-22T13:18:24:  X axis dimension ..........: 1
2019-07-22T13:18:24:  Y axis dimension ..........: 1
2019-07-22T13:18:24:  Number of maps ............: 6600
2019-07-22T13:18:24:  Shape of maps .............: (200, 33)
2019-07-22T13:18:24: === GCTACubeEdisp ===
2019-07-22T13:18:24:  Filename ..................: /cta/carli/CPPM_Internship/Simulations_and_Analyses/minus_gradient_AEff_South_z40_50h/source1a/edisp_cube.fits
2019-07-22T13:18:24: === GEnergies ===
2019-07-22T13:18:24:  Number of energies ........: 33
2019-07-22T13:18:24:  Number of migra bins ......: 100
2019-07-22T13:18:24:  Migra range ...............: 0.02 - 2
2019-07-22T13:18:24: === GSkyMap ===
2019-07-22T13:18:24:  Number of pixels ..........: 1
2019-07-22T13:18:24:  X axis dimension ..........: 1
2019-07-22T13:18:24:  Y axis dimension ..........: 1
2019-07-22T13:18:24:  Number of maps ............: 3300
2019-07-22T13:18:24:  Shape of maps .............: (100, 33)
2019-07-22T13:18:24: === GCTACubeBackground ===
2019-07-22T13:18:24:  Filename ..................: /cta/carli/CPPM_Internship/Simulations_and_Analyses/minus_gradient_AEff_South_z40_50h/source1a/background_cube.fits
2019-07-22T13:18:24: === GEbounds ===
2019-07-22T13:18:24:  Number of intervals .......: 32
2019-07-22T13:18:24:  Energy range ..............: 100 GeV - 199.526229858398 TeV
2019-07-22T13:18:24: === GSkyMap ===
2019-07-22T13:18:24:  Number of pixels ..........: 6400
2019-07-22T13:18:24:  X axis dimension ..........: 80
2019-07-22T13:18:24:  Y axis dimension ..........: 80
2019-07-22T13:18:24:  Number of maps ............: 32
2019-07-22T13:18:24:  Shape of maps .............: (32)
2019-07-22T13:18:24: === GCTAResponseCache ===
2019-07-22T13:18:24:  Number of cached values ...: 0
2019-07-22T13:18:24: === GCTAEventCube ===
2019-07-22T13:18:24:  Number of events ..........: 309291
2019-07-22T13:18:24:  Number of elements ........: 204800
2019-07-22T13:18:24:  Number of pixels ..........: 6400
2019-07-22T13:18:24:  Number of energy bins .....: 32
2019-07-22T13:18:24:  Time interval .............: 51544.5 - 51546.1666666667 days
2019-07-22T13:18:24:  Pointing ..................: (RA,Dec)=(84.1331,22.0145)
2019-07-22T13:18:24: === GEbounds ===
2019-07-22T13:18:24:  Number of intervals .......: 32
2019-07-22T13:18:24:  Energy range ..............: 100 GeV - 199.526229858398 TeV
2019-07-22T13:18:24: === GSkyMap ===
2019-07-22T13:18:24:  Number of pixels ..........: 6400
2019-07-22T13:18:24:  X axis dimension ..........: 80
2019-07-22T13:18:24:  Y axis dimension ..........: 80
2019-07-22T13:18:24:  Number of maps ............: 32
2019-07-22T13:18:24:  Shape of maps .............: (32)
2019-07-22T13:18:24: === GSkyRegions ===
2019-07-22T13:18:24:  Number of regions .........: 0
2019-07-22T13:18:24: === GModels ===
2019-07-22T13:18:24:  Number of models ..........: 2
2019-07-22T13:18:24:  Number of parameters ......: 11
2019-07-22T13:18:24: === GModelSky ===
2019-07-22T13:18:24:  Name ......................: source1a
2019-07-22T13:18:24:  Instruments ...............: all
2019-07-22T13:18:24:  Test Statistic ............: 14870.386
2019-07-22T13:18:24:  Observation identifiers ...: all
2019-07-22T13:18:24:  Model type ................: PointSource
2019-07-22T13:18:24:  Model components ..........: "PointSource" * "ExponentialCutoffPowerLaw" * "Constant"
2019-07-22T13:18:24:  Number of parameters ......: 7
2019-07-22T13:18:24:  Number of spatial par's ...: 2
2019-07-22T13:18:24:   RA .......................: 83.6331 [-360,360] deg (fixed,scale=1)
2019-07-22T13:18:24:   DEC ......................: 22.0145 [-90,90] deg (fixed,scale=1)
2019-07-22T13:18:24:  Number of spectral par's ..: 4
2019-07-22T13:18:24:   Prefactor ................: 7.49367610844436e-19 +/- 1.37991113791681e-20 [1e-26,1e-16] ph/cm2/s/MeV (free,scale=1e-19,gradient)
2019-07-22T13:18:24:   Index ....................: -2.02742605158318 +/- 0.0171157400310096 [-0,-5]  (free,scale=-1,gradient)
2019-07-22T13:18:24:   CutoffEnergy .............: 78677943.9408451 +/- 16774699.8836421 [100000,10000000000] MeV (free,scale=10000000,gradient)
2019-07-22T13:18:24:   PivotEnergy ..............: 1000000 [10000,1000000000] MeV (fixed,scale=1000000,gradient)
2019-07-22T13:18:24:  Number of temporal par's ..: 1
2019-07-22T13:18:24:   Normalization ............: 1 (relative value) (fixed,scale=1,gradient)
2019-07-22T13:18:24:  Number of scale par's .....: 0
2019-07-22T13:18:24: === GCTAModelCubeBackground ===
2019-07-22T13:18:24:  Name ......................: BackgroundModel
2019-07-22T13:18:24:  Instruments ...............: CTA, HESS, MAGIC, VERITAS
2019-07-22T13:18:24:  Observation identifiers ...: all
2019-07-22T13:18:24:  Model type ................: "PowerLaw" * "Constant"
2019-07-22T13:18:24:  Number of parameters ......: 4
2019-07-22T13:18:24:  Number of spectral par's ..: 3
2019-07-22T13:18:24:   Prefactor ................: 0.992301509973283 +/- 0.00440898849495574 [0.01,100] ph/cm2/s/MeV (free,scale=1,gradient)
2019-07-22T13:18:24:   Index ....................: -0.00401917424309306 +/- 0.00256930695719954 [-5,5]  (free,scale=1,gradient)
2019-07-22T13:18:24:   PivotEnergy ..............: 1000000 MeV (fixed,scale=1000000,gradient)
2019-07-22T13:18:24:  Number of temporal par's ..: 1
2019-07-22T13:18:24:   Normalization ............: 1 (relative value) (fixed,scale=1,gradient)
2019-07-22T13:18:24: 
2019-07-22T13:18:24: +===========================+
2019-07-22T13:18:24: | Compute covariance matrix |
2019-07-22T13:18:24: +===========================+
2019-07-22T13:18:56: === GMatrixSparse ===
2019-07-22T13:18:56:  Number of rows ............: 11
2019-07-22T13:18:56:  Number of columns .........: 11
2019-07-22T13:18:56:  Number of nonzero elements : 25
2019-07-22T13:18:56:  Number of allocated cells .: 512
2019-07-22T13:18:56:  Memory block size .........: 512
2019-07-22T13:18:56:  Sparse matrix fill ........: 0.206611570247934
2019-07-22T13:18:56:  Pending element ...........: 0
2019-07-22T13:18:56:  Fill stack size ...........: 0 (none)
2019-07-22T13:18:56:  0, 0, 0, 0, 0, 0, 0, 0, 0, 0, 0
2019-07-22T13:18:56:  0, 0, 0, 0, 0, 0, 0, 0, 0, 0, 0
2019-07-22T13:18:56:  0, 0, 1.90415474854803e-40, 5.73353624459581e-24, -7.46761155862806e-14, 0, 0, -2.56986265102073e-24, -6.54077098517867e-25, 0, 0
2019-07-22T13:18:56:  0, 0, 5.73353624459578e-24, 0.000292948556809959, -187784.935598701, 0, 0, 1.07486172264452e-06, -9.71520624615331e-07, 0, 0
2019-07-22T13:18:56:  0, 0, -7.46761155862806e-14, -187784.935598701, 281390556185646, 0, 0, -87.5118256715219, 665.315473736292, 0, 0
2019-07-22T13:18:56:  0, 0, 0, 0, 0, 0, 0, 0, 0, 0, 0
2019-07-22T13:18:56:  0, 0, 0, 0, 0, 0, 0, 0, 0, 0, 0
2019-07-22T13:18:56:  0, 0, -2.56986265102074e-24, 1.07486172264452e-06, -87.5118256715218, 0, 0, 1.94391795486504e-05, 1.03162108842992e-05, 0, 0
2019-07-22T13:18:56:  0, 0, -6.54077098517869e-25, -9.7152062461533e-07, 665.315473736292, 0, 0, 1.03162108842992e-05, 6.60133824031359e-06, 0, 0
2019-07-22T13:18:56:  0, 0, 0, 0, 0, 0, 0, 0, 0, 0, 0
2019-07-22T13:18:56:  0, 0, 0, 0, 0, 0, 0, 0, 0, 0, 0
2019-07-22T13:18:56: 
2019-07-22T13:18:56: +===============================+
2019-07-22T13:18:56: | Prepare butterfly computation |
2019-07-22T13:18:56: +===============================+
2019-07-22T13:18:56:  Confidence level ..........: 0.68
2019-07-22T13:18:56:  Corresponding scaling .....: 0.994458
2019-07-22T13:18:56: 
2019-07-22T13:18:56: +====================+
2019-07-22T13:18:56: | Generate butterfly |
2019-07-22T13:18:56: +====================+
2019-07-22T13:18:56: 
2019-07-22T13:18:56: +=========+
2019-07-22T13:18:56: | Results |
2019-07-22T13:18:56: +=========+
2019-07-22T13:18:56:  Intensity at 112606.251051226 MeV : 6.26556498314611e-17 (6.00759024501049e-17, 6.52353972128172e-17) ph/cm2/s/MeV
2019-07-22T13:18:56:  Intensity at 142786.615593472 MeV : 3.87003893792949e-17 (3.72442431128095e-17, 4.01565356457802e-17) ph/cm2/s/MeV
2019-07-22T13:18:56:  Intensity at 181055.824186555 MeV : 2.39015343407695e-17 (2.30844588831046e-17, 2.47186097984344e-17) ph/cm2/s/MeV
2019-07-22T13:18:56:  Intensity at 229581.822747338 MeV : 1.47597707140063e-17 (1.43039531915707e-17, 1.5215588236442e-17) ph/cm2/s/MeV
2019-07-22T13:18:56:  Intensity at 291113.603071291 MeV : 9.11300587564544e-18 (8.86000639088812e-18, 9.36600536040275e-18) ph/cm2/s/MeV
2019-07-22T13:18:56:  Intensity at 369136.932876502 MeV : 5.625390272567e-18 (5.4853978394924e-18, 5.7653827056416e-18) ph/cm2/s/MeV
2019-07-22T13:18:56:  Intensity at 468071.824112259 MeV : 3.47158845715484e-18 (3.3940534551541e-18, 3.54912345915558e-18) ph/cm2/s/MeV
2019-07-22T13:18:56:  Intensity at 593522.926087366 MeV : 2.14169413146091e-18 (2.09840605922889e-18, 2.18498220369293e-18) ph/cm2/s/MeV
2019-07-22T13:18:56:  Intensity at 752597.028157849 MeV : 1.32069052460395e-18 (1.2960736421476e-18, 1.34530740706031e-18) ph/cm2/s/MeV
2019-07-22T13:18:56:  Intensity at 954305.65846188 MeV : 8.13971762254264e-19 (7.99544200230322e-19, 8.28399324278206e-19) ph/cm2/s/MeV
2019-07-22T13:18:56:  Intensity at 1210075.58587031 MeV : 5.01324815689656e-19 (4.92540623902158e-19, 5.10109007477154e-19) ph/cm2/s/MeV
2019-07-22T13:18:56:  Intensity at 1534396.14502492 MeV : 3.08496807460837e-19 (3.0294602123368e-19, 3.14047593687994e-19) ph/cm2/s/MeV
2019-07-22T13:18:56:  Intensity at 1945640.05534746 MeV : 1.89627944244695e-19 (1.86022035891823e-19, 1.93233852597567e-19) ph/cm2/s/MeV
2019-07-22T13:18:56:  Intensity at 2467104.23331454 MeV : 1.16398020537397e-19 (1.1402044039684e-19, 1.18775600677955e-19) ph/cm2/s/MeV
2019-07-22T13:18:56:  Intensity at 3128329.55988436 MeV : 7.13209936078829e-20 (6.97473588092848e-20, 7.28946284064811e-20) ph/cm2/s/MeV
2019-07-22T13:18:56:  Intensity at 3966774.36773649 MeV : 4.36024548467747e-20 (4.25648596035212e-20, 4.46400500900281e-20) ph/cm2/s/MeV
2019-07-22T13:18:56:  Intensity at 5029936.45116879 MeV : 2.65805571553285e-20 (2.59019216513267e-20, 2.72591926593303e-20) ph/cm2/s/MeV
2019-07-22T13:18:56:  Intensity at 6378043.81024912 MeV : 1.61452341962544e-20 (1.57056634968373e-20, 1.65848048956714e-20) ph/cm2/s/MeV
2019-07-22T13:18:56:  Intensity at 8087466.55954362 MeV : 9.76180645982885e-21 (9.47955788083138e-21, 1.00440550388263e-20) ph/cm2/s/MeV
2019-07-22T13:18:56:  Intensity at 10255043.285628 MeV : 5.86795901889687e-21 (5.68754685342537e-21, 6.04837118436837e-21) ph/cm2/s/MeV
2019-07-22T13:18:56:  Intensity at 13003566.9409974 MeV : 3.50136335056991e-21 (3.38560328411845e-21, 3.61712341702137e-21) ph/cm2/s/MeV
2019-07-22T13:18:56:  Intensity at 16488741.0495845 MeV : 2.0697650695708e-21 (1.99428065313769e-21, 2.14524948600391e-21) ph/cm2/s/MeV
2019-07-22T13:18:56:  Intensity at 20908000.2920645 MeV : 1.20906282262516e-21 (1.15842565456123e-21, 1.25969999068908e-21) ph/cm2/s/MeV
2019-07-22T13:18:56:  Intensity at 26511695.1560098 MeV : 6.95726768799253e-22 (6.60637768913956e-22, 7.30815768684551e-22) ph/cm2/s/MeV
2019-07-22T13:18:56:  Intensity at 33617274.2599379 MeV : 3.92769998636801e-22 (3.67883154244173e-22, 4.17656843029428e-22) ph/cm2/s/MeV
2019-07-22T13:18:56:  Intensity at 42627267.7781488 MeV : 2.16434117318193e-22 (1.98701367150954e-22, 2.34166867485432e-22) ph/cm2/s/MeV
2019-07-22T13:18:56:  Intensity at 54052090.7251378 MeV : 1.15660087191945e-22 (1.03222339113944e-22, 1.28097835269946e-22) ph/cm2/s/MeV
2019-07-22T13:18:56:  Intensity at 68538957.9028144 MeV : 5.94482572517621e-23 (5.10148531827162e-23, 6.78816613208081e-23) ph/cm2/s/MeV
2019-07-22T13:18:56:  Intensity at 86908548.5386981 MeV : 2.90845594471623e-23 (2.36448133921076e-23, 3.4524305502217e-23) ph/cm2/s/MeV
2019-07-22T13:18:56:  Intensity at 110201497.662297 MeV : 1.33662444415798e-23 (1.00811293096521e-23, 1.66513595735076e-23) ph/cm2/s/MeV
2019-07-22T13:18:56:  Intensity at 139737347.950364 MeV : 5.67408857005198e-24 (3.84936389490374e-24, 7.49881324520022e-24) ph/cm2/s/MeV
2019-07-22T13:18:56:  Intensity at 177189301.655759 MeV : 2.17814462546081e-24 (1.26565810527702e-24, 3.09063114564459e-24) ph/cm2/s/MeV
2019-07-22T13:18:56: 
2019-07-22T13:18:56: +========================+
2019-07-22T13:18:56: | Save Butterfly diagram |
2019-07-22T13:18:56: +========================+
2019-07-22T13:18:56:  Butterfly file ............: /cta/carli/CPPM_Internship/Simulations_and_Analyses/minus_gradient_AEff_South_z40_50h/source1a/butterfly_binned.ascii
2019-07-22T13:18:56: 
2019-07-22T13:18:56: Application "ctbutterfly" terminated after 32 wall clock seconds, consuming 33.46 seconds of CPU time.
