2019-07-22T13:18:57: ********************************************************************************
2019-07-22T13:18:57: *                                    ctmodel                                   *
2019-07-22T13:18:57: * ---------------------------------------------------------------------------- *
2019-07-22T13:18:57: * Version: 1.6.0                                                               *
2019-07-22T13:18:57: ********************************************************************************
2019-07-22T13:18:57: +============+
2019-07-22T13:18:57: | Parameters |
2019-07-22T13:18:57: +============+
2019-07-22T13:18:57:  inobs .....................: /cta/carli/CPPM_Internship/Simulations_and_Analyses/minus_gradient_AEff_South_z40_50h/source1a/obs_cube.fits
2019-07-22T13:18:57:  incube ....................: /cta/carli/CPPM_Internship/Simulations_and_Analyses/minus_gradient_AEff_South_z40_50h/source1a/obs_cube.fits
2019-07-22T13:18:57:  inmodel ...................: /cta/carli/CPPM_Internship/Simulations_and_Analyses/minus_gradient_AEff_South_z40_50h/source1a/obsmodel_binned.xml
2019-07-22T13:18:57:  expcube ...................: /cta/carli/CPPM_Internship/Simulations_and_Analyses/minus_gradient_AEff_South_z40_50h/source1a/exposure_cube.fits
2019-07-22T13:18:57:  psfcube ...................: /cta/carli/CPPM_Internship/Simulations_and_Analyses/minus_gradient_AEff_South_z40_50h/source1a/PSF_cube.fits
2019-07-22T13:18:57:  edispcube .................: /cta/carli/CPPM_Internship/Simulations_and_Analyses/minus_gradient_AEff_South_z40_50h/source1a/edisp_cube.fits
2019-07-22T13:18:57:  bkgcube ...................: /cta/carli/CPPM_Internship/Simulations_and_Analyses/minus_gradient_AEff_South_z40_50h/source1a/background_cube.fits
2019-07-22T13:18:57:  caldb .....................: prod3b-v2
2019-07-22T13:18:57:  irf .......................: minus_gradient_AEff_South_z40_50h
2019-07-22T13:18:57:  edisp .....................: yes
2019-07-22T13:18:57:  outcube ...................: /cta/carli/CPPM_Internship/Simulations_and_Analyses/minus_gradient_AEff_South_z40_50h/source1a/obsmodel_cube.fits
2019-07-22T13:18:57:  ra ........................: 84.1331
2019-07-22T13:18:57:  dec .......................: 22.0145
2019-07-22T13:18:57:  rad .......................: 0.8
2019-07-22T13:18:57:  tmin ......................: 0
2019-07-22T13:18:57:  tmax ......................: 144000
2019-07-22T13:18:57:  deadc .....................: 0.98
2019-07-22T13:18:57:  ebinalg ...................: LOG
2019-07-22T13:18:57:  emin ......................: 0.1
2019-07-22T13:18:57:  emax ......................: 199.526229858398
2019-07-22T13:18:57:  enumbins ..................: 32
2019-07-22T13:18:57:  ebinfile ..................: [not queried]
2019-07-22T13:18:57:  usepnt ....................: yes
2019-07-22T13:18:57:  nxpix .....................: 80
2019-07-22T13:18:57:  nypix .....................: 80
2019-07-22T13:18:57:  binsz .....................: 0.02
2019-07-22T13:18:57:  coordsys ..................: [not queried]
2019-07-22T13:18:57:  proj ......................: [not queried]
2019-07-22T13:18:57:  xref ......................: [not queried]
2019-07-22T13:18:57:  yref ......................: [not queried]
2019-07-22T13:18:57:  nthreads ..................: 0
2019-07-22T13:18:57:  publish ...................: no
2019-07-22T13:18:57:  chatter ...................: 4
2019-07-22T13:18:57:  clobber ...................: yes
2019-07-22T13:18:57:  debug .....................: no
2019-07-22T13:18:57:  mode ......................: ql
2019-07-22T13:18:57:  logfile ...................: ctmodel.log
2019-07-22T13:18:57: 
2019-07-22T13:18:57: +===================+
2019-07-22T13:18:57: | Input observation |
2019-07-22T13:18:57: +===================+
2019-07-22T13:18:57: === GObservations ===
2019-07-22T13:18:57:  Number of observations ....: 1
2019-07-22T13:18:57:  Number of models ..........: 2
2019-07-22T13:18:57:  Number of observed events .: 309291
2019-07-22T13:18:57:  Number of predicted events : 0
2019-07-22T13:18:57: === GCTAObservation ===
2019-07-22T13:18:57:  Name ......................: 
2019-07-22T13:18:57:  Identifier ................: 000001
2019-07-22T13:18:57:  Instrument ................: CTA
2019-07-22T13:18:57:  Event file ................: /cta/carli/CPPM_Internship/Simulations_and_Analyses/minus_gradient_AEff_South_z40_50h/source1a/obs_cube.fits
2019-07-22T13:18:57:  Event type ................: CountsCube
2019-07-22T13:18:57:  Statistic .................: cstat
2019-07-22T13:18:57:  Ontime ....................: 144000 s
2019-07-22T13:18:57:  Livetime ..................: 141120 s
2019-07-22T13:18:57:  Deadtime correction .......: 0.98
2019-07-22T13:18:57:  User energy range .........: undefined
2019-07-22T13:18:57: === GCTAPointing ===
2019-07-22T13:18:57:  Pointing direction ........: (RA,Dec)=(84.1331,22.0145)
2019-07-22T13:18:57: === GCTAResponseCube ===
2019-07-22T13:18:57:  Energy dispersion .........: Used
2019-07-22T13:18:57: === GCTACubeExposure ===
2019-07-22T13:18:57:  Filename ..................: /cta/carli/CPPM_Internship/Simulations_and_Analyses/minus_gradient_AEff_South_z40_50h/source1a/exposure_cube.fits
2019-07-22T13:18:57:  Livetime ..................: 141120 sec
2019-07-22T13:18:57: === GEnergies ===
2019-07-22T13:18:57:  Number of energies ........: 33
2019-07-22T13:18:57: === GGti ===
2019-07-22T13:18:57:  Number of intervals .......: 1
2019-07-22T13:18:57:  Ontime ....................: 144000 sec
2019-07-22T13:18:57:  Elapsed time ..............: 144000 sec
2019-07-22T13:18:57:  MJD range .................: 51544.5 - 51546.1666666667 s (TT)
2019-07-22T13:18:57:  UTC range .................: 2000-01-01T11:58:56 - 2000-01-03T03:58:56 s (TT)
2019-07-22T13:18:57:  Reference MJD .............: 51544.5
2019-07-22T13:18:57: === GSkyMap ===
2019-07-22T13:18:57:  Number of pixels ..........: 6400
2019-07-22T13:18:57:  X axis dimension ..........: 80
2019-07-22T13:18:57:  Y axis dimension ..........: 80
2019-07-22T13:18:57:  Number of maps ............: 33
2019-07-22T13:18:57:  Shape of maps .............: (33)
2019-07-22T13:18:57: === GCTACubePsf ===
2019-07-22T13:18:57:  Filename ..................: /cta/carli/CPPM_Internship/Simulations_and_Analyses/minus_gradient_AEff_South_z40_50h/source1a/PSF_cube.fits
2019-07-22T13:18:57: === GEnergies ===
2019-07-22T13:18:57:  Number of energies ........: 33
2019-07-22T13:18:57:  Number of delta bins ......: 200
2019-07-22T13:18:57:  Delta range ...............: 1.875e-06 - 0.298501875 deg
2019-07-22T13:18:57: === GSkyMap ===
2019-07-22T13:18:57:  Number of pixels ..........: 1
2019-07-22T13:18:57:  X axis dimension ..........: 1
2019-07-22T13:18:57:  Y axis dimension ..........: 1
2019-07-22T13:18:57:  Number of maps ............: 6600
2019-07-22T13:18:57:  Shape of maps .............: (200, 33)
2019-07-22T13:18:57: === GCTACubeEdisp ===
2019-07-22T13:18:57:  Filename ..................: /cta/carli/CPPM_Internship/Simulations_and_Analyses/minus_gradient_AEff_South_z40_50h/source1a/edisp_cube.fits
2019-07-22T13:18:57: === GEnergies ===
2019-07-22T13:18:57:  Number of energies ........: 33
2019-07-22T13:18:57:  Number of migra bins ......: 100
2019-07-22T13:18:57:  Migra range ...............: 0.02 - 2
2019-07-22T13:18:57: === GSkyMap ===
2019-07-22T13:18:57:  Number of pixels ..........: 1
2019-07-22T13:18:57:  X axis dimension ..........: 1
2019-07-22T13:18:57:  Y axis dimension ..........: 1
2019-07-22T13:18:57:  Number of maps ............: 3300
2019-07-22T13:18:57:  Shape of maps .............: (100, 33)
2019-07-22T13:18:57: === GCTACubeBackground ===
2019-07-22T13:18:57:  Filename ..................: /cta/carli/CPPM_Internship/Simulations_and_Analyses/minus_gradient_AEff_South_z40_50h/source1a/background_cube.fits
2019-07-22T13:18:57: === GEbounds ===
2019-07-22T13:18:57:  Number of intervals .......: 32
2019-07-22T13:18:57:  Energy range ..............: 100 GeV - 199.526229858398 TeV
2019-07-22T13:18:57: === GSkyMap ===
2019-07-22T13:18:57:  Number of pixels ..........: 6400
2019-07-22T13:18:57:  X axis dimension ..........: 80
2019-07-22T13:18:57:  Y axis dimension ..........: 80
2019-07-22T13:18:57:  Number of maps ............: 32
2019-07-22T13:18:57:  Shape of maps .............: (32)
2019-07-22T13:18:57: === GCTAResponseCache ===
2019-07-22T13:18:57:  Number of cached values ...: 0
2019-07-22T13:18:57: === GCTAEventCube ===
2019-07-22T13:18:57:  Number of events ..........: 309291
2019-07-22T13:18:57:  Number of elements ........: 204800
2019-07-22T13:18:57:  Number of pixels ..........: 6400
2019-07-22T13:18:57:  Number of energy bins .....: 32
2019-07-22T13:18:57:  Time interval .............: 51544.5 - 51546.1666666667 days
2019-07-22T13:18:57:  Pointing ..................: (RA,Dec)=(84.1331,22.0145)
2019-07-22T13:18:57: === GEbounds ===
2019-07-22T13:18:57:  Number of intervals .......: 32
2019-07-22T13:18:57:  Energy range ..............: 100 GeV - 199.526229858398 TeV
2019-07-22T13:18:57: === GSkyMap ===
2019-07-22T13:18:57:  Number of pixels ..........: 6400
2019-07-22T13:18:57:  X axis dimension ..........: 80
2019-07-22T13:18:57:  Y axis dimension ..........: 80
2019-07-22T13:18:57:  Number of maps ............: 32
2019-07-22T13:18:57:  Shape of maps .............: (32)
2019-07-22T13:18:57: === GSkyRegions ===
2019-07-22T13:18:57:  Number of regions .........: 0
2019-07-22T13:18:57: === GModels ===
2019-07-22T13:18:57:  Number of models ..........: 2
2019-07-22T13:18:57:  Number of parameters ......: 11
2019-07-22T13:18:57: === GModelSky ===
2019-07-22T13:18:57:  Name ......................: source1a
2019-07-22T13:18:57:  Instruments ...............: all
2019-07-22T13:18:57:  Test Statistic ............: 14870.386
2019-07-22T13:18:57:  Observation identifiers ...: all
2019-07-22T13:18:57:  Model type ................: PointSource
2019-07-22T13:18:57:  Model components ..........: "PointSource" * "ExponentialCutoffPowerLaw" * "Constant"
2019-07-22T13:18:57:  Number of parameters ......: 7
2019-07-22T13:18:57:  Number of spatial par's ...: 2
2019-07-22T13:18:57:   RA .......................: 83.6331 [-360,360] deg (fixed,scale=1)
2019-07-22T13:18:57:   DEC ......................: 22.0145 [-90,90] deg (fixed,scale=1)
2019-07-22T13:18:57:  Number of spectral par's ..: 4
2019-07-22T13:18:57:   Prefactor ................: 7.49367610844436e-19 +/- 1.37991113791681e-20 [1e-26,1e-16] ph/cm2/s/MeV (free,scale=1e-19,gradient)
2019-07-22T13:18:57:   Index ....................: -2.02742605158318 +/- 0.0171157400310096 [-0,-5]  (free,scale=-1,gradient)
2019-07-22T13:18:57:   CutoffEnergy .............: 78677943.9408451 +/- 16774699.8836421 [100000,10000000000] MeV (free,scale=10000000,gradient)
2019-07-22T13:18:57:   PivotEnergy ..............: 1000000 [10000,1000000000] MeV (fixed,scale=1000000,gradient)
2019-07-22T13:18:57:  Number of temporal par's ..: 1
2019-07-22T13:18:57:   Normalization ............: 1 (relative value) (fixed,scale=1,gradient)
2019-07-22T13:18:57:  Number of scale par's .....: 0
2019-07-22T13:18:57: === GCTAModelCubeBackground ===
2019-07-22T13:18:57:  Name ......................: BackgroundModel
2019-07-22T13:18:57:  Instruments ...............: CTA, HESS, MAGIC, VERITAS
2019-07-22T13:18:57:  Observation identifiers ...: all
2019-07-22T13:18:57:  Model type ................: "PowerLaw" * "Constant"
2019-07-22T13:18:57:  Number of parameters ......: 4
2019-07-22T13:18:57:  Number of spectral par's ..: 3
2019-07-22T13:18:57:   Prefactor ................: 0.992301509973283 +/- 0.00440898849495574 [0.01,100] ph/cm2/s/MeV (free,scale=1,gradient)
2019-07-22T13:18:57:   Index ....................: -0.00401917424309306 +/- 0.00256930695719954 [-5,5]  (free,scale=1,gradient)
2019-07-22T13:18:57:   PivotEnergy ..............: 1000000 MeV (fixed,scale=1000000,gradient)
2019-07-22T13:18:57:  Number of temporal par's ..: 1
2019-07-22T13:18:57:   Normalization ............: 1 (relative value) (fixed,scale=1,gradient)
2019-07-22T13:18:57: 
2019-07-22T13:18:57: +==============+
2019-07-22T13:18:57: | Input models |
2019-07-22T13:18:57: +==============+
2019-07-22T13:18:57: === GModels ===
2019-07-22T13:18:57:  Number of models ..........: 2
2019-07-22T13:18:57:  Number of parameters ......: 11
2019-07-22T13:18:57: === GModelSky ===
2019-07-22T13:18:57:  Name ......................: source1a
2019-07-22T13:18:57:  Instruments ...............: all
2019-07-22T13:18:57:  Test Statistic ............: 14870.386
2019-07-22T13:18:57:  Observation identifiers ...: all
2019-07-22T13:18:57:  Model type ................: PointSource
2019-07-22T13:18:57:  Model components ..........: "PointSource" * "ExponentialCutoffPowerLaw" * "Constant"
2019-07-22T13:18:57:  Number of parameters ......: 7
2019-07-22T13:18:57:  Number of spatial par's ...: 2
2019-07-22T13:18:57:   RA .......................: 83.6331 [-360,360] deg (fixed,scale=1)
2019-07-22T13:18:57:   DEC ......................: 22.0145 [-90,90] deg (fixed,scale=1)
2019-07-22T13:18:57:  Number of spectral par's ..: 4
2019-07-22T13:18:57:   Prefactor ................: 7.49367610844436e-19 +/- 1.37991113791681e-20 [1e-26,1e-16] ph/cm2/s/MeV (free,scale=1e-19,gradient)
2019-07-22T13:18:57:   Index ....................: -2.02742605158318 +/- 0.0171157400310096 [-0,-5]  (free,scale=-1,gradient)
2019-07-22T13:18:57:   CutoffEnergy .............: 78677943.9408451 +/- 16774699.8836421 [100000,10000000000] MeV (free,scale=10000000,gradient)
2019-07-22T13:18:57:   PivotEnergy ..............: 1000000 [10000,1000000000] MeV (fixed,scale=1000000,gradient)
2019-07-22T13:18:57:  Number of temporal par's ..: 1
2019-07-22T13:18:57:   Normalization ............: 1 (relative value) (fixed,scale=1,gradient)
2019-07-22T13:18:57:  Number of scale par's .....: 0
2019-07-22T13:18:57: === GCTAModelCubeBackground ===
2019-07-22T13:18:57:  Name ......................: BackgroundModel
2019-07-22T13:18:57:  Instruments ...............: CTA, HESS, MAGIC, VERITAS
2019-07-22T13:18:57:  Observation identifiers ...: all
2019-07-22T13:18:57:  Model type ................: "PowerLaw" * "Constant"
2019-07-22T13:18:57:  Number of parameters ......: 4
2019-07-22T13:18:57:  Number of spectral par's ..: 3
2019-07-22T13:18:57:   Prefactor ................: 0.992301509973283 +/- 0.00440898849495574 [0.01,100] ph/cm2/s/MeV (free,scale=1,gradient)
2019-07-22T13:18:57:   Index ....................: -0.00401917424309306 +/- 0.00256930695719954 [-5,5]  (free,scale=1,gradient)
2019-07-22T13:18:57:   PivotEnergy ..............: 1000000 MeV (fixed,scale=1000000,gradient)
2019-07-22T13:18:57:  Number of temporal par's ..: 1
2019-07-22T13:18:57:   Normalization ............: 1 (relative value) (fixed,scale=1,gradient)
2019-07-22T13:18:57: 
2019-07-22T13:18:57: +=====================+
2019-07-22T13:18:57: | Generate model cube |
2019-07-22T13:18:57: +=====================+
2019-07-22T13:19:03: === CTA observation (id=000001) ===
2019-07-22T13:19:03:  Model events in cube ......: 307525
2019-07-22T13:19:03:  Bins outside energy range .: 0
2019-07-22T13:19:03:  Bins outside RoI ..........: 0
2019-07-22T13:19:03: +------------+
2019-07-22T13:19:03: | Model cube |
2019-07-22T13:19:03: +------------+
2019-07-22T13:19:03: === GCTAEventCube ===
2019-07-22T13:19:03:  Number of events ..........: 307525
2019-07-22T13:19:03:  Number of elements ........: 204800
2019-07-22T13:19:03:  Number of pixels ..........: 6400
2019-07-22T13:19:03:  Number of energy bins .....: 32
2019-07-22T13:19:03:  Time interval .............: 51544.5 - 51546.1666666667 days
2019-07-22T13:19:03:  Pointing ..................: (RA,Dec)=(84.1331,22.0145)
2019-07-22T13:19:03: === GEbounds ===
2019-07-22T13:19:03:  Number of intervals .......: 32
2019-07-22T13:19:03:  Energy range ..............: 100 GeV - 199.526229858398 TeV
2019-07-22T13:19:03:  Energy interval 0 .........: 100 GeV - 126.801677758117 GeV
2019-07-22T13:19:03:  Energy interval 1 .........: 126.801677758117 GeV - 160.786654822733 GeV
2019-07-22T13:19:03:  Energy interval 2 .........: 160.786654822733 GeV - 203.880175926378 GeV
2019-07-22T13:19:03:  Energy interval 3 .........: 203.880175926378 GeV - 258.523483690848 GeV
2019-07-22T13:19:03:  Energy interval 4 .........: 258.523483690848 GeV - 327.812114718727 GeV
2019-07-22T13:19:03:  Energy interval 5 .........: 327.812114718727 GeV - 415.671261357709 GeV
2019-07-22T13:19:03:  Energy interval 6 .........: 415.671261357709 GeV - 527.078133359902 GeV
2019-07-22T13:19:03:  Energy interval 7 .........: 527.078133359902 GeV - 668.343916196521 GeV
2019-07-22T13:19:03:  Energy interval 8 .........: 668.343916196521 GeV - 847.471298931492 GeV
2019-07-22T13:19:03:  Energy interval 9 .........: 847.471298931492 GeV - 1.07460782556364 TeV
2019-07-22T13:19:03:  Energy interval 10 ........: 1.07460782556364 TeV - 1.36262075213471 TeV
2019-07-22T13:19:03:  Energy interval 11 ........: 1.36262075213471 TeV - 1.72782597518709 TeV
2019-07-22T13:19:03:  Energy interval 12 ........: 1.72782597518709 TeV - 2.19091232527777 TeV
2019-07-22T13:19:03:  Energy interval 13 ........: 2.19091232527777 TeV - 2.77811358666159 TeV
2019-07-22T13:19:03:  Energy interval 14 ........: 2.77811358666159 TeV - 3.5226946379131 TeV
2019-07-22T13:19:03:  Energy interval 15 ........: 3.5226946379131 TeV - 4.46683590316902 TeV
2019-07-22T13:19:03:  Energy interval 16 ........: 4.46683590316902 TeV - 5.66402286792025 TeV
2019-07-22T13:19:03:  Energy interval 17 ........: 5.66402286792025 TeV - 7.18207602512629 TeV
2019-07-22T13:19:03:  Energy interval 18 ........: 7.18207602512629 TeV - 9.10699289772362 TeV
2019-07-22T13:19:03:  Energy interval 19 ........: 9.10699289772362 TeV - 11.5478197876261 TeV
2019-07-22T13:19:03:  Energy interval 20 ........: 11.5478197876261 TeV - 14.6428292351937 TeV
2019-07-22T13:19:03:  Energy interval 21 ........: 14.6428292351937 TeV - 18.5673531414817 TeV
2019-07-22T13:19:03:  Energy interval 22 ........: 18.5673531414817 TeV - 23.5437152986732 TeV
2019-07-22T13:19:03:  Energy interval 23 ........: 23.5437152986732 TeV - 29.8538260053121 TeV
2019-07-22T13:19:03:  Energy interval 24 ........: 29.8538260053121 TeV - 37.8551522497248 TeV
2019-07-22T13:19:03:  Energy interval 25 ........: 37.8551522497248 TeV - 48.0009681705405 TeV
2019-07-22T13:19:03:  Energy interval 26 ........: 48.0009681705405 TeV - 60.8660329803851 TeV
2019-07-22T13:19:03:  Energy interval 27 ........: 60.8660329803851 TeV - 77.1791510039371 TeV
2019-07-22T13:19:03:  Energy interval 28 ........: 77.1791510039371 TeV - 97.8644583524627 TeV
2019-07-22T13:19:03:  Energy interval 29 ........: 97.8644583524627 TeV - 124.093775119817 TeV
2019-07-22T13:19:03:  Energy interval 30 ........: 124.093775119817 TeV - 157.352988845312 TeV
2019-07-22T13:19:03:  Energy interval 31 ........: 157.352988845312 TeV - 199.526229858398 TeV
2019-07-22T13:19:03: === GSkyMap ===
2019-07-22T13:19:03:  Number of pixels ..........: 6400
2019-07-22T13:19:03:  X axis dimension ..........: 80
2019-07-22T13:19:03:  Y axis dimension ..........: 80
2019-07-22T13:19:03:  Number of maps ............: 32
2019-07-22T13:19:03:  Shape of maps .............: (32)
2019-07-22T13:19:03: === GWcsTAN ===
2019-07-22T13:19:03:  Number of axes ............: 2
2019-07-22T13:19:03:  Coodinate system ..........: GAL
2019-07-22T13:19:03:  Projection code ...........: TAN
2019-07-22T13:19:03:  Projection name ...........: gnomonic
2019-07-22T13:19:03:  Reference coordinate ......: (184.806062, -5.3923557125)
2019-07-22T13:19:03:  Reference pixel ...........: (40.5, 40.5)
2019-07-22T13:19:03:  Increment at reference ....: (-0.02, 0.02)
2019-07-22T13:19:03:  (Phi_0, Theta_0) ..........: (0, 90) deg
2019-07-22T13:19:03:  (Phi_p, Theta_p) ..........: (180, -5.3923557125) deg
2019-07-22T13:19:03: 
2019-07-22T13:19:03: +============+
2019-07-22T13:19:03: | Model cube |
2019-07-22T13:19:03: +============+
2019-07-22T13:19:03: === GCTAEventCube ===
2019-07-22T13:19:03:  Number of events ..........: 307525
2019-07-22T13:19:03:  Number of elements ........: 204800
2019-07-22T13:19:03:  Number of pixels ..........: 6400
2019-07-22T13:19:03:  Number of energy bins .....: 32
2019-07-22T13:19:03:  Time interval .............: 51544.5 - 51546.1666666667 days
2019-07-22T13:19:03:  Pointing ..................: (RA,Dec)=(84.1331,22.0145)
2019-07-22T13:19:03: === GEbounds ===
2019-07-22T13:19:03:  Number of intervals .......: 32
2019-07-22T13:19:03:  Energy range ..............: 100 GeV - 199.526229858398 TeV
2019-07-22T13:19:03: === GSkyMap ===
2019-07-22T13:19:03:  Number of pixels ..........: 6400
2019-07-22T13:19:03:  X axis dimension ..........: 80
2019-07-22T13:19:03:  Y axis dimension ..........: 80
2019-07-22T13:19:03:  Number of maps ............: 32
2019-07-22T13:19:03:  Shape of maps .............: (32)
2019-07-22T13:19:03: 
2019-07-22T13:19:03: +=================+
2019-07-22T13:19:03: | Save model cube |
2019-07-22T13:19:03: +=================+
2019-07-22T13:19:04:  Model cube file ...........: /cta/carli/CPPM_Internship/Simulations_and_Analyses/minus_gradient_AEff_South_z40_50h/source1a/obsmodel_cube.fits
2019-07-22T13:19:04: 
2019-07-22T13:19:04: Application "ctmodel" terminated after 7 wall clock seconds, consuming 8.07 seconds of CPU time.
