2019-07-22T11:51:36: ********************************************************************************
2019-07-22T11:51:36: *                                   ctobssim                                   *
2019-07-22T11:51:36: * ---------------------------------------------------------------------------- *
2019-07-22T11:51:36: * Version: 1.6.0                                                               *
2019-07-22T11:51:36: ********************************************************************************
2019-07-22T11:51:37: +============+
2019-07-22T11:51:37: | Parameters |
2019-07-22T11:51:37: +============+
2019-07-22T11:51:37:  inobs .....................: NONE
2019-07-22T11:51:37:  inmodel ...................: /cta/carli/anaconda3/share/models/source1a.xml
2019-07-22T11:51:37:  caldb .....................: prod3b-v2
2019-07-22T11:51:37:  irf .......................: minus_gradient_AEff_South_z40_50h
2019-07-22T11:51:37:  edisp .....................: yes
2019-07-22T11:51:37:  outevents .................: /cta/carli/CPPM_Internship/Simulations_and_Analyses/minus_gradient_AEff_South_z40_50h/source1a/obs.fits
2019-07-22T11:51:37:  prefix ....................: sim_events_
2019-07-22T11:51:37:  startindex ................: 1
2019-07-22T11:51:37:  seed ......................: 1000
2019-07-22T11:51:37:  ra ........................: 84.1331
2019-07-22T11:51:37:  dec .......................: 22.0145
2019-07-22T11:51:37:  rad .......................: 0.8
2019-07-22T11:51:37:  tmin ......................: 0
2019-07-22T11:51:37:  tmax ......................: 144000
2019-07-22T11:51:37:  mjdref ....................: 51544.5
2019-07-22T11:51:37:  emin ......................: 0.1
2019-07-22T11:51:37:  emax ......................: 199.526229858398
2019-07-22T11:51:37:  deadc .....................: 0.98
2019-07-22T11:51:37:  maxrate ...................: 1.0e6
2019-07-22T11:51:37:  eslices ...................: 10
2019-07-22T11:51:37:  nthreads ..................: 0
2019-07-22T11:51:37:  publish ...................: no
2019-07-22T11:51:37:  chatter ...................: 4
2019-07-22T11:51:37:  clobber ...................: yes
2019-07-22T11:51:37:  debug .....................: no
2019-07-22T11:51:37:  mode ......................: ql
2019-07-22T11:51:37:  logfile ...................: ctobssim.log
2019-07-22T11:51:37: 
2019-07-22T11:51:37: +================+
2019-07-22T11:51:37: | Execution mode |
2019-07-22T11:51:37: +================+
2019-07-22T11:51:37:  Event list management .....: Save and dispose (reduces memory needs)
2019-07-22T11:51:37:  Output format .............: Write single event list FITS file
2019-07-22T11:51:37: 
2019-07-22T11:51:37: +=============+
2019-07-22T11:51:37: | Seed values |
2019-07-22T11:51:37: +=============+
2019-07-22T11:51:37:  Seed 0 ....................: 6233869624
2019-07-22T11:51:37: 
2019-07-22T11:51:37: +===================+
2019-07-22T11:51:37: | Input observation |
2019-07-22T11:51:37: +===================+
2019-07-22T11:51:37: === GObservations ===
2019-07-22T11:51:37:  Number of observations ....: 1
2019-07-22T11:51:37:  Number of models ..........: 2
2019-07-22T11:51:37:  Number of observed events .: 0
2019-07-22T11:51:37:  Number of predicted events : 0
2019-07-22T11:51:37: === GCTAObservation ===
2019-07-22T11:51:37:  Name ......................: 
2019-07-22T11:51:37:  Identifier ................: 
2019-07-22T11:51:37:  Instrument ................: CTA
2019-07-22T11:51:37:  Event file ................: 
2019-07-22T11:51:37:  Event type ................: EventList
2019-07-22T11:51:37:  Statistic .................: cstat
2019-07-22T11:51:37:  Ontime ....................: 144000 s
2019-07-22T11:51:37:  Livetime ..................: 141120 s
2019-07-22T11:51:37:  Deadtime correction .......: 0.98
2019-07-22T11:51:37:  User energy range .........: undefined
2019-07-22T11:51:37: === GCTAPointing ===
2019-07-22T11:51:37:  Pointing direction ........: (RA,Dec)=(84.1331,22.0145)
2019-07-22T11:51:37: === GCTAResponseIrf ===
2019-07-22T11:51:37:  Caldb mission .............: cta
2019-07-22T11:51:37:  Caldb instrument ..........: prod3b-v2
2019-07-22T11:51:37:  Response name .............: minus_gradient_AEff_South_z40_50h
2019-07-22T11:51:37:  Energy dispersion .........: Used
2019-07-22T11:51:37:  Safe energy range .........: undefined
2019-07-22T11:51:37: === GCaldb ===
2019-07-22T11:51:37:  Database root .............: /cta/carli/anaconda3/share/caldb
2019-07-22T11:51:37:  Selected Mission ..........: CTA
2019-07-22T11:51:37:  Selected Instrument .......: PROD3B-V2
2019-07-22T11:51:37:  Calibration Index File ....: /cta/carli/anaconda3/share/caldb/data/cta/prod3b-v2/caldb.indx
2019-07-22T11:51:37:  Number of entries .........: 240
2019-07-22T11:51:37: === GCTAAeff2D ===
2019-07-22T11:51:37:  Filename ..................: /cta/carli/anaconda3/share/caldb/data/cta/prod3b-v2/bcf/minus_gradient_AEff_South_z40_50h/irf_file.fits
2019-07-22T11:51:37:  Number of energy bins .....: 42
2019-07-22T11:51:37:  Number of offset bins .....: 6
2019-07-22T11:51:37:  Log10(Energy) range .......: 0.0125892544165254 - 199.526229858398 TeV
2019-07-22T11:51:37:  Offset angle range ........: 0 - 6 deg
2019-07-22T11:51:37:  Lower energy threshold ....: not specified
2019-07-22T11:51:37:  Upper energy threshold ....: not specified
2019-07-22T11:51:37:  Radius cut ................: none
2019-07-22T11:51:37: === GCTAPsf2D ===
2019-07-22T11:51:37:  Filename ..................: /cta/carli/anaconda3/share/caldb/data/cta/prod3b-v2/bcf/minus_gradient_AEff_South_z40_50h/irf_file.fits
2019-07-22T11:51:37:  Number of energy bins .....: 25
2019-07-22T11:51:37:  Number of offset bins .....: 6
2019-07-22T11:51:37:  Log10(Energy) range .......: 0.0125892544165254 - 1258.92541503906 TeV
2019-07-22T11:51:37:  Offset angle range ........: 0 - 6 deg
2019-07-22T11:51:37: === GCTAEdisp2D ===
2019-07-22T11:51:37:  Filename ..................: /cta/carli/anaconda3/share/caldb/data/cta/prod3b-v2/bcf/minus_gradient_AEff_South_z40_50h/irf_file.fits
2019-07-22T11:51:37:  Number of energy bins .....: 500
2019-07-22T11:51:37:  Number of migration bins ..: 300
2019-07-22T11:51:37:  Number of offset bins .....: 6
2019-07-22T11:51:37:  Log10(Energy) range .......: 0.00501187238842249 - 501.187225341797 TeV
2019-07-22T11:51:37:  Migration range ...........: 0 - 3
2019-07-22T11:51:37:  Offset angle range ........: 0 - 6 deg
2019-07-22T11:51:37: === GCTABackground3D ===
2019-07-22T11:51:37:  Filename ..................: /cta/carli/anaconda3/share/caldb/data/cta/prod3b-v2/bcf/minus_gradient_AEff_South_z40_50h/irf_file.fits
2019-07-22T11:51:37:  Number of DETX bins .......: 36
2019-07-22T11:51:37:  Number of DETY bins .......: 36
2019-07-22T11:51:37:  Number of energy bins .....: 21
2019-07-22T11:51:37:  DETX range ................: -6 - 6 deg
2019-07-22T11:51:37:  DETX range ................: -6 - 6 deg
2019-07-22T11:51:37:  Energy range ..............: 0.0125892544165254 - 199.526229858398 TeV
2019-07-22T11:51:37: === GCTAResponseCache ===
2019-07-22T11:51:37:  Number of cached values ...: 0
2019-07-22T11:51:37: === GCTAResponseCache ===
2019-07-22T11:51:37:  Number of cached values ...: 0
2019-07-22T11:51:37: === GCTAEventList ===
2019-07-22T11:51:37:  Number of events ..........: 0 (disposed without possibility to recover)
2019-07-22T11:51:37:  Time interval .............: 51544.5 - 51546.1666666667 days
2019-07-22T11:51:37: === GEbounds ===
2019-07-22T11:51:37:  Number of intervals .......: 1
2019-07-22T11:51:37:  Energy range ..............: 100 GeV - 199.526229858398 TeV
2019-07-22T11:51:37: === GCTARoi ===
2019-07-22T11:51:37:  RoI centre ................: RA=84.1331, DEC=22.0145 [0,0]
2019-07-22T11:51:37:  RoI radius ................: 0.8 deg
2019-07-22T11:51:37: === GSkyRegions ===
2019-07-22T11:51:37:  Number of regions .........: 0
2019-07-22T11:51:37: === GModels ===
2019-07-22T11:51:37:  Number of models ..........: 2
2019-07-22T11:51:37:  Number of parameters ......: 11
2019-07-22T11:51:37: === GModelSky ===
2019-07-22T11:51:37:  Name ......................: source1a
2019-07-22T11:51:37:  Instruments ...............: all
2019-07-22T11:51:37:  Test Statistic ............: Computation requested
2019-07-22T11:51:37:  Observation identifiers ...: all
2019-07-22T11:51:37:  Model type ................: PointSource
2019-07-22T11:51:37:  Model components ..........: "PointSource" * "ExponentialCutoffPowerLaw" * "Constant"
2019-07-22T11:51:37:  Number of parameters ......: 7
2019-07-22T11:51:37:  Number of spatial par's ...: 2
2019-07-22T11:51:37:   RA .......................: 83.6331 [-360,360] deg (fixed,scale=1)
2019-07-22T11:51:37:   DEC ......................: 22.0145 [-90,90] deg (fixed,scale=1)
2019-07-22T11:51:37:  Number of spectral par's ..: 4
2019-07-22T11:51:37:   Prefactor ................: 7.6e-19 +/- 0 [1e-26,1e-16] ph/cm2/s/MeV (free,scale=1e-19,gradient)
2019-07-22T11:51:37:   Index ....................: -2 +/- 0 [-0,-5]  (free,scale=-1,gradient)
2019-07-22T11:51:37:   CutoffEnergy .............: 50000000 +/- 0 [100000,10000000000] MeV (free,scale=10000000,gradient)
2019-07-22T11:51:37:   PivotEnergy ..............: 1000000 [10000,1000000000] MeV (fixed,scale=1000000,gradient)
2019-07-22T11:51:37:  Number of temporal par's ..: 1
2019-07-22T11:51:37:   Normalization ............: 1 (relative value) (fixed,scale=1,gradient)
2019-07-22T11:51:37:  Number of scale par's .....: 0
2019-07-22T11:51:37: === GCTAModelIrfBackground ===
2019-07-22T11:51:37:  Name ......................: CTABackgroundModel
2019-07-22T11:51:37:  Instruments ...............: CTA
2019-07-22T11:51:37:  Test Statistic ............: Computation requested
2019-07-22T11:51:37:  Observation identifiers ...: all
2019-07-22T11:51:37:  Model type ................: "PowerLaw" * "Constant"
2019-07-22T11:51:37:  Number of parameters ......: 4
2019-07-22T11:51:37:  Number of spectral par's ..: 3
2019-07-22T11:51:37:   Prefactor ................: 1 +/- 0 [0.001,1000] ph/cm2/s/MeV (free,scale=1,gradient)
2019-07-22T11:51:37:   Index ....................: 0 +/- 0 [-5,5]  (free,scale=1,gradient)
2019-07-22T11:51:37:   PivotEnergy ..............: 1000000 [10000,1000000000] MeV (fixed,scale=1000000,gradient)
2019-07-22T11:51:37:  Number of temporal par's ..: 1
2019-07-22T11:51:37:   Normalization ............: 1 (relative value) (fixed,scale=1,gradient)
2019-07-22T11:51:37: 
2019-07-22T11:51:37: +======================+
2019-07-22T11:51:37: | Simulate observation |
2019-07-22T11:51:37: +======================+
2019-07-22T11:51:37: === CTA observation ===
2019-07-22T11:51:37:  Simulation cone ...........: RA=84.1331 deg, Dec=22.0145 deg, radius=1.3 deg
2019-07-22T11:51:37:  Time interval .............: 0 - 144000 s
2019-07-22T11:51:37:  Photon energy range .......: 41.1040776139221 GeV - 509.274482994276 GeV
2019-07-22T11:51:37:  Event energy range ........: 100 GeV - 213.796208774656 GeV
2019-07-22T11:51:37:   Simulation area ..........: 1.26209e+10 cm2
2019-07-22T11:51:37:   Use model ................: source1a
2019-07-22T11:51:37:   Normalization ............: 1 [source1a]
2019-07-22T11:51:37:   Flux .....................: 1.69591e-11 [source1a] photons/cm2/s
2019-07-22T11:51:37:   Normalized flux ..........: 1.69591e-11 [source1a] photons/cm2/s
2019-07-22T11:51:37:   Photon rate ..............: 0.21404 photons/s [source1a]
2019-07-22T11:51:37:   Time slice ...............: 0 - 144000 s [source1a]
2019-07-22T11:51:37:   MC source photons/slice ..: 31034 [source1a]
2019-07-22T11:51:37:   MC source photons ........: 31034 [source1a]
2019-07-22T11:51:37:   MC source events .........: 1217 [source1a]
2019-07-22T11:51:37:   MC source events .........: 1217 (all source models)
2019-07-22T11:51:37:  Photon energy range .......: 100.88253715168 GeV - 860.678033986988 GeV
2019-07-22T11:51:37:  Event energy range ........: 213.796208774656 GeV - 457.088188864163 GeV
2019-07-22T11:51:37:   Simulation area ..........: 1.88403e+10 cm2
2019-07-22T11:51:37:   Use model ................: source1a
2019-07-22T11:51:37:   Normalization ............: 1 [source1a]
2019-07-22T11:51:37:   Flux .....................: 6.61803e-12 [source1a] photons/cm2/s
2019-07-22T11:51:37:   Normalized flux ..........: 6.61803e-12 [source1a] photons/cm2/s
2019-07-22T11:51:37:   Photon rate ..............: 0.124686 photons/s [source1a]
2019-07-22T11:51:37:   Time slice ...............: 0 - 144000 s [source1a]
2019-07-22T11:51:37:   MC source photons/slice ..: 18051 [source1a]
2019-07-22T11:51:37:   MC source photons ........: 18051 [source1a]
2019-07-22T11:51:37:   MC source events .........: 1130 [source1a]
2019-07-22T11:51:37:   MC source events .........: 1130 (all source models)
2019-07-22T11:51:37:  Photon energy range .......: 265.018144252 GeV - 1.57081442112741 TeV
2019-07-22T11:51:37:  Event energy range ........: 457.088188864163 GeV - 977.237218548317 GeV
2019-07-22T11:51:37:   Simulation area ..........: 3.61746e+10 cm2
2019-07-22T11:51:37:   Use model ................: source1a
2019-07-22T11:51:37:   Normalization ............: 1 [source1a]
2019-07-22T11:51:37:   Flux .....................: 2.35705e-12 [source1a] photons/cm2/s
2019-07-22T11:51:37:   Normalized flux ..........: 2.35705e-12 [source1a] photons/cm2/s
2019-07-22T11:51:37:   Photon rate ..............: 0.0852653 photons/s [source1a]
2019-07-22T11:51:37:   Time slice ...............: 0 - 144000 s [source1a]
2019-07-22T11:51:37:   MC source photons/slice ..: 12359 [source1a]
2019-07-22T11:51:37:   MC source photons ........: 12359 [source1a]
2019-07-22T11:51:37:   MC source events .........: 887 [source1a]
2019-07-22T11:51:37:   MC source events .........: 887 (all source models)
2019-07-22T11:51:37:  Photon energy range .......: 625.275670425715 GeV - 3.04099144442538 TeV
2019-07-22T11:51:37:  Event energy range ........: 977.237218548317 GeV - 2.0892961239912 TeV
2019-07-22T11:51:37:   Simulation area ..........: 5.61589e+10 cm2
2019-07-22T11:51:37:   Use model ................: source1a
2019-07-22T11:51:37:   Normalization ............: 1 [source1a]
2019-07-22T11:51:37:   Flux .....................: 9.41867e-13 [source1a] photons/cm2/s
2019-07-22T11:51:37:   Normalized flux ..........: 9.41867e-13 [source1a] photons/cm2/s
2019-07-22T11:51:37:   Photon rate ..............: 0.0528942 photons/s [source1a]
2019-07-22T11:51:37:   Time slice ...............: 0 - 144000 s [source1a]
2019-07-22T11:51:37:   MC source photons/slice ..: 7589 [source1a]
2019-07-22T11:51:37:   MC source photons ........: 7589 [source1a]
2019-07-22T11:51:37:   MC source events .........: 882 [source1a]
2019-07-22T11:51:37:   MC source events .........: 882 (all source models)
2019-07-22T11:51:37:  Photon energy range .......: 1.52598487124743 TeV - 6.09062686094979 TeV
2019-07-22T11:51:37:  Event energy range ........: 2.0892961239912 TeV - 4.46683590316902 TeV
2019-07-22T11:51:37:   Simulation area ..........: 6.87379e+10 cm2
2019-07-22T11:51:37:   Use model ................: source1a
2019-07-22T11:51:37:   Normalization ............: 1 [source1a]
2019-07-22T11:51:37:   Flux .....................: 3.52895e-13 [source1a] photons/cm2/s
2019-07-22T11:51:37:   Normalized flux ..........: 3.52895e-13 [source1a] photons/cm2/s
2019-07-22T11:51:37:   Photon rate ..............: 0.0242573 photons/s [source1a]
2019-07-22T11:51:37:   Time slice ...............: 0 - 144000 s [source1a]
2019-07-22T11:51:37:   MC source photons/slice ..: 3451 [source1a]
2019-07-22T11:51:37:   MC source photons ........: 3451 [source1a]
2019-07-22T11:51:37:   MC source events .........: 660 [source1a]
2019-07-22T11:51:37:   MC source events .........: 660 (all source models)
2019-07-22T11:51:37:  Photon energy range .......: 3.46329780546817 TeV - 13.5112010225502 TeV
2019-07-22T11:51:37:  Event energy range ........: 4.46683590316902 TeV - 9.54992581316053 TeV
2019-07-22T11:51:37:   Simulation area ..........: 8.50209e+10 cm2
2019-07-22T11:51:37:   Use model ................: source1a
2019-07-22T11:51:37:   Normalization ............: 1 [source1a]
2019-07-22T11:51:37:   Flux .....................: 1.43948e-13 [source1a] photons/cm2/s
2019-07-22T11:51:37:   Normalized flux ..........: 1.43948e-13 [source1a] photons/cm2/s
2019-07-22T11:51:37:   Photon rate ..............: 0.0122385 photons/s [source1a]
2019-07-22T11:51:37:   Time slice ...............: 0 - 144000 s [source1a]
2019-07-22T11:51:37:   MC source photons/slice ..: 1771 [source1a]
2019-07-22T11:51:37:   MC source photons ........: 1771 [source1a]
2019-07-22T11:51:37:   MC source events .........: 396 [source1a]
2019-07-22T11:51:37:   MC source events .........: 396 (all source models)
2019-07-22T11:51:37:  Photon energy range .......: 7.57686977261953 TeV - 27.092165885067 TeV
2019-07-22T11:51:37:  Event energy range ........: 9.54992581316053 TeV - 20.4173793293294 TeV
2019-07-22T11:51:37:   Simulation area ..........: 1.08877e+11 cm2
2019-07-22T11:51:37:   Use model ................: source1a
2019-07-22T11:51:37:   Normalization ............: 1 [source1a]
2019-07-22T11:51:37:   Flux .....................: 5.55397e-14 [source1a] photons/cm2/s
2019-07-22T11:51:37:   Normalized flux ..........: 5.55397e-14 [source1a] photons/cm2/s
2019-07-22T11:51:37:   Photon rate ..............: 0.00604699 photons/s [source1a]
2019-07-22T11:51:37:   Time slice ...............: 0 - 144000 s [source1a]
2019-07-22T11:51:37:   MC source photons/slice ..: 830 [source1a]
2019-07-22T11:51:37:   MC source photons ........: 830 [source1a]
2019-07-22T11:51:37:   MC source events .........: 189 [source1a]
2019-07-22T11:51:37:   MC source events .........: 189 (all source models)
2019-07-22T11:51:37:  Photon energy range .......: 15.830324777243 TeV - 56.4077240740645 TeV
2019-07-22T11:51:37:  Event energy range ........: 20.4173793293294 TeV - 43.6515829372465 TeV
2019-07-22T11:51:37:   Simulation area ..........: 1.13069e+11 cm2
2019-07-22T11:51:37:   Use model ................: source1a
2019-07-22T11:51:37:   Normalization ............: 1 [source1a]
2019-07-22T11:51:37:   Flux .....................: 2.01563e-14 [source1a] photons/cm2/s
2019-07-22T11:51:37:   Normalized flux ..........: 2.01563e-14 [source1a] photons/cm2/s
2019-07-22T11:51:37:   Photon rate ..............: 0.00227905 photons/s [source1a]
2019-07-22T11:51:37:   Time slice ...............: 0 - 144000 s [source1a]
2019-07-22T11:51:37:   MC source photons/slice ..: 331 [source1a]
2019-07-22T11:51:37:   MC source photons ........: 331 [source1a]
2019-07-22T11:51:37:   MC source events .........: 85 [source1a]
2019-07-22T11:51:37:   MC source events .........: 85 (all source models)
2019-07-22T11:51:37:  Photon energy range .......: 34.3839906563315 TeV - 116.046716746149 TeV
2019-07-22T11:51:37:  Event energy range ........: 43.6515829372465 TeV - 93.3254293899579 TeV
2019-07-22T11:51:37:   Simulation area ..........: 1.38006e+11 cm2
2019-07-22T11:51:37:   Use model ................: source1a
2019-07-22T11:51:37:   Normalization ............: 1 [source1a]
2019-07-22T11:51:37:   Flux .....................: 5.13346e-15 [source1a] photons/cm2/s
2019-07-22T11:51:37:   Normalized flux ..........: 5.13346e-15 [source1a] photons/cm2/s
2019-07-22T11:51:37:   Photon rate ..............: 0.000708449 photons/s [source1a]
2019-07-22T11:51:37:   Time slice ...............: 0 - 144000 s [source1a]
2019-07-22T11:51:37:   MC source photons/slice ..: 106 [source1a]
2019-07-22T11:51:37:   MC source photons ........: 106 [source1a]
2019-07-22T11:51:37:   MC source events .........: 21 [source1a]
2019-07-22T11:51:37:   MC source events .........: 21 (all source models)
2019-07-22T11:51:37:  Photon energy range .......: 79.1906822067056 TeV - 239.08155027665 TeV
2019-07-22T11:51:37:  Event energy range ........: 93.3254293899579 TeV - 199.526229858398 TeV
2019-07-22T11:51:37:   Simulation area ..........: 1.52255e+11 cm2
2019-07-22T11:51:37:   Use model ................: source1a
2019-07-22T11:51:37:   Normalization ............: 1 [source1a]
2019-07-22T11:51:37:   Flux .....................: 6.21816e-16 [source1a] photons/cm2/s
2019-07-22T11:51:37:   Normalized flux ..........: 6.21816e-16 [source1a] photons/cm2/s
2019-07-22T11:51:37:   Photon rate ..............: 9.46744e-05 photons/s [source1a]
2019-07-22T11:51:37:   Time slice ...............: 0 - 144000 s [source1a]
2019-07-22T11:51:37:   MC source photons/slice ..: 13 [source1a]
2019-07-22T11:51:37:   MC source photons ........: 13 [source1a]
2019-07-22T11:51:37:   MC source events .........: 4 [source1a]
2019-07-22T11:51:37:   MC source events .........: 4 (all source models)
2019-07-22T11:51:37:  MC source photons .........: 75535 [source1a]
2019-07-22T11:51:37:  MC source events ..........: 5471 [source1a]
2019-07-22T11:51:53:  MC events outside ROI .....: 0
2019-07-22T11:51:53:  MC background events ......: 303822
2019-07-22T11:51:53:  MC identifier 1 ...........: source1a
2019-07-22T11:51:53:  MC identifier 2 ...........: CTABackgroundModel
2019-07-22T11:51:53:  MC events .................: 309293 (all models)
2019-07-22T11:51:55: 
2019-07-22T11:51:55: +==================+
2019-07-22T11:51:55: | Save observation |
2019-07-22T11:51:55: +==================+
2019-07-22T11:51:55: 
2019-07-22T11:51:55: Application "ctobssim" terminated after 19 wall clock seconds, consuming 17.71 seconds of CPU time.
