2019-07-22T13:11:51: ********************************************************************************
2019-07-22T13:11:51: *                                    ctlike                                    *
2019-07-22T13:11:51: * ---------------------------------------------------------------------------- *
2019-07-22T13:11:51: * Version: 1.6.0                                                               *
2019-07-22T13:11:51: ********************************************************************************
2019-07-22T13:11:51: +============+
2019-07-22T13:11:51: | Parameters |
2019-07-22T13:11:51: +============+
2019-07-22T13:11:51:  inobs .....................: /cta/carli/CPPM_Internship/Simulations_and_Analyses/plus_step_AEff_South_z40_50h/source1a/obs_cube.fits
2019-07-22T13:11:51:  inmodel ...................: sourcemodel_cube.xml
2019-07-22T13:11:51:  expcube ...................: /cta/carli/CPPM_Internship/Simulations_and_Analyses/plus_step_AEff_South_z40_50h/source1a/exposure_cube.fits
2019-07-22T13:11:51:  psfcube ...................: /cta/carli/CPPM_Internship/Simulations_and_Analyses/plus_step_AEff_South_z40_50h/source1a/PSF_cube.fits
2019-07-22T13:11:51:  edispcube .................: /cta/carli/CPPM_Internship/Simulations_and_Analyses/plus_step_AEff_South_z40_50h/source1a/edisp_cube.fits
2019-07-22T13:11:51:  bkgcube ...................: /cta/carli/CPPM_Internship/Simulations_and_Analyses/plus_step_AEff_South_z40_50h/source1a/background_cube.fits
2019-07-22T13:11:51:  caldb .....................: prod3b-v2
2019-07-22T13:11:51:  irf .......................: plus_step_AEff_South_z40_50h
2019-07-22T13:11:51:  edisp .....................: yes
2019-07-22T13:11:51:  outmodel ..................: /cta/carli/CPPM_Internship/Simulations_and_Analyses/plus_step_AEff_South_z40_50h/source1a/obsmodel_binned.xml
2019-07-22T13:11:51:  outcovmat .................: NONE
2019-07-22T13:11:51:  statistic .................: DEFAULT
2019-07-22T13:11:51:  refit .....................: no
2019-07-22T13:11:51:  like_accuracy .............: 0.005
2019-07-22T13:11:51:  max_iter ..................: 50
2019-07-22T13:11:51:  fix_spat_for_ts ...........: no
2019-07-22T13:11:51:  nthreads ..................: 0
2019-07-22T13:11:51:  chatter ...................: 4
2019-07-22T13:11:51:  clobber ...................: yes
2019-07-22T13:11:51:  debug .....................: no
2019-07-22T13:11:51:  mode ......................: ql
2019-07-22T13:11:51:  logfile ...................: ctlike.log
2019-07-22T13:11:51: 
2019-07-22T13:11:51: +===================+
2019-07-22T13:11:51: | Input observation |
2019-07-22T13:11:51: +===================+
2019-07-22T13:11:51: === GObservations ===
2019-07-22T13:11:51:  Number of observations ....: 1
2019-07-22T13:11:51:  Number of models ..........: 2
2019-07-22T13:11:51:  Number of observed events .: 309193
2019-07-22T13:11:51:  Number of predicted events : 0
2019-07-22T13:11:51: === GCTAObservation ===
2019-07-22T13:11:51:  Name ......................: 
2019-07-22T13:11:51:  Identifier ................: 000001
2019-07-22T13:11:51:  Instrument ................: CTA
2019-07-22T13:11:51:  Event file ................: /cta/carli/CPPM_Internship/Simulations_and_Analyses/plus_step_AEff_South_z40_50h/source1a/obs_cube.fits
2019-07-22T13:11:51:  Event type ................: CountsCube
2019-07-22T13:11:51:  Statistic .................: cstat
2019-07-22T13:11:51:  Ontime ....................: 144000 s
2019-07-22T13:11:51:  Livetime ..................: 141120 s
2019-07-22T13:11:51:  Deadtime correction .......: 0.98
2019-07-22T13:11:51:  User energy range .........: undefined
2019-07-22T13:11:51: === GCTAPointing ===
2019-07-22T13:11:51:  Pointing direction ........: (RA,Dec)=(84.1331,22.0145)
2019-07-22T13:11:51: === GCTAResponseCube ===
2019-07-22T13:11:51:  Energy dispersion .........: Used
2019-07-22T13:11:51: === GCTACubeExposure ===
2019-07-22T13:11:51:  Filename ..................: /cta/carli/CPPM_Internship/Simulations_and_Analyses/plus_step_AEff_South_z40_50h/source1a/exposure_cube.fits
2019-07-22T13:11:51:  Livetime ..................: 141120 sec
2019-07-22T13:11:51: === GEnergies ===
2019-07-22T13:11:51:  Number of energies ........: 33
2019-07-22T13:11:51: === GGti ===
2019-07-22T13:11:51:  Number of intervals .......: 1
2019-07-22T13:11:51:  Ontime ....................: 144000 sec
2019-07-22T13:11:51:  Elapsed time ..............: 144000 sec
2019-07-22T13:11:51:  MJD range .................: 51544.5 - 51546.1666666667 s (TT)
2019-07-22T13:11:51:  UTC range .................: 2000-01-01T11:58:56 - 2000-01-03T03:58:56 s (TT)
2019-07-22T13:11:51:  Reference MJD .............: 51544.5
2019-07-22T13:11:51: === GSkyMap ===
2019-07-22T13:11:51:  Number of pixels ..........: 6400
2019-07-22T13:11:51:  X axis dimension ..........: 80
2019-07-22T13:11:51:  Y axis dimension ..........: 80
2019-07-22T13:11:51:  Number of maps ............: 33
2019-07-22T13:11:51:  Shape of maps .............: (33)
2019-07-22T13:11:51: === GCTACubePsf ===
2019-07-22T13:11:51:  Filename ..................: /cta/carli/CPPM_Internship/Simulations_and_Analyses/plus_step_AEff_South_z40_50h/source1a/PSF_cube.fits
2019-07-22T13:11:51: === GEnergies ===
2019-07-22T13:11:51:  Number of energies ........: 33
2019-07-22T13:11:51:  Number of delta bins ......: 200
2019-07-22T13:11:51:  Delta range ...............: 1.875e-06 - 0.298501875 deg
2019-07-22T13:11:51: === GSkyMap ===
2019-07-22T13:11:51:  Number of pixels ..........: 1
2019-07-22T13:11:51:  X axis dimension ..........: 1
2019-07-22T13:11:51:  Y axis dimension ..........: 1
2019-07-22T13:11:51:  Number of maps ............: 6600
2019-07-22T13:11:51:  Shape of maps .............: (200, 33)
2019-07-22T13:11:51: === GCTACubeEdisp ===
2019-07-22T13:11:51:  Filename ..................: /cta/carli/CPPM_Internship/Simulations_and_Analyses/plus_step_AEff_South_z40_50h/source1a/edisp_cube.fits
2019-07-22T13:11:51: === GEnergies ===
2019-07-22T13:11:51:  Number of energies ........: 33
2019-07-22T13:11:51:  Number of migra bins ......: 100
2019-07-22T13:11:51:  Migra range ...............: 0.02 - 2
2019-07-22T13:11:51: === GSkyMap ===
2019-07-22T13:11:51:  Number of pixels ..........: 1
2019-07-22T13:11:51:  X axis dimension ..........: 1
2019-07-22T13:11:51:  Y axis dimension ..........: 1
2019-07-22T13:11:51:  Number of maps ............: 3300
2019-07-22T13:11:51:  Shape of maps .............: (100, 33)
2019-07-22T13:11:51: === GCTACubeBackground ===
2019-07-22T13:11:51:  Filename ..................: /cta/carli/CPPM_Internship/Simulations_and_Analyses/plus_step_AEff_South_z40_50h/source1a/background_cube.fits
2019-07-22T13:11:51: === GEbounds ===
2019-07-22T13:11:51:  Number of intervals .......: 32
2019-07-22T13:11:51:  Energy range ..............: 100 GeV - 199.526229858398 TeV
2019-07-22T13:11:51: === GSkyMap ===
2019-07-22T13:11:51:  Number of pixels ..........: 6400
2019-07-22T13:11:51:  X axis dimension ..........: 80
2019-07-22T13:11:51:  Y axis dimension ..........: 80
2019-07-22T13:11:51:  Number of maps ............: 32
2019-07-22T13:11:51:  Shape of maps .............: (32)
2019-07-22T13:11:51: === GCTAResponseCache ===
2019-07-22T13:11:51:  Number of cached values ...: 0
2019-07-22T13:11:51: === GCTAEventCube ===
2019-07-22T13:11:51:  Number of events ..........: 309193
2019-07-22T13:11:51:  Number of elements ........: 204800
2019-07-22T13:11:51:  Number of pixels ..........: 6400
2019-07-22T13:11:51:  Number of energy bins .....: 32
2019-07-22T13:11:51:  Time interval .............: 51544.5 - 51546.1666666667 days
2019-07-22T13:11:51:  Pointing ..................: (RA,Dec)=(84.1331,22.0145)
2019-07-22T13:11:51: === GEbounds ===
2019-07-22T13:11:51:  Number of intervals .......: 32
2019-07-22T13:11:51:  Energy range ..............: 100 GeV - 199.526229858398 TeV
2019-07-22T13:11:51: === GSkyMap ===
2019-07-22T13:11:51:  Number of pixels ..........: 6400
2019-07-22T13:11:51:  X axis dimension ..........: 80
2019-07-22T13:11:51:  Y axis dimension ..........: 80
2019-07-22T13:11:51:  Number of maps ............: 32
2019-07-22T13:11:51:  Shape of maps .............: (32)
2019-07-22T13:11:51: === GSkyRegions ===
2019-07-22T13:11:51:  Number of regions .........: 0
2019-07-22T13:11:51: === GModels ===
2019-07-22T13:11:51:  Number of models ..........: 2
2019-07-22T13:11:51:  Number of parameters ......: 11
2019-07-22T13:11:51: === GModelSky ===
2019-07-22T13:11:51:  Name ......................: source1a
2019-07-22T13:11:51:  Instruments ...............: all
2019-07-22T13:11:51:  Test Statistic ............: Computation requested
2019-07-22T13:11:51:  Observation identifiers ...: all
2019-07-22T13:11:51:  Model type ................: PointSource
2019-07-22T13:11:51:  Model components ..........: "PointSource" * "ExponentialCutoffPowerLaw" * "Constant"
2019-07-22T13:11:51:  Number of parameters ......: 7
2019-07-22T13:11:51:  Number of spatial par's ...: 2
2019-07-22T13:11:51:   RA .......................: 83.6331 [-360,360] deg (fixed,scale=1)
2019-07-22T13:11:51:   DEC ......................: 22.0145 [-90,90] deg (fixed,scale=1)
2019-07-22T13:11:51:  Number of spectral par's ..: 4
2019-07-22T13:11:51:   Prefactor ................: 7.6e-19 +/- 0 [1e-26,1e-16] ph/cm2/s/MeV (free,scale=1e-19,gradient)
2019-07-22T13:11:51:   Index ....................: -2 +/- 0 [-0,-5]  (free,scale=-1,gradient)
2019-07-22T13:11:51:   CutoffEnergy .............: 50000000 +/- 0 [100000,10000000000] MeV (free,scale=10000000,gradient)
2019-07-22T13:11:51:   PivotEnergy ..............: 1000000 [10000,1000000000] MeV (fixed,scale=1000000,gradient)
2019-07-22T13:11:51:  Number of temporal par's ..: 1
2019-07-22T13:11:51:   Normalization ............: 1 (relative value) (fixed,scale=1,gradient)
2019-07-22T13:11:51:  Number of scale par's .....: 0
2019-07-22T13:11:51: === GCTAModelCubeBackground ===
2019-07-22T13:11:51:  Name ......................: BackgroundModel
2019-07-22T13:11:51:  Instruments ...............: CTA, HESS, MAGIC, VERITAS
2019-07-22T13:11:51:  Observation identifiers ...: all
2019-07-22T13:11:51:  Model type ................: "PowerLaw" * "Constant"
2019-07-22T13:11:51:  Number of parameters ......: 4
2019-07-22T13:11:51:  Number of spectral par's ..: 3
2019-07-22T13:11:51:   Prefactor ................: 1 +/- 0 [0.01,100] ph/cm2/s/MeV (free,scale=1,gradient)
2019-07-22T13:11:51:   Index ....................: 0 +/- 0 [-5,5]  (free,scale=1,gradient)
2019-07-22T13:11:51:   PivotEnergy ..............: 1000000 MeV (fixed,scale=1000000,gradient)
2019-07-22T13:11:51:  Number of temporal par's ..: 1
2019-07-22T13:11:51:   Normalization ............: 1 (relative value) (fixed,scale=1,gradient)
2019-07-22T13:11:51: 
2019-07-22T13:11:51: +=================================+
2019-07-22T13:11:51: | Maximum likelihood optimisation |
2019-07-22T13:11:51: +=================================+
2019-07-22T13:12:23:  >Iteration   0: -logL=-306600.143, Lambda=1.0e-03
2019-07-22T13:12:53:  >Iteration   1: -logL=-306606.266, Lambda=1.0e-03, delta=6.124, step=1.0e+00, max(|grad|)=22.009701 [Index:3]
2019-07-22T13:13:22:  >Iteration   2: -logL=-306606.356, Lambda=1.0e-04, delta=0.090, step=1.0e+00, max(|grad|)=0.973374 [Index:3]
2019-07-22T13:13:51:  >Iteration   3: -logL=-306606.356, Lambda=1.0e-05, delta=0.000, step=1.0e+00, max(|grad|)=0.006061 [Index:3]
2019-07-22T13:13:51:  
2019-07-22T13:13:51:  +==================+
2019-07-22T13:13:51:  | Curvature matrix |
2019-07-22T13:13:51:  +==================+
2019-07-22T13:13:51:  === GMatrixSparse ===
2019-07-22T13:13:51:   Number of rows ............: 11
2019-07-22T13:13:51:   Number of columns .........: 11
2019-07-22T13:13:51:   Number of nonzero elements : 25
2019-07-22T13:13:51:   Number of allocated cells .: 537
2019-07-22T13:13:51:   Memory block size .........: 512
2019-07-22T13:13:51:   Sparse matrix fill ........: 0.206611570247934
2019-07-22T13:13:51:   Pending element ...........: 0
2019-07-22T13:13:51:   Fill stack size ...........: 0 (none)
2019-07-22T13:13:51:   0, 0, 0, 0, 0, 0, 0, 0, 0, 0, 0
2019-07-22T13:13:51:   0, 0, 0, 0, 0, 0, 0, 0, 0, 0, 0
2019-07-22T13:13:51:   0, 0, 66.5343060597956, -155.027472427062, 4.13664248643615, 0, 0, 262.616265707825, -345.385056756302, 0, 0
2019-07-22T13:13:51:   0, 0, -155.027472427062, 5846.83869309606, -63.96203937927, 0, 0, 2526.16086571844, -4539.27696865239, 0, 0
2019-07-22T13:13:51:   0, 0, 4.13664248643615, -63.96203937927, 1.40591309033602, 0, 0, 2.24514595750315, 0.319081733763542, 0, 0
2019-07-22T13:13:51:   0, 0, 0, 0, 0, 0, 0, 0, 0, 0, 0
2019-07-22T13:13:51:   0, 0, 0, 0, 0, 0, 0, 0, 0, 0, 0
2019-07-22T13:13:51:   0, 0, 262.616265707825, 2526.16086571846, 2.24514595750315, 0, 0, 304416.71970289, -476206.544512237, 0, 0
2019-07-22T13:13:51:   0, 0, -345.385056756301, -4539.27696865238, 0.319081733763546, 0, 0, -476206.544512236, 896642.636366729, 0, 0
2019-07-22T13:13:51:   0, 0, 0, 0, 0, 0, 0, 0, 0, 0, 0
2019-07-22T13:13:51:   0, 0, 0, 0, 0, 0, 0, 0, 0, 0, 0
2019-07-22T13:14:22: 
2019-07-22T13:14:22: +====================================+
2019-07-22T13:14:22: | Maximum likelihood re-optimisation |
2019-07-22T13:14:22: +====================================+
2019-07-22T13:14:22:  >Iteration   0: -logL=-299311.093, Lambda=1.0e-03
2019-07-22T13:14:23:  >Iteration   1: -logL=-299510.829, Lambda=1.0e-03, delta=199.735, step=1.0e+00, max(|grad|)=1077.359913 [Index:1]
2019-07-22T13:14:23:  >Iteration   2: -logL=-299514.336, Lambda=1.0e-04, delta=3.508, step=1.0e+00, max(|grad|)=-17.133803 [Prefactor:0]
2019-07-22T13:14:24:  >Iteration   3: -logL=-299514.339, Lambda=1.0e-05, delta=0.003, step=1.0e+00, max(|grad|)=-0.942912 [Index:1]
2019-07-22T13:14:24: 
2019-07-22T13:14:24: +============================================+
2019-07-22T13:14:24: | Maximum likelihood re-optimisation results |
2019-07-22T13:14:24: +============================================+
2019-07-22T13:14:24: === GOptimizerLM ===
2019-07-22T13:14:24:  Optimized function value ..: -299514.339
2019-07-22T13:14:24:  Absolute precision ........: 0.005
2019-07-22T13:14:24:  Acceptable value decrease .: 2
2019-07-22T13:14:24:  Optimization status .......: converged
2019-07-22T13:14:24:  Number of parameters ......: 4
2019-07-22T13:14:24:  Number of free parameters .: 2
2019-07-22T13:14:24:  Number of iterations ......: 3
2019-07-22T13:14:24:  Lambda ....................: 1e-06
2019-07-22T13:14:24: 
2019-07-22T13:14:24: +=========================================+
2019-07-22T13:14:24: | Maximum likelihood optimisation results |
2019-07-22T13:14:24: +=========================================+
2019-07-22T13:14:24: === GOptimizerLM ===
2019-07-22T13:14:24:  Optimized function value ..: -306606.356
2019-07-22T13:14:24:  Absolute precision ........: 0.005
2019-07-22T13:14:24:  Acceptable value decrease .: 2
2019-07-22T13:14:24:  Optimization status .......: converged
2019-07-22T13:14:24:  Number of parameters ......: 11
2019-07-22T13:14:24:  Number of free parameters .: 5
2019-07-22T13:14:24:  Number of iterations ......: 3
2019-07-22T13:14:24:  Lambda ....................: 1e-06
2019-07-22T13:14:24:  Maximum log likelihood ....: 306606.356
2019-07-22T13:14:24:  Observed events  (Nobs) ...: 309193.000
2019-07-22T13:14:24:  Predicted events (Npred) ..: 307426.998 (Nobs - Npred = 1766.00220363768)
2019-07-22T13:14:24: === GModels ===
2019-07-22T13:14:24:  Number of models ..........: 2
2019-07-22T13:14:24:  Number of parameters ......: 11
2019-07-22T13:14:24: === GModelSky ===
2019-07-22T13:14:24:  Name ......................: source1a
2019-07-22T13:14:24:  Instruments ...............: all
2019-07-22T13:14:24:  Test Statistic ............: 14184.0339595106
2019-07-22T13:14:24:  Observation identifiers ...: all
2019-07-22T13:14:24:  Model type ................: PointSource
2019-07-22T13:14:24:  Model components ..........: "PointSource" * "ExponentialCutoffPowerLaw" * "Constant"
2019-07-22T13:14:24:  Number of parameters ......: 7
2019-07-22T13:14:24:  Number of spatial par's ...: 2
2019-07-22T13:14:24:   RA .......................: 83.6331 [-360,360] deg (fixed,scale=1)
2019-07-22T13:14:24:   DEC ......................: 22.0145 [-90,90] deg (fixed,scale=1)
2019-07-22T13:14:24:  Number of spectral par's ..: 4
2019-07-22T13:14:24:   Prefactor ................: 7.21336683977453e-19 +/- 1.3634030148925e-20 [1e-26,1e-16] ph/cm2/s/MeV (free,scale=1e-19,gradient)
2019-07-22T13:14:24:   Index ....................: -2.02445714331261 +/- 0.0185849518178191 [-0,-5]  (free,scale=-1,gradient)
2019-07-22T13:14:24:   CutoffEnergy .............: 62482165.7690149 +/- 12807136.1258778 [100000,10000000000] MeV (free,scale=10000000,gradient)
2019-07-22T13:14:24:   PivotEnergy ..............: 1000000 [10000,1000000000] MeV (fixed,scale=1000000,gradient)
2019-07-22T13:14:24:  Number of temporal par's ..: 1
2019-07-22T13:14:24:   Normalization ............: 1 (relative value) (fixed,scale=1,gradient)
2019-07-22T13:14:24:  Number of scale par's .....: 0
2019-07-22T13:14:24: === GCTAModelCubeBackground ===
2019-07-22T13:14:24:  Name ......................: BackgroundModel
2019-07-22T13:14:24:  Instruments ...............: CTA, HESS, MAGIC, VERITAS
2019-07-22T13:14:24:  Observation identifiers ...: all
2019-07-22T13:14:24:  Model type ................: "PowerLaw" * "Constant"
2019-07-22T13:14:24:  Number of parameters ......: 4
2019-07-22T13:14:24:  Number of spectral par's ..: 3
2019-07-22T13:14:24:   Prefactor ................: 0.993054352643458 +/- 0.00441115217695546 [0.01,100] ph/cm2/s/MeV (free,scale=1,gradient)
2019-07-22T13:14:24:   Index ....................: -0.0036346590616329 +/- 0.00256859584876707 [-5,5]  (free,scale=1,gradient)
2019-07-22T13:14:24:   PivotEnergy ..............: 1000000 MeV (fixed,scale=1000000,gradient)
2019-07-22T13:14:24:  Number of temporal par's ..: 1
2019-07-22T13:14:24:   Normalization ............: 1 (relative value) (fixed,scale=1,gradient)
2019-07-22T13:14:24: 
2019-07-22T13:14:24: +==============+
2019-07-22T13:14:24: | Save results |
2019-07-22T13:14:24: +==============+
2019-07-22T13:14:24:  Model definition file .....: /cta/carli/CPPM_Internship/Simulations_and_Analyses/plus_step_AEff_South_z40_50h/source1a/obsmodel_binned.xml
2019-07-22T13:14:24:  Covariance matrix file ....: NONE
2019-07-22T13:14:24: 
2019-07-22T13:14:24: Application "ctlike" terminated after 153 wall clock seconds, consuming 158.53 seconds of CPU time.
