2019-07-25T13:25:48: ********************************************************************************
2019-07-25T13:25:48: *                                    cterror                                   *
2019-07-25T13:25:48: * ---------------------------------------------------------------------------- *
2019-07-25T13:25:48: * Version: 1.6.0                                                               *
2019-07-25T13:25:48: ********************************************************************************
2019-07-25T13:25:49: +============+
2019-07-25T13:25:49: | Parameters |
2019-07-25T13:25:49: +============+
2019-07-25T13:25:49:  inobs .....................: /cta/carli/CPPM_Internship/Simulations_and_Analyses/plus_constant_AEff_South_z40_50h/source2a/obs_cube.fits
2019-07-25T13:25:49:  inmodel ...................: /cta/carli/CPPM_Internship/Simulations_and_Analyses/plus_constant_AEff_South_z40_50h/source2a/obsmodel_binned.xml
2019-07-25T13:25:49:  srcname ...................: source2a
2019-07-25T13:25:49:  expcube ...................: /cta/carli/CPPM_Internship/Simulations_and_Analyses/plus_constant_AEff_South_z40_50h/source2a/exposure_cube.fits
2019-07-25T13:25:49:  psfcube ...................: /cta/carli/CPPM_Internship/Simulations_and_Analyses/plus_constant_AEff_South_z40_50h/source2a/PSF_cube.fits
2019-07-25T13:25:49:  edispcube .................: /cta/carli/CPPM_Internship/Simulations_and_Analyses/plus_constant_AEff_South_z40_50h/source2a/edisp_cube.fits
2019-07-25T13:25:49:  bkgcube ...................: /cta/carli/CPPM_Internship/Simulations_and_Analyses/plus_constant_AEff_South_z40_50h/source2a/background_cube.fits
2019-07-25T13:25:49:  caldb .....................: prod3b-v2
2019-07-25T13:25:49:  irf .......................: plus_constant_AEff_South_z40_50h
2019-07-25T13:25:49:  edisp .....................: yes
2019-07-25T13:25:49:  outmodel ..................: 
2019-07-25T13:25:49:  confidence ................: 0.68
2019-07-25T13:25:49:  tol .......................: 1e-3
2019-07-25T13:25:49:  statistic .................: DEFAULT
2019-07-25T13:25:49:  like_accuracy .............: 0.005
2019-07-25T13:25:49:  max_iter ..................: 50
2019-07-25T13:25:49:  nthreads ..................: 0
2019-07-25T13:25:49:  chatter ...................: 4
2019-07-25T13:25:49:  clobber ...................: yes
2019-07-25T13:25:49:  debug .....................: no
2019-07-25T13:25:49:  mode ......................: ql
2019-07-25T13:25:49:  logfile ...................: cterror68.log
2019-07-25T13:25:49: 
2019-07-25T13:25:49: +===================+
2019-07-25T13:25:49: | Input observation |
2019-07-25T13:25:49: +===================+
2019-07-25T13:25:49: === GObservations ===
2019-07-25T13:25:49:  Number of observations ....: 1
2019-07-25T13:25:49:  Number of models ..........: 2
2019-07-25T13:25:49:  Number of observed events .: 309633
2019-07-25T13:25:49:  Number of predicted events : 0
2019-07-25T13:25:49: === GCTAObservation ===
2019-07-25T13:25:49:  Name ......................: 
2019-07-25T13:25:49:  Identifier ................: 000001
2019-07-25T13:25:49:  Instrument ................: CTA
2019-07-25T13:25:49:  Event file ................: /cta/carli/CPPM_Internship/Simulations_and_Analyses/plus_constant_AEff_South_z40_50h/source2a/obs_cube.fits
2019-07-25T13:25:49:  Event type ................: CountsCube
2019-07-25T13:25:49:  Statistic .................: cstat
2019-07-25T13:25:49:  Ontime ....................: 144000 s
2019-07-25T13:25:49:  Livetime ..................: 141120 s
2019-07-25T13:25:49:  Deadtime correction .......: 0.98
2019-07-25T13:25:49:  User energy range .........: undefined
2019-07-25T13:25:49: === GCTAPointing ===
2019-07-25T13:25:49:  Pointing direction ........: (RA,Dec)=(84.1331,22.0145)
2019-07-25T13:25:49: === GCTAResponseCube ===
2019-07-25T13:25:49:  Energy dispersion .........: Used
2019-07-25T13:25:49: === GCTACubeExposure ===
2019-07-25T13:25:49:  Filename ..................: /cta/carli/CPPM_Internship/Simulations_and_Analyses/plus_constant_AEff_South_z40_50h/source2a/exposure_cube.fits
2019-07-25T13:25:49:  Livetime ..................: 141120 sec
2019-07-25T13:25:49: === GEnergies ===
2019-07-25T13:25:49:  Number of energies ........: 33
2019-07-25T13:25:49: === GGti ===
2019-07-25T13:25:49:  Number of intervals .......: 1
2019-07-25T13:25:49:  Ontime ....................: 144000 sec
2019-07-25T13:25:49:  Elapsed time ..............: 144000 sec
2019-07-25T13:25:49:  MJD range .................: 51544.5 - 51546.1666666667 s (TT)
2019-07-25T13:25:49:  UTC range .................: 2000-01-01T11:58:56 - 2000-01-03T03:58:56 s (TT)
2019-07-25T13:25:49:  Reference MJD .............: 51544.5
2019-07-25T13:25:49: === GSkyMap ===
2019-07-25T13:25:49:  Number of pixels ..........: 6400
2019-07-25T13:25:49:  X axis dimension ..........: 80
2019-07-25T13:25:49:  Y axis dimension ..........: 80
2019-07-25T13:25:49:  Number of maps ............: 33
2019-07-25T13:25:49:  Shape of maps .............: (33)
2019-07-25T13:25:49: === GCTACubePsf ===
2019-07-25T13:25:49:  Filename ..................: /cta/carli/CPPM_Internship/Simulations_and_Analyses/plus_constant_AEff_South_z40_50h/source2a/PSF_cube.fits
2019-07-25T13:25:49: === GEnergies ===
2019-07-25T13:25:49:  Number of energies ........: 33
2019-07-25T13:25:49:  Number of delta bins ......: 200
2019-07-25T13:25:49:  Delta range ...............: 1.875e-06 - 0.298501875 deg
2019-07-25T13:25:49: === GSkyMap ===
2019-07-25T13:25:49:  Number of pixels ..........: 1
2019-07-25T13:25:49:  X axis dimension ..........: 1
2019-07-25T13:25:49:  Y axis dimension ..........: 1
2019-07-25T13:25:49:  Number of maps ............: 6600
2019-07-25T13:25:49:  Shape of maps .............: (200, 33)
2019-07-25T13:25:49: === GCTACubeEdisp ===
2019-07-25T13:25:49:  Filename ..................: /cta/carli/CPPM_Internship/Simulations_and_Analyses/plus_constant_AEff_South_z40_50h/source2a/edisp_cube.fits
2019-07-25T13:25:49: === GEnergies ===
2019-07-25T13:25:49:  Number of energies ........: 33
2019-07-25T13:25:49:  Number of migra bins ......: 100
2019-07-25T13:25:49:  Migra range ...............: 0.02 - 2
2019-07-25T13:25:49: === GSkyMap ===
2019-07-25T13:25:49:  Number of pixels ..........: 1
2019-07-25T13:25:49:  X axis dimension ..........: 1
2019-07-25T13:25:49:  Y axis dimension ..........: 1
2019-07-25T13:25:49:  Number of maps ............: 3300
2019-07-25T13:25:49:  Shape of maps .............: (100, 33)
2019-07-25T13:25:49: === GCTACubeBackground ===
2019-07-25T13:25:49:  Filename ..................: /cta/carli/CPPM_Internship/Simulations_and_Analyses/plus_constant_AEff_South_z40_50h/source2a/background_cube.fits
2019-07-25T13:25:49: === GEbounds ===
2019-07-25T13:25:49:  Number of intervals .......: 32
2019-07-25T13:25:49:  Energy range ..............: 100 GeV - 199.526229858398 TeV
2019-07-25T13:25:49: === GSkyMap ===
2019-07-25T13:25:49:  Number of pixels ..........: 6400
2019-07-25T13:25:49:  X axis dimension ..........: 80
2019-07-25T13:25:49:  Y axis dimension ..........: 80
2019-07-25T13:25:49:  Number of maps ............: 32
2019-07-25T13:25:49:  Shape of maps .............: (32)
2019-07-25T13:25:49: === GCTAResponseCache ===
2019-07-25T13:25:49:  Number of cached values ...: 0
2019-07-25T13:25:49: === GCTAEventCube ===
2019-07-25T13:25:49:  Number of events ..........: 309633
2019-07-25T13:25:49:  Number of elements ........: 204800
2019-07-25T13:25:49:  Number of pixels ..........: 6400
2019-07-25T13:25:49:  Number of energy bins .....: 32
2019-07-25T13:25:49:  Time interval .............: 51544.5 - 51546.1666666667 days
2019-07-25T13:25:49:  Pointing ..................: (RA,Dec)=(84.1331,22.0145)
2019-07-25T13:25:49: === GEbounds ===
2019-07-25T13:25:49:  Number of intervals .......: 32
2019-07-25T13:25:49:  Energy range ..............: 100 GeV - 199.526229858398 TeV
2019-07-25T13:25:49: === GSkyMap ===
2019-07-25T13:25:49:  Number of pixels ..........: 6400
2019-07-25T13:25:49:  X axis dimension ..........: 80
2019-07-25T13:25:49:  Y axis dimension ..........: 80
2019-07-25T13:25:49:  Number of maps ............: 32
2019-07-25T13:25:49:  Shape of maps .............: (32)
2019-07-25T13:25:49: === GSkyRegions ===
2019-07-25T13:25:49:  Number of regions .........: 0
2019-07-25T13:25:49: === GModels ===
2019-07-25T13:25:49:  Number of models ..........: 2
2019-07-25T13:25:49:  Number of parameters ......: 11
2019-07-25T13:25:49: === GModelSky ===
2019-07-25T13:25:49:  Name ......................: source2a
2019-07-25T13:25:49:  Instruments ...............: all
2019-07-25T13:25:49:  Test Statistic ............: 17181.807
2019-07-25T13:25:49:  Observation identifiers ...: all
2019-07-25T13:25:49:  Model type ................: PointSource
2019-07-25T13:25:49:  Model components ..........: "PointSource" * "ExponentialCutoffPowerLaw" * "Constant"
2019-07-25T13:25:49:  Number of parameters ......: 7
2019-07-25T13:25:49:  Number of spatial par's ...: 2
2019-07-25T13:25:49:   RA .......................: 83.6331 [-360,360] deg (fixed,scale=1)
2019-07-25T13:25:49:   DEC ......................: 22.0145 [-90,90] deg (fixed,scale=1)
2019-07-25T13:25:49:  Number of spectral par's ..: 4
2019-07-25T13:25:49:   Prefactor ................: 7.54591748000146e-19 [1e-26,1e-16] ph/cm2/s/MeV (fixed,scale=1e-19,gradient)
2019-07-25T13:25:49:   Index ....................: -2.01430006420281 [-0,-5]  (fixed,scale=-1,gradient)
2019-07-25T13:25:49:   CutoffEnergy .............: 142497907.80278 +/- 42317929.7014485 [1000000,100000000000] MeV (free,scale=100000000,gradient)
2019-07-25T13:25:49:   PivotEnergy ..............: 1000000 [10000,1000000000] MeV (fixed,scale=1000000,gradient)
2019-07-25T13:25:49:  Number of temporal par's ..: 1
2019-07-25T13:25:49:   Normalization ............: 1 (relative value) (fixed,scale=1,gradient)
2019-07-25T13:25:49:  Number of scale par's .....: 0
2019-07-25T13:25:49: === GCTAModelCubeBackground ===
2019-07-25T13:25:49:  Name ......................: BackgroundModel
2019-07-25T13:25:49:  Instruments ...............: CTA, HESS, MAGIC, VERITAS
2019-07-25T13:25:49:  Observation identifiers ...: all
2019-07-25T13:25:49:  Model type ................: "PowerLaw" * "Constant"
2019-07-25T13:25:49:  Number of parameters ......: 4
2019-07-25T13:25:49:  Number of spectral par's ..: 3
2019-07-25T13:25:49:   Prefactor ................: 0.992513444199573 [0.01,100] ph/cm2/s/MeV (fixed,scale=1,gradient)
2019-07-25T13:25:49:   Index ....................: -0.00386864491790575 [-5,5]  (fixed,scale=1,gradient)
2019-07-25T13:25:49:   PivotEnergy ..............: 1000000 MeV (fixed,scale=1000000,gradient)
2019-07-25T13:25:49:  Number of temporal par's ..: 1
2019-07-25T13:25:49:   Normalization ............: 1 (relative value) (fixed,scale=1,gradient)
2019-07-25T13:25:49: 
2019-07-25T13:25:49: +=============================+
2019-07-25T13:25:49: | Compute best-fit likelihood |
2019-07-25T13:25:49: +=============================+
2019-07-25T13:27:20: === GOptimizerLM ===
2019-07-25T13:27:20:  Optimized function value ..: -307514.432
2019-07-25T13:27:20:  Absolute precision ........: 0.005
2019-07-25T13:27:20:  Acceptable value decrease .: 2
2019-07-25T13:27:20:  Optimization status .......: converged
2019-07-25T13:27:20:  Number of parameters ......: 11
2019-07-25T13:27:20:  Number of free parameters .: 1
2019-07-25T13:27:20:  Number of iterations ......: 1
2019-07-25T13:27:20:  Lambda ....................: 0.0001
2019-07-25T13:27:20:  Maximum log likelihood ....: -307514.432
2019-07-25T13:27:20: === GModels ===
2019-07-25T13:27:20:  Number of models ..........: 2
2019-07-25T13:27:20:  Number of parameters ......: 11
2019-07-25T13:27:20: === GModelSky ===
2019-07-25T13:27:20:  Name ......................: source2a
2019-07-25T13:27:20:  Instruments ...............: all
2019-07-25T13:27:20:  Test Statistic ............: 17181.807
2019-07-25T13:27:20:  Observation identifiers ...: all
2019-07-25T13:27:20:  Model type ................: PointSource
2019-07-25T13:27:20:  Model components ..........: "PointSource" * "ExponentialCutoffPowerLaw" * "Constant"
2019-07-25T13:27:20:  Number of parameters ......: 7
2019-07-25T13:27:20:  Number of spatial par's ...: 2
2019-07-25T13:27:20:   RA .......................: 83.6331 [-360,360] deg (fixed,scale=1)
2019-07-25T13:27:20:   DEC ......................: 22.0145 [-90,90] deg (fixed,scale=1)
2019-07-25T13:27:20:  Number of spectral par's ..: 4
2019-07-25T13:27:20:   Prefactor ................: 7.54591748000146e-19 [1e-26,1e-16] ph/cm2/s/MeV (fixed,scale=1e-19,gradient)
2019-07-25T13:27:20:   Index ....................: -2.01430006420281 [-0,-5]  (fixed,scale=-1,gradient)
2019-07-25T13:27:20:   CutoffEnergy .............: 142544516.894578 +/- 29752242.5207972 [1000000,100000000000] MeV (free,scale=100000000,gradient)
2019-07-25T13:27:20:   PivotEnergy ..............: 1000000 [10000,1000000000] MeV (fixed,scale=1000000,gradient)
2019-07-25T13:27:20:  Number of temporal par's ..: 1
2019-07-25T13:27:20:   Normalization ............: 1 (relative value) (fixed,scale=1,gradient)
2019-07-25T13:27:20:  Number of scale par's .....: 0
2019-07-25T13:27:20: === GCTAModelCubeBackground ===
2019-07-25T13:27:20:  Name ......................: BackgroundModel
2019-07-25T13:27:20:  Instruments ...............: CTA, HESS, MAGIC, VERITAS
2019-07-25T13:27:20:  Observation identifiers ...: all
2019-07-25T13:27:20:  Model type ................: "PowerLaw" * "Constant"
2019-07-25T13:27:20:  Number of parameters ......: 4
2019-07-25T13:27:20:  Number of spectral par's ..: 3
2019-07-25T13:27:20:   Prefactor ................: 0.992513444199573 [0.01,100] ph/cm2/s/MeV (fixed,scale=1,gradient)
2019-07-25T13:27:20:   Index ....................: -0.00386864491790575 [-5,5]  (fixed,scale=1,gradient)
2019-07-25T13:27:20:   PivotEnergy ..............: 1000000 MeV (fixed,scale=1000000,gradient)
2019-07-25T13:27:20:  Number of temporal par's ..: 1
2019-07-25T13:27:20:   Normalization ............: 1 (relative value) (fixed,scale=1,gradient)
2019-07-25T13:27:20: 
2019-07-25T13:27:20: +==============================================================+
2019-07-25T13:27:20: | Compute error for source "source2a" parameter "CutoffEnergy" |
2019-07-25T13:27:20: +==============================================================+
2019-07-25T13:27:20:  Confidence level ..........: 68 %
2019-07-25T13:27:20:  Log-likelihood difference .: 0.494473
2019-07-25T13:27:20:  Initial factor range ......: [0.01, 4.40066942102551]
2019-07-25T13:27:30:    Iteration 1 .............: [0.01, 1.42544516894578]
2019-07-25T13:27:40:    Iteration 2 .............: [0.717722584472892, 1.42544516894578]
2019-07-25T13:27:51:    Iteration 3 .............: [1.07158387670934, 1.42544516894578]
2019-07-25T13:28:01:    Iteration 4 .............: [1.07158387670934, 1.24851452282756]
2019-07-25T13:28:11:    Iteration 5 .............: [1.16004919976845, 1.24851452282756]
2019-07-25T13:28:21:    Iteration 6 .............: [1.16004919976845, 1.204281861298]
2019-07-25T13:28:32:    Iteration 7 .............: [1.16004919976845, 1.18216553053323]
2019-07-25T13:28:42:    Iteration 8 .............: [1.16004919976845, 1.17110736515084]
2019-07-25T13:28:52:    Iteration 9 .............: [1.16557828245964, 1.17110736515084]
2019-07-25T13:29:03:    Iteration 10 ............: [1.16834282380524, 1.17110736515084]
2019-07-25T13:29:13:    Iteration 11 ............: [1.16972509447804, 1.17110736515084]
2019-07-25T13:29:23:    Iteration 12 ............: [1.16972509447804, 1.17041622981444]
2019-07-25T13:29:34:    Iteration 1 .............: [1.42544516894578, 4.40066942102551]
2019-07-25T13:29:44:    Iteration 2 .............: [1.42544516894578, 2.91305729498565]
2019-07-25T13:29:54:    Iteration 3 .............: [1.42544516894578, 2.16925123196571]
2019-07-25T13:30:04:    Iteration 4 .............: [1.79734820045575, 2.16925123196571]
2019-07-25T13:30:15:    Iteration 5 .............: [1.79734820045575, 1.98329971621073]
2019-07-25T13:30:25:    Iteration 6 .............: [1.79734820045575, 1.89032395833324]
2019-07-25T13:30:35:    Iteration 7 .............: [1.79734820045575, 1.84383607939449]
2019-07-25T13:30:45:    Iteration 8 .............: [1.79734820045575, 1.82059213992512]
2019-07-25T13:30:55:    Iteration 9 .............: [1.79734820045575, 1.80897017019044]
2019-07-25T13:31:05:    Iteration 10 ............: [1.80315918532309, 1.80897017019044]
2019-07-25T13:31:05:  Lower parameter factor ....: 1.17007
2019-07-25T13:31:05:  Upper parameter factor ....: 1.80606
2019-07-25T13:31:05:  Error from curvature ......: 29752242.5207972 MeV
2019-07-25T13:31:05:  Error from profile ........: 31799700.7805262 MeV
2019-07-25T13:31:05:  Negative profile error ....: 25537450.6799545 MeV
2019-07-25T13:31:05:  Positive profile error ....: 38061950.881098 MeV
2019-07-25T13:31:05: 
2019-07-25T13:31:05: +==============+
2019-07-25T13:31:05: | Save results |
2019-07-25T13:31:05: +==============+
2019-07-25T13:31:05:  Model definition file .....: NONE
2019-07-25T13:31:05: 
2019-07-25T13:31:05: Application "cterror" terminated after 318 wall clock seconds, consuming 396.13 seconds of CPU time.
