2019-07-22T14:45:25: ********************************************************************************
2019-07-22T14:45:25: *                                    ctlike                                    *
2019-07-22T14:45:25: * ---------------------------------------------------------------------------- *
2019-07-22T14:45:25: * Version: 1.6.0                                                               *
2019-07-22T14:45:25: ********************************************************************************
2019-07-22T14:45:25: +============+
2019-07-22T14:45:25: | Parameters |
2019-07-22T14:45:25: +============+
2019-07-22T14:45:25:  inobs .....................: /cta/carli/CPPM_Internship/Simulations_and_Analyses/plus_constant_AEff_South_z40_50h/source2a/obs_cube.fits
2019-07-22T14:45:25:  inmodel ...................: sourcemodel_cube.xml
2019-07-22T14:45:25:  expcube ...................: /cta/carli/CPPM_Internship/Simulations_and_Analyses/plus_constant_AEff_South_z40_50h/source2a/exposure_cube.fits
2019-07-22T14:45:25:  psfcube ...................: /cta/carli/CPPM_Internship/Simulations_and_Analyses/plus_constant_AEff_South_z40_50h/source2a/PSF_cube.fits
2019-07-22T14:45:25:  edispcube .................: /cta/carli/CPPM_Internship/Simulations_and_Analyses/plus_constant_AEff_South_z40_50h/source2a/edisp_cube.fits
2019-07-22T14:45:25:  bkgcube ...................: /cta/carli/CPPM_Internship/Simulations_and_Analyses/plus_constant_AEff_South_z40_50h/source2a/background_cube.fits
2019-07-22T14:45:25:  caldb .....................: prod3b-v2
2019-07-22T14:45:25:  irf .......................: plus_constant_AEff_South_z40_50h
2019-07-22T14:45:25:  edisp .....................: yes
2019-07-22T14:45:25:  outmodel ..................: /cta/carli/CPPM_Internship/Simulations_and_Analyses/plus_constant_AEff_South_z40_50h/source2a/obsmodel_binned.xml
2019-07-22T14:45:25:  outcovmat .................: NONE
2019-07-22T14:45:25:  statistic .................: DEFAULT
2019-07-22T14:45:25:  refit .....................: no
2019-07-22T14:45:25:  like_accuracy .............: 0.005
2019-07-22T14:45:25:  max_iter ..................: 50
2019-07-22T14:45:25:  fix_spat_for_ts ...........: no
2019-07-22T14:45:25:  nthreads ..................: 0
2019-07-22T14:45:25:  chatter ...................: 4
2019-07-22T14:45:25:  clobber ...................: yes
2019-07-22T14:45:25:  debug .....................: no
2019-07-22T14:45:25:  mode ......................: ql
2019-07-22T14:45:25:  logfile ...................: ctlike.log
2019-07-22T14:45:25: 
2019-07-22T14:45:25: +===================+
2019-07-22T14:45:25: | Input observation |
2019-07-22T14:45:25: +===================+
2019-07-22T14:45:25: === GObservations ===
2019-07-22T14:45:25:  Number of observations ....: 1
2019-07-22T14:45:25:  Number of models ..........: 2
2019-07-22T14:45:25:  Number of observed events .: 309633
2019-07-22T14:45:25:  Number of predicted events : 0
2019-07-22T14:45:25: === GCTAObservation ===
2019-07-22T14:45:25:  Name ......................: 
2019-07-22T14:45:25:  Identifier ................: 000001
2019-07-22T14:45:25:  Instrument ................: CTA
2019-07-22T14:45:25:  Event file ................: /cta/carli/CPPM_Internship/Simulations_and_Analyses/plus_constant_AEff_South_z40_50h/source2a/obs_cube.fits
2019-07-22T14:45:25:  Event type ................: CountsCube
2019-07-22T14:45:25:  Statistic .................: cstat
2019-07-22T14:45:25:  Ontime ....................: 144000 s
2019-07-22T14:45:25:  Livetime ..................: 141120 s
2019-07-22T14:45:25:  Deadtime correction .......: 0.98
2019-07-22T14:45:25:  User energy range .........: undefined
2019-07-22T14:45:25: === GCTAPointing ===
2019-07-22T14:45:25:  Pointing direction ........: (RA,Dec)=(84.1331,22.0145)
2019-07-22T14:45:25: === GCTAResponseCube ===
2019-07-22T14:45:25:  Energy dispersion .........: Used
2019-07-22T14:45:25: === GCTACubeExposure ===
2019-07-22T14:45:25:  Filename ..................: /cta/carli/CPPM_Internship/Simulations_and_Analyses/plus_constant_AEff_South_z40_50h/source2a/exposure_cube.fits
2019-07-22T14:45:25:  Livetime ..................: 141120 sec
2019-07-22T14:45:25: === GEnergies ===
2019-07-22T14:45:25:  Number of energies ........: 33
2019-07-22T14:45:25: === GGti ===
2019-07-22T14:45:25:  Number of intervals .......: 1
2019-07-22T14:45:25:  Ontime ....................: 144000 sec
2019-07-22T14:45:25:  Elapsed time ..............: 144000 sec
2019-07-22T14:45:25:  MJD range .................: 51544.5 - 51546.1666666667 s (TT)
2019-07-22T14:45:25:  UTC range .................: 2000-01-01T11:58:56 - 2000-01-03T03:58:56 s (TT)
2019-07-22T14:45:25:  Reference MJD .............: 51544.5
2019-07-22T14:45:25: === GSkyMap ===
2019-07-22T14:45:25:  Number of pixels ..........: 6400
2019-07-22T14:45:25:  X axis dimension ..........: 80
2019-07-22T14:45:25:  Y axis dimension ..........: 80
2019-07-22T14:45:25:  Number of maps ............: 33
2019-07-22T14:45:25:  Shape of maps .............: (33)
2019-07-22T14:45:25: === GCTACubePsf ===
2019-07-22T14:45:25:  Filename ..................: /cta/carli/CPPM_Internship/Simulations_and_Analyses/plus_constant_AEff_South_z40_50h/source2a/PSF_cube.fits
2019-07-22T14:45:25: === GEnergies ===
2019-07-22T14:45:25:  Number of energies ........: 33
2019-07-22T14:45:25:  Number of delta bins ......: 200
2019-07-22T14:45:25:  Delta range ...............: 1.875e-06 - 0.298501875 deg
2019-07-22T14:45:25: === GSkyMap ===
2019-07-22T14:45:25:  Number of pixels ..........: 1
2019-07-22T14:45:25:  X axis dimension ..........: 1
2019-07-22T14:45:25:  Y axis dimension ..........: 1
2019-07-22T14:45:25:  Number of maps ............: 6600
2019-07-22T14:45:25:  Shape of maps .............: (200, 33)
2019-07-22T14:45:25: === GCTACubeEdisp ===
2019-07-22T14:45:25:  Filename ..................: /cta/carli/CPPM_Internship/Simulations_and_Analyses/plus_constant_AEff_South_z40_50h/source2a/edisp_cube.fits
2019-07-22T14:45:25: === GEnergies ===
2019-07-22T14:45:25:  Number of energies ........: 33
2019-07-22T14:45:25:  Number of migra bins ......: 100
2019-07-22T14:45:25:  Migra range ...............: 0.02 - 2
2019-07-22T14:45:25: === GSkyMap ===
2019-07-22T14:45:25:  Number of pixels ..........: 1
2019-07-22T14:45:25:  X axis dimension ..........: 1
2019-07-22T14:45:25:  Y axis dimension ..........: 1
2019-07-22T14:45:25:  Number of maps ............: 3300
2019-07-22T14:45:25:  Shape of maps .............: (100, 33)
2019-07-22T14:45:25: === GCTACubeBackground ===
2019-07-22T14:45:25:  Filename ..................: /cta/carli/CPPM_Internship/Simulations_and_Analyses/plus_constant_AEff_South_z40_50h/source2a/background_cube.fits
2019-07-22T14:45:25: === GEbounds ===
2019-07-22T14:45:25:  Number of intervals .......: 32
2019-07-22T14:45:25:  Energy range ..............: 100 GeV - 199.526229858398 TeV
2019-07-22T14:45:25: === GSkyMap ===
2019-07-22T14:45:25:  Number of pixels ..........: 6400
2019-07-22T14:45:25:  X axis dimension ..........: 80
2019-07-22T14:45:25:  Y axis dimension ..........: 80
2019-07-22T14:45:25:  Number of maps ............: 32
2019-07-22T14:45:25:  Shape of maps .............: (32)
2019-07-22T14:45:25: === GCTAResponseCache ===
2019-07-22T14:45:25:  Number of cached values ...: 0
2019-07-22T14:45:25: === GCTAEventCube ===
2019-07-22T14:45:25:  Number of events ..........: 309633
2019-07-22T14:45:25:  Number of elements ........: 204800
2019-07-22T14:45:25:  Number of pixels ..........: 6400
2019-07-22T14:45:25:  Number of energy bins .....: 32
2019-07-22T14:45:25:  Time interval .............: 51544.5 - 51546.1666666667 days
2019-07-22T14:45:25:  Pointing ..................: (RA,Dec)=(84.1331,22.0145)
2019-07-22T14:45:25: === GEbounds ===
2019-07-22T14:45:25:  Number of intervals .......: 32
2019-07-22T14:45:25:  Energy range ..............: 100 GeV - 199.526229858398 TeV
2019-07-22T14:45:25: === GSkyMap ===
2019-07-22T14:45:25:  Number of pixels ..........: 6400
2019-07-22T14:45:25:  X axis dimension ..........: 80
2019-07-22T14:45:25:  Y axis dimension ..........: 80
2019-07-22T14:45:25:  Number of maps ............: 32
2019-07-22T14:45:25:  Shape of maps .............: (32)
2019-07-22T14:45:25: === GSkyRegions ===
2019-07-22T14:45:25:  Number of regions .........: 0
2019-07-22T14:45:25: === GModels ===
2019-07-22T14:45:25:  Number of models ..........: 2
2019-07-22T14:45:25:  Number of parameters ......: 11
2019-07-22T14:45:25: === GModelSky ===
2019-07-22T14:45:25:  Name ......................: source2a
2019-07-22T14:45:25:  Instruments ...............: all
2019-07-22T14:45:25:  Test Statistic ............: Computation requested
2019-07-22T14:45:25:  Observation identifiers ...: all
2019-07-22T14:45:25:  Model type ................: PointSource
2019-07-22T14:45:25:  Model components ..........: "PointSource" * "ExponentialCutoffPowerLaw" * "Constant"
2019-07-22T14:45:25:  Number of parameters ......: 7
2019-07-22T14:45:25:  Number of spatial par's ...: 2
2019-07-22T14:45:25:   RA .......................: 83.6331 [-360,360] deg (fixed,scale=1)
2019-07-22T14:45:25:   DEC ......................: 22.0145 [-90,90] deg (fixed,scale=1)
2019-07-22T14:45:25:  Number of spectral par's ..: 4
2019-07-22T14:45:25:   Prefactor ................: 7.6e-19 +/- 0 [1e-26,1e-16] ph/cm2/s/MeV (free,scale=1e-19,gradient)
2019-07-22T14:45:25:   Index ....................: -2 +/- 0 [-0,-5]  (free,scale=-1,gradient)
2019-07-22T14:45:25:   CutoffEnergy .............: 100000000 +/- 0 [1000000,100000000000] MeV (free,scale=100000000,gradient)
2019-07-22T14:45:25:   PivotEnergy ..............: 1000000 [10000,1000000000] MeV (fixed,scale=1000000,gradient)
2019-07-22T14:45:25:  Number of temporal par's ..: 1
2019-07-22T14:45:25:   Normalization ............: 1 (relative value) (fixed,scale=1,gradient)
2019-07-22T14:45:25:  Number of scale par's .....: 0
2019-07-22T14:45:25: === GCTAModelCubeBackground ===
2019-07-22T14:45:25:  Name ......................: BackgroundModel
2019-07-22T14:45:25:  Instruments ...............: CTA, HESS, MAGIC, VERITAS
2019-07-22T14:45:25:  Observation identifiers ...: all
2019-07-22T14:45:25:  Model type ................: "PowerLaw" * "Constant"
2019-07-22T14:45:25:  Number of parameters ......: 4
2019-07-22T14:45:25:  Number of spectral par's ..: 3
2019-07-22T14:45:25:   Prefactor ................: 1 +/- 0 [0.01,100] ph/cm2/s/MeV (free,scale=1,gradient)
2019-07-22T14:45:25:   Index ....................: 0 +/- 0 [-5,5]  (free,scale=1,gradient)
2019-07-22T14:45:25:   PivotEnergy ..............: 1000000 MeV (fixed,scale=1000000,gradient)
2019-07-22T14:45:25:  Number of temporal par's ..: 1
2019-07-22T14:45:25:   Normalization ............: 1 (relative value) (fixed,scale=1,gradient)
2019-07-22T14:45:25: 
2019-07-22T14:45:25: +=================================+
2019-07-22T14:45:25: | Maximum likelihood optimisation |
2019-07-22T14:45:25: +=================================+
2019-07-22T14:45:57:  >Iteration   0: -logL=-307512.152, Lambda=1.0e-03
2019-07-22T14:46:26:  >Iteration   1: -logL=-307514.292, Lambda=1.0e-03, delta=2.140, step=1.0e+00, max(|grad|)=21.825624 [Index:3]
2019-07-22T14:46:55:  >Iteration   2: -logL=-307514.424, Lambda=1.0e-04, delta=0.133, step=1.0e+00, max(|grad|)=4.136490 [Index:3]
2019-07-22T14:47:24:  >Iteration   3: -logL=-307514.432, Lambda=1.0e-05, delta=0.007, step=1.0e+00, max(|grad|)=0.309517 [Index:3]
2019-07-22T14:47:54:  >Iteration   4: -logL=-307514.432, Lambda=1.0e-06, delta=0.000, step=1.0e+00, max(|grad|)=0.010990 [Index:3]
2019-07-22T14:47:54:  
2019-07-22T14:47:54:  +==================+
2019-07-22T14:47:54:  | Curvature matrix |
2019-07-22T14:47:54:  +==================+
2019-07-22T14:47:54:  === GMatrixSparse ===
2019-07-22T14:47:54:   Number of rows ............: 11
2019-07-22T14:47:54:   Number of columns .........: 11
2019-07-22T14:47:54:   Number of nonzero elements : 25
2019-07-22T14:47:54:   Number of allocated cells .: 537
2019-07-22T14:47:54:   Memory block size .........: 512
2019-07-22T14:47:54:   Sparse matrix fill ........: 0.206611570247934
2019-07-22T14:47:54:   Pending element ...........: 0
2019-07-22T14:47:54:   Fill stack size ...........: 0 (none)
2019-07-22T14:47:54:   0, 0, 0, 0, 0, 0, 0, 0, 0, 0, 0
2019-07-22T14:47:54:   0, 0, 0, 0, 0, 0, 0, 0, 0, 0, 0
2019-07-22T14:47:54:   0, 0, 68.1464015632523, -218.869760916345, 10.7256004164994, 0, 0, 261.191691562964, -348.895416596699, 0, 0
2019-07-22T14:47:54:   0, 0, -218.869760916345, 7686.57125984393, -202.228696735561, 0, 0, 2673.55323926887, -4812.66037843884, 0, 0
2019-07-22T14:47:54:   0, 0, 10.7256004164994, -202.228696735561, 11.3116682490812, 0, 0, 4.3696988117876, 0.516729961892235, 0, 0
2019-07-22T14:47:54:   0, 0, 0, 0, 0, 0, 0, 0, 0, 0, 0
2019-07-22T14:47:54:   0, 0, 0, 0, 0, 0, 0, 0, 0, 0, 0
2019-07-22T14:47:54:   0, 0, 261.191691562964, 2673.55323926887, 4.3696988117876, 0, 0, 304618.344696902, -476274.907818273, 0, 0
2019-07-22T14:47:54:   0, 0, -348.895416596698, -4812.66037843883, 0.516729961892234, 0, 0, -476274.907818273, 896277.715472826, 0, 0
2019-07-22T14:47:54:   0, 0, 0, 0, 0, 0, 0, 0, 0, 0, 0
2019-07-22T14:47:54:   0, 0, 0, 0, 0, 0, 0, 0, 0, 0, 0
2019-07-22T14:48:23: 
2019-07-22T14:48:23: +====================================+
2019-07-22T14:48:23: | Maximum likelihood re-optimisation |
2019-07-22T14:48:23: +====================================+
2019-07-22T14:48:24:  >Iteration   0: -logL=-298656.041, Lambda=1.0e-03
2019-07-22T14:48:24:  >Iteration   1: -logL=-298917.475, Lambda=1.0e-03, delta=261.434, step=1.0e+00, max(|grad|)=-1325.625968 [Prefactor:0]
2019-07-22T14:48:25:  >Iteration   2: -logL=-298923.518, Lambda=1.0e-04, delta=6.043, step=1.0e+00, max(|grad|)=-29.267230 [Prefactor:0]
2019-07-22T14:48:25:  >Iteration   3: -logL=-298923.528, Lambda=1.0e-05, delta=0.010, step=1.0e+00, max(|grad|)=-2.380157 [Index:1]
2019-07-22T14:48:26:  >Iteration   4: -logL=-298923.528, Lambda=1.0e-06, delta=0.000, step=1.0e+00, max(|grad|)=-0.113385 [Index:1]
2019-07-22T14:48:26: 
2019-07-22T14:48:26: +============================================+
2019-07-22T14:48:26: | Maximum likelihood re-optimisation results |
2019-07-22T14:48:26: +============================================+
2019-07-22T14:48:26: === GOptimizerLM ===
2019-07-22T14:48:26:  Optimized function value ..: -298923.528
2019-07-22T14:48:26:  Absolute precision ........: 0.005
2019-07-22T14:48:26:  Acceptable value decrease .: 2
2019-07-22T14:48:26:  Optimization status .......: converged
2019-07-22T14:48:26:  Number of parameters ......: 4
2019-07-22T14:48:26:  Number of free parameters .: 2
2019-07-22T14:48:26:  Number of iterations ......: 4
2019-07-22T14:48:26:  Lambda ....................: 1e-07
2019-07-22T14:48:26: 
2019-07-22T14:48:26: +=========================================+
2019-07-22T14:48:26: | Maximum likelihood optimisation results |
2019-07-22T14:48:26: +=========================================+
2019-07-22T14:48:26: === GOptimizerLM ===
2019-07-22T14:48:26:  Optimized function value ..: -307514.432
2019-07-22T14:48:26:  Absolute precision ........: 0.005
2019-07-22T14:48:26:  Acceptable value decrease .: 2
2019-07-22T14:48:26:  Optimization status .......: converged
2019-07-22T14:48:26:  Number of parameters ......: 11
2019-07-22T14:48:26:  Number of free parameters .: 5
2019-07-22T14:48:26:  Number of iterations ......: 4
2019-07-22T14:48:26:  Lambda ....................: 1e-07
2019-07-22T14:48:26:  Maximum log likelihood ....: 307514.432
2019-07-22T14:48:26:  Observed events  (Nobs) ...: 309633.000
2019-07-22T14:48:26:  Predicted events (Npred) ..: 307866.997 (Nobs - Npred = 1766.00297183642)
2019-07-22T14:48:26: === GModels ===
2019-07-22T14:48:26:  Number of models ..........: 2
2019-07-22T14:48:26:  Number of parameters ......: 11
2019-07-22T14:48:26: === GModelSky ===
2019-07-22T14:48:26:  Name ......................: source2a
2019-07-22T14:48:26:  Instruments ...............: all
2019-07-22T14:48:26:  Test Statistic ............: 17181.8068258174
2019-07-22T14:48:26:  Observation identifiers ...: all
2019-07-22T14:48:26:  Model type ................: PointSource
2019-07-22T14:48:26:  Model components ..........: "PointSource" * "ExponentialCutoffPowerLaw" * "Constant"
2019-07-22T14:48:26:  Number of parameters ......: 7
2019-07-22T14:48:26:  Number of spatial par's ...: 2
2019-07-22T14:48:26:   RA .......................: 83.6331 [-360,360] deg (fixed,scale=1)
2019-07-22T14:48:26:   DEC ......................: 22.0145 [-90,90] deg (fixed,scale=1)
2019-07-22T14:48:26:  Number of spectral par's ..: 4
2019-07-22T14:48:26:   Prefactor ................: 7.54591748000146e-19 +/- 1.31842132377366e-20 [1e-26,1e-16] ph/cm2/s/MeV (free,scale=1e-19,gradient)
2019-07-22T14:48:26:   Index ....................: -2.01430006420281 +/- 0.0157528127337709 [-0,-5]  (free,scale=-1,gradient)
2019-07-22T14:48:26:   CutoffEnergy .............: 142497907.80278 +/- 42317929.7014485 [1000000,100000000000] MeV (free,scale=100000000,gradient)
2019-07-22T14:48:26:   PivotEnergy ..............: 1000000 [10000,1000000000] MeV (fixed,scale=1000000,gradient)
2019-07-22T14:48:26:  Number of temporal par's ..: 1
2019-07-22T14:48:26:   Normalization ............: 1 (relative value) (fixed,scale=1,gradient)
2019-07-22T14:48:26:  Number of scale par's .....: 0
2019-07-22T14:48:26: === GCTAModelCubeBackground ===
2019-07-22T14:48:26:  Name ......................: BackgroundModel
2019-07-22T14:48:26:  Instruments ...............: CTA, HESS, MAGIC, VERITAS
2019-07-22T14:48:26:  Observation identifiers ...: all
2019-07-22T14:48:26:  Model type ................: "PowerLaw" * "Constant"
2019-07-22T14:48:26:  Number of parameters ......: 4
2019-07-22T14:48:26:  Number of spectral par's ..: 3
2019-07-22T14:48:26:   Prefactor ................: 0.992513444199573 +/- 0.00440969980654453 [0.01,100] ph/cm2/s/MeV (free,scale=1,gradient)
2019-07-22T14:48:26:   Index ....................: -0.00386864491790575 +/- 0.00256911470229163 [-5,5]  (free,scale=1,gradient)
2019-07-22T14:48:26:   PivotEnergy ..............: 1000000 MeV (fixed,scale=1000000,gradient)
2019-07-22T14:48:26:  Number of temporal par's ..: 1
2019-07-22T14:48:26:   Normalization ............: 1 (relative value) (fixed,scale=1,gradient)
2019-07-22T14:48:26: 
2019-07-22T14:48:26: +==============+
2019-07-22T14:48:26: | Save results |
2019-07-22T14:48:26: +==============+
2019-07-22T14:48:26:  Model definition file .....: /cta/carli/CPPM_Internship/Simulations_and_Analyses/plus_constant_AEff_South_z40_50h/source2a/obsmodel_binned.xml
2019-07-22T14:48:26:  Covariance matrix file ....: NONE
2019-07-22T14:48:26: 
2019-07-22T14:48:26: Application "ctlike" terminated after 181 wall clock seconds, consuming 188.06 seconds of CPU time.
