2019-07-22T12:00:03: ********************************************************************************
2019-07-22T12:00:03: *                                   ctobssim                                   *
2019-07-22T12:00:03: * ---------------------------------------------------------------------------- *
2019-07-22T12:00:03: * Version: 1.6.0                                                               *
2019-07-22T12:00:03: ********************************************************************************
2019-07-22T12:00:03: +============+
2019-07-22T12:00:03: | Parameters |
2019-07-22T12:00:03: +============+
2019-07-22T12:00:03:  inobs .....................: NONE
2019-07-22T12:00:03:  inmodel ...................: /cta/carli/anaconda3/share/models/source2a.xml
2019-07-22T12:00:03:  caldb .....................: prod3b-v2
2019-07-22T12:00:03:  irf .......................: plus_constant_AEff_South_z40_50h
2019-07-22T12:00:03:  edisp .....................: yes
2019-07-22T12:00:03:  outevents .................: /cta/carli/CPPM_Internship/Simulations_and_Analyses/plus_constant_AEff_South_z40_50h/source2a/obs.fits
2019-07-22T12:00:03:  prefix ....................: sim_events_
2019-07-22T12:00:03:  startindex ................: 1
2019-07-22T12:00:03:  seed ......................: 1000
2019-07-22T12:00:03:  ra ........................: 84.1331
2019-07-22T12:00:03:  dec .......................: 22.0145
2019-07-22T12:00:03:  rad .......................: 0.8
2019-07-22T12:00:03:  tmin ......................: 0
2019-07-22T12:00:03:  tmax ......................: 144000
2019-07-22T12:00:03:  mjdref ....................: 51544.5
2019-07-22T12:00:03:  emin ......................: 0.1
2019-07-22T12:00:03:  emax ......................: 199.526229858398
2019-07-22T12:00:03:  deadc .....................: 0.98
2019-07-22T12:00:03:  maxrate ...................: 1.0e6
2019-07-22T12:00:03:  eslices ...................: 10
2019-07-22T12:00:03:  nthreads ..................: 0
2019-07-22T12:00:03:  publish ...................: no
2019-07-22T12:00:03:  chatter ...................: 4
2019-07-22T12:00:03:  clobber ...................: yes
2019-07-22T12:00:03:  debug .....................: no
2019-07-22T12:00:03:  mode ......................: ql
2019-07-22T12:00:03:  logfile ...................: ctobssim.log
2019-07-22T12:00:03: 
2019-07-22T12:00:03: +================+
2019-07-22T12:00:03: | Execution mode |
2019-07-22T12:00:03: +================+
2019-07-22T12:00:03:  Event list management .....: Save and dispose (reduces memory needs)
2019-07-22T12:00:03:  Output format .............: Write single event list FITS file
2019-07-22T12:00:03: 
2019-07-22T12:00:03: +=============+
2019-07-22T12:00:03: | Seed values |
2019-07-22T12:00:03: +=============+
2019-07-22T12:00:03:  Seed 0 ....................: 6233869624
2019-07-22T12:00:03: 
2019-07-22T12:00:03: +===================+
2019-07-22T12:00:03: | Input observation |
2019-07-22T12:00:03: +===================+
2019-07-22T12:00:04: === GObservations ===
2019-07-22T12:00:04:  Number of observations ....: 1
2019-07-22T12:00:04:  Number of models ..........: 2
2019-07-22T12:00:04:  Number of observed events .: 0
2019-07-22T12:00:04:  Number of predicted events : 0
2019-07-22T12:00:04: === GCTAObservation ===
2019-07-22T12:00:04:  Name ......................: 
2019-07-22T12:00:04:  Identifier ................: 
2019-07-22T12:00:04:  Instrument ................: CTA
2019-07-22T12:00:04:  Event file ................: 
2019-07-22T12:00:04:  Event type ................: EventList
2019-07-22T12:00:04:  Statistic .................: cstat
2019-07-22T12:00:04:  Ontime ....................: 144000 s
2019-07-22T12:00:04:  Livetime ..................: 141120 s
2019-07-22T12:00:04:  Deadtime correction .......: 0.98
2019-07-22T12:00:04:  User energy range .........: undefined
2019-07-22T12:00:04: === GCTAPointing ===
2019-07-22T12:00:04:  Pointing direction ........: (RA,Dec)=(84.1331,22.0145)
2019-07-22T12:00:04: === GCTAResponseIrf ===
2019-07-22T12:00:04:  Caldb mission .............: cta
2019-07-22T12:00:04:  Caldb instrument ..........: prod3b-v2
2019-07-22T12:00:04:  Response name .............: plus_constant_AEff_South_z40_50h
2019-07-22T12:00:04:  Energy dispersion .........: Used
2019-07-22T12:00:04:  Safe energy range .........: undefined
2019-07-22T12:00:04: === GCaldb ===
2019-07-22T12:00:04:  Database root .............: /cta/carli/anaconda3/share/caldb
2019-07-22T12:00:04:  Selected Mission ..........: CTA
2019-07-22T12:00:04:  Selected Instrument .......: PROD3B-V2
2019-07-22T12:00:04:  Calibration Index File ....: /cta/carli/anaconda3/share/caldb/data/cta/prod3b-v2/caldb.indx
2019-07-22T12:00:04:  Number of entries .........: 240
2019-07-22T12:00:04: === GCTAAeff2D ===
2019-07-22T12:00:04:  Filename ..................: /cta/carli/anaconda3/share/caldb/data/cta/prod3b-v2/bcf/plus_constant_AEff_South_z40_50h/irf_file.fits
2019-07-22T12:00:04:  Number of energy bins .....: 42
2019-07-22T12:00:04:  Number of offset bins .....: 6
2019-07-22T12:00:04:  Log10(Energy) range .......: 0.0125892544165254 - 199.526229858398 TeV
2019-07-22T12:00:04:  Offset angle range ........: 0 - 6 deg
2019-07-22T12:00:04:  Lower energy threshold ....: not specified
2019-07-22T12:00:04:  Upper energy threshold ....: not specified
2019-07-22T12:00:04:  Radius cut ................: none
2019-07-22T12:00:04: === GCTAPsf2D ===
2019-07-22T12:00:04:  Filename ..................: /cta/carli/anaconda3/share/caldb/data/cta/prod3b-v2/bcf/plus_constant_AEff_South_z40_50h/irf_file.fits
2019-07-22T12:00:04:  Number of energy bins .....: 25
2019-07-22T12:00:04:  Number of offset bins .....: 6
2019-07-22T12:00:04:  Log10(Energy) range .......: 0.0125892544165254 - 1258.92541503906 TeV
2019-07-22T12:00:04:  Offset angle range ........: 0 - 6 deg
2019-07-22T12:00:04: === GCTAEdisp2D ===
2019-07-22T12:00:04:  Filename ..................: /cta/carli/anaconda3/share/caldb/data/cta/prod3b-v2/bcf/plus_constant_AEff_South_z40_50h/irf_file.fits
2019-07-22T12:00:04:  Number of energy bins .....: 500
2019-07-22T12:00:04:  Number of migration bins ..: 300
2019-07-22T12:00:04:  Number of offset bins .....: 6
2019-07-22T12:00:04:  Log10(Energy) range .......: 0.00501187238842249 - 501.187225341797 TeV
2019-07-22T12:00:04:  Migration range ...........: 0 - 3
2019-07-22T12:00:04:  Offset angle range ........: 0 - 6 deg
2019-07-22T12:00:04: === GCTABackground3D ===
2019-07-22T12:00:04:  Filename ..................: /cta/carli/anaconda3/share/caldb/data/cta/prod3b-v2/bcf/plus_constant_AEff_South_z40_50h/irf_file.fits
2019-07-22T12:00:04:  Number of DETX bins .......: 36
2019-07-22T12:00:04:  Number of DETY bins .......: 36
2019-07-22T12:00:04:  Number of energy bins .....: 21
2019-07-22T12:00:04:  DETX range ................: -6 - 6 deg
2019-07-22T12:00:04:  DETX range ................: -6 - 6 deg
2019-07-22T12:00:04:  Energy range ..............: 0.0125892544165254 - 199.526229858398 TeV
2019-07-22T12:00:04: === GCTAResponseCache ===
2019-07-22T12:00:04:  Number of cached values ...: 0
2019-07-22T12:00:04: === GCTAResponseCache ===
2019-07-22T12:00:04:  Number of cached values ...: 0
2019-07-22T12:00:04: === GCTAEventList ===
2019-07-22T12:00:04:  Number of events ..........: 0 (disposed without possibility to recover)
2019-07-22T12:00:04:  Time interval .............: 51544.5 - 51546.1666666667 days
2019-07-22T12:00:04: === GEbounds ===
2019-07-22T12:00:04:  Number of intervals .......: 1
2019-07-22T12:00:04:  Energy range ..............: 100 GeV - 199.526229858398 TeV
2019-07-22T12:00:04: === GCTARoi ===
2019-07-22T12:00:04:  RoI centre ................: RA=84.1331, DEC=22.0145 [0,0]
2019-07-22T12:00:04:  RoI radius ................: 0.8 deg
2019-07-22T12:00:04: === GSkyRegions ===
2019-07-22T12:00:04:  Number of regions .........: 0
2019-07-22T12:00:04: === GModels ===
2019-07-22T12:00:04:  Number of models ..........: 2
2019-07-22T12:00:04:  Number of parameters ......: 11
2019-07-22T12:00:04: === GModelSky ===
2019-07-22T12:00:04:  Name ......................: source2a
2019-07-22T12:00:04:  Instruments ...............: all
2019-07-22T12:00:04:  Test Statistic ............: Computation requested
2019-07-22T12:00:04:  Observation identifiers ...: all
2019-07-22T12:00:04:  Model type ................: PointSource
2019-07-22T12:00:04:  Model components ..........: "PointSource" * "ExponentialCutoffPowerLaw" * "Constant"
2019-07-22T12:00:04:  Number of parameters ......: 7
2019-07-22T12:00:04:  Number of spatial par's ...: 2
2019-07-22T12:00:04:   RA .......................: 83.6331 [-360,360] deg (fixed,scale=1)
2019-07-22T12:00:04:   DEC ......................: 22.0145 [-90,90] deg (fixed,scale=1)
2019-07-22T12:00:04:  Number of spectral par's ..: 4
2019-07-22T12:00:04:   Prefactor ................: 7.6e-19 +/- 0 [1e-26,1e-16] ph/cm2/s/MeV (free,scale=1e-19,gradient)
2019-07-22T12:00:04:   Index ....................: -2 +/- 0 [-0,-5]  (free,scale=-1,gradient)
2019-07-22T12:00:04:   CutoffEnergy .............: 100000000 +/- 0 [1000000,100000000000] MeV (free,scale=100000000,gradient)
2019-07-22T12:00:04:   PivotEnergy ..............: 1000000 [10000,1000000000] MeV (fixed,scale=1000000,gradient)
2019-07-22T12:00:04:  Number of temporal par's ..: 1
2019-07-22T12:00:04:   Normalization ............: 1 (relative value) (fixed,scale=1,gradient)
2019-07-22T12:00:04:  Number of scale par's .....: 0
2019-07-22T12:00:04: === GCTAModelIrfBackground ===
2019-07-22T12:00:04:  Name ......................: CTABackgroundModel
2019-07-22T12:00:04:  Instruments ...............: CTA
2019-07-22T12:00:04:  Test Statistic ............: Computation requested
2019-07-22T12:00:04:  Observation identifiers ...: all
2019-07-22T12:00:04:  Model type ................: "PowerLaw" * "Constant"
2019-07-22T12:00:04:  Number of parameters ......: 4
2019-07-22T12:00:04:  Number of spectral par's ..: 3
2019-07-22T12:00:04:   Prefactor ................: 1 +/- 0 [0.001,1000] ph/cm2/s/MeV (free,scale=1,gradient)
2019-07-22T12:00:04:   Index ....................: 0 +/- 0 [-5,5]  (free,scale=1,gradient)
2019-07-22T12:00:04:   PivotEnergy ..............: 1000000 [10000,1000000000] MeV (fixed,scale=1000000,gradient)
2019-07-22T12:00:04:  Number of temporal par's ..: 1
2019-07-22T12:00:04:   Normalization ............: 1 (relative value) (fixed,scale=1,gradient)
2019-07-22T12:00:04: 
2019-07-22T12:00:04: +======================+
2019-07-22T12:00:04: | Simulate observation |
2019-07-22T12:00:04: +======================+
2019-07-22T12:00:04: === CTA observation ===
2019-07-22T12:00:04:  Simulation cone ...........: RA=84.1331 deg, Dec=22.0145 deg, radius=1.3 deg
2019-07-22T12:00:04:  Time interval .............: 0 - 144000 s
2019-07-22T12:00:04:  Photon energy range .......: 41.1040776139221 GeV - 509.274482994276 GeV
2019-07-22T12:00:04:  Event energy range ........: 100 GeV - 213.796208774656 GeV
2019-07-22T12:00:04:   Simulation area ..........: 1.3099e+10 cm2
2019-07-22T12:00:04:   Use model ................: source2a
2019-07-22T12:00:04:   Normalization ............: 1 [source2a]
2019-07-22T12:00:04:   Flux .....................: 1.69782e-11 [source2a] photons/cm2/s
2019-07-22T12:00:04:   Normalized flux ..........: 1.69782e-11 [source2a] photons/cm2/s
2019-07-22T12:00:04:   Photon rate ..............: 0.222397 photons/s [source2a]
2019-07-22T12:00:04:   Time slice ...............: 0 - 144000 s [source2a]
2019-07-22T12:00:04:   MC source photons/slice ..: 32292 [source2a]
2019-07-22T12:00:04:   MC source photons ........: 32292 [source2a]
2019-07-22T12:00:04:   MC source events .........: 1183 [source2a]
2019-07-22T12:00:04:   MC source events .........: 1183 (all source models)
2019-07-22T12:00:04:  Photon energy range .......: 100.88253715168 GeV - 860.678033986988 GeV
2019-07-22T12:00:04:  Event energy range ........: 213.796208774656 GeV - 457.088188864163 GeV
2019-07-22T12:00:04:   Simulation area ..........: 1.96597e+10 cm2
2019-07-22T12:00:04:   Use model ................: source2a
2019-07-22T12:00:04:   Normalization ............: 1 [source2a]
2019-07-22T12:00:04:   Flux .....................: 6.63423e-12 [source2a] photons/cm2/s
2019-07-22T12:00:04:   Normalized flux ..........: 6.63423e-12 [source2a] photons/cm2/s
2019-07-22T12:00:04:   Photon rate ..............: 0.130427 photons/s [source2a]
2019-07-22T12:00:04:   Time slice ...............: 0 - 144000 s [source2a]
2019-07-22T12:00:04:   MC source photons/slice ..: 18719 [source2a]
2019-07-22T12:00:04:   MC source photons ........: 18719 [source2a]
2019-07-22T12:00:04:   MC source events .........: 1215 [source2a]
2019-07-22T12:00:04:   MC source events .........: 1215 (all source models)
2019-07-22T12:00:04:  Photon energy range .......: 265.018144252 GeV - 1.57081442112741 TeV
2019-07-22T12:00:04:  Event energy range ........: 457.088188864163 GeV - 977.237218548317 GeV
2019-07-22T12:00:04:   Simulation area ..........: 3.79845e+10 cm2
2019-07-22T12:00:04:   Use model ................: source2a
2019-07-22T12:00:04:   Normalization ............: 1 [source2a]
2019-07-22T12:00:04:   Flux .....................: 2.37043e-12 [source2a] photons/cm2/s
2019-07-22T12:00:04:   Normalized flux ..........: 2.37043e-12 [source2a] photons/cm2/s
2019-07-22T12:00:04:   Photon rate ..............: 0.0900395 photons/s [source2a]
2019-07-22T12:00:04:   Time slice ...............: 0 - 144000 s [source2a]
2019-07-22T12:00:04:   MC source photons/slice ..: 12895 [source2a]
2019-07-22T12:00:04:   MC source photons ........: 12895 [source2a]
2019-07-22T12:00:04:   MC source events .........: 923 [source2a]
2019-07-22T12:00:04:   MC source events .........: 923 (all source models)
2019-07-22T12:00:04:  Photon energy range .......: 625.275670425715 GeV - 3.04099144442538 TeV
2019-07-22T12:00:04:  Event energy range ........: 977.237218548317 GeV - 2.0892961239912 TeV
2019-07-22T12:00:04:   Simulation area ..........: 5.9366e+10 cm2
2019-07-22T12:00:04:   Use model ................: source2a
2019-07-22T12:00:04:   Normalization ............: 1 [source2a]
2019-07-22T12:00:04:   Flux .....................: 9.53617e-13 [source2a] photons/cm2/s
2019-07-22T12:00:04:   Normalized flux ..........: 9.53617e-13 [source2a] photons/cm2/s
2019-07-22T12:00:04:   Photon rate ..............: 0.0566125 photons/s [source2a]
2019-07-22T12:00:04:   Time slice ...............: 0 - 144000 s [source2a]
2019-07-22T12:00:04:   MC source photons/slice ..: 8249 [source2a]
2019-07-22T12:00:04:   MC source photons ........: 8249 [source2a]
2019-07-22T12:00:04:   MC source events .........: 946 [source2a]
2019-07-22T12:00:04:   MC source events .........: 946 (all source models)
2019-07-22T12:00:04:  Photon energy range .......: 1.52598487124743 TeV - 6.09062686094979 TeV
2019-07-22T12:00:04:  Event energy range ........: 2.0892961239912 TeV - 4.46683590316902 TeV
2019-07-22T12:00:04:   Simulation area ..........: 7.3196e+10 cm2
2019-07-22T12:00:04:   Use model ................: source2a
2019-07-22T12:00:04:   Normalization ............: 1 [source2a]
2019-07-22T12:00:04:   Flux .....................: 3.62909e-13 [source2a] photons/cm2/s
2019-07-22T12:00:04:   Normalized flux ..........: 3.62909e-13 [source2a] photons/cm2/s
2019-07-22T12:00:04:   Photon rate ..............: 0.0265635 photons/s [source2a]
2019-07-22T12:00:04:   Time slice ...............: 0 - 144000 s [source2a]
2019-07-22T12:00:04:   MC source photons/slice ..: 3786 [source2a]
2019-07-22T12:00:04:   MC source photons ........: 3786 [source2a]
2019-07-22T12:00:04:   MC source events .........: 730 [source2a]
2019-07-22T12:00:04:   MC source events .........: 730 (all source models)
2019-07-22T12:00:04:  Photon energy range .......: 3.46329780546817 TeV - 13.5112010225502 TeV
2019-07-22T12:00:04:  Event energy range ........: 4.46683590316902 TeV - 9.54992581316053 TeV
2019-07-22T12:00:04:   Simulation area ..........: 9.1004e+10 cm2
2019-07-22T12:00:04:   Use model ................: source2a
2019-07-22T12:00:04:   Normalization ............: 1 [source2a]
2019-07-22T12:00:04:   Flux .....................: 1.5322e-13 [source2a] photons/cm2/s
2019-07-22T12:00:04:   Normalized flux ..........: 1.5322e-13 [source2a] photons/cm2/s
2019-07-22T12:00:04:   Photon rate ..............: 0.0139436 photons/s [source2a]
2019-07-22T12:00:04:   Time slice ...............: 0 - 144000 s [source2a]
2019-07-22T12:00:04:   MC source photons/slice ..: 2011 [source2a]
2019-07-22T12:00:04:   MC source photons ........: 2011 [source2a]
2019-07-22T12:00:04:   MC source events .........: 424 [source2a]
2019-07-22T12:00:04:   MC source events .........: 424 (all source models)
2019-07-22T12:00:04:  Photon energy range .......: 7.57686977261953 TeV - 27.092165885067 TeV
2019-07-22T12:00:04:  Event energy range ........: 9.54992581316053 TeV - 20.4173793293294 TeV
2019-07-22T12:00:04:   Simulation area ..........: 1.17786e+11 cm2
2019-07-22T12:00:04:   Use model ................: source2a
2019-07-22T12:00:04:   Normalization ............: 1 [source2a]
2019-07-22T12:00:04:   Flux .....................: 6.32701e-14 [source2a] photons/cm2/s
2019-07-22T12:00:04:   Normalized flux ..........: 6.32701e-14 [source2a] photons/cm2/s
2019-07-22T12:00:04:   Photon rate ..............: 0.00745233 photons/s [source2a]
2019-07-22T12:00:04:   Time slice ...............: 0 - 144000 s [source2a]
2019-07-22T12:00:04:   MC source photons/slice ..: 1042 [source2a]
2019-07-22T12:00:04:   MC source photons ........: 1042 [source2a]
2019-07-22T12:00:04:   MC source events .........: 247 [source2a]
2019-07-22T12:00:04:   MC source events .........: 247 (all source models)
2019-07-22T12:00:04:  Photon energy range .......: 15.830324777243 TeV - 56.4077240740645 TeV
2019-07-22T12:00:04:  Event energy range ........: 20.4173793293294 TeV - 43.6515829372465 TeV
2019-07-22T12:00:04:   Simulation area ..........: 1.22909e+11 cm2
2019-07-22T12:00:04:   Use model ................: source2a
2019-07-22T12:00:04:   Normalization ............: 1 [source2a]
2019-07-22T12:00:04:   Flux .....................: 2.6252e-14 [source2a] photons/cm2/s
2019-07-22T12:00:04:   Normalized flux ..........: 2.6252e-14 [source2a] photons/cm2/s
2019-07-22T12:00:04:   Photon rate ..............: 0.0032266 photons/s [source2a]
2019-07-22T12:00:04:   Time slice ...............: 0 - 144000 s [source2a]
2019-07-22T12:00:04:   MC source photons/slice ..: 449 [source2a]
2019-07-22T12:00:04:   MC source photons ........: 449 [source2a]
2019-07-22T12:00:04:   MC source events .........: 109 [source2a]
2019-07-22T12:00:04:   MC source events .........: 109 (all source models)
2019-07-22T12:00:04:  Photon energy range .......: 34.3839906563315 TeV - 116.046716746149 TeV
2019-07-22T12:00:04:  Event energy range ........: 43.6515829372465 TeV - 93.3254293899579 TeV
2019-07-22T12:00:04:   Simulation area ..........: 1.51646e+11 cm2
2019-07-22T12:00:04:   Use model ................: source2a
2019-07-22T12:00:04:   Normalization ............: 1 [source2a]
2019-07-22T12:00:04:   Flux .....................: 8.77079e-15 [source2a] photons/cm2/s
2019-07-22T12:00:04:   Normalized flux ..........: 8.77079e-15 [source2a] photons/cm2/s
2019-07-22T12:00:04:   Photon rate ..............: 0.00133006 photons/s [source2a]
2019-07-22T12:00:04:   Time slice ...............: 0 - 144000 s [source2a]
2019-07-22T12:00:04:   MC source photons/slice ..: 206 [source2a]
2019-07-22T12:00:04:   MC source photons ........: 206 [source2a]
2019-07-22T12:00:04:   MC source events .........: 33 [source2a]
2019-07-22T12:00:04:   MC source events .........: 33 (all source models)
2019-07-22T12:00:04:  Photon energy range .......: 79.1906822067056 TeV - 239.08155027665 TeV
2019-07-22T12:00:04:  Event energy range ........: 93.3254293899579 TeV - 199.526229858398 TeV
2019-07-22T12:00:04:   Simulation area ..........: 1.67706e+11 cm2
2019-07-22T12:00:04:   Use model ................: source2a
2019-07-22T12:00:04:   Normalization ............: 1 [source2a]
2019-07-22T12:00:04:   Flux .....................: 1.87966e-15 [source2a] photons/cm2/s
2019-07-22T12:00:04:   Normalized flux ..........: 1.87966e-15 [source2a] photons/cm2/s
2019-07-22T12:00:04:   Photon rate ..............: 0.00031523 photons/s [source2a]
2019-07-22T12:00:04:   Time slice ...............: 0 - 144000 s [source2a]
2019-07-22T12:00:04:   MC source photons/slice ..: 47 [source2a]
2019-07-22T12:00:04:   MC source photons ........: 47 [source2a]
2019-07-22T12:00:04:   MC source events .........: 10 [source2a]
2019-07-22T12:00:04:   MC source events .........: 10 (all source models)
2019-07-22T12:00:04:  MC source photons .........: 79696 [source2a]
2019-07-22T12:00:04:  MC source events ..........: 5820 [source2a]
2019-07-22T12:00:21:  MC events outside ROI .....: 0
2019-07-22T12:00:21:  MC background events ......: 303815
2019-07-22T12:00:21:  MC identifier 1 ...........: source2a
2019-07-22T12:00:21:  MC identifier 2 ...........: CTABackgroundModel
2019-07-22T12:00:21:  MC events .................: 309635 (all models)
2019-07-22T12:00:22: 
2019-07-22T12:00:22: +==================+
2019-07-22T12:00:22: | Save observation |
2019-07-22T12:00:22: +==================+
2019-07-22T12:00:22: 
2019-07-22T12:00:22: Application "ctobssim" terminated after 19 wall clock seconds, consuming 18.37 seconds of CPU time.
