2019-07-25T09:55:18: ********************************************************************************
2019-07-25T09:55:18: *                                    cterror                                   *
2019-07-25T09:55:18: * ---------------------------------------------------------------------------- *
2019-07-25T09:55:18: * Version: 1.6.0                                                               *
2019-07-25T09:55:18: ********************************************************************************
2019-07-25T09:55:19: +============+
2019-07-25T09:55:19: | Parameters |
2019-07-25T09:55:19: +============+
2019-07-25T09:55:19:  inobs .....................: /cta/carli/CPPM_Internship/Simulations_and_Analyses/minus_step_AEff_South_z40_50h/source2c/obs_cube.fits
2019-07-25T09:55:19:  inmodel ...................: /cta/carli/CPPM_Internship/Simulations_and_Analyses/minus_step_AEff_South_z40_50h/source2c/obsmodel_binned.xml
2019-07-25T09:55:19:  srcname ...................: source2c
2019-07-25T09:55:19:  expcube ...................: /cta/carli/CPPM_Internship/Simulations_and_Analyses/minus_step_AEff_South_z40_50h/source2c/exposure_cube.fits
2019-07-25T09:55:19:  psfcube ...................: /cta/carli/CPPM_Internship/Simulations_and_Analyses/minus_step_AEff_South_z40_50h/source2c/PSF_cube.fits
2019-07-25T09:55:19:  edispcube .................: /cta/carli/CPPM_Internship/Simulations_and_Analyses/minus_step_AEff_South_z40_50h/source2c/edisp_cube.fits
2019-07-25T09:55:19:  bkgcube ...................: /cta/carli/CPPM_Internship/Simulations_and_Analyses/minus_step_AEff_South_z40_50h/source2c/background_cube.fits
2019-07-25T09:55:19:  caldb .....................: prod3b-v2
2019-07-25T09:55:19:  irf .......................: minus_step_AEff_South_z40_50h
2019-07-25T09:55:19:  edisp .....................: yes
2019-07-25T09:55:19:  outmodel ..................: 
2019-07-25T09:55:19:  confidence ................: 0.68
2019-07-25T09:55:19:  tol .......................: 1e-3
2019-07-25T09:55:19:  statistic .................: DEFAULT
2019-07-25T09:55:19:  like_accuracy .............: 0.005
2019-07-25T09:55:19:  max_iter ..................: 50
2019-07-25T09:55:19:  nthreads ..................: 0
2019-07-25T09:55:19:  chatter ...................: 4
2019-07-25T09:55:19:  clobber ...................: yes
2019-07-25T09:55:19:  debug .....................: no
2019-07-25T09:55:19:  mode ......................: ql
2019-07-25T09:55:19:  logfile ...................: cterror68.log
2019-07-25T09:55:19: 
2019-07-25T09:55:19: +===================+
2019-07-25T09:55:19: | Input observation |
2019-07-25T09:55:19: +===================+
2019-07-25T09:55:19: === GObservations ===
2019-07-25T09:55:19:  Number of observations ....: 1
2019-07-25T09:55:19:  Number of models ..........: 2
2019-07-25T09:55:19:  Number of observed events .: 320050
2019-07-25T09:55:19:  Number of predicted events : 0
2019-07-25T09:55:19: === GCTAObservation ===
2019-07-25T09:55:19:  Name ......................: 
2019-07-25T09:55:19:  Identifier ................: 000001
2019-07-25T09:55:19:  Instrument ................: CTA
2019-07-25T09:55:19:  Event file ................: /cta/carli/CPPM_Internship/Simulations_and_Analyses/minus_step_AEff_South_z40_50h/source2c/obs_cube.fits
2019-07-25T09:55:19:  Event type ................: CountsCube
2019-07-25T09:55:19:  Statistic .................: cstat
2019-07-25T09:55:19:  Ontime ....................: 144000 s
2019-07-25T09:55:19:  Livetime ..................: 141120 s
2019-07-25T09:55:19:  Deadtime correction .......: 0.98
2019-07-25T09:55:19:  User energy range .........: undefined
2019-07-25T09:55:19: === GCTAPointing ===
2019-07-25T09:55:19:  Pointing direction ........: (RA,Dec)=(84.1331,22.0145)
2019-07-25T09:55:19: === GCTAResponseCube ===
2019-07-25T09:55:19:  Energy dispersion .........: Used
2019-07-25T09:55:19: === GCTACubeExposure ===
2019-07-25T09:55:19:  Filename ..................: /cta/carli/CPPM_Internship/Simulations_and_Analyses/minus_step_AEff_South_z40_50h/source2c/exposure_cube.fits
2019-07-25T09:55:19:  Livetime ..................: 141120 sec
2019-07-25T09:55:19: === GEnergies ===
2019-07-25T09:55:19:  Number of energies ........: 33
2019-07-25T09:55:19: === GGti ===
2019-07-25T09:55:19:  Number of intervals .......: 1
2019-07-25T09:55:19:  Ontime ....................: 144000 sec
2019-07-25T09:55:19:  Elapsed time ..............: 144000 sec
2019-07-25T09:55:19:  MJD range .................: 51544.5 - 51546.1666666667 s (TT)
2019-07-25T09:55:19:  UTC range .................: 2000-01-01T11:58:56 - 2000-01-03T03:58:56 s (TT)
2019-07-25T09:55:19:  Reference MJD .............: 51544.5
2019-07-25T09:55:19: === GSkyMap ===
2019-07-25T09:55:19:  Number of pixels ..........: 6400
2019-07-25T09:55:19:  X axis dimension ..........: 80
2019-07-25T09:55:19:  Y axis dimension ..........: 80
2019-07-25T09:55:19:  Number of maps ............: 33
2019-07-25T09:55:19:  Shape of maps .............: (33)
2019-07-25T09:55:19: === GCTACubePsf ===
2019-07-25T09:55:19:  Filename ..................: /cta/carli/CPPM_Internship/Simulations_and_Analyses/minus_step_AEff_South_z40_50h/source2c/PSF_cube.fits
2019-07-25T09:55:19: === GEnergies ===
2019-07-25T09:55:19:  Number of energies ........: 33
2019-07-25T09:55:19:  Number of delta bins ......: 200
2019-07-25T09:55:19:  Delta range ...............: 1.875e-06 - 0.298501875 deg
2019-07-25T09:55:19: === GSkyMap ===
2019-07-25T09:55:19:  Number of pixels ..........: 1
2019-07-25T09:55:19:  X axis dimension ..........: 1
2019-07-25T09:55:19:  Y axis dimension ..........: 1
2019-07-25T09:55:19:  Number of maps ............: 6600
2019-07-25T09:55:19:  Shape of maps .............: (200, 33)
2019-07-25T09:55:19: === GCTACubeEdisp ===
2019-07-25T09:55:19:  Filename ..................: /cta/carli/CPPM_Internship/Simulations_and_Analyses/minus_step_AEff_South_z40_50h/source2c/edisp_cube.fits
2019-07-25T09:55:19: === GEnergies ===
2019-07-25T09:55:19:  Number of energies ........: 33
2019-07-25T09:55:19:  Number of migra bins ......: 100
2019-07-25T09:55:19:  Migra range ...............: 0.02 - 2
2019-07-25T09:55:19: === GSkyMap ===
2019-07-25T09:55:19:  Number of pixels ..........: 1
2019-07-25T09:55:19:  X axis dimension ..........: 1
2019-07-25T09:55:19:  Y axis dimension ..........: 1
2019-07-25T09:55:19:  Number of maps ............: 3300
2019-07-25T09:55:19:  Shape of maps .............: (100, 33)
2019-07-25T09:55:19: === GCTACubeBackground ===
2019-07-25T09:55:19:  Filename ..................: /cta/carli/CPPM_Internship/Simulations_and_Analyses/minus_step_AEff_South_z40_50h/source2c/background_cube.fits
2019-07-25T09:55:19: === GEbounds ===
2019-07-25T09:55:19:  Number of intervals .......: 32
2019-07-25T09:55:19:  Energy range ..............: 100 GeV - 199.526229858398 TeV
2019-07-25T09:55:19: === GSkyMap ===
2019-07-25T09:55:19:  Number of pixels ..........: 6400
2019-07-25T09:55:19:  X axis dimension ..........: 80
2019-07-25T09:55:19:  Y axis dimension ..........: 80
2019-07-25T09:55:19:  Number of maps ............: 32
2019-07-25T09:55:19:  Shape of maps .............: (32)
2019-07-25T09:55:19: === GCTAResponseCache ===
2019-07-25T09:55:19:  Number of cached values ...: 0
2019-07-25T09:55:19: === GCTAEventCube ===
2019-07-25T09:55:19:  Number of events ..........: 320050
2019-07-25T09:55:19:  Number of elements ........: 204800
2019-07-25T09:55:19:  Number of pixels ..........: 6400
2019-07-25T09:55:19:  Number of energy bins .....: 32
2019-07-25T09:55:19:  Time interval .............: 51544.5 - 51546.1666666667 days
2019-07-25T09:55:19:  Pointing ..................: (RA,Dec)=(84.1331,22.0145)
2019-07-25T09:55:19: === GEbounds ===
2019-07-25T09:55:19:  Number of intervals .......: 32
2019-07-25T09:55:19:  Energy range ..............: 100 GeV - 199.526229858398 TeV
2019-07-25T09:55:19: === GSkyMap ===
2019-07-25T09:55:19:  Number of pixels ..........: 6400
2019-07-25T09:55:19:  X axis dimension ..........: 80
2019-07-25T09:55:19:  Y axis dimension ..........: 80
2019-07-25T09:55:19:  Number of maps ............: 32
2019-07-25T09:55:19:  Shape of maps .............: (32)
2019-07-25T09:55:19: === GSkyRegions ===
2019-07-25T09:55:19:  Number of regions .........: 0
2019-07-25T09:55:19: === GModels ===
2019-07-25T09:55:19:  Number of models ..........: 2
2019-07-25T09:55:19:  Number of parameters ......: 11
2019-07-25T09:55:19: === GModelSky ===
2019-07-25T09:55:19:  Name ......................: source2c
2019-07-25T09:55:19:  Instruments ...............: all
2019-07-25T09:55:19:  Test Statistic ............: 66774.121
2019-07-25T09:55:19:  Observation identifiers ...: all
2019-07-25T09:55:19:  Model type ................: PointSource
2019-07-25T09:55:19:  Model components ..........: "PointSource" * "ExponentialCutoffPowerLaw" * "Constant"
2019-07-25T09:55:19:  Number of parameters ......: 7
2019-07-25T09:55:19:  Number of spatial par's ...: 2
2019-07-25T09:55:19:   RA .......................: 83.6331 [-360,360] deg (fixed,scale=1)
2019-07-25T09:55:19:   DEC ......................: 22.0145 [-90,90] deg (fixed,scale=1)
2019-07-25T09:55:19:  Number of spectral par's ..: 4
2019-07-25T09:55:19:   Prefactor ................: 2.26802179191012e-18 [1e-25,1e-15] ph/cm2/s/MeV (fixed,scale=1e-18,gradient)
2019-07-25T09:55:19:   Index ....................: -2.00158591951321 [-0,-5]  (fixed,scale=-1,gradient)
2019-07-25T09:55:19:   CutoffEnergy .............: 136135640.517009 +/- 21870040.4085932 [1000000,100000000000] MeV (free,scale=100000000,gradient)
2019-07-25T09:55:19:   PivotEnergy ..............: 1000000 [10000,1000000000] MeV (fixed,scale=1000000,gradient)
2019-07-25T09:55:19:  Number of temporal par's ..: 1
2019-07-25T09:55:19:   Normalization ............: 1 (relative value) (fixed,scale=1,gradient)
2019-07-25T09:55:19:  Number of scale par's .....: 0
2019-07-25T09:55:19: === GCTAModelCubeBackground ===
2019-07-25T09:55:19:  Name ......................: BackgroundModel
2019-07-25T09:55:19:  Instruments ...............: CTA, HESS, MAGIC, VERITAS
2019-07-25T09:55:19:  Observation identifiers ...: all
2019-07-25T09:55:19:  Model type ................: "PowerLaw" * "Constant"
2019-07-25T09:55:19:  Number of parameters ......: 4
2019-07-25T09:55:19:  Number of spectral par's ..: 3
2019-07-25T09:55:19:   Prefactor ................: 0.992252882761242 [0.01,100] ph/cm2/s/MeV (fixed,scale=1,gradient)
2019-07-25T09:55:19:   Index ....................: -0.00411687361250029 [-5,5]  (fixed,scale=1,gradient)
2019-07-25T09:55:19:   PivotEnergy ..............: 1000000 MeV (fixed,scale=1000000,gradient)
2019-07-25T09:55:19:  Number of temporal par's ..: 1
2019-07-25T09:55:19:   Normalization ............: 1 (relative value) (fixed,scale=1,gradient)
2019-07-25T09:55:19: 
2019-07-25T09:55:19: +=============================+
2019-07-25T09:55:19: | Compute best-fit likelihood |
2019-07-25T09:55:19: +=============================+
2019-07-25T09:56:50: === GOptimizerLM ===
2019-07-25T09:56:50:  Optimized function value ..: -333726.765
2019-07-25T09:56:50:  Absolute precision ........: 0.005
2019-07-25T09:56:50:  Acceptable value decrease .: 2
2019-07-25T09:56:50:  Optimization status .......: converged
2019-07-25T09:56:50:  Number of parameters ......: 11
2019-07-25T09:56:50:  Number of free parameters .: 1
2019-07-25T09:56:50:  Number of iterations ......: 1
2019-07-25T09:56:50:  Lambda ....................: 0.0001
2019-07-25T09:56:50:  Maximum log likelihood ....: -333726.765
2019-07-25T09:56:50: === GModels ===
2019-07-25T09:56:50:  Number of models ..........: 2
2019-07-25T09:56:50:  Number of parameters ......: 11
2019-07-25T09:56:50: === GModelSky ===
2019-07-25T09:56:50:  Name ......................: source2c
2019-07-25T09:56:50:  Instruments ...............: all
2019-07-25T09:56:50:  Test Statistic ............: 66774.121
2019-07-25T09:56:50:  Observation identifiers ...: all
2019-07-25T09:56:50:  Model type ................: PointSource
2019-07-25T09:56:50:  Model components ..........: "PointSource" * "ExponentialCutoffPowerLaw" * "Constant"
2019-07-25T09:56:50:  Number of parameters ......: 7
2019-07-25T09:56:50:  Number of spatial par's ...: 2
2019-07-25T09:56:50:   RA .......................: 83.6331 [-360,360] deg (fixed,scale=1)
2019-07-25T09:56:50:   DEC ......................: 22.0145 [-90,90] deg (fixed,scale=1)
2019-07-25T09:56:50:  Number of spectral par's ..: 4
2019-07-25T09:56:50:   Prefactor ................: 2.26802179191012e-18 [1e-25,1e-15] ph/cm2/s/MeV (fixed,scale=1e-18,gradient)
2019-07-25T09:56:50:   Index ....................: -2.00158591951321 [-0,-5]  (fixed,scale=-1,gradient)
2019-07-25T09:56:50:   CutoffEnergy .............: 136157899.088298 +/- 15488209.8690712 [1000000,100000000000] MeV (free,scale=100000000,gradient)
2019-07-25T09:56:50:   PivotEnergy ..............: 1000000 [10000,1000000000] MeV (fixed,scale=1000000,gradient)
2019-07-25T09:56:50:  Number of temporal par's ..: 1
2019-07-25T09:56:50:   Normalization ............: 1 (relative value) (fixed,scale=1,gradient)
2019-07-25T09:56:50:  Number of scale par's .....: 0
2019-07-25T09:56:50: === GCTAModelCubeBackground ===
2019-07-25T09:56:50:  Name ......................: BackgroundModel
2019-07-25T09:56:50:  Instruments ...............: CTA, HESS, MAGIC, VERITAS
2019-07-25T09:56:50:  Observation identifiers ...: all
2019-07-25T09:56:50:  Model type ................: "PowerLaw" * "Constant"
2019-07-25T09:56:50:  Number of parameters ......: 4
2019-07-25T09:56:50:  Number of spectral par's ..: 3
2019-07-25T09:56:50:   Prefactor ................: 0.992252882761242 [0.01,100] ph/cm2/s/MeV (fixed,scale=1,gradient)
2019-07-25T09:56:50:   Index ....................: -0.00411687361250029 [-5,5]  (fixed,scale=1,gradient)
2019-07-25T09:56:50:   PivotEnergy ..............: 1000000 MeV (fixed,scale=1000000,gradient)
2019-07-25T09:56:50:  Number of temporal par's ..: 1
2019-07-25T09:56:50:   Normalization ............: 1 (relative value) (fixed,scale=1,gradient)
2019-07-25T09:56:50: 
2019-07-25T09:56:50: +==============================================================+
2019-07-25T09:56:50: | Compute error for source "source2c" parameter "CutoffEnergy" |
2019-07-25T09:56:50: +==============================================================+
2019-07-25T09:56:50:  Confidence level ..........: 68 %
2019-07-25T09:56:50:  Log-likelihood difference .: 0.494473
2019-07-25T09:56:50:  Initial factor range ......: [0.01, 2.9103999777901]
2019-07-25T09:57:00:    Iteration 1 .............: [0.01, 1.36157899088298]
2019-07-25T09:57:11:    Iteration 2 .............: [0.685789495441492, 1.36157899088298]
2019-07-25T09:57:21:    Iteration 3 .............: [1.02368424316224, 1.36157899088298]
2019-07-25T09:57:31:    Iteration 4 .............: [1.19263161702261, 1.36157899088298]
2019-07-25T09:57:41:    Iteration 5 .............: [1.19263161702261, 1.2771053039528]
2019-07-25T09:57:52:    Iteration 6 .............: [1.19263161702261, 1.2348684604877]
2019-07-25T09:58:02:    Iteration 7 .............: [1.21375003875516, 1.2348684604877]
2019-07-25T09:58:12:    Iteration 8 .............: [1.21375003875516, 1.22430924962143]
2019-07-25T09:58:22:    Iteration 9 .............: [1.21375003875516, 1.21902964418829]
2019-07-25T09:58:32:    Iteration 10 ............: [1.21638984147173, 1.21902964418829]
2019-07-25T09:58:42:    Iteration 11 ............: [1.21770974283001, 1.21902964418829]
2019-07-25T09:58:52:    Iteration 1 .............: [1.36157899088298, 2.9103999777901]
2019-07-25T09:59:02:    Iteration 2 .............: [1.36157899088298, 2.13598948433654]
2019-07-25T09:59:13:    Iteration 3 .............: [1.36157899088298, 1.74878423760976]
2019-07-25T09:59:23:    Iteration 4 .............: [1.36157899088298, 1.55518161424637]
2019-07-25T09:59:33:    Iteration 5 .............: [1.45838030256468, 1.55518161424637]
2019-07-25T09:59:43:    Iteration 6 .............: [1.50678095840553, 1.55518161424637]
2019-07-25T09:59:53:    Iteration 7 .............: [1.53098128632595, 1.55518161424637]
2019-07-25T10:00:04:    Iteration 8 .............: [1.53098128632595, 1.54308145028616]
2019-07-25T10:00:15:    Iteration 9 .............: [1.53703136830606, 1.54308145028616]
2019-07-25T10:00:25:    Iteration 10 ............: [1.53703136830606, 1.54005640929611]
2019-07-25T10:00:34:    Iteration 11 ............: [1.53854388880108, 1.54005640929611]
2019-07-25T10:00:45:    Iteration 12 ............: [1.53854388880108, 1.5393001490486]
2019-07-25T10:00:45:  Lower parameter factor ....: 1.21837
2019-07-25T10:00:45:  Upper parameter factor ....: 1.53892
2019-07-25T10:00:45:  Error from curvature ......: 15488209.8690712 MeV
2019-07-25T10:00:45:  Error from profile ........: 16027616.2707844 MeV
2019-07-25T10:00:45:  Negative profile error ....: 14320929.7373832 MeV
2019-07-25T10:00:45:  Positive profile error ....: 17734302.8041855 MeV
2019-07-25T10:00:45: 
2019-07-25T10:00:45: +==============+
2019-07-25T10:00:45: | Save results |
2019-07-25T10:00:45: +==============+
2019-07-25T10:00:45:  Model definition file .....: NONE
2019-07-25T10:00:45: 
2019-07-25T10:00:45: Application "cterror" terminated after 327 wall clock seconds, consuming 394.55 seconds of CPU time.
