2019-07-25T11:11:46: ********************************************************************************
2019-07-25T11:11:46: *                                    cterror                                   *
2019-07-25T11:11:46: * ---------------------------------------------------------------------------- *
2019-07-25T11:11:46: * Version: 1.6.0                                                               *
2019-07-25T11:11:46: ********************************************************************************
2019-07-25T11:11:46: +============+
2019-07-25T11:11:46: | Parameters |
2019-07-25T11:11:46: +============+
2019-07-25T11:11:46:  inobs .....................: /cta/carli/CPPM_Internship/Simulations_and_Analyses/plus_gradient_AEff_South_z40_50h/source3c/obs_cube.fits
2019-07-25T11:11:46:  inmodel ...................: /cta/carli/CPPM_Internship/Simulations_and_Analyses/plus_gradient_AEff_South_z40_50h/source3c/obsmodel_binned.xml
2019-07-25T11:11:46:  srcname ...................: source3c
2019-07-25T11:11:46:  expcube ...................: /cta/carli/CPPM_Internship/Simulations_and_Analyses/plus_gradient_AEff_South_z40_50h/source3c/exposure_cube.fits
2019-07-25T11:11:46:  psfcube ...................: /cta/carli/CPPM_Internship/Simulations_and_Analyses/plus_gradient_AEff_South_z40_50h/source3c/PSF_cube.fits
2019-07-25T11:11:46:  edispcube .................: /cta/carli/CPPM_Internship/Simulations_and_Analyses/plus_gradient_AEff_South_z40_50h/source3c/edisp_cube.fits
2019-07-25T11:11:46:  bkgcube ...................: /cta/carli/CPPM_Internship/Simulations_and_Analyses/plus_gradient_AEff_South_z40_50h/source3c/background_cube.fits
2019-07-25T11:11:46:  caldb .....................: prod3b-v2
2019-07-25T11:11:46:  irf .......................: plus_gradient_AEff_South_z40_50h
2019-07-25T11:11:46:  edisp .....................: yes
2019-07-25T11:11:46:  outmodel ..................: 
2019-07-25T11:11:46:  confidence ................: 0.68
2019-07-25T11:11:46:  tol .......................: 1e-3
2019-07-25T11:11:46:  statistic .................: DEFAULT
2019-07-25T11:11:46:  like_accuracy .............: 0.005
2019-07-25T11:11:46:  max_iter ..................: 50
2019-07-25T11:11:46:  nthreads ..................: 0
2019-07-25T11:11:46:  chatter ...................: 4
2019-07-25T11:11:46:  clobber ...................: yes
2019-07-25T11:11:46:  debug .....................: no
2019-07-25T11:11:46:  mode ......................: ql
2019-07-25T11:11:46:  logfile ...................: cterror68.log
2019-07-25T11:11:46: 
2019-07-25T11:11:46: +===================+
2019-07-25T11:11:46: | Input observation |
2019-07-25T11:11:46: +===================+
2019-07-25T11:11:46: === GObservations ===
2019-07-25T11:11:46:  Number of observations ....: 1
2019-07-25T11:11:46:  Number of models ..........: 2
2019-07-25T11:11:46:  Number of observed events .: 320603
2019-07-25T11:11:46:  Number of predicted events : 0
2019-07-25T11:11:46: === GCTAObservation ===
2019-07-25T11:11:46:  Name ......................: 
2019-07-25T11:11:46:  Identifier ................: 000001
2019-07-25T11:11:46:  Instrument ................: CTA
2019-07-25T11:11:46:  Event file ................: /cta/carli/CPPM_Internship/Simulations_and_Analyses/plus_gradient_AEff_South_z40_50h/source3c/obs_cube.fits
2019-07-25T11:11:46:  Event type ................: CountsCube
2019-07-25T11:11:46:  Statistic .................: cstat
2019-07-25T11:11:46:  Ontime ....................: 144000 s
2019-07-25T11:11:46:  Livetime ..................: 141120 s
2019-07-25T11:11:46:  Deadtime correction .......: 0.98
2019-07-25T11:11:46:  User energy range .........: undefined
2019-07-25T11:11:46: === GCTAPointing ===
2019-07-25T11:11:46:  Pointing direction ........: (RA,Dec)=(84.1331,22.0145)
2019-07-25T11:11:46: === GCTAResponseCube ===
2019-07-25T11:11:46:  Energy dispersion .........: Used
2019-07-25T11:11:46: === GCTACubeExposure ===
2019-07-25T11:11:46:  Filename ..................: /cta/carli/CPPM_Internship/Simulations_and_Analyses/plus_gradient_AEff_South_z40_50h/source3c/exposure_cube.fits
2019-07-25T11:11:46:  Livetime ..................: 141120 sec
2019-07-25T11:11:46: === GEnergies ===
2019-07-25T11:11:46:  Number of energies ........: 33
2019-07-25T11:11:46: === GGti ===
2019-07-25T11:11:46:  Number of intervals .......: 1
2019-07-25T11:11:46:  Ontime ....................: 144000 sec
2019-07-25T11:11:46:  Elapsed time ..............: 144000 sec
2019-07-25T11:11:46:  MJD range .................: 51544.5 - 51546.1666666667 s (TT)
2019-07-25T11:11:46:  UTC range .................: 2000-01-01T11:58:56 - 2000-01-03T03:58:56 s (TT)
2019-07-25T11:11:46:  Reference MJD .............: 51544.5
2019-07-25T11:11:46: === GSkyMap ===
2019-07-25T11:11:46:  Number of pixels ..........: 6400
2019-07-25T11:11:46:  X axis dimension ..........: 80
2019-07-25T11:11:46:  Y axis dimension ..........: 80
2019-07-25T11:11:46:  Number of maps ............: 33
2019-07-25T11:11:46:  Shape of maps .............: (33)
2019-07-25T11:11:46: === GCTACubePsf ===
2019-07-25T11:11:46:  Filename ..................: /cta/carli/CPPM_Internship/Simulations_and_Analyses/plus_gradient_AEff_South_z40_50h/source3c/PSF_cube.fits
2019-07-25T11:11:46: === GEnergies ===
2019-07-25T11:11:46:  Number of energies ........: 33
2019-07-25T11:11:46:  Number of delta bins ......: 200
2019-07-25T11:11:46:  Delta range ...............: 1.875e-06 - 0.298501875 deg
2019-07-25T11:11:46: === GSkyMap ===
2019-07-25T11:11:46:  Number of pixels ..........: 1
2019-07-25T11:11:46:  X axis dimension ..........: 1
2019-07-25T11:11:46:  Y axis dimension ..........: 1
2019-07-25T11:11:46:  Number of maps ............: 6600
2019-07-25T11:11:46:  Shape of maps .............: (200, 33)
2019-07-25T11:11:46: === GCTACubeEdisp ===
2019-07-25T11:11:46:  Filename ..................: /cta/carli/CPPM_Internship/Simulations_and_Analyses/plus_gradient_AEff_South_z40_50h/source3c/edisp_cube.fits
2019-07-25T11:11:46: === GEnergies ===
2019-07-25T11:11:46:  Number of energies ........: 33
2019-07-25T11:11:46:  Number of migra bins ......: 100
2019-07-25T11:11:46:  Migra range ...............: 0.02 - 2
2019-07-25T11:11:46: === GSkyMap ===
2019-07-25T11:11:46:  Number of pixels ..........: 1
2019-07-25T11:11:46:  X axis dimension ..........: 1
2019-07-25T11:11:46:  Y axis dimension ..........: 1
2019-07-25T11:11:46:  Number of maps ............: 3300
2019-07-25T11:11:46:  Shape of maps .............: (100, 33)
2019-07-25T11:11:46: === GCTACubeBackground ===
2019-07-25T11:11:46:  Filename ..................: /cta/carli/CPPM_Internship/Simulations_and_Analyses/plus_gradient_AEff_South_z40_50h/source3c/background_cube.fits
2019-07-25T11:11:46: === GEbounds ===
2019-07-25T11:11:46:  Number of intervals .......: 32
2019-07-25T11:11:46:  Energy range ..............: 100 GeV - 199.526229858398 TeV
2019-07-25T11:11:46: === GSkyMap ===
2019-07-25T11:11:46:  Number of pixels ..........: 6400
2019-07-25T11:11:46:  X axis dimension ..........: 80
2019-07-25T11:11:46:  Y axis dimension ..........: 80
2019-07-25T11:11:46:  Number of maps ............: 32
2019-07-25T11:11:46:  Shape of maps .............: (32)
2019-07-25T11:11:46: === GCTAResponseCache ===
2019-07-25T11:11:46:  Number of cached values ...: 0
2019-07-25T11:11:46: === GCTAEventCube ===
2019-07-25T11:11:46:  Number of events ..........: 320603
2019-07-25T11:11:46:  Number of elements ........: 204800
2019-07-25T11:11:46:  Number of pixels ..........: 6400
2019-07-25T11:11:46:  Number of energy bins .....: 32
2019-07-25T11:11:46:  Time interval .............: 51544.5 - 51546.1666666667 days
2019-07-25T11:11:46:  Pointing ..................: (RA,Dec)=(84.1331,22.0145)
2019-07-25T11:11:46: === GEbounds ===
2019-07-25T11:11:46:  Number of intervals .......: 32
2019-07-25T11:11:46:  Energy range ..............: 100 GeV - 199.526229858398 TeV
2019-07-25T11:11:46: === GSkyMap ===
2019-07-25T11:11:46:  Number of pixels ..........: 6400
2019-07-25T11:11:46:  X axis dimension ..........: 80
2019-07-25T11:11:46:  Y axis dimension ..........: 80
2019-07-25T11:11:46:  Number of maps ............: 32
2019-07-25T11:11:46:  Shape of maps .............: (32)
2019-07-25T11:11:46: === GSkyRegions ===
2019-07-25T11:11:46:  Number of regions .........: 0
2019-07-25T11:11:46: === GModels ===
2019-07-25T11:11:46:  Number of models ..........: 2
2019-07-25T11:11:46:  Number of parameters ......: 11
2019-07-25T11:11:46: === GModelSky ===
2019-07-25T11:11:46:  Name ......................: source3c
2019-07-25T11:11:46:  Instruments ...............: all
2019-07-25T11:11:46:  Test Statistic ............: 70151.581
2019-07-25T11:11:46:  Observation identifiers ...: all
2019-07-25T11:11:46:  Model type ................: PointSource
2019-07-25T11:11:46:  Model components ..........: "PointSource" * "ExponentialCutoffPowerLaw" * "Constant"
2019-07-25T11:11:46:  Number of parameters ......: 7
2019-07-25T11:11:46:  Number of spatial par's ...: 2
2019-07-25T11:11:46:   RA .......................: 83.6331 [-360,360] deg (fixed,scale=1)
2019-07-25T11:11:46:   DEC ......................: 22.0145 [-90,90] deg (fixed,scale=1)
2019-07-25T11:11:46:  Number of spectral par's ..: 4
2019-07-25T11:11:46:   Prefactor ................: 2.24661999030513e-18 [1e-25,1e-15] ph/cm2/s/MeV (fixed,scale=1e-18,gradient)
2019-07-25T11:11:46:   Index ....................: -2.0219244945329 [-0,-5]  (fixed,scale=-1,gradient)
2019-07-25T11:11:46:   CutoffEnergy .............: 1362619248.95882 +/- 1749728085.2787 [1000000,100000000000] MeV (free,scale=100000000,gradient)
2019-07-25T11:11:46:   PivotEnergy ..............: 1000000 [10000,1000000000] MeV (fixed,scale=1000000,gradient)
2019-07-25T11:11:46:  Number of temporal par's ..: 1
2019-07-25T11:11:46:   Normalization ............: 1 (relative value) (fixed,scale=1,gradient)
2019-07-25T11:11:46:  Number of scale par's .....: 0
2019-07-25T11:11:46: === GCTAModelCubeBackground ===
2019-07-25T11:11:46:  Name ......................: BackgroundModel
2019-07-25T11:11:46:  Instruments ...............: CTA, HESS, MAGIC, VERITAS
2019-07-25T11:11:46:  Observation identifiers ...: all
2019-07-25T11:11:46:  Model type ................: "PowerLaw" * "Constant"
2019-07-25T11:11:46:  Number of parameters ......: 4
2019-07-25T11:11:46:  Number of spectral par's ..: 3
2019-07-25T11:11:46:   Prefactor ................: 0.993210811211505 [0.01,100] ph/cm2/s/MeV (fixed,scale=1,gradient)
2019-07-25T11:11:46:   Index ....................: -0.00343059092072338 [-5,5]  (fixed,scale=1,gradient)
2019-07-25T11:11:46:   PivotEnergy ..............: 1000000 MeV (fixed,scale=1000000,gradient)
2019-07-25T11:11:46:  Number of temporal par's ..: 1
2019-07-25T11:11:46:   Normalization ............: 1 (relative value) (fixed,scale=1,gradient)
2019-07-25T11:11:46: 
2019-07-25T11:11:46: +=============================+
2019-07-25T11:11:46: | Compute best-fit likelihood |
2019-07-25T11:11:46: +=============================+
2019-07-25T11:13:20: === GOptimizerLM ===
2019-07-25T11:13:20:  Optimized function value ..: -334979.274
2019-07-25T11:13:20:  Absolute precision ........: 0.005
2019-07-25T11:13:20:  Acceptable value decrease .: 2
2019-07-25T11:13:20:  Optimization status .......: converged
2019-07-25T11:13:20:  Number of parameters ......: 11
2019-07-25T11:13:20:  Number of free parameters .: 1
2019-07-25T11:13:20:  Number of iterations ......: 1
2019-07-25T11:13:20:  Lambda ....................: 0.0001
2019-07-25T11:13:20:  Maximum log likelihood ....: -334979.274
2019-07-25T11:13:20: === GModels ===
2019-07-25T11:13:20:  Number of models ..........: 2
2019-07-25T11:13:20:  Number of parameters ......: 11
2019-07-25T11:13:20: === GModelSky ===
2019-07-25T11:13:20:  Name ......................: source3c
2019-07-25T11:13:20:  Instruments ...............: all
2019-07-25T11:13:20:  Test Statistic ............: 70151.581
2019-07-25T11:13:20:  Observation identifiers ...: all
2019-07-25T11:13:20:  Model type ................: PointSource
2019-07-25T11:13:20:  Model components ..........: "PointSource" * "ExponentialCutoffPowerLaw" * "Constant"
2019-07-25T11:13:20:  Number of parameters ......: 7
2019-07-25T11:13:20:  Number of spatial par's ...: 2
2019-07-25T11:13:20:   RA .......................: 83.6331 [-360,360] deg (fixed,scale=1)
2019-07-25T11:13:20:   DEC ......................: 22.0145 [-90,90] deg (fixed,scale=1)
2019-07-25T11:13:20:  Number of spectral par's ..: 4
2019-07-25T11:13:20:   Prefactor ................: 2.24661999030513e-18 [1e-25,1e-15] ph/cm2/s/MeV (fixed,scale=1e-18,gradient)
2019-07-25T11:13:20:   Index ....................: -2.0219244945329 [-0,-5]  (fixed,scale=-1,gradient)
2019-07-25T11:13:20:   CutoffEnergy .............: 1370942336.49282 +/- 1284373662.8887 [1000000,100000000000] MeV (free,scale=100000000,gradient)
2019-07-25T11:13:20:   PivotEnergy ..............: 1000000 [10000,1000000000] MeV (fixed,scale=1000000,gradient)
2019-07-25T11:13:20:  Number of temporal par's ..: 1
2019-07-25T11:13:20:   Normalization ............: 1 (relative value) (fixed,scale=1,gradient)
2019-07-25T11:13:20:  Number of scale par's .....: 0
2019-07-25T11:13:20: === GCTAModelCubeBackground ===
2019-07-25T11:13:20:  Name ......................: BackgroundModel
2019-07-25T11:13:20:  Instruments ...............: CTA, HESS, MAGIC, VERITAS
2019-07-25T11:13:20:  Observation identifiers ...: all
2019-07-25T11:13:20:  Model type ................: "PowerLaw" * "Constant"
2019-07-25T11:13:20:  Number of parameters ......: 4
2019-07-25T11:13:20:  Number of spectral par's ..: 3
2019-07-25T11:13:20:   Prefactor ................: 0.993210811211505 [0.01,100] ph/cm2/s/MeV (fixed,scale=1,gradient)
2019-07-25T11:13:20:   Index ....................: -0.00343059092072338 [-5,5]  (fixed,scale=1,gradient)
2019-07-25T11:13:20:   PivotEnergy ..............: 1000000 MeV (fixed,scale=1000000,gradient)
2019-07-25T11:13:20:  Number of temporal par's ..: 1
2019-07-25T11:13:20:   Normalization ............: 1 (relative value) (fixed,scale=1,gradient)
2019-07-25T11:13:20: 
2019-07-25T11:13:20: +==============================================================+
2019-07-25T11:13:20: | Compute error for source "source3c" parameter "CutoffEnergy" |
2019-07-25T11:13:20: +==============================================================+
2019-07-25T11:13:20:  Confidence level ..........: 68 %
2019-07-25T11:13:20:  Log-likelihood difference .: 0.494473
2019-07-25T11:13:20:  Initial factor range ......: [0.01, 142.146789653798]
2019-07-25T11:13:30:    Iteration 1 .............: [0.01, 13.7094233649282]
2019-07-25T11:13:40:    Iteration 2 .............: [6.85971168246411, 13.7094233649282]
2019-07-25T11:13:51:    Iteration 3 .............: [6.85971168246411, 10.2845675236962]
2019-07-25T11:14:01:    Iteration 4 .............: [6.85971168246411, 8.57213960308014]
2019-07-25T11:14:12:    Iteration 5 .............: [6.85971168246411, 7.71592564277213]
2019-07-25T11:14:22:    Iteration 6 .............: [6.85971168246411, 7.28781866261812]
2019-07-25T11:14:32:    Iteration 7 .............: [6.85971168246411, 7.07376517254112]
2019-07-25T11:14:43:    Iteration 8 .............: [6.85971168246411, 6.96673842750261]
2019-07-25T11:14:54:    Iteration 9 .............: [6.91322505498336, 6.96673842750261]
2019-07-25T11:15:04:    Iteration 10 ............: [6.93998174124299, 6.96673842750261]
2019-07-25T11:15:15:    Iteration 1 .............: [13.7094233649282, 142.146789653798]
2019-07-25T11:15:26:    Iteration 2 .............: [77.9281065093633, 142.146789653798]
2019-07-25T11:15:36:    Iteration 3 .............: [110.037448081581, 142.146789653798]
2019-07-25T11:15:47:    Iteration 4 .............: [126.09211886769, 142.146789653798]
2019-07-25T11:15:57:    Iteration 5 .............: [134.119454260744, 142.146789653798]
2019-07-25T11:16:07:    Iteration 6 .............: [138.133121957271, 142.146789653798]
2019-07-25T11:16:17:    Iteration 7 .............: [140.139955805535, 142.146789653798]
2019-07-25T11:16:28:    Iteration 8 .............: [141.143372729667, 142.146789653798]
2019-07-25T11:16:37:    Iteration 9 .............: [141.645081191732, 142.146789653798]
2019-07-25T11:16:47:    Iteration 10 ............: [141.895935422765, 142.146789653798]
2019-07-25T11:16:57:    Iteration 11 ............: [142.021362538282, 142.146789653798]
2019-07-25T11:17:07:    Iteration 12 ............: [142.08407609604, 142.146789653798]
2019-07-25T11:17:17:    Iteration 13 ............: [142.115432874919, 142.146789653798]
2019-07-25T11:17:27:    Iteration 14 ............: [142.131111264359, 142.146789653798]
2019-07-25T11:17:38:    Iteration 15 ............: [142.138950459079, 142.146789653798]
2019-07-25T11:17:48:    Iteration 16 ............: [142.142870056438, 142.146789653798]
2019-07-25T11:17:58:    Iteration 17 ............: [142.144829855118, 142.146789653798]
2019-07-25T11:18:08:    Iteration 18 ............: [142.145809754458, 142.146789653798]
2019-07-25T11:18:19:    Iteration 19 ............: [142.146299704128, 142.146789653798]
2019-07-25T11:18:29:    Iteration 20 ............: [142.146544678963, 142.146789653798]
2019-07-25T11:18:40:    Iteration 21 ............: [142.146667166381, 142.146789653798]
2019-07-25T11:18:50:    Iteration 22 ............: [142.14672841009, 142.146789653798]
2019-07-25T11:19:00:    Iteration 23 ............: [142.146759031944, 142.146789653798]
2019-07-25T11:19:10:    Iteration 24 ............: [142.146774342871, 142.146789653798]
2019-07-25T11:19:20:    Iteration 25 ............: [142.146781998335, 142.146789653798]
2019-07-25T11:19:30:    Iteration 26 ............: [142.146785826067, 142.146789653798]
2019-07-25T11:19:41:    Iteration 27 ............: [142.146787739932, 142.146789653798]
2019-07-25T11:19:51:    Iteration 28 ............: [142.146788696865, 142.146789653798]
2019-07-25T11:19:51:  Lower parameter factor ....: 6.95336
2019-07-25T11:19:51:  Upper parameter factor ....: 142.147
2019-07-25T11:19:51:  Error from curvature ......: 1284373662.8887 MeV
2019-07-25T11:19:51:  Error from profile ........: 6759671454.54795 MeV
2019-07-25T11:19:51:  Negative profile error ....: 675606328.055542 MeV
2019-07-25T11:19:51:  Positive profile error ....: 12843736581.0404 MeV
2019-07-25T11:19:51: 
2019-07-25T11:19:51: +==============+
2019-07-25T11:19:51: | Save results |
2019-07-25T11:19:51: +==============+
2019-07-25T11:19:51:  Model definition file .....: NONE
2019-07-25T11:19:51: 
2019-07-25T11:19:51: Application "cterror" terminated after 486 wall clock seconds, consuming 616.85 seconds of CPU time.
