2019-07-25T11:19:52: ********************************************************************************
2019-07-25T11:19:52: *                                    cterror                                   *
2019-07-25T11:19:52: * ---------------------------------------------------------------------------- *
2019-07-25T11:19:52: * Version: 1.6.0                                                               *
2019-07-25T11:19:52: ********************************************************************************
2019-07-25T11:19:52: +============+
2019-07-25T11:19:52: | Parameters |
2019-07-25T11:19:52: +============+
2019-07-25T11:19:52:  inobs .....................: /cta/carli/CPPM_Internship/Simulations_and_Analyses/plus_gradient_AEff_South_z40_50h/source3c/obs_cube.fits
2019-07-25T11:19:52:  inmodel ...................: /cta/carli/CPPM_Internship/Simulations_and_Analyses/plus_gradient_AEff_South_z40_50h/source3c/obsmodel_binned.xml
2019-07-25T11:19:52:  srcname ...................: source3c
2019-07-25T11:19:52:  expcube ...................: /cta/carli/CPPM_Internship/Simulations_and_Analyses/plus_gradient_AEff_South_z40_50h/source3c/exposure_cube.fits
2019-07-25T11:19:52:  psfcube ...................: /cta/carli/CPPM_Internship/Simulations_and_Analyses/plus_gradient_AEff_South_z40_50h/source3c/PSF_cube.fits
2019-07-25T11:19:52:  edispcube .................: /cta/carli/CPPM_Internship/Simulations_and_Analyses/plus_gradient_AEff_South_z40_50h/source3c/edisp_cube.fits
2019-07-25T11:19:52:  bkgcube ...................: /cta/carli/CPPM_Internship/Simulations_and_Analyses/plus_gradient_AEff_South_z40_50h/source3c/background_cube.fits
2019-07-25T11:19:52:  caldb .....................: prod3b-v2
2019-07-25T11:19:52:  irf .......................: plus_gradient_AEff_South_z40_50h
2019-07-25T11:19:52:  edisp .....................: yes
2019-07-25T11:19:52:  outmodel ..................: 
2019-07-25T11:19:52:  confidence ................: 0.95
2019-07-25T11:19:52:  tol .......................: 1e-3
2019-07-25T11:19:52:  statistic .................: DEFAULT
2019-07-25T11:19:52:  like_accuracy .............: 0.005
2019-07-25T11:19:52:  max_iter ..................: 50
2019-07-25T11:19:52:  nthreads ..................: 0
2019-07-25T11:19:52:  chatter ...................: 4
2019-07-25T11:19:52:  clobber ...................: yes
2019-07-25T11:19:52:  debug .....................: no
2019-07-25T11:19:52:  mode ......................: ql
2019-07-25T11:19:52:  logfile ...................: cterror95.log
2019-07-25T11:19:52: 
2019-07-25T11:19:52: +===================+
2019-07-25T11:19:52: | Input observation |
2019-07-25T11:19:52: +===================+
2019-07-25T11:19:52: === GObservations ===
2019-07-25T11:19:52:  Number of observations ....: 1
2019-07-25T11:19:52:  Number of models ..........: 2
2019-07-25T11:19:52:  Number of observed events .: 320603
2019-07-25T11:19:52:  Number of predicted events : 0
2019-07-25T11:19:52: === GCTAObservation ===
2019-07-25T11:19:52:  Name ......................: 
2019-07-25T11:19:52:  Identifier ................: 000001
2019-07-25T11:19:52:  Instrument ................: CTA
2019-07-25T11:19:52:  Event file ................: /cta/carli/CPPM_Internship/Simulations_and_Analyses/plus_gradient_AEff_South_z40_50h/source3c/obs_cube.fits
2019-07-25T11:19:52:  Event type ................: CountsCube
2019-07-25T11:19:52:  Statistic .................: cstat
2019-07-25T11:19:52:  Ontime ....................: 144000 s
2019-07-25T11:19:52:  Livetime ..................: 141120 s
2019-07-25T11:19:52:  Deadtime correction .......: 0.98
2019-07-25T11:19:52:  User energy range .........: undefined
2019-07-25T11:19:52: === GCTAPointing ===
2019-07-25T11:19:52:  Pointing direction ........: (RA,Dec)=(84.1331,22.0145)
2019-07-25T11:19:52: === GCTAResponseCube ===
2019-07-25T11:19:52:  Energy dispersion .........: Used
2019-07-25T11:19:52: === GCTACubeExposure ===
2019-07-25T11:19:52:  Filename ..................: /cta/carli/CPPM_Internship/Simulations_and_Analyses/plus_gradient_AEff_South_z40_50h/source3c/exposure_cube.fits
2019-07-25T11:19:52:  Livetime ..................: 141120 sec
2019-07-25T11:19:52: === GEnergies ===
2019-07-25T11:19:52:  Number of energies ........: 33
2019-07-25T11:19:52: === GGti ===
2019-07-25T11:19:52:  Number of intervals .......: 1
2019-07-25T11:19:52:  Ontime ....................: 144000 sec
2019-07-25T11:19:52:  Elapsed time ..............: 144000 sec
2019-07-25T11:19:52:  MJD range .................: 51544.5 - 51546.1666666667 s (TT)
2019-07-25T11:19:52:  UTC range .................: 2000-01-01T11:58:56 - 2000-01-03T03:58:56 s (TT)
2019-07-25T11:19:52:  Reference MJD .............: 51544.5
2019-07-25T11:19:52: === GSkyMap ===
2019-07-25T11:19:52:  Number of pixels ..........: 6400
2019-07-25T11:19:52:  X axis dimension ..........: 80
2019-07-25T11:19:52:  Y axis dimension ..........: 80
2019-07-25T11:19:52:  Number of maps ............: 33
2019-07-25T11:19:52:  Shape of maps .............: (33)
2019-07-25T11:19:52: === GCTACubePsf ===
2019-07-25T11:19:52:  Filename ..................: /cta/carli/CPPM_Internship/Simulations_and_Analyses/plus_gradient_AEff_South_z40_50h/source3c/PSF_cube.fits
2019-07-25T11:19:52: === GEnergies ===
2019-07-25T11:19:52:  Number of energies ........: 33
2019-07-25T11:19:52:  Number of delta bins ......: 200
2019-07-25T11:19:52:  Delta range ...............: 1.875e-06 - 0.298501875 deg
2019-07-25T11:19:52: === GSkyMap ===
2019-07-25T11:19:52:  Number of pixels ..........: 1
2019-07-25T11:19:52:  X axis dimension ..........: 1
2019-07-25T11:19:52:  Y axis dimension ..........: 1
2019-07-25T11:19:52:  Number of maps ............: 6600
2019-07-25T11:19:52:  Shape of maps .............: (200, 33)
2019-07-25T11:19:52: === GCTACubeEdisp ===
2019-07-25T11:19:52:  Filename ..................: /cta/carli/CPPM_Internship/Simulations_and_Analyses/plus_gradient_AEff_South_z40_50h/source3c/edisp_cube.fits
2019-07-25T11:19:52: === GEnergies ===
2019-07-25T11:19:52:  Number of energies ........: 33
2019-07-25T11:19:52:  Number of migra bins ......: 100
2019-07-25T11:19:52:  Migra range ...............: 0.02 - 2
2019-07-25T11:19:52: === GSkyMap ===
2019-07-25T11:19:52:  Number of pixels ..........: 1
2019-07-25T11:19:52:  X axis dimension ..........: 1
2019-07-25T11:19:52:  Y axis dimension ..........: 1
2019-07-25T11:19:52:  Number of maps ............: 3300
2019-07-25T11:19:52:  Shape of maps .............: (100, 33)
2019-07-25T11:19:52: === GCTACubeBackground ===
2019-07-25T11:19:52:  Filename ..................: /cta/carli/CPPM_Internship/Simulations_and_Analyses/plus_gradient_AEff_South_z40_50h/source3c/background_cube.fits
2019-07-25T11:19:52: === GEbounds ===
2019-07-25T11:19:52:  Number of intervals .......: 32
2019-07-25T11:19:52:  Energy range ..............: 100 GeV - 199.526229858398 TeV
2019-07-25T11:19:52: === GSkyMap ===
2019-07-25T11:19:52:  Number of pixels ..........: 6400
2019-07-25T11:19:52:  X axis dimension ..........: 80
2019-07-25T11:19:52:  Y axis dimension ..........: 80
2019-07-25T11:19:52:  Number of maps ............: 32
2019-07-25T11:19:52:  Shape of maps .............: (32)
2019-07-25T11:19:52: === GCTAResponseCache ===
2019-07-25T11:19:52:  Number of cached values ...: 0
2019-07-25T11:19:52: === GCTAEventCube ===
2019-07-25T11:19:52:  Number of events ..........: 320603
2019-07-25T11:19:52:  Number of elements ........: 204800
2019-07-25T11:19:52:  Number of pixels ..........: 6400
2019-07-25T11:19:52:  Number of energy bins .....: 32
2019-07-25T11:19:52:  Time interval .............: 51544.5 - 51546.1666666667 days
2019-07-25T11:19:52:  Pointing ..................: (RA,Dec)=(84.1331,22.0145)
2019-07-25T11:19:52: === GEbounds ===
2019-07-25T11:19:52:  Number of intervals .......: 32
2019-07-25T11:19:52:  Energy range ..............: 100 GeV - 199.526229858398 TeV
2019-07-25T11:19:52: === GSkyMap ===
2019-07-25T11:19:52:  Number of pixels ..........: 6400
2019-07-25T11:19:52:  X axis dimension ..........: 80
2019-07-25T11:19:52:  Y axis dimension ..........: 80
2019-07-25T11:19:52:  Number of maps ............: 32
2019-07-25T11:19:52:  Shape of maps .............: (32)
2019-07-25T11:19:52: === GSkyRegions ===
2019-07-25T11:19:52:  Number of regions .........: 0
2019-07-25T11:19:52: === GModels ===
2019-07-25T11:19:52:  Number of models ..........: 2
2019-07-25T11:19:52:  Number of parameters ......: 11
2019-07-25T11:19:52: === GModelSky ===
2019-07-25T11:19:52:  Name ......................: source3c
2019-07-25T11:19:52:  Instruments ...............: all
2019-07-25T11:19:52:  Test Statistic ............: 70151.581
2019-07-25T11:19:52:  Observation identifiers ...: all
2019-07-25T11:19:52:  Model type ................: PointSource
2019-07-25T11:19:52:  Model components ..........: "PointSource" * "ExponentialCutoffPowerLaw" * "Constant"
2019-07-25T11:19:52:  Number of parameters ......: 7
2019-07-25T11:19:52:  Number of spatial par's ...: 2
2019-07-25T11:19:52:   RA .......................: 83.6331 [-360,360] deg (fixed,scale=1)
2019-07-25T11:19:52:   DEC ......................: 22.0145 [-90,90] deg (fixed,scale=1)
2019-07-25T11:19:52:  Number of spectral par's ..: 4
2019-07-25T11:19:52:   Prefactor ................: 2.24661999030513e-18 [1e-25,1e-15] ph/cm2/s/MeV (fixed,scale=1e-18,gradient)
2019-07-25T11:19:52:   Index ....................: -2.0219244945329 [-0,-5]  (fixed,scale=-1,gradient)
2019-07-25T11:19:52:   CutoffEnergy .............: 1362619248.95882 +/- 1749728085.2787 [1000000,100000000000] MeV (free,scale=100000000,gradient)
2019-07-25T11:19:52:   PivotEnergy ..............: 1000000 [10000,1000000000] MeV (fixed,scale=1000000,gradient)
2019-07-25T11:19:52:  Number of temporal par's ..: 1
2019-07-25T11:19:52:   Normalization ............: 1 (relative value) (fixed,scale=1,gradient)
2019-07-25T11:19:52:  Number of scale par's .....: 0
2019-07-25T11:19:52: === GCTAModelCubeBackground ===
2019-07-25T11:19:52:  Name ......................: BackgroundModel
2019-07-25T11:19:52:  Instruments ...............: CTA, HESS, MAGIC, VERITAS
2019-07-25T11:19:52:  Observation identifiers ...: all
2019-07-25T11:19:52:  Model type ................: "PowerLaw" * "Constant"
2019-07-25T11:19:52:  Number of parameters ......: 4
2019-07-25T11:19:52:  Number of spectral par's ..: 3
2019-07-25T11:19:52:   Prefactor ................: 0.993210811211505 [0.01,100] ph/cm2/s/MeV (fixed,scale=1,gradient)
2019-07-25T11:19:52:   Index ....................: -0.00343059092072338 [-5,5]  (fixed,scale=1,gradient)
2019-07-25T11:19:52:   PivotEnergy ..............: 1000000 MeV (fixed,scale=1000000,gradient)
2019-07-25T11:19:52:  Number of temporal par's ..: 1
2019-07-25T11:19:52:   Normalization ............: 1 (relative value) (fixed,scale=1,gradient)
2019-07-25T11:19:52: 
2019-07-25T11:19:52: +=============================+
2019-07-25T11:19:52: | Compute best-fit likelihood |
2019-07-25T11:19:52: +=============================+
2019-07-25T11:21:25: === GOptimizerLM ===
2019-07-25T11:21:25:  Optimized function value ..: -334979.274
2019-07-25T11:21:25:  Absolute precision ........: 0.005
2019-07-25T11:21:25:  Acceptable value decrease .: 2
2019-07-25T11:21:25:  Optimization status .......: converged
2019-07-25T11:21:25:  Number of parameters ......: 11
2019-07-25T11:21:25:  Number of free parameters .: 1
2019-07-25T11:21:25:  Number of iterations ......: 1
2019-07-25T11:21:25:  Lambda ....................: 0.0001
2019-07-25T11:21:25:  Maximum log likelihood ....: -334979.274
2019-07-25T11:21:25: === GModels ===
2019-07-25T11:21:25:  Number of models ..........: 2
2019-07-25T11:21:25:  Number of parameters ......: 11
2019-07-25T11:21:25: === GModelSky ===
2019-07-25T11:21:25:  Name ......................: source3c
2019-07-25T11:21:25:  Instruments ...............: all
2019-07-25T11:21:25:  Test Statistic ............: 70151.581
2019-07-25T11:21:25:  Observation identifiers ...: all
2019-07-25T11:21:25:  Model type ................: PointSource
2019-07-25T11:21:25:  Model components ..........: "PointSource" * "ExponentialCutoffPowerLaw" * "Constant"
2019-07-25T11:21:25:  Number of parameters ......: 7
2019-07-25T11:21:25:  Number of spatial par's ...: 2
2019-07-25T11:21:25:   RA .......................: 83.6331 [-360,360] deg (fixed,scale=1)
2019-07-25T11:21:25:   DEC ......................: 22.0145 [-90,90] deg (fixed,scale=1)
2019-07-25T11:21:25:  Number of spectral par's ..: 4
2019-07-25T11:21:25:   Prefactor ................: 2.24661999030513e-18 [1e-25,1e-15] ph/cm2/s/MeV (fixed,scale=1e-18,gradient)
2019-07-25T11:21:25:   Index ....................: -2.0219244945329 [-0,-5]  (fixed,scale=-1,gradient)
2019-07-25T11:21:25:   CutoffEnergy .............: 1370942336.49282 +/- 1284373662.8887 [1000000,100000000000] MeV (free,scale=100000000,gradient)
2019-07-25T11:21:25:   PivotEnergy ..............: 1000000 [10000,1000000000] MeV (fixed,scale=1000000,gradient)
2019-07-25T11:21:25:  Number of temporal par's ..: 1
2019-07-25T11:21:25:   Normalization ............: 1 (relative value) (fixed,scale=1,gradient)
2019-07-25T11:21:25:  Number of scale par's .....: 0
2019-07-25T11:21:25: === GCTAModelCubeBackground ===
2019-07-25T11:21:25:  Name ......................: BackgroundModel
2019-07-25T11:21:25:  Instruments ...............: CTA, HESS, MAGIC, VERITAS
2019-07-25T11:21:25:  Observation identifiers ...: all
2019-07-25T11:21:25:  Model type ................: "PowerLaw" * "Constant"
2019-07-25T11:21:25:  Number of parameters ......: 4
2019-07-25T11:21:25:  Number of spectral par's ..: 3
2019-07-25T11:21:25:   Prefactor ................: 0.993210811211505 [0.01,100] ph/cm2/s/MeV (fixed,scale=1,gradient)
2019-07-25T11:21:25:   Index ....................: -0.00343059092072338 [-5,5]  (fixed,scale=1,gradient)
2019-07-25T11:21:25:   PivotEnergy ..............: 1000000 MeV (fixed,scale=1000000,gradient)
2019-07-25T11:21:25:  Number of temporal par's ..: 1
2019-07-25T11:21:25:   Normalization ............: 1 (relative value) (fixed,scale=1,gradient)
2019-07-25T11:21:25: 
2019-07-25T11:21:25: +==============================================================+
2019-07-25T11:21:25: | Compute error for source "source3c" parameter "CutoffEnergy" |
2019-07-25T11:21:25: +==============================================================+
2019-07-25T11:21:25:  Confidence level ..........: 95 %
2019-07-25T11:21:25:  Log-likelihood difference .: 1.92073
2019-07-25T11:21:25:  Initial factor range ......: [0.01, 142.146789653798]
2019-07-25T11:21:36:    Iteration 1 .............: [0.01, 13.7094233649282]
2019-07-25T11:21:46:    Iteration 2 .............: [0.01, 6.85971168246411]
2019-07-25T11:21:56:    Iteration 3 .............: [3.43485584123206, 6.85971168246411]
2019-07-25T11:22:07:    Iteration 4 .............: [3.43485584123206, 5.14728376184808]
2019-07-25T11:22:17:    Iteration 5 .............: [4.29106980154007, 5.14728376184808]
2019-07-25T11:22:28:    Iteration 6 .............: [4.29106980154007, 4.71917678169408]
2019-07-25T11:22:38:    Iteration 7 .............: [4.50512329161707, 4.71917678169408]
2019-07-25T11:22:48:    Iteration 8 .............: [4.61215003665558, 4.71917678169408]
2019-07-25T11:22:58:    Iteration 9 .............: [4.66566340917483, 4.71917678169408]
2019-07-25T11:23:09:    Iteration 10 ............: [4.66566340917483, 4.69242009543445]
2019-07-25T11:23:19:    Iteration 11 ............: [4.66566340917483, 4.67904175230464]
2019-07-25T11:23:29:    Iteration 12 ............: [4.66566340917483, 4.67235258073973]
2019-07-25T11:23:40:    Iteration 13 ............: [4.66900799495728, 4.67235258073973]
2019-07-25T11:23:51:    Iteration 1 .............: [13.7094233649282, 142.146789653798]
2019-07-25T11:24:01:    Iteration 2 .............: [77.9281065093633, 142.146789653798]
2019-07-25T11:24:12:    Iteration 3 .............: [110.037448081581, 142.146789653798]
2019-07-25T11:24:22:    Iteration 4 .............: [126.09211886769, 142.146789653798]
2019-07-25T11:24:32:    Iteration 5 .............: [134.119454260744, 142.146789653798]
2019-07-25T11:24:42:    Iteration 6 .............: [138.133121957271, 142.146789653798]
2019-07-25T11:24:52:    Iteration 7 .............: [140.139955805535, 142.146789653798]
2019-07-25T11:25:02:    Iteration 8 .............: [141.143372729667, 142.146789653798]
2019-07-25T11:25:12:    Iteration 9 .............: [141.645081191732, 142.146789653798]
2019-07-25T11:25:22:    Iteration 10 ............: [141.895935422765, 142.146789653798]
2019-07-25T11:25:32:    Iteration 11 ............: [142.021362538282, 142.146789653798]
2019-07-25T11:25:42:    Iteration 12 ............: [142.08407609604, 142.146789653798]
2019-07-25T11:25:52:    Iteration 13 ............: [142.115432874919, 142.146789653798]
2019-07-25T11:26:03:    Iteration 14 ............: [142.131111264359, 142.146789653798]
2019-07-25T11:26:13:    Iteration 15 ............: [142.138950459079, 142.146789653798]
2019-07-25T11:26:23:    Iteration 16 ............: [142.142870056438, 142.146789653798]
2019-07-25T11:26:33:    Iteration 17 ............: [142.144829855118, 142.146789653798]
2019-07-25T11:26:43:    Iteration 18 ............: [142.145809754458, 142.146789653798]
2019-07-25T11:26:53:    Iteration 19 ............: [142.146299704128, 142.146789653798]
2019-07-25T11:27:03:    Iteration 20 ............: [142.146544678963, 142.146789653798]
2019-07-25T11:27:14:    Iteration 21 ............: [142.146667166381, 142.146789653798]
2019-07-25T11:27:24:    Iteration 22 ............: [142.14672841009, 142.146789653798]
2019-07-25T11:27:34:    Iteration 23 ............: [142.146759031944, 142.146789653798]
2019-07-25T11:27:44:    Iteration 24 ............: [142.146774342871, 142.146789653798]
2019-07-25T11:27:54:    Iteration 25 ............: [142.146781998335, 142.146789653798]
2019-07-25T11:28:04:    Iteration 26 ............: [142.146785826067, 142.146789653798]
2019-07-25T11:28:14:    Iteration 27 ............: [142.146787739932, 142.146789653798]
2019-07-25T11:28:24:    Iteration 28 ............: [142.146788696865, 142.146789653798]
2019-07-25T11:28:24:  Lower parameter factor ....: 4.67068
2019-07-25T11:28:24:  Upper parameter factor ....: 142.147
2019-07-25T11:28:24:  Error from curvature ......: 1284373662.8887 MeV
2019-07-25T11:28:24:  Error from profile ........: 6873805444.37417 MeV
2019-07-25T11:28:24:  Negative profile error ....: 903874307.707972 MeV
2019-07-25T11:28:24:  Positive profile error ....: 12843736581.0404 MeV
2019-07-25T11:28:24: 
2019-07-25T11:28:24: +==============+
2019-07-25T11:28:24: | Save results |
2019-07-25T11:28:24: +==============+
2019-07-25T11:28:24:  Model definition file .....: NONE
2019-07-25T11:28:24: 
2019-07-25T11:28:24: Application "cterror" terminated after 513 wall clock seconds, consuming 655.01 seconds of CPU time.
