2019-07-23T20:18:34: ********************************************************************************
2019-07-23T20:18:34: *                                    ctlike                                    *
2019-07-23T20:18:34: * ---------------------------------------------------------------------------- *
2019-07-23T20:18:34: * Version: 1.6.0                                                               *
2019-07-23T20:18:34: ********************************************************************************
2019-07-23T20:18:34: +============+
2019-07-23T20:18:34: | Parameters |
2019-07-23T20:18:34: +============+
2019-07-23T20:18:34:  inobs .....................: /cta/carli/CPPM_Internship/Simulations_and_Analyses/minus_constant_EDisp_South_z40_50h/source3d/obs_cube.fits
2019-07-23T20:18:34:  inmodel ...................: sourcemodel_cube.xml
2019-07-23T20:18:34:  expcube ...................: /cta/carli/CPPM_Internship/Simulations_and_Analyses/minus_constant_EDisp_South_z40_50h/source3d/exposure_cube.fits
2019-07-23T20:18:34:  psfcube ...................: /cta/carli/CPPM_Internship/Simulations_and_Analyses/minus_constant_EDisp_South_z40_50h/source3d/PSF_cube.fits
2019-07-23T20:18:34:  edispcube .................: /cta/carli/CPPM_Internship/Simulations_and_Analyses/minus_constant_EDisp_South_z40_50h/source3d/edisp_cube.fits
2019-07-23T20:18:34:  bkgcube ...................: /cta/carli/CPPM_Internship/Simulations_and_Analyses/minus_constant_EDisp_South_z40_50h/source3d/background_cube.fits
2019-07-23T20:18:34:  caldb .....................: prod3b-v2
2019-07-23T20:18:34:  irf .......................: South_z40_50h
2019-07-23T20:18:34:  edisp .....................: yes
2019-07-23T20:18:34:  outmodel ..................: /cta/carli/CPPM_Internship/Simulations_and_Analyses/minus_constant_EDisp_South_z40_50h/source3d/obsmodel_binned.xml
2019-07-23T20:18:34:  outcovmat .................: NONE
2019-07-23T20:18:34:  statistic .................: DEFAULT
2019-07-23T20:18:34:  refit .....................: no
2019-07-23T20:18:34:  like_accuracy .............: 0.005
2019-07-23T20:18:34:  max_iter ..................: 50
2019-07-23T20:18:34:  fix_spat_for_ts ...........: no
2019-07-23T20:18:34:  nthreads ..................: 0
2019-07-23T20:18:34:  chatter ...................: 4
2019-07-23T20:18:34:  clobber ...................: yes
2019-07-23T20:18:34:  debug .....................: no
2019-07-23T20:18:34:  mode ......................: ql
2019-07-23T20:18:34:  logfile ...................: ctlike.log
2019-07-23T20:18:34: 
2019-07-23T20:18:34: +===================+
2019-07-23T20:18:34: | Input observation |
2019-07-23T20:18:34: +===================+
2019-07-23T20:18:34: === GObservations ===
2019-07-23T20:18:34:  Number of observations ....: 1
2019-07-23T20:18:34:  Number of models ..........: 2
2019-07-23T20:18:34:  Number of observed events .: 306059
2019-07-23T20:18:34:  Number of predicted events : 0
2019-07-23T20:18:34: === GCTAObservation ===
2019-07-23T20:18:34:  Name ......................: 
2019-07-23T20:18:34:  Identifier ................: 000001
2019-07-23T20:18:34:  Instrument ................: CTA
2019-07-23T20:18:34:  Event file ................: /cta/carli/CPPM_Internship/Simulations_and_Analyses/minus_constant_EDisp_South_z40_50h/source3d/obs_cube.fits
2019-07-23T20:18:34:  Event type ................: CountsCube
2019-07-23T20:18:34:  Statistic .................: cstat
2019-07-23T20:18:34:  Ontime ....................: 144000 s
2019-07-23T20:18:34:  Livetime ..................: 141120 s
2019-07-23T20:18:34:  Deadtime correction .......: 0.98
2019-07-23T20:18:34:  User energy range .........: undefined
2019-07-23T20:18:34: === GCTAPointing ===
2019-07-23T20:18:34:  Pointing direction ........: (RA,Dec)=(84.1331,22.0145)
2019-07-23T20:18:34: === GCTAResponseCube ===
2019-07-23T20:18:34:  Energy dispersion .........: Used
2019-07-23T20:18:34: === GCTACubeExposure ===
2019-07-23T20:18:34:  Filename ..................: /cta/carli/CPPM_Internship/Simulations_and_Analyses/minus_constant_EDisp_South_z40_50h/source3d/exposure_cube.fits
2019-07-23T20:18:34:  Livetime ..................: 141120 sec
2019-07-23T20:18:34: === GEnergies ===
2019-07-23T20:18:34:  Number of energies ........: 33
2019-07-23T20:18:34: === GGti ===
2019-07-23T20:18:34:  Number of intervals .......: 1
2019-07-23T20:18:34:  Ontime ....................: 144000 sec
2019-07-23T20:18:34:  Elapsed time ..............: 144000 sec
2019-07-23T20:18:34:  MJD range .................: 51544.5 - 51546.1666666667 s (TT)
2019-07-23T20:18:34:  UTC range .................: 2000-01-01T11:58:56 - 2000-01-03T03:58:56 s (TT)
2019-07-23T20:18:34:  Reference MJD .............: 51544.5
2019-07-23T20:18:34: === GSkyMap ===
2019-07-23T20:18:34:  Number of pixels ..........: 6400
2019-07-23T20:18:34:  X axis dimension ..........: 80
2019-07-23T20:18:34:  Y axis dimension ..........: 80
2019-07-23T20:18:34:  Number of maps ............: 33
2019-07-23T20:18:34:  Shape of maps .............: (33)
2019-07-23T20:18:34: === GCTACubePsf ===
2019-07-23T20:18:34:  Filename ..................: /cta/carli/CPPM_Internship/Simulations_and_Analyses/minus_constant_EDisp_South_z40_50h/source3d/PSF_cube.fits
2019-07-23T20:18:34: === GEnergies ===
2019-07-23T20:18:34:  Number of energies ........: 33
2019-07-23T20:18:34:  Number of delta bins ......: 200
2019-07-23T20:18:34:  Delta range ...............: 1.875e-06 - 0.298501875 deg
2019-07-23T20:18:34: === GSkyMap ===
2019-07-23T20:18:34:  Number of pixels ..........: 1
2019-07-23T20:18:34:  X axis dimension ..........: 1
2019-07-23T20:18:34:  Y axis dimension ..........: 1
2019-07-23T20:18:34:  Number of maps ............: 6600
2019-07-23T20:18:34:  Shape of maps .............: (200, 33)
2019-07-23T20:18:34: === GCTACubeEdisp ===
2019-07-23T20:18:34:  Filename ..................: /cta/carli/CPPM_Internship/Simulations_and_Analyses/minus_constant_EDisp_South_z40_50h/source3d/edisp_cube.fits
2019-07-23T20:18:34: === GEnergies ===
2019-07-23T20:18:34:  Number of energies ........: 33
2019-07-23T20:18:34:  Number of migra bins ......: 100
2019-07-23T20:18:34:  Migra range ...............: 0.02 - 2
2019-07-23T20:18:34: === GSkyMap ===
2019-07-23T20:18:34:  Number of pixels ..........: 1
2019-07-23T20:18:34:  X axis dimension ..........: 1
2019-07-23T20:18:34:  Y axis dimension ..........: 1
2019-07-23T20:18:34:  Number of maps ............: 3300
2019-07-23T20:18:34:  Shape of maps .............: (100, 33)
2019-07-23T20:18:34: === GCTACubeBackground ===
2019-07-23T20:18:34:  Filename ..................: /cta/carli/CPPM_Internship/Simulations_and_Analyses/minus_constant_EDisp_South_z40_50h/source3d/background_cube.fits
2019-07-23T20:18:34: === GEbounds ===
2019-07-23T20:18:34:  Number of intervals .......: 32
2019-07-23T20:18:34:  Energy range ..............: 100 GeV - 199.526229858398 TeV
2019-07-23T20:18:34: === GSkyMap ===
2019-07-23T20:18:34:  Number of pixels ..........: 6400
2019-07-23T20:18:34:  X axis dimension ..........: 80
2019-07-23T20:18:34:  Y axis dimension ..........: 80
2019-07-23T20:18:34:  Number of maps ............: 32
2019-07-23T20:18:34:  Shape of maps .............: (32)
2019-07-23T20:18:34: === GCTAResponseCache ===
2019-07-23T20:18:34:  Number of cached values ...: 0
2019-07-23T20:18:34: === GCTAEventCube ===
2019-07-23T20:18:34:  Number of events ..........: 306059
2019-07-23T20:18:34:  Number of elements ........: 204800
2019-07-23T20:18:34:  Number of pixels ..........: 6400
2019-07-23T20:18:34:  Number of energy bins .....: 32
2019-07-23T20:18:34:  Time interval .............: 51544.5 - 51546.1666666667 days
2019-07-23T20:18:34:  Pointing ..................: (RA,Dec)=(84.1331,22.0145)
2019-07-23T20:18:34: === GEbounds ===
2019-07-23T20:18:34:  Number of intervals .......: 32
2019-07-23T20:18:34:  Energy range ..............: 100 GeV - 199.526229858398 TeV
2019-07-23T20:18:34: === GSkyMap ===
2019-07-23T20:18:34:  Number of pixels ..........: 6400
2019-07-23T20:18:34:  X axis dimension ..........: 80
2019-07-23T20:18:34:  Y axis dimension ..........: 80
2019-07-23T20:18:34:  Number of maps ............: 32
2019-07-23T20:18:34:  Shape of maps .............: (32)
2019-07-23T20:18:34: === GSkyRegions ===
2019-07-23T20:18:34:  Number of regions .........: 0
2019-07-23T20:18:34: === GModels ===
2019-07-23T20:18:34:  Number of models ..........: 2
2019-07-23T20:18:34:  Number of parameters ......: 11
2019-07-23T20:18:34: === GModelSky ===
2019-07-23T20:18:34:  Name ......................: source3d
2019-07-23T20:18:34:  Instruments ...............: all
2019-07-23T20:18:34:  Test Statistic ............: Computation requested
2019-07-23T20:18:34:  Observation identifiers ...: all
2019-07-23T20:18:34:  Model type ................: PointSource
2019-07-23T20:18:34:  Model components ..........: "PointSource" * "ExponentialCutoffPowerLaw" * "Constant"
2019-07-23T20:18:34:  Number of parameters ......: 7
2019-07-23T20:18:34:  Number of spatial par's ...: 2
2019-07-23T20:18:34:   RA .......................: 83.6331 [-360,360] deg (fixed,scale=1)
2019-07-23T20:18:34:   DEC ......................: 22.0145 [-90,90] deg (fixed,scale=1)
2019-07-23T20:18:34:  Number of spectral par's ..: 4
2019-07-23T20:18:34:   Prefactor ................: 3.04e-18 +/- 0 [1e-25,1e-15] ph/cm2/s/MeV (free,scale=1e-18,gradient)
2019-07-23T20:18:34:   Index ....................: -2 +/- 0 [-0,-5]  (free,scale=-1,gradient)
2019-07-23T20:18:34:   CutoffEnergy .............: 200000000 +/- 0 [1000000,100000000000] MeV (free,scale=100000000,gradient)
2019-07-23T20:18:34:   PivotEnergy ..............: 1000000 [10000,1000000000] MeV (fixed,scale=1000000,gradient)
2019-07-23T20:18:34:  Number of temporal par's ..: 1
2019-07-23T20:18:34:   Normalization ............: 1 (relative value) (fixed,scale=1,gradient)
2019-07-23T20:18:34:  Number of scale par's .....: 0
2019-07-23T20:18:34: === GCTAModelCubeBackground ===
2019-07-23T20:18:34:  Name ......................: BackgroundModel
2019-07-23T20:18:34:  Instruments ...............: CTA, HESS, MAGIC, VERITAS
2019-07-23T20:18:34:  Observation identifiers ...: all
2019-07-23T20:18:34:  Model type ................: "PowerLaw" * "Constant"
2019-07-23T20:18:34:  Number of parameters ......: 4
2019-07-23T20:18:34:  Number of spectral par's ..: 3
2019-07-23T20:18:34:   Prefactor ................: 1 +/- 0 [0.01,100] ph/cm2/s/MeV (free,scale=1,gradient)
2019-07-23T20:18:34:   Index ....................: 0 +/- 0 [-5,5]  (free,scale=1,gradient)
2019-07-23T20:18:34:   PivotEnergy ..............: 1000000 MeV (fixed,scale=1000000,gradient)
2019-07-23T20:18:34:  Number of temporal par's ..: 1
2019-07-23T20:18:34:   Normalization ............: 1 (relative value) (fixed,scale=1,gradient)
2019-07-23T20:18:34: 
2019-07-23T20:18:34: +=================================+
2019-07-23T20:18:34: | Maximum likelihood optimisation |
2019-07-23T20:18:34: +=================================+
2019-07-23T20:19:06:  >Iteration   0: -logL=-316304.741, Lambda=1.0e-03
2019-07-23T20:19:35:  >Iteration   1: -logL=-317055.390, Lambda=1.0e-03, delta=750.649, step=1.0e+00, max(|grad|)=4487.322810 [Index:8]
2019-07-23T20:20:04:  >Iteration   2: -logL=-317075.323, Lambda=1.0e-04, delta=19.933, step=1.0e+00, max(|grad|)=195.348826 [Index:3]
2019-07-23T20:20:33:  >Iteration   3: -logL=-317076.551, Lambda=1.0e-05, delta=1.228, step=1.0e+00, max(|grad|)=99.155409 [Index:3]
2019-07-23T20:21:02:  >Iteration   4: -logL=-317076.865, Lambda=1.0e-06, delta=0.314, step=1.0e+00, max(|grad|)=42.073451 [Index:3]
2019-07-23T20:21:31:  >Iteration   5: -logL=-317076.925, Lambda=1.0e-07, delta=0.060, step=1.0e+00, max(|grad|)=13.236983 [Index:3]
2019-07-23T20:22:00:  >Iteration   6: -logL=-317076.931, Lambda=1.0e-08, delta=0.007, step=1.0e+00, max(|grad|)=2.264104 [Index:3]
2019-07-23T20:22:29:  >Iteration   7: -logL=-317076.932, Lambda=1.0e-09, delta=0.000, step=1.0e+00, max(|grad|)=0.124676 [Index:3]
2019-07-23T20:22:29:  
2019-07-23T20:22:29:  +==================+
2019-07-23T20:22:29:  | Curvature matrix |
2019-07-23T20:22:29:  +==================+
2019-07-23T20:22:29:  === GMatrixSparse ===
2019-07-23T20:22:29:   Number of rows ............: 11
2019-07-23T20:22:29:   Number of columns .........: 11
2019-07-23T20:22:29:   Number of nonzero elements : 25
2019-07-23T20:22:29:   Number of allocated cells .: 537
2019-07-23T20:22:29:   Memory block size .........: 512
2019-07-23T20:22:29:   Sparse matrix fill ........: 0.206611570247934
2019-07-23T20:22:29:   Pending element ...........: 0
2019-07-23T20:22:29:   Fill stack size ...........: 0 (none)
2019-07-23T20:22:29:   0, 0, 0, 0, 0, 0, 0, 0, 0, 0, 0
2019-07-23T20:22:29:   0, 0, 0, 0, 0, 0, 0, 0, 0, 0, 0
2019-07-23T20:22:29:   0, 0, 2045.42862953643, -1184.44370275601, 0.344203898926193, 0, 0, 1603.60131010937, -2208.42285013459, 0, 0
2019-07-23T20:22:29:   0, 0, -1184.44370275601, 38352.1340532825, -2.78214409497535, 0, 0, 7489.60835307982, -12305.3918119282, 0, 0
2019-07-23T20:22:29:   0, 0, 0.344203898926194, -2.78214409497535, 0.000494882664218053, 0, 0, 0.021934911136713, -0.00237121389265666, 0, 0
2019-07-23T20:22:29:   0, 0, 0, 0, 0, 0, 0, 0, 0, 0, 0
2019-07-23T20:22:29:   0, 0, 0, 0, 0, 0, 0, 0, 0, 0, 0
2019-07-23T20:22:29:   0, 0, 1603.60131010937, 7489.60835307983, 0.021934911136713, 0, 0, 350676.953509329, -495160.279778584, 0, 0
2019-07-23T20:22:29:   0, 0, -2208.42285013459, -12305.3918119281, -0.00237121389265669, 0, 0, -495160.279778583, 839698.709483938, 0, 0
2019-07-23T20:22:29:   0, 0, 0, 0, 0, 0, 0, 0, 0, 0, 0
2019-07-23T20:22:29:   0, 0, 0, 0, 0, 0, 0, 0, 0, 0, 0
2019-07-23T20:22:58: 
2019-07-23T20:22:58: +====================================+
2019-07-23T20:22:58: | Maximum likelihood re-optimisation |
2019-07-23T20:22:58: +====================================+
2019-07-23T20:22:59:  >Iteration   0: -logL=-261111.568, Lambda=1.0e-03
2019-07-23T20:22:59:  >Iteration   1: -logL=-264603.146, Lambda=1.0e-03, delta=3491.579, step=1.0e+00, max(|grad|)=-11095.844871 [Prefactor:0]
2019-07-23T20:23:00:  >Iteration   2: -logL=-265213.363, Lambda=1.0e-04, delta=610.216, step=1.0e+00, max(|grad|)=-1924.053169 [Prefactor:0]
2019-07-23T20:23:00:  >Iteration   3: -logL=-265241.313, Lambda=1.0e-05, delta=27.950, step=1.0e+00, max(|grad|)=-258.612381 [Index:1]
2019-07-23T20:23:01:  >Iteration   4: -logL=-265241.800, Lambda=1.0e-06, delta=0.487, step=1.0e+00, max(|grad|)=-59.389718 [Index:1]
2019-07-23T20:23:02:  >Iteration   5: -logL=-265241.810, Lambda=1.0e-07, delta=0.009, step=1.0e+00, max(|grad|)=-8.689396 [Index:1]
2019-07-23T20:23:02:  >Iteration   6: -logL=-265241.810, Lambda=1.0e-08, delta=0.000, step=1.0e+00, max(|grad|)=-1.222205 [Index:1]
2019-07-23T20:23:02: 
2019-07-23T20:23:02: +============================================+
2019-07-23T20:23:02: | Maximum likelihood re-optimisation results |
2019-07-23T20:23:02: +============================================+
2019-07-23T20:23:02: === GOptimizerLM ===
2019-07-23T20:23:02:  Optimized function value ..: -265241.810
2019-07-23T20:23:02:  Absolute precision ........: 0.005
2019-07-23T20:23:02:  Acceptable value decrease .: 2
2019-07-23T20:23:02:  Optimization status .......: converged
2019-07-23T20:23:02:  Number of parameters ......: 4
2019-07-23T20:23:02:  Number of free parameters .: 2
2019-07-23T20:23:02:  Number of iterations ......: 6
2019-07-23T20:23:02:  Lambda ....................: 1e-09
2019-07-23T20:23:02: 
2019-07-23T20:23:02: +=========================================+
2019-07-23T20:23:02: | Maximum likelihood optimisation results |
2019-07-23T20:23:02: +=========================================+
2019-07-23T20:23:02: === GOptimizerLM ===
2019-07-23T20:23:02:  Optimized function value ..: -317076.932
2019-07-23T20:23:02:  Absolute precision ........: 0.005
2019-07-23T20:23:02:  Acceptable value decrease .: 2
2019-07-23T20:23:02:  Optimization status .......: converged
2019-07-23T20:23:02:  Number of parameters ......: 11
2019-07-23T20:23:02:  Number of free parameters .: 5
2019-07-23T20:23:02:  Number of iterations ......: 7
2019-07-23T20:23:02:  Lambda ....................: 1e-10
2019-07-23T20:23:02:  Maximum log likelihood ....: 317076.932
2019-07-23T20:23:02:  Observed events  (Nobs) ...: 306059.000
2019-07-23T20:23:02:  Predicted events (Npred) ..: 304390.960 (Nobs - Npred = 1668.03954032954)
2019-07-23T20:23:02: === GModels ===
2019-07-23T20:23:02:  Number of models ..........: 2
2019-07-23T20:23:02:  Number of parameters ......: 11
2019-07-23T20:23:02: === GModelSky ===
2019-07-23T20:23:02:  Name ......................: source3d
2019-07-23T20:23:02:  Instruments ...............: all
2019-07-23T20:23:02:  Test Statistic ............: 103670.243334122
2019-07-23T20:23:02:  Observation identifiers ...: all
2019-07-23T20:23:02:  Model type ................: PointSource
2019-07-23T20:23:02:  Model components ..........: "PointSource" * "ExponentialCutoffPowerLaw" * "Constant"
2019-07-23T20:23:02:  Number of parameters ......: 7
2019-07-23T20:23:02:  Number of spatial par's ...: 2
2019-07-23T20:23:02:   RA .......................: 83.6331 [-360,360] deg (fixed,scale=1)
2019-07-23T20:23:02:   DEC ......................: 22.0145 [-90,90] deg (fixed,scale=1)
2019-07-23T20:23:02:  Number of spectral par's ..: 4
2019-07-23T20:23:02:   Prefactor ................: 2.98697305090315e-18 +/- 2.37287307113188e-20 [1e-25,1e-15] ph/cm2/s/MeV (free,scale=1e-18,gradient)
2019-07-23T20:23:02:   Index ....................: -2.02501964871457 +/- 0.00670504081309869 [-0,-5]  (free,scale=-1,gradient)
2019-07-23T20:23:02:   CutoffEnergy .............: 2716881247.04422 +/- 6208037817.9297 [1000000,100000000000] MeV (free,scale=100000000,gradient)
2019-07-23T20:23:02:   PivotEnergy ..............: 1000000 [10000,1000000000] MeV (fixed,scale=1000000,gradient)
2019-07-23T20:23:02:  Number of temporal par's ..: 1
2019-07-23T20:23:02:   Normalization ............: 1 (relative value) (fixed,scale=1,gradient)
2019-07-23T20:23:02:  Number of scale par's .....: 0
2019-07-23T20:23:02: === GCTAModelCubeBackground ===
2019-07-23T20:23:02:  Name ......................: BackgroundModel
2019-07-23T20:23:02:  Instruments ...............: CTA, HESS, MAGIC, VERITAS
2019-07-23T20:23:02:  Observation identifiers ...: all
2019-07-23T20:23:02:  Model type ................: "PowerLaw" * "Constant"
2019-07-23T20:23:02:  Number of parameters ......: 4
2019-07-23T20:23:02:  Number of spectral par's ..: 3
2019-07-23T20:23:02:   Prefactor ................: 0.889754469715637 +/- 0.0041296310136702 [0.01,100] ph/cm2/s/MeV (free,scale=1,gradient)
2019-07-23T20:23:02:   Index ....................: -0.0293396465080027 +/- 0.00266869668146811 [-5,5]  (free,scale=1,gradient)
2019-07-23T20:23:02:   PivotEnergy ..............: 1000000 MeV (fixed,scale=1000000,gradient)
2019-07-23T20:23:02:  Number of temporal par's ..: 1
2019-07-23T20:23:02:   Normalization ............: 1 (relative value) (fixed,scale=1,gradient)
2019-07-23T20:23:02: 
2019-07-23T20:23:02: +==============+
2019-07-23T20:23:02: | Save results |
2019-07-23T20:23:02: +==============+
2019-07-23T20:23:02:  Model definition file .....: /cta/carli/CPPM_Internship/Simulations_and_Analyses/minus_constant_EDisp_South_z40_50h/source3d/obsmodel_binned.xml
2019-07-23T20:23:02:  Covariance matrix file ....: NONE
2019-07-23T20:23:02: 
2019-07-23T20:23:02: Application "ctlike" terminated after 269 wall clock seconds, consuming 278.93 seconds of CPU time.
