2019-07-23T14:22:44: ********************************************************************************
2019-07-23T14:22:44: *                                   ctskymap                                   *
2019-07-23T14:22:44: * ---------------------------------------------------------------------------- *
2019-07-23T14:22:44: * Version: 1.6.0                                                               *
2019-07-23T14:22:44: ********************************************************************************
2019-07-23T14:22:44: +============+
2019-07-23T14:22:44: | Parameters |
2019-07-23T14:22:44: +============+
2019-07-23T14:22:44:  inobs .....................: /cta/carli/CPPM_Internship/Simulations_and_Analyses/minus_constant_EDisp_South_z40_50h/source3d/obs.fits
2019-07-23T14:22:44:  caldb .....................: prod3b-v2
2019-07-23T14:22:44:  irf .......................: minus_constant_EDisp_South_z40_50h
2019-07-23T14:22:44:  inmap .....................: NONE
2019-07-23T14:22:44:  outmap ....................: /cta/carli/CPPM_Internship/Simulations_and_Analyses/minus_constant_EDisp_South_z40_50h/source3d/skymap.fits
2019-07-23T14:22:44:  emin ......................: 0.1
2019-07-23T14:22:44:  emax ......................: 199.526229858398
2019-07-23T14:22:44:  usepnt ....................: yes
2019-07-23T14:22:44:  nxpix .....................: 80
2019-07-23T14:22:44:  nypix .....................: 80
2019-07-23T14:22:44:  binsz .....................: 0.02
2019-07-23T14:22:44:  coordsys ..................: CEL
2019-07-23T14:22:44:  proj ......................: CAR
2019-07-23T14:22:44:  xref ......................: [not queried]
2019-07-23T14:22:44:  yref ......................: [not queried]
2019-07-23T14:22:44:  bkgsubtract ...............: NONE
2019-07-23T14:22:44:  roiradius .................: [not queried]
2019-07-23T14:22:44:  inradius ..................: [not queried]
2019-07-23T14:22:44:  outradius .................: [not queried]
2019-07-23T14:22:44:  iterations ................: [not queried]
2019-07-23T14:22:44:  threshold .................: [not queried]
2019-07-23T14:22:44:  inexclusion ...............: NONE
2019-07-23T14:22:44:  usefft ....................: yes
2019-07-23T14:22:44:  publish ...................: no
2019-07-23T14:22:44:  chatter ...................: 4
2019-07-23T14:22:44:  clobber ...................: yes
2019-07-23T14:22:44:  debug .....................: no
2019-07-23T14:22:44:  mode ......................: ql
2019-07-23T14:22:44:  logfile ...................: ctskymap.log
2019-07-23T14:22:44: 
2019-07-23T14:22:44: +===================+
2019-07-23T14:22:44: | Input observation |
2019-07-23T14:22:44: +===================+
2019-07-23T14:22:44: === GObservations ===
2019-07-23T14:22:44:  Number of observations ....: 1
2019-07-23T14:22:44:  Number of models ..........: 0
2019-07-23T14:22:44:  Number of observed events .: 326468
2019-07-23T14:22:44:  Number of predicted events : 0
2019-07-23T14:22:44: === GCTAObservation ===
2019-07-23T14:22:44:  Name ......................: 
2019-07-23T14:22:44:  Identifier ................: 000001
2019-07-23T14:22:44:  Instrument ................: CTA
2019-07-23T14:22:44:  Event file ................: /cta/carli/CPPM_Internship/Simulations_and_Analyses/minus_constant_EDisp_South_z40_50h/source3d/obs.fits
2019-07-23T14:22:44:  Event type ................: EventList
2019-07-23T14:22:44:  Statistic .................: cstat
2019-07-23T14:22:44:  Ontime ....................: 144000 s
2019-07-23T14:22:44:  Livetime ..................: 141120 s
2019-07-23T14:22:44:  Deadtime correction .......: 0.98
2019-07-23T14:22:44:  User energy range .........: undefined
2019-07-23T14:22:44: === GCTAPointing ===
2019-07-23T14:22:44:  Pointing direction ........: (RA,Dec)=(84.1331,22.0145)
2019-07-23T14:22:44:  Response function .........: undefined
2019-07-23T14:22:44: === GCTAEventList ===
2019-07-23T14:22:44:  Number of events ..........: 326468 (disposed in "/cta/carli/CPPM_Internship/Simulations_and_Analyses/minus_constant_EDisp_South_z40_50h/source3d/obs.fits")
2019-07-23T14:22:44:  Time interval .............: 51544.5 - 51546.1666666667 days
2019-07-23T14:22:44: === GEbounds ===
2019-07-23T14:22:44:  Number of intervals .......: 1
2019-07-23T14:22:44:  Energy range ..............: 100 GeV - 199.526229858398 TeV
2019-07-23T14:22:44: === GCTARoi ===
2019-07-23T14:22:44:  RoI centre ................: RA=84.1331, DEC=22.0145 [0,0]
2019-07-23T14:22:44:  RoI radius ................: 0.8 deg
2019-07-23T14:22:44: === GSkyRegions ===
2019-07-23T14:22:44:  Number of regions .........: 0
2019-07-23T14:22:44: === GModels ===
2019-07-23T14:22:44:  Number of models ..........: 0
2019-07-23T14:22:44:  Number of parameters ......: 0
2019-07-23T14:22:44: 
2019-07-23T14:22:44: +===========================+
2019-07-23T14:22:44: | Find unbinned observation |
2019-07-23T14:22:44: +===========================+
2019-07-23T14:22:44: === CTA observation (id=000001) ===
2019-07-23T14:22:44:  Including unbinned CTA observation
2019-07-23T14:22:44: 
2019-07-23T14:22:44: +===========================+
2019-07-23T14:22:44: | Fill map from observation |
2019-07-23T14:22:44: +===========================+
2019-07-23T14:22:44: === CTA observation (id=000001) ===
2019-07-23T14:22:44:  Events in list ............: 326468
2019-07-23T14:22:44:  Events in map .............: 306060
2019-07-23T14:22:44:  Events outside RoI ........: 1
2019-07-23T14:22:44:  Events outside map area ...: 0
2019-07-23T14:22:44:  Events outside energies ...: 20407
2019-07-23T14:22:44: 
2019-07-23T14:22:44: +=========+
2019-07-23T14:22:44: | Sky map |
2019-07-23T14:22:44: +=========+
2019-07-23T14:22:44: === GSkyMap ===
2019-07-23T14:22:44:  Number of pixels ..........: 6400
2019-07-23T14:22:44:  X axis dimension ..........: 80
2019-07-23T14:22:44:  Y axis dimension ..........: 80
2019-07-23T14:22:44:  Number of maps ............: 1
2019-07-23T14:22:44:  Shape of maps .............: (1)
2019-07-23T14:22:44: === GWcsCAR ===
2019-07-23T14:22:44:  Number of axes ............: 2
2019-07-23T14:22:44:  Longitude axis ............: 0
2019-07-23T14:22:44:  Latitude axis .............: 1
2019-07-23T14:22:44:  Spectral axis .............: -1
2019-07-23T14:22:44:  Coodinate system ..........: EQU
2019-07-23T14:22:44:  Projection code ...........: CAR
2019-07-23T14:22:44:  Projection name ...........: plate carree
2019-07-23T14:22:44:  Radius of the gen. sphere .: 57.2957795130823 deg
2019-07-23T14:22:44:  Reference coordinate ......: (84.1331, 22.0145)
2019-07-23T14:22:44:  Reference pixel ...........: (40.5, 40.5)
2019-07-23T14:22:44:  Increment at reference ....: (-0.02, 0.02)
2019-07-23T14:22:44:  (Phi_0, Theta_0) ..........: (0, 0) deg
2019-07-23T14:22:44:  (Phi_p, Theta_p) ..........: (0, 67.9855) deg
2019-07-23T14:22:44:  LATPOLE keyword usage .....: Required to select between two valid solutions of Theta_p.
2019-07-23T14:22:44:  Reference vector (m_ref) ..: (84.1331, 22.0145, 0, 67.9855) deg
2019-07-23T14:22:44:  Euler angles ..............: (264.1331 deg, 22.0145 deg, 0 deg, 0.927089022159083, 0.374841226377402)
2019-07-23T14:22:44:  Latitude preserved ........: False
2019-07-23T14:22:44:  Unity PC matrix ...........: True
2019-07-23T14:22:44:  Pixel-to-image trafo ......: ()
2019-07-23T14:22:44:  Image-to-pixel trafo ......: ()
2019-07-23T14:22:44:  Strict bounds checking ....: True
2019-07-23T14:22:44:  Use fiducial offset .......: False
2019-07-23T14:22:44:  Fiducial offset ...........: (0, 0)
2019-07-23T14:22:44:  Rest frequency ............: UNDEFINED
2019-07-23T14:22:44:  Rest wavelength ...........: UNDEFINED
2019-07-23T14:22:44: 
2019-07-23T14:22:44: +==============+
2019-07-23T14:22:44: | Compute maps |
2019-07-23T14:22:44: +==============+
2019-07-23T14:22:44: 
2019-07-23T14:22:44: +==============+
2019-07-23T14:22:44: | Save sky map |
2019-07-23T14:22:44: +==============+
2019-07-23T14:22:44:  Sky map file ..............: /cta/carli/CPPM_Internship/Simulations_and_Analyses/minus_constant_EDisp_South_z40_50h/source3d/skymap.fits
2019-07-23T14:22:44: 
2019-07-23T14:22:44: Application "ctskymap" terminated after 0 wall clock seconds, consuming 0.92 seconds of CPU time. This was rather quick!
