2019-07-22T16:33:55: ********************************************************************************
2019-07-22T16:33:55: *                                   ctbkgcube                                  *
2019-07-22T16:33:55: * ---------------------------------------------------------------------------- *
2019-07-22T16:33:55: * Version: 1.6.0                                                               *
2019-07-22T16:33:55: ********************************************************************************
2019-07-22T16:33:55: +============+
2019-07-22T16:33:55: | Parameters |
2019-07-22T16:33:55: +============+
2019-07-22T16:33:55:  inobs .....................: /cta/carli/CPPM_Internship/Simulations_and_Analyses/plus_constant_AEff_South_z40_50h/source3a/obs.fits
2019-07-22T16:33:55:  incube ....................: /cta/carli/CPPM_Internship/Simulations_and_Analyses/plus_constant_AEff_South_z40_50h/source3a/obs_cube.fits
2019-07-22T16:33:55:  inmodel ...................: /cta/carli/anaconda3/share/models/source3a.xml
2019-07-22T16:33:55:  caldb .....................: prod3b-v2
2019-07-22T16:33:55:  irf .......................: plus_constant_AEff_South_z40_50h
2019-07-22T16:33:55:  outcube ...................: /cta/carli/CPPM_Internship/Simulations_and_Analyses/plus_constant_AEff_South_z40_50h/source3a/background_cube.fits
2019-07-22T16:33:55:  outmodel ..................: /cta/carli/CPPM_Internship/Simulations_and_Analyses/plus_constant_AEff_South_z40_50h/source3a/sourcemodel_cube.xml
2019-07-22T16:33:55:  publish ...................: no
2019-07-22T16:33:55:  chatter ...................: 4
2019-07-22T16:33:55:  clobber ...................: yes
2019-07-22T16:33:55:  debug .....................: no
2019-07-22T16:33:55:  mode ......................: ql
2019-07-22T16:33:55:  logfile ...................: ctbkgcube.log
2019-07-22T16:33:55: 
2019-07-22T16:33:55: +===================+
2019-07-22T16:33:55: | Input observation |
2019-07-22T16:33:55: +===================+
2019-07-22T16:33:55: === GObservations ===
2019-07-22T16:33:55:  Number of observations ....: 1
2019-07-22T16:33:55:  Number of models ..........: 2
2019-07-22T16:33:55:  Number of observed events .: 309741
2019-07-22T16:33:55:  Number of predicted events : 0
2019-07-22T16:33:55: === GCTAObservation ===
2019-07-22T16:33:55:  Name ......................: 
2019-07-22T16:33:55:  Identifier ................: 000001
2019-07-22T16:33:55:  Instrument ................: CTA
2019-07-22T16:33:55:  Event file ................: /cta/carli/CPPM_Internship/Simulations_and_Analyses/plus_constant_AEff_South_z40_50h/source3a/obs.fits
2019-07-22T16:33:55:  Event type ................: EventList
2019-07-22T16:33:55:  Statistic .................: cstat
2019-07-22T16:33:55:  Ontime ....................: 144000 s
2019-07-22T16:33:55:  Livetime ..................: 141120 s
2019-07-22T16:33:55:  Deadtime correction .......: 0.98
2019-07-22T16:33:55:  User energy range .........: undefined
2019-07-22T16:33:55: === GCTAPointing ===
2019-07-22T16:33:55:  Pointing direction ........: (RA,Dec)=(84.1331,22.0145)
2019-07-22T16:33:55: === GCTAResponseIrf ===
2019-07-22T16:33:55:  Caldb mission .............: cta
2019-07-22T16:33:55:  Caldb instrument ..........: prod3b-v2
2019-07-22T16:33:55:  Response name .............: plus_constant_AEff_South_z40_50h
2019-07-22T16:33:55:  Energy dispersion .........: Not used
2019-07-22T16:33:55:  Safe energy range .........: undefined
2019-07-22T16:33:55: === GCaldb ===
2019-07-22T16:33:55:  Database root .............: /cta/carli/anaconda3/share/caldb
2019-07-22T16:33:55:  Selected Mission ..........: CTA
2019-07-22T16:33:55:  Selected Instrument .......: PROD3B-V2
2019-07-22T16:33:55:  Calibration Index File ....: /cta/carli/anaconda3/share/caldb/data/cta/prod3b-v2/caldb.indx
2019-07-22T16:33:55:  Number of entries .........: 240
2019-07-22T16:33:55: === GCTAAeff2D ===
2019-07-22T16:33:55:  Filename ..................: /cta/carli/anaconda3/share/caldb/data/cta/prod3b-v2/bcf/plus_constant_AEff_South_z40_50h/irf_file.fits
2019-07-22T16:33:55:  Number of energy bins .....: 42
2019-07-22T16:33:55:  Number of offset bins .....: 6
2019-07-22T16:33:55:  Log10(Energy) range .......: 0.0125892544165254 - 199.526229858398 TeV
2019-07-22T16:33:55:  Offset angle range ........: 0 - 6 deg
2019-07-22T16:33:55:  Lower energy threshold ....: not specified
2019-07-22T16:33:55:  Upper energy threshold ....: not specified
2019-07-22T16:33:55:  Radius cut ................: none
2019-07-22T16:33:55: === GCTAPsf2D ===
2019-07-22T16:33:55:  Filename ..................: /cta/carli/anaconda3/share/caldb/data/cta/prod3b-v2/bcf/plus_constant_AEff_South_z40_50h/irf_file.fits
2019-07-22T16:33:55:  Number of energy bins .....: 25
2019-07-22T16:33:55:  Number of offset bins .....: 6
2019-07-22T16:33:55:  Log10(Energy) range .......: 0.0125892544165254 - 1258.92541503906 TeV
2019-07-22T16:33:55:  Offset angle range ........: 0 - 6 deg
2019-07-22T16:33:55: === GCTAEdisp2D ===
2019-07-22T16:33:55:  Filename ..................: /cta/carli/anaconda3/share/caldb/data/cta/prod3b-v2/bcf/plus_constant_AEff_South_z40_50h/irf_file.fits
2019-07-22T16:33:55:  Number of energy bins .....: 500
2019-07-22T16:33:55:  Number of migration bins ..: 300
2019-07-22T16:33:55:  Number of offset bins .....: 6
2019-07-22T16:33:55:  Log10(Energy) range .......: 0.00501187238842249 - 501.187225341797 TeV
2019-07-22T16:33:55:  Migration range ...........: 0 - 3
2019-07-22T16:33:55:  Offset angle range ........: 0 - 6 deg
2019-07-22T16:33:55: === GCTABackground3D ===
2019-07-22T16:33:55:  Filename ..................: /cta/carli/anaconda3/share/caldb/data/cta/prod3b-v2/bcf/plus_constant_AEff_South_z40_50h/irf_file.fits
2019-07-22T16:33:55:  Number of DETX bins .......: 36
2019-07-22T16:33:55:  Number of DETY bins .......: 36
2019-07-22T16:33:55:  Number of energy bins .....: 21
2019-07-22T16:33:55:  DETX range ................: -6 - 6 deg
2019-07-22T16:33:55:  DETX range ................: -6 - 6 deg
2019-07-22T16:33:55:  Energy range ..............: 0.0125892544165254 - 199.526229858398 TeV
2019-07-22T16:33:55: === GCTAResponseCache ===
2019-07-22T16:33:55:  Number of cached values ...: 0
2019-07-22T16:33:55: === GCTAResponseCache ===
2019-07-22T16:33:55:  Number of cached values ...: 0
2019-07-22T16:33:55: === GCTAEventList ===
2019-07-22T16:33:55:  Number of events ..........: 309741 (disposed in "/cta/carli/CPPM_Internship/Simulations_and_Analyses/plus_constant_AEff_South_z40_50h/source3a/obs.fits")
2019-07-22T16:33:55:  Time interval .............: 51544.5 - 51546.1666666667 days
2019-07-22T16:33:55: === GEbounds ===
2019-07-22T16:33:55:  Number of intervals .......: 1
2019-07-22T16:33:55:  Energy range ..............: 100 GeV - 199.526229858398 TeV
2019-07-22T16:33:55: === GCTARoi ===
2019-07-22T16:33:55:  RoI centre ................: RA=84.1331, DEC=22.0145 [0,0]
2019-07-22T16:33:55:  RoI radius ................: 0.8 deg
2019-07-22T16:33:55: === GSkyRegions ===
2019-07-22T16:33:55:  Number of regions .........: 0
2019-07-22T16:33:55: === GModels ===
2019-07-22T16:33:55:  Number of models ..........: 2
2019-07-22T16:33:55:  Number of parameters ......: 11
2019-07-22T16:33:55: === GModelSky ===
2019-07-22T16:33:55:  Name ......................: source3a
2019-07-22T16:33:55:  Instruments ...............: all
2019-07-22T16:33:55:  Test Statistic ............: Computation requested
2019-07-22T16:33:55:  Observation identifiers ...: all
2019-07-22T16:33:55:  Model type ................: PointSource
2019-07-22T16:33:55:  Model components ..........: "PointSource" * "ExponentialCutoffPowerLaw" * "Constant"
2019-07-22T16:33:55:  Number of parameters ......: 7
2019-07-22T16:33:55:  Number of spatial par's ...: 2
2019-07-22T16:33:55:   RA .......................: 83.6331 [-360,360] deg (fixed,scale=1)
2019-07-22T16:33:55:   DEC ......................: 22.0145 [-90,90] deg (fixed,scale=1)
2019-07-22T16:33:55:  Number of spectral par's ..: 4
2019-07-22T16:33:55:   Prefactor ................: 7.6e-19 +/- 0 [1e-26,1e-16] ph/cm2/s/MeV (free,scale=1e-19,gradient)
2019-07-22T16:33:55:   Index ....................: -2 +/- 0 [-0,-5]  (free,scale=-1,gradient)
2019-07-22T16:33:55:   CutoffEnergy .............: 200000000 +/- 0 [1000000,100000000000] MeV (free,scale=100000000,gradient)
2019-07-22T16:33:55:   PivotEnergy ..............: 1000000 [10000,1000000000] MeV (fixed,scale=1000000,gradient)
2019-07-22T16:33:55:  Number of temporal par's ..: 1
2019-07-22T16:33:55:   Normalization ............: 1 (relative value) (fixed,scale=1,gradient)
2019-07-22T16:33:55:  Number of scale par's .....: 0
2019-07-22T16:33:55: === GCTAModelIrfBackground ===
2019-07-22T16:33:55:  Name ......................: CTABackgroundModel
2019-07-22T16:33:55:  Instruments ...............: CTA
2019-07-22T16:33:55:  Test Statistic ............: Computation requested
2019-07-22T16:33:55:  Observation identifiers ...: all
2019-07-22T16:33:55:  Model type ................: "PowerLaw" * "Constant"
2019-07-22T16:33:55:  Number of parameters ......: 4
2019-07-22T16:33:55:  Number of spectral par's ..: 3
2019-07-22T16:33:55:   Prefactor ................: 1 +/- 0 [0.001,1000] ph/cm2/s/MeV (free,scale=1,gradient)
2019-07-22T16:33:55:   Index ....................: 0 +/- 0 [-5,5]  (free,scale=1,gradient)
2019-07-22T16:33:55:   PivotEnergy ..............: 1000000 [10000,1000000000] MeV (fixed,scale=1000000,gradient)
2019-07-22T16:33:55:  Number of temporal par's ..: 1
2019-07-22T16:33:55:   Normalization ............: 1 (relative value) (fixed,scale=1,gradient)
2019-07-22T16:33:55: 
2019-07-22T16:33:55: +==============+
2019-07-22T16:33:55: | Input models |
2019-07-22T16:33:55: +==============+
2019-07-22T16:33:55: === GModels ===
2019-07-22T16:33:55:  Number of models ..........: 2
2019-07-22T16:33:55:  Number of parameters ......: 11
2019-07-22T16:33:55: === GModelSky ===
2019-07-22T16:33:55:  Name ......................: source3a
2019-07-22T16:33:55:  Instruments ...............: all
2019-07-22T16:33:55:  Test Statistic ............: Computation requested
2019-07-22T16:33:55:  Observation identifiers ...: all
2019-07-22T16:33:55:  Model type ................: PointSource
2019-07-22T16:33:55:  Model components ..........: "PointSource" * "ExponentialCutoffPowerLaw" * "Constant"
2019-07-22T16:33:55:  Number of parameters ......: 7
2019-07-22T16:33:55:  Number of spatial par's ...: 2
2019-07-22T16:33:55:   RA .......................: 83.6331 [-360,360] deg (fixed,scale=1)
2019-07-22T16:33:55:   DEC ......................: 22.0145 [-90,90] deg (fixed,scale=1)
2019-07-22T16:33:55:  Number of spectral par's ..: 4
2019-07-22T16:33:55:   Prefactor ................: 7.6e-19 +/- 0 [1e-26,1e-16] ph/cm2/s/MeV (free,scale=1e-19,gradient)
2019-07-22T16:33:55:   Index ....................: -2 +/- 0 [-0,-5]  (free,scale=-1,gradient)
2019-07-22T16:33:55:   CutoffEnergy .............: 200000000 +/- 0 [1000000,100000000000] MeV (free,scale=100000000,gradient)
2019-07-22T16:33:55:   PivotEnergy ..............: 1000000 [10000,1000000000] MeV (fixed,scale=1000000,gradient)
2019-07-22T16:33:55:  Number of temporal par's ..: 1
2019-07-22T16:33:55:   Normalization ............: 1 (relative value) (fixed,scale=1,gradient)
2019-07-22T16:33:55:  Number of scale par's .....: 0
2019-07-22T16:33:55: === GCTAModelIrfBackground ===
2019-07-22T16:33:55:  Name ......................: CTABackgroundModel
2019-07-22T16:33:55:  Instruments ...............: CTA
2019-07-22T16:33:55:  Test Statistic ............: Computation requested
2019-07-22T16:33:55:  Observation identifiers ...: all
2019-07-22T16:33:55:  Model type ................: "PowerLaw" * "Constant"
2019-07-22T16:33:55:  Number of parameters ......: 4
2019-07-22T16:33:55:  Number of spectral par's ..: 3
2019-07-22T16:33:55:   Prefactor ................: 1 +/- 0 [0.001,1000] ph/cm2/s/MeV (free,scale=1,gradient)
2019-07-22T16:33:55:   Index ....................: 0 +/- 0 [-5,5]  (free,scale=1,gradient)
2019-07-22T16:33:55:   PivotEnergy ..............: 1000000 [10000,1000000000] MeV (fixed,scale=1000000,gradient)
2019-07-22T16:33:55:  Number of temporal par's ..: 1
2019-07-22T16:33:55:   Normalization ............: 1 (relative value) (fixed,scale=1,gradient)
2019-07-22T16:33:55: 
2019-07-22T16:33:55: +===============+
2019-07-22T16:33:55: | Prepare model |
2019-07-22T16:33:55: +===============+
2019-07-22T16:33:55:  Keep model ................: CTABackgroundModel CTAIrfBackground(CTA)
2019-07-22T16:33:55:  Remove model ..............: source3a PointSource()
2019-07-22T16:33:55: 
2019-07-22T16:33:55: +==========================+
2019-07-22T16:33:55: | Generate background cube |
2019-07-22T16:33:55: +==========================+
2019-07-22T16:33:55: Including CTA observation "" (id=000001) in background cube computation.
2019-07-22T16:33:55: === GCTACubeBackground ===
2019-07-22T16:33:55:  Filename ..................: 
2019-07-22T16:33:55: === GEbounds ===
2019-07-22T16:33:55:  Number of intervals .......: 32
2019-07-22T16:33:55:  Energy range ..............: 100 GeV - 199.526229858398 TeV
2019-07-22T16:33:55:  Energy interval 0 .........: 100 GeV - 126.801677758117 GeV
2019-07-22T16:33:55:  Energy interval 1 .........: 126.801677758117 GeV - 160.786654822733 GeV
2019-07-22T16:33:55:  Energy interval 2 .........: 160.786654822733 GeV - 203.880175926378 GeV
2019-07-22T16:33:55:  Energy interval 3 .........: 203.880175926378 GeV - 258.523483690848 GeV
2019-07-22T16:33:55:  Energy interval 4 .........: 258.523483690848 GeV - 327.812114718727 GeV
2019-07-22T16:33:55:  Energy interval 5 .........: 327.812114718727 GeV - 415.671261357709 GeV
2019-07-22T16:33:55:  Energy interval 6 .........: 415.671261357709 GeV - 527.078133359902 GeV
2019-07-22T16:33:55:  Energy interval 7 .........: 527.078133359902 GeV - 668.343916196521 GeV
2019-07-22T16:33:55:  Energy interval 8 .........: 668.343916196521 GeV - 847.471298931492 GeV
2019-07-22T16:33:55:  Energy interval 9 .........: 847.471298931492 GeV - 1.07460782556364 TeV
2019-07-22T16:33:55:  Energy interval 10 ........: 1.07460782556364 TeV - 1.36262075213471 TeV
2019-07-22T16:33:55:  Energy interval 11 ........: 1.36262075213471 TeV - 1.72782597518709 TeV
2019-07-22T16:33:55:  Energy interval 12 ........: 1.72782597518709 TeV - 2.19091232527777 TeV
2019-07-22T16:33:55:  Energy interval 13 ........: 2.19091232527777 TeV - 2.77811358666159 TeV
2019-07-22T16:33:55:  Energy interval 14 ........: 2.77811358666159 TeV - 3.5226946379131 TeV
2019-07-22T16:33:55:  Energy interval 15 ........: 3.5226946379131 TeV - 4.46683590316902 TeV
2019-07-22T16:33:55:  Energy interval 16 ........: 4.46683590316902 TeV - 5.66402286792025 TeV
2019-07-22T16:33:55:  Energy interval 17 ........: 5.66402286792025 TeV - 7.18207602512629 TeV
2019-07-22T16:33:55:  Energy interval 18 ........: 7.18207602512629 TeV - 9.10699289772362 TeV
2019-07-22T16:33:55:  Energy interval 19 ........: 9.10699289772362 TeV - 11.5478197876261 TeV
2019-07-22T16:33:55:  Energy interval 20 ........: 11.5478197876261 TeV - 14.6428292351937 TeV
2019-07-22T16:33:55:  Energy interval 21 ........: 14.6428292351937 TeV - 18.5673531414817 TeV
2019-07-22T16:33:55:  Energy interval 22 ........: 18.5673531414817 TeV - 23.5437152986732 TeV
2019-07-22T16:33:55:  Energy interval 23 ........: 23.5437152986732 TeV - 29.8538260053121 TeV
2019-07-22T16:33:55:  Energy interval 24 ........: 29.8538260053121 TeV - 37.8551522497248 TeV
2019-07-22T16:33:55:  Energy interval 25 ........: 37.8551522497248 TeV - 48.0009681705405 TeV
2019-07-22T16:33:55:  Energy interval 26 ........: 48.0009681705405 TeV - 60.8660329803851 TeV
2019-07-22T16:33:55:  Energy interval 27 ........: 60.8660329803851 TeV - 77.1791510039371 TeV
2019-07-22T16:33:55:  Energy interval 28 ........: 77.1791510039371 TeV - 97.8644583524627 TeV
2019-07-22T16:33:55:  Energy interval 29 ........: 97.8644583524627 TeV - 124.093775119817 TeV
2019-07-22T16:33:55:  Energy interval 30 ........: 124.093775119817 TeV - 157.352988845312 TeV
2019-07-22T16:33:55:  Energy interval 31 ........: 157.352988845312 TeV - 199.526229858398 TeV
2019-07-22T16:33:55: === GSkyMap ===
2019-07-22T16:33:55:  Number of pixels ..........: 6400
2019-07-22T16:33:55:  X axis dimension ..........: 80
2019-07-22T16:33:55:  Y axis dimension ..........: 80
2019-07-22T16:33:55:  Number of maps ............: 32
2019-07-22T16:33:55:  Shape of maps .............: (32)
2019-07-22T16:33:55: === GWcsTAN ===
2019-07-22T16:33:55:  Number of axes ............: 2
2019-07-22T16:33:55:  Longitude axis ............: 0
2019-07-22T16:33:55:  Latitude axis .............: 1
2019-07-22T16:33:55:  Spectral axis .............: -1
2019-07-22T16:33:55:  Coodinate system ..........: GAL
2019-07-22T16:33:55:  Projection code ...........: TAN
2019-07-22T16:33:55:  Projection name ...........: gnomonic
2019-07-22T16:33:55:  Radius of the gen. sphere .: 57.2957795130823 deg
2019-07-22T16:33:55:  Reference coordinate ......: (184.806062, -5.3923557125)
2019-07-22T16:33:55:  Reference pixel ...........: (40.5, 40.5)
2019-07-22T16:33:55:  Increment at reference ....: (-0.02, 0.02)
2019-07-22T16:33:55:  (Phi_0, Theta_0) ..........: (0, 90) deg
2019-07-22T16:33:55:  (Phi_p, Theta_p) ..........: (180, -5.3923557125) deg
2019-07-22T16:33:55:  LATPOLE keyword usage .....: Not used. Theta_p determined uniquely by CRVALia and LONPOLEa keywords.
2019-07-22T16:33:55:  Reference vector (m_ref) ..: (184.806062, -5.3923557125, 180, -5.3923557125) deg
2019-07-22T16:33:55:  Euler angles ..............: (184.806062 deg, 95.3923557125 deg, 180 deg, -0.0939754866092272, 0.995574511483977)
2019-07-22T16:33:55:  Latitude preserved ........: False
2019-07-22T16:33:55:  Unity PC matrix ...........: True
2019-07-22T16:33:55:  Pixel-to-image trafo ......: ()
2019-07-22T16:33:55:  Image-to-pixel trafo ......: ()
2019-07-22T16:33:55:  Strict bounds checking ....: True
2019-07-22T16:33:55:  Use fiducial offset .......: False
2019-07-22T16:33:55:  Fiducial offset ...........: (0, 0)
2019-07-22T16:33:55:  Rest frequency ............: UNDEFINED
2019-07-22T16:33:55:  Rest wavelength ...........: UNDEFINED
2019-07-22T16:33:55: 
2019-07-22T16:33:55: +===============+
2019-07-22T16:33:55: | Output models |
2019-07-22T16:33:55: +===============+
2019-07-22T16:33:55: === GModels ===
2019-07-22T16:33:55:  Number of models ..........: 2
2019-07-22T16:33:55:  Number of parameters ......: 11
2019-07-22T16:33:55: === GModelSky ===
2019-07-22T16:33:55:  Name ......................: source3a
2019-07-22T16:33:55:  Instruments ...............: all
2019-07-22T16:33:55:  Test Statistic ............: Computation requested
2019-07-22T16:33:55:  Observation identifiers ...: all
2019-07-22T16:33:55:  Model type ................: PointSource
2019-07-22T16:33:55:  Model components ..........: "PointSource" * "ExponentialCutoffPowerLaw" * "Constant"
2019-07-22T16:33:55:  Number of parameters ......: 7
2019-07-22T16:33:55:  Number of spatial par's ...: 2
2019-07-22T16:33:55:   RA .......................: 83.6331 [-360,360] deg (fixed,scale=1)
2019-07-22T16:33:55:   DEC ......................: 22.0145 [-90,90] deg (fixed,scale=1)
2019-07-22T16:33:55:  Number of spectral par's ..: 4
2019-07-22T16:33:55:   Prefactor ................: 7.6e-19 +/- 0 [1e-26,1e-16] ph/cm2/s/MeV (free,scale=1e-19,gradient)
2019-07-22T16:33:55:   Index ....................: -2 +/- 0 [-0,-5]  (free,scale=-1,gradient)
2019-07-22T16:33:55:   CutoffEnergy .............: 200000000 +/- 0 [1000000,100000000000] MeV (free,scale=100000000,gradient)
2019-07-22T16:33:55:   PivotEnergy ..............: 1000000 [10000,1000000000] MeV (fixed,scale=1000000,gradient)
2019-07-22T16:33:55:  Number of temporal par's ..: 1
2019-07-22T16:33:55:   Normalization ............: 1 (relative value) (fixed,scale=1,gradient)
2019-07-22T16:33:55:  Number of scale par's .....: 0
2019-07-22T16:33:55: === GCTAModelCubeBackground ===
2019-07-22T16:33:55:  Name ......................: BackgroundModel
2019-07-22T16:33:55:  Instruments ...............: CTA, HESS, MAGIC, VERITAS
2019-07-22T16:33:55:  Observation identifiers ...: all
2019-07-22T16:33:55:  Model type ................: "PowerLaw" * "Constant"
2019-07-22T16:33:55:  Number of parameters ......: 4
2019-07-22T16:33:55:  Number of spectral par's ..: 3
2019-07-22T16:33:55:   Prefactor ................: 1 +/- 0 [0.01,100] ph/cm2/s/MeV (free,scale=1,gradient)
2019-07-22T16:33:55:   Index ....................: 0 +/- 0 [-5,5]  (free,scale=1,gradient)
2019-07-22T16:33:55:   PivotEnergy ..............: 1000000 MeV (fixed,scale=1000000,gradient)
2019-07-22T16:33:55:  Number of temporal par's ..: 1
2019-07-22T16:33:55:   Normalization ............: 1 (relative value) (fixed,scale=1,gradient)
2019-07-22T16:33:55: 
2019-07-22T16:33:55: +======================+
2019-07-22T16:33:55: | Save background cube |
2019-07-22T16:33:55: +======================+
2019-07-22T16:33:55:  Background cube file ......: /cta/carli/CPPM_Internship/Simulations_and_Analyses/plus_constant_AEff_South_z40_50h/source3a/background_cube.fits
2019-07-22T16:33:55:  Model definition file .....: /cta/carli/CPPM_Internship/Simulations_and_Analyses/plus_constant_AEff_South_z40_50h/source3a/sourcemodel_cube.xml
2019-07-22T16:33:55: 
2019-07-22T16:33:55: Application "ctbkgcube" terminated after 0 wall clock seconds, consuming 0.6 seconds of CPU time. This was rather quick!
