2019-07-22T16:33:56: ********************************************************************************
2019-07-22T16:33:56: *                                    ctlike                                    *
2019-07-22T16:33:56: * ---------------------------------------------------------------------------- *
2019-07-22T16:33:56: * Version: 1.6.0                                                               *
2019-07-22T16:33:56: ********************************************************************************
2019-07-22T16:33:56: +============+
2019-07-22T16:33:56: | Parameters |
2019-07-22T16:33:56: +============+
2019-07-22T16:33:56:  inobs .....................: /cta/carli/CPPM_Internship/Simulations_and_Analyses/plus_constant_AEff_South_z40_50h/source3a/obs_cube.fits
2019-07-22T16:33:56:  inmodel ...................: sourcemodel_cube.xml
2019-07-22T16:33:56:  expcube ...................: /cta/carli/CPPM_Internship/Simulations_and_Analyses/plus_constant_AEff_South_z40_50h/source3a/exposure_cube.fits
2019-07-22T16:33:56:  psfcube ...................: /cta/carli/CPPM_Internship/Simulations_and_Analyses/plus_constant_AEff_South_z40_50h/source3a/PSF_cube.fits
2019-07-22T16:33:56:  edispcube .................: /cta/carli/CPPM_Internship/Simulations_and_Analyses/plus_constant_AEff_South_z40_50h/source3a/edisp_cube.fits
2019-07-22T16:33:56:  bkgcube ...................: /cta/carli/CPPM_Internship/Simulations_and_Analyses/plus_constant_AEff_South_z40_50h/source3a/background_cube.fits
2019-07-22T16:33:56:  caldb .....................: prod3b-v2
2019-07-22T16:33:56:  irf .......................: plus_constant_AEff_South_z40_50h
2019-07-22T16:33:56:  edisp .....................: yes
2019-07-22T16:33:56:  outmodel ..................: /cta/carli/CPPM_Internship/Simulations_and_Analyses/plus_constant_AEff_South_z40_50h/source3a/obsmodel_binned.xml
2019-07-22T16:33:56:  outcovmat .................: NONE
2019-07-22T16:33:56:  statistic .................: DEFAULT
2019-07-22T16:33:56:  refit .....................: no
2019-07-22T16:33:56:  like_accuracy .............: 0.005
2019-07-22T16:33:56:  max_iter ..................: 50
2019-07-22T16:33:56:  fix_spat_for_ts ...........: no
2019-07-22T16:33:56:  nthreads ..................: 0
2019-07-22T16:33:56:  chatter ...................: 4
2019-07-22T16:33:56:  clobber ...................: yes
2019-07-22T16:33:56:  debug .....................: no
2019-07-22T16:33:56:  mode ......................: ql
2019-07-22T16:33:56:  logfile ...................: ctlike.log
2019-07-22T16:33:56: 
2019-07-22T16:33:56: +===================+
2019-07-22T16:33:56: | Input observation |
2019-07-22T16:33:56: +===================+
2019-07-22T16:33:56: === GObservations ===
2019-07-22T16:33:56:  Number of observations ....: 1
2019-07-22T16:33:56:  Number of models ..........: 2
2019-07-22T16:33:56:  Number of observed events .: 309739
2019-07-22T16:33:56:  Number of predicted events : 0
2019-07-22T16:33:56: === GCTAObservation ===
2019-07-22T16:33:56:  Name ......................: 
2019-07-22T16:33:56:  Identifier ................: 000001
2019-07-22T16:33:56:  Instrument ................: CTA
2019-07-22T16:33:56:  Event file ................: /cta/carli/CPPM_Internship/Simulations_and_Analyses/plus_constant_AEff_South_z40_50h/source3a/obs_cube.fits
2019-07-22T16:33:56:  Event type ................: CountsCube
2019-07-22T16:33:56:  Statistic .................: cstat
2019-07-22T16:33:56:  Ontime ....................: 144000 s
2019-07-22T16:33:56:  Livetime ..................: 141120 s
2019-07-22T16:33:56:  Deadtime correction .......: 0.98
2019-07-22T16:33:56:  User energy range .........: undefined
2019-07-22T16:33:56: === GCTAPointing ===
2019-07-22T16:33:56:  Pointing direction ........: (RA,Dec)=(84.1331,22.0145)
2019-07-22T16:33:56: === GCTAResponseCube ===
2019-07-22T16:33:56:  Energy dispersion .........: Used
2019-07-22T16:33:56: === GCTACubeExposure ===
2019-07-22T16:33:56:  Filename ..................: /cta/carli/CPPM_Internship/Simulations_and_Analyses/plus_constant_AEff_South_z40_50h/source3a/exposure_cube.fits
2019-07-22T16:33:56:  Livetime ..................: 141120 sec
2019-07-22T16:33:56: === GEnergies ===
2019-07-22T16:33:56:  Number of energies ........: 33
2019-07-22T16:33:56: === GGti ===
2019-07-22T16:33:56:  Number of intervals .......: 1
2019-07-22T16:33:56:  Ontime ....................: 144000 sec
2019-07-22T16:33:56:  Elapsed time ..............: 144000 sec
2019-07-22T16:33:56:  MJD range .................: 51544.5 - 51546.1666666667 s (TT)
2019-07-22T16:33:56:  UTC range .................: 2000-01-01T11:58:56 - 2000-01-03T03:58:56 s (TT)
2019-07-22T16:33:56:  Reference MJD .............: 51544.5
2019-07-22T16:33:56: === GSkyMap ===
2019-07-22T16:33:56:  Number of pixels ..........: 6400
2019-07-22T16:33:56:  X axis dimension ..........: 80
2019-07-22T16:33:56:  Y axis dimension ..........: 80
2019-07-22T16:33:56:  Number of maps ............: 33
2019-07-22T16:33:56:  Shape of maps .............: (33)
2019-07-22T16:33:56: === GCTACubePsf ===
2019-07-22T16:33:56:  Filename ..................: /cta/carli/CPPM_Internship/Simulations_and_Analyses/plus_constant_AEff_South_z40_50h/source3a/PSF_cube.fits
2019-07-22T16:33:56: === GEnergies ===
2019-07-22T16:33:56:  Number of energies ........: 33
2019-07-22T16:33:56:  Number of delta bins ......: 200
2019-07-22T16:33:56:  Delta range ...............: 1.875e-06 - 0.298501875 deg
2019-07-22T16:33:56: === GSkyMap ===
2019-07-22T16:33:56:  Number of pixels ..........: 1
2019-07-22T16:33:56:  X axis dimension ..........: 1
2019-07-22T16:33:56:  Y axis dimension ..........: 1
2019-07-22T16:33:56:  Number of maps ............: 6600
2019-07-22T16:33:56:  Shape of maps .............: (200, 33)
2019-07-22T16:33:56: === GCTACubeEdisp ===
2019-07-22T16:33:56:  Filename ..................: /cta/carli/CPPM_Internship/Simulations_and_Analyses/plus_constant_AEff_South_z40_50h/source3a/edisp_cube.fits
2019-07-22T16:33:56: === GEnergies ===
2019-07-22T16:33:56:  Number of energies ........: 33
2019-07-22T16:33:56:  Number of migra bins ......: 100
2019-07-22T16:33:56:  Migra range ...............: 0.02 - 2
2019-07-22T16:33:56: === GSkyMap ===
2019-07-22T16:33:56:  Number of pixels ..........: 1
2019-07-22T16:33:56:  X axis dimension ..........: 1
2019-07-22T16:33:56:  Y axis dimension ..........: 1
2019-07-22T16:33:56:  Number of maps ............: 3300
2019-07-22T16:33:56:  Shape of maps .............: (100, 33)
2019-07-22T16:33:56: === GCTACubeBackground ===
2019-07-22T16:33:56:  Filename ..................: /cta/carli/CPPM_Internship/Simulations_and_Analyses/plus_constant_AEff_South_z40_50h/source3a/background_cube.fits
2019-07-22T16:33:56: === GEbounds ===
2019-07-22T16:33:56:  Number of intervals .......: 32
2019-07-22T16:33:56:  Energy range ..............: 100 GeV - 199.526229858398 TeV
2019-07-22T16:33:56: === GSkyMap ===
2019-07-22T16:33:56:  Number of pixels ..........: 6400
2019-07-22T16:33:56:  X axis dimension ..........: 80
2019-07-22T16:33:56:  Y axis dimension ..........: 80
2019-07-22T16:33:56:  Number of maps ............: 32
2019-07-22T16:33:56:  Shape of maps .............: (32)
2019-07-22T16:33:56: === GCTAResponseCache ===
2019-07-22T16:33:56:  Number of cached values ...: 0
2019-07-22T16:33:56: === GCTAEventCube ===
2019-07-22T16:33:56:  Number of events ..........: 309739
2019-07-22T16:33:56:  Number of elements ........: 204800
2019-07-22T16:33:56:  Number of pixels ..........: 6400
2019-07-22T16:33:56:  Number of energy bins .....: 32
2019-07-22T16:33:56:  Time interval .............: 51544.5 - 51546.1666666667 days
2019-07-22T16:33:56:  Pointing ..................: (RA,Dec)=(84.1331,22.0145)
2019-07-22T16:33:56: === GEbounds ===
2019-07-22T16:33:56:  Number of intervals .......: 32
2019-07-22T16:33:56:  Energy range ..............: 100 GeV - 199.526229858398 TeV
2019-07-22T16:33:56: === GSkyMap ===
2019-07-22T16:33:56:  Number of pixels ..........: 6400
2019-07-22T16:33:56:  X axis dimension ..........: 80
2019-07-22T16:33:56:  Y axis dimension ..........: 80
2019-07-22T16:33:56:  Number of maps ............: 32
2019-07-22T16:33:56:  Shape of maps .............: (32)
2019-07-22T16:33:56: === GSkyRegions ===
2019-07-22T16:33:56:  Number of regions .........: 0
2019-07-22T16:33:56: === GModels ===
2019-07-22T16:33:56:  Number of models ..........: 2
2019-07-22T16:33:56:  Number of parameters ......: 11
2019-07-22T16:33:56: === GModelSky ===
2019-07-22T16:33:56:  Name ......................: source3a
2019-07-22T16:33:56:  Instruments ...............: all
2019-07-22T16:33:56:  Test Statistic ............: Computation requested
2019-07-22T16:33:56:  Observation identifiers ...: all
2019-07-22T16:33:56:  Model type ................: PointSource
2019-07-22T16:33:56:  Model components ..........: "PointSource" * "ExponentialCutoffPowerLaw" * "Constant"
2019-07-22T16:33:56:  Number of parameters ......: 7
2019-07-22T16:33:56:  Number of spatial par's ...: 2
2019-07-22T16:33:56:   RA .......................: 83.6331 [-360,360] deg (fixed,scale=1)
2019-07-22T16:33:56:   DEC ......................: 22.0145 [-90,90] deg (fixed,scale=1)
2019-07-22T16:33:56:  Number of spectral par's ..: 4
2019-07-22T16:33:56:   Prefactor ................: 7.6e-19 +/- 0 [1e-26,1e-16] ph/cm2/s/MeV (free,scale=1e-19,gradient)
2019-07-22T16:33:56:   Index ....................: -2 +/- 0 [-0,-5]  (free,scale=-1,gradient)
2019-07-22T16:33:56:   CutoffEnergy .............: 200000000 +/- 0 [1000000,100000000000] MeV (free,scale=100000000,gradient)
2019-07-22T16:33:56:   PivotEnergy ..............: 1000000 [10000,1000000000] MeV (fixed,scale=1000000,gradient)
2019-07-22T16:33:56:  Number of temporal par's ..: 1
2019-07-22T16:33:56:   Normalization ............: 1 (relative value) (fixed,scale=1,gradient)
2019-07-22T16:33:56:  Number of scale par's .....: 0
2019-07-22T16:33:56: === GCTAModelCubeBackground ===
2019-07-22T16:33:56:  Name ......................: BackgroundModel
2019-07-22T16:33:56:  Instruments ...............: CTA, HESS, MAGIC, VERITAS
2019-07-22T16:33:56:  Observation identifiers ...: all
2019-07-22T16:33:56:  Model type ................: "PowerLaw" * "Constant"
2019-07-22T16:33:56:  Number of parameters ......: 4
2019-07-22T16:33:56:  Number of spectral par's ..: 3
2019-07-22T16:33:56:   Prefactor ................: 1 +/- 0 [0.01,100] ph/cm2/s/MeV (free,scale=1,gradient)
2019-07-22T16:33:56:   Index ....................: 0 +/- 0 [-5,5]  (free,scale=1,gradient)
2019-07-22T16:33:56:   PivotEnergy ..............: 1000000 MeV (fixed,scale=1000000,gradient)
2019-07-22T16:33:56:  Number of temporal par's ..: 1
2019-07-22T16:33:56:   Normalization ............: 1 (relative value) (fixed,scale=1,gradient)
2019-07-22T16:33:56: 
2019-07-22T16:33:56: +=================================+
2019-07-22T16:33:56: | Maximum likelihood optimisation |
2019-07-22T16:33:56: +=================================+
2019-07-22T16:34:28:  >Iteration   0: -logL=-307600.064, Lambda=1.0e-03
2019-07-22T16:34:57:  >Iteration   1: -logL=-307602.515, Lambda=1.0e-03, delta=2.451, step=1.0e+00, max(|grad|)=36.673064 [Index:3]
2019-07-22T16:35:26:  >Iteration   2: -logL=-307602.675, Lambda=1.0e-04, delta=0.161, step=1.0e+00, max(|grad|)=7.383272 [Index:3]
2019-07-22T16:35:55:  >Iteration   3: -logL=-307602.681, Lambda=1.0e-05, delta=0.005, step=1.0e+00, max(|grad|)=0.259407 [Index:3]
2019-07-22T16:36:24:  >Iteration   4: -logL=-307602.681, Lambda=1.0e-06, delta=0.000, step=1.0e+00, max(|grad|)=0.007590 [Index:3]
2019-07-22T16:36:24:  
2019-07-22T16:36:24:  +==================+
2019-07-22T16:36:24:  | Curvature matrix |
2019-07-22T16:36:24:  +==================+
2019-07-22T16:36:24:  === GMatrixSparse ===
2019-07-22T16:36:24:   Number of rows ............: 11
2019-07-22T16:36:24:   Number of columns .........: 11
2019-07-22T16:36:24:   Number of nonzero elements : 25
2019-07-22T16:36:24:   Number of allocated cells .: 537
2019-07-22T16:36:24:   Memory block size .........: 512
2019-07-22T16:36:24:   Sparse matrix fill ........: 0.206611570247934
2019-07-22T16:36:24:   Pending element ...........: 0
2019-07-22T16:36:24:   Fill stack size ...........: 0 (none)
2019-07-22T16:36:24:   0, 0, 0, 0, 0, 0, 0, 0, 0, 0, 0
2019-07-22T16:36:24:   0, 0, 0, 0, 0, 0, 0, 0, 0, 0, 0
2019-07-22T16:36:24:   0, 0, 69.9765635612224, -261.638849385461, 1.88840716529649, 0, 0, 260.319713495705, -345.20000542806, 0, 0
2019-07-22T16:36:24:   0, 0, -261.638849385461, 8561.88386653272, -37.7173653068462, 0, 0, 2626.66657222447, -4748.05768769359, 0, 0
2019-07-22T16:36:24:   0, 0, 1.88840716529649, -37.7173653068462, 0.328068413582651, 0, 0, 0.686899999136478, 0.210073190158099, 0, 0
2019-07-22T16:36:24:   0, 0, 0, 0, 0, 0, 0, 0, 0, 0, 0
2019-07-22T16:36:24:   0, 0, 0, 0, 0, 0, 0, 0, 0, 0, 0
2019-07-22T16:36:24:   0, 0, 260.319713495705, 2626.66657222447, 0.686899999136478, 0, 0, 304754.083949277, -476503.174534923, 0, 0
2019-07-22T16:36:24:   0, 0, -345.20000542806, -4748.05768769359, 0.210073190158098, 0, 0, -476503.174534923, 896680.881778715, 0, 0
2019-07-22T16:36:24:   0, 0, 0, 0, 0, 0, 0, 0, 0, 0, 0
2019-07-22T16:36:24:   0, 0, 0, 0, 0, 0, 0, 0, 0, 0, 0
2019-07-22T16:36:53: 
2019-07-22T16:36:53: +====================================+
2019-07-22T16:36:53: | Maximum likelihood re-optimisation |
2019-07-22T16:36:53: +====================================+
2019-07-22T16:36:53:  >Iteration   0: -logL=-298386.112, Lambda=1.0e-03
2019-07-22T16:36:54:  >Iteration   1: -logL=-298667.866, Lambda=1.0e-03, delta=281.754, step=1.0e+00, max(|grad|)=-1403.970287 [Prefactor:0]
2019-07-22T16:36:55:  >Iteration   2: -logL=-298675.056, Lambda=1.0e-04, delta=7.190, step=1.0e+00, max(|grad|)=-34.881019 [Prefactor:0]
2019-07-22T16:36:55:  >Iteration   3: -logL=-298675.073, Lambda=1.0e-05, delta=0.016, step=1.0e+00, max(|grad|)=-3.527035 [Index:1]
2019-07-22T16:36:56:  >Iteration   4: -logL=-298675.073, Lambda=1.0e-06, delta=0.000, step=1.0e+00, max(|grad|)=-0.194351 [Index:1]
2019-07-22T16:36:56: 
2019-07-22T16:36:56: +============================================+
2019-07-22T16:36:56: | Maximum likelihood re-optimisation results |
2019-07-22T16:36:56: +============================================+
2019-07-22T16:36:56: === GOptimizerLM ===
2019-07-22T16:36:56:  Optimized function value ..: -298675.073
2019-07-22T16:36:56:  Absolute precision ........: 0.005
2019-07-22T16:36:56:  Acceptable value decrease .: 2
2019-07-22T16:36:56:  Optimization status .......: converged
2019-07-22T16:36:56:  Number of parameters ......: 4
2019-07-22T16:36:56:  Number of free parameters .: 2
2019-07-22T16:36:56:  Number of iterations ......: 4
2019-07-22T16:36:56:  Lambda ....................: 1e-07
2019-07-22T16:36:56: 
2019-07-22T16:36:56: +=========================================+
2019-07-22T16:36:56: | Maximum likelihood optimisation results |
2019-07-22T16:36:56: +=========================================+
2019-07-22T16:36:56: === GOptimizerLM ===
2019-07-22T16:36:56:  Optimized function value ..: -307602.681
2019-07-22T16:36:56:  Absolute precision ........: 0.005
2019-07-22T16:36:56:  Acceptable value decrease .: 2
2019-07-22T16:36:56:  Optimization status .......: converged
2019-07-22T16:36:56:  Number of parameters ......: 11
2019-07-22T16:36:56:  Number of free parameters .: 5
2019-07-22T16:36:56:  Number of iterations ......: 4
2019-07-22T16:36:56:  Lambda ....................: 1e-07
2019-07-22T16:36:56:  Maximum log likelihood ....: 307602.681
2019-07-22T16:36:56:  Observed events  (Nobs) ...: 309739.000
2019-07-22T16:36:56:  Predicted events (Npred) ..: 307974.000 (Nobs - Npred = 1765.00004676695)
2019-07-22T16:36:56: === GModels ===
2019-07-22T16:36:56:  Number of models ..........: 2
2019-07-22T16:36:56:  Number of parameters ......: 11
2019-07-22T16:36:56: === GModelSky ===
2019-07-22T16:36:56:  Name ......................: source3a
2019-07-22T16:36:56:  Instruments ...............: all
2019-07-22T16:36:56:  Test Statistic ............: 17855.2158884777
2019-07-22T16:36:56:  Observation identifiers ...: all
2019-07-22T16:36:56:  Model type ................: PointSource
2019-07-22T16:36:56:  Model components ..........: "PointSource" * "ExponentialCutoffPowerLaw" * "Constant"
2019-07-22T16:36:56:  Number of parameters ......: 7
2019-07-22T16:36:56:  Number of spatial par's ...: 2
2019-07-22T16:36:56:   RA .......................: 83.6331 [-360,360] deg (fixed,scale=1)
2019-07-22T16:36:56:   DEC ......................: 22.0145 [-90,90] deg (fixed,scale=1)
2019-07-22T16:36:56:  Number of spectral par's ..: 4
2019-07-22T16:36:56:   Prefactor ................: 7.49420837122451e-19 +/- 1.30907898541828e-20 [1e-26,1e-16] ph/cm2/s/MeV (free,scale=1e-19,gradient)
2019-07-22T16:36:56:   Index ....................: -2.00247275477976 +/- 0.0154986960492273 [-0,-5]  (free,scale=-1,gradient)
2019-07-22T16:36:56:   CutoffEnergy .............: 367219504.505787 +/- 255715843.596841 [1000000,100000000000] MeV (free,scale=100000000,gradient)
2019-07-22T16:36:56:   PivotEnergy ..............: 1000000 [10000,1000000000] MeV (fixed,scale=1000000,gradient)
2019-07-22T16:36:56:  Number of temporal par's ..: 1
2019-07-22T16:36:56:   Normalization ............: 1 (relative value) (fixed,scale=1,gradient)
2019-07-22T16:36:56:  Number of scale par's .....: 0
2019-07-22T16:36:56: === GCTAModelCubeBackground ===
2019-07-22T16:36:56:  Name ......................: BackgroundModel
2019-07-22T16:36:56:  Instruments ...............: CTA, HESS, MAGIC, VERITAS
2019-07-22T16:36:56:  Observation identifiers ...: all
2019-07-22T16:36:56:  Model type ................: "PowerLaw" * "Constant"
2019-07-22T16:36:56:  Number of parameters ......: 4
2019-07-22T16:36:56:  Number of spectral par's ..: 3
2019-07-22T16:36:56:   Prefactor ................: 0.992453127728847 +/- 0.00440949000729128 [0.01,100] ph/cm2/s/MeV (free,scale=1,gradient)
2019-07-22T16:36:56:   Index ....................: -0.00406968239231659 +/- 0.00256889835562951 [-5,5]  (free,scale=1,gradient)
2019-07-22T16:36:56:   PivotEnergy ..............: 1000000 MeV (fixed,scale=1000000,gradient)
2019-07-22T16:36:56:  Number of temporal par's ..: 1
2019-07-22T16:36:56:   Normalization ............: 1 (relative value) (fixed,scale=1,gradient)
2019-07-22T16:36:56: 
2019-07-22T16:36:56: +==============+
2019-07-22T16:36:56: | Save results |
2019-07-22T16:36:56: +==============+
2019-07-22T16:36:56:  Model definition file .....: /cta/carli/CPPM_Internship/Simulations_and_Analyses/plus_constant_AEff_South_z40_50h/source3a/obsmodel_binned.xml
2019-07-22T16:36:56:  Covariance matrix file ....: NONE
2019-07-22T16:36:56: 
2019-07-22T16:36:56: Application "ctlike" terminated after 180 wall clock seconds, consuming 186.7 seconds of CPU time.
