2019-07-26T17:20:19: ********************************************************************************
2019-07-26T17:20:19: *                                   csresspec                                  *
2019-07-26T17:20:19: * ---------------------------------------------------------------------------- *
2019-07-26T17:20:19: * Version: 1.6.0                                                               *
2019-07-26T17:20:19: ********************************************************************************
2019-07-26T17:20:19: +============+
2019-07-26T17:20:19: | Parameters |
2019-07-26T17:20:19: +============+
2019-07-26T17:20:19:  inobs .....................: /cta/carli/CPPM_Internship/Simulations_and_Analyses/South_z40_50h/source1d_NOBKG/obs_cube.fits
2019-07-26T17:20:19:  inmodel ...................: /cta/carli/CPPM_Internship/Simulations_and_Analyses/South_z40_50h/source1d_NOBKG/obsmodel_binned.xml
2019-07-26T17:20:19:  modcube ...................: /cta/carli/CPPM_Internship/Simulations_and_Analyses/South_z40_50h/source1d_NOBKG/obsmodel_cube.fits
2019-07-26T17:20:19:  expcube ...................: /cta/carli/CPPM_Internship/Simulations_and_Analyses/South_z40_50h/source1d_NOBKG/exposure_cube.fits
2019-07-26T17:20:19:  psfcube ...................: /cta/carli/CPPM_Internship/Simulations_and_Analyses/South_z40_50h/source1d_NOBKG/PSF_cube.fits
2019-07-26T17:20:19:  edispcube .................: /cta/carli/CPPM_Internship/Simulations_and_Analyses/South_z40_50h/source1d_NOBKG/edisp_cube.fits
2019-07-26T17:20:19:  bkgcube ...................: 
2019-07-26T17:20:19:  caldb .....................: prod3b-v2
2019-07-26T17:20:19:  irf .......................: South_z40_50h
2019-07-26T17:20:19:  edisp .....................: yes
2019-07-26T17:20:19:  outfile ...................: /cta/carli/CPPM_Internship/Simulations_and_Analyses/South_z40_50h/source1d_NOBKG/residuals_binned_sigma.fits
2019-07-26T17:20:19:  statistic .................: DEFAULT
2019-07-26T17:20:19:  components ................: yes
2019-07-26T17:20:19:  ebinalg ...................: LOG
2019-07-26T17:20:19:  emin ......................: 0.1
2019-07-26T17:20:19:  emax ......................: 199.526229858398
2019-07-26T17:20:19:  enumbins ..................: 32
2019-07-26T17:20:19:  ebinfile ..................: [not queried]
2019-07-26T17:20:19:  stack .....................: [not queried]
2019-07-26T17:20:19:  coordsys ..................: [not queried]
2019-07-26T17:20:19:  proj ......................: [not queried]
2019-07-26T17:20:19:  xref ......................: [not queried]
2019-07-26T17:20:19:  yref ......................: [not queried]
2019-07-26T17:20:19:  nxpix .....................: [not queried]
2019-07-26T17:20:19:  nypix .....................: [not queried]
2019-07-26T17:20:19:  binsz .....................: [not queried]
2019-07-26T17:20:19:  mask ......................: no
2019-07-26T17:20:19:  ra ........................: [not queried]
2019-07-26T17:20:19:  dec .......................: [not queried]
2019-07-26T17:20:19:  rad .......................: [not queried]
2019-07-26T17:20:19:  regfile ...................: [not queried]
2019-07-26T17:20:19:  algorithm .................: SIGNIFICANCE
2019-07-26T17:20:19:  publish ...................: no
2019-07-26T17:20:19:  chatter ...................: 4
2019-07-26T17:20:19:  clobber ...................: yes
2019-07-26T17:20:19:  debug .....................: no
2019-07-26T17:20:19:  mode ......................: ql
2019-07-26T17:20:19:  logfile ...................: csresspec.log
2019-07-26T17:20:19: 
2019-07-26T17:20:19: +====================+
2019-07-26T17:20:19: | Observation census |
2019-07-26T17:20:19: +====================+
2019-07-26T17:20:19:  Unbinned CTA observations .: 0
2019-07-26T17:20:19:  Binned CTA observations ...: 1
2019-07-26T17:20:19:  On/off CTA observations ...: 0
2019-07-26T17:20:19:  Other observations ........: 0
2019-07-26T17:20:19: 
2019-07-26T17:20:19: +=============+
2019-07-26T17:20:19: | Observation |
2019-07-26T17:20:19: +=============+
2019-07-26T17:20:19: === GObservations ===
2019-07-26T17:20:19:  Number of observations ....: 1
2019-07-26T17:20:19:  Number of models ..........: 1
2019-07-26T17:20:19:  Number of observed events .: 21641
2019-07-26T17:20:19:  Number of predicted events : 0
2019-07-26T17:20:19: === GCTAObservation ===
2019-07-26T17:20:19:  Name ......................: 
2019-07-26T17:20:19:  Identifier ................: 000001
2019-07-26T17:20:19:  Instrument ................: CTA
2019-07-26T17:20:19:  Event file ................: /cta/carli/CPPM_Internship/Simulations_and_Analyses/South_z40_50h/source1d_NOBKG/obs_cube.fits
2019-07-26T17:20:19:  Event type ................: CountsCube
2019-07-26T17:20:19:  Statistic .................: cstat
2019-07-26T17:20:19:  Ontime ....................: 144000 s
2019-07-26T17:20:19:  Livetime ..................: 141120 s
2019-07-26T17:20:19:  Deadtime correction .......: 0.98
2019-07-26T17:20:19:  User energy range .........: undefined
2019-07-26T17:20:19: === GCTAPointing ===
2019-07-26T17:20:19:  Pointing direction ........: (RA,Dec)=(84.1331,22.0145)
2019-07-26T17:20:19: === GCTAResponseIrf ===
2019-07-26T17:20:19:  Caldb mission .............: cta
2019-07-26T17:20:19:  Caldb instrument ..........: prod3b-v2
2019-07-26T17:20:19:  Response name .............: South_z40_50h
2019-07-26T17:20:19:  Energy dispersion .........: Not used
2019-07-26T17:20:19:  Safe energy range .........: undefined
2019-07-26T17:20:19: === GCaldb ===
2019-07-26T17:20:19:  Database root .............: /cta/carli/anaconda3/share/caldb
2019-07-26T17:20:19:  Selected Mission ..........: CTA
2019-07-26T17:20:19:  Selected Instrument .......: PROD3B-V2
2019-07-26T17:20:19:  Calibration Index File ....: /cta/carli/anaconda3/share/caldb/data/cta/prod3b-v2/caldb.indx
2019-07-26T17:20:19:  Number of entries .........: 240
2019-07-26T17:20:19: === GCTAAeff2D ===
2019-07-26T17:20:19:  Filename ..................: /cta/carli/anaconda3/share/caldb/data/cta/prod3b-v2/bcf/South_z40_50h/irf_file.fits
2019-07-26T17:20:19:  Number of energy bins .....: 42
2019-07-26T17:20:19:  Number of offset bins .....: 6
2019-07-26T17:20:19:  Log10(Energy) range .......: 0.0125892544165254 - 199.526229858398 TeV
2019-07-26T17:20:19:  Offset angle range ........: 0 - 6 deg
2019-07-26T17:20:19:  Lower energy threshold ....: not specified
2019-07-26T17:20:19:  Upper energy threshold ....: not specified
2019-07-26T17:20:19:  Radius cut ................: none
2019-07-26T17:20:19: === GCTAPsf2D ===
2019-07-26T17:20:19:  Filename ..................: /cta/carli/anaconda3/share/caldb/data/cta/prod3b-v2/bcf/South_z40_50h/irf_file.fits
2019-07-26T17:20:19:  Number of energy bins .....: 25
2019-07-26T17:20:19:  Number of offset bins .....: 6
2019-07-26T17:20:19:  Log10(Energy) range .......: 0.0125892544165254 - 1258.92541503906 TeV
2019-07-26T17:20:19:  Offset angle range ........: 0 - 6 deg
2019-07-26T17:20:19: === GCTAEdisp2D ===
2019-07-26T17:20:19:  Filename ..................: /cta/carli/anaconda3/share/caldb/data/cta/prod3b-v2/bcf/South_z40_50h/irf_file.fits
2019-07-26T17:20:19:  Number of energy bins .....: 500
2019-07-26T17:20:19:  Number of migration bins ..: 300
2019-07-26T17:20:19:  Number of offset bins .....: 6
2019-07-26T17:20:19:  Log10(Energy) range .......: 0.00501187238842249 - 501.187225341797 TeV
2019-07-26T17:20:19:  Migration range ...........: 0 - 3
2019-07-26T17:20:19:  Offset angle range ........: 0 - 6 deg
2019-07-26T17:20:19: === GCTABackground3D ===
2019-07-26T17:20:19:  Filename ..................: /cta/carli/anaconda3/share/caldb/data/cta/prod3b-v2/bcf/South_z40_50h/irf_file.fits
2019-07-26T17:20:19:  Number of DETX bins .......: 36
2019-07-26T17:20:19:  Number of DETY bins .......: 36
2019-07-26T17:20:19:  Number of energy bins .....: 21
2019-07-26T17:20:19:  DETX range ................: -6 - 6 deg
2019-07-26T17:20:19:  DETX range ................: -6 - 6 deg
2019-07-26T17:20:19:  Energy range ..............: 0.0125892544165254 - 199.526229858398 TeV
2019-07-26T17:20:19: === GCTAResponseCache ===
2019-07-26T17:20:19:  Number of cached values ...: 0
2019-07-26T17:20:19: === GCTAResponseCache ===
2019-07-26T17:20:19:  Number of cached values ...: 0
2019-07-26T17:20:19: === GCTAEventCube ===
2019-07-26T17:20:19:  Number of events ..........: 21641
2019-07-26T17:20:19:  Number of elements ........: 204800
2019-07-26T17:20:19:  Number of pixels ..........: 6400
2019-07-26T17:20:19:  Number of energy bins .....: 32
2019-07-26T17:20:19:  Time interval .............: 51544.5 - 51546.1666666667 days
2019-07-26T17:20:19:  Pointing ..................: (RA,Dec)=(84.1331,22.0145)
2019-07-26T17:20:19: === GEbounds ===
2019-07-26T17:20:19:  Number of intervals .......: 32
2019-07-26T17:20:19:  Energy range ..............: 100 GeV - 199.526229858398 TeV
2019-07-26T17:20:19: === GSkyMap ===
2019-07-26T17:20:19:  Number of pixels ..........: 6400
2019-07-26T17:20:19:  X axis dimension ..........: 80
2019-07-26T17:20:19:  Y axis dimension ..........: 80
2019-07-26T17:20:19:  Number of maps ............: 32
2019-07-26T17:20:19:  Shape of maps .............: (32)
2019-07-26T17:20:19: === GSkyRegions ===
2019-07-26T17:20:19:  Number of regions .........: 0
2019-07-26T17:20:19: === GModels ===
2019-07-26T17:20:19:  Number of models ..........: 1
2019-07-26T17:20:19:  Number of parameters ......: 7
2019-07-26T17:20:19: === GModelSky ===
2019-07-26T17:20:19:  Name ......................: source1d_NOBKG
2019-07-26T17:20:19:  Instruments ...............: all
2019-07-26T17:20:19:  Test Statistic ............: 74662.495
2019-07-26T17:20:19:  Observation identifiers ...: all
2019-07-26T17:20:19:  Model type ................: PointSource
2019-07-26T17:20:19:  Model components ..........: "PointSource" * "ExponentialCutoffPowerLaw" * "Constant"
2019-07-26T17:20:19:  Number of parameters ......: 7
2019-07-26T17:20:19:  Number of spatial par's ...: 2
2019-07-26T17:20:19:   RA .......................: 83.6331 [-360,360] deg (fixed,scale=1)
2019-07-26T17:20:19:   DEC ......................: 22.0145 [-90,90] deg (fixed,scale=1)
2019-07-26T17:20:19:  Number of spectral par's ..: 4
2019-07-26T17:20:19:   Prefactor ................: 3.03830311473408e-18 +/- 2.46421250929109e-20 [1e-25,1e-15] ph/cm2/s/MeV (free,scale=1e-18,gradient)
2019-07-26T17:20:19:   Index ....................: -2.00175071705866 +/- 0.0062601081584381 [-0,-5]  (free,scale=-1,gradient)
2019-07-26T17:20:19:   CutoffEnergy .............: 51671855.985483 +/- 3628649.04487952 [100000,10000000000] MeV (free,scale=10000000,gradient)
2019-07-26T17:20:19:   PivotEnergy ..............: 1000000 [10000,1000000000] MeV (fixed,scale=1000000,gradient)
2019-07-26T17:20:19:  Number of temporal par's ..: 1
2019-07-26T17:20:19:   Normalization ............: 1 (relative value) (fixed,scale=1,gradient)
2019-07-26T17:20:19:  Number of scale par's .....: 0
2019-07-26T17:20:19: 
2019-07-26T17:20:19: +=========================+
2019-07-26T17:20:19: | Processing Observations |
2019-07-26T17:20:19: +=========================+
2019-07-26T17:20:19: Computing model cube
2019-07-26T17:20:30: Computing counts, model, and residual spectra
2019-07-26T17:20:30:  Computing model component .: source1d_NOBKG
2019-07-26T17:20:35: Filling residual table
2019-07-26T17:20:35: 
2019-07-26T17:20:35: +================+
2019-07-26T17:20:35: | Save residuals |
2019-07-26T17:20:35: +================+
2019-07-26T17:20:35:  Residuals file ............: /cta/carli/CPPM_Internship/Simulations_and_Analyses/South_z40_50h/source1d_NOBKG/residuals_binned_sigma.fits
2019-07-26T17:20:35: 
2019-07-26T17:20:35: Application "csresspec" terminated after 16 wall clock seconds, consuming 17.77 seconds of CPU time.
