2019-07-26T17:19:13: ********************************************************************************
2019-07-26T17:19:13: *                                  ctbutterfly                                 *
2019-07-26T17:19:13: * ---------------------------------------------------------------------------- *
2019-07-26T17:19:13: * Version: 1.6.0                                                               *
2019-07-26T17:19:13: ********************************************************************************
2019-07-26T17:19:13: +============+
2019-07-26T17:19:13: | Parameters |
2019-07-26T17:19:13: +============+
2019-07-26T17:19:13:  inobs .....................: /cta/carli/CPPM_Internship/Simulations_and_Analyses/South_z40_50h/source1d_NOBKG/obs_cube.fits
2019-07-26T17:19:13:  inmodel ...................: /cta/carli/CPPM_Internship/Simulations_and_Analyses/South_z40_50h/source1d_NOBKG/obsmodel_binned.xml
2019-07-26T17:19:13:  srcname ...................: source1d_NOBKG
2019-07-26T17:19:13:  expcube ...................: /cta/carli/CPPM_Internship/Simulations_and_Analyses/South_z40_50h/source1d_NOBKG/exposure_cube.fits
2019-07-26T17:19:13:  psfcube ...................: /cta/carli/CPPM_Internship/Simulations_and_Analyses/South_z40_50h/source1d_NOBKG/PSF_cube.fits
2019-07-26T17:19:13:  edispcube .................: /cta/carli/CPPM_Internship/Simulations_and_Analyses/South_z40_50h/source1d_NOBKG/edisp_cube.fits
2019-07-26T17:19:13:  bkgcube ...................: 
2019-07-26T17:19:13:  caldb .....................: prod3b-v2
2019-07-26T17:19:13:  irf .......................: South_z40_50h
2019-07-26T17:19:13:  edisp .....................: yes
2019-07-26T17:19:13:  outfile ...................: /cta/carli/CPPM_Internship/Simulations_and_Analyses/South_z40_50h/source1d_NOBKG/butterfly_binned.ascii
2019-07-26T17:19:13:  method ....................: GAUSSIAN
2019-07-26T17:19:13:  fit .......................: no
2019-07-26T17:19:13:  confidence ................: 0.68
2019-07-26T17:19:13:  statistic .................: DEFAULT
2019-07-26T17:19:13:  like_accuracy .............: 0.005
2019-07-26T17:19:13:  max_iter ..................: 50
2019-07-26T17:19:13:  matrix ....................: NONE
2019-07-26T17:19:13:  ebinalg ...................: LOG
2019-07-26T17:19:13:  emin ......................: 0.1
2019-07-26T17:19:13:  emax ......................: 199.526229858398
2019-07-26T17:19:13:  enumbins ..................: 32
2019-07-26T17:19:13:  ebinfile ..................: [not queried]
2019-07-26T17:19:13:  chatter ...................: 4
2019-07-26T17:19:13:  clobber ...................: yes
2019-07-26T17:19:13:  debug .....................: no
2019-07-26T17:19:13:  mode ......................: ql
2019-07-26T17:19:13:  logfile ...................: ctbutterfly.log
2019-07-26T17:19:13: 
2019-07-26T17:19:13: +===================+
2019-07-26T17:19:13: | Input observation |
2019-07-26T17:19:13: +===================+
2019-07-26T17:19:14: === GObservations ===
2019-07-26T17:19:14:  Number of observations ....: 1
2019-07-26T17:19:14:  Number of models ..........: 1
2019-07-26T17:19:14:  Number of observed events .: 21641
2019-07-26T17:19:14:  Number of predicted events : 0
2019-07-26T17:19:14: === GCTAObservation ===
2019-07-26T17:19:14:  Name ......................: 
2019-07-26T17:19:14:  Identifier ................: 000001
2019-07-26T17:19:14:  Instrument ................: CTA
2019-07-26T17:19:14:  Event file ................: /cta/carli/CPPM_Internship/Simulations_and_Analyses/South_z40_50h/source1d_NOBKG/obs_cube.fits
2019-07-26T17:19:14:  Event type ................: CountsCube
2019-07-26T17:19:14:  Statistic .................: cstat
2019-07-26T17:19:14:  Ontime ....................: 144000 s
2019-07-26T17:19:14:  Livetime ..................: 141120 s
2019-07-26T17:19:14:  Deadtime correction .......: 0.98
2019-07-26T17:19:14:  User energy range .........: undefined
2019-07-26T17:19:14: === GCTAPointing ===
2019-07-26T17:19:14:  Pointing direction ........: (RA,Dec)=(84.1331,22.0145)
2019-07-26T17:19:14: === GCTAResponseIrf ===
2019-07-26T17:19:14:  Caldb mission .............: cta
2019-07-26T17:19:14:  Caldb instrument ..........: prod3b-v2
2019-07-26T17:19:14:  Response name .............: South_z40_50h
2019-07-26T17:19:14:  Energy dispersion .........: Used
2019-07-26T17:19:14:  Safe energy range .........: undefined
2019-07-26T17:19:14: === GCaldb ===
2019-07-26T17:19:14:  Database root .............: /cta/carli/anaconda3/share/caldb
2019-07-26T17:19:14:  Selected Mission ..........: CTA
2019-07-26T17:19:14:  Selected Instrument .......: PROD3B-V2
2019-07-26T17:19:14:  Calibration Index File ....: /cta/carli/anaconda3/share/caldb/data/cta/prod3b-v2/caldb.indx
2019-07-26T17:19:14:  Number of entries .........: 240
2019-07-26T17:19:14: === GCTAAeff2D ===
2019-07-26T17:19:14:  Filename ..................: /cta/carli/anaconda3/share/caldb/data/cta/prod3b-v2/bcf/South_z40_50h/irf_file.fits
2019-07-26T17:19:14:  Number of energy bins .....: 42
2019-07-26T17:19:14:  Number of offset bins .....: 6
2019-07-26T17:19:14:  Log10(Energy) range .......: 0.0125892544165254 - 199.526229858398 TeV
2019-07-26T17:19:14:  Offset angle range ........: 0 - 6 deg
2019-07-26T17:19:14:  Lower energy threshold ....: not specified
2019-07-26T17:19:14:  Upper energy threshold ....: not specified
2019-07-26T17:19:14:  Radius cut ................: none
2019-07-26T17:19:14: === GCTAPsf2D ===
2019-07-26T17:19:14:  Filename ..................: /cta/carli/anaconda3/share/caldb/data/cta/prod3b-v2/bcf/South_z40_50h/irf_file.fits
2019-07-26T17:19:14:  Number of energy bins .....: 25
2019-07-26T17:19:14:  Number of offset bins .....: 6
2019-07-26T17:19:14:  Log10(Energy) range .......: 0.0125892544165254 - 1258.92541503906 TeV
2019-07-26T17:19:14:  Offset angle range ........: 0 - 6 deg
2019-07-26T17:19:14: === GCTAEdisp2D ===
2019-07-26T17:19:14:  Filename ..................: /cta/carli/anaconda3/share/caldb/data/cta/prod3b-v2/bcf/South_z40_50h/irf_file.fits
2019-07-26T17:19:14:  Number of energy bins .....: 500
2019-07-26T17:19:14:  Number of migration bins ..: 300
2019-07-26T17:19:14:  Number of offset bins .....: 6
2019-07-26T17:19:14:  Log10(Energy) range .......: 0.00501187238842249 - 501.187225341797 TeV
2019-07-26T17:19:14:  Migration range ...........: 0 - 3
2019-07-26T17:19:14:  Offset angle range ........: 0 - 6 deg
2019-07-26T17:19:14: === GCTABackground3D ===
2019-07-26T17:19:14:  Filename ..................: /cta/carli/anaconda3/share/caldb/data/cta/prod3b-v2/bcf/South_z40_50h/irf_file.fits
2019-07-26T17:19:14:  Number of DETX bins .......: 36
2019-07-26T17:19:14:  Number of DETY bins .......: 36
2019-07-26T17:19:14:  Number of energy bins .....: 21
2019-07-26T17:19:14:  DETX range ................: -6 - 6 deg
2019-07-26T17:19:14:  DETX range ................: -6 - 6 deg
2019-07-26T17:19:14:  Energy range ..............: 0.0125892544165254 - 199.526229858398 TeV
2019-07-26T17:19:14: === GCTAResponseCache ===
2019-07-26T17:19:14:  Number of cached values ...: 0
2019-07-26T17:19:14: === GCTAResponseCache ===
2019-07-26T17:19:14:  Number of cached values ...: 0
2019-07-26T17:19:14: === GCTAEventCube ===
2019-07-26T17:19:14:  Number of events ..........: 21641
2019-07-26T17:19:14:  Number of elements ........: 204800
2019-07-26T17:19:14:  Number of pixels ..........: 6400
2019-07-26T17:19:14:  Number of energy bins .....: 32
2019-07-26T17:19:14:  Time interval .............: 51544.5 - 51546.1666666667 days
2019-07-26T17:19:14:  Pointing ..................: (RA,Dec)=(84.1331,22.0145)
2019-07-26T17:19:14: === GEbounds ===
2019-07-26T17:19:14:  Number of intervals .......: 32
2019-07-26T17:19:14:  Energy range ..............: 100 GeV - 199.526229858398 TeV
2019-07-26T17:19:14: === GSkyMap ===
2019-07-26T17:19:14:  Number of pixels ..........: 6400
2019-07-26T17:19:14:  X axis dimension ..........: 80
2019-07-26T17:19:14:  Y axis dimension ..........: 80
2019-07-26T17:19:14:  Number of maps ............: 32
2019-07-26T17:19:14:  Shape of maps .............: (32)
2019-07-26T17:19:14: === GSkyRegions ===
2019-07-26T17:19:14:  Number of regions .........: 0
2019-07-26T17:19:14: === GModels ===
2019-07-26T17:19:14:  Number of models ..........: 1
2019-07-26T17:19:14:  Number of parameters ......: 7
2019-07-26T17:19:14: === GModelSky ===
2019-07-26T17:19:14:  Name ......................: source1d_NOBKG
2019-07-26T17:19:14:  Instruments ...............: all
2019-07-26T17:19:14:  Test Statistic ............: 74662.495
2019-07-26T17:19:14:  Observation identifiers ...: all
2019-07-26T17:19:14:  Model type ................: PointSource
2019-07-26T17:19:14:  Model components ..........: "PointSource" * "ExponentialCutoffPowerLaw" * "Constant"
2019-07-26T17:19:14:  Number of parameters ......: 7
2019-07-26T17:19:14:  Number of spatial par's ...: 2
2019-07-26T17:19:14:   RA .......................: 83.6331 [-360,360] deg (fixed,scale=1)
2019-07-26T17:19:14:   DEC ......................: 22.0145 [-90,90] deg (fixed,scale=1)
2019-07-26T17:19:14:  Number of spectral par's ..: 4
2019-07-26T17:19:14:   Prefactor ................: 3.03830311473408e-18 +/- 2.46421250929109e-20 [1e-25,1e-15] ph/cm2/s/MeV (free,scale=1e-18,gradient)
2019-07-26T17:19:14:   Index ....................: -2.00175071705866 +/- 0.0062601081584381 [-0,-5]  (free,scale=-1,gradient)
2019-07-26T17:19:14:   CutoffEnergy .............: 51671855.985483 +/- 3628649.04487952 [100000,10000000000] MeV (free,scale=10000000,gradient)
2019-07-26T17:19:14:   PivotEnergy ..............: 1000000 [10000,1000000000] MeV (fixed,scale=1000000,gradient)
2019-07-26T17:19:14:  Number of temporal par's ..: 1
2019-07-26T17:19:14:   Normalization ............: 1 (relative value) (fixed,scale=1,gradient)
2019-07-26T17:19:14:  Number of scale par's .....: 0
2019-07-26T17:19:14: 
2019-07-26T17:19:14: +===========================+
2019-07-26T17:19:14: | Compute covariance matrix |
2019-07-26T17:19:14: +===========================+
2019-07-26T17:19:49: === GMatrixSparse ===
2019-07-26T17:19:49:  Number of rows ............: 7
2019-07-26T17:19:49:  Number of columns .........: 7
2019-07-26T17:19:49:  Number of nonzero elements : 9
2019-07-26T17:19:49:  Number of allocated cells .: 512
2019-07-26T17:19:49:  Memory block size .........: 512
2019-07-26T17:19:49:  Sparse matrix fill ........: 0.183673469387755
2019-07-26T17:19:49:  Pending element ...........: 0
2019-07-26T17:19:49:  Fill stack size ...........: 0 (none)
2019-07-26T17:19:49:  0, 0, 0, 0, 0, 0, 0
2019-07-26T17:19:49:  0, 0, 0, 0, 0, 0, 0
2019-07-26T17:19:49:  0, 0, 6.0723432909673e-40, 6.73357903189647e-23, -4.74075739822901e-14, 0, 0
2019-07-26T17:19:49:  0, 0, 6.73357903189647e-23, 3.91889541553718e-05, -14467.1518308884, 0, 0
2019-07-26T17:19:49:  0, 0, -4.74075739822902e-14, -14467.1518308884, 13167093890922.1, 0, 0
2019-07-26T17:19:49:  0, 0, 0, 0, 0, 0, 0
2019-07-26T17:19:49:  0, 0, 0, 0, 0, 0, 0
2019-07-26T17:19:49: 
2019-07-26T17:19:49: +===============================+
2019-07-26T17:19:49: | Prepare butterfly computation |
2019-07-26T17:19:49: +===============================+
2019-07-26T17:19:49:  Confidence level ..........: 0.68
2019-07-26T17:19:49:  Corresponding scaling .....: 0.994458
2019-07-26T17:19:49: 
2019-07-26T17:19:49: +====================+
2019-07-26T17:19:49: | Generate butterfly |
2019-07-26T17:19:49: +====================+
2019-07-26T17:19:49: 
2019-07-26T17:19:49: +=========+
2019-07-26T17:19:49: | Results |
2019-07-26T17:19:49: +=========+
2019-07-26T17:19:49:  Intensity at 112606.251051226 MeV : 2.40004898309398e-16 (2.37011884174504e-16, 2.42997912444293e-16) ph/cm2/s/MeV
2019-07-26T17:19:49:  Intensity at 142786.615593472 MeV : 1.49120002170665e-16 (1.47433402128631e-16, 1.50806602212698e-16) ph/cm2/s/MeV
2019-07-26T17:19:49:  Intensity at 181055.824186555 MeV : 9.26368356437319e-17 (9.1689348431665e-17, 9.35843228557987e-17) ph/cm2/s/MeV
2019-07-26T17:19:49:  Intensity at 229581.822747338 MeV : 5.75367484586448e-17 (5.70046301213156e-17, 5.8068866795974e-17) ph/cm2/s/MeV
2019-07-26T17:19:49:  Intensity at 291113.603071291 MeV : 3.57270869567677e-17 (3.54268546315146e-17, 3.60273192820209e-17) ph/cm2/s/MeV
2019-07-26T17:19:49:  Intensity at 369136.932876502 MeV : 2.21774337075343e-17 (2.20059571006917e-17, 2.23489103143768e-17) ph/cm2/s/MeV
2019-07-26T17:19:49:  Intensity at 468071.824112259 MeV : 1.37609752516131e-17 (1.36608800063354e-17, 1.38610704968908e-17) ph/cm2/s/MeV
2019-07-26T17:19:49:  Intensity at 593522.926087366 MeV : 8.53422862241433e-18 (8.47398273646698e-18, 8.59447450836168e-18) ph/cm2/s/MeV
2019-07-26T17:19:49:  Intensity at 752597.028157849 MeV : 5.28928216349433e-18 (5.25174955678947e-18, 5.32681477019919e-18) ph/cm2/s/MeV
2019-07-26T17:19:49:  Intensity at 954305.65846188 MeV : 3.27544914767624e-18 (3.2513353520292e-18, 3.29956294332327e-18) ph/cm2/s/MeV
2019-07-26T17:19:49:  Intensity at 1210075.58587031 MeV : 2.02623871700737e-18 (2.0104086895401e-18, 2.04206874447464e-18) ph/cm2/s/MeV
2019-07-26T17:19:49:  Intensity at 1534396.14502492 MeV : 1.25179784513811e-18 (1.24129105040528e-18, 1.26230463987093e-18) ph/cm2/s/MeV
2019-07-26T17:19:49:  Intensity at 1945640.05534746 MeV : 7.72053171807148e-19 (7.65064279451759e-19, 7.79042064162537e-19) ph/cm2/s/MeV
2019-07-26T17:19:49:  Intensity at 2467104.23331454 MeV : 4.75153396434915e-19 (4.70522976887674e-19, 4.79783815982156e-19) ph/cm2/s/MeV
2019-07-26T17:19:49:  Intensity at 3128329.55988436 MeV : 2.91639128789071e-19 (2.88595210055951e-19, 2.94683047522192e-19) ph/cm2/s/MeV
2019-07-26T17:19:49:  Intensity at 3966774.36773649 MeV : 1.7838907037196e-19 (1.76407794517113e-19, 1.80370346226806e-19) ph/cm2/s/MeV
2019-07-26T17:19:49:  Intensity at 5029936.45116879 MeV : 1.08643056715159e-19 (1.07366827966199e-19, 1.0991928546412e-19) ph/cm2/s/MeV
2019-07-26T17:19:49:  Intensity at 6378043.81024912 MeV : 6.58022564094082e-20 (6.49876435344699e-20, 6.66168692843465e-20) ph/cm2/s/MeV
2019-07-26T17:19:49:  Intensity at 8087466.55954362 MeV : 3.95769928574941e-20 (3.90597028620551e-20, 4.00942828529331e-20) ph/cm2/s/MeV
2019-07-26T17:19:49:  Intensity at 10255043.285628 MeV : 2.35935928671472e-20 (2.32642799180696e-20, 2.39229058162247e-20) ph/cm2/s/MeV
2019-07-26T17:19:49:  Intensity at 13003566.9409974 MeV : 1.39079331440998e-20 (1.36953660943479e-20, 1.41205001938517e-20) ph/cm2/s/MeV
2019-07-26T17:19:49:  Intensity at 16488741.0495845 MeV : 8.08238747874902e-21 (7.94167598007301e-21, 8.22309897742502e-21) ph/cm2/s/MeV
2019-07-26T17:19:49:  Intensity at 20908000.2920645 MeV : 4.61281342962664e-21 (4.51692423927524e-21, 4.70870261997804e-21) ph/cm2/s/MeV
2019-07-26T17:19:49:  Intensity at 26511695.1560098 MeV : 2.57298409425488e-21 (2.50632275164074e-21, 2.63964543686903e-21) ph/cm2/s/MeV
2019-07-26T17:19:49:  Intensity at 33617274.2599379 MeV : 1.39407196496233e-21 (1.34768262714488e-21, 1.44046130277977e-21) ph/cm2/s/MeV
2019-07-26T17:19:49:  Intensity at 42627267.7781488 MeV : 7.27992588139216e-22 (6.96365794201679e-22, 7.59619382076754e-22) ph/cm2/s/MeV
2019-07-26T17:19:49:  Intensity at 54052090.7251378 MeV : 3.6280430312027e-22 (3.42097317738348e-22, 3.83511288502192e-22) ph/cm2/s/MeV
2019-07-26T17:19:49:  Intensity at 68538957.9028144 MeV : 1.70404814952845e-22 (1.57623070847766e-22, 1.83186559057924e-22) ph/cm2/s/MeV
2019-07-26T17:19:49:  Intensity at 86908548.5386981 MeV : 7.42433508879355e-23 (6.69437592437617e-23, 8.15429425321093e-23) ph/cm2/s/MeV
2019-07-26T17:19:49:  Intensity at 110201497.662297 MeV : 2.94071645366971e-23 (2.56316030981206e-23, 3.31827259752736e-23) ph/cm2/s/MeV
2019-07-26T17:19:49:  Intensity at 139737347.950364 MeV : 1.03223375283728e-23 (8.59872990090915e-24, 1.20459451558364e-23) ph/cm2/s/MeV
2019-07-26T17:19:49:  Intensity at 177189301.655759 MeV : 3.10863158355024e-24 (2.43613313416704e-24, 3.78113003293344e-24) ph/cm2/s/MeV
2019-07-26T17:19:49: 
2019-07-26T17:19:49: +========================+
2019-07-26T17:19:49: | Save Butterfly diagram |
2019-07-26T17:19:49: +========================+
2019-07-26T17:19:49:  Butterfly file ............: /cta/carli/CPPM_Internship/Simulations_and_Analyses/South_z40_50h/source1d_NOBKG/butterfly_binned.ascii
2019-07-26T17:19:49: 
2019-07-26T17:19:49: Application "ctbutterfly" terminated after 36 wall clock seconds, consuming 37.18 seconds of CPU time.
