2019-07-22T15:23:24: ********************************************************************************
2019-07-22T15:23:24: *                                   csresspec                                  *
2019-07-22T15:23:24: * ---------------------------------------------------------------------------- *
2019-07-22T15:23:24: * Version: 1.6.0                                                               *
2019-07-22T15:23:24: ********************************************************************************
2019-07-22T15:23:24: +============+
2019-07-22T15:23:24: | Parameters |
2019-07-22T15:23:24: +============+
2019-07-22T15:23:24:  inobs .....................: /cta/carli/CPPM_Internship/Simulations_and_Analyses/plus_step_AEff_South_z40_50h/source2b/obs_cube.fits
2019-07-22T15:23:24:  inmodel ...................: /cta/carli/CPPM_Internship/Simulations_and_Analyses/plus_step_AEff_South_z40_50h/source2b/obsmodel_binned.xml
2019-07-22T15:23:24:  modcube ...................: /cta/carli/CPPM_Internship/Simulations_and_Analyses/plus_step_AEff_South_z40_50h/source2b/obsmodel_cube.fits
2019-07-22T15:23:24:  expcube ...................: /cta/carli/CPPM_Internship/Simulations_and_Analyses/plus_step_AEff_South_z40_50h/source2b/exposure_cube.fits
2019-07-22T15:23:24:  psfcube ...................: /cta/carli/CPPM_Internship/Simulations_and_Analyses/plus_step_AEff_South_z40_50h/source2b/PSF_cube.fits
2019-07-22T15:23:24:  edispcube .................: /cta/carli/CPPM_Internship/Simulations_and_Analyses/plus_step_AEff_South_z40_50h/source2b/edisp_cube.fits
2019-07-22T15:23:24:  bkgcube ...................: /cta/carli/CPPM_Internship/Simulations_and_Analyses/plus_step_AEff_South_z40_50h/source2b/background_cube.fits
2019-07-22T15:23:24:  caldb .....................: prod3b-v2
2019-07-22T15:23:24:  irf .......................: plus_step_AEff_South_z40_50h
2019-07-22T15:23:24:  edisp .....................: yes
2019-07-22T15:23:24:  outfile ...................: /cta/carli/CPPM_Internship/Simulations_and_Analyses/plus_step_AEff_South_z40_50h/source2b/residuals_binned.fits
2019-07-22T15:23:24:  statistic .................: DEFAULT
2019-07-22T15:23:24:  components ................: yes
2019-07-22T15:23:24:  ebinalg ...................: LOG
2019-07-22T15:23:24:  emin ......................: 0.1
2019-07-22T15:23:24:  emax ......................: 199.526229858398
2019-07-22T15:23:24:  enumbins ..................: 32
2019-07-22T15:23:24:  ebinfile ..................: [not queried]
2019-07-22T15:23:24:  stack .....................: [not queried]
2019-07-22T15:23:24:  coordsys ..................: [not queried]
2019-07-22T15:23:24:  proj ......................: [not queried]
2019-07-22T15:23:24:  xref ......................: [not queried]
2019-07-22T15:23:24:  yref ......................: [not queried]
2019-07-22T15:23:24:  nxpix .....................: [not queried]
2019-07-22T15:23:24:  nypix .....................: [not queried]
2019-07-22T15:23:24:  binsz .....................: [not queried]
2019-07-22T15:23:24:  mask ......................: no
2019-07-22T15:23:24:  ra ........................: [not queried]
2019-07-22T15:23:24:  dec .......................: [not queried]
2019-07-22T15:23:24:  rad .......................: [not queried]
2019-07-22T15:23:24:  regfile ...................: [not queried]
2019-07-22T15:23:24:  algorithm .................: SUB
2019-07-22T15:23:24:  publish ...................: no
2019-07-22T15:23:24:  chatter ...................: 4
2019-07-22T15:23:24:  clobber ...................: yes
2019-07-22T15:23:24:  debug .....................: no
2019-07-22T15:23:24:  mode ......................: ql
2019-07-22T15:23:24:  logfile ...................: csresspec.log
2019-07-22T15:23:24: 
2019-07-22T15:23:24: +====================+
2019-07-22T15:23:24: | Observation census |
2019-07-22T15:23:24: +====================+
2019-07-22T15:23:24:  Unbinned CTA observations .: 0
2019-07-22T15:23:24:  Binned CTA observations ...: 1
2019-07-22T15:23:24:  On/off CTA observations ...: 0
2019-07-22T15:23:24:  Other observations ........: 0
2019-07-22T15:23:24: 
2019-07-22T15:23:24: +=============+
2019-07-22T15:23:24: | Observation |
2019-07-22T15:23:24: +=============+
2019-07-22T15:23:24: === GObservations ===
2019-07-22T15:23:24:  Number of observations ....: 1
2019-07-22T15:23:24:  Number of models ..........: 2
2019-07-22T15:23:24:  Number of observed events .: 315222
2019-07-22T15:23:24:  Number of predicted events : 0
2019-07-22T15:23:24: === GCTAObservation ===
2019-07-22T15:23:24:  Name ......................: 
2019-07-22T15:23:24:  Identifier ................: 000001
2019-07-22T15:23:24:  Instrument ................: CTA
2019-07-22T15:23:24:  Event file ................: /cta/carli/CPPM_Internship/Simulations_and_Analyses/plus_step_AEff_South_z40_50h/source2b/obs_cube.fits
2019-07-22T15:23:24:  Event type ................: CountsCube
2019-07-22T15:23:24:  Statistic .................: cstat
2019-07-22T15:23:24:  Ontime ....................: 144000 s
2019-07-22T15:23:24:  Livetime ..................: 141120 s
2019-07-22T15:23:24:  Deadtime correction .......: 0.98
2019-07-22T15:23:24:  User energy range .........: undefined
2019-07-22T15:23:24: === GCTAPointing ===
2019-07-22T15:23:24:  Pointing direction ........: (RA,Dec)=(84.1331,22.0145)
2019-07-22T15:23:24: === GCTAResponseCube ===
2019-07-22T15:23:24:  Energy dispersion .........: Not used
2019-07-22T15:23:24: === GCTACubeExposure ===
2019-07-22T15:23:24:  Filename ..................: /cta/carli/CPPM_Internship/Simulations_and_Analyses/plus_step_AEff_South_z40_50h/source2b/exposure_cube.fits
2019-07-22T15:23:24:  Livetime ..................: 141120 sec
2019-07-22T15:23:24: === GEnergies ===
2019-07-22T15:23:24:  Number of energies ........: 33
2019-07-22T15:23:24: === GGti ===
2019-07-22T15:23:24:  Number of intervals .......: 1
2019-07-22T15:23:24:  Ontime ....................: 144000 sec
2019-07-22T15:23:24:  Elapsed time ..............: 144000 sec
2019-07-22T15:23:24:  MJD range .................: 51544.5 - 51546.1666666667 s (TT)
2019-07-22T15:23:24:  UTC range .................: 2000-01-01T11:58:56 - 2000-01-03T03:58:56 s (TT)
2019-07-22T15:23:24:  Reference MJD .............: 51544.5
2019-07-22T15:23:24: === GSkyMap ===
2019-07-22T15:23:24:  Number of pixels ..........: 6400
2019-07-22T15:23:24:  X axis dimension ..........: 80
2019-07-22T15:23:24:  Y axis dimension ..........: 80
2019-07-22T15:23:24:  Number of maps ............: 33
2019-07-22T15:23:24:  Shape of maps .............: (33)
2019-07-22T15:23:24: === GCTACubePsf ===
2019-07-22T15:23:24:  Filename ..................: /cta/carli/CPPM_Internship/Simulations_and_Analyses/plus_step_AEff_South_z40_50h/source2b/PSF_cube.fits
2019-07-22T15:23:24: === GEnergies ===
2019-07-22T15:23:24:  Number of energies ........: 33
2019-07-22T15:23:24:  Number of delta bins ......: 200
2019-07-22T15:23:24:  Delta range ...............: 1.875e-06 - 0.298501875 deg
2019-07-22T15:23:24: === GSkyMap ===
2019-07-22T15:23:24:  Number of pixels ..........: 1
2019-07-22T15:23:24:  X axis dimension ..........: 1
2019-07-22T15:23:24:  Y axis dimension ..........: 1
2019-07-22T15:23:24:  Number of maps ............: 6600
2019-07-22T15:23:24:  Shape of maps .............: (200, 33)
2019-07-22T15:23:24: === GCTACubeEdisp ===
2019-07-22T15:23:24:  Filename ..................: /cta/carli/CPPM_Internship/Simulations_and_Analyses/plus_step_AEff_South_z40_50h/source2b/edisp_cube.fits
2019-07-22T15:23:24: === GEnergies ===
2019-07-22T15:23:24:  Number of energies ........: 33
2019-07-22T15:23:24:  Number of migra bins ......: 100
2019-07-22T15:23:24:  Migra range ...............: 0.02 - 2
2019-07-22T15:23:24: === GSkyMap ===
2019-07-22T15:23:24:  Number of pixels ..........: 1
2019-07-22T15:23:24:  X axis dimension ..........: 1
2019-07-22T15:23:24:  Y axis dimension ..........: 1
2019-07-22T15:23:24:  Number of maps ............: 3300
2019-07-22T15:23:24:  Shape of maps .............: (100, 33)
2019-07-22T15:23:24: === GCTACubeBackground ===
2019-07-22T15:23:24:  Filename ..................: /cta/carli/CPPM_Internship/Simulations_and_Analyses/plus_step_AEff_South_z40_50h/source2b/background_cube.fits
2019-07-22T15:23:24: === GEbounds ===
2019-07-22T15:23:24:  Number of intervals .......: 32
2019-07-22T15:23:24:  Energy range ..............: 100 GeV - 199.526229858398 TeV
2019-07-22T15:23:24: === GSkyMap ===
2019-07-22T15:23:24:  Number of pixels ..........: 6400
2019-07-22T15:23:24:  X axis dimension ..........: 80
2019-07-22T15:23:24:  Y axis dimension ..........: 80
2019-07-22T15:23:24:  Number of maps ............: 32
2019-07-22T15:23:24:  Shape of maps .............: (32)
2019-07-22T15:23:24: === GCTAResponseCache ===
2019-07-22T15:23:24:  Number of cached values ...: 0
2019-07-22T15:23:24: === GCTAEventCube ===
2019-07-22T15:23:24:  Number of events ..........: 315222
2019-07-22T15:23:24:  Number of elements ........: 204800
2019-07-22T15:23:24:  Number of pixels ..........: 6400
2019-07-22T15:23:24:  Number of energy bins .....: 32
2019-07-22T15:23:24:  Time interval .............: 51544.5 - 51546.1666666667 days
2019-07-22T15:23:24:  Pointing ..................: (RA,Dec)=(84.1331,22.0145)
2019-07-22T15:23:24: === GEbounds ===
2019-07-22T15:23:24:  Number of intervals .......: 32
2019-07-22T15:23:24:  Energy range ..............: 100 GeV - 199.526229858398 TeV
2019-07-22T15:23:24: === GSkyMap ===
2019-07-22T15:23:24:  Number of pixels ..........: 6400
2019-07-22T15:23:24:  X axis dimension ..........: 80
2019-07-22T15:23:24:  Y axis dimension ..........: 80
2019-07-22T15:23:24:  Number of maps ............: 32
2019-07-22T15:23:24:  Shape of maps .............: (32)
2019-07-22T15:23:24: === GSkyRegions ===
2019-07-22T15:23:24:  Number of regions .........: 0
2019-07-22T15:23:24: === GModels ===
2019-07-22T15:23:24:  Number of models ..........: 2
2019-07-22T15:23:24:  Number of parameters ......: 11
2019-07-22T15:23:24: === GModelSky ===
2019-07-22T15:23:24:  Name ......................: source2b
2019-07-22T15:23:24:  Instruments ...............: all
2019-07-22T15:23:24:  Test Statistic ............: 42031.824
2019-07-22T15:23:24:  Observation identifiers ...: all
2019-07-22T15:23:24:  Model type ................: PointSource
2019-07-22T15:23:24:  Model components ..........: "PointSource" * "ExponentialCutoffPowerLaw" * "Constant"
2019-07-22T15:23:24:  Number of parameters ......: 7
2019-07-22T15:23:24:  Number of spatial par's ...: 2
2019-07-22T15:23:24:   RA .......................: 83.6331 [-360,360] deg (fixed,scale=1)
2019-07-22T15:23:24:   DEC ......................: 22.0145 [-90,90] deg (fixed,scale=1)
2019-07-22T15:23:24:  Number of spectral par's ..: 4
2019-07-22T15:23:24:   Prefactor ................: 1.50843890283103e-18 +/- 1.74772507071251e-20 [1e-25,1e-15] ph/cm2/s/MeV (free,scale=1e-18,gradient)
2019-07-22T15:23:24:   Index ....................: -2.01438942482649 +/- 0.0103368320992707 [-0,-5]  (free,scale=-1,gradient)
2019-07-22T15:23:24:   CutoffEnergy .............: 235062386.387508 +/- 73174377.9910688 [1000000,100000000000] MeV (free,scale=100000000,gradient)
2019-07-22T15:23:24:   PivotEnergy ..............: 1000000 [10000,1000000000] MeV (fixed,scale=1000000,gradient)
2019-07-22T15:23:24:  Number of temporal par's ..: 1
2019-07-22T15:23:24:   Normalization ............: 1 (relative value) (fixed,scale=1,gradient)
2019-07-22T15:23:24:  Number of scale par's .....: 0
2019-07-22T15:23:24: === GCTAModelCubeBackground ===
2019-07-22T15:23:24:  Name ......................: BackgroundModel
2019-07-22T15:23:24:  Instruments ...............: CTA, HESS, MAGIC, VERITAS
2019-07-22T15:23:24:  Observation identifiers ...: all
2019-07-22T15:23:24:  Model type ................: "PowerLaw" * "Constant"
2019-07-22T15:23:24:  Number of parameters ......: 4
2019-07-22T15:23:24:  Number of spectral par's ..: 3
2019-07-22T15:23:24:   Prefactor ................: 0.992797741346143 +/- 0.00441366843367229 [0.01,100] ph/cm2/s/MeV (free,scale=1,gradient)
2019-07-22T15:23:24:   Index ....................: -0.00351367770752313 +/- 0.0025712183150291 [-5,5]  (free,scale=1,gradient)
2019-07-22T15:23:24:   PivotEnergy ..............: 1000000 MeV (fixed,scale=1000000,gradient)
2019-07-22T15:23:24:  Number of temporal par's ..: 1
2019-07-22T15:23:24:   Normalization ............: 1 (relative value) (fixed,scale=1,gradient)
2019-07-22T15:23:24: 
2019-07-22T15:23:24: +=========================+
2019-07-22T15:23:24: | Processing Observations |
2019-07-22T15:23:24: +=========================+
2019-07-22T15:23:24: Computing model cube
2019-07-22T15:23:31: Computing counts, model, and residual spectra
2019-07-22T15:23:31:  Computing model component .: source2b
2019-07-22T15:23:35:  Computing model component .: BackgroundModel
2019-07-22T15:23:36: Filling residual table
2019-07-22T15:23:36: 
2019-07-22T15:23:36: +================+
2019-07-22T15:23:36: | Save residuals |
2019-07-22T15:23:36: +================+
2019-07-22T15:23:36:  Residuals file ............: /cta/carli/CPPM_Internship/Simulations_and_Analyses/plus_step_AEff_South_z40_50h/source2b/residuals_binned.fits
2019-07-22T15:23:36: 
2019-07-22T15:23:36: Application "csresspec" terminated after 12 wall clock seconds, consuming 13.66 seconds of CPU time.
