2019-07-22T15:22:45: ********************************************************************************
2019-07-22T15:22:45: *                                  ctbutterfly                                 *
2019-07-22T15:22:45: * ---------------------------------------------------------------------------- *
2019-07-22T15:22:45: * Version: 1.6.0                                                               *
2019-07-22T15:22:45: ********************************************************************************
2019-07-22T15:22:45: +============+
2019-07-22T15:22:45: | Parameters |
2019-07-22T15:22:45: +============+
2019-07-22T15:22:45:  inobs .....................: /cta/carli/CPPM_Internship/Simulations_and_Analyses/plus_step_AEff_South_z40_50h/source2b/obs_cube.fits
2019-07-22T15:22:45:  inmodel ...................: /cta/carli/CPPM_Internship/Simulations_and_Analyses/plus_step_AEff_South_z40_50h/source2b/obsmodel_binned.xml
2019-07-22T15:22:45:  srcname ...................: source2b
2019-07-22T15:22:45:  expcube ...................: /cta/carli/CPPM_Internship/Simulations_and_Analyses/plus_step_AEff_South_z40_50h/source2b/exposure_cube.fits
2019-07-22T15:22:45:  psfcube ...................: /cta/carli/CPPM_Internship/Simulations_and_Analyses/plus_step_AEff_South_z40_50h/source2b/PSF_cube.fits
2019-07-22T15:22:45:  edispcube .................: /cta/carli/CPPM_Internship/Simulations_and_Analyses/plus_step_AEff_South_z40_50h/source2b/edisp_cube.fits
2019-07-22T15:22:45:  bkgcube ...................: /cta/carli/CPPM_Internship/Simulations_and_Analyses/plus_step_AEff_South_z40_50h/source2b/background_cube.fits
2019-07-22T15:22:45:  caldb .....................: prod3b-v2
2019-07-22T15:22:45:  irf .......................: plus_step_AEff_South_z40_50h
2019-07-22T15:22:45:  edisp .....................: yes
2019-07-22T15:22:45:  outfile ...................: /cta/carli/CPPM_Internship/Simulations_and_Analyses/plus_step_AEff_South_z40_50h/source2b/butterfly_binned.ascii
2019-07-22T15:22:45:  method ....................: GAUSSIAN
2019-07-22T15:22:45:  fit .......................: no
2019-07-22T15:22:45:  confidence ................: 0.68
2019-07-22T15:22:45:  statistic .................: DEFAULT
2019-07-22T15:22:45:  like_accuracy .............: 0.005
2019-07-22T15:22:45:  max_iter ..................: 50
2019-07-22T15:22:45:  matrix ....................: NONE
2019-07-22T15:22:45:  ebinalg ...................: LOG
2019-07-22T15:22:45:  emin ......................: 0.1
2019-07-22T15:22:45:  emax ......................: 199.526229858398
2019-07-22T15:22:45:  enumbins ..................: 32
2019-07-22T15:22:45:  ebinfile ..................: [not queried]
2019-07-22T15:22:45:  chatter ...................: 4
2019-07-22T15:22:45:  clobber ...................: yes
2019-07-22T15:22:45:  debug .....................: no
2019-07-22T15:22:45:  mode ......................: ql
2019-07-22T15:22:45:  logfile ...................: ctbutterfly.log
2019-07-22T15:22:45: 
2019-07-22T15:22:45: +===================+
2019-07-22T15:22:45: | Input observation |
2019-07-22T15:22:45: +===================+
2019-07-22T15:22:45: === GObservations ===
2019-07-22T15:22:45:  Number of observations ....: 1
2019-07-22T15:22:45:  Number of models ..........: 2
2019-07-22T15:22:45:  Number of observed events .: 315222
2019-07-22T15:22:45:  Number of predicted events : 0
2019-07-22T15:22:45: === GCTAObservation ===
2019-07-22T15:22:45:  Name ......................: 
2019-07-22T15:22:45:  Identifier ................: 000001
2019-07-22T15:22:45:  Instrument ................: CTA
2019-07-22T15:22:45:  Event file ................: /cta/carli/CPPM_Internship/Simulations_and_Analyses/plus_step_AEff_South_z40_50h/source2b/obs_cube.fits
2019-07-22T15:22:45:  Event type ................: CountsCube
2019-07-22T15:22:45:  Statistic .................: cstat
2019-07-22T15:22:45:  Ontime ....................: 144000 s
2019-07-22T15:22:45:  Livetime ..................: 141120 s
2019-07-22T15:22:45:  Deadtime correction .......: 0.98
2019-07-22T15:22:45:  User energy range .........: undefined
2019-07-22T15:22:45: === GCTAPointing ===
2019-07-22T15:22:45:  Pointing direction ........: (RA,Dec)=(84.1331,22.0145)
2019-07-22T15:22:45: === GCTAResponseCube ===
2019-07-22T15:22:45:  Energy dispersion .........: Used
2019-07-22T15:22:45: === GCTACubeExposure ===
2019-07-22T15:22:45:  Filename ..................: /cta/carli/CPPM_Internship/Simulations_and_Analyses/plus_step_AEff_South_z40_50h/source2b/exposure_cube.fits
2019-07-22T15:22:45:  Livetime ..................: 141120 sec
2019-07-22T15:22:45: === GEnergies ===
2019-07-22T15:22:45:  Number of energies ........: 33
2019-07-22T15:22:45: === GGti ===
2019-07-22T15:22:45:  Number of intervals .......: 1
2019-07-22T15:22:45:  Ontime ....................: 144000 sec
2019-07-22T15:22:45:  Elapsed time ..............: 144000 sec
2019-07-22T15:22:45:  MJD range .................: 51544.5 - 51546.1666666667 s (TT)
2019-07-22T15:22:45:  UTC range .................: 2000-01-01T11:58:56 - 2000-01-03T03:58:56 s (TT)
2019-07-22T15:22:45:  Reference MJD .............: 51544.5
2019-07-22T15:22:45: === GSkyMap ===
2019-07-22T15:22:45:  Number of pixels ..........: 6400
2019-07-22T15:22:45:  X axis dimension ..........: 80
2019-07-22T15:22:45:  Y axis dimension ..........: 80
2019-07-22T15:22:45:  Number of maps ............: 33
2019-07-22T15:22:45:  Shape of maps .............: (33)
2019-07-22T15:22:45: === GCTACubePsf ===
2019-07-22T15:22:45:  Filename ..................: /cta/carli/CPPM_Internship/Simulations_and_Analyses/plus_step_AEff_South_z40_50h/source2b/PSF_cube.fits
2019-07-22T15:22:45: === GEnergies ===
2019-07-22T15:22:45:  Number of energies ........: 33
2019-07-22T15:22:45:  Number of delta bins ......: 200
2019-07-22T15:22:45:  Delta range ...............: 1.875e-06 - 0.298501875 deg
2019-07-22T15:22:45: === GSkyMap ===
2019-07-22T15:22:45:  Number of pixels ..........: 1
2019-07-22T15:22:45:  X axis dimension ..........: 1
2019-07-22T15:22:45:  Y axis dimension ..........: 1
2019-07-22T15:22:45:  Number of maps ............: 6600
2019-07-22T15:22:45:  Shape of maps .............: (200, 33)
2019-07-22T15:22:45: === GCTACubeEdisp ===
2019-07-22T15:22:45:  Filename ..................: /cta/carli/CPPM_Internship/Simulations_and_Analyses/plus_step_AEff_South_z40_50h/source2b/edisp_cube.fits
2019-07-22T15:22:45: === GEnergies ===
2019-07-22T15:22:45:  Number of energies ........: 33
2019-07-22T15:22:45:  Number of migra bins ......: 100
2019-07-22T15:22:45:  Migra range ...............: 0.02 - 2
2019-07-22T15:22:45: === GSkyMap ===
2019-07-22T15:22:45:  Number of pixels ..........: 1
2019-07-22T15:22:45:  X axis dimension ..........: 1
2019-07-22T15:22:45:  Y axis dimension ..........: 1
2019-07-22T15:22:45:  Number of maps ............: 3300
2019-07-22T15:22:45:  Shape of maps .............: (100, 33)
2019-07-22T15:22:45: === GCTACubeBackground ===
2019-07-22T15:22:45:  Filename ..................: /cta/carli/CPPM_Internship/Simulations_and_Analyses/plus_step_AEff_South_z40_50h/source2b/background_cube.fits
2019-07-22T15:22:45: === GEbounds ===
2019-07-22T15:22:45:  Number of intervals .......: 32
2019-07-22T15:22:45:  Energy range ..............: 100 GeV - 199.526229858398 TeV
2019-07-22T15:22:45: === GSkyMap ===
2019-07-22T15:22:45:  Number of pixels ..........: 6400
2019-07-22T15:22:45:  X axis dimension ..........: 80
2019-07-22T15:22:45:  Y axis dimension ..........: 80
2019-07-22T15:22:45:  Number of maps ............: 32
2019-07-22T15:22:45:  Shape of maps .............: (32)
2019-07-22T15:22:45: === GCTAResponseCache ===
2019-07-22T15:22:45:  Number of cached values ...: 0
2019-07-22T15:22:45: === GCTAEventCube ===
2019-07-22T15:22:45:  Number of events ..........: 315222
2019-07-22T15:22:45:  Number of elements ........: 204800
2019-07-22T15:22:45:  Number of pixels ..........: 6400
2019-07-22T15:22:45:  Number of energy bins .....: 32
2019-07-22T15:22:45:  Time interval .............: 51544.5 - 51546.1666666667 days
2019-07-22T15:22:45:  Pointing ..................: (RA,Dec)=(84.1331,22.0145)
2019-07-22T15:22:45: === GEbounds ===
2019-07-22T15:22:45:  Number of intervals .......: 32
2019-07-22T15:22:45:  Energy range ..............: 100 GeV - 199.526229858398 TeV
2019-07-22T15:22:45: === GSkyMap ===
2019-07-22T15:22:45:  Number of pixels ..........: 6400
2019-07-22T15:22:45:  X axis dimension ..........: 80
2019-07-22T15:22:45:  Y axis dimension ..........: 80
2019-07-22T15:22:45:  Number of maps ............: 32
2019-07-22T15:22:45:  Shape of maps .............: (32)
2019-07-22T15:22:45: === GSkyRegions ===
2019-07-22T15:22:45:  Number of regions .........: 0
2019-07-22T15:22:45: === GModels ===
2019-07-22T15:22:45:  Number of models ..........: 2
2019-07-22T15:22:45:  Number of parameters ......: 11
2019-07-22T15:22:45: === GModelSky ===
2019-07-22T15:22:45:  Name ......................: source2b
2019-07-22T15:22:45:  Instruments ...............: all
2019-07-22T15:22:45:  Test Statistic ............: 42031.824
2019-07-22T15:22:45:  Observation identifiers ...: all
2019-07-22T15:22:45:  Model type ................: PointSource
2019-07-22T15:22:45:  Model components ..........: "PointSource" * "ExponentialCutoffPowerLaw" * "Constant"
2019-07-22T15:22:45:  Number of parameters ......: 7
2019-07-22T15:22:45:  Number of spatial par's ...: 2
2019-07-22T15:22:45:   RA .......................: 83.6331 [-360,360] deg (fixed,scale=1)
2019-07-22T15:22:45:   DEC ......................: 22.0145 [-90,90] deg (fixed,scale=1)
2019-07-22T15:22:45:  Number of spectral par's ..: 4
2019-07-22T15:22:45:   Prefactor ................: 1.50843890283103e-18 +/- 1.74772507071251e-20 [1e-25,1e-15] ph/cm2/s/MeV (free,scale=1e-18,gradient)
2019-07-22T15:22:45:   Index ....................: -2.01438942482649 +/- 0.0103368320992707 [-0,-5]  (free,scale=-1,gradient)
2019-07-22T15:22:45:   CutoffEnergy .............: 235062386.387508 +/- 73174377.9910688 [1000000,100000000000] MeV (free,scale=100000000,gradient)
2019-07-22T15:22:45:   PivotEnergy ..............: 1000000 [10000,1000000000] MeV (fixed,scale=1000000,gradient)
2019-07-22T15:22:45:  Number of temporal par's ..: 1
2019-07-22T15:22:45:   Normalization ............: 1 (relative value) (fixed,scale=1,gradient)
2019-07-22T15:22:45:  Number of scale par's .....: 0
2019-07-22T15:22:45: === GCTAModelCubeBackground ===
2019-07-22T15:22:45:  Name ......................: BackgroundModel
2019-07-22T15:22:45:  Instruments ...............: CTA, HESS, MAGIC, VERITAS
2019-07-22T15:22:45:  Observation identifiers ...: all
2019-07-22T15:22:45:  Model type ................: "PowerLaw" * "Constant"
2019-07-22T15:22:45:  Number of parameters ......: 4
2019-07-22T15:22:45:  Number of spectral par's ..: 3
2019-07-22T15:22:45:   Prefactor ................: 0.992797741346143 +/- 0.00441366843367229 [0.01,100] ph/cm2/s/MeV (free,scale=1,gradient)
2019-07-22T15:22:45:   Index ....................: -0.00351367770752313 +/- 0.0025712183150291 [-5,5]  (free,scale=1,gradient)
2019-07-22T15:22:45:   PivotEnergy ..............: 1000000 MeV (fixed,scale=1000000,gradient)
2019-07-22T15:22:45:  Number of temporal par's ..: 1
2019-07-22T15:22:45:   Normalization ............: 1 (relative value) (fixed,scale=1,gradient)
2019-07-22T15:22:45: 
2019-07-22T15:22:45: +===========================+
2019-07-22T15:22:45: | Compute covariance matrix |
2019-07-22T15:22:45: +===========================+
2019-07-22T15:23:16: === GMatrixSparse ===
2019-07-22T15:23:16:  Number of rows ............: 11
2019-07-22T15:23:16:  Number of columns .........: 11
2019-07-22T15:23:16:  Number of nonzero elements : 25
2019-07-22T15:23:16:  Number of allocated cells .: 512
2019-07-22T15:23:16:  Memory block size .........: 512
2019-07-22T15:23:16:  Sparse matrix fill ........: 0.206611570247934
2019-07-22T15:23:16:  Pending element ...........: 0
2019-07-22T15:23:16:  Fill stack size ...........: 0 (none)
2019-07-22T15:23:16:  0, 0, 0, 0, 0, 0, 0, 0, 0, 0, 0
2019-07-22T15:23:16:  0, 0, 0, 0, 0, 0, 0, 0, 0, 0, 0
2019-07-22T15:23:16:  0, 0, 3.05454292280213e-40, 5.75715641953844e-24, -3.73859383046585e-13, 0, 0, -2.76343632590164e-24, -5.59796597020791e-25, 0, 0
2019-07-22T15:23:16:  0, 0, 5.75715641953844e-24, 0.000106850097848407, -476145.172754066, 0, 0, 5.14644231066775e-07, -6.3478178419382e-07, 0, 0
2019-07-22T15:23:16:  0, 0, -3.73859383046585e-13, -476145.172754066, 5.35448959438523e+15, 0, 0, -245.418007564723, 2829.19142475769, 0, 0
2019-07-22T15:23:16:  0, 0, 0, 0, 0, 0, 0, 0, 0, 0, 0
2019-07-22T15:23:16:  0, 0, 0, 0, 0, 0, 0, 0, 0, 0, 0
2019-07-22T15:23:16:  0, 0, -2.76343632590163e-24, 5.14644231066773e-07, -245.41800756472, 0, 0, 1.94804690423991e-05, 1.03329037785086e-05, 0, 0
2019-07-22T15:23:16:  0, 0, -5.59796597020791e-25, -6.34781784193821e-07, 2829.19142475769, 0, 0, 1.03329037785086e-05, 6.61116362354429e-06, 0, 0
2019-07-22T15:23:16:  0, 0, 0, 0, 0, 0, 0, 0, 0, 0, 0
2019-07-22T15:23:16:  0, 0, 0, 0, 0, 0, 0, 0, 0, 0, 0
2019-07-22T15:23:16: 
2019-07-22T15:23:16: +===============================+
2019-07-22T15:23:16: | Prepare butterfly computation |
2019-07-22T15:23:16: +===============================+
2019-07-22T15:23:16:  Confidence level ..........: 0.68
2019-07-22T15:23:16:  Corresponding scaling .....: 0.994458
2019-07-22T15:23:16: 
2019-07-22T15:23:16: +====================+
2019-07-22T15:23:16: | Generate butterfly |
2019-07-22T15:23:16: +====================+
2019-07-22T15:23:16: 
2019-07-22T15:23:16: +=========+
2019-07-22T15:23:16: | Results |
2019-07-22T15:23:16: +=========+
2019-07-22T15:23:16:  Intensity at 112606.251051226 MeV : 1.22699317365932e-16 (1.19635645043247e-16, 1.25762989688617e-16) ph/cm2/s/MeV
2019-07-22T15:23:16:  Intensity at 142786.615593472 MeV : 7.60418154755441e-17 (7.43046350803648e-17, 7.77789958707233e-17) ph/cm2/s/MeV
2019-07-22T15:23:16:  Intensity at 181055.824186555 MeV : 4.71246201600549e-17 (4.61449380422261e-17, 4.81043022778836e-17) ph/cm2/s/MeV
2019-07-22T15:23:16:  Intensity at 229581.822747338 MeV : 2.92027868271699e-17 (2.86531313635998e-17, 2.975244229074e-17) ph/cm2/s/MeV
2019-07-22T15:23:16:  Intensity at 291113.603071291 MeV : 1.80957548751362e-17 (1.7788633297243e-17, 1.84028764530293e-17) ph/cm2/s/MeV
2019-07-22T15:23:16:  Intensity at 369136.932876502 MeV : 1.12124015253477e-17 (1.10410987772123e-17, 1.1383704273483e-17) ph/cm2/s/MeV
2019-07-22T15:23:16:  Intensity at 468071.824112259 MeV : 6.94675437646719e-18 (6.8509477755079e-18, 7.04256097742647e-18) ph/cm2/s/MeV
2019-07-22T15:23:16:  Intensity at 593522.926087366 MeV : 4.30344497471595e-18 (4.24931707496526e-18, 4.35757287446664e-18) ph/cm2/s/MeV
2019-07-22T15:23:16:  Intensity at 752597.028157849 MeV : 2.66555988779021e-18 (2.63434881542744e-18, 2.69677096015298e-18) ph/cm2/s/MeV
2019-07-22T15:23:16:  Intensity at 954305.65846188 MeV : 1.65075212160585e-18 (1.63218495671054e-18, 1.66931928650116e-18) ph/cm2/s/MeV
2019-07-22T15:23:16:  Intensity at 1210075.58587031 MeV : 1.02205767010335e-18 (1.01058912228107e-18, 1.03352621792562e-18) ph/cm2/s/MeV
2019-07-22T15:23:16:  Intensity at 1534396.14502492 MeV : 6.3261908147049e-19 (6.2527868978638e-19, 6.399594731546e-19) ph/cm2/s/MeV
2019-07-22T15:23:16:  Intensity at 1945640.05534746 MeV : 3.91425013890781e-19 (3.86601934572974e-19, 3.96248093208588e-19) ph/cm2/s/MeV
2019-07-22T15:23:16:  Intensity at 2467104.23331454 MeV : 2.42075715564404e-19 (2.38860169595949e-19, 2.45291261532859e-19) ph/cm2/s/MeV
2019-07-22T15:23:16:  Intensity at 3128329.55988436 MeV : 1.49622068410723e-19 (1.47468213689867e-19, 1.51775923131578e-19) ph/cm2/s/MeV
2019-07-22T15:23:16:  Intensity at 3966774.36773649 MeV : 9.24086570051865e-20 (9.09689325288611e-20, 9.3848381481512e-20) ph/cm2/s/MeV
2019-07-22T15:23:16:  Intensity at 5029936.45116879 MeV : 5.70183285052788e-20 (5.60617332784499e-20, 5.79749237321077e-20) ph/cm2/s/MeV
2019-07-22T15:23:16:  Intensity at 6378043.81024912 MeV : 3.51390364363176e-20 (3.45084238159037e-20, 3.57696490567315e-20) ph/cm2/s/MeV
2019-07-22T15:23:16:  Intensity at 8087466.55954362 MeV : 2.16220894151527e-20 (2.12096761182384e-20, 2.20345027120671e-20) ph/cm2/s/MeV
2019-07-22T15:23:16:  Intensity at 10255043.285628 MeV : 1.32788051299232e-20 (1.30107660421646e-20, 1.35468442176817e-20) ph/cm2/s/MeV
2019-07-22T15:23:16:  Intensity at 13003566.9409974 MeV : 8.13480216157746e-21 (7.96093120110781e-21, 8.30867312204711e-21) ph/cm2/s/MeV
2019-07-22T15:23:16:  Intensity at 16488741.0495845 MeV : 4.96791296948158e-21 (4.85445732256524e-21, 5.08136861639792e-21) ph/cm2/s/MeV
2019-07-22T15:23:16:  Intensity at 20908000.2920645 MeV : 3.02186580284627e-21 (2.94652071565696e-21, 3.09721089003557e-21) ph/cm2/s/MeV
2019-07-22T15:23:16:  Intensity at 26511695.1560098 MeV : 1.82889191420627e-21 (1.77730907725469e-21, 1.88047475115785e-21) ph/cm2/s/MeV
2019-07-22T15:23:16:  Intensity at 33617274.2599379 MeV : 1.09983128139141e-21 (1.06314372529838e-21, 1.13651883748443e-21) ph/cm2/s/MeV
2019-07-22T15:23:16:  Intensity at 42627267.7781488 MeV : 6.56063013528113e-22 (6.29043859384589e-22, 6.83082167671637e-22) ph/cm2/s/MeV
2019-07-22T15:23:16:  Intensity at 54052090.7251378 MeV : 3.87349921318425e-22 (3.67010924642712e-22, 4.07688917994138e-22) ph/cm2/s/MeV
2019-07-22T15:23:16:  Intensity at 68538957.9028144 MeV : 2.25737673667825e-22 (2.10337361583996e-22, 2.41137985751654e-22) ph/cm2/s/MeV
2019-07-22T15:23:16:  Intensity at 86908548.5386981 MeV : 1.29399026887951e-22 (1.1783349976105e-22, 1.40964554014852e-22) ph/cm2/s/MeV
2019-07-22T15:23:16:  Intensity at 110201497.662297 MeV : 7.26376391639459e-23 (6.41175197174134e-23, 8.11577586104785e-23) ph/cm2/s/MeV
2019-07-22T15:23:16:  Intensity at 139737347.950364 MeV : 3.97061909317931e-23 (3.36049614765923e-23, 4.5807420386994e-23) ph/cm2/s/MeV
2019-07-22T15:23:16:  Intensity at 177189301.655759 MeV : 2.0985975836845e-23 (1.67756245188738e-23, 2.51963271548162e-23) ph/cm2/s/MeV
2019-07-22T15:23:16: 
2019-07-22T15:23:16: +========================+
2019-07-22T15:23:16: | Save Butterfly diagram |
2019-07-22T15:23:16: +========================+
2019-07-22T15:23:16:  Butterfly file ............: /cta/carli/CPPM_Internship/Simulations_and_Analyses/plus_step_AEff_South_z40_50h/source2b/butterfly_binned.ascii
2019-07-22T15:23:16: 
2019-07-22T15:23:16: Application "ctbutterfly" terminated after 32 wall clock seconds, consuming 33.31 seconds of CPU time.
