2019-07-22T15:19:16: ********************************************************************************
2019-07-22T15:19:16: *                                    ctlike                                    *
2019-07-22T15:19:16: * ---------------------------------------------------------------------------- *
2019-07-22T15:19:16: * Version: 1.6.0                                                               *
2019-07-22T15:19:16: ********************************************************************************
2019-07-22T15:19:16: +============+
2019-07-22T15:19:16: | Parameters |
2019-07-22T15:19:16: +============+
2019-07-22T15:19:16:  inobs .....................: /cta/carli/CPPM_Internship/Simulations_and_Analyses/plus_step_AEff_South_z40_50h/source2b/obs_cube.fits
2019-07-22T15:19:16:  inmodel ...................: sourcemodel_cube.xml
2019-07-22T15:19:16:  expcube ...................: /cta/carli/CPPM_Internship/Simulations_and_Analyses/plus_step_AEff_South_z40_50h/source2b/exposure_cube.fits
2019-07-22T15:19:16:  psfcube ...................: /cta/carli/CPPM_Internship/Simulations_and_Analyses/plus_step_AEff_South_z40_50h/source2b/PSF_cube.fits
2019-07-22T15:19:16:  edispcube .................: /cta/carli/CPPM_Internship/Simulations_and_Analyses/plus_step_AEff_South_z40_50h/source2b/edisp_cube.fits
2019-07-22T15:19:16:  bkgcube ...................: /cta/carli/CPPM_Internship/Simulations_and_Analyses/plus_step_AEff_South_z40_50h/source2b/background_cube.fits
2019-07-22T15:19:16:  caldb .....................: prod3b-v2
2019-07-22T15:19:16:  irf .......................: plus_step_AEff_South_z40_50h
2019-07-22T15:19:16:  edisp .....................: yes
2019-07-22T15:19:16:  outmodel ..................: /cta/carli/CPPM_Internship/Simulations_and_Analyses/plus_step_AEff_South_z40_50h/source2b/obsmodel_binned.xml
2019-07-22T15:19:16:  outcovmat .................: NONE
2019-07-22T15:19:16:  statistic .................: DEFAULT
2019-07-22T15:19:16:  refit .....................: no
2019-07-22T15:19:16:  like_accuracy .............: 0.005
2019-07-22T15:19:16:  max_iter ..................: 50
2019-07-22T15:19:16:  fix_spat_for_ts ...........: no
2019-07-22T15:19:16:  nthreads ..................: 0
2019-07-22T15:19:16:  chatter ...................: 4
2019-07-22T15:19:16:  clobber ...................: yes
2019-07-22T15:19:16:  debug .....................: no
2019-07-22T15:19:16:  mode ......................: ql
2019-07-22T15:19:16:  logfile ...................: ctlike.log
2019-07-22T15:19:16: 
2019-07-22T15:19:16: +===================+
2019-07-22T15:19:16: | Input observation |
2019-07-22T15:19:16: +===================+
2019-07-22T15:19:16: === GObservations ===
2019-07-22T15:19:16:  Number of observations ....: 1
2019-07-22T15:19:16:  Number of models ..........: 2
2019-07-22T15:19:16:  Number of observed events .: 315222
2019-07-22T15:19:16:  Number of predicted events : 0
2019-07-22T15:19:16: === GCTAObservation ===
2019-07-22T15:19:16:  Name ......................: 
2019-07-22T15:19:16:  Identifier ................: 000001
2019-07-22T15:19:16:  Instrument ................: CTA
2019-07-22T15:19:16:  Event file ................: /cta/carli/CPPM_Internship/Simulations_and_Analyses/plus_step_AEff_South_z40_50h/source2b/obs_cube.fits
2019-07-22T15:19:16:  Event type ................: CountsCube
2019-07-22T15:19:16:  Statistic .................: cstat
2019-07-22T15:19:16:  Ontime ....................: 144000 s
2019-07-22T15:19:16:  Livetime ..................: 141120 s
2019-07-22T15:19:16:  Deadtime correction .......: 0.98
2019-07-22T15:19:16:  User energy range .........: undefined
2019-07-22T15:19:16: === GCTAPointing ===
2019-07-22T15:19:16:  Pointing direction ........: (RA,Dec)=(84.1331,22.0145)
2019-07-22T15:19:16: === GCTAResponseCube ===
2019-07-22T15:19:16:  Energy dispersion .........: Used
2019-07-22T15:19:16: === GCTACubeExposure ===
2019-07-22T15:19:16:  Filename ..................: /cta/carli/CPPM_Internship/Simulations_and_Analyses/plus_step_AEff_South_z40_50h/source2b/exposure_cube.fits
2019-07-22T15:19:16:  Livetime ..................: 141120 sec
2019-07-22T15:19:16: === GEnergies ===
2019-07-22T15:19:16:  Number of energies ........: 33
2019-07-22T15:19:16: === GGti ===
2019-07-22T15:19:16:  Number of intervals .......: 1
2019-07-22T15:19:16:  Ontime ....................: 144000 sec
2019-07-22T15:19:16:  Elapsed time ..............: 144000 sec
2019-07-22T15:19:16:  MJD range .................: 51544.5 - 51546.1666666667 s (TT)
2019-07-22T15:19:16:  UTC range .................: 2000-01-01T11:58:56 - 2000-01-03T03:58:56 s (TT)
2019-07-22T15:19:16:  Reference MJD .............: 51544.5
2019-07-22T15:19:16: === GSkyMap ===
2019-07-22T15:19:16:  Number of pixels ..........: 6400
2019-07-22T15:19:16:  X axis dimension ..........: 80
2019-07-22T15:19:16:  Y axis dimension ..........: 80
2019-07-22T15:19:16:  Number of maps ............: 33
2019-07-22T15:19:16:  Shape of maps .............: (33)
2019-07-22T15:19:16: === GCTACubePsf ===
2019-07-22T15:19:16:  Filename ..................: /cta/carli/CPPM_Internship/Simulations_and_Analyses/plus_step_AEff_South_z40_50h/source2b/PSF_cube.fits
2019-07-22T15:19:16: === GEnergies ===
2019-07-22T15:19:16:  Number of energies ........: 33
2019-07-22T15:19:16:  Number of delta bins ......: 200
2019-07-22T15:19:16:  Delta range ...............: 1.875e-06 - 0.298501875 deg
2019-07-22T15:19:16: === GSkyMap ===
2019-07-22T15:19:16:  Number of pixels ..........: 1
2019-07-22T15:19:16:  X axis dimension ..........: 1
2019-07-22T15:19:16:  Y axis dimension ..........: 1
2019-07-22T15:19:16:  Number of maps ............: 6600
2019-07-22T15:19:16:  Shape of maps .............: (200, 33)
2019-07-22T15:19:16: === GCTACubeEdisp ===
2019-07-22T15:19:16:  Filename ..................: /cta/carli/CPPM_Internship/Simulations_and_Analyses/plus_step_AEff_South_z40_50h/source2b/edisp_cube.fits
2019-07-22T15:19:16: === GEnergies ===
2019-07-22T15:19:16:  Number of energies ........: 33
2019-07-22T15:19:16:  Number of migra bins ......: 100
2019-07-22T15:19:16:  Migra range ...............: 0.02 - 2
2019-07-22T15:19:16: === GSkyMap ===
2019-07-22T15:19:16:  Number of pixels ..........: 1
2019-07-22T15:19:16:  X axis dimension ..........: 1
2019-07-22T15:19:16:  Y axis dimension ..........: 1
2019-07-22T15:19:16:  Number of maps ............: 3300
2019-07-22T15:19:16:  Shape of maps .............: (100, 33)
2019-07-22T15:19:16: === GCTACubeBackground ===
2019-07-22T15:19:16:  Filename ..................: /cta/carli/CPPM_Internship/Simulations_and_Analyses/plus_step_AEff_South_z40_50h/source2b/background_cube.fits
2019-07-22T15:19:16: === GEbounds ===
2019-07-22T15:19:16:  Number of intervals .......: 32
2019-07-22T15:19:16:  Energy range ..............: 100 GeV - 199.526229858398 TeV
2019-07-22T15:19:16: === GSkyMap ===
2019-07-22T15:19:16:  Number of pixels ..........: 6400
2019-07-22T15:19:16:  X axis dimension ..........: 80
2019-07-22T15:19:16:  Y axis dimension ..........: 80
2019-07-22T15:19:16:  Number of maps ............: 32
2019-07-22T15:19:16:  Shape of maps .............: (32)
2019-07-22T15:19:16: === GCTAResponseCache ===
2019-07-22T15:19:16:  Number of cached values ...: 0
2019-07-22T15:19:16: === GCTAEventCube ===
2019-07-22T15:19:16:  Number of events ..........: 315222
2019-07-22T15:19:16:  Number of elements ........: 204800
2019-07-22T15:19:16:  Number of pixels ..........: 6400
2019-07-22T15:19:16:  Number of energy bins .....: 32
2019-07-22T15:19:16:  Time interval .............: 51544.5 - 51546.1666666667 days
2019-07-22T15:19:16:  Pointing ..................: (RA,Dec)=(84.1331,22.0145)
2019-07-22T15:19:16: === GEbounds ===
2019-07-22T15:19:16:  Number of intervals .......: 32
2019-07-22T15:19:16:  Energy range ..............: 100 GeV - 199.526229858398 TeV
2019-07-22T15:19:16: === GSkyMap ===
2019-07-22T15:19:16:  Number of pixels ..........: 6400
2019-07-22T15:19:16:  X axis dimension ..........: 80
2019-07-22T15:19:16:  Y axis dimension ..........: 80
2019-07-22T15:19:16:  Number of maps ............: 32
2019-07-22T15:19:16:  Shape of maps .............: (32)
2019-07-22T15:19:16: === GSkyRegions ===
2019-07-22T15:19:16:  Number of regions .........: 0
2019-07-22T15:19:16: === GModels ===
2019-07-22T15:19:16:  Number of models ..........: 2
2019-07-22T15:19:16:  Number of parameters ......: 11
2019-07-22T15:19:16: === GModelSky ===
2019-07-22T15:19:16:  Name ......................: source2b
2019-07-22T15:19:16:  Instruments ...............: all
2019-07-22T15:19:16:  Test Statistic ............: Computation requested
2019-07-22T15:19:16:  Observation identifiers ...: all
2019-07-22T15:19:16:  Model type ................: PointSource
2019-07-22T15:19:16:  Model components ..........: "PointSource" * "ExponentialCutoffPowerLaw" * "Constant"
2019-07-22T15:19:16:  Number of parameters ......: 7
2019-07-22T15:19:16:  Number of spatial par's ...: 2
2019-07-22T15:19:16:   RA .......................: 83.6331 [-360,360] deg (fixed,scale=1)
2019-07-22T15:19:16:   DEC ......................: 22.0145 [-90,90] deg (fixed,scale=1)
2019-07-22T15:19:16:  Number of spectral par's ..: 4
2019-07-22T15:19:16:   Prefactor ................: 1.52e-18 +/- 0 [1e-25,1e-15] ph/cm2/s/MeV (free,scale=1e-18,gradient)
2019-07-22T15:19:16:   Index ....................: -2 +/- 0 [-0,-5]  (free,scale=-1,gradient)
2019-07-22T15:19:16:   CutoffEnergy .............: 100000000 +/- 0 [1000000,100000000000] MeV (free,scale=100000000,gradient)
2019-07-22T15:19:16:   PivotEnergy ..............: 1000000 [10000,1000000000] MeV (fixed,scale=1000000,gradient)
2019-07-22T15:19:16:  Number of temporal par's ..: 1
2019-07-22T15:19:16:   Normalization ............: 1 (relative value) (fixed,scale=1,gradient)
2019-07-22T15:19:16:  Number of scale par's .....: 0
2019-07-22T15:19:16: === GCTAModelCubeBackground ===
2019-07-22T15:19:16:  Name ......................: BackgroundModel
2019-07-22T15:19:16:  Instruments ...............: CTA, HESS, MAGIC, VERITAS
2019-07-22T15:19:16:  Observation identifiers ...: all
2019-07-22T15:19:16:  Model type ................: "PowerLaw" * "Constant"
2019-07-22T15:19:16:  Number of parameters ......: 4
2019-07-22T15:19:16:  Number of spectral par's ..: 3
2019-07-22T15:19:16:   Prefactor ................: 1 +/- 0 [0.01,100] ph/cm2/s/MeV (free,scale=1,gradient)
2019-07-22T15:19:16:   Index ....................: 0 +/- 0 [-5,5]  (free,scale=1,gradient)
2019-07-22T15:19:16:   PivotEnergy ..............: 1000000 MeV (fixed,scale=1000000,gradient)
2019-07-22T15:19:16:  Number of temporal par's ..: 1
2019-07-22T15:19:16:   Normalization ............: 1 (relative value) (fixed,scale=1,gradient)
2019-07-22T15:19:16: 
2019-07-22T15:19:16: +=================================+
2019-07-22T15:19:16: | Maximum likelihood optimisation |
2019-07-22T15:19:16: +=================================+
2019-07-22T15:19:47:  >Iteration   0: -logL=-320527.755, Lambda=1.0e-03
2019-07-22T15:20:16:  >Iteration   1: -logL=-320535.111, Lambda=1.0e-03, delta=7.356, step=1.0e+00, max(|grad|)=123.556570 [Index:3]
2019-07-22T15:20:45:  >Iteration   2: -logL=-320537.125, Lambda=1.0e-04, delta=2.014, step=1.0e+00, max(|grad|)=55.199036 [Index:3]
2019-07-22T15:21:14:  >Iteration   3: -logL=-320537.557, Lambda=1.0e-05, delta=0.432, step=1.0e+00, max(|grad|)=16.745436 [Index:3]
2019-07-22T15:21:43:  >Iteration   4: -logL=-320537.606, Lambda=1.0e-06, delta=0.050, step=1.0e+00, max(|grad|)=2.892912 [Index:3]
2019-07-22T15:22:12:  >Iteration   5: -logL=-320537.609, Lambda=1.0e-07, delta=0.003, step=1.0e+00, max(|grad|)=0.322796 [Index:3]
2019-07-22T15:22:12:  
2019-07-22T15:22:12:  +==================+
2019-07-22T15:22:12:  | Curvature matrix |
2019-07-22T15:22:12:  +==================+
2019-07-22T15:22:12:  === GMatrixSparse ===
2019-07-22T15:22:12:   Number of rows ............: 11
2019-07-22T15:22:12:   Number of columns .........: 11
2019-07-22T15:22:12:   Number of nonzero elements : 25
2019-07-22T15:22:12:   Number of allocated cells .: 537
2019-07-22T15:22:12:   Memory block size .........: 512
2019-07-22T15:22:12:   Sparse matrix fill ........: 0.206611570247934
2019-07-22T15:22:12:   Pending element ...........: 0
2019-07-22T15:22:12:   Fill stack size ...........: 0 (none)
2019-07-22T15:22:12:   0, 0, 0, 0, 0, 0, 0, 0, 0, 0, 0
2019-07-22T15:22:12:   0, 0, 0, 0, 0, 0, 0, 0, 0, 0, 0
2019-07-22T15:22:12:   0, 0, 3749.92668784656, -1566.10054147785, 40.2662229726526, 0, 0, 1981.97759749022, -2802.14877341652, 0, 0
2019-07-22T15:22:12:   0, 0, -1566.10054147785, 16247.7397871321, -154.988568552333, 0, 0, 4290.51365002901, -7735.25075647555, 0, 0
2019-07-22T15:22:12:   0, 0, 40.2662229726526, -154.988568552333, 3.52698232074261, 0, 0, 2.13911906478752, -0.145750161857916, 0, 0
2019-07-22T15:22:12:   0, 0, 0, 0, 0, 0, 0, 0, 0, 0, 0
2019-07-22T15:22:12:   0, 0, 0, 0, 0, 0, 0, 0, 0, 0, 0
2019-07-22T15:22:12:   0, 0, 1981.97759749022, 4290.51365002899, 2.13911906478752, 0, 0, 303333.785012094, -474348.170343488, 0, 0
2019-07-22T15:22:12:   0, 0, -2802.14877341652, -7735.25075647556, -0.145750161857915, 0, 0, -474348.170343488, 893146.808093369, 0, 0
2019-07-22T15:22:12:   0, 0, 0, 0, 0, 0, 0, 0, 0, 0, 0
2019-07-22T15:22:12:   0, 0, 0, 0, 0, 0, 0, 0, 0, 0, 0
2019-07-22T15:22:41: 
2019-07-22T15:22:41: +====================================+
2019-07-22T15:22:41: | Maximum likelihood re-optimisation |
2019-07-22T15:22:41: +====================================+
2019-07-22T15:22:42:  >Iteration   0: -logL=-298513.244, Lambda=1.0e-03
2019-07-22T15:22:42:  >Iteration   1: -logL=-299463.539, Lambda=1.0e-03, delta=950.295, step=1.0e+00, max(|grad|)=-3855.863799 [Prefactor:0]
2019-07-22T15:22:43:  >Iteration   2: -logL=-299521.329, Lambda=1.0e-04, delta=57.789, step=1.0e+00, max(|grad|)=-230.860970 [Prefactor:0]
2019-07-22T15:22:44:  >Iteration   3: -logL=-299521.696, Lambda=1.0e-05, delta=0.367, step=1.0e+00, max(|grad|)=-18.424127 [Index:1]
2019-07-22T15:22:44:  >Iteration   4: -logL=-299521.697, Lambda=1.0e-06, delta=0.001, step=1.0e+00, max(|grad|)=-1.458544 [Index:1]
2019-07-22T15:22:44: 
2019-07-22T15:22:44: +============================================+
2019-07-22T15:22:44: | Maximum likelihood re-optimisation results |
2019-07-22T15:22:44: +============================================+
2019-07-22T15:22:44: === GOptimizerLM ===
2019-07-22T15:22:44:  Optimized function value ..: -299521.697
2019-07-22T15:22:44:  Absolute precision ........: 0.005
2019-07-22T15:22:44:  Acceptable value decrease .: 2
2019-07-22T15:22:44:  Optimization status .......: converged
2019-07-22T15:22:44:  Number of parameters ......: 4
2019-07-22T15:22:44:  Number of free parameters .: 2
2019-07-22T15:22:44:  Number of iterations ......: 4
2019-07-22T15:22:44:  Lambda ....................: 1e-07
2019-07-22T15:22:44: 
2019-07-22T15:22:44: +=========================================+
2019-07-22T15:22:44: | Maximum likelihood optimisation results |
2019-07-22T15:22:44: +=========================================+
2019-07-22T15:22:44: === GOptimizerLM ===
2019-07-22T15:22:44:  Optimized function value ..: -320537.609
2019-07-22T15:22:44:  Absolute precision ........: 0.005
2019-07-22T15:22:44:  Acceptable value decrease .: 2
2019-07-22T15:22:44:  Optimization status .......: converged
2019-07-22T15:22:44:  Number of parameters ......: 11
2019-07-22T15:22:44:  Number of free parameters .: 5
2019-07-22T15:22:44:  Number of iterations ......: 5
2019-07-22T15:22:44:  Lambda ....................: 1e-08
2019-07-22T15:22:44:  Maximum log likelihood ....: 320537.609
2019-07-22T15:22:44:  Observed events  (Nobs) ...: 315222.000
2019-07-22T15:22:44:  Predicted events (Npred) ..: 313448.941 (Nobs - Npred = 1773.05874518899)
2019-07-22T15:22:44: === GModels ===
2019-07-22T15:22:44:  Number of models ..........: 2
2019-07-22T15:22:44:  Number of parameters ......: 11
2019-07-22T15:22:44: === GModelSky ===
2019-07-22T15:22:44:  Name ......................: source2b
2019-07-22T15:22:44:  Instruments ...............: all
2019-07-22T15:22:44:  Test Statistic ............: 42031.8236416171
2019-07-22T15:22:44:  Observation identifiers ...: all
2019-07-22T15:22:44:  Model type ................: PointSource
2019-07-22T15:22:44:  Model components ..........: "PointSource" * "ExponentialCutoffPowerLaw" * "Constant"
2019-07-22T15:22:44:  Number of parameters ......: 7
2019-07-22T15:22:44:  Number of spatial par's ...: 2
2019-07-22T15:22:44:   RA .......................: 83.6331 [-360,360] deg (fixed,scale=1)
2019-07-22T15:22:44:   DEC ......................: 22.0145 [-90,90] deg (fixed,scale=1)
2019-07-22T15:22:44:  Number of spectral par's ..: 4
2019-07-22T15:22:44:   Prefactor ................: 1.50843890283103e-18 +/- 1.74772507071251e-20 [1e-25,1e-15] ph/cm2/s/MeV (free,scale=1e-18,gradient)
2019-07-22T15:22:44:   Index ....................: -2.01438942482649 +/- 0.0103368320992707 [-0,-5]  (free,scale=-1,gradient)
2019-07-22T15:22:44:   CutoffEnergy .............: 235062386.387508 +/- 73174377.9910688 [1000000,100000000000] MeV (free,scale=100000000,gradient)
2019-07-22T15:22:44:   PivotEnergy ..............: 1000000 [10000,1000000000] MeV (fixed,scale=1000000,gradient)
2019-07-22T15:22:44:  Number of temporal par's ..: 1
2019-07-22T15:22:44:   Normalization ............: 1 (relative value) (fixed,scale=1,gradient)
2019-07-22T15:22:44:  Number of scale par's .....: 0
2019-07-22T15:22:44: === GCTAModelCubeBackground ===
2019-07-22T15:22:44:  Name ......................: BackgroundModel
2019-07-22T15:22:44:  Instruments ...............: CTA, HESS, MAGIC, VERITAS
2019-07-22T15:22:44:  Observation identifiers ...: all
2019-07-22T15:22:44:  Model type ................: "PowerLaw" * "Constant"
2019-07-22T15:22:44:  Number of parameters ......: 4
2019-07-22T15:22:44:  Number of spectral par's ..: 3
2019-07-22T15:22:44:   Prefactor ................: 0.992797741346143 +/- 0.00441366843367229 [0.01,100] ph/cm2/s/MeV (free,scale=1,gradient)
2019-07-22T15:22:44:   Index ....................: -0.00351367770752313 +/- 0.0025712183150291 [-5,5]  (free,scale=1,gradient)
2019-07-22T15:22:44:   PivotEnergy ..............: 1000000 MeV (fixed,scale=1000000,gradient)
2019-07-22T15:22:44:  Number of temporal par's ..: 1
2019-07-22T15:22:44:   Normalization ............: 1 (relative value) (fixed,scale=1,gradient)
2019-07-22T15:22:44: 
2019-07-22T15:22:44: +==============+
2019-07-22T15:22:44: | Save results |
2019-07-22T15:22:44: +==============+
2019-07-22T15:22:44:  Model definition file .....: /cta/carli/CPPM_Internship/Simulations_and_Analyses/plus_step_AEff_South_z40_50h/source2b/obsmodel_binned.xml
2019-07-22T15:22:44:  Covariance matrix file ....: NONE
2019-07-22T15:22:44: 
2019-07-22T15:22:44: Application "ctlike" terminated after 209 wall clock seconds, consuming 216.42 seconds of CPU time.
