2019-07-23T19:13:39: ********************************************************************************
2019-07-23T19:13:39: *                                   csresspec                                  *
2019-07-23T19:13:39: * ---------------------------------------------------------------------------- *
2019-07-23T19:13:39: * Version: 1.6.0                                                               *
2019-07-23T19:13:39: ********************************************************************************
2019-07-23T19:13:39: +============+
2019-07-23T19:13:39: | Parameters |
2019-07-23T19:13:39: +============+
2019-07-23T19:13:39:  inobs .....................: /cta/carli/CPPM_Internship/Simulations_and_Analyses/plus_step_EDisp_South_z40_50h/source3a/obs_cube.fits
2019-07-23T19:13:39:  inmodel ...................: /cta/carli/CPPM_Internship/Simulations_and_Analyses/plus_step_EDisp_South_z40_50h/source3a/obsmodel_binned.xml
2019-07-23T19:13:39:  modcube ...................: /cta/carli/CPPM_Internship/Simulations_and_Analyses/plus_step_EDisp_South_z40_50h/source3a/obsmodel_cube.fits
2019-07-23T19:13:39:  expcube ...................: /cta/carli/CPPM_Internship/Simulations_and_Analyses/plus_step_EDisp_South_z40_50h/source3a/exposure_cube.fits
2019-07-23T19:13:39:  psfcube ...................: /cta/carli/CPPM_Internship/Simulations_and_Analyses/plus_step_EDisp_South_z40_50h/source3a/PSF_cube.fits
2019-07-23T19:13:39:  edispcube .................: /cta/carli/CPPM_Internship/Simulations_and_Analyses/plus_step_EDisp_South_z40_50h/source3a/edisp_cube.fits
2019-07-23T19:13:39:  bkgcube ...................: /cta/carli/CPPM_Internship/Simulations_and_Analyses/plus_step_EDisp_South_z40_50h/source3a/background_cube.fits
2019-07-23T19:13:39:  caldb .....................: prod3b-v2
2019-07-23T19:13:39:  irf .......................: South_z40_50h
2019-07-23T19:13:39:  edisp .....................: yes
2019-07-23T19:13:39:  outfile ...................: /cta/carli/CPPM_Internship/Simulations_and_Analyses/plus_step_EDisp_South_z40_50h/source3a/residuals_binned.fits
2019-07-23T19:13:39:  statistic .................: DEFAULT
2019-07-23T19:13:39:  components ................: yes
2019-07-23T19:13:39:  ebinalg ...................: LOG
2019-07-23T19:13:39:  emin ......................: 0.1
2019-07-23T19:13:39:  emax ......................: 199.526229858398
2019-07-23T19:13:39:  enumbins ..................: 32
2019-07-23T19:13:39:  ebinfile ..................: [not queried]
2019-07-23T19:13:39:  stack .....................: [not queried]
2019-07-23T19:13:39:  coordsys ..................: [not queried]
2019-07-23T19:13:39:  proj ......................: [not queried]
2019-07-23T19:13:39:  xref ......................: [not queried]
2019-07-23T19:13:39:  yref ......................: [not queried]
2019-07-23T19:13:39:  nxpix .....................: [not queried]
2019-07-23T19:13:39:  nypix .....................: [not queried]
2019-07-23T19:13:39:  binsz .....................: [not queried]
2019-07-23T19:13:39:  mask ......................: no
2019-07-23T19:13:39:  ra ........................: [not queried]
2019-07-23T19:13:39:  dec .......................: [not queried]
2019-07-23T19:13:39:  rad .......................: [not queried]
2019-07-23T19:13:39:  regfile ...................: [not queried]
2019-07-23T19:13:39:  algorithm .................: SUB
2019-07-23T19:13:39:  publish ...................: no
2019-07-23T19:13:39:  chatter ...................: 4
2019-07-23T19:13:39:  clobber ...................: yes
2019-07-23T19:13:39:  debug .....................: no
2019-07-23T19:13:39:  mode ......................: ql
2019-07-23T19:13:39:  logfile ...................: csresspec.log
2019-07-23T19:13:39: 
2019-07-23T19:13:39: +====================+
2019-07-23T19:13:39: | Observation census |
2019-07-23T19:13:39: +====================+
2019-07-23T19:13:39:  Unbinned CTA observations .: 0
2019-07-23T19:13:39:  Binned CTA observations ...: 1
2019-07-23T19:13:39:  On/off CTA observations ...: 0
2019-07-23T19:13:39:  Other observations ........: 0
2019-07-23T19:13:39: 
2019-07-23T19:13:39: +=============+
2019-07-23T19:13:39: | Observation |
2019-07-23T19:13:39: +=============+
2019-07-23T19:13:39: === GObservations ===
2019-07-23T19:13:39:  Number of observations ....: 1
2019-07-23T19:13:39:  Number of models ..........: 2
2019-07-23T19:13:39:  Number of observed events .: 309332
2019-07-23T19:13:39:  Number of predicted events : 0
2019-07-23T19:13:39: === GCTAObservation ===
2019-07-23T19:13:39:  Name ......................: 
2019-07-23T19:13:39:  Identifier ................: 000001
2019-07-23T19:13:39:  Instrument ................: CTA
2019-07-23T19:13:39:  Event file ................: /cta/carli/CPPM_Internship/Simulations_and_Analyses/plus_step_EDisp_South_z40_50h/source3a/obs_cube.fits
2019-07-23T19:13:39:  Event type ................: CountsCube
2019-07-23T19:13:39:  Statistic .................: cstat
2019-07-23T19:13:39:  Ontime ....................: 144000 s
2019-07-23T19:13:39:  Livetime ..................: 141120 s
2019-07-23T19:13:39:  Deadtime correction .......: 0.98
2019-07-23T19:13:39:  User energy range .........: undefined
2019-07-23T19:13:39: === GCTAPointing ===
2019-07-23T19:13:39:  Pointing direction ........: (RA,Dec)=(84.1331,22.0145)
2019-07-23T19:13:39: === GCTAResponseCube ===
2019-07-23T19:13:39:  Energy dispersion .........: Not used
2019-07-23T19:13:39: === GCTACubeExposure ===
2019-07-23T19:13:39:  Filename ..................: /cta/carli/CPPM_Internship/Simulations_and_Analyses/plus_step_EDisp_South_z40_50h/source3a/exposure_cube.fits
2019-07-23T19:13:39:  Livetime ..................: 141120 sec
2019-07-23T19:13:39: === GEnergies ===
2019-07-23T19:13:39:  Number of energies ........: 33
2019-07-23T19:13:39: === GGti ===
2019-07-23T19:13:39:  Number of intervals .......: 1
2019-07-23T19:13:39:  Ontime ....................: 144000 sec
2019-07-23T19:13:39:  Elapsed time ..............: 144000 sec
2019-07-23T19:13:39:  MJD range .................: 51544.5 - 51546.1666666667 s (TT)
2019-07-23T19:13:39:  UTC range .................: 2000-01-01T11:58:56 - 2000-01-03T03:58:56 s (TT)
2019-07-23T19:13:39:  Reference MJD .............: 51544.5
2019-07-23T19:13:39: === GSkyMap ===
2019-07-23T19:13:39:  Number of pixels ..........: 6400
2019-07-23T19:13:39:  X axis dimension ..........: 80
2019-07-23T19:13:39:  Y axis dimension ..........: 80
2019-07-23T19:13:39:  Number of maps ............: 33
2019-07-23T19:13:39:  Shape of maps .............: (33)
2019-07-23T19:13:39: === GCTACubePsf ===
2019-07-23T19:13:39:  Filename ..................: /cta/carli/CPPM_Internship/Simulations_and_Analyses/plus_step_EDisp_South_z40_50h/source3a/PSF_cube.fits
2019-07-23T19:13:39: === GEnergies ===
2019-07-23T19:13:39:  Number of energies ........: 33
2019-07-23T19:13:39:  Number of delta bins ......: 200
2019-07-23T19:13:39:  Delta range ...............: 1.875e-06 - 0.298501875 deg
2019-07-23T19:13:39: === GSkyMap ===
2019-07-23T19:13:39:  Number of pixels ..........: 1
2019-07-23T19:13:39:  X axis dimension ..........: 1
2019-07-23T19:13:39:  Y axis dimension ..........: 1
2019-07-23T19:13:39:  Number of maps ............: 6600
2019-07-23T19:13:39:  Shape of maps .............: (200, 33)
2019-07-23T19:13:39: === GCTACubeEdisp ===
2019-07-23T19:13:39:  Filename ..................: /cta/carli/CPPM_Internship/Simulations_and_Analyses/plus_step_EDisp_South_z40_50h/source3a/edisp_cube.fits
2019-07-23T19:13:39: === GEnergies ===
2019-07-23T19:13:39:  Number of energies ........: 33
2019-07-23T19:13:39:  Number of migra bins ......: 100
2019-07-23T19:13:39:  Migra range ...............: 0.02 - 2
2019-07-23T19:13:39: === GSkyMap ===
2019-07-23T19:13:39:  Number of pixels ..........: 1
2019-07-23T19:13:39:  X axis dimension ..........: 1
2019-07-23T19:13:39:  Y axis dimension ..........: 1
2019-07-23T19:13:39:  Number of maps ............: 3300
2019-07-23T19:13:39:  Shape of maps .............: (100, 33)
2019-07-23T19:13:39: === GCTACubeBackground ===
2019-07-23T19:13:39:  Filename ..................: /cta/carli/CPPM_Internship/Simulations_and_Analyses/plus_step_EDisp_South_z40_50h/source3a/background_cube.fits
2019-07-23T19:13:39: === GEbounds ===
2019-07-23T19:13:39:  Number of intervals .......: 32
2019-07-23T19:13:39:  Energy range ..............: 100 GeV - 199.526229858398 TeV
2019-07-23T19:13:39: === GSkyMap ===
2019-07-23T19:13:39:  Number of pixels ..........: 6400
2019-07-23T19:13:39:  X axis dimension ..........: 80
2019-07-23T19:13:39:  Y axis dimension ..........: 80
2019-07-23T19:13:39:  Number of maps ............: 32
2019-07-23T19:13:39:  Shape of maps .............: (32)
2019-07-23T19:13:39: === GCTAResponseCache ===
2019-07-23T19:13:39:  Number of cached values ...: 0
2019-07-23T19:13:39: === GCTAEventCube ===
2019-07-23T19:13:39:  Number of events ..........: 309332
2019-07-23T19:13:39:  Number of elements ........: 204800
2019-07-23T19:13:39:  Number of pixels ..........: 6400
2019-07-23T19:13:39:  Number of energy bins .....: 32
2019-07-23T19:13:39:  Time interval .............: 51544.5 - 51546.1666666667 days
2019-07-23T19:13:39:  Pointing ..................: (RA,Dec)=(84.1331,22.0145)
2019-07-23T19:13:39: === GEbounds ===
2019-07-23T19:13:39:  Number of intervals .......: 32
2019-07-23T19:13:39:  Energy range ..............: 100 GeV - 199.526229858398 TeV
2019-07-23T19:13:39: === GSkyMap ===
2019-07-23T19:13:39:  Number of pixels ..........: 6400
2019-07-23T19:13:39:  X axis dimension ..........: 80
2019-07-23T19:13:39:  Y axis dimension ..........: 80
2019-07-23T19:13:39:  Number of maps ............: 32
2019-07-23T19:13:39:  Shape of maps .............: (32)
2019-07-23T19:13:39: === GSkyRegions ===
2019-07-23T19:13:39:  Number of regions .........: 0
2019-07-23T19:13:39: === GModels ===
2019-07-23T19:13:39:  Number of models ..........: 2
2019-07-23T19:13:39:  Number of parameters ......: 11
2019-07-23T19:13:39: === GModelSky ===
2019-07-23T19:13:39:  Name ......................: source3a
2019-07-23T19:13:39:  Instruments ...............: all
2019-07-23T19:13:39:  Test Statistic ............: 16412.59
2019-07-23T19:13:39:  Observation identifiers ...: all
2019-07-23T19:13:39:  Model type ................: PointSource
2019-07-23T19:13:39:  Model components ..........: "PointSource" * "ExponentialCutoffPowerLaw" * "Constant"
2019-07-23T19:13:39:  Number of parameters ......: 7
2019-07-23T19:13:39:  Number of spatial par's ...: 2
2019-07-23T19:13:39:   RA .......................: 83.6331 [-360,360] deg (fixed,scale=1)
2019-07-23T19:13:39:   DEC ......................: 22.0145 [-90,90] deg (fixed,scale=1)
2019-07-23T19:13:39:  Number of spectral par's ..: 4
2019-07-23T19:13:39:   Prefactor ................: 7.31943540643221e-19 +/- 1.30078816942036e-20 [1e-26,1e-16] ph/cm2/s/MeV (free,scale=1e-19,gradient)
2019-07-23T19:13:39:   Index ....................: -2.05341986413123 +/- 0.0153362791227517 [-0,-5]  (free,scale=-1,gradient)
2019-07-23T19:13:39:   CutoffEnergy .............: 100000000000 +/- 15691154860949 [1000000,100000000000] MeV (free,scale=100000000,gradient)
2019-07-23T19:13:39:   PivotEnergy ..............: 1000000 [10000,1000000000] MeV (fixed,scale=1000000,gradient)
2019-07-23T19:13:39:  Number of temporal par's ..: 1
2019-07-23T19:13:39:   Normalization ............: 1 (relative value) (fixed,scale=1,gradient)
2019-07-23T19:13:39:  Number of scale par's .....: 0
2019-07-23T19:13:39: === GCTAModelCubeBackground ===
2019-07-23T19:13:39:  Name ......................: BackgroundModel
2019-07-23T19:13:39:  Instruments ...............: CTA, HESS, MAGIC, VERITAS
2019-07-23T19:13:39:  Observation identifiers ...: all
2019-07-23T19:13:39:  Model type ................: "PowerLaw" * "Constant"
2019-07-23T19:13:39:  Number of parameters ......: 4
2019-07-23T19:13:39:  Number of spectral par's ..: 3
2019-07-23T19:13:39:   Prefactor ................: 0.969956839754332 +/- 0.00436672059903027 [0.01,100] ph/cm2/s/MeV (free,scale=1,gradient)
2019-07-23T19:13:39:   Index ....................: -0.0182945544645403 +/- 0.00259831556756295 [-5,5]  (free,scale=1,gradient)
2019-07-23T19:13:39:   PivotEnergy ..............: 1000000 MeV (fixed,scale=1000000,gradient)
2019-07-23T19:13:39:  Number of temporal par's ..: 1
2019-07-23T19:13:39:   Normalization ............: 1 (relative value) (fixed,scale=1,gradient)
2019-07-23T19:13:39: 
2019-07-23T19:13:39: +=========================+
2019-07-23T19:13:39: | Processing Observations |
2019-07-23T19:13:39: +=========================+
2019-07-23T19:13:39: Computing model cube
2019-07-23T19:13:45: Computing counts, model, and residual spectra
2019-07-23T19:13:45:  Computing model component .: source3a
2019-07-23T19:13:50:  Computing model component .: BackgroundModel
2019-07-23T19:13:50: Filling residual table
2019-07-23T19:13:50: 
2019-07-23T19:13:50: +================+
2019-07-23T19:13:50: | Save residuals |
2019-07-23T19:13:50: +================+
2019-07-23T19:13:50:  Residuals file ............: /cta/carli/CPPM_Internship/Simulations_and_Analyses/plus_step_EDisp_South_z40_50h/source3a/residuals_binned.fits
2019-07-23T19:13:50: 
2019-07-23T19:13:50: Application "csresspec" terminated after 11 wall clock seconds, consuming 13.79 seconds of CPU time.
