2019-07-23T19:13:55: ********************************************************************************
2019-07-23T19:13:55: *                                    ctlike                                    *
2019-07-23T19:13:55: * ---------------------------------------------------------------------------- *
2019-07-23T19:13:55: * Version: 1.6.0                                                               *
2019-07-23T19:13:55: ********************************************************************************
2019-07-23T19:13:55: +============+
2019-07-23T19:13:55: | Parameters |
2019-07-23T19:13:55: +============+
2019-07-23T19:13:55:  inobs .....................: /cta/carli/CPPM_Internship/Simulations_and_Analyses/minus_gradient_EDisp_South_z40_50h/source3a/obs_cube.fits
2019-07-23T19:13:55:  inmodel ...................: sourcemodel_cube.xml
2019-07-23T19:13:55:  expcube ...................: /cta/carli/CPPM_Internship/Simulations_and_Analyses/minus_gradient_EDisp_South_z40_50h/source3a/exposure_cube.fits
2019-07-23T19:13:55:  psfcube ...................: /cta/carli/CPPM_Internship/Simulations_and_Analyses/minus_gradient_EDisp_South_z40_50h/source3a/PSF_cube.fits
2019-07-23T19:13:55:  edispcube .................: /cta/carli/CPPM_Internship/Simulations_and_Analyses/minus_gradient_EDisp_South_z40_50h/source3a/edisp_cube.fits
2019-07-23T19:13:55:  bkgcube ...................: /cta/carli/CPPM_Internship/Simulations_and_Analyses/minus_gradient_EDisp_South_z40_50h/source3a/background_cube.fits
2019-07-23T19:13:55:  caldb .....................: prod3b-v2
2019-07-23T19:13:55:  irf .......................: South_z40_50h
2019-07-23T19:13:55:  edisp .....................: yes
2019-07-23T19:13:55:  outmodel ..................: /cta/carli/CPPM_Internship/Simulations_and_Analyses/minus_gradient_EDisp_South_z40_50h/source3a/obsmodel_binned.xml
2019-07-23T19:13:55:  outcovmat .................: NONE
2019-07-23T19:13:55:  statistic .................: DEFAULT
2019-07-23T19:13:55:  refit .....................: no
2019-07-23T19:13:55:  like_accuracy .............: 0.005
2019-07-23T19:13:55:  max_iter ..................: 50
2019-07-23T19:13:55:  fix_spat_for_ts ...........: no
2019-07-23T19:13:55:  nthreads ..................: 0
2019-07-23T19:13:55:  chatter ...................: 4
2019-07-23T19:13:55:  clobber ...................: yes
2019-07-23T19:13:55:  debug .....................: no
2019-07-23T19:13:55:  mode ......................: ql
2019-07-23T19:13:55:  logfile ...................: ctlike.log
2019-07-23T19:13:55: 
2019-07-23T19:13:55: +===================+
2019-07-23T19:13:55: | Input observation |
2019-07-23T19:13:55: +===================+
2019-07-23T19:13:55: === GObservations ===
2019-07-23T19:13:55:  Number of observations ....: 1
2019-07-23T19:13:55:  Number of models ..........: 2
2019-07-23T19:13:55:  Number of observed events .: 309333
2019-07-23T19:13:55:  Number of predicted events : 0
2019-07-23T19:13:55: === GCTAObservation ===
2019-07-23T19:13:55:  Name ......................: 
2019-07-23T19:13:55:  Identifier ................: 000001
2019-07-23T19:13:55:  Instrument ................: CTA
2019-07-23T19:13:55:  Event file ................: /cta/carli/CPPM_Internship/Simulations_and_Analyses/minus_gradient_EDisp_South_z40_50h/source3a/obs_cube.fits
2019-07-23T19:13:55:  Event type ................: CountsCube
2019-07-23T19:13:55:  Statistic .................: cstat
2019-07-23T19:13:55:  Ontime ....................: 144000 s
2019-07-23T19:13:55:  Livetime ..................: 141120 s
2019-07-23T19:13:55:  Deadtime correction .......: 0.98
2019-07-23T19:13:55:  User energy range .........: undefined
2019-07-23T19:13:55: === GCTAPointing ===
2019-07-23T19:13:55:  Pointing direction ........: (RA,Dec)=(84.1331,22.0145)
2019-07-23T19:13:55: === GCTAResponseCube ===
2019-07-23T19:13:55:  Energy dispersion .........: Used
2019-07-23T19:13:55: === GCTACubeExposure ===
2019-07-23T19:13:55:  Filename ..................: /cta/carli/CPPM_Internship/Simulations_and_Analyses/minus_gradient_EDisp_South_z40_50h/source3a/exposure_cube.fits
2019-07-23T19:13:55:  Livetime ..................: 141120 sec
2019-07-23T19:13:55: === GEnergies ===
2019-07-23T19:13:55:  Number of energies ........: 33
2019-07-23T19:13:55: === GGti ===
2019-07-23T19:13:55:  Number of intervals .......: 1
2019-07-23T19:13:55:  Ontime ....................: 144000 sec
2019-07-23T19:13:55:  Elapsed time ..............: 144000 sec
2019-07-23T19:13:55:  MJD range .................: 51544.5 - 51546.1666666667 s (TT)
2019-07-23T19:13:55:  UTC range .................: 2000-01-01T11:58:56 - 2000-01-03T03:58:56 s (TT)
2019-07-23T19:13:55:  Reference MJD .............: 51544.5
2019-07-23T19:13:55: === GSkyMap ===
2019-07-23T19:13:55:  Number of pixels ..........: 6400
2019-07-23T19:13:55:  X axis dimension ..........: 80
2019-07-23T19:13:55:  Y axis dimension ..........: 80
2019-07-23T19:13:55:  Number of maps ............: 33
2019-07-23T19:13:55:  Shape of maps .............: (33)
2019-07-23T19:13:55: === GCTACubePsf ===
2019-07-23T19:13:55:  Filename ..................: /cta/carli/CPPM_Internship/Simulations_and_Analyses/minus_gradient_EDisp_South_z40_50h/source3a/PSF_cube.fits
2019-07-23T19:13:55: === GEnergies ===
2019-07-23T19:13:55:  Number of energies ........: 33
2019-07-23T19:13:55:  Number of delta bins ......: 200
2019-07-23T19:13:55:  Delta range ...............: 1.875e-06 - 0.298501875 deg
2019-07-23T19:13:55: === GSkyMap ===
2019-07-23T19:13:55:  Number of pixels ..........: 1
2019-07-23T19:13:55:  X axis dimension ..........: 1
2019-07-23T19:13:55:  Y axis dimension ..........: 1
2019-07-23T19:13:55:  Number of maps ............: 6600
2019-07-23T19:13:55:  Shape of maps .............: (200, 33)
2019-07-23T19:13:55: === GCTACubeEdisp ===
2019-07-23T19:13:55:  Filename ..................: /cta/carli/CPPM_Internship/Simulations_and_Analyses/minus_gradient_EDisp_South_z40_50h/source3a/edisp_cube.fits
2019-07-23T19:13:55: === GEnergies ===
2019-07-23T19:13:55:  Number of energies ........: 33
2019-07-23T19:13:55:  Number of migra bins ......: 100
2019-07-23T19:13:55:  Migra range ...............: 0.02 - 2
2019-07-23T19:13:55: === GSkyMap ===
2019-07-23T19:13:55:  Number of pixels ..........: 1
2019-07-23T19:13:55:  X axis dimension ..........: 1
2019-07-23T19:13:55:  Y axis dimension ..........: 1
2019-07-23T19:13:55:  Number of maps ............: 3300
2019-07-23T19:13:55:  Shape of maps .............: (100, 33)
2019-07-23T19:13:55: === GCTACubeBackground ===
2019-07-23T19:13:55:  Filename ..................: /cta/carli/CPPM_Internship/Simulations_and_Analyses/minus_gradient_EDisp_South_z40_50h/source3a/background_cube.fits
2019-07-23T19:13:55: === GEbounds ===
2019-07-23T19:13:55:  Number of intervals .......: 32
2019-07-23T19:13:55:  Energy range ..............: 100 GeV - 199.526229858398 TeV
2019-07-23T19:13:55: === GSkyMap ===
2019-07-23T19:13:55:  Number of pixels ..........: 6400
2019-07-23T19:13:55:  X axis dimension ..........: 80
2019-07-23T19:13:55:  Y axis dimension ..........: 80
2019-07-23T19:13:55:  Number of maps ............: 32
2019-07-23T19:13:55:  Shape of maps .............: (32)
2019-07-23T19:13:55: === GCTAResponseCache ===
2019-07-23T19:13:55:  Number of cached values ...: 0
2019-07-23T19:13:55: === GCTAEventCube ===
2019-07-23T19:13:55:  Number of events ..........: 309333
2019-07-23T19:13:55:  Number of elements ........: 204800
2019-07-23T19:13:55:  Number of pixels ..........: 6400
2019-07-23T19:13:55:  Number of energy bins .....: 32
2019-07-23T19:13:55:  Time interval .............: 51544.5 - 51546.1666666667 days
2019-07-23T19:13:55:  Pointing ..................: (RA,Dec)=(84.1331,22.0145)
2019-07-23T19:13:55: === GEbounds ===
2019-07-23T19:13:55:  Number of intervals .......: 32
2019-07-23T19:13:55:  Energy range ..............: 100 GeV - 199.526229858398 TeV
2019-07-23T19:13:55: === GSkyMap ===
2019-07-23T19:13:55:  Number of pixels ..........: 6400
2019-07-23T19:13:55:  X axis dimension ..........: 80
2019-07-23T19:13:55:  Y axis dimension ..........: 80
2019-07-23T19:13:55:  Number of maps ............: 32
2019-07-23T19:13:55:  Shape of maps .............: (32)
2019-07-23T19:13:55: === GSkyRegions ===
2019-07-23T19:13:55:  Number of regions .........: 0
2019-07-23T19:13:55: === GModels ===
2019-07-23T19:13:55:  Number of models ..........: 2
2019-07-23T19:13:55:  Number of parameters ......: 11
2019-07-23T19:13:55: === GModelSky ===
2019-07-23T19:13:55:  Name ......................: source3a
2019-07-23T19:13:55:  Instruments ...............: all
2019-07-23T19:13:55:  Test Statistic ............: Computation requested
2019-07-23T19:13:55:  Observation identifiers ...: all
2019-07-23T19:13:55:  Model type ................: PointSource
2019-07-23T19:13:55:  Model components ..........: "PointSource" * "ExponentialCutoffPowerLaw" * "Constant"
2019-07-23T19:13:55:  Number of parameters ......: 7
2019-07-23T19:13:55:  Number of spatial par's ...: 2
2019-07-23T19:13:55:   RA .......................: 83.6331 [-360,360] deg (fixed,scale=1)
2019-07-23T19:13:55:   DEC ......................: 22.0145 [-90,90] deg (fixed,scale=1)
2019-07-23T19:13:55:  Number of spectral par's ..: 4
2019-07-23T19:13:55:   Prefactor ................: 7.6e-19 +/- 0 [1e-26,1e-16] ph/cm2/s/MeV (free,scale=1e-19,gradient)
2019-07-23T19:13:55:   Index ....................: -2 +/- 0 [-0,-5]  (free,scale=-1,gradient)
2019-07-23T19:13:55:   CutoffEnergy .............: 200000000 +/- 0 [1000000,100000000000] MeV (free,scale=100000000,gradient)
2019-07-23T19:13:55:   PivotEnergy ..............: 1000000 [10000,1000000000] MeV (fixed,scale=1000000,gradient)
2019-07-23T19:13:55:  Number of temporal par's ..: 1
2019-07-23T19:13:55:   Normalization ............: 1 (relative value) (fixed,scale=1,gradient)
2019-07-23T19:13:55:  Number of scale par's .....: 0
2019-07-23T19:13:55: === GCTAModelCubeBackground ===
2019-07-23T19:13:55:  Name ......................: BackgroundModel
2019-07-23T19:13:55:  Instruments ...............: CTA, HESS, MAGIC, VERITAS
2019-07-23T19:13:55:  Observation identifiers ...: all
2019-07-23T19:13:55:  Model type ................: "PowerLaw" * "Constant"
2019-07-23T19:13:55:  Number of parameters ......: 4
2019-07-23T19:13:55:  Number of spectral par's ..: 3
2019-07-23T19:13:55:   Prefactor ................: 1 +/- 0 [0.01,100] ph/cm2/s/MeV (free,scale=1,gradient)
2019-07-23T19:13:55:   Index ....................: 0 +/- 0 [-5,5]  (free,scale=1,gradient)
2019-07-23T19:13:55:   PivotEnergy ..............: 1000000 MeV (fixed,scale=1000000,gradient)
2019-07-23T19:13:55:  Number of temporal par's ..: 1
2019-07-23T19:13:55:   Normalization ............: 1 (relative value) (fixed,scale=1,gradient)
2019-07-23T19:13:55: 
2019-07-23T19:13:55: +=================================+
2019-07-23T19:13:55: | Maximum likelihood optimisation |
2019-07-23T19:13:55: +=================================+
2019-07-23T19:14:27:  >Iteration   0: -logL=-292595.063, Lambda=1.0e-03
2019-07-23T19:14:56:  >Iteration   1: -logL=-293044.104, Lambda=1.0e-03, delta=449.042, step=1.0e+00, max(|grad|)=4758.777713 [Index:8]
2019-07-23T19:15:25:  >Iteration   2: -logL=-293059.098, Lambda=1.0e-04, delta=14.994, step=1.0e+00, max(|grad|)=-116.865622 [Index:8]
2019-07-23T19:15:55:  >Iteration   3: -logL=-293059.767, Lambda=1.0e-05, delta=0.669, step=1.0e+00, max(|grad|)=61.717264 [Index:3]
2019-07-23T19:16:24:  >Iteration   4: -logL=-293059.992, Lambda=1.0e-06, delta=0.225, step=1.0e+00, max(|grad|)=50.354802 [Index:3]
2019-07-23T19:16:53:  >Iteration   5: -logL=-293060.048, Lambda=1.0e-07, delta=0.056, step=1.0e+00, max(|grad|)=47.195024 [Index:3]
2019-07-23T19:16:53:    Parameter "CutoffEnergy" drives optimization step (step=0.00199609)
2019-07-23T19:17:23:  >Iteration   6: -logL=-293060.049, Lambda=1.0e-08, delta=0.001, step=2.0e-03, max(|grad|)=47.118590 [Index:3]
2019-07-23T19:17:23:    Parameter "CutoffEnergy" does not drive optimization step anymore.
2019-07-23T19:17:23:    Parameter "CutoffEnergy" hits maximum: 94130 > 1000 (1)
2019-07-23T19:17:52:   Iteration   7: -logL=-293060.046, Lambda=1.0e-09, delta=-0.003, step=1.0e+00, max(|grad|)=47.620756 [Index:3] (stalled)
2019-07-23T19:17:52:    Parameter "CutoffEnergy" hits maximum: 94092.7 > 1000 (2)
2019-07-23T19:18:21:  >Iteration   8: -logL=-293060.046, Lambda=1.0e-08, delta=0.000, step=1.0e+00, max(|grad|)=47.609005 [Index:3]
2019-07-23T19:18:21:  
2019-07-23T19:18:21:  +==================+
2019-07-23T19:18:21:  | Curvature matrix |
2019-07-23T19:18:21:  +==================+
2019-07-23T19:18:21:  === GMatrixSparse ===
2019-07-23T19:18:21:   Number of rows ............: 11
2019-07-23T19:18:21:   Number of columns .........: 11
2019-07-23T19:18:21:   Number of nonzero elements : 25
2019-07-23T19:18:21:   Number of allocated cells .: 537
2019-07-23T19:18:21:   Memory block size .........: 512
2019-07-23T19:18:21:   Sparse matrix fill ........: 0.206611570247934
2019-07-23T19:18:21:   Pending element ...........: 0
2019-07-23T19:18:21:   Fill stack size ...........: 0 (none)
2019-07-23T19:18:21:   0, 0, 0, 0, 0, 0, 0, 0, 0, 0, 0
2019-07-23T19:18:21:   0, 0, 0, 0, 0, 0, 0, 0, 0, 0, 0
2019-07-23T19:18:21:   0, 0, 65.8599902295749, -220.570158881139, 2.43965054179807e-05, 0, 0, 236.485327723478, -348.805262911666, 0, 0
2019-07-23T19:18:21:   0, 0, -220.570158881139, 8040.99665289306, -0.000511413450094147, 0, 0, 2355.82492340183, -4767.29581390977, 0, 0
2019-07-23T19:18:21:   0, 0, 2.43965054179807e-05, -0.000511413450094147, 6.88938643451253e-11, 0, 0, 8.56280110729236e-06, 2.93453091221404e-06, 0, 0
2019-07-23T19:18:21:   0, 0, 0, 0, 0, 0, 0, 0, 0, 0, 0
2019-07-23T19:18:21:   0, 0, 0, 0, 0, 0, 0, 0, 0, 0, 0
2019-07-23T19:18:21:   0, 0, 236.485327723478, 2355.82492340183, 8.56280110729237e-06, 0, 0, 238698.356346995, -410142.837511792, 0, 0
2019-07-23T19:18:21:   0, 0, -348.805262911665, -4767.29581390977, 2.93453091221404e-06, 0, 0, -410142.837511791, 854034.582671799, 0, 0
2019-07-23T19:18:21:   0, 0, 0, 0, 0, 0, 0, 0, 0, 0, 0
2019-07-23T19:18:21:   0, 0, 0, 0, 0, 0, 0, 0, 0, 0, 0
2019-07-23T19:18:51: 
2019-07-23T19:18:51: +====================================+
2019-07-23T19:18:51: | Maximum likelihood re-optimisation |
2019-07-23T19:18:51: +====================================+
2019-07-23T19:18:51:  >Iteration   0: -logL=-285052.567, Lambda=1.0e-03
2019-07-23T19:18:52:  >Iteration   1: -logL=-285270.115, Lambda=1.0e-03, delta=217.548, step=1.0e+00, max(|grad|)=2114.753783 [Index:1]
2019-07-23T19:18:53:  >Iteration   2: -logL=-285272.850, Lambda=1.0e-04, delta=2.735, step=1.0e+00, max(|grad|)=-13.160607 [Index:1]
2019-07-23T19:18:53:  >Iteration   3: -logL=-285272.850, Lambda=1.0e-05, delta=0.001, step=1.0e+00, max(|grad|)=1.788113 [Index:1]
2019-07-23T19:18:53: 
2019-07-23T19:18:53: +============================================+
2019-07-23T19:18:53: | Maximum likelihood re-optimisation results |
2019-07-23T19:18:53: +============================================+
2019-07-23T19:18:53: === GOptimizerLM ===
2019-07-23T19:18:53:  Optimized function value ..: -285272.850
2019-07-23T19:18:53:  Absolute precision ........: 0.005
2019-07-23T19:18:53:  Acceptable value decrease .: 2
2019-07-23T19:18:53:  Optimization status .......: converged
2019-07-23T19:18:53:  Number of parameters ......: 4
2019-07-23T19:18:53:  Number of free parameters .: 2
2019-07-23T19:18:53:  Number of iterations ......: 3
2019-07-23T19:18:53:  Lambda ....................: 1e-06
2019-07-23T19:18:53: 
2019-07-23T19:18:53: +=========================================+
2019-07-23T19:18:53: | Maximum likelihood optimisation results |
2019-07-23T19:18:53: +=========================================+
2019-07-23T19:18:53: === GOptimizerLM ===
2019-07-23T19:18:53:  Optimized function value ..: -293060.046
2019-07-23T19:18:53:  Absolute precision ........: 0.005
2019-07-23T19:18:53:  Acceptable value decrease .: 2
2019-07-23T19:18:53:  Optimization status .......: converged
2019-07-23T19:18:53:  Number of parameters ......: 11
2019-07-23T19:18:53:  Number of free parameters .: 5
2019-07-23T19:18:53:  Number of iterations ......: 8
2019-07-23T19:18:53:  Lambda ....................: 1e-09
2019-07-23T19:18:53:  Maximum log likelihood ....: 293060.046
2019-07-23T19:18:53:  Observed events  (Nobs) ...: 309333.000
2019-07-23T19:18:53:  Predicted events (Npred) ..: 307549.062 (Nobs - Npred = 1783.93773868599)
2019-07-23T19:18:53: === GModels ===
2019-07-23T19:18:53:  Number of models ..........: 2
2019-07-23T19:18:53:  Number of parameters ......: 11
2019-07-23T19:18:53: === GModelSky ===
2019-07-23T19:18:53:  Name ......................: source3a
2019-07-23T19:18:53:  Instruments ...............: all
2019-07-23T19:18:53:  Test Statistic ............: 15574.3916558311
2019-07-23T19:18:53:  Observation identifiers ...: all
2019-07-23T19:18:53:  Model type ................: PointSource
2019-07-23T19:18:53:  Model components ..........: "PointSource" * "ExponentialCutoffPowerLaw" * "Constant"
2019-07-23T19:18:53:  Number of parameters ......: 7
2019-07-23T19:18:53:  Number of spatial par's ...: 2
2019-07-23T19:18:53:   RA .......................: 83.6331 [-360,360] deg (fixed,scale=1)
2019-07-23T19:18:53:   DEC ......................: 22.0145 [-90,90] deg (fixed,scale=1)
2019-07-23T19:18:53:  Number of spectral par's ..: 4
2019-07-23T19:18:53:   Prefactor ................: 7.50470743120344e-19 +/- 1.32962902805783e-20 [1e-26,1e-16] ph/cm2/s/MeV (free,scale=1e-19,gradient)
2019-07-23T19:18:53:   Index ....................: -2.04567567118948 +/- 0.0154535260447793 [-0,-5]  (free,scale=-1,gradient)
2019-07-23T19:18:53:   CutoffEnergy .............: 100000000000 +/- 17021549244648.7 [1000000,100000000000] MeV (free,scale=100000000,gradient)
2019-07-23T19:18:53:   PivotEnergy ..............: 1000000 [10000,1000000000] MeV (fixed,scale=1000000,gradient)
2019-07-23T19:18:53:  Number of temporal par's ..: 1
2019-07-23T19:18:53:   Normalization ............: 1 (relative value) (fixed,scale=1,gradient)
2019-07-23T19:18:53:  Number of scale par's .....: 0
2019-07-23T19:18:53: === GCTAModelCubeBackground ===
2019-07-23T19:18:53:  Name ......................: BackgroundModel
2019-07-23T19:18:53:  Instruments ...............: CTA, HESS, MAGIC, VERITAS
2019-07-23T19:18:53:  Observation identifiers ...: all
2019-07-23T19:18:53:  Model type ................: "PowerLaw" * "Constant"
2019-07-23T19:18:53:  Number of parameters ......: 4
2019-07-23T19:18:53:  Number of spectral par's ..: 3
2019-07-23T19:18:53:   Prefactor ................: 1.12085257509089 +/- 0.00490020405076127 [0.01,100] ph/cm2/s/MeV (free,scale=1,gradient)
2019-07-23T19:18:53:   Index ....................: 0.0747738505480278 +/- 0.00258903520004259 [-5,5]  (free,scale=1,gradient)
2019-07-23T19:18:53:   PivotEnergy ..............: 1000000 MeV (fixed,scale=1000000,gradient)
2019-07-23T19:18:53:  Number of temporal par's ..: 1
2019-07-23T19:18:53:   Normalization ............: 1 (relative value) (fixed,scale=1,gradient)
2019-07-23T19:18:53: 
2019-07-23T19:18:53: +==============+
2019-07-23T19:18:53: | Save results |
2019-07-23T19:18:53: +==============+
2019-07-23T19:18:53:  Model definition file .....: /cta/carli/CPPM_Internship/Simulations_and_Analyses/minus_gradient_EDisp_South_z40_50h/source3a/obsmodel_binned.xml
2019-07-23T19:18:53:  Covariance matrix file ....: NONE
2019-07-23T19:18:53: 
2019-07-23T19:18:53: Application "ctlike" terminated after 299 wall clock seconds, consuming 307.75 seconds of CPU time.
