2019-07-23T14:22:10: ********************************************************************************
2019-07-23T14:22:10: *                                   ctskymap                                   *
2019-07-23T14:22:10: * ---------------------------------------------------------------------------- *
2019-07-23T14:22:10: * Version: 1.6.0                                                               *
2019-07-23T14:22:10: ********************************************************************************
2019-07-23T14:22:10: +============+
2019-07-23T14:22:10: | Parameters |
2019-07-23T14:22:10: +============+
2019-07-23T14:22:10:  inobs .....................: /cta/carli/CPPM_Internship/Simulations_and_Analyses/minus_gradient_EDisp_South_z40_50h/source3a/obs.fits
2019-07-23T14:22:10:  caldb .....................: prod3b-v2
2019-07-23T14:22:10:  irf .......................: minus_gradient_EDisp_South_z40_50h
2019-07-23T14:22:10:  inmap .....................: NONE
2019-07-23T14:22:10:  outmap ....................: /cta/carli/CPPM_Internship/Simulations_and_Analyses/minus_gradient_EDisp_South_z40_50h/source3a/skymap.fits
2019-07-23T14:22:10:  emin ......................: 0.1
2019-07-23T14:22:10:  emax ......................: 199.526229858398
2019-07-23T14:22:10:  usepnt ....................: yes
2019-07-23T14:22:10:  nxpix .....................: 80
2019-07-23T14:22:10:  nypix .....................: 80
2019-07-23T14:22:10:  binsz .....................: 0.02
2019-07-23T14:22:10:  coordsys ..................: CEL
2019-07-23T14:22:10:  proj ......................: CAR
2019-07-23T14:22:10:  xref ......................: [not queried]
2019-07-23T14:22:10:  yref ......................: [not queried]
2019-07-23T14:22:10:  bkgsubtract ...............: NONE
2019-07-23T14:22:10:  roiradius .................: [not queried]
2019-07-23T14:22:10:  inradius ..................: [not queried]
2019-07-23T14:22:10:  outradius .................: [not queried]
2019-07-23T14:22:10:  iterations ................: [not queried]
2019-07-23T14:22:10:  threshold .................: [not queried]
2019-07-23T14:22:10:  inexclusion ...............: NONE
2019-07-23T14:22:10:  usefft ....................: yes
2019-07-23T14:22:10:  publish ...................: no
2019-07-23T14:22:10:  chatter ...................: 4
2019-07-23T14:22:10:  clobber ...................: yes
2019-07-23T14:22:10:  debug .....................: no
2019-07-23T14:22:10:  mode ......................: ql
2019-07-23T14:22:10:  logfile ...................: ctskymap.log
2019-07-23T14:22:10: 
2019-07-23T14:22:10: +===================+
2019-07-23T14:22:10: | Input observation |
2019-07-23T14:22:10: +===================+
2019-07-23T14:22:10: === GObservations ===
2019-07-23T14:22:10:  Number of observations ....: 1
2019-07-23T14:22:10:  Number of models ..........: 0
2019-07-23T14:22:10:  Number of observed events .: 309335
2019-07-23T14:22:10:  Number of predicted events : 0
2019-07-23T14:22:10: === GCTAObservation ===
2019-07-23T14:22:10:  Name ......................: 
2019-07-23T14:22:10:  Identifier ................: 000001
2019-07-23T14:22:10:  Instrument ................: CTA
2019-07-23T14:22:10:  Event file ................: /cta/carli/CPPM_Internship/Simulations_and_Analyses/minus_gradient_EDisp_South_z40_50h/source3a/obs.fits
2019-07-23T14:22:10:  Event type ................: EventList
2019-07-23T14:22:10:  Statistic .................: cstat
2019-07-23T14:22:10:  Ontime ....................: 144000 s
2019-07-23T14:22:10:  Livetime ..................: 141120 s
2019-07-23T14:22:10:  Deadtime correction .......: 0.98
2019-07-23T14:22:10:  User energy range .........: undefined
2019-07-23T14:22:10: === GCTAPointing ===
2019-07-23T14:22:10:  Pointing direction ........: (RA,Dec)=(84.1331,22.0145)
2019-07-23T14:22:10:  Response function .........: undefined
2019-07-23T14:22:10: === GCTAEventList ===
2019-07-23T14:22:10:  Number of events ..........: 309335 (disposed in "/cta/carli/CPPM_Internship/Simulations_and_Analyses/minus_gradient_EDisp_South_z40_50h/source3a/obs.fits")
2019-07-23T14:22:10:  Time interval .............: 51544.5 - 51546.1666666667 days
2019-07-23T14:22:10: === GEbounds ===
2019-07-23T14:22:10:  Number of intervals .......: 1
2019-07-23T14:22:10:  Energy range ..............: 100 GeV - 199.526229858398 TeV
2019-07-23T14:22:10: === GCTARoi ===
2019-07-23T14:22:10:  RoI centre ................: RA=84.1331, DEC=22.0145 [0,0]
2019-07-23T14:22:10:  RoI radius ................: 0.8 deg
2019-07-23T14:22:10: === GSkyRegions ===
2019-07-23T14:22:10:  Number of regions .........: 0
2019-07-23T14:22:10: === GModels ===
2019-07-23T14:22:10:  Number of models ..........: 0
2019-07-23T14:22:10:  Number of parameters ......: 0
2019-07-23T14:22:10: 
2019-07-23T14:22:10: +===========================+
2019-07-23T14:22:10: | Find unbinned observation |
2019-07-23T14:22:10: +===========================+
2019-07-23T14:22:10: === CTA observation (id=000001) ===
2019-07-23T14:22:10:  Including unbinned CTA observation
2019-07-23T14:22:10: 
2019-07-23T14:22:10: +===========================+
2019-07-23T14:22:10: | Fill map from observation |
2019-07-23T14:22:10: +===========================+
2019-07-23T14:22:10: === CTA observation (id=000001) ===
2019-07-23T14:22:10:  Events in list ............: 309335
2019-07-23T14:22:10:  Events in map .............: 309334
2019-07-23T14:22:10:  Events outside RoI ........: 1
2019-07-23T14:22:10:  Events outside map area ...: 0
2019-07-23T14:22:10:  Events outside energies ...: 0
2019-07-23T14:22:10: 
2019-07-23T14:22:10: +=========+
2019-07-23T14:22:10: | Sky map |
2019-07-23T14:22:10: +=========+
2019-07-23T14:22:10: === GSkyMap ===
2019-07-23T14:22:10:  Number of pixels ..........: 6400
2019-07-23T14:22:10:  X axis dimension ..........: 80
2019-07-23T14:22:10:  Y axis dimension ..........: 80
2019-07-23T14:22:10:  Number of maps ............: 1
2019-07-23T14:22:10:  Shape of maps .............: (1)
2019-07-23T14:22:10: === GWcsCAR ===
2019-07-23T14:22:10:  Number of axes ............: 2
2019-07-23T14:22:10:  Longitude axis ............: 0
2019-07-23T14:22:10:  Latitude axis .............: 1
2019-07-23T14:22:10:  Spectral axis .............: -1
2019-07-23T14:22:10:  Coodinate system ..........: EQU
2019-07-23T14:22:10:  Projection code ...........: CAR
2019-07-23T14:22:10:  Projection name ...........: plate carree
2019-07-23T14:22:10:  Radius of the gen. sphere .: 57.2957795130823 deg
2019-07-23T14:22:10:  Reference coordinate ......: (84.1331, 22.0145)
2019-07-23T14:22:10:  Reference pixel ...........: (40.5, 40.5)
2019-07-23T14:22:10:  Increment at reference ....: (-0.02, 0.02)
2019-07-23T14:22:10:  (Phi_0, Theta_0) ..........: (0, 0) deg
2019-07-23T14:22:10:  (Phi_p, Theta_p) ..........: (0, 67.9855) deg
2019-07-23T14:22:10:  LATPOLE keyword usage .....: Required to select between two valid solutions of Theta_p.
2019-07-23T14:22:10:  Reference vector (m_ref) ..: (84.1331, 22.0145, 0, 67.9855) deg
2019-07-23T14:22:10:  Euler angles ..............: (264.1331 deg, 22.0145 deg, 0 deg, 0.927089022159083, 0.374841226377402)
2019-07-23T14:22:10:  Latitude preserved ........: False
2019-07-23T14:22:10:  Unity PC matrix ...........: True
2019-07-23T14:22:10:  Pixel-to-image trafo ......: ()
2019-07-23T14:22:10:  Image-to-pixel trafo ......: ()
2019-07-23T14:22:10:  Strict bounds checking ....: True
2019-07-23T14:22:10:  Use fiducial offset .......: False
2019-07-23T14:22:10:  Fiducial offset ...........: (0, 0)
2019-07-23T14:22:10:  Rest frequency ............: UNDEFINED
2019-07-23T14:22:10:  Rest wavelength ...........: UNDEFINED
2019-07-23T14:22:10: 
2019-07-23T14:22:10: +==============+
2019-07-23T14:22:10: | Compute maps |
2019-07-23T14:22:10: +==============+
2019-07-23T14:22:10: 
2019-07-23T14:22:10: +==============+
2019-07-23T14:22:10: | Save sky map |
2019-07-23T14:22:10: +==============+
2019-07-23T14:22:10:  Sky map file ..............: /cta/carli/CPPM_Internship/Simulations_and_Analyses/minus_gradient_EDisp_South_z40_50h/source3a/skymap.fits
2019-07-23T14:22:10: 
2019-07-23T14:22:10: Application "ctskymap" terminated after 0 wall clock seconds, consuming 0.85 seconds of CPU time. This was rather quick!
