2019-07-25T09:28:35: ********************************************************************************
2019-07-25T09:28:35: *                                    cterror                                   *
2019-07-25T09:28:35: * ---------------------------------------------------------------------------- *
2019-07-25T09:28:35: * Version: 1.6.0                                                               *
2019-07-25T09:28:35: ********************************************************************************
2019-07-25T09:28:35: +============+
2019-07-25T09:28:35: | Parameters |
2019-07-25T09:28:35: +============+
2019-07-25T09:28:35:  inobs .....................: /cta/carli/CPPM_Internship/Simulations_and_Analyses/plus_gradient_AEff_South_z40_50h/source1b/obs_cube.fits
2019-07-25T09:28:35:  inmodel ...................: /cta/carli/CPPM_Internship/Simulations_and_Analyses/plus_gradient_AEff_South_z40_50h/source1b/obsmodel_binned.xml
2019-07-25T09:28:35:  srcname ...................: source1b
2019-07-25T09:28:35:  expcube ...................: /cta/carli/CPPM_Internship/Simulations_and_Analyses/plus_gradient_AEff_South_z40_50h/source1b/exposure_cube.fits
2019-07-25T09:28:35:  psfcube ...................: /cta/carli/CPPM_Internship/Simulations_and_Analyses/plus_gradient_AEff_South_z40_50h/source1b/PSF_cube.fits
2019-07-25T09:28:35:  edispcube .................: /cta/carli/CPPM_Internship/Simulations_and_Analyses/plus_gradient_AEff_South_z40_50h/source1b/edisp_cube.fits
2019-07-25T09:28:35:  bkgcube ...................: /cta/carli/CPPM_Internship/Simulations_and_Analyses/plus_gradient_AEff_South_z40_50h/source1b/background_cube.fits
2019-07-25T09:28:35:  caldb .....................: prod3b-v2
2019-07-25T09:28:35:  irf .......................: plus_gradient_AEff_South_z40_50h
2019-07-25T09:28:35:  edisp .....................: yes
2019-07-25T09:28:35:  outmodel ..................: 
2019-07-25T09:28:35:  confidence ................: 0.68
2019-07-25T09:28:35:  tol .......................: 1e-3
2019-07-25T09:28:35:  statistic .................: DEFAULT
2019-07-25T09:28:35:  like_accuracy .............: 0.005
2019-07-25T09:28:35:  max_iter ..................: 50
2019-07-25T09:28:35:  nthreads ..................: 0
2019-07-25T09:28:35:  chatter ...................: 4
2019-07-25T09:28:35:  clobber ...................: yes
2019-07-25T09:28:35:  debug .....................: no
2019-07-25T09:28:35:  mode ......................: ql
2019-07-25T09:28:35:  logfile ...................: cterror68.log
2019-07-25T09:28:35: 
2019-07-25T09:28:35: +===================+
2019-07-25T09:28:35: | Input observation |
2019-07-25T09:28:35: +===================+
2019-07-25T09:28:35: === GObservations ===
2019-07-25T09:28:35:  Number of observations ....: 1
2019-07-25T09:28:35:  Number of models ..........: 2
2019-07-25T09:28:35:  Number of observed events .: 314538
2019-07-25T09:28:35:  Number of predicted events : 0
2019-07-25T09:28:35: === GCTAObservation ===
2019-07-25T09:28:35:  Name ......................: 
2019-07-25T09:28:35:  Identifier ................: 000001
2019-07-25T09:28:35:  Instrument ................: CTA
2019-07-25T09:28:35:  Event file ................: /cta/carli/CPPM_Internship/Simulations_and_Analyses/plus_gradient_AEff_South_z40_50h/source1b/obs_cube.fits
2019-07-25T09:28:35:  Event type ................: CountsCube
2019-07-25T09:28:35:  Statistic .................: cstat
2019-07-25T09:28:35:  Ontime ....................: 144000 s
2019-07-25T09:28:35:  Livetime ..................: 141120 s
2019-07-25T09:28:35:  Deadtime correction .......: 0.98
2019-07-25T09:28:35:  User energy range .........: undefined
2019-07-25T09:28:35: === GCTAPointing ===
2019-07-25T09:28:35:  Pointing direction ........: (RA,Dec)=(84.1331,22.0145)
2019-07-25T09:28:35: === GCTAResponseCube ===
2019-07-25T09:28:35:  Energy dispersion .........: Used
2019-07-25T09:28:35: === GCTACubeExposure ===
2019-07-25T09:28:35:  Filename ..................: /cta/carli/CPPM_Internship/Simulations_and_Analyses/plus_gradient_AEff_South_z40_50h/source1b/exposure_cube.fits
2019-07-25T09:28:35:  Livetime ..................: 141120 sec
2019-07-25T09:28:35: === GEnergies ===
2019-07-25T09:28:35:  Number of energies ........: 33
2019-07-25T09:28:35: === GGti ===
2019-07-25T09:28:35:  Number of intervals .......: 1
2019-07-25T09:28:35:  Ontime ....................: 144000 sec
2019-07-25T09:28:35:  Elapsed time ..............: 144000 sec
2019-07-25T09:28:35:  MJD range .................: 51544.5 - 51546.1666666667 s (TT)
2019-07-25T09:28:35:  UTC range .................: 2000-01-01T11:58:56 - 2000-01-03T03:58:56 s (TT)
2019-07-25T09:28:35:  Reference MJD .............: 51544.5
2019-07-25T09:28:35: === GSkyMap ===
2019-07-25T09:28:35:  Number of pixels ..........: 6400
2019-07-25T09:28:35:  X axis dimension ..........: 80
2019-07-25T09:28:35:  Y axis dimension ..........: 80
2019-07-25T09:28:35:  Number of maps ............: 33
2019-07-25T09:28:35:  Shape of maps .............: (33)
2019-07-25T09:28:35: === GCTACubePsf ===
2019-07-25T09:28:35:  Filename ..................: /cta/carli/CPPM_Internship/Simulations_and_Analyses/plus_gradient_AEff_South_z40_50h/source1b/PSF_cube.fits
2019-07-25T09:28:35: === GEnergies ===
2019-07-25T09:28:35:  Number of energies ........: 33
2019-07-25T09:28:35:  Number of delta bins ......: 200
2019-07-25T09:28:35:  Delta range ...............: 1.875e-06 - 0.298501875 deg
2019-07-25T09:28:35: === GSkyMap ===
2019-07-25T09:28:35:  Number of pixels ..........: 1
2019-07-25T09:28:35:  X axis dimension ..........: 1
2019-07-25T09:28:35:  Y axis dimension ..........: 1
2019-07-25T09:28:35:  Number of maps ............: 6600
2019-07-25T09:28:35:  Shape of maps .............: (200, 33)
2019-07-25T09:28:35: === GCTACubeEdisp ===
2019-07-25T09:28:35:  Filename ..................: /cta/carli/CPPM_Internship/Simulations_and_Analyses/plus_gradient_AEff_South_z40_50h/source1b/edisp_cube.fits
2019-07-25T09:28:35: === GEnergies ===
2019-07-25T09:28:35:  Number of energies ........: 33
2019-07-25T09:28:35:  Number of migra bins ......: 100
2019-07-25T09:28:35:  Migra range ...............: 0.02 - 2
2019-07-25T09:28:35: === GSkyMap ===
2019-07-25T09:28:35:  Number of pixels ..........: 1
2019-07-25T09:28:35:  X axis dimension ..........: 1
2019-07-25T09:28:35:  Y axis dimension ..........: 1
2019-07-25T09:28:35:  Number of maps ............: 3300
2019-07-25T09:28:35:  Shape of maps .............: (100, 33)
2019-07-25T09:28:35: === GCTACubeBackground ===
2019-07-25T09:28:35:  Filename ..................: /cta/carli/CPPM_Internship/Simulations_and_Analyses/plus_gradient_AEff_South_z40_50h/source1b/background_cube.fits
2019-07-25T09:28:35: === GEbounds ===
2019-07-25T09:28:35:  Number of intervals .......: 32
2019-07-25T09:28:35:  Energy range ..............: 100 GeV - 199.526229858398 TeV
2019-07-25T09:28:35: === GSkyMap ===
2019-07-25T09:28:35:  Number of pixels ..........: 6400
2019-07-25T09:28:35:  X axis dimension ..........: 80
2019-07-25T09:28:35:  Y axis dimension ..........: 80
2019-07-25T09:28:35:  Number of maps ............: 32
2019-07-25T09:28:35:  Shape of maps .............: (32)
2019-07-25T09:28:35: === GCTAResponseCache ===
2019-07-25T09:28:35:  Number of cached values ...: 0
2019-07-25T09:28:35: === GCTAEventCube ===
2019-07-25T09:28:35:  Number of events ..........: 314538
2019-07-25T09:28:35:  Number of elements ........: 204800
2019-07-25T09:28:35:  Number of pixels ..........: 6400
2019-07-25T09:28:35:  Number of energy bins .....: 32
2019-07-25T09:28:35:  Time interval .............: 51544.5 - 51546.1666666667 days
2019-07-25T09:28:35:  Pointing ..................: (RA,Dec)=(84.1331,22.0145)
2019-07-25T09:28:35: === GEbounds ===
2019-07-25T09:28:35:  Number of intervals .......: 32
2019-07-25T09:28:35:  Energy range ..............: 100 GeV - 199.526229858398 TeV
2019-07-25T09:28:35: === GSkyMap ===
2019-07-25T09:28:35:  Number of pixels ..........: 6400
2019-07-25T09:28:35:  X axis dimension ..........: 80
2019-07-25T09:28:35:  Y axis dimension ..........: 80
2019-07-25T09:28:35:  Number of maps ............: 32
2019-07-25T09:28:35:  Shape of maps .............: (32)
2019-07-25T09:28:35: === GSkyRegions ===
2019-07-25T09:28:35:  Number of regions .........: 0
2019-07-25T09:28:35: === GModels ===
2019-07-25T09:28:35:  Number of models ..........: 2
2019-07-25T09:28:35:  Number of parameters ......: 11
2019-07-25T09:28:35: === GModelSky ===
2019-07-25T09:28:35:  Name ......................: source1b
2019-07-25T09:28:35:  Instruments ...............: all
2019-07-25T09:28:35:  Test Statistic ............: 37618.165
2019-07-25T09:28:35:  Observation identifiers ...: all
2019-07-25T09:28:35:  Model type ................: PointSource
2019-07-25T09:28:35:  Model components ..........: "PointSource" * "ExponentialCutoffPowerLaw" * "Constant"
2019-07-25T09:28:35:  Number of parameters ......: 7
2019-07-25T09:28:35:  Number of spatial par's ...: 2
2019-07-25T09:28:35:   RA .......................: 83.6331 [-360,360] deg (fixed,scale=1)
2019-07-25T09:28:35:   DEC ......................: 22.0145 [-90,90] deg (fixed,scale=1)
2019-07-25T09:28:35:  Number of spectral par's ..: 4
2019-07-25T09:28:35:   Prefactor ................: 1.52372737241547e-18 [1e-25,1e-15] ph/cm2/s/MeV (fixed,scale=1e-18,gradient)
2019-07-25T09:28:35:   Index ....................: -2.02131610034061 [-0,-5]  (fixed,scale=-1,gradient)
2019-07-25T09:28:35:   CutoffEnergy .............: 59181077.4673146 +/- 7390552.46036117 [100000,10000000000] MeV (free,scale=10000000,gradient)
2019-07-25T09:28:35:   PivotEnergy ..............: 1000000 [10000,1000000000] MeV (fixed,scale=1000000,gradient)
2019-07-25T09:28:35:  Number of temporal par's ..: 1
2019-07-25T09:28:35:   Normalization ............: 1 (relative value) (fixed,scale=1,gradient)
2019-07-25T09:28:35:  Number of scale par's .....: 0
2019-07-25T09:28:35: === GCTAModelCubeBackground ===
2019-07-25T09:28:35:  Name ......................: BackgroundModel
2019-07-25T09:28:35:  Instruments ...............: CTA, HESS, MAGIC, VERITAS
2019-07-25T09:28:35:  Observation identifiers ...: all
2019-07-25T09:28:35:  Model type ................: "PowerLaw" * "Constant"
2019-07-25T09:28:35:  Number of parameters ......: 4
2019-07-25T09:28:35:  Number of spectral par's ..: 3
2019-07-25T09:28:35:   Prefactor ................: 0.993018478931787 [0.01,100] ph/cm2/s/MeV (fixed,scale=1,gradient)
2019-07-25T09:28:35:   Index ....................: -0.00326561687414777 [-5,5]  (fixed,scale=1,gradient)
2019-07-25T09:28:35:   PivotEnergy ..............: 1000000 MeV (fixed,scale=1000000,gradient)
2019-07-25T09:28:35:  Number of temporal par's ..: 1
2019-07-25T09:28:35:   Normalization ............: 1 (relative value) (fixed,scale=1,gradient)
2019-07-25T09:28:35: 
2019-07-25T09:28:35: +=============================+
2019-07-25T09:28:35: | Compute best-fit likelihood |
2019-07-25T09:28:35: +=============================+
2019-07-25T09:30:07: === GOptimizerLM ===
2019-07-25T09:30:07:  Optimized function value ..: -318909.581
2019-07-25T09:30:07:  Absolute precision ........: 0.005
2019-07-25T09:30:07:  Acceptable value decrease .: 2
2019-07-25T09:30:07:  Optimization status .......: converged
2019-07-25T09:30:07:  Number of parameters ......: 11
2019-07-25T09:30:07:  Number of free parameters .: 1
2019-07-25T09:30:07:  Number of iterations ......: 1
2019-07-25T09:30:07:  Lambda ....................: 0.0001
2019-07-25T09:30:07:  Maximum log likelihood ....: -318909.581
2019-07-25T09:30:07: === GModels ===
2019-07-25T09:30:07:  Number of models ..........: 2
2019-07-25T09:30:07:  Number of parameters ......: 11
2019-07-25T09:30:07: === GModelSky ===
2019-07-25T09:30:07:  Name ......................: source1b
2019-07-25T09:30:07:  Instruments ...............: all
2019-07-25T09:30:07:  Test Statistic ............: 37618.165
2019-07-25T09:30:07:  Observation identifiers ...: all
2019-07-25T09:30:07:  Model type ................: PointSource
2019-07-25T09:30:07:  Model components ..........: "PointSource" * "ExponentialCutoffPowerLaw" * "Constant"
2019-07-25T09:30:07:  Number of parameters ......: 7
2019-07-25T09:30:07:  Number of spatial par's ...: 2
2019-07-25T09:30:07:   RA .......................: 83.6331 [-360,360] deg (fixed,scale=1)
2019-07-25T09:30:07:   DEC ......................: 22.0145 [-90,90] deg (fixed,scale=1)
2019-07-25T09:30:07:  Number of spectral par's ..: 4
2019-07-25T09:30:07:   Prefactor ................: 1.52372737241547e-18 [1e-25,1e-15] ph/cm2/s/MeV (fixed,scale=1e-18,gradient)
2019-07-25T09:30:07:   Index ....................: -2.02131610034061 [-0,-5]  (fixed,scale=-1,gradient)
2019-07-25T09:30:07:   CutoffEnergy .............: 59190143.4871505 +/- 4973727.57555508 [100000,10000000000] MeV (free,scale=10000000,gradient)
2019-07-25T09:30:07:   PivotEnergy ..............: 1000000 [10000,1000000000] MeV (fixed,scale=1000000,gradient)
2019-07-25T09:30:07:  Number of temporal par's ..: 1
2019-07-25T09:30:07:   Normalization ............: 1 (relative value) (fixed,scale=1,gradient)
2019-07-25T09:30:07:  Number of scale par's .....: 0
2019-07-25T09:30:07: === GCTAModelCubeBackground ===
2019-07-25T09:30:07:  Name ......................: BackgroundModel
2019-07-25T09:30:07:  Instruments ...............: CTA, HESS, MAGIC, VERITAS
2019-07-25T09:30:07:  Observation identifiers ...: all
2019-07-25T09:30:07:  Model type ................: "PowerLaw" * "Constant"
2019-07-25T09:30:07:  Number of parameters ......: 4
2019-07-25T09:30:07:  Number of spectral par's ..: 3
2019-07-25T09:30:07:   Prefactor ................: 0.993018478931787 [0.01,100] ph/cm2/s/MeV (fixed,scale=1,gradient)
2019-07-25T09:30:07:   Index ....................: -0.00326561687414777 [-5,5]  (fixed,scale=1,gradient)
2019-07-25T09:30:07:   PivotEnergy ..............: 1000000 MeV (fixed,scale=1000000,gradient)
2019-07-25T09:30:07:  Number of temporal par's ..: 1
2019-07-25T09:30:07:   Normalization ............: 1 (relative value) (fixed,scale=1,gradient)
2019-07-25T09:30:07: 
2019-07-25T09:30:07: +==============================================================+
2019-07-25T09:30:07: | Compute error for source "source1b" parameter "CutoffEnergy" |
2019-07-25T09:30:07: +==============================================================+
2019-07-25T09:30:07:  Confidence level ..........: 68 %
2019-07-25T09:30:07:  Log-likelihood difference .: 0.494473
2019-07-25T09:30:07:  Initial factor range ......: [0.945286773159974, 10.8927419242701]
2019-07-25T09:30:18:    Iteration 1 .............: [0.945286773159974, 5.91901434871505]
2019-07-25T09:30:28:    Iteration 2 .............: [3.43215056093751, 5.91901434871505]
2019-07-25T09:30:38:    Iteration 3 .............: [4.67558245482628, 5.91901434871505]
2019-07-25T09:30:48:    Iteration 4 .............: [5.29729840177067, 5.91901434871505]
2019-07-25T09:30:59:    Iteration 5 .............: [5.29729840177067, 5.60815637524286]
2019-07-25T09:31:09:    Iteration 6 .............: [5.29729840177067, 5.45272738850676]
2019-07-25T09:31:20:    Iteration 7 .............: [5.37501289513872, 5.45272738850676]
2019-07-25T09:31:30:    Iteration 8 .............: [5.41387014182274, 5.45272738850676]
2019-07-25T09:31:41:    Iteration 9 .............: [5.43329876516475, 5.45272738850676]
2019-07-25T09:31:51:    Iteration 10 ............: [5.44301307683576, 5.45272738850676]
2019-07-25T09:32:02:    Iteration 11 ............: [5.44787023267126, 5.45272738850676]
2019-07-25T09:32:12:    Iteration 1 .............: [5.91901434871505, 10.8927419242701]
2019-07-25T09:32:23:    Iteration 2 .............: [5.91901434871505, 8.40587813649259]
2019-07-25T09:32:33:    Iteration 3 .............: [5.91901434871505, 7.16244624260382]
2019-07-25T09:32:43:    Iteration 4 .............: [5.91901434871505, 6.54073029565944]
2019-07-25T09:32:53:    Iteration 5 .............: [6.22987232218724, 6.54073029565944]
2019-07-25T09:33:03:    Iteration 6 .............: [6.38530130892334, 6.54073029565944]
2019-07-25T09:33:14:    Iteration 7 .............: [6.38530130892334, 6.46301580229139]
2019-07-25T09:33:24:    Iteration 8 .............: [6.42415855560736, 6.46301580229139]
2019-07-25T09:33:34:    Iteration 9 .............: [6.44358717894938, 6.46301580229139]
2019-07-25T09:33:44:    Iteration 10 ............: [6.45330149062038, 6.46301580229139]
2019-07-25T09:33:54:    Iteration 11 ............: [6.45815864645589, 6.46301580229139]
2019-07-25T09:34:04:    Iteration 12 ............: [6.46058722437364, 6.46301580229139]
2019-07-25T09:34:04:  Lower parameter factor ....: 5.4503
2019-07-25T09:34:04:  Upper parameter factor ....: 6.4618
2019-07-25T09:34:04:  Error from curvature ......: 4973727.57555508 MeV
2019-07-25T09:34:04:  Error from profile ........: 5057513.51371749 MeV
2019-07-25T09:34:04:  Negative profile error ....: 4687155.38126039 MeV
2019-07-25T09:34:04:  Positive profile error ....: 5427871.6461746 MeV
2019-07-25T09:34:04: 
2019-07-25T09:34:04: +==============+
2019-07-25T09:34:04: | Save results |
2019-07-25T09:34:04: +==============+
2019-07-25T09:34:04:  Model definition file .....: NONE
2019-07-25T09:34:04: 
2019-07-25T09:34:04: Application "cterror" terminated after 330 wall clock seconds, consuming 414.32 seconds of CPU time.
