2019-07-25T13:57:43: ********************************************************************************
2019-07-25T13:57:43: *                                    cterror                                   *
2019-07-25T13:57:43: * ---------------------------------------------------------------------------- *
2019-07-25T13:57:43: * Version: 1.6.0                                                               *
2019-07-25T13:57:43: ********************************************************************************
2019-07-25T13:57:43: +============+
2019-07-25T13:57:43: | Parameters |
2019-07-25T13:57:43: +============+
2019-07-25T13:57:43:  inobs .....................: /cta/carli/CPPM_Internship/Simulations_and_Analyses/minus_constant_EDisp_South_z40_50h/source3c/obs_cube.fits
2019-07-25T13:57:43:  inmodel ...................: /cta/carli/CPPM_Internship/Simulations_and_Analyses/minus_constant_EDisp_South_z40_50h/source3c/obsmodel_binned.xml
2019-07-25T13:57:43:  srcname ...................: source3c
2019-07-25T13:57:43:  expcube ...................: /cta/carli/CPPM_Internship/Simulations_and_Analyses/minus_constant_EDisp_South_z40_50h/source3c/exposure_cube.fits
2019-07-25T13:57:43:  psfcube ...................: /cta/carli/CPPM_Internship/Simulations_and_Analyses/minus_constant_EDisp_South_z40_50h/source3c/PSF_cube.fits
2019-07-25T13:57:43:  edispcube .................: /cta/carli/CPPM_Internship/Simulations_and_Analyses/minus_constant_EDisp_South_z40_50h/source3c/edisp_cube.fits
2019-07-25T13:57:43:  bkgcube ...................: /cta/carli/CPPM_Internship/Simulations_and_Analyses/minus_constant_EDisp_South_z40_50h/source3c/background_cube.fits
2019-07-25T13:57:43:  caldb .....................: prod3b-v2
2019-07-25T13:57:43:  irf .......................: minus_constant_EDisp_South_z40_50h
2019-07-25T13:57:43:  edisp .....................: yes
2019-07-25T13:57:43:  outmodel ..................: 
2019-07-25T13:57:43:  confidence ................: 0.95
2019-07-25T13:57:43:  tol .......................: 1e-3
2019-07-25T13:57:43:  statistic .................: DEFAULT
2019-07-25T13:57:43:  like_accuracy .............: 0.005
2019-07-25T13:57:43:  max_iter ..................: 50
2019-07-25T13:57:43:  nthreads ..................: 0
2019-07-25T13:57:43:  chatter ...................: 4
2019-07-25T13:57:43:  clobber ...................: yes
2019-07-25T13:57:43:  debug .....................: no
2019-07-25T13:57:43:  mode ......................: ql
2019-07-25T13:57:43:  logfile ...................: cterror95.log
2019-07-25T13:57:43: 
2019-07-25T13:57:43: +===================+
2019-07-25T13:57:43: | Input observation |
2019-07-25T13:57:43: +===================+
2019-07-25T13:57:43: === GObservations ===
2019-07-25T13:57:43:  Number of observations ....: 1
2019-07-25T13:57:43:  Number of models ..........: 2
2019-07-25T13:57:43:  Number of observed events .: 300264
2019-07-25T13:57:43:  Number of predicted events : 0
2019-07-25T13:57:43: === GCTAObservation ===
2019-07-25T13:57:43:  Name ......................: 
2019-07-25T13:57:43:  Identifier ................: 000001
2019-07-25T13:57:43:  Instrument ................: CTA
2019-07-25T13:57:43:  Event file ................: /cta/carli/CPPM_Internship/Simulations_and_Analyses/minus_constant_EDisp_South_z40_50h/source3c/obs_cube.fits
2019-07-25T13:57:43:  Event type ................: CountsCube
2019-07-25T13:57:43:  Statistic .................: cstat
2019-07-25T13:57:43:  Ontime ....................: 144000 s
2019-07-25T13:57:43:  Livetime ..................: 141120 s
2019-07-25T13:57:43:  Deadtime correction .......: 0.98
2019-07-25T13:57:43:  User energy range .........: undefined
2019-07-25T13:57:43: === GCTAPointing ===
2019-07-25T13:57:43:  Pointing direction ........: (RA,Dec)=(84.1331,22.0145)
2019-07-25T13:57:43: === GCTAResponseCube ===
2019-07-25T13:57:43:  Energy dispersion .........: Used
2019-07-25T13:57:43: === GCTACubeExposure ===
2019-07-25T13:57:43:  Filename ..................: /cta/carli/CPPM_Internship/Simulations_and_Analyses/minus_constant_EDisp_South_z40_50h/source3c/exposure_cube.fits
2019-07-25T13:57:43:  Livetime ..................: 141120 sec
2019-07-25T13:57:43: === GEnergies ===
2019-07-25T13:57:43:  Number of energies ........: 33
2019-07-25T13:57:43: === GGti ===
2019-07-25T13:57:43:  Number of intervals .......: 1
2019-07-25T13:57:43:  Ontime ....................: 144000 sec
2019-07-25T13:57:43:  Elapsed time ..............: 144000 sec
2019-07-25T13:57:43:  MJD range .................: 51544.5 - 51546.1666666667 s (TT)
2019-07-25T13:57:43:  UTC range .................: 2000-01-01T11:58:56 - 2000-01-03T03:58:56 s (TT)
2019-07-25T13:57:43:  Reference MJD .............: 51544.5
2019-07-25T13:57:43: === GSkyMap ===
2019-07-25T13:57:43:  Number of pixels ..........: 6400
2019-07-25T13:57:43:  X axis dimension ..........: 80
2019-07-25T13:57:43:  Y axis dimension ..........: 80
2019-07-25T13:57:43:  Number of maps ............: 33
2019-07-25T13:57:43:  Shape of maps .............: (33)
2019-07-25T13:57:43: === GCTACubePsf ===
2019-07-25T13:57:43:  Filename ..................: /cta/carli/CPPM_Internship/Simulations_and_Analyses/minus_constant_EDisp_South_z40_50h/source3c/PSF_cube.fits
2019-07-25T13:57:43: === GEnergies ===
2019-07-25T13:57:43:  Number of energies ........: 33
2019-07-25T13:57:43:  Number of delta bins ......: 200
2019-07-25T13:57:43:  Delta range ...............: 1.875e-06 - 0.298501875 deg
2019-07-25T13:57:43: === GSkyMap ===
2019-07-25T13:57:43:  Number of pixels ..........: 1
2019-07-25T13:57:43:  X axis dimension ..........: 1
2019-07-25T13:57:43:  Y axis dimension ..........: 1
2019-07-25T13:57:43:  Number of maps ............: 6600
2019-07-25T13:57:43:  Shape of maps .............: (200, 33)
2019-07-25T13:57:43: === GCTACubeEdisp ===
2019-07-25T13:57:43:  Filename ..................: /cta/carli/CPPM_Internship/Simulations_and_Analyses/minus_constant_EDisp_South_z40_50h/source3c/edisp_cube.fits
2019-07-25T13:57:43: === GEnergies ===
2019-07-25T13:57:43:  Number of energies ........: 33
2019-07-25T13:57:43:  Number of migra bins ......: 100
2019-07-25T13:57:43:  Migra range ...............: 0.02 - 2
2019-07-25T13:57:43: === GSkyMap ===
2019-07-25T13:57:43:  Number of pixels ..........: 1
2019-07-25T13:57:43:  X axis dimension ..........: 1
2019-07-25T13:57:43:  Y axis dimension ..........: 1
2019-07-25T13:57:43:  Number of maps ............: 3300
2019-07-25T13:57:43:  Shape of maps .............: (100, 33)
2019-07-25T13:57:43: === GCTACubeBackground ===
2019-07-25T13:57:43:  Filename ..................: /cta/carli/CPPM_Internship/Simulations_and_Analyses/minus_constant_EDisp_South_z40_50h/source3c/background_cube.fits
2019-07-25T13:57:43: === GEbounds ===
2019-07-25T13:57:43:  Number of intervals .......: 32
2019-07-25T13:57:43:  Energy range ..............: 100 GeV - 199.526229858398 TeV
2019-07-25T13:57:43: === GSkyMap ===
2019-07-25T13:57:43:  Number of pixels ..........: 6400
2019-07-25T13:57:43:  X axis dimension ..........: 80
2019-07-25T13:57:43:  Y axis dimension ..........: 80
2019-07-25T13:57:43:  Number of maps ............: 32
2019-07-25T13:57:43:  Shape of maps .............: (32)
2019-07-25T13:57:43: === GCTAResponseCache ===
2019-07-25T13:57:43:  Number of cached values ...: 0
2019-07-25T13:57:43: === GCTAEventCube ===
2019-07-25T13:57:43:  Number of events ..........: 300264
2019-07-25T13:57:43:  Number of elements ........: 204800
2019-07-25T13:57:43:  Number of pixels ..........: 6400
2019-07-25T13:57:43:  Number of energy bins .....: 32
2019-07-25T13:57:43:  Time interval .............: 51544.5 - 51546.1666666667 days
2019-07-25T13:57:43:  Pointing ..................: (RA,Dec)=(84.1331,22.0145)
2019-07-25T13:57:43: === GEbounds ===
2019-07-25T13:57:43:  Number of intervals .......: 32
2019-07-25T13:57:43:  Energy range ..............: 100 GeV - 199.526229858398 TeV
2019-07-25T13:57:43: === GSkyMap ===
2019-07-25T13:57:43:  Number of pixels ..........: 6400
2019-07-25T13:57:43:  X axis dimension ..........: 80
2019-07-25T13:57:43:  Y axis dimension ..........: 80
2019-07-25T13:57:43:  Number of maps ............: 32
2019-07-25T13:57:43:  Shape of maps .............: (32)
2019-07-25T13:57:43: === GSkyRegions ===
2019-07-25T13:57:43:  Number of regions .........: 0
2019-07-25T13:57:43: === GModels ===
2019-07-25T13:57:43:  Number of models ..........: 2
2019-07-25T13:57:43:  Number of parameters ......: 11
2019-07-25T13:57:43: === GModelSky ===
2019-07-25T13:57:43:  Name ......................: source3c
2019-07-25T13:57:43:  Instruments ...............: all
2019-07-25T13:57:43:  Test Statistic ............: 69569.063
2019-07-25T13:57:43:  Observation identifiers ...: all
2019-07-25T13:57:43:  Model type ................: PointSource
2019-07-25T13:57:43:  Model components ..........: "PointSource" * "ExponentialCutoffPowerLaw" * "Constant"
2019-07-25T13:57:43:  Number of parameters ......: 7
2019-07-25T13:57:43:  Number of spatial par's ...: 2
2019-07-25T13:57:43:   RA .......................: 83.6331 [-360,360] deg (fixed,scale=1)
2019-07-25T13:57:43:   DEC ......................: 22.0145 [-90,90] deg (fixed,scale=1)
2019-07-25T13:57:43:  Number of spectral par's ..: 4
2019-07-25T13:57:43:   Prefactor ................: 2.22499906446284e-18 [1e-25,1e-15] ph/cm2/s/MeV (fixed,scale=1e-18,gradient)
2019-07-25T13:57:43:   Index ....................: -2.02588585163254 [-0,-5]  (fixed,scale=-1,gradient)
2019-07-25T13:57:43:   CutoffEnergy .............: 296661949.061732 +/- 97246178.0986694 [1000000,100000000000] MeV (free,scale=100000000,gradient)
2019-07-25T13:57:43:   PivotEnergy ..............: 1000000 [10000,1000000000] MeV (fixed,scale=1000000,gradient)
2019-07-25T13:57:43:  Number of temporal par's ..: 1
2019-07-25T13:57:43:   Normalization ............: 1 (relative value) (fixed,scale=1,gradient)
2019-07-25T13:57:43:  Number of scale par's .....: 0
2019-07-25T13:57:43: === GCTAModelCubeBackground ===
2019-07-25T13:57:43:  Name ......................: BackgroundModel
2019-07-25T13:57:43:  Instruments ...............: CTA, HESS, MAGIC, VERITAS
2019-07-25T13:57:43:  Observation identifiers ...: all
2019-07-25T13:57:43:  Model type ................: "PowerLaw" * "Constant"
2019-07-25T13:57:43:  Number of parameters ......: 4
2019-07-25T13:57:43:  Number of spectral par's ..: 3
2019-07-25T13:57:43:   Prefactor ................: 0.890063669984215 [0.01,100] ph/cm2/s/MeV (fixed,scale=1,gradient)
2019-07-25T13:57:43:   Index ....................: -0.0293688230295872 [-5,5]  (fixed,scale=1,gradient)
2019-07-25T13:57:43:   PivotEnergy ..............: 1000000 MeV (fixed,scale=1000000,gradient)
2019-07-25T13:57:43:  Number of temporal par's ..: 1
2019-07-25T13:57:43:   Normalization ............: 1 (relative value) (fixed,scale=1,gradient)
2019-07-25T13:57:43: 
2019-07-25T13:57:43: +=============================+
2019-07-25T13:57:43: | Compute best-fit likelihood |
2019-07-25T13:57:43: +=============================+
2019-07-25T13:59:09: === GOptimizerLM ===
2019-07-25T13:59:09:  Optimized function value ..: -299635.727
2019-07-25T13:59:09:  Absolute precision ........: 0.005
2019-07-25T13:59:09:  Acceptable value decrease .: 2
2019-07-25T13:59:09:  Optimization status .......: converged
2019-07-25T13:59:09:  Number of parameters ......: 11
2019-07-25T13:59:09:  Number of free parameters .: 1
2019-07-25T13:59:09:  Number of iterations ......: 1
2019-07-25T13:59:09:  Lambda ....................: 0.0001
2019-07-25T13:59:09:  Maximum log likelihood ....: -299635.727
2019-07-25T13:59:09: === GModels ===
2019-07-25T13:59:09:  Number of models ..........: 2
2019-07-25T13:59:09:  Number of parameters ......: 11
2019-07-25T13:59:09: === GModelSky ===
2019-07-25T13:59:09:  Name ......................: source3c
2019-07-25T13:59:09:  Instruments ...............: all
2019-07-25T13:59:09:  Test Statistic ............: 69569.063
2019-07-25T13:59:09:  Observation identifiers ...: all
2019-07-25T13:59:09:  Model type ................: PointSource
2019-07-25T13:59:09:  Model components ..........: "PointSource" * "ExponentialCutoffPowerLaw" * "Constant"
2019-07-25T13:59:09:  Number of parameters ......: 7
2019-07-25T13:59:09:  Number of spatial par's ...: 2
2019-07-25T13:59:09:   RA .......................: 83.6331 [-360,360] deg (fixed,scale=1)
2019-07-25T13:59:09:   DEC ......................: 22.0145 [-90,90] deg (fixed,scale=1)
2019-07-25T13:59:09:  Number of spectral par's ..: 4
2019-07-25T13:59:09:   Prefactor ................: 2.22499906446284e-18 [1e-25,1e-15] ph/cm2/s/MeV (fixed,scale=1e-18,gradient)
2019-07-25T13:59:09:   Index ....................: -2.02588585163254 [-0,-5]  (fixed,scale=-1,gradient)
2019-07-25T13:59:09:   CutoffEnergy .............: 296685179.640384 +/- 70027031.3251899 [1000000,100000000000] MeV (free,scale=100000000,gradient)
2019-07-25T13:59:09:   PivotEnergy ..............: 1000000 [10000,1000000000] MeV (fixed,scale=1000000,gradient)
2019-07-25T13:59:09:  Number of temporal par's ..: 1
2019-07-25T13:59:09:   Normalization ............: 1 (relative value) (fixed,scale=1,gradient)
2019-07-25T13:59:09:  Number of scale par's .....: 0
2019-07-25T13:59:09: === GCTAModelCubeBackground ===
2019-07-25T13:59:09:  Name ......................: BackgroundModel
2019-07-25T13:59:09:  Instruments ...............: CTA, HESS, MAGIC, VERITAS
2019-07-25T13:59:09:  Observation identifiers ...: all
2019-07-25T13:59:09:  Model type ................: "PowerLaw" * "Constant"
2019-07-25T13:59:09:  Number of parameters ......: 4
2019-07-25T13:59:09:  Number of spectral par's ..: 3
2019-07-25T13:59:09:   Prefactor ................: 0.890063669984215 [0.01,100] ph/cm2/s/MeV (fixed,scale=1,gradient)
2019-07-25T13:59:09:   Index ....................: -0.0293688230295872 [-5,5]  (fixed,scale=1,gradient)
2019-07-25T13:59:09:   PivotEnergy ..............: 1000000 MeV (fixed,scale=1000000,gradient)
2019-07-25T13:59:09:  Number of temporal par's ..: 1
2019-07-25T13:59:09:   Normalization ............: 1 (relative value) (fixed,scale=1,gradient)
2019-07-25T13:59:09: 
2019-07-25T13:59:09: +==============================================================+
2019-07-25T13:59:09: | Compute error for source "source3c" parameter "CutoffEnergy" |
2019-07-25T13:59:09: +==============================================================+
2019-07-25T13:59:09:  Confidence level ..........: 95 %
2019-07-25T13:59:09:  Log-likelihood difference .: 1.92073
2019-07-25T13:59:09:  Initial factor range ......: [0.01, 9.96955492892283]
2019-07-25T13:59:18:    Iteration 1 .............: [0.01, 2.96685179640384]
2019-07-25T13:59:28:    Iteration 2 .............: [1.48842589820192, 2.96685179640384]
2019-07-25T13:59:37:    Iteration 3 .............: [1.48842589820192, 2.22763884730288]
2019-07-25T13:59:46:    Iteration 4 .............: [1.8580323727524, 2.22763884730288]
2019-07-25T13:59:56:    Iteration 5 .............: [1.8580323727524, 2.04283561002764]
2019-07-25T14:00:05:    Iteration 6 .............: [1.95043399139002, 2.04283561002764]
2019-07-25T14:00:14:    Iteration 7 .............: [1.99663480070883, 2.04283561002764]
2019-07-25T14:00:24:    Iteration 8 .............: [1.99663480070883, 2.01973520536824]
2019-07-25T14:00:34:    Iteration 9 .............: [1.99663480070883, 2.00818500303853]
2019-07-25T14:00:44:    Iteration 1 .............: [2.96685179640384, 9.96955492892283]
2019-07-25T14:00:53:    Iteration 2 .............: [2.96685179640384, 6.46820336266333]
2019-07-25T14:01:03:    Iteration 3 .............: [4.71752757953359, 6.46820336266333]
2019-07-25T14:01:12:    Iteration 4 .............: [4.71752757953359, 5.59286547109846]
2019-07-25T14:01:21:    Iteration 5 .............: [5.15519652531602, 5.59286547109846]
2019-07-25T14:01:31:    Iteration 6 .............: [5.37403099820724, 5.59286547109846]
2019-07-25T14:01:40:    Iteration 7 .............: [5.48344823465285, 5.59286547109846]
2019-07-25T14:01:50:    Iteration 8 .............: [5.48344823465285, 5.53815685287566]
2019-07-25T14:01:59:    Iteration 9 .............: [5.51080254376425, 5.53815685287566]
2019-07-25T14:02:09:    Iteration 10 ............: [5.51080254376425, 5.52447969831996]
2019-07-25T14:02:09:  Lower parameter factor ....: 2.00241
2019-07-25T14:02:09:  Upper parameter factor ....: 5.51764
2019-07-25T14:02:09:  Error from curvature ......: 70027031.3251899 MeV
2019-07-25T14:02:09:  Error from profile ........: 175761560.958421 MeV
2019-07-25T14:02:09:  Negative profile error ....: 96444189.4530159 MeV
2019-07-25T14:02:09:  Positive profile error ....: 255078932.463826 MeV
2019-07-25T14:02:09: 
2019-07-25T14:02:09: +==============+
2019-07-25T14:02:09: | Save results |
2019-07-25T14:02:09: +==============+
2019-07-25T14:02:09:  Model definition file .....: NONE
2019-07-25T14:02:09: 
2019-07-25T14:02:09: Application "cterror" terminated after 267 wall clock seconds, consuming 350.52 seconds of CPU time.
