2019-07-25T11:28:25: ********************************************************************************
2019-07-25T11:28:25: *                                    cterror                                   *
2019-07-25T11:28:25: * ---------------------------------------------------------------------------- *
2019-07-25T11:28:25: * Version: 1.6.0                                                               *
2019-07-25T11:28:25: ********************************************************************************
2019-07-25T11:28:26: +============+
2019-07-25T11:28:26: | Parameters |
2019-07-25T11:28:26: +============+
2019-07-25T11:28:26:  inobs .....................: /cta/carli/CPPM_Internship/Simulations_and_Analyses/plus_gradient_EDisp_South_z40_50h/source3c/obs_cube.fits
2019-07-25T11:28:26:  inmodel ...................: /cta/carli/CPPM_Internship/Simulations_and_Analyses/plus_gradient_EDisp_South_z40_50h/source3c/obsmodel_binned.xml
2019-07-25T11:28:26:  srcname ...................: source3c
2019-07-25T11:28:26:  expcube ...................: /cta/carli/CPPM_Internship/Simulations_and_Analyses/plus_gradient_EDisp_South_z40_50h/source3c/exposure_cube.fits
2019-07-25T11:28:26:  psfcube ...................: /cta/carli/CPPM_Internship/Simulations_and_Analyses/plus_gradient_EDisp_South_z40_50h/source3c/PSF_cube.fits
2019-07-25T11:28:26:  edispcube .................: /cta/carli/CPPM_Internship/Simulations_and_Analyses/plus_gradient_EDisp_South_z40_50h/source3c/edisp_cube.fits
2019-07-25T11:28:26:  bkgcube ...................: /cta/carli/CPPM_Internship/Simulations_and_Analyses/plus_gradient_EDisp_South_z40_50h/source3c/background_cube.fits
2019-07-25T11:28:26:  caldb .....................: prod3b-v2
2019-07-25T11:28:26:  irf .......................: plus_gradient_EDisp_South_z40_50h
2019-07-25T11:28:26:  edisp .....................: yes
2019-07-25T11:28:26:  outmodel ..................: 
2019-07-25T11:28:26:  confidence ................: 0.68
2019-07-25T11:28:26:  tol .......................: 1e-3
2019-07-25T11:28:26:  statistic .................: DEFAULT
2019-07-25T11:28:26:  like_accuracy .............: 0.005
2019-07-25T11:28:26:  max_iter ..................: 50
2019-07-25T11:28:26:  nthreads ..................: 0
2019-07-25T11:28:26:  chatter ...................: 4
2019-07-25T11:28:26:  clobber ...................: yes
2019-07-25T11:28:26:  debug .....................: no
2019-07-25T11:28:26:  mode ......................: ql
2019-07-25T11:28:26:  logfile ...................: cterror68.log
2019-07-25T11:28:26: 
2019-07-25T11:28:26: +===================+
2019-07-25T11:28:26: | Input observation |
2019-07-25T11:28:26: +===================+
2019-07-25T11:28:26: === GObservations ===
2019-07-25T11:28:26:  Number of observations ....: 1
2019-07-25T11:28:26:  Number of models ..........: 2
2019-07-25T11:28:26:  Number of observed events .: 300609
2019-07-25T11:28:26:  Number of predicted events : 0
2019-07-25T11:28:26: === GCTAObservation ===
2019-07-25T11:28:26:  Name ......................: 
2019-07-25T11:28:26:  Identifier ................: 000001
2019-07-25T11:28:26:  Instrument ................: CTA
2019-07-25T11:28:26:  Event file ................: /cta/carli/CPPM_Internship/Simulations_and_Analyses/plus_gradient_EDisp_South_z40_50h/source3c/obs_cube.fits
2019-07-25T11:28:26:  Event type ................: CountsCube
2019-07-25T11:28:26:  Statistic .................: cstat
2019-07-25T11:28:26:  Ontime ....................: 144000 s
2019-07-25T11:28:26:  Livetime ..................: 141120 s
2019-07-25T11:28:26:  Deadtime correction .......: 0.98
2019-07-25T11:28:26:  User energy range .........: undefined
2019-07-25T11:28:26: === GCTAPointing ===
2019-07-25T11:28:26:  Pointing direction ........: (RA,Dec)=(84.1331,22.0145)
2019-07-25T11:28:26: === GCTAResponseCube ===
2019-07-25T11:28:26:  Energy dispersion .........: Used
2019-07-25T11:28:26: === GCTACubeExposure ===
2019-07-25T11:28:26:  Filename ..................: /cta/carli/CPPM_Internship/Simulations_and_Analyses/plus_gradient_EDisp_South_z40_50h/source3c/exposure_cube.fits
2019-07-25T11:28:26:  Livetime ..................: 141120 sec
2019-07-25T11:28:26: === GEnergies ===
2019-07-25T11:28:26:  Number of energies ........: 33
2019-07-25T11:28:26: === GGti ===
2019-07-25T11:28:26:  Number of intervals .......: 1
2019-07-25T11:28:26:  Ontime ....................: 144000 sec
2019-07-25T11:28:26:  Elapsed time ..............: 144000 sec
2019-07-25T11:28:26:  MJD range .................: 51544.5 - 51546.1666666667 s (TT)
2019-07-25T11:28:26:  UTC range .................: 2000-01-01T11:58:56 - 2000-01-03T03:58:56 s (TT)
2019-07-25T11:28:26:  Reference MJD .............: 51544.5
2019-07-25T11:28:26: === GSkyMap ===
2019-07-25T11:28:26:  Number of pixels ..........: 6400
2019-07-25T11:28:26:  X axis dimension ..........: 80
2019-07-25T11:28:26:  Y axis dimension ..........: 80
2019-07-25T11:28:26:  Number of maps ............: 33
2019-07-25T11:28:26:  Shape of maps .............: (33)
2019-07-25T11:28:26: === GCTACubePsf ===
2019-07-25T11:28:26:  Filename ..................: /cta/carli/CPPM_Internship/Simulations_and_Analyses/plus_gradient_EDisp_South_z40_50h/source3c/PSF_cube.fits
2019-07-25T11:28:26: === GEnergies ===
2019-07-25T11:28:26:  Number of energies ........: 33
2019-07-25T11:28:26:  Number of delta bins ......: 200
2019-07-25T11:28:26:  Delta range ...............: 1.875e-06 - 0.298501875 deg
2019-07-25T11:28:26: === GSkyMap ===
2019-07-25T11:28:26:  Number of pixels ..........: 1
2019-07-25T11:28:26:  X axis dimension ..........: 1
2019-07-25T11:28:26:  Y axis dimension ..........: 1
2019-07-25T11:28:26:  Number of maps ............: 6600
2019-07-25T11:28:26:  Shape of maps .............: (200, 33)
2019-07-25T11:28:26: === GCTACubeEdisp ===
2019-07-25T11:28:26:  Filename ..................: /cta/carli/CPPM_Internship/Simulations_and_Analyses/plus_gradient_EDisp_South_z40_50h/source3c/edisp_cube.fits
2019-07-25T11:28:26: === GEnergies ===
2019-07-25T11:28:26:  Number of energies ........: 33
2019-07-25T11:28:26:  Number of migra bins ......: 100
2019-07-25T11:28:26:  Migra range ...............: 0.02 - 2
2019-07-25T11:28:26: === GSkyMap ===
2019-07-25T11:28:26:  Number of pixels ..........: 1
2019-07-25T11:28:26:  X axis dimension ..........: 1
2019-07-25T11:28:26:  Y axis dimension ..........: 1
2019-07-25T11:28:26:  Number of maps ............: 3300
2019-07-25T11:28:26:  Shape of maps .............: (100, 33)
2019-07-25T11:28:26: === GCTACubeBackground ===
2019-07-25T11:28:26:  Filename ..................: /cta/carli/CPPM_Internship/Simulations_and_Analyses/plus_gradient_EDisp_South_z40_50h/source3c/background_cube.fits
2019-07-25T11:28:26: === GEbounds ===
2019-07-25T11:28:26:  Number of intervals .......: 32
2019-07-25T11:28:26:  Energy range ..............: 100 GeV - 199.526229858398 TeV
2019-07-25T11:28:26: === GSkyMap ===
2019-07-25T11:28:26:  Number of pixels ..........: 6400
2019-07-25T11:28:26:  X axis dimension ..........: 80
2019-07-25T11:28:26:  Y axis dimension ..........: 80
2019-07-25T11:28:26:  Number of maps ............: 32
2019-07-25T11:28:26:  Shape of maps .............: (32)
2019-07-25T11:28:26: === GCTAResponseCache ===
2019-07-25T11:28:26:  Number of cached values ...: 0
2019-07-25T11:28:26: === GCTAEventCube ===
2019-07-25T11:28:26:  Number of events ..........: 300609
2019-07-25T11:28:26:  Number of elements ........: 204800
2019-07-25T11:28:26:  Number of pixels ..........: 6400
2019-07-25T11:28:26:  Number of energy bins .....: 32
2019-07-25T11:28:26:  Time interval .............: 51544.5 - 51546.1666666667 days
2019-07-25T11:28:26:  Pointing ..................: (RA,Dec)=(84.1331,22.0145)
2019-07-25T11:28:26: === GEbounds ===
2019-07-25T11:28:26:  Number of intervals .......: 32
2019-07-25T11:28:26:  Energy range ..............: 100 GeV - 199.526229858398 TeV
2019-07-25T11:28:26: === GSkyMap ===
2019-07-25T11:28:26:  Number of pixels ..........: 6400
2019-07-25T11:28:26:  X axis dimension ..........: 80
2019-07-25T11:28:26:  Y axis dimension ..........: 80
2019-07-25T11:28:26:  Number of maps ............: 32
2019-07-25T11:28:26:  Shape of maps .............: (32)
2019-07-25T11:28:26: === GSkyRegions ===
2019-07-25T11:28:26:  Number of regions .........: 0
2019-07-25T11:28:26: === GModels ===
2019-07-25T11:28:26:  Number of models ..........: 2
2019-07-25T11:28:26:  Number of parameters ......: 11
2019-07-25T11:28:26: === GModelSky ===
2019-07-25T11:28:26:  Name ......................: source3c
2019-07-25T11:28:26:  Instruments ...............: all
2019-07-25T11:28:26:  Test Statistic ............: 69415.07
2019-07-25T11:28:26:  Observation identifiers ...: all
2019-07-25T11:28:26:  Model type ................: PointSource
2019-07-25T11:28:26:  Model components ..........: "PointSource" * "ExponentialCutoffPowerLaw" * "Constant"
2019-07-25T11:28:26:  Number of parameters ......: 7
2019-07-25T11:28:26:  Number of spatial par's ...: 2
2019-07-25T11:28:26:   RA .......................: 83.6331 [-360,360] deg (fixed,scale=1)
2019-07-25T11:28:26:   DEC ......................: 22.0145 [-90,90] deg (fixed,scale=1)
2019-07-25T11:28:26:  Number of spectral par's ..: 4
2019-07-25T11:28:26:   Prefactor ................: 2.20953415281632e-18 [1e-25,1e-15] ph/cm2/s/MeV (fixed,scale=1e-18,gradient)
2019-07-25T11:28:26:   Index ....................: -2.01584385277858 [-0,-5]  (fixed,scale=-1,gradient)
2019-07-25T11:28:26:   CutoffEnergy .............: 602998623.675847 +/- 367098845.067614 [1000000,100000000000] MeV (free,scale=100000000,gradient)
2019-07-25T11:28:26:   PivotEnergy ..............: 1000000 [10000,1000000000] MeV (fixed,scale=1000000,gradient)
2019-07-25T11:28:26:  Number of temporal par's ..: 1
2019-07-25T11:28:26:   Normalization ............: 1 (relative value) (fixed,scale=1,gradient)
2019-07-25T11:28:26:  Number of scale par's .....: 0
2019-07-25T11:28:26: === GCTAModelCubeBackground ===
2019-07-25T11:28:26:  Name ......................: BackgroundModel
2019-07-25T11:28:26:  Instruments ...............: CTA, HESS, MAGIC, VERITAS
2019-07-25T11:28:26:  Observation identifiers ...: all
2019-07-25T11:28:26:  Model type ................: "PowerLaw" * "Constant"
2019-07-25T11:28:26:  Number of parameters ......: 4
2019-07-25T11:28:26:  Number of spectral par's ..: 3
2019-07-25T11:28:26:   Prefactor ................: 0.925778948333316 [0.01,100] ph/cm2/s/MeV (fixed,scale=1,gradient)
2019-07-25T11:28:26:   Index ....................: -0.00535278130936083 [-5,5]  (fixed,scale=1,gradient)
2019-07-25T11:28:26:   PivotEnergy ..............: 1000000 MeV (fixed,scale=1000000,gradient)
2019-07-25T11:28:26:  Number of temporal par's ..: 1
2019-07-25T11:28:26:   Normalization ............: 1 (relative value) (fixed,scale=1,gradient)
2019-07-25T11:28:26: 
2019-07-25T11:28:26: +=============================+
2019-07-25T11:28:26: | Compute best-fit likelihood |
2019-07-25T11:28:26: +=============================+
2019-07-25T11:29:56: === GOptimizerLM ===
2019-07-25T11:29:56:  Optimized function value ..: -295460.831
2019-07-25T11:29:56:  Absolute precision ........: 0.005
2019-07-25T11:29:56:  Acceptable value decrease .: 2
2019-07-25T11:29:56:  Optimization status .......: converged
2019-07-25T11:29:56:  Number of parameters ......: 11
2019-07-25T11:29:56:  Number of free parameters .: 1
2019-07-25T11:29:56:  Number of iterations ......: 1
2019-07-25T11:29:56:  Lambda ....................: 0.0001
2019-07-25T11:29:56:  Maximum log likelihood ....: -295460.831
2019-07-25T11:29:56: === GModels ===
2019-07-25T11:29:56:  Number of models ..........: 2
2019-07-25T11:29:56:  Number of parameters ......: 11
2019-07-25T11:29:56: === GModelSky ===
2019-07-25T11:29:56:  Name ......................: source3c
2019-07-25T11:29:56:  Instruments ...............: all
2019-07-25T11:29:56:  Test Statistic ............: 69415.07
2019-07-25T11:29:56:  Observation identifiers ...: all
2019-07-25T11:29:56:  Model type ................: PointSource
2019-07-25T11:29:56:  Model components ..........: "PointSource" * "ExponentialCutoffPowerLaw" * "Constant"
2019-07-25T11:29:56:  Number of parameters ......: 7
2019-07-25T11:29:56:  Number of spatial par's ...: 2
2019-07-25T11:29:56:   RA .......................: 83.6331 [-360,360] deg (fixed,scale=1)
2019-07-25T11:29:56:   DEC ......................: 22.0145 [-90,90] deg (fixed,scale=1)
2019-07-25T11:29:56:  Number of spectral par's ..: 4
2019-07-25T11:29:56:   Prefactor ................: 2.20953415281632e-18 [1e-25,1e-15] ph/cm2/s/MeV (fixed,scale=1e-18,gradient)
2019-07-25T11:29:56:   Index ....................: -2.01584385277858 [-0,-5]  (fixed,scale=-1,gradient)
2019-07-25T11:29:56:   CutoffEnergy .............: 603492411.048573 +/- 265904321.994746 [1000000,100000000000] MeV (free,scale=100000000,gradient)
2019-07-25T11:29:56:   PivotEnergy ..............: 1000000 [10000,1000000000] MeV (fixed,scale=1000000,gradient)
2019-07-25T11:29:56:  Number of temporal par's ..: 1
2019-07-25T11:29:56:   Normalization ............: 1 (relative value) (fixed,scale=1,gradient)
2019-07-25T11:29:56:  Number of scale par's .....: 0
2019-07-25T11:29:56: === GCTAModelCubeBackground ===
2019-07-25T11:29:56:  Name ......................: BackgroundModel
2019-07-25T11:29:56:  Instruments ...............: CTA, HESS, MAGIC, VERITAS
2019-07-25T11:29:56:  Observation identifiers ...: all
2019-07-25T11:29:56:  Model type ................: "PowerLaw" * "Constant"
2019-07-25T11:29:56:  Number of parameters ......: 4
2019-07-25T11:29:56:  Number of spectral par's ..: 3
2019-07-25T11:29:56:   Prefactor ................: 0.925778948333316 [0.01,100] ph/cm2/s/MeV (fixed,scale=1,gradient)
2019-07-25T11:29:56:   Index ....................: -0.00535278130936083 [-5,5]  (fixed,scale=1,gradient)
2019-07-25T11:29:56:   PivotEnergy ..............: 1000000 MeV (fixed,scale=1000000,gradient)
2019-07-25T11:29:56:  Number of temporal par's ..: 1
2019-07-25T11:29:56:   Normalization ............: 1 (relative value) (fixed,scale=1,gradient)
2019-07-25T11:29:56: 
2019-07-25T11:29:56: +==============================================================+
2019-07-25T11:29:56: | Compute error for source "source3c" parameter "CutoffEnergy" |
2019-07-25T11:29:56: +==============================================================+
2019-07-25T11:29:56:  Confidence level ..........: 68 %
2019-07-25T11:29:56:  Log-likelihood difference .: 0.494473
2019-07-25T11:29:56:  Initial factor range ......: [0.01, 32.6253563099603]
2019-07-25T11:30:06:    Iteration 1 .............: [0.01, 6.03492411048573]
2019-07-25T11:30:17:    Iteration 2 .............: [3.02246205524286, 6.03492411048573]
2019-07-25T11:30:27:    Iteration 3 .............: [3.02246205524286, 4.5286930828643]
2019-07-25T11:30:38:    Iteration 4 .............: [3.77557756905358, 4.5286930828643]
2019-07-25T11:30:48:    Iteration 5 .............: [4.15213532595894, 4.5286930828643]
2019-07-25T11:30:58:    Iteration 6 .............: [4.15213532595894, 4.34041420441162]
2019-07-25T11:31:08:    Iteration 7 .............: [4.15213532595894, 4.24627476518528]
2019-07-25T11:31:18:    Iteration 8 .............: [4.15213532595894, 4.19920504557211]
2019-07-25T11:31:28:    Iteration 9 .............: [4.15213532595894, 4.17567018576552]
2019-07-25T11:31:37:    Iteration 10 ............: [4.15213532595894, 4.16390275586223]
2019-07-25T11:31:47:    Iteration 11 ............: [4.15213532595894, 4.15801904091059]
2019-07-25T11:31:57:    Iteration 1 .............: [6.03492411048573, 32.6253563099603]
2019-07-25T11:32:07:    Iteration 2 .............: [6.03492411048573, 19.330140210223]
2019-07-25T11:32:16:    Iteration 3 .............: [6.03492411048573, 12.6825321603544]
2019-07-25T11:32:26:    Iteration 4 .............: [9.35872813542005, 12.6825321603544]
2019-07-25T11:32:36:    Iteration 5 .............: [9.35872813542005, 11.0206301478872]
2019-07-25T11:32:46:    Iteration 6 .............: [10.1896791416536, 11.0206301478872]
2019-07-25T11:32:56:    Iteration 7 .............: [10.6051546447704, 11.0206301478872]
2019-07-25T11:33:05:    Iteration 8 .............: [10.8128923963288, 11.0206301478872]
2019-07-25T11:33:15:    Iteration 9 .............: [10.8128923963288, 10.916761272108]
2019-07-25T11:33:24:    Iteration 10 ............: [10.8128923963288, 10.8648268342184]
2019-07-25T11:33:24:  Lower parameter factor ....: 4.15508
2019-07-25T11:33:24:  Upper parameter factor ....: 10.8389
2019-07-25T11:33:24:  Error from curvature ......: 265904321.994746 MeV
2019-07-25T11:33:24:  Error from profile ........: 334189121.591943 MeV
2019-07-25T11:33:24:  Negative profile error ....: 187984692.705097 MeV
2019-07-25T11:33:24:  Positive profile error ....: 480393550.478789 MeV
2019-07-25T11:33:24: 
2019-07-25T11:33:24: +==============+
2019-07-25T11:33:24: | Save results |
2019-07-25T11:33:24: +==============+
2019-07-25T11:33:24:  Model definition file .....: NONE
2019-07-25T11:33:24: 
2019-07-25T11:33:24: Application "cterror" terminated after 300 wall clock seconds, consuming 389.08 seconds of CPU time.
