2019-07-25T11:33:25: ********************************************************************************
2019-07-25T11:33:25: *                                    cterror                                   *
2019-07-25T11:33:25: * ---------------------------------------------------------------------------- *
2019-07-25T11:33:25: * Version: 1.6.0                                                               *
2019-07-25T11:33:25: ********************************************************************************
2019-07-25T11:33:25: +============+
2019-07-25T11:33:25: | Parameters |
2019-07-25T11:33:25: +============+
2019-07-25T11:33:25:  inobs .....................: /cta/carli/CPPM_Internship/Simulations_and_Analyses/plus_gradient_EDisp_South_z40_50h/source3c/obs_cube.fits
2019-07-25T11:33:25:  inmodel ...................: /cta/carli/CPPM_Internship/Simulations_and_Analyses/plus_gradient_EDisp_South_z40_50h/source3c/obsmodel_binned.xml
2019-07-25T11:33:25:  srcname ...................: source3c
2019-07-25T11:33:25:  expcube ...................: /cta/carli/CPPM_Internship/Simulations_and_Analyses/plus_gradient_EDisp_South_z40_50h/source3c/exposure_cube.fits
2019-07-25T11:33:25:  psfcube ...................: /cta/carli/CPPM_Internship/Simulations_and_Analyses/plus_gradient_EDisp_South_z40_50h/source3c/PSF_cube.fits
2019-07-25T11:33:25:  edispcube .................: /cta/carli/CPPM_Internship/Simulations_and_Analyses/plus_gradient_EDisp_South_z40_50h/source3c/edisp_cube.fits
2019-07-25T11:33:25:  bkgcube ...................: /cta/carli/CPPM_Internship/Simulations_and_Analyses/plus_gradient_EDisp_South_z40_50h/source3c/background_cube.fits
2019-07-25T11:33:25:  caldb .....................: prod3b-v2
2019-07-25T11:33:25:  irf .......................: plus_gradient_EDisp_South_z40_50h
2019-07-25T11:33:25:  edisp .....................: yes
2019-07-25T11:33:25:  outmodel ..................: 
2019-07-25T11:33:25:  confidence ................: 0.95
2019-07-25T11:33:25:  tol .......................: 1e-3
2019-07-25T11:33:25:  statistic .................: DEFAULT
2019-07-25T11:33:25:  like_accuracy .............: 0.005
2019-07-25T11:33:25:  max_iter ..................: 50
2019-07-25T11:33:25:  nthreads ..................: 0
2019-07-25T11:33:25:  chatter ...................: 4
2019-07-25T11:33:25:  clobber ...................: yes
2019-07-25T11:33:25:  debug .....................: no
2019-07-25T11:33:25:  mode ......................: ql
2019-07-25T11:33:25:  logfile ...................: cterror95.log
2019-07-25T11:33:25: 
2019-07-25T11:33:25: +===================+
2019-07-25T11:33:25: | Input observation |
2019-07-25T11:33:25: +===================+
2019-07-25T11:33:25: === GObservations ===
2019-07-25T11:33:25:  Number of observations ....: 1
2019-07-25T11:33:25:  Number of models ..........: 2
2019-07-25T11:33:25:  Number of observed events .: 300609
2019-07-25T11:33:25:  Number of predicted events : 0
2019-07-25T11:33:25: === GCTAObservation ===
2019-07-25T11:33:25:  Name ......................: 
2019-07-25T11:33:25:  Identifier ................: 000001
2019-07-25T11:33:25:  Instrument ................: CTA
2019-07-25T11:33:25:  Event file ................: /cta/carli/CPPM_Internship/Simulations_and_Analyses/plus_gradient_EDisp_South_z40_50h/source3c/obs_cube.fits
2019-07-25T11:33:25:  Event type ................: CountsCube
2019-07-25T11:33:25:  Statistic .................: cstat
2019-07-25T11:33:25:  Ontime ....................: 144000 s
2019-07-25T11:33:25:  Livetime ..................: 141120 s
2019-07-25T11:33:25:  Deadtime correction .......: 0.98
2019-07-25T11:33:25:  User energy range .........: undefined
2019-07-25T11:33:25: === GCTAPointing ===
2019-07-25T11:33:25:  Pointing direction ........: (RA,Dec)=(84.1331,22.0145)
2019-07-25T11:33:25: === GCTAResponseCube ===
2019-07-25T11:33:25:  Energy dispersion .........: Used
2019-07-25T11:33:25: === GCTACubeExposure ===
2019-07-25T11:33:25:  Filename ..................: /cta/carli/CPPM_Internship/Simulations_and_Analyses/plus_gradient_EDisp_South_z40_50h/source3c/exposure_cube.fits
2019-07-25T11:33:25:  Livetime ..................: 141120 sec
2019-07-25T11:33:25: === GEnergies ===
2019-07-25T11:33:25:  Number of energies ........: 33
2019-07-25T11:33:25: === GGti ===
2019-07-25T11:33:25:  Number of intervals .......: 1
2019-07-25T11:33:25:  Ontime ....................: 144000 sec
2019-07-25T11:33:25:  Elapsed time ..............: 144000 sec
2019-07-25T11:33:25:  MJD range .................: 51544.5 - 51546.1666666667 s (TT)
2019-07-25T11:33:25:  UTC range .................: 2000-01-01T11:58:56 - 2000-01-03T03:58:56 s (TT)
2019-07-25T11:33:25:  Reference MJD .............: 51544.5
2019-07-25T11:33:25: === GSkyMap ===
2019-07-25T11:33:25:  Number of pixels ..........: 6400
2019-07-25T11:33:25:  X axis dimension ..........: 80
2019-07-25T11:33:25:  Y axis dimension ..........: 80
2019-07-25T11:33:25:  Number of maps ............: 33
2019-07-25T11:33:25:  Shape of maps .............: (33)
2019-07-25T11:33:25: === GCTACubePsf ===
2019-07-25T11:33:25:  Filename ..................: /cta/carli/CPPM_Internship/Simulations_and_Analyses/plus_gradient_EDisp_South_z40_50h/source3c/PSF_cube.fits
2019-07-25T11:33:25: === GEnergies ===
2019-07-25T11:33:25:  Number of energies ........: 33
2019-07-25T11:33:25:  Number of delta bins ......: 200
2019-07-25T11:33:25:  Delta range ...............: 1.875e-06 - 0.298501875 deg
2019-07-25T11:33:25: === GSkyMap ===
2019-07-25T11:33:25:  Number of pixels ..........: 1
2019-07-25T11:33:25:  X axis dimension ..........: 1
2019-07-25T11:33:25:  Y axis dimension ..........: 1
2019-07-25T11:33:25:  Number of maps ............: 6600
2019-07-25T11:33:25:  Shape of maps .............: (200, 33)
2019-07-25T11:33:25: === GCTACubeEdisp ===
2019-07-25T11:33:25:  Filename ..................: /cta/carli/CPPM_Internship/Simulations_and_Analyses/plus_gradient_EDisp_South_z40_50h/source3c/edisp_cube.fits
2019-07-25T11:33:25: === GEnergies ===
2019-07-25T11:33:25:  Number of energies ........: 33
2019-07-25T11:33:25:  Number of migra bins ......: 100
2019-07-25T11:33:25:  Migra range ...............: 0.02 - 2
2019-07-25T11:33:25: === GSkyMap ===
2019-07-25T11:33:25:  Number of pixels ..........: 1
2019-07-25T11:33:25:  X axis dimension ..........: 1
2019-07-25T11:33:25:  Y axis dimension ..........: 1
2019-07-25T11:33:25:  Number of maps ............: 3300
2019-07-25T11:33:25:  Shape of maps .............: (100, 33)
2019-07-25T11:33:25: === GCTACubeBackground ===
2019-07-25T11:33:25:  Filename ..................: /cta/carli/CPPM_Internship/Simulations_and_Analyses/plus_gradient_EDisp_South_z40_50h/source3c/background_cube.fits
2019-07-25T11:33:25: === GEbounds ===
2019-07-25T11:33:25:  Number of intervals .......: 32
2019-07-25T11:33:25:  Energy range ..............: 100 GeV - 199.526229858398 TeV
2019-07-25T11:33:25: === GSkyMap ===
2019-07-25T11:33:25:  Number of pixels ..........: 6400
2019-07-25T11:33:25:  X axis dimension ..........: 80
2019-07-25T11:33:25:  Y axis dimension ..........: 80
2019-07-25T11:33:25:  Number of maps ............: 32
2019-07-25T11:33:25:  Shape of maps .............: (32)
2019-07-25T11:33:25: === GCTAResponseCache ===
2019-07-25T11:33:25:  Number of cached values ...: 0
2019-07-25T11:33:25: === GCTAEventCube ===
2019-07-25T11:33:25:  Number of events ..........: 300609
2019-07-25T11:33:25:  Number of elements ........: 204800
2019-07-25T11:33:25:  Number of pixels ..........: 6400
2019-07-25T11:33:25:  Number of energy bins .....: 32
2019-07-25T11:33:25:  Time interval .............: 51544.5 - 51546.1666666667 days
2019-07-25T11:33:25:  Pointing ..................: (RA,Dec)=(84.1331,22.0145)
2019-07-25T11:33:25: === GEbounds ===
2019-07-25T11:33:25:  Number of intervals .......: 32
2019-07-25T11:33:25:  Energy range ..............: 100 GeV - 199.526229858398 TeV
2019-07-25T11:33:25: === GSkyMap ===
2019-07-25T11:33:25:  Number of pixels ..........: 6400
2019-07-25T11:33:25:  X axis dimension ..........: 80
2019-07-25T11:33:25:  Y axis dimension ..........: 80
2019-07-25T11:33:25:  Number of maps ............: 32
2019-07-25T11:33:25:  Shape of maps .............: (32)
2019-07-25T11:33:25: === GSkyRegions ===
2019-07-25T11:33:25:  Number of regions .........: 0
2019-07-25T11:33:25: === GModels ===
2019-07-25T11:33:25:  Number of models ..........: 2
2019-07-25T11:33:25:  Number of parameters ......: 11
2019-07-25T11:33:25: === GModelSky ===
2019-07-25T11:33:25:  Name ......................: source3c
2019-07-25T11:33:25:  Instruments ...............: all
2019-07-25T11:33:25:  Test Statistic ............: 69415.07
2019-07-25T11:33:25:  Observation identifiers ...: all
2019-07-25T11:33:25:  Model type ................: PointSource
2019-07-25T11:33:25:  Model components ..........: "PointSource" * "ExponentialCutoffPowerLaw" * "Constant"
2019-07-25T11:33:25:  Number of parameters ......: 7
2019-07-25T11:33:25:  Number of spatial par's ...: 2
2019-07-25T11:33:25:   RA .......................: 83.6331 [-360,360] deg (fixed,scale=1)
2019-07-25T11:33:25:   DEC ......................: 22.0145 [-90,90] deg (fixed,scale=1)
2019-07-25T11:33:25:  Number of spectral par's ..: 4
2019-07-25T11:33:25:   Prefactor ................: 2.20953415281632e-18 [1e-25,1e-15] ph/cm2/s/MeV (fixed,scale=1e-18,gradient)
2019-07-25T11:33:25:   Index ....................: -2.01584385277858 [-0,-5]  (fixed,scale=-1,gradient)
2019-07-25T11:33:25:   CutoffEnergy .............: 602998623.675847 +/- 367098845.067614 [1000000,100000000000] MeV (free,scale=100000000,gradient)
2019-07-25T11:33:25:   PivotEnergy ..............: 1000000 [10000,1000000000] MeV (fixed,scale=1000000,gradient)
2019-07-25T11:33:25:  Number of temporal par's ..: 1
2019-07-25T11:33:25:   Normalization ............: 1 (relative value) (fixed,scale=1,gradient)
2019-07-25T11:33:25:  Number of scale par's .....: 0
2019-07-25T11:33:25: === GCTAModelCubeBackground ===
2019-07-25T11:33:25:  Name ......................: BackgroundModel
2019-07-25T11:33:25:  Instruments ...............: CTA, HESS, MAGIC, VERITAS
2019-07-25T11:33:25:  Observation identifiers ...: all
2019-07-25T11:33:25:  Model type ................: "PowerLaw" * "Constant"
2019-07-25T11:33:25:  Number of parameters ......: 4
2019-07-25T11:33:25:  Number of spectral par's ..: 3
2019-07-25T11:33:25:   Prefactor ................: 0.925778948333316 [0.01,100] ph/cm2/s/MeV (fixed,scale=1,gradient)
2019-07-25T11:33:25:   Index ....................: -0.00535278130936083 [-5,5]  (fixed,scale=1,gradient)
2019-07-25T11:33:25:   PivotEnergy ..............: 1000000 MeV (fixed,scale=1000000,gradient)
2019-07-25T11:33:25:  Number of temporal par's ..: 1
2019-07-25T11:33:25:   Normalization ............: 1 (relative value) (fixed,scale=1,gradient)
2019-07-25T11:33:25: 
2019-07-25T11:33:25: +=============================+
2019-07-25T11:33:25: | Compute best-fit likelihood |
2019-07-25T11:33:25: +=============================+
2019-07-25T11:34:54: === GOptimizerLM ===
2019-07-25T11:34:54:  Optimized function value ..: -295460.831
2019-07-25T11:34:54:  Absolute precision ........: 0.005
2019-07-25T11:34:54:  Acceptable value decrease .: 2
2019-07-25T11:34:54:  Optimization status .......: converged
2019-07-25T11:34:54:  Number of parameters ......: 11
2019-07-25T11:34:54:  Number of free parameters .: 1
2019-07-25T11:34:54:  Number of iterations ......: 1
2019-07-25T11:34:54:  Lambda ....................: 0.0001
2019-07-25T11:34:54:  Maximum log likelihood ....: -295460.831
2019-07-25T11:34:54: === GModels ===
2019-07-25T11:34:54:  Number of models ..........: 2
2019-07-25T11:34:54:  Number of parameters ......: 11
2019-07-25T11:34:54: === GModelSky ===
2019-07-25T11:34:54:  Name ......................: source3c
2019-07-25T11:34:54:  Instruments ...............: all
2019-07-25T11:34:54:  Test Statistic ............: 69415.07
2019-07-25T11:34:54:  Observation identifiers ...: all
2019-07-25T11:34:54:  Model type ................: PointSource
2019-07-25T11:34:54:  Model components ..........: "PointSource" * "ExponentialCutoffPowerLaw" * "Constant"
2019-07-25T11:34:54:  Number of parameters ......: 7
2019-07-25T11:34:54:  Number of spatial par's ...: 2
2019-07-25T11:34:54:   RA .......................: 83.6331 [-360,360] deg (fixed,scale=1)
2019-07-25T11:34:54:   DEC ......................: 22.0145 [-90,90] deg (fixed,scale=1)
2019-07-25T11:34:54:  Number of spectral par's ..: 4
2019-07-25T11:34:54:   Prefactor ................: 2.20953415281632e-18 [1e-25,1e-15] ph/cm2/s/MeV (fixed,scale=1e-18,gradient)
2019-07-25T11:34:54:   Index ....................: -2.01584385277858 [-0,-5]  (fixed,scale=-1,gradient)
2019-07-25T11:34:54:   CutoffEnergy .............: 603492411.048573 +/- 265904321.994746 [1000000,100000000000] MeV (free,scale=100000000,gradient)
2019-07-25T11:34:54:   PivotEnergy ..............: 1000000 [10000,1000000000] MeV (fixed,scale=1000000,gradient)
2019-07-25T11:34:54:  Number of temporal par's ..: 1
2019-07-25T11:34:54:   Normalization ............: 1 (relative value) (fixed,scale=1,gradient)
2019-07-25T11:34:54:  Number of scale par's .....: 0
2019-07-25T11:34:54: === GCTAModelCubeBackground ===
2019-07-25T11:34:54:  Name ......................: BackgroundModel
2019-07-25T11:34:54:  Instruments ...............: CTA, HESS, MAGIC, VERITAS
2019-07-25T11:34:54:  Observation identifiers ...: all
2019-07-25T11:34:54:  Model type ................: "PowerLaw" * "Constant"
2019-07-25T11:34:54:  Number of parameters ......: 4
2019-07-25T11:34:54:  Number of spectral par's ..: 3
2019-07-25T11:34:54:   Prefactor ................: 0.925778948333316 [0.01,100] ph/cm2/s/MeV (fixed,scale=1,gradient)
2019-07-25T11:34:54:   Index ....................: -0.00535278130936083 [-5,5]  (fixed,scale=1,gradient)
2019-07-25T11:34:54:   PivotEnergy ..............: 1000000 MeV (fixed,scale=1000000,gradient)
2019-07-25T11:34:54:  Number of temporal par's ..: 1
2019-07-25T11:34:54:   Normalization ............: 1 (relative value) (fixed,scale=1,gradient)
2019-07-25T11:34:54: 
2019-07-25T11:34:54: +==============================================================+
2019-07-25T11:34:54: | Compute error for source "source3c" parameter "CutoffEnergy" |
2019-07-25T11:34:54: +==============================================================+
2019-07-25T11:34:54:  Confidence level ..........: 95 %
2019-07-25T11:34:54:  Log-likelihood difference .: 1.92073
2019-07-25T11:34:54:  Initial factor range ......: [0.01, 32.6253563099603]
2019-07-25T11:35:04:    Iteration 1 .............: [0.01, 6.03492411048573]
2019-07-25T11:35:14:    Iteration 2 .............: [3.02246205524286, 6.03492411048573]
2019-07-25T11:35:24:    Iteration 3 .............: [3.02246205524286, 4.5286930828643]
2019-07-25T11:35:33:    Iteration 4 .............: [3.02246205524286, 3.77557756905358]
2019-07-25T11:35:43:    Iteration 5 .............: [3.02246205524286, 3.39901981214822]
2019-07-25T11:35:53:    Iteration 6 .............: [3.02246205524286, 3.21074093369554]
2019-07-25T11:36:03:    Iteration 7 .............: [3.1166014944692, 3.21074093369554]
2019-07-25T11:36:13:    Iteration 8 .............: [3.16367121408237, 3.21074093369554]
2019-07-25T11:36:22:    Iteration 9 .............: [3.16367121408237, 3.18720607388896]
2019-07-25T11:36:32:    Iteration 1 .............: [6.03492411048573, 32.6253563099603]
2019-07-25T11:36:41:    Iteration 2 .............: [19.330140210223, 32.6253563099603]
2019-07-25T11:36:51:    Iteration 3 .............: [25.9777482600917, 32.6253563099603]
2019-07-25T11:37:01:    Iteration 4 .............: [29.301552285026, 32.6253563099603]
2019-07-25T11:37:11:    Iteration 5 .............: [30.9634542974932, 32.6253563099603]
2019-07-25T11:37:20:    Iteration 6 .............: [31.7944053037268, 32.6253563099603]
2019-07-25T11:37:30:    Iteration 7 .............: [32.2098808068435, 32.6253563099603]
2019-07-25T11:37:39:    Iteration 8 .............: [32.4176185584019, 32.6253563099603]
2019-07-25T11:37:49:    Iteration 9 .............: [32.5214874341811, 32.6253563099603]
2019-07-25T11:37:58:    Iteration 10 ............: [32.5734218720707, 32.6253563099603]
2019-07-25T11:38:07:    Iteration 11 ............: [32.5993890910155, 32.6253563099603]
2019-07-25T11:38:17:    Iteration 12 ............: [32.6123727004879, 32.6253563099603]
2019-07-25T11:38:26:    Iteration 13 ............: [32.6188645052241, 32.6253563099603]
2019-07-25T11:38:36:    Iteration 14 ............: [32.6221104075922, 32.6253563099603]
2019-07-25T11:38:46:    Iteration 15 ............: [32.6237333587763, 32.6253563099603]
2019-07-25T11:38:55:    Iteration 16 ............: [32.6245448343683, 32.6253563099603]
2019-07-25T11:39:05:    Iteration 17 ............: [32.6249505721643, 32.6253563099603]
2019-07-25T11:39:15:    Iteration 18 ............: [32.6251534410623, 32.6253563099603]
2019-07-25T11:39:24:    Iteration 19 ............: [32.6252548755113, 32.6253563099603]
2019-07-25T11:39:34:    Iteration 20 ............: [32.6253055927358, 32.6253563099603]
2019-07-25T11:39:43:    Iteration 21 ............: [32.6253309513481, 32.6253563099603]
2019-07-25T11:39:53:    Iteration 22 ............: [32.6253436306542, 32.6253563099603]
2019-07-25T11:40:02:    Iteration 23 ............: [32.6253499703073, 32.6253563099603]
2019-07-25T11:40:12:    Iteration 24 ............: [32.6253531401338, 32.6253563099603]
2019-07-25T11:40:22:    Iteration 25 ............: [32.6253547250471, 32.6253563099603]
2019-07-25T11:40:32:    Iteration 26 ............: [32.6253555175037, 32.6253563099603]
2019-07-25T11:40:32:  Lower parameter factor ....: 3.17544
2019-07-25T11:40:32:  Upper parameter factor ....: 32.6254
2019-07-25T11:40:32:  Error from curvature ......: 265904321.994746 MeV
2019-07-25T11:40:32:  Error from profile ........: 1472495863.48732 MeV
2019-07-25T11:40:32:  Negative profile error ....: 285948546.650006 MeV
2019-07-25T11:40:32:  Positive profile error ....: 2659043180.32463 MeV
2019-07-25T11:40:32: 
2019-07-25T11:40:32: +==============+
2019-07-25T11:40:32: | Save results |
2019-07-25T11:40:32: +==============+
2019-07-25T11:40:32:  Model definition file .....: NONE
2019-07-25T11:40:32: 
2019-07-25T11:40:32: Application "cterror" terminated after 428 wall clock seconds, consuming 579 seconds of CPU time.
