2019-07-25T10:24:00: ********************************************************************************
2019-07-25T10:24:00: *                                    cterror                                   *
2019-07-25T10:24:00: * ---------------------------------------------------------------------------- *
2019-07-25T10:24:00: * Version: 1.6.0                                                               *
2019-07-25T10:24:00: ********************************************************************************
2019-07-25T10:24:00: +============+
2019-07-25T10:24:00: | Parameters |
2019-07-25T10:24:00: +============+
2019-07-25T10:24:00:  inobs .....................: /cta/carli/CPPM_Internship/Simulations_and_Analyses/plus_gradient_AEff_South_z40_50h/source2a/obs_cube.fits
2019-07-25T10:24:00:  inmodel ...................: /cta/carli/CPPM_Internship/Simulations_and_Analyses/plus_gradient_AEff_South_z40_50h/source2a/obsmodel_binned.xml
2019-07-25T10:24:00:  srcname ...................: source2a
2019-07-25T10:24:00:  expcube ...................: /cta/carli/CPPM_Internship/Simulations_and_Analyses/plus_gradient_AEff_South_z40_50h/source2a/exposure_cube.fits
2019-07-25T10:24:00:  psfcube ...................: /cta/carli/CPPM_Internship/Simulations_and_Analyses/plus_gradient_AEff_South_z40_50h/source2a/PSF_cube.fits
2019-07-25T10:24:00:  edispcube .................: /cta/carli/CPPM_Internship/Simulations_and_Analyses/plus_gradient_AEff_South_z40_50h/source2a/edisp_cube.fits
2019-07-25T10:24:00:  bkgcube ...................: /cta/carli/CPPM_Internship/Simulations_and_Analyses/plus_gradient_AEff_South_z40_50h/source2a/background_cube.fits
2019-07-25T10:24:00:  caldb .....................: prod3b-v2
2019-07-25T10:24:00:  irf .......................: plus_gradient_AEff_South_z40_50h
2019-07-25T10:24:00:  edisp .....................: yes
2019-07-25T10:24:00:  outmodel ..................: 
2019-07-25T10:24:00:  confidence ................: 0.68
2019-07-25T10:24:00:  tol .......................: 1e-3
2019-07-25T10:24:00:  statistic .................: DEFAULT
2019-07-25T10:24:00:  like_accuracy .............: 0.005
2019-07-25T10:24:00:  max_iter ..................: 50
2019-07-25T10:24:00:  nthreads ..................: 0
2019-07-25T10:24:00:  chatter ...................: 4
2019-07-25T10:24:00:  clobber ...................: yes
2019-07-25T10:24:00:  debug .....................: no
2019-07-25T10:24:00:  mode ......................: ql
2019-07-25T10:24:00:  logfile ...................: cterror68.log
2019-07-25T10:24:00: 
2019-07-25T10:24:00: +===================+
2019-07-25T10:24:00: | Input observation |
2019-07-25T10:24:00: +===================+
2019-07-25T10:24:00: === GObservations ===
2019-07-25T10:24:00:  Number of observations ....: 1
2019-07-25T10:24:00:  Number of models ..........: 2
2019-07-25T10:24:00:  Number of observed events .: 309257
2019-07-25T10:24:00:  Number of predicted events : 0
2019-07-25T10:24:00: === GCTAObservation ===
2019-07-25T10:24:00:  Name ......................: 
2019-07-25T10:24:00:  Identifier ................: 000001
2019-07-25T10:24:00:  Instrument ................: CTA
2019-07-25T10:24:00:  Event file ................: /cta/carli/CPPM_Internship/Simulations_and_Analyses/plus_gradient_AEff_South_z40_50h/source2a/obs_cube.fits
2019-07-25T10:24:00:  Event type ................: CountsCube
2019-07-25T10:24:00:  Statistic .................: cstat
2019-07-25T10:24:00:  Ontime ....................: 144000 s
2019-07-25T10:24:00:  Livetime ..................: 141120 s
2019-07-25T10:24:00:  Deadtime correction .......: 0.98
2019-07-25T10:24:00:  User energy range .........: undefined
2019-07-25T10:24:00: === GCTAPointing ===
2019-07-25T10:24:00:  Pointing direction ........: (RA,Dec)=(84.1331,22.0145)
2019-07-25T10:24:00: === GCTAResponseCube ===
2019-07-25T10:24:00:  Energy dispersion .........: Used
2019-07-25T10:24:00: === GCTACubeExposure ===
2019-07-25T10:24:00:  Filename ..................: /cta/carli/CPPM_Internship/Simulations_and_Analyses/plus_gradient_AEff_South_z40_50h/source2a/exposure_cube.fits
2019-07-25T10:24:00:  Livetime ..................: 141120 sec
2019-07-25T10:24:00: === GEnergies ===
2019-07-25T10:24:00:  Number of energies ........: 33
2019-07-25T10:24:00: === GGti ===
2019-07-25T10:24:00:  Number of intervals .......: 1
2019-07-25T10:24:00:  Ontime ....................: 144000 sec
2019-07-25T10:24:00:  Elapsed time ..............: 144000 sec
2019-07-25T10:24:00:  MJD range .................: 51544.5 - 51546.1666666667 s (TT)
2019-07-25T10:24:00:  UTC range .................: 2000-01-01T11:58:56 - 2000-01-03T03:58:56 s (TT)
2019-07-25T10:24:00:  Reference MJD .............: 51544.5
2019-07-25T10:24:00: === GSkyMap ===
2019-07-25T10:24:00:  Number of pixels ..........: 6400
2019-07-25T10:24:00:  X axis dimension ..........: 80
2019-07-25T10:24:00:  Y axis dimension ..........: 80
2019-07-25T10:24:00:  Number of maps ............: 33
2019-07-25T10:24:00:  Shape of maps .............: (33)
2019-07-25T10:24:00: === GCTACubePsf ===
2019-07-25T10:24:00:  Filename ..................: /cta/carli/CPPM_Internship/Simulations_and_Analyses/plus_gradient_AEff_South_z40_50h/source2a/PSF_cube.fits
2019-07-25T10:24:00: === GEnergies ===
2019-07-25T10:24:00:  Number of energies ........: 33
2019-07-25T10:24:00:  Number of delta bins ......: 200
2019-07-25T10:24:00:  Delta range ...............: 1.875e-06 - 0.298501875 deg
2019-07-25T10:24:00: === GSkyMap ===
2019-07-25T10:24:00:  Number of pixels ..........: 1
2019-07-25T10:24:00:  X axis dimension ..........: 1
2019-07-25T10:24:00:  Y axis dimension ..........: 1
2019-07-25T10:24:00:  Number of maps ............: 6600
2019-07-25T10:24:00:  Shape of maps .............: (200, 33)
2019-07-25T10:24:00: === GCTACubeEdisp ===
2019-07-25T10:24:00:  Filename ..................: /cta/carli/CPPM_Internship/Simulations_and_Analyses/plus_gradient_AEff_South_z40_50h/source2a/edisp_cube.fits
2019-07-25T10:24:00: === GEnergies ===
2019-07-25T10:24:00:  Number of energies ........: 33
2019-07-25T10:24:00:  Number of migra bins ......: 100
2019-07-25T10:24:00:  Migra range ...............: 0.02 - 2
2019-07-25T10:24:00: === GSkyMap ===
2019-07-25T10:24:00:  Number of pixels ..........: 1
2019-07-25T10:24:00:  X axis dimension ..........: 1
2019-07-25T10:24:00:  Y axis dimension ..........: 1
2019-07-25T10:24:00:  Number of maps ............: 3300
2019-07-25T10:24:00:  Shape of maps .............: (100, 33)
2019-07-25T10:24:00: === GCTACubeBackground ===
2019-07-25T10:24:00:  Filename ..................: /cta/carli/CPPM_Internship/Simulations_and_Analyses/plus_gradient_AEff_South_z40_50h/source2a/background_cube.fits
2019-07-25T10:24:00: === GEbounds ===
2019-07-25T10:24:00:  Number of intervals .......: 32
2019-07-25T10:24:00:  Energy range ..............: 100 GeV - 199.526229858398 TeV
2019-07-25T10:24:00: === GSkyMap ===
2019-07-25T10:24:00:  Number of pixels ..........: 6400
2019-07-25T10:24:00:  X axis dimension ..........: 80
2019-07-25T10:24:00:  Y axis dimension ..........: 80
2019-07-25T10:24:00:  Number of maps ............: 32
2019-07-25T10:24:00:  Shape of maps .............: (32)
2019-07-25T10:24:00: === GCTAResponseCache ===
2019-07-25T10:24:00:  Number of cached values ...: 0
2019-07-25T10:24:00: === GCTAEventCube ===
2019-07-25T10:24:00:  Number of events ..........: 309257
2019-07-25T10:24:00:  Number of elements ........: 204800
2019-07-25T10:24:00:  Number of pixels ..........: 6400
2019-07-25T10:24:00:  Number of energy bins .....: 32
2019-07-25T10:24:00:  Time interval .............: 51544.5 - 51546.1666666667 days
2019-07-25T10:24:00:  Pointing ..................: (RA,Dec)=(84.1331,22.0145)
2019-07-25T10:24:00: === GEbounds ===
2019-07-25T10:24:00:  Number of intervals .......: 32
2019-07-25T10:24:00:  Energy range ..............: 100 GeV - 199.526229858398 TeV
2019-07-25T10:24:00: === GSkyMap ===
2019-07-25T10:24:00:  Number of pixels ..........: 6400
2019-07-25T10:24:00:  X axis dimension ..........: 80
2019-07-25T10:24:00:  Y axis dimension ..........: 80
2019-07-25T10:24:00:  Number of maps ............: 32
2019-07-25T10:24:00:  Shape of maps .............: (32)
2019-07-25T10:24:00: === GSkyRegions ===
2019-07-25T10:24:00:  Number of regions .........: 0
2019-07-25T10:24:00: === GModels ===
2019-07-25T10:24:00:  Number of models ..........: 2
2019-07-25T10:24:00:  Number of parameters ......: 11
2019-07-25T10:24:00: === GModelSky ===
2019-07-25T10:24:00:  Name ......................: source2a
2019-07-25T10:24:00:  Instruments ...............: all
2019-07-25T10:24:00:  Test Statistic ............: 15755.165
2019-07-25T10:24:00:  Observation identifiers ...: all
2019-07-25T10:24:00:  Model type ................: PointSource
2019-07-25T10:24:00:  Model components ..........: "PointSource" * "ExponentialCutoffPowerLaw" * "Constant"
2019-07-25T10:24:00:  Number of parameters ......: 7
2019-07-25T10:24:00:  Number of spatial par's ...: 2
2019-07-25T10:24:00:   RA .......................: 83.6331 [-360,360] deg (fixed,scale=1)
2019-07-25T10:24:00:   DEC ......................: 22.0145 [-90,90] deg (fixed,scale=1)
2019-07-25T10:24:00:  Number of spectral par's ..: 4
2019-07-25T10:24:00:   Prefactor ................: 7.3433189272062e-19 [1e-26,1e-16] ph/cm2/s/MeV (fixed,scale=1e-19,gradient)
2019-07-25T10:24:00:   Index ....................: -2.02714187278413 [-0,-5]  (fixed,scale=-1,gradient)
2019-07-25T10:24:00:   CutoffEnergy .............: 313523634.076618 +/- 188996435.113748 [1000000,100000000000] MeV (free,scale=100000000,gradient)
2019-07-25T10:24:00:   PivotEnergy ..............: 1000000 [10000,1000000000] MeV (fixed,scale=1000000,gradient)
2019-07-25T10:24:00:  Number of temporal par's ..: 1
2019-07-25T10:24:00:   Normalization ............: 1 (relative value) (fixed,scale=1,gradient)
2019-07-25T10:24:00:  Number of scale par's .....: 0
2019-07-25T10:24:00: === GCTAModelCubeBackground ===
2019-07-25T10:24:00:  Name ......................: BackgroundModel
2019-07-25T10:24:00:  Instruments ...............: CTA, HESS, MAGIC, VERITAS
2019-07-25T10:24:00:  Observation identifiers ...: all
2019-07-25T10:24:00:  Model type ................: "PowerLaw" * "Constant"
2019-07-25T10:24:00:  Number of parameters ......: 4
2019-07-25T10:24:00:  Number of spectral par's ..: 3
2019-07-25T10:24:00:   Prefactor ................: 0.992534402840005 [0.01,100] ph/cm2/s/MeV (fixed,scale=1,gradient)
2019-07-25T10:24:00:   Index ....................: -0.00387708281347984 [-5,5]  (fixed,scale=1,gradient)
2019-07-25T10:24:00:   PivotEnergy ..............: 1000000 MeV (fixed,scale=1000000,gradient)
2019-07-25T10:24:00:  Number of temporal par's ..: 1
2019-07-25T10:24:00:   Normalization ............: 1 (relative value) (fixed,scale=1,gradient)
2019-07-25T10:24:00: 
2019-07-25T10:24:00: +=============================+
2019-07-25T10:24:00: | Compute best-fit likelihood |
2019-07-25T10:24:00: +=============================+
2019-07-25T10:25:33: === GOptimizerLM ===
2019-07-25T10:25:33:  Optimized function value ..: -306603.108
2019-07-25T10:25:33:  Absolute precision ........: 0.005
2019-07-25T10:25:33:  Acceptable value decrease .: 2
2019-07-25T10:25:33:  Optimization status .......: converged
2019-07-25T10:25:33:  Number of parameters ......: 11
2019-07-25T10:25:33:  Number of free parameters .: 1
2019-07-25T10:25:33:  Number of iterations ......: 1
2019-07-25T10:25:33:  Lambda ....................: 0.0001
2019-07-25T10:25:33:  Maximum log likelihood ....: -306603.108
2019-07-25T10:25:33: === GModels ===
2019-07-25T10:25:33:  Number of models ..........: 2
2019-07-25T10:25:33:  Number of parameters ......: 11
2019-07-25T10:25:33: === GModelSky ===
2019-07-25T10:25:33:  Name ......................: source2a
2019-07-25T10:25:33:  Instruments ...............: all
2019-07-25T10:25:33:  Test Statistic ............: 15755.165
2019-07-25T10:25:33:  Observation identifiers ...: all
2019-07-25T10:25:33:  Model type ................: PointSource
2019-07-25T10:25:33:  Model components ..........: "PointSource" * "ExponentialCutoffPowerLaw" * "Constant"
2019-07-25T10:25:33:  Number of parameters ......: 7
2019-07-25T10:25:33:  Number of spatial par's ...: 2
2019-07-25T10:25:33:   RA .......................: 83.6331 [-360,360] deg (fixed,scale=1)
2019-07-25T10:25:33:   DEC ......................: 22.0145 [-90,90] deg (fixed,scale=1)
2019-07-25T10:25:33:  Number of spectral par's ..: 4
2019-07-25T10:25:33:   Prefactor ................: 7.3433189272062e-19 [1e-26,1e-16] ph/cm2/s/MeV (fixed,scale=1e-19,gradient)
2019-07-25T10:25:33:   Index ....................: -2.02714187278413 [-0,-5]  (fixed,scale=-1,gradient)
2019-07-25T10:25:33:   CutoffEnergy .............: 314195873.422511 +/- 133531727.018398 [1000000,100000000000] MeV (free,scale=100000000,gradient)
2019-07-25T10:25:33:   PivotEnergy ..............: 1000000 [10000,1000000000] MeV (fixed,scale=1000000,gradient)
2019-07-25T10:25:33:  Number of temporal par's ..: 1
2019-07-25T10:25:33:   Normalization ............: 1 (relative value) (fixed,scale=1,gradient)
2019-07-25T10:25:33:  Number of scale par's .....: 0
2019-07-25T10:25:33: === GCTAModelCubeBackground ===
2019-07-25T10:25:33:  Name ......................: BackgroundModel
2019-07-25T10:25:33:  Instruments ...............: CTA, HESS, MAGIC, VERITAS
2019-07-25T10:25:33:  Observation identifiers ...: all
2019-07-25T10:25:33:  Model type ................: "PowerLaw" * "Constant"
2019-07-25T10:25:33:  Number of parameters ......: 4
2019-07-25T10:25:33:  Number of spectral par's ..: 3
2019-07-25T10:25:33:   Prefactor ................: 0.992534402840005 [0.01,100] ph/cm2/s/MeV (fixed,scale=1,gradient)
2019-07-25T10:25:33:   Index ....................: -0.00387708281347984 [-5,5]  (fixed,scale=1,gradient)
2019-07-25T10:25:33:   PivotEnergy ..............: 1000000 MeV (fixed,scale=1000000,gradient)
2019-07-25T10:25:33:  Number of temporal par's ..: 1
2019-07-25T10:25:33:   Normalization ............: 1 (relative value) (fixed,scale=1,gradient)
2019-07-25T10:25:33: 
2019-07-25T10:25:33: +==============================================================+
2019-07-25T10:25:33: | Compute error for source "source2a" parameter "CutoffEnergy" |
2019-07-25T10:25:33: +==============================================================+
2019-07-25T10:25:33:  Confidence level ..........: 68 %
2019-07-25T10:25:33:  Log-likelihood difference .: 0.494473
2019-07-25T10:25:33:  Initial factor range ......: [0.01, 16.4951314360649]
2019-07-25T10:25:44:    Iteration 1 .............: [0.01, 3.14195873422511]
2019-07-25T10:25:54:    Iteration 2 .............: [1.57597936711255, 3.14195873422511]
2019-07-25T10:26:05:    Iteration 3 .............: [1.57597936711255, 2.35896905066883]
2019-07-25T10:26:15:    Iteration 4 .............: [1.96747420889069, 2.35896905066883]
2019-07-25T10:26:25:    Iteration 5 .............: [2.16322162977976, 2.35896905066883]
2019-07-25T10:26:36:    Iteration 6 .............: [2.16322162977976, 2.2610953402243]
2019-07-25T10:26:46:    Iteration 7 .............: [2.16322162977976, 2.21215848500203]
2019-07-25T10:26:56:    Iteration 8 .............: [2.16322162977976, 2.18769005739089]
2019-07-25T10:27:06:    Iteration 9 .............: [2.17545584358533, 2.18769005739089]
2019-07-25T10:27:17:    Iteration 1 .............: [3.14195873422511, 16.4951314360649]
2019-07-25T10:27:27:    Iteration 2 .............: [3.14195873422511, 9.81854508514502]
2019-07-25T10:27:37:    Iteration 3 .............: [3.14195873422511, 6.48025190968506]
2019-07-25T10:27:47:    Iteration 4 .............: [4.81110532195508, 6.48025190968506]
2019-07-25T10:27:57:    Iteration 5 .............: [4.81110532195508, 5.64567861582007]
2019-07-25T10:28:07:    Iteration 6 .............: [5.22839196888758, 5.64567861582007]
2019-07-25T10:28:17:    Iteration 7 .............: [5.43703529235383, 5.64567861582007]
2019-07-25T10:28:27:    Iteration 8 .............: [5.43703529235383, 5.54135695408695]
2019-07-25T10:28:38:    Iteration 9 .............: [5.43703529235383, 5.48919612322039]
2019-07-25T10:28:38:  Lower parameter factor ....: 2.18157
2019-07-25T10:28:38:  Upper parameter factor ....: 5.46312
2019-07-25T10:28:38:  Error from curvature ......: 133531727.018398 MeV
2019-07-25T10:28:38:  Error from profile ........: 164077137.86495 MeV
2019-07-25T10:28:38:  Negative profile error ....: 96038578.3736996 MeV
2019-07-25T10:28:38:  Positive profile error ....: 232115697.3562 MeV
2019-07-25T10:28:38: 
2019-07-25T10:28:38: +==============+
2019-07-25T10:28:38: | Save results |
2019-07-25T10:28:38: +==============+
2019-07-25T10:28:38:  Model definition file .....: NONE
2019-07-25T10:28:38: 
2019-07-25T10:28:38: Application "cterror" terminated after 279 wall clock seconds, consuming 346.99 seconds of CPU time.
