2019-07-25T10:28:39: ********************************************************************************
2019-07-25T10:28:39: *                                    cterror                                   *
2019-07-25T10:28:39: * ---------------------------------------------------------------------------- *
2019-07-25T10:28:39: * Version: 1.6.0                                                               *
2019-07-25T10:28:39: ********************************************************************************
2019-07-25T10:28:39: +============+
2019-07-25T10:28:39: | Parameters |
2019-07-25T10:28:39: +============+
2019-07-25T10:28:39:  inobs .....................: /cta/carli/CPPM_Internship/Simulations_and_Analyses/plus_gradient_AEff_South_z40_50h/source2a/obs_cube.fits
2019-07-25T10:28:39:  inmodel ...................: /cta/carli/CPPM_Internship/Simulations_and_Analyses/plus_gradient_AEff_South_z40_50h/source2a/obsmodel_binned.xml
2019-07-25T10:28:39:  srcname ...................: source2a
2019-07-25T10:28:39:  expcube ...................: /cta/carli/CPPM_Internship/Simulations_and_Analyses/plus_gradient_AEff_South_z40_50h/source2a/exposure_cube.fits
2019-07-25T10:28:39:  psfcube ...................: /cta/carli/CPPM_Internship/Simulations_and_Analyses/plus_gradient_AEff_South_z40_50h/source2a/PSF_cube.fits
2019-07-25T10:28:39:  edispcube .................: /cta/carli/CPPM_Internship/Simulations_and_Analyses/plus_gradient_AEff_South_z40_50h/source2a/edisp_cube.fits
2019-07-25T10:28:39:  bkgcube ...................: /cta/carli/CPPM_Internship/Simulations_and_Analyses/plus_gradient_AEff_South_z40_50h/source2a/background_cube.fits
2019-07-25T10:28:39:  caldb .....................: prod3b-v2
2019-07-25T10:28:39:  irf .......................: plus_gradient_AEff_South_z40_50h
2019-07-25T10:28:39:  edisp .....................: yes
2019-07-25T10:28:39:  outmodel ..................: 
2019-07-25T10:28:39:  confidence ................: 0.95
2019-07-25T10:28:39:  tol .......................: 1e-3
2019-07-25T10:28:39:  statistic .................: DEFAULT
2019-07-25T10:28:39:  like_accuracy .............: 0.005
2019-07-25T10:28:39:  max_iter ..................: 50
2019-07-25T10:28:39:  nthreads ..................: 0
2019-07-25T10:28:39:  chatter ...................: 4
2019-07-25T10:28:39:  clobber ...................: yes
2019-07-25T10:28:39:  debug .....................: no
2019-07-25T10:28:39:  mode ......................: ql
2019-07-25T10:28:39:  logfile ...................: cterror95.log
2019-07-25T10:28:39: 
2019-07-25T10:28:39: +===================+
2019-07-25T10:28:39: | Input observation |
2019-07-25T10:28:39: +===================+
2019-07-25T10:28:39: === GObservations ===
2019-07-25T10:28:39:  Number of observations ....: 1
2019-07-25T10:28:39:  Number of models ..........: 2
2019-07-25T10:28:39:  Number of observed events .: 309257
2019-07-25T10:28:39:  Number of predicted events : 0
2019-07-25T10:28:39: === GCTAObservation ===
2019-07-25T10:28:39:  Name ......................: 
2019-07-25T10:28:39:  Identifier ................: 000001
2019-07-25T10:28:39:  Instrument ................: CTA
2019-07-25T10:28:39:  Event file ................: /cta/carli/CPPM_Internship/Simulations_and_Analyses/plus_gradient_AEff_South_z40_50h/source2a/obs_cube.fits
2019-07-25T10:28:39:  Event type ................: CountsCube
2019-07-25T10:28:39:  Statistic .................: cstat
2019-07-25T10:28:39:  Ontime ....................: 144000 s
2019-07-25T10:28:39:  Livetime ..................: 141120 s
2019-07-25T10:28:39:  Deadtime correction .......: 0.98
2019-07-25T10:28:39:  User energy range .........: undefined
2019-07-25T10:28:39: === GCTAPointing ===
2019-07-25T10:28:39:  Pointing direction ........: (RA,Dec)=(84.1331,22.0145)
2019-07-25T10:28:39: === GCTAResponseCube ===
2019-07-25T10:28:39:  Energy dispersion .........: Used
2019-07-25T10:28:39: === GCTACubeExposure ===
2019-07-25T10:28:39:  Filename ..................: /cta/carli/CPPM_Internship/Simulations_and_Analyses/plus_gradient_AEff_South_z40_50h/source2a/exposure_cube.fits
2019-07-25T10:28:39:  Livetime ..................: 141120 sec
2019-07-25T10:28:39: === GEnergies ===
2019-07-25T10:28:39:  Number of energies ........: 33
2019-07-25T10:28:39: === GGti ===
2019-07-25T10:28:39:  Number of intervals .......: 1
2019-07-25T10:28:39:  Ontime ....................: 144000 sec
2019-07-25T10:28:39:  Elapsed time ..............: 144000 sec
2019-07-25T10:28:39:  MJD range .................: 51544.5 - 51546.1666666667 s (TT)
2019-07-25T10:28:39:  UTC range .................: 2000-01-01T11:58:56 - 2000-01-03T03:58:56 s (TT)
2019-07-25T10:28:39:  Reference MJD .............: 51544.5
2019-07-25T10:28:39: === GSkyMap ===
2019-07-25T10:28:39:  Number of pixels ..........: 6400
2019-07-25T10:28:39:  X axis dimension ..........: 80
2019-07-25T10:28:39:  Y axis dimension ..........: 80
2019-07-25T10:28:39:  Number of maps ............: 33
2019-07-25T10:28:39:  Shape of maps .............: (33)
2019-07-25T10:28:39: === GCTACubePsf ===
2019-07-25T10:28:39:  Filename ..................: /cta/carli/CPPM_Internship/Simulations_and_Analyses/plus_gradient_AEff_South_z40_50h/source2a/PSF_cube.fits
2019-07-25T10:28:39: === GEnergies ===
2019-07-25T10:28:39:  Number of energies ........: 33
2019-07-25T10:28:39:  Number of delta bins ......: 200
2019-07-25T10:28:39:  Delta range ...............: 1.875e-06 - 0.298501875 deg
2019-07-25T10:28:39: === GSkyMap ===
2019-07-25T10:28:39:  Number of pixels ..........: 1
2019-07-25T10:28:39:  X axis dimension ..........: 1
2019-07-25T10:28:39:  Y axis dimension ..........: 1
2019-07-25T10:28:39:  Number of maps ............: 6600
2019-07-25T10:28:39:  Shape of maps .............: (200, 33)
2019-07-25T10:28:39: === GCTACubeEdisp ===
2019-07-25T10:28:39:  Filename ..................: /cta/carli/CPPM_Internship/Simulations_and_Analyses/plus_gradient_AEff_South_z40_50h/source2a/edisp_cube.fits
2019-07-25T10:28:39: === GEnergies ===
2019-07-25T10:28:39:  Number of energies ........: 33
2019-07-25T10:28:39:  Number of migra bins ......: 100
2019-07-25T10:28:39:  Migra range ...............: 0.02 - 2
2019-07-25T10:28:39: === GSkyMap ===
2019-07-25T10:28:39:  Number of pixels ..........: 1
2019-07-25T10:28:39:  X axis dimension ..........: 1
2019-07-25T10:28:39:  Y axis dimension ..........: 1
2019-07-25T10:28:39:  Number of maps ............: 3300
2019-07-25T10:28:39:  Shape of maps .............: (100, 33)
2019-07-25T10:28:39: === GCTACubeBackground ===
2019-07-25T10:28:39:  Filename ..................: /cta/carli/CPPM_Internship/Simulations_and_Analyses/plus_gradient_AEff_South_z40_50h/source2a/background_cube.fits
2019-07-25T10:28:39: === GEbounds ===
2019-07-25T10:28:39:  Number of intervals .......: 32
2019-07-25T10:28:39:  Energy range ..............: 100 GeV - 199.526229858398 TeV
2019-07-25T10:28:39: === GSkyMap ===
2019-07-25T10:28:39:  Number of pixels ..........: 6400
2019-07-25T10:28:39:  X axis dimension ..........: 80
2019-07-25T10:28:39:  Y axis dimension ..........: 80
2019-07-25T10:28:39:  Number of maps ............: 32
2019-07-25T10:28:39:  Shape of maps .............: (32)
2019-07-25T10:28:39: === GCTAResponseCache ===
2019-07-25T10:28:39:  Number of cached values ...: 0
2019-07-25T10:28:39: === GCTAEventCube ===
2019-07-25T10:28:39:  Number of events ..........: 309257
2019-07-25T10:28:39:  Number of elements ........: 204800
2019-07-25T10:28:39:  Number of pixels ..........: 6400
2019-07-25T10:28:39:  Number of energy bins .....: 32
2019-07-25T10:28:39:  Time interval .............: 51544.5 - 51546.1666666667 days
2019-07-25T10:28:39:  Pointing ..................: (RA,Dec)=(84.1331,22.0145)
2019-07-25T10:28:39: === GEbounds ===
2019-07-25T10:28:39:  Number of intervals .......: 32
2019-07-25T10:28:39:  Energy range ..............: 100 GeV - 199.526229858398 TeV
2019-07-25T10:28:39: === GSkyMap ===
2019-07-25T10:28:39:  Number of pixels ..........: 6400
2019-07-25T10:28:39:  X axis dimension ..........: 80
2019-07-25T10:28:39:  Y axis dimension ..........: 80
2019-07-25T10:28:39:  Number of maps ............: 32
2019-07-25T10:28:39:  Shape of maps .............: (32)
2019-07-25T10:28:39: === GSkyRegions ===
2019-07-25T10:28:39:  Number of regions .........: 0
2019-07-25T10:28:39: === GModels ===
2019-07-25T10:28:39:  Number of models ..........: 2
2019-07-25T10:28:39:  Number of parameters ......: 11
2019-07-25T10:28:39: === GModelSky ===
2019-07-25T10:28:39:  Name ......................: source2a
2019-07-25T10:28:39:  Instruments ...............: all
2019-07-25T10:28:39:  Test Statistic ............: 15755.165
2019-07-25T10:28:39:  Observation identifiers ...: all
2019-07-25T10:28:39:  Model type ................: PointSource
2019-07-25T10:28:39:  Model components ..........: "PointSource" * "ExponentialCutoffPowerLaw" * "Constant"
2019-07-25T10:28:39:  Number of parameters ......: 7
2019-07-25T10:28:39:  Number of spatial par's ...: 2
2019-07-25T10:28:39:   RA .......................: 83.6331 [-360,360] deg (fixed,scale=1)
2019-07-25T10:28:39:   DEC ......................: 22.0145 [-90,90] deg (fixed,scale=1)
2019-07-25T10:28:39:  Number of spectral par's ..: 4
2019-07-25T10:28:39:   Prefactor ................: 7.3433189272062e-19 [1e-26,1e-16] ph/cm2/s/MeV (fixed,scale=1e-19,gradient)
2019-07-25T10:28:39:   Index ....................: -2.02714187278413 [-0,-5]  (fixed,scale=-1,gradient)
2019-07-25T10:28:39:   CutoffEnergy .............: 313523634.076618 +/- 188996435.113748 [1000000,100000000000] MeV (free,scale=100000000,gradient)
2019-07-25T10:28:39:   PivotEnergy ..............: 1000000 [10000,1000000000] MeV (fixed,scale=1000000,gradient)
2019-07-25T10:28:39:  Number of temporal par's ..: 1
2019-07-25T10:28:39:   Normalization ............: 1 (relative value) (fixed,scale=1,gradient)
2019-07-25T10:28:39:  Number of scale par's .....: 0
2019-07-25T10:28:39: === GCTAModelCubeBackground ===
2019-07-25T10:28:39:  Name ......................: BackgroundModel
2019-07-25T10:28:39:  Instruments ...............: CTA, HESS, MAGIC, VERITAS
2019-07-25T10:28:39:  Observation identifiers ...: all
2019-07-25T10:28:39:  Model type ................: "PowerLaw" * "Constant"
2019-07-25T10:28:39:  Number of parameters ......: 4
2019-07-25T10:28:39:  Number of spectral par's ..: 3
2019-07-25T10:28:39:   Prefactor ................: 0.992534402840005 [0.01,100] ph/cm2/s/MeV (fixed,scale=1,gradient)
2019-07-25T10:28:39:   Index ....................: -0.00387708281347984 [-5,5]  (fixed,scale=1,gradient)
2019-07-25T10:28:39:   PivotEnergy ..............: 1000000 MeV (fixed,scale=1000000,gradient)
2019-07-25T10:28:39:  Number of temporal par's ..: 1
2019-07-25T10:28:39:   Normalization ............: 1 (relative value) (fixed,scale=1,gradient)
2019-07-25T10:28:39: 
2019-07-25T10:28:39: +=============================+
2019-07-25T10:28:39: | Compute best-fit likelihood |
2019-07-25T10:28:39: +=============================+
2019-07-25T10:30:10: === GOptimizerLM ===
2019-07-25T10:30:10:  Optimized function value ..: -306603.108
2019-07-25T10:30:10:  Absolute precision ........: 0.005
2019-07-25T10:30:10:  Acceptable value decrease .: 2
2019-07-25T10:30:10:  Optimization status .......: converged
2019-07-25T10:30:10:  Number of parameters ......: 11
2019-07-25T10:30:10:  Number of free parameters .: 1
2019-07-25T10:30:10:  Number of iterations ......: 1
2019-07-25T10:30:10:  Lambda ....................: 0.0001
2019-07-25T10:30:10:  Maximum log likelihood ....: -306603.108
2019-07-25T10:30:10: === GModels ===
2019-07-25T10:30:10:  Number of models ..........: 2
2019-07-25T10:30:10:  Number of parameters ......: 11
2019-07-25T10:30:10: === GModelSky ===
2019-07-25T10:30:10:  Name ......................: source2a
2019-07-25T10:30:10:  Instruments ...............: all
2019-07-25T10:30:10:  Test Statistic ............: 15755.165
2019-07-25T10:30:10:  Observation identifiers ...: all
2019-07-25T10:30:10:  Model type ................: PointSource
2019-07-25T10:30:10:  Model components ..........: "PointSource" * "ExponentialCutoffPowerLaw" * "Constant"
2019-07-25T10:30:10:  Number of parameters ......: 7
2019-07-25T10:30:10:  Number of spatial par's ...: 2
2019-07-25T10:30:10:   RA .......................: 83.6331 [-360,360] deg (fixed,scale=1)
2019-07-25T10:30:10:   DEC ......................: 22.0145 [-90,90] deg (fixed,scale=1)
2019-07-25T10:30:10:  Number of spectral par's ..: 4
2019-07-25T10:30:10:   Prefactor ................: 7.3433189272062e-19 [1e-26,1e-16] ph/cm2/s/MeV (fixed,scale=1e-19,gradient)
2019-07-25T10:30:10:   Index ....................: -2.02714187278413 [-0,-5]  (fixed,scale=-1,gradient)
2019-07-25T10:30:10:   CutoffEnergy .............: 314195873.422511 +/- 133531727.018398 [1000000,100000000000] MeV (free,scale=100000000,gradient)
2019-07-25T10:30:10:   PivotEnergy ..............: 1000000 [10000,1000000000] MeV (fixed,scale=1000000,gradient)
2019-07-25T10:30:10:  Number of temporal par's ..: 1
2019-07-25T10:30:10:   Normalization ............: 1 (relative value) (fixed,scale=1,gradient)
2019-07-25T10:30:10:  Number of scale par's .....: 0
2019-07-25T10:30:10: === GCTAModelCubeBackground ===
2019-07-25T10:30:10:  Name ......................: BackgroundModel
2019-07-25T10:30:10:  Instruments ...............: CTA, HESS, MAGIC, VERITAS
2019-07-25T10:30:10:  Observation identifiers ...: all
2019-07-25T10:30:10:  Model type ................: "PowerLaw" * "Constant"
2019-07-25T10:30:10:  Number of parameters ......: 4
2019-07-25T10:30:10:  Number of spectral par's ..: 3
2019-07-25T10:30:10:   Prefactor ................: 0.992534402840005 [0.01,100] ph/cm2/s/MeV (fixed,scale=1,gradient)
2019-07-25T10:30:10:   Index ....................: -0.00387708281347984 [-5,5]  (fixed,scale=1,gradient)
2019-07-25T10:30:10:   PivotEnergy ..............: 1000000 MeV (fixed,scale=1000000,gradient)
2019-07-25T10:30:10:  Number of temporal par's ..: 1
2019-07-25T10:30:10:   Normalization ............: 1 (relative value) (fixed,scale=1,gradient)
2019-07-25T10:30:10: 
2019-07-25T10:30:10: +==============================================================+
2019-07-25T10:30:10: | Compute error for source "source2a" parameter "CutoffEnergy" |
2019-07-25T10:30:10: +==============================================================+
2019-07-25T10:30:10:  Confidence level ..........: 95 %
2019-07-25T10:30:10:  Log-likelihood difference .: 1.92073
2019-07-25T10:30:10:  Initial factor range ......: [0.01, 16.4951314360649]
2019-07-25T10:30:20:    Iteration 1 .............: [0.01, 3.14195873422511]
2019-07-25T10:30:31:    Iteration 2 .............: [1.57597936711255, 3.14195873422511]
2019-07-25T10:30:41:    Iteration 3 .............: [1.57597936711255, 2.35896905066883]
2019-07-25T10:30:52:    Iteration 4 .............: [1.57597936711255, 1.96747420889069]
2019-07-25T10:31:02:    Iteration 5 .............: [1.57597936711255, 1.77172678800162]
2019-07-25T10:31:12:    Iteration 6 .............: [1.57597936711255, 1.67385307755709]
2019-07-25T10:31:22:    Iteration 7 .............: [1.62491622233482, 1.67385307755709]
2019-07-25T10:31:33:    Iteration 8 .............: [1.64938464994595, 1.67385307755709]
2019-07-25T10:31:43:    Iteration 9 .............: [1.66161886375152, 1.67385307755709]
2019-07-25T10:31:53:    Iteration 10 ............: [1.6677359706543, 1.67385307755709]
2019-07-25T10:32:03:    Iteration 11 ............: [1.6677359706543, 1.6707945241057]
2019-07-25T10:32:14:    Iteration 12 ............: [1.6677359706543, 1.66926524738]
2019-07-25T10:32:24:    Iteration 13 ............: [1.6677359706543, 1.66850060901715]
2019-07-25T10:32:34:    Iteration 1 .............: [3.14195873422511, 16.4951314360649]
2019-07-25T10:32:45:    Iteration 2 .............: [9.81854508514502, 16.4951314360649]
2019-07-25T10:32:55:    Iteration 3 .............: [13.156838260605, 16.4951314360649]
2019-07-25T10:33:05:    Iteration 4 .............: [14.8259848483349, 16.4951314360649]
2019-07-25T10:33:15:    Iteration 5 .............: [15.6605581421999, 16.4951314360649]
2019-07-25T10:33:25:    Iteration 6 .............: [16.0778447891324, 16.4951314360649]
2019-07-25T10:33:35:    Iteration 7 .............: [16.2864881125987, 16.4951314360649]
2019-07-25T10:33:45:    Iteration 8 .............: [16.3908097743318, 16.4951314360649]
2019-07-25T10:33:55:    Iteration 9 .............: [16.4429706051984, 16.4951314360649]
2019-07-25T10:34:05:    Iteration 10 ............: [16.4690510206316, 16.4951314360649]
2019-07-25T10:34:15:    Iteration 11 ............: [16.4820912283483, 16.4951314360649]
2019-07-25T10:34:25:    Iteration 12 ............: [16.4886113322066, 16.4951314360649]
2019-07-25T10:34:35:    Iteration 13 ............: [16.4918713841358, 16.4951314360649]
2019-07-25T10:34:45:    Iteration 14 ............: [16.4935014101004, 16.4951314360649]
2019-07-25T10:34:56:    Iteration 15 ............: [16.4943164230826, 16.4951314360649]
2019-07-25T10:35:06:    Iteration 16 ............: [16.4947239295738, 16.4951314360649]
2019-07-25T10:35:17:    Iteration 17 ............: [16.4949276828194, 16.4951314360649]
2019-07-25T10:35:28:    Iteration 18 ............: [16.4950295594421, 16.4951314360649]
2019-07-25T10:35:38:    Iteration 19 ............: [16.4950804977535, 16.4951314360649]
2019-07-25T10:35:48:    Iteration 20 ............: [16.4951059669092, 16.4951314360649]
2019-07-25T10:35:59:    Iteration 21 ............: [16.4951187014871, 16.4951314360649]
2019-07-25T10:36:09:    Iteration 22 ............: [16.495125068776, 16.4951314360649]
2019-07-25T10:36:19:    Iteration 23 ............: [16.4951282524205, 16.4951314360649]
2019-07-25T10:36:29:    Iteration 24 ............: [16.4951298442427, 16.4951314360649]
2019-07-25T10:36:40:    Iteration 25 ............: [16.4951306401538, 16.4951314360649]
2019-07-25T10:36:40:  Lower parameter factor ....: 1.66812
2019-07-25T10:36:40:  Upper parameter factor ....: 16.4951
2019-07-25T10:36:40:  Error from curvature ......: 133531727.018398 MeV
2019-07-25T10:36:40:  Error from profile ........: 741350637.413682 MeV
2019-07-25T10:36:40:  Negative profile error ....: 147384044.438938 MeV
2019-07-25T10:36:40:  Positive profile error ....: 1335317230.38843 MeV
2019-07-25T10:36:40: 
2019-07-25T10:36:40: +==============+
2019-07-25T10:36:40: | Save results |
2019-07-25T10:36:40: +==============+
2019-07-25T10:36:40:  Model definition file .....: NONE
2019-07-25T10:36:40: 
2019-07-25T10:36:40: Application "cterror" terminated after 482 wall clock seconds, consuming 612.34 seconds of CPU time.
