2019-07-22T13:51:30: ********************************************************************************
2019-07-22T13:51:30: *                                   csresspec                                  *
2019-07-22T13:51:30: * ---------------------------------------------------------------------------- *
2019-07-22T13:51:30: * Version: 1.6.0                                                               *
2019-07-22T13:51:30: ********************************************************************************
2019-07-22T13:51:30: +============+
2019-07-22T13:51:30: | Parameters |
2019-07-22T13:51:30: +============+
2019-07-22T13:51:30:  inobs .....................: /cta/carli/CPPM_Internship/Simulations_and_Analyses/South_z40_50h/source1c/obs_cube.fits
2019-07-22T13:51:30:  inmodel ...................: /cta/carli/CPPM_Internship/Simulations_and_Analyses/South_z40_50h/source1c/obsmodel_binned.xml
2019-07-22T13:51:30:  modcube ...................: /cta/carli/CPPM_Internship/Simulations_and_Analyses/South_z40_50h/source1c/obsmodel_cube.fits
2019-07-22T13:51:30:  expcube ...................: /cta/carli/CPPM_Internship/Simulations_and_Analyses/South_z40_50h/source1c/exposure_cube.fits
2019-07-22T13:51:30:  psfcube ...................: /cta/carli/CPPM_Internship/Simulations_and_Analyses/South_z40_50h/source1c/PSF_cube.fits
2019-07-22T13:51:30:  edispcube .................: /cta/carli/CPPM_Internship/Simulations_and_Analyses/South_z40_50h/source1c/edisp_cube.fits
2019-07-22T13:51:30:  bkgcube ...................: /cta/carli/CPPM_Internship/Simulations_and_Analyses/South_z40_50h/source1c/background_cube.fits
2019-07-22T13:51:30:  caldb .....................: prod3b-v2
2019-07-22T13:51:30:  irf .......................: South_z40_50h
2019-07-22T13:51:30:  edisp .....................: yes
2019-07-22T13:51:30:  outfile ...................: /cta/carli/CPPM_Internship/Simulations_and_Analyses/South_z40_50h/source1c/residuals_binned.fits
2019-07-22T13:51:30:  statistic .................: DEFAULT
2019-07-22T13:51:30:  components ................: yes
2019-07-22T13:51:30:  ebinalg ...................: LOG
2019-07-22T13:51:30:  emin ......................: 0.1
2019-07-22T13:51:30:  emax ......................: 199.526229858398
2019-07-22T13:51:30:  enumbins ..................: 32
2019-07-22T13:51:30:  ebinfile ..................: [not queried]
2019-07-22T13:51:30:  stack .....................: [not queried]
2019-07-22T13:51:30:  coordsys ..................: [not queried]
2019-07-22T13:51:30:  proj ......................: [not queried]
2019-07-22T13:51:30:  xref ......................: [not queried]
2019-07-22T13:51:30:  yref ......................: [not queried]
2019-07-22T13:51:30:  nxpix .....................: [not queried]
2019-07-22T13:51:30:  nypix .....................: [not queried]
2019-07-22T13:51:30:  binsz .....................: [not queried]
2019-07-22T13:51:30:  mask ......................: no
2019-07-22T13:51:30:  ra ........................: [not queried]
2019-07-22T13:51:30:  dec .......................: [not queried]
2019-07-22T13:51:30:  rad .......................: [not queried]
2019-07-22T13:51:30:  regfile ...................: [not queried]
2019-07-22T13:51:30:  algorithm .................: SUB
2019-07-22T13:51:30:  publish ...................: no
2019-07-22T13:51:30:  chatter ...................: 4
2019-07-22T13:51:30:  clobber ...................: yes
2019-07-22T13:51:30:  debug .....................: no
2019-07-22T13:51:30:  mode ......................: ql
2019-07-22T13:51:30:  logfile ...................: csresspec.log
2019-07-22T13:51:30: 
2019-07-22T13:51:30: +====================+
2019-07-22T13:51:30: | Observation census |
2019-07-22T13:51:30: +====================+
2019-07-22T13:51:30:  Unbinned CTA observations .: 0
2019-07-22T13:51:30:  Binned CTA observations ...: 1
2019-07-22T13:51:30:  On/off CTA observations ...: 0
2019-07-22T13:51:30:  Other observations ........: 0
2019-07-22T13:51:30: 
2019-07-22T13:51:30: +=============+
2019-07-22T13:51:30: | Observation |
2019-07-22T13:51:30: +=============+
2019-07-22T13:51:30: === GObservations ===
2019-07-22T13:51:30:  Number of observations ....: 1
2019-07-22T13:51:30:  Number of models ..........: 2
2019-07-22T13:51:30:  Number of observed events .: 319902
2019-07-22T13:51:30:  Number of predicted events : 0
2019-07-22T13:51:30: === GCTAObservation ===
2019-07-22T13:51:30:  Name ......................: 
2019-07-22T13:51:30:  Identifier ................: 000001
2019-07-22T13:51:30:  Instrument ................: CTA
2019-07-22T13:51:30:  Event file ................: /cta/carli/CPPM_Internship/Simulations_and_Analyses/South_z40_50h/source1c/obs_cube.fits
2019-07-22T13:51:30:  Event type ................: CountsCube
2019-07-22T13:51:30:  Statistic .................: cstat
2019-07-22T13:51:30:  Ontime ....................: 144000 s
2019-07-22T13:51:30:  Livetime ..................: 141120 s
2019-07-22T13:51:30:  Deadtime correction .......: 0.98
2019-07-22T13:51:30:  User energy range .........: undefined
2019-07-22T13:51:30: === GCTAPointing ===
2019-07-22T13:51:30:  Pointing direction ........: (RA,Dec)=(84.1331,22.0145)
2019-07-22T13:51:30: === GCTAResponseCube ===
2019-07-22T13:51:30:  Energy dispersion .........: Not used
2019-07-22T13:51:30: === GCTACubeExposure ===
2019-07-22T13:51:30:  Filename ..................: /cta/carli/CPPM_Internship/Simulations_and_Analyses/South_z40_50h/source1c/exposure_cube.fits
2019-07-22T13:51:30:  Livetime ..................: 141120 sec
2019-07-22T13:51:30: === GEnergies ===
2019-07-22T13:51:30:  Number of energies ........: 33
2019-07-22T13:51:30: === GGti ===
2019-07-22T13:51:30:  Number of intervals .......: 1
2019-07-22T13:51:30:  Ontime ....................: 144000 sec
2019-07-22T13:51:30:  Elapsed time ..............: 144000 sec
2019-07-22T13:51:30:  MJD range .................: 51544.5 - 51546.1666666667 s (TT)
2019-07-22T13:51:30:  UTC range .................: 2000-01-01T11:58:56 - 2000-01-03T03:58:56 s (TT)
2019-07-22T13:51:30:  Reference MJD .............: 51544.5
2019-07-22T13:51:30: === GSkyMap ===
2019-07-22T13:51:30:  Number of pixels ..........: 6400
2019-07-22T13:51:30:  X axis dimension ..........: 80
2019-07-22T13:51:30:  Y axis dimension ..........: 80
2019-07-22T13:51:30:  Number of maps ............: 33
2019-07-22T13:51:30:  Shape of maps .............: (33)
2019-07-22T13:51:30: === GCTACubePsf ===
2019-07-22T13:51:30:  Filename ..................: /cta/carli/CPPM_Internship/Simulations_and_Analyses/South_z40_50h/source1c/PSF_cube.fits
2019-07-22T13:51:30: === GEnergies ===
2019-07-22T13:51:30:  Number of energies ........: 33
2019-07-22T13:51:30:  Number of delta bins ......: 200
2019-07-22T13:51:30:  Delta range ...............: 1.875e-06 - 0.298501875 deg
2019-07-22T13:51:30: === GSkyMap ===
2019-07-22T13:51:30:  Number of pixels ..........: 1
2019-07-22T13:51:30:  X axis dimension ..........: 1
2019-07-22T13:51:30:  Y axis dimension ..........: 1
2019-07-22T13:51:30:  Number of maps ............: 6600
2019-07-22T13:51:30:  Shape of maps .............: (200, 33)
2019-07-22T13:51:30: === GCTACubeEdisp ===
2019-07-22T13:51:30:  Filename ..................: /cta/carli/CPPM_Internship/Simulations_and_Analyses/South_z40_50h/source1c/edisp_cube.fits
2019-07-22T13:51:30: === GEnergies ===
2019-07-22T13:51:30:  Number of energies ........: 33
2019-07-22T13:51:30:  Number of migra bins ......: 100
2019-07-22T13:51:30:  Migra range ...............: 0.02 - 2
2019-07-22T13:51:30: === GSkyMap ===
2019-07-22T13:51:30:  Number of pixels ..........: 1
2019-07-22T13:51:30:  X axis dimension ..........: 1
2019-07-22T13:51:30:  Y axis dimension ..........: 1
2019-07-22T13:51:30:  Number of maps ............: 3300
2019-07-22T13:51:30:  Shape of maps .............: (100, 33)
2019-07-22T13:51:30: === GCTACubeBackground ===
2019-07-22T13:51:30:  Filename ..................: /cta/carli/CPPM_Internship/Simulations_and_Analyses/South_z40_50h/source1c/background_cube.fits
2019-07-22T13:51:30: === GEbounds ===
2019-07-22T13:51:30:  Number of intervals .......: 32
2019-07-22T13:51:30:  Energy range ..............: 100 GeV - 199.526229858398 TeV
2019-07-22T13:51:30: === GSkyMap ===
2019-07-22T13:51:30:  Number of pixels ..........: 6400
2019-07-22T13:51:30:  X axis dimension ..........: 80
2019-07-22T13:51:30:  Y axis dimension ..........: 80
2019-07-22T13:51:30:  Number of maps ............: 32
2019-07-22T13:51:30:  Shape of maps .............: (32)
2019-07-22T13:51:30: === GCTAResponseCache ===
2019-07-22T13:51:30:  Number of cached values ...: 0
2019-07-22T13:51:30: === GCTAEventCube ===
2019-07-22T13:51:30:  Number of events ..........: 319902
2019-07-22T13:51:30:  Number of elements ........: 204800
2019-07-22T13:51:30:  Number of pixels ..........: 6400
2019-07-22T13:51:30:  Number of energy bins .....: 32
2019-07-22T13:51:30:  Time interval .............: 51544.5 - 51546.1666666667 days
2019-07-22T13:51:30:  Pointing ..................: (RA,Dec)=(84.1331,22.0145)
2019-07-22T13:51:30: === GEbounds ===
2019-07-22T13:51:30:  Number of intervals .......: 32
2019-07-22T13:51:30:  Energy range ..............: 100 GeV - 199.526229858398 TeV
2019-07-22T13:51:30: === GSkyMap ===
2019-07-22T13:51:30:  Number of pixels ..........: 6400
2019-07-22T13:51:30:  X axis dimension ..........: 80
2019-07-22T13:51:30:  Y axis dimension ..........: 80
2019-07-22T13:51:30:  Number of maps ............: 32
2019-07-22T13:51:30:  Shape of maps .............: (32)
2019-07-22T13:51:30: === GSkyRegions ===
2019-07-22T13:51:30:  Number of regions .........: 0
2019-07-22T13:51:30: === GModels ===
2019-07-22T13:51:30:  Number of models ..........: 2
2019-07-22T13:51:30:  Number of parameters ......: 11
2019-07-22T13:51:30: === GModelSky ===
2019-07-22T13:51:30:  Name ......................: source1c
2019-07-22T13:51:30:  Instruments ...............: all
2019-07-22T13:51:30:  Test Statistic ............: 63263.643
2019-07-22T13:51:30:  Observation identifiers ...: all
2019-07-22T13:51:30:  Model type ................: PointSource
2019-07-22T13:51:30:  Model components ..........: "PointSource" * "ExponentialCutoffPowerLaw" * "Constant"
2019-07-22T13:51:30:  Number of parameters ......: 7
2019-07-22T13:51:30:  Number of spatial par's ...: 2
2019-07-22T13:51:30:   RA .......................: 83.6331 [-360,360] deg (fixed,scale=1)
2019-07-22T13:51:30:   DEC ......................: 22.0145 [-90,90] deg (fixed,scale=1)
2019-07-22T13:51:30:  Number of spectral par's ..: 4
2019-07-22T13:51:30:   Prefactor ................: 2.26078405220289e-18 +/- 2.27223768998813e-20 [1e-25,1e-15] ph/cm2/s/MeV (free,scale=1e-18,gradient)
2019-07-22T13:51:30:   Index ....................: -2.00435109071011 +/- 0.00912129311390188 [-0,-5]  (free,scale=-1,gradient)
2019-07-22T13:51:30:   CutoffEnergy .............: 56103459.210404 +/- 5385827.42744113 [100000,10000000000] MeV (free,scale=10000000,gradient)
2019-07-22T13:51:30:   PivotEnergy ..............: 1000000 [10000,1000000000] MeV (fixed,scale=1000000,gradient)
2019-07-22T13:51:30:  Number of temporal par's ..: 1
2019-07-22T13:51:30:   Normalization ............: 1 (relative value) (fixed,scale=1,gradient)
2019-07-22T13:51:30:  Number of scale par's .....: 0
2019-07-22T13:51:30: === GCTAModelCubeBackground ===
2019-07-22T13:51:30:  Name ......................: BackgroundModel
2019-07-22T13:51:30:  Instruments ...............: CTA, HESS, MAGIC, VERITAS
2019-07-22T13:51:30:  Observation identifiers ...: all
2019-07-22T13:51:30:  Model type ................: "PowerLaw" * "Constant"
2019-07-22T13:51:30:  Number of parameters ......: 4
2019-07-22T13:51:30:  Number of spectral par's ..: 3
2019-07-22T13:51:30:   Prefactor ................: 0.992742854808751 +/- 0.00441658294035395 [0.01,100] ph/cm2/s/MeV (free,scale=1,gradient)
2019-07-22T13:51:30:   Index ....................: -0.00364415185337058 +/- 0.00257389161227114 [-5,5]  (free,scale=1,gradient)
2019-07-22T13:51:30:   PivotEnergy ..............: 1000000 MeV (fixed,scale=1000000,gradient)
2019-07-22T13:51:30:  Number of temporal par's ..: 1
2019-07-22T13:51:30:   Normalization ............: 1 (relative value) (fixed,scale=1,gradient)
2019-07-22T13:51:30: 
2019-07-22T13:51:30: +=========================+
2019-07-22T13:51:30: | Processing Observations |
2019-07-22T13:51:30: +=========================+
2019-07-22T13:51:30: Computing model cube
2019-07-22T13:51:36: Computing counts, model, and residual spectra
2019-07-22T13:51:36:  Computing model component .: source1c
2019-07-22T13:51:40:  Computing model component .: BackgroundModel
2019-07-22T13:51:41: Filling residual table
2019-07-22T13:51:41: 
2019-07-22T13:51:41: +================+
2019-07-22T13:51:41: | Save residuals |
2019-07-22T13:51:41: +================+
2019-07-22T13:51:41:  Residuals file ............: /cta/carli/CPPM_Internship/Simulations_and_Analyses/South_z40_50h/source1c/residuals_binned.fits
2019-07-22T13:51:41: 
2019-07-22T13:51:41: Application "csresspec" terminated after 11 wall clock seconds, consuming 13.62 seconds of CPU time.
