2019-07-22T13:48:18: ********************************************************************************
2019-07-22T13:48:18: *                                    ctlike                                    *
2019-07-22T13:48:18: * ---------------------------------------------------------------------------- *
2019-07-22T13:48:18: * Version: 1.6.0                                                               *
2019-07-22T13:48:18: ********************************************************************************
2019-07-22T13:48:18: +============+
2019-07-22T13:48:18: | Parameters |
2019-07-22T13:48:18: +============+
2019-07-22T13:48:18:  inobs .....................: /cta/carli/CPPM_Internship/Simulations_and_Analyses/South_z40_50h/source1c/obs_cube.fits
2019-07-22T13:48:18:  inmodel ...................: sourcemodel_cube.xml
2019-07-22T13:48:18:  expcube ...................: /cta/carli/CPPM_Internship/Simulations_and_Analyses/South_z40_50h/source1c/exposure_cube.fits
2019-07-22T13:48:18:  psfcube ...................: /cta/carli/CPPM_Internship/Simulations_and_Analyses/South_z40_50h/source1c/PSF_cube.fits
2019-07-22T13:48:18:  edispcube .................: /cta/carli/CPPM_Internship/Simulations_and_Analyses/South_z40_50h/source1c/edisp_cube.fits
2019-07-22T13:48:18:  bkgcube ...................: /cta/carli/CPPM_Internship/Simulations_and_Analyses/South_z40_50h/source1c/background_cube.fits
2019-07-22T13:48:18:  caldb .....................: prod3b-v2
2019-07-22T13:48:18:  irf .......................: South_z40_50h
2019-07-22T13:48:18:  edisp .....................: yes
2019-07-22T13:48:18:  outmodel ..................: /cta/carli/CPPM_Internship/Simulations_and_Analyses/South_z40_50h/source1c/obsmodel_binned.xml
2019-07-22T13:48:18:  outcovmat .................: NONE
2019-07-22T13:48:18:  statistic .................: DEFAULT
2019-07-22T13:48:18:  refit .....................: no
2019-07-22T13:48:18:  like_accuracy .............: 0.005
2019-07-22T13:48:18:  max_iter ..................: 50
2019-07-22T13:48:18:  fix_spat_for_ts ...........: no
2019-07-22T13:48:18:  nthreads ..................: 0
2019-07-22T13:48:18:  chatter ...................: 4
2019-07-22T13:48:18:  clobber ...................: yes
2019-07-22T13:48:18:  debug .....................: no
2019-07-22T13:48:18:  mode ......................: ql
2019-07-22T13:48:18:  logfile ...................: ctlike.log
2019-07-22T13:48:18: 
2019-07-22T13:48:18: +===================+
2019-07-22T13:48:18: | Input observation |
2019-07-22T13:48:18: +===================+
2019-07-22T13:48:18: === GObservations ===
2019-07-22T13:48:18:  Number of observations ....: 1
2019-07-22T13:48:18:  Number of models ..........: 2
2019-07-22T13:48:18:  Number of observed events .: 319902
2019-07-22T13:48:18:  Number of predicted events : 0
2019-07-22T13:48:18: === GCTAObservation ===
2019-07-22T13:48:18:  Name ......................: 
2019-07-22T13:48:18:  Identifier ................: 000001
2019-07-22T13:48:18:  Instrument ................: CTA
2019-07-22T13:48:18:  Event file ................: /cta/carli/CPPM_Internship/Simulations_and_Analyses/South_z40_50h/source1c/obs_cube.fits
2019-07-22T13:48:18:  Event type ................: CountsCube
2019-07-22T13:48:18:  Statistic .................: cstat
2019-07-22T13:48:18:  Ontime ....................: 144000 s
2019-07-22T13:48:18:  Livetime ..................: 141120 s
2019-07-22T13:48:18:  Deadtime correction .......: 0.98
2019-07-22T13:48:18:  User energy range .........: undefined
2019-07-22T13:48:18: === GCTAPointing ===
2019-07-22T13:48:18:  Pointing direction ........: (RA,Dec)=(84.1331,22.0145)
2019-07-22T13:48:18: === GCTAResponseCube ===
2019-07-22T13:48:18:  Energy dispersion .........: Used
2019-07-22T13:48:18: === GCTACubeExposure ===
2019-07-22T13:48:18:  Filename ..................: /cta/carli/CPPM_Internship/Simulations_and_Analyses/South_z40_50h/source1c/exposure_cube.fits
2019-07-22T13:48:18:  Livetime ..................: 141120 sec
2019-07-22T13:48:18: === GEnergies ===
2019-07-22T13:48:18:  Number of energies ........: 33
2019-07-22T13:48:18: === GGti ===
2019-07-22T13:48:18:  Number of intervals .......: 1
2019-07-22T13:48:18:  Ontime ....................: 144000 sec
2019-07-22T13:48:18:  Elapsed time ..............: 144000 sec
2019-07-22T13:48:18:  MJD range .................: 51544.5 - 51546.1666666667 s (TT)
2019-07-22T13:48:18:  UTC range .................: 2000-01-01T11:58:56 - 2000-01-03T03:58:56 s (TT)
2019-07-22T13:48:18:  Reference MJD .............: 51544.5
2019-07-22T13:48:18: === GSkyMap ===
2019-07-22T13:48:18:  Number of pixels ..........: 6400
2019-07-22T13:48:18:  X axis dimension ..........: 80
2019-07-22T13:48:18:  Y axis dimension ..........: 80
2019-07-22T13:48:18:  Number of maps ............: 33
2019-07-22T13:48:18:  Shape of maps .............: (33)
2019-07-22T13:48:18: === GCTACubePsf ===
2019-07-22T13:48:18:  Filename ..................: /cta/carli/CPPM_Internship/Simulations_and_Analyses/South_z40_50h/source1c/PSF_cube.fits
2019-07-22T13:48:18: === GEnergies ===
2019-07-22T13:48:18:  Number of energies ........: 33
2019-07-22T13:48:18:  Number of delta bins ......: 200
2019-07-22T13:48:18:  Delta range ...............: 1.875e-06 - 0.298501875 deg
2019-07-22T13:48:18: === GSkyMap ===
2019-07-22T13:48:18:  Number of pixels ..........: 1
2019-07-22T13:48:18:  X axis dimension ..........: 1
2019-07-22T13:48:18:  Y axis dimension ..........: 1
2019-07-22T13:48:18:  Number of maps ............: 6600
2019-07-22T13:48:18:  Shape of maps .............: (200, 33)
2019-07-22T13:48:18: === GCTACubeEdisp ===
2019-07-22T13:48:18:  Filename ..................: /cta/carli/CPPM_Internship/Simulations_and_Analyses/South_z40_50h/source1c/edisp_cube.fits
2019-07-22T13:48:18: === GEnergies ===
2019-07-22T13:48:18:  Number of energies ........: 33
2019-07-22T13:48:18:  Number of migra bins ......: 100
2019-07-22T13:48:18:  Migra range ...............: 0.02 - 2
2019-07-22T13:48:18: === GSkyMap ===
2019-07-22T13:48:18:  Number of pixels ..........: 1
2019-07-22T13:48:18:  X axis dimension ..........: 1
2019-07-22T13:48:18:  Y axis dimension ..........: 1
2019-07-22T13:48:18:  Number of maps ............: 3300
2019-07-22T13:48:18:  Shape of maps .............: (100, 33)
2019-07-22T13:48:18: === GCTACubeBackground ===
2019-07-22T13:48:18:  Filename ..................: /cta/carli/CPPM_Internship/Simulations_and_Analyses/South_z40_50h/source1c/background_cube.fits
2019-07-22T13:48:18: === GEbounds ===
2019-07-22T13:48:18:  Number of intervals .......: 32
2019-07-22T13:48:18:  Energy range ..............: 100 GeV - 199.526229858398 TeV
2019-07-22T13:48:18: === GSkyMap ===
2019-07-22T13:48:18:  Number of pixels ..........: 6400
2019-07-22T13:48:18:  X axis dimension ..........: 80
2019-07-22T13:48:18:  Y axis dimension ..........: 80
2019-07-22T13:48:18:  Number of maps ............: 32
2019-07-22T13:48:18:  Shape of maps .............: (32)
2019-07-22T13:48:18: === GCTAResponseCache ===
2019-07-22T13:48:18:  Number of cached values ...: 0
2019-07-22T13:48:18: === GCTAEventCube ===
2019-07-22T13:48:18:  Number of events ..........: 319902
2019-07-22T13:48:18:  Number of elements ........: 204800
2019-07-22T13:48:18:  Number of pixels ..........: 6400
2019-07-22T13:48:18:  Number of energy bins .....: 32
2019-07-22T13:48:18:  Time interval .............: 51544.5 - 51546.1666666667 days
2019-07-22T13:48:18:  Pointing ..................: (RA,Dec)=(84.1331,22.0145)
2019-07-22T13:48:18: === GEbounds ===
2019-07-22T13:48:18:  Number of intervals .......: 32
2019-07-22T13:48:18:  Energy range ..............: 100 GeV - 199.526229858398 TeV
2019-07-22T13:48:18: === GSkyMap ===
2019-07-22T13:48:18:  Number of pixels ..........: 6400
2019-07-22T13:48:18:  X axis dimension ..........: 80
2019-07-22T13:48:18:  Y axis dimension ..........: 80
2019-07-22T13:48:18:  Number of maps ............: 32
2019-07-22T13:48:18:  Shape of maps .............: (32)
2019-07-22T13:48:18: === GSkyRegions ===
2019-07-22T13:48:18:  Number of regions .........: 0
2019-07-22T13:48:18: === GModels ===
2019-07-22T13:48:18:  Number of models ..........: 2
2019-07-22T13:48:18:  Number of parameters ......: 11
2019-07-22T13:48:18: === GModelSky ===
2019-07-22T13:48:18:  Name ......................: source1c
2019-07-22T13:48:18:  Instruments ...............: all
2019-07-22T13:48:18:  Test Statistic ............: Computation requested
2019-07-22T13:48:18:  Observation identifiers ...: all
2019-07-22T13:48:18:  Model type ................: PointSource
2019-07-22T13:48:18:  Model components ..........: "PointSource" * "ExponentialCutoffPowerLaw" * "Constant"
2019-07-22T13:48:18:  Number of parameters ......: 7
2019-07-22T13:48:18:  Number of spatial par's ...: 2
2019-07-22T13:48:18:   RA .......................: 83.6331 [-360,360] deg (fixed,scale=1)
2019-07-22T13:48:18:   DEC ......................: 22.0145 [-90,90] deg (fixed,scale=1)
2019-07-22T13:48:18:  Number of spectral par's ..: 4
2019-07-22T13:48:18:   Prefactor ................: 2.28e-18 +/- 0 [1e-25,1e-15] ph/cm2/s/MeV (free,scale=1e-18,gradient)
2019-07-22T13:48:18:   Index ....................: -2 +/- 0 [-0,-5]  (free,scale=-1,gradient)
2019-07-22T13:48:18:   CutoffEnergy .............: 50000000 +/- 0 [100000,10000000000] MeV (free,scale=10000000,gradient)
2019-07-22T13:48:18:   PivotEnergy ..............: 1000000 [10000,1000000000] MeV (fixed,scale=1000000,gradient)
2019-07-22T13:48:18:  Number of temporal par's ..: 1
2019-07-22T13:48:18:   Normalization ............: 1 (relative value) (fixed,scale=1,gradient)
2019-07-22T13:48:18:  Number of scale par's .....: 0
2019-07-22T13:48:18: === GCTAModelCubeBackground ===
2019-07-22T13:48:18:  Name ......................: BackgroundModel
2019-07-22T13:48:18:  Instruments ...............: CTA, HESS, MAGIC, VERITAS
2019-07-22T13:48:18:  Observation identifiers ...: all
2019-07-22T13:48:18:  Model type ................: "PowerLaw" * "Constant"
2019-07-22T13:48:18:  Number of parameters ......: 4
2019-07-22T13:48:18:  Number of spectral par's ..: 3
2019-07-22T13:48:18:   Prefactor ................: 1 +/- 0 [0.01,100] ph/cm2/s/MeV (free,scale=1,gradient)
2019-07-22T13:48:18:   Index ....................: 0 +/- 0 [-5,5]  (free,scale=1,gradient)
2019-07-22T13:48:18:   PivotEnergy ..............: 1000000 MeV (fixed,scale=1000000,gradient)
2019-07-22T13:48:18:  Number of temporal par's ..: 1
2019-07-22T13:48:18:   Normalization ............: 1 (relative value) (fixed,scale=1,gradient)
2019-07-22T13:48:18: 
2019-07-22T13:48:18: +=================================+
2019-07-22T13:48:18: | Maximum likelihood optimisation |
2019-07-22T13:48:18: +=================================+
2019-07-22T13:48:50:  >Iteration   0: -logL=-333437.198, Lambda=1.0e-03
2019-07-22T13:49:19:  >Iteration   1: -logL=-333439.377, Lambda=1.0e-03, delta=2.179, step=1.0e+00, max(|grad|)=19.065813 [Index:8]
2019-07-22T13:49:48:  >Iteration   2: -logL=-333439.420, Lambda=1.0e-04, delta=0.043, step=1.0e+00, max(|grad|)=1.309892 [Index:3]
2019-07-22T13:50:17:  >Iteration   3: -logL=-333439.421, Lambda=1.0e-05, delta=0.001, step=1.0e+00, max(|grad|)=0.080247 [Index:3]
2019-07-22T13:50:17:  
2019-07-22T13:50:17:  +==================+
2019-07-22T13:50:17:  | Curvature matrix |
2019-07-22T13:50:17:  +==================+
2019-07-22T13:50:17:  === GMatrixSparse ===
2019-07-22T13:50:17:   Number of rows ............: 11
2019-07-22T13:50:17:   Number of columns .........: 11
2019-07-22T13:50:17:   Number of nonzero elements : 25
2019-07-22T13:50:17:   Number of allocated cells .: 537
2019-07-22T13:50:17:   Memory block size .........: 512
2019-07-22T13:50:17:   Sparse matrix fill ........: 0.206611570247934
2019-07-22T13:50:17:   Pending element ...........: 0
2019-07-22T13:50:17:   Fill stack size ...........: 0 (none)
2019-07-22T13:50:17:   0, 0, 0, 0, 0, 0, 0, 0, 0, 0, 0
2019-07-22T13:50:17:   0, 0, 0, 0, 0, 0, 0, 0, 0, 0, 0
2019-07-22T13:50:17:   0, 0, 2431.1381005457, -872.387774464554, 54.4719782881961, 0, 0, 1655.91317879451, -2431.33020355574, 0, 0
2019-07-22T13:50:17:   0, 0, -872.387774464556, 22009.1036684996, -263.084054118726, 0, 0, 5589.15579007977, -10161.7162946437, 0, 0
2019-07-22T13:50:17:   0, 0, 54.4719782881961, -263.084054118726, 7.40704696880446, 0, 0, 4.51209247437205, 0.174637963790451, 0, 0
2019-07-22T13:50:17:   0, 0, 0, 0, 0, 0, 0, 0, 0, 0, 0
2019-07-22T13:50:17:   0, 0, 0, 0, 0, 0, 0, 0, 0, 0, 0
2019-07-22T13:50:17:   0, 0, 1655.91317879451, 5589.15579007977, 4.51209247437205, 0, 0, 302653.982343162, -473187.068204666, 0, 0
2019-07-22T13:50:17:   0, 0, -2431.33020355574, -10161.7162946437, 0.17463796379045, 0, 0, -473187.068204667, 890889.942565145, 0, 0
2019-07-22T13:50:17:   0, 0, 0, 0, 0, 0, 0, 0, 0, 0, 0
2019-07-22T13:50:17:   0, 0, 0, 0, 0, 0, 0, 0, 0, 0, 0
2019-07-22T13:50:47: 
2019-07-22T13:50:47: +====================================+
2019-07-22T13:50:47: | Maximum likelihood re-optimisation |
2019-07-22T13:50:47: +====================================+
2019-07-22T13:50:47:  >Iteration   0: -logL=-299988.852, Lambda=1.0e-03
2019-07-22T13:50:48:  >Iteration   1: -logL=-301658.952, Lambda=1.0e-03, delta=1670.100, step=1.0e+00, max(|grad|)=-6033.196882 [Prefactor:0]
2019-07-22T13:50:48:  >Iteration   2: -logL=-301806.058, Lambda=1.0e-04, delta=147.106, step=1.0e+00, max(|grad|)=-521.483041 [Prefactor:0]
2019-07-22T13:50:49:  >Iteration   3: -logL=-301807.595, Lambda=1.0e-05, delta=1.537, step=1.0e+00, max(|grad|)=-32.401108 [Index:1]
2019-07-22T13:50:49:  >Iteration   4: -logL=-301807.600, Lambda=1.0e-06, delta=0.005, step=1.0e+00, max(|grad|)=-3.065006 [Index:1]
2019-07-22T13:50:49: 
2019-07-22T13:50:49: +============================================+
2019-07-22T13:50:49: | Maximum likelihood re-optimisation results |
2019-07-22T13:50:49: +============================================+
2019-07-22T13:50:49: === GOptimizerLM ===
2019-07-22T13:50:49:  Optimized function value ..: -301807.600
2019-07-22T13:50:49:  Absolute precision ........: 0.005
2019-07-22T13:50:49:  Acceptable value decrease .: 2
2019-07-22T13:50:49:  Optimization status .......: converged
2019-07-22T13:50:49:  Number of parameters ......: 4
2019-07-22T13:50:49:  Number of free parameters .: 2
2019-07-22T13:50:49:  Number of iterations ......: 4
2019-07-22T13:50:49:  Lambda ....................: 1e-07
2019-07-22T13:50:49: 
2019-07-22T13:50:49: +=========================================+
2019-07-22T13:50:49: | Maximum likelihood optimisation results |
2019-07-22T13:50:49: +=========================================+
2019-07-22T13:50:49: === GOptimizerLM ===
2019-07-22T13:50:49:  Optimized function value ..: -333439.421
2019-07-22T13:50:49:  Absolute precision ........: 0.005
2019-07-22T13:50:49:  Acceptable value decrease .: 2
2019-07-22T13:50:49:  Optimization status .......: converged
2019-07-22T13:50:49:  Number of parameters ......: 11
2019-07-22T13:50:49:  Number of free parameters .: 5
2019-07-22T13:50:49:  Number of iterations ......: 3
2019-07-22T13:50:49:  Lambda ....................: 1e-06
2019-07-22T13:50:49:  Maximum log likelihood ....: 333439.421
2019-07-22T13:50:49:  Observed events  (Nobs) ...: 319902.000
2019-07-22T13:50:49:  Predicted events (Npred) ..: 318135.990 (Nobs - Npred = 1766.00959680759)
2019-07-22T13:50:49: === GModels ===
2019-07-22T13:50:49:  Number of models ..........: 2
2019-07-22T13:50:49:  Number of parameters ......: 11
2019-07-22T13:50:49: === GModelSky ===
2019-07-22T13:50:49:  Name ......................: source1c
2019-07-22T13:50:49:  Instruments ...............: all
2019-07-22T13:50:49:  Test Statistic ............: 63263.6426172446
2019-07-22T13:50:49:  Observation identifiers ...: all
2019-07-22T13:50:49:  Model type ................: PointSource
2019-07-22T13:50:49:  Model components ..........: "PointSource" * "ExponentialCutoffPowerLaw" * "Constant"
2019-07-22T13:50:49:  Number of parameters ......: 7
2019-07-22T13:50:49:  Number of spatial par's ...: 2
2019-07-22T13:50:49:   RA .......................: 83.6331 [-360,360] deg (fixed,scale=1)
2019-07-22T13:50:49:   DEC ......................: 22.0145 [-90,90] deg (fixed,scale=1)
2019-07-22T13:50:49:  Number of spectral par's ..: 4
2019-07-22T13:50:49:   Prefactor ................: 2.26078405220289e-18 +/- 2.27223768998813e-20 [1e-25,1e-15] ph/cm2/s/MeV (free,scale=1e-18,gradient)
2019-07-22T13:50:49:   Index ....................: -2.00435109071011 +/- 0.00912129311390188 [-0,-5]  (free,scale=-1,gradient)
2019-07-22T13:50:49:   CutoffEnergy .............: 56103459.210404 +/- 5385827.42744113 [100000,10000000000] MeV (free,scale=10000000,gradient)
2019-07-22T13:50:49:   PivotEnergy ..............: 1000000 [10000,1000000000] MeV (fixed,scale=1000000,gradient)
2019-07-22T13:50:49:  Number of temporal par's ..: 1
2019-07-22T13:50:49:   Normalization ............: 1 (relative value) (fixed,scale=1,gradient)
2019-07-22T13:50:49:  Number of scale par's .....: 0
2019-07-22T13:50:49: === GCTAModelCubeBackground ===
2019-07-22T13:50:49:  Name ......................: BackgroundModel
2019-07-22T13:50:49:  Instruments ...............: CTA, HESS, MAGIC, VERITAS
2019-07-22T13:50:49:  Observation identifiers ...: all
2019-07-22T13:50:49:  Model type ................: "PowerLaw" * "Constant"
2019-07-22T13:50:49:  Number of parameters ......: 4
2019-07-22T13:50:49:  Number of spectral par's ..: 3
2019-07-22T13:50:49:   Prefactor ................: 0.992742854808751 +/- 0.00441658294035395 [0.01,100] ph/cm2/s/MeV (free,scale=1,gradient)
2019-07-22T13:50:49:   Index ....................: -0.00364415185337058 +/- 0.00257389161227114 [-5,5]  (free,scale=1,gradient)
2019-07-22T13:50:49:   PivotEnergy ..............: 1000000 MeV (fixed,scale=1000000,gradient)
2019-07-22T13:50:49:  Number of temporal par's ..: 1
2019-07-22T13:50:49:   Normalization ............: 1 (relative value) (fixed,scale=1,gradient)
2019-07-22T13:50:49: 
2019-07-22T13:50:49: +==============+
2019-07-22T13:50:49: | Save results |
2019-07-22T13:50:49: +==============+
2019-07-22T13:50:49:  Model definition file .....: /cta/carli/CPPM_Internship/Simulations_and_Analyses/South_z40_50h/source1c/obsmodel_binned.xml
2019-07-22T13:50:49:  Covariance matrix file ....: NONE
2019-07-22T13:50:49: 
2019-07-22T13:50:49: Application "ctlike" terminated after 152 wall clock seconds, consuming 158.12 seconds of CPU time.
