2019-07-23T16:55:32: ********************************************************************************
2019-07-23T16:55:32: *                                  ctbutterfly                                 *
2019-07-23T16:55:32: * ---------------------------------------------------------------------------- *
2019-07-23T16:55:32: * Version: 1.6.0                                                               *
2019-07-23T16:55:32: ********************************************************************************
2019-07-23T16:55:32: +============+
2019-07-23T16:55:32: | Parameters |
2019-07-23T16:55:32: +============+
2019-07-23T16:55:32:  inobs .....................: /cta/carli/CPPM_Internship/Simulations_and_Analyses/plus_step_EDisp_South_z40_50h/source1d/obs_cube.fits
2019-07-23T16:55:32:  inmodel ...................: /cta/carli/CPPM_Internship/Simulations_and_Analyses/plus_step_EDisp_South_z40_50h/source1d/obsmodel_binned.xml
2019-07-23T16:55:32:  srcname ...................: source1d
2019-07-23T16:55:32:  expcube ...................: /cta/carli/CPPM_Internship/Simulations_and_Analyses/plus_step_EDisp_South_z40_50h/source1d/exposure_cube.fits
2019-07-23T16:55:32:  psfcube ...................: /cta/carli/CPPM_Internship/Simulations_and_Analyses/plus_step_EDisp_South_z40_50h/source1d/PSF_cube.fits
2019-07-23T16:55:32:  edispcube .................: /cta/carli/CPPM_Internship/Simulations_and_Analyses/plus_step_EDisp_South_z40_50h/source1d/edisp_cube.fits
2019-07-23T16:55:32:  bkgcube ...................: /cta/carli/CPPM_Internship/Simulations_and_Analyses/plus_step_EDisp_South_z40_50h/source1d/background_cube.fits
2019-07-23T16:55:32:  caldb .....................: prod3b-v2
2019-07-23T16:55:32:  irf .......................: South_z40_50h
2019-07-23T16:55:32:  edisp .....................: yes
2019-07-23T16:55:32:  outfile ...................: /cta/carli/CPPM_Internship/Simulations_and_Analyses/plus_step_EDisp_South_z40_50h/source1d/butterfly_binned.ascii
2019-07-23T16:55:32:  method ....................: GAUSSIAN
2019-07-23T16:55:32:  fit .......................: no
2019-07-23T16:55:32:  confidence ................: 0.68
2019-07-23T16:55:32:  statistic .................: DEFAULT
2019-07-23T16:55:32:  like_accuracy .............: 0.005
2019-07-23T16:55:32:  max_iter ..................: 50
2019-07-23T16:55:32:  matrix ....................: NONE
2019-07-23T16:55:32:  ebinalg ...................: LOG
2019-07-23T16:55:32:  emin ......................: 0.1
2019-07-23T16:55:32:  emax ......................: 199.526229858398
2019-07-23T16:55:32:  enumbins ..................: 32
2019-07-23T16:55:32:  ebinfile ..................: [not queried]
2019-07-23T16:55:32:  chatter ...................: 4
2019-07-23T16:55:32:  clobber ...................: yes
2019-07-23T16:55:32:  debug .....................: no
2019-07-23T16:55:32:  mode ......................: ql
2019-07-23T16:55:32:  logfile ...................: ctbutterfly.log
2019-07-23T16:55:32: 
2019-07-23T16:55:32: +===================+
2019-07-23T16:55:32: | Input observation |
2019-07-23T16:55:32: +===================+
2019-07-23T16:55:32: === GObservations ===
2019-07-23T16:55:32:  Number of observations ....: 1
2019-07-23T16:55:32:  Number of models ..........: 2
2019-07-23T16:55:32:  Number of observed events .: 325431
2019-07-23T16:55:32:  Number of predicted events : 0
2019-07-23T16:55:32: === GCTAObservation ===
2019-07-23T16:55:32:  Name ......................: 
2019-07-23T16:55:32:  Identifier ................: 000001
2019-07-23T16:55:32:  Instrument ................: CTA
2019-07-23T16:55:32:  Event file ................: /cta/carli/CPPM_Internship/Simulations_and_Analyses/plus_step_EDisp_South_z40_50h/source1d/obs_cube.fits
2019-07-23T16:55:32:  Event type ................: CountsCube
2019-07-23T16:55:32:  Statistic .................: cstat
2019-07-23T16:55:32:  Ontime ....................: 144000 s
2019-07-23T16:55:32:  Livetime ..................: 141120 s
2019-07-23T16:55:32:  Deadtime correction .......: 0.98
2019-07-23T16:55:32:  User energy range .........: undefined
2019-07-23T16:55:32: === GCTAPointing ===
2019-07-23T16:55:32:  Pointing direction ........: (RA,Dec)=(84.1331,22.0145)
2019-07-23T16:55:32: === GCTAResponseCube ===
2019-07-23T16:55:32:  Energy dispersion .........: Used
2019-07-23T16:55:32: === GCTACubeExposure ===
2019-07-23T16:55:32:  Filename ..................: /cta/carli/CPPM_Internship/Simulations_and_Analyses/plus_step_EDisp_South_z40_50h/source1d/exposure_cube.fits
2019-07-23T16:55:32:  Livetime ..................: 141120 sec
2019-07-23T16:55:32: === GEnergies ===
2019-07-23T16:55:32:  Number of energies ........: 33
2019-07-23T16:55:32: === GGti ===
2019-07-23T16:55:32:  Number of intervals .......: 1
2019-07-23T16:55:32:  Ontime ....................: 144000 sec
2019-07-23T16:55:32:  Elapsed time ..............: 144000 sec
2019-07-23T16:55:32:  MJD range .................: 51544.5 - 51546.1666666667 s (TT)
2019-07-23T16:55:32:  UTC range .................: 2000-01-01T11:58:56 - 2000-01-03T03:58:56 s (TT)
2019-07-23T16:55:32:  Reference MJD .............: 51544.5
2019-07-23T16:55:32: === GSkyMap ===
2019-07-23T16:55:32:  Number of pixels ..........: 6400
2019-07-23T16:55:32:  X axis dimension ..........: 80
2019-07-23T16:55:32:  Y axis dimension ..........: 80
2019-07-23T16:55:32:  Number of maps ............: 33
2019-07-23T16:55:32:  Shape of maps .............: (33)
2019-07-23T16:55:32: === GCTACubePsf ===
2019-07-23T16:55:32:  Filename ..................: /cta/carli/CPPM_Internship/Simulations_and_Analyses/plus_step_EDisp_South_z40_50h/source1d/PSF_cube.fits
2019-07-23T16:55:32: === GEnergies ===
2019-07-23T16:55:32:  Number of energies ........: 33
2019-07-23T16:55:32:  Number of delta bins ......: 200
2019-07-23T16:55:32:  Delta range ...............: 1.875e-06 - 0.298501875 deg
2019-07-23T16:55:32: === GSkyMap ===
2019-07-23T16:55:32:  Number of pixels ..........: 1
2019-07-23T16:55:32:  X axis dimension ..........: 1
2019-07-23T16:55:32:  Y axis dimension ..........: 1
2019-07-23T16:55:32:  Number of maps ............: 6600
2019-07-23T16:55:32:  Shape of maps .............: (200, 33)
2019-07-23T16:55:32: === GCTACubeEdisp ===
2019-07-23T16:55:32:  Filename ..................: /cta/carli/CPPM_Internship/Simulations_and_Analyses/plus_step_EDisp_South_z40_50h/source1d/edisp_cube.fits
2019-07-23T16:55:32: === GEnergies ===
2019-07-23T16:55:32:  Number of energies ........: 33
2019-07-23T16:55:32:  Number of migra bins ......: 100
2019-07-23T16:55:32:  Migra range ...............: 0.02 - 2
2019-07-23T16:55:32: === GSkyMap ===
2019-07-23T16:55:32:  Number of pixels ..........: 1
2019-07-23T16:55:32:  X axis dimension ..........: 1
2019-07-23T16:55:32:  Y axis dimension ..........: 1
2019-07-23T16:55:32:  Number of maps ............: 3300
2019-07-23T16:55:32:  Shape of maps .............: (100, 33)
2019-07-23T16:55:32: === GCTACubeBackground ===
2019-07-23T16:55:32:  Filename ..................: /cta/carli/CPPM_Internship/Simulations_and_Analyses/plus_step_EDisp_South_z40_50h/source1d/background_cube.fits
2019-07-23T16:55:32: === GEbounds ===
2019-07-23T16:55:32:  Number of intervals .......: 32
2019-07-23T16:55:32:  Energy range ..............: 100 GeV - 199.526229858398 TeV
2019-07-23T16:55:32: === GSkyMap ===
2019-07-23T16:55:32:  Number of pixels ..........: 6400
2019-07-23T16:55:32:  X axis dimension ..........: 80
2019-07-23T16:55:32:  Y axis dimension ..........: 80
2019-07-23T16:55:32:  Number of maps ............: 32
2019-07-23T16:55:32:  Shape of maps .............: (32)
2019-07-23T16:55:32: === GCTAResponseCache ===
2019-07-23T16:55:32:  Number of cached values ...: 0
2019-07-23T16:55:32: === GCTAEventCube ===
2019-07-23T16:55:32:  Number of events ..........: 325431
2019-07-23T16:55:32:  Number of elements ........: 204800
2019-07-23T16:55:32:  Number of pixels ..........: 6400
2019-07-23T16:55:32:  Number of energy bins .....: 32
2019-07-23T16:55:32:  Time interval .............: 51544.5 - 51546.1666666667 days
2019-07-23T16:55:32:  Pointing ..................: (RA,Dec)=(84.1331,22.0145)
2019-07-23T16:55:32: === GEbounds ===
2019-07-23T16:55:32:  Number of intervals .......: 32
2019-07-23T16:55:32:  Energy range ..............: 100 GeV - 199.526229858398 TeV
2019-07-23T16:55:32: === GSkyMap ===
2019-07-23T16:55:32:  Number of pixels ..........: 6400
2019-07-23T16:55:32:  X axis dimension ..........: 80
2019-07-23T16:55:32:  Y axis dimension ..........: 80
2019-07-23T16:55:32:  Number of maps ............: 32
2019-07-23T16:55:32:  Shape of maps .............: (32)
2019-07-23T16:55:32: === GSkyRegions ===
2019-07-23T16:55:32:  Number of regions .........: 0
2019-07-23T16:55:32: === GModels ===
2019-07-23T16:55:32:  Number of models ..........: 2
2019-07-23T16:55:32:  Number of parameters ......: 11
2019-07-23T16:55:32: === GModelSky ===
2019-07-23T16:55:32:  Name ......................: source1d
2019-07-23T16:55:32:  Instruments ...............: all
2019-07-23T16:55:32:  Test Statistic ............: 92488.928
2019-07-23T16:55:32:  Observation identifiers ...: all
2019-07-23T16:55:32:  Model type ................: PointSource
2019-07-23T16:55:32:  Model components ..........: "PointSource" * "ExponentialCutoffPowerLaw" * "Constant"
2019-07-23T16:55:32:  Number of parameters ......: 7
2019-07-23T16:55:32:  Number of spatial par's ...: 2
2019-07-23T16:55:32:   RA .......................: 83.6331 [-360,360] deg (fixed,scale=1)
2019-07-23T16:55:32:   DEC ......................: 22.0145 [-90,90] deg (fixed,scale=1)
2019-07-23T16:55:32:  Number of spectral par's ..: 4
2019-07-23T16:55:32:   Prefactor ................: 3.00936857824033e-18 +/- 2.57971927354046e-20 [1e-25,1e-15] ph/cm2/s/MeV (free,scale=1e-18,gradient)
2019-07-23T16:55:32:   Index ....................: -2.02084437630965 +/- 0.00755558738691311 [-0,-5]  (free,scale=-1,gradient)
2019-07-23T16:55:32:   CutoffEnergy .............: 68263516.3935596 +/- 6675062.88608868 [100000,10000000000] MeV (free,scale=10000000,gradient)
2019-07-23T16:55:32:   PivotEnergy ..............: 1000000 [10000,1000000000] MeV (fixed,scale=1000000,gradient)
2019-07-23T16:55:32:  Number of temporal par's ..: 1
2019-07-23T16:55:32:   Normalization ............: 1 (relative value) (fixed,scale=1,gradient)
2019-07-23T16:55:32:  Number of scale par's .....: 0
2019-07-23T16:55:32: === GCTAModelCubeBackground ===
2019-07-23T16:55:32:  Name ......................: BackgroundModel
2019-07-23T16:55:32:  Instruments ...............: CTA, HESS, MAGIC, VERITAS
2019-07-23T16:55:32:  Observation identifiers ...: all
2019-07-23T16:55:32:  Model type ................: "PowerLaw" * "Constant"
2019-07-23T16:55:32:  Number of parameters ......: 4
2019-07-23T16:55:32:  Number of spectral par's ..: 3
2019-07-23T16:55:32:   Prefactor ................: 0.970020417389615 +/- 0.00437543748311394 [0.01,100] ph/cm2/s/MeV (free,scale=1,gradient)
2019-07-23T16:55:32:   Index ....................: -0.0181718295093929 +/- 0.00260534903181497 [-5,5]  (free,scale=1,gradient)
2019-07-23T16:55:32:   PivotEnergy ..............: 1000000 MeV (fixed,scale=1000000,gradient)
2019-07-23T16:55:32:  Number of temporal par's ..: 1
2019-07-23T16:55:32:   Normalization ............: 1 (relative value) (fixed,scale=1,gradient)
2019-07-23T16:55:32: 
2019-07-23T16:55:32: +===========================+
2019-07-23T16:55:32: | Compute covariance matrix |
2019-07-23T16:55:32: +===========================+
2019-07-23T16:56:04: === GMatrixSparse ===
2019-07-23T16:56:04:  Number of rows ............: 11
2019-07-23T16:56:04:  Number of columns .........: 11
2019-07-23T16:56:04:  Number of nonzero elements : 25
2019-07-23T16:56:04:  Number of allocated cells .: 512
2019-07-23T16:56:04:  Memory block size .........: 512
2019-07-23T16:56:04:  Sparse matrix fill ........: 0.206611570247934
2019-07-23T16:56:04:  Pending element ...........: 0
2019-07-23T16:56:04:  Fill stack size ...........: 0 (none)
2019-07-23T16:56:04:  0, 0, 0, 0, 0, 0, 0, 0, 0, 0, 0
2019-07-23T16:56:04:  0, 0, 0, 0, 0, 0, 0, 0, 0, 0, 0
2019-07-23T16:56:04:  0, 0, 6.65495153025394e-40, 4.88860184528761e-23, -7.83157628391858e-14, 0, 0, -3.07181300652671e-24, -6.88828739101417e-25, 0, 0
2019-07-23T16:56:04:  0, 0, 4.88860184528761e-23, 5.70869007609763e-05, -33478.621908562, 0, 0, 1.61846064943531e-07, -5.9215876493385e-07, 0, 0
2019-07-23T16:56:04:  0, 0, -7.83157628391858e-14, -33478.621908562, 44556464532963.1, 0, 0, 41.2703998183109, 298.303344650218, 0, 0
2019-07-23T16:56:04:  0, 0, 0, 0, 0, 0, 0, 0, 0, 0, 0
2019-07-23T16:56:04:  0, 0, 0, 0, 0, 0, 0, 0, 0, 0, 0
2019-07-23T16:56:04:  0, 0, -3.07181300652671e-24, 1.61846064943532e-07, 41.2703998183105, 0, 0, 1.91444531686358e-05, 1.04043915039802e-05, 0, 0
2019-07-23T16:56:04:  0, 0, -6.88828739101417e-25, -5.9215876493385e-07, 298.303344650218, 0, 0, 1.04043915039802e-05, 6.7878435775775e-06, 0, 0
2019-07-23T16:56:04:  0, 0, 0, 0, 0, 0, 0, 0, 0, 0, 0
2019-07-23T16:56:04:  0, 0, 0, 0, 0, 0, 0, 0, 0, 0, 0
2019-07-23T16:56:04: 
2019-07-23T16:56:04: +===============================+
2019-07-23T16:56:04: | Prepare butterfly computation |
2019-07-23T16:56:04: +===============================+
2019-07-23T16:56:04:  Confidence level ..........: 0.68
2019-07-23T16:56:04:  Corresponding scaling .....: 0.994458
2019-07-23T16:56:04: 
2019-07-23T16:56:04: +====================+
2019-07-23T16:56:04: | Generate butterfly |
2019-07-23T16:56:04: +====================+
2019-07-23T16:56:04: 
2019-07-23T16:56:04: +=========+
2019-07-23T16:56:04: | Results |
2019-07-23T16:56:04: +=========+
2019-07-23T16:56:04:  Intensity at 112606.251051226 MeV : 2.47972526018884e-16 (2.43867608970001e-16, 2.52077443067767e-16) ph/cm2/s/MeV
2019-07-23T16:56:04:  Intensity at 142786.615593472 MeV : 1.53395274747652e-16 (1.51087046779844e-16, 1.5570350271546e-16) ph/cm2/s/MeV
2019-07-23T16:56:04:  Intensity at 181055.824186555 MeV : 9.48787459306041e-17 (9.35878836937966e-17, 9.61696081674115e-17) ph/cm2/s/MeV
2019-07-23T16:56:04:  Intensity at 229581.822747338 MeV : 5.86760183642655e-17 (5.79573672841527e-17, 5.93946694443783e-17) ph/cm2/s/MeV
2019-07-23T16:56:04:  Intensity at 291113.603071291 MeV : 3.628019333844e-17 (3.58810160729429e-17, 3.66793706039371e-17) ph/cm2/s/MeV
2019-07-23T16:56:04:  Intensity at 369136.932876502 MeV : 2.24271263600403e-17 (2.22049400141478e-17, 2.26493127059329e-17) ph/cm2/s/MeV
2019-07-23T16:56:04:  Intensity at 468071.824112259 MeV : 1.3859406318575e-17 (1.37345646118493e-17, 1.39842480253006e-17) ph/cm2/s/MeV
2019-07-23T16:56:04:  Intensity at 593522.926087366 MeV : 8.56144217184698e-18 (8.48989725888355e-18, 8.6329870848104e-18) ph/cm2/s/MeV
2019-07-23T16:56:04:  Intensity at 752597.028157849 MeV : 5.28609930346992e-18 (5.24381830350742e-18, 5.32838030343242e-18) ph/cm2/s/MeV
2019-07-23T16:56:04:  Intensity at 954305.65846188 MeV : 3.26176347456768e-18 (3.23582602588929e-18, 3.28770092324606e-18) ph/cm2/s/MeV
2019-07-23T16:56:04:  Intensity at 1210075.58587031 MeV : 2.01106298848244e-18 (1.99457992811021e-18, 2.02754604885468e-18) ph/cm2/s/MeV
2019-07-23T16:56:04:  Intensity at 1534396.14502492 MeV : 1.23869036758022e-18 (1.22794367873014e-18, 1.2494370564303e-18) ph/cm2/s/MeV
2019-07-23T16:56:04:  Intensity at 1945640.05534746 MeV : 7.61985730629852e-19 (7.54884262742641e-19, 7.69087198517064e-19) ph/cm2/s/MeV
2019-07-23T16:56:04:  Intensity at 2467104.23331454 MeV : 4.67982585192961e-19 (4.63275521411982e-19, 4.7268964897394e-19) ph/cm2/s/MeV
2019-07-23T16:56:04:  Intensity at 3128329.55988436 MeV : 2.86829212996747e-19 (2.83721973343117e-19, 2.89936452650378e-19) ph/cm2/s/MeV
2019-07-23T16:56:04:  Intensity at 3966774.36773649 MeV : 1.75343469201664e-19 (1.73309307164462e-19, 1.77377631238866e-19) ph/cm2/s/MeV
2019-07-23T16:56:04:  Intensity at 5029936.45116879 MeV : 1.06838098690561e-19 (1.05519968746203e-19, 1.08156228634918e-19) ph/cm2/s/MeV
2019-07-23T16:56:04:  Intensity at 6378043.81024912 MeV : 6.48260972247152e-20 (6.39803924626623e-20, 6.56718019867682e-20) ph/cm2/s/MeV
2019-07-23T16:56:04:  Intensity at 8087466.55954362 MeV : 3.91268515645696e-20 (3.85879776594447e-20, 3.96657254696944e-20) ph/cm2/s/MeV
2019-07-23T16:56:04:  Intensity at 10255043.285628 MeV : 2.34576844734638e-20 (2.31142974612718e-20, 2.38010714856558e-20) ph/cm2/s/MeV
2019-07-23T16:56:04:  Intensity at 13003566.9409974 MeV : 1.39443853730836e-20 (1.37229892344317e-20, 1.41657815117355e-20) ph/cm2/s/MeV
2019-07-23T16:56:04:  Intensity at 16488741.0495845 MeV : 8.20024864732433e-21 (8.05377087781082e-21, 8.34672641683784e-21) ph/cm2/s/MeV
2019-07-23T16:56:04:  Intensity at 20908000.2920645 MeV : 4.75676820500617e-21 (4.65642117615839e-21, 4.85711523385395e-21) ph/cm2/s/MeV
2019-07-23T16:56:04:  Intensity at 26511695.1560098 MeV : 2.71182426716512e-21 (2.64094601488393e-21, 2.78270251944631e-21) ph/cm2/s/MeV
2019-07-23T16:56:04:  Intensity at 33617274.2599379 MeV : 1.51236307460949e-21 (1.46161551681196e-21, 1.56311063240701e-21) ph/cm2/s/MeV
2019-07-23T16:56:04:  Intensity at 42627267.7781488 MeV : 8.20228107630269e-22 (7.84179030737517e-22, 8.56277184523021e-22) ph/cm2/s/MeV
2019-07-23T16:56:04:  Intensity at 54052090.7251378 MeV : 4.29388110401454e-22 (4.04473944719594e-22, 4.54302276083314e-22) ph/cm2/s/MeV
2019-07-23T16:56:04:  Intensity at 68538957.9028144 MeV : 2.14923828065543e-22 (1.98449440169272e-22, 2.31398215961814e-22) ph/cm2/s/MeV
2019-07-23T16:56:04:  Intensity at 86908548.5386981 MeV : 1.01628875426717e-22 (9.13676164757742e-23, 1.1189013437766e-22) ph/cm2/s/MeV
2019-07-23T16:56:04:  Intensity at 110201497.662297 MeV : 4.47123115037618e-23 (3.87915533908338e-23, 5.06330696166899e-23) ph/cm2/s/MeV
2019-07-23T16:56:04:  Intensity at 139737347.950364 MeV : 1.79522796735996e-23 (1.48490603176696e-23, 2.10554990295296e-23) ph/cm2/s/MeV
2019-07-23T16:56:04:  Intensity at 177189301.655759 MeV : 6.41873738940825e-24 (4.97674826498565e-24, 7.86072651383084e-24) ph/cm2/s/MeV
2019-07-23T16:56:04: 
2019-07-23T16:56:04: +========================+
2019-07-23T16:56:04: | Save Butterfly diagram |
2019-07-23T16:56:04: +========================+
2019-07-23T16:56:04:  Butterfly file ............: /cta/carli/CPPM_Internship/Simulations_and_Analyses/plus_step_EDisp_South_z40_50h/source1d/butterfly_binned.ascii
2019-07-23T16:56:04: 
2019-07-23T16:56:04: Application "ctbutterfly" terminated after 32 wall clock seconds, consuming 33.44 seconds of CPU time.
