2019-07-25T10:10:14: ********************************************************************************
2019-07-25T10:10:14: *                                    cterror                                   *
2019-07-25T10:10:14: * ---------------------------------------------------------------------------- *
2019-07-25T10:10:14: * Version: 1.6.0                                                               *
2019-07-25T10:10:14: ********************************************************************************
2019-07-25T10:10:14: +============+
2019-07-25T10:10:14: | Parameters |
2019-07-25T10:10:14: +============+
2019-07-25T10:10:14:  inobs .....................: /cta/carli/CPPM_Internship/Simulations_and_Analyses/minus_gradient_EDisp_South_z40_50h/source2b/obs_cube.fits
2019-07-25T10:10:14:  inmodel ...................: /cta/carli/CPPM_Internship/Simulations_and_Analyses/minus_gradient_EDisp_South_z40_50h/source2b/obsmodel_binned.xml
2019-07-25T10:10:14:  srcname ...................: source2b
2019-07-25T10:10:14:  expcube ...................: /cta/carli/CPPM_Internship/Simulations_and_Analyses/minus_gradient_EDisp_South_z40_50h/source2b/exposure_cube.fits
2019-07-25T10:10:14:  psfcube ...................: /cta/carli/CPPM_Internship/Simulations_and_Analyses/minus_gradient_EDisp_South_z40_50h/source2b/PSF_cube.fits
2019-07-25T10:10:14:  edispcube .................: /cta/carli/CPPM_Internship/Simulations_and_Analyses/minus_gradient_EDisp_South_z40_50h/source2b/edisp_cube.fits
2019-07-25T10:10:14:  bkgcube ...................: /cta/carli/CPPM_Internship/Simulations_and_Analyses/minus_gradient_EDisp_South_z40_50h/source2b/background_cube.fits
2019-07-25T10:10:14:  caldb .....................: prod3b-v2
2019-07-25T10:10:14:  irf .......................: minus_gradient_EDisp_South_z40_50h
2019-07-25T10:10:14:  edisp .....................: yes
2019-07-25T10:10:14:  outmodel ..................: 
2019-07-25T10:10:14:  confidence ................: 0.95
2019-07-25T10:10:14:  tol .......................: 1e-3
2019-07-25T10:10:14:  statistic .................: DEFAULT
2019-07-25T10:10:14:  like_accuracy .............: 0.005
2019-07-25T10:10:14:  max_iter ..................: 50
2019-07-25T10:10:14:  nthreads ..................: 0
2019-07-25T10:10:14:  chatter ...................: 4
2019-07-25T10:10:14:  clobber ...................: yes
2019-07-25T10:10:14:  debug .....................: no
2019-07-25T10:10:14:  mode ......................: ql
2019-07-25T10:10:14:  logfile ...................: cterror95.log
2019-07-25T10:10:14: 
2019-07-25T10:10:14: +===================+
2019-07-25T10:10:14: | Input observation |
2019-07-25T10:10:14: +===================+
2019-07-25T10:10:14: === GObservations ===
2019-07-25T10:10:14:  Number of observations ....: 1
2019-07-25T10:10:14:  Number of models ..........: 2
2019-07-25T10:10:14:  Number of observed events .: 315026
2019-07-25T10:10:14:  Number of predicted events : 0
2019-07-25T10:10:14: === GCTAObservation ===
2019-07-25T10:10:14:  Name ......................: 
2019-07-25T10:10:14:  Identifier ................: 000001
2019-07-25T10:10:14:  Instrument ................: CTA
2019-07-25T10:10:14:  Event file ................: /cta/carli/CPPM_Internship/Simulations_and_Analyses/minus_gradient_EDisp_South_z40_50h/source2b/obs_cube.fits
2019-07-25T10:10:14:  Event type ................: CountsCube
2019-07-25T10:10:14:  Statistic .................: cstat
2019-07-25T10:10:14:  Ontime ....................: 144000 s
2019-07-25T10:10:14:  Livetime ..................: 141120 s
2019-07-25T10:10:14:  Deadtime correction .......: 0.98
2019-07-25T10:10:14:  User energy range .........: undefined
2019-07-25T10:10:14: === GCTAPointing ===
2019-07-25T10:10:14:  Pointing direction ........: (RA,Dec)=(84.1331,22.0145)
2019-07-25T10:10:14: === GCTAResponseCube ===
2019-07-25T10:10:14:  Energy dispersion .........: Used
2019-07-25T10:10:14: === GCTACubeExposure ===
2019-07-25T10:10:14:  Filename ..................: /cta/carli/CPPM_Internship/Simulations_and_Analyses/minus_gradient_EDisp_South_z40_50h/source2b/exposure_cube.fits
2019-07-25T10:10:14:  Livetime ..................: 141120 sec
2019-07-25T10:10:14: === GEnergies ===
2019-07-25T10:10:14:  Number of energies ........: 33
2019-07-25T10:10:14: === GGti ===
2019-07-25T10:10:14:  Number of intervals .......: 1
2019-07-25T10:10:14:  Ontime ....................: 144000 sec
2019-07-25T10:10:14:  Elapsed time ..............: 144000 sec
2019-07-25T10:10:14:  MJD range .................: 51544.5 - 51546.1666666667 s (TT)
2019-07-25T10:10:14:  UTC range .................: 2000-01-01T11:58:56 - 2000-01-03T03:58:56 s (TT)
2019-07-25T10:10:14:  Reference MJD .............: 51544.5
2019-07-25T10:10:14: === GSkyMap ===
2019-07-25T10:10:14:  Number of pixels ..........: 6400
2019-07-25T10:10:14:  X axis dimension ..........: 80
2019-07-25T10:10:14:  Y axis dimension ..........: 80
2019-07-25T10:10:14:  Number of maps ............: 33
2019-07-25T10:10:14:  Shape of maps .............: (33)
2019-07-25T10:10:14: === GCTACubePsf ===
2019-07-25T10:10:14:  Filename ..................: /cta/carli/CPPM_Internship/Simulations_and_Analyses/minus_gradient_EDisp_South_z40_50h/source2b/PSF_cube.fits
2019-07-25T10:10:14: === GEnergies ===
2019-07-25T10:10:14:  Number of energies ........: 33
2019-07-25T10:10:14:  Number of delta bins ......: 200
2019-07-25T10:10:14:  Delta range ...............: 1.875e-06 - 0.298501875 deg
2019-07-25T10:10:14: === GSkyMap ===
2019-07-25T10:10:14:  Number of pixels ..........: 1
2019-07-25T10:10:14:  X axis dimension ..........: 1
2019-07-25T10:10:14:  Y axis dimension ..........: 1
2019-07-25T10:10:14:  Number of maps ............: 6600
2019-07-25T10:10:14:  Shape of maps .............: (200, 33)
2019-07-25T10:10:14: === GCTACubeEdisp ===
2019-07-25T10:10:14:  Filename ..................: /cta/carli/CPPM_Internship/Simulations_and_Analyses/minus_gradient_EDisp_South_z40_50h/source2b/edisp_cube.fits
2019-07-25T10:10:14: === GEnergies ===
2019-07-25T10:10:14:  Number of energies ........: 33
2019-07-25T10:10:14:  Number of migra bins ......: 100
2019-07-25T10:10:14:  Migra range ...............: 0.02 - 2
2019-07-25T10:10:14: === GSkyMap ===
2019-07-25T10:10:14:  Number of pixels ..........: 1
2019-07-25T10:10:14:  X axis dimension ..........: 1
2019-07-25T10:10:14:  Y axis dimension ..........: 1
2019-07-25T10:10:14:  Number of maps ............: 3300
2019-07-25T10:10:14:  Shape of maps .............: (100, 33)
2019-07-25T10:10:14: === GCTACubeBackground ===
2019-07-25T10:10:14:  Filename ..................: /cta/carli/CPPM_Internship/Simulations_and_Analyses/minus_gradient_EDisp_South_z40_50h/source2b/background_cube.fits
2019-07-25T10:10:14: === GEbounds ===
2019-07-25T10:10:14:  Number of intervals .......: 32
2019-07-25T10:10:14:  Energy range ..............: 100 GeV - 199.526229858398 TeV
2019-07-25T10:10:14: === GSkyMap ===
2019-07-25T10:10:14:  Number of pixels ..........: 6400
2019-07-25T10:10:14:  X axis dimension ..........: 80
2019-07-25T10:10:14:  Y axis dimension ..........: 80
2019-07-25T10:10:14:  Number of maps ............: 32
2019-07-25T10:10:14:  Shape of maps .............: (32)
2019-07-25T10:10:14: === GCTAResponseCache ===
2019-07-25T10:10:14:  Number of cached values ...: 0
2019-07-25T10:10:14: === GCTAEventCube ===
2019-07-25T10:10:14:  Number of events ..........: 315026
2019-07-25T10:10:14:  Number of elements ........: 204800
2019-07-25T10:10:14:  Number of pixels ..........: 6400
2019-07-25T10:10:14:  Number of energy bins .....: 32
2019-07-25T10:10:14:  Time interval .............: 51544.5 - 51546.1666666667 days
2019-07-25T10:10:14:  Pointing ..................: (RA,Dec)=(84.1331,22.0145)
2019-07-25T10:10:14: === GEbounds ===
2019-07-25T10:10:14:  Number of intervals .......: 32
2019-07-25T10:10:14:  Energy range ..............: 100 GeV - 199.526229858398 TeV
2019-07-25T10:10:14: === GSkyMap ===
2019-07-25T10:10:14:  Number of pixels ..........: 6400
2019-07-25T10:10:14:  X axis dimension ..........: 80
2019-07-25T10:10:14:  Y axis dimension ..........: 80
2019-07-25T10:10:14:  Number of maps ............: 32
2019-07-25T10:10:14:  Shape of maps .............: (32)
2019-07-25T10:10:14: === GSkyRegions ===
2019-07-25T10:10:14:  Number of regions .........: 0
2019-07-25T10:10:14: === GModels ===
2019-07-25T10:10:14:  Number of models ..........: 2
2019-07-25T10:10:14:  Number of parameters ......: 11
2019-07-25T10:10:14: === GModelSky ===
2019-07-25T10:10:14:  Name ......................: source2b
2019-07-25T10:10:14:  Instruments ...............: all
2019-07-25T10:10:14:  Test Statistic ............: 39538.547
2019-07-25T10:10:14:  Observation identifiers ...: all
2019-07-25T10:10:14:  Model type ................: PointSource
2019-07-25T10:10:14:  Model components ..........: "PointSource" * "ExponentialCutoffPowerLaw" * "Constant"
2019-07-25T10:10:14:  Number of parameters ......: 7
2019-07-25T10:10:14:  Number of spatial par's ...: 2
2019-07-25T10:10:14:   RA .......................: 83.6331 [-360,360] deg (fixed,scale=1)
2019-07-25T10:10:14:   DEC ......................: 22.0145 [-90,90] deg (fixed,scale=1)
2019-07-25T10:10:14:  Number of spectral par's ..: 4
2019-07-25T10:10:14:   Prefactor ................: 1.56435985646644e-18 [1e-25,1e-15] ph/cm2/s/MeV (fixed,scale=1e-18,gradient)
2019-07-25T10:10:14:   Index ....................: -1.997780583881 [-0,-5]  (fixed,scale=-1,gradient)
2019-07-25T10:10:14:   CutoffEnergy .............: 97818572.3162024 +/- 16183794.2938247 [1000000,100000000000] MeV (free,scale=100000000,gradient)
2019-07-25T10:10:14:   PivotEnergy ..............: 1000000 [10000,1000000000] MeV (fixed,scale=1000000,gradient)
2019-07-25T10:10:14:  Number of temporal par's ..: 1
2019-07-25T10:10:14:   Normalization ............: 1 (relative value) (fixed,scale=1,gradient)
2019-07-25T10:10:14:  Number of scale par's .....: 0
2019-07-25T10:10:14: === GCTAModelCubeBackground ===
2019-07-25T10:10:14:  Name ......................: BackgroundModel
2019-07-25T10:10:14:  Instruments ...............: CTA, HESS, MAGIC, VERITAS
2019-07-25T10:10:14:  Observation identifiers ...: all
2019-07-25T10:10:14:  Model type ................: "PowerLaw" * "Constant"
2019-07-25T10:10:14:  Number of parameters ......: 4
2019-07-25T10:10:14:  Number of spectral par's ..: 3
2019-07-25T10:10:14:   Prefactor ................: 1.1213837464786 [0.01,100] ph/cm2/s/MeV (fixed,scale=1,gradient)
2019-07-25T10:10:14:   Index ....................: 0.075079699781734 [-5,5]  (fixed,scale=1,gradient)
2019-07-25T10:10:14:   PivotEnergy ..............: 1000000 MeV (fixed,scale=1000000,gradient)
2019-07-25T10:10:14:  Number of temporal par's ..: 1
2019-07-25T10:10:14:   Normalization ............: 1 (relative value) (fixed,scale=1,gradient)
2019-07-25T10:10:14: 
2019-07-25T10:10:14: +=============================+
2019-07-25T10:10:14: | Compute best-fit likelihood |
2019-07-25T10:10:14: +=============================+
2019-07-25T10:11:48: === GOptimizerLM ===
2019-07-25T10:11:48:  Optimized function value ..: -306312.207
2019-07-25T10:11:48:  Absolute precision ........: 0.005
2019-07-25T10:11:48:  Acceptable value decrease .: 2
2019-07-25T10:11:48:  Optimization status .......: converged
2019-07-25T10:11:48:  Number of parameters ......: 11
2019-07-25T10:11:48:  Number of free parameters .: 1
2019-07-25T10:11:48:  Number of iterations ......: 1
2019-07-25T10:11:48:  Lambda ....................: 0.0001
2019-07-25T10:11:48:  Maximum log likelihood ....: -306312.207
2019-07-25T10:11:48: === GModels ===
2019-07-25T10:11:48:  Number of models ..........: 2
2019-07-25T10:11:48:  Number of parameters ......: 11
2019-07-25T10:11:48: === GModelSky ===
2019-07-25T10:11:48:  Name ......................: source2b
2019-07-25T10:11:48:  Instruments ...............: all
2019-07-25T10:11:48:  Test Statistic ............: 39538.547
2019-07-25T10:11:48:  Observation identifiers ...: all
2019-07-25T10:11:48:  Model type ................: PointSource
2019-07-25T10:11:48:  Model components ..........: "PointSource" * "ExponentialCutoffPowerLaw" * "Constant"
2019-07-25T10:11:48:  Number of parameters ......: 7
2019-07-25T10:11:48:  Number of spatial par's ...: 2
2019-07-25T10:11:48:   RA .......................: 83.6331 [-360,360] deg (fixed,scale=1)
2019-07-25T10:11:48:   DEC ......................: 22.0145 [-90,90] deg (fixed,scale=1)
2019-07-25T10:11:48:  Number of spectral par's ..: 4
2019-07-25T10:11:48:   Prefactor ................: 1.56435985646644e-18 [1e-25,1e-15] ph/cm2/s/MeV (fixed,scale=1e-18,gradient)
2019-07-25T10:11:48:   Index ....................: -1.997780583881 [-0,-5]  (fixed,scale=-1,gradient)
2019-07-25T10:11:48:   CutoffEnergy .............: 97818504.4680111 +/- 11075413.5016198 [1000000,100000000000] MeV (free,scale=100000000,gradient)
2019-07-25T10:11:48:   PivotEnergy ..............: 1000000 [10000,1000000000] MeV (fixed,scale=1000000,gradient)
2019-07-25T10:11:48:  Number of temporal par's ..: 1
2019-07-25T10:11:48:   Normalization ............: 1 (relative value) (fixed,scale=1,gradient)
2019-07-25T10:11:48:  Number of scale par's .....: 0
2019-07-25T10:11:48: === GCTAModelCubeBackground ===
2019-07-25T10:11:48:  Name ......................: BackgroundModel
2019-07-25T10:11:48:  Instruments ...............: CTA, HESS, MAGIC, VERITAS
2019-07-25T10:11:48:  Observation identifiers ...: all
2019-07-25T10:11:48:  Model type ................: "PowerLaw" * "Constant"
2019-07-25T10:11:48:  Number of parameters ......: 4
2019-07-25T10:11:48:  Number of spectral par's ..: 3
2019-07-25T10:11:48:   Prefactor ................: 1.1213837464786 [0.01,100] ph/cm2/s/MeV (fixed,scale=1,gradient)
2019-07-25T10:11:48:   Index ....................: 0.075079699781734 [-5,5]  (fixed,scale=1,gradient)
2019-07-25T10:11:48:   PivotEnergy ..............: 1000000 MeV (fixed,scale=1000000,gradient)
2019-07-25T10:11:48:  Number of temporal par's ..: 1
2019-07-25T10:11:48:   Normalization ............: 1 (relative value) (fixed,scale=1,gradient)
2019-07-25T10:11:48: 
2019-07-25T10:11:48: +==============================================================+
2019-07-25T10:11:48: | Compute error for source "source2b" parameter "CutoffEnergy" |
2019-07-25T10:11:48: +==============================================================+
2019-07-25T10:11:48:  Confidence level ..........: 95 %
2019-07-25T10:11:48:  Log-likelihood difference .: 1.92073
2019-07-25T10:11:48:  Initial factor range ......: [0.01, 2.0857263948421]
2019-07-25T10:11:59:    Iteration 1 .............: [0.01, 0.978185044680111]
2019-07-25T10:12:09:    Iteration 2 .............: [0.494092522340056, 0.978185044680111]
2019-07-25T10:12:19:    Iteration 3 .............: [0.736138783510083, 0.978185044680111]
2019-07-25T10:12:29:    Iteration 4 .............: [0.736138783510083, 0.857161914095097]
2019-07-25T10:12:39:    Iteration 5 .............: [0.79665034880259, 0.857161914095097]
2019-07-25T10:12:49:    Iteration 6 .............: [0.79665034880259, 0.826906131448844]
2019-07-25T10:12:59:    Iteration 7 .............: [0.79665034880259, 0.811778240125717]
2019-07-25T10:13:09:    Iteration 8 .............: [0.79665034880259, 0.804214294464154]
2019-07-25T10:13:20:    Iteration 9 .............: [0.79665034880259, 0.800432321633372]
2019-07-25T10:13:30:    Iteration 10 ............: [0.79665034880259, 0.798541335217981]
2019-07-25T10:13:40:    Iteration 11 ............: [0.79665034880259, 0.797595842010286]
2019-07-25T10:13:50:    Iteration 12 ............: [0.79665034880259, 0.797123095406438]
2019-07-25T10:14:01:    Iteration 13 ............: [0.79665034880259, 0.796886722104514]
2019-07-25T10:14:11:    Iteration 14 ............: [0.79665034880259, 0.796768535453552]
2019-07-25T10:14:21:    Iteration 1 .............: [0.978185044680111, 2.0857263948421]
2019-07-25T10:14:32:    Iteration 2 .............: [0.978185044680111, 1.5319557197611]
2019-07-25T10:14:42:    Iteration 3 .............: [0.978185044680111, 1.25507038222061]
2019-07-25T10:14:52:    Iteration 4 .............: [1.11662771345036, 1.25507038222061]
2019-07-25T10:15:03:    Iteration 5 .............: [1.18584904783548, 1.25507038222061]
2019-07-25T10:15:13:    Iteration 6 .............: [1.22045971502805, 1.25507038222061]
2019-07-25T10:15:23:    Iteration 7 .............: [1.23776504862433, 1.25507038222061]
2019-07-25T10:15:33:    Iteration 8 .............: [1.24641771542247, 1.25507038222061]
2019-07-25T10:15:44:    Iteration 9 .............: [1.24641771542247, 1.25074404882154]
2019-07-25T10:15:54:    Iteration 10 ............: [1.248580882122, 1.25074404882154]
2019-07-25T10:16:05:    Iteration 11 ............: [1.248580882122, 1.24966246547177]
2019-07-25T10:16:15:    Iteration 12 ............: [1.24912167379689, 1.24966246547177]
2019-07-25T10:16:25:    Iteration 13 ............: [1.24912167379689, 1.24939206963433]
2019-07-25T10:16:25:  Lower parameter factor ....: 0.796709
2019-07-25T10:16:25:  Upper parameter factor ....: 1.24926
2019-07-25T10:16:25:  Error from curvature ......: 11075413.5016198 MeV
2019-07-25T10:16:25:  Error from profile ........: 22627371.4793768 MeV
2019-07-25T10:16:25:  Negative profile error ....: 18147560.255204 MeV
2019-07-25T10:16:25:  Positive profile error ....: 27107182.7035496 MeV
2019-07-25T10:16:25: 
2019-07-25T10:16:25: +==============+
2019-07-25T10:16:25: | Save results |
2019-07-25T10:16:25: +==============+
2019-07-25T10:16:25:  Model definition file .....: NONE
2019-07-25T10:16:25: 
2019-07-25T10:16:25: Application "cterror" terminated after 372 wall clock seconds, consuming 463.23 seconds of CPU time.
