2019-07-22T17:06:22: ********************************************************************************
2019-07-22T17:06:22: *                                  ctbutterfly                                 *
2019-07-22T17:06:22: * ---------------------------------------------------------------------------- *
2019-07-22T17:06:22: * Version: 1.6.0                                                               *
2019-07-22T17:06:22: ********************************************************************************
2019-07-22T17:06:22: +============+
2019-07-22T17:06:22: | Parameters |
2019-07-22T17:06:22: +============+
2019-07-22T17:06:22:  inobs .....................: /cta/carli/CPPM_Internship/Simulations_and_Analyses/minus_constant_AEff_South_z40_50h/source3b/obs_cube.fits
2019-07-22T17:06:22:  inmodel ...................: /cta/carli/CPPM_Internship/Simulations_and_Analyses/minus_constant_AEff_South_z40_50h/source3b/obsmodel_binned.xml
2019-07-22T17:06:22:  srcname ...................: source3b
2019-07-22T17:06:22:  expcube ...................: /cta/carli/CPPM_Internship/Simulations_and_Analyses/minus_constant_AEff_South_z40_50h/source3b/exposure_cube.fits
2019-07-22T17:06:22:  psfcube ...................: /cta/carli/CPPM_Internship/Simulations_and_Analyses/minus_constant_AEff_South_z40_50h/source3b/PSF_cube.fits
2019-07-22T17:06:22:  edispcube .................: /cta/carli/CPPM_Internship/Simulations_and_Analyses/minus_constant_AEff_South_z40_50h/source3b/edisp_cube.fits
2019-07-22T17:06:22:  bkgcube ...................: /cta/carli/CPPM_Internship/Simulations_and_Analyses/minus_constant_AEff_South_z40_50h/source3b/background_cube.fits
2019-07-22T17:06:22:  caldb .....................: prod3b-v2
2019-07-22T17:06:22:  irf .......................: minus_constant_AEff_South_z40_50h
2019-07-22T17:06:22:  edisp .....................: yes
2019-07-22T17:06:22:  outfile ...................: /cta/carli/CPPM_Internship/Simulations_and_Analyses/minus_constant_AEff_South_z40_50h/source3b/butterfly_binned.ascii
2019-07-22T17:06:22:  method ....................: GAUSSIAN
2019-07-22T17:06:22:  fit .......................: no
2019-07-22T17:06:22:  confidence ................: 0.68
2019-07-22T17:06:22:  statistic .................: DEFAULT
2019-07-22T17:06:22:  like_accuracy .............: 0.005
2019-07-22T17:06:22:  max_iter ..................: 50
2019-07-22T17:06:22:  matrix ....................: NONE
2019-07-22T17:06:22:  ebinalg ...................: LOG
2019-07-22T17:06:22:  emin ......................: 0.1
2019-07-22T17:06:22:  emax ......................: 199.526229858398
2019-07-22T17:06:22:  enumbins ..................: 32
2019-07-22T17:06:22:  ebinfile ..................: [not queried]
2019-07-22T17:06:22:  chatter ...................: 4
2019-07-22T17:06:22:  clobber ...................: yes
2019-07-22T17:06:22:  debug .....................: no
2019-07-22T17:06:22:  mode ......................: ql
2019-07-22T17:06:22:  logfile ...................: ctbutterfly.log
2019-07-22T17:06:22: 
2019-07-22T17:06:22: +===================+
2019-07-22T17:06:22: | Input observation |
2019-07-22T17:06:22: +===================+
2019-07-22T17:06:22: === GObservations ===
2019-07-22T17:06:22:  Number of observations ....: 1
2019-07-22T17:06:22:  Number of models ..........: 2
2019-07-22T17:06:22:  Number of observed events .: 314453
2019-07-22T17:06:22:  Number of predicted events : 0
2019-07-22T17:06:22: === GCTAObservation ===
2019-07-22T17:06:22:  Name ......................: 
2019-07-22T17:06:22:  Identifier ................: 000001
2019-07-22T17:06:22:  Instrument ................: CTA
2019-07-22T17:06:22:  Event file ................: /cta/carli/CPPM_Internship/Simulations_and_Analyses/minus_constant_AEff_South_z40_50h/source3b/obs_cube.fits
2019-07-22T17:06:22:  Event type ................: CountsCube
2019-07-22T17:06:22:  Statistic .................: cstat
2019-07-22T17:06:22:  Ontime ....................: 144000 s
2019-07-22T17:06:22:  Livetime ..................: 141120 s
2019-07-22T17:06:22:  Deadtime correction .......: 0.98
2019-07-22T17:06:22:  User energy range .........: undefined
2019-07-22T17:06:22: === GCTAPointing ===
2019-07-22T17:06:22:  Pointing direction ........: (RA,Dec)=(84.1331,22.0145)
2019-07-22T17:06:22: === GCTAResponseCube ===
2019-07-22T17:06:22:  Energy dispersion .........: Used
2019-07-22T17:06:22: === GCTACubeExposure ===
2019-07-22T17:06:22:  Filename ..................: /cta/carli/CPPM_Internship/Simulations_and_Analyses/minus_constant_AEff_South_z40_50h/source3b/exposure_cube.fits
2019-07-22T17:06:22:  Livetime ..................: 141120 sec
2019-07-22T17:06:22: === GEnergies ===
2019-07-22T17:06:22:  Number of energies ........: 33
2019-07-22T17:06:22: === GGti ===
2019-07-22T17:06:22:  Number of intervals .......: 1
2019-07-22T17:06:22:  Ontime ....................: 144000 sec
2019-07-22T17:06:22:  Elapsed time ..............: 144000 sec
2019-07-22T17:06:22:  MJD range .................: 51544.5 - 51546.1666666667 s (TT)
2019-07-22T17:06:22:  UTC range .................: 2000-01-01T11:58:56 - 2000-01-03T03:58:56 s (TT)
2019-07-22T17:06:22:  Reference MJD .............: 51544.5
2019-07-22T17:06:22: === GSkyMap ===
2019-07-22T17:06:22:  Number of pixels ..........: 6400
2019-07-22T17:06:22:  X axis dimension ..........: 80
2019-07-22T17:06:22:  Y axis dimension ..........: 80
2019-07-22T17:06:22:  Number of maps ............: 33
2019-07-22T17:06:22:  Shape of maps .............: (33)
2019-07-22T17:06:22: === GCTACubePsf ===
2019-07-22T17:06:22:  Filename ..................: /cta/carli/CPPM_Internship/Simulations_and_Analyses/minus_constant_AEff_South_z40_50h/source3b/PSF_cube.fits
2019-07-22T17:06:22: === GEnergies ===
2019-07-22T17:06:22:  Number of energies ........: 33
2019-07-22T17:06:22:  Number of delta bins ......: 200
2019-07-22T17:06:22:  Delta range ...............: 1.875e-06 - 0.298501875 deg
2019-07-22T17:06:22: === GSkyMap ===
2019-07-22T17:06:22:  Number of pixels ..........: 1
2019-07-22T17:06:22:  X axis dimension ..........: 1
2019-07-22T17:06:22:  Y axis dimension ..........: 1
2019-07-22T17:06:22:  Number of maps ............: 6600
2019-07-22T17:06:22:  Shape of maps .............: (200, 33)
2019-07-22T17:06:22: === GCTACubeEdisp ===
2019-07-22T17:06:22:  Filename ..................: /cta/carli/CPPM_Internship/Simulations_and_Analyses/minus_constant_AEff_South_z40_50h/source3b/edisp_cube.fits
2019-07-22T17:06:22: === GEnergies ===
2019-07-22T17:06:22:  Number of energies ........: 33
2019-07-22T17:06:22:  Number of migra bins ......: 100
2019-07-22T17:06:22:  Migra range ...............: 0.02 - 2
2019-07-22T17:06:22: === GSkyMap ===
2019-07-22T17:06:22:  Number of pixels ..........: 1
2019-07-22T17:06:22:  X axis dimension ..........: 1
2019-07-22T17:06:22:  Y axis dimension ..........: 1
2019-07-22T17:06:22:  Number of maps ............: 3300
2019-07-22T17:06:22:  Shape of maps .............: (100, 33)
2019-07-22T17:06:22: === GCTACubeBackground ===
2019-07-22T17:06:22:  Filename ..................: /cta/carli/CPPM_Internship/Simulations_and_Analyses/minus_constant_AEff_South_z40_50h/source3b/background_cube.fits
2019-07-22T17:06:22: === GEbounds ===
2019-07-22T17:06:22:  Number of intervals .......: 32
2019-07-22T17:06:22:  Energy range ..............: 100 GeV - 199.526229858398 TeV
2019-07-22T17:06:22: === GSkyMap ===
2019-07-22T17:06:22:  Number of pixels ..........: 6400
2019-07-22T17:06:22:  X axis dimension ..........: 80
2019-07-22T17:06:22:  Y axis dimension ..........: 80
2019-07-22T17:06:22:  Number of maps ............: 32
2019-07-22T17:06:22:  Shape of maps .............: (32)
2019-07-22T17:06:22: === GCTAResponseCache ===
2019-07-22T17:06:22:  Number of cached values ...: 0
2019-07-22T17:06:22: === GCTAEventCube ===
2019-07-22T17:06:22:  Number of events ..........: 314453
2019-07-22T17:06:22:  Number of elements ........: 204800
2019-07-22T17:06:22:  Number of pixels ..........: 6400
2019-07-22T17:06:22:  Number of energy bins .....: 32
2019-07-22T17:06:22:  Time interval .............: 51544.5 - 51546.1666666667 days
2019-07-22T17:06:22:  Pointing ..................: (RA,Dec)=(84.1331,22.0145)
2019-07-22T17:06:22: === GEbounds ===
2019-07-22T17:06:22:  Number of intervals .......: 32
2019-07-22T17:06:22:  Energy range ..............: 100 GeV - 199.526229858398 TeV
2019-07-22T17:06:22: === GSkyMap ===
2019-07-22T17:06:22:  Number of pixels ..........: 6400
2019-07-22T17:06:22:  X axis dimension ..........: 80
2019-07-22T17:06:22:  Y axis dimension ..........: 80
2019-07-22T17:06:22:  Number of maps ............: 32
2019-07-22T17:06:22:  Shape of maps .............: (32)
2019-07-22T17:06:22: === GSkyRegions ===
2019-07-22T17:06:22:  Number of regions .........: 0
2019-07-22T17:06:22: === GModels ===
2019-07-22T17:06:22:  Number of models ..........: 2
2019-07-22T17:06:22:  Number of parameters ......: 11
2019-07-22T17:06:22: === GModelSky ===
2019-07-22T17:06:22:  Name ......................: source3b
2019-07-22T17:06:22:  Instruments ...............: all
2019-07-22T17:06:22:  Test Statistic ............: 39543.346
2019-07-22T17:06:22:  Observation identifiers ...: all
2019-07-22T17:06:22:  Model type ................: PointSource
2019-07-22T17:06:22:  Model components ..........: "PointSource" * "ExponentialCutoffPowerLaw" * "Constant"
2019-07-22T17:06:22:  Number of parameters ......: 7
2019-07-22T17:06:22:  Number of spatial par's ...: 2
2019-07-22T17:06:22:   RA .......................: 83.6331 [-360,360] deg (fixed,scale=1)
2019-07-22T17:06:22:   DEC ......................: 22.0145 [-90,90] deg (fixed,scale=1)
2019-07-22T17:06:22:  Number of spectral par's ..: 4
2019-07-22T17:06:22:   Prefactor ................: 1.50088660397448e-18 +/- 1.79869866523789e-20 [1e-25,1e-15] ph/cm2/s/MeV (free,scale=1e-18,gradient)
2019-07-22T17:06:22:   Index ....................: -2.01775635733838 +/- 0.0102972966698761 [-0,-5]  (free,scale=-1,gradient)
2019-07-22T17:06:22:   CutoffEnergy .............: 100000000000 +/- 11068568255182.2 [1000000,100000000000] MeV (free,scale=100000000,gradient)
2019-07-22T17:06:22:   PivotEnergy ..............: 1000000 [10000,1000000000] MeV (fixed,scale=1000000,gradient)
2019-07-22T17:06:22:  Number of temporal par's ..: 1
2019-07-22T17:06:22:   Normalization ............: 1 (relative value) (fixed,scale=1,gradient)
2019-07-22T17:06:22:  Number of scale par's .....: 0
2019-07-22T17:06:22: === GCTAModelCubeBackground ===
2019-07-22T17:06:22:  Name ......................: BackgroundModel
2019-07-22T17:06:22:  Instruments ...............: CTA, HESS, MAGIC, VERITAS
2019-07-22T17:06:22:  Observation identifiers ...: all
2019-07-22T17:06:22:  Model type ................: "PowerLaw" * "Constant"
2019-07-22T17:06:22:  Number of parameters ......: 4
2019-07-22T17:06:22:  Number of spectral par's ..: 3
2019-07-22T17:06:22:   Prefactor ................: 0.9928125509122 +/- 0.00441288478364183 [0.01,100] ph/cm2/s/MeV (free,scale=1,gradient)
2019-07-22T17:06:22:   Index ....................: -0.00345803529629352 +/- 0.00257084764305258 [-5,5]  (free,scale=1,gradient)
2019-07-22T17:06:22:   PivotEnergy ..............: 1000000 MeV (fixed,scale=1000000,gradient)
2019-07-22T17:06:22:  Number of temporal par's ..: 1
2019-07-22T17:06:22:   Normalization ............: 1 (relative value) (fixed,scale=1,gradient)
2019-07-22T17:06:22: 
2019-07-22T17:06:22: +===========================+
2019-07-22T17:06:22: | Compute covariance matrix |
2019-07-22T17:06:22: +===========================+
2019-07-22T17:06:54: === GMatrixSparse ===
2019-07-22T17:06:54:  Number of rows ............: 11
2019-07-22T17:06:54:  Number of columns .........: 11
2019-07-22T17:06:54:  Number of nonzero elements : 25
2019-07-22T17:06:54:  Number of allocated cells .: 512
2019-07-22T17:06:54:  Memory block size .........: 512
2019-07-22T17:06:54:  Sparse matrix fill ........: 0.206611570247934
2019-07-22T17:06:54:  Pending element ...........: 0
2019-07-22T17:06:54:  Fill stack size ...........: 0 (none)
2019-07-22T17:06:54:  0, 0, 0, 0, 0, 0, 0, 0, 0, 0, 0
2019-07-22T17:06:54:  0, 0, 0, 0, 0, 0, 0, 0, 0, 0, 0
2019-07-22T17:06:54:  0, 0, 3.2353148456742e-40, -7.31352633227192e-24, -4.75649168010966e-08, 0, 0, -2.87291845106416e-24, -4.82771034394086e-25, 0, 0
2019-07-22T17:06:54:  0, 0, -7.31352633227193e-24, 0.000106034319686069, -71705139394.1096, 0, 0, 5.63084615765186e-07, -6.10058729163015e-07, 0, 0
2019-07-22T17:06:54:  0, 0, -4.75649168010966e-08, -71705139394.1095, 1.22513090926705e+26, 0, 0, -94985814.6442136, 402753010.057498, 0, 0
2019-07-22T17:06:54:  0, 0, 0, 0, 0, 0, 0, 0, 0, 0, 0
2019-07-22T17:06:54:  0, 0, 0, 0, 0, 0, 0, 0, 0, 0, 0
2019-07-22T17:06:54:  0, 0, -2.87291845106416e-24, 5.63084615765185e-07, -94985814.6442135, 0, 0, 1.94735521135602e-05, 1.03294304257495e-05, 0, 0
2019-07-22T17:06:54:  0, 0, -4.82771034394087e-25, -6.10058729163016e-07, 402753010.057499, 0, 0, 1.03294304257495e-05, 6.60925760652679e-06, 0, 0
2019-07-22T17:06:54:  0, 0, 0, 0, 0, 0, 0, 0, 0, 0, 0
2019-07-22T17:06:54:  0, 0, 0, 0, 0, 0, 0, 0, 0, 0, 0
2019-07-22T17:06:54: 
2019-07-22T17:06:54: +===============================+
2019-07-22T17:06:54: | Prepare butterfly computation |
2019-07-22T17:06:54: +===============================+
2019-07-22T17:06:54:  Confidence level ..........: 0.68
2019-07-22T17:06:54:  Corresponding scaling .....: 0.994458
2019-07-22T17:06:54: 
2019-07-22T17:06:54: +====================+
2019-07-22T17:06:54: | Generate butterfly |
2019-07-22T17:06:54: +====================+
2019-07-22T17:06:54: 
2019-07-22T17:06:54: +=========+
2019-07-22T17:06:54: | Results |
2019-07-22T17:06:54: +=========+
2019-07-22T17:06:54:  Intensity at 112606.251051226 MeV : 1.23044778156861e-16 (1.19869382766565e-16, 1.26220173547157e-16) ph/cm2/s/MeV
2019-07-22T17:06:54:  Intensity at 142786.615593472 MeV : 7.62047306532518e-17 (7.43995719236428e-17, 7.80098893828607e-17) ph/cm2/s/MeV
2019-07-22T17:06:54:  Intensity at 181055.824186555 MeV : 4.71955054996267e-17 (4.61744566370927e-17, 4.82165543621607e-17) ph/cm2/s/MeV
2019-07-22T17:06:54:  Intensity at 229581.822747338 MeV : 2.92293600647863e-17 (2.8654580583463e-17, 2.98041395461096e-17) ph/cm2/s/MeV
2019-07-22T17:06:54:  Intensity at 291113.603071291 MeV : 1.8102473310474e-17 (1.7780172328028e-17, 1.84247742929199e-17) ph/cm2/s/MeV
2019-07-22T17:06:54:  Intensity at 369136.932876502 MeV : 1.12113123649425e-17 (1.10309335501748e-17, 1.13916911797101e-17) ph/cm2/s/MeV
2019-07-22T17:06:54:  Intensity at 468071.824112259 MeV : 6.94344339052891e-18 (6.84230903813198e-18, 7.04457774292583e-18) ph/cm2/s/MeV
2019-07-22T17:06:54:  Intensity at 593522.926087366 MeV : 4.30024530262837e-18 (4.24308303559775e-18, 4.35740756965899e-18) ph/cm2/s/MeV
2019-07-22T17:06:54:  Intensity at 752597.028157849 MeV : 2.66324680783027e-18 (2.63038537228069e-18, 2.69610824337985e-18) ph/cm2/s/MeV
2019-07-22T17:06:54:  Intensity at 954305.65846188 MeV : 1.64941300698964e-18 (1.63000387682742e-18, 1.66882213715186e-18) ph/cm2/s/MeV
2019-07-22T17:06:54:  Intensity at 1210075.58587031 MeV : 1.02152072006862e-18 (1.00965497178513e-18, 1.0333864683521e-18) ph/cm2/s/MeV
2019-07-22T17:06:54:  Intensity at 1534396.14502492 MeV : 6.32651653514768e-19 (6.25138074519701e-19, 6.40165232509835e-19) ph/cm2/s/MeV
2019-07-22T17:06:54:  Intensity at 1945640.05534746 MeV : 3.91815612667321e-19 (3.86920281290048e-19, 3.96710944044595e-19) ph/cm2/s/MeV
2019-07-22T17:06:54:  Intensity at 2467104.23331454 MeV : 2.42660086743617e-19 (2.39412083045678e-19, 2.45908090441556e-19) ph/cm2/s/MeV
2019-07-22T17:06:54:  Intensity at 3128329.55988436 MeV : 1.50284556046095e-19 (1.48111460909345e-19, 1.52457651182846e-19) ph/cm2/s/MeV
2019-07-22T17:06:54:  Intensity at 3966774.36773649 MeV : 9.30742589903414e-20 (9.16187850530942e-20, 9.45297329275886e-20) ph/cm2/s/MeV
2019-07-22T17:06:54:  Intensity at 5029936.45116879 MeV : 5.76426377246514e-20 (5.66712367440191e-20, 5.86140387052837e-20) ph/cm2/s/MeV
2019-07-22T17:06:54:  Intensity at 6378043.81024912 MeV : 3.56990670902037e-20 (3.50546190332411e-20, 3.63435151471664e-20) ph/cm2/s/MeV
2019-07-22T17:06:54:  Intensity at 8087466.55954362 MeV : 2.21089602547164e-20 (2.16843370603711e-20, 2.25335834490618e-20) ph/cm2/s/MeV
2019-07-22T17:06:54:  Intensity at 10255043.285628 MeV : 1.36923433553591e-20 (1.34142915459658e-20, 1.39703951647523e-20) ph/cm2/s/MeV
2019-07-22T17:06:54:  Intensity at 13003566.9409974 MeV : 8.47978264212416e-21 (8.29838280871442e-21, 8.6611824755339e-21) ph/cm2/s/MeV
2019-07-22T17:06:54:  Intensity at 16488741.0495845 MeV : 5.25156155468053e-21 (5.1330395495584e-21, 5.37008355980267e-21) ph/cm2/s/MeV
2019-07-22T17:06:54:  Intensity at 20908000.2920645 MeV : 3.25228161113573e-21 (3.17402293548834e-21, 3.33054028678312e-21) ph/cm2/s/MeV
2019-07-22T17:06:54:  Intensity at 26511695.1560098 MeV : 2.0141076681687e-21 (1.96120273164574e-21, 2.06701260469166e-21) ph/cm2/s/MeV
2019-07-22T17:06:54:  Intensity at 33617274.2599379 MeV : 1.24729936044337e-21 (1.2101638616951e-21, 1.28443485919164e-21) ph/cm2/s/MeV
2019-07-22T17:06:54:  Intensity at 42627267.7781488 MeV : 7.72414549329129e-22 (7.45125179616851e-22, 7.99703919041406e-22) ph/cm2/s/MeV
2019-07-22T17:06:54:  Intensity at 54052090.7251378 MeV : 4.78321281684593e-22 (4.57388031866044e-22, 4.99254531503142e-22) ph/cm2/s/MeV
2019-07-22T17:06:54:  Intensity at 68538957.9028144 MeV : 2.96193595950686e-22 (2.79628072103593e-22, 3.1275911979778e-22) ph/cm2/s/MeV
2019-07-22T17:06:54:  Intensity at 86908548.5386981 MeV : 1.83406516433847e-22 (1.70063624618547e-22, 1.96749408249147e-22) ph/cm2/s/MeV
2019-07-22T17:06:54:  Intensity at 110201497.662297 MeV : 1.13561854996645e-22 (1.02735162116045e-22, 1.24388547877245e-22) ph/cm2/s/MeV
2019-07-22T17:06:54:  Intensity at 139737347.950364 MeV : 7.03109686787795e-23 (6.15162867676303e-23, 7.91056505899288e-23) ph/cm2/s/MeV
2019-07-22T17:06:54:  Intensity at 177189301.655759 MeV : 4.35290616654402e-23 (3.64002583979821e-23, 5.06578649328983e-23) ph/cm2/s/MeV
2019-07-22T17:06:54: 
2019-07-22T17:06:54: +========================+
2019-07-22T17:06:54: | Save Butterfly diagram |
2019-07-22T17:06:54: +========================+
2019-07-22T17:06:54:  Butterfly file ............: /cta/carli/CPPM_Internship/Simulations_and_Analyses/minus_constant_AEff_South_z40_50h/source3b/butterfly_binned.ascii
2019-07-22T17:06:54: 
2019-07-22T17:06:54: Application "ctbutterfly" terminated after 32 wall clock seconds, consuming 33.23 seconds of CPU time.
