2019-07-22T17:00:26: ********************************************************************************
2019-07-22T17:00:26: *                                    ctlike                                    *
2019-07-22T17:00:26: * ---------------------------------------------------------------------------- *
2019-07-22T17:00:26: * Version: 1.6.0                                                               *
2019-07-22T17:00:26: ********************************************************************************
2019-07-22T17:00:26: +============+
2019-07-22T17:00:26: | Parameters |
2019-07-22T17:00:26: +============+
2019-07-22T17:00:26:  inobs .....................: /cta/carli/CPPM_Internship/Simulations_and_Analyses/minus_constant_AEff_South_z40_50h/source3b/obs_cube.fits
2019-07-22T17:00:26:  inmodel ...................: sourcemodel_cube.xml
2019-07-22T17:00:26:  expcube ...................: /cta/carli/CPPM_Internship/Simulations_and_Analyses/minus_constant_AEff_South_z40_50h/source3b/exposure_cube.fits
2019-07-22T17:00:26:  psfcube ...................: /cta/carli/CPPM_Internship/Simulations_and_Analyses/minus_constant_AEff_South_z40_50h/source3b/PSF_cube.fits
2019-07-22T17:00:26:  edispcube .................: /cta/carli/CPPM_Internship/Simulations_and_Analyses/minus_constant_AEff_South_z40_50h/source3b/edisp_cube.fits
2019-07-22T17:00:26:  bkgcube ...................: /cta/carli/CPPM_Internship/Simulations_and_Analyses/minus_constant_AEff_South_z40_50h/source3b/background_cube.fits
2019-07-22T17:00:26:  caldb .....................: prod3b-v2
2019-07-22T17:00:26:  irf .......................: minus_constant_AEff_South_z40_50h
2019-07-22T17:00:26:  edisp .....................: yes
2019-07-22T17:00:26:  outmodel ..................: /cta/carli/CPPM_Internship/Simulations_and_Analyses/minus_constant_AEff_South_z40_50h/source3b/obsmodel_binned.xml
2019-07-22T17:00:26:  outcovmat .................: NONE
2019-07-22T17:00:26:  statistic .................: DEFAULT
2019-07-22T17:00:26:  refit .....................: no
2019-07-22T17:00:26:  like_accuracy .............: 0.005
2019-07-22T17:00:26:  max_iter ..................: 50
2019-07-22T17:00:26:  fix_spat_for_ts ...........: no
2019-07-22T17:00:26:  nthreads ..................: 0
2019-07-22T17:00:26:  chatter ...................: 4
2019-07-22T17:00:26:  clobber ...................: yes
2019-07-22T17:00:26:  debug .....................: no
2019-07-22T17:00:26:  mode ......................: ql
2019-07-22T17:00:26:  logfile ...................: ctlike.log
2019-07-22T17:00:26: 
2019-07-22T17:00:26: +===================+
2019-07-22T17:00:26: | Input observation |
2019-07-22T17:00:26: +===================+
2019-07-22T17:00:26: === GObservations ===
2019-07-22T17:00:26:  Number of observations ....: 1
2019-07-22T17:00:26:  Number of models ..........: 2
2019-07-22T17:00:26:  Number of observed events .: 314453
2019-07-22T17:00:26:  Number of predicted events : 0
2019-07-22T17:00:26: === GCTAObservation ===
2019-07-22T17:00:26:  Name ......................: 
2019-07-22T17:00:26:  Identifier ................: 000001
2019-07-22T17:00:26:  Instrument ................: CTA
2019-07-22T17:00:26:  Event file ................: /cta/carli/CPPM_Internship/Simulations_and_Analyses/minus_constant_AEff_South_z40_50h/source3b/obs_cube.fits
2019-07-22T17:00:26:  Event type ................: CountsCube
2019-07-22T17:00:26:  Statistic .................: cstat
2019-07-22T17:00:26:  Ontime ....................: 144000 s
2019-07-22T17:00:26:  Livetime ..................: 141120 s
2019-07-22T17:00:26:  Deadtime correction .......: 0.98
2019-07-22T17:00:26:  User energy range .........: undefined
2019-07-22T17:00:26: === GCTAPointing ===
2019-07-22T17:00:26:  Pointing direction ........: (RA,Dec)=(84.1331,22.0145)
2019-07-22T17:00:26: === GCTAResponseCube ===
2019-07-22T17:00:26:  Energy dispersion .........: Used
2019-07-22T17:00:26: === GCTACubeExposure ===
2019-07-22T17:00:26:  Filename ..................: /cta/carli/CPPM_Internship/Simulations_and_Analyses/minus_constant_AEff_South_z40_50h/source3b/exposure_cube.fits
2019-07-22T17:00:26:  Livetime ..................: 141120 sec
2019-07-22T17:00:26: === GEnergies ===
2019-07-22T17:00:26:  Number of energies ........: 33
2019-07-22T17:00:26: === GGti ===
2019-07-22T17:00:26:  Number of intervals .......: 1
2019-07-22T17:00:26:  Ontime ....................: 144000 sec
2019-07-22T17:00:26:  Elapsed time ..............: 144000 sec
2019-07-22T17:00:26:  MJD range .................: 51544.5 - 51546.1666666667 s (TT)
2019-07-22T17:00:26:  UTC range .................: 2000-01-01T11:58:56 - 2000-01-03T03:58:56 s (TT)
2019-07-22T17:00:26:  Reference MJD .............: 51544.5
2019-07-22T17:00:26: === GSkyMap ===
2019-07-22T17:00:26:  Number of pixels ..........: 6400
2019-07-22T17:00:26:  X axis dimension ..........: 80
2019-07-22T17:00:26:  Y axis dimension ..........: 80
2019-07-22T17:00:26:  Number of maps ............: 33
2019-07-22T17:00:26:  Shape of maps .............: (33)
2019-07-22T17:00:26: === GCTACubePsf ===
2019-07-22T17:00:26:  Filename ..................: /cta/carli/CPPM_Internship/Simulations_and_Analyses/minus_constant_AEff_South_z40_50h/source3b/PSF_cube.fits
2019-07-22T17:00:26: === GEnergies ===
2019-07-22T17:00:26:  Number of energies ........: 33
2019-07-22T17:00:26:  Number of delta bins ......: 200
2019-07-22T17:00:26:  Delta range ...............: 1.875e-06 - 0.298501875 deg
2019-07-22T17:00:26: === GSkyMap ===
2019-07-22T17:00:26:  Number of pixels ..........: 1
2019-07-22T17:00:26:  X axis dimension ..........: 1
2019-07-22T17:00:26:  Y axis dimension ..........: 1
2019-07-22T17:00:26:  Number of maps ............: 6600
2019-07-22T17:00:26:  Shape of maps .............: (200, 33)
2019-07-22T17:00:26: === GCTACubeEdisp ===
2019-07-22T17:00:26:  Filename ..................: /cta/carli/CPPM_Internship/Simulations_and_Analyses/minus_constant_AEff_South_z40_50h/source3b/edisp_cube.fits
2019-07-22T17:00:26: === GEnergies ===
2019-07-22T17:00:26:  Number of energies ........: 33
2019-07-22T17:00:26:  Number of migra bins ......: 100
2019-07-22T17:00:26:  Migra range ...............: 0.02 - 2
2019-07-22T17:00:26: === GSkyMap ===
2019-07-22T17:00:26:  Number of pixels ..........: 1
2019-07-22T17:00:26:  X axis dimension ..........: 1
2019-07-22T17:00:26:  Y axis dimension ..........: 1
2019-07-22T17:00:26:  Number of maps ............: 3300
2019-07-22T17:00:26:  Shape of maps .............: (100, 33)
2019-07-22T17:00:26: === GCTACubeBackground ===
2019-07-22T17:00:26:  Filename ..................: /cta/carli/CPPM_Internship/Simulations_and_Analyses/minus_constant_AEff_South_z40_50h/source3b/background_cube.fits
2019-07-22T17:00:26: === GEbounds ===
2019-07-22T17:00:26:  Number of intervals .......: 32
2019-07-22T17:00:26:  Energy range ..............: 100 GeV - 199.526229858398 TeV
2019-07-22T17:00:26: === GSkyMap ===
2019-07-22T17:00:26:  Number of pixels ..........: 6400
2019-07-22T17:00:26:  X axis dimension ..........: 80
2019-07-22T17:00:26:  Y axis dimension ..........: 80
2019-07-22T17:00:26:  Number of maps ............: 32
2019-07-22T17:00:26:  Shape of maps .............: (32)
2019-07-22T17:00:26: === GCTAResponseCache ===
2019-07-22T17:00:26:  Number of cached values ...: 0
2019-07-22T17:00:26: === GCTAEventCube ===
2019-07-22T17:00:26:  Number of events ..........: 314453
2019-07-22T17:00:26:  Number of elements ........: 204800
2019-07-22T17:00:26:  Number of pixels ..........: 6400
2019-07-22T17:00:26:  Number of energy bins .....: 32
2019-07-22T17:00:26:  Time interval .............: 51544.5 - 51546.1666666667 days
2019-07-22T17:00:26:  Pointing ..................: (RA,Dec)=(84.1331,22.0145)
2019-07-22T17:00:26: === GEbounds ===
2019-07-22T17:00:26:  Number of intervals .......: 32
2019-07-22T17:00:26:  Energy range ..............: 100 GeV - 199.526229858398 TeV
2019-07-22T17:00:26: === GSkyMap ===
2019-07-22T17:00:26:  Number of pixels ..........: 6400
2019-07-22T17:00:26:  X axis dimension ..........: 80
2019-07-22T17:00:26:  Y axis dimension ..........: 80
2019-07-22T17:00:26:  Number of maps ............: 32
2019-07-22T17:00:26:  Shape of maps .............: (32)
2019-07-22T17:00:26: === GSkyRegions ===
2019-07-22T17:00:26:  Number of regions .........: 0
2019-07-22T17:00:26: === GModels ===
2019-07-22T17:00:26:  Number of models ..........: 2
2019-07-22T17:00:26:  Number of parameters ......: 11
2019-07-22T17:00:26: === GModelSky ===
2019-07-22T17:00:26:  Name ......................: source3b
2019-07-22T17:00:26:  Instruments ...............: all
2019-07-22T17:00:26:  Test Statistic ............: Computation requested
2019-07-22T17:00:26:  Observation identifiers ...: all
2019-07-22T17:00:26:  Model type ................: PointSource
2019-07-22T17:00:26:  Model components ..........: "PointSource" * "ExponentialCutoffPowerLaw" * "Constant"
2019-07-22T17:00:26:  Number of parameters ......: 7
2019-07-22T17:00:26:  Number of spatial par's ...: 2
2019-07-22T17:00:26:   RA .......................: 83.6331 [-360,360] deg (fixed,scale=1)
2019-07-22T17:00:26:   DEC ......................: 22.0145 [-90,90] deg (fixed,scale=1)
2019-07-22T17:00:26:  Number of spectral par's ..: 4
2019-07-22T17:00:26:   Prefactor ................: 1.52e-18 +/- 0 [1e-25,1e-15] ph/cm2/s/MeV (free,scale=1e-18,gradient)
2019-07-22T17:00:26:   Index ....................: -2 +/- 0 [-0,-5]  (free,scale=-1,gradient)
2019-07-22T17:00:26:   CutoffEnergy .............: 200000000 +/- 0 [1000000,100000000000] MeV (free,scale=100000000,gradient)
2019-07-22T17:00:26:   PivotEnergy ..............: 1000000 [10000,1000000000] MeV (fixed,scale=1000000,gradient)
2019-07-22T17:00:26:  Number of temporal par's ..: 1
2019-07-22T17:00:26:   Normalization ............: 1 (relative value) (fixed,scale=1,gradient)
2019-07-22T17:00:26:  Number of scale par's .....: 0
2019-07-22T17:00:26: === GCTAModelCubeBackground ===
2019-07-22T17:00:26:  Name ......................: BackgroundModel
2019-07-22T17:00:26:  Instruments ...............: CTA, HESS, MAGIC, VERITAS
2019-07-22T17:00:26:  Observation identifiers ...: all
2019-07-22T17:00:26:  Model type ................: "PowerLaw" * "Constant"
2019-07-22T17:00:26:  Number of parameters ......: 4
2019-07-22T17:00:26:  Number of spectral par's ..: 3
2019-07-22T17:00:26:   Prefactor ................: 1 +/- 0 [0.01,100] ph/cm2/s/MeV (free,scale=1,gradient)
2019-07-22T17:00:26:   Index ....................: 0 +/- 0 [-5,5]  (free,scale=1,gradient)
2019-07-22T17:00:26:   PivotEnergy ..............: 1000000 MeV (fixed,scale=1000000,gradient)
2019-07-22T17:00:26:  Number of temporal par's ..: 1
2019-07-22T17:00:26:   Normalization ............: 1 (relative value) (fixed,scale=1,gradient)
2019-07-22T17:00:26: 
2019-07-22T17:00:26: +=================================+
2019-07-22T17:00:26: | Maximum likelihood optimisation |
2019-07-22T17:00:26: +=================================+
2019-07-22T17:00:58:  >Iteration   0: -logL=-318478.727, Lambda=1.0e-03
2019-07-22T17:01:27:  >Iteration   1: -logL=-318484.982, Lambda=1.0e-03, delta=6.254, step=1.0e+00, max(|grad|)=182.124433 [Index:3]
2019-07-22T17:01:56:  >Iteration   2: -logL=-318487.647, Lambda=1.0e-04, delta=2.666, step=1.0e+00, max(|grad|)=117.642130 [Index:3]
2019-07-22T17:02:25:  >Iteration   3: -logL=-318488.672, Lambda=1.0e-05, delta=1.025, step=1.0e+00, max(|grad|)=76.812499 [Index:3]
2019-07-22T17:02:54:  >Iteration   4: -logL=-318489.057, Lambda=1.0e-06, delta=0.385, step=1.0e+00, max(|grad|)=50.662114 [Index:3]
2019-07-22T17:03:24:  >Iteration   5: -logL=-318489.199, Lambda=1.0e-07, delta=0.142, step=1.0e+00, max(|grad|)=35.444983 [Index:3]
2019-07-22T17:03:53:  >Iteration   6: -logL=-318489.251, Lambda=1.0e-08, delta=0.051, step=1.0e+00, max(|grad|)=27.727324 [Index:3]
2019-07-22T17:04:22:  >Iteration   7: -logL=-318489.267, Lambda=1.0e-09, delta=0.016, step=1.0e+00, max(|grad|)=25.060789 [Index:3]
2019-07-22T17:04:22:    Parameter "CutoffEnergy" drives optimization step (step=0.00426503)
2019-07-22T17:04:51:  >Iteration   8: -logL=-318489.267, Lambda=1.0e-10, delta=0.000, step=4.3e-03, max(|grad|)=24.966942 [Index:3]
2019-07-22T17:04:51:    Parameter "CutoffEnergy" does not drive optimization step anymore.
2019-07-22T17:04:51:    Parameter "CutoffEnergy" hits maximum: 25704.3 > 1000 (1)
2019-07-22T17:05:20:   Iteration   9: -logL=-318489.265, Lambda=1.0e-11, delta=-0.002, step=1.0e+00, max(|grad|)=25.949192 [Index:3] (stalled)
2019-07-22T17:05:20:    Parameter "CutoffEnergy" hits maximum: 25674.9 > 1000 (2)
2019-07-22T17:05:50:  >Iteration  10: -logL=-318489.265, Lambda=1.0e-10, delta=0.000, step=1.0e+00, max(|grad|)=25.901569 [Index:3]
2019-07-22T17:05:50:  
2019-07-22T17:05:50:  +==================+
2019-07-22T17:05:50:  | Curvature matrix |
2019-07-22T17:05:50:  +==================+
2019-07-22T17:05:50:  === GMatrixSparse ===
2019-07-22T17:05:50:   Number of rows ............: 11
2019-07-22T17:05:50:   Number of columns .........: 11
2019-07-22T17:05:50:   Number of nonzero elements : 25
2019-07-22T17:05:50:   Number of allocated cells .: 537
2019-07-22T17:05:50:   Memory block size .........: 512
2019-07-22T17:05:50:   Sparse matrix fill ........: 0.206611570247934
2019-07-22T17:05:50:   Pending element ...........: 0
2019-07-22T17:05:50:   Fill stack size ...........: 0 (none)
2019-07-22T17:05:50:   0, 0, 0, 0, 0, 0, 0, 0, 0, 0, 0
2019-07-22T17:05:50:   0, 0, 0, 0, 0, 0, 0, 0, 0, 0, 0
2019-07-22T17:05:50:   0, 0, 3511.79295852328, -1895.93710314442, 0.000248348034411804, 0, 0, 1910.9188848106, -2706.34108240689, 0, 0
2019-07-22T17:05:50:   0, 0, -1895.93710314442, 16725.5776973307, -0.00104974903898269, 0, 0, 4127.27459060177, -7493.03336068163, 0, 0
2019-07-22T17:05:50:   0, 0, 0.000248348034411804, -0.00104974903898269, 1.52706065818905e-10, 0, 0, 1.21285660712384e-05, 3.02524381706933e-06, 0, 0
2019-07-22T17:05:50:   0, 0, 0, 0, 0, 0, 0, 0, 0, 0, 0
2019-07-22T17:05:50:   0, 0, 0, 0, 0, 0, 0, 0, 0, 0, 0
2019-07-22T17:05:50:   0, 0, 1910.9188848106, 4127.27459060176, 1.21285660712384e-05, 0, 0, 303425.237635741, -474463.889735943, 0, 0
2019-07-22T17:05:50:   0, 0, -2706.3410824069, -7493.03336068163, 3.02524381706932e-06, 0, 0, -474463.889735942, 893321.845180211, 0, 0
2019-07-22T17:05:50:   0, 0, 0, 0, 0, 0, 0, 0, 0, 0, 0
2019-07-22T17:05:50:   0, 0, 0, 0, 0, 0, 0, 0, 0, 0, 0
2019-07-22T17:06:19: 
2019-07-22T17:06:19: +====================================+
2019-07-22T17:06:19: | Maximum likelihood re-optimisation |
2019-07-22T17:06:19: +====================================+
2019-07-22T17:06:19:  >Iteration   0: -logL=-297782.900, Lambda=1.0e-03
2019-07-22T17:06:20:  >Iteration   1: -logL=-298664.386, Lambda=1.0e-03, delta=881.486, step=1.0e+00, max(|grad|)=-3590.804803 [Prefactor:0]
2019-07-22T17:06:20:  >Iteration   2: -logL=-298717.207, Lambda=1.0e-04, delta=52.821, step=1.0e+00, max(|grad|)=-215.135645 [Prefactor:0]
2019-07-22T17:06:21:  >Iteration   3: -logL=-298717.591, Lambda=1.0e-05, delta=0.384, step=1.0e+00, max(|grad|)=-22.421847 [Index:1]
2019-07-22T17:06:22:  >Iteration   4: -logL=-298717.593, Lambda=1.0e-06, delta=0.002, step=1.0e+00, max(|grad|)=-1.961217 [Index:1]
2019-07-22T17:06:22: 
2019-07-22T17:06:22: +============================================+
2019-07-22T17:06:22: | Maximum likelihood re-optimisation results |
2019-07-22T17:06:22: +============================================+
2019-07-22T17:06:22: === GOptimizerLM ===
2019-07-22T17:06:22:  Optimized function value ..: -298717.593
2019-07-22T17:06:22:  Absolute precision ........: 0.005
2019-07-22T17:06:22:  Acceptable value decrease .: 2
2019-07-22T17:06:22:  Optimization status .......: converged
2019-07-22T17:06:22:  Number of parameters ......: 4
2019-07-22T17:06:22:  Number of free parameters .: 2
2019-07-22T17:06:22:  Number of iterations ......: 4
2019-07-22T17:06:22:  Lambda ....................: 1e-07
2019-07-22T17:06:22: 
2019-07-22T17:06:22: +=========================================+
2019-07-22T17:06:22: | Maximum likelihood optimisation results |
2019-07-22T17:06:22: +=========================================+
2019-07-22T17:06:22: === GOptimizerLM ===
2019-07-22T17:06:22:  Optimized function value ..: -318489.265
2019-07-22T17:06:22:  Absolute precision ........: 0.005
2019-07-22T17:06:22:  Acceptable value decrease .: 2
2019-07-22T17:06:22:  Optimization status .......: converged
2019-07-22T17:06:22:  Number of parameters ......: 11
2019-07-22T17:06:22:  Number of free parameters .: 5
2019-07-22T17:06:22:  Number of iterations ......: 10
2019-07-22T17:06:22:  Lambda ....................: 1e-11
2019-07-22T17:06:22:  Maximum log likelihood ....: 318489.265
2019-07-22T17:06:22:  Observed events  (Nobs) ...: 314453.000
2019-07-22T17:06:22:  Predicted events (Npred) ..: 312675.505 (Nobs - Npred = 1777.49457291939)
2019-07-22T17:06:22: === GModels ===
2019-07-22T17:06:22:  Number of models ..........: 2
2019-07-22T17:06:22:  Number of parameters ......: 11
2019-07-22T17:06:22: === GModelSky ===
2019-07-22T17:06:22:  Name ......................: source3b
2019-07-22T17:06:22:  Instruments ...............: all
2019-07-22T17:06:22:  Test Statistic ............: 39543.3455072711
2019-07-22T17:06:22:  Observation identifiers ...: all
2019-07-22T17:06:22:  Model type ................: PointSource
2019-07-22T17:06:22:  Model components ..........: "PointSource" * "ExponentialCutoffPowerLaw" * "Constant"
2019-07-22T17:06:22:  Number of parameters ......: 7
2019-07-22T17:06:22:  Number of spatial par's ...: 2
2019-07-22T17:06:22:   RA .......................: 83.6331 [-360,360] deg (fixed,scale=1)
2019-07-22T17:06:22:   DEC ......................: 22.0145 [-90,90] deg (fixed,scale=1)
2019-07-22T17:06:22:  Number of spectral par's ..: 4
2019-07-22T17:06:22:   Prefactor ................: 1.50088660397448e-18 +/- 1.79869866523789e-20 [1e-25,1e-15] ph/cm2/s/MeV (free,scale=1e-18,gradient)
2019-07-22T17:06:22:   Index ....................: -2.01775635733838 +/- 0.0102972966698761 [-0,-5]  (free,scale=-1,gradient)
2019-07-22T17:06:22:   CutoffEnergy .............: 100000000000 +/- 11068568255182.2 [1000000,100000000000] MeV (free,scale=100000000,gradient)
2019-07-22T17:06:22:   PivotEnergy ..............: 1000000 [10000,1000000000] MeV (fixed,scale=1000000,gradient)
2019-07-22T17:06:22:  Number of temporal par's ..: 1
2019-07-22T17:06:22:   Normalization ............: 1 (relative value) (fixed,scale=1,gradient)
2019-07-22T17:06:22:  Number of scale par's .....: 0
2019-07-22T17:06:22: === GCTAModelCubeBackground ===
2019-07-22T17:06:22:  Name ......................: BackgroundModel
2019-07-22T17:06:22:  Instruments ...............: CTA, HESS, MAGIC, VERITAS
2019-07-22T17:06:22:  Observation identifiers ...: all
2019-07-22T17:06:22:  Model type ................: "PowerLaw" * "Constant"
2019-07-22T17:06:22:  Number of parameters ......: 4
2019-07-22T17:06:22:  Number of spectral par's ..: 3
2019-07-22T17:06:22:   Prefactor ................: 0.9928125509122 +/- 0.00441288478364183 [0.01,100] ph/cm2/s/MeV (free,scale=1,gradient)
2019-07-22T17:06:22:   Index ....................: -0.00345803529629352 +/- 0.00257084764305258 [-5,5]  (free,scale=1,gradient)
2019-07-22T17:06:22:   PivotEnergy ..............: 1000000 MeV (fixed,scale=1000000,gradient)
2019-07-22T17:06:22:  Number of temporal par's ..: 1
2019-07-22T17:06:22:   Normalization ............: 1 (relative value) (fixed,scale=1,gradient)
2019-07-22T17:06:22: 
2019-07-22T17:06:22: +==============+
2019-07-22T17:06:22: | Save results |
2019-07-22T17:06:22: +==============+
2019-07-22T17:06:22:  Model definition file .....: /cta/carli/CPPM_Internship/Simulations_and_Analyses/minus_constant_AEff_South_z40_50h/source3b/obsmodel_binned.xml
2019-07-22T17:06:22:  Covariance matrix file ....: NONE
2019-07-22T17:06:22: 
2019-07-22T17:06:22: Application "ctlike" terminated after 357 wall clock seconds, consuming 367.03 seconds of CPU time.
