2019-07-22T12:11:25: ********************************************************************************
2019-07-22T12:11:25: *                                   ctobssim                                   *
2019-07-22T12:11:25: * ---------------------------------------------------------------------------- *
2019-07-22T12:11:25: * Version: 1.6.0                                                               *
2019-07-22T12:11:25: ********************************************************************************
2019-07-22T12:11:25: +============+
2019-07-22T12:11:25: | Parameters |
2019-07-22T12:11:25: +============+
2019-07-22T12:11:25:  inobs .....................: NONE
2019-07-22T12:11:25:  inmodel ...................: /cta/carli/anaconda3/share/models/source3b.xml
2019-07-22T12:11:25:  caldb .....................: prod3b-v2
2019-07-22T12:11:25:  irf .......................: minus_constant_AEff_South_z40_50h
2019-07-22T12:11:25:  edisp .....................: yes
2019-07-22T12:11:25:  outevents .................: /cta/carli/CPPM_Internship/Simulations_and_Analyses/minus_constant_AEff_South_z40_50h/source3b/obs.fits
2019-07-22T12:11:25:  prefix ....................: sim_events_
2019-07-22T12:11:25:  startindex ................: 1
2019-07-22T12:11:25:  seed ......................: 1000
2019-07-22T12:11:25:  ra ........................: 84.1331
2019-07-22T12:11:25:  dec .......................: 22.0145
2019-07-22T12:11:25:  rad .......................: 0.8
2019-07-22T12:11:25:  tmin ......................: 0
2019-07-22T12:11:25:  tmax ......................: 144000
2019-07-22T12:11:25:  mjdref ....................: 51544.5
2019-07-22T12:11:25:  emin ......................: 0.1
2019-07-22T12:11:25:  emax ......................: 199.526229858398
2019-07-22T12:11:25:  deadc .....................: 0.98
2019-07-22T12:11:25:  maxrate ...................: 1.0e6
2019-07-22T12:11:25:  eslices ...................: 10
2019-07-22T12:11:25:  nthreads ..................: 0
2019-07-22T12:11:25:  publish ...................: no
2019-07-22T12:11:25:  chatter ...................: 4
2019-07-22T12:11:25:  clobber ...................: yes
2019-07-22T12:11:25:  debug .....................: no
2019-07-22T12:11:25:  mode ......................: ql
2019-07-22T12:11:25:  logfile ...................: ctobssim.log
2019-07-22T12:11:25: 
2019-07-22T12:11:25: +================+
2019-07-22T12:11:25: | Execution mode |
2019-07-22T12:11:25: +================+
2019-07-22T12:11:25:  Event list management .....: Save and dispose (reduces memory needs)
2019-07-22T12:11:25:  Output format .............: Write single event list FITS file
2019-07-22T12:11:25: 
2019-07-22T12:11:25: +=============+
2019-07-22T12:11:25: | Seed values |
2019-07-22T12:11:25: +=============+
2019-07-22T12:11:25:  Seed 0 ....................: 6233869624
2019-07-22T12:11:25: 
2019-07-22T12:11:25: +===================+
2019-07-22T12:11:25: | Input observation |
2019-07-22T12:11:25: +===================+
2019-07-22T12:11:25: === GObservations ===
2019-07-22T12:11:25:  Number of observations ....: 1
2019-07-22T12:11:25:  Number of models ..........: 2
2019-07-22T12:11:25:  Number of observed events .: 0
2019-07-22T12:11:25:  Number of predicted events : 0
2019-07-22T12:11:25: === GCTAObservation ===
2019-07-22T12:11:25:  Name ......................: 
2019-07-22T12:11:25:  Identifier ................: 
2019-07-22T12:11:25:  Instrument ................: CTA
2019-07-22T12:11:25:  Event file ................: 
2019-07-22T12:11:25:  Event type ................: EventList
2019-07-22T12:11:25:  Statistic .................: cstat
2019-07-22T12:11:25:  Ontime ....................: 144000 s
2019-07-22T12:11:25:  Livetime ..................: 141120 s
2019-07-22T12:11:25:  Deadtime correction .......: 0.98
2019-07-22T12:11:25:  User energy range .........: undefined
2019-07-22T12:11:25: === GCTAPointing ===
2019-07-22T12:11:25:  Pointing direction ........: (RA,Dec)=(84.1331,22.0145)
2019-07-22T12:11:25: === GCTAResponseIrf ===
2019-07-22T12:11:25:  Caldb mission .............: cta
2019-07-22T12:11:25:  Caldb instrument ..........: prod3b-v2
2019-07-22T12:11:25:  Response name .............: minus_constant_AEff_South_z40_50h
2019-07-22T12:11:25:  Energy dispersion .........: Used
2019-07-22T12:11:25:  Safe energy range .........: undefined
2019-07-22T12:11:25: === GCaldb ===
2019-07-22T12:11:25:  Database root .............: /cta/carli/anaconda3/share/caldb
2019-07-22T12:11:25:  Selected Mission ..........: CTA
2019-07-22T12:11:25:  Selected Instrument .......: PROD3B-V2
2019-07-22T12:11:25:  Calibration Index File ....: /cta/carli/anaconda3/share/caldb/data/cta/prod3b-v2/caldb.indx
2019-07-22T12:11:25:  Number of entries .........: 240
2019-07-22T12:11:25: === GCTAAeff2D ===
2019-07-22T12:11:25:  Filename ..................: /cta/carli/anaconda3/share/caldb/data/cta/prod3b-v2/bcf/minus_constant_AEff_South_z40_50h/irf_file.fits
2019-07-22T12:11:25:  Number of energy bins .....: 42
2019-07-22T12:11:25:  Number of offset bins .....: 6
2019-07-22T12:11:25:  Log10(Energy) range .......: 0.0125892544165254 - 199.526229858398 TeV
2019-07-22T12:11:25:  Offset angle range ........: 0 - 6 deg
2019-07-22T12:11:25:  Lower energy threshold ....: not specified
2019-07-22T12:11:25:  Upper energy threshold ....: not specified
2019-07-22T12:11:25:  Radius cut ................: none
2019-07-22T12:11:25: === GCTAPsf2D ===
2019-07-22T12:11:25:  Filename ..................: /cta/carli/anaconda3/share/caldb/data/cta/prod3b-v2/bcf/minus_constant_AEff_South_z40_50h/irf_file.fits
2019-07-22T12:11:25:  Number of energy bins .....: 25
2019-07-22T12:11:25:  Number of offset bins .....: 6
2019-07-22T12:11:25:  Log10(Energy) range .......: 0.0125892544165254 - 1258.92541503906 TeV
2019-07-22T12:11:25:  Offset angle range ........: 0 - 6 deg
2019-07-22T12:11:25: === GCTAEdisp2D ===
2019-07-22T12:11:25:  Filename ..................: /cta/carli/anaconda3/share/caldb/data/cta/prod3b-v2/bcf/minus_constant_AEff_South_z40_50h/irf_file.fits
2019-07-22T12:11:25:  Number of energy bins .....: 500
2019-07-22T12:11:25:  Number of migration bins ..: 300
2019-07-22T12:11:25:  Number of offset bins .....: 6
2019-07-22T12:11:25:  Log10(Energy) range .......: 0.00501187238842249 - 501.187225341797 TeV
2019-07-22T12:11:25:  Migration range ...........: 0 - 3
2019-07-22T12:11:25:  Offset angle range ........: 0 - 6 deg
2019-07-22T12:11:25: === GCTABackground3D ===
2019-07-22T12:11:25:  Filename ..................: /cta/carli/anaconda3/share/caldb/data/cta/prod3b-v2/bcf/minus_constant_AEff_South_z40_50h/irf_file.fits
2019-07-22T12:11:25:  Number of DETX bins .......: 36
2019-07-22T12:11:25:  Number of DETY bins .......: 36
2019-07-22T12:11:25:  Number of energy bins .....: 21
2019-07-22T12:11:25:  DETX range ................: -6 - 6 deg
2019-07-22T12:11:25:  DETX range ................: -6 - 6 deg
2019-07-22T12:11:25:  Energy range ..............: 0.0125892544165254 - 199.526229858398 TeV
2019-07-22T12:11:25: === GCTAResponseCache ===
2019-07-22T12:11:25:  Number of cached values ...: 0
2019-07-22T12:11:25: === GCTAResponseCache ===
2019-07-22T12:11:25:  Number of cached values ...: 0
2019-07-22T12:11:25: === GCTAEventList ===
2019-07-22T12:11:25:  Number of events ..........: 0 (disposed without possibility to recover)
2019-07-22T12:11:25:  Time interval .............: 51544.5 - 51546.1666666667 days
2019-07-22T12:11:25: === GEbounds ===
2019-07-22T12:11:25:  Number of intervals .......: 1
2019-07-22T12:11:25:  Energy range ..............: 100 GeV - 199.526229858398 TeV
2019-07-22T12:11:25: === GCTARoi ===
2019-07-22T12:11:25:  RoI centre ................: RA=84.1331, DEC=22.0145 [0,0]
2019-07-22T12:11:25:  RoI radius ................: 0.8 deg
2019-07-22T12:11:25: === GSkyRegions ===
2019-07-22T12:11:25:  Number of regions .........: 0
2019-07-22T12:11:25: === GModels ===
2019-07-22T12:11:25:  Number of models ..........: 2
2019-07-22T12:11:25:  Number of parameters ......: 11
2019-07-22T12:11:25: === GModelSky ===
2019-07-22T12:11:25:  Name ......................: source3b
2019-07-22T12:11:25:  Instruments ...............: all
2019-07-22T12:11:25:  Test Statistic ............: Computation requested
2019-07-22T12:11:25:  Observation identifiers ...: all
2019-07-22T12:11:25:  Model type ................: PointSource
2019-07-22T12:11:25:  Model components ..........: "PointSource" * "ExponentialCutoffPowerLaw" * "Constant"
2019-07-22T12:11:25:  Number of parameters ......: 7
2019-07-22T12:11:25:  Number of spatial par's ...: 2
2019-07-22T12:11:25:   RA .......................: 83.6331 [-360,360] deg (fixed,scale=1)
2019-07-22T12:11:25:   DEC ......................: 22.0145 [-90,90] deg (fixed,scale=1)
2019-07-22T12:11:25:  Number of spectral par's ..: 4
2019-07-22T12:11:25:   Prefactor ................: 1.52e-18 +/- 0 [1e-25,1e-15] ph/cm2/s/MeV (free,scale=1e-18,gradient)
2019-07-22T12:11:25:   Index ....................: -2 +/- 0 [-0,-5]  (free,scale=-1,gradient)
2019-07-22T12:11:25:   CutoffEnergy .............: 200000000 +/- 0 [1000000,100000000000] MeV (free,scale=100000000,gradient)
2019-07-22T12:11:25:   PivotEnergy ..............: 1000000 [10000,1000000000] MeV (fixed,scale=1000000,gradient)
2019-07-22T12:11:25:  Number of temporal par's ..: 1
2019-07-22T12:11:25:   Normalization ............: 1 (relative value) (fixed,scale=1,gradient)
2019-07-22T12:11:25:  Number of scale par's .....: 0
2019-07-22T12:11:25: === GCTAModelIrfBackground ===
2019-07-22T12:11:25:  Name ......................: CTABackgroundModel
2019-07-22T12:11:25:  Instruments ...............: CTA
2019-07-22T12:11:25:  Test Statistic ............: Computation requested
2019-07-22T12:11:25:  Observation identifiers ...: all
2019-07-22T12:11:25:  Model type ................: "PowerLaw" * "Constant"
2019-07-22T12:11:25:  Number of parameters ......: 4
2019-07-22T12:11:25:  Number of spectral par's ..: 3
2019-07-22T12:11:25:   Prefactor ................: 1 +/- 0 [0.001,1000] ph/cm2/s/MeV (free,scale=1,gradient)
2019-07-22T12:11:25:   Index ....................: 0 +/- 0 [-5,5]  (free,scale=1,gradient)
2019-07-22T12:11:25:   PivotEnergy ..............: 1000000 [10000,1000000000] MeV (fixed,scale=1000000,gradient)
2019-07-22T12:11:25:  Number of temporal par's ..: 1
2019-07-22T12:11:25:   Normalization ............: 1 (relative value) (fixed,scale=1,gradient)
2019-07-22T12:11:25: 
2019-07-22T12:11:25: +======================+
2019-07-22T12:11:25: | Simulate observation |
2019-07-22T12:11:25: +======================+
2019-07-22T12:11:25: === CTA observation ===
2019-07-22T12:11:25:  Simulation cone ...........: RA=84.1331 deg, Dec=22.0145 deg, radius=1.3 deg
2019-07-22T12:11:25:  Time interval .............: 0 - 144000 s
2019-07-22T12:11:25:  Photon energy range .......: 41.1040776139221 GeV - 509.274482994276 GeV
2019-07-22T12:11:25:  Event energy range ........: 100 GeV - 213.796208774656 GeV
2019-07-22T12:11:25:   Simulation area ..........: 1.18514e+10 cm2
2019-07-22T12:11:25:   Use model ................: source3b
2019-07-22T12:11:25:   Normalization ............: 1 [source3b]
2019-07-22T12:11:25:   Flux .....................: 3.39755e-11 [source3b] photons/cm2/s
2019-07-22T12:11:25:   Normalized flux ..........: 3.39755e-11 [source3b] photons/cm2/s
2019-07-22T12:11:25:   Photon rate ..............: 0.402659 photons/s [source3b]
2019-07-22T12:11:25:   Time slice ...............: 0 - 144000 s [source3b]
2019-07-22T12:11:25:   MC source photons/slice ..: 58323 [source3b]
2019-07-22T12:11:25:   MC source photons ........: 58323 [source3b]
2019-07-22T12:11:25:   MC source events .........: 2070 [source3b]
2019-07-22T12:11:25:   MC source events .........: 2070 (all source models)
2019-07-22T12:11:25:  Photon energy range .......: 100.88253715168 GeV - 860.678033986988 GeV
2019-07-22T12:11:25:  Event energy range ........: 213.796208774656 GeV - 457.088188864163 GeV
2019-07-22T12:11:25:   Simulation area ..........: 1.77874e+10 cm2
2019-07-22T12:11:25:   Use model ................: source3b
2019-07-22T12:11:25:   Normalization ............: 1 [source3b]
2019-07-22T12:11:25:   Flux .....................: 1.32847e-11 [source3b] photons/cm2/s
2019-07-22T12:11:25:   Normalized flux ..........: 1.32847e-11 [source3b] photons/cm2/s
2019-07-22T12:11:25:   Photon rate ..............: 0.2363 photons/s [source3b]
2019-07-22T12:11:25:   Time slice ...............: 0 - 144000 s [source3b]
2019-07-22T12:11:25:   MC source photons/slice ..: 33908 [source3b]
2019-07-22T12:11:25:   MC source photons ........: 33908 [source3b]
2019-07-22T12:11:25:   MC source events .........: 2095 [source3b]
2019-07-22T12:11:25:   MC source events .........: 2095 (all source models)
2019-07-22T12:11:25:  Photon energy range .......: 265.018144252 GeV - 1.57081442112741 TeV
2019-07-22T12:11:25:  Event energy range ........: 457.088188864163 GeV - 977.237218548317 GeV
2019-07-22T12:11:25:   Simulation area ..........: 3.43669e+10 cm2
2019-07-22T12:11:25:   Use model ................: source3b
2019-07-22T12:11:25:   Normalization ............: 1 [source3b]
2019-07-22T12:11:25:   Flux .....................: 4.75431e-12 [source3b] photons/cm2/s
2019-07-22T12:11:25:   Normalized flux ..........: 4.75431e-12 [source3b] photons/cm2/s
2019-07-22T12:11:25:   Photon rate ..............: 0.163391 photons/s [source3b]
2019-07-22T12:11:25:   Time slice ...............: 0 - 144000 s [source3b]
2019-07-22T12:11:25:   MC source photons/slice ..: 23493 [source3b]
2019-07-22T12:11:25:   MC source photons ........: 23493 [source3b]
2019-07-22T12:11:25:   MC source events .........: 1740 [source3b]
2019-07-22T12:11:25:   MC source events .........: 1740 (all source models)
2019-07-22T12:11:25:  Photon energy range .......: 625.275670425715 GeV - 3.04099144442538 TeV
2019-07-22T12:11:25:  Event energy range ........: 977.237218548317 GeV - 2.0892961239912 TeV
2019-07-22T12:11:25:   Simulation area ..........: 5.37121e+10 cm2
2019-07-22T12:11:25:   Use model ................: source3b
2019-07-22T12:11:25:   Normalization ............: 1 [source3b]
2019-07-22T12:11:25:   Flux .....................: 1.91912e-12 [source3b] photons/cm2/s
2019-07-22T12:11:25:   Normalized flux ..........: 1.91912e-12 [source3b] photons/cm2/s
2019-07-22T12:11:25:   Photon rate ..............: 0.10308 photons/s [source3b]
2019-07-22T12:11:25:   Time slice ...............: 0 - 144000 s [source3b]
2019-07-22T12:11:25:   MC source photons/slice ..: 14988 [source3b]
2019-07-22T12:11:25:   MC source photons ........: 14988 [source3b]
2019-07-22T12:11:25:   MC source events .........: 1720 [source3b]
2019-07-22T12:11:25:   MC source events .........: 1720 (all source models)
2019-07-22T12:11:25:  Photon energy range .......: 1.52598487124743 TeV - 6.09062686094979 TeV
2019-07-22T12:11:25:  Event energy range ........: 2.0892961239912 TeV - 4.46683590316902 TeV
2019-07-22T12:11:25:   Simulation area ..........: 6.6225e+10 cm2
2019-07-22T12:11:25:   Use model ................: source3b
2019-07-22T12:11:25:   Normalization ............: 1 [source3b]
2019-07-22T12:11:25:   Flux .....................: 7.36081e-13 [source3b] photons/cm2/s
2019-07-22T12:11:25:   Normalized flux ..........: 7.36081e-13 [source3b] photons/cm2/s
2019-07-22T12:11:25:   Photon rate ..............: 0.048747 photons/s [source3b]
2019-07-22T12:11:25:   Time slice ...............: 0 - 144000 s [source3b]
2019-07-22T12:11:26:   MC source photons/slice ..: 7008 [source3b]
2019-07-22T12:11:26:   MC source photons ........: 7008 [source3b]
2019-07-22T12:11:26:   MC source events .........: 1415 [source3b]
2019-07-22T12:11:26:   MC source events .........: 1415 (all source models)
2019-07-22T12:11:26:  Photon energy range .......: 3.46329780546817 TeV - 13.5112010225502 TeV
2019-07-22T12:11:26:  Event energy range ........: 4.46683590316902 TeV - 9.54992581316053 TeV
2019-07-22T12:11:26:   Simulation area ..........: 8.2337e+10 cm2
2019-07-22T12:11:26:   Use model ................: source3b
2019-07-22T12:11:26:   Normalization ............: 1 [source3b]
2019-07-22T12:11:26:   Flux .....................: 3.16231e-13 [source3b] photons/cm2/s
2019-07-22T12:11:26:   Normalized flux ..........: 3.16231e-13 [source3b] photons/cm2/s
2019-07-22T12:11:26:   Photon rate ..............: 0.0260375 photons/s [source3b]
2019-07-22T12:11:26:   Time slice ...............: 0 - 144000 s [source3b]
2019-07-22T12:11:26:   MC source photons/slice ..: 3761 [source3b]
2019-07-22T12:11:26:   MC source photons ........: 3761 [source3b]
2019-07-22T12:11:26:   MC source events .........: 779 [source3b]
2019-07-22T12:11:26:   MC source events .........: 779 (all source models)
2019-07-22T12:11:26:  Photon energy range .......: 7.57686977261953 TeV - 27.092165885067 TeV
2019-07-22T12:11:26:  Event energy range ........: 9.54992581316053 TeV - 20.4173793293294 TeV
2019-07-22T12:11:26:   Simulation area ..........: 1.06568e+11 cm2
2019-07-22T12:11:26:   Use model ................: source3b
2019-07-22T12:11:26:   Normalization ............: 1 [source3b]
2019-07-22T12:11:26:   Flux .....................: 1.35183e-13 [source3b] photons/cm2/s
2019-07-22T12:11:26:   Normalized flux ..........: 1.35183e-13 [source3b] photons/cm2/s
2019-07-22T12:11:26:   Photon rate ..............: 0.0144062 photons/s [source3b]
2019-07-22T12:11:26:   Time slice ...............: 0 - 144000 s [source3b]
2019-07-22T12:11:26:   MC source photons/slice ..: 2060 [source3b]
2019-07-22T12:11:26:   MC source photons ........: 2060 [source3b]
2019-07-22T12:11:26:   MC source events .........: 438 [source3b]
2019-07-22T12:11:26:   MC source events .........: 438 (all source models)
2019-07-22T12:11:26:  Photon energy range .......: 15.830324777243 TeV - 56.4077240740645 TeV
2019-07-22T12:11:26:  Event energy range ........: 20.4173793293294 TeV - 43.6515829372465 TeV
2019-07-22T12:11:26:   Simulation area ..........: 1.11203e+11 cm2
2019-07-22T12:11:26:   Use model ................: source3b
2019-07-22T12:11:26:   Normalization ............: 1 [source3b]
2019-07-22T12:11:26:   Flux .....................: 6.01412e-14 [source3b] photons/cm2/s
2019-07-22T12:11:26:   Normalized flux ..........: 6.01412e-14 [source3b] photons/cm2/s
2019-07-22T12:11:26:   Photon rate ..............: 0.0066879 photons/s [source3b]
2019-07-22T12:11:26:   Time slice ...............: 0 - 144000 s [source3b]
2019-07-22T12:11:26:   MC source photons/slice ..: 957 [source3b]
2019-07-22T12:11:26:   MC source photons ........: 957 [source3b]
2019-07-22T12:11:26:   MC source events .........: 227 [source3b]
2019-07-22T12:11:26:   MC source events .........: 227 (all source models)
2019-07-22T12:11:26:  Photon energy range .......: 34.3839906563315 TeV - 116.046716746149 TeV
2019-07-22T12:11:26:  Event energy range ........: 43.6515829372465 TeV - 93.3254293899579 TeV
2019-07-22T12:11:26:   Simulation area ..........: 1.37203e+11 cm2
2019-07-22T12:11:26:   Use model ................: source3b
2019-07-22T12:11:26:   Normalization ............: 1 [source3b]
2019-07-22T12:11:26:   Flux .....................: 2.32393e-14 [source3b] photons/cm2/s
2019-07-22T12:11:26:   Normalized flux ..........: 2.32393e-14 [source3b] photons/cm2/s
2019-07-22T12:11:26:   Photon rate ..............: 0.00318851 photons/s [source3b]
2019-07-22T12:11:26:   Time slice ...............: 0 - 144000 s [source3b]
2019-07-22T12:11:26:   MC source photons/slice ..: 471 [source3b]
2019-07-22T12:11:26:   MC source photons ........: 471 [source3b]
2019-07-22T12:11:26:   MC source events .........: 101 [source3b]
2019-07-22T12:11:26:   MC source events .........: 101 (all source models)
2019-07-22T12:11:26:  Photon energy range .......: 79.1906822067056 TeV - 239.08155027665 TeV
2019-07-22T12:11:26:  Event energy range ........: 93.3254293899579 TeV - 199.526229858398 TeV
2019-07-22T12:11:26:   Simulation area ..........: 1.51734e+11 cm2
2019-07-22T12:11:26:   Use model ................: source3b
2019-07-22T12:11:26:   Normalization ............: 1 [source3b]
2019-07-22T12:11:26:   Flux .....................: 6.81741e-15 [source3b] photons/cm2/s
2019-07-22T12:11:26:   Normalized flux ..........: 6.81741e-15 [source3b] photons/cm2/s
2019-07-22T12:11:26:   Photon rate ..............: 0.00103443 photons/s [source3b]
2019-07-22T12:11:26:   Time slice ...............: 0 - 144000 s [source3b]
2019-07-22T12:11:26:   MC source photons/slice ..: 159 [source3b]
2019-07-22T12:11:26:   MC source photons ........: 159 [source3b]
2019-07-22T12:11:26:   MC source events .........: 42 [source3b]
2019-07-22T12:11:26:   MC source events .........: 42 (all source models)
2019-07-22T12:11:26:  MC source photons .........: 145128 [source3b]
2019-07-22T12:11:26:  MC source events ..........: 10627 [source3b]
2019-07-22T12:11:41:  MC events outside ROI .....: 0
2019-07-22T12:11:41:  MC background events ......: 303828
2019-07-22T12:11:41:  MC identifier 1 ...........: source3b
2019-07-22T12:11:41:  MC identifier 2 ...........: CTABackgroundModel
2019-07-22T12:11:41:  MC events .................: 314455 (all models)
2019-07-22T12:11:42: 
2019-07-22T12:11:42: +==================+
2019-07-22T12:11:42: | Save observation |
2019-07-22T12:11:42: +==================+
2019-07-22T12:11:42: 
2019-07-22T12:11:42: Application "ctobssim" terminated after 17 wall clock seconds, consuming 16.94 seconds of CPU time.
