2019-07-22T18:29:16: ********************************************************************************
2019-07-22T18:29:16: *                                  ctbutterfly                                 *
2019-07-22T18:29:16: * ---------------------------------------------------------------------------- *
2019-07-22T18:29:16: * Version: 1.6.0                                                               *
2019-07-22T18:29:16: ********************************************************************************
2019-07-22T18:29:16: +============+
2019-07-22T18:29:16: | Parameters |
2019-07-22T18:29:16: +============+
2019-07-22T18:29:16:  inobs .....................: /cta/carli/CPPM_Internship/Simulations_and_Analyses/plus_step_AEff_South_z40_50h/source3d/obs_cube.fits
2019-07-22T18:29:16:  inmodel ...................: /cta/carli/CPPM_Internship/Simulations_and_Analyses/plus_step_AEff_South_z40_50h/source3d/obsmodel_binned.xml
2019-07-22T18:29:16:  srcname ...................: source3d
2019-07-22T18:29:16:  expcube ...................: /cta/carli/CPPM_Internship/Simulations_and_Analyses/plus_step_AEff_South_z40_50h/source3d/exposure_cube.fits
2019-07-22T18:29:16:  psfcube ...................: /cta/carli/CPPM_Internship/Simulations_and_Analyses/plus_step_AEff_South_z40_50h/source3d/PSF_cube.fits
2019-07-22T18:29:16:  edispcube .................: /cta/carli/CPPM_Internship/Simulations_and_Analyses/plus_step_AEff_South_z40_50h/source3d/edisp_cube.fits
2019-07-22T18:29:16:  bkgcube ...................: /cta/carli/CPPM_Internship/Simulations_and_Analyses/plus_step_AEff_South_z40_50h/source3d/background_cube.fits
2019-07-22T18:29:16:  caldb .....................: prod3b-v2
2019-07-22T18:29:16:  irf .......................: plus_step_AEff_South_z40_50h
2019-07-22T18:29:16:  edisp .....................: yes
2019-07-22T18:29:16:  outfile ...................: /cta/carli/CPPM_Internship/Simulations_and_Analyses/plus_step_AEff_South_z40_50h/source3d/butterfly_binned.ascii
2019-07-22T18:29:16:  method ....................: GAUSSIAN
2019-07-22T18:29:16:  fit .......................: no
2019-07-22T18:29:16:  confidence ................: 0.68
2019-07-22T18:29:16:  statistic .................: DEFAULT
2019-07-22T18:29:16:  like_accuracy .............: 0.005
2019-07-22T18:29:16:  max_iter ..................: 50
2019-07-22T18:29:16:  matrix ....................: NONE
2019-07-22T18:29:16:  ebinalg ...................: LOG
2019-07-22T18:29:16:  emin ......................: 0.1
2019-07-22T18:29:16:  emax ......................: 199.526229858398
2019-07-22T18:29:16:  enumbins ..................: 32
2019-07-22T18:29:16:  ebinfile ..................: [not queried]
2019-07-22T18:29:16:  chatter ...................: 4
2019-07-22T18:29:16:  clobber ...................: yes
2019-07-22T18:29:16:  debug .....................: no
2019-07-22T18:29:16:  mode ......................: ql
2019-07-22T18:29:16:  logfile ...................: ctbutterfly.log
2019-07-22T18:29:16: 
2019-07-22T18:29:16: +===================+
2019-07-22T18:29:16: | Input observation |
2019-07-22T18:29:16: +===================+
2019-07-22T18:29:16: === GObservations ===
2019-07-22T18:29:16:  Number of observations ....: 1
2019-07-22T18:29:16:  Number of models ..........: 2
2019-07-22T18:29:16:  Number of observed events .: 327382
2019-07-22T18:29:16:  Number of predicted events : 0
2019-07-22T18:29:16: === GCTAObservation ===
2019-07-22T18:29:16:  Name ......................: 
2019-07-22T18:29:16:  Identifier ................: 000001
2019-07-22T18:29:16:  Instrument ................: CTA
2019-07-22T18:29:16:  Event file ................: /cta/carli/CPPM_Internship/Simulations_and_Analyses/plus_step_AEff_South_z40_50h/source3d/obs_cube.fits
2019-07-22T18:29:16:  Event type ................: CountsCube
2019-07-22T18:29:16:  Statistic .................: cstat
2019-07-22T18:29:16:  Ontime ....................: 144000 s
2019-07-22T18:29:16:  Livetime ..................: 141120 s
2019-07-22T18:29:16:  Deadtime correction .......: 0.98
2019-07-22T18:29:16:  User energy range .........: undefined
2019-07-22T18:29:16: === GCTAPointing ===
2019-07-22T18:29:16:  Pointing direction ........: (RA,Dec)=(84.1331,22.0145)
2019-07-22T18:29:16: === GCTAResponseCube ===
2019-07-22T18:29:16:  Energy dispersion .........: Used
2019-07-22T18:29:16: === GCTACubeExposure ===
2019-07-22T18:29:16:  Filename ..................: /cta/carli/CPPM_Internship/Simulations_and_Analyses/plus_step_AEff_South_z40_50h/source3d/exposure_cube.fits
2019-07-22T18:29:16:  Livetime ..................: 141120 sec
2019-07-22T18:29:16: === GEnergies ===
2019-07-22T18:29:16:  Number of energies ........: 33
2019-07-22T18:29:16: === GGti ===
2019-07-22T18:29:16:  Number of intervals .......: 1
2019-07-22T18:29:16:  Ontime ....................: 144000 sec
2019-07-22T18:29:16:  Elapsed time ..............: 144000 sec
2019-07-22T18:29:16:  MJD range .................: 51544.5 - 51546.1666666667 s (TT)
2019-07-22T18:29:16:  UTC range .................: 2000-01-01T11:58:56 - 2000-01-03T03:58:56 s (TT)
2019-07-22T18:29:16:  Reference MJD .............: 51544.5
2019-07-22T18:29:16: === GSkyMap ===
2019-07-22T18:29:16:  Number of pixels ..........: 6400
2019-07-22T18:29:16:  X axis dimension ..........: 80
2019-07-22T18:29:16:  Y axis dimension ..........: 80
2019-07-22T18:29:16:  Number of maps ............: 33
2019-07-22T18:29:16:  Shape of maps .............: (33)
2019-07-22T18:29:16: === GCTACubePsf ===
2019-07-22T18:29:16:  Filename ..................: /cta/carli/CPPM_Internship/Simulations_and_Analyses/plus_step_AEff_South_z40_50h/source3d/PSF_cube.fits
2019-07-22T18:29:16: === GEnergies ===
2019-07-22T18:29:16:  Number of energies ........: 33
2019-07-22T18:29:16:  Number of delta bins ......: 200
2019-07-22T18:29:16:  Delta range ...............: 1.875e-06 - 0.298501875 deg
2019-07-22T18:29:16: === GSkyMap ===
2019-07-22T18:29:16:  Number of pixels ..........: 1
2019-07-22T18:29:16:  X axis dimension ..........: 1
2019-07-22T18:29:16:  Y axis dimension ..........: 1
2019-07-22T18:29:16:  Number of maps ............: 6600
2019-07-22T18:29:16:  Shape of maps .............: (200, 33)
2019-07-22T18:29:16: === GCTACubeEdisp ===
2019-07-22T18:29:16:  Filename ..................: /cta/carli/CPPM_Internship/Simulations_and_Analyses/plus_step_AEff_South_z40_50h/source3d/edisp_cube.fits
2019-07-22T18:29:16: === GEnergies ===
2019-07-22T18:29:16:  Number of energies ........: 33
2019-07-22T18:29:16:  Number of migra bins ......: 100
2019-07-22T18:29:16:  Migra range ...............: 0.02 - 2
2019-07-22T18:29:16: === GSkyMap ===
2019-07-22T18:29:16:  Number of pixels ..........: 1
2019-07-22T18:29:16:  X axis dimension ..........: 1
2019-07-22T18:29:16:  Y axis dimension ..........: 1
2019-07-22T18:29:16:  Number of maps ............: 3300
2019-07-22T18:29:16:  Shape of maps .............: (100, 33)
2019-07-22T18:29:16: === GCTACubeBackground ===
2019-07-22T18:29:16:  Filename ..................: /cta/carli/CPPM_Internship/Simulations_and_Analyses/plus_step_AEff_South_z40_50h/source3d/background_cube.fits
2019-07-22T18:29:16: === GEbounds ===
2019-07-22T18:29:16:  Number of intervals .......: 32
2019-07-22T18:29:16:  Energy range ..............: 100 GeV - 199.526229858398 TeV
2019-07-22T18:29:16: === GSkyMap ===
2019-07-22T18:29:16:  Number of pixels ..........: 6400
2019-07-22T18:29:16:  X axis dimension ..........: 80
2019-07-22T18:29:16:  Y axis dimension ..........: 80
2019-07-22T18:29:16:  Number of maps ............: 32
2019-07-22T18:29:16:  Shape of maps .............: (32)
2019-07-22T18:29:16: === GCTAResponseCache ===
2019-07-22T18:29:16:  Number of cached values ...: 0
2019-07-22T18:29:16: === GCTAEventCube ===
2019-07-22T18:29:16:  Number of events ..........: 327382
2019-07-22T18:29:16:  Number of elements ........: 204800
2019-07-22T18:29:16:  Number of pixels ..........: 6400
2019-07-22T18:29:16:  Number of energy bins .....: 32
2019-07-22T18:29:16:  Time interval .............: 51544.5 - 51546.1666666667 days
2019-07-22T18:29:16:  Pointing ..................: (RA,Dec)=(84.1331,22.0145)
2019-07-22T18:29:16: === GEbounds ===
2019-07-22T18:29:16:  Number of intervals .......: 32
2019-07-22T18:29:16:  Energy range ..............: 100 GeV - 199.526229858398 TeV
2019-07-22T18:29:16: === GSkyMap ===
2019-07-22T18:29:16:  Number of pixels ..........: 6400
2019-07-22T18:29:16:  X axis dimension ..........: 80
2019-07-22T18:29:16:  Y axis dimension ..........: 80
2019-07-22T18:29:16:  Number of maps ............: 32
2019-07-22T18:29:16:  Shape of maps .............: (32)
2019-07-22T18:29:16: === GSkyRegions ===
2019-07-22T18:29:16:  Number of regions .........: 0
2019-07-22T18:29:16: === GModels ===
2019-07-22T18:29:16:  Number of models ..........: 2
2019-07-22T18:29:16:  Number of parameters ......: 11
2019-07-22T18:29:16: === GModelSky ===
2019-07-22T18:29:16:  Name ......................: source3d
2019-07-22T18:29:16:  Instruments ...............: all
2019-07-22T18:29:16:  Test Statistic ............: 106413.818
2019-07-22T18:29:16:  Observation identifiers ...: all
2019-07-22T18:29:16:  Model type ................: PointSource
2019-07-22T18:29:16:  Model components ..........: "PointSource" * "ExponentialCutoffPowerLaw" * "Constant"
2019-07-22T18:29:16:  Number of parameters ......: 7
2019-07-22T18:29:16:  Number of spatial par's ...: 2
2019-07-22T18:29:16:   RA .......................: 83.6331 [-360,360] deg (fixed,scale=1)
2019-07-22T18:29:16:   DEC ......................: 22.0145 [-90,90] deg (fixed,scale=1)
2019-07-22T18:29:16:  Number of spectral par's ..: 4
2019-07-22T18:29:16:   Prefactor ................: 3.0672698526375e-18 +/- 2.38766673957503e-20 [1e-25,1e-15] ph/cm2/s/MeV (free,scale=1e-18,gradient)
2019-07-22T18:29:16:   Index ....................: -1.99764954741011 +/- 0.00668249549279436 [-0,-5]  (free,scale=-1,gradient)
2019-07-22T18:29:16:   CutoffEnergy .............: 343379631.81751 +/- 103162923.3508 [1000000,100000000000] MeV (free,scale=100000000,gradient)
2019-07-22T18:29:16:   PivotEnergy ..............: 1000000 [10000,1000000000] MeV (fixed,scale=1000000,gradient)
2019-07-22T18:29:16:  Number of temporal par's ..: 1
2019-07-22T18:29:16:   Normalization ............: 1 (relative value) (fixed,scale=1,gradient)
2019-07-22T18:29:16:  Number of scale par's .....: 0
2019-07-22T18:29:16: === GCTAModelCubeBackground ===
2019-07-22T18:29:16:  Name ......................: BackgroundModel
2019-07-22T18:29:16:  Instruments ...............: CTA, HESS, MAGIC, VERITAS
2019-07-22T18:29:16:  Observation identifiers ...: all
2019-07-22T18:29:16:  Model type ................: "PowerLaw" * "Constant"
2019-07-22T18:29:16:  Number of parameters ......: 4
2019-07-22T18:29:16:  Number of spectral par's ..: 3
2019-07-22T18:29:16:   Prefactor ................: 0.993060033804678 +/- 0.00441945822463375 [0.01,100] ph/cm2/s/MeV (free,scale=1,gradient)
2019-07-22T18:29:16:   Index ....................: -0.00383617422159603 +/- 0.00257479985886807 [-5,5]  (free,scale=1,gradient)
2019-07-22T18:29:16:   PivotEnergy ..............: 1000000 MeV (fixed,scale=1000000,gradient)
2019-07-22T18:29:16:  Number of temporal par's ..: 1
2019-07-22T18:29:16:   Normalization ............: 1 (relative value) (fixed,scale=1,gradient)
2019-07-22T18:29:16: 
2019-07-22T18:29:16: +===========================+
2019-07-22T18:29:16: | Compute covariance matrix |
2019-07-22T18:29:16: +===========================+
2019-07-22T18:29:48: === GMatrixSparse ===
2019-07-22T18:29:48:  Number of rows ............: 11
2019-07-22T18:29:48:  Number of columns .........: 11
2019-07-22T18:29:48:  Number of nonzero elements : 25
2019-07-22T18:29:48:  Number of allocated cells .: 512
2019-07-22T18:29:48:  Memory block size .........: 512
2019-07-22T18:29:48:  Sparse matrix fill ........: 0.206611570247934
2019-07-22T18:29:48:  Pending element ...........: 0
2019-07-22T18:29:48:  Fill stack size ...........: 0 (none)
2019-07-22T18:29:48:  0, 0, 0, 0, 0, 0, 0, 0, 0, 0, 0
2019-07-22T18:29:48:  0, 0, 0, 0, 0, 0, 0, 0, 0, 0, 0
2019-07-22T18:29:48:  0, 0, 5.70095245930334e-40, 1.54145758790684e-23, -8.10338590864498e-13, 0, 0, -3.04074717496156e-24, -4.35115564298469e-25, 0, 0
2019-07-22T18:29:48:  0, 0, 1.54145758790684e-23, 4.46557460113446e-05, -434636.875987376, 0, 0, 2.18454393882546e-07, -4.66286518093437e-07, 0, 0
2019-07-22T18:29:48:  0, 0, -8.10338590864498e-13, -434636.875987376, 1.06425887543036e+16, 0, 0, 139.079668542974, 4138.05755359826, 0, 0
2019-07-22T18:29:48:  0, 0, 0, 0, 0, 0, 0, 0, 0, 0, 0
2019-07-22T18:29:48:  0, 0, 0, 0, 0, 0, 0, 0, 0, 0, 0
2019-07-22T18:29:48:  0, 0, -3.04074717496155e-24, 2.18454393882547e-07, 139.079668542971, 0, 0, 1.95316109992783e-05, 1.03591232296257e-05, 0, 0
2019-07-22T18:29:48:  0, 0, -4.35115564298466e-25, -4.66286518093437e-07, 4138.05755359825, 0, 0, 1.03591232296257e-05, 6.62959431322327e-06, 0, 0
2019-07-22T18:29:48:  0, 0, 0, 0, 0, 0, 0, 0, 0, 0, 0
2019-07-22T18:29:48:  0, 0, 0, 0, 0, 0, 0, 0, 0, 0, 0
2019-07-22T18:29:48: 
2019-07-22T18:29:48: +===============================+
2019-07-22T18:29:48: | Prepare butterfly computation |
2019-07-22T18:29:48: +===============================+
2019-07-22T18:29:48:  Confidence level ..........: 0.68
2019-07-22T18:29:48:  Corresponding scaling .....: 0.994458
2019-07-22T18:29:48: 
2019-07-22T18:29:48: +====================+
2019-07-22T18:29:48: | Generate butterfly |
2019-07-22T18:29:48: +====================+
2019-07-22T18:29:48: 
2019-07-22T18:29:48: +=========+
2019-07-22T18:29:48: | Results |
2019-07-22T18:29:48: +=========+
2019-07-22T18:29:48:  Intensity at 112606.251051226 MeV : 2.40577666656967e-16 (2.36772719695863e-16, 2.4438261361807e-16) ph/cm2/s/MeV
2019-07-22T18:29:48:  Intensity at 142786.615593472 MeV : 1.4969576980804e-16 (1.47530112419388e-16, 1.51861427196692e-16) ph/cm2/s/MeV
2019-07-22T18:29:48:  Intensity at 181055.824186555 MeV : 9.31437067336768e-17 (9.19171995105954e-17, 9.43702139567582e-17) ph/cm2/s/MeV
2019-07-22T18:29:48:  Intensity at 229581.822747338 MeV : 5.79541490945864e-17 (5.72625508162563e-17, 5.86457473729164e-17) ph/cm2/s/MeV
2019-07-22T18:29:48:  Intensity at 291113.603071291 MeV : 3.60577896737005e-17 (3.56689237580025e-17, 3.64466555893985e-17) ph/cm2/s/MeV
2019-07-22T18:29:48:  Intensity at 369136.932876502 MeV : 2.24332817367895e-17 (2.22145936895571e-17, 2.2651969784022e-17) ph/cm2/s/MeV
2019-07-22T18:29:48:  Intensity at 468071.824112259 MeV : 1.39559714362096e-17 (1.38323113520944e-17, 1.40796315203248e-17) ph/cm2/s/MeV
2019-07-22T18:29:48:  Intensity at 593522.926087366 MeV : 8.68148054636423e-18 (8.61060369301804e-18, 8.75235739971042e-18) ph/cm2/s/MeV
2019-07-22T18:29:48:  Intensity at 752597.028157849 MeV : 5.39989102864357e-18 (5.35830077005283e-18, 5.44148128723432e-18) ph/cm2/s/MeV
2019-07-22T18:29:48:  Intensity at 954305.65846188 MeV : 3.35832151983912e-18 (3.3331131778526e-18, 3.38352986182565e-18) ph/cm2/s/MeV
2019-07-22T18:29:48:  Intensity at 1210075.58587031 MeV : 2.08829175703872e-18 (2.07245776820451e-18, 2.10412574587292e-18) ph/cm2/s/MeV
2019-07-22T18:29:48:  Intensity at 1534396.14502492 MeV : 1.2982949733724e-18 (1.28803355076686e-18, 1.30855639597794e-18) ph/cm2/s/MeV
2019-07-22T18:29:48:  Intensity at 1945640.05534746 MeV : 8.0694816704702e-19 (8.00153105967119e-19, 8.1374322812692e-19) ph/cm2/s/MeV
2019-07-22T18:29:48:  Intensity at 2467104.23331454 MeV : 5.0139327027372e-19 (4.96843360824578e-19, 5.05943179722863e-19) ph/cm2/s/MeV
2019-07-22T18:29:48:  Intensity at 3128329.55988436 MeV : 3.11411464303598e-19 (3.08356484818362e-19, 3.14466443788835e-19) ph/cm2/s/MeV
2019-07-22T18:29:48:  Intensity at 3966774.36773649 MeV : 1.93315444231654e-19 (1.9126998198719e-19, 1.95360906476118e-19) ph/cm2/s/MeV
2019-07-22T18:29:48:  Intensity at 5029936.45116879 MeV : 1.19926260652336e-19 (1.18564967601809e-19, 1.21287553702862e-19) ph/cm2/s/MeV
2019-07-22T18:29:48:  Intensity at 6378043.81024912 MeV : 7.43364204114842e-20 (7.34372077519219e-20, 7.52356330710464e-20) ph/cm2/s/MeV
2019-07-22T18:29:48:  Intensity at 8087466.55954362 MeV : 4.60290505977935e-20 (4.54394354007634e-20, 4.66186657948235e-20) ph/cm2/s/MeV
2019-07-22T18:29:48:  Intensity at 10255043.285628 MeV : 2.84631481305293e-20 (2.80786512852066e-20, 2.8847644975852e-20) ph/cm2/s/MeV
2019-07-22T18:29:48:  Intensity at 13003566.9409974 MeV : 1.75711055506462e-20 (1.73206273886201e-20, 1.78215837126723e-20) ph/cm2/s/MeV
2019-07-22T18:29:48:  Intensity at 16488741.0495845 MeV : 1.08238945505964e-20 (1.06595641229547e-20, 1.09882249782382e-20) ph/cm2/s/MeV
2019-07-22T18:29:48:  Intensity at 20908000.2920645 MeV : 6.64946370092136e-21 (6.53956462031732e-21, 6.7593627815254e-21) ph/cm2/s/MeV
2019-07-22T18:29:48:  Intensity at 26511695.1560098 MeV : 4.07091143380368e-21 (3.99496996911487e-21, 4.14685289849249e-21) ph/cm2/s/MeV
2019-07-22T18:29:48:  Intensity at 33617274.2599379 MeV : 2.48140217250797e-21 (2.42672410616784e-21, 2.53608023884811e-21) ph/cm2/s/MeV
2019-07-22T18:29:48:  Intensity at 42627267.7781488 MeV : 1.50415996711203e-21 (1.46325491211462e-21, 1.54506502210945e-21) ph/cm2/s/MeV
2019-07-22T18:29:48:  Intensity at 54052090.7251378 MeV : 9.05392103106479e-22 (8.73995639339422e-22, 9.36788566873537e-22) ph/cm2/s/MeV
2019-07-22T18:29:48:  Intensity at 68538957.9028144 MeV : 5.40140339119536e-22 (5.15796624920928e-22, 5.64484053318143e-22) ph/cm2/s/MeV
2019-07-22T18:29:48:  Intensity at 86908548.5386981 MeV : 3.18614686900468e-22 (2.99796316758046e-22, 3.3743305704289e-22) ph/cm2/s/MeV
2019-07-22T18:29:48:  Intensity at 110201497.662297 MeV : 1.85267004223429e-22 (1.70903754603083e-22, 1.99630253843775e-22) ph/cm2/s/MeV
2019-07-22T18:29:48:  Intensity at 139737347.950364 MeV : 1.05787551416163e-22 (9.50423478169983e-23, 1.16532755015327e-22) ph/cm2/s/MeV
2019-07-22T18:29:48:  Intensity at 177189301.655759 MeV : 5.90281322630807e-23 (5.11994342212101e-23, 6.68568303049514e-23) ph/cm2/s/MeV
2019-07-22T18:29:48: 
2019-07-22T18:29:48: +========================+
2019-07-22T18:29:48: | Save Butterfly diagram |
2019-07-22T18:29:48: +========================+
2019-07-22T18:29:48:  Butterfly file ............: /cta/carli/CPPM_Internship/Simulations_and_Analyses/plus_step_AEff_South_z40_50h/source3d/butterfly_binned.ascii
2019-07-22T18:29:48: 
2019-07-22T18:29:48: Application "ctbutterfly" terminated after 33 wall clock seconds, consuming 33.59 seconds of CPU time.
