2019-07-25T11:15:39: ********************************************************************************
2019-07-25T11:15:39: *                                    cterror                                   *
2019-07-25T11:15:39: * ---------------------------------------------------------------------------- *
2019-07-25T11:15:39: * Version: 1.6.0                                                               *
2019-07-25T11:15:39: ********************************************************************************
2019-07-25T11:15:39: +============+
2019-07-25T11:15:39: | Parameters |
2019-07-25T11:15:39: +============+
2019-07-25T11:15:39:  inobs .....................: /cta/carli/CPPM_Internship/Simulations_and_Analyses/plus_step_AEff_South_z40_50h/source3d/obs_cube.fits
2019-07-25T11:15:39:  inmodel ...................: /cta/carli/CPPM_Internship/Simulations_and_Analyses/plus_step_AEff_South_z40_50h/source3d/obsmodel_binned.xml
2019-07-25T11:15:39:  srcname ...................: source3d
2019-07-25T11:15:39:  expcube ...................: /cta/carli/CPPM_Internship/Simulations_and_Analyses/plus_step_AEff_South_z40_50h/source3d/exposure_cube.fits
2019-07-25T11:15:39:  psfcube ...................: /cta/carli/CPPM_Internship/Simulations_and_Analyses/plus_step_AEff_South_z40_50h/source3d/PSF_cube.fits
2019-07-25T11:15:39:  edispcube .................: /cta/carli/CPPM_Internship/Simulations_and_Analyses/plus_step_AEff_South_z40_50h/source3d/edisp_cube.fits
2019-07-25T11:15:39:  bkgcube ...................: /cta/carli/CPPM_Internship/Simulations_and_Analyses/plus_step_AEff_South_z40_50h/source3d/background_cube.fits
2019-07-25T11:15:39:  caldb .....................: prod3b-v2
2019-07-25T11:15:39:  irf .......................: plus_step_AEff_South_z40_50h
2019-07-25T11:15:39:  edisp .....................: yes
2019-07-25T11:15:39:  outmodel ..................: 
2019-07-25T11:15:39:  confidence ................: 0.95
2019-07-25T11:15:39:  tol .......................: 1e-3
2019-07-25T11:15:39:  statistic .................: DEFAULT
2019-07-25T11:15:39:  like_accuracy .............: 0.005
2019-07-25T11:15:39:  max_iter ..................: 50
2019-07-25T11:15:39:  nthreads ..................: 0
2019-07-25T11:15:39:  chatter ...................: 4
2019-07-25T11:15:39:  clobber ...................: yes
2019-07-25T11:15:39:  debug .....................: no
2019-07-25T11:15:39:  mode ......................: ql
2019-07-25T11:15:39:  logfile ...................: cterror95.log
2019-07-25T11:15:39: 
2019-07-25T11:15:39: +===================+
2019-07-25T11:15:39: | Input observation |
2019-07-25T11:15:39: +===================+
2019-07-25T11:15:39: === GObservations ===
2019-07-25T11:15:39:  Number of observations ....: 1
2019-07-25T11:15:39:  Number of models ..........: 2
2019-07-25T11:15:39:  Number of observed events .: 327382
2019-07-25T11:15:39:  Number of predicted events : 0
2019-07-25T11:15:39: === GCTAObservation ===
2019-07-25T11:15:39:  Name ......................: 
2019-07-25T11:15:39:  Identifier ................: 000001
2019-07-25T11:15:39:  Instrument ................: CTA
2019-07-25T11:15:39:  Event file ................: /cta/carli/CPPM_Internship/Simulations_and_Analyses/plus_step_AEff_South_z40_50h/source3d/obs_cube.fits
2019-07-25T11:15:39:  Event type ................: CountsCube
2019-07-25T11:15:39:  Statistic .................: cstat
2019-07-25T11:15:39:  Ontime ....................: 144000 s
2019-07-25T11:15:39:  Livetime ..................: 141120 s
2019-07-25T11:15:39:  Deadtime correction .......: 0.98
2019-07-25T11:15:39:  User energy range .........: undefined
2019-07-25T11:15:39: === GCTAPointing ===
2019-07-25T11:15:39:  Pointing direction ........: (RA,Dec)=(84.1331,22.0145)
2019-07-25T11:15:39: === GCTAResponseCube ===
2019-07-25T11:15:39:  Energy dispersion .........: Used
2019-07-25T11:15:39: === GCTACubeExposure ===
2019-07-25T11:15:39:  Filename ..................: /cta/carli/CPPM_Internship/Simulations_and_Analyses/plus_step_AEff_South_z40_50h/source3d/exposure_cube.fits
2019-07-25T11:15:39:  Livetime ..................: 141120 sec
2019-07-25T11:15:39: === GEnergies ===
2019-07-25T11:15:39:  Number of energies ........: 33
2019-07-25T11:15:39: === GGti ===
2019-07-25T11:15:39:  Number of intervals .......: 1
2019-07-25T11:15:39:  Ontime ....................: 144000 sec
2019-07-25T11:15:39:  Elapsed time ..............: 144000 sec
2019-07-25T11:15:39:  MJD range .................: 51544.5 - 51546.1666666667 s (TT)
2019-07-25T11:15:39:  UTC range .................: 2000-01-01T11:58:56 - 2000-01-03T03:58:56 s (TT)
2019-07-25T11:15:39:  Reference MJD .............: 51544.5
2019-07-25T11:15:39: === GSkyMap ===
2019-07-25T11:15:39:  Number of pixels ..........: 6400
2019-07-25T11:15:39:  X axis dimension ..........: 80
2019-07-25T11:15:39:  Y axis dimension ..........: 80
2019-07-25T11:15:39:  Number of maps ............: 33
2019-07-25T11:15:39:  Shape of maps .............: (33)
2019-07-25T11:15:39: === GCTACubePsf ===
2019-07-25T11:15:39:  Filename ..................: /cta/carli/CPPM_Internship/Simulations_and_Analyses/plus_step_AEff_South_z40_50h/source3d/PSF_cube.fits
2019-07-25T11:15:39: === GEnergies ===
2019-07-25T11:15:39:  Number of energies ........: 33
2019-07-25T11:15:39:  Number of delta bins ......: 200
2019-07-25T11:15:39:  Delta range ...............: 1.875e-06 - 0.298501875 deg
2019-07-25T11:15:39: === GSkyMap ===
2019-07-25T11:15:39:  Number of pixels ..........: 1
2019-07-25T11:15:39:  X axis dimension ..........: 1
2019-07-25T11:15:39:  Y axis dimension ..........: 1
2019-07-25T11:15:39:  Number of maps ............: 6600
2019-07-25T11:15:39:  Shape of maps .............: (200, 33)
2019-07-25T11:15:39: === GCTACubeEdisp ===
2019-07-25T11:15:39:  Filename ..................: /cta/carli/CPPM_Internship/Simulations_and_Analyses/plus_step_AEff_South_z40_50h/source3d/edisp_cube.fits
2019-07-25T11:15:39: === GEnergies ===
2019-07-25T11:15:39:  Number of energies ........: 33
2019-07-25T11:15:39:  Number of migra bins ......: 100
2019-07-25T11:15:39:  Migra range ...............: 0.02 - 2
2019-07-25T11:15:39: === GSkyMap ===
2019-07-25T11:15:39:  Number of pixels ..........: 1
2019-07-25T11:15:39:  X axis dimension ..........: 1
2019-07-25T11:15:39:  Y axis dimension ..........: 1
2019-07-25T11:15:39:  Number of maps ............: 3300
2019-07-25T11:15:39:  Shape of maps .............: (100, 33)
2019-07-25T11:15:39: === GCTACubeBackground ===
2019-07-25T11:15:39:  Filename ..................: /cta/carli/CPPM_Internship/Simulations_and_Analyses/plus_step_AEff_South_z40_50h/source3d/background_cube.fits
2019-07-25T11:15:39: === GEbounds ===
2019-07-25T11:15:39:  Number of intervals .......: 32
2019-07-25T11:15:39:  Energy range ..............: 100 GeV - 199.526229858398 TeV
2019-07-25T11:15:39: === GSkyMap ===
2019-07-25T11:15:39:  Number of pixels ..........: 6400
2019-07-25T11:15:39:  X axis dimension ..........: 80
2019-07-25T11:15:39:  Y axis dimension ..........: 80
2019-07-25T11:15:39:  Number of maps ............: 32
2019-07-25T11:15:39:  Shape of maps .............: (32)
2019-07-25T11:15:39: === GCTAResponseCache ===
2019-07-25T11:15:39:  Number of cached values ...: 0
2019-07-25T11:15:39: === GCTAEventCube ===
2019-07-25T11:15:39:  Number of events ..........: 327382
2019-07-25T11:15:39:  Number of elements ........: 204800
2019-07-25T11:15:39:  Number of pixels ..........: 6400
2019-07-25T11:15:39:  Number of energy bins .....: 32
2019-07-25T11:15:39:  Time interval .............: 51544.5 - 51546.1666666667 days
2019-07-25T11:15:39:  Pointing ..................: (RA,Dec)=(84.1331,22.0145)
2019-07-25T11:15:39: === GEbounds ===
2019-07-25T11:15:39:  Number of intervals .......: 32
2019-07-25T11:15:39:  Energy range ..............: 100 GeV - 199.526229858398 TeV
2019-07-25T11:15:39: === GSkyMap ===
2019-07-25T11:15:39:  Number of pixels ..........: 6400
2019-07-25T11:15:39:  X axis dimension ..........: 80
2019-07-25T11:15:39:  Y axis dimension ..........: 80
2019-07-25T11:15:39:  Number of maps ............: 32
2019-07-25T11:15:39:  Shape of maps .............: (32)
2019-07-25T11:15:39: === GSkyRegions ===
2019-07-25T11:15:39:  Number of regions .........: 0
2019-07-25T11:15:39: === GModels ===
2019-07-25T11:15:39:  Number of models ..........: 2
2019-07-25T11:15:39:  Number of parameters ......: 11
2019-07-25T11:15:39: === GModelSky ===
2019-07-25T11:15:39:  Name ......................: source3d
2019-07-25T11:15:39:  Instruments ...............: all
2019-07-25T11:15:39:  Test Statistic ............: 106413.818
2019-07-25T11:15:39:  Observation identifiers ...: all
2019-07-25T11:15:39:  Model type ................: PointSource
2019-07-25T11:15:39:  Model components ..........: "PointSource" * "ExponentialCutoffPowerLaw" * "Constant"
2019-07-25T11:15:39:  Number of parameters ......: 7
2019-07-25T11:15:39:  Number of spatial par's ...: 2
2019-07-25T11:15:39:   RA .......................: 83.6331 [-360,360] deg (fixed,scale=1)
2019-07-25T11:15:39:   DEC ......................: 22.0145 [-90,90] deg (fixed,scale=1)
2019-07-25T11:15:39:  Number of spectral par's ..: 4
2019-07-25T11:15:39:   Prefactor ................: 3.0672698526375e-18 [1e-25,1e-15] ph/cm2/s/MeV (fixed,scale=1e-18,gradient)
2019-07-25T11:15:39:   Index ....................: -1.99764954741011 [-0,-5]  (fixed,scale=-1,gradient)
2019-07-25T11:15:39:   CutoffEnergy .............: 343379631.81751 +/- 103162923.3508 [1000000,100000000000] MeV (free,scale=100000000,gradient)
2019-07-25T11:15:39:   PivotEnergy ..............: 1000000 [10000,1000000000] MeV (fixed,scale=1000000,gradient)
2019-07-25T11:15:39:  Number of temporal par's ..: 1
2019-07-25T11:15:39:   Normalization ............: 1 (relative value) (fixed,scale=1,gradient)
2019-07-25T11:15:39:  Number of scale par's .....: 0
2019-07-25T11:15:39: === GCTAModelCubeBackground ===
2019-07-25T11:15:39:  Name ......................: BackgroundModel
2019-07-25T11:15:39:  Instruments ...............: CTA, HESS, MAGIC, VERITAS
2019-07-25T11:15:39:  Observation identifiers ...: all
2019-07-25T11:15:39:  Model type ................: "PowerLaw" * "Constant"
2019-07-25T11:15:39:  Number of parameters ......: 4
2019-07-25T11:15:39:  Number of spectral par's ..: 3
2019-07-25T11:15:39:   Prefactor ................: 0.993060033804678 [0.01,100] ph/cm2/s/MeV (fixed,scale=1,gradient)
2019-07-25T11:15:39:   Index ....................: -0.00383617422159603 [-5,5]  (fixed,scale=1,gradient)
2019-07-25T11:15:39:   PivotEnergy ..............: 1000000 MeV (fixed,scale=1000000,gradient)
2019-07-25T11:15:39:  Number of temporal par's ..: 1
2019-07-25T11:15:39:   Normalization ............: 1 (relative value) (fixed,scale=1,gradient)
2019-07-25T11:15:39: 
2019-07-25T11:15:39: +=============================+
2019-07-25T11:15:39: | Compute best-fit likelihood |
2019-07-25T11:15:39: +=============================+
2019-07-25T11:17:11: === GOptimizerLM ===
2019-07-25T11:17:11:  Optimized function value ..: -355343.099
2019-07-25T11:17:11:  Absolute precision ........: 0.005
2019-07-25T11:17:11:  Acceptable value decrease .: 2
2019-07-25T11:17:11:  Optimization status .......: converged
2019-07-25T11:17:11:  Number of parameters ......: 11
2019-07-25T11:17:11:  Number of free parameters .: 1
2019-07-25T11:17:11:  Number of iterations ......: 1
2019-07-25T11:17:11:  Lambda ....................: 0.0001
2019-07-25T11:17:11:  Maximum log likelihood ....: -355343.099
2019-07-25T11:17:11: === GModels ===
2019-07-25T11:17:11:  Number of models ..........: 2
2019-07-25T11:17:11:  Number of parameters ......: 11
2019-07-25T11:17:11: === GModelSky ===
2019-07-25T11:17:11:  Name ......................: source3d
2019-07-25T11:17:11:  Instruments ...............: all
2019-07-25T11:17:11:  Test Statistic ............: 106413.818
2019-07-25T11:17:11:  Observation identifiers ...: all
2019-07-25T11:17:11:  Model type ................: PointSource
2019-07-25T11:17:11:  Model components ..........: "PointSource" * "ExponentialCutoffPowerLaw" * "Constant"
2019-07-25T11:17:11:  Number of parameters ......: 7
2019-07-25T11:17:11:  Number of spatial par's ...: 2
2019-07-25T11:17:11:   RA .......................: 83.6331 [-360,360] deg (fixed,scale=1)
2019-07-25T11:17:11:   DEC ......................: 22.0145 [-90,90] deg (fixed,scale=1)
2019-07-25T11:17:11:  Number of spectral par's ..: 4
2019-07-25T11:17:11:   Prefactor ................: 3.0672698526375e-18 [1e-25,1e-15] ph/cm2/s/MeV (fixed,scale=1e-18,gradient)
2019-07-25T11:17:11:   Index ....................: -1.99764954741011 [-0,-5]  (fixed,scale=-1,gradient)
2019-07-25T11:17:11:   CutoffEnergy .............: 343625300.836278 +/- 75208327.979977 [1000000,100000000000] MeV (free,scale=100000000,gradient)
2019-07-25T11:17:11:   PivotEnergy ..............: 1000000 [10000,1000000000] MeV (fixed,scale=1000000,gradient)
2019-07-25T11:17:11:  Number of temporal par's ..: 1
2019-07-25T11:17:11:   Normalization ............: 1 (relative value) (fixed,scale=1,gradient)
2019-07-25T11:17:11:  Number of scale par's .....: 0
2019-07-25T11:17:11: === GCTAModelCubeBackground ===
2019-07-25T11:17:11:  Name ......................: BackgroundModel
2019-07-25T11:17:11:  Instruments ...............: CTA, HESS, MAGIC, VERITAS
2019-07-25T11:17:11:  Observation identifiers ...: all
2019-07-25T11:17:11:  Model type ................: "PowerLaw" * "Constant"
2019-07-25T11:17:11:  Number of parameters ......: 4
2019-07-25T11:17:11:  Number of spectral par's ..: 3
2019-07-25T11:17:11:   Prefactor ................: 0.993060033804678 [0.01,100] ph/cm2/s/MeV (fixed,scale=1,gradient)
2019-07-25T11:17:11:   Index ....................: -0.00383617422159603 [-5,5]  (fixed,scale=1,gradient)
2019-07-25T11:17:11:   PivotEnergy ..............: 1000000 MeV (fixed,scale=1000000,gradient)
2019-07-25T11:17:11:  Number of temporal par's ..: 1
2019-07-25T11:17:11:   Normalization ............: 1 (relative value) (fixed,scale=1,gradient)
2019-07-25T11:17:11: 
2019-07-25T11:17:11: +==============================================================+
2019-07-25T11:17:11: | Compute error for source "source3d" parameter "CutoffEnergy" |
2019-07-25T11:17:11: +==============================================================+
2019-07-25T11:17:11:  Confidence level ..........: 95 %
2019-07-25T11:17:11:  Log-likelihood difference .: 1.92073
2019-07-25T11:17:11:  Initial factor range ......: [0.01, 10.9570858063605]
2019-07-25T11:17:21:    Iteration 1 .............: [0.01, 3.43625300836278]
2019-07-25T11:17:31:    Iteration 2 .............: [1.72312650418139, 3.43625300836278]
2019-07-25T11:17:41:    Iteration 3 .............: [1.72312650418139, 2.57968975627209]
2019-07-25T11:17:51:    Iteration 4 .............: [2.15140813022674, 2.57968975627209]
2019-07-25T11:18:02:    Iteration 5 .............: [2.36554894324941, 2.57968975627209]
2019-07-25T11:18:12:    Iteration 6 .............: [2.36554894324941, 2.47261934976075]
2019-07-25T11:18:23:    Iteration 7 .............: [2.36554894324941, 2.41908414650508]
2019-07-25T11:18:33:    Iteration 8 .............: [2.36554894324941, 2.39231654487725]
2019-07-25T11:18:43:    Iteration 9 .............: [2.36554894324941, 2.37893274406333]
2019-07-25T11:18:53:    Iteration 10 ............: [2.37224084365637, 2.37893274406333]
2019-07-25T11:19:03:    Iteration 11 ............: [2.37224084365637, 2.37558679385985]
2019-07-25T11:19:13:    Iteration 12 ............: [2.37224084365637, 2.37391381875811]
2019-07-25T11:19:23:    Iteration 13 ............: [2.37224084365637, 2.37307733120724]
2019-07-25T11:19:33:    Iteration 1 .............: [3.43625300836278, 10.9570858063605]
2019-07-25T11:19:44:    Iteration 2 .............: [3.43625300836278, 7.19666940736163]
2019-07-25T11:19:54:    Iteration 3 .............: [5.31646120786221, 7.19666940736163]
2019-07-25T11:20:04:    Iteration 4 .............: [5.31646120786221, 6.25656530761192]
2019-07-25T11:20:15:    Iteration 5 .............: [5.78651325773707, 6.25656530761192]
2019-07-25T11:20:25:    Iteration 6 .............: [6.02153928267449, 6.25656530761192]
2019-07-25T11:20:35:    Iteration 7 .............: [6.02153928267449, 6.13905229514321]
2019-07-25T11:20:45:    Iteration 8 .............: [6.02153928267449, 6.08029578890885]
2019-07-25T11:20:55:    Iteration 9 .............: [6.05091753579167, 6.08029578890885]
2019-07-25T11:21:05:    Iteration 10 ............: [6.06560666235026, 6.08029578890885]
2019-07-25T11:21:15:    Iteration 11 ............: [6.06560666235026, 6.07295122562956]
2019-07-25T11:21:25:    Iteration 12 ............: [6.06560666235026, 6.06927894398991]
2019-07-25T11:21:25:  Lower parameter factor ....: 2.37266
2019-07-25T11:21:25:  Upper parameter factor ....: 6.06744
2019-07-25T11:21:25:  Error from curvature ......: 75208327.979977 MeV
2019-07-25T11:21:25:  Error from profile ........: 184739185.786914 MeV
2019-07-25T11:21:25:  Negative profile error ....: 106359392.093098 MeV
2019-07-25T11:21:25:  Positive profile error ....: 263118979.48073 MeV
2019-07-25T11:21:25: 
2019-07-25T11:21:25: +==============+
2019-07-25T11:21:25: | Save results |
2019-07-25T11:21:25: +==============+
2019-07-25T11:21:25:  Model definition file .....: NONE
2019-07-25T11:21:25: 
2019-07-25T11:21:25: Application "cterror" terminated after 347 wall clock seconds, consuming 434.44 seconds of CPU time.
