2019-07-22T12:17:10: ********************************************************************************
2019-07-22T12:17:10: *                                   ctobssim                                   *
2019-07-22T12:17:10: * ---------------------------------------------------------------------------- *
2019-07-22T12:17:10: * Version: 1.6.0                                                               *
2019-07-22T12:17:10: ********************************************************************************
2019-07-22T12:17:10: +============+
2019-07-22T12:17:10: | Parameters |
2019-07-22T12:17:10: +============+
2019-07-22T12:17:10:  inobs .....................: NONE
2019-07-22T12:17:10:  inmodel ...................: /cta/carli/anaconda3/share/models/source3d.xml
2019-07-22T12:17:10:  caldb .....................: prod3b-v2
2019-07-22T12:17:10:  irf .......................: plus_step_AEff_South_z40_50h
2019-07-22T12:17:10:  edisp .....................: yes
2019-07-22T12:17:10:  outevents .................: /cta/carli/CPPM_Internship/Simulations_and_Analyses/plus_step_AEff_South_z40_50h/source3d/obs.fits
2019-07-22T12:17:10:  prefix ....................: sim_events_
2019-07-22T12:17:10:  startindex ................: 1
2019-07-22T12:17:10:  seed ......................: 1000
2019-07-22T12:17:10:  ra ........................: 84.1331
2019-07-22T12:17:10:  dec .......................: 22.0145
2019-07-22T12:17:10:  rad .......................: 0.8
2019-07-22T12:17:10:  tmin ......................: 0
2019-07-22T12:17:10:  tmax ......................: 144000
2019-07-22T12:17:10:  mjdref ....................: 51544.5
2019-07-22T12:17:10:  emin ......................: 0.1
2019-07-22T12:17:10:  emax ......................: 199.526229858398
2019-07-22T12:17:10:  deadc .....................: 0.98
2019-07-22T12:17:10:  maxrate ...................: 1.0e6
2019-07-22T12:17:10:  eslices ...................: 10
2019-07-22T12:17:10:  nthreads ..................: 0
2019-07-22T12:17:10:  publish ...................: no
2019-07-22T12:17:10:  chatter ...................: 4
2019-07-22T12:17:10:  clobber ...................: yes
2019-07-22T12:17:10:  debug .....................: no
2019-07-22T12:17:10:  mode ......................: ql
2019-07-22T12:17:10:  logfile ...................: ctobssim.log
2019-07-22T12:17:10: 
2019-07-22T12:17:10: +================+
2019-07-22T12:17:10: | Execution mode |
2019-07-22T12:17:10: +================+
2019-07-22T12:17:10:  Event list management .....: Save and dispose (reduces memory needs)
2019-07-22T12:17:10:  Output format .............: Write single event list FITS file
2019-07-22T12:17:10: 
2019-07-22T12:17:10: +=============+
2019-07-22T12:17:10: | Seed values |
2019-07-22T12:17:10: +=============+
2019-07-22T12:17:10:  Seed 0 ....................: 6233869624
2019-07-22T12:17:10: 
2019-07-22T12:17:10: +===================+
2019-07-22T12:17:10: | Input observation |
2019-07-22T12:17:10: +===================+
2019-07-22T12:17:10: === GObservations ===
2019-07-22T12:17:10:  Number of observations ....: 1
2019-07-22T12:17:10:  Number of models ..........: 2
2019-07-22T12:17:10:  Number of observed events .: 0
2019-07-22T12:17:10:  Number of predicted events : 0
2019-07-22T12:17:10: === GCTAObservation ===
2019-07-22T12:17:10:  Name ......................: 
2019-07-22T12:17:10:  Identifier ................: 
2019-07-22T12:17:10:  Instrument ................: CTA
2019-07-22T12:17:10:  Event file ................: 
2019-07-22T12:17:10:  Event type ................: EventList
2019-07-22T12:17:10:  Statistic .................: cstat
2019-07-22T12:17:10:  Ontime ....................: 144000 s
2019-07-22T12:17:10:  Livetime ..................: 141120 s
2019-07-22T12:17:10:  Deadtime correction .......: 0.98
2019-07-22T12:17:10:  User energy range .........: undefined
2019-07-22T12:17:10: === GCTAPointing ===
2019-07-22T12:17:10:  Pointing direction ........: (RA,Dec)=(84.1331,22.0145)
2019-07-22T12:17:10: === GCTAResponseIrf ===
2019-07-22T12:17:10:  Caldb mission .............: cta
2019-07-22T12:17:10:  Caldb instrument ..........: prod3b-v2
2019-07-22T12:17:10:  Response name .............: plus_step_AEff_South_z40_50h
2019-07-22T12:17:10:  Energy dispersion .........: Used
2019-07-22T12:17:10:  Safe energy range .........: undefined
2019-07-22T12:17:10: === GCaldb ===
2019-07-22T12:17:10:  Database root .............: /cta/carli/anaconda3/share/caldb
2019-07-22T12:17:10:  Selected Mission ..........: CTA
2019-07-22T12:17:10:  Selected Instrument .......: PROD3B-V2
2019-07-22T12:17:10:  Calibration Index File ....: /cta/carli/anaconda3/share/caldb/data/cta/prod3b-v2/caldb.indx
2019-07-22T12:17:10:  Number of entries .........: 240
2019-07-22T12:17:10: === GCTAAeff2D ===
2019-07-22T12:17:10:  Filename ..................: /cta/carli/anaconda3/share/caldb/data/cta/prod3b-v2/bcf/plus_step_AEff_South_z40_50h/irf_file.fits
2019-07-22T12:17:10:  Number of energy bins .....: 42
2019-07-22T12:17:10:  Number of offset bins .....: 6
2019-07-22T12:17:10:  Log10(Energy) range .......: 0.0125892544165254 - 199.526229858398 TeV
2019-07-22T12:17:10:  Offset angle range ........: 0 - 6 deg
2019-07-22T12:17:10:  Lower energy threshold ....: not specified
2019-07-22T12:17:10:  Upper energy threshold ....: not specified
2019-07-22T12:17:10:  Radius cut ................: none
2019-07-22T12:17:10: === GCTAPsf2D ===
2019-07-22T12:17:10:  Filename ..................: /cta/carli/anaconda3/share/caldb/data/cta/prod3b-v2/bcf/plus_step_AEff_South_z40_50h/irf_file.fits
2019-07-22T12:17:10:  Number of energy bins .....: 25
2019-07-22T12:17:10:  Number of offset bins .....: 6
2019-07-22T12:17:10:  Log10(Energy) range .......: 0.0125892544165254 - 1258.92541503906 TeV
2019-07-22T12:17:10:  Offset angle range ........: 0 - 6 deg
2019-07-22T12:17:10: === GCTAEdisp2D ===
2019-07-22T12:17:10:  Filename ..................: /cta/carli/anaconda3/share/caldb/data/cta/prod3b-v2/bcf/plus_step_AEff_South_z40_50h/irf_file.fits
2019-07-22T12:17:10:  Number of energy bins .....: 500
2019-07-22T12:17:10:  Number of migration bins ..: 300
2019-07-22T12:17:10:  Number of offset bins .....: 6
2019-07-22T12:17:10:  Log10(Energy) range .......: 0.00501187238842249 - 501.187225341797 TeV
2019-07-22T12:17:10:  Migration range ...........: 0 - 3
2019-07-22T12:17:10:  Offset angle range ........: 0 - 6 deg
2019-07-22T12:17:10: === GCTABackground3D ===
2019-07-22T12:17:10:  Filename ..................: /cta/carli/anaconda3/share/caldb/data/cta/prod3b-v2/bcf/plus_step_AEff_South_z40_50h/irf_file.fits
2019-07-22T12:17:10:  Number of DETX bins .......: 36
2019-07-22T12:17:10:  Number of DETY bins .......: 36
2019-07-22T12:17:10:  Number of energy bins .....: 21
2019-07-22T12:17:10:  DETX range ................: -6 - 6 deg
2019-07-22T12:17:10:  DETX range ................: -6 - 6 deg
2019-07-22T12:17:10:  Energy range ..............: 0.0125892544165254 - 199.526229858398 TeV
2019-07-22T12:17:10: === GCTAResponseCache ===
2019-07-22T12:17:10:  Number of cached values ...: 0
2019-07-22T12:17:10: === GCTAResponseCache ===
2019-07-22T12:17:10:  Number of cached values ...: 0
2019-07-22T12:17:10: === GCTAEventList ===
2019-07-22T12:17:10:  Number of events ..........: 0 (disposed without possibility to recover)
2019-07-22T12:17:10:  Time interval .............: 51544.5 - 51546.1666666667 days
2019-07-22T12:17:10: === GEbounds ===
2019-07-22T12:17:10:  Number of intervals .......: 1
2019-07-22T12:17:10:  Energy range ..............: 100 GeV - 199.526229858398 TeV
2019-07-22T12:17:10: === GCTARoi ===
2019-07-22T12:17:10:  RoI centre ................: RA=84.1331, DEC=22.0145 [0,0]
2019-07-22T12:17:10:  RoI radius ................: 0.8 deg
2019-07-22T12:17:10: === GSkyRegions ===
2019-07-22T12:17:10:  Number of regions .........: 0
2019-07-22T12:17:10: === GModels ===
2019-07-22T12:17:10:  Number of models ..........: 2
2019-07-22T12:17:10:  Number of parameters ......: 11
2019-07-22T12:17:10: === GModelSky ===
2019-07-22T12:17:10:  Name ......................: source3d
2019-07-22T12:17:10:  Instruments ...............: all
2019-07-22T12:17:10:  Test Statistic ............: Computation requested
2019-07-22T12:17:10:  Observation identifiers ...: all
2019-07-22T12:17:10:  Model type ................: PointSource
2019-07-22T12:17:10:  Model components ..........: "PointSource" * "ExponentialCutoffPowerLaw" * "Constant"
2019-07-22T12:17:10:  Number of parameters ......: 7
2019-07-22T12:17:10:  Number of spatial par's ...: 2
2019-07-22T12:17:10:   RA .......................: 83.6331 [-360,360] deg (fixed,scale=1)
2019-07-22T12:17:10:   DEC ......................: 22.0145 [-90,90] deg (fixed,scale=1)
2019-07-22T12:17:10:  Number of spectral par's ..: 4
2019-07-22T12:17:10:   Prefactor ................: 3.04e-18 +/- 0 [1e-25,1e-15] ph/cm2/s/MeV (free,scale=1e-18,gradient)
2019-07-22T12:17:10:   Index ....................: -2 +/- 0 [-0,-5]  (free,scale=-1,gradient)
2019-07-22T12:17:10:   CutoffEnergy .............: 200000000 +/- 0 [1000000,100000000000] MeV (free,scale=100000000,gradient)
2019-07-22T12:17:10:   PivotEnergy ..............: 1000000 [10000,1000000000] MeV (fixed,scale=1000000,gradient)
2019-07-22T12:17:10:  Number of temporal par's ..: 1
2019-07-22T12:17:10:   Normalization ............: 1 (relative value) (fixed,scale=1,gradient)
2019-07-22T12:17:10:  Number of scale par's .....: 0
2019-07-22T12:17:10: === GCTAModelIrfBackground ===
2019-07-22T12:17:10:  Name ......................: CTABackgroundModel
2019-07-22T12:17:10:  Instruments ...............: CTA
2019-07-22T12:17:10:  Test Statistic ............: Computation requested
2019-07-22T12:17:10:  Observation identifiers ...: all
2019-07-22T12:17:10:  Model type ................: "PowerLaw" * "Constant"
2019-07-22T12:17:10:  Number of parameters ......: 4
2019-07-22T12:17:10:  Number of spectral par's ..: 3
2019-07-22T12:17:10:   Prefactor ................: 1 +/- 0 [0.001,1000] ph/cm2/s/MeV (free,scale=1,gradient)
2019-07-22T12:17:10:   Index ....................: 0 +/- 0 [-5,5]  (free,scale=1,gradient)
2019-07-22T12:17:10:   PivotEnergy ..............: 1000000 [10000,1000000000] MeV (fixed,scale=1000000,gradient)
2019-07-22T12:17:10:  Number of temporal par's ..: 1
2019-07-22T12:17:10:   Normalization ............: 1 (relative value) (fixed,scale=1,gradient)
2019-07-22T12:17:10: 
2019-07-22T12:17:10: +======================+
2019-07-22T12:17:10: | Simulate observation |
2019-07-22T12:17:10: +======================+
2019-07-22T12:17:10: === CTA observation ===
2019-07-22T12:17:10:  Simulation cone ...........: RA=84.1331 deg, Dec=22.0145 deg, radius=1.3 deg
2019-07-22T12:17:10:  Time interval .............: 0 - 144000 s
2019-07-22T12:17:10:  Photon energy range .......: 41.1040776139221 GeV - 509.274482994276 GeV
2019-07-22T12:17:10:  Event energy range ........: 100 GeV - 213.796208774656 GeV
2019-07-22T12:17:10:   Simulation area ..........: 1.30989e+10 cm2
2019-07-22T12:17:10:   Use model ................: source3d
2019-07-22T12:17:10:   Normalization ............: 1 [source3d]
2019-07-22T12:17:10:   Flux .....................: 6.79511e-11 [source3d] photons/cm2/s
2019-07-22T12:17:10:   Normalized flux ..........: 6.79511e-11 [source3d] photons/cm2/s
2019-07-22T12:17:10:   Photon rate ..............: 0.890081 photons/s [source3d]
2019-07-22T12:17:10:   Time slice ...............: 0 - 144000 s [source3d]
2019-07-22T12:17:11:   MC source photons/slice ..: 128415 [source3d]
2019-07-22T12:17:11:   MC source photons ........: 128415 [source3d]
2019-07-22T12:17:11:   MC source events .........: 4495 [source3d]
2019-07-22T12:17:11:   MC source events .........: 4495 (all source models)
2019-07-22T12:17:11:  Photon energy range .......: 100.88253715168 GeV - 860.678033986988 GeV
2019-07-22T12:17:11:  Event energy range ........: 213.796208774656 GeV - 457.088188864163 GeV
2019-07-22T12:17:11:   Simulation area ..........: 1.96597e+10 cm2
2019-07-22T12:17:11:   Use model ................: source3d
2019-07-22T12:17:11:   Normalization ............: 1 [source3d]
2019-07-22T12:17:11:   Flux .....................: 2.65694e-11 [source3d] photons/cm2/s
2019-07-22T12:17:11:   Normalized flux ..........: 2.65694e-11 [source3d] photons/cm2/s
2019-07-22T12:17:11:   Photon rate ..............: 0.522347 photons/s [source3d]
2019-07-22T12:17:11:   Time slice ...............: 0 - 144000 s [source3d]
2019-07-22T12:17:11:   MC source photons/slice ..: 75752 [source3d]
2019-07-22T12:17:11:   MC source photons ........: 75752 [source3d]
2019-07-22T12:17:11:   MC source events .........: 4859 [source3d]
2019-07-22T12:17:11:   MC source events .........: 4859 (all source models)
2019-07-22T12:17:11:  Photon energy range .......: 265.018144252 GeV - 1.57081442112741 TeV
2019-07-22T12:17:11:  Event energy range ........: 457.088188864163 GeV - 977.237218548317 GeV
2019-07-22T12:17:11:   Simulation area ..........: 3.79845e+10 cm2
2019-07-22T12:17:11:   Use model ................: source3d
2019-07-22T12:17:11:   Normalization ............: 1 [source3d]
2019-07-22T12:17:11:   Flux .....................: 9.50861e-12 [source3d] photons/cm2/s
2019-07-22T12:17:11:   Normalized flux ..........: 9.50861e-12 [source3d] photons/cm2/s
2019-07-22T12:17:11:   Photon rate ..............: 0.36118 photons/s [source3d]
2019-07-22T12:17:11:   Time slice ...............: 0 - 144000 s [source3d]
2019-07-22T12:17:11:   MC source photons/slice ..: 52111 [source3d]
2019-07-22T12:17:11:   MC source photons ........: 52111 [source3d]
2019-07-22T12:17:11:   MC source events .........: 3698 [source3d]
2019-07-22T12:17:11:   MC source events .........: 3698 (all source models)
2019-07-22T12:17:11:  Photon energy range .......: 625.275670425715 GeV - 3.04099144442538 TeV
2019-07-22T12:17:11:  Event energy range ........: 977.237218548317 GeV - 2.0892961239912 TeV
2019-07-22T12:17:11:   Simulation area ..........: 5.93524e+10 cm2
2019-07-22T12:17:11:   Use model ................: source3d
2019-07-22T12:17:11:   Normalization ............: 1 [source3d]
2019-07-22T12:17:11:   Flux .....................: 3.83824e-12 [source3d] photons/cm2/s
2019-07-22T12:17:11:   Normalized flux ..........: 3.83824e-12 [source3d] photons/cm2/s
2019-07-22T12:17:11:   Photon rate ..............: 0.227809 photons/s [source3d]
2019-07-22T12:17:11:   Time slice ...............: 0 - 144000 s [source3d]
2019-07-22T12:17:11:   MC source photons/slice ..: 32918 [source3d]
2019-07-22T12:17:11:   MC source photons ........: 32918 [source3d]
2019-07-22T12:17:11:   MC source events .........: 3897 [source3d]
2019-07-22T12:17:11:   MC source events .........: 3897 (all source models)
2019-07-22T12:17:11:  Photon energy range .......: 1.52598487124743 TeV - 6.09062686094979 TeV
2019-07-22T12:17:11:  Event energy range ........: 2.0892961239912 TeV - 4.46683590316902 TeV
2019-07-22T12:17:11:   Simulation area ..........: 6.69297e+10 cm2
2019-07-22T12:17:11:   Use model ................: source3d
2019-07-22T12:17:11:   Normalization ............: 1 [source3d]
2019-07-22T12:17:11:   Flux .....................: 1.47216e-12 [source3d] photons/cm2/s
2019-07-22T12:17:11:   Normalized flux ..........: 1.47216e-12 [source3d] photons/cm2/s
2019-07-22T12:17:11:   Photon rate ..............: 0.0985313 photons/s [source3d]
2019-07-22T12:17:11:   Time slice ...............: 0 - 144000 s [source3d]
2019-07-22T12:17:11:   MC source photons/slice ..: 14323 [source3d]
2019-07-22T12:17:11:   MC source photons ........: 14323 [source3d]
2019-07-22T12:17:11:   MC source events .........: 3088 [source3d]
2019-07-22T12:17:11:   MC source events .........: 3088 (all source models)
2019-07-22T12:17:11:  Photon energy range .......: 3.46329780546817 TeV - 13.5112010225502 TeV
2019-07-22T12:17:11:  Event energy range ........: 4.46683590316902 TeV - 9.54992581316053 TeV
2019-07-22T12:17:11:   Simulation area ..........: 8.2338e+10 cm2
2019-07-22T12:17:11:   Use model ................: source3d
2019-07-22T12:17:11:   Normalization ............: 1 [source3d]
2019-07-22T12:17:11:   Flux .....................: 6.32462e-13 [source3d] photons/cm2/s
2019-07-22T12:17:11:   Normalized flux ..........: 6.32462e-13 [source3d] photons/cm2/s
2019-07-22T12:17:11:   Photon rate ..............: 0.0520757 photons/s [source3d]
2019-07-22T12:17:11:   Time slice ...............: 0 - 144000 s [source3d]
2019-07-22T12:17:11:   MC source photons/slice ..: 7545 [source3d]
2019-07-22T12:17:11:   MC source photons ........: 7545 [source3d]
2019-07-22T12:17:11:   MC source events .........: 1797 [source3d]
2019-07-22T12:17:11:   MC source events .........: 1797 (all source models)
2019-07-22T12:17:11:  Photon energy range .......: 7.57686977261953 TeV - 27.092165885067 TeV
2019-07-22T12:17:11:  Event energy range ........: 9.54992581316053 TeV - 20.4173793293294 TeV
2019-07-22T12:17:11:   Simulation area ..........: 1.06568e+11 cm2
2019-07-22T12:17:11:   Use model ................: source3d
2019-07-22T12:17:11:   Normalization ............: 1 [source3d]
2019-07-22T12:17:11:   Flux .....................: 2.70365e-13 [source3d] photons/cm2/s
2019-07-22T12:17:11:   Normalized flux ..........: 2.70365e-13 [source3d] photons/cm2/s
2019-07-22T12:17:11:   Photon rate ..............: 0.0288124 photons/s [source3d]
2019-07-22T12:17:11:   Time slice ...............: 0 - 144000 s [source3d]
2019-07-22T12:17:11:   MC source photons/slice ..: 4088 [source3d]
2019-07-22T12:17:11:   MC source photons ........: 4088 [source3d]
2019-07-22T12:17:11:   MC source events .........: 911 [source3d]
2019-07-22T12:17:11:   MC source events .........: 911 (all source models)
2019-07-22T12:17:11:  Photon energy range .......: 15.830324777243 TeV - 56.4077240740645 TeV
2019-07-22T12:17:11:  Event energy range ........: 20.4173793293294 TeV - 43.6515829372465 TeV
2019-07-22T12:17:11:   Simulation area ..........: 1.11203e+11 cm2
2019-07-22T12:17:11:   Use model ................: source3d
2019-07-22T12:17:11:   Normalization ............: 1 [source3d]
2019-07-22T12:17:11:   Flux .....................: 1.20282e-13 [source3d] photons/cm2/s
2019-07-22T12:17:11:   Normalized flux ..........: 1.20282e-13 [source3d] photons/cm2/s
2019-07-22T12:17:11:   Photon rate ..............: 0.0133758 photons/s [source3d]
2019-07-22T12:17:11:   Time slice ...............: 0 - 144000 s [source3d]
2019-07-22T12:17:11:   MC source photons/slice ..: 1863 [source3d]
2019-07-22T12:17:11:   MC source photons ........: 1863 [source3d]
2019-07-22T12:17:11:   MC source events .........: 449 [source3d]
2019-07-22T12:17:11:   MC source events .........: 449 (all source models)
2019-07-22T12:17:11:  Photon energy range .......: 34.3839906563315 TeV - 116.046716746149 TeV
2019-07-22T12:17:11:  Event energy range ........: 43.6515829372465 TeV - 93.3254293899579 TeV
2019-07-22T12:17:11:   Simulation area ..........: 1.37203e+11 cm2
2019-07-22T12:17:11:   Use model ................: source3d
2019-07-22T12:17:11:   Normalization ............: 1 [source3d]
2019-07-22T12:17:11:   Flux .....................: 4.64786e-14 [source3d] photons/cm2/s
2019-07-22T12:17:11:   Normalized flux ..........: 4.64786e-14 [source3d] photons/cm2/s
2019-07-22T12:17:11:   Photon rate ..............: 0.00637703 photons/s [source3d]
2019-07-22T12:17:11:   Time slice ...............: 0 - 144000 s [source3d]
2019-07-22T12:17:11:   MC source photons/slice ..: 891 [source3d]
2019-07-22T12:17:11:   MC source photons ........: 891 [source3d]
2019-07-22T12:17:11:   MC source events .........: 184 [source3d]
2019-07-22T12:17:11:   MC source events .........: 184 (all source models)
2019-07-22T12:17:11:  Photon energy range .......: 79.1906822067056 TeV - 239.08155027665 TeV
2019-07-22T12:17:11:  Event energy range ........: 93.3254293899579 TeV - 199.526229858398 TeV
2019-07-22T12:17:11:   Simulation area ..........: 1.51734e+11 cm2
2019-07-22T12:17:11:   Use model ................: source3d
2019-07-22T12:17:11:   Normalization ............: 1 [source3d]
2019-07-22T12:17:11:   Flux .....................: 1.36348e-14 [source3d] photons/cm2/s
2019-07-22T12:17:11:   Normalized flux ..........: 1.36348e-14 [source3d] photons/cm2/s
2019-07-22T12:17:11:   Photon rate ..............: 0.00206887 photons/s [source3d]
2019-07-22T12:17:11:   Time slice ...............: 0 - 144000 s [source3d]
2019-07-22T12:17:11:   MC source photons/slice ..: 289 [source3d]
2019-07-22T12:17:11:   MC source photons ........: 289 [source3d]
2019-07-22T12:17:11:   MC source events .........: 70 [source3d]
2019-07-22T12:17:11:   MC source events .........: 70 (all source models)
2019-07-22T12:17:11:  MC source photons .........: 318195 [source3d]
2019-07-22T12:17:11:  MC source events ..........: 23448 [source3d]
2019-07-22T12:17:26:  MC events outside ROI .....: 0
2019-07-22T12:17:26:  MC background events ......: 303936
2019-07-22T12:17:26:  MC identifier 1 ...........: source3d
2019-07-22T12:17:26:  MC identifier 2 ...........: CTABackgroundModel
2019-07-22T12:17:26:  MC events .................: 327384 (all models)
2019-07-22T12:17:28: 
2019-07-22T12:17:28: +==================+
2019-07-22T12:17:28: | Save observation |
2019-07-22T12:17:28: +==================+
2019-07-22T12:17:28: 
2019-07-22T12:17:28: Application "ctobssim" terminated after 18 wall clock seconds, consuming 17.35 seconds of CPU time.
