2019-07-22T13:06:56: ********************************************************************************
2019-07-22T13:06:56: *                                  ctbutterfly                                 *
2019-07-22T13:06:56: * ---------------------------------------------------------------------------- *
2019-07-22T13:06:56: * Version: 1.6.0                                                               *
2019-07-22T13:06:56: ********************************************************************************
2019-07-22T13:06:56: +============+
2019-07-22T13:06:56: | Parameters |
2019-07-22T13:06:56: +============+
2019-07-22T13:06:56:  inobs .....................: /cta/carli/CPPM_Internship/Simulations_and_Analyses/plus_constant_AEff_South_z40_50h/source1a/obs_cube.fits
2019-07-22T13:06:56:  inmodel ...................: /cta/carli/CPPM_Internship/Simulations_and_Analyses/plus_constant_AEff_South_z40_50h/source1a/obsmodel_binned.xml
2019-07-22T13:06:56:  srcname ...................: source1a
2019-07-22T13:06:56:  expcube ...................: /cta/carli/CPPM_Internship/Simulations_and_Analyses/plus_constant_AEff_South_z40_50h/source1a/exposure_cube.fits
2019-07-22T13:06:56:  psfcube ...................: /cta/carli/CPPM_Internship/Simulations_and_Analyses/plus_constant_AEff_South_z40_50h/source1a/PSF_cube.fits
2019-07-22T13:06:56:  edispcube .................: /cta/carli/CPPM_Internship/Simulations_and_Analyses/plus_constant_AEff_South_z40_50h/source1a/edisp_cube.fits
2019-07-22T13:06:56:  bkgcube ...................: /cta/carli/CPPM_Internship/Simulations_and_Analyses/plus_constant_AEff_South_z40_50h/source1a/background_cube.fits
2019-07-22T13:06:56:  caldb .....................: prod3b-v2
2019-07-22T13:06:56:  irf .......................: plus_constant_AEff_South_z40_50h
2019-07-22T13:06:56:  edisp .....................: yes
2019-07-22T13:06:56:  outfile ...................: /cta/carli/CPPM_Internship/Simulations_and_Analyses/plus_constant_AEff_South_z40_50h/source1a/butterfly_binned.ascii
2019-07-22T13:06:56:  method ....................: GAUSSIAN
2019-07-22T13:06:56:  fit .......................: no
2019-07-22T13:06:56:  confidence ................: 0.68
2019-07-22T13:06:56:  statistic .................: DEFAULT
2019-07-22T13:06:56:  like_accuracy .............: 0.005
2019-07-22T13:06:56:  max_iter ..................: 50
2019-07-22T13:06:56:  matrix ....................: NONE
2019-07-22T13:06:56:  ebinalg ...................: LOG
2019-07-22T13:06:56:  emin ......................: 0.1
2019-07-22T13:06:56:  emax ......................: 199.526229858398
2019-07-22T13:06:56:  enumbins ..................: 32
2019-07-22T13:06:56:  ebinfile ..................: [not queried]
2019-07-22T13:06:56:  chatter ...................: 4
2019-07-22T13:06:56:  clobber ...................: yes
2019-07-22T13:06:56:  debug .....................: no
2019-07-22T13:06:56:  mode ......................: ql
2019-07-22T13:06:56:  logfile ...................: ctbutterfly.log
2019-07-22T13:06:56: 
2019-07-22T13:06:56: +===================+
2019-07-22T13:06:56: | Input observation |
2019-07-22T13:06:56: +===================+
2019-07-22T13:06:56: === GObservations ===
2019-07-22T13:06:56:  Number of observations ....: 1
2019-07-22T13:06:56:  Number of models ..........: 2
2019-07-22T13:06:56:  Number of observed events .: 309473
2019-07-22T13:06:56:  Number of predicted events : 0
2019-07-22T13:06:56: === GCTAObservation ===
2019-07-22T13:06:56:  Name ......................: 
2019-07-22T13:06:56:  Identifier ................: 000001
2019-07-22T13:06:56:  Instrument ................: CTA
2019-07-22T13:06:56:  Event file ................: /cta/carli/CPPM_Internship/Simulations_and_Analyses/plus_constant_AEff_South_z40_50h/source1a/obs_cube.fits
2019-07-22T13:06:56:  Event type ................: CountsCube
2019-07-22T13:06:56:  Statistic .................: cstat
2019-07-22T13:06:56:  Ontime ....................: 144000 s
2019-07-22T13:06:56:  Livetime ..................: 141120 s
2019-07-22T13:06:56:  Deadtime correction .......: 0.98
2019-07-22T13:06:56:  User energy range .........: undefined
2019-07-22T13:06:56: === GCTAPointing ===
2019-07-22T13:06:56:  Pointing direction ........: (RA,Dec)=(84.1331,22.0145)
2019-07-22T13:06:56: === GCTAResponseCube ===
2019-07-22T13:06:56:  Energy dispersion .........: Used
2019-07-22T13:06:56: === GCTACubeExposure ===
2019-07-22T13:06:56:  Filename ..................: /cta/carli/CPPM_Internship/Simulations_and_Analyses/plus_constant_AEff_South_z40_50h/source1a/exposure_cube.fits
2019-07-22T13:06:56:  Livetime ..................: 141120 sec
2019-07-22T13:06:56: === GEnergies ===
2019-07-22T13:06:56:  Number of energies ........: 33
2019-07-22T13:06:56: === GGti ===
2019-07-22T13:06:56:  Number of intervals .......: 1
2019-07-22T13:06:56:  Ontime ....................: 144000 sec
2019-07-22T13:06:56:  Elapsed time ..............: 144000 sec
2019-07-22T13:06:56:  MJD range .................: 51544.5 - 51546.1666666667 s (TT)
2019-07-22T13:06:56:  UTC range .................: 2000-01-01T11:58:56 - 2000-01-03T03:58:56 s (TT)
2019-07-22T13:06:56:  Reference MJD .............: 51544.5
2019-07-22T13:06:56: === GSkyMap ===
2019-07-22T13:06:56:  Number of pixels ..........: 6400
2019-07-22T13:06:56:  X axis dimension ..........: 80
2019-07-22T13:06:56:  Y axis dimension ..........: 80
2019-07-22T13:06:56:  Number of maps ............: 33
2019-07-22T13:06:56:  Shape of maps .............: (33)
2019-07-22T13:06:56: === GCTACubePsf ===
2019-07-22T13:06:56:  Filename ..................: /cta/carli/CPPM_Internship/Simulations_and_Analyses/plus_constant_AEff_South_z40_50h/source1a/PSF_cube.fits
2019-07-22T13:06:56: === GEnergies ===
2019-07-22T13:06:56:  Number of energies ........: 33
2019-07-22T13:06:56:  Number of delta bins ......: 200
2019-07-22T13:06:56:  Delta range ...............: 1.875e-06 - 0.298501875 deg
2019-07-22T13:06:56: === GSkyMap ===
2019-07-22T13:06:56:  Number of pixels ..........: 1
2019-07-22T13:06:56:  X axis dimension ..........: 1
2019-07-22T13:06:56:  Y axis dimension ..........: 1
2019-07-22T13:06:56:  Number of maps ............: 6600
2019-07-22T13:06:56:  Shape of maps .............: (200, 33)
2019-07-22T13:06:56: === GCTACubeEdisp ===
2019-07-22T13:06:56:  Filename ..................: /cta/carli/CPPM_Internship/Simulations_and_Analyses/plus_constant_AEff_South_z40_50h/source1a/edisp_cube.fits
2019-07-22T13:06:56: === GEnergies ===
2019-07-22T13:06:56:  Number of energies ........: 33
2019-07-22T13:06:56:  Number of migra bins ......: 100
2019-07-22T13:06:56:  Migra range ...............: 0.02 - 2
2019-07-22T13:06:56: === GSkyMap ===
2019-07-22T13:06:56:  Number of pixels ..........: 1
2019-07-22T13:06:56:  X axis dimension ..........: 1
2019-07-22T13:06:56:  Y axis dimension ..........: 1
2019-07-22T13:06:56:  Number of maps ............: 3300
2019-07-22T13:06:56:  Shape of maps .............: (100, 33)
2019-07-22T13:06:56: === GCTACubeBackground ===
2019-07-22T13:06:56:  Filename ..................: /cta/carli/CPPM_Internship/Simulations_and_Analyses/plus_constant_AEff_South_z40_50h/source1a/background_cube.fits
2019-07-22T13:06:56: === GEbounds ===
2019-07-22T13:06:56:  Number of intervals .......: 32
2019-07-22T13:06:56:  Energy range ..............: 100 GeV - 199.526229858398 TeV
2019-07-22T13:06:56: === GSkyMap ===
2019-07-22T13:06:56:  Number of pixels ..........: 6400
2019-07-22T13:06:56:  X axis dimension ..........: 80
2019-07-22T13:06:56:  Y axis dimension ..........: 80
2019-07-22T13:06:56:  Number of maps ............: 32
2019-07-22T13:06:56:  Shape of maps .............: (32)
2019-07-22T13:06:56: === GCTAResponseCache ===
2019-07-22T13:06:56:  Number of cached values ...: 0
2019-07-22T13:06:56: === GCTAEventCube ===
2019-07-22T13:06:56:  Number of events ..........: 309473
2019-07-22T13:06:56:  Number of elements ........: 204800
2019-07-22T13:06:56:  Number of pixels ..........: 6400
2019-07-22T13:06:56:  Number of energy bins .....: 32
2019-07-22T13:06:56:  Time interval .............: 51544.5 - 51546.1666666667 days
2019-07-22T13:06:56:  Pointing ..................: (RA,Dec)=(84.1331,22.0145)
2019-07-22T13:06:56: === GEbounds ===
2019-07-22T13:06:56:  Number of intervals .......: 32
2019-07-22T13:06:56:  Energy range ..............: 100 GeV - 199.526229858398 TeV
2019-07-22T13:06:56: === GSkyMap ===
2019-07-22T13:06:56:  Number of pixels ..........: 6400
2019-07-22T13:06:56:  X axis dimension ..........: 80
2019-07-22T13:06:56:  Y axis dimension ..........: 80
2019-07-22T13:06:56:  Number of maps ............: 32
2019-07-22T13:06:56:  Shape of maps .............: (32)
2019-07-22T13:06:56: === GSkyRegions ===
2019-07-22T13:06:56:  Number of regions .........: 0
2019-07-22T13:06:56: === GModels ===
2019-07-22T13:06:56:  Number of models ..........: 2
2019-07-22T13:06:56:  Number of parameters ......: 11
2019-07-22T13:06:56: === GModelSky ===
2019-07-22T13:06:56:  Name ......................: source1a
2019-07-22T13:06:56:  Instruments ...............: all
2019-07-22T13:06:56:  Test Statistic ............: 16012.683
2019-07-22T13:06:56:  Observation identifiers ...: all
2019-07-22T13:06:56:  Model type ................: PointSource
2019-07-22T13:06:56:  Model components ..........: "PointSource" * "ExponentialCutoffPowerLaw" * "Constant"
2019-07-22T13:06:56:  Number of parameters ......: 7
2019-07-22T13:06:56:  Number of spatial par's ...: 2
2019-07-22T13:06:56:   RA .......................: 83.6331 [-360,360] deg (fixed,scale=1)
2019-07-22T13:06:56:   DEC ......................: 22.0145 [-90,90] deg (fixed,scale=1)
2019-07-22T13:06:56:  Number of spectral par's ..: 4
2019-07-22T13:06:56:   Prefactor ................: 7.60319081114896e-19 +/- 1.39194311015144e-20 [1e-26,1e-16] ph/cm2/s/MeV (free,scale=1e-19,gradient)
2019-07-22T13:06:56:   Index ....................: -1.99612135792796 +/- 0.0177102774329336 [-0,-5]  (free,scale=-1,gradient)
2019-07-22T13:06:56:   CutoffEnergy .............: 51907331.8965706 +/- 8509706.53840382 [100000,10000000000] MeV (free,scale=10000000,gradient)
2019-07-22T13:06:56:   PivotEnergy ..............: 1000000 [10000,1000000000] MeV (fixed,scale=1000000,gradient)
2019-07-22T13:06:56:  Number of temporal par's ..: 1
2019-07-22T13:06:56:   Normalization ............: 1 (relative value) (fixed,scale=1,gradient)
2019-07-22T13:06:56:  Number of scale par's .....: 0
2019-07-22T13:06:56: === GCTAModelCubeBackground ===
2019-07-22T13:06:56:  Name ......................: BackgroundModel
2019-07-22T13:06:56:  Instruments ...............: CTA, HESS, MAGIC, VERITAS
2019-07-22T13:06:56:  Observation identifiers ...: all
2019-07-22T13:06:56:  Model type ................: "PowerLaw" * "Constant"
2019-07-22T13:06:56:  Number of parameters ......: 4
2019-07-22T13:06:56:  Number of spectral par's ..: 3
2019-07-22T13:06:56:   Prefactor ................: 0.992429733201026 +/- 0.00441002817731599 [0.01,100] ph/cm2/s/MeV (free,scale=1,gradient)
2019-07-22T13:06:56:   Index ....................: -0.0039364823271703 +/- 0.00256956759089512 [-5,5]  (free,scale=1,gradient)
2019-07-22T13:06:56:   PivotEnergy ..............: 1000000 MeV (fixed,scale=1000000,gradient)
2019-07-22T13:06:56:  Number of temporal par's ..: 1
2019-07-22T13:06:56:   Normalization ............: 1 (relative value) (fixed,scale=1,gradient)
2019-07-22T13:06:56: 
2019-07-22T13:06:56: +===========================+
2019-07-22T13:06:56: | Compute covariance matrix |
2019-07-22T13:06:56: +===========================+
2019-07-22T13:07:28: === GMatrixSparse ===
2019-07-22T13:07:28:  Number of rows ............: 11
2019-07-22T13:07:28:  Number of columns .........: 11
2019-07-22T13:07:28:  Number of nonzero elements : 25
2019-07-22T13:07:28:  Number of allocated cells .: 512
2019-07-22T13:07:28:  Memory block size .........: 512
2019-07-22T13:07:28:  Sparse matrix fill ........: 0.206611570247934
2019-07-22T13:07:28:  Pending element ...........: 0
2019-07-22T13:07:28:  Fill stack size ...........: 0 (none)
2019-07-22T13:07:28:  0, 0, 0, 0, 0, 0, 0, 0, 0, 0, 0
2019-07-22T13:07:28:  0, 0, 0, 0, 0, 0, 0, 0, 0, 0, 0
2019-07-22T13:07:28:  0, 0, 1.93750562190597e-40, 1.37208070460049e-23, -4.24958109663983e-14, 0, 0, -2.52652489847084e-24, -6.79365171951297e-25, 0, 0
2019-07-22T13:07:28:  0, 0, 1.37208070460049e-23, 0.000313653926752111, -103900.360804212, 0, 0, 1.18034865416942e-06, -9.6887707999668e-07, 0, 0
2019-07-22T13:07:28:  0, 0, -4.24958109663982e-14, -103900.360804212, 72415105369942.3, 0, 0, -90.6902993649537, 335.266409324104, 0, 0
2019-07-22T13:07:28:  0, 0, 0, 0, 0, 0, 0, 0, 0, 0, 0
2019-07-22T13:07:28:  0, 0, 0, 0, 0, 0, 0, 0, 0, 0, 0
2019-07-22T13:07:28:  0, 0, -2.52652489847085e-24, 1.18034865416942e-06, -90.6902993649537, 0, 0, 1.9448348524721e-05, 1.03200333104584e-05, 0, 0
2019-07-22T13:07:28:  0, 0, -6.79365171951299e-25, -9.68877079996679e-07, 335.266409324104, 0, 0, 1.03200333104584e-05, 6.60267760417969e-06, 0, 0
2019-07-22T13:07:28:  0, 0, 0, 0, 0, 0, 0, 0, 0, 0, 0
2019-07-22T13:07:28:  0, 0, 0, 0, 0, 0, 0, 0, 0, 0, 0
2019-07-22T13:07:28: 
2019-07-22T13:07:28: +===============================+
2019-07-22T13:07:28: | Prepare butterfly computation |
2019-07-22T13:07:28: +===============================+
2019-07-22T13:07:28:  Confidence level ..........: 0.68
2019-07-22T13:07:28:  Corresponding scaling .....: 0.994458
2019-07-22T13:07:28: 
2019-07-22T13:07:28: +====================+
2019-07-22T13:07:28: | Generate butterfly |
2019-07-22T13:07:28: +====================+
2019-07-22T13:07:28: 
2019-07-22T13:07:28: +=========+
2019-07-22T13:07:28: | Results |
2019-07-22T13:07:28: +=========+
2019-07-22T13:07:28:  Intensity at 112606.251051226 MeV : 5.93266867192482e-17 (5.68469152120548e-17, 6.18064582264415e-17) ph/cm2/s/MeV
2019-07-22T13:07:28:  Intensity at 142786.615593472 MeV : 3.69102994683776e-17 (3.55035081529768e-17, 3.83170907837785e-17) ph/cm2/s/MeV
2019-07-22T13:07:28:  Intensity at 181055.824186555 MeV : 2.29602898340636e-17 (2.21672935082386e-17, 2.37532861598887e-17) ph/cm2/s/MeV
2019-07-22T13:07:28:  Intensity at 229581.822747338 MeV : 1.42797744366275e-17 (1.3835619072608e-17, 1.4723929800647e-17) ph/cm2/s/MeV
2019-07-22T13:07:28:  Intensity at 291113.603071291 MeV : 8.87884578648598e-18 (8.63149851322971e-18, 9.12619305974224e-18) ph/cm2/s/MeV
2019-07-22T13:07:28:  Intensity at 369136.932876502 MeV : 5.51891491011998e-18 (5.38169311171821e-18, 5.65613670852175e-18) ph/cm2/s/MeV
2019-07-22T13:07:28:  Intensity at 468071.824112259 MeV : 3.42906661596833e-18 (3.35291567474545e-18, 3.50521755719122e-18) ph/cm2/s/MeV
2019-07-22T13:07:28:  Intensity at 593522.926087366 MeV : 2.12949336974104e-18 (2.08690401781922e-18, 2.17208272166286e-18) ph/cm2/s/MeV
2019-07-22T13:07:28:  Intensity at 752597.028157849 MeV : 1.32158575176406e-18 (1.29731057027281e-18, 1.3458609332553e-18) ph/cm2/s/MeV
2019-07-22T13:07:28:  Intensity at 954305.65846188 MeV : 8.19516480969287e-19 (8.0523484038336e-19, 8.33798121555214e-19) ph/cm2/s/MeV
2019-07-22T13:07:28:  Intensity at 1210075.58587031 MeV : 5.07653891767312e-19 (4.98909029332618e-19, 5.16398754202005e-19) ph/cm2/s/MeV
2019-07-22T13:07:28:  Intensity at 1534396.14502492 MeV : 3.14053909059576e-19 (3.08490999434337e-19, 3.19616818684815e-19) ph/cm2/s/MeV
2019-07-22T13:07:28:  Intensity at 1945640.05534746 MeV : 1.9396055720923e-19 (1.90324786818748e-19, 1.97596327599713e-19) ph/cm2/s/MeV
2019-07-22T13:07:28:  Intensity at 2467104.23331454 MeV : 1.19536479120485e-19 (1.17129265660608e-19, 1.21943692580363e-19) ph/cm2/s/MeV
2019-07-22T13:07:28:  Intensity at 3128329.55988436 MeV : 7.34713725391306e-20 (7.18756792788877e-20, 7.50670657993736e-20) ph/cm2/s/MeV
2019-07-22T13:07:28:  Intensity at 3966774.36773649 MeV : 4.50042055261487e-20 (4.39534025742554e-20, 4.60550084780421e-20) ph/cm2/s/MeV
2019-07-22T13:07:28:  Intensity at 5029936.45116879 MeV : 2.7447822560038e-20 (2.6763259992225e-20, 2.81323851278511e-20) ph/cm2/s/MeV
2019-07-22T13:07:28:  Intensity at 6378043.81024912 MeV : 1.6648635161714e-20 (1.62079184361679e-20, 1.708935188726e-20) ph/cm2/s/MeV
2019-07-22T13:07:28:  Intensity at 8087466.55954362 MeV : 1.00282776070161e-20 (9.74723409707497e-21, 1.03093211169573e-20) ph/cm2/s/MeV
2019-07-22T13:07:28:  Intensity at 10255043.285628 MeV : 5.98743497585564e-21 (5.80868575402045e-21, 6.16618419769083e-21) ph/cm2/s/MeV
2019-07-22T13:07:28:  Intensity at 13003566.9409974 MeV : 3.53504256723912e-21 (3.42024886654129e-21, 3.64983626793696e-21) ph/cm2/s/MeV
2019-07-22T13:07:28:  Intensity at 16488741.0495845 MeV : 2.05771456747075e-21 (1.98214291643296e-21, 2.13328621850854e-21) ph/cm2/s/MeV
2019-07-22T13:07:28:  Intensity at 20908000.2920645 MeV : 1.17641453344501e-21 (1.12495699598862e-21, 1.2278720709014e-21) ph/cm2/s/MeV
2019-07-22T13:07:28:  Intensity at 26511695.1560098 MeV : 6.5739406739215e-22 (6.21393260311269e-22, 6.93394874473031e-22) ph/cm2/s/MeV
2019-07-22T13:07:28:  Intensity at 33617274.2599379 MeV : 3.56882558934936e-22 (3.31531785255095e-22, 3.82233332614776e-22) ph/cm2/s/MeV
2019-07-22T13:07:28:  Intensity at 42627267.7781488 MeV : 1.86763133652319e-22 (1.69234175100107e-22, 2.04292092204531e-22) ph/cm2/s/MeV
2019-07-22T13:07:28:  Intensity at 54052090.7251378 MeV : 9.32937953659294e-23 (8.16539877579964e-23, 1.04933602973863e-22) ph/cm2/s/MeV
2019-07-22T13:07:28:  Intensity at 68538957.9028144 MeV : 4.39334270466463e-23 (3.66538337421972e-23, 5.12130203510954e-23) ph/cm2/s/MeV
2019-07-22T13:07:28:  Intensity at 86908548.5386981 MeV : 1.91978111337292e-23 (1.49908091295554e-23, 2.34048131379031e-23) ph/cm2/s/MeV
2019-07-22T13:07:28:  Intensity at 110201497.662297 MeV : 7.62984913405873e-24 (5.43020192190237e-24, 9.82949634621509e-24) ph/cm2/s/MeV
2019-07-22T13:07:28:  Intensity at 139737347.950364 MeV : 2.68873212412637e-24 (1.67439838027688e-24, 3.70306586797586e-24) ph/cm2/s/MeV
2019-07-22T13:07:28:  Intensity at 177189301.655759 MeV : 8.13480682191183e-25 (4.13873820840397e-25, 1.21308754354197e-24) ph/cm2/s/MeV
2019-07-22T13:07:28: 
2019-07-22T13:07:28: +========================+
2019-07-22T13:07:28: | Save Butterfly diagram |
2019-07-22T13:07:28: +========================+
2019-07-22T13:07:28:  Butterfly file ............: /cta/carli/CPPM_Internship/Simulations_and_Analyses/plus_constant_AEff_South_z40_50h/source1a/butterfly_binned.ascii
2019-07-22T13:07:28: 
2019-07-22T13:07:28: Application "ctbutterfly" terminated after 32 wall clock seconds, consuming 33.42 seconds of CPU time.
