2019-07-25T10:00:43: ********************************************************************************
2019-07-25T10:00:43: *                                    cterror                                   *
2019-07-25T10:00:43: * ---------------------------------------------------------------------------- *
2019-07-25T10:00:43: * Version: 1.6.0                                                               *
2019-07-25T10:00:43: ********************************************************************************
2019-07-25T10:00:43: +============+
2019-07-25T10:00:43: | Parameters |
2019-07-25T10:00:43: +============+
2019-07-25T10:00:43:  inobs .....................: /cta/carli/CPPM_Internship/Simulations_and_Analyses/minus_gradient_AEff_South_z40_50h/source2c/obs_cube.fits
2019-07-25T10:00:43:  inmodel ...................: /cta/carli/CPPM_Internship/Simulations_and_Analyses/minus_gradient_AEff_South_z40_50h/source2c/obsmodel_binned.xml
2019-07-25T10:00:43:  srcname ...................: source2c
2019-07-25T10:00:43:  expcube ...................: /cta/carli/CPPM_Internship/Simulations_and_Analyses/minus_gradient_AEff_South_z40_50h/source2c/exposure_cube.fits
2019-07-25T10:00:43:  psfcube ...................: /cta/carli/CPPM_Internship/Simulations_and_Analyses/minus_gradient_AEff_South_z40_50h/source2c/PSF_cube.fits
2019-07-25T10:00:43:  edispcube .................: /cta/carli/CPPM_Internship/Simulations_and_Analyses/minus_gradient_AEff_South_z40_50h/source2c/edisp_cube.fits
2019-07-25T10:00:43:  bkgcube ...................: /cta/carli/CPPM_Internship/Simulations_and_Analyses/minus_gradient_AEff_South_z40_50h/source2c/background_cube.fits
2019-07-25T10:00:43:  caldb .....................: prod3b-v2
2019-07-25T10:00:43:  irf .......................: minus_gradient_AEff_South_z40_50h
2019-07-25T10:00:43:  edisp .....................: yes
2019-07-25T10:00:43:  outmodel ..................: 
2019-07-25T10:00:43:  confidence ................: 0.95
2019-07-25T10:00:43:  tol .......................: 1e-3
2019-07-25T10:00:43:  statistic .................: DEFAULT
2019-07-25T10:00:43:  like_accuracy .............: 0.005
2019-07-25T10:00:43:  max_iter ..................: 50
2019-07-25T10:00:43:  nthreads ..................: 0
2019-07-25T10:00:43:  chatter ...................: 4
2019-07-25T10:00:43:  clobber ...................: yes
2019-07-25T10:00:43:  debug .....................: no
2019-07-25T10:00:43:  mode ......................: ql
2019-07-25T10:00:43:  logfile ...................: cterror95.log
2019-07-25T10:00:43: 
2019-07-25T10:00:43: +===================+
2019-07-25T10:00:43: | Input observation |
2019-07-25T10:00:43: +===================+
2019-07-25T10:00:43: === GObservations ===
2019-07-25T10:00:43:  Number of observations ....: 1
2019-07-25T10:00:43:  Number of models ..........: 2
2019-07-25T10:00:43:  Number of observed events .: 320636
2019-07-25T10:00:43:  Number of predicted events : 0
2019-07-25T10:00:43: === GCTAObservation ===
2019-07-25T10:00:43:  Name ......................: 
2019-07-25T10:00:43:  Identifier ................: 000001
2019-07-25T10:00:43:  Instrument ................: CTA
2019-07-25T10:00:43:  Event file ................: /cta/carli/CPPM_Internship/Simulations_and_Analyses/minus_gradient_AEff_South_z40_50h/source2c/obs_cube.fits
2019-07-25T10:00:43:  Event type ................: CountsCube
2019-07-25T10:00:43:  Statistic .................: cstat
2019-07-25T10:00:43:  Ontime ....................: 144000 s
2019-07-25T10:00:43:  Livetime ..................: 141120 s
2019-07-25T10:00:43:  Deadtime correction .......: 0.98
2019-07-25T10:00:43:  User energy range .........: undefined
2019-07-25T10:00:43: === GCTAPointing ===
2019-07-25T10:00:43:  Pointing direction ........: (RA,Dec)=(84.1331,22.0145)
2019-07-25T10:00:43: === GCTAResponseCube ===
2019-07-25T10:00:43:  Energy dispersion .........: Used
2019-07-25T10:00:43: === GCTACubeExposure ===
2019-07-25T10:00:43:  Filename ..................: /cta/carli/CPPM_Internship/Simulations_and_Analyses/minus_gradient_AEff_South_z40_50h/source2c/exposure_cube.fits
2019-07-25T10:00:43:  Livetime ..................: 141120 sec
2019-07-25T10:00:43: === GEnergies ===
2019-07-25T10:00:43:  Number of energies ........: 33
2019-07-25T10:00:43: === GGti ===
2019-07-25T10:00:43:  Number of intervals .......: 1
2019-07-25T10:00:43:  Ontime ....................: 144000 sec
2019-07-25T10:00:43:  Elapsed time ..............: 144000 sec
2019-07-25T10:00:43:  MJD range .................: 51544.5 - 51546.1666666667 s (TT)
2019-07-25T10:00:43:  UTC range .................: 2000-01-01T11:58:56 - 2000-01-03T03:58:56 s (TT)
2019-07-25T10:00:43:  Reference MJD .............: 51544.5
2019-07-25T10:00:43: === GSkyMap ===
2019-07-25T10:00:43:  Number of pixels ..........: 6400
2019-07-25T10:00:43:  X axis dimension ..........: 80
2019-07-25T10:00:43:  Y axis dimension ..........: 80
2019-07-25T10:00:43:  Number of maps ............: 33
2019-07-25T10:00:43:  Shape of maps .............: (33)
2019-07-25T10:00:43: === GCTACubePsf ===
2019-07-25T10:00:43:  Filename ..................: /cta/carli/CPPM_Internship/Simulations_and_Analyses/minus_gradient_AEff_South_z40_50h/source2c/PSF_cube.fits
2019-07-25T10:00:43: === GEnergies ===
2019-07-25T10:00:43:  Number of energies ........: 33
2019-07-25T10:00:43:  Number of delta bins ......: 200
2019-07-25T10:00:43:  Delta range ...............: 1.875e-06 - 0.298501875 deg
2019-07-25T10:00:43: === GSkyMap ===
2019-07-25T10:00:43:  Number of pixels ..........: 1
2019-07-25T10:00:43:  X axis dimension ..........: 1
2019-07-25T10:00:43:  Y axis dimension ..........: 1
2019-07-25T10:00:43:  Number of maps ............: 6600
2019-07-25T10:00:43:  Shape of maps .............: (200, 33)
2019-07-25T10:00:43: === GCTACubeEdisp ===
2019-07-25T10:00:43:  Filename ..................: /cta/carli/CPPM_Internship/Simulations_and_Analyses/minus_gradient_AEff_South_z40_50h/source2c/edisp_cube.fits
2019-07-25T10:00:43: === GEnergies ===
2019-07-25T10:00:43:  Number of energies ........: 33
2019-07-25T10:00:43:  Number of migra bins ......: 100
2019-07-25T10:00:43:  Migra range ...............: 0.02 - 2
2019-07-25T10:00:43: === GSkyMap ===
2019-07-25T10:00:43:  Number of pixels ..........: 1
2019-07-25T10:00:43:  X axis dimension ..........: 1
2019-07-25T10:00:43:  Y axis dimension ..........: 1
2019-07-25T10:00:43:  Number of maps ............: 3300
2019-07-25T10:00:43:  Shape of maps .............: (100, 33)
2019-07-25T10:00:43: === GCTACubeBackground ===
2019-07-25T10:00:43:  Filename ..................: /cta/carli/CPPM_Internship/Simulations_and_Analyses/minus_gradient_AEff_South_z40_50h/source2c/background_cube.fits
2019-07-25T10:00:43: === GEbounds ===
2019-07-25T10:00:43:  Number of intervals .......: 32
2019-07-25T10:00:43:  Energy range ..............: 100 GeV - 199.526229858398 TeV
2019-07-25T10:00:43: === GSkyMap ===
2019-07-25T10:00:43:  Number of pixels ..........: 6400
2019-07-25T10:00:43:  X axis dimension ..........: 80
2019-07-25T10:00:43:  Y axis dimension ..........: 80
2019-07-25T10:00:43:  Number of maps ............: 32
2019-07-25T10:00:43:  Shape of maps .............: (32)
2019-07-25T10:00:43: === GCTAResponseCache ===
2019-07-25T10:00:43:  Number of cached values ...: 0
2019-07-25T10:00:43: === GCTAEventCube ===
2019-07-25T10:00:43:  Number of events ..........: 320636
2019-07-25T10:00:43:  Number of elements ........: 204800
2019-07-25T10:00:43:  Number of pixels ..........: 6400
2019-07-25T10:00:43:  Number of energy bins .....: 32
2019-07-25T10:00:43:  Time interval .............: 51544.5 - 51546.1666666667 days
2019-07-25T10:00:43:  Pointing ..................: (RA,Dec)=(84.1331,22.0145)
2019-07-25T10:00:43: === GEbounds ===
2019-07-25T10:00:43:  Number of intervals .......: 32
2019-07-25T10:00:43:  Energy range ..............: 100 GeV - 199.526229858398 TeV
2019-07-25T10:00:43: === GSkyMap ===
2019-07-25T10:00:43:  Number of pixels ..........: 6400
2019-07-25T10:00:43:  X axis dimension ..........: 80
2019-07-25T10:00:43:  Y axis dimension ..........: 80
2019-07-25T10:00:43:  Number of maps ............: 32
2019-07-25T10:00:43:  Shape of maps .............: (32)
2019-07-25T10:00:43: === GSkyRegions ===
2019-07-25T10:00:43:  Number of regions .........: 0
2019-07-25T10:00:43: === GModels ===
2019-07-25T10:00:43:  Number of models ..........: 2
2019-07-25T10:00:43:  Number of parameters ......: 11
2019-07-25T10:00:43: === GModelSky ===
2019-07-25T10:00:43:  Name ......................: source2c
2019-07-25T10:00:43:  Instruments ...............: all
2019-07-25T10:00:43:  Test Statistic ............: 68103.249
2019-07-25T10:00:43:  Observation identifiers ...: all
2019-07-25T10:00:43:  Model type ................: PointSource
2019-07-25T10:00:43:  Model components ..........: "PointSource" * "ExponentialCutoffPowerLaw" * "Constant"
2019-07-25T10:00:43:  Number of parameters ......: 7
2019-07-25T10:00:43:  Number of spatial par's ...: 2
2019-07-25T10:00:43:   RA .......................: 83.6331 [-360,360] deg (fixed,scale=1)
2019-07-25T10:00:43:   DEC ......................: 22.0145 [-90,90] deg (fixed,scale=1)
2019-07-25T10:00:43:  Number of spectral par's ..: 4
2019-07-25T10:00:43:   Prefactor ................: 2.27951606404973e-18 [1e-25,1e-15] ph/cm2/s/MeV (fixed,scale=1e-18,gradient)
2019-07-25T10:00:43:   Index ....................: -1.99477141719799 [-0,-5]  (fixed,scale=-1,gradient)
2019-07-25T10:00:43:   CutoffEnergy .............: 111514475.805072 +/- 16566509.6040268 [1000000,100000000000] MeV (free,scale=100000000,gradient)
2019-07-25T10:00:43:   PivotEnergy ..............: 1000000 [10000,1000000000] MeV (fixed,scale=1000000,gradient)
2019-07-25T10:00:43:  Number of temporal par's ..: 1
2019-07-25T10:00:43:   Normalization ............: 1 (relative value) (fixed,scale=1,gradient)
2019-07-25T10:00:43:  Number of scale par's .....: 0
2019-07-25T10:00:43: === GCTAModelCubeBackground ===
2019-07-25T10:00:43:  Name ......................: BackgroundModel
2019-07-25T10:00:43:  Instruments ...............: CTA, HESS, MAGIC, VERITAS
2019-07-25T10:00:43:  Observation identifiers ...: all
2019-07-25T10:00:43:  Model type ................: "PowerLaw" * "Constant"
2019-07-25T10:00:43:  Number of parameters ......: 4
2019-07-25T10:00:43:  Number of spectral par's ..: 3
2019-07-25T10:00:43:   Prefactor ................: 0.992925209692039 [0.01,100] ph/cm2/s/MeV (fixed,scale=1,gradient)
2019-07-25T10:00:43:   Index ....................: -0.00380237026180467 [-5,5]  (fixed,scale=1,gradient)
2019-07-25T10:00:43:   PivotEnergy ..............: 1000000 MeV (fixed,scale=1000000,gradient)
2019-07-25T10:00:43:  Number of temporal par's ..: 1
2019-07-25T10:00:43:   Normalization ............: 1 (relative value) (fixed,scale=1,gradient)
2019-07-25T10:00:43: 
2019-07-25T10:00:43: +=============================+
2019-07-25T10:00:43: | Compute best-fit likelihood |
2019-07-25T10:00:43: +=============================+
2019-07-25T10:02:14: === GOptimizerLM ===
2019-07-25T10:02:14:  Optimized function value ..: -335279.148
2019-07-25T10:02:14:  Absolute precision ........: 0.005
2019-07-25T10:02:14:  Acceptable value decrease .: 2
2019-07-25T10:02:14:  Optimization status .......: converged
2019-07-25T10:02:14:  Number of parameters ......: 11
2019-07-25T10:02:14:  Number of free parameters .: 1
2019-07-25T10:02:14:  Number of iterations ......: 1
2019-07-25T10:02:14:  Lambda ....................: 0.0001
2019-07-25T10:02:14:  Maximum log likelihood ....: -335279.148
2019-07-25T10:02:14: === GModels ===
2019-07-25T10:02:14:  Number of models ..........: 2
2019-07-25T10:02:14:  Number of parameters ......: 11
2019-07-25T10:02:14: === GModelSky ===
2019-07-25T10:02:14:  Name ......................: source2c
2019-07-25T10:02:14:  Instruments ...............: all
2019-07-25T10:02:14:  Test Statistic ............: 68103.249
2019-07-25T10:02:14:  Observation identifiers ...: all
2019-07-25T10:02:14:  Model type ................: PointSource
2019-07-25T10:02:14:  Model components ..........: "PointSource" * "ExponentialCutoffPowerLaw" * "Constant"
2019-07-25T10:02:14:  Number of parameters ......: 7
2019-07-25T10:02:14:  Number of spatial par's ...: 2
2019-07-25T10:02:14:   RA .......................: 83.6331 [-360,360] deg (fixed,scale=1)
2019-07-25T10:02:14:   DEC ......................: 22.0145 [-90,90] deg (fixed,scale=1)
2019-07-25T10:02:14:  Number of spectral par's ..: 4
2019-07-25T10:02:14:   Prefactor ................: 2.27951606404973e-18 [1e-25,1e-15] ph/cm2/s/MeV (fixed,scale=1e-18,gradient)
2019-07-25T10:02:14:   Index ....................: -1.99477141719799 [-0,-5]  (fixed,scale=-1,gradient)
2019-07-25T10:02:14:   CutoffEnergy .............: 111514684.407525 +/- 11532860.3092226 [1000000,100000000000] MeV (free,scale=100000000,gradient)
2019-07-25T10:02:14:   PivotEnergy ..............: 1000000 [10000,1000000000] MeV (fixed,scale=1000000,gradient)
2019-07-25T10:02:14:  Number of temporal par's ..: 1
2019-07-25T10:02:14:   Normalization ............: 1 (relative value) (fixed,scale=1,gradient)
2019-07-25T10:02:14:  Number of scale par's .....: 0
2019-07-25T10:02:14: === GCTAModelCubeBackground ===
2019-07-25T10:02:14:  Name ......................: BackgroundModel
2019-07-25T10:02:14:  Instruments ...............: CTA, HESS, MAGIC, VERITAS
2019-07-25T10:02:14:  Observation identifiers ...: all
2019-07-25T10:02:14:  Model type ................: "PowerLaw" * "Constant"
2019-07-25T10:02:14:  Number of parameters ......: 4
2019-07-25T10:02:14:  Number of spectral par's ..: 3
2019-07-25T10:02:14:   Prefactor ................: 0.992925209692039 [0.01,100] ph/cm2/s/MeV (fixed,scale=1,gradient)
2019-07-25T10:02:14:   Index ....................: -0.00380237026180467 [-5,5]  (fixed,scale=1,gradient)
2019-07-25T10:02:14:   PivotEnergy ..............: 1000000 MeV (fixed,scale=1000000,gradient)
2019-07-25T10:02:14:  Number of temporal par's ..: 1
2019-07-25T10:02:14:   Normalization ............: 1 (relative value) (fixed,scale=1,gradient)
2019-07-25T10:02:14: 
2019-07-25T10:02:14: +==============================================================+
2019-07-25T10:02:14: | Compute error for source "source2c" parameter "CutoffEnergy" |
2019-07-25T10:02:14: +==============================================================+
2019-07-25T10:02:14:  Confidence level ..........: 95 %
2019-07-25T10:02:14:  Log-likelihood difference .: 1.92073
2019-07-25T10:02:14:  Initial factor range ......: [0.01, 2.26843287499751]
2019-07-25T10:02:24:    Iteration 1 .............: [0.01, 1.11514684407525]
2019-07-25T10:02:34:    Iteration 2 .............: [0.562573422037624, 1.11514684407525]
2019-07-25T10:02:44:    Iteration 3 .............: [0.838860133056436, 1.11514684407525]
2019-07-25T10:02:54:    Iteration 4 .............: [0.838860133056436, 0.977003488565842]
2019-07-25T10:03:04:    Iteration 5 .............: [0.907931810811139, 0.977003488565842]
2019-07-25T10:03:15:    Iteration 6 .............: [0.907931810811139, 0.94246764968849]
2019-07-25T10:03:24:    Iteration 7 .............: [0.907931810811139, 0.925199730249815]
2019-07-25T10:03:35:    Iteration 8 .............: [0.916565770530477, 0.925199730249815]
2019-07-25T10:03:45:    Iteration 9 .............: [0.920882750390146, 0.925199730249815]
2019-07-25T10:03:55:    Iteration 10 ............: [0.92304124031998, 0.925199730249815]
2019-07-25T10:04:06:    Iteration 11 ............: [0.92304124031998, 0.924120485284897]
2019-07-25T10:04:16:    Iteration 12 ............: [0.923580862802439, 0.924120485284897]
2019-07-25T10:04:26:    Iteration 13 ............: [0.923850674043668, 0.924120485284897]
2019-07-25T10:04:36:    Iteration 1 .............: [1.11514684407525, 2.26843287499751]
2019-07-25T10:04:46:    Iteration 2 .............: [1.11514684407525, 1.69178985953638]
2019-07-25T10:04:56:    Iteration 3 .............: [1.11514684407525, 1.40346835180581]
2019-07-25T10:05:06:    Iteration 4 .............: [1.25930759794053, 1.40346835180581]
2019-07-25T10:05:16:    Iteration 5 .............: [1.33138797487317, 1.40346835180581]
2019-07-25T10:05:26:    Iteration 6 .............: [1.36742816333949, 1.40346835180581]
2019-07-25T10:05:36:    Iteration 7 .............: [1.38544825757265, 1.40346835180581]
2019-07-25T10:05:47:    Iteration 8 .............: [1.38544825757265, 1.39445830468923]
2019-07-25T10:05:57:    Iteration 9 .............: [1.38995328113094, 1.39445830468923]
2019-07-25T10:05:57:  Lower parameter factor ....: 0.923986
2019-07-25T10:05:57:  Upper parameter factor ....: 1.39221
2019-07-25T10:05:57:  Error from curvature ......: 11532860.3092226 MeV
2019-07-25T10:05:57:  Error from profile ........: 23411010.6622902 MeV
2019-07-25T10:05:57:  Negative profile error ....: 19116126.4410965 MeV
2019-07-25T10:05:57:  Positive profile error ....: 27705894.883484 MeV
2019-07-25T10:05:57: 
2019-07-25T10:05:57: +==============+
2019-07-25T10:05:57: | Save results |
2019-07-25T10:05:57: +==============+
2019-07-25T10:05:57:  Model definition file .....: NONE
2019-07-25T10:05:57: 
2019-07-25T10:05:57: Application "cterror" terminated after 314 wall clock seconds, consuming 396.11 seconds of CPU time.
