2019-07-22T14:18:29: ********************************************************************************
2019-07-22T14:18:29: *                                   csresspec                                  *
2019-07-22T14:18:29: * ---------------------------------------------------------------------------- *
2019-07-22T14:18:29: * Version: 1.6.0                                                               *
2019-07-22T14:18:29: ********************************************************************************
2019-07-22T14:18:29: +============+
2019-07-22T14:18:29: | Parameters |
2019-07-22T14:18:29: +============+
2019-07-22T14:18:29:  inobs .....................: /cta/carli/CPPM_Internship/Simulations_and_Analyses/minus_constant_AEff_South_z40_50h/source1d/obs_cube.fits
2019-07-22T14:18:29:  inmodel ...................: /cta/carli/CPPM_Internship/Simulations_and_Analyses/minus_constant_AEff_South_z40_50h/source1d/obsmodel_binned.xml
2019-07-22T14:18:29:  modcube ...................: /cta/carli/CPPM_Internship/Simulations_and_Analyses/minus_constant_AEff_South_z40_50h/source1d/obsmodel_cube.fits
2019-07-22T14:18:29:  expcube ...................: /cta/carli/CPPM_Internship/Simulations_and_Analyses/minus_constant_AEff_South_z40_50h/source1d/exposure_cube.fits
2019-07-22T14:18:29:  psfcube ...................: /cta/carli/CPPM_Internship/Simulations_and_Analyses/minus_constant_AEff_South_z40_50h/source1d/PSF_cube.fits
2019-07-22T14:18:29:  edispcube .................: /cta/carli/CPPM_Internship/Simulations_and_Analyses/minus_constant_AEff_South_z40_50h/source1d/edisp_cube.fits
2019-07-22T14:18:29:  bkgcube ...................: /cta/carli/CPPM_Internship/Simulations_and_Analyses/minus_constant_AEff_South_z40_50h/source1d/background_cube.fits
2019-07-22T14:18:29:  caldb .....................: prod3b-v2
2019-07-22T14:18:29:  irf .......................: minus_constant_AEff_South_z40_50h
2019-07-22T14:18:29:  edisp .....................: yes
2019-07-22T14:18:29:  outfile ...................: /cta/carli/CPPM_Internship/Simulations_and_Analyses/minus_constant_AEff_South_z40_50h/source1d/residuals_binned.fits
2019-07-22T14:18:29:  statistic .................: DEFAULT
2019-07-22T14:18:29:  components ................: yes
2019-07-22T14:18:29:  ebinalg ...................: LOG
2019-07-22T14:18:29:  emin ......................: 0.1
2019-07-22T14:18:29:  emax ......................: 199.526229858398
2019-07-22T14:18:29:  enumbins ..................: 32
2019-07-22T14:18:29:  ebinfile ..................: [not queried]
2019-07-22T14:18:29:  stack .....................: [not queried]
2019-07-22T14:18:29:  coordsys ..................: [not queried]
2019-07-22T14:18:29:  proj ......................: [not queried]
2019-07-22T14:18:29:  xref ......................: [not queried]
2019-07-22T14:18:29:  yref ......................: [not queried]
2019-07-22T14:18:29:  nxpix .....................: [not queried]
2019-07-22T14:18:29:  nypix .....................: [not queried]
2019-07-22T14:18:29:  binsz .....................: [not queried]
2019-07-22T14:18:29:  mask ......................: no
2019-07-22T14:18:29:  ra ........................: [not queried]
2019-07-22T14:18:29:  dec .......................: [not queried]
2019-07-22T14:18:29:  rad .......................: [not queried]
2019-07-22T14:18:29:  regfile ...................: [not queried]
2019-07-22T14:18:29:  algorithm .................: SUB
2019-07-22T14:18:29:  publish ...................: no
2019-07-22T14:18:29:  chatter ...................: 4
2019-07-22T14:18:29:  clobber ...................: yes
2019-07-22T14:18:29:  debug .....................: no
2019-07-22T14:18:29:  mode ......................: ql
2019-07-22T14:18:29:  logfile ...................: csresspec.log
2019-07-22T14:18:29: 
2019-07-22T14:18:29: +====================+
2019-07-22T14:18:29: | Observation census |
2019-07-22T14:18:29: +====================+
2019-07-22T14:18:29:  Unbinned CTA observations .: 0
2019-07-22T14:18:29:  Binned CTA observations ...: 1
2019-07-22T14:18:29:  On/off CTA observations ...: 0
2019-07-22T14:18:29:  Other observations ........: 0
2019-07-22T14:18:29: 
2019-07-22T14:18:29: +=============+
2019-07-22T14:18:29: | Observation |
2019-07-22T14:18:29: +=============+
2019-07-22T14:18:29: === GObservations ===
2019-07-22T14:18:29:  Number of observations ....: 1
2019-07-22T14:18:29:  Number of models ..........: 2
2019-07-22T14:18:29:  Number of observed events .: 323996
2019-07-22T14:18:29:  Number of predicted events : 0
2019-07-22T14:18:29: === GCTAObservation ===
2019-07-22T14:18:29:  Name ......................: 
2019-07-22T14:18:29:  Identifier ................: 000001
2019-07-22T14:18:29:  Instrument ................: CTA
2019-07-22T14:18:29:  Event file ................: /cta/carli/CPPM_Internship/Simulations_and_Analyses/minus_constant_AEff_South_z40_50h/source1d/obs_cube.fits
2019-07-22T14:18:29:  Event type ................: CountsCube
2019-07-22T14:18:29:  Statistic .................: cstat
2019-07-22T14:18:29:  Ontime ....................: 144000 s
2019-07-22T14:18:29:  Livetime ..................: 141120 s
2019-07-22T14:18:29:  Deadtime correction .......: 0.98
2019-07-22T14:18:29:  User energy range .........: undefined
2019-07-22T14:18:29: === GCTAPointing ===
2019-07-22T14:18:29:  Pointing direction ........: (RA,Dec)=(84.1331,22.0145)
2019-07-22T14:18:29: === GCTAResponseCube ===
2019-07-22T14:18:29:  Energy dispersion .........: Not used
2019-07-22T14:18:29: === GCTACubeExposure ===
2019-07-22T14:18:29:  Filename ..................: /cta/carli/CPPM_Internship/Simulations_and_Analyses/minus_constant_AEff_South_z40_50h/source1d/exposure_cube.fits
2019-07-22T14:18:29:  Livetime ..................: 141120 sec
2019-07-22T14:18:29: === GEnergies ===
2019-07-22T14:18:29:  Number of energies ........: 33
2019-07-22T14:18:29: === GGti ===
2019-07-22T14:18:29:  Number of intervals .......: 1
2019-07-22T14:18:29:  Ontime ....................: 144000 sec
2019-07-22T14:18:29:  Elapsed time ..............: 144000 sec
2019-07-22T14:18:29:  MJD range .................: 51544.5 - 51546.1666666667 s (TT)
2019-07-22T14:18:29:  UTC range .................: 2000-01-01T11:58:56 - 2000-01-03T03:58:56 s (TT)
2019-07-22T14:18:29:  Reference MJD .............: 51544.5
2019-07-22T14:18:29: === GSkyMap ===
2019-07-22T14:18:29:  Number of pixels ..........: 6400
2019-07-22T14:18:29:  X axis dimension ..........: 80
2019-07-22T14:18:29:  Y axis dimension ..........: 80
2019-07-22T14:18:29:  Number of maps ............: 33
2019-07-22T14:18:29:  Shape of maps .............: (33)
2019-07-22T14:18:29: === GCTACubePsf ===
2019-07-22T14:18:29:  Filename ..................: /cta/carli/CPPM_Internship/Simulations_and_Analyses/minus_constant_AEff_South_z40_50h/source1d/PSF_cube.fits
2019-07-22T14:18:29: === GEnergies ===
2019-07-22T14:18:29:  Number of energies ........: 33
2019-07-22T14:18:29:  Number of delta bins ......: 200
2019-07-22T14:18:29:  Delta range ...............: 1.875e-06 - 0.298501875 deg
2019-07-22T14:18:29: === GSkyMap ===
2019-07-22T14:18:29:  Number of pixels ..........: 1
2019-07-22T14:18:29:  X axis dimension ..........: 1
2019-07-22T14:18:29:  Y axis dimension ..........: 1
2019-07-22T14:18:29:  Number of maps ............: 6600
2019-07-22T14:18:29:  Shape of maps .............: (200, 33)
2019-07-22T14:18:29: === GCTACubeEdisp ===
2019-07-22T14:18:29:  Filename ..................: /cta/carli/CPPM_Internship/Simulations_and_Analyses/minus_constant_AEff_South_z40_50h/source1d/edisp_cube.fits
2019-07-22T14:18:29: === GEnergies ===
2019-07-22T14:18:29:  Number of energies ........: 33
2019-07-22T14:18:29:  Number of migra bins ......: 100
2019-07-22T14:18:29:  Migra range ...............: 0.02 - 2
2019-07-22T14:18:29: === GSkyMap ===
2019-07-22T14:18:29:  Number of pixels ..........: 1
2019-07-22T14:18:29:  X axis dimension ..........: 1
2019-07-22T14:18:29:  Y axis dimension ..........: 1
2019-07-22T14:18:29:  Number of maps ............: 3300
2019-07-22T14:18:29:  Shape of maps .............: (100, 33)
2019-07-22T14:18:29: === GCTACubeBackground ===
2019-07-22T14:18:29:  Filename ..................: /cta/carli/CPPM_Internship/Simulations_and_Analyses/minus_constant_AEff_South_z40_50h/source1d/background_cube.fits
2019-07-22T14:18:29: === GEbounds ===
2019-07-22T14:18:29:  Number of intervals .......: 32
2019-07-22T14:18:29:  Energy range ..............: 100 GeV - 199.526229858398 TeV
2019-07-22T14:18:29: === GSkyMap ===
2019-07-22T14:18:29:  Number of pixels ..........: 6400
2019-07-22T14:18:29:  X axis dimension ..........: 80
2019-07-22T14:18:29:  Y axis dimension ..........: 80
2019-07-22T14:18:29:  Number of maps ............: 32
2019-07-22T14:18:29:  Shape of maps .............: (32)
2019-07-22T14:18:29: === GCTAResponseCache ===
2019-07-22T14:18:29:  Number of cached values ...: 0
2019-07-22T14:18:29: === GCTAEventCube ===
2019-07-22T14:18:29:  Number of events ..........: 323996
2019-07-22T14:18:29:  Number of elements ........: 204800
2019-07-22T14:18:29:  Number of pixels ..........: 6400
2019-07-22T14:18:29:  Number of energy bins .....: 32
2019-07-22T14:18:29:  Time interval .............: 51544.5 - 51546.1666666667 days
2019-07-22T14:18:29:  Pointing ..................: (RA,Dec)=(84.1331,22.0145)
2019-07-22T14:18:29: === GEbounds ===
2019-07-22T14:18:29:  Number of intervals .......: 32
2019-07-22T14:18:29:  Energy range ..............: 100 GeV - 199.526229858398 TeV
2019-07-22T14:18:29: === GSkyMap ===
2019-07-22T14:18:29:  Number of pixels ..........: 6400
2019-07-22T14:18:29:  X axis dimension ..........: 80
2019-07-22T14:18:29:  Y axis dimension ..........: 80
2019-07-22T14:18:29:  Number of maps ............: 32
2019-07-22T14:18:29:  Shape of maps .............: (32)
2019-07-22T14:18:29: === GSkyRegions ===
2019-07-22T14:18:29:  Number of regions .........: 0
2019-07-22T14:18:29: === GModels ===
2019-07-22T14:18:29:  Number of models ..........: 2
2019-07-22T14:18:29:  Number of parameters ......: 11
2019-07-22T14:18:29: === GModelSky ===
2019-07-22T14:18:29:  Name ......................: source1d
2019-07-22T14:18:29:  Instruments ...............: all
2019-07-22T14:18:29:  Test Statistic ............: 84697.112
2019-07-22T14:18:29:  Observation identifiers ...: all
2019-07-22T14:18:29:  Model type ................: PointSource
2019-07-22T14:18:29:  Model components ..........: "PointSource" * "ExponentialCutoffPowerLaw" * "Constant"
2019-07-22T14:18:29:  Number of parameters ......: 7
2019-07-22T14:18:29:  Number of spatial par's ...: 2
2019-07-22T14:18:29:   RA .......................: 83.6331 [-360,360] deg (fixed,scale=1)
2019-07-22T14:18:29:   DEC ......................: 22.0145 [-90,90] deg (fixed,scale=1)
2019-07-22T14:18:29:  Number of spectral par's ..: 4
2019-07-22T14:18:29:   Prefactor ................: 2.99059327829553e-18 +/- 2.676111759562e-20 [1e-25,1e-15] ph/cm2/s/MeV (free,scale=1e-18,gradient)
2019-07-22T14:18:29:   Index ....................: -1.99915523100442 +/- 0.00804777807369234 [-0,-5]  (free,scale=-1,gradient)
2019-07-22T14:18:29:   CutoffEnergy .............: 51591279.1965143 +/- 4197937.55063318 [100000,10000000000] MeV (free,scale=10000000,gradient)
2019-07-22T14:18:29:   PivotEnergy ..............: 1000000 [10000,1000000000] MeV (fixed,scale=1000000,gradient)
2019-07-22T14:18:29:  Number of temporal par's ..: 1
2019-07-22T14:18:29:   Normalization ............: 1 (relative value) (fixed,scale=1,gradient)
2019-07-22T14:18:29:  Number of scale par's .....: 0
2019-07-22T14:18:29: === GCTAModelCubeBackground ===
2019-07-22T14:18:29:  Name ......................: BackgroundModel
2019-07-22T14:18:29:  Instruments ...............: CTA, HESS, MAGIC, VERITAS
2019-07-22T14:18:29:  Observation identifiers ...: all
2019-07-22T14:18:29:  Model type ................: "PowerLaw" * "Constant"
2019-07-22T14:18:29:  Number of parameters ......: 4
2019-07-22T14:18:29:  Number of spectral par's ..: 3
2019-07-22T14:18:29:   Prefactor ................: 0.992564514461896 +/- 0.00441782361835766 [0.01,100] ph/cm2/s/MeV (free,scale=1,gradient)
2019-07-22T14:18:29:   Index ....................: -0.00386553643074376 +/- 0.00257554930162482 [-5,5]  (free,scale=1,gradient)
2019-07-22T14:18:29:   PivotEnergy ..............: 1000000 MeV (fixed,scale=1000000,gradient)
2019-07-22T14:18:29:  Number of temporal par's ..: 1
2019-07-22T14:18:29:   Normalization ............: 1 (relative value) (fixed,scale=1,gradient)
2019-07-22T14:18:29: 
2019-07-22T14:18:29: +=========================+
2019-07-22T14:18:29: | Processing Observations |
2019-07-22T14:18:29: +=========================+
2019-07-22T14:18:29: Computing model cube
2019-07-22T14:18:35: Computing counts, model, and residual spectra
2019-07-22T14:18:35:  Computing model component .: source1d
2019-07-22T14:18:39:  Computing model component .: BackgroundModel
2019-07-22T14:18:40: Filling residual table
2019-07-22T14:18:40: 
2019-07-22T14:18:40: +================+
2019-07-22T14:18:40: | Save residuals |
2019-07-22T14:18:40: +================+
2019-07-22T14:18:40:  Residuals file ............: /cta/carli/CPPM_Internship/Simulations_and_Analyses/minus_constant_AEff_South_z40_50h/source1d/residuals_binned.fits
2019-07-22T14:18:40: 
2019-07-22T14:18:40: Application "csresspec" terminated after 11 wall clock seconds, consuming 13.65 seconds of CPU time.
