2019-07-22T14:17:49: ********************************************************************************
2019-07-22T14:17:49: *                                  ctbutterfly                                 *
2019-07-22T14:17:49: * ---------------------------------------------------------------------------- *
2019-07-22T14:17:49: * Version: 1.6.0                                                               *
2019-07-22T14:17:49: ********************************************************************************
2019-07-22T14:17:49: +============+
2019-07-22T14:17:49: | Parameters |
2019-07-22T14:17:49: +============+
2019-07-22T14:17:49:  inobs .....................: /cta/carli/CPPM_Internship/Simulations_and_Analyses/minus_constant_AEff_South_z40_50h/source1d/obs_cube.fits
2019-07-22T14:17:49:  inmodel ...................: /cta/carli/CPPM_Internship/Simulations_and_Analyses/minus_constant_AEff_South_z40_50h/source1d/obsmodel_binned.xml
2019-07-22T14:17:49:  srcname ...................: source1d
2019-07-22T14:17:49:  expcube ...................: /cta/carli/CPPM_Internship/Simulations_and_Analyses/minus_constant_AEff_South_z40_50h/source1d/exposure_cube.fits
2019-07-22T14:17:49:  psfcube ...................: /cta/carli/CPPM_Internship/Simulations_and_Analyses/minus_constant_AEff_South_z40_50h/source1d/PSF_cube.fits
2019-07-22T14:17:49:  edispcube .................: /cta/carli/CPPM_Internship/Simulations_and_Analyses/minus_constant_AEff_South_z40_50h/source1d/edisp_cube.fits
2019-07-22T14:17:49:  bkgcube ...................: /cta/carli/CPPM_Internship/Simulations_and_Analyses/minus_constant_AEff_South_z40_50h/source1d/background_cube.fits
2019-07-22T14:17:49:  caldb .....................: prod3b-v2
2019-07-22T14:17:49:  irf .......................: minus_constant_AEff_South_z40_50h
2019-07-22T14:17:49:  edisp .....................: yes
2019-07-22T14:17:49:  outfile ...................: /cta/carli/CPPM_Internship/Simulations_and_Analyses/minus_constant_AEff_South_z40_50h/source1d/butterfly_binned.ascii
2019-07-22T14:17:49:  method ....................: GAUSSIAN
2019-07-22T14:17:49:  fit .......................: no
2019-07-22T14:17:49:  confidence ................: 0.68
2019-07-22T14:17:49:  statistic .................: DEFAULT
2019-07-22T14:17:49:  like_accuracy .............: 0.005
2019-07-22T14:17:49:  max_iter ..................: 50
2019-07-22T14:17:49:  matrix ....................: NONE
2019-07-22T14:17:49:  ebinalg ...................: LOG
2019-07-22T14:17:49:  emin ......................: 0.1
2019-07-22T14:17:49:  emax ......................: 199.526229858398
2019-07-22T14:17:49:  enumbins ..................: 32
2019-07-22T14:17:49:  ebinfile ..................: [not queried]
2019-07-22T14:17:49:  chatter ...................: 4
2019-07-22T14:17:49:  clobber ...................: yes
2019-07-22T14:17:49:  debug .....................: no
2019-07-22T14:17:49:  mode ......................: ql
2019-07-22T14:17:49:  logfile ...................: ctbutterfly.log
2019-07-22T14:17:49: 
2019-07-22T14:17:49: +===================+
2019-07-22T14:17:49: | Input observation |
2019-07-22T14:17:49: +===================+
2019-07-22T14:17:49: === GObservations ===
2019-07-22T14:17:49:  Number of observations ....: 1
2019-07-22T14:17:49:  Number of models ..........: 2
2019-07-22T14:17:49:  Number of observed events .: 323996
2019-07-22T14:17:49:  Number of predicted events : 0
2019-07-22T14:17:49: === GCTAObservation ===
2019-07-22T14:17:49:  Name ......................: 
2019-07-22T14:17:49:  Identifier ................: 000001
2019-07-22T14:17:49:  Instrument ................: CTA
2019-07-22T14:17:49:  Event file ................: /cta/carli/CPPM_Internship/Simulations_and_Analyses/minus_constant_AEff_South_z40_50h/source1d/obs_cube.fits
2019-07-22T14:17:49:  Event type ................: CountsCube
2019-07-22T14:17:49:  Statistic .................: cstat
2019-07-22T14:17:49:  Ontime ....................: 144000 s
2019-07-22T14:17:49:  Livetime ..................: 141120 s
2019-07-22T14:17:49:  Deadtime correction .......: 0.98
2019-07-22T14:17:49:  User energy range .........: undefined
2019-07-22T14:17:49: === GCTAPointing ===
2019-07-22T14:17:49:  Pointing direction ........: (RA,Dec)=(84.1331,22.0145)
2019-07-22T14:17:49: === GCTAResponseCube ===
2019-07-22T14:17:49:  Energy dispersion .........: Used
2019-07-22T14:17:49: === GCTACubeExposure ===
2019-07-22T14:17:49:  Filename ..................: /cta/carli/CPPM_Internship/Simulations_and_Analyses/minus_constant_AEff_South_z40_50h/source1d/exposure_cube.fits
2019-07-22T14:17:49:  Livetime ..................: 141120 sec
2019-07-22T14:17:49: === GEnergies ===
2019-07-22T14:17:49:  Number of energies ........: 33
2019-07-22T14:17:49: === GGti ===
2019-07-22T14:17:49:  Number of intervals .......: 1
2019-07-22T14:17:49:  Ontime ....................: 144000 sec
2019-07-22T14:17:49:  Elapsed time ..............: 144000 sec
2019-07-22T14:17:49:  MJD range .................: 51544.5 - 51546.1666666667 s (TT)
2019-07-22T14:17:49:  UTC range .................: 2000-01-01T11:58:56 - 2000-01-03T03:58:56 s (TT)
2019-07-22T14:17:49:  Reference MJD .............: 51544.5
2019-07-22T14:17:49: === GSkyMap ===
2019-07-22T14:17:49:  Number of pixels ..........: 6400
2019-07-22T14:17:49:  X axis dimension ..........: 80
2019-07-22T14:17:49:  Y axis dimension ..........: 80
2019-07-22T14:17:49:  Number of maps ............: 33
2019-07-22T14:17:49:  Shape of maps .............: (33)
2019-07-22T14:17:49: === GCTACubePsf ===
2019-07-22T14:17:49:  Filename ..................: /cta/carli/CPPM_Internship/Simulations_and_Analyses/minus_constant_AEff_South_z40_50h/source1d/PSF_cube.fits
2019-07-22T14:17:49: === GEnergies ===
2019-07-22T14:17:49:  Number of energies ........: 33
2019-07-22T14:17:49:  Number of delta bins ......: 200
2019-07-22T14:17:49:  Delta range ...............: 1.875e-06 - 0.298501875 deg
2019-07-22T14:17:49: === GSkyMap ===
2019-07-22T14:17:49:  Number of pixels ..........: 1
2019-07-22T14:17:49:  X axis dimension ..........: 1
2019-07-22T14:17:49:  Y axis dimension ..........: 1
2019-07-22T14:17:49:  Number of maps ............: 6600
2019-07-22T14:17:49:  Shape of maps .............: (200, 33)
2019-07-22T14:17:49: === GCTACubeEdisp ===
2019-07-22T14:17:49:  Filename ..................: /cta/carli/CPPM_Internship/Simulations_and_Analyses/minus_constant_AEff_South_z40_50h/source1d/edisp_cube.fits
2019-07-22T14:17:49: === GEnergies ===
2019-07-22T14:17:49:  Number of energies ........: 33
2019-07-22T14:17:49:  Number of migra bins ......: 100
2019-07-22T14:17:49:  Migra range ...............: 0.02 - 2
2019-07-22T14:17:49: === GSkyMap ===
2019-07-22T14:17:49:  Number of pixels ..........: 1
2019-07-22T14:17:49:  X axis dimension ..........: 1
2019-07-22T14:17:49:  Y axis dimension ..........: 1
2019-07-22T14:17:49:  Number of maps ............: 3300
2019-07-22T14:17:49:  Shape of maps .............: (100, 33)
2019-07-22T14:17:49: === GCTACubeBackground ===
2019-07-22T14:17:49:  Filename ..................: /cta/carli/CPPM_Internship/Simulations_and_Analyses/minus_constant_AEff_South_z40_50h/source1d/background_cube.fits
2019-07-22T14:17:49: === GEbounds ===
2019-07-22T14:17:49:  Number of intervals .......: 32
2019-07-22T14:17:49:  Energy range ..............: 100 GeV - 199.526229858398 TeV
2019-07-22T14:17:49: === GSkyMap ===
2019-07-22T14:17:49:  Number of pixels ..........: 6400
2019-07-22T14:17:49:  X axis dimension ..........: 80
2019-07-22T14:17:49:  Y axis dimension ..........: 80
2019-07-22T14:17:49:  Number of maps ............: 32
2019-07-22T14:17:49:  Shape of maps .............: (32)
2019-07-22T14:17:49: === GCTAResponseCache ===
2019-07-22T14:17:49:  Number of cached values ...: 0
2019-07-22T14:17:49: === GCTAEventCube ===
2019-07-22T14:17:49:  Number of events ..........: 323996
2019-07-22T14:17:49:  Number of elements ........: 204800
2019-07-22T14:17:49:  Number of pixels ..........: 6400
2019-07-22T14:17:49:  Number of energy bins .....: 32
2019-07-22T14:17:49:  Time interval .............: 51544.5 - 51546.1666666667 days
2019-07-22T14:17:49:  Pointing ..................: (RA,Dec)=(84.1331,22.0145)
2019-07-22T14:17:49: === GEbounds ===
2019-07-22T14:17:49:  Number of intervals .......: 32
2019-07-22T14:17:49:  Energy range ..............: 100 GeV - 199.526229858398 TeV
2019-07-22T14:17:49: === GSkyMap ===
2019-07-22T14:17:49:  Number of pixels ..........: 6400
2019-07-22T14:17:49:  X axis dimension ..........: 80
2019-07-22T14:17:49:  Y axis dimension ..........: 80
2019-07-22T14:17:49:  Number of maps ............: 32
2019-07-22T14:17:49:  Shape of maps .............: (32)
2019-07-22T14:17:49: === GSkyRegions ===
2019-07-22T14:17:49:  Number of regions .........: 0
2019-07-22T14:17:49: === GModels ===
2019-07-22T14:17:49:  Number of models ..........: 2
2019-07-22T14:17:49:  Number of parameters ......: 11
2019-07-22T14:17:49: === GModelSky ===
2019-07-22T14:17:49:  Name ......................: source1d
2019-07-22T14:17:49:  Instruments ...............: all
2019-07-22T14:17:49:  Test Statistic ............: 84697.112
2019-07-22T14:17:49:  Observation identifiers ...: all
2019-07-22T14:17:49:  Model type ................: PointSource
2019-07-22T14:17:49:  Model components ..........: "PointSource" * "ExponentialCutoffPowerLaw" * "Constant"
2019-07-22T14:17:49:  Number of parameters ......: 7
2019-07-22T14:17:49:  Number of spatial par's ...: 2
2019-07-22T14:17:49:   RA .......................: 83.6331 [-360,360] deg (fixed,scale=1)
2019-07-22T14:17:49:   DEC ......................: 22.0145 [-90,90] deg (fixed,scale=1)
2019-07-22T14:17:49:  Number of spectral par's ..: 4
2019-07-22T14:17:49:   Prefactor ................: 2.99059327829553e-18 +/- 2.676111759562e-20 [1e-25,1e-15] ph/cm2/s/MeV (free,scale=1e-18,gradient)
2019-07-22T14:17:49:   Index ....................: -1.99915523100442 +/- 0.00804777807369234 [-0,-5]  (free,scale=-1,gradient)
2019-07-22T14:17:49:   CutoffEnergy .............: 51591279.1965143 +/- 4197937.55063318 [100000,10000000000] MeV (free,scale=10000000,gradient)
2019-07-22T14:17:49:   PivotEnergy ..............: 1000000 [10000,1000000000] MeV (fixed,scale=1000000,gradient)
2019-07-22T14:17:49:  Number of temporal par's ..: 1
2019-07-22T14:17:49:   Normalization ............: 1 (relative value) (fixed,scale=1,gradient)
2019-07-22T14:17:49:  Number of scale par's .....: 0
2019-07-22T14:17:49: === GCTAModelCubeBackground ===
2019-07-22T14:17:49:  Name ......................: BackgroundModel
2019-07-22T14:17:49:  Instruments ...............: CTA, HESS, MAGIC, VERITAS
2019-07-22T14:17:49:  Observation identifiers ...: all
2019-07-22T14:17:49:  Model type ................: "PowerLaw" * "Constant"
2019-07-22T14:17:49:  Number of parameters ......: 4
2019-07-22T14:17:49:  Number of spectral par's ..: 3
2019-07-22T14:17:49:   Prefactor ................: 0.992564514461896 +/- 0.00441782361835766 [0.01,100] ph/cm2/s/MeV (free,scale=1,gradient)
2019-07-22T14:17:49:   Index ....................: -0.00386553643074376 +/- 0.00257554930162482 [-5,5]  (free,scale=1,gradient)
2019-07-22T14:17:49:   PivotEnergy ..............: 1000000 MeV (fixed,scale=1000000,gradient)
2019-07-22T14:17:49:  Number of temporal par's ..: 1
2019-07-22T14:17:49:   Normalization ............: 1 (relative value) (fixed,scale=1,gradient)
2019-07-22T14:17:49: 
2019-07-22T14:17:49: +===========================+
2019-07-22T14:17:49: | Compute covariance matrix |
2019-07-22T14:17:49: +===========================+
2019-07-22T14:18:21: === GMatrixSparse ===
2019-07-22T14:18:21:  Number of rows ............: 11
2019-07-22T14:18:21:  Number of columns .........: 11
2019-07-22T14:18:21:  Number of nonzero elements : 25
2019-07-22T14:18:21:  Number of allocated cells .: 512
2019-07-22T14:18:21:  Memory block size .........: 512
2019-07-22T14:18:21:  Sparse matrix fill ........: 0.206611570247934
2019-07-22T14:18:21:  Pending element ...........: 0
2019-07-22T14:18:21:  Fill stack size ...........: 0 (none)
2019-07-22T14:18:21:  0, 0, 0, 0, 0, 0, 0, 0, 0, 0, 0
2019-07-22T14:18:21:  0, 0, 0, 0, 0, 0, 0, 0, 0, 0, 0
2019-07-22T14:18:21:  0, 0, 7.16157414967197e-40, 5.18290443978802e-23, -5.12409461088264e-14, 0, 0, -3.36139025691535e-24, -7.70391849548312e-25, 0, 0
2019-07-22T14:18:21:  0, 0, 5.18290443978801e-23, 6.47667319233109e-05, -22580.8145747362, 0, 0, 1.86500891687969e-07, -6.36220267580384e-07, 0, 0
2019-07-22T14:18:21:  0, 0, -5.12409461088264e-14, -22580.8145747362, 17622679678990.3, 0, 0, 34.7852217728087, 197.440536502838, 0, 0
2019-07-22T14:18:21:  0, 0, 0, 0, 0, 0, 0, 0, 0, 0, 0
2019-07-22T14:18:21:  0, 0, 0, 0, 0, 0, 0, 0, 0, 0, 0
2019-07-22T14:18:21:  0, 0, -3.36139025691535e-24, 1.86500891687969e-07, 34.7852217728088, 0, 0, 1.95171655229205e-05, 1.03579299607479e-05, 0, 0
2019-07-22T14:18:21:  0, 0, -7.70391849548314e-25, -6.36220267580384e-07, 197.440536502838, 0, 0, 1.03579299607479e-05, 6.63345420510046e-06, 0, 0
2019-07-22T14:18:21:  0, 0, 0, 0, 0, 0, 0, 0, 0, 0, 0
2019-07-22T14:18:21:  0, 0, 0, 0, 0, 0, 0, 0, 0, 0, 0
2019-07-22T14:18:21: 
2019-07-22T14:18:21: +===============================+
2019-07-22T14:18:21: | Prepare butterfly computation |
2019-07-22T14:18:21: +===============================+
2019-07-22T14:18:21:  Confidence level ..........: 0.68
2019-07-22T14:18:21:  Corresponding scaling .....: 0.994458
2019-07-22T14:18:21: 
2019-07-22T14:18:21: +====================+
2019-07-22T14:18:21: | Generate butterfly |
2019-07-22T14:18:21: +====================+
2019-07-22T14:18:21: 
2019-07-22T14:18:21: +=========+
2019-07-22T14:18:21: | Results |
2019-07-22T14:18:21: +=========+
2019-07-22T14:18:21:  Intensity at 112606.251051226 MeV : 2.34900112581662e-16 (2.30747440457503e-16, 2.39052784705822e-16) ph/cm2/s/MeV
2019-07-22T14:18:21:  Intensity at 142786.615593472 MeV : 1.46038137042811e-16 (1.43692319661959e-16, 1.48383954423664e-16) ph/cm2/s/MeV
2019-07-22T14:18:21:  Intensity at 181055.824186555 MeV : 9.07781340753785e-17 (8.94606373868588e-17, 9.20956307638981e-17) ph/cm2/s/MeV
2019-07-22T14:18:21:  Intensity at 229581.822747338 MeV : 5.64169855895173e-17 (5.56807200333118e-17, 5.71532511457229e-17) ph/cm2/s/MeV
2019-07-22T14:18:21:  Intensity at 291113.603071291 MeV : 3.50533090029672e-17 (3.46430820228186e-17, 3.54635359831157e-17) ph/cm2/s/MeV
2019-07-22T14:18:21:  Intensity at 369136.932876502 MeV : 2.17725521411844e-17 (2.15437324080695e-17, 2.20013718742994e-17) ph/cm2/s/MeV
2019-07-22T14:18:21:  Intensity at 468071.824112259 MeV : 1.35180367920208e-17 (1.33893519767554e-17, 1.36467216072862e-17) ph/cm2/s/MeV
2019-07-22T14:18:21:  Intensity at 593522.926087366 MeV : 8.38870063195413e-18 (8.31497372313043e-18, 8.46242754077784e-18) ph/cm2/s/MeV
2019-07-22T14:18:21:  Intensity at 752597.028157849 MeV : 5.20226810136547e-18 (5.15873621203363e-18, 5.24579999069731e-18) ph/cm2/s/MeV
2019-07-22T14:18:21:  Intensity at 954305.65846188 MeV : 3.22353112058275e-18 (3.19683901745135e-18, 3.25022322371415e-18) ph/cm2/s/MeV
2019-07-22T14:18:21:  Intensity at 1210075.58587031 MeV : 1.99533544591719e-18 (1.97836011465059e-18, 2.01231077718379e-18) ph/cm2/s/MeV
2019-07-22T14:18:21:  Intensity at 1534396.14502492 MeV : 1.23345386410883e-18 (1.22236390515007e-18, 1.24454382306758e-18) ph/cm2/s/MeV
2019-07-22T14:18:21:  Intensity at 1945640.05534746 MeV : 7.6119895406651e-19 (7.53850735347539e-19, 7.68547172785482e-19) ph/cm2/s/MeV
2019-07-22T14:18:21:  Intensity at 2467104.23331454 MeV : 4.68754687441914e-19 (4.63870768758336e-19, 4.73638606125491e-19) ph/cm2/s/MeV
2019-07-22T14:18:21:  Intensity at 3128329.55988436 MeV : 2.87883356408033e-19 (2.84652227054975e-19, 2.91114485761091e-19) ph/cm2/s/MeV
2019-07-22T14:18:21:  Intensity at 3966774.36773649 MeV : 1.76195844197749e-19 (1.74077656609273e-19, 1.78314031786224e-19) ph/cm2/s/MeV
2019-07-22T14:18:21:  Intensity at 5029936.45116879 MeV : 1.0737003584484e-19 (1.05996880078747e-19, 1.08743191610934e-19) ph/cm2/s/MeV
2019-07-22T14:18:21:  Intensity at 6378043.81024912 MeV : 6.50686611883559e-20 (6.41880424302527e-20, 6.59492799464592e-20) ph/cm2/s/MeV
2019-07-22T14:18:21:  Intensity at 8087466.55954362 MeV : 3.91578733514437e-20 (3.85972637591415e-20, 3.97184829437459e-20) ph/cm2/s/MeV
2019-07-22T14:18:21:  Intensity at 10255043.285628 MeV : 2.33565983041004e-20 (2.29996003669693e-20, 2.37135962412316e-20) ph/cm2/s/MeV
2019-07-22T14:18:21:  Intensity at 13003566.9409974 MeV : 1.37755733895401e-20 (1.35453620336276e-20, 1.40057847454526e-20) ph/cm2/s/MeV
2019-07-22T14:18:21:  Intensity at 16488741.0495845 MeV : 8.00956015442796e-21 (7.85720520581239e-21, 8.16191510304353e-21) ph/cm2/s/MeV
2019-07-22T14:18:21:  Intensity at 20908000.2920645 MeV : 4.57345634306981e-21 (4.46936848634173e-21, 4.6775441997979e-21) ph/cm2/s/MeV
2019-07-22T14:18:21:  Intensity at 26511695.1560098 MeV : 2.55217147229399e-21 (2.47939876274802e-21, 2.62494418183996e-21) ph/cm2/s/MeV
2019-07-22T14:18:21:  Intensity at 33617274.2599379 MeV : 1.3833508040713e-21 (1.33232895741502e-21, 1.43437265072759e-21) ph/cm2/s/MeV
2019-07-22T14:18:21:  Intensity at 42627267.7781488 MeV : 7.22642461825655e-22 (6.87588972645351e-22, 7.57695951005959e-22) ph/cm2/s/MeV
2019-07-22T14:18:21:  Intensity at 54052090.7251378 MeV : 3.60235604558252e-22 (3.37124720106799e-22, 3.83346489009706e-22) ph/cm2/s/MeV
2019-07-22T14:18:21:  Intensity at 68538957.9028144 MeV : 1.69228520871264e-22 (1.5487855593915e-22, 1.83578485803378e-22) ph/cm2/s/MeV
2019-07-22T14:18:21:  Intensity at 86908548.5386981 MeV : 7.37353564962307e-23 (6.55006791461124e-23, 8.19700338463489e-23) ph/cm2/s/MeV
2019-07-22T14:18:21:  Intensity at 110201497.662297 MeV : 2.92033897656709e-23 (2.49279497851414e-23, 3.34788297462005e-23) ph/cm2/s/MeV
2019-07-22T14:18:21:  Intensity at 139737347.950364 MeV : 1.02479763158584e-23 (8.29049669318821e-24, 1.22054559385286e-23) ph/cm2/s/MeV
2019-07-22T14:18:21:  Intensity at 177189301.655759 MeV : 3.08464607808718e-24 (2.31930902579871e-24, 3.84998313037565e-24) ph/cm2/s/MeV
2019-07-22T14:18:21: 
2019-07-22T14:18:21: +========================+
2019-07-22T14:18:21: | Save Butterfly diagram |
2019-07-22T14:18:21: +========================+
2019-07-22T14:18:21:  Butterfly file ............: /cta/carli/CPPM_Internship/Simulations_and_Analyses/minus_constant_AEff_South_z40_50h/source1d/butterfly_binned.ascii
2019-07-22T14:18:21: 
2019-07-22T14:18:21: Application "ctbutterfly" terminated after 33 wall clock seconds, consuming 33.89 seconds of CPU time.
