2019-07-22T15:11:01: ********************************************************************************
2019-07-22T15:11:01: *                                    ctmodel                                   *
2019-07-22T15:11:01: * ---------------------------------------------------------------------------- *
2019-07-22T15:11:01: * Version: 1.6.0                                                               *
2019-07-22T15:11:01: ********************************************************************************
2019-07-22T15:11:01: +============+
2019-07-22T15:11:01: | Parameters |
2019-07-22T15:11:01: +============+
2019-07-22T15:11:01:  inobs .....................: /cta/carli/CPPM_Internship/Simulations_and_Analyses/minus_constant_AEff_South_z40_50h/source2b/obs_cube.fits
2019-07-22T15:11:01:  incube ....................: /cta/carli/CPPM_Internship/Simulations_and_Analyses/minus_constant_AEff_South_z40_50h/source2b/obs_cube.fits
2019-07-22T15:11:01:  inmodel ...................: /cta/carli/CPPM_Internship/Simulations_and_Analyses/minus_constant_AEff_South_z40_50h/source2b/obsmodel_binned.xml
2019-07-22T15:11:01:  expcube ...................: /cta/carli/CPPM_Internship/Simulations_and_Analyses/minus_constant_AEff_South_z40_50h/source2b/exposure_cube.fits
2019-07-22T15:11:01:  psfcube ...................: /cta/carli/CPPM_Internship/Simulations_and_Analyses/minus_constant_AEff_South_z40_50h/source2b/PSF_cube.fits
2019-07-22T15:11:01:  edispcube .................: /cta/carli/CPPM_Internship/Simulations_and_Analyses/minus_constant_AEff_South_z40_50h/source2b/edisp_cube.fits
2019-07-22T15:11:01:  bkgcube ...................: /cta/carli/CPPM_Internship/Simulations_and_Analyses/minus_constant_AEff_South_z40_50h/source2b/background_cube.fits
2019-07-22T15:11:01:  caldb .....................: prod3b-v2
2019-07-22T15:11:01:  irf .......................: minus_constant_AEff_South_z40_50h
2019-07-22T15:11:01:  edisp .....................: yes
2019-07-22T15:11:01:  outcube ...................: /cta/carli/CPPM_Internship/Simulations_and_Analyses/minus_constant_AEff_South_z40_50h/source2b/obsmodel_cube.fits
2019-07-22T15:11:01:  ra ........................: 84.1331
2019-07-22T15:11:01:  dec .......................: 22.0145
2019-07-22T15:11:01:  rad .......................: 0.8
2019-07-22T15:11:01:  tmin ......................: 0
2019-07-22T15:11:01:  tmax ......................: 144000
2019-07-22T15:11:01:  deadc .....................: 0.98
2019-07-22T15:11:01:  ebinalg ...................: LOG
2019-07-22T15:11:01:  emin ......................: 0.1
2019-07-22T15:11:01:  emax ......................: 199.526229858398
2019-07-22T15:11:01:  enumbins ..................: 32
2019-07-22T15:11:01:  ebinfile ..................: [not queried]
2019-07-22T15:11:01:  usepnt ....................: yes
2019-07-22T15:11:01:  nxpix .....................: 80
2019-07-22T15:11:01:  nypix .....................: 80
2019-07-22T15:11:01:  binsz .....................: 0.02
2019-07-22T15:11:01:  coordsys ..................: [not queried]
2019-07-22T15:11:01:  proj ......................: [not queried]
2019-07-22T15:11:01:  xref ......................: [not queried]
2019-07-22T15:11:01:  yref ......................: [not queried]
2019-07-22T15:11:01:  nthreads ..................: 0
2019-07-22T15:11:01:  publish ...................: no
2019-07-22T15:11:01:  chatter ...................: 4
2019-07-22T15:11:01:  clobber ...................: yes
2019-07-22T15:11:01:  debug .....................: no
2019-07-22T15:11:01:  mode ......................: ql
2019-07-22T15:11:01:  logfile ...................: ctmodel.log
2019-07-22T15:11:01: 
2019-07-22T15:11:01: +===================+
2019-07-22T15:11:01: | Input observation |
2019-07-22T15:11:01: +===================+
2019-07-22T15:11:01: === GObservations ===
2019-07-22T15:11:01:  Number of observations ....: 1
2019-07-22T15:11:01:  Number of models ..........: 2
2019-07-22T15:11:01:  Number of observed events .: 314444
2019-07-22T15:11:01:  Number of predicted events : 0
2019-07-22T15:11:01: === GCTAObservation ===
2019-07-22T15:11:01:  Name ......................: 
2019-07-22T15:11:01:  Identifier ................: 000001
2019-07-22T15:11:01:  Instrument ................: CTA
2019-07-22T15:11:01:  Event file ................: /cta/carli/CPPM_Internship/Simulations_and_Analyses/minus_constant_AEff_South_z40_50h/source2b/obs_cube.fits
2019-07-22T15:11:01:  Event type ................: CountsCube
2019-07-22T15:11:01:  Statistic .................: cstat
2019-07-22T15:11:01:  Ontime ....................: 144000 s
2019-07-22T15:11:01:  Livetime ..................: 141120 s
2019-07-22T15:11:01:  Deadtime correction .......: 0.98
2019-07-22T15:11:01:  User energy range .........: undefined
2019-07-22T15:11:01: === GCTAPointing ===
2019-07-22T15:11:01:  Pointing direction ........: (RA,Dec)=(84.1331,22.0145)
2019-07-22T15:11:01: === GCTAResponseCube ===
2019-07-22T15:11:01:  Energy dispersion .........: Used
2019-07-22T15:11:01: === GCTACubeExposure ===
2019-07-22T15:11:01:  Filename ..................: /cta/carli/CPPM_Internship/Simulations_and_Analyses/minus_constant_AEff_South_z40_50h/source2b/exposure_cube.fits
2019-07-22T15:11:01:  Livetime ..................: 141120 sec
2019-07-22T15:11:01: === GEnergies ===
2019-07-22T15:11:01:  Number of energies ........: 33
2019-07-22T15:11:01: === GGti ===
2019-07-22T15:11:01:  Number of intervals .......: 1
2019-07-22T15:11:01:  Ontime ....................: 144000 sec
2019-07-22T15:11:01:  Elapsed time ..............: 144000 sec
2019-07-22T15:11:01:  MJD range .................: 51544.5 - 51546.1666666667 s (TT)
2019-07-22T15:11:01:  UTC range .................: 2000-01-01T11:58:56 - 2000-01-03T03:58:56 s (TT)
2019-07-22T15:11:01:  Reference MJD .............: 51544.5
2019-07-22T15:11:01: === GSkyMap ===
2019-07-22T15:11:01:  Number of pixels ..........: 6400
2019-07-22T15:11:01:  X axis dimension ..........: 80
2019-07-22T15:11:01:  Y axis dimension ..........: 80
2019-07-22T15:11:01:  Number of maps ............: 33
2019-07-22T15:11:01:  Shape of maps .............: (33)
2019-07-22T15:11:01: === GCTACubePsf ===
2019-07-22T15:11:01:  Filename ..................: /cta/carli/CPPM_Internship/Simulations_and_Analyses/minus_constant_AEff_South_z40_50h/source2b/PSF_cube.fits
2019-07-22T15:11:01: === GEnergies ===
2019-07-22T15:11:01:  Number of energies ........: 33
2019-07-22T15:11:01:  Number of delta bins ......: 200
2019-07-22T15:11:01:  Delta range ...............: 1.875e-06 - 0.298501875 deg
2019-07-22T15:11:01: === GSkyMap ===
2019-07-22T15:11:01:  Number of pixels ..........: 1
2019-07-22T15:11:01:  X axis dimension ..........: 1
2019-07-22T15:11:01:  Y axis dimension ..........: 1
2019-07-22T15:11:01:  Number of maps ............: 6600
2019-07-22T15:11:01:  Shape of maps .............: (200, 33)
2019-07-22T15:11:01: === GCTACubeEdisp ===
2019-07-22T15:11:01:  Filename ..................: /cta/carli/CPPM_Internship/Simulations_and_Analyses/minus_constant_AEff_South_z40_50h/source2b/edisp_cube.fits
2019-07-22T15:11:01: === GEnergies ===
2019-07-22T15:11:01:  Number of energies ........: 33
2019-07-22T15:11:01:  Number of migra bins ......: 100
2019-07-22T15:11:01:  Migra range ...............: 0.02 - 2
2019-07-22T15:11:01: === GSkyMap ===
2019-07-22T15:11:01:  Number of pixels ..........: 1
2019-07-22T15:11:01:  X axis dimension ..........: 1
2019-07-22T15:11:01:  Y axis dimension ..........: 1
2019-07-22T15:11:01:  Number of maps ............: 3300
2019-07-22T15:11:01:  Shape of maps .............: (100, 33)
2019-07-22T15:11:01: === GCTACubeBackground ===
2019-07-22T15:11:01:  Filename ..................: /cta/carli/CPPM_Internship/Simulations_and_Analyses/minus_constant_AEff_South_z40_50h/source2b/background_cube.fits
2019-07-22T15:11:01: === GEbounds ===
2019-07-22T15:11:01:  Number of intervals .......: 32
2019-07-22T15:11:01:  Energy range ..............: 100 GeV - 199.526229858398 TeV
2019-07-22T15:11:01: === GSkyMap ===
2019-07-22T15:11:01:  Number of pixels ..........: 6400
2019-07-22T15:11:01:  X axis dimension ..........: 80
2019-07-22T15:11:01:  Y axis dimension ..........: 80
2019-07-22T15:11:01:  Number of maps ............: 32
2019-07-22T15:11:01:  Shape of maps .............: (32)
2019-07-22T15:11:01: === GCTAResponseCache ===
2019-07-22T15:11:01:  Number of cached values ...: 0
2019-07-22T15:11:01: === GCTAEventCube ===
2019-07-22T15:11:01:  Number of events ..........: 314444
2019-07-22T15:11:01:  Number of elements ........: 204800
2019-07-22T15:11:01:  Number of pixels ..........: 6400
2019-07-22T15:11:01:  Number of energy bins .....: 32
2019-07-22T15:11:01:  Time interval .............: 51544.5 - 51546.1666666667 days
2019-07-22T15:11:01:  Pointing ..................: (RA,Dec)=(84.1331,22.0145)
2019-07-22T15:11:01: === GEbounds ===
2019-07-22T15:11:01:  Number of intervals .......: 32
2019-07-22T15:11:01:  Energy range ..............: 100 GeV - 199.526229858398 TeV
2019-07-22T15:11:01: === GSkyMap ===
2019-07-22T15:11:01:  Number of pixels ..........: 6400
2019-07-22T15:11:01:  X axis dimension ..........: 80
2019-07-22T15:11:01:  Y axis dimension ..........: 80
2019-07-22T15:11:01:  Number of maps ............: 32
2019-07-22T15:11:01:  Shape of maps .............: (32)
2019-07-22T15:11:01: === GSkyRegions ===
2019-07-22T15:11:01:  Number of regions .........: 0
2019-07-22T15:11:01: === GModels ===
2019-07-22T15:11:01:  Number of models ..........: 2
2019-07-22T15:11:01:  Number of parameters ......: 11
2019-07-22T15:11:01: === GModelSky ===
2019-07-22T15:11:01:  Name ......................: source2b
2019-07-22T15:11:01:  Instruments ...............: all
2019-07-22T15:11:01:  Test Statistic ............: 38315.064
2019-07-22T15:11:01:  Observation identifiers ...: all
2019-07-22T15:11:01:  Model type ................: PointSource
2019-07-22T15:11:01:  Model components ..........: "PointSource" * "ExponentialCutoffPowerLaw" * "Constant"
2019-07-22T15:11:01:  Number of parameters ......: 7
2019-07-22T15:11:01:  Number of spatial par's ...: 2
2019-07-22T15:11:01:   RA .......................: 83.6331 [-360,360] deg (fixed,scale=1)
2019-07-22T15:11:01:   DEC ......................: 22.0145 [-90,90] deg (fixed,scale=1)
2019-07-22T15:11:01:  Number of spectral par's ..: 4
2019-07-22T15:11:01:   Prefactor ................: 1.52782748259297e-18 +/- 1.87692706047519e-20 [1e-25,1e-15] ph/cm2/s/MeV (free,scale=1e-18,gradient)
2019-07-22T15:11:01:   Index ....................: -1.99762689170324 +/- 0.0109388218839187 [-0,-5]  (free,scale=-1,gradient)
2019-07-22T15:11:01:   CutoffEnergy .............: 114255994.074528 +/- 20086948.4181916 [1000000,100000000000] MeV (free,scale=100000000,gradient)
2019-07-22T15:11:01:   PivotEnergy ..............: 1000000 [10000,1000000000] MeV (fixed,scale=1000000,gradient)
2019-07-22T15:11:01:  Number of temporal par's ..: 1
2019-07-22T15:11:01:   Normalization ............: 1 (relative value) (fixed,scale=1,gradient)
2019-07-22T15:11:01:  Number of scale par's .....: 0
2019-07-22T15:11:01: === GCTAModelCubeBackground ===
2019-07-22T15:11:01:  Name ......................: BackgroundModel
2019-07-22T15:11:01:  Instruments ...............: CTA, HESS, MAGIC, VERITAS
2019-07-22T15:11:01:  Observation identifiers ...: all
2019-07-22T15:11:01:  Model type ................: "PowerLaw" * "Constant"
2019-07-22T15:11:01:  Number of parameters ......: 4
2019-07-22T15:11:01:  Number of spectral par's ..: 3
2019-07-22T15:11:01:   Prefactor ................: 0.992985278967904 +/- 0.00441306011508465 [0.01,100] ph/cm2/s/MeV (free,scale=1,gradient)
2019-07-22T15:11:01:   Index ....................: -0.00364474926902447 +/- 0.00257041573549685 [-5,5]  (free,scale=1,gradient)
2019-07-22T15:11:01:   PivotEnergy ..............: 1000000 MeV (fixed,scale=1000000,gradient)
2019-07-22T15:11:01:  Number of temporal par's ..: 1
2019-07-22T15:11:01:   Normalization ............: 1 (relative value) (fixed,scale=1,gradient)
2019-07-22T15:11:01: 
2019-07-22T15:11:01: +==============+
2019-07-22T15:11:01: | Input models |
2019-07-22T15:11:01: +==============+
2019-07-22T15:11:01: === GModels ===
2019-07-22T15:11:01:  Number of models ..........: 2
2019-07-22T15:11:01:  Number of parameters ......: 11
2019-07-22T15:11:01: === GModelSky ===
2019-07-22T15:11:01:  Name ......................: source2b
2019-07-22T15:11:01:  Instruments ...............: all
2019-07-22T15:11:01:  Test Statistic ............: 38315.064
2019-07-22T15:11:01:  Observation identifiers ...: all
2019-07-22T15:11:01:  Model type ................: PointSource
2019-07-22T15:11:01:  Model components ..........: "PointSource" * "ExponentialCutoffPowerLaw" * "Constant"
2019-07-22T15:11:01:  Number of parameters ......: 7
2019-07-22T15:11:01:  Number of spatial par's ...: 2
2019-07-22T15:11:01:   RA .......................: 83.6331 [-360,360] deg (fixed,scale=1)
2019-07-22T15:11:01:   DEC ......................: 22.0145 [-90,90] deg (fixed,scale=1)
2019-07-22T15:11:01:  Number of spectral par's ..: 4
2019-07-22T15:11:01:   Prefactor ................: 1.52782748259297e-18 +/- 1.87692706047519e-20 [1e-25,1e-15] ph/cm2/s/MeV (free,scale=1e-18,gradient)
2019-07-22T15:11:01:   Index ....................: -1.99762689170324 +/- 0.0109388218839187 [-0,-5]  (free,scale=-1,gradient)
2019-07-22T15:11:01:   CutoffEnergy .............: 114255994.074528 +/- 20086948.4181916 [1000000,100000000000] MeV (free,scale=100000000,gradient)
2019-07-22T15:11:01:   PivotEnergy ..............: 1000000 [10000,1000000000] MeV (fixed,scale=1000000,gradient)
2019-07-22T15:11:01:  Number of temporal par's ..: 1
2019-07-22T15:11:01:   Normalization ............: 1 (relative value) (fixed,scale=1,gradient)
2019-07-22T15:11:01:  Number of scale par's .....: 0
2019-07-22T15:11:01: === GCTAModelCubeBackground ===
2019-07-22T15:11:01:  Name ......................: BackgroundModel
2019-07-22T15:11:01:  Instruments ...............: CTA, HESS, MAGIC, VERITAS
2019-07-22T15:11:01:  Observation identifiers ...: all
2019-07-22T15:11:01:  Model type ................: "PowerLaw" * "Constant"
2019-07-22T15:11:01:  Number of parameters ......: 4
2019-07-22T15:11:01:  Number of spectral par's ..: 3
2019-07-22T15:11:01:   Prefactor ................: 0.992985278967904 +/- 0.00441306011508465 [0.01,100] ph/cm2/s/MeV (free,scale=1,gradient)
2019-07-22T15:11:01:   Index ....................: -0.00364474926902447 +/- 0.00257041573549685 [-5,5]  (free,scale=1,gradient)
2019-07-22T15:11:01:   PivotEnergy ..............: 1000000 MeV (fixed,scale=1000000,gradient)
2019-07-22T15:11:01:  Number of temporal par's ..: 1
2019-07-22T15:11:01:   Normalization ............: 1 (relative value) (fixed,scale=1,gradient)
2019-07-22T15:11:01: 
2019-07-22T15:11:01: +=====================+
2019-07-22T15:11:01: | Generate model cube |
2019-07-22T15:11:01: +=====================+
2019-07-22T15:11:08: === CTA observation (id=000001) ===
2019-07-22T15:11:08:  Model events in cube ......: 312676
2019-07-22T15:11:08:  Bins outside energy range .: 0
2019-07-22T15:11:08:  Bins outside RoI ..........: 0
2019-07-22T15:11:08: +------------+
2019-07-22T15:11:08: | Model cube |
2019-07-22T15:11:08: +------------+
2019-07-22T15:11:08: === GCTAEventCube ===
2019-07-22T15:11:08:  Number of events ..........: 312676
2019-07-22T15:11:08:  Number of elements ........: 204800
2019-07-22T15:11:08:  Number of pixels ..........: 6400
2019-07-22T15:11:08:  Number of energy bins .....: 32
2019-07-22T15:11:08:  Time interval .............: 51544.5 - 51546.1666666667 days
2019-07-22T15:11:08:  Pointing ..................: (RA,Dec)=(84.1331,22.0145)
2019-07-22T15:11:08: === GEbounds ===
2019-07-22T15:11:08:  Number of intervals .......: 32
2019-07-22T15:11:08:  Energy range ..............: 100 GeV - 199.526229858398 TeV
2019-07-22T15:11:08:  Energy interval 0 .........: 100 GeV - 126.801677758117 GeV
2019-07-22T15:11:08:  Energy interval 1 .........: 126.801677758117 GeV - 160.786654822733 GeV
2019-07-22T15:11:08:  Energy interval 2 .........: 160.786654822733 GeV - 203.880175926378 GeV
2019-07-22T15:11:08:  Energy interval 3 .........: 203.880175926378 GeV - 258.523483690848 GeV
2019-07-22T15:11:08:  Energy interval 4 .........: 258.523483690848 GeV - 327.812114718727 GeV
2019-07-22T15:11:08:  Energy interval 5 .........: 327.812114718727 GeV - 415.671261357709 GeV
2019-07-22T15:11:08:  Energy interval 6 .........: 415.671261357709 GeV - 527.078133359902 GeV
2019-07-22T15:11:08:  Energy interval 7 .........: 527.078133359902 GeV - 668.343916196521 GeV
2019-07-22T15:11:08:  Energy interval 8 .........: 668.343916196521 GeV - 847.471298931492 GeV
2019-07-22T15:11:08:  Energy interval 9 .........: 847.471298931492 GeV - 1.07460782556364 TeV
2019-07-22T15:11:08:  Energy interval 10 ........: 1.07460782556364 TeV - 1.36262075213471 TeV
2019-07-22T15:11:08:  Energy interval 11 ........: 1.36262075213471 TeV - 1.72782597518709 TeV
2019-07-22T15:11:08:  Energy interval 12 ........: 1.72782597518709 TeV - 2.19091232527777 TeV
2019-07-22T15:11:08:  Energy interval 13 ........: 2.19091232527777 TeV - 2.77811358666159 TeV
2019-07-22T15:11:08:  Energy interval 14 ........: 2.77811358666159 TeV - 3.5226946379131 TeV
2019-07-22T15:11:08:  Energy interval 15 ........: 3.5226946379131 TeV - 4.46683590316902 TeV
2019-07-22T15:11:08:  Energy interval 16 ........: 4.46683590316902 TeV - 5.66402286792025 TeV
2019-07-22T15:11:08:  Energy interval 17 ........: 5.66402286792025 TeV - 7.18207602512629 TeV
2019-07-22T15:11:08:  Energy interval 18 ........: 7.18207602512629 TeV - 9.10699289772362 TeV
2019-07-22T15:11:08:  Energy interval 19 ........: 9.10699289772362 TeV - 11.5478197876261 TeV
2019-07-22T15:11:08:  Energy interval 20 ........: 11.5478197876261 TeV - 14.6428292351937 TeV
2019-07-22T15:11:08:  Energy interval 21 ........: 14.6428292351937 TeV - 18.5673531414817 TeV
2019-07-22T15:11:08:  Energy interval 22 ........: 18.5673531414817 TeV - 23.5437152986732 TeV
2019-07-22T15:11:08:  Energy interval 23 ........: 23.5437152986732 TeV - 29.8538260053121 TeV
2019-07-22T15:11:08:  Energy interval 24 ........: 29.8538260053121 TeV - 37.8551522497248 TeV
2019-07-22T15:11:08:  Energy interval 25 ........: 37.8551522497248 TeV - 48.0009681705405 TeV
2019-07-22T15:11:08:  Energy interval 26 ........: 48.0009681705405 TeV - 60.8660329803851 TeV
2019-07-22T15:11:08:  Energy interval 27 ........: 60.8660329803851 TeV - 77.1791510039371 TeV
2019-07-22T15:11:08:  Energy interval 28 ........: 77.1791510039371 TeV - 97.8644583524627 TeV
2019-07-22T15:11:08:  Energy interval 29 ........: 97.8644583524627 TeV - 124.093775119817 TeV
2019-07-22T15:11:08:  Energy interval 30 ........: 124.093775119817 TeV - 157.352988845312 TeV
2019-07-22T15:11:08:  Energy interval 31 ........: 157.352988845312 TeV - 199.526229858398 TeV
2019-07-22T15:11:08: === GSkyMap ===
2019-07-22T15:11:08:  Number of pixels ..........: 6400
2019-07-22T15:11:08:  X axis dimension ..........: 80
2019-07-22T15:11:08:  Y axis dimension ..........: 80
2019-07-22T15:11:08:  Number of maps ............: 32
2019-07-22T15:11:08:  Shape of maps .............: (32)
2019-07-22T15:11:08: === GWcsTAN ===
2019-07-22T15:11:08:  Number of axes ............: 2
2019-07-22T15:11:08:  Coodinate system ..........: GAL
2019-07-22T15:11:08:  Projection code ...........: TAN
2019-07-22T15:11:08:  Projection name ...........: gnomonic
2019-07-22T15:11:08:  Reference coordinate ......: (184.806062, -5.3923557125)
2019-07-22T15:11:08:  Reference pixel ...........: (40.5, 40.5)
2019-07-22T15:11:08:  Increment at reference ....: (-0.02, 0.02)
2019-07-22T15:11:08:  (Phi_0, Theta_0) ..........: (0, 90) deg
2019-07-22T15:11:08:  (Phi_p, Theta_p) ..........: (180, -5.3923557125) deg
2019-07-22T15:11:08: 
2019-07-22T15:11:08: +============+
2019-07-22T15:11:08: | Model cube |
2019-07-22T15:11:08: +============+
2019-07-22T15:11:08: === GCTAEventCube ===
2019-07-22T15:11:08:  Number of events ..........: 312676
2019-07-22T15:11:08:  Number of elements ........: 204800
2019-07-22T15:11:08:  Number of pixels ..........: 6400
2019-07-22T15:11:08:  Number of energy bins .....: 32
2019-07-22T15:11:08:  Time interval .............: 51544.5 - 51546.1666666667 days
2019-07-22T15:11:08:  Pointing ..................: (RA,Dec)=(84.1331,22.0145)
2019-07-22T15:11:08: === GEbounds ===
2019-07-22T15:11:08:  Number of intervals .......: 32
2019-07-22T15:11:08:  Energy range ..............: 100 GeV - 199.526229858398 TeV
2019-07-22T15:11:08: === GSkyMap ===
2019-07-22T15:11:08:  Number of pixels ..........: 6400
2019-07-22T15:11:08:  X axis dimension ..........: 80
2019-07-22T15:11:08:  Y axis dimension ..........: 80
2019-07-22T15:11:08:  Number of maps ............: 32
2019-07-22T15:11:08:  Shape of maps .............: (32)
2019-07-22T15:11:08: 
2019-07-22T15:11:08: +=================+
2019-07-22T15:11:08: | Save model cube |
2019-07-22T15:11:08: +=================+
2019-07-22T15:11:08:  Model cube file ...........: /cta/carli/CPPM_Internship/Simulations_and_Analyses/minus_constant_AEff_South_z40_50h/source2b/obsmodel_cube.fits
2019-07-22T15:11:08: 
2019-07-22T15:11:08: Application "ctmodel" terminated after 7 wall clock seconds, consuming 8.07 seconds of CPU time.
