2019-07-25T13:03:03: ********************************************************************************
2019-07-25T13:03:03: *                                    cterror                                   *
2019-07-25T13:03:03: * ---------------------------------------------------------------------------- *
2019-07-25T13:03:03: * Version: 1.6.0                                                               *
2019-07-25T13:03:03: ********************************************************************************
2019-07-25T13:03:04: +============+
2019-07-25T13:03:04: | Parameters |
2019-07-25T13:03:04: +============+
2019-07-25T13:03:04:  inobs .....................: /cta/carli/CPPM_Internship/Simulations_and_Analyses/minus_constant_AEff_South_z40_50h/source2d/obs_cube.fits
2019-07-25T13:03:04:  inmodel ...................: /cta/carli/CPPM_Internship/Simulations_and_Analyses/minus_constant_AEff_South_z40_50h/source2d/obsmodel_binned.xml
2019-07-25T13:03:04:  srcname ...................: source2d
2019-07-25T13:03:04:  expcube ...................: /cta/carli/CPPM_Internship/Simulations_and_Analyses/minus_constant_AEff_South_z40_50h/source2d/exposure_cube.fits
2019-07-25T13:03:04:  psfcube ...................: /cta/carli/CPPM_Internship/Simulations_and_Analyses/minus_constant_AEff_South_z40_50h/source2d/PSF_cube.fits
2019-07-25T13:03:04:  edispcube .................: /cta/carli/CPPM_Internship/Simulations_and_Analyses/minus_constant_AEff_South_z40_50h/source2d/edisp_cube.fits
2019-07-25T13:03:04:  bkgcube ...................: /cta/carli/CPPM_Internship/Simulations_and_Analyses/minus_constant_AEff_South_z40_50h/source2d/background_cube.fits
2019-07-25T13:03:04:  caldb .....................: prod3b-v2
2019-07-25T13:03:04:  irf .......................: minus_constant_AEff_South_z40_50h
2019-07-25T13:03:04:  edisp .....................: yes
2019-07-25T13:03:04:  outmodel ..................: 
2019-07-25T13:03:04:  confidence ................: 0.95
2019-07-25T13:03:04:  tol .......................: 1e-3
2019-07-25T13:03:04:  statistic .................: DEFAULT
2019-07-25T13:03:04:  like_accuracy .............: 0.005
2019-07-25T13:03:04:  max_iter ..................: 50
2019-07-25T13:03:04:  nthreads ..................: 0
2019-07-25T13:03:04:  chatter ...................: 4
2019-07-25T13:03:04:  clobber ...................: yes
2019-07-25T13:03:04:  debug .....................: no
2019-07-25T13:03:04:  mode ......................: ql
2019-07-25T13:03:04:  logfile ...................: cterror95.log
2019-07-25T13:03:04: 
2019-07-25T13:03:04: +===================+
2019-07-25T13:03:04: | Input observation |
2019-07-25T13:03:04: +===================+
2019-07-25T13:03:04: === GObservations ===
2019-07-25T13:03:04:  Number of observations ....: 1
2019-07-25T13:03:04:  Number of models ..........: 2
2019-07-25T13:03:04:  Number of observed events .: 324858
2019-07-25T13:03:04:  Number of predicted events : 0
2019-07-25T13:03:04: === GCTAObservation ===
2019-07-25T13:03:04:  Name ......................: 
2019-07-25T13:03:04:  Identifier ................: 000001
2019-07-25T13:03:04:  Instrument ................: CTA
2019-07-25T13:03:04:  Event file ................: /cta/carli/CPPM_Internship/Simulations_and_Analyses/minus_constant_AEff_South_z40_50h/source2d/obs_cube.fits
2019-07-25T13:03:04:  Event type ................: CountsCube
2019-07-25T13:03:04:  Statistic .................: cstat
2019-07-25T13:03:04:  Ontime ....................: 144000 s
2019-07-25T13:03:04:  Livetime ..................: 141120 s
2019-07-25T13:03:04:  Deadtime correction .......: 0.98
2019-07-25T13:03:04:  User energy range .........: undefined
2019-07-25T13:03:04: === GCTAPointing ===
2019-07-25T13:03:04:  Pointing direction ........: (RA,Dec)=(84.1331,22.0145)
2019-07-25T13:03:04: === GCTAResponseCube ===
2019-07-25T13:03:04:  Energy dispersion .........: Used
2019-07-25T13:03:04: === GCTACubeExposure ===
2019-07-25T13:03:04:  Filename ..................: /cta/carli/CPPM_Internship/Simulations_and_Analyses/minus_constant_AEff_South_z40_50h/source2d/exposure_cube.fits
2019-07-25T13:03:04:  Livetime ..................: 141120 sec
2019-07-25T13:03:04: === GEnergies ===
2019-07-25T13:03:04:  Number of energies ........: 33
2019-07-25T13:03:04: === GGti ===
2019-07-25T13:03:04:  Number of intervals .......: 1
2019-07-25T13:03:04:  Ontime ....................: 144000 sec
2019-07-25T13:03:04:  Elapsed time ..............: 144000 sec
2019-07-25T13:03:04:  MJD range .................: 51544.5 - 51546.1666666667 s (TT)
2019-07-25T13:03:04:  UTC range .................: 2000-01-01T11:58:56 - 2000-01-03T03:58:56 s (TT)
2019-07-25T13:03:04:  Reference MJD .............: 51544.5
2019-07-25T13:03:04: === GSkyMap ===
2019-07-25T13:03:04:  Number of pixels ..........: 6400
2019-07-25T13:03:04:  X axis dimension ..........: 80
2019-07-25T13:03:04:  Y axis dimension ..........: 80
2019-07-25T13:03:04:  Number of maps ............: 33
2019-07-25T13:03:04:  Shape of maps .............: (33)
2019-07-25T13:03:04: === GCTACubePsf ===
2019-07-25T13:03:04:  Filename ..................: /cta/carli/CPPM_Internship/Simulations_and_Analyses/minus_constant_AEff_South_z40_50h/source2d/PSF_cube.fits
2019-07-25T13:03:04: === GEnergies ===
2019-07-25T13:03:04:  Number of energies ........: 33
2019-07-25T13:03:04:  Number of delta bins ......: 200
2019-07-25T13:03:04:  Delta range ...............: 1.875e-06 - 0.298501875 deg
2019-07-25T13:03:04: === GSkyMap ===
2019-07-25T13:03:04:  Number of pixels ..........: 1
2019-07-25T13:03:04:  X axis dimension ..........: 1
2019-07-25T13:03:04:  Y axis dimension ..........: 1
2019-07-25T13:03:04:  Number of maps ............: 6600
2019-07-25T13:03:04:  Shape of maps .............: (200, 33)
2019-07-25T13:03:04: === GCTACubeEdisp ===
2019-07-25T13:03:04:  Filename ..................: /cta/carli/CPPM_Internship/Simulations_and_Analyses/minus_constant_AEff_South_z40_50h/source2d/edisp_cube.fits
2019-07-25T13:03:04: === GEnergies ===
2019-07-25T13:03:04:  Number of energies ........: 33
2019-07-25T13:03:04:  Number of migra bins ......: 100
2019-07-25T13:03:04:  Migra range ...............: 0.02 - 2
2019-07-25T13:03:04: === GSkyMap ===
2019-07-25T13:03:04:  Number of pixels ..........: 1
2019-07-25T13:03:04:  X axis dimension ..........: 1
2019-07-25T13:03:04:  Y axis dimension ..........: 1
2019-07-25T13:03:04:  Number of maps ............: 3300
2019-07-25T13:03:04:  Shape of maps .............: (100, 33)
2019-07-25T13:03:04: === GCTACubeBackground ===
2019-07-25T13:03:04:  Filename ..................: /cta/carli/CPPM_Internship/Simulations_and_Analyses/minus_constant_AEff_South_z40_50h/source2d/background_cube.fits
2019-07-25T13:03:04: === GEbounds ===
2019-07-25T13:03:04:  Number of intervals .......: 32
2019-07-25T13:03:04:  Energy range ..............: 100 GeV - 199.526229858398 TeV
2019-07-25T13:03:04: === GSkyMap ===
2019-07-25T13:03:04:  Number of pixels ..........: 6400
2019-07-25T13:03:04:  X axis dimension ..........: 80
2019-07-25T13:03:04:  Y axis dimension ..........: 80
2019-07-25T13:03:04:  Number of maps ............: 32
2019-07-25T13:03:04:  Shape of maps .............: (32)
2019-07-25T13:03:04: === GCTAResponseCache ===
2019-07-25T13:03:04:  Number of cached values ...: 0
2019-07-25T13:03:04: === GCTAEventCube ===
2019-07-25T13:03:04:  Number of events ..........: 324858
2019-07-25T13:03:04:  Number of elements ........: 204800
2019-07-25T13:03:04:  Number of pixels ..........: 6400
2019-07-25T13:03:04:  Number of energy bins .....: 32
2019-07-25T13:03:04:  Time interval .............: 51544.5 - 51546.1666666667 days
2019-07-25T13:03:04:  Pointing ..................: (RA,Dec)=(84.1331,22.0145)
2019-07-25T13:03:04: === GEbounds ===
2019-07-25T13:03:04:  Number of intervals .......: 32
2019-07-25T13:03:04:  Energy range ..............: 100 GeV - 199.526229858398 TeV
2019-07-25T13:03:04: === GSkyMap ===
2019-07-25T13:03:04:  Number of pixels ..........: 6400
2019-07-25T13:03:04:  X axis dimension ..........: 80
2019-07-25T13:03:04:  Y axis dimension ..........: 80
2019-07-25T13:03:04:  Number of maps ............: 32
2019-07-25T13:03:04:  Shape of maps .............: (32)
2019-07-25T13:03:04: === GSkyRegions ===
2019-07-25T13:03:04:  Number of regions .........: 0
2019-07-25T13:03:04: === GModels ===
2019-07-25T13:03:04:  Number of models ..........: 2
2019-07-25T13:03:04:  Number of parameters ......: 11
2019-07-25T13:03:04: === GModelSky ===
2019-07-25T13:03:04:  Name ......................: source2d
2019-07-25T13:03:04:  Instruments ...............: all
2019-07-25T13:03:04:  Test Statistic ............: 91971.071
2019-07-25T13:03:04:  Observation identifiers ...: all
2019-07-25T13:03:04:  Model type ................: PointSource
2019-07-25T13:03:04:  Model components ..........: "PointSource" * "ExponentialCutoffPowerLaw" * "Constant"
2019-07-25T13:03:04:  Number of parameters ......: 7
2019-07-25T13:03:04:  Number of spatial par's ...: 2
2019-07-25T13:03:04:   RA .......................: 83.6331 [-360,360] deg (fixed,scale=1)
2019-07-25T13:03:04:   DEC ......................: 22.0145 [-90,90] deg (fixed,scale=1)
2019-07-25T13:03:04:  Number of spectral par's ..: 4
2019-07-25T13:03:04:   Prefactor ................: 3.02052241567935e-18 [1e-25,1e-15] ph/cm2/s/MeV (fixed,scale=1e-18,gradient)
2019-07-25T13:03:04:   Index ....................: -1.99928737511015 [-0,-5]  (fixed,scale=-1,gradient)
2019-07-25T13:03:04:   CutoffEnergy .............: 124892856.2068 +/- 17685678.8074249 [1000000,100000000000] MeV (free,scale=100000000,gradient)
2019-07-25T13:03:04:   PivotEnergy ..............: 1000000 [10000,1000000000] MeV (fixed,scale=1000000,gradient)
2019-07-25T13:03:04:  Number of temporal par's ..: 1
2019-07-25T13:03:04:   Normalization ............: 1 (relative value) (fixed,scale=1,gradient)
2019-07-25T13:03:04:  Number of scale par's .....: 0
2019-07-25T13:03:04: === GCTAModelCubeBackground ===
2019-07-25T13:03:04:  Name ......................: BackgroundModel
2019-07-25T13:03:04:  Instruments ...............: CTA, HESS, MAGIC, VERITAS
2019-07-25T13:03:04:  Observation identifiers ...: all
2019-07-25T13:03:04:  Model type ................: "PowerLaw" * "Constant"
2019-07-25T13:03:04:  Number of parameters ......: 4
2019-07-25T13:03:04:  Number of spectral par's ..: 3
2019-07-25T13:03:04:   Prefactor ................: 0.992861650939276 [0.01,100] ph/cm2/s/MeV (fixed,scale=1,gradient)
2019-07-25T13:03:04:   Index ....................: -0.00372080848451573 [-5,5]  (fixed,scale=1,gradient)
2019-07-25T13:03:04:   PivotEnergy ..............: 1000000 MeV (fixed,scale=1000000,gradient)
2019-07-25T13:03:04:  Number of temporal par's ..: 1
2019-07-25T13:03:04:   Normalization ............: 1 (relative value) (fixed,scale=1,gradient)
2019-07-25T13:03:04: 
2019-07-25T13:03:04: +=============================+
2019-07-25T13:03:04: | Compute best-fit likelihood |
2019-07-25T13:03:04: +=============================+
2019-07-25T13:04:34: === GOptimizerLM ===
2019-07-25T13:04:34:  Optimized function value ..: -347851.983
2019-07-25T13:04:34:  Absolute precision ........: 0.005
2019-07-25T13:04:34:  Acceptable value decrease .: 2
2019-07-25T13:04:34:  Optimization status .......: converged
2019-07-25T13:04:34:  Number of parameters ......: 11
2019-07-25T13:04:34:  Number of free parameters .: 1
2019-07-25T13:04:34:  Number of iterations ......: 1
2019-07-25T13:04:34:  Lambda ....................: 0.0001
2019-07-25T13:04:34:  Maximum log likelihood ....: -347851.983
2019-07-25T13:04:34: === GModels ===
2019-07-25T13:04:34:  Number of models ..........: 2
2019-07-25T13:04:34:  Number of parameters ......: 11
2019-07-25T13:04:34: === GModelSky ===
2019-07-25T13:04:34:  Name ......................: source2d
2019-07-25T13:04:34:  Instruments ...............: all
2019-07-25T13:04:34:  Test Statistic ............: 91971.071
2019-07-25T13:04:34:  Observation identifiers ...: all
2019-07-25T13:04:34:  Model type ................: PointSource
2019-07-25T13:04:34:  Model components ..........: "PointSource" * "ExponentialCutoffPowerLaw" * "Constant"
2019-07-25T13:04:34:  Number of parameters ......: 7
2019-07-25T13:04:34:  Number of spatial par's ...: 2
2019-07-25T13:04:34:   RA .......................: 83.6331 [-360,360] deg (fixed,scale=1)
2019-07-25T13:04:34:   DEC ......................: 22.0145 [-90,90] deg (fixed,scale=1)
2019-07-25T13:04:34:  Number of spectral par's ..: 4
2019-07-25T13:04:34:   Prefactor ................: 3.02052241567935e-18 [1e-25,1e-15] ph/cm2/s/MeV (fixed,scale=1e-18,gradient)
2019-07-25T13:04:34:   Index ....................: -1.99928737511015 [-0,-5]  (fixed,scale=-1,gradient)
2019-07-25T13:04:34:   CutoffEnergy .............: 124901114.376603 +/- 12366442.1241195 [1000000,100000000000] MeV (free,scale=100000000,gradient)
2019-07-25T13:04:34:   PivotEnergy ..............: 1000000 [10000,1000000000] MeV (fixed,scale=1000000,gradient)
2019-07-25T13:04:34:  Number of temporal par's ..: 1
2019-07-25T13:04:34:   Normalization ............: 1 (relative value) (fixed,scale=1,gradient)
2019-07-25T13:04:34:  Number of scale par's .....: 0
2019-07-25T13:04:34: === GCTAModelCubeBackground ===
2019-07-25T13:04:34:  Name ......................: BackgroundModel
2019-07-25T13:04:34:  Instruments ...............: CTA, HESS, MAGIC, VERITAS
2019-07-25T13:04:34:  Observation identifiers ...: all
2019-07-25T13:04:34:  Model type ................: "PowerLaw" * "Constant"
2019-07-25T13:04:34:  Number of parameters ......: 4
2019-07-25T13:04:34:  Number of spectral par's ..: 3
2019-07-25T13:04:34:   Prefactor ................: 0.992861650939276 [0.01,100] ph/cm2/s/MeV (fixed,scale=1,gradient)
2019-07-25T13:04:34:   Index ....................: -0.00372080848451573 [-5,5]  (fixed,scale=1,gradient)
2019-07-25T13:04:34:   PivotEnergy ..............: 1000000 MeV (fixed,scale=1000000,gradient)
2019-07-25T13:04:34:  Number of temporal par's ..: 1
2019-07-25T13:04:34:   Normalization ............: 1 (relative value) (fixed,scale=1,gradient)
2019-07-25T13:04:34: 
2019-07-25T13:04:34: +==============================================================+
2019-07-25T13:04:34: | Compute error for source "source2d" parameter "CutoffEnergy" |
2019-07-25T13:04:34: +==============================================================+
2019-07-25T13:04:34:  Confidence level ..........: 95 %
2019-07-25T13:04:34:  Log-likelihood difference .: 1.92073
2019-07-25T13:04:34:  Initial factor range ......: [0.0123669313540784, 2.48565535617797]
2019-07-25T13:04:44:    Iteration 1 .............: [0.0123669313540784, 1.24901114376603]
2019-07-25T13:04:55:    Iteration 2 .............: [0.630689037560052, 1.24901114376603]
2019-07-25T13:05:05:    Iteration 3 .............: [0.939850090663039, 1.24901114376603]
2019-07-25T13:05:15:    Iteration 4 .............: [0.939850090663039, 1.09443061721453]
2019-07-25T13:05:25:    Iteration 5 .............: [1.01714035393879, 1.09443061721453]
2019-07-25T13:05:35:    Iteration 6 .............: [1.01714035393879, 1.05578548557666]
2019-07-25T13:05:45:    Iteration 7 .............: [1.03646291975772, 1.05578548557666]
2019-07-25T13:05:56:    Iteration 8 .............: [1.03646291975772, 1.04612420266719]
2019-07-25T13:06:06:    Iteration 9 .............: [1.04129356121246, 1.04612420266719]
2019-07-25T13:06:16:    Iteration 10 ............: [1.04129356121246, 1.04370888193982]
2019-07-25T13:06:26:    Iteration 11 ............: [1.04129356121246, 1.04250122157614]
2019-07-25T13:06:36:    Iteration 12 ............: [1.0418973913943, 1.04250122157614]
2019-07-25T13:06:47:    Iteration 13 ............: [1.04219930648522, 1.04250122157614]
2019-07-25T13:06:57:    Iteration 1 .............: [1.24901114376603, 2.48565535617797]
2019-07-25T13:07:07:    Iteration 2 .............: [1.24901114376603, 1.867333249972]
2019-07-25T13:07:18:    Iteration 3 .............: [1.24901114376603, 1.55817219686901]
2019-07-25T13:07:28:    Iteration 4 .............: [1.40359167031752, 1.55817219686901]
2019-07-25T13:07:38:    Iteration 5 .............: [1.48088193359327, 1.55817219686901]
2019-07-25T13:07:49:    Iteration 6 .............: [1.51952706523114, 1.55817219686901]
2019-07-25T13:07:59:    Iteration 7 .............: [1.53884963105008, 1.55817219686901]
2019-07-25T13:08:09:    Iteration 8 .............: [1.53884963105008, 1.54851091395955]
2019-07-25T13:08:19:    Iteration 9 .............: [1.54368027250481, 1.54851091395955]
2019-07-25T13:08:30:    Iteration 10 ............: [1.54368027250481, 1.54609559323218]
2019-07-25T13:08:30:  Lower parameter factor ....: 1.04235
2019-07-25T13:08:30:  Upper parameter factor ....: 1.54489
2019-07-25T13:08:30:  Error from curvature ......: 12366442.1241195 MeV
2019-07-25T13:08:30:  Error from profile ........: 25126883.4418907 MeV
2019-07-25T13:08:30:  Negative profile error ....: 20666087.9735346 MeV
2019-07-25T13:08:30:  Positive profile error ....: 29587678.9102468 MeV
2019-07-25T13:08:30: 
2019-07-25T13:08:30: +==============+
2019-07-25T13:08:30: | Save results |
2019-07-25T13:08:30: +==============+
2019-07-25T13:08:30:  Model definition file .....: NONE
2019-07-25T13:08:30: 
2019-07-25T13:08:30: Application "cterror" terminated after 327 wall clock seconds, consuming 406.94 seconds of CPU time.
