2019-07-22T15:58:30: ********************************************************************************
2019-07-22T15:58:30: *                                    ctlike                                    *
2019-07-22T15:58:30: * ---------------------------------------------------------------------------- *
2019-07-22T15:58:30: * Version: 1.6.0                                                               *
2019-07-22T15:58:30: ********************************************************************************
2019-07-22T15:58:31: +============+
2019-07-22T15:58:31: | Parameters |
2019-07-22T15:58:31: +============+
2019-07-22T15:58:31:  inobs .....................: /cta/carli/CPPM_Internship/Simulations_and_Analyses/South_z40_50h/source2d/obs_cube.fits
2019-07-22T15:58:31:  inmodel ...................: sourcemodel_cube.xml
2019-07-22T15:58:31:  expcube ...................: /cta/carli/CPPM_Internship/Simulations_and_Analyses/South_z40_50h/source2d/exposure_cube.fits
2019-07-22T15:58:31:  psfcube ...................: /cta/carli/CPPM_Internship/Simulations_and_Analyses/South_z40_50h/source2d/PSF_cube.fits
2019-07-22T15:58:31:  edispcube .................: /cta/carli/CPPM_Internship/Simulations_and_Analyses/South_z40_50h/source2d/edisp_cube.fits
2019-07-22T15:58:31:  bkgcube ...................: /cta/carli/CPPM_Internship/Simulations_and_Analyses/South_z40_50h/source2d/background_cube.fits
2019-07-22T15:58:31:  caldb .....................: prod3b-v2
2019-07-22T15:58:31:  irf .......................: South_z40_50h
2019-07-22T15:58:31:  edisp .....................: yes
2019-07-22T15:58:31:  outmodel ..................: /cta/carli/CPPM_Internship/Simulations_and_Analyses/South_z40_50h/source2d/obsmodel_binned.xml
2019-07-22T15:58:31:  outcovmat .................: NONE
2019-07-22T15:58:31:  statistic .................: DEFAULT
2019-07-22T15:58:31:  refit .....................: no
2019-07-22T15:58:31:  like_accuracy .............: 0.005
2019-07-22T15:58:31:  max_iter ..................: 50
2019-07-22T15:58:31:  fix_spat_for_ts ...........: no
2019-07-22T15:58:31:  nthreads ..................: 0
2019-07-22T15:58:31:  chatter ...................: 4
2019-07-22T15:58:31:  clobber ...................: yes
2019-07-22T15:58:31:  debug .....................: no
2019-07-22T15:58:31:  mode ......................: ql
2019-07-22T15:58:31:  logfile ...................: ctlike.log
2019-07-22T15:58:31: 
2019-07-22T15:58:31: +===================+
2019-07-22T15:58:31: | Input observation |
2019-07-22T15:58:31: +===================+
2019-07-22T15:58:31: === GObservations ===
2019-07-22T15:58:31:  Number of observations ....: 1
2019-07-22T15:58:31:  Number of models ..........: 2
2019-07-22T15:58:31:  Number of observed events .: 326038
2019-07-22T15:58:31:  Number of predicted events : 0
2019-07-22T15:58:31: === GCTAObservation ===
2019-07-22T15:58:31:  Name ......................: 
2019-07-22T15:58:31:  Identifier ................: 000001
2019-07-22T15:58:31:  Instrument ................: CTA
2019-07-22T15:58:31:  Event file ................: /cta/carli/CPPM_Internship/Simulations_and_Analyses/South_z40_50h/source2d/obs_cube.fits
2019-07-22T15:58:31:  Event type ................: CountsCube
2019-07-22T15:58:31:  Statistic .................: cstat
2019-07-22T15:58:31:  Ontime ....................: 144000 s
2019-07-22T15:58:31:  Livetime ..................: 141120 s
2019-07-22T15:58:31:  Deadtime correction .......: 0.98
2019-07-22T15:58:31:  User energy range .........: undefined
2019-07-22T15:58:31: === GCTAPointing ===
2019-07-22T15:58:31:  Pointing direction ........: (RA,Dec)=(84.1331,22.0145)
2019-07-22T15:58:31: === GCTAResponseCube ===
2019-07-22T15:58:31:  Energy dispersion .........: Used
2019-07-22T15:58:31: === GCTACubeExposure ===
2019-07-22T15:58:31:  Filename ..................: /cta/carli/CPPM_Internship/Simulations_and_Analyses/South_z40_50h/source2d/exposure_cube.fits
2019-07-22T15:58:31:  Livetime ..................: 141120 sec
2019-07-22T15:58:31: === GEnergies ===
2019-07-22T15:58:31:  Number of energies ........: 33
2019-07-22T15:58:31: === GGti ===
2019-07-22T15:58:31:  Number of intervals .......: 1
2019-07-22T15:58:31:  Ontime ....................: 144000 sec
2019-07-22T15:58:31:  Elapsed time ..............: 144000 sec
2019-07-22T15:58:31:  MJD range .................: 51544.5 - 51546.1666666667 s (TT)
2019-07-22T15:58:31:  UTC range .................: 2000-01-01T11:58:56 - 2000-01-03T03:58:56 s (TT)
2019-07-22T15:58:31:  Reference MJD .............: 51544.5
2019-07-22T15:58:31: === GSkyMap ===
2019-07-22T15:58:31:  Number of pixels ..........: 6400
2019-07-22T15:58:31:  X axis dimension ..........: 80
2019-07-22T15:58:31:  Y axis dimension ..........: 80
2019-07-22T15:58:31:  Number of maps ............: 33
2019-07-22T15:58:31:  Shape of maps .............: (33)
2019-07-22T15:58:31: === GCTACubePsf ===
2019-07-22T15:58:31:  Filename ..................: /cta/carli/CPPM_Internship/Simulations_and_Analyses/South_z40_50h/source2d/PSF_cube.fits
2019-07-22T15:58:31: === GEnergies ===
2019-07-22T15:58:31:  Number of energies ........: 33
2019-07-22T15:58:31:  Number of delta bins ......: 200
2019-07-22T15:58:31:  Delta range ...............: 1.875e-06 - 0.298501875 deg
2019-07-22T15:58:31: === GSkyMap ===
2019-07-22T15:58:31:  Number of pixels ..........: 1
2019-07-22T15:58:31:  X axis dimension ..........: 1
2019-07-22T15:58:31:  Y axis dimension ..........: 1
2019-07-22T15:58:31:  Number of maps ............: 6600
2019-07-22T15:58:31:  Shape of maps .............: (200, 33)
2019-07-22T15:58:31: === GCTACubeEdisp ===
2019-07-22T15:58:31:  Filename ..................: /cta/carli/CPPM_Internship/Simulations_and_Analyses/South_z40_50h/source2d/edisp_cube.fits
2019-07-22T15:58:31: === GEnergies ===
2019-07-22T15:58:31:  Number of energies ........: 33
2019-07-22T15:58:31:  Number of migra bins ......: 100
2019-07-22T15:58:31:  Migra range ...............: 0.02 - 2
2019-07-22T15:58:31: === GSkyMap ===
2019-07-22T15:58:31:  Number of pixels ..........: 1
2019-07-22T15:58:31:  X axis dimension ..........: 1
2019-07-22T15:58:31:  Y axis dimension ..........: 1
2019-07-22T15:58:31:  Number of maps ............: 3300
2019-07-22T15:58:31:  Shape of maps .............: (100, 33)
2019-07-22T15:58:31: === GCTACubeBackground ===
2019-07-22T15:58:31:  Filename ..................: /cta/carli/CPPM_Internship/Simulations_and_Analyses/South_z40_50h/source2d/background_cube.fits
2019-07-22T15:58:31: === GEbounds ===
2019-07-22T15:58:31:  Number of intervals .......: 32
2019-07-22T15:58:31:  Energy range ..............: 100 GeV - 199.526229858398 TeV
2019-07-22T15:58:31: === GSkyMap ===
2019-07-22T15:58:31:  Number of pixels ..........: 6400
2019-07-22T15:58:31:  X axis dimension ..........: 80
2019-07-22T15:58:31:  Y axis dimension ..........: 80
2019-07-22T15:58:31:  Number of maps ............: 32
2019-07-22T15:58:31:  Shape of maps .............: (32)
2019-07-22T15:58:31: === GCTAResponseCache ===
2019-07-22T15:58:31:  Number of cached values ...: 0
2019-07-22T15:58:31: === GCTAEventCube ===
2019-07-22T15:58:31:  Number of events ..........: 326038
2019-07-22T15:58:31:  Number of elements ........: 204800
2019-07-22T15:58:31:  Number of pixels ..........: 6400
2019-07-22T15:58:31:  Number of energy bins .....: 32
2019-07-22T15:58:31:  Time interval .............: 51544.5 - 51546.1666666667 days
2019-07-22T15:58:31:  Pointing ..................: (RA,Dec)=(84.1331,22.0145)
2019-07-22T15:58:31: === GEbounds ===
2019-07-22T15:58:31:  Number of intervals .......: 32
2019-07-22T15:58:31:  Energy range ..............: 100 GeV - 199.526229858398 TeV
2019-07-22T15:58:31: === GSkyMap ===
2019-07-22T15:58:31:  Number of pixels ..........: 6400
2019-07-22T15:58:31:  X axis dimension ..........: 80
2019-07-22T15:58:31:  Y axis dimension ..........: 80
2019-07-22T15:58:31:  Number of maps ............: 32
2019-07-22T15:58:31:  Shape of maps .............: (32)
2019-07-22T15:58:31: === GSkyRegions ===
2019-07-22T15:58:31:  Number of regions .........: 0
2019-07-22T15:58:31: === GModels ===
2019-07-22T15:58:31:  Number of models ..........: 2
2019-07-22T15:58:31:  Number of parameters ......: 11
2019-07-22T15:58:31: === GModelSky ===
2019-07-22T15:58:31:  Name ......................: source2d
2019-07-22T15:58:31:  Instruments ...............: all
2019-07-22T15:58:31:  Test Statistic ............: Computation requested
2019-07-22T15:58:31:  Observation identifiers ...: all
2019-07-22T15:58:31:  Model type ................: PointSource
2019-07-22T15:58:31:  Model components ..........: "PointSource" * "ExponentialCutoffPowerLaw" * "Constant"
2019-07-22T15:58:31:  Number of parameters ......: 7
2019-07-22T15:58:31:  Number of spatial par's ...: 2
2019-07-22T15:58:31:   RA .......................: 83.6331 [-360,360] deg (fixed,scale=1)
2019-07-22T15:58:31:   DEC ......................: 22.0145 [-90,90] deg (fixed,scale=1)
2019-07-22T15:58:31:  Number of spectral par's ..: 4
2019-07-22T15:58:31:   Prefactor ................: 3.04e-18 +/- 0 [1e-25,1e-15] ph/cm2/s/MeV (free,scale=1e-18,gradient)
2019-07-22T15:58:31:   Index ....................: -2 +/- 0 [-0,-5]  (free,scale=-1,gradient)
2019-07-22T15:58:31:   CutoffEnergy .............: 100000000 +/- 0 [1000000,100000000000] MeV (free,scale=100000000,gradient)
2019-07-22T15:58:31:   PivotEnergy ..............: 1000000 [10000,1000000000] MeV (fixed,scale=1000000,gradient)
2019-07-22T15:58:31:  Number of temporal par's ..: 1
2019-07-22T15:58:31:   Normalization ............: 1 (relative value) (fixed,scale=1,gradient)
2019-07-22T15:58:31:  Number of scale par's .....: 0
2019-07-22T15:58:31: === GCTAModelCubeBackground ===
2019-07-22T15:58:31:  Name ......................: BackgroundModel
2019-07-22T15:58:31:  Instruments ...............: CTA, HESS, MAGIC, VERITAS
2019-07-22T15:58:31:  Observation identifiers ...: all
2019-07-22T15:58:31:  Model type ................: "PowerLaw" * "Constant"
2019-07-22T15:58:31:  Number of parameters ......: 4
2019-07-22T15:58:31:  Number of spectral par's ..: 3
2019-07-22T15:58:31:   Prefactor ................: 1 +/- 0 [0.01,100] ph/cm2/s/MeV (free,scale=1,gradient)
2019-07-22T15:58:31:   Index ....................: 0 +/- 0 [-5,5]  (free,scale=1,gradient)
2019-07-22T15:58:31:   PivotEnergy ..............: 1000000 MeV (fixed,scale=1000000,gradient)
2019-07-22T15:58:31:  Number of temporal par's ..: 1
2019-07-22T15:58:31:   Normalization ............: 1 (relative value) (fixed,scale=1,gradient)
2019-07-22T15:58:31: 
2019-07-22T15:58:31: +=================================+
2019-07-22T15:58:31: | Maximum likelihood optimisation |
2019-07-22T15:58:31: +=================================+
2019-07-22T15:59:02:  >Iteration   0: -logL=-351434.556, Lambda=1.0e-03
2019-07-22T15:59:31:  >Iteration   1: -logL=-351439.542, Lambda=1.0e-03, delta=4.986, step=1.0e+00, max(|grad|)=94.972520 [Index:3]
2019-07-22T16:00:00:  >Iteration   2: -logL=-351439.962, Lambda=1.0e-04, delta=0.420, step=1.0e+00, max(|grad|)=12.921973 [Index:3]
2019-07-22T16:00:29:  >Iteration   3: -logL=-351439.970, Lambda=1.0e-05, delta=0.008, step=1.0e+00, max(|grad|)=0.312939 [Index:3]
2019-07-22T16:00:58:  >Iteration   4: -logL=-351439.970, Lambda=1.0e-06, delta=0.000, step=1.0e+00, max(|grad|)=0.001890 [Index:3]
2019-07-22T16:00:58:  
2019-07-22T16:00:58:  +==================+
2019-07-22T16:00:58:  | Curvature matrix |
2019-07-22T16:00:58:  +==================+
2019-07-22T16:00:58:  === GMatrixSparse ===
2019-07-22T16:00:58:   Number of rows ............: 11
2019-07-22T16:00:58:   Number of columns .........: 11
2019-07-22T16:00:58:   Number of nonzero elements : 25
2019-07-22T16:00:58:   Number of allocated cells .: 537
2019-07-22T16:00:58:   Memory block size .........: 512
2019-07-22T16:00:58:   Sparse matrix fill ........: 0.206611570247934
2019-07-22T16:00:58:   Pending element ...........: 0
2019-07-22T16:00:58:   Fill stack size ...........: 0 (none)
2019-07-22T16:00:58:   0, 0, 0, 0, 0, 0, 0, 0, 0, 0, 0
2019-07-22T16:00:58:   0, 0, 0, 0, 0, 0, 0, 0, 0, 0, 0
2019-07-22T16:00:58:   0, 0, 1952.43124822764, -1099.91348812666, 112.417298302869, 0, 0, 1464.31863512466, -2203.41209836008, 0, 0
2019-07-22T16:00:58:   0, 0, -1099.91348812665, 35282.6931101993, -831.15604237802, 0, 0, 6772.75614697604, -12358.9457100436, 0, 0
2019-07-22T16:00:58:   0, 0, 112.417298302869, -831.15604237802, 46.4515606776731, 0, 0, 7.90882090731001, -1.78716126054425, 0, 0
2019-07-22T16:00:58:   0, 0, 0, 0, 0, 0, 0, 0, 0, 0, 0
2019-07-22T16:00:58:   0, 0, 0, 0, 0, 0, 0, 0, 0, 0, 0
2019-07-22T16:00:58:   0, 0, 1464.31863512466, 6772.75614697606, 7.90882090731001, 0, 0, 302142.096651888, -472246.471730048, 0, 0
2019-07-22T16:00:58:   0, 0, -2203.41209836008, -12358.9457100437, -1.78716126054424, 0, 0, -472246.471730047, 889004.316551373, 0, 0
2019-07-22T16:00:58:   0, 0, 0, 0, 0, 0, 0, 0, 0, 0, 0
2019-07-22T16:00:58:   0, 0, 0, 0, 0, 0, 0, 0, 0, 0, 0
2019-07-22T16:01:27: 
2019-07-22T16:01:27: +====================================+
2019-07-22T16:01:27: | Maximum likelihood re-optimisation |
2019-07-22T16:01:27: +====================================+
2019-07-22T16:01:28:  >Iteration   0: -logL=-298819.063, Lambda=1.0e-03
2019-07-22T16:01:28:  >Iteration   1: -logL=-301947.882, Lambda=1.0e-03, delta=3128.819, step=1.0e+00, max(|grad|)=-9451.377522 [Prefactor:0]
2019-07-22T16:01:29:  >Iteration   2: -logL=-302385.010, Lambda=1.0e-04, delta=437.128, step=1.0e+00, max(|grad|)=-1313.674782 [Prefactor:0]
2019-07-22T16:01:29:  >Iteration   3: -logL=-302396.496, Lambda=1.0e-05, delta=11.487, step=1.0e+00, max(|grad|)=-110.862928 [Index:1]
2019-07-22T16:01:30:  >Iteration   4: -logL=-302396.580, Lambda=1.0e-06, delta=0.083, step=1.0e+00, max(|grad|)=-17.920119 [Index:1]
2019-07-22T16:01:30:  >Iteration   5: -logL=-302396.580, Lambda=1.0e-07, delta=0.001, step=1.0e+00, max(|grad|)=-1.799820 [Index:1]
2019-07-22T16:01:30: 
2019-07-22T16:01:30: +============================================+
2019-07-22T16:01:30: | Maximum likelihood re-optimisation results |
2019-07-22T16:01:30: +============================================+
2019-07-22T16:01:30: === GOptimizerLM ===
2019-07-22T16:01:30:  Optimized function value ..: -302396.580
2019-07-22T16:01:30:  Absolute precision ........: 0.005
2019-07-22T16:01:30:  Acceptable value decrease .: 2
2019-07-22T16:01:30:  Optimization status .......: converged
2019-07-22T16:01:30:  Number of parameters ......: 4
2019-07-22T16:01:30:  Number of free parameters .: 2
2019-07-22T16:01:30:  Number of iterations ......: 5
2019-07-22T16:01:30:  Lambda ....................: 1e-08
2019-07-22T16:01:30: 
2019-07-22T16:01:30: +=========================================+
2019-07-22T16:01:30: | Maximum likelihood optimisation results |
2019-07-22T16:01:30: +=========================================+
2019-07-22T16:01:30: === GOptimizerLM ===
2019-07-22T16:01:30:  Optimized function value ..: -351439.970
2019-07-22T16:01:30:  Absolute precision ........: 0.005
2019-07-22T16:01:30:  Acceptable value decrease .: 2
2019-07-22T16:01:30:  Optimization status .......: converged
2019-07-22T16:01:30:  Number of parameters ......: 11
2019-07-22T16:01:30:  Number of free parameters .: 5
2019-07-22T16:01:30:  Number of iterations ......: 4
2019-07-22T16:01:30:  Lambda ....................: 1e-07
2019-07-22T16:01:30:  Maximum log likelihood ....: 351439.970
2019-07-22T16:01:30:  Observed events  (Nobs) ...: 326038.000
2019-07-22T16:01:30:  Predicted events (Npred) ..: 324269.000 (Nobs - Npred = 1769.00013922458)
2019-07-22T16:01:30: === GModels ===
2019-07-22T16:01:30:  Number of models ..........: 2
2019-07-22T16:01:30:  Number of parameters ......: 11
2019-07-22T16:01:30: === GModelSky ===
2019-07-22T16:01:30:  Name ......................: source2d
2019-07-22T16:01:30:  Instruments ...............: all
2019-07-22T16:01:30:  Test Statistic ............: 98086.7787654868
2019-07-22T16:01:30:  Observation identifiers ...: all
2019-07-22T16:01:30:  Model type ................: PointSource
2019-07-22T16:01:30:  Model components ..........: "PointSource" * "ExponentialCutoffPowerLaw" * "Constant"
2019-07-22T16:01:30:  Number of parameters ......: 7
2019-07-22T16:01:30:  Number of spatial par's ...: 2
2019-07-22T16:01:30:   RA .......................: 83.6331 [-360,360] deg (fixed,scale=1)
2019-07-22T16:01:30:   DEC ......................: 22.0145 [-90,90] deg (fixed,scale=1)
2019-07-22T16:01:30:  Number of spectral par's ..: 4
2019-07-22T16:01:30:   Prefactor ................: 3.0208032177634e-18 +/- 2.47291355725143e-20 [1e-25,1e-15] ph/cm2/s/MeV (free,scale=1e-18,gradient)
2019-07-22T16:01:30:   Index ....................: -2.00497851898935 +/- 0.00711133280617446 [-0,-5]  (free,scale=-1,gradient)
2019-07-22T16:01:30:   CutoffEnergy .............: 139064565.602591 +/- 20880817.2654493 [1000000,100000000000] MeV (free,scale=100000000,gradient)
2019-07-22T16:01:30:   PivotEnergy ..............: 1000000 [10000,1000000000] MeV (fixed,scale=1000000,gradient)
2019-07-22T16:01:30:  Number of temporal par's ..: 1
2019-07-22T16:01:30:   Normalization ............: 1 (relative value) (fixed,scale=1,gradient)
2019-07-22T16:01:30:  Number of scale par's .....: 0
2019-07-22T16:01:30: === GCTAModelCubeBackground ===
2019-07-22T16:01:30:  Name ......................: BackgroundModel
2019-07-22T16:01:30:  Instruments ...............: CTA, HESS, MAGIC, VERITAS
2019-07-22T16:01:30:  Observation identifiers ...: all
2019-07-22T16:01:30:  Model type ................: "PowerLaw" * "Constant"
2019-07-22T16:01:30:  Number of parameters ......: 4
2019-07-22T16:01:30:  Number of spectral par's ..: 3
2019-07-22T16:01:30:   Prefactor ................: 0.992574145255886 +/- 0.00441802666232129 [0.01,100] ph/cm2/s/MeV (free,scale=1,gradient)
2019-07-22T16:01:30:   Index ....................: -0.00389603560763158 +/- 0.00257556441379317 [-5,5]  (free,scale=1,gradient)
2019-07-22T16:01:30:   PivotEnergy ..............: 1000000 MeV (fixed,scale=1000000,gradient)
2019-07-22T16:01:30:  Number of temporal par's ..: 1
2019-07-22T16:01:30:   Normalization ............: 1 (relative value) (fixed,scale=1,gradient)
2019-07-22T16:01:30: 
2019-07-22T16:01:30: +==============+
2019-07-22T16:01:30: | Save results |
2019-07-22T16:01:30: +==============+
2019-07-22T16:01:30:  Model definition file .....: /cta/carli/CPPM_Internship/Simulations_and_Analyses/South_z40_50h/source2d/obsmodel_binned.xml
2019-07-22T16:01:30:  Covariance matrix file ....: NONE
2019-07-22T16:01:30: 
2019-07-22T16:01:30: Application "ctlike" terminated after 180 wall clock seconds, consuming 187.77 seconds of CPU time.
