2019-07-22T12:06:39: ********************************************************************************
2019-07-22T12:06:39: *                                   ctskymap                                   *
2019-07-22T12:06:39: * ---------------------------------------------------------------------------- *
2019-07-22T12:06:39: * Version: 1.6.0                                                               *
2019-07-22T12:06:39: ********************************************************************************
2019-07-22T12:06:39: +============+
2019-07-22T12:06:39: | Parameters |
2019-07-22T12:06:39: +============+
2019-07-22T12:06:39:  inobs .....................: /cta/carli/CPPM_Internship/Simulations_and_Analyses/South_z40_50h/source2d/obs.fits
2019-07-22T12:06:39:  caldb .....................: prod3b-v2
2019-07-22T12:06:39:  irf .......................: South_z40_50h
2019-07-22T12:06:39:  inmap .....................: NONE
2019-07-22T12:06:39:  outmap ....................: /cta/carli/CPPM_Internship/Simulations_and_Analyses/South_z40_50h/source2d/skymap.fits
2019-07-22T12:06:39:  emin ......................: 0.1
2019-07-22T12:06:39:  emax ......................: 199.526229858398
2019-07-22T12:06:39:  usepnt ....................: yes
2019-07-22T12:06:39:  nxpix .....................: 80
2019-07-22T12:06:39:  nypix .....................: 80
2019-07-22T12:06:39:  binsz .....................: 0.02
2019-07-22T12:06:39:  coordsys ..................: CEL
2019-07-22T12:06:39:  proj ......................: CAR
2019-07-22T12:06:39:  xref ......................: [not queried]
2019-07-22T12:06:39:  yref ......................: [not queried]
2019-07-22T12:06:39:  bkgsubtract ...............: NONE
2019-07-22T12:06:39:  roiradius .................: [not queried]
2019-07-22T12:06:39:  inradius ..................: [not queried]
2019-07-22T12:06:39:  outradius .................: [not queried]
2019-07-22T12:06:39:  iterations ................: [not queried]
2019-07-22T12:06:39:  threshold .................: [not queried]
2019-07-22T12:06:39:  inexclusion ...............: NONE
2019-07-22T12:06:39:  usefft ....................: yes
2019-07-22T12:06:39:  publish ...................: no
2019-07-22T12:06:39:  chatter ...................: 4
2019-07-22T12:06:39:  clobber ...................: yes
2019-07-22T12:06:39:  debug .....................: no
2019-07-22T12:06:39:  mode ......................: ql
2019-07-22T12:06:39:  logfile ...................: ctskymap.log
2019-07-22T12:06:39: 
2019-07-22T12:06:39: +===================+
2019-07-22T12:06:39: | Input observation |
2019-07-22T12:06:39: +===================+
2019-07-22T12:06:39: === GObservations ===
2019-07-22T12:06:39:  Number of observations ....: 1
2019-07-22T12:06:39:  Number of models ..........: 0
2019-07-22T12:06:39:  Number of observed events .: 326040
2019-07-22T12:06:39:  Number of predicted events : 0
2019-07-22T12:06:39: === GCTAObservation ===
2019-07-22T12:06:39:  Name ......................: 
2019-07-22T12:06:39:  Identifier ................: 000001
2019-07-22T12:06:39:  Instrument ................: CTA
2019-07-22T12:06:39:  Event file ................: /cta/carli/CPPM_Internship/Simulations_and_Analyses/South_z40_50h/source2d/obs.fits
2019-07-22T12:06:39:  Event type ................: EventList
2019-07-22T12:06:39:  Statistic .................: cstat
2019-07-22T12:06:39:  Ontime ....................: 144000 s
2019-07-22T12:06:39:  Livetime ..................: 141120 s
2019-07-22T12:06:39:  Deadtime correction .......: 0.98
2019-07-22T12:06:39:  User energy range .........: undefined
2019-07-22T12:06:39: === GCTAPointing ===
2019-07-22T12:06:39:  Pointing direction ........: (RA,Dec)=(84.1331,22.0145)
2019-07-22T12:06:39:  Response function .........: undefined
2019-07-22T12:06:39: === GCTAEventList ===
2019-07-22T12:06:39:  Number of events ..........: 326040 (disposed in "/cta/carli/CPPM_Internship/Simulations_and_Analyses/South_z40_50h/source2d/obs.fits")
2019-07-22T12:06:39:  Time interval .............: 51544.5 - 51546.1666666667 days
2019-07-22T12:06:39: === GEbounds ===
2019-07-22T12:06:39:  Number of intervals .......: 1
2019-07-22T12:06:39:  Energy range ..............: 100 GeV - 199.526229858398 TeV
2019-07-22T12:06:39: === GCTARoi ===
2019-07-22T12:06:39:  RoI centre ................: RA=84.1331, DEC=22.0145 [0,0]
2019-07-22T12:06:39:  RoI radius ................: 0.8 deg
2019-07-22T12:06:39: === GSkyRegions ===
2019-07-22T12:06:39:  Number of regions .........: 0
2019-07-22T12:06:39: === GModels ===
2019-07-22T12:06:39:  Number of models ..........: 0
2019-07-22T12:06:39:  Number of parameters ......: 0
2019-07-22T12:06:39: 
2019-07-22T12:06:39: +===========================+
2019-07-22T12:06:39: | Find unbinned observation |
2019-07-22T12:06:39: +===========================+
2019-07-22T12:06:39: === CTA observation (id=000001) ===
2019-07-22T12:06:39:  Including unbinned CTA observation
2019-07-22T12:06:39: 
2019-07-22T12:06:39: +===========================+
2019-07-22T12:06:39: | Fill map from observation |
2019-07-22T12:06:39: +===========================+
2019-07-22T12:06:39: === CTA observation (id=000001) ===
2019-07-22T12:06:39:  Events in list ............: 326040
2019-07-22T12:06:39:  Events in map .............: 326039
2019-07-22T12:06:39:  Events outside RoI ........: 1
2019-07-22T12:06:39:  Events outside map area ...: 0
2019-07-22T12:06:39:  Events outside energies ...: 0
2019-07-22T12:06:39: 
2019-07-22T12:06:39: +=========+
2019-07-22T12:06:39: | Sky map |
2019-07-22T12:06:39: +=========+
2019-07-22T12:06:39: === GSkyMap ===
2019-07-22T12:06:39:  Number of pixels ..........: 6400
2019-07-22T12:06:39:  X axis dimension ..........: 80
2019-07-22T12:06:39:  Y axis dimension ..........: 80
2019-07-22T12:06:39:  Number of maps ............: 1
2019-07-22T12:06:39:  Shape of maps .............: (1)
2019-07-22T12:06:39: === GWcsCAR ===
2019-07-22T12:06:39:  Number of axes ............: 2
2019-07-22T12:06:39:  Longitude axis ............: 0
2019-07-22T12:06:39:  Latitude axis .............: 1
2019-07-22T12:06:39:  Spectral axis .............: -1
2019-07-22T12:06:39:  Coodinate system ..........: EQU
2019-07-22T12:06:39:  Projection code ...........: CAR
2019-07-22T12:06:39:  Projection name ...........: plate carree
2019-07-22T12:06:39:  Radius of the gen. sphere .: 57.2957795130823 deg
2019-07-22T12:06:39:  Reference coordinate ......: (84.1331, 22.0145)
2019-07-22T12:06:39:  Reference pixel ...........: (40.5, 40.5)
2019-07-22T12:06:39:  Increment at reference ....: (-0.02, 0.02)
2019-07-22T12:06:39:  (Phi_0, Theta_0) ..........: (0, 0) deg
2019-07-22T12:06:39:  (Phi_p, Theta_p) ..........: (0, 67.9855) deg
2019-07-22T12:06:39:  LATPOLE keyword usage .....: Required to select between two valid solutions of Theta_p.
2019-07-22T12:06:39:  Reference vector (m_ref) ..: (84.1331, 22.0145, 0, 67.9855) deg
2019-07-22T12:06:39:  Euler angles ..............: (264.1331 deg, 22.0145 deg, 0 deg, 0.927089022159083, 0.374841226377402)
2019-07-22T12:06:39:  Latitude preserved ........: False
2019-07-22T12:06:39:  Unity PC matrix ...........: True
2019-07-22T12:06:39:  Pixel-to-image trafo ......: ()
2019-07-22T12:06:39:  Image-to-pixel trafo ......: ()
2019-07-22T12:06:39:  Strict bounds checking ....: True
2019-07-22T12:06:39:  Use fiducial offset .......: False
2019-07-22T12:06:39:  Fiducial offset ...........: (0, 0)
2019-07-22T12:06:39:  Rest frequency ............: UNDEFINED
2019-07-22T12:06:39:  Rest wavelength ...........: UNDEFINED
2019-07-22T12:06:39: 
2019-07-22T12:06:39: +==============+
2019-07-22T12:06:39: | Compute maps |
2019-07-22T12:06:39: +==============+
2019-07-22T12:06:39: 
2019-07-22T12:06:39: +==============+
2019-07-22T12:06:39: | Save sky map |
2019-07-22T12:06:39: +==============+
2019-07-22T12:06:39:  Sky map file ..............: /cta/carli/CPPM_Internship/Simulations_and_Analyses/South_z40_50h/source2d/skymap.fits
2019-07-22T12:06:39: 
2019-07-22T12:06:39: Application "ctskymap" terminated after 0 wall clock seconds, consuming 0.9 seconds of CPU time. This was rather quick!
