2019-07-22T16:08:53: ********************************************************************************
2019-07-22T16:08:53: *                                  ctbutterfly                                 *
2019-07-22T16:08:53: * ---------------------------------------------------------------------------- *
2019-07-22T16:08:53: * Version: 1.6.0                                                               *
2019-07-22T16:08:53: ********************************************************************************
2019-07-22T16:08:53: +============+
2019-07-22T16:08:53: | Parameters |
2019-07-22T16:08:53: +============+
2019-07-22T16:08:53:  inobs .....................: /cta/carli/CPPM_Internship/Simulations_and_Analyses/plus_constant_AEff_South_z40_50h/source2d/obs_cube.fits
2019-07-22T16:08:53:  inmodel ...................: /cta/carli/CPPM_Internship/Simulations_and_Analyses/plus_constant_AEff_South_z40_50h/source2d/obsmodel_binned.xml
2019-07-22T16:08:53:  srcname ...................: source2d
2019-07-22T16:08:53:  expcube ...................: /cta/carli/CPPM_Internship/Simulations_and_Analyses/plus_constant_AEff_South_z40_50h/source2d/exposure_cube.fits
2019-07-22T16:08:53:  psfcube ...................: /cta/carli/CPPM_Internship/Simulations_and_Analyses/plus_constant_AEff_South_z40_50h/source2d/PSF_cube.fits
2019-07-22T16:08:53:  edispcube .................: /cta/carli/CPPM_Internship/Simulations_and_Analyses/plus_constant_AEff_South_z40_50h/source2d/edisp_cube.fits
2019-07-22T16:08:53:  bkgcube ...................: /cta/carli/CPPM_Internship/Simulations_and_Analyses/plus_constant_AEff_South_z40_50h/source2d/background_cube.fits
2019-07-22T16:08:53:  caldb .....................: prod3b-v2
2019-07-22T16:08:53:  irf .......................: plus_constant_AEff_South_z40_50h
2019-07-22T16:08:53:  edisp .....................: yes
2019-07-22T16:08:53:  outfile ...................: /cta/carli/CPPM_Internship/Simulations_and_Analyses/plus_constant_AEff_South_z40_50h/source2d/butterfly_binned.ascii
2019-07-22T16:08:53:  method ....................: GAUSSIAN
2019-07-22T16:08:53:  fit .......................: no
2019-07-22T16:08:53:  confidence ................: 0.68
2019-07-22T16:08:53:  statistic .................: DEFAULT
2019-07-22T16:08:53:  like_accuracy .............: 0.005
2019-07-22T16:08:53:  max_iter ..................: 50
2019-07-22T16:08:53:  matrix ....................: NONE
2019-07-22T16:08:53:  ebinalg ...................: LOG
2019-07-22T16:08:53:  emin ......................: 0.1
2019-07-22T16:08:53:  emax ......................: 199.526229858398
2019-07-22T16:08:53:  enumbins ..................: 32
2019-07-22T16:08:53:  ebinfile ..................: [not queried]
2019-07-22T16:08:53:  chatter ...................: 4
2019-07-22T16:08:53:  clobber ...................: yes
2019-07-22T16:08:53:  debug .....................: no
2019-07-22T16:08:53:  mode ......................: ql
2019-07-22T16:08:53:  logfile ...................: ctbutterfly.log
2019-07-22T16:08:53: 
2019-07-22T16:08:53: +===================+
2019-07-22T16:08:53: | Input observation |
2019-07-22T16:08:53: +===================+
2019-07-22T16:08:53: === GObservations ===
2019-07-22T16:08:53:  Number of observations ....: 1
2019-07-22T16:08:53:  Number of models ..........: 2
2019-07-22T16:08:53:  Number of observed events .: 327233
2019-07-22T16:08:53:  Number of predicted events : 0
2019-07-22T16:08:53: === GCTAObservation ===
2019-07-22T16:08:53:  Name ......................: 
2019-07-22T16:08:53:  Identifier ................: 000001
2019-07-22T16:08:53:  Instrument ................: CTA
2019-07-22T16:08:53:  Event file ................: /cta/carli/CPPM_Internship/Simulations_and_Analyses/plus_constant_AEff_South_z40_50h/source2d/obs_cube.fits
2019-07-22T16:08:53:  Event type ................: CountsCube
2019-07-22T16:08:53:  Statistic .................: cstat
2019-07-22T16:08:53:  Ontime ....................: 144000 s
2019-07-22T16:08:53:  Livetime ..................: 141120 s
2019-07-22T16:08:53:  Deadtime correction .......: 0.98
2019-07-22T16:08:53:  User energy range .........: undefined
2019-07-22T16:08:53: === GCTAPointing ===
2019-07-22T16:08:53:  Pointing direction ........: (RA,Dec)=(84.1331,22.0145)
2019-07-22T16:08:53: === GCTAResponseCube ===
2019-07-22T16:08:53:  Energy dispersion .........: Used
2019-07-22T16:08:53: === GCTACubeExposure ===
2019-07-22T16:08:53:  Filename ..................: /cta/carli/CPPM_Internship/Simulations_and_Analyses/plus_constant_AEff_South_z40_50h/source2d/exposure_cube.fits
2019-07-22T16:08:53:  Livetime ..................: 141120 sec
2019-07-22T16:08:53: === GEnergies ===
2019-07-22T16:08:53:  Number of energies ........: 33
2019-07-22T16:08:53: === GGti ===
2019-07-22T16:08:53:  Number of intervals .......: 1
2019-07-22T16:08:53:  Ontime ....................: 144000 sec
2019-07-22T16:08:53:  Elapsed time ..............: 144000 sec
2019-07-22T16:08:53:  MJD range .................: 51544.5 - 51546.1666666667 s (TT)
2019-07-22T16:08:53:  UTC range .................: 2000-01-01T11:58:56 - 2000-01-03T03:58:56 s (TT)
2019-07-22T16:08:53:  Reference MJD .............: 51544.5
2019-07-22T16:08:53: === GSkyMap ===
2019-07-22T16:08:53:  Number of pixels ..........: 6400
2019-07-22T16:08:53:  X axis dimension ..........: 80
2019-07-22T16:08:53:  Y axis dimension ..........: 80
2019-07-22T16:08:53:  Number of maps ............: 33
2019-07-22T16:08:53:  Shape of maps .............: (33)
2019-07-22T16:08:53: === GCTACubePsf ===
2019-07-22T16:08:53:  Filename ..................: /cta/carli/CPPM_Internship/Simulations_and_Analyses/plus_constant_AEff_South_z40_50h/source2d/PSF_cube.fits
2019-07-22T16:08:53: === GEnergies ===
2019-07-22T16:08:53:  Number of energies ........: 33
2019-07-22T16:08:53:  Number of delta bins ......: 200
2019-07-22T16:08:53:  Delta range ...............: 1.875e-06 - 0.298501875 deg
2019-07-22T16:08:53: === GSkyMap ===
2019-07-22T16:08:53:  Number of pixels ..........: 1
2019-07-22T16:08:53:  X axis dimension ..........: 1
2019-07-22T16:08:53:  Y axis dimension ..........: 1
2019-07-22T16:08:53:  Number of maps ............: 6600
2019-07-22T16:08:53:  Shape of maps .............: (200, 33)
2019-07-22T16:08:53: === GCTACubeEdisp ===
2019-07-22T16:08:53:  Filename ..................: /cta/carli/CPPM_Internship/Simulations_and_Analyses/plus_constant_AEff_South_z40_50h/source2d/edisp_cube.fits
2019-07-22T16:08:53: === GEnergies ===
2019-07-22T16:08:53:  Number of energies ........: 33
2019-07-22T16:08:53:  Number of migra bins ......: 100
2019-07-22T16:08:53:  Migra range ...............: 0.02 - 2
2019-07-22T16:08:53: === GSkyMap ===
2019-07-22T16:08:53:  Number of pixels ..........: 1
2019-07-22T16:08:53:  X axis dimension ..........: 1
2019-07-22T16:08:53:  Y axis dimension ..........: 1
2019-07-22T16:08:53:  Number of maps ............: 3300
2019-07-22T16:08:53:  Shape of maps .............: (100, 33)
2019-07-22T16:08:53: === GCTACubeBackground ===
2019-07-22T16:08:53:  Filename ..................: /cta/carli/CPPM_Internship/Simulations_and_Analyses/plus_constant_AEff_South_z40_50h/source2d/background_cube.fits
2019-07-22T16:08:53: === GEbounds ===
2019-07-22T16:08:53:  Number of intervals .......: 32
2019-07-22T16:08:53:  Energy range ..............: 100 GeV - 199.526229858398 TeV
2019-07-22T16:08:53: === GSkyMap ===
2019-07-22T16:08:53:  Number of pixels ..........: 6400
2019-07-22T16:08:53:  X axis dimension ..........: 80
2019-07-22T16:08:53:  Y axis dimension ..........: 80
2019-07-22T16:08:53:  Number of maps ............: 32
2019-07-22T16:08:53:  Shape of maps .............: (32)
2019-07-22T16:08:53: === GCTAResponseCache ===
2019-07-22T16:08:53:  Number of cached values ...: 0
2019-07-22T16:08:53: === GCTAEventCube ===
2019-07-22T16:08:53:  Number of events ..........: 327233
2019-07-22T16:08:53:  Number of elements ........: 204800
2019-07-22T16:08:53:  Number of pixels ..........: 6400
2019-07-22T16:08:53:  Number of energy bins .....: 32
2019-07-22T16:08:53:  Time interval .............: 51544.5 - 51546.1666666667 days
2019-07-22T16:08:53:  Pointing ..................: (RA,Dec)=(84.1331,22.0145)
2019-07-22T16:08:53: === GEbounds ===
2019-07-22T16:08:53:  Number of intervals .......: 32
2019-07-22T16:08:53:  Energy range ..............: 100 GeV - 199.526229858398 TeV
2019-07-22T16:08:53: === GSkyMap ===
2019-07-22T16:08:53:  Number of pixels ..........: 6400
2019-07-22T16:08:53:  X axis dimension ..........: 80
2019-07-22T16:08:53:  Y axis dimension ..........: 80
2019-07-22T16:08:53:  Number of maps ............: 32
2019-07-22T16:08:53:  Shape of maps .............: (32)
2019-07-22T16:08:53: === GSkyRegions ===
2019-07-22T16:08:53:  Number of regions .........: 0
2019-07-22T16:08:53: === GModels ===
2019-07-22T16:08:53:  Number of models ..........: 2
2019-07-22T16:08:53:  Number of parameters ......: 11
2019-07-22T16:08:53: === GModelSky ===
2019-07-22T16:08:53:  Name ......................: source2d
2019-07-22T16:08:53:  Instruments ...............: all
2019-07-22T16:08:53:  Test Statistic ............: 104873.611
2019-07-22T16:08:53:  Observation identifiers ...: all
2019-07-22T16:08:53:  Model type ................: PointSource
2019-07-22T16:08:53:  Model components ..........: "PointSource" * "ExponentialCutoffPowerLaw" * "Constant"
2019-07-22T16:08:53:  Number of parameters ......: 7
2019-07-22T16:08:53:  Number of spatial par's ...: 2
2019-07-22T16:08:53:   RA .......................: 83.6331 [-360,360] deg (fixed,scale=1)
2019-07-22T16:08:53:   DEC ......................: 22.0145 [-90,90] deg (fixed,scale=1)
2019-07-22T16:08:53:  Number of spectral par's ..: 4
2019-07-22T16:08:53:   Prefactor ................: 3.01736522568242e-18 +/- 2.38284228576917e-20 [1e-25,1e-15] ph/cm2/s/MeV (free,scale=1e-18,gradient)
2019-07-22T16:08:53:   Index ....................: -1.99903383544758 +/- 0.00680548172115051 [-0,-5]  (free,scale=-1,gradient)
2019-07-22T16:08:53:   CutoffEnergy .............: 158218409.248657 +/- 24463503.9739227 [1000000,100000000000] MeV (free,scale=100000000,gradient)
2019-07-22T16:08:53:   PivotEnergy ..............: 1000000 [10000,1000000000] MeV (fixed,scale=1000000,gradient)
2019-07-22T16:08:53:  Number of temporal par's ..: 1
2019-07-22T16:08:53:   Normalization ............: 1 (relative value) (fixed,scale=1,gradient)
2019-07-22T16:08:53:  Number of scale par's .....: 0
2019-07-22T16:08:53: === GCTAModelCubeBackground ===
2019-07-22T16:08:53:  Name ......................: BackgroundModel
2019-07-22T16:08:53:  Instruments ...............: CTA, HESS, MAGIC, VERITAS
2019-07-22T16:08:53:  Observation identifiers ...: all
2019-07-22T16:08:53:  Model type ................: "PowerLaw" * "Constant"
2019-07-22T16:08:53:  Number of parameters ......: 4
2019-07-22T16:08:53:  Number of spectral par's ..: 3
2019-07-22T16:08:53:   Prefactor ................: 0.993292282505624 +/- 0.00442009075511461 [0.01,100] ph/cm2/s/MeV (free,scale=1,gradient)
2019-07-22T16:08:53:   Index ....................: -0.00357428609307529 +/- 0.00257491204981525 [-5,5]  (free,scale=1,gradient)
2019-07-22T16:08:53:   PivotEnergy ..............: 1000000 MeV (fixed,scale=1000000,gradient)
2019-07-22T16:08:53:  Number of temporal par's ..: 1
2019-07-22T16:08:53:   Normalization ............: 1 (relative value) (fixed,scale=1,gradient)
2019-07-22T16:08:53: 
2019-07-22T16:08:53: +===========================+
2019-07-22T16:08:53: | Compute covariance matrix |
2019-07-22T16:08:53: +===========================+
2019-07-22T16:09:24: === GMatrixSparse ===
2019-07-22T16:09:24:  Number of rows ............: 11
2019-07-22T16:09:24:  Number of columns .........: 11
2019-07-22T16:09:24:  Number of nonzero elements : 25
2019-07-22T16:09:24:  Number of allocated cells .: 512
2019-07-22T16:09:24:  Memory block size .........: 512
2019-07-22T16:09:24:  Sparse matrix fill ........: 0.206611570247934
2019-07-22T16:09:24:  Pending element ...........: 0
2019-07-22T16:09:24:  Fill stack size ...........: 0 (none)
2019-07-22T16:09:24:  0, 0, 0, 0, 0, 0, 0, 0, 0, 0, 0
2019-07-22T16:09:24:  0, 0, 0, 0, 0, 0, 0, 0, 0, 0, 0
2019-07-22T16:09:24:  0, 0, 5.67793735884454e-40, 2.06578718582064e-23, -2.08952479798108e-13, 0, 0, -3.03339625917643e-24, -4.7150356635907e-25, 0, 0
2019-07-22T16:09:24:  0, 0, 2.06578718582064e-23, 4.6314581456916e-05, -107052.516337228, 0, 0, 1.84212823662997e-07, -5.0741548487658e-07, 0, 0
2019-07-22T16:09:24:  0, 0, -2.08952479798108e-13, -107052.516337228, 598463026682613, 0, 0, 157.866522799685, 1081.8108714999, 0, 0
2019-07-22T16:09:24:  0, 0, 0, 0, 0, 0, 0, 0, 0, 0, 0
2019-07-22T16:09:24:  0, 0, 0, 0, 0, 0, 0, 0, 0, 0, 0
2019-07-22T16:09:24:  0, 0, -3.03339625917643e-24, 1.84212823662996e-07, 157.866522799686, 0, 0, 1.95372022834491e-05, 1.03601361771819e-05, 0, 0
2019-07-22T16:09:24:  0, 0, -4.71503566359072e-25, -5.0741548487658e-07, 1081.8108714999, 0, 0, 1.03601361771819e-05, 6.63017206428256e-06, 0, 0
2019-07-22T16:09:24:  0, 0, 0, 0, 0, 0, 0, 0, 0, 0, 0
2019-07-22T16:09:24:  0, 0, 0, 0, 0, 0, 0, 0, 0, 0, 0
2019-07-22T16:09:24: 
2019-07-22T16:09:24: +===============================+
2019-07-22T16:09:24: | Prepare butterfly computation |
2019-07-22T16:09:24: +===============================+
2019-07-22T16:09:24:  Confidence level ..........: 0.68
2019-07-22T16:09:24:  Corresponding scaling .....: 0.994458
2019-07-22T16:09:24: 
2019-07-22T16:09:24: +====================+
2019-07-22T16:09:24: | Generate butterfly |
2019-07-22T16:09:24: +====================+
2019-07-22T16:09:24: 
2019-07-22T16:09:24: +=========+
2019-07-22T16:09:24: | Results |
2019-07-22T16:09:24: +=========+
2019-07-22T16:09:24:  Intensity at 112606.251051226 MeV : 2.37288909723604e-16 (2.33521900532921e-16, 2.41055918914287e-16) ph/cm2/s/MeV
2019-07-22T16:09:24:  Intensity at 142786.615593472 MeV : 1.47585684741321e-16 (1.45444779159541e-16, 1.49726590323102e-16) ph/cm2/s/MeV
2019-07-22T16:09:24:  Intensity at 181055.824186555 MeV : 9.17886167684165e-17 (9.05779882578303e-17, 9.29992452790027e-17) ph/cm2/s/MeV
2019-07-22T16:09:24:  Intensity at 229581.822747338 MeV : 5.7082799225237e-17 (5.64012000905779e-17, 5.77643983598962e-17) ph/cm2/s/MeV
2019-07-22T16:09:24:  Intensity at 291113.603071291 MeV : 3.54965380691242e-17 (3.51138316314642e-17, 3.58792445067842e-17) ph/cm2/s/MeV
2019-07-22T16:09:24:  Intensity at 369136.932876502 MeV : 2.20709724305097e-17 (2.18559748050751e-17, 2.22859700559444e-17) ph/cm2/s/MeV
2019-07-22T16:09:24:  Intensity at 468071.824112259 MeV : 1.37214351484108e-17 (1.3599907999848e-17, 1.38429622969737e-17) ph/cm2/s/MeV
2019-07-22T16:09:24:  Intensity at 593522.926087366 MeV : 8.52913172874259e-18 (8.45943254033986e-18, 8.59883091714531e-18) ph/cm2/s/MeV
2019-07-22T16:09:24:  Intensity at 752597.028157849 MeV : 5.30051190915486e-18 (5.25953908331971e-18, 5.34148473499001e-18) ph/cm2/s/MeV
2019-07-22T16:09:24:  Intensity at 954305.65846188 MeV : 3.29316718769274e-18 (3.26826993408671e-18, 3.31806444129878e-18) ph/cm2/s/MeV
2019-07-22T16:09:24:  Intensity at 1210075.58587031 MeV : 2.0453204064002e-18 (2.02964564820302e-18, 2.06099516459739e-18) ph/cm2/s/MeV
2019-07-22T16:09:24:  Intensity at 1534396.14502492 MeV : 1.26975741670901e-18 (1.25958828830459e-18, 1.27992654511343e-18) ph/cm2/s/MeV
2019-07-22T16:09:24:  Intensity at 1945640.05534746 MeV : 7.87846425197065e-19 (7.81117141235127e-19, 7.94575709159004e-19) ph/cm2/s/MeV
2019-07-22T16:09:24:  Intensity at 2467104.23331454 MeV : 4.88494676400312e-19 (4.83999991490597e-19, 4.92989361310027e-19) ph/cm2/s/MeV
2019-07-22T16:09:24:  Intensity at 3128329.55988436 MeV : 3.02617800562147e-19 (2.99612212448728e-19, 3.05623388675567e-19) ph/cm2/s/MeV
2019-07-22T16:09:24:  Intensity at 3966774.36773649 MeV : 1.87258980746395e-19 (1.85257625563883e-19, 1.89260335928907e-19) ph/cm2/s/MeV
2019-07-22T16:09:24:  Intensity at 5029936.45116879 MeV : 1.1571083094107e-19 (1.1438787852224e-19, 1.17033783359899e-19) ph/cm2/s/MeV
2019-07-22T16:09:24:  Intensity at 6378043.81024912 MeV : 7.137123664818e-20 (7.05042171662094e-20, 7.22382561301506e-20) ph/cm2/s/MeV
2019-07-22T16:09:24:  Intensity at 8087466.55954362 MeV : 4.39218530869452e-20 (4.33582768047814e-20, 4.4485429369109e-20) ph/cm2/s/MeV
2019-07-22T16:09:24:  Intensity at 10255043.285628 MeV : 2.69513484481643e-20 (2.65870768430039e-20, 2.73156200533247e-20) ph/cm2/s/MeV
2019-07-22T16:09:24:  Intensity at 13003566.9409974 MeV : 1.64772867225591e-20 (1.6241819722401e-20, 1.67127537227173e-20) ph/cm2/s/MeV
2019-07-22T16:09:24:  Intensity at 16488741.0495845 MeV : 1.00269503281407e-20 (9.87321294521913e-21, 1.01806877110622e-20) ph/cm2/s/MeV
2019-07-22T16:09:24:  Intensity at 20908000.2920645 MeV : 6.06579953195572e-21 (5.96303922777799e-21, 6.16855983613346e-21) ph/cm2/s/MeV
2019-07-22T16:09:24:  Intensity at 26511695.1560098 MeV : 3.64213533955482e-21 (3.57096130033344e-21, 3.7133093787762e-21) ph/cm2/s/MeV
2019-07-22T16:09:24:  Intensity at 33617274.2599379 MeV : 2.16621509154587e-21 (2.11499380505911e-21, 2.21743637803263e-21) ph/cm2/s/MeV
2019-07-22T16:09:24:  Intensity at 42627267.7781488 MeV : 1.27297430647983e-21 (1.23505375741066e-21, 1.310894855549e-21) ph/cm2/s/MeV
2019-07-22T16:09:24:  Intensity at 54052090.7251378 MeV : 7.36731470632447e-22 (7.0834768595727e-22, 7.65115255307624e-22) ph/cm2/s/MeV
2019-07-22T16:09:24:  Intensity at 68538957.9028144 MeV : 4.18209395546094e-22 (3.97097586831621e-22, 4.39321204260566e-22) ph/cm2/s/MeV
2019-07-22T16:09:24:  Intensity at 86908548.5386981 MeV : 2.31643779715588e-22 (2.16258849901402e-22, 2.47028709529773e-22) ph/cm2/s/MeV
2019-07-22T16:09:24:  Intensity at 110201497.662297 MeV : 1.24375073142305e-22 (1.13516725505164e-22, 1.35233420779447e-22) ph/cm2/s/MeV
2019-07-22T16:09:24:  Intensity at 139737347.950364 MeV : 6.41962834320939e-23 (5.68528767291117e-23, 7.15396901350761e-23) ph/cm2/s/MeV
2019-07-22T16:09:24:  Intensity at 177189301.655759 MeV : 3.1517914401085e-23 (2.68130885749659e-23, 3.6222740227204e-23) ph/cm2/s/MeV
2019-07-22T16:09:24: 
2019-07-22T16:09:24: +========================+
2019-07-22T16:09:24: | Save Butterfly diagram |
2019-07-22T16:09:24: +========================+
2019-07-22T16:09:24:  Butterfly file ............: /cta/carli/CPPM_Internship/Simulations_and_Analyses/plus_constant_AEff_South_z40_50h/source2d/butterfly_binned.ascii
2019-07-22T16:09:24: 
2019-07-22T16:09:24: Application "ctbutterfly" terminated after 32 wall clock seconds, consuming 32.81 seconds of CPU time.
