2019-07-22T16:05:53: ********************************************************************************
2019-07-22T16:05:53: *                                    ctlike                                    *
2019-07-22T16:05:53: * ---------------------------------------------------------------------------- *
2019-07-22T16:05:53: * Version: 1.6.0                                                               *
2019-07-22T16:05:53: ********************************************************************************
2019-07-22T16:05:53: +============+
2019-07-22T16:05:53: | Parameters |
2019-07-22T16:05:53: +============+
2019-07-22T16:05:53:  inobs .....................: /cta/carli/CPPM_Internship/Simulations_and_Analyses/plus_constant_AEff_South_z40_50h/source2d/obs_cube.fits
2019-07-22T16:05:53:  inmodel ...................: sourcemodel_cube.xml
2019-07-22T16:05:53:  expcube ...................: /cta/carli/CPPM_Internship/Simulations_and_Analyses/plus_constant_AEff_South_z40_50h/source2d/exposure_cube.fits
2019-07-22T16:05:53:  psfcube ...................: /cta/carli/CPPM_Internship/Simulations_and_Analyses/plus_constant_AEff_South_z40_50h/source2d/PSF_cube.fits
2019-07-22T16:05:53:  edispcube .................: /cta/carli/CPPM_Internship/Simulations_and_Analyses/plus_constant_AEff_South_z40_50h/source2d/edisp_cube.fits
2019-07-22T16:05:53:  bkgcube ...................: /cta/carli/CPPM_Internship/Simulations_and_Analyses/plus_constant_AEff_South_z40_50h/source2d/background_cube.fits
2019-07-22T16:05:53:  caldb .....................: prod3b-v2
2019-07-22T16:05:53:  irf .......................: plus_constant_AEff_South_z40_50h
2019-07-22T16:05:53:  edisp .....................: yes
2019-07-22T16:05:53:  outmodel ..................: /cta/carli/CPPM_Internship/Simulations_and_Analyses/plus_constant_AEff_South_z40_50h/source2d/obsmodel_binned.xml
2019-07-22T16:05:53:  outcovmat .................: NONE
2019-07-22T16:05:53:  statistic .................: DEFAULT
2019-07-22T16:05:53:  refit .....................: no
2019-07-22T16:05:53:  like_accuracy .............: 0.005
2019-07-22T16:05:53:  max_iter ..................: 50
2019-07-22T16:05:53:  fix_spat_for_ts ...........: no
2019-07-22T16:05:53:  nthreads ..................: 0
2019-07-22T16:05:53:  chatter ...................: 4
2019-07-22T16:05:53:  clobber ...................: yes
2019-07-22T16:05:53:  debug .....................: no
2019-07-22T16:05:53:  mode ......................: ql
2019-07-22T16:05:53:  logfile ...................: ctlike.log
2019-07-22T16:05:53: 
2019-07-22T16:05:53: +===================+
2019-07-22T16:05:53: | Input observation |
2019-07-22T16:05:53: +===================+
2019-07-22T16:05:53: === GObservations ===
2019-07-22T16:05:53:  Number of observations ....: 1
2019-07-22T16:05:53:  Number of models ..........: 2
2019-07-22T16:05:53:  Number of observed events .: 327233
2019-07-22T16:05:53:  Number of predicted events : 0
2019-07-22T16:05:53: === GCTAObservation ===
2019-07-22T16:05:53:  Name ......................: 
2019-07-22T16:05:53:  Identifier ................: 000001
2019-07-22T16:05:53:  Instrument ................: CTA
2019-07-22T16:05:53:  Event file ................: /cta/carli/CPPM_Internship/Simulations_and_Analyses/plus_constant_AEff_South_z40_50h/source2d/obs_cube.fits
2019-07-22T16:05:53:  Event type ................: CountsCube
2019-07-22T16:05:53:  Statistic .................: cstat
2019-07-22T16:05:53:  Ontime ....................: 144000 s
2019-07-22T16:05:53:  Livetime ..................: 141120 s
2019-07-22T16:05:53:  Deadtime correction .......: 0.98
2019-07-22T16:05:53:  User energy range .........: undefined
2019-07-22T16:05:53: === GCTAPointing ===
2019-07-22T16:05:53:  Pointing direction ........: (RA,Dec)=(84.1331,22.0145)
2019-07-22T16:05:53: === GCTAResponseCube ===
2019-07-22T16:05:53:  Energy dispersion .........: Used
2019-07-22T16:05:53: === GCTACubeExposure ===
2019-07-22T16:05:53:  Filename ..................: /cta/carli/CPPM_Internship/Simulations_and_Analyses/plus_constant_AEff_South_z40_50h/source2d/exposure_cube.fits
2019-07-22T16:05:53:  Livetime ..................: 141120 sec
2019-07-22T16:05:53: === GEnergies ===
2019-07-22T16:05:53:  Number of energies ........: 33
2019-07-22T16:05:53: === GGti ===
2019-07-22T16:05:53:  Number of intervals .......: 1
2019-07-22T16:05:53:  Ontime ....................: 144000 sec
2019-07-22T16:05:53:  Elapsed time ..............: 144000 sec
2019-07-22T16:05:53:  MJD range .................: 51544.5 - 51546.1666666667 s (TT)
2019-07-22T16:05:53:  UTC range .................: 2000-01-01T11:58:56 - 2000-01-03T03:58:56 s (TT)
2019-07-22T16:05:53:  Reference MJD .............: 51544.5
2019-07-22T16:05:53: === GSkyMap ===
2019-07-22T16:05:53:  Number of pixels ..........: 6400
2019-07-22T16:05:53:  X axis dimension ..........: 80
2019-07-22T16:05:53:  Y axis dimension ..........: 80
2019-07-22T16:05:53:  Number of maps ............: 33
2019-07-22T16:05:53:  Shape of maps .............: (33)
2019-07-22T16:05:53: === GCTACubePsf ===
2019-07-22T16:05:53:  Filename ..................: /cta/carli/CPPM_Internship/Simulations_and_Analyses/plus_constant_AEff_South_z40_50h/source2d/PSF_cube.fits
2019-07-22T16:05:53: === GEnergies ===
2019-07-22T16:05:53:  Number of energies ........: 33
2019-07-22T16:05:53:  Number of delta bins ......: 200
2019-07-22T16:05:53:  Delta range ...............: 1.875e-06 - 0.298501875 deg
2019-07-22T16:05:53: === GSkyMap ===
2019-07-22T16:05:53:  Number of pixels ..........: 1
2019-07-22T16:05:53:  X axis dimension ..........: 1
2019-07-22T16:05:53:  Y axis dimension ..........: 1
2019-07-22T16:05:53:  Number of maps ............: 6600
2019-07-22T16:05:53:  Shape of maps .............: (200, 33)
2019-07-22T16:05:53: === GCTACubeEdisp ===
2019-07-22T16:05:53:  Filename ..................: /cta/carli/CPPM_Internship/Simulations_and_Analyses/plus_constant_AEff_South_z40_50h/source2d/edisp_cube.fits
2019-07-22T16:05:53: === GEnergies ===
2019-07-22T16:05:53:  Number of energies ........: 33
2019-07-22T16:05:53:  Number of migra bins ......: 100
2019-07-22T16:05:53:  Migra range ...............: 0.02 - 2
2019-07-22T16:05:53: === GSkyMap ===
2019-07-22T16:05:53:  Number of pixels ..........: 1
2019-07-22T16:05:53:  X axis dimension ..........: 1
2019-07-22T16:05:53:  Y axis dimension ..........: 1
2019-07-22T16:05:53:  Number of maps ............: 3300
2019-07-22T16:05:53:  Shape of maps .............: (100, 33)
2019-07-22T16:05:53: === GCTACubeBackground ===
2019-07-22T16:05:53:  Filename ..................: /cta/carli/CPPM_Internship/Simulations_and_Analyses/plus_constant_AEff_South_z40_50h/source2d/background_cube.fits
2019-07-22T16:05:53: === GEbounds ===
2019-07-22T16:05:53:  Number of intervals .......: 32
2019-07-22T16:05:53:  Energy range ..............: 100 GeV - 199.526229858398 TeV
2019-07-22T16:05:53: === GSkyMap ===
2019-07-22T16:05:53:  Number of pixels ..........: 6400
2019-07-22T16:05:53:  X axis dimension ..........: 80
2019-07-22T16:05:53:  Y axis dimension ..........: 80
2019-07-22T16:05:53:  Number of maps ............: 32
2019-07-22T16:05:53:  Shape of maps .............: (32)
2019-07-22T16:05:53: === GCTAResponseCache ===
2019-07-22T16:05:53:  Number of cached values ...: 0
2019-07-22T16:05:53: === GCTAEventCube ===
2019-07-22T16:05:53:  Number of events ..........: 327233
2019-07-22T16:05:53:  Number of elements ........: 204800
2019-07-22T16:05:53:  Number of pixels ..........: 6400
2019-07-22T16:05:53:  Number of energy bins .....: 32
2019-07-22T16:05:53:  Time interval .............: 51544.5 - 51546.1666666667 days
2019-07-22T16:05:53:  Pointing ..................: (RA,Dec)=(84.1331,22.0145)
2019-07-22T16:05:53: === GEbounds ===
2019-07-22T16:05:53:  Number of intervals .......: 32
2019-07-22T16:05:53:  Energy range ..............: 100 GeV - 199.526229858398 TeV
2019-07-22T16:05:53: === GSkyMap ===
2019-07-22T16:05:53:  Number of pixels ..........: 6400
2019-07-22T16:05:53:  X axis dimension ..........: 80
2019-07-22T16:05:53:  Y axis dimension ..........: 80
2019-07-22T16:05:53:  Number of maps ............: 32
2019-07-22T16:05:53:  Shape of maps .............: (32)
2019-07-22T16:05:53: === GSkyRegions ===
2019-07-22T16:05:53:  Number of regions .........: 0
2019-07-22T16:05:53: === GModels ===
2019-07-22T16:05:53:  Number of models ..........: 2
2019-07-22T16:05:53:  Number of parameters ......: 11
2019-07-22T16:05:53: === GModelSky ===
2019-07-22T16:05:53:  Name ......................: source2d
2019-07-22T16:05:53:  Instruments ...............: all
2019-07-22T16:05:53:  Test Statistic ............: Computation requested
2019-07-22T16:05:53:  Observation identifiers ...: all
2019-07-22T16:05:53:  Model type ................: PointSource
2019-07-22T16:05:53:  Model components ..........: "PointSource" * "ExponentialCutoffPowerLaw" * "Constant"
2019-07-22T16:05:53:  Number of parameters ......: 7
2019-07-22T16:05:53:  Number of spatial par's ...: 2
2019-07-22T16:05:53:   RA .......................: 83.6331 [-360,360] deg (fixed,scale=1)
2019-07-22T16:05:53:   DEC ......................: 22.0145 [-90,90] deg (fixed,scale=1)
2019-07-22T16:05:53:  Number of spectral par's ..: 4
2019-07-22T16:05:53:   Prefactor ................: 3.04e-18 +/- 0 [1e-25,1e-15] ph/cm2/s/MeV (free,scale=1e-18,gradient)
2019-07-22T16:05:53:   Index ....................: -2 +/- 0 [-0,-5]  (free,scale=-1,gradient)
2019-07-22T16:05:53:   CutoffEnergy .............: 100000000 +/- 0 [1000000,100000000000] MeV (free,scale=100000000,gradient)
2019-07-22T16:05:53:   PivotEnergy ..............: 1000000 [10000,1000000000] MeV (fixed,scale=1000000,gradient)
2019-07-22T16:05:53:  Number of temporal par's ..: 1
2019-07-22T16:05:53:   Normalization ............: 1 (relative value) (fixed,scale=1,gradient)
2019-07-22T16:05:53:  Number of scale par's .....: 0
2019-07-22T16:05:53: === GCTAModelCubeBackground ===
2019-07-22T16:05:53:  Name ......................: BackgroundModel
2019-07-22T16:05:53:  Instruments ...............: CTA, HESS, MAGIC, VERITAS
2019-07-22T16:05:53:  Observation identifiers ...: all
2019-07-22T16:05:53:  Model type ................: "PowerLaw" * "Constant"
2019-07-22T16:05:53:  Number of parameters ......: 4
2019-07-22T16:05:53:  Number of spectral par's ..: 3
2019-07-22T16:05:53:   Prefactor ................: 1 +/- 0 [0.01,100] ph/cm2/s/MeV (free,scale=1,gradient)
2019-07-22T16:05:53:   Index ....................: 0 +/- 0 [-5,5]  (free,scale=1,gradient)
2019-07-22T16:05:53:   PivotEnergy ..............: 1000000 MeV (fixed,scale=1000000,gradient)
2019-07-22T16:05:53:  Number of temporal par's ..: 1
2019-07-22T16:05:53:   Normalization ............: 1 (relative value) (fixed,scale=1,gradient)
2019-07-22T16:05:53: 
2019-07-22T16:05:53: +=================================+
2019-07-22T16:05:53: | Maximum likelihood optimisation |
2019-07-22T16:05:53: +=================================+
2019-07-22T16:06:25:  >Iteration   0: -logL=-354741.246, Lambda=1.0e-03
2019-07-22T16:06:53:  >Iteration   1: -logL=-354752.509, Lambda=1.0e-03, delta=11.263, step=1.0e+00, max(|grad|)=152.456632 [Index:3]
2019-07-22T16:07:22:  >Iteration   2: -logL=-354753.801, Lambda=1.0e-04, delta=1.292, step=1.0e+00, max(|grad|)=39.717474 [Index:3]
2019-07-22T16:07:51:  >Iteration   3: -logL=-354753.891, Lambda=1.0e-05, delta=0.091, step=1.0e+00, max(|grad|)=3.912126 [Index:3]
2019-07-22T16:08:20:  >Iteration   4: -logL=-354753.893, Lambda=1.0e-06, delta=0.002, step=1.0e+00, max(|grad|)=0.165350 [Index:3]
2019-07-22T16:08:20:  
2019-07-22T16:08:20:  +==================+
2019-07-22T16:08:20:  | Curvature matrix |
2019-07-22T16:08:20:  +==================+
2019-07-22T16:08:20:  === GMatrixSparse ===
2019-07-22T16:08:20:   Number of rows ............: 11
2019-07-22T16:08:20:   Number of columns .........: 11
2019-07-22T16:08:20:   Number of nonzero elements : 25
2019-07-22T16:08:20:   Number of allocated cells .: 537
2019-07-22T16:08:20:   Memory block size .........: 512
2019-07-22T16:08:20:   Sparse matrix fill ........: 0.206611570247934
2019-07-22T16:08:20:   Pending element ...........: 0
2019-07-22T16:08:20:   Fill stack size ...........: 0 (none)
2019-07-22T16:08:20:   0, 0, 0, 0, 0, 0, 0, 0, 0, 0, 0
2019-07-22T16:08:20:   0, 0, 0, 0, 0, 0, 0, 0, 0, 0, 0
2019-07-22T16:08:20:   0, 0, 2071.2249675757, -1237.14259138106, 94.813069635482, 0, 0, 1493.43826338827, -2246.33485596242, 0, 0
2019-07-22T16:08:20:   0, 0, -1237.14259138105, 37772.5914528818, -716.775225924967, 0, 0, 6892.47116851596, -12579.2365156231, 0, 0
2019-07-22T16:08:20:   0, 0, 94.8130696354819, -716.775225924967, 32.841599121697, 0, 0, 6.18475835230441, -1.65174885939363, 0, 0
2019-07-22T16:08:20:   0, 0, 0, 0, 0, 0, 0, 0, 0, 0, 0
2019-07-22T16:08:20:   0, 0, 0, 0, 0, 0, 0, 0, 0, 0, 0
2019-07-22T16:08:20:   0, 0, 1493.43826338827, 6892.47116851596, 6.18475835230441, 0, 0, 301685.166776887, -471836.850180377, 0, 0
2019-07-22T16:08:20:   0, 0, -2246.33485596242, -12579.2365156232, -1.65174885939362, 0, 0, -471836.850180377, 888911.415486366, 0, 0
2019-07-22T16:08:20:   0, 0, 0, 0, 0, 0, 0, 0, 0, 0, 0
2019-07-22T16:08:20:   0, 0, 0, 0, 0, 0, 0, 0, 0, 0, 0
2019-07-22T16:08:49: 
2019-07-22T16:08:49: +====================================+
2019-07-22T16:08:49: | Maximum likelihood re-optimisation |
2019-07-22T16:08:49: +====================================+
2019-07-22T16:08:50:  >Iteration   0: -logL=-298315.178, Lambda=1.0e-03
2019-07-22T16:08:50:  >Iteration   1: -logL=-301781.590, Lambda=1.0e-03, delta=3466.412, step=1.0e+00, max(|grad|)=-10135.181418 [Prefactor:0]
2019-07-22T16:08:51:  >Iteration   2: -logL=-302301.336, Lambda=1.0e-04, delta=519.746, step=1.0e+00, max(|grad|)=-1510.612049 [Prefactor:0]
2019-07-22T16:08:51:  >Iteration   3: -logL=-302316.959, Lambda=1.0e-05, delta=15.623, step=1.0e+00, max(|grad|)=-131.188714 [Index:1]
2019-07-22T16:08:52:  >Iteration   4: -logL=-302317.086, Lambda=1.0e-06, delta=0.127, step=1.0e+00, max(|grad|)=-23.094845 [Index:1]
2019-07-22T16:08:52:  >Iteration   5: -logL=-302317.087, Lambda=1.0e-07, delta=0.001, step=1.0e+00, max(|grad|)=-2.423217 [Index:1]
2019-07-22T16:08:52: 
2019-07-22T16:08:52: +============================================+
2019-07-22T16:08:52: | Maximum likelihood re-optimisation results |
2019-07-22T16:08:52: +============================================+
2019-07-22T16:08:52: === GOptimizerLM ===
2019-07-22T16:08:52:  Optimized function value ..: -302317.087
2019-07-22T16:08:52:  Absolute precision ........: 0.005
2019-07-22T16:08:52:  Acceptable value decrease .: 2
2019-07-22T16:08:52:  Optimization status .......: converged
2019-07-22T16:08:52:  Number of parameters ......: 4
2019-07-22T16:08:52:  Number of free parameters .: 2
2019-07-22T16:08:52:  Number of iterations ......: 5
2019-07-22T16:08:52:  Lambda ....................: 1e-08
2019-07-22T16:08:52: 
2019-07-22T16:08:52: +=========================================+
2019-07-22T16:08:52: | Maximum likelihood optimisation results |
2019-07-22T16:08:52: +=========================================+
2019-07-22T16:08:52: === GOptimizerLM ===
2019-07-22T16:08:52:  Optimized function value ..: -354753.893
2019-07-22T16:08:52:  Absolute precision ........: 0.005
2019-07-22T16:08:52:  Acceptable value decrease .: 2
2019-07-22T16:08:52:  Optimization status .......: converged
2019-07-22T16:08:52:  Number of parameters ......: 11
2019-07-22T16:08:52:  Number of free parameters .: 5
2019-07-22T16:08:52:  Number of iterations ......: 4
2019-07-22T16:08:52:  Lambda ....................: 1e-07
2019-07-22T16:08:52:  Maximum log likelihood ....: 354753.893
2019-07-22T16:08:52:  Observed events  (Nobs) ...: 327233.000
2019-07-22T16:08:52:  Predicted events (Npred) ..: 325460.972 (Nobs - Npred = 1772.02773215977)
2019-07-22T16:08:52: === GModels ===
2019-07-22T16:08:52:  Number of models ..........: 2
2019-07-22T16:08:52:  Number of parameters ......: 11
2019-07-22T16:08:52: === GModelSky ===
2019-07-22T16:08:52:  Name ......................: source2d
2019-07-22T16:08:52:  Instruments ...............: all
2019-07-22T16:08:52:  Test Statistic ............: 104873.611380123
2019-07-22T16:08:52:  Observation identifiers ...: all
2019-07-22T16:08:52:  Model type ................: PointSource
2019-07-22T16:08:52:  Model components ..........: "PointSource" * "ExponentialCutoffPowerLaw" * "Constant"
2019-07-22T16:08:52:  Number of parameters ......: 7
2019-07-22T16:08:52:  Number of spatial par's ...: 2
2019-07-22T16:08:52:   RA .......................: 83.6331 [-360,360] deg (fixed,scale=1)
2019-07-22T16:08:52:   DEC ......................: 22.0145 [-90,90] deg (fixed,scale=1)
2019-07-22T16:08:52:  Number of spectral par's ..: 4
2019-07-22T16:08:52:   Prefactor ................: 3.01736522568242e-18 +/- 2.38284228576917e-20 [1e-25,1e-15] ph/cm2/s/MeV (free,scale=1e-18,gradient)
2019-07-22T16:08:52:   Index ....................: -1.99903383544758 +/- 0.00680548172115051 [-0,-5]  (free,scale=-1,gradient)
2019-07-22T16:08:52:   CutoffEnergy .............: 158218409.248657 +/- 24463503.9739227 [1000000,100000000000] MeV (free,scale=100000000,gradient)
2019-07-22T16:08:52:   PivotEnergy ..............: 1000000 [10000,1000000000] MeV (fixed,scale=1000000,gradient)
2019-07-22T16:08:52:  Number of temporal par's ..: 1
2019-07-22T16:08:52:   Normalization ............: 1 (relative value) (fixed,scale=1,gradient)
2019-07-22T16:08:52:  Number of scale par's .....: 0
2019-07-22T16:08:52: === GCTAModelCubeBackground ===
2019-07-22T16:08:52:  Name ......................: BackgroundModel
2019-07-22T16:08:52:  Instruments ...............: CTA, HESS, MAGIC, VERITAS
2019-07-22T16:08:52:  Observation identifiers ...: all
2019-07-22T16:08:52:  Model type ................: "PowerLaw" * "Constant"
2019-07-22T16:08:52:  Number of parameters ......: 4
2019-07-22T16:08:52:  Number of spectral par's ..: 3
2019-07-22T16:08:52:   Prefactor ................: 0.993292282505624 +/- 0.00442009075511461 [0.01,100] ph/cm2/s/MeV (free,scale=1,gradient)
2019-07-22T16:08:52:   Index ....................: -0.00357428609307529 +/- 0.00257491204981525 [-5,5]  (free,scale=1,gradient)
2019-07-22T16:08:52:   PivotEnergy ..............: 1000000 MeV (fixed,scale=1000000,gradient)
2019-07-22T16:08:52:  Number of temporal par's ..: 1
2019-07-22T16:08:52:   Normalization ............: 1 (relative value) (fixed,scale=1,gradient)
2019-07-22T16:08:52: 
2019-07-22T16:08:52: +==============+
2019-07-22T16:08:52: | Save results |
2019-07-22T16:08:52: +==============+
2019-07-22T16:08:52:  Model definition file .....: /cta/carli/CPPM_Internship/Simulations_and_Analyses/plus_constant_AEff_South_z40_50h/source2d/obsmodel_binned.xml
2019-07-22T16:08:52:  Covariance matrix file ....: NONE
2019-07-22T16:08:52: 
2019-07-22T16:08:52: Application "ctlike" terminated after 179 wall clock seconds, consuming 187.08 seconds of CPU time.
