2019-07-25T10:00:04: ********************************************************************************
2019-07-25T10:00:04: *                                    cterror                                   *
2019-07-25T10:00:04: * ---------------------------------------------------------------------------- *
2019-07-25T10:00:04: * Version: 1.6.0                                                               *
2019-07-25T10:00:04: ********************************************************************************
2019-07-25T10:00:04: +============+
2019-07-25T10:00:04: | Parameters |
2019-07-25T10:00:04: +============+
2019-07-25T10:00:04:  inobs .....................: /cta/carli/CPPM_Internship/Simulations_and_Analyses/minus_gradient_AEff_South_z40_50h/source2b/obs_cube.fits
2019-07-25T10:00:04:  inmodel ...................: /cta/carli/CPPM_Internship/Simulations_and_Analyses/minus_gradient_AEff_South_z40_50h/source2b/obsmodel_binned.xml
2019-07-25T10:00:04:  srcname ...................: source2b
2019-07-25T10:00:04:  expcube ...................: /cta/carli/CPPM_Internship/Simulations_and_Analyses/minus_gradient_AEff_South_z40_50h/source2b/exposure_cube.fits
2019-07-25T10:00:04:  psfcube ...................: /cta/carli/CPPM_Internship/Simulations_and_Analyses/minus_gradient_AEff_South_z40_50h/source2b/PSF_cube.fits
2019-07-25T10:00:04:  edispcube .................: /cta/carli/CPPM_Internship/Simulations_and_Analyses/minus_gradient_AEff_South_z40_50h/source2b/edisp_cube.fits
2019-07-25T10:00:04:  bkgcube ...................: /cta/carli/CPPM_Internship/Simulations_and_Analyses/minus_gradient_AEff_South_z40_50h/source2b/background_cube.fits
2019-07-25T10:00:04:  caldb .....................: prod3b-v2
2019-07-25T10:00:04:  irf .......................: minus_gradient_AEff_South_z40_50h
2019-07-25T10:00:04:  edisp .....................: yes
2019-07-25T10:00:04:  outmodel ..................: 
2019-07-25T10:00:04:  confidence ................: 0.95
2019-07-25T10:00:04:  tol .......................: 1e-3
2019-07-25T10:00:04:  statistic .................: DEFAULT
2019-07-25T10:00:04:  like_accuracy .............: 0.005
2019-07-25T10:00:04:  max_iter ..................: 50
2019-07-25T10:00:04:  nthreads ..................: 0
2019-07-25T10:00:04:  chatter ...................: 4
2019-07-25T10:00:04:  clobber ...................: yes
2019-07-25T10:00:04:  debug .....................: no
2019-07-25T10:00:04:  mode ......................: ql
2019-07-25T10:00:04:  logfile ...................: cterror95.log
2019-07-25T10:00:04: 
2019-07-25T10:00:04: +===================+
2019-07-25T10:00:04: | Input observation |
2019-07-25T10:00:04: +===================+
2019-07-25T10:00:04: === GObservations ===
2019-07-25T10:00:04:  Number of observations ....: 1
2019-07-25T10:00:04:  Number of models ..........: 2
2019-07-25T10:00:04:  Number of observed events .: 315056
2019-07-25T10:00:04:  Number of predicted events : 0
2019-07-25T10:00:04: === GCTAObservation ===
2019-07-25T10:00:04:  Name ......................: 
2019-07-25T10:00:04:  Identifier ................: 000001
2019-07-25T10:00:04:  Instrument ................: CTA
2019-07-25T10:00:04:  Event file ................: /cta/carli/CPPM_Internship/Simulations_and_Analyses/minus_gradient_AEff_South_z40_50h/source2b/obs_cube.fits
2019-07-25T10:00:04:  Event type ................: CountsCube
2019-07-25T10:00:04:  Statistic .................: cstat
2019-07-25T10:00:04:  Ontime ....................: 144000 s
2019-07-25T10:00:04:  Livetime ..................: 141120 s
2019-07-25T10:00:04:  Deadtime correction .......: 0.98
2019-07-25T10:00:04:  User energy range .........: undefined
2019-07-25T10:00:04: === GCTAPointing ===
2019-07-25T10:00:04:  Pointing direction ........: (RA,Dec)=(84.1331,22.0145)
2019-07-25T10:00:04: === GCTAResponseCube ===
2019-07-25T10:00:04:  Energy dispersion .........: Used
2019-07-25T10:00:04: === GCTACubeExposure ===
2019-07-25T10:00:04:  Filename ..................: /cta/carli/CPPM_Internship/Simulations_and_Analyses/minus_gradient_AEff_South_z40_50h/source2b/exposure_cube.fits
2019-07-25T10:00:04:  Livetime ..................: 141120 sec
2019-07-25T10:00:04: === GEnergies ===
2019-07-25T10:00:04:  Number of energies ........: 33
2019-07-25T10:00:04: === GGti ===
2019-07-25T10:00:04:  Number of intervals .......: 1
2019-07-25T10:00:04:  Ontime ....................: 144000 sec
2019-07-25T10:00:04:  Elapsed time ..............: 144000 sec
2019-07-25T10:00:04:  MJD range .................: 51544.5 - 51546.1666666667 s (TT)
2019-07-25T10:00:04:  UTC range .................: 2000-01-01T11:58:56 - 2000-01-03T03:58:56 s (TT)
2019-07-25T10:00:04:  Reference MJD .............: 51544.5
2019-07-25T10:00:04: === GSkyMap ===
2019-07-25T10:00:04:  Number of pixels ..........: 6400
2019-07-25T10:00:04:  X axis dimension ..........: 80
2019-07-25T10:00:04:  Y axis dimension ..........: 80
2019-07-25T10:00:04:  Number of maps ............: 33
2019-07-25T10:00:04:  Shape of maps .............: (33)
2019-07-25T10:00:04: === GCTACubePsf ===
2019-07-25T10:00:04:  Filename ..................: /cta/carli/CPPM_Internship/Simulations_and_Analyses/minus_gradient_AEff_South_z40_50h/source2b/PSF_cube.fits
2019-07-25T10:00:04: === GEnergies ===
2019-07-25T10:00:04:  Number of energies ........: 33
2019-07-25T10:00:04:  Number of delta bins ......: 200
2019-07-25T10:00:04:  Delta range ...............: 1.875e-06 - 0.298501875 deg
2019-07-25T10:00:04: === GSkyMap ===
2019-07-25T10:00:04:  Number of pixels ..........: 1
2019-07-25T10:00:04:  X axis dimension ..........: 1
2019-07-25T10:00:04:  Y axis dimension ..........: 1
2019-07-25T10:00:04:  Number of maps ............: 6600
2019-07-25T10:00:04:  Shape of maps .............: (200, 33)
2019-07-25T10:00:04: === GCTACubeEdisp ===
2019-07-25T10:00:04:  Filename ..................: /cta/carli/CPPM_Internship/Simulations_and_Analyses/minus_gradient_AEff_South_z40_50h/source2b/edisp_cube.fits
2019-07-25T10:00:04: === GEnergies ===
2019-07-25T10:00:04:  Number of energies ........: 33
2019-07-25T10:00:04:  Number of migra bins ......: 100
2019-07-25T10:00:04:  Migra range ...............: 0.02 - 2
2019-07-25T10:00:04: === GSkyMap ===
2019-07-25T10:00:04:  Number of pixels ..........: 1
2019-07-25T10:00:04:  X axis dimension ..........: 1
2019-07-25T10:00:04:  Y axis dimension ..........: 1
2019-07-25T10:00:04:  Number of maps ............: 3300
2019-07-25T10:00:04:  Shape of maps .............: (100, 33)
2019-07-25T10:00:04: === GCTACubeBackground ===
2019-07-25T10:00:04:  Filename ..................: /cta/carli/CPPM_Internship/Simulations_and_Analyses/minus_gradient_AEff_South_z40_50h/source2b/background_cube.fits
2019-07-25T10:00:04: === GEbounds ===
2019-07-25T10:00:04:  Number of intervals .......: 32
2019-07-25T10:00:04:  Energy range ..............: 100 GeV - 199.526229858398 TeV
2019-07-25T10:00:04: === GSkyMap ===
2019-07-25T10:00:04:  Number of pixels ..........: 6400
2019-07-25T10:00:04:  X axis dimension ..........: 80
2019-07-25T10:00:04:  Y axis dimension ..........: 80
2019-07-25T10:00:04:  Number of maps ............: 32
2019-07-25T10:00:04:  Shape of maps .............: (32)
2019-07-25T10:00:04: === GCTAResponseCache ===
2019-07-25T10:00:04:  Number of cached values ...: 0
2019-07-25T10:00:04: === GCTAEventCube ===
2019-07-25T10:00:04:  Number of events ..........: 315056
2019-07-25T10:00:04:  Number of elements ........: 204800
2019-07-25T10:00:04:  Number of pixels ..........: 6400
2019-07-25T10:00:04:  Number of energy bins .....: 32
2019-07-25T10:00:04:  Time interval .............: 51544.5 - 51546.1666666667 days
2019-07-25T10:00:04:  Pointing ..................: (RA,Dec)=(84.1331,22.0145)
2019-07-25T10:00:04: === GEbounds ===
2019-07-25T10:00:04:  Number of intervals .......: 32
2019-07-25T10:00:04:  Energy range ..............: 100 GeV - 199.526229858398 TeV
2019-07-25T10:00:04: === GSkyMap ===
2019-07-25T10:00:04:  Number of pixels ..........: 6400
2019-07-25T10:00:04:  X axis dimension ..........: 80
2019-07-25T10:00:04:  Y axis dimension ..........: 80
2019-07-25T10:00:04:  Number of maps ............: 32
2019-07-25T10:00:04:  Shape of maps .............: (32)
2019-07-25T10:00:04: === GSkyRegions ===
2019-07-25T10:00:04:  Number of regions .........: 0
2019-07-25T10:00:04: === GModels ===
2019-07-25T10:00:04:  Number of models ..........: 2
2019-07-25T10:00:04:  Number of parameters ......: 11
2019-07-25T10:00:04: === GModelSky ===
2019-07-25T10:00:04:  Name ......................: source2b
2019-07-25T10:00:04:  Instruments ...............: all
2019-07-25T10:00:04:  Test Statistic ............: 41123.127
2019-07-25T10:00:04:  Observation identifiers ...: all
2019-07-25T10:00:04:  Model type ................: PointSource
2019-07-25T10:00:04:  Model components ..........: "PointSource" * "ExponentialCutoffPowerLaw" * "Constant"
2019-07-25T10:00:04:  Number of parameters ......: 7
2019-07-25T10:00:04:  Number of spatial par's ...: 2
2019-07-25T10:00:04:   RA .......................: 83.6331 [-360,360] deg (fixed,scale=1)
2019-07-25T10:00:04:   DEC ......................: 22.0145 [-90,90] deg (fixed,scale=1)
2019-07-25T10:00:04:  Number of spectral par's ..: 4
2019-07-25T10:00:04:   Prefactor ................: 1.51453230923231e-18 [1e-25,1e-15] ph/cm2/s/MeV (fixed,scale=1e-18,gradient)
2019-07-25T10:00:04:   Index ....................: -2.0067114688692 [-0,-5]  (fixed,scale=-1,gradient)
2019-07-25T10:00:04:   CutoffEnergy .............: 204398482.22806 +/- 56933308.1379013 [1000000,100000000000] MeV (free,scale=100000000,gradient)
2019-07-25T10:00:04:   PivotEnergy ..............: 1000000 [10000,1000000000] MeV (fixed,scale=1000000,gradient)
2019-07-25T10:00:04:  Number of temporal par's ..: 1
2019-07-25T10:00:04:   Normalization ............: 1 (relative value) (fixed,scale=1,gradient)
2019-07-25T10:00:04:  Number of scale par's .....: 0
2019-07-25T10:00:04: === GCTAModelCubeBackground ===
2019-07-25T10:00:04:  Name ......................: BackgroundModel
2019-07-25T10:00:04:  Instruments ...............: CTA, HESS, MAGIC, VERITAS
2019-07-25T10:00:04:  Observation identifiers ...: all
2019-07-25T10:00:04:  Model type ................: "PowerLaw" * "Constant"
2019-07-25T10:00:04:  Number of parameters ......: 4
2019-07-25T10:00:04:  Number of spectral par's ..: 3
2019-07-25T10:00:04:   Prefactor ................: 0.992637216025784 [0.01,100] ph/cm2/s/MeV (fixed,scale=1,gradient)
2019-07-25T10:00:04:   Index ....................: -0.00372480240923512 [-5,5]  (fixed,scale=1,gradient)
2019-07-25T10:00:04:   PivotEnergy ..............: 1000000 MeV (fixed,scale=1000000,gradient)
2019-07-25T10:00:04:  Number of temporal par's ..: 1
2019-07-25T10:00:04:   Normalization ............: 1 (relative value) (fixed,scale=1,gradient)
2019-07-25T10:00:04: 
2019-07-25T10:00:04: +=============================+
2019-07-25T10:00:04: | Compute best-fit likelihood |
2019-07-25T10:00:04: +=============================+
2019-07-25T10:01:35: === GOptimizerLM ===
2019-07-25T10:01:35:  Optimized function value ..: -320185.987
2019-07-25T10:01:35:  Absolute precision ........: 0.005
2019-07-25T10:01:35:  Acceptable value decrease .: 2
2019-07-25T10:01:35:  Optimization status .......: converged
2019-07-25T10:01:35:  Number of parameters ......: 11
2019-07-25T10:01:35:  Number of free parameters .: 1
2019-07-25T10:01:35:  Number of iterations ......: 1
2019-07-25T10:01:35:  Lambda ....................: 0.0001
2019-07-25T10:01:35:  Maximum log likelihood ....: -320185.987
2019-07-25T10:01:35: === GModels ===
2019-07-25T10:01:35:  Number of models ..........: 2
2019-07-25T10:01:35:  Number of parameters ......: 11
2019-07-25T10:01:35: === GModelSky ===
2019-07-25T10:01:35:  Name ......................: source2b
2019-07-25T10:01:35:  Instruments ...............: all
2019-07-25T10:01:35:  Test Statistic ............: 41123.127
2019-07-25T10:01:35:  Observation identifiers ...: all
2019-07-25T10:01:35:  Model type ................: PointSource
2019-07-25T10:01:35:  Model components ..........: "PointSource" * "ExponentialCutoffPowerLaw" * "Constant"
2019-07-25T10:01:35:  Number of parameters ......: 7
2019-07-25T10:01:35:  Number of spatial par's ...: 2
2019-07-25T10:01:35:   RA .......................: 83.6331 [-360,360] deg (fixed,scale=1)
2019-07-25T10:01:35:   DEC ......................: 22.0145 [-90,90] deg (fixed,scale=1)
2019-07-25T10:01:35:  Number of spectral par's ..: 4
2019-07-25T10:01:35:   Prefactor ................: 1.51453230923231e-18 [1e-25,1e-15] ph/cm2/s/MeV (fixed,scale=1e-18,gradient)
2019-07-25T10:01:35:   Index ....................: -2.0067114688692 [-0,-5]  (fixed,scale=-1,gradient)
2019-07-25T10:01:35:   CutoffEnergy .............: 204510949.213669 +/- 40986214.3509457 [1000000,100000000000] MeV (free,scale=100000000,gradient)
2019-07-25T10:01:35:   PivotEnergy ..............: 1000000 [10000,1000000000] MeV (fixed,scale=1000000,gradient)
2019-07-25T10:01:35:  Number of temporal par's ..: 1
2019-07-25T10:01:35:   Normalization ............: 1 (relative value) (fixed,scale=1,gradient)
2019-07-25T10:01:35:  Number of scale par's .....: 0
2019-07-25T10:01:35: === GCTAModelCubeBackground ===
2019-07-25T10:01:35:  Name ......................: BackgroundModel
2019-07-25T10:01:35:  Instruments ...............: CTA, HESS, MAGIC, VERITAS
2019-07-25T10:01:35:  Observation identifiers ...: all
2019-07-25T10:01:35:  Model type ................: "PowerLaw" * "Constant"
2019-07-25T10:01:35:  Number of parameters ......: 4
2019-07-25T10:01:35:  Number of spectral par's ..: 3
2019-07-25T10:01:35:   Prefactor ................: 0.992637216025784 [0.01,100] ph/cm2/s/MeV (fixed,scale=1,gradient)
2019-07-25T10:01:35:   Index ....................: -0.00372480240923512 [-5,5]  (fixed,scale=1,gradient)
2019-07-25T10:01:35:   PivotEnergy ..............: 1000000 MeV (fixed,scale=1000000,gradient)
2019-07-25T10:01:35:  Number of temporal par's ..: 1
2019-07-25T10:01:35:   Normalization ............: 1 (relative value) (fixed,scale=1,gradient)
2019-07-25T10:01:35: 
2019-07-25T10:01:35: +==============================================================+
2019-07-25T10:01:35: | Compute error for source "source2b" parameter "CutoffEnergy" |
2019-07-25T10:01:35: +==============================================================+
2019-07-25T10:01:35:  Confidence level ..........: 95 %
2019-07-25T10:01:35:  Log-likelihood difference .: 1.92073
2019-07-25T10:01:35:  Initial factor range ......: [0.01, 6.14373092723126]
2019-07-25T10:01:46:    Iteration 1 .............: [0.01, 2.04510949213669]
2019-07-25T10:01:56:    Iteration 2 .............: [1.02755474606834, 2.04510949213669]
2019-07-25T10:02:06:    Iteration 3 .............: [1.02755474606834, 1.53633211910251]
2019-07-25T10:02:16:    Iteration 4 .............: [1.28194343258543, 1.53633211910251]
2019-07-25T10:02:27:    Iteration 5 .............: [1.40913777584397, 1.53633211910251]
2019-07-25T10:02:37:    Iteration 6 .............: [1.40913777584397, 1.47273494747324]
2019-07-25T10:02:47:    Iteration 7 .............: [1.44093636165861, 1.47273494747324]
2019-07-25T10:02:58:    Iteration 8 .............: [1.44093636165861, 1.45683565456592]
2019-07-25T10:03:08:    Iteration 9 .............: [1.44093636165861, 1.44888600811227]
2019-07-25T10:03:18:    Iteration 10 ............: [1.44093636165861, 1.44491118488544]
2019-07-25T10:03:28:    Iteration 1 .............: [2.04510949213669, 6.14373092723126]
2019-07-25T10:03:38:    Iteration 2 .............: [2.04510949213669, 4.09442020968397]
2019-07-25T10:03:48:    Iteration 3 .............: [3.06976485091033, 4.09442020968397]
2019-07-25T10:03:58:    Iteration 4 .............: [3.06976485091033, 3.58209253029715]
2019-07-25T10:04:08:    Iteration 5 .............: [3.32592869060374, 3.58209253029715]
2019-07-25T10:04:19:    Iteration 6 .............: [3.32592869060374, 3.45401061045044]
2019-07-25T10:04:29:    Iteration 7 .............: [3.38996965052709, 3.45401061045044]
2019-07-25T10:04:39:    Iteration 8 .............: [3.38996965052709, 3.42199013048877]
2019-07-25T10:04:50:    Iteration 9 .............: [3.38996965052709, 3.40597989050793]
2019-07-25T10:05:00:    Iteration 10 ............: [3.38996965052709, 3.39797477051751]
2019-07-25T10:05:10:    Iteration 11 ............: [3.3939722105223, 3.39797477051751]
2019-07-25T10:05:10:  Lower parameter factor ....: 1.44292
2019-07-25T10:05:10:  Upper parameter factor ....: 3.39597
2019-07-25T10:05:10:  Error from curvature ......: 40986214.3509457 MeV
2019-07-25T10:05:10:  Error from profile ........: 97652485.8623942 MeV
2019-07-25T10:05:10:  Negative profile error ....: 60218571.8864664 MeV
2019-07-25T10:05:10:  Positive profile error ....: 135086399.838322 MeV
2019-07-25T10:05:10: 
2019-07-25T10:05:10: +==============+
2019-07-25T10:05:10: | Save results |
2019-07-25T10:05:10: +==============+
2019-07-25T10:05:10:  Model definition file .....: NONE
2019-07-25T10:05:10: 
2019-07-25T10:05:10: Application "cterror" terminated after 306 wall clock seconds, consuming 376.79 seconds of CPU time.
