2019-07-22T15:23:40: ********************************************************************************
2019-07-22T15:23:40: *                                    ctlike                                    *
2019-07-22T15:23:40: * ---------------------------------------------------------------------------- *
2019-07-22T15:23:40: * Version: 1.6.0                                                               *
2019-07-22T15:23:40: ********************************************************************************
2019-07-22T15:23:40: +============+
2019-07-22T15:23:40: | Parameters |
2019-07-22T15:23:40: +============+
2019-07-22T15:23:40:  inobs .....................: /cta/carli/CPPM_Internship/Simulations_and_Analyses/minus_gradient_AEff_South_z40_50h/source2b/obs_cube.fits
2019-07-22T15:23:40:  inmodel ...................: sourcemodel_cube.xml
2019-07-22T15:23:40:  expcube ...................: /cta/carli/CPPM_Internship/Simulations_and_Analyses/minus_gradient_AEff_South_z40_50h/source2b/exposure_cube.fits
2019-07-22T15:23:40:  psfcube ...................: /cta/carli/CPPM_Internship/Simulations_and_Analyses/minus_gradient_AEff_South_z40_50h/source2b/PSF_cube.fits
2019-07-22T15:23:40:  edispcube .................: /cta/carli/CPPM_Internship/Simulations_and_Analyses/minus_gradient_AEff_South_z40_50h/source2b/edisp_cube.fits
2019-07-22T15:23:40:  bkgcube ...................: /cta/carli/CPPM_Internship/Simulations_and_Analyses/minus_gradient_AEff_South_z40_50h/source2b/background_cube.fits
2019-07-22T15:23:40:  caldb .....................: prod3b-v2
2019-07-22T15:23:40:  irf .......................: minus_gradient_AEff_South_z40_50h
2019-07-22T15:23:40:  edisp .....................: yes
2019-07-22T15:23:40:  outmodel ..................: /cta/carli/CPPM_Internship/Simulations_and_Analyses/minus_gradient_AEff_South_z40_50h/source2b/obsmodel_binned.xml
2019-07-22T15:23:40:  outcovmat .................: NONE
2019-07-22T15:23:40:  statistic .................: DEFAULT
2019-07-22T15:23:40:  refit .....................: no
2019-07-22T15:23:40:  like_accuracy .............: 0.005
2019-07-22T15:23:40:  max_iter ..................: 50
2019-07-22T15:23:40:  fix_spat_for_ts ...........: no
2019-07-22T15:23:40:  nthreads ..................: 0
2019-07-22T15:23:40:  chatter ...................: 4
2019-07-22T15:23:40:  clobber ...................: yes
2019-07-22T15:23:40:  debug .....................: no
2019-07-22T15:23:40:  mode ......................: ql
2019-07-22T15:23:40:  logfile ...................: ctlike.log
2019-07-22T15:23:40: 
2019-07-22T15:23:40: +===================+
2019-07-22T15:23:40: | Input observation |
2019-07-22T15:23:40: +===================+
2019-07-22T15:23:40: === GObservations ===
2019-07-22T15:23:40:  Number of observations ....: 1
2019-07-22T15:23:40:  Number of models ..........: 2
2019-07-22T15:23:40:  Number of observed events .: 315056
2019-07-22T15:23:40:  Number of predicted events : 0
2019-07-22T15:23:40: === GCTAObservation ===
2019-07-22T15:23:40:  Name ......................: 
2019-07-22T15:23:40:  Identifier ................: 000001
2019-07-22T15:23:40:  Instrument ................: CTA
2019-07-22T15:23:40:  Event file ................: /cta/carli/CPPM_Internship/Simulations_and_Analyses/minus_gradient_AEff_South_z40_50h/source2b/obs_cube.fits
2019-07-22T15:23:40:  Event type ................: CountsCube
2019-07-22T15:23:40:  Statistic .................: cstat
2019-07-22T15:23:40:  Ontime ....................: 144000 s
2019-07-22T15:23:40:  Livetime ..................: 141120 s
2019-07-22T15:23:40:  Deadtime correction .......: 0.98
2019-07-22T15:23:40:  User energy range .........: undefined
2019-07-22T15:23:40: === GCTAPointing ===
2019-07-22T15:23:40:  Pointing direction ........: (RA,Dec)=(84.1331,22.0145)
2019-07-22T15:23:40: === GCTAResponseCube ===
2019-07-22T15:23:40:  Energy dispersion .........: Used
2019-07-22T15:23:40: === GCTACubeExposure ===
2019-07-22T15:23:40:  Filename ..................: /cta/carli/CPPM_Internship/Simulations_and_Analyses/minus_gradient_AEff_South_z40_50h/source2b/exposure_cube.fits
2019-07-22T15:23:40:  Livetime ..................: 141120 sec
2019-07-22T15:23:40: === GEnergies ===
2019-07-22T15:23:40:  Number of energies ........: 33
2019-07-22T15:23:40: === GGti ===
2019-07-22T15:23:40:  Number of intervals .......: 1
2019-07-22T15:23:40:  Ontime ....................: 144000 sec
2019-07-22T15:23:40:  Elapsed time ..............: 144000 sec
2019-07-22T15:23:40:  MJD range .................: 51544.5 - 51546.1666666667 s (TT)
2019-07-22T15:23:40:  UTC range .................: 2000-01-01T11:58:56 - 2000-01-03T03:58:56 s (TT)
2019-07-22T15:23:40:  Reference MJD .............: 51544.5
2019-07-22T15:23:40: === GSkyMap ===
2019-07-22T15:23:40:  Number of pixels ..........: 6400
2019-07-22T15:23:40:  X axis dimension ..........: 80
2019-07-22T15:23:40:  Y axis dimension ..........: 80
2019-07-22T15:23:40:  Number of maps ............: 33
2019-07-22T15:23:40:  Shape of maps .............: (33)
2019-07-22T15:23:40: === GCTACubePsf ===
2019-07-22T15:23:40:  Filename ..................: /cta/carli/CPPM_Internship/Simulations_and_Analyses/minus_gradient_AEff_South_z40_50h/source2b/PSF_cube.fits
2019-07-22T15:23:40: === GEnergies ===
2019-07-22T15:23:40:  Number of energies ........: 33
2019-07-22T15:23:40:  Number of delta bins ......: 200
2019-07-22T15:23:40:  Delta range ...............: 1.875e-06 - 0.298501875 deg
2019-07-22T15:23:40: === GSkyMap ===
2019-07-22T15:23:40:  Number of pixels ..........: 1
2019-07-22T15:23:40:  X axis dimension ..........: 1
2019-07-22T15:23:40:  Y axis dimension ..........: 1
2019-07-22T15:23:40:  Number of maps ............: 6600
2019-07-22T15:23:40:  Shape of maps .............: (200, 33)
2019-07-22T15:23:40: === GCTACubeEdisp ===
2019-07-22T15:23:40:  Filename ..................: /cta/carli/CPPM_Internship/Simulations_and_Analyses/minus_gradient_AEff_South_z40_50h/source2b/edisp_cube.fits
2019-07-22T15:23:40: === GEnergies ===
2019-07-22T15:23:40:  Number of energies ........: 33
2019-07-22T15:23:40:  Number of migra bins ......: 100
2019-07-22T15:23:40:  Migra range ...............: 0.02 - 2
2019-07-22T15:23:40: === GSkyMap ===
2019-07-22T15:23:40:  Number of pixels ..........: 1
2019-07-22T15:23:40:  X axis dimension ..........: 1
2019-07-22T15:23:40:  Y axis dimension ..........: 1
2019-07-22T15:23:40:  Number of maps ............: 3300
2019-07-22T15:23:40:  Shape of maps .............: (100, 33)
2019-07-22T15:23:40: === GCTACubeBackground ===
2019-07-22T15:23:40:  Filename ..................: /cta/carli/CPPM_Internship/Simulations_and_Analyses/minus_gradient_AEff_South_z40_50h/source2b/background_cube.fits
2019-07-22T15:23:40: === GEbounds ===
2019-07-22T15:23:40:  Number of intervals .......: 32
2019-07-22T15:23:40:  Energy range ..............: 100 GeV - 199.526229858398 TeV
2019-07-22T15:23:40: === GSkyMap ===
2019-07-22T15:23:40:  Number of pixels ..........: 6400
2019-07-22T15:23:40:  X axis dimension ..........: 80
2019-07-22T15:23:40:  Y axis dimension ..........: 80
2019-07-22T15:23:40:  Number of maps ............: 32
2019-07-22T15:23:40:  Shape of maps .............: (32)
2019-07-22T15:23:40: === GCTAResponseCache ===
2019-07-22T15:23:40:  Number of cached values ...: 0
2019-07-22T15:23:40: === GCTAEventCube ===
2019-07-22T15:23:40:  Number of events ..........: 315056
2019-07-22T15:23:40:  Number of elements ........: 204800
2019-07-22T15:23:40:  Number of pixels ..........: 6400
2019-07-22T15:23:40:  Number of energy bins .....: 32
2019-07-22T15:23:40:  Time interval .............: 51544.5 - 51546.1666666667 days
2019-07-22T15:23:40:  Pointing ..................: (RA,Dec)=(84.1331,22.0145)
2019-07-22T15:23:40: === GEbounds ===
2019-07-22T15:23:40:  Number of intervals .......: 32
2019-07-22T15:23:40:  Energy range ..............: 100 GeV - 199.526229858398 TeV
2019-07-22T15:23:40: === GSkyMap ===
2019-07-22T15:23:40:  Number of pixels ..........: 6400
2019-07-22T15:23:40:  X axis dimension ..........: 80
2019-07-22T15:23:40:  Y axis dimension ..........: 80
2019-07-22T15:23:40:  Number of maps ............: 32
2019-07-22T15:23:40:  Shape of maps .............: (32)
2019-07-22T15:23:40: === GSkyRegions ===
2019-07-22T15:23:40:  Number of regions .........: 0
2019-07-22T15:23:40: === GModels ===
2019-07-22T15:23:40:  Number of models ..........: 2
2019-07-22T15:23:40:  Number of parameters ......: 11
2019-07-22T15:23:40: === GModelSky ===
2019-07-22T15:23:40:  Name ......................: source2b
2019-07-22T15:23:40:  Instruments ...............: all
2019-07-22T15:23:40:  Test Statistic ............: Computation requested
2019-07-22T15:23:40:  Observation identifiers ...: all
2019-07-22T15:23:40:  Model type ................: PointSource
2019-07-22T15:23:40:  Model components ..........: "PointSource" * "ExponentialCutoffPowerLaw" * "Constant"
2019-07-22T15:23:40:  Number of parameters ......: 7
2019-07-22T15:23:40:  Number of spatial par's ...: 2
2019-07-22T15:23:40:   RA .......................: 83.6331 [-360,360] deg (fixed,scale=1)
2019-07-22T15:23:40:   DEC ......................: 22.0145 [-90,90] deg (fixed,scale=1)
2019-07-22T15:23:40:  Number of spectral par's ..: 4
2019-07-22T15:23:40:   Prefactor ................: 1.52e-18 +/- 0 [1e-25,1e-15] ph/cm2/s/MeV (free,scale=1e-18,gradient)
2019-07-22T15:23:40:   Index ....................: -2 +/- 0 [-0,-5]  (free,scale=-1,gradient)
2019-07-22T15:23:40:   CutoffEnergy .............: 100000000 +/- 0 [1000000,100000000000] MeV (free,scale=100000000,gradient)
2019-07-22T15:23:40:   PivotEnergy ..............: 1000000 [10000,1000000000] MeV (fixed,scale=1000000,gradient)
2019-07-22T15:23:40:  Number of temporal par's ..: 1
2019-07-22T15:23:40:   Normalization ............: 1 (relative value) (fixed,scale=1,gradient)
2019-07-22T15:23:40:  Number of scale par's .....: 0
2019-07-22T15:23:40: === GCTAModelCubeBackground ===
2019-07-22T15:23:40:  Name ......................: BackgroundModel
2019-07-22T15:23:40:  Instruments ...............: CTA, HESS, MAGIC, VERITAS
2019-07-22T15:23:40:  Observation identifiers ...: all
2019-07-22T15:23:40:  Model type ................: "PowerLaw" * "Constant"
2019-07-22T15:23:40:  Number of parameters ......: 4
2019-07-22T15:23:40:  Number of spectral par's ..: 3
2019-07-22T15:23:40:   Prefactor ................: 1 +/- 0 [0.01,100] ph/cm2/s/MeV (free,scale=1,gradient)
2019-07-22T15:23:40:   Index ....................: 0 +/- 0 [-5,5]  (free,scale=1,gradient)
2019-07-22T15:23:40:   PivotEnergy ..............: 1000000 MeV (fixed,scale=1000000,gradient)
2019-07-22T15:23:40:  Number of temporal par's ..: 1
2019-07-22T15:23:40:   Normalization ............: 1 (relative value) (fixed,scale=1,gradient)
2019-07-22T15:23:40: 
2019-07-22T15:23:40: +=================================+
2019-07-22T15:23:40: | Maximum likelihood optimisation |
2019-07-22T15:23:40: +=================================+
2019-07-22T15:24:12:  >Iteration   0: -logL=-320176.150, Lambda=1.0e-03
2019-07-22T15:24:41:  >Iteration   1: -logL=-320184.213, Lambda=1.0e-03, delta=8.062, step=1.0e+00, max(|grad|)=110.153791 [Index:3]
2019-07-22T15:25:10:  >Iteration   2: -logL=-320185.729, Lambda=1.0e-04, delta=1.516, step=1.0e+00, max(|grad|)=42.590494 [Index:3]
2019-07-22T15:25:39:  >Iteration   3: -logL=-320185.970, Lambda=1.0e-05, delta=0.241, step=1.0e+00, max(|grad|)=9.337725 [Index:3]
2019-07-22T15:26:08:  >Iteration   4: -logL=-320185.986, Lambda=1.0e-06, delta=0.016, step=1.0e+00, max(|grad|)=0.891736 [Index:3]
2019-07-22T15:26:37:  >Iteration   5: -logL=-320185.987, Lambda=1.0e-07, delta=0.000, step=1.0e+00, max(|grad|)=0.048887 [Index:3]
2019-07-22T15:26:37:  
2019-07-22T15:26:37:  +==================+
2019-07-22T15:26:37:  | Curvature matrix |
2019-07-22T15:26:37:  +==================+
2019-07-22T15:26:37:  === GMatrixSparse ===
2019-07-22T15:26:37:   Number of rows ............: 11
2019-07-22T15:26:37:   Number of columns .........: 11
2019-07-22T15:26:37:   Number of nonzero elements : 25
2019-07-22T15:26:37:   Number of allocated cells .: 537
2019-07-22T15:26:37:   Memory block size .........: 512
2019-07-22T15:26:37:   Sparse matrix fill ........: 0.206611570247934
2019-07-22T15:26:37:   Pending element ...........: 0
2019-07-22T15:26:37:   Fill stack size ...........: 0 (none)
2019-07-22T15:26:37:   0, 0, 0, 0, 0, 0, 0, 0, 0, 0, 0
2019-07-22T15:26:37:   0, 0, 0, 0, 0, 0, 0, 0, 0, 0, 0
2019-07-22T15:26:37:   0, 0, 3617.49265123714, -1662.96998550678, 53.4014054285045, 0, 0, 1986.4327311202, -2836.44024636835, 0, 0
2019-07-22T15:26:37:   0, 0, -1662.96998550678, 16591.5477189317, -206.333431456878, 0, 0, 4366.01567568909, -7895.47997558858, 0, 0
2019-07-22T15:26:37:   0, 0, 53.4014054285045, -206.333431456878, 5.96593831023898, 0, 0, 2.80969389399266, -0.183537278790105, 0, 0
2019-07-22T15:26:37:   0, 0, 0, 0, 0, 0, 0, 0, 0, 0, 0
2019-07-22T15:26:37:   0, 0, 0, 0, 0, 0, 0, 0, 0, 0, 0
2019-07-22T15:26:37:   0, 0, 1986.4327311202, 4366.0156756891, 2.80969389399265, 0, 0, 303465.688573841, -474469.331416494, 0, 0
2019-07-22T15:26:37:   0, 0, -2836.44024636835, -7895.47997558858, -0.183537278790112, 0, 0, -474469.331416493, 893170.69471402, 0, 0
2019-07-22T15:26:37:   0, 0, 0, 0, 0, 0, 0, 0, 0, 0, 0
2019-07-22T15:26:37:   0, 0, 0, 0, 0, 0, 0, 0, 0, 0, 0
2019-07-22T15:27:06: 
2019-07-22T15:27:06: +====================================+
2019-07-22T15:27:06: | Maximum likelihood re-optimisation |
2019-07-22T15:27:06: +====================================+
2019-07-22T15:27:06:  >Iteration   0: -logL=-298647.074, Lambda=1.0e-03
2019-07-22T15:27:07:  >Iteration   1: -logL=-299568.395, Lambda=1.0e-03, delta=921.321, step=1.0e+00, max(|grad|)=-3746.891292 [Prefactor:0]
2019-07-22T15:27:08:  >Iteration   2: -logL=-299624.047, Lambda=1.0e-04, delta=55.652, step=1.0e+00, max(|grad|)=-224.230062 [Prefactor:0]
2019-07-22T15:27:08:  >Iteration   3: -logL=-299624.422, Lambda=1.0e-05, delta=0.375, step=1.0e+00, max(|grad|)=-20.161851 [Index:1]
2019-07-22T15:27:09:  >Iteration   4: -logL=-299624.423, Lambda=1.0e-06, delta=0.001, step=1.0e+00, max(|grad|)=-1.670637 [Index:1]
2019-07-22T15:27:09: 
2019-07-22T15:27:09: +============================================+
2019-07-22T15:27:09: | Maximum likelihood re-optimisation results |
2019-07-22T15:27:09: +============================================+
2019-07-22T15:27:09: === GOptimizerLM ===
2019-07-22T15:27:09:  Optimized function value ..: -299624.423
2019-07-22T15:27:09:  Absolute precision ........: 0.005
2019-07-22T15:27:09:  Acceptable value decrease .: 2
2019-07-22T15:27:09:  Optimization status .......: converged
2019-07-22T15:27:09:  Number of parameters ......: 4
2019-07-22T15:27:09:  Number of free parameters .: 2
2019-07-22T15:27:09:  Number of iterations ......: 4
2019-07-22T15:27:09:  Lambda ....................: 1e-07
2019-07-22T15:27:09: 
2019-07-22T15:27:09: +=========================================+
2019-07-22T15:27:09: | Maximum likelihood optimisation results |
2019-07-22T15:27:09: +=========================================+
2019-07-22T15:27:09: === GOptimizerLM ===
2019-07-22T15:27:09:  Optimized function value ..: -320185.987
2019-07-22T15:27:09:  Absolute precision ........: 0.005
2019-07-22T15:27:09:  Acceptable value decrease .: 2
2019-07-22T15:27:09:  Optimization status .......: converged
2019-07-22T15:27:09:  Number of parameters ......: 11
2019-07-22T15:27:09:  Number of free parameters .: 5
2019-07-22T15:27:09:  Number of iterations ......: 5
2019-07-22T15:27:09:  Lambda ....................: 1e-08
2019-07-22T15:27:09:  Maximum log likelihood ....: 320185.987
2019-07-22T15:27:09:  Observed events  (Nobs) ...: 315056.000
2019-07-22T15:27:09:  Predicted events (Npred) ..: 313283.991 (Nobs - Npred = 1772.00918037171)
2019-07-22T15:27:09: === GModels ===
2019-07-22T15:27:09:  Number of models ..........: 2
2019-07-22T15:27:09:  Number of parameters ......: 11
2019-07-22T15:27:09: === GModelSky ===
2019-07-22T15:27:09:  Name ......................: source2b
2019-07-22T15:27:09:  Instruments ...............: all
2019-07-22T15:27:09:  Test Statistic ............: 41123.126558941
2019-07-22T15:27:09:  Observation identifiers ...: all
2019-07-22T15:27:09:  Model type ................: PointSource
2019-07-22T15:27:09:  Model components ..........: "PointSource" * "ExponentialCutoffPowerLaw" * "Constant"
2019-07-22T15:27:09:  Number of parameters ......: 7
2019-07-22T15:27:09:  Number of spatial par's ...: 2
2019-07-22T15:27:09:   RA .......................: 83.6331 [-360,360] deg (fixed,scale=1)
2019-07-22T15:27:09:   DEC ......................: 22.0145 [-90,90] deg (fixed,scale=1)
2019-07-22T15:27:09:  Number of spectral par's ..: 4
2019-07-22T15:27:09:   Prefactor ................: 1.51453230923231e-18 +/- 1.78918255974026e-20 [1e-25,1e-15] ph/cm2/s/MeV (free,scale=1e-18,gradient)
2019-07-22T15:27:09:   Index ....................: -2.0067114688692 +/- 0.0103272158849698 [-0,-5]  (free,scale=-1,gradient)
2019-07-22T15:27:09:   CutoffEnergy .............: 204398482.22806 +/- 56933308.1379013 [1000000,100000000000] MeV (free,scale=100000000,gradient)
2019-07-22T15:27:09:   PivotEnergy ..............: 1000000 [10000,1000000000] MeV (fixed,scale=1000000,gradient)
2019-07-22T15:27:09:  Number of temporal par's ..: 1
2019-07-22T15:27:09:   Normalization ............: 1 (relative value) (fixed,scale=1,gradient)
2019-07-22T15:27:09:  Number of scale par's .....: 0
2019-07-22T15:27:09: === GCTAModelCubeBackground ===
2019-07-22T15:27:09:  Name ......................: BackgroundModel
2019-07-22T15:27:09:  Instruments ...............: CTA, HESS, MAGIC, VERITAS
2019-07-22T15:27:09:  Observation identifiers ...: all
2019-07-22T15:27:09:  Model type ................: "PowerLaw" * "Constant"
2019-07-22T15:27:09:  Number of parameters ......: 4
2019-07-22T15:27:09:  Number of spectral par's ..: 3
2019-07-22T15:27:09:   Prefactor ................: 0.992637216025784 +/- 0.00441318250347936 [0.01,100] ph/cm2/s/MeV (free,scale=1,gradient)
2019-07-22T15:27:09:   Index ....................: -0.00372480240923512 +/- 0.00257152331257734 [-5,5]  (free,scale=1,gradient)
2019-07-22T15:27:09:   PivotEnergy ..............: 1000000 MeV (fixed,scale=1000000,gradient)
2019-07-22T15:27:09:  Number of temporal par's ..: 1
2019-07-22T15:27:09:   Normalization ............: 1 (relative value) (fixed,scale=1,gradient)
2019-07-22T15:27:09: 
2019-07-22T15:27:09: +==============+
2019-07-22T15:27:09: | Save results |
2019-07-22T15:27:09: +==============+
2019-07-22T15:27:09:  Model definition file .....: /cta/carli/CPPM_Internship/Simulations_and_Analyses/minus_gradient_AEff_South_z40_50h/source2b/obsmodel_binned.xml
2019-07-22T15:27:09:  Covariance matrix file ....: NONE
2019-07-22T15:27:09: 
2019-07-22T15:27:09: Application "ctlike" terminated after 209 wall clock seconds, consuming 216.51 seconds of CPU time.
