2019-07-23T18:08:53: ********************************************************************************
2019-07-23T18:08:53: *                                  ctbutterfly                                 *
2019-07-23T18:08:53: * ---------------------------------------------------------------------------- *
2019-07-23T18:08:53: * Version: 1.6.0                                                               *
2019-07-23T18:08:53: ********************************************************************************
2019-07-23T18:08:53: +============+
2019-07-23T18:08:53: | Parameters |
2019-07-23T18:08:53: +============+
2019-07-23T18:08:53:  inobs .....................: /cta/carli/CPPM_Internship/Simulations_and_Analyses/minus_constant_EDisp_South_z40_50h/source2c/obs_cube.fits
2019-07-23T18:08:53:  inmodel ...................: /cta/carli/CPPM_Internship/Simulations_and_Analyses/minus_constant_EDisp_South_z40_50h/source2c/obsmodel_binned.xml
2019-07-23T18:08:53:  srcname ...................: source2c
2019-07-23T18:08:53:  expcube ...................: /cta/carli/CPPM_Internship/Simulations_and_Analyses/minus_constant_EDisp_South_z40_50h/source2c/exposure_cube.fits
2019-07-23T18:08:53:  psfcube ...................: /cta/carli/CPPM_Internship/Simulations_and_Analyses/minus_constant_EDisp_South_z40_50h/source2c/PSF_cube.fits
2019-07-23T18:08:53:  edispcube .................: /cta/carli/CPPM_Internship/Simulations_and_Analyses/minus_constant_EDisp_South_z40_50h/source2c/edisp_cube.fits
2019-07-23T18:08:53:  bkgcube ...................: /cta/carli/CPPM_Internship/Simulations_and_Analyses/minus_constant_EDisp_South_z40_50h/source2c/background_cube.fits
2019-07-23T18:08:53:  caldb .....................: prod3b-v2
2019-07-23T18:08:53:  irf .......................: South_z40_50h
2019-07-23T18:08:53:  edisp .....................: yes
2019-07-23T18:08:53:  outfile ...................: /cta/carli/CPPM_Internship/Simulations_and_Analyses/minus_constant_EDisp_South_z40_50h/source2c/butterfly_binned.ascii
2019-07-23T18:08:53:  method ....................: GAUSSIAN
2019-07-23T18:08:53:  fit .......................: no
2019-07-23T18:08:53:  confidence ................: 0.68
2019-07-23T18:08:53:  statistic .................: DEFAULT
2019-07-23T18:08:53:  like_accuracy .............: 0.005
2019-07-23T18:08:53:  max_iter ..................: 50
2019-07-23T18:08:53:  matrix ....................: NONE
2019-07-23T18:08:53:  ebinalg ...................: LOG
2019-07-23T18:08:53:  emin ......................: 0.1
2019-07-23T18:08:53:  emax ......................: 199.526229858398
2019-07-23T18:08:53:  enumbins ..................: 32
2019-07-23T18:08:53:  ebinfile ..................: [not queried]
2019-07-23T18:08:53:  chatter ...................: 4
2019-07-23T18:08:53:  clobber ...................: yes
2019-07-23T18:08:53:  debug .....................: no
2019-07-23T18:08:53:  mode ......................: ql
2019-07-23T18:08:53:  logfile ...................: ctbutterfly.log
2019-07-23T18:08:53: 
2019-07-23T18:08:53: +===================+
2019-07-23T18:08:53: | Input observation |
2019-07-23T18:08:53: +===================+
2019-07-23T18:08:53: === GObservations ===
2019-07-23T18:08:53:  Number of observations ....: 1
2019-07-23T18:08:53:  Number of models ..........: 2
2019-07-23T18:08:53:  Number of observed events .: 300092
2019-07-23T18:08:53:  Number of predicted events : 0
2019-07-23T18:08:53: === GCTAObservation ===
2019-07-23T18:08:53:  Name ......................: 
2019-07-23T18:08:53:  Identifier ................: 000001
2019-07-23T18:08:53:  Instrument ................: CTA
2019-07-23T18:08:53:  Event file ................: /cta/carli/CPPM_Internship/Simulations_and_Analyses/minus_constant_EDisp_South_z40_50h/source2c/obs_cube.fits
2019-07-23T18:08:53:  Event type ................: CountsCube
2019-07-23T18:08:53:  Statistic .................: cstat
2019-07-23T18:08:53:  Ontime ....................: 144000 s
2019-07-23T18:08:53:  Livetime ..................: 141120 s
2019-07-23T18:08:53:  Deadtime correction .......: 0.98
2019-07-23T18:08:53:  User energy range .........: undefined
2019-07-23T18:08:53: === GCTAPointing ===
2019-07-23T18:08:53:  Pointing direction ........: (RA,Dec)=(84.1331,22.0145)
2019-07-23T18:08:53: === GCTAResponseCube ===
2019-07-23T18:08:53:  Energy dispersion .........: Used
2019-07-23T18:08:53: === GCTACubeExposure ===
2019-07-23T18:08:53:  Filename ..................: /cta/carli/CPPM_Internship/Simulations_and_Analyses/minus_constant_EDisp_South_z40_50h/source2c/exposure_cube.fits
2019-07-23T18:08:53:  Livetime ..................: 141120 sec
2019-07-23T18:08:53: === GEnergies ===
2019-07-23T18:08:53:  Number of energies ........: 33
2019-07-23T18:08:53: === GGti ===
2019-07-23T18:08:53:  Number of intervals .......: 1
2019-07-23T18:08:53:  Ontime ....................: 144000 sec
2019-07-23T18:08:53:  Elapsed time ..............: 144000 sec
2019-07-23T18:08:53:  MJD range .................: 51544.5 - 51546.1666666667 s (TT)
2019-07-23T18:08:53:  UTC range .................: 2000-01-01T11:58:56 - 2000-01-03T03:58:56 s (TT)
2019-07-23T18:08:53:  Reference MJD .............: 51544.5
2019-07-23T18:08:53: === GSkyMap ===
2019-07-23T18:08:53:  Number of pixels ..........: 6400
2019-07-23T18:08:53:  X axis dimension ..........: 80
2019-07-23T18:08:53:  Y axis dimension ..........: 80
2019-07-23T18:08:53:  Number of maps ............: 33
2019-07-23T18:08:53:  Shape of maps .............: (33)
2019-07-23T18:08:53: === GCTACubePsf ===
2019-07-23T18:08:53:  Filename ..................: /cta/carli/CPPM_Internship/Simulations_and_Analyses/minus_constant_EDisp_South_z40_50h/source2c/PSF_cube.fits
2019-07-23T18:08:53: === GEnergies ===
2019-07-23T18:08:53:  Number of energies ........: 33
2019-07-23T18:08:53:  Number of delta bins ......: 200
2019-07-23T18:08:53:  Delta range ...............: 1.875e-06 - 0.298501875 deg
2019-07-23T18:08:53: === GSkyMap ===
2019-07-23T18:08:53:  Number of pixels ..........: 1
2019-07-23T18:08:53:  X axis dimension ..........: 1
2019-07-23T18:08:53:  Y axis dimension ..........: 1
2019-07-23T18:08:53:  Number of maps ............: 6600
2019-07-23T18:08:53:  Shape of maps .............: (200, 33)
2019-07-23T18:08:53: === GCTACubeEdisp ===
2019-07-23T18:08:53:  Filename ..................: /cta/carli/CPPM_Internship/Simulations_and_Analyses/minus_constant_EDisp_South_z40_50h/source2c/edisp_cube.fits
2019-07-23T18:08:53: === GEnergies ===
2019-07-23T18:08:53:  Number of energies ........: 33
2019-07-23T18:08:53:  Number of migra bins ......: 100
2019-07-23T18:08:53:  Migra range ...............: 0.02 - 2
2019-07-23T18:08:53: === GSkyMap ===
2019-07-23T18:08:53:  Number of pixels ..........: 1
2019-07-23T18:08:53:  X axis dimension ..........: 1
2019-07-23T18:08:53:  Y axis dimension ..........: 1
2019-07-23T18:08:53:  Number of maps ............: 3300
2019-07-23T18:08:53:  Shape of maps .............: (100, 33)
2019-07-23T18:08:53: === GCTACubeBackground ===
2019-07-23T18:08:53:  Filename ..................: /cta/carli/CPPM_Internship/Simulations_and_Analyses/minus_constant_EDisp_South_z40_50h/source2c/background_cube.fits
2019-07-23T18:08:53: === GEbounds ===
2019-07-23T18:08:53:  Number of intervals .......: 32
2019-07-23T18:08:53:  Energy range ..............: 100 GeV - 199.526229858398 TeV
2019-07-23T18:08:53: === GSkyMap ===
2019-07-23T18:08:53:  Number of pixels ..........: 6400
2019-07-23T18:08:53:  X axis dimension ..........: 80
2019-07-23T18:08:53:  Y axis dimension ..........: 80
2019-07-23T18:08:53:  Number of maps ............: 32
2019-07-23T18:08:53:  Shape of maps .............: (32)
2019-07-23T18:08:53: === GCTAResponseCache ===
2019-07-23T18:08:53:  Number of cached values ...: 0
2019-07-23T18:08:53: === GCTAEventCube ===
2019-07-23T18:08:53:  Number of events ..........: 300092
2019-07-23T18:08:53:  Number of elements ........: 204800
2019-07-23T18:08:53:  Number of pixels ..........: 6400
2019-07-23T18:08:53:  Number of energy bins .....: 32
2019-07-23T18:08:53:  Time interval .............: 51544.5 - 51546.1666666667 days
2019-07-23T18:08:53:  Pointing ..................: (RA,Dec)=(84.1331,22.0145)
2019-07-23T18:08:53: === GEbounds ===
2019-07-23T18:08:53:  Number of intervals .......: 32
2019-07-23T18:08:53:  Energy range ..............: 100 GeV - 199.526229858398 TeV
2019-07-23T18:08:53: === GSkyMap ===
2019-07-23T18:08:53:  Number of pixels ..........: 6400
2019-07-23T18:08:53:  X axis dimension ..........: 80
2019-07-23T18:08:53:  Y axis dimension ..........: 80
2019-07-23T18:08:53:  Number of maps ............: 32
2019-07-23T18:08:53:  Shape of maps .............: (32)
2019-07-23T18:08:53: === GSkyRegions ===
2019-07-23T18:08:53:  Number of regions .........: 0
2019-07-23T18:08:53: === GModels ===
2019-07-23T18:08:53:  Number of models ..........: 2
2019-07-23T18:08:53:  Number of parameters ......: 11
2019-07-23T18:08:53: === GModelSky ===
2019-07-23T18:08:53:  Name ......................: source2c
2019-07-23T18:08:53:  Instruments ...............: all
2019-07-23T18:08:53:  Test Statistic ............: 68372.259
2019-07-23T18:08:53:  Observation identifiers ...: all
2019-07-23T18:08:53:  Model type ................: PointSource
2019-07-23T18:08:53:  Model components ..........: "PointSource" * "ExponentialCutoffPowerLaw" * "Constant"
2019-07-23T18:08:53:  Number of parameters ......: 7
2019-07-23T18:08:53:  Number of spatial par's ...: 2
2019-07-23T18:08:53:   RA .......................: 83.6331 [-360,360] deg (fixed,scale=1)
2019-07-23T18:08:53:   DEC ......................: 22.0145 [-90,90] deg (fixed,scale=1)
2019-07-23T18:08:53:  Number of spectral par's ..: 4
2019-07-23T18:08:53:   Prefactor ................: 2.24100074838794e-18 +/- 2.15107082557166e-20 [1e-25,1e-15] ph/cm2/s/MeV (free,scale=1e-18,gradient)
2019-07-23T18:08:53:   Index ....................: -2.02393689310611 +/- 0.0084117218532062 [-0,-5]  (free,scale=-1,gradient)
2019-07-23T18:08:53:   CutoffEnergy .............: 127722535.007671 +/- 20859326.4878157 [1000000,100000000000] MeV (free,scale=100000000,gradient)
2019-07-23T18:08:53:   PivotEnergy ..............: 1000000 [10000,1000000000] MeV (fixed,scale=1000000,gradient)
2019-07-23T18:08:53:  Number of temporal par's ..: 1
2019-07-23T18:08:53:   Normalization ............: 1 (relative value) (fixed,scale=1,gradient)
2019-07-23T18:08:53:  Number of scale par's .....: 0
2019-07-23T18:08:53: === GCTAModelCubeBackground ===
2019-07-23T18:08:53:  Name ......................: BackgroundModel
2019-07-23T18:08:53:  Instruments ...............: CTA, HESS, MAGIC, VERITAS
2019-07-23T18:08:53:  Observation identifiers ...: all
2019-07-23T18:08:53:  Model type ................: "PowerLaw" * "Constant"
2019-07-23T18:08:53:  Number of parameters ......: 4
2019-07-23T18:08:53:  Number of spectral par's ..: 3
2019-07-23T18:08:53:   Prefactor ................: 0.890346210495582 +/- 0.00412906095223722 [0.01,100] ph/cm2/s/MeV (free,scale=1,gradient)
2019-07-23T18:08:53:   Index ....................: -0.0290250254266301 +/- 0.00266613211488177 [-5,5]  (free,scale=1,gradient)
2019-07-23T18:08:53:   PivotEnergy ..............: 1000000 MeV (fixed,scale=1000000,gradient)
2019-07-23T18:08:53:  Number of temporal par's ..: 1
2019-07-23T18:08:53:   Normalization ............: 1 (relative value) (fixed,scale=1,gradient)
2019-07-23T18:08:53: 
2019-07-23T18:08:53: +===========================+
2019-07-23T18:08:53: | Compute covariance matrix |
2019-07-23T18:08:53: +===========================+
2019-07-23T18:09:24: === GMatrixSparse ===
2019-07-23T18:09:24:  Number of rows ............: 11
2019-07-23T18:09:24:  Number of columns .........: 11
2019-07-23T18:09:24:  Number of nonzero elements : 25
2019-07-23T18:09:24:  Number of allocated cells .: 512
2019-07-23T18:09:24:  Memory block size .........: 512
2019-07-23T18:09:24:  Sparse matrix fill ........: 0.206611570247934
2019-07-23T18:09:24:  Pending element ...........: 0
2019-07-23T18:09:24:  Fill stack size ...........: 0 (none)
2019-07-23T18:09:24:  0, 0, 0, 0, 0, 0, 0, 0, 0, 0, 0
2019-07-23T18:09:24:  0, 0, 0, 0, 0, 0, 0, 0, 0, 0, 0
2019-07-23T18:09:24:  0, 0, 4.62710569662735e-40, 2.56789006237689e-23, -1.66188508505897e-13, 0, 0, -2.62401002086105e-24, -5.08127550165687e-25, 0, 0
2019-07-23T18:09:24:  0, 0, 2.56789006237689e-23, 7.07570645357644e-05, -112463.478051372, 0, 0, 2.59882100717395e-07, -6.33338043557547e-07, 0, 0
2019-07-23T18:09:24:  0, 0, -1.66188508505897e-13, -112463.478051372, 435111501525676, 0, 0, 15.5661062262191, 894.94837891046, 0, 0
2019-07-23T18:09:24:  0, 0, 0, 0, 0, 0, 0, 0, 0, 0, 0
2019-07-23T18:09:24:  0, 0, 0, 0, 0, 0, 0, 0, 0, 0, 0
2019-07-23T18:09:24:  0, 0, -2.62401002086105e-24, 2.59882100717395e-07, 15.5661062262194, 0, 0, 1.70491443472905e-05, 1.00360638534174e-05, 0, 0
2019-07-23T18:09:24:  0, 0, -5.08127550165686e-25, -6.33338043557546e-07, 894.94837891046, 0, 0, 1.00360638534174e-05, 7.10826045400529e-06, 0, 0
2019-07-23T18:09:24:  0, 0, 0, 0, 0, 0, 0, 0, 0, 0, 0
2019-07-23T18:09:24:  0, 0, 0, 0, 0, 0, 0, 0, 0, 0, 0
2019-07-23T18:09:24: 
2019-07-23T18:09:24: +===============================+
2019-07-23T18:09:24: | Prepare butterfly computation |
2019-07-23T18:09:24: +===============================+
2019-07-23T18:09:24:  Confidence level ..........: 0.68
2019-07-23T18:09:24:  Corresponding scaling .....: 0.994458
2019-07-23T18:09:24: 
2019-07-23T18:09:24: +====================+
2019-07-23T18:09:24: | Generate butterfly |
2019-07-23T18:09:24: +====================+
2019-07-23T18:09:24: 
2019-07-23T18:09:24: +=========+
2019-07-23T18:09:24: | Results |
2019-07-23T18:09:24: +=========+
2019-07-23T18:09:24:  Intensity at 112606.251051226 MeV : 1.86053032958472e-16 (1.8243713615585e-16, 1.89668929761094e-16) ph/cm2/s/MeV
2019-07-23T18:09:24:  Intensity at 142786.615593472 MeV : 1.15031197267884e-16 (1.12990758280072e-16, 1.17071636255696e-16) ph/cm2/s/MeV
2019-07-23T18:09:24:  Intensity at 181055.824186555 MeV : 7.1115950915025e-17 (6.99705827489802e-17, 7.22613190810699e-17) ph/cm2/s/MeV
2019-07-23T18:09:24:  Intensity at 229581.822747338 MeV : 4.39626159589624e-17 (4.33226449903384e-17, 4.46025869275865e-17) ph/cm2/s/MeV
2019-07-23T18:09:24:  Intensity at 291113.603071291 MeV : 2.71741400090162e-17 (2.68176214174566e-17, 2.75306586005758e-17) ph/cm2/s/MeV
2019-07-23T18:09:24:  Intensity at 369136.932876502 MeV : 1.67946908664345e-17 (1.65960118555951e-17, 1.69933698772739e-17) ph/cm2/s/MeV
2019-07-23T18:09:24:  Intensity at 468071.824112259 MeV : 1.03780823983899e-17 (1.02666796031802e-17, 1.04894851935996e-17) ph/cm2/s/MeV
2019-07-23T18:09:24:  Intensity at 593522.926087366 MeV : 6.41168313948273e-18 (6.3482780851582e-18, 6.47508819380726e-18) ph/cm2/s/MeV
2019-07-23T18:09:24:  Intensity at 752597.028157849 MeV : 3.96015934260104e-18 (3.92313795830757e-18, 3.99718072689452e-18) ph/cm2/s/MeV
2019-07-23T18:09:24:  Intensity at 954305.65846188 MeV : 2.44516572644479e-18 (2.42279406808516e-18, 2.46753738480442e-18) ph/cm2/s/MeV
2019-07-23T18:09:24:  Intensity at 1210075.58587031 MeV : 1.50910728033351e-18 (1.49508607321177e-18, 1.52312848745524e-18) ph/cm2/s/MeV
2019-07-23T18:09:24:  Intensity at 1534396.14502492 MeV : 9.30891010384392e-19 (9.21832173047707e-19, 9.39949847721077e-19) ph/cm2/s/MeV
2019-07-23T18:09:24:  Intensity at 1945640.05534746 MeV : 5.73828340079964e-19 (5.67860244038315e-19, 5.79796436121612e-19) ph/cm2/s/MeV
2019-07-23T18:09:24:  Intensity at 2467104.23331454 MeV : 3.53419386449121e-19 (3.4945340822534e-19, 3.57385364672902e-19) ph/cm2/s/MeV
2019-07-23T18:09:24:  Intensity at 3128329.55988436 MeV : 2.17432027010771e-19 (2.14795533455766e-19, 2.20068520565775e-19) ph/cm2/s/MeV
2019-07-23T18:09:24:  Intensity at 3966774.36773649 MeV : 1.33583882532389e-19 (1.31839830668082e-19, 1.35327934396696e-19) ph/cm2/s/MeV
2019-07-23T18:09:24:  Intensity at 5029936.45116879 MeV : 8.19257646767366e-20 (8.07810921302822e-20, 8.30704372231909e-20) ph/cm2/s/MeV
2019-07-23T18:09:24:  Intensity at 6378043.81024912 MeV : 5.01323481644867e-20 (4.93877037487423e-20, 5.08769925802311e-20) ph/cm2/s/MeV
2019-07-23T18:09:24:  Intensity at 8087466.55954362 MeV : 3.05905306828342e-20 (3.01099882075605e-20, 3.10710731581079e-20) ph/cm2/s/MeV
2019-07-23T18:09:24:  Intensity at 10255043.285628 MeV : 1.85993649403517e-20 (1.82907204116269e-20, 1.89080094690766e-20) ph/cm2/s/MeV
2019-07-23T18:09:24:  Intensity at 13003566.9409974 MeV : 1.12572893423299e-20 (1.1058648033645e-20, 1.14559306510147e-20) ph/cm2/s/MeV
2019-07-23T18:09:24:  Intensity at 16488741.0495845 MeV : 6.77430446538607e-21 (6.64479114261719e-21, 6.90381778815494e-21) ph/cm2/s/MeV
2019-07-23T18:09:24:  Intensity at 20908000.2920645 MeV : 4.04687162934431e-21 (3.96018125167186e-21, 4.13356200701675e-21) ph/cm2/s/MeV
2019-07-23T18:09:24:  Intensity at 26511695.1560098 MeV : 2.39522718855507e-21 (2.33508901838732e-21, 2.45536535872281e-21) ph/cm2/s/MeV
2019-07-23T18:09:24:  Intensity at 33617274.2599379 MeV : 1.40109358784271e-21 (1.35792750137642e-21, 1.44425967430901e-21) ph/cm2/s/MeV
2019-07-23T18:09:24:  Intensity at 42627267.7781488 MeV : 8.07443243284533e-22 (7.7580588957486e-22, 8.39080596994206e-22) ph/cm2/s/MeV
2019-07-23T18:09:24:  Intensity at 54052090.7251378 MeV : 4.56610325313502e-22 (4.33359197145328e-22, 4.79861453481676e-22) ph/cm2/s/MeV
2019-07-23T18:09:24:  Intensity at 68538957.9028144 MeV : 2.52096950989631e-22 (2.35249369044888e-22, 2.68944532934374e-22) ph/cm2/s/MeV
2019-07-23T18:09:24:  Intensity at 86908548.5386981 MeV : 1.35016562727267e-22 (1.23147499105324e-22, 1.4688562634921e-22) ph/cm2/s/MeV
2019-07-23T18:09:24:  Intensity at 110201497.662297 MeV : 6.95769878905669e-23 (6.15453917866434e-23, 7.76085839944904e-23) ph/cm2/s/MeV
2019-07-23T18:09:24:  Intensity at 139737347.950364 MeV : 3.41441640836918e-23 (2.89867369712485e-23, 3.93015911961351e-23) ph/cm2/s/MeV
2019-07-23T18:09:24:  Intensity at 177189301.655759 MeV : 1.57489008139023e-23 (1.26487767955174e-23, 1.88490248322872e-23) ph/cm2/s/MeV
2019-07-23T18:09:24: 
2019-07-23T18:09:24: +========================+
2019-07-23T18:09:24: | Save Butterfly diagram |
2019-07-23T18:09:24: +========================+
2019-07-23T18:09:24:  Butterfly file ............: /cta/carli/CPPM_Internship/Simulations_and_Analyses/minus_constant_EDisp_South_z40_50h/source2c/butterfly_binned.ascii
2019-07-23T18:09:24: 
2019-07-23T18:09:24: Application "ctbutterfly" terminated after 32 wall clock seconds, consuming 32.97 seconds of CPU time.
