2019-07-23T19:29:44: ********************************************************************************
2019-07-23T19:29:44: *                                   csresspec                                  *
2019-07-23T19:29:44: * ---------------------------------------------------------------------------- *
2019-07-23T19:29:44: * Version: 1.6.0                                                               *
2019-07-23T19:29:44: ********************************************************************************
2019-07-23T19:29:44: +============+
2019-07-23T19:29:44: | Parameters |
2019-07-23T19:29:44: +============+
2019-07-23T19:29:44:  inobs .....................: /cta/carli/CPPM_Internship/Simulations_and_Analyses/minus_constant_EDisp_South_z40_50h/source3b/obs_cube.fits
2019-07-23T19:29:44:  inmodel ...................: /cta/carli/CPPM_Internship/Simulations_and_Analyses/minus_constant_EDisp_South_z40_50h/source3b/obsmodel_binned.xml
2019-07-23T19:29:44:  modcube ...................: /cta/carli/CPPM_Internship/Simulations_and_Analyses/minus_constant_EDisp_South_z40_50h/source3b/obsmodel_cube.fits
2019-07-23T19:29:44:  expcube ...................: /cta/carli/CPPM_Internship/Simulations_and_Analyses/minus_constant_EDisp_South_z40_50h/source3b/exposure_cube.fits
2019-07-23T19:29:44:  psfcube ...................: /cta/carli/CPPM_Internship/Simulations_and_Analyses/minus_constant_EDisp_South_z40_50h/source3b/PSF_cube.fits
2019-07-23T19:29:44:  edispcube .................: /cta/carli/CPPM_Internship/Simulations_and_Analyses/minus_constant_EDisp_South_z40_50h/source3b/edisp_cube.fits
2019-07-23T19:29:44:  bkgcube ...................: /cta/carli/CPPM_Internship/Simulations_and_Analyses/minus_constant_EDisp_South_z40_50h/source3b/background_cube.fits
2019-07-23T19:29:44:  caldb .....................: prod3b-v2
2019-07-23T19:29:44:  irf .......................: South_z40_50h
2019-07-23T19:29:44:  edisp .....................: yes
2019-07-23T19:29:44:  outfile ...................: /cta/carli/CPPM_Internship/Simulations_and_Analyses/minus_constant_EDisp_South_z40_50h/source3b/residuals_binned.fits
2019-07-23T19:29:44:  statistic .................: DEFAULT
2019-07-23T19:29:44:  components ................: yes
2019-07-23T19:29:44:  ebinalg ...................: LOG
2019-07-23T19:29:44:  emin ......................: 0.1
2019-07-23T19:29:44:  emax ......................: 199.526229858398
2019-07-23T19:29:44:  enumbins ..................: 32
2019-07-23T19:29:44:  ebinfile ..................: [not queried]
2019-07-23T19:29:44:  stack .....................: [not queried]
2019-07-23T19:29:44:  coordsys ..................: [not queried]
2019-07-23T19:29:44:  proj ......................: [not queried]
2019-07-23T19:29:44:  xref ......................: [not queried]
2019-07-23T19:29:44:  yref ......................: [not queried]
2019-07-23T19:29:44:  nxpix .....................: [not queried]
2019-07-23T19:29:44:  nypix .....................: [not queried]
2019-07-23T19:29:44:  binsz .....................: [not queried]
2019-07-23T19:29:44:  mask ......................: no
2019-07-23T19:29:44:  ra ........................: [not queried]
2019-07-23T19:29:44:  dec .......................: [not queried]
2019-07-23T19:29:44:  rad .......................: [not queried]
2019-07-23T19:29:44:  regfile ...................: [not queried]
2019-07-23T19:29:44:  algorithm .................: SUB
2019-07-23T19:29:44:  publish ...................: no
2019-07-23T19:29:44:  chatter ...................: 4
2019-07-23T19:29:44:  clobber ...................: yes
2019-07-23T19:29:44:  debug .....................: no
2019-07-23T19:29:44:  mode ......................: ql
2019-07-23T19:29:44:  logfile ...................: csresspec.log
2019-07-23T19:29:44: 
2019-07-23T19:29:44: +====================+
2019-07-23T19:29:44: | Observation census |
2019-07-23T19:29:44: +====================+
2019-07-23T19:29:44:  Unbinned CTA observations .: 0
2019-07-23T19:29:44:  Binned CTA observations ...: 1
2019-07-23T19:29:44:  On/off CTA observations ...: 0
2019-07-23T19:29:44:  Other observations ........: 0
2019-07-23T19:29:44: 
2019-07-23T19:29:44: +=============+
2019-07-23T19:29:44: | Observation |
2019-07-23T19:29:44: +=============+
2019-07-23T19:29:44: === GObservations ===
2019-07-23T19:29:44:  Number of observations ....: 1
2019-07-23T19:29:44:  Number of models ..........: 2
2019-07-23T19:29:44:  Number of observed events .: 294845
2019-07-23T19:29:44:  Number of predicted events : 0
2019-07-23T19:29:44: === GCTAObservation ===
2019-07-23T19:29:44:  Name ......................: 
2019-07-23T19:29:44:  Identifier ................: 000001
2019-07-23T19:29:44:  Instrument ................: CTA
2019-07-23T19:29:44:  Event file ................: /cta/carli/CPPM_Internship/Simulations_and_Analyses/minus_constant_EDisp_South_z40_50h/source3b/obs_cube.fits
2019-07-23T19:29:44:  Event type ................: CountsCube
2019-07-23T19:29:44:  Statistic .................: cstat
2019-07-23T19:29:44:  Ontime ....................: 144000 s
2019-07-23T19:29:44:  Livetime ..................: 141120 s
2019-07-23T19:29:44:  Deadtime correction .......: 0.98
2019-07-23T19:29:44:  User energy range .........: undefined
2019-07-23T19:29:44: === GCTAPointing ===
2019-07-23T19:29:44:  Pointing direction ........: (RA,Dec)=(84.1331,22.0145)
2019-07-23T19:29:44: === GCTAResponseCube ===
2019-07-23T19:29:44:  Energy dispersion .........: Not used
2019-07-23T19:29:44: === GCTACubeExposure ===
2019-07-23T19:29:44:  Filename ..................: /cta/carli/CPPM_Internship/Simulations_and_Analyses/minus_constant_EDisp_South_z40_50h/source3b/exposure_cube.fits
2019-07-23T19:29:44:  Livetime ..................: 141120 sec
2019-07-23T19:29:44: === GEnergies ===
2019-07-23T19:29:44:  Number of energies ........: 33
2019-07-23T19:29:44: === GGti ===
2019-07-23T19:29:44:  Number of intervals .......: 1
2019-07-23T19:29:44:  Ontime ....................: 144000 sec
2019-07-23T19:29:44:  Elapsed time ..............: 144000 sec
2019-07-23T19:29:44:  MJD range .................: 51544.5 - 51546.1666666667 s (TT)
2019-07-23T19:29:44:  UTC range .................: 2000-01-01T11:58:56 - 2000-01-03T03:58:56 s (TT)
2019-07-23T19:29:44:  Reference MJD .............: 51544.5
2019-07-23T19:29:44: === GSkyMap ===
2019-07-23T19:29:44:  Number of pixels ..........: 6400
2019-07-23T19:29:44:  X axis dimension ..........: 80
2019-07-23T19:29:44:  Y axis dimension ..........: 80
2019-07-23T19:29:44:  Number of maps ............: 33
2019-07-23T19:29:44:  Shape of maps .............: (33)
2019-07-23T19:29:44: === GCTACubePsf ===
2019-07-23T19:29:44:  Filename ..................: /cta/carli/CPPM_Internship/Simulations_and_Analyses/minus_constant_EDisp_South_z40_50h/source3b/PSF_cube.fits
2019-07-23T19:29:44: === GEnergies ===
2019-07-23T19:29:44:  Number of energies ........: 33
2019-07-23T19:29:44:  Number of delta bins ......: 200
2019-07-23T19:29:44:  Delta range ...............: 1.875e-06 - 0.298501875 deg
2019-07-23T19:29:44: === GSkyMap ===
2019-07-23T19:29:44:  Number of pixels ..........: 1
2019-07-23T19:29:44:  X axis dimension ..........: 1
2019-07-23T19:29:44:  Y axis dimension ..........: 1
2019-07-23T19:29:44:  Number of maps ............: 6600
2019-07-23T19:29:44:  Shape of maps .............: (200, 33)
2019-07-23T19:29:44: === GCTACubeEdisp ===
2019-07-23T19:29:44:  Filename ..................: /cta/carli/CPPM_Internship/Simulations_and_Analyses/minus_constant_EDisp_South_z40_50h/source3b/edisp_cube.fits
2019-07-23T19:29:44: === GEnergies ===
2019-07-23T19:29:44:  Number of energies ........: 33
2019-07-23T19:29:44:  Number of migra bins ......: 100
2019-07-23T19:29:44:  Migra range ...............: 0.02 - 2
2019-07-23T19:29:44: === GSkyMap ===
2019-07-23T19:29:44:  Number of pixels ..........: 1
2019-07-23T19:29:44:  X axis dimension ..........: 1
2019-07-23T19:29:44:  Y axis dimension ..........: 1
2019-07-23T19:29:44:  Number of maps ............: 3300
2019-07-23T19:29:44:  Shape of maps .............: (100, 33)
2019-07-23T19:29:44: === GCTACubeBackground ===
2019-07-23T19:29:44:  Filename ..................: /cta/carli/CPPM_Internship/Simulations_and_Analyses/minus_constant_EDisp_South_z40_50h/source3b/background_cube.fits
2019-07-23T19:29:44: === GEbounds ===
2019-07-23T19:29:44:  Number of intervals .......: 32
2019-07-23T19:29:44:  Energy range ..............: 100 GeV - 199.526229858398 TeV
2019-07-23T19:29:44: === GSkyMap ===
2019-07-23T19:29:44:  Number of pixels ..........: 6400
2019-07-23T19:29:44:  X axis dimension ..........: 80
2019-07-23T19:29:44:  Y axis dimension ..........: 80
2019-07-23T19:29:44:  Number of maps ............: 32
2019-07-23T19:29:44:  Shape of maps .............: (32)
2019-07-23T19:29:44: === GCTAResponseCache ===
2019-07-23T19:29:44:  Number of cached values ...: 0
2019-07-23T19:29:44: === GCTAEventCube ===
2019-07-23T19:29:44:  Number of events ..........: 294845
2019-07-23T19:29:44:  Number of elements ........: 204800
2019-07-23T19:29:44:  Number of pixels ..........: 6400
2019-07-23T19:29:44:  Number of energy bins .....: 32
2019-07-23T19:29:44:  Time interval .............: 51544.5 - 51546.1666666667 days
2019-07-23T19:29:44:  Pointing ..................: (RA,Dec)=(84.1331,22.0145)
2019-07-23T19:29:44: === GEbounds ===
2019-07-23T19:29:44:  Number of intervals .......: 32
2019-07-23T19:29:44:  Energy range ..............: 100 GeV - 199.526229858398 TeV
2019-07-23T19:29:44: === GSkyMap ===
2019-07-23T19:29:44:  Number of pixels ..........: 6400
2019-07-23T19:29:44:  X axis dimension ..........: 80
2019-07-23T19:29:44:  Y axis dimension ..........: 80
2019-07-23T19:29:44:  Number of maps ............: 32
2019-07-23T19:29:44:  Shape of maps .............: (32)
2019-07-23T19:29:44: === GSkyRegions ===
2019-07-23T19:29:44:  Number of regions .........: 0
2019-07-23T19:29:44: === GModels ===
2019-07-23T19:29:44:  Number of models ..........: 2
2019-07-23T19:29:44:  Number of parameters ......: 11
2019-07-23T19:29:44: === GModelSky ===
2019-07-23T19:29:44:  Name ......................: source3b
2019-07-23T19:29:44:  Instruments ...............: all
2019-07-23T19:29:44:  Test Statistic ............: 42791.171
2019-07-23T19:29:44:  Observation identifiers ...: all
2019-07-23T19:29:44:  Model type ................: PointSource
2019-07-23T19:29:44:  Model components ..........: "PointSource" * "ExponentialCutoffPowerLaw" * "Constant"
2019-07-23T19:29:44:  Number of parameters ......: 7
2019-07-23T19:29:44:  Number of spatial par's ...: 2
2019-07-23T19:29:44:   RA .......................: 83.6331 [-360,360] deg (fixed,scale=1)
2019-07-23T19:29:44:   DEC ......................: 22.0145 [-90,90] deg (fixed,scale=1)
2019-07-23T19:29:44:  Number of spectral par's ..: 4
2019-07-23T19:29:44:   Prefactor ................: 1.4967238165854e-18 +/- 1.75450515078843e-20 [1e-25,1e-15] ph/cm2/s/MeV (free,scale=1e-18,gradient)
2019-07-23T19:29:44:   Index ....................: -2.03007714917753 +/- 0.0101728110877261 [-0,-5]  (free,scale=-1,gradient)
2019-07-23T19:29:44:   CutoffEnergy .............: 1297447537.27302 +/- 2101055716.74562 [1000000,100000000000] MeV (free,scale=100000000,gradient)
2019-07-23T19:29:44:   PivotEnergy ..............: 1000000 [10000,1000000000] MeV (fixed,scale=1000000,gradient)
2019-07-23T19:29:44:  Number of temporal par's ..: 1
2019-07-23T19:29:44:   Normalization ............: 1 (relative value) (fixed,scale=1,gradient)
2019-07-23T19:29:44:  Number of scale par's .....: 0
2019-07-23T19:29:44: === GCTAModelCubeBackground ===
2019-07-23T19:29:44:  Name ......................: BackgroundModel
2019-07-23T19:29:44:  Instruments ...............: CTA, HESS, MAGIC, VERITAS
2019-07-23T19:29:44:  Observation identifiers ...: all
2019-07-23T19:29:44:  Model type ................: "PowerLaw" * "Constant"
2019-07-23T19:29:44:  Number of parameters ......: 4
2019-07-23T19:29:44:  Number of spectral par's ..: 3
2019-07-23T19:29:44:   Prefactor ................: 0.89024327193721 +/- 0.00412650869130121 [0.01,100] ph/cm2/s/MeV (free,scale=1,gradient)
2019-07-23T19:29:44:   Index ....................: -0.0290386946481825 +/- 0.0026641173170122 [-5,5]  (free,scale=1,gradient)
2019-07-23T19:29:44:   PivotEnergy ..............: 1000000 MeV (fixed,scale=1000000,gradient)
2019-07-23T19:29:44:  Number of temporal par's ..: 1
2019-07-23T19:29:44:   Normalization ............: 1 (relative value) (fixed,scale=1,gradient)
2019-07-23T19:29:44: 
2019-07-23T19:29:44: +=========================+
2019-07-23T19:29:44: | Processing Observations |
2019-07-23T19:29:44: +=========================+
2019-07-23T19:29:44: Computing model cube
2019-07-23T19:29:51: Computing counts, model, and residual spectra
2019-07-23T19:29:51:  Computing model component .: source3b
2019-07-23T19:29:55:  Computing model component .: BackgroundModel
2019-07-23T19:29:56: Filling residual table
2019-07-23T19:29:56: 
2019-07-23T19:29:56: +================+
2019-07-23T19:29:56: | Save residuals |
2019-07-23T19:29:56: +================+
2019-07-23T19:29:56:  Residuals file ............: /cta/carli/CPPM_Internship/Simulations_and_Analyses/minus_constant_EDisp_South_z40_50h/source3b/residuals_binned.fits
2019-07-23T19:29:56: 
2019-07-23T19:29:56: Application "csresspec" terminated after 12 wall clock seconds, consuming 13.78 seconds of CPU time.
