2019-07-22T15:15:04: ********************************************************************************
2019-07-22T15:15:04: *                                   csresspec                                  *
2019-07-22T15:15:04: * ---------------------------------------------------------------------------- *
2019-07-22T15:15:04: * Version: 1.6.0                                                               *
2019-07-22T15:15:04: ********************************************************************************
2019-07-22T15:15:04: +============+
2019-07-22T15:15:04: | Parameters |
2019-07-22T15:15:04: +============+
2019-07-22T15:15:04:  inobs .....................: /cta/carli/CPPM_Internship/Simulations_and_Analyses/plus_constant_AEff_South_z40_50h/source2b/obs_cube.fits
2019-07-22T15:15:04:  inmodel ...................: /cta/carli/CPPM_Internship/Simulations_and_Analyses/plus_constant_AEff_South_z40_50h/source2b/obsmodel_binned.xml
2019-07-22T15:15:04:  modcube ...................: /cta/carli/CPPM_Internship/Simulations_and_Analyses/plus_constant_AEff_South_z40_50h/source2b/obsmodel_cube.fits
2019-07-22T15:15:04:  expcube ...................: /cta/carli/CPPM_Internship/Simulations_and_Analyses/plus_constant_AEff_South_z40_50h/source2b/exposure_cube.fits
2019-07-22T15:15:04:  psfcube ...................: /cta/carli/CPPM_Internship/Simulations_and_Analyses/plus_constant_AEff_South_z40_50h/source2b/PSF_cube.fits
2019-07-22T15:15:04:  edispcube .................: /cta/carli/CPPM_Internship/Simulations_and_Analyses/plus_constant_AEff_South_z40_50h/source2b/edisp_cube.fits
2019-07-22T15:15:04:  bkgcube ...................: /cta/carli/CPPM_Internship/Simulations_and_Analyses/plus_constant_AEff_South_z40_50h/source2b/background_cube.fits
2019-07-22T15:15:04:  caldb .....................: prod3b-v2
2019-07-22T15:15:04:  irf .......................: plus_constant_AEff_South_z40_50h
2019-07-22T15:15:04:  edisp .....................: yes
2019-07-22T15:15:04:  outfile ...................: /cta/carli/CPPM_Internship/Simulations_and_Analyses/plus_constant_AEff_South_z40_50h/source2b/residuals_binned.fits
2019-07-22T15:15:04:  statistic .................: DEFAULT
2019-07-22T15:15:04:  components ................: yes
2019-07-22T15:15:04:  ebinalg ...................: LOG
2019-07-22T15:15:04:  emin ......................: 0.1
2019-07-22T15:15:04:  emax ......................: 199.526229858398
2019-07-22T15:15:04:  enumbins ..................: 32
2019-07-22T15:15:04:  ebinfile ..................: [not queried]
2019-07-22T15:15:04:  stack .....................: [not queried]
2019-07-22T15:15:04:  coordsys ..................: [not queried]
2019-07-22T15:15:04:  proj ......................: [not queried]
2019-07-22T15:15:04:  xref ......................: [not queried]
2019-07-22T15:15:04:  yref ......................: [not queried]
2019-07-22T15:15:04:  nxpix .....................: [not queried]
2019-07-22T15:15:04:  nypix .....................: [not queried]
2019-07-22T15:15:04:  binsz .....................: [not queried]
2019-07-22T15:15:04:  mask ......................: no
2019-07-22T15:15:04:  ra ........................: [not queried]
2019-07-22T15:15:04:  dec .......................: [not queried]
2019-07-22T15:15:04:  rad .......................: [not queried]
2019-07-22T15:15:04:  regfile ...................: [not queried]
2019-07-22T15:15:04:  algorithm .................: SUB
2019-07-22T15:15:04:  publish ...................: no
2019-07-22T15:15:04:  chatter ...................: 4
2019-07-22T15:15:04:  clobber ...................: yes
2019-07-22T15:15:04:  debug .....................: no
2019-07-22T15:15:04:  mode ......................: ql
2019-07-22T15:15:04:  logfile ...................: csresspec.log
2019-07-22T15:15:04: 
2019-07-22T15:15:04: +====================+
2019-07-22T15:15:04: | Observation census |
2019-07-22T15:15:04: +====================+
2019-07-22T15:15:04:  Unbinned CTA observations .: 0
2019-07-22T15:15:04:  Binned CTA observations ...: 1
2019-07-22T15:15:04:  On/off CTA observations ...: 0
2019-07-22T15:15:04:  Other observations ........: 0
2019-07-22T15:15:04: 
2019-07-22T15:15:04: +=============+
2019-07-22T15:15:04: | Observation |
2019-07-22T15:15:04: +=============+
2019-07-22T15:15:04: === GObservations ===
2019-07-22T15:15:04:  Number of observations ....: 1
2019-07-22T15:15:04:  Number of models ..........: 2
2019-07-22T15:15:04:  Number of observed events .: 315470
2019-07-22T15:15:04:  Number of predicted events : 0
2019-07-22T15:15:04: === GCTAObservation ===
2019-07-22T15:15:04:  Name ......................: 
2019-07-22T15:15:04:  Identifier ................: 000001
2019-07-22T15:15:04:  Instrument ................: CTA
2019-07-22T15:15:04:  Event file ................: /cta/carli/CPPM_Internship/Simulations_and_Analyses/plus_constant_AEff_South_z40_50h/source2b/obs_cube.fits
2019-07-22T15:15:04:  Event type ................: CountsCube
2019-07-22T15:15:04:  Statistic .................: cstat
2019-07-22T15:15:04:  Ontime ....................: 144000 s
2019-07-22T15:15:04:  Livetime ..................: 141120 s
2019-07-22T15:15:04:  Deadtime correction .......: 0.98
2019-07-22T15:15:04:  User energy range .........: undefined
2019-07-22T15:15:04: === GCTAPointing ===
2019-07-22T15:15:04:  Pointing direction ........: (RA,Dec)=(84.1331,22.0145)
2019-07-22T15:15:04: === GCTAResponseCube ===
2019-07-22T15:15:04:  Energy dispersion .........: Not used
2019-07-22T15:15:04: === GCTACubeExposure ===
2019-07-22T15:15:04:  Filename ..................: /cta/carli/CPPM_Internship/Simulations_and_Analyses/plus_constant_AEff_South_z40_50h/source2b/exposure_cube.fits
2019-07-22T15:15:04:  Livetime ..................: 141120 sec
2019-07-22T15:15:04: === GEnergies ===
2019-07-22T15:15:04:  Number of energies ........: 33
2019-07-22T15:15:04: === GGti ===
2019-07-22T15:15:04:  Number of intervals .......: 1
2019-07-22T15:15:04:  Ontime ....................: 144000 sec
2019-07-22T15:15:04:  Elapsed time ..............: 144000 sec
2019-07-22T15:15:04:  MJD range .................: 51544.5 - 51546.1666666667 s (TT)
2019-07-22T15:15:04:  UTC range .................: 2000-01-01T11:58:56 - 2000-01-03T03:58:56 s (TT)
2019-07-22T15:15:04:  Reference MJD .............: 51544.5
2019-07-22T15:15:04: === GSkyMap ===
2019-07-22T15:15:04:  Number of pixels ..........: 6400
2019-07-22T15:15:04:  X axis dimension ..........: 80
2019-07-22T15:15:04:  Y axis dimension ..........: 80
2019-07-22T15:15:04:  Number of maps ............: 33
2019-07-22T15:15:04:  Shape of maps .............: (33)
2019-07-22T15:15:04: === GCTACubePsf ===
2019-07-22T15:15:04:  Filename ..................: /cta/carli/CPPM_Internship/Simulations_and_Analyses/plus_constant_AEff_South_z40_50h/source2b/PSF_cube.fits
2019-07-22T15:15:04: === GEnergies ===
2019-07-22T15:15:04:  Number of energies ........: 33
2019-07-22T15:15:04:  Number of delta bins ......: 200
2019-07-22T15:15:04:  Delta range ...............: 1.875e-06 - 0.298501875 deg
2019-07-22T15:15:04: === GSkyMap ===
2019-07-22T15:15:04:  Number of pixels ..........: 1
2019-07-22T15:15:04:  X axis dimension ..........: 1
2019-07-22T15:15:04:  Y axis dimension ..........: 1
2019-07-22T15:15:04:  Number of maps ............: 6600
2019-07-22T15:15:04:  Shape of maps .............: (200, 33)
2019-07-22T15:15:04: === GCTACubeEdisp ===
2019-07-22T15:15:04:  Filename ..................: /cta/carli/CPPM_Internship/Simulations_and_Analyses/plus_constant_AEff_South_z40_50h/source2b/edisp_cube.fits
2019-07-22T15:15:04: === GEnergies ===
2019-07-22T15:15:04:  Number of energies ........: 33
2019-07-22T15:15:04:  Number of migra bins ......: 100
2019-07-22T15:15:04:  Migra range ...............: 0.02 - 2
2019-07-22T15:15:04: === GSkyMap ===
2019-07-22T15:15:04:  Number of pixels ..........: 1
2019-07-22T15:15:04:  X axis dimension ..........: 1
2019-07-22T15:15:04:  Y axis dimension ..........: 1
2019-07-22T15:15:04:  Number of maps ............: 3300
2019-07-22T15:15:04:  Shape of maps .............: (100, 33)
2019-07-22T15:15:04: === GCTACubeBackground ===
2019-07-22T15:15:04:  Filename ..................: /cta/carli/CPPM_Internship/Simulations_and_Analyses/plus_constant_AEff_South_z40_50h/source2b/background_cube.fits
2019-07-22T15:15:04: === GEbounds ===
2019-07-22T15:15:04:  Number of intervals .......: 32
2019-07-22T15:15:04:  Energy range ..............: 100 GeV - 199.526229858398 TeV
2019-07-22T15:15:04: === GSkyMap ===
2019-07-22T15:15:04:  Number of pixels ..........: 6400
2019-07-22T15:15:04:  X axis dimension ..........: 80
2019-07-22T15:15:04:  Y axis dimension ..........: 80
2019-07-22T15:15:04:  Number of maps ............: 32
2019-07-22T15:15:04:  Shape of maps .............: (32)
2019-07-22T15:15:04: === GCTAResponseCache ===
2019-07-22T15:15:04:  Number of cached values ...: 0
2019-07-22T15:15:04: === GCTAEventCube ===
2019-07-22T15:15:04:  Number of events ..........: 315470
2019-07-22T15:15:04:  Number of elements ........: 204800
2019-07-22T15:15:04:  Number of pixels ..........: 6400
2019-07-22T15:15:04:  Number of energy bins .....: 32
2019-07-22T15:15:04:  Time interval .............: 51544.5 - 51546.1666666667 days
2019-07-22T15:15:04:  Pointing ..................: (RA,Dec)=(84.1331,22.0145)
2019-07-22T15:15:04: === GEbounds ===
2019-07-22T15:15:04:  Number of intervals .......: 32
2019-07-22T15:15:04:  Energy range ..............: 100 GeV - 199.526229858398 TeV
2019-07-22T15:15:04: === GSkyMap ===
2019-07-22T15:15:04:  Number of pixels ..........: 6400
2019-07-22T15:15:04:  X axis dimension ..........: 80
2019-07-22T15:15:04:  Y axis dimension ..........: 80
2019-07-22T15:15:04:  Number of maps ............: 32
2019-07-22T15:15:04:  Shape of maps .............: (32)
2019-07-22T15:15:04: === GSkyRegions ===
2019-07-22T15:15:04:  Number of regions .........: 0
2019-07-22T15:15:04: === GModels ===
2019-07-22T15:15:04:  Number of models ..........: 2
2019-07-22T15:15:04:  Number of parameters ......: 11
2019-07-22T15:15:04: === GModelSky ===
2019-07-22T15:15:04:  Name ......................: source2b
2019-07-22T15:15:04:  Instruments ...............: all
2019-07-22T15:15:04:  Test Statistic ............: 42864.801
2019-07-22T15:15:04:  Observation identifiers ...: all
2019-07-22T15:15:04:  Model type ................: PointSource
2019-07-22T15:15:04:  Model components ..........: "PointSource" * "ExponentialCutoffPowerLaw" * "Constant"
2019-07-22T15:15:04:  Number of parameters ......: 7
2019-07-22T15:15:04:  Number of spatial par's ...: 2
2019-07-22T15:15:04:   RA .......................: 83.6331 [-360,360] deg (fixed,scale=1)
2019-07-22T15:15:04:   DEC ......................: 22.0145 [-90,90] deg (fixed,scale=1)
2019-07-22T15:15:04:  Number of spectral par's ..: 4
2019-07-22T15:15:04:   Prefactor ................: 1.50725990260076e-18 +/- 1.75623629327406e-20 [1e-25,1e-15] ph/cm2/s/MeV (free,scale=1e-18,gradient)
2019-07-22T15:15:04:   Index ....................: -2.01685595588176 +/- 0.0102206439095367 [-0,-5]  (free,scale=-1,gradient)
2019-07-22T15:15:04:   CutoffEnergy .............: 164190281.746882 +/- 38940661.555904 [1000000,100000000000] MeV (free,scale=100000000,gradient)
2019-07-22T15:15:04:   PivotEnergy ..............: 1000000 [10000,1000000000] MeV (fixed,scale=1000000,gradient)
2019-07-22T15:15:04:  Number of temporal par's ..: 1
2019-07-22T15:15:04:   Normalization ............: 1 (relative value) (fixed,scale=1,gradient)
2019-07-22T15:15:04:  Number of scale par's .....: 0
2019-07-22T15:15:04: === GCTAModelCubeBackground ===
2019-07-22T15:15:04:  Name ......................: BackgroundModel
2019-07-22T15:15:04:  Instruments ...............: CTA, HESS, MAGIC, VERITAS
2019-07-22T15:15:04:  Observation identifiers ...: all
2019-07-22T15:15:04:  Model type ................: "PowerLaw" * "Constant"
2019-07-22T15:15:04:  Number of parameters ......: 4
2019-07-22T15:15:04:  Number of spectral par's ..: 3
2019-07-22T15:15:04:   Prefactor ................: 0.992525202244852 +/- 0.00441328542344142 [0.01,100] ph/cm2/s/MeV (free,scale=1,gradient)
2019-07-22T15:15:04:   Index ....................: -0.00379995857964193 +/- 0.00257194931806711 [-5,5]  (free,scale=1,gradient)
2019-07-22T15:15:04:   PivotEnergy ..............: 1000000 MeV (fixed,scale=1000000,gradient)
2019-07-22T15:15:04:  Number of temporal par's ..: 1
2019-07-22T15:15:04:   Normalization ............: 1 (relative value) (fixed,scale=1,gradient)
2019-07-22T15:15:04: 
2019-07-22T15:15:04: +=========================+
2019-07-22T15:15:04: | Processing Observations |
2019-07-22T15:15:04: +=========================+
2019-07-22T15:15:04: Computing model cube
2019-07-22T15:15:11: Computing counts, model, and residual spectra
2019-07-22T15:15:11:  Computing model component .: source2b
2019-07-22T15:15:15:  Computing model component .: BackgroundModel
2019-07-22T15:15:15: Filling residual table
2019-07-22T15:15:15: 
2019-07-22T15:15:15: +================+
2019-07-22T15:15:15: | Save residuals |
2019-07-22T15:15:15: +================+
2019-07-22T15:15:15:  Residuals file ............: /cta/carli/CPPM_Internship/Simulations_and_Analyses/plus_constant_AEff_South_z40_50h/source2b/residuals_binned.fits
2019-07-22T15:15:15: 
2019-07-22T15:15:15: Application "csresspec" terminated after 11 wall clock seconds, consuming 13.66 seconds of CPU time.
