2019-07-22T15:11:24: ********************************************************************************
2019-07-22T15:11:24: *                                    ctlike                                    *
2019-07-22T15:11:24: * ---------------------------------------------------------------------------- *
2019-07-22T15:11:24: * Version: 1.6.0                                                               *
2019-07-22T15:11:24: ********************************************************************************
2019-07-22T15:11:24: +============+
2019-07-22T15:11:24: | Parameters |
2019-07-22T15:11:24: +============+
2019-07-22T15:11:24:  inobs .....................: /cta/carli/CPPM_Internship/Simulations_and_Analyses/plus_constant_AEff_South_z40_50h/source2b/obs_cube.fits
2019-07-22T15:11:24:  inmodel ...................: sourcemodel_cube.xml
2019-07-22T15:11:24:  expcube ...................: /cta/carli/CPPM_Internship/Simulations_and_Analyses/plus_constant_AEff_South_z40_50h/source2b/exposure_cube.fits
2019-07-22T15:11:24:  psfcube ...................: /cta/carli/CPPM_Internship/Simulations_and_Analyses/plus_constant_AEff_South_z40_50h/source2b/PSF_cube.fits
2019-07-22T15:11:24:  edispcube .................: /cta/carli/CPPM_Internship/Simulations_and_Analyses/plus_constant_AEff_South_z40_50h/source2b/edisp_cube.fits
2019-07-22T15:11:24:  bkgcube ...................: /cta/carli/CPPM_Internship/Simulations_and_Analyses/plus_constant_AEff_South_z40_50h/source2b/background_cube.fits
2019-07-22T15:11:24:  caldb .....................: prod3b-v2
2019-07-22T15:11:24:  irf .......................: plus_constant_AEff_South_z40_50h
2019-07-22T15:11:24:  edisp .....................: yes
2019-07-22T15:11:24:  outmodel ..................: /cta/carli/CPPM_Internship/Simulations_and_Analyses/plus_constant_AEff_South_z40_50h/source2b/obsmodel_binned.xml
2019-07-22T15:11:24:  outcovmat .................: NONE
2019-07-22T15:11:24:  statistic .................: DEFAULT
2019-07-22T15:11:24:  refit .....................: no
2019-07-22T15:11:24:  like_accuracy .............: 0.005
2019-07-22T15:11:24:  max_iter ..................: 50
2019-07-22T15:11:24:  fix_spat_for_ts ...........: no
2019-07-22T15:11:24:  nthreads ..................: 0
2019-07-22T15:11:24:  chatter ...................: 4
2019-07-22T15:11:24:  clobber ...................: yes
2019-07-22T15:11:24:  debug .....................: no
2019-07-22T15:11:24:  mode ......................: ql
2019-07-22T15:11:24:  logfile ...................: ctlike.log
2019-07-22T15:11:24: 
2019-07-22T15:11:24: +===================+
2019-07-22T15:11:24: | Input observation |
2019-07-22T15:11:24: +===================+
2019-07-22T15:11:24: === GObservations ===
2019-07-22T15:11:24:  Number of observations ....: 1
2019-07-22T15:11:24:  Number of models ..........: 2
2019-07-22T15:11:24:  Number of observed events .: 315470
2019-07-22T15:11:24:  Number of predicted events : 0
2019-07-22T15:11:24: === GCTAObservation ===
2019-07-22T15:11:24:  Name ......................: 
2019-07-22T15:11:24:  Identifier ................: 000001
2019-07-22T15:11:24:  Instrument ................: CTA
2019-07-22T15:11:24:  Event file ................: /cta/carli/CPPM_Internship/Simulations_and_Analyses/plus_constant_AEff_South_z40_50h/source2b/obs_cube.fits
2019-07-22T15:11:24:  Event type ................: CountsCube
2019-07-22T15:11:24:  Statistic .................: cstat
2019-07-22T15:11:24:  Ontime ....................: 144000 s
2019-07-22T15:11:24:  Livetime ..................: 141120 s
2019-07-22T15:11:24:  Deadtime correction .......: 0.98
2019-07-22T15:11:24:  User energy range .........: undefined
2019-07-22T15:11:24: === GCTAPointing ===
2019-07-22T15:11:24:  Pointing direction ........: (RA,Dec)=(84.1331,22.0145)
2019-07-22T15:11:24: === GCTAResponseCube ===
2019-07-22T15:11:24:  Energy dispersion .........: Used
2019-07-22T15:11:24: === GCTACubeExposure ===
2019-07-22T15:11:24:  Filename ..................: /cta/carli/CPPM_Internship/Simulations_and_Analyses/plus_constant_AEff_South_z40_50h/source2b/exposure_cube.fits
2019-07-22T15:11:24:  Livetime ..................: 141120 sec
2019-07-22T15:11:24: === GEnergies ===
2019-07-22T15:11:24:  Number of energies ........: 33
2019-07-22T15:11:24: === GGti ===
2019-07-22T15:11:24:  Number of intervals .......: 1
2019-07-22T15:11:24:  Ontime ....................: 144000 sec
2019-07-22T15:11:24:  Elapsed time ..............: 144000 sec
2019-07-22T15:11:24:  MJD range .................: 51544.5 - 51546.1666666667 s (TT)
2019-07-22T15:11:24:  UTC range .................: 2000-01-01T11:58:56 - 2000-01-03T03:58:56 s (TT)
2019-07-22T15:11:24:  Reference MJD .............: 51544.5
2019-07-22T15:11:24: === GSkyMap ===
2019-07-22T15:11:24:  Number of pixels ..........: 6400
2019-07-22T15:11:24:  X axis dimension ..........: 80
2019-07-22T15:11:24:  Y axis dimension ..........: 80
2019-07-22T15:11:24:  Number of maps ............: 33
2019-07-22T15:11:24:  Shape of maps .............: (33)
2019-07-22T15:11:24: === GCTACubePsf ===
2019-07-22T15:11:24:  Filename ..................: /cta/carli/CPPM_Internship/Simulations_and_Analyses/plus_constant_AEff_South_z40_50h/source2b/PSF_cube.fits
2019-07-22T15:11:24: === GEnergies ===
2019-07-22T15:11:24:  Number of energies ........: 33
2019-07-22T15:11:24:  Number of delta bins ......: 200
2019-07-22T15:11:24:  Delta range ...............: 1.875e-06 - 0.298501875 deg
2019-07-22T15:11:24: === GSkyMap ===
2019-07-22T15:11:24:  Number of pixels ..........: 1
2019-07-22T15:11:24:  X axis dimension ..........: 1
2019-07-22T15:11:24:  Y axis dimension ..........: 1
2019-07-22T15:11:24:  Number of maps ............: 6600
2019-07-22T15:11:24:  Shape of maps .............: (200, 33)
2019-07-22T15:11:24: === GCTACubeEdisp ===
2019-07-22T15:11:24:  Filename ..................: /cta/carli/CPPM_Internship/Simulations_and_Analyses/plus_constant_AEff_South_z40_50h/source2b/edisp_cube.fits
2019-07-22T15:11:24: === GEnergies ===
2019-07-22T15:11:24:  Number of energies ........: 33
2019-07-22T15:11:24:  Number of migra bins ......: 100
2019-07-22T15:11:24:  Migra range ...............: 0.02 - 2
2019-07-22T15:11:24: === GSkyMap ===
2019-07-22T15:11:24:  Number of pixels ..........: 1
2019-07-22T15:11:24:  X axis dimension ..........: 1
2019-07-22T15:11:24:  Y axis dimension ..........: 1
2019-07-22T15:11:24:  Number of maps ............: 3300
2019-07-22T15:11:24:  Shape of maps .............: (100, 33)
2019-07-22T15:11:24: === GCTACubeBackground ===
2019-07-22T15:11:24:  Filename ..................: /cta/carli/CPPM_Internship/Simulations_and_Analyses/plus_constant_AEff_South_z40_50h/source2b/background_cube.fits
2019-07-22T15:11:24: === GEbounds ===
2019-07-22T15:11:24:  Number of intervals .......: 32
2019-07-22T15:11:24:  Energy range ..............: 100 GeV - 199.526229858398 TeV
2019-07-22T15:11:24: === GSkyMap ===
2019-07-22T15:11:24:  Number of pixels ..........: 6400
2019-07-22T15:11:24:  X axis dimension ..........: 80
2019-07-22T15:11:24:  Y axis dimension ..........: 80
2019-07-22T15:11:24:  Number of maps ............: 32
2019-07-22T15:11:24:  Shape of maps .............: (32)
2019-07-22T15:11:24: === GCTAResponseCache ===
2019-07-22T15:11:24:  Number of cached values ...: 0
2019-07-22T15:11:24: === GCTAEventCube ===
2019-07-22T15:11:24:  Number of events ..........: 315470
2019-07-22T15:11:24:  Number of elements ........: 204800
2019-07-22T15:11:24:  Number of pixels ..........: 6400
2019-07-22T15:11:24:  Number of energy bins .....: 32
2019-07-22T15:11:24:  Time interval .............: 51544.5 - 51546.1666666667 days
2019-07-22T15:11:24:  Pointing ..................: (RA,Dec)=(84.1331,22.0145)
2019-07-22T15:11:24: === GEbounds ===
2019-07-22T15:11:24:  Number of intervals .......: 32
2019-07-22T15:11:24:  Energy range ..............: 100 GeV - 199.526229858398 TeV
2019-07-22T15:11:24: === GSkyMap ===
2019-07-22T15:11:24:  Number of pixels ..........: 6400
2019-07-22T15:11:24:  X axis dimension ..........: 80
2019-07-22T15:11:24:  Y axis dimension ..........: 80
2019-07-22T15:11:24:  Number of maps ............: 32
2019-07-22T15:11:24:  Shape of maps .............: (32)
2019-07-22T15:11:24: === GSkyRegions ===
2019-07-22T15:11:24:  Number of regions .........: 0
2019-07-22T15:11:24: === GModels ===
2019-07-22T15:11:24:  Number of models ..........: 2
2019-07-22T15:11:24:  Number of parameters ......: 11
2019-07-22T15:11:24: === GModelSky ===
2019-07-22T15:11:24:  Name ......................: source2b
2019-07-22T15:11:24:  Instruments ...............: all
2019-07-22T15:11:24:  Test Statistic ............: Computation requested
2019-07-22T15:11:24:  Observation identifiers ...: all
2019-07-22T15:11:24:  Model type ................: PointSource
2019-07-22T15:11:24:  Model components ..........: "PointSource" * "ExponentialCutoffPowerLaw" * "Constant"
2019-07-22T15:11:24:  Number of parameters ......: 7
2019-07-22T15:11:24:  Number of spatial par's ...: 2
2019-07-22T15:11:24:   RA .......................: 83.6331 [-360,360] deg (fixed,scale=1)
2019-07-22T15:11:24:   DEC ......................: 22.0145 [-90,90] deg (fixed,scale=1)
2019-07-22T15:11:24:  Number of spectral par's ..: 4
2019-07-22T15:11:24:   Prefactor ................: 1.52e-18 +/- 0 [1e-25,1e-15] ph/cm2/s/MeV (free,scale=1e-18,gradient)
2019-07-22T15:11:24:   Index ....................: -2 +/- 0 [-0,-5]  (free,scale=-1,gradient)
2019-07-22T15:11:24:   CutoffEnergy .............: 100000000 +/- 0 [1000000,100000000000] MeV (free,scale=100000000,gradient)
2019-07-22T15:11:24:   PivotEnergy ..............: 1000000 [10000,1000000000] MeV (fixed,scale=1000000,gradient)
2019-07-22T15:11:24:  Number of temporal par's ..: 1
2019-07-22T15:11:24:   Normalization ............: 1 (relative value) (fixed,scale=1,gradient)
2019-07-22T15:11:24:  Number of scale par's .....: 0
2019-07-22T15:11:24: === GCTAModelCubeBackground ===
2019-07-22T15:11:24:  Name ......................: BackgroundModel
2019-07-22T15:11:24:  Instruments ...............: CTA, HESS, MAGIC, VERITAS
2019-07-22T15:11:24:  Observation identifiers ...: all
2019-07-22T15:11:24:  Model type ................: "PowerLaw" * "Constant"
2019-07-22T15:11:24:  Number of parameters ......: 4
2019-07-22T15:11:24:  Number of spectral par's ..: 3
2019-07-22T15:11:24:   Prefactor ................: 1 +/- 0 [0.01,100] ph/cm2/s/MeV (free,scale=1,gradient)
2019-07-22T15:11:24:   Index ....................: 0 +/- 0 [-5,5]  (free,scale=1,gradient)
2019-07-22T15:11:24:   PivotEnergy ..............: 1000000 MeV (fixed,scale=1000000,gradient)
2019-07-22T15:11:24:  Number of temporal par's ..: 1
2019-07-22T15:11:24:   Normalization ............: 1 (relative value) (fixed,scale=1,gradient)
2019-07-22T15:11:24: 
2019-07-22T15:11:24: +=================================+
2019-07-22T15:11:24: | Maximum likelihood optimisation |
2019-07-22T15:11:24: +=================================+
2019-07-22T15:11:55:  >Iteration   0: -logL=-321249.353, Lambda=1.0e-03
2019-07-22T15:12:25:  >Iteration   1: -logL=-321253.304, Lambda=1.0e-03, delta=3.951, step=1.0e+00, max(|grad|)=75.030582 [Index:3]
2019-07-22T15:12:54:  >Iteration   2: -logL=-321253.908, Lambda=1.0e-04, delta=0.604, step=1.0e+00, max(|grad|)=17.749046 [Index:3]
2019-07-22T15:13:23:  >Iteration   3: -logL=-321253.946, Lambda=1.0e-05, delta=0.037, step=1.0e+00, max(|grad|)=1.396742 [Index:3]
2019-07-22T15:13:52:  >Iteration   4: -logL=-321253.946, Lambda=1.0e-06, delta=0.000, step=1.0e+00, max(|grad|)=0.010080 [Index:3]
2019-07-22T15:13:52:  
2019-07-22T15:13:52:  +==================+
2019-07-22T15:13:52:  | Curvature matrix |
2019-07-22T15:13:52:  +==================+
2019-07-22T15:13:52:  === GMatrixSparse ===
2019-07-22T15:13:52:   Number of rows ............: 11
2019-07-22T15:13:52:   Number of columns .........: 11
2019-07-22T15:13:52:   Number of nonzero elements : 25
2019-07-22T15:13:52:   Number of allocated cells .: 537
2019-07-22T15:13:52:   Memory block size .........: 512
2019-07-22T15:13:52:   Sparse matrix fill ........: 0.206611570247934
2019-07-22T15:13:52:   Pending element ...........: 0
2019-07-22T15:13:52:   Fill stack size ...........: 0 (none)
2019-07-22T15:13:52:   0, 0, 0, 0, 0, 0, 0, 0, 0, 0, 0
2019-07-22T15:13:52:   0, 0, 0, 0, 0, 0, 0, 0, 0, 0, 0
2019-07-22T15:13:52:   0, 0, 3801.65192390439, -1640.33997226987, 83.7248276446012, 0, 0, 2044.69101521015, -2933.67428582336, 0, 0
2019-07-22T15:13:52:   0, 0, -1640.33997226987, 17165.3337051497, -313.298430517689, 0, 0, 4494.72320899767, -8125.76711908124, 0, 0
2019-07-22T15:13:52:   0, 0, 83.7248276446012, -313.298430517689, 13.1165190052823, 0, 0, 4.46824671167438, -0.0364741845296029, 0, 0
2019-07-22T15:13:52:   0, 0, 0, 0, 0, 0, 0, 0, 0, 0, 0
2019-07-22T15:13:52:   0, 0, 0, 0, 0, 0, 0, 0, 0, 0, 0
2019-07-22T15:13:52:   0, 0, 2044.69101521016, 4494.72320899767, 4.46824671167438, 0, 0, 303462.278329536, -474410.1075022, 0, 0
2019-07-22T15:13:52:   0, 0, -2933.67428582336, -8125.76711908124, -0.0364741845296024, 0, 0, -474410.107502201, 892944.013537956, 0, 0
2019-07-22T15:13:52:   0, 0, 0, 0, 0, 0, 0, 0, 0, 0, 0
2019-07-22T15:13:52:   0, 0, 0, 0, 0, 0, 0, 0, 0, 0, 0
2019-07-22T15:14:21: 
2019-07-22T15:14:21: +====================================+
2019-07-22T15:14:21: | Maximum likelihood re-optimisation |
2019-07-22T15:14:21: +====================================+
2019-07-22T15:14:22:  >Iteration   0: -logL=-298784.506, Lambda=1.0e-03
2019-07-22T15:14:22:  >Iteration   1: -logL=-299759.923, Lambda=1.0e-03, delta=975.417, step=1.0e+00, max(|grad|)=-3924.693898 [Prefactor:0]
2019-07-22T15:14:23:  >Iteration   2: -logL=-299821.113, Lambda=1.0e-04, delta=61.190, step=1.0e+00, max(|grad|)=-243.838108 [Prefactor:0]
2019-07-22T15:14:23:  >Iteration   3: -logL=-299821.544, Lambda=1.0e-05, delta=0.431, step=1.0e+00, max(|grad|)=-21.485856 [Index:1]
2019-07-22T15:14:24:  >Iteration   4: -logL=-299821.546, Lambda=1.0e-06, delta=0.002, step=1.0e+00, max(|grad|)=-1.807396 [Index:1]
2019-07-22T15:14:24: 
2019-07-22T15:14:24: +============================================+
2019-07-22T15:14:24: | Maximum likelihood re-optimisation results |
2019-07-22T15:14:24: +============================================+
2019-07-22T15:14:24: === GOptimizerLM ===
2019-07-22T15:14:24:  Optimized function value ..: -299821.546
2019-07-22T15:14:24:  Absolute precision ........: 0.005
2019-07-22T15:14:24:  Acceptable value decrease .: 2
2019-07-22T15:14:24:  Optimization status .......: converged
2019-07-22T15:14:24:  Number of parameters ......: 4
2019-07-22T15:14:24:  Number of free parameters .: 2
2019-07-22T15:14:24:  Number of iterations ......: 4
2019-07-22T15:14:24:  Lambda ....................: 1e-07
2019-07-22T15:14:24: 
2019-07-22T15:14:24: +=========================================+
2019-07-22T15:14:24: | Maximum likelihood optimisation results |
2019-07-22T15:14:24: +=========================================+
2019-07-22T15:14:24: === GOptimizerLM ===
2019-07-22T15:14:24:  Optimized function value ..: -321253.946
2019-07-22T15:14:24:  Absolute precision ........: 0.005
2019-07-22T15:14:24:  Acceptable value decrease .: 2
2019-07-22T15:14:24:  Optimization status .......: converged
2019-07-22T15:14:24:  Number of parameters ......: 11
2019-07-22T15:14:24:  Number of free parameters .: 5
2019-07-22T15:14:24:  Number of iterations ......: 4
2019-07-22T15:14:24:  Lambda ....................: 1e-07
2019-07-22T15:14:24:  Maximum log likelihood ....: 321253.946
2019-07-22T15:14:24:  Observed events  (Nobs) ...: 315470.000
2019-07-22T15:14:24:  Predicted events (Npred) ..: 313696.990 (Nobs - Npred = 1773.00967437349)
2019-07-22T15:14:24: === GModels ===
2019-07-22T15:14:24:  Number of models ..........: 2
2019-07-22T15:14:24:  Number of parameters ......: 11
2019-07-22T15:14:24: === GModelSky ===
2019-07-22T15:14:24:  Name ......................: source2b
2019-07-22T15:14:24:  Instruments ...............: all
2019-07-22T15:14:24:  Test Statistic ............: 42864.8013215521
2019-07-22T15:14:24:  Observation identifiers ...: all
2019-07-22T15:14:24:  Model type ................: PointSource
2019-07-22T15:14:24:  Model components ..........: "PointSource" * "ExponentialCutoffPowerLaw" * "Constant"
2019-07-22T15:14:24:  Number of parameters ......: 7
2019-07-22T15:14:24:  Number of spatial par's ...: 2
2019-07-22T15:14:24:   RA .......................: 83.6331 [-360,360] deg (fixed,scale=1)
2019-07-22T15:14:24:   DEC ......................: 22.0145 [-90,90] deg (fixed,scale=1)
2019-07-22T15:14:24:  Number of spectral par's ..: 4
2019-07-22T15:14:24:   Prefactor ................: 1.50725990260076e-18 +/- 1.75623629327406e-20 [1e-25,1e-15] ph/cm2/s/MeV (free,scale=1e-18,gradient)
2019-07-22T15:14:24:   Index ....................: -2.01685595588176 +/- 0.0102206439095367 [-0,-5]  (free,scale=-1,gradient)
2019-07-22T15:14:24:   CutoffEnergy .............: 164190281.746882 +/- 38940661.555904 [1000000,100000000000] MeV (free,scale=100000000,gradient)
2019-07-22T15:14:24:   PivotEnergy ..............: 1000000 [10000,1000000000] MeV (fixed,scale=1000000,gradient)
2019-07-22T15:14:24:  Number of temporal par's ..: 1
2019-07-22T15:14:24:   Normalization ............: 1 (relative value) (fixed,scale=1,gradient)
2019-07-22T15:14:24:  Number of scale par's .....: 0
2019-07-22T15:14:24: === GCTAModelCubeBackground ===
2019-07-22T15:14:24:  Name ......................: BackgroundModel
2019-07-22T15:14:24:  Instruments ...............: CTA, HESS, MAGIC, VERITAS
2019-07-22T15:14:24:  Observation identifiers ...: all
2019-07-22T15:14:24:  Model type ................: "PowerLaw" * "Constant"
2019-07-22T15:14:24:  Number of parameters ......: 4
2019-07-22T15:14:24:  Number of spectral par's ..: 3
2019-07-22T15:14:24:   Prefactor ................: 0.992525202244852 +/- 0.00441328542344142 [0.01,100] ph/cm2/s/MeV (free,scale=1,gradient)
2019-07-22T15:14:24:   Index ....................: -0.00379995857964193 +/- 0.00257194931806711 [-5,5]  (free,scale=1,gradient)
2019-07-22T15:14:24:   PivotEnergy ..............: 1000000 MeV (fixed,scale=1000000,gradient)
2019-07-22T15:14:24:  Number of temporal par's ..: 1
2019-07-22T15:14:24:   Normalization ............: 1 (relative value) (fixed,scale=1,gradient)
2019-07-22T15:14:24: 
2019-07-22T15:14:24: +==============+
2019-07-22T15:14:24: | Save results |
2019-07-22T15:14:24: +==============+
2019-07-22T15:14:24:  Model definition file .....: /cta/carli/CPPM_Internship/Simulations_and_Analyses/plus_constant_AEff_South_z40_50h/source2b/obsmodel_binned.xml
2019-07-22T15:14:24:  Covariance matrix file ....: NONE
2019-07-22T15:14:24: 
2019-07-22T15:14:24: Application "ctlike" terminated after 181 wall clock seconds, consuming 187.54 seconds of CPU time.
