2019-07-25T11:06:13: ********************************************************************************
2019-07-25T11:06:13: *                                    cterror                                   *
2019-07-25T11:06:13: * ---------------------------------------------------------------------------- *
2019-07-25T11:06:13: * Version: 1.6.0                                                               *
2019-07-25T11:06:13: ********************************************************************************
2019-07-25T11:06:13: +============+
2019-07-25T11:06:13: | Parameters |
2019-07-25T11:06:13: +============+
2019-07-25T11:06:13:  inobs .....................: /cta/carli/CPPM_Internship/Simulations_and_Analyses/minus_gradient_EDisp_South_z40_50h/source3c/obs_cube.fits
2019-07-25T11:06:13:  inmodel ...................: /cta/carli/CPPM_Internship/Simulations_and_Analyses/minus_gradient_EDisp_South_z40_50h/source3c/obsmodel_binned.xml
2019-07-25T11:06:13:  srcname ...................: source3c
2019-07-25T11:06:13:  expcube ...................: /cta/carli/CPPM_Internship/Simulations_and_Analyses/minus_gradient_EDisp_South_z40_50h/source3c/exposure_cube.fits
2019-07-25T11:06:13:  psfcube ...................: /cta/carli/CPPM_Internship/Simulations_and_Analyses/minus_gradient_EDisp_South_z40_50h/source3c/PSF_cube.fits
2019-07-25T11:06:13:  edispcube .................: /cta/carli/CPPM_Internship/Simulations_and_Analyses/minus_gradient_EDisp_South_z40_50h/source3c/edisp_cube.fits
2019-07-25T11:06:13:  bkgcube ...................: /cta/carli/CPPM_Internship/Simulations_and_Analyses/minus_gradient_EDisp_South_z40_50h/source3c/background_cube.fits
2019-07-25T11:06:13:  caldb .....................: prod3b-v2
2019-07-25T11:06:13:  irf .......................: minus_gradient_EDisp_South_z40_50h
2019-07-25T11:06:13:  edisp .....................: yes
2019-07-25T11:06:13:  outmodel ..................: 
2019-07-25T11:06:13:  confidence ................: 0.95
2019-07-25T11:06:13:  tol .......................: 1e-3
2019-07-25T11:06:13:  statistic .................: DEFAULT
2019-07-25T11:06:13:  like_accuracy .............: 0.005
2019-07-25T11:06:13:  max_iter ..................: 50
2019-07-25T11:06:13:  nthreads ..................: 0
2019-07-25T11:06:13:  chatter ...................: 4
2019-07-25T11:06:13:  clobber ...................: yes
2019-07-25T11:06:13:  debug .....................: no
2019-07-25T11:06:13:  mode ......................: ql
2019-07-25T11:06:13:  logfile ...................: cterror95.log
2019-07-25T11:06:13: 
2019-07-25T11:06:13: +===================+
2019-07-25T11:06:13: | Input observation |
2019-07-25T11:06:13: +===================+
2019-07-25T11:06:13: === GObservations ===
2019-07-25T11:06:13:  Number of observations ....: 1
2019-07-25T11:06:13:  Number of models ..........: 2
2019-07-25T11:06:13:  Number of observed events .: 320599
2019-07-25T11:06:13:  Number of predicted events : 0
2019-07-25T11:06:13: === GCTAObservation ===
2019-07-25T11:06:13:  Name ......................: 
2019-07-25T11:06:13:  Identifier ................: 000001
2019-07-25T11:06:13:  Instrument ................: CTA
2019-07-25T11:06:13:  Event file ................: /cta/carli/CPPM_Internship/Simulations_and_Analyses/minus_gradient_EDisp_South_z40_50h/source3c/obs_cube.fits
2019-07-25T11:06:13:  Event type ................: CountsCube
2019-07-25T11:06:13:  Statistic .................: cstat
2019-07-25T11:06:13:  Ontime ....................: 144000 s
2019-07-25T11:06:13:  Livetime ..................: 141120 s
2019-07-25T11:06:13:  Deadtime correction .......: 0.98
2019-07-25T11:06:13:  User energy range .........: undefined
2019-07-25T11:06:13: === GCTAPointing ===
2019-07-25T11:06:13:  Pointing direction ........: (RA,Dec)=(84.1331,22.0145)
2019-07-25T11:06:13: === GCTAResponseCube ===
2019-07-25T11:06:13:  Energy dispersion .........: Used
2019-07-25T11:06:13: === GCTACubeExposure ===
2019-07-25T11:06:13:  Filename ..................: /cta/carli/CPPM_Internship/Simulations_and_Analyses/minus_gradient_EDisp_South_z40_50h/source3c/exposure_cube.fits
2019-07-25T11:06:13:  Livetime ..................: 141120 sec
2019-07-25T11:06:13: === GEnergies ===
2019-07-25T11:06:13:  Number of energies ........: 33
2019-07-25T11:06:13: === GGti ===
2019-07-25T11:06:13:  Number of intervals .......: 1
2019-07-25T11:06:13:  Ontime ....................: 144000 sec
2019-07-25T11:06:13:  Elapsed time ..............: 144000 sec
2019-07-25T11:06:13:  MJD range .................: 51544.5 - 51546.1666666667 s (TT)
2019-07-25T11:06:13:  UTC range .................: 2000-01-01T11:58:56 - 2000-01-03T03:58:56 s (TT)
2019-07-25T11:06:13:  Reference MJD .............: 51544.5
2019-07-25T11:06:13: === GSkyMap ===
2019-07-25T11:06:13:  Number of pixels ..........: 6400
2019-07-25T11:06:13:  X axis dimension ..........: 80
2019-07-25T11:06:13:  Y axis dimension ..........: 80
2019-07-25T11:06:13:  Number of maps ............: 33
2019-07-25T11:06:13:  Shape of maps .............: (33)
2019-07-25T11:06:13: === GCTACubePsf ===
2019-07-25T11:06:13:  Filename ..................: /cta/carli/CPPM_Internship/Simulations_and_Analyses/minus_gradient_EDisp_South_z40_50h/source3c/PSF_cube.fits
2019-07-25T11:06:13: === GEnergies ===
2019-07-25T11:06:13:  Number of energies ........: 33
2019-07-25T11:06:13:  Number of delta bins ......: 200
2019-07-25T11:06:13:  Delta range ...............: 1.875e-06 - 0.298501875 deg
2019-07-25T11:06:13: === GSkyMap ===
2019-07-25T11:06:13:  Number of pixels ..........: 1
2019-07-25T11:06:13:  X axis dimension ..........: 1
2019-07-25T11:06:13:  Y axis dimension ..........: 1
2019-07-25T11:06:13:  Number of maps ............: 6600
2019-07-25T11:06:13:  Shape of maps .............: (200, 33)
2019-07-25T11:06:13: === GCTACubeEdisp ===
2019-07-25T11:06:13:  Filename ..................: /cta/carli/CPPM_Internship/Simulations_and_Analyses/minus_gradient_EDisp_South_z40_50h/source3c/edisp_cube.fits
2019-07-25T11:06:13: === GEnergies ===
2019-07-25T11:06:13:  Number of energies ........: 33
2019-07-25T11:06:13:  Number of migra bins ......: 100
2019-07-25T11:06:13:  Migra range ...............: 0.02 - 2
2019-07-25T11:06:13: === GSkyMap ===
2019-07-25T11:06:13:  Number of pixels ..........: 1
2019-07-25T11:06:13:  X axis dimension ..........: 1
2019-07-25T11:06:13:  Y axis dimension ..........: 1
2019-07-25T11:06:13:  Number of maps ............: 3300
2019-07-25T11:06:13:  Shape of maps .............: (100, 33)
2019-07-25T11:06:13: === GCTACubeBackground ===
2019-07-25T11:06:13:  Filename ..................: /cta/carli/CPPM_Internship/Simulations_and_Analyses/minus_gradient_EDisp_South_z40_50h/source3c/background_cube.fits
2019-07-25T11:06:13: === GEbounds ===
2019-07-25T11:06:13:  Number of intervals .......: 32
2019-07-25T11:06:13:  Energy range ..............: 100 GeV - 199.526229858398 TeV
2019-07-25T11:06:13: === GSkyMap ===
2019-07-25T11:06:13:  Number of pixels ..........: 6400
2019-07-25T11:06:13:  X axis dimension ..........: 80
2019-07-25T11:06:13:  Y axis dimension ..........: 80
2019-07-25T11:06:13:  Number of maps ............: 32
2019-07-25T11:06:13:  Shape of maps .............: (32)
2019-07-25T11:06:13: === GCTAResponseCache ===
2019-07-25T11:06:13:  Number of cached values ...: 0
2019-07-25T11:06:13: === GCTAEventCube ===
2019-07-25T11:06:13:  Number of events ..........: 320599
2019-07-25T11:06:13:  Number of elements ........: 204800
2019-07-25T11:06:13:  Number of pixels ..........: 6400
2019-07-25T11:06:13:  Number of energy bins .....: 32
2019-07-25T11:06:13:  Time interval .............: 51544.5 - 51546.1666666667 days
2019-07-25T11:06:13:  Pointing ..................: (RA,Dec)=(84.1331,22.0145)
2019-07-25T11:06:13: === GEbounds ===
2019-07-25T11:06:13:  Number of intervals .......: 32
2019-07-25T11:06:13:  Energy range ..............: 100 GeV - 199.526229858398 TeV
2019-07-25T11:06:13: === GSkyMap ===
2019-07-25T11:06:13:  Number of pixels ..........: 6400
2019-07-25T11:06:13:  X axis dimension ..........: 80
2019-07-25T11:06:13:  Y axis dimension ..........: 80
2019-07-25T11:06:13:  Number of maps ............: 32
2019-07-25T11:06:13:  Shape of maps .............: (32)
2019-07-25T11:06:13: === GSkyRegions ===
2019-07-25T11:06:13:  Number of regions .........: 0
2019-07-25T11:06:13: === GModels ===
2019-07-25T11:06:13:  Number of models ..........: 2
2019-07-25T11:06:13:  Number of parameters ......: 11
2019-07-25T11:06:13: === GModelSky ===
2019-07-25T11:06:13:  Name ......................: source3c
2019-07-25T11:06:13:  Instruments ...............: all
2019-07-25T11:06:13:  Test Statistic ............: 66868.327
2019-07-25T11:06:13:  Observation identifiers ...: all
2019-07-25T11:06:13:  Model type ................: PointSource
2019-07-25T11:06:13:  Model components ..........: "PointSource" * "ExponentialCutoffPowerLaw" * "Constant"
2019-07-25T11:06:13:  Number of parameters ......: 7
2019-07-25T11:06:13:  Number of spatial par's ...: 2
2019-07-25T11:06:13:   RA .......................: 83.6331 [-360,360] deg (fixed,scale=1)
2019-07-25T11:06:13:   DEC ......................: 22.0145 [-90,90] deg (fixed,scale=1)
2019-07-25T11:06:13:  Number of spectral par's ..: 4
2019-07-25T11:06:13:   Prefactor ................: 2.27895390160048e-18 [1e-25,1e-15] ph/cm2/s/MeV (fixed,scale=1e-18,gradient)
2019-07-25T11:06:13:   Index ....................: -2.0009451316994 [-0,-5]  (fixed,scale=-1,gradient)
2019-07-25T11:06:13:   CutoffEnergy .............: 201924867.103882 +/- 44659942.9929146 [1000000,100000000000] MeV (free,scale=100000000,gradient)
2019-07-25T11:06:13:   PivotEnergy ..............: 1000000 [10000,1000000000] MeV (fixed,scale=1000000,gradient)
2019-07-25T11:06:13:  Number of temporal par's ..: 1
2019-07-25T11:06:13:   Normalization ............: 1 (relative value) (fixed,scale=1,gradient)
2019-07-25T11:06:13:  Number of scale par's .....: 0
2019-07-25T11:06:13: === GCTAModelCubeBackground ===
2019-07-25T11:06:13:  Name ......................: BackgroundModel
2019-07-25T11:06:13:  Instruments ...............: CTA, HESS, MAGIC, VERITAS
2019-07-25T11:06:13:  Observation identifiers ...: all
2019-07-25T11:06:13:  Model type ................: "PowerLaw" * "Constant"
2019-07-25T11:06:13:  Number of parameters ......: 4
2019-07-25T11:06:13:  Number of spectral par's ..: 3
2019-07-25T11:06:13:   Prefactor ................: 1.12214586017932 [0.01,100] ph/cm2/s/MeV (fixed,scale=1,gradient)
2019-07-25T11:06:13:   Index ....................: 0.0753041629480154 [-5,5]  (fixed,scale=1,gradient)
2019-07-25T11:06:13:   PivotEnergy ..............: 1000000 MeV (fixed,scale=1000000,gradient)
2019-07-25T11:06:13:  Number of temporal par's ..: 1
2019-07-25T11:06:13:   Normalization ............: 1 (relative value) (fixed,scale=1,gradient)
2019-07-25T11:06:13: 
2019-07-25T11:06:13: +=============================+
2019-07-25T11:06:13: | Compute best-fit likelihood |
2019-07-25T11:06:13: +=============================+
2019-07-25T11:07:47: === GOptimizerLM ===
2019-07-25T11:07:47:  Optimized function value ..: -321154.146
2019-07-25T11:07:47:  Absolute precision ........: 0.005
2019-07-25T11:07:47:  Acceptable value decrease .: 2
2019-07-25T11:07:47:  Optimization status .......: converged
2019-07-25T11:07:47:  Number of parameters ......: 11
2019-07-25T11:07:47:  Number of free parameters .: 1
2019-07-25T11:07:47:  Number of iterations ......: 1
2019-07-25T11:07:47:  Lambda ....................: 0.0001
2019-07-25T11:07:47:  Maximum log likelihood ....: -321154.146
2019-07-25T11:07:47: === GModels ===
2019-07-25T11:07:47:  Number of models ..........: 2
2019-07-25T11:07:47:  Number of parameters ......: 11
2019-07-25T11:07:47: === GModelSky ===
2019-07-25T11:07:47:  Name ......................: source3c
2019-07-25T11:07:47:  Instruments ...............: all
2019-07-25T11:07:47:  Test Statistic ............: 66868.327
2019-07-25T11:07:47:  Observation identifiers ...: all
2019-07-25T11:07:47:  Model type ................: PointSource
2019-07-25T11:07:47:  Model components ..........: "PointSource" * "ExponentialCutoffPowerLaw" * "Constant"
2019-07-25T11:07:47:  Number of parameters ......: 7
2019-07-25T11:07:47:  Number of spatial par's ...: 2
2019-07-25T11:07:47:   RA .......................: 83.6331 [-360,360] deg (fixed,scale=1)
2019-07-25T11:07:47:   DEC ......................: 22.0145 [-90,90] deg (fixed,scale=1)
2019-07-25T11:07:47:  Number of spectral par's ..: 4
2019-07-25T11:07:47:   Prefactor ................: 2.27895390160048e-18 [1e-25,1e-15] ph/cm2/s/MeV (fixed,scale=1e-18,gradient)
2019-07-25T11:07:47:   Index ....................: -2.0009451316994 [-0,-5]  (fixed,scale=-1,gradient)
2019-07-25T11:07:47:   CutoffEnergy .............: 201922995.761457 +/- 31949404.8248885 [1000000,100000000000] MeV (free,scale=100000000,gradient)
2019-07-25T11:07:47:   PivotEnergy ..............: 1000000 [10000,1000000000] MeV (fixed,scale=1000000,gradient)
2019-07-25T11:07:47:  Number of temporal par's ..: 1
2019-07-25T11:07:47:   Normalization ............: 1 (relative value) (fixed,scale=1,gradient)
2019-07-25T11:07:47:  Number of scale par's .....: 0
2019-07-25T11:07:47: === GCTAModelCubeBackground ===
2019-07-25T11:07:47:  Name ......................: BackgroundModel
2019-07-25T11:07:47:  Instruments ...............: CTA, HESS, MAGIC, VERITAS
2019-07-25T11:07:47:  Observation identifiers ...: all
2019-07-25T11:07:47:  Model type ................: "PowerLaw" * "Constant"
2019-07-25T11:07:47:  Number of parameters ......: 4
2019-07-25T11:07:47:  Number of spectral par's ..: 3
2019-07-25T11:07:47:   Prefactor ................: 1.12214586017932 [0.01,100] ph/cm2/s/MeV (fixed,scale=1,gradient)
2019-07-25T11:07:47:   Index ....................: 0.0753041629480154 [-5,5]  (fixed,scale=1,gradient)
2019-07-25T11:07:47:   PivotEnergy ..............: 1000000 MeV (fixed,scale=1000000,gradient)
2019-07-25T11:07:47:  Number of temporal par's ..: 1
2019-07-25T11:07:47:   Normalization ............: 1 (relative value) (fixed,scale=1,gradient)
2019-07-25T11:07:47: 
2019-07-25T11:07:47: +==============================================================+
2019-07-25T11:07:47: | Compute error for source "source3c" parameter "CutoffEnergy" |
2019-07-25T11:07:47: +==============================================================+
2019-07-25T11:07:47:  Confidence level ..........: 95 %
2019-07-25T11:07:47:  Log-likelihood difference .: 1.92073
2019-07-25T11:07:47:  Initial factor range ......: [0.01, 5.21417044010342]
2019-07-25T11:07:57:    Iteration 1 .............: [0.01, 2.01922995761457]
2019-07-25T11:08:07:    Iteration 2 .............: [1.01461497880728, 2.01922995761457]
2019-07-25T11:08:17:    Iteration 3 .............: [1.51692246821093, 2.01922995761457]
2019-07-25T11:08:28:    Iteration 4 .............: [1.51692246821093, 1.76807621291275]
2019-07-25T11:08:38:    Iteration 5 .............: [1.51692246821093, 1.64249934056184]
2019-07-25T11:08:49:    Iteration 6 .............: [1.51692246821093, 1.57971090438638]
2019-07-25T11:08:59:    Iteration 7 .............: [1.51692246821093, 1.54831668629865]
2019-07-25T11:09:09:    Iteration 8 .............: [1.51692246821093, 1.53261957725479]
2019-07-25T11:09:19:    Iteration 9 .............: [1.51692246821093, 1.52477102273286]
2019-07-25T11:09:30:    Iteration 10 ............: [1.52084674547189, 1.52477102273286]
2019-07-25T11:09:40:    Iteration 11 ............: [1.52084674547189, 1.52280888410238]
2019-07-25T11:09:51:    Iteration 12 ............: [1.52084674547189, 1.52182781478713]
2019-07-25T11:10:02:    Iteration 13 ............: [1.52133728012951, 1.52182781478713]
2019-07-25T11:10:12:    Iteration 1 .............: [2.01922995761457, 5.21417044010342]
2019-07-25T11:10:22:    Iteration 2 .............: [2.01922995761457, 3.61670019885899]
2019-07-25T11:10:33:    Iteration 3 .............: [2.81796507823678, 3.61670019885899]
2019-07-25T11:10:43:    Iteration 4 .............: [2.81796507823678, 3.21733263854789]
2019-07-25T11:10:53:    Iteration 5 .............: [2.81796507823678, 3.01764885839233]
2019-07-25T11:11:04:    Iteration 6 .............: [2.91780696831456, 3.01764885839233]
2019-07-25T11:11:14:    Iteration 7 .............: [2.91780696831456, 2.96772791335345]
2019-07-25T11:11:24:    Iteration 8 .............: [2.942767440834, 2.96772791335345]
2019-07-25T11:11:35:    Iteration 9 .............: [2.942767440834, 2.95524767709372]
2019-07-25T11:11:45:    Iteration 10 ............: [2.942767440834, 2.94900755896386]
2019-07-25T11:11:45:  Lower parameter factor ....: 1.52158
2019-07-25T11:11:45:  Upper parameter factor ....: 2.94589
2019-07-25T11:11:45:  Error from curvature ......: 31949404.8248885 MeV
2019-07-25T11:11:45:  Error from profile ........: 71215247.6220304 MeV
2019-07-25T11:11:45:  Negative profile error ....: 49764741.0156245 MeV
2019-07-25T11:11:45:  Positive profile error ....: 92665754.2284364 MeV
2019-07-25T11:11:45: 
2019-07-25T11:11:45: +==============+
2019-07-25T11:11:45: | Save results |
2019-07-25T11:11:45: +==============+
2019-07-25T11:11:45:  Model definition file .....: NONE
2019-07-25T11:11:45: 
2019-07-25T11:11:45: Application "cterror" terminated after 333 wall clock seconds, consuming 416.64 seconds of CPU time.
