2019-07-22T18:25:20: ********************************************************************************
2019-07-22T18:25:20: *                                  ctbutterfly                                 *
2019-07-22T18:25:20: * ---------------------------------------------------------------------------- *
2019-07-22T18:25:20: * Version: 1.6.0                                                               *
2019-07-22T18:25:20: ********************************************************************************
2019-07-22T18:25:20: +============+
2019-07-22T18:25:20: | Parameters |
2019-07-22T18:25:20: +============+
2019-07-22T18:25:20:  inobs .....................: /cta/carli/CPPM_Internship/Simulations_and_Analyses/minus_step_AEff_South_z40_50h/source3d/obs_cube.fits
2019-07-22T18:25:20:  inmodel ...................: /cta/carli/CPPM_Internship/Simulations_and_Analyses/minus_step_AEff_South_z40_50h/source3d/obsmodel_binned.xml
2019-07-22T18:25:20:  srcname ...................: source3d
2019-07-22T18:25:20:  expcube ...................: /cta/carli/CPPM_Internship/Simulations_and_Analyses/minus_step_AEff_South_z40_50h/source3d/exposure_cube.fits
2019-07-22T18:25:20:  psfcube ...................: /cta/carli/CPPM_Internship/Simulations_and_Analyses/minus_step_AEff_South_z40_50h/source3d/PSF_cube.fits
2019-07-22T18:25:20:  edispcube .................: /cta/carli/CPPM_Internship/Simulations_and_Analyses/minus_step_AEff_South_z40_50h/source3d/edisp_cube.fits
2019-07-22T18:25:20:  bkgcube ...................: /cta/carli/CPPM_Internship/Simulations_and_Analyses/minus_step_AEff_South_z40_50h/source3d/background_cube.fits
2019-07-22T18:25:20:  caldb .....................: prod3b-v2
2019-07-22T18:25:20:  irf .......................: minus_step_AEff_South_z40_50h
2019-07-22T18:25:20:  edisp .....................: yes
2019-07-22T18:25:20:  outfile ...................: /cta/carli/CPPM_Internship/Simulations_and_Analyses/minus_step_AEff_South_z40_50h/source3d/butterfly_binned.ascii
2019-07-22T18:25:20:  method ....................: GAUSSIAN
2019-07-22T18:25:20:  fit .......................: no
2019-07-22T18:25:20:  confidence ................: 0.68
2019-07-22T18:25:20:  statistic .................: DEFAULT
2019-07-22T18:25:20:  like_accuracy .............: 0.005
2019-07-22T18:25:20:  max_iter ..................: 50
2019-07-22T18:25:20:  matrix ....................: NONE
2019-07-22T18:25:20:  ebinalg ...................: LOG
2019-07-22T18:25:20:  emin ......................: 0.1
2019-07-22T18:25:20:  emax ......................: 199.526229858398
2019-07-22T18:25:20:  enumbins ..................: 32
2019-07-22T18:25:20:  ebinfile ..................: [not queried]
2019-07-22T18:25:20:  chatter ...................: 4
2019-07-22T18:25:20:  clobber ...................: yes
2019-07-22T18:25:20:  debug .....................: no
2019-07-22T18:25:20:  mode ......................: ql
2019-07-22T18:25:20:  logfile ...................: ctbutterfly.log
2019-07-22T18:25:20: 
2019-07-22T18:25:20: +===================+
2019-07-22T18:25:20: | Input observation |
2019-07-22T18:25:20: +===================+
2019-07-22T18:25:20: === GObservations ===
2019-07-22T18:25:20:  Number of observations ....: 1
2019-07-22T18:25:20:  Number of models ..........: 2
2019-07-22T18:25:20:  Number of observed events .: 325592
2019-07-22T18:25:20:  Number of predicted events : 0
2019-07-22T18:25:20: === GCTAObservation ===
2019-07-22T18:25:20:  Name ......................: 
2019-07-22T18:25:20:  Identifier ................: 000001
2019-07-22T18:25:20:  Instrument ................: CTA
2019-07-22T18:25:20:  Event file ................: /cta/carli/CPPM_Internship/Simulations_and_Analyses/minus_step_AEff_South_z40_50h/source3d/obs_cube.fits
2019-07-22T18:25:20:  Event type ................: CountsCube
2019-07-22T18:25:20:  Statistic .................: cstat
2019-07-22T18:25:20:  Ontime ....................: 144000 s
2019-07-22T18:25:20:  Livetime ..................: 141120 s
2019-07-22T18:25:20:  Deadtime correction .......: 0.98
2019-07-22T18:25:20:  User energy range .........: undefined
2019-07-22T18:25:20: === GCTAPointing ===
2019-07-22T18:25:20:  Pointing direction ........: (RA,Dec)=(84.1331,22.0145)
2019-07-22T18:25:20: === GCTAResponseCube ===
2019-07-22T18:25:20:  Energy dispersion .........: Used
2019-07-22T18:25:20: === GCTACubeExposure ===
2019-07-22T18:25:20:  Filename ..................: /cta/carli/CPPM_Internship/Simulations_and_Analyses/minus_step_AEff_South_z40_50h/source3d/exposure_cube.fits
2019-07-22T18:25:20:  Livetime ..................: 141120 sec
2019-07-22T18:25:20: === GEnergies ===
2019-07-22T18:25:20:  Number of energies ........: 33
2019-07-22T18:25:20: === GGti ===
2019-07-22T18:25:20:  Number of intervals .......: 1
2019-07-22T18:25:20:  Ontime ....................: 144000 sec
2019-07-22T18:25:20:  Elapsed time ..............: 144000 sec
2019-07-22T18:25:20:  MJD range .................: 51544.5 - 51546.1666666667 s (TT)
2019-07-22T18:25:20:  UTC range .................: 2000-01-01T11:58:56 - 2000-01-03T03:58:56 s (TT)
2019-07-22T18:25:20:  Reference MJD .............: 51544.5
2019-07-22T18:25:20: === GSkyMap ===
2019-07-22T18:25:20:  Number of pixels ..........: 6400
2019-07-22T18:25:20:  X axis dimension ..........: 80
2019-07-22T18:25:20:  Y axis dimension ..........: 80
2019-07-22T18:25:20:  Number of maps ............: 33
2019-07-22T18:25:20:  Shape of maps .............: (33)
2019-07-22T18:25:20: === GCTACubePsf ===
2019-07-22T18:25:20:  Filename ..................: /cta/carli/CPPM_Internship/Simulations_and_Analyses/minus_step_AEff_South_z40_50h/source3d/PSF_cube.fits
2019-07-22T18:25:20: === GEnergies ===
2019-07-22T18:25:20:  Number of energies ........: 33
2019-07-22T18:25:20:  Number of delta bins ......: 200
2019-07-22T18:25:20:  Delta range ...............: 1.875e-06 - 0.298501875 deg
2019-07-22T18:25:20: === GSkyMap ===
2019-07-22T18:25:20:  Number of pixels ..........: 1
2019-07-22T18:25:20:  X axis dimension ..........: 1
2019-07-22T18:25:20:  Y axis dimension ..........: 1
2019-07-22T18:25:20:  Number of maps ............: 6600
2019-07-22T18:25:20:  Shape of maps .............: (200, 33)
2019-07-22T18:25:20: === GCTACubeEdisp ===
2019-07-22T18:25:20:  Filename ..................: /cta/carli/CPPM_Internship/Simulations_and_Analyses/minus_step_AEff_South_z40_50h/source3d/edisp_cube.fits
2019-07-22T18:25:20: === GEnergies ===
2019-07-22T18:25:20:  Number of energies ........: 33
2019-07-22T18:25:20:  Number of migra bins ......: 100
2019-07-22T18:25:20:  Migra range ...............: 0.02 - 2
2019-07-22T18:25:20: === GSkyMap ===
2019-07-22T18:25:20:  Number of pixels ..........: 1
2019-07-22T18:25:20:  X axis dimension ..........: 1
2019-07-22T18:25:20:  Y axis dimension ..........: 1
2019-07-22T18:25:20:  Number of maps ............: 3300
2019-07-22T18:25:20:  Shape of maps .............: (100, 33)
2019-07-22T18:25:20: === GCTACubeBackground ===
2019-07-22T18:25:20:  Filename ..................: /cta/carli/CPPM_Internship/Simulations_and_Analyses/minus_step_AEff_South_z40_50h/source3d/background_cube.fits
2019-07-22T18:25:20: === GEbounds ===
2019-07-22T18:25:20:  Number of intervals .......: 32
2019-07-22T18:25:20:  Energy range ..............: 100 GeV - 199.526229858398 TeV
2019-07-22T18:25:20: === GSkyMap ===
2019-07-22T18:25:20:  Number of pixels ..........: 6400
2019-07-22T18:25:20:  X axis dimension ..........: 80
2019-07-22T18:25:20:  Y axis dimension ..........: 80
2019-07-22T18:25:20:  Number of maps ............: 32
2019-07-22T18:25:20:  Shape of maps .............: (32)
2019-07-22T18:25:20: === GCTAResponseCache ===
2019-07-22T18:25:20:  Number of cached values ...: 0
2019-07-22T18:25:20: === GCTAEventCube ===
2019-07-22T18:25:20:  Number of events ..........: 325592
2019-07-22T18:25:20:  Number of elements ........: 204800
2019-07-22T18:25:20:  Number of pixels ..........: 6400
2019-07-22T18:25:20:  Number of energy bins .....: 32
2019-07-22T18:25:20:  Time interval .............: 51544.5 - 51546.1666666667 days
2019-07-22T18:25:20:  Pointing ..................: (RA,Dec)=(84.1331,22.0145)
2019-07-22T18:25:20: === GEbounds ===
2019-07-22T18:25:20:  Number of intervals .......: 32
2019-07-22T18:25:20:  Energy range ..............: 100 GeV - 199.526229858398 TeV
2019-07-22T18:25:20: === GSkyMap ===
2019-07-22T18:25:20:  Number of pixels ..........: 6400
2019-07-22T18:25:20:  X axis dimension ..........: 80
2019-07-22T18:25:20:  Y axis dimension ..........: 80
2019-07-22T18:25:20:  Number of maps ............: 32
2019-07-22T18:25:20:  Shape of maps .............: (32)
2019-07-22T18:25:20: === GSkyRegions ===
2019-07-22T18:25:20:  Number of regions .........: 0
2019-07-22T18:25:20: === GModels ===
2019-07-22T18:25:20:  Number of models ..........: 2
2019-07-22T18:25:20:  Number of parameters ......: 11
2019-07-22T18:25:20: === GModelSky ===
2019-07-22T18:25:20:  Name ......................: source3d
2019-07-22T18:25:20:  Instruments ...............: all
2019-07-22T18:25:20:  Test Statistic ............: 98838.351
2019-07-22T18:25:20:  Observation identifiers ...: all
2019-07-22T18:25:20:  Model type ................: PointSource
2019-07-22T18:25:20:  Model components ..........: "PointSource" * "ExponentialCutoffPowerLaw" * "Constant"
2019-07-22T18:25:20:  Number of parameters ......: 7
2019-07-22T18:25:20:  Number of spatial par's ...: 2
2019-07-22T18:25:20:   RA .......................: 83.6331 [-360,360] deg (fixed,scale=1)
2019-07-22T18:25:20:   DEC ......................: 22.0145 [-90,90] deg (fixed,scale=1)
2019-07-22T18:25:20:  Number of spectral par's ..: 4
2019-07-22T18:25:20:   Prefactor ................: 2.98700692830336e-18 +/- 2.42083017485865e-20 [1e-25,1e-15] ph/cm2/s/MeV (free,scale=1e-18,gradient)
2019-07-22T18:25:20:   Index ....................: -2.00725327306976 +/- 0.00672375346250089 [-0,-5]  (free,scale=-1,gradient)
2019-07-22T18:25:20:   CutoffEnergy .............: 1095150344.03809 +/- 967236888.607933 [1000000,100000000000] MeV (free,scale=100000000,gradient)
2019-07-22T18:25:20:   PivotEnergy ..............: 1000000 [10000,1000000000] MeV (fixed,scale=1000000,gradient)
2019-07-22T18:25:20:  Number of temporal par's ..: 1
2019-07-22T18:25:20:   Normalization ............: 1 (relative value) (fixed,scale=1,gradient)
2019-07-22T18:25:20:  Number of scale par's .....: 0
2019-07-22T18:25:20: === GCTAModelCubeBackground ===
2019-07-22T18:25:20:  Name ......................: BackgroundModel
2019-07-22T18:25:20:  Instruments ...............: CTA, HESS, MAGIC, VERITAS
2019-07-22T18:25:20:  Observation identifiers ...: all
2019-07-22T18:25:20:  Model type ................: "PowerLaw" * "Constant"
2019-07-22T18:25:20:  Number of parameters ......: 4
2019-07-22T18:25:20:  Number of spectral par's ..: 3
2019-07-22T18:25:20:   Prefactor ................: 0.992971127875959 +/- 0.00441973798858139 [0.01,100] ph/cm2/s/MeV (free,scale=1,gradient)
2019-07-22T18:25:20:   Index ....................: -0.00346182037486575 +/- 0.00257583051723717 [-5,5]  (free,scale=1,gradient)
2019-07-22T18:25:20:   PivotEnergy ..............: 1000000 MeV (fixed,scale=1000000,gradient)
2019-07-22T18:25:20:  Number of temporal par's ..: 1
2019-07-22T18:25:20:   Normalization ............: 1 (relative value) (fixed,scale=1,gradient)
2019-07-22T18:25:20: 
2019-07-22T18:25:20: +===========================+
2019-07-22T18:25:20: | Compute covariance matrix |
2019-07-22T18:25:20: +===========================+
2019-07-22T18:25:51: === GMatrixSparse ===
2019-07-22T18:25:51:  Number of rows ............: 11
2019-07-22T18:25:51:  Number of columns .........: 11
2019-07-22T18:25:51:  Number of nonzero elements : 25
2019-07-22T18:25:51:  Number of allocated cells .: 512
2019-07-22T18:25:51:  Memory block size .........: 512
2019-07-22T18:25:51:  Sparse matrix fill ........: 0.206611570247934
2019-07-22T18:25:51:  Pending element ...........: 0
2019-07-22T18:25:51:  Fill stack size ...........: 0 (none)
2019-07-22T18:25:51:  0, 0, 0, 0, 0, 0, 0, 0, 0, 0, 0
2019-07-22T18:25:51:  0, 0, 0, 0, 0, 0, 0, 0, 0, 0, 0
2019-07-22T18:25:51:  0, 0, 5.86041873527993e-40, 9.57377582894965e-24, -7.19849273830925e-12, 0, 0, -3.13897229872829e-24, -3.42963417439756e-25, 0, 0
2019-07-22T18:25:51:  0, 0, 9.57377582894965e-24, 4.52088606254107e-05, -4162550.24673789, 0, 0, 2.1210615643281e-07, -4.90199095180417e-07, 0, 0
2019-07-22T18:25:51:  0, 0, -7.19849273830925e-12, -4162550.24673789, 9.35547198642387e+17, 0, 0, 4190.15558066003, 42161.1178361745, 0, 0
2019-07-22T18:25:51:  0, 0, 0, 0, 0, 0, 0, 0, 0, 0, 0
2019-07-22T18:25:51:  0, 0, 0, 0, 0, 0, 0, 0, 0, 0, 0
2019-07-22T18:25:51:  0, 0, -3.13897229872828e-24, 2.1210615643281e-07, 4190.15558065997, 0, 0, 1.95340838877097e-05, 1.03632161918398e-05, 0, 0
2019-07-22T18:25:51:  0, 0, -3.42963417439755e-25, -4.90199095180418e-07, 42161.1178361745, 0, 0, 1.03632161918398e-05, 6.63490285353032e-06, 0, 0
2019-07-22T18:25:51:  0, 0, 0, 0, 0, 0, 0, 0, 0, 0, 0
2019-07-22T18:25:51:  0, 0, 0, 0, 0, 0, 0, 0, 0, 0, 0
2019-07-22T18:25:51: 
2019-07-22T18:25:51: +===============================+
2019-07-22T18:25:51: | Prepare butterfly computation |
2019-07-22T18:25:51: +===============================+
2019-07-22T18:25:51:  Confidence level ..........: 0.68
2019-07-22T18:25:51:  Corresponding scaling .....: 0.994458
2019-07-22T18:25:51: 
2019-07-22T18:25:51: +====================+
2019-07-22T18:25:51: | Generate butterfly |
2019-07-22T18:25:51: +====================+
2019-07-22T18:25:51: 
2019-07-22T18:25:51: +=========+
2019-07-22T18:25:51: | Results |
2019-07-22T18:25:51: +=========+
2019-07-22T18:25:51:  Intensity at 112606.251051226 MeV : 2.39301736957642e-16 (2.35401850859206e-16, 2.43201623056078e-16) ph/cm2/s/MeV
2019-07-22T18:25:51:  Intensity at 142786.615593472 MeV : 1.48571630309927e-16 (1.46351232870426e-16, 1.50792027749428e-16) ph/cm2/s/MeV
2019-07-22T18:25:51:  Intensity at 181055.824186555 MeV : 9.22407274506706e-17 (9.09823167284277e-17, 9.34991381729135e-17) ph/cm2/s/MeV
2019-07-22T18:25:51:  Intensity at 229581.822747338 MeV : 5.72671383967859e-17 (5.65567528571504e-17, 5.79775239364215e-17) ph/cm2/s/MeV
2019-07-22T18:25:51:  Intensity at 291113.603071291 MeV : 3.55535595181762e-17 (3.51535485080807e-17, 3.59535705282718e-17) ph/cm2/s/MeV
2019-07-22T18:25:51:  Intensity at 369136.932876502 MeV : 2.20726335364157e-17 (2.18473303141938e-17, 2.22979367586376e-17) ph/cm2/s/MeV
2019-07-22T18:25:51:  Intensity at 468071.824112259 MeV : 1.37030400040657e-17 (1.35754986411831e-17, 1.38305813669483e-17) ph/cm2/s/MeV
2019-07-22T18:25:51:  Intensity at 593522.926087366 MeV : 8.50685799033359e-18 (8.43377269623668e-18, 8.57994328443051e-18) ph/cm2/s/MeV
2019-07-22T18:25:51:  Intensity at 752597.028157849 MeV : 5.280901982347e-18 (5.23812698168755e-18, 5.32367698300645e-18) ph/cm2/s/MeV
2019-07-22T18:25:51:  Intensity at 954305.65846188 MeV : 3.27815982290327e-18 (3.25237709856827e-18, 3.30394254723826e-18) ph/cm2/s/MeV
2019-07-22T18:25:51:  Intensity at 1210075.58587031 MeV : 2.03484203810021e-18 (2.01877572970384e-18, 2.05090834649659e-18) ph/cm2/s/MeV
2019-07-22T18:25:51:  Intensity at 1534396.14502492 MeV : 1.26300216377984e-18 (1.25268153931958e-18, 1.27332278824011e-18) ph/cm2/s/MeV
2019-07-22T18:25:51:  Intensity at 1945640.05534746 MeV : 7.83868148006923e-19 (7.77088880295158e-19, 7.90647415718687e-19) ph/cm2/s/MeV
2019-07-22T18:25:51:  Intensity at 2467104.23331454 MeV : 4.86450026439155e-19 (4.81939967789008e-19, 4.90960085089302e-19) ph/cm2/s/MeV
2019-07-22T18:25:51:  Intensity at 3128329.55988436 MeV : 3.01840854212923e-19 (2.98826791355232e-19, 3.04854917070614e-19) ph/cm2/s/MeV
2019-07-22T18:25:51:  Intensity at 3966774.36773649 MeV : 1.87261083864339e-19 (1.85249283793014e-19, 1.89272883935664e-19) ph/cm2/s/MeV
2019-07-22T18:25:51:  Intensity at 5029936.45116879 MeV : 1.16152331044057e-19 (1.14815955338973e-19, 1.17488706749141e-19) ph/cm2/s/MeV
2019-07-22T18:25:51:  Intensity at 6378043.81024912 MeV : 7.20270004347513e-20 (7.11451837980157e-20, 7.2908817071487e-20) ph/cm2/s/MeV
2019-07-22T18:25:51:  Intensity at 8087466.55954362 MeV : 4.46497924148885e-20 (4.4072028514767e-20, 4.522755631501e-20) ph/cm2/s/MeV
2019-07-22T18:25:51:  Intensity at 10255043.285628 MeV : 2.76669874467522e-20 (2.72906863135728e-20, 2.80432885799316e-20) ph/cm2/s/MeV
2019-07-22T18:25:51:  Intensity at 13003566.9409974 MeV : 1.71345980392384e-20 (1.68901554414824e-20, 1.73790406369945e-20) ph/cm2/s/MeV
2019-07-22T18:25:51:  Intensity at 16488741.0495845 MeV : 1.06045889990273e-20 (1.04451584345598e-20, 1.07640195634947e-20) ph/cm2/s/MeV
2019-07-22T18:25:51:  Intensity at 20908000.2920645 MeV : 6.55757610492005e-21 (6.45200312111899e-21, 6.66314908872111e-21) ph/cm2/s/MeV
2019-07-22T18:25:51:  Intensity at 26511695.1560098 MeV : 4.05063523596866e-21 (3.97860108142694e-21, 4.12266939051038e-21) ph/cm2/s/MeV
2019-07-22T18:25:51:  Intensity at 33617274.2599379 MeV : 2.49866103013805e-21 (2.44734607812664e-21, 2.54997598214947e-21) ph/cm2/s/MeV
2019-07-22T18:25:51:  Intensity at 42627267.7781488 MeV : 1.5386375717874e-21 (1.50033870121229e-21, 1.5769364423625e-21) ph/cm2/s/MeV
2019-07-22T18:25:51:  Intensity at 54052090.7251378 MeV : 9.45382795446381e-22 (9.15698443098318e-22, 9.75067147794443e-22) ph/cm2/s/MeV
2019-07-22T18:25:51:  Intensity at 68538957.9028144 MeV : 5.79248298747223e-22 (5.55712927359411e-22, 6.02783670135036e-22) ph/cm2/s/MeV
2019-07-22T18:25:51:  Intensity at 86908548.5386981 MeV : 3.53656871394523e-22 (3.34831286851068e-22, 3.72482455937978e-22) ph/cm2/s/MeV
2019-07-22T18:25:51:  Intensity at 110201497.662297 MeV : 2.14954736827574e-22 (1.99908887570817e-22, 2.3000058608433e-22) ph/cm2/s/MeV
2019-07-22T18:25:51:  Intensity at 139737347.950364 MeV : 1.2990810410853e-22 (1.17964437302235e-22, 1.41851770914825e-22) ph/cm2/s/MeV
2019-07-22T18:25:51:  Intensity at 177189301.655759 MeV : 7.79446385661706e-23 (6.85625697607447e-23, 8.73267073715966e-23) ph/cm2/s/MeV
2019-07-22T18:25:51: 
2019-07-22T18:25:51: +========================+
2019-07-22T18:25:51: | Save Butterfly diagram |
2019-07-22T18:25:51: +========================+
2019-07-22T18:25:51:  Butterfly file ............: /cta/carli/CPPM_Internship/Simulations_and_Analyses/minus_step_AEff_South_z40_50h/source3d/butterfly_binned.ascii
2019-07-22T18:25:51: 
2019-07-22T18:25:51: Application "ctbutterfly" terminated after 32 wall clock seconds, consuming 33.39 seconds of CPU time.
