2019-07-25T10:47:30: ********************************************************************************
2019-07-25T10:47:30: *                                    cterror                                   *
2019-07-25T10:47:30: * ---------------------------------------------------------------------------- *
2019-07-25T10:47:30: * Version: 1.6.0                                                               *
2019-07-25T10:47:30: ********************************************************************************
2019-07-25T10:47:31: +============+
2019-07-25T10:47:31: | Parameters |
2019-07-25T10:47:31: +============+
2019-07-25T10:47:31:  inobs .....................: /cta/carli/CPPM_Internship/Simulations_and_Analyses/minus_step_AEff_South_z40_50h/source3d/obs_cube.fits
2019-07-25T10:47:31:  inmodel ...................: /cta/carli/CPPM_Internship/Simulations_and_Analyses/minus_step_AEff_South_z40_50h/source3d/obsmodel_binned.xml
2019-07-25T10:47:31:  srcname ...................: source3d
2019-07-25T10:47:31:  expcube ...................: /cta/carli/CPPM_Internship/Simulations_and_Analyses/minus_step_AEff_South_z40_50h/source3d/exposure_cube.fits
2019-07-25T10:47:31:  psfcube ...................: /cta/carli/CPPM_Internship/Simulations_and_Analyses/minus_step_AEff_South_z40_50h/source3d/PSF_cube.fits
2019-07-25T10:47:31:  edispcube .................: /cta/carli/CPPM_Internship/Simulations_and_Analyses/minus_step_AEff_South_z40_50h/source3d/edisp_cube.fits
2019-07-25T10:47:31:  bkgcube ...................: /cta/carli/CPPM_Internship/Simulations_and_Analyses/minus_step_AEff_South_z40_50h/source3d/background_cube.fits
2019-07-25T10:47:31:  caldb .....................: prod3b-v2
2019-07-25T10:47:31:  irf .......................: minus_step_AEff_South_z40_50h
2019-07-25T10:47:31:  edisp .....................: yes
2019-07-25T10:47:31:  outmodel ..................: 
2019-07-25T10:47:31:  confidence ................: 0.68
2019-07-25T10:47:31:  tol .......................: 1e-3
2019-07-25T10:47:31:  statistic .................: DEFAULT
2019-07-25T10:47:31:  like_accuracy .............: 0.005
2019-07-25T10:47:31:  max_iter ..................: 50
2019-07-25T10:47:31:  nthreads ..................: 0
2019-07-25T10:47:31:  chatter ...................: 4
2019-07-25T10:47:31:  clobber ...................: yes
2019-07-25T10:47:31:  debug .....................: no
2019-07-25T10:47:31:  mode ......................: ql
2019-07-25T10:47:31:  logfile ...................: cterror68.log
2019-07-25T10:47:31: 
2019-07-25T10:47:31: +===================+
2019-07-25T10:47:31: | Input observation |
2019-07-25T10:47:31: +===================+
2019-07-25T10:47:31: === GObservations ===
2019-07-25T10:47:31:  Number of observations ....: 1
2019-07-25T10:47:31:  Number of models ..........: 2
2019-07-25T10:47:31:  Number of observed events .: 325592
2019-07-25T10:47:31:  Number of predicted events : 0
2019-07-25T10:47:31: === GCTAObservation ===
2019-07-25T10:47:31:  Name ......................: 
2019-07-25T10:47:31:  Identifier ................: 000001
2019-07-25T10:47:31:  Instrument ................: CTA
2019-07-25T10:47:31:  Event file ................: /cta/carli/CPPM_Internship/Simulations_and_Analyses/minus_step_AEff_South_z40_50h/source3d/obs_cube.fits
2019-07-25T10:47:31:  Event type ................: CountsCube
2019-07-25T10:47:31:  Statistic .................: cstat
2019-07-25T10:47:31:  Ontime ....................: 144000 s
2019-07-25T10:47:31:  Livetime ..................: 141120 s
2019-07-25T10:47:31:  Deadtime correction .......: 0.98
2019-07-25T10:47:31:  User energy range .........: undefined
2019-07-25T10:47:31: === GCTAPointing ===
2019-07-25T10:47:31:  Pointing direction ........: (RA,Dec)=(84.1331,22.0145)
2019-07-25T10:47:31: === GCTAResponseCube ===
2019-07-25T10:47:31:  Energy dispersion .........: Used
2019-07-25T10:47:31: === GCTACubeExposure ===
2019-07-25T10:47:31:  Filename ..................: /cta/carli/CPPM_Internship/Simulations_and_Analyses/minus_step_AEff_South_z40_50h/source3d/exposure_cube.fits
2019-07-25T10:47:31:  Livetime ..................: 141120 sec
2019-07-25T10:47:31: === GEnergies ===
2019-07-25T10:47:31:  Number of energies ........: 33
2019-07-25T10:47:31: === GGti ===
2019-07-25T10:47:31:  Number of intervals .......: 1
2019-07-25T10:47:31:  Ontime ....................: 144000 sec
2019-07-25T10:47:31:  Elapsed time ..............: 144000 sec
2019-07-25T10:47:31:  MJD range .................: 51544.5 - 51546.1666666667 s (TT)
2019-07-25T10:47:31:  UTC range .................: 2000-01-01T11:58:56 - 2000-01-03T03:58:56 s (TT)
2019-07-25T10:47:31:  Reference MJD .............: 51544.5
2019-07-25T10:47:31: === GSkyMap ===
2019-07-25T10:47:31:  Number of pixels ..........: 6400
2019-07-25T10:47:31:  X axis dimension ..........: 80
2019-07-25T10:47:31:  Y axis dimension ..........: 80
2019-07-25T10:47:31:  Number of maps ............: 33
2019-07-25T10:47:31:  Shape of maps .............: (33)
2019-07-25T10:47:31: === GCTACubePsf ===
2019-07-25T10:47:31:  Filename ..................: /cta/carli/CPPM_Internship/Simulations_and_Analyses/minus_step_AEff_South_z40_50h/source3d/PSF_cube.fits
2019-07-25T10:47:31: === GEnergies ===
2019-07-25T10:47:31:  Number of energies ........: 33
2019-07-25T10:47:31:  Number of delta bins ......: 200
2019-07-25T10:47:31:  Delta range ...............: 1.875e-06 - 0.298501875 deg
2019-07-25T10:47:31: === GSkyMap ===
2019-07-25T10:47:31:  Number of pixels ..........: 1
2019-07-25T10:47:31:  X axis dimension ..........: 1
2019-07-25T10:47:31:  Y axis dimension ..........: 1
2019-07-25T10:47:31:  Number of maps ............: 6600
2019-07-25T10:47:31:  Shape of maps .............: (200, 33)
2019-07-25T10:47:31: === GCTACubeEdisp ===
2019-07-25T10:47:31:  Filename ..................: /cta/carli/CPPM_Internship/Simulations_and_Analyses/minus_step_AEff_South_z40_50h/source3d/edisp_cube.fits
2019-07-25T10:47:31: === GEnergies ===
2019-07-25T10:47:31:  Number of energies ........: 33
2019-07-25T10:47:31:  Number of migra bins ......: 100
2019-07-25T10:47:31:  Migra range ...............: 0.02 - 2
2019-07-25T10:47:31: === GSkyMap ===
2019-07-25T10:47:31:  Number of pixels ..........: 1
2019-07-25T10:47:31:  X axis dimension ..........: 1
2019-07-25T10:47:31:  Y axis dimension ..........: 1
2019-07-25T10:47:31:  Number of maps ............: 3300
2019-07-25T10:47:31:  Shape of maps .............: (100, 33)
2019-07-25T10:47:31: === GCTACubeBackground ===
2019-07-25T10:47:31:  Filename ..................: /cta/carli/CPPM_Internship/Simulations_and_Analyses/minus_step_AEff_South_z40_50h/source3d/background_cube.fits
2019-07-25T10:47:31: === GEbounds ===
2019-07-25T10:47:31:  Number of intervals .......: 32
2019-07-25T10:47:31:  Energy range ..............: 100 GeV - 199.526229858398 TeV
2019-07-25T10:47:31: === GSkyMap ===
2019-07-25T10:47:31:  Number of pixels ..........: 6400
2019-07-25T10:47:31:  X axis dimension ..........: 80
2019-07-25T10:47:31:  Y axis dimension ..........: 80
2019-07-25T10:47:31:  Number of maps ............: 32
2019-07-25T10:47:31:  Shape of maps .............: (32)
2019-07-25T10:47:31: === GCTAResponseCache ===
2019-07-25T10:47:31:  Number of cached values ...: 0
2019-07-25T10:47:31: === GCTAEventCube ===
2019-07-25T10:47:31:  Number of events ..........: 325592
2019-07-25T10:47:31:  Number of elements ........: 204800
2019-07-25T10:47:31:  Number of pixels ..........: 6400
2019-07-25T10:47:31:  Number of energy bins .....: 32
2019-07-25T10:47:31:  Time interval .............: 51544.5 - 51546.1666666667 days
2019-07-25T10:47:31:  Pointing ..................: (RA,Dec)=(84.1331,22.0145)
2019-07-25T10:47:31: === GEbounds ===
2019-07-25T10:47:31:  Number of intervals .......: 32
2019-07-25T10:47:31:  Energy range ..............: 100 GeV - 199.526229858398 TeV
2019-07-25T10:47:31: === GSkyMap ===
2019-07-25T10:47:31:  Number of pixels ..........: 6400
2019-07-25T10:47:31:  X axis dimension ..........: 80
2019-07-25T10:47:31:  Y axis dimension ..........: 80
2019-07-25T10:47:31:  Number of maps ............: 32
2019-07-25T10:47:31:  Shape of maps .............: (32)
2019-07-25T10:47:31: === GSkyRegions ===
2019-07-25T10:47:31:  Number of regions .........: 0
2019-07-25T10:47:31: === GModels ===
2019-07-25T10:47:31:  Number of models ..........: 2
2019-07-25T10:47:31:  Number of parameters ......: 11
2019-07-25T10:47:31: === GModelSky ===
2019-07-25T10:47:31:  Name ......................: source3d
2019-07-25T10:47:31:  Instruments ...............: all
2019-07-25T10:47:31:  Test Statistic ............: 98838.351
2019-07-25T10:47:31:  Observation identifiers ...: all
2019-07-25T10:47:31:  Model type ................: PointSource
2019-07-25T10:47:31:  Model components ..........: "PointSource" * "ExponentialCutoffPowerLaw" * "Constant"
2019-07-25T10:47:31:  Number of parameters ......: 7
2019-07-25T10:47:31:  Number of spatial par's ...: 2
2019-07-25T10:47:31:   RA .......................: 83.6331 [-360,360] deg (fixed,scale=1)
2019-07-25T10:47:31:   DEC ......................: 22.0145 [-90,90] deg (fixed,scale=1)
2019-07-25T10:47:31:  Number of spectral par's ..: 4
2019-07-25T10:47:31:   Prefactor ................: 2.98700692830336e-18 [1e-25,1e-15] ph/cm2/s/MeV (fixed,scale=1e-18,gradient)
2019-07-25T10:47:31:   Index ....................: -2.00725327306976 [-0,-5]  (fixed,scale=-1,gradient)
2019-07-25T10:47:31:   CutoffEnergy .............: 1095150344.03809 +/- 967236888.607933 [1000000,100000000000] MeV (free,scale=100000000,gradient)
2019-07-25T10:47:31:   PivotEnergy ..............: 1000000 [10000,1000000000] MeV (fixed,scale=1000000,gradient)
2019-07-25T10:47:31:  Number of temporal par's ..: 1
2019-07-25T10:47:31:   Normalization ............: 1 (relative value) (fixed,scale=1,gradient)
2019-07-25T10:47:31:  Number of scale par's .....: 0
2019-07-25T10:47:31: === GCTAModelCubeBackground ===
2019-07-25T10:47:31:  Name ......................: BackgroundModel
2019-07-25T10:47:31:  Instruments ...............: CTA, HESS, MAGIC, VERITAS
2019-07-25T10:47:31:  Observation identifiers ...: all
2019-07-25T10:47:31:  Model type ................: "PowerLaw" * "Constant"
2019-07-25T10:47:31:  Number of parameters ......: 4
2019-07-25T10:47:31:  Number of spectral par's ..: 3
2019-07-25T10:47:31:   Prefactor ................: 0.992971127875959 [0.01,100] ph/cm2/s/MeV (fixed,scale=1,gradient)
2019-07-25T10:47:31:   Index ....................: -0.00346182037486575 [-5,5]  (fixed,scale=1,gradient)
2019-07-25T10:47:31:   PivotEnergy ..............: 1000000 MeV (fixed,scale=1000000,gradient)
2019-07-25T10:47:31:  Number of temporal par's ..: 1
2019-07-25T10:47:31:   Normalization ............: 1 (relative value) (fixed,scale=1,gradient)
2019-07-25T10:47:31: 
2019-07-25T10:47:31: +=============================+
2019-07-25T10:47:31: | Compute best-fit likelihood |
2019-07-25T10:47:31: +=============================+
2019-07-25T10:49:01: === GOptimizerLM ===
2019-07-25T10:49:01:  Optimized function value ..: -349767.877
2019-07-25T10:49:01:  Absolute precision ........: 0.005
2019-07-25T10:49:01:  Acceptable value decrease .: 2
2019-07-25T10:49:01:  Optimization status .......: converged
2019-07-25T10:49:01:  Number of parameters ......: 11
2019-07-25T10:49:01:  Number of free parameters .: 1
2019-07-25T10:49:01:  Number of iterations ......: 1
2019-07-25T10:49:01:  Lambda ....................: 0.0001
2019-07-25T10:49:01:  Maximum log likelihood ....: -349767.877
2019-07-25T10:49:01: === GModels ===
2019-07-25T10:49:01:  Number of models ..........: 2
2019-07-25T10:49:01:  Number of parameters ......: 11
2019-07-25T10:49:01: === GModelSky ===
2019-07-25T10:49:01:  Name ......................: source3d
2019-07-25T10:49:01:  Instruments ...............: all
2019-07-25T10:49:01:  Test Statistic ............: 98838.351
2019-07-25T10:49:01:  Observation identifiers ...: all
2019-07-25T10:49:01:  Model type ................: PointSource
2019-07-25T10:49:01:  Model components ..........: "PointSource" * "ExponentialCutoffPowerLaw" * "Constant"
2019-07-25T10:49:01:  Number of parameters ......: 7
2019-07-25T10:49:01:  Number of spatial par's ...: 2
2019-07-25T10:49:01:   RA .......................: 83.6331 [-360,360] deg (fixed,scale=1)
2019-07-25T10:49:01:   DEC ......................: 22.0145 [-90,90] deg (fixed,scale=1)
2019-07-25T10:49:01:  Number of spectral par's ..: 4
2019-07-25T10:49:01:   Prefactor ................: 2.98700692830336e-18 [1e-25,1e-15] ph/cm2/s/MeV (fixed,scale=1e-18,gradient)
2019-07-25T10:49:01:   Index ....................: -2.00725327306976 [-0,-5]  (fixed,scale=-1,gradient)
2019-07-25T10:49:01:   CutoffEnergy .............: 1096902960.97112 +/- 697894415.911008 [1000000,100000000000] MeV (free,scale=100000000,gradient)
2019-07-25T10:49:01:   PivotEnergy ..............: 1000000 [10000,1000000000] MeV (fixed,scale=1000000,gradient)
2019-07-25T10:49:01:  Number of temporal par's ..: 1
2019-07-25T10:49:01:   Normalization ............: 1 (relative value) (fixed,scale=1,gradient)
2019-07-25T10:49:01:  Number of scale par's .....: 0
2019-07-25T10:49:01: === GCTAModelCubeBackground ===
2019-07-25T10:49:01:  Name ......................: BackgroundModel
2019-07-25T10:49:01:  Instruments ...............: CTA, HESS, MAGIC, VERITAS
2019-07-25T10:49:01:  Observation identifiers ...: all
2019-07-25T10:49:01:  Model type ................: "PowerLaw" * "Constant"
2019-07-25T10:49:01:  Number of parameters ......: 4
2019-07-25T10:49:01:  Number of spectral par's ..: 3
2019-07-25T10:49:01:   Prefactor ................: 0.992971127875959 [0.01,100] ph/cm2/s/MeV (fixed,scale=1,gradient)
2019-07-25T10:49:01:   Index ....................: -0.00346182037486575 [-5,5]  (fixed,scale=1,gradient)
2019-07-25T10:49:01:   PivotEnergy ..............: 1000000 MeV (fixed,scale=1000000,gradient)
2019-07-25T10:49:01:  Number of temporal par's ..: 1
2019-07-25T10:49:01:   Normalization ............: 1 (relative value) (fixed,scale=1,gradient)
2019-07-25T10:49:01: 
2019-07-25T10:49:01: +==============================================================+
2019-07-25T10:49:01: | Compute error for source "source3d" parameter "CutoffEnergy" |
2019-07-25T10:49:01: +==============================================================+
2019-07-25T10:49:01:  Confidence level ..........: 68 %
2019-07-25T10:49:01:  Log-likelihood difference .: 0.494473
2019-07-25T10:49:01:  Initial factor range ......: [0.01, 80.758471200812]
2019-07-25T10:49:12:    Iteration 1 .............: [0.01, 10.9690296097112]
2019-07-25T10:49:22:    Iteration 2 .............: [5.48951480485558, 10.9690296097112]
2019-07-25T10:49:32:    Iteration 3 .............: [5.48951480485558, 8.22927220728338]
2019-07-25T10:49:42:    Iteration 4 .............: [5.48951480485558, 6.85939350606948]
2019-07-25T10:49:52:    Iteration 5 .............: [6.17445415546253, 6.85939350606948]
2019-07-25T10:50:02:    Iteration 6 .............: [6.51692383076601, 6.85939350606948]
2019-07-25T10:50:13:    Iteration 7 .............: [6.51692383076601, 6.68815866841774]
2019-07-25T10:50:23:    Iteration 8 .............: [6.60254124959187, 6.68815866841774]
2019-07-25T10:50:34:    Iteration 9 .............: [6.60254124959187, 6.64534995900481]
2019-07-25T10:50:44:    Iteration 10 ............: [6.62394560429834, 6.64534995900481]
2019-07-25T10:50:54:    Iteration 11 ............: [6.62394560429834, 6.63464778165158]
2019-07-25T10:51:04:    Iteration 1 .............: [10.9690296097112, 80.758471200812]
2019-07-25T10:51:14:    Iteration 2 .............: [10.9690296097112, 45.8637504052616]
2019-07-25T10:51:25:    Iteration 3 .............: [28.4163900074864, 45.8637504052616]
2019-07-25T10:51:35:    Iteration 4 .............: [28.4163900074864, 37.140070206374]
2019-07-25T10:51:46:    Iteration 5 .............: [28.4163900074864, 32.7782301069302]
2019-07-25T10:51:56:    Iteration 6 .............: [30.5973100572083, 32.7782301069302]
2019-07-25T10:52:06:    Iteration 7 .............: [30.5973100572083, 31.6877700820692]
2019-07-25T10:52:17:    Iteration 8 .............: [30.5973100572083, 31.1425400696388]
2019-07-25T10:52:27:    Iteration 9 .............: [30.5973100572083, 30.8699250634235]
2019-07-25T10:52:27:  Lower parameter factor ....: 6.6293
2019-07-25T10:52:27:  Upper parameter factor ....: 30.7336
2019-07-25T10:52:27:  Error from curvature ......: 697894415.911008 MeV
2019-07-25T10:52:27:  Error from profile ........: 1205216043.36705 MeV
2019-07-25T10:52:27:  Negative profile error ....: 433973291.673621 MeV
2019-07-25T10:52:27:  Positive profile error ....: 1976458795.06047 MeV
2019-07-25T10:52:27: 
2019-07-25T10:52:27: +==============+
2019-07-25T10:52:27: | Save results |
2019-07-25T10:52:27: +==============+
2019-07-25T10:52:27:  Model definition file .....: NONE
2019-07-25T10:52:27: 
2019-07-25T10:52:27: Application "cterror" terminated after 297 wall clock seconds, consuming 355.06 seconds of CPU time.
