2019-07-25T13:40:16: ********************************************************************************
2019-07-25T13:40:16: *                                    cterror                                   *
2019-07-25T13:40:16: * ---------------------------------------------------------------------------- *
2019-07-25T13:40:16: * Version: 1.6.0                                                               *
2019-07-25T13:40:16: ********************************************************************************
2019-07-25T13:40:16: +============+
2019-07-25T13:40:16: | Parameters |
2019-07-25T13:40:16: +============+
2019-07-25T13:40:16:  inobs .....................: /cta/carli/CPPM_Internship/Simulations_and_Analyses/plus_constant_EDisp_South_z40_50h/source2a/obs_cube.fits
2019-07-25T13:40:16:  inmodel ...................: /cta/carli/CPPM_Internship/Simulations_and_Analyses/plus_constant_EDisp_South_z40_50h/source2a/obsmodel_binned.xml
2019-07-25T13:40:16:  srcname ...................: source2a
2019-07-25T13:40:16:  expcube ...................: /cta/carli/CPPM_Internship/Simulations_and_Analyses/plus_constant_EDisp_South_z40_50h/source2a/exposure_cube.fits
2019-07-25T13:40:16:  psfcube ...................: /cta/carli/CPPM_Internship/Simulations_and_Analyses/plus_constant_EDisp_South_z40_50h/source2a/PSF_cube.fits
2019-07-25T13:40:16:  edispcube .................: /cta/carli/CPPM_Internship/Simulations_and_Analyses/plus_constant_EDisp_South_z40_50h/source2a/edisp_cube.fits
2019-07-25T13:40:16:  bkgcube ...................: /cta/carli/CPPM_Internship/Simulations_and_Analyses/plus_constant_EDisp_South_z40_50h/source2a/background_cube.fits
2019-07-25T13:40:16:  caldb .....................: prod3b-v2
2019-07-25T13:40:16:  irf .......................: plus_constant_EDisp_South_z40_50h
2019-07-25T13:40:16:  edisp .....................: yes
2019-07-25T13:40:16:  outmodel ..................: 
2019-07-25T13:40:16:  confidence ................: 0.95
2019-07-25T13:40:16:  tol .......................: 1e-3
2019-07-25T13:40:16:  statistic .................: DEFAULT
2019-07-25T13:40:16:  like_accuracy .............: 0.005
2019-07-25T13:40:16:  max_iter ..................: 50
2019-07-25T13:40:16:  nthreads ..................: 0
2019-07-25T13:40:16:  chatter ...................: 4
2019-07-25T13:40:16:  clobber ...................: yes
2019-07-25T13:40:16:  debug .....................: no
2019-07-25T13:40:16:  mode ......................: ql
2019-07-25T13:40:16:  logfile ...................: cterror95.log
2019-07-25T13:40:16: 
2019-07-25T13:40:16: +===================+
2019-07-25T13:40:16: | Input observation |
2019-07-25T13:40:16: +===================+
2019-07-25T13:40:16: === GObservations ===
2019-07-25T13:40:16:  Number of observations ....: 1
2019-07-25T13:40:16:  Number of models ..........: 2
2019-07-25T13:40:16:  Number of observed events .: 309345
2019-07-25T13:40:16:  Number of predicted events : 0
2019-07-25T13:40:16: === GCTAObservation ===
2019-07-25T13:40:16:  Name ......................: 
2019-07-25T13:40:16:  Identifier ................: 000001
2019-07-25T13:40:16:  Instrument ................: CTA
2019-07-25T13:40:16:  Event file ................: /cta/carli/CPPM_Internship/Simulations_and_Analyses/plus_constant_EDisp_South_z40_50h/source2a/obs_cube.fits
2019-07-25T13:40:16:  Event type ................: CountsCube
2019-07-25T13:40:16:  Statistic .................: cstat
2019-07-25T13:40:16:  Ontime ....................: 144000 s
2019-07-25T13:40:16:  Livetime ..................: 141120 s
2019-07-25T13:40:16:  Deadtime correction .......: 0.98
2019-07-25T13:40:16:  User energy range .........: undefined
2019-07-25T13:40:16: === GCTAPointing ===
2019-07-25T13:40:16:  Pointing direction ........: (RA,Dec)=(84.1331,22.0145)
2019-07-25T13:40:16: === GCTAResponseCube ===
2019-07-25T13:40:16:  Energy dispersion .........: Used
2019-07-25T13:40:16: === GCTACubeExposure ===
2019-07-25T13:40:16:  Filename ..................: /cta/carli/CPPM_Internship/Simulations_and_Analyses/plus_constant_EDisp_South_z40_50h/source2a/exposure_cube.fits
2019-07-25T13:40:16:  Livetime ..................: 141120 sec
2019-07-25T13:40:16: === GEnergies ===
2019-07-25T13:40:16:  Number of energies ........: 33
2019-07-25T13:40:16: === GGti ===
2019-07-25T13:40:16:  Number of intervals .......: 1
2019-07-25T13:40:16:  Ontime ....................: 144000 sec
2019-07-25T13:40:16:  Elapsed time ..............: 144000 sec
2019-07-25T13:40:16:  MJD range .................: 51544.5 - 51546.1666666667 s (TT)
2019-07-25T13:40:16:  UTC range .................: 2000-01-01T11:58:56 - 2000-01-03T03:58:56 s (TT)
2019-07-25T13:40:16:  Reference MJD .............: 51544.5
2019-07-25T13:40:16: === GSkyMap ===
2019-07-25T13:40:16:  Number of pixels ..........: 6400
2019-07-25T13:40:16:  X axis dimension ..........: 80
2019-07-25T13:40:16:  Y axis dimension ..........: 80
2019-07-25T13:40:16:  Number of maps ............: 33
2019-07-25T13:40:16:  Shape of maps .............: (33)
2019-07-25T13:40:16: === GCTACubePsf ===
2019-07-25T13:40:16:  Filename ..................: /cta/carli/CPPM_Internship/Simulations_and_Analyses/plus_constant_EDisp_South_z40_50h/source2a/PSF_cube.fits
2019-07-25T13:40:16: === GEnergies ===
2019-07-25T13:40:16:  Number of energies ........: 33
2019-07-25T13:40:16:  Number of delta bins ......: 200
2019-07-25T13:40:16:  Delta range ...............: 1.875e-06 - 0.298501875 deg
2019-07-25T13:40:16: === GSkyMap ===
2019-07-25T13:40:16:  Number of pixels ..........: 1
2019-07-25T13:40:16:  X axis dimension ..........: 1
2019-07-25T13:40:16:  Y axis dimension ..........: 1
2019-07-25T13:40:16:  Number of maps ............: 6600
2019-07-25T13:40:16:  Shape of maps .............: (200, 33)
2019-07-25T13:40:16: === GCTACubeEdisp ===
2019-07-25T13:40:16:  Filename ..................: /cta/carli/CPPM_Internship/Simulations_and_Analyses/plus_constant_EDisp_South_z40_50h/source2a/edisp_cube.fits
2019-07-25T13:40:16: === GEnergies ===
2019-07-25T13:40:16:  Number of energies ........: 33
2019-07-25T13:40:16:  Number of migra bins ......: 100
2019-07-25T13:40:16:  Migra range ...............: 0.02 - 2
2019-07-25T13:40:16: === GSkyMap ===
2019-07-25T13:40:16:  Number of pixels ..........: 1
2019-07-25T13:40:16:  X axis dimension ..........: 1
2019-07-25T13:40:16:  Y axis dimension ..........: 1
2019-07-25T13:40:16:  Number of maps ............: 3300
2019-07-25T13:40:16:  Shape of maps .............: (100, 33)
2019-07-25T13:40:16: === GCTACubeBackground ===
2019-07-25T13:40:16:  Filename ..................: /cta/carli/CPPM_Internship/Simulations_and_Analyses/plus_constant_EDisp_South_z40_50h/source2a/background_cube.fits
2019-07-25T13:40:16: === GEbounds ===
2019-07-25T13:40:16:  Number of intervals .......: 32
2019-07-25T13:40:16:  Energy range ..............: 100 GeV - 199.526229858398 TeV
2019-07-25T13:40:16: === GSkyMap ===
2019-07-25T13:40:16:  Number of pixels ..........: 6400
2019-07-25T13:40:16:  X axis dimension ..........: 80
2019-07-25T13:40:16:  Y axis dimension ..........: 80
2019-07-25T13:40:16:  Number of maps ............: 32
2019-07-25T13:40:16:  Shape of maps .............: (32)
2019-07-25T13:40:16: === GCTAResponseCache ===
2019-07-25T13:40:16:  Number of cached values ...: 0
2019-07-25T13:40:16: === GCTAEventCube ===
2019-07-25T13:40:16:  Number of events ..........: 309345
2019-07-25T13:40:16:  Number of elements ........: 204800
2019-07-25T13:40:16:  Number of pixels ..........: 6400
2019-07-25T13:40:16:  Number of energy bins .....: 32
2019-07-25T13:40:16:  Time interval .............: 51544.5 - 51546.1666666667 days
2019-07-25T13:40:16:  Pointing ..................: (RA,Dec)=(84.1331,22.0145)
2019-07-25T13:40:16: === GEbounds ===
2019-07-25T13:40:16:  Number of intervals .......: 32
2019-07-25T13:40:16:  Energy range ..............: 100 GeV - 199.526229858398 TeV
2019-07-25T13:40:16: === GSkyMap ===
2019-07-25T13:40:16:  Number of pixels ..........: 6400
2019-07-25T13:40:16:  X axis dimension ..........: 80
2019-07-25T13:40:16:  Y axis dimension ..........: 80
2019-07-25T13:40:16:  Number of maps ............: 32
2019-07-25T13:40:16:  Shape of maps .............: (32)
2019-07-25T13:40:16: === GSkyRegions ===
2019-07-25T13:40:16:  Number of regions .........: 0
2019-07-25T13:40:16: === GModels ===
2019-07-25T13:40:16:  Number of models ..........: 2
2019-07-25T13:40:16:  Number of parameters ......: 11
2019-07-25T13:40:16: === GModelSky ===
2019-07-25T13:40:16:  Name ......................: source2a
2019-07-25T13:40:16:  Instruments ...............: all
2019-07-25T13:40:16:  Test Statistic ............: 15470.943
2019-07-25T13:40:16:  Observation identifiers ...: all
2019-07-25T13:40:16:  Model type ................: PointSource
2019-07-25T13:40:16:  Model components ..........: "PointSource" * "ExponentialCutoffPowerLaw" * "Constant"
2019-07-25T13:40:16:  Number of parameters ......: 7
2019-07-25T13:40:16:  Number of spatial par's ...: 2
2019-07-25T13:40:16:   RA .......................: 83.6331 [-360,360] deg (fixed,scale=1)
2019-07-25T13:40:16:   DEC ......................: 22.0145 [-90,90] deg (fixed,scale=1)
2019-07-25T13:40:16:  Number of spectral par's ..: 4
2019-07-25T13:40:16:   Prefactor ................: 7.52412159593504e-19 [1e-26,1e-16] ph/cm2/s/MeV (fixed,scale=1e-19,gradient)
2019-07-25T13:40:16:   Index ....................: -2.03333737253373 [-0,-5]  (fixed,scale=-1,gradient)
2019-07-25T13:40:16:   CutoffEnergy .............: 100000000000 +/- 16374196306342.4 [1000000,100000000000] MeV (free,scale=100000000,gradient)
2019-07-25T13:40:16:   PivotEnergy ..............: 1000000 [10000,1000000000] MeV (fixed,scale=1000000,gradient)
2019-07-25T13:40:16:  Number of temporal par's ..: 1
2019-07-25T13:40:16:   Normalization ............: 1 (relative value) (fixed,scale=1,gradient)
2019-07-25T13:40:16:  Number of scale par's .....: 0
2019-07-25T13:40:16: === GCTAModelCubeBackground ===
2019-07-25T13:40:16:  Name ......................: BackgroundModel
2019-07-25T13:40:16:  Instruments ...............: CTA, HESS, MAGIC, VERITAS
2019-07-25T13:40:16:  Observation identifiers ...: all
2019-07-25T13:40:16:  Model type ................: "PowerLaw" * "Constant"
2019-07-25T13:40:16:  Number of parameters ......: 4
2019-07-25T13:40:16:  Number of spectral par's ..: 3
2019-07-25T13:40:16:   Prefactor ................: 1.15348620910181 [0.01,100] ph/cm2/s/MeV (fixed,scale=1,gradient)
2019-07-25T13:40:16:   Index ....................: 0.0935498937536611 [-5,5]  (fixed,scale=1,gradient)
2019-07-25T13:40:16:   PivotEnergy ..............: 1000000 MeV (fixed,scale=1000000,gradient)
2019-07-25T13:40:16:  Number of temporal par's ..: 1
2019-07-25T13:40:16:   Normalization ............: 1 (relative value) (fixed,scale=1,gradient)
2019-07-25T13:40:16: 
2019-07-25T13:40:16: +=============================+
2019-07-25T13:40:16: | Compute best-fit likelihood |
2019-07-25T13:40:16: +=============================+
2019-07-25T13:41:48: === GOptimizerLM ===
2019-07-25T13:41:48:  Optimized function value ..: -288660.539
2019-07-25T13:41:48:  Absolute precision ........: 0.005
2019-07-25T13:41:48:  Acceptable value decrease .: 2
2019-07-25T13:41:48:  Optimization status .......: converged
2019-07-25T13:41:48:  Number of parameters ......: 11
2019-07-25T13:41:48:  Number of free parameters .: 1
2019-07-25T13:41:48:  Number of iterations ......: 1
2019-07-25T13:41:48:  Lambda ....................: 0.0001
2019-07-25T13:41:48:  Maximum log likelihood ....: -288660.539
2019-07-25T13:41:48: === GModels ===
2019-07-25T13:41:48:  Number of models ..........: 2
2019-07-25T13:41:48:  Number of parameters ......: 11
2019-07-25T13:41:48: === GModelSky ===
2019-07-25T13:41:48:  Name ......................: source2a
2019-07-25T13:41:48:  Instruments ...............: all
2019-07-25T13:41:48:  Test Statistic ............: 15470.943
2019-07-25T13:41:48:  Observation identifiers ...: all
2019-07-25T13:41:48:  Model type ................: PointSource
2019-07-25T13:41:48:  Model components ..........: "PointSource" * "ExponentialCutoffPowerLaw" * "Constant"
2019-07-25T13:41:48:  Number of parameters ......: 7
2019-07-25T13:41:48:  Number of spatial par's ...: 2
2019-07-25T13:41:48:   RA .......................: 83.6331 [-360,360] deg (fixed,scale=1)
2019-07-25T13:41:48:   DEC ......................: 22.0145 [-90,90] deg (fixed,scale=1)
2019-07-25T13:41:48:  Number of spectral par's ..: 4
2019-07-25T13:41:48:   Prefactor ................: 7.52412159593504e-19 [1e-26,1e-16] ph/cm2/s/MeV (fixed,scale=1e-19,gradient)
2019-07-25T13:41:48:   Index ....................: -2.03333737253373 [-0,-5]  (fixed,scale=-1,gradient)
2019-07-25T13:41:48:   CutoffEnergy .............: 100000000000 +/- 11750768497297.1 [1000000,100000000000] MeV (free,scale=100000000,gradient)
2019-07-25T13:41:48:   PivotEnergy ..............: 1000000 [10000,1000000000] MeV (fixed,scale=1000000,gradient)
2019-07-25T13:41:48:  Number of temporal par's ..: 1
2019-07-25T13:41:48:   Normalization ............: 1 (relative value) (fixed,scale=1,gradient)
2019-07-25T13:41:48:  Number of scale par's .....: 0
2019-07-25T13:41:48: === GCTAModelCubeBackground ===
2019-07-25T13:41:48:  Name ......................: BackgroundModel
2019-07-25T13:41:48:  Instruments ...............: CTA, HESS, MAGIC, VERITAS
2019-07-25T13:41:48:  Observation identifiers ...: all
2019-07-25T13:41:48:  Model type ................: "PowerLaw" * "Constant"
2019-07-25T13:41:48:  Number of parameters ......: 4
2019-07-25T13:41:48:  Number of spectral par's ..: 3
2019-07-25T13:41:48:   Prefactor ................: 1.15348620910181 [0.01,100] ph/cm2/s/MeV (fixed,scale=1,gradient)
2019-07-25T13:41:48:   Index ....................: 0.0935498937536611 [-5,5]  (fixed,scale=1,gradient)
2019-07-25T13:41:48:   PivotEnergy ..............: 1000000 MeV (fixed,scale=1000000,gradient)
2019-07-25T13:41:48:  Number of temporal par's ..: 1
2019-07-25T13:41:48:   Normalization ............: 1 (relative value) (fixed,scale=1,gradient)
2019-07-25T13:41:48: 
2019-07-25T13:41:48: +==============================================================+
2019-07-25T13:41:48: | Compute error for source "source2a" parameter "CutoffEnergy" |
2019-07-25T13:41:48: +==============================================================+
2019-07-25T13:41:48:  Confidence level ..........: 95 %
2019-07-25T13:41:48:  Log-likelihood difference .: 1.92073
2019-07-25T13:41:48:  Initial factor range ......: [0.01, 1000]
2019-07-25T13:41:58:    Iteration 1 .............: [0.01, 1000]
2019-07-25T13:42:08:    Iteration 2 .............: [0.01, 500.005]
2019-07-25T13:42:17:    Iteration 3 .............: [0.01, 250.0075]
2019-07-25T13:42:27:    Iteration 4 .............: [0.01, 125.00875]
2019-07-25T13:42:36:    Iteration 5 .............: [0.01, 62.509375]
2019-07-25T13:42:46:    Iteration 6 .............: [0.01, 31.2596875]
2019-07-25T13:42:56:    Iteration 7 .............: [0.01, 15.63484375]
2019-07-25T13:43:05:    Iteration 8 .............: [0.01, 7.822421875]
2019-07-25T13:43:15:    Iteration 9 .............: [3.9162109375, 7.822421875]
2019-07-25T13:43:24:    Iteration 10 ............: [3.9162109375, 5.86931640625]
2019-07-25T13:43:33:    Iteration 11 ............: [4.892763671875, 5.86931640625]
2019-07-25T13:43:43:    Iteration 12 ............: [5.3810400390625, 5.86931640625]
2019-07-25T13:43:52:    Iteration 13 ............: [5.3810400390625, 5.62517822265625]
2019-07-25T13:44:01:    Iteration 14 ............: [5.3810400390625, 5.50310913085938]
2019-07-25T13:44:11:    Iteration 15 ............: [5.3810400390625, 5.44207458496094]
2019-07-25T13:44:20:    Iteration 16 ............: [5.41155731201172, 5.44207458496094]
2019-07-25T13:44:29:    Iteration 1 .............: [1000, 1000]
2019-07-25T13:44:29:  Lower parameter factor ....: 5.42682
2019-07-25T13:44:29:  Upper parameter factor ....: 1000
2019-07-25T13:44:29:  Error from curvature ......: 11750768497297.1 MeV
2019-07-25T13:44:29:  Error from profile ........: 49728659202.5757 MeV
2019-07-25T13:44:29:  Negative profile error ....: 99457318405.1514 MeV
2019-07-25T13:44:29:  Positive profile error ....: 0 MeV
2019-07-25T13:44:29: 
2019-07-25T13:44:29: +==============+
2019-07-25T13:44:29: | Save results |
2019-07-25T13:44:29: +==============+
2019-07-25T13:44:29:  Model definition file .....: NONE
2019-07-25T13:44:29: 
2019-07-25T13:44:29: Application "cterror" terminated after 254 wall clock seconds, consuming 333.89 seconds of CPU time.
