2019-07-23T18:16:52: ********************************************************************************
2019-07-23T18:16:52: *                                   csresspec                                  *
2019-07-23T18:16:52: * ---------------------------------------------------------------------------- *
2019-07-23T18:16:52: * Version: 1.6.0                                                               *
2019-07-23T18:16:52: ********************************************************************************
2019-07-23T18:16:52: +============+
2019-07-23T18:16:52: | Parameters |
2019-07-23T18:16:52: +============+
2019-07-23T18:16:52:  inobs .....................: /cta/carli/CPPM_Internship/Simulations_and_Analyses/minus_step_EDisp_South_z40_50h/source2c/obs_cube.fits
2019-07-23T18:16:52:  inmodel ...................: /cta/carli/CPPM_Internship/Simulations_and_Analyses/minus_step_EDisp_South_z40_50h/source2c/obsmodel_binned.xml
2019-07-23T18:16:52:  modcube ...................: /cta/carli/CPPM_Internship/Simulations_and_Analyses/minus_step_EDisp_South_z40_50h/source2c/obsmodel_cube.fits
2019-07-23T18:16:52:  expcube ...................: /cta/carli/CPPM_Internship/Simulations_and_Analyses/minus_step_EDisp_South_z40_50h/source2c/exposure_cube.fits
2019-07-23T18:16:52:  psfcube ...................: /cta/carli/CPPM_Internship/Simulations_and_Analyses/minus_step_EDisp_South_z40_50h/source2c/PSF_cube.fits
2019-07-23T18:16:52:  edispcube .................: /cta/carli/CPPM_Internship/Simulations_and_Analyses/minus_step_EDisp_South_z40_50h/source2c/edisp_cube.fits
2019-07-23T18:16:52:  bkgcube ...................: /cta/carli/CPPM_Internship/Simulations_and_Analyses/minus_step_EDisp_South_z40_50h/source2c/background_cube.fits
2019-07-23T18:16:52:  caldb .....................: prod3b-v2
2019-07-23T18:16:52:  irf .......................: South_z40_50h
2019-07-23T18:16:52:  edisp .....................: yes
2019-07-23T18:16:52:  outfile ...................: /cta/carli/CPPM_Internship/Simulations_and_Analyses/minus_step_EDisp_South_z40_50h/source2c/residuals_binned.fits
2019-07-23T18:16:52:  statistic .................: DEFAULT
2019-07-23T18:16:52:  components ................: yes
2019-07-23T18:16:52:  ebinalg ...................: LOG
2019-07-23T18:16:52:  emin ......................: 0.1
2019-07-23T18:16:52:  emax ......................: 199.526229858398
2019-07-23T18:16:52:  enumbins ..................: 32
2019-07-23T18:16:52:  ebinfile ..................: [not queried]
2019-07-23T18:16:52:  stack .....................: [not queried]
2019-07-23T18:16:52:  coordsys ..................: [not queried]
2019-07-23T18:16:52:  proj ......................: [not queried]
2019-07-23T18:16:52:  xref ......................: [not queried]
2019-07-23T18:16:52:  yref ......................: [not queried]
2019-07-23T18:16:52:  nxpix .....................: [not queried]
2019-07-23T18:16:52:  nypix .....................: [not queried]
2019-07-23T18:16:52:  binsz .....................: [not queried]
2019-07-23T18:16:52:  mask ......................: no
2019-07-23T18:16:52:  ra ........................: [not queried]
2019-07-23T18:16:52:  dec .......................: [not queried]
2019-07-23T18:16:52:  rad .......................: [not queried]
2019-07-23T18:16:52:  regfile ...................: [not queried]
2019-07-23T18:16:52:  algorithm .................: SUB
2019-07-23T18:16:52:  publish ...................: no
2019-07-23T18:16:52:  chatter ...................: 4
2019-07-23T18:16:52:  clobber ...................: yes
2019-07-23T18:16:52:  debug .....................: no
2019-07-23T18:16:52:  mode ......................: ql
2019-07-23T18:16:52:  logfile ...................: csresspec.log
2019-07-23T18:16:52: 
2019-07-23T18:16:52: +====================+
2019-07-23T18:16:52: | Observation census |
2019-07-23T18:16:52: +====================+
2019-07-23T18:16:52:  Unbinned CTA observations .: 0
2019-07-23T18:16:52:  Binned CTA observations ...: 1
2019-07-23T18:16:52:  On/off CTA observations ...: 0
2019-07-23T18:16:52:  Other observations ........: 0
2019-07-23T18:16:52: 
2019-07-23T18:16:52: +=============+
2019-07-23T18:16:52: | Observation |
2019-07-23T18:16:52: +=============+
2019-07-23T18:16:52: === GObservations ===
2019-07-23T18:16:52:  Number of observations ....: 1
2019-07-23T18:16:52:  Number of models ..........: 2
2019-07-23T18:16:52:  Number of observed events .: 316864
2019-07-23T18:16:52:  Number of predicted events : 0
2019-07-23T18:16:52: === GCTAObservation ===
2019-07-23T18:16:52:  Name ......................: 
2019-07-23T18:16:52:  Identifier ................: 000001
2019-07-23T18:16:52:  Instrument ................: CTA
2019-07-23T18:16:52:  Event file ................: /cta/carli/CPPM_Internship/Simulations_and_Analyses/minus_step_EDisp_South_z40_50h/source2c/obs_cube.fits
2019-07-23T18:16:52:  Event type ................: CountsCube
2019-07-23T18:16:52:  Statistic .................: cstat
2019-07-23T18:16:52:  Ontime ....................: 144000 s
2019-07-23T18:16:52:  Livetime ..................: 141120 s
2019-07-23T18:16:52:  Deadtime correction .......: 0.98
2019-07-23T18:16:52:  User energy range .........: undefined
2019-07-23T18:16:52: === GCTAPointing ===
2019-07-23T18:16:52:  Pointing direction ........: (RA,Dec)=(84.1331,22.0145)
2019-07-23T18:16:52: === GCTAResponseCube ===
2019-07-23T18:16:52:  Energy dispersion .........: Not used
2019-07-23T18:16:52: === GCTACubeExposure ===
2019-07-23T18:16:52:  Filename ..................: /cta/carli/CPPM_Internship/Simulations_and_Analyses/minus_step_EDisp_South_z40_50h/source2c/exposure_cube.fits
2019-07-23T18:16:52:  Livetime ..................: 141120 sec
2019-07-23T18:16:52: === GEnergies ===
2019-07-23T18:16:52:  Number of energies ........: 33
2019-07-23T18:16:52: === GGti ===
2019-07-23T18:16:52:  Number of intervals .......: 1
2019-07-23T18:16:52:  Ontime ....................: 144000 sec
2019-07-23T18:16:52:  Elapsed time ..............: 144000 sec
2019-07-23T18:16:52:  MJD range .................: 51544.5 - 51546.1666666667 s (TT)
2019-07-23T18:16:52:  UTC range .................: 2000-01-01T11:58:56 - 2000-01-03T03:58:56 s (TT)
2019-07-23T18:16:52:  Reference MJD .............: 51544.5
2019-07-23T18:16:52: === GSkyMap ===
2019-07-23T18:16:52:  Number of pixels ..........: 6400
2019-07-23T18:16:52:  X axis dimension ..........: 80
2019-07-23T18:16:52:  Y axis dimension ..........: 80
2019-07-23T18:16:52:  Number of maps ............: 33
2019-07-23T18:16:52:  Shape of maps .............: (33)
2019-07-23T18:16:52: === GCTACubePsf ===
2019-07-23T18:16:52:  Filename ..................: /cta/carli/CPPM_Internship/Simulations_and_Analyses/minus_step_EDisp_South_z40_50h/source2c/PSF_cube.fits
2019-07-23T18:16:52: === GEnergies ===
2019-07-23T18:16:52:  Number of energies ........: 33
2019-07-23T18:16:52:  Number of delta bins ......: 200
2019-07-23T18:16:52:  Delta range ...............: 1.875e-06 - 0.298501875 deg
2019-07-23T18:16:52: === GSkyMap ===
2019-07-23T18:16:52:  Number of pixels ..........: 1
2019-07-23T18:16:52:  X axis dimension ..........: 1
2019-07-23T18:16:52:  Y axis dimension ..........: 1
2019-07-23T18:16:52:  Number of maps ............: 6600
2019-07-23T18:16:52:  Shape of maps .............: (200, 33)
2019-07-23T18:16:52: === GCTACubeEdisp ===
2019-07-23T18:16:52:  Filename ..................: /cta/carli/CPPM_Internship/Simulations_and_Analyses/minus_step_EDisp_South_z40_50h/source2c/edisp_cube.fits
2019-07-23T18:16:52: === GEnergies ===
2019-07-23T18:16:52:  Number of energies ........: 33
2019-07-23T18:16:52:  Number of migra bins ......: 100
2019-07-23T18:16:52:  Migra range ...............: 0.02 - 2
2019-07-23T18:16:52: === GSkyMap ===
2019-07-23T18:16:52:  Number of pixels ..........: 1
2019-07-23T18:16:52:  X axis dimension ..........: 1
2019-07-23T18:16:52:  Y axis dimension ..........: 1
2019-07-23T18:16:52:  Number of maps ............: 3300
2019-07-23T18:16:52:  Shape of maps .............: (100, 33)
2019-07-23T18:16:52: === GCTACubeBackground ===
2019-07-23T18:16:52:  Filename ..................: /cta/carli/CPPM_Internship/Simulations_and_Analyses/minus_step_EDisp_South_z40_50h/source2c/background_cube.fits
2019-07-23T18:16:52: === GEbounds ===
2019-07-23T18:16:52:  Number of intervals .......: 32
2019-07-23T18:16:52:  Energy range ..............: 100 GeV - 199.526229858398 TeV
2019-07-23T18:16:52: === GSkyMap ===
2019-07-23T18:16:52:  Number of pixels ..........: 6400
2019-07-23T18:16:52:  X axis dimension ..........: 80
2019-07-23T18:16:52:  Y axis dimension ..........: 80
2019-07-23T18:16:52:  Number of maps ............: 32
2019-07-23T18:16:52:  Shape of maps .............: (32)
2019-07-23T18:16:52: === GCTAResponseCache ===
2019-07-23T18:16:52:  Number of cached values ...: 0
2019-07-23T18:16:52: === GCTAEventCube ===
2019-07-23T18:16:52:  Number of events ..........: 316864
2019-07-23T18:16:52:  Number of elements ........: 204800
2019-07-23T18:16:52:  Number of pixels ..........: 6400
2019-07-23T18:16:52:  Number of energy bins .....: 32
2019-07-23T18:16:52:  Time interval .............: 51544.5 - 51546.1666666667 days
2019-07-23T18:16:52:  Pointing ..................: (RA,Dec)=(84.1331,22.0145)
2019-07-23T18:16:52: === GEbounds ===
2019-07-23T18:16:52:  Number of intervals .......: 32
2019-07-23T18:16:52:  Energy range ..............: 100 GeV - 199.526229858398 TeV
2019-07-23T18:16:52: === GSkyMap ===
2019-07-23T18:16:52:  Number of pixels ..........: 6400
2019-07-23T18:16:52:  X axis dimension ..........: 80
2019-07-23T18:16:52:  Y axis dimension ..........: 80
2019-07-23T18:16:52:  Number of maps ............: 32
2019-07-23T18:16:52:  Shape of maps .............: (32)
2019-07-23T18:16:52: === GSkyRegions ===
2019-07-23T18:16:52:  Number of regions .........: 0
2019-07-23T18:16:52: === GModels ===
2019-07-23T18:16:52:  Number of models ..........: 2
2019-07-23T18:16:52:  Number of parameters ......: 11
2019-07-23T18:16:52: === GModelSky ===
2019-07-23T18:16:52:  Name ......................: source2c
2019-07-23T18:16:52:  Instruments ...............: all
2019-07-23T18:16:52:  Test Statistic ............: 67515.729
2019-07-23T18:16:52:  Observation identifiers ...: all
2019-07-23T18:16:52:  Model type ................: PointSource
2019-07-23T18:16:52:  Model components ..........: "PointSource" * "ExponentialCutoffPowerLaw" * "Constant"
2019-07-23T18:16:52:  Number of parameters ......: 7
2019-07-23T18:16:52:  Number of spatial par's ...: 2
2019-07-23T18:16:52:   RA .......................: 83.6331 [-360,360] deg (fixed,scale=1)
2019-07-23T18:16:52:   DEC ......................: 22.0145 [-90,90] deg (fixed,scale=1)
2019-07-23T18:16:52:  Number of spectral par's ..: 4
2019-07-23T18:16:52:   Prefactor ................: 2.27801134657535e-18 +/- 2.17948516781445e-20 [1e-25,1e-15] ph/cm2/s/MeV (free,scale=1e-18,gradient)
2019-07-23T18:16:52:   Index ....................: -1.99124819673522 +/- 0.00844232243620054 [-0,-5]  (free,scale=-1,gradient)
2019-07-23T18:16:52:   CutoffEnergy .............: 102057031.418105 +/- 13124065.2809817 [1000000,100000000000] MeV (free,scale=100000000,gradient)
2019-07-23T18:16:52:   PivotEnergy ..............: 1000000 [10000,1000000000] MeV (fixed,scale=1000000,gradient)
2019-07-23T18:16:52:  Number of temporal par's ..: 1
2019-07-23T18:16:52:   Normalization ............: 1 (relative value) (fixed,scale=1,gradient)
2019-07-23T18:16:52:  Number of scale par's .....: 0
2019-07-23T18:16:52: === GCTAModelCubeBackground ===
2019-07-23T18:16:52:  Name ......................: BackgroundModel
2019-07-23T18:16:52:  Instruments ...............: CTA, HESS, MAGIC, VERITAS
2019-07-23T18:16:52:  Observation identifiers ...: all
2019-07-23T18:16:52:  Model type ................: "PowerLaw" * "Constant"
2019-07-23T18:16:52:  Number of parameters ......: 4
2019-07-23T18:16:52:  Number of spectral par's ..: 3
2019-07-23T18:16:52:   Prefactor ................: 1.0253685205855 +/- 0.00450665214283468 [0.01,100] ph/cm2/s/MeV (free,scale=1,gradient)
2019-07-23T18:16:52:   Index ....................: 0.0243297281590914 +/- 0.0025566798136316 [-5,5]  (free,scale=1,gradient)
2019-07-23T18:16:52:   PivotEnergy ..............: 1000000 MeV (fixed,scale=1000000,gradient)
2019-07-23T18:16:52:  Number of temporal par's ..: 1
2019-07-23T18:16:52:   Normalization ............: 1 (relative value) (fixed,scale=1,gradient)
2019-07-23T18:16:52: 
2019-07-23T18:16:52: +=========================+
2019-07-23T18:16:52: | Processing Observations |
2019-07-23T18:16:52: +=========================+
2019-07-23T18:16:52: Computing model cube
2019-07-23T18:16:59: Computing counts, model, and residual spectra
2019-07-23T18:16:59:  Computing model component .: source2c
2019-07-23T18:17:03:  Computing model component .: BackgroundModel
2019-07-23T18:17:03: Filling residual table
2019-07-23T18:17:03: 
2019-07-23T18:17:03: +================+
2019-07-23T18:17:03: | Save residuals |
2019-07-23T18:17:03: +================+
2019-07-23T18:17:03:  Residuals file ............: /cta/carli/CPPM_Internship/Simulations_and_Analyses/minus_step_EDisp_South_z40_50h/source2c/residuals_binned.fits
2019-07-23T18:17:04: 
2019-07-23T18:17:04: Application "csresspec" terminated after 12 wall clock seconds, consuming 13.82 seconds of CPU time.
