2019-07-25T10:06:35: ********************************************************************************
2019-07-25T10:06:35: *                                    cterror                                   *
2019-07-25T10:06:35: * ---------------------------------------------------------------------------- *
2019-07-25T10:06:35: * Version: 1.6.0                                                               *
2019-07-25T10:06:35: ********************************************************************************
2019-07-25T10:06:35: +============+
2019-07-25T10:06:35: | Parameters |
2019-07-25T10:06:35: +============+
2019-07-25T10:06:35:  inobs .....................: /cta/carli/CPPM_Internship/Simulations_and_Analyses/minus_step_EDisp_South_z40_50h/source2c/obs_cube.fits
2019-07-25T10:06:35:  inmodel ...................: /cta/carli/CPPM_Internship/Simulations_and_Analyses/minus_step_EDisp_South_z40_50h/source2c/obsmodel_binned.xml
2019-07-25T10:06:35:  srcname ...................: source2c
2019-07-25T10:06:35:  expcube ...................: /cta/carli/CPPM_Internship/Simulations_and_Analyses/minus_step_EDisp_South_z40_50h/source2c/exposure_cube.fits
2019-07-25T10:06:35:  psfcube ...................: /cta/carli/CPPM_Internship/Simulations_and_Analyses/minus_step_EDisp_South_z40_50h/source2c/PSF_cube.fits
2019-07-25T10:06:35:  edispcube .................: /cta/carli/CPPM_Internship/Simulations_and_Analyses/minus_step_EDisp_South_z40_50h/source2c/edisp_cube.fits
2019-07-25T10:06:35:  bkgcube ...................: /cta/carli/CPPM_Internship/Simulations_and_Analyses/minus_step_EDisp_South_z40_50h/source2c/background_cube.fits
2019-07-25T10:06:35:  caldb .....................: prod3b-v2
2019-07-25T10:06:35:  irf .......................: minus_step_EDisp_South_z40_50h
2019-07-25T10:06:35:  edisp .....................: yes
2019-07-25T10:06:35:  outmodel ..................: 
2019-07-25T10:06:35:  confidence ................: 0.68
2019-07-25T10:06:35:  tol .......................: 1e-3
2019-07-25T10:06:35:  statistic .................: DEFAULT
2019-07-25T10:06:35:  like_accuracy .............: 0.005
2019-07-25T10:06:35:  max_iter ..................: 50
2019-07-25T10:06:35:  nthreads ..................: 0
2019-07-25T10:06:35:  chatter ...................: 4
2019-07-25T10:06:35:  clobber ...................: yes
2019-07-25T10:06:35:  debug .....................: no
2019-07-25T10:06:35:  mode ......................: ql
2019-07-25T10:06:35:  logfile ...................: cterror68.log
2019-07-25T10:06:35: 
2019-07-25T10:06:35: +===================+
2019-07-25T10:06:35: | Input observation |
2019-07-25T10:06:35: +===================+
2019-07-25T10:06:35: === GObservations ===
2019-07-25T10:06:35:  Number of observations ....: 1
2019-07-25T10:06:35:  Number of models ..........: 2
2019-07-25T10:06:35:  Number of observed events .: 316864
2019-07-25T10:06:35:  Number of predicted events : 0
2019-07-25T10:06:35: === GCTAObservation ===
2019-07-25T10:06:35:  Name ......................: 
2019-07-25T10:06:35:  Identifier ................: 000001
2019-07-25T10:06:35:  Instrument ................: CTA
2019-07-25T10:06:35:  Event file ................: /cta/carli/CPPM_Internship/Simulations_and_Analyses/minus_step_EDisp_South_z40_50h/source2c/obs_cube.fits
2019-07-25T10:06:35:  Event type ................: CountsCube
2019-07-25T10:06:35:  Statistic .................: cstat
2019-07-25T10:06:35:  Ontime ....................: 144000 s
2019-07-25T10:06:35:  Livetime ..................: 141120 s
2019-07-25T10:06:35:  Deadtime correction .......: 0.98
2019-07-25T10:06:35:  User energy range .........: undefined
2019-07-25T10:06:35: === GCTAPointing ===
2019-07-25T10:06:35:  Pointing direction ........: (RA,Dec)=(84.1331,22.0145)
2019-07-25T10:06:35: === GCTAResponseCube ===
2019-07-25T10:06:35:  Energy dispersion .........: Used
2019-07-25T10:06:35: === GCTACubeExposure ===
2019-07-25T10:06:35:  Filename ..................: /cta/carli/CPPM_Internship/Simulations_and_Analyses/minus_step_EDisp_South_z40_50h/source2c/exposure_cube.fits
2019-07-25T10:06:35:  Livetime ..................: 141120 sec
2019-07-25T10:06:35: === GEnergies ===
2019-07-25T10:06:35:  Number of energies ........: 33
2019-07-25T10:06:35: === GGti ===
2019-07-25T10:06:35:  Number of intervals .......: 1
2019-07-25T10:06:35:  Ontime ....................: 144000 sec
2019-07-25T10:06:35:  Elapsed time ..............: 144000 sec
2019-07-25T10:06:35:  MJD range .................: 51544.5 - 51546.1666666667 s (TT)
2019-07-25T10:06:35:  UTC range .................: 2000-01-01T11:58:56 - 2000-01-03T03:58:56 s (TT)
2019-07-25T10:06:35:  Reference MJD .............: 51544.5
2019-07-25T10:06:35: === GSkyMap ===
2019-07-25T10:06:35:  Number of pixels ..........: 6400
2019-07-25T10:06:35:  X axis dimension ..........: 80
2019-07-25T10:06:35:  Y axis dimension ..........: 80
2019-07-25T10:06:35:  Number of maps ............: 33
2019-07-25T10:06:35:  Shape of maps .............: (33)
2019-07-25T10:06:35: === GCTACubePsf ===
2019-07-25T10:06:35:  Filename ..................: /cta/carli/CPPM_Internship/Simulations_and_Analyses/minus_step_EDisp_South_z40_50h/source2c/PSF_cube.fits
2019-07-25T10:06:35: === GEnergies ===
2019-07-25T10:06:35:  Number of energies ........: 33
2019-07-25T10:06:35:  Number of delta bins ......: 200
2019-07-25T10:06:35:  Delta range ...............: 1.875e-06 - 0.298501875 deg
2019-07-25T10:06:35: === GSkyMap ===
2019-07-25T10:06:35:  Number of pixels ..........: 1
2019-07-25T10:06:35:  X axis dimension ..........: 1
2019-07-25T10:06:35:  Y axis dimension ..........: 1
2019-07-25T10:06:35:  Number of maps ............: 6600
2019-07-25T10:06:35:  Shape of maps .............: (200, 33)
2019-07-25T10:06:35: === GCTACubeEdisp ===
2019-07-25T10:06:35:  Filename ..................: /cta/carli/CPPM_Internship/Simulations_and_Analyses/minus_step_EDisp_South_z40_50h/source2c/edisp_cube.fits
2019-07-25T10:06:35: === GEnergies ===
2019-07-25T10:06:35:  Number of energies ........: 33
2019-07-25T10:06:35:  Number of migra bins ......: 100
2019-07-25T10:06:35:  Migra range ...............: 0.02 - 2
2019-07-25T10:06:35: === GSkyMap ===
2019-07-25T10:06:35:  Number of pixels ..........: 1
2019-07-25T10:06:35:  X axis dimension ..........: 1
2019-07-25T10:06:35:  Y axis dimension ..........: 1
2019-07-25T10:06:35:  Number of maps ............: 3300
2019-07-25T10:06:35:  Shape of maps .............: (100, 33)
2019-07-25T10:06:35: === GCTACubeBackground ===
2019-07-25T10:06:35:  Filename ..................: /cta/carli/CPPM_Internship/Simulations_and_Analyses/minus_step_EDisp_South_z40_50h/source2c/background_cube.fits
2019-07-25T10:06:35: === GEbounds ===
2019-07-25T10:06:35:  Number of intervals .......: 32
2019-07-25T10:06:35:  Energy range ..............: 100 GeV - 199.526229858398 TeV
2019-07-25T10:06:35: === GSkyMap ===
2019-07-25T10:06:35:  Number of pixels ..........: 6400
2019-07-25T10:06:35:  X axis dimension ..........: 80
2019-07-25T10:06:35:  Y axis dimension ..........: 80
2019-07-25T10:06:35:  Number of maps ............: 32
2019-07-25T10:06:35:  Shape of maps .............: (32)
2019-07-25T10:06:35: === GCTAResponseCache ===
2019-07-25T10:06:35:  Number of cached values ...: 0
2019-07-25T10:06:35: === GCTAEventCube ===
2019-07-25T10:06:35:  Number of events ..........: 316864
2019-07-25T10:06:35:  Number of elements ........: 204800
2019-07-25T10:06:35:  Number of pixels ..........: 6400
2019-07-25T10:06:35:  Number of energy bins .....: 32
2019-07-25T10:06:35:  Time interval .............: 51544.5 - 51546.1666666667 days
2019-07-25T10:06:35:  Pointing ..................: (RA,Dec)=(84.1331,22.0145)
2019-07-25T10:06:35: === GEbounds ===
2019-07-25T10:06:35:  Number of intervals .......: 32
2019-07-25T10:06:35:  Energy range ..............: 100 GeV - 199.526229858398 TeV
2019-07-25T10:06:35: === GSkyMap ===
2019-07-25T10:06:35:  Number of pixels ..........: 6400
2019-07-25T10:06:35:  X axis dimension ..........: 80
2019-07-25T10:06:35:  Y axis dimension ..........: 80
2019-07-25T10:06:35:  Number of maps ............: 32
2019-07-25T10:06:35:  Shape of maps .............: (32)
2019-07-25T10:06:35: === GSkyRegions ===
2019-07-25T10:06:35:  Number of regions .........: 0
2019-07-25T10:06:35: === GModels ===
2019-07-25T10:06:35:  Number of models ..........: 2
2019-07-25T10:06:35:  Number of parameters ......: 11
2019-07-25T10:06:35: === GModelSky ===
2019-07-25T10:06:35:  Name ......................: source2c
2019-07-25T10:06:35:  Instruments ...............: all
2019-07-25T10:06:35:  Test Statistic ............: 67515.729
2019-07-25T10:06:35:  Observation identifiers ...: all
2019-07-25T10:06:35:  Model type ................: PointSource
2019-07-25T10:06:35:  Model components ..........: "PointSource" * "ExponentialCutoffPowerLaw" * "Constant"
2019-07-25T10:06:35:  Number of parameters ......: 7
2019-07-25T10:06:35:  Number of spatial par's ...: 2
2019-07-25T10:06:35:   RA .......................: 83.6331 [-360,360] deg (fixed,scale=1)
2019-07-25T10:06:35:   DEC ......................: 22.0145 [-90,90] deg (fixed,scale=1)
2019-07-25T10:06:35:  Number of spectral par's ..: 4
2019-07-25T10:06:35:   Prefactor ................: 2.27801134657535e-18 [1e-25,1e-15] ph/cm2/s/MeV (fixed,scale=1e-18,gradient)
2019-07-25T10:06:35:   Index ....................: -1.99124819673522 [-0,-5]  (fixed,scale=-1,gradient)
2019-07-25T10:06:35:   CutoffEnergy .............: 102057031.418105 +/- 13124065.2809817 [1000000,100000000000] MeV (free,scale=100000000,gradient)
2019-07-25T10:06:35:   PivotEnergy ..............: 1000000 [10000,1000000000] MeV (fixed,scale=1000000,gradient)
2019-07-25T10:06:35:  Number of temporal par's ..: 1
2019-07-25T10:06:35:   Normalization ............: 1 (relative value) (fixed,scale=1,gradient)
2019-07-25T10:06:35:  Number of scale par's .....: 0
2019-07-25T10:06:35: === GCTAModelCubeBackground ===
2019-07-25T10:06:35:  Name ......................: BackgroundModel
2019-07-25T10:06:35:  Instruments ...............: CTA, HESS, MAGIC, VERITAS
2019-07-25T10:06:35:  Observation identifiers ...: all
2019-07-25T10:06:35:  Model type ................: "PowerLaw" * "Constant"
2019-07-25T10:06:35:  Number of parameters ......: 4
2019-07-25T10:06:35:  Number of spectral par's ..: 3
2019-07-25T10:06:35:   Prefactor ................: 1.0253685205855 [0.01,100] ph/cm2/s/MeV (fixed,scale=1,gradient)
2019-07-25T10:06:35:   Index ....................: 0.0243297281590914 [-5,5]  (fixed,scale=1,gradient)
2019-07-25T10:06:35:   PivotEnergy ..............: 1000000 MeV (fixed,scale=1000000,gradient)
2019-07-25T10:06:35:  Number of temporal par's ..: 1
2019-07-25T10:06:35:   Normalization ............: 1 (relative value) (fixed,scale=1,gradient)
2019-07-25T10:06:35: 
2019-07-25T10:06:35: +=============================+
2019-07-25T10:06:35: | Compute best-fit likelihood |
2019-07-25T10:06:35: +=============================+
2019-07-25T10:08:07: === GOptimizerLM ===
2019-07-25T10:08:07:  Optimized function value ..: -321656.491
2019-07-25T10:08:07:  Absolute precision ........: 0.005
2019-07-25T10:08:07:  Acceptable value decrease .: 2
2019-07-25T10:08:07:  Optimization status .......: converged
2019-07-25T10:08:07:  Number of parameters ......: 11
2019-07-25T10:08:07:  Number of free parameters .: 1
2019-07-25T10:08:07:  Number of iterations ......: 1
2019-07-25T10:08:07:  Lambda ....................: 0.0001
2019-07-25T10:08:07:  Maximum log likelihood ....: -321656.491
2019-07-25T10:08:07: === GModels ===
2019-07-25T10:08:07:  Number of models ..........: 2
2019-07-25T10:08:07:  Number of parameters ......: 11
2019-07-25T10:08:07: === GModelSky ===
2019-07-25T10:08:07:  Name ......................: source2c
2019-07-25T10:08:07:  Instruments ...............: all
2019-07-25T10:08:07:  Test Statistic ............: 67515.729
2019-07-25T10:08:07:  Observation identifiers ...: all
2019-07-25T10:08:07:  Model type ................: PointSource
2019-07-25T10:08:07:  Model components ..........: "PointSource" * "ExponentialCutoffPowerLaw" * "Constant"
2019-07-25T10:08:07:  Number of parameters ......: 7
2019-07-25T10:08:07:  Number of spatial par's ...: 2
2019-07-25T10:08:07:   RA .......................: 83.6331 [-360,360] deg (fixed,scale=1)
2019-07-25T10:08:07:   DEC ......................: 22.0145 [-90,90] deg (fixed,scale=1)
2019-07-25T10:08:07:  Number of spectral par's ..: 4
2019-07-25T10:08:07:   Prefactor ................: 2.27801134657535e-18 [1e-25,1e-15] ph/cm2/s/MeV (fixed,scale=1e-18,gradient)
2019-07-25T10:08:07:   Index ....................: -1.99124819673522 [-0,-5]  (fixed,scale=-1,gradient)
2019-07-25T10:08:07:   CutoffEnergy .............: 102066281.114672 +/- 9312830.26382041 [1000000,100000000000] MeV (free,scale=100000000,gradient)
2019-07-25T10:08:07:   PivotEnergy ..............: 1000000 [10000,1000000000] MeV (fixed,scale=1000000,gradient)
2019-07-25T10:08:07:  Number of temporal par's ..: 1
2019-07-25T10:08:07:   Normalization ............: 1 (relative value) (fixed,scale=1,gradient)
2019-07-25T10:08:07:  Number of scale par's .....: 0
2019-07-25T10:08:07: === GCTAModelCubeBackground ===
2019-07-25T10:08:07:  Name ......................: BackgroundModel
2019-07-25T10:08:07:  Instruments ...............: CTA, HESS, MAGIC, VERITAS
2019-07-25T10:08:07:  Observation identifiers ...: all
2019-07-25T10:08:07:  Model type ................: "PowerLaw" * "Constant"
2019-07-25T10:08:07:  Number of parameters ......: 4
2019-07-25T10:08:07:  Number of spectral par's ..: 3
2019-07-25T10:08:07:   Prefactor ................: 1.0253685205855 [0.01,100] ph/cm2/s/MeV (fixed,scale=1,gradient)
2019-07-25T10:08:07:   Index ....................: 0.0243297281590914 [-5,5]  (fixed,scale=1,gradient)
2019-07-25T10:08:07:   PivotEnergy ..............: 1000000 MeV (fixed,scale=1000000,gradient)
2019-07-25T10:08:07:  Number of temporal par's ..: 1
2019-07-25T10:08:07:   Normalization ............: 1 (relative value) (fixed,scale=1,gradient)
2019-07-25T10:08:07: 
2019-07-25T10:08:07: +==============================================================+
2019-07-25T10:08:07: | Compute error for source "source2c" parameter "CutoffEnergy" |
2019-07-25T10:08:07: +==============================================================+
2019-07-25T10:08:07:  Confidence level ..........: 68 %
2019-07-25T10:08:07:  Log-likelihood difference .: 0.494473
2019-07-25T10:08:07:  Initial factor range ......: [0.0893797847646758, 1.95194583752876]
2019-07-25T10:08:18:    Iteration 1 .............: [0.0893797847646758, 1.02066281114672]
2019-07-25T10:08:28:    Iteration 2 .............: [0.555021297955696, 1.02066281114672]
2019-07-25T10:08:39:    Iteration 3 .............: [0.787842054551206, 1.02066281114672]
2019-07-25T10:08:49:    Iteration 4 .............: [0.904252432848961, 1.02066281114672]
2019-07-25T10:09:00:    Iteration 5 .............: [0.904252432848961, 0.962457621997839]
2019-07-25T10:09:10:    Iteration 6 .............: [0.904252432848961, 0.9333550274234]
2019-07-25T10:09:21:    Iteration 7 .............: [0.918803730136181, 0.9333550274234]
2019-07-25T10:09:31:    Iteration 8 .............: [0.926079378779791, 0.9333550274234]
2019-07-25T10:09:41:    Iteration 9 .............: [0.929717203101595, 0.9333550274234]
2019-07-25T10:09:52:    Iteration 1 .............: [1.02066281114672, 1.95194583752876]
2019-07-25T10:10:02:    Iteration 2 .............: [1.02066281114672, 1.48630432433774]
2019-07-25T10:10:12:    Iteration 3 .............: [1.02066281114672, 1.25348356774223]
2019-07-25T10:10:23:    Iteration 4 .............: [1.02066281114672, 1.13707318944447]
2019-07-25T10:10:33:    Iteration 5 .............: [1.07886800029559, 1.13707318944447]
2019-07-25T10:10:43:    Iteration 6 .............: [1.10797059487003, 1.13707318944447]
2019-07-25T10:10:53:    Iteration 7 .............: [1.12252189215725, 1.13707318944447]
2019-07-25T10:11:03:    Iteration 8 .............: [1.12252189215725, 1.12979754080086]
2019-07-25T10:11:13:    Iteration 9 .............: [1.12615971647906, 1.12979754080086]
2019-07-25T10:11:23:    Iteration 10 ............: [1.12615971647906, 1.12797862863996]
2019-07-25T10:11:34:    Iteration 11 ............: [1.12615971647906, 1.12706917255951]
2019-07-25T10:11:44:    Iteration 12 ............: [1.12615971647906, 1.12661444451928]
2019-07-25T10:11:44:  Lower parameter factor ....: 0.931536
2019-07-25T10:11:44:  Upper parameter factor ....: 1.12639
2019-07-25T10:11:44:  Error from curvature ......: 9312830.26382041 MeV
2019-07-25T10:11:44:  Error from profile ........: 9742548.26183363 MeV
2019-07-25T10:11:44:  Negative profile error ....: 8912669.58842187 MeV
2019-07-25T10:11:44:  Positive profile error ....: 10572426.9352454 MeV
2019-07-25T10:11:44: 
2019-07-25T10:11:44: +==============+
2019-07-25T10:11:44: | Save results |
2019-07-25T10:11:44: +==============+
2019-07-25T10:11:44:  Model definition file .....: NONE
2019-07-25T10:11:44: 
2019-07-25T10:11:44: Application "cterror" terminated after 310 wall clock seconds, consuming 386.52 seconds of CPU time.
