2019-07-23T17:09:49: ********************************************************************************
2019-07-23T17:09:49: *                                   csresspec                                  *
2019-07-23T17:09:49: * ---------------------------------------------------------------------------- *
2019-07-23T17:09:49: * Version: 1.6.0                                                               *
2019-07-23T17:09:49: ********************************************************************************
2019-07-23T17:09:49: +============+
2019-07-23T17:09:49: | Parameters |
2019-07-23T17:09:49: +============+
2019-07-23T17:09:49:  inobs .....................: /cta/carli/CPPM_Internship/Simulations_and_Analyses/minus_constant_EDisp_South_z40_50h/source2a/obs_cube.fits
2019-07-23T17:09:49:  inmodel ...................: /cta/carli/CPPM_Internship/Simulations_and_Analyses/minus_constant_EDisp_South_z40_50h/source2a/obsmodel_binned.xml
2019-07-23T17:09:49:  modcube ...................: /cta/carli/CPPM_Internship/Simulations_and_Analyses/minus_constant_EDisp_South_z40_50h/source2a/obsmodel_cube.fits
2019-07-23T17:09:49:  expcube ...................: /cta/carli/CPPM_Internship/Simulations_and_Analyses/minus_constant_EDisp_South_z40_50h/source2a/exposure_cube.fits
2019-07-23T17:09:49:  psfcube ...................: /cta/carli/CPPM_Internship/Simulations_and_Analyses/minus_constant_EDisp_South_z40_50h/source2a/PSF_cube.fits
2019-07-23T17:09:49:  edispcube .................: /cta/carli/CPPM_Internship/Simulations_and_Analyses/minus_constant_EDisp_South_z40_50h/source2a/edisp_cube.fits
2019-07-23T17:09:49:  bkgcube ...................: /cta/carli/CPPM_Internship/Simulations_and_Analyses/minus_constant_EDisp_South_z40_50h/source2a/background_cube.fits
2019-07-23T17:09:49:  caldb .....................: prod3b-v2
2019-07-23T17:09:49:  irf .......................: South_z40_50h
2019-07-23T17:09:49:  edisp .....................: yes
2019-07-23T17:09:49:  outfile ...................: /cta/carli/CPPM_Internship/Simulations_and_Analyses/minus_constant_EDisp_South_z40_50h/source2a/residuals_binned.fits
2019-07-23T17:09:49:  statistic .................: DEFAULT
2019-07-23T17:09:49:  components ................: yes
2019-07-23T17:09:49:  ebinalg ...................: LOG
2019-07-23T17:09:49:  emin ......................: 0.1
2019-07-23T17:09:49:  emax ......................: 199.526229858398
2019-07-23T17:09:49:  enumbins ..................: 32
2019-07-23T17:09:49:  ebinfile ..................: [not queried]
2019-07-23T17:09:49:  stack .....................: [not queried]
2019-07-23T17:09:49:  coordsys ..................: [not queried]
2019-07-23T17:09:49:  proj ......................: [not queried]
2019-07-23T17:09:49:  xref ......................: [not queried]
2019-07-23T17:09:49:  yref ......................: [not queried]
2019-07-23T17:09:49:  nxpix .....................: [not queried]
2019-07-23T17:09:49:  nypix .....................: [not queried]
2019-07-23T17:09:49:  binsz .....................: [not queried]
2019-07-23T17:09:49:  mask ......................: no
2019-07-23T17:09:49:  ra ........................: [not queried]
2019-07-23T17:09:49:  dec .......................: [not queried]
2019-07-23T17:09:49:  rad .......................: [not queried]
2019-07-23T17:09:49:  regfile ...................: [not queried]
2019-07-23T17:09:49:  algorithm .................: SUB
2019-07-23T17:09:49:  publish ...................: no
2019-07-23T17:09:49:  chatter ...................: 4
2019-07-23T17:09:49:  clobber ...................: yes
2019-07-23T17:09:49:  debug .....................: no
2019-07-23T17:09:49:  mode ......................: ql
2019-07-23T17:09:49:  logfile ...................: csresspec.log
2019-07-23T17:09:49: 
2019-07-23T17:09:49: +====================+
2019-07-23T17:09:49: | Observation census |
2019-07-23T17:09:49: +====================+
2019-07-23T17:09:49:  Unbinned CTA observations .: 0
2019-07-23T17:09:49:  Binned CTA observations ...: 1
2019-07-23T17:09:49:  On/off CTA observations ...: 0
2019-07-23T17:09:49:  Other observations ........: 0
2019-07-23T17:09:49: 
2019-07-23T17:09:49: +=============+
2019-07-23T17:09:49: | Observation |
2019-07-23T17:09:49: +=============+
2019-07-23T17:09:49: === GObservations ===
2019-07-23T17:09:49:  Number of observations ....: 1
2019-07-23T17:09:49:  Number of models ..........: 2
2019-07-23T17:09:49:  Number of observed events .: 289141
2019-07-23T17:09:49:  Number of predicted events : 0
2019-07-23T17:09:49: === GCTAObservation ===
2019-07-23T17:09:49:  Name ......................: 
2019-07-23T17:09:49:  Identifier ................: 000001
2019-07-23T17:09:49:  Instrument ................: CTA
2019-07-23T17:09:49:  Event file ................: /cta/carli/CPPM_Internship/Simulations_and_Analyses/minus_constant_EDisp_South_z40_50h/source2a/obs_cube.fits
2019-07-23T17:09:49:  Event type ................: CountsCube
2019-07-23T17:09:49:  Statistic .................: cstat
2019-07-23T17:09:49:  Ontime ....................: 144000 s
2019-07-23T17:09:49:  Livetime ..................: 141120 s
2019-07-23T17:09:49:  Deadtime correction .......: 0.98
2019-07-23T17:09:49:  User energy range .........: undefined
2019-07-23T17:09:49: === GCTAPointing ===
2019-07-23T17:09:49:  Pointing direction ........: (RA,Dec)=(84.1331,22.0145)
2019-07-23T17:09:49: === GCTAResponseCube ===
2019-07-23T17:09:49:  Energy dispersion .........: Not used
2019-07-23T17:09:49: === GCTACubeExposure ===
2019-07-23T17:09:49:  Filename ..................: /cta/carli/CPPM_Internship/Simulations_and_Analyses/minus_constant_EDisp_South_z40_50h/source2a/exposure_cube.fits
2019-07-23T17:09:49:  Livetime ..................: 141120 sec
2019-07-23T17:09:49: === GEnergies ===
2019-07-23T17:09:49:  Number of energies ........: 33
2019-07-23T17:09:49: === GGti ===
2019-07-23T17:09:49:  Number of intervals .......: 1
2019-07-23T17:09:49:  Ontime ....................: 144000 sec
2019-07-23T17:09:49:  Elapsed time ..............: 144000 sec
2019-07-23T17:09:49:  MJD range .................: 51544.5 - 51546.1666666667 s (TT)
2019-07-23T17:09:49:  UTC range .................: 2000-01-01T11:58:56 - 2000-01-03T03:58:56 s (TT)
2019-07-23T17:09:49:  Reference MJD .............: 51544.5
2019-07-23T17:09:49: === GSkyMap ===
2019-07-23T17:09:49:  Number of pixels ..........: 6400
2019-07-23T17:09:49:  X axis dimension ..........: 80
2019-07-23T17:09:49:  Y axis dimension ..........: 80
2019-07-23T17:09:49:  Number of maps ............: 33
2019-07-23T17:09:49:  Shape of maps .............: (33)
2019-07-23T17:09:49: === GCTACubePsf ===
2019-07-23T17:09:49:  Filename ..................: /cta/carli/CPPM_Internship/Simulations_and_Analyses/minus_constant_EDisp_South_z40_50h/source2a/PSF_cube.fits
2019-07-23T17:09:49: === GEnergies ===
2019-07-23T17:09:49:  Number of energies ........: 33
2019-07-23T17:09:49:  Number of delta bins ......: 200
2019-07-23T17:09:49:  Delta range ...............: 1.875e-06 - 0.298501875 deg
2019-07-23T17:09:49: === GSkyMap ===
2019-07-23T17:09:49:  Number of pixels ..........: 1
2019-07-23T17:09:49:  X axis dimension ..........: 1
2019-07-23T17:09:49:  Y axis dimension ..........: 1
2019-07-23T17:09:49:  Number of maps ............: 6600
2019-07-23T17:09:49:  Shape of maps .............: (200, 33)
2019-07-23T17:09:49: === GCTACubeEdisp ===
2019-07-23T17:09:49:  Filename ..................: /cta/carli/CPPM_Internship/Simulations_and_Analyses/minus_constant_EDisp_South_z40_50h/source2a/edisp_cube.fits
2019-07-23T17:09:49: === GEnergies ===
2019-07-23T17:09:49:  Number of energies ........: 33
2019-07-23T17:09:49:  Number of migra bins ......: 100
2019-07-23T17:09:49:  Migra range ...............: 0.02 - 2
2019-07-23T17:09:49: === GSkyMap ===
2019-07-23T17:09:49:  Number of pixels ..........: 1
2019-07-23T17:09:49:  X axis dimension ..........: 1
2019-07-23T17:09:49:  Y axis dimension ..........: 1
2019-07-23T17:09:49:  Number of maps ............: 3300
2019-07-23T17:09:49:  Shape of maps .............: (100, 33)
2019-07-23T17:09:49: === GCTACubeBackground ===
2019-07-23T17:09:49:  Filename ..................: /cta/carli/CPPM_Internship/Simulations_and_Analyses/minus_constant_EDisp_South_z40_50h/source2a/background_cube.fits
2019-07-23T17:09:49: === GEbounds ===
2019-07-23T17:09:49:  Number of intervals .......: 32
2019-07-23T17:09:49:  Energy range ..............: 100 GeV - 199.526229858398 TeV
2019-07-23T17:09:49: === GSkyMap ===
2019-07-23T17:09:49:  Number of pixels ..........: 6400
2019-07-23T17:09:49:  X axis dimension ..........: 80
2019-07-23T17:09:49:  Y axis dimension ..........: 80
2019-07-23T17:09:49:  Number of maps ............: 32
2019-07-23T17:09:49:  Shape of maps .............: (32)
2019-07-23T17:09:49: === GCTAResponseCache ===
2019-07-23T17:09:49:  Number of cached values ...: 0
2019-07-23T17:09:49: === GCTAEventCube ===
2019-07-23T17:09:49:  Number of events ..........: 289141
2019-07-23T17:09:49:  Number of elements ........: 204800
2019-07-23T17:09:49:  Number of pixels ..........: 6400
2019-07-23T17:09:49:  Number of energy bins .....: 32
2019-07-23T17:09:49:  Time interval .............: 51544.5 - 51546.1666666667 days
2019-07-23T17:09:49:  Pointing ..................: (RA,Dec)=(84.1331,22.0145)
2019-07-23T17:09:49: === GEbounds ===
2019-07-23T17:09:49:  Number of intervals .......: 32
2019-07-23T17:09:49:  Energy range ..............: 100 GeV - 199.526229858398 TeV
2019-07-23T17:09:49: === GSkyMap ===
2019-07-23T17:09:49:  Number of pixels ..........: 6400
2019-07-23T17:09:49:  X axis dimension ..........: 80
2019-07-23T17:09:49:  Y axis dimension ..........: 80
2019-07-23T17:09:49:  Number of maps ............: 32
2019-07-23T17:09:49:  Shape of maps .............: (32)
2019-07-23T17:09:49: === GSkyRegions ===
2019-07-23T17:09:49:  Number of regions .........: 0
2019-07-23T17:09:49: === GModels ===
2019-07-23T17:09:49:  Number of models ..........: 2
2019-07-23T17:09:49:  Number of parameters ......: 11
2019-07-23T17:09:49: === GModelSky ===
2019-07-23T17:09:49:  Name ......................: source2a
2019-07-23T17:09:49:  Instruments ...............: all
2019-07-23T17:09:49:  Test Statistic ............: 16490.401
2019-07-23T17:09:49:  Observation identifiers ...: all
2019-07-23T17:09:49:  Model type ................: PointSource
2019-07-23T17:09:49:  Model components ..........: "PointSource" * "ExponentialCutoffPowerLaw" * "Constant"
2019-07-23T17:09:49:  Number of parameters ......: 7
2019-07-23T17:09:49:  Number of spatial par's ...: 2
2019-07-23T17:09:49:   RA .......................: 83.6331 [-360,360] deg (fixed,scale=1)
2019-07-23T17:09:49:   DEC ......................: 22.0145 [-90,90] deg (fixed,scale=1)
2019-07-23T17:09:49:  Number of spectral par's ..: 4
2019-07-23T17:09:49:   Prefactor ................: 7.33506440824935e-19 +/- 1.30024290694305e-20 [1e-26,1e-16] ph/cm2/s/MeV (free,scale=1e-19,gradient)
2019-07-23T17:09:49:   Index ....................: -2.04916343886627 +/- 0.0155158253897511 [-0,-5]  (free,scale=-1,gradient)
2019-07-23T17:09:49:   CutoffEnergy .............: 4666573317.98684 +/- 38754710689.5739 [1000000,100000000000] MeV (free,scale=100000000,gradient)
2019-07-23T17:09:49:   PivotEnergy ..............: 1000000 [10000,1000000000] MeV (fixed,scale=1000000,gradient)
2019-07-23T17:09:49:  Number of temporal par's ..: 1
2019-07-23T17:09:49:   Normalization ............: 1 (relative value) (fixed,scale=1,gradient)
2019-07-23T17:09:49:  Number of scale par's .....: 0
2019-07-23T17:09:49: === GCTAModelCubeBackground ===
2019-07-23T17:09:49:  Name ......................: BackgroundModel
2019-07-23T17:09:49:  Instruments ...............: CTA, HESS, MAGIC, VERITAS
2019-07-23T17:09:49:  Observation identifiers ...: all
2019-07-23T17:09:49:  Model type ................: "PowerLaw" * "Constant"
2019-07-23T17:09:49:  Number of parameters ......: 4
2019-07-23T17:09:49:  Number of spectral par's ..: 3
2019-07-23T17:09:49:   Prefactor ................: 0.890000218841178 +/- 0.00412249396944869 [0.01,100] ph/cm2/s/MeV (free,scale=1,gradient)
2019-07-23T17:09:49:   Index ....................: -0.0292592993991734 +/- 0.00266135949198101 [-5,5]  (free,scale=1,gradient)
2019-07-23T17:09:49:   PivotEnergy ..............: 1000000 MeV (fixed,scale=1000000,gradient)
2019-07-23T17:09:49:  Number of temporal par's ..: 1
2019-07-23T17:09:49:   Normalization ............: 1 (relative value) (fixed,scale=1,gradient)
2019-07-23T17:09:49: 
2019-07-23T17:09:49: +=========================+
2019-07-23T17:09:49: | Processing Observations |
2019-07-23T17:09:49: +=========================+
2019-07-23T17:09:49: Computing model cube
2019-07-23T17:09:56: Computing counts, model, and residual spectra
2019-07-23T17:09:56:  Computing model component .: source2a
2019-07-23T17:10:00:  Computing model component .: BackgroundModel
2019-07-23T17:10:01: Filling residual table
2019-07-23T17:10:01: 
2019-07-23T17:10:01: +================+
2019-07-23T17:10:01: | Save residuals |
2019-07-23T17:10:01: +================+
2019-07-23T17:10:01:  Residuals file ............: /cta/carli/CPPM_Internship/Simulations_and_Analyses/minus_constant_EDisp_South_z40_50h/source2a/residuals_binned.fits
2019-07-23T17:10:01: 
2019-07-23T17:10:01: Application "csresspec" terminated after 12 wall clock seconds, consuming 13.85 seconds of CPU time.
