2019-07-23T17:09:10: ********************************************************************************
2019-07-23T17:09:10: *                                  ctbutterfly                                 *
2019-07-23T17:09:10: * ---------------------------------------------------------------------------- *
2019-07-23T17:09:10: * Version: 1.6.0                                                               *
2019-07-23T17:09:10: ********************************************************************************
2019-07-23T17:09:10: +============+
2019-07-23T17:09:10: | Parameters |
2019-07-23T17:09:10: +============+
2019-07-23T17:09:10:  inobs .....................: /cta/carli/CPPM_Internship/Simulations_and_Analyses/minus_constant_EDisp_South_z40_50h/source2a/obs_cube.fits
2019-07-23T17:09:10:  inmodel ...................: /cta/carli/CPPM_Internship/Simulations_and_Analyses/minus_constant_EDisp_South_z40_50h/source2a/obsmodel_binned.xml
2019-07-23T17:09:10:  srcname ...................: source2a
2019-07-23T17:09:10:  expcube ...................: /cta/carli/CPPM_Internship/Simulations_and_Analyses/minus_constant_EDisp_South_z40_50h/source2a/exposure_cube.fits
2019-07-23T17:09:10:  psfcube ...................: /cta/carli/CPPM_Internship/Simulations_and_Analyses/minus_constant_EDisp_South_z40_50h/source2a/PSF_cube.fits
2019-07-23T17:09:10:  edispcube .................: /cta/carli/CPPM_Internship/Simulations_and_Analyses/minus_constant_EDisp_South_z40_50h/source2a/edisp_cube.fits
2019-07-23T17:09:10:  bkgcube ...................: /cta/carli/CPPM_Internship/Simulations_and_Analyses/minus_constant_EDisp_South_z40_50h/source2a/background_cube.fits
2019-07-23T17:09:10:  caldb .....................: prod3b-v2
2019-07-23T17:09:10:  irf .......................: South_z40_50h
2019-07-23T17:09:10:  edisp .....................: yes
2019-07-23T17:09:10:  outfile ...................: /cta/carli/CPPM_Internship/Simulations_and_Analyses/minus_constant_EDisp_South_z40_50h/source2a/butterfly_binned.ascii
2019-07-23T17:09:10:  method ....................: GAUSSIAN
2019-07-23T17:09:10:  fit .......................: no
2019-07-23T17:09:10:  confidence ................: 0.68
2019-07-23T17:09:10:  statistic .................: DEFAULT
2019-07-23T17:09:10:  like_accuracy .............: 0.005
2019-07-23T17:09:10:  max_iter ..................: 50
2019-07-23T17:09:10:  matrix ....................: NONE
2019-07-23T17:09:10:  ebinalg ...................: LOG
2019-07-23T17:09:10:  emin ......................: 0.1
2019-07-23T17:09:10:  emax ......................: 199.526229858398
2019-07-23T17:09:10:  enumbins ..................: 32
2019-07-23T17:09:10:  ebinfile ..................: [not queried]
2019-07-23T17:09:10:  chatter ...................: 4
2019-07-23T17:09:10:  clobber ...................: yes
2019-07-23T17:09:10:  debug .....................: no
2019-07-23T17:09:10:  mode ......................: ql
2019-07-23T17:09:10:  logfile ...................: ctbutterfly.log
2019-07-23T17:09:10: 
2019-07-23T17:09:10: +===================+
2019-07-23T17:09:10: | Input observation |
2019-07-23T17:09:10: +===================+
2019-07-23T17:09:10: === GObservations ===
2019-07-23T17:09:10:  Number of observations ....: 1
2019-07-23T17:09:10:  Number of models ..........: 2
2019-07-23T17:09:10:  Number of observed events .: 289141
2019-07-23T17:09:10:  Number of predicted events : 0
2019-07-23T17:09:10: === GCTAObservation ===
2019-07-23T17:09:10:  Name ......................: 
2019-07-23T17:09:10:  Identifier ................: 000001
2019-07-23T17:09:10:  Instrument ................: CTA
2019-07-23T17:09:10:  Event file ................: /cta/carli/CPPM_Internship/Simulations_and_Analyses/minus_constant_EDisp_South_z40_50h/source2a/obs_cube.fits
2019-07-23T17:09:10:  Event type ................: CountsCube
2019-07-23T17:09:10:  Statistic .................: cstat
2019-07-23T17:09:10:  Ontime ....................: 144000 s
2019-07-23T17:09:10:  Livetime ..................: 141120 s
2019-07-23T17:09:10:  Deadtime correction .......: 0.98
2019-07-23T17:09:10:  User energy range .........: undefined
2019-07-23T17:09:10: === GCTAPointing ===
2019-07-23T17:09:10:  Pointing direction ........: (RA,Dec)=(84.1331,22.0145)
2019-07-23T17:09:10: === GCTAResponseCube ===
2019-07-23T17:09:10:  Energy dispersion .........: Used
2019-07-23T17:09:10: === GCTACubeExposure ===
2019-07-23T17:09:10:  Filename ..................: /cta/carli/CPPM_Internship/Simulations_and_Analyses/minus_constant_EDisp_South_z40_50h/source2a/exposure_cube.fits
2019-07-23T17:09:10:  Livetime ..................: 141120 sec
2019-07-23T17:09:10: === GEnergies ===
2019-07-23T17:09:10:  Number of energies ........: 33
2019-07-23T17:09:10: === GGti ===
2019-07-23T17:09:10:  Number of intervals .......: 1
2019-07-23T17:09:10:  Ontime ....................: 144000 sec
2019-07-23T17:09:10:  Elapsed time ..............: 144000 sec
2019-07-23T17:09:10:  MJD range .................: 51544.5 - 51546.1666666667 s (TT)
2019-07-23T17:09:10:  UTC range .................: 2000-01-01T11:58:56 - 2000-01-03T03:58:56 s (TT)
2019-07-23T17:09:10:  Reference MJD .............: 51544.5
2019-07-23T17:09:10: === GSkyMap ===
2019-07-23T17:09:10:  Number of pixels ..........: 6400
2019-07-23T17:09:10:  X axis dimension ..........: 80
2019-07-23T17:09:10:  Y axis dimension ..........: 80
2019-07-23T17:09:10:  Number of maps ............: 33
2019-07-23T17:09:10:  Shape of maps .............: (33)
2019-07-23T17:09:10: === GCTACubePsf ===
2019-07-23T17:09:10:  Filename ..................: /cta/carli/CPPM_Internship/Simulations_and_Analyses/minus_constant_EDisp_South_z40_50h/source2a/PSF_cube.fits
2019-07-23T17:09:10: === GEnergies ===
2019-07-23T17:09:10:  Number of energies ........: 33
2019-07-23T17:09:10:  Number of delta bins ......: 200
2019-07-23T17:09:10:  Delta range ...............: 1.875e-06 - 0.298501875 deg
2019-07-23T17:09:10: === GSkyMap ===
2019-07-23T17:09:10:  Number of pixels ..........: 1
2019-07-23T17:09:10:  X axis dimension ..........: 1
2019-07-23T17:09:10:  Y axis dimension ..........: 1
2019-07-23T17:09:10:  Number of maps ............: 6600
2019-07-23T17:09:10:  Shape of maps .............: (200, 33)
2019-07-23T17:09:10: === GCTACubeEdisp ===
2019-07-23T17:09:10:  Filename ..................: /cta/carli/CPPM_Internship/Simulations_and_Analyses/minus_constant_EDisp_South_z40_50h/source2a/edisp_cube.fits
2019-07-23T17:09:10: === GEnergies ===
2019-07-23T17:09:10:  Number of energies ........: 33
2019-07-23T17:09:10:  Number of migra bins ......: 100
2019-07-23T17:09:10:  Migra range ...............: 0.02 - 2
2019-07-23T17:09:10: === GSkyMap ===
2019-07-23T17:09:10:  Number of pixels ..........: 1
2019-07-23T17:09:10:  X axis dimension ..........: 1
2019-07-23T17:09:10:  Y axis dimension ..........: 1
2019-07-23T17:09:10:  Number of maps ............: 3300
2019-07-23T17:09:10:  Shape of maps .............: (100, 33)
2019-07-23T17:09:10: === GCTACubeBackground ===
2019-07-23T17:09:10:  Filename ..................: /cta/carli/CPPM_Internship/Simulations_and_Analyses/minus_constant_EDisp_South_z40_50h/source2a/background_cube.fits
2019-07-23T17:09:10: === GEbounds ===
2019-07-23T17:09:10:  Number of intervals .......: 32
2019-07-23T17:09:10:  Energy range ..............: 100 GeV - 199.526229858398 TeV
2019-07-23T17:09:10: === GSkyMap ===
2019-07-23T17:09:10:  Number of pixels ..........: 6400
2019-07-23T17:09:10:  X axis dimension ..........: 80
2019-07-23T17:09:10:  Y axis dimension ..........: 80
2019-07-23T17:09:10:  Number of maps ............: 32
2019-07-23T17:09:10:  Shape of maps .............: (32)
2019-07-23T17:09:10: === GCTAResponseCache ===
2019-07-23T17:09:10:  Number of cached values ...: 0
2019-07-23T17:09:10: === GCTAEventCube ===
2019-07-23T17:09:10:  Number of events ..........: 289141
2019-07-23T17:09:10:  Number of elements ........: 204800
2019-07-23T17:09:10:  Number of pixels ..........: 6400
2019-07-23T17:09:10:  Number of energy bins .....: 32
2019-07-23T17:09:10:  Time interval .............: 51544.5 - 51546.1666666667 days
2019-07-23T17:09:10:  Pointing ..................: (RA,Dec)=(84.1331,22.0145)
2019-07-23T17:09:10: === GEbounds ===
2019-07-23T17:09:10:  Number of intervals .......: 32
2019-07-23T17:09:10:  Energy range ..............: 100 GeV - 199.526229858398 TeV
2019-07-23T17:09:10: === GSkyMap ===
2019-07-23T17:09:10:  Number of pixels ..........: 6400
2019-07-23T17:09:10:  X axis dimension ..........: 80
2019-07-23T17:09:10:  Y axis dimension ..........: 80
2019-07-23T17:09:10:  Number of maps ............: 32
2019-07-23T17:09:10:  Shape of maps .............: (32)
2019-07-23T17:09:10: === GSkyRegions ===
2019-07-23T17:09:10:  Number of regions .........: 0
2019-07-23T17:09:10: === GModels ===
2019-07-23T17:09:10:  Number of models ..........: 2
2019-07-23T17:09:10:  Number of parameters ......: 11
2019-07-23T17:09:10: === GModelSky ===
2019-07-23T17:09:10:  Name ......................: source2a
2019-07-23T17:09:10:  Instruments ...............: all
2019-07-23T17:09:10:  Test Statistic ............: 16490.401
2019-07-23T17:09:10:  Observation identifiers ...: all
2019-07-23T17:09:10:  Model type ................: PointSource
2019-07-23T17:09:10:  Model components ..........: "PointSource" * "ExponentialCutoffPowerLaw" * "Constant"
2019-07-23T17:09:10:  Number of parameters ......: 7
2019-07-23T17:09:10:  Number of spatial par's ...: 2
2019-07-23T17:09:10:   RA .......................: 83.6331 [-360,360] deg (fixed,scale=1)
2019-07-23T17:09:10:   DEC ......................: 22.0145 [-90,90] deg (fixed,scale=1)
2019-07-23T17:09:10:  Number of spectral par's ..: 4
2019-07-23T17:09:10:   Prefactor ................: 7.33506440824935e-19 +/- 1.30024290694305e-20 [1e-26,1e-16] ph/cm2/s/MeV (free,scale=1e-19,gradient)
2019-07-23T17:09:10:   Index ....................: -2.04916343886627 +/- 0.0155158253897511 [-0,-5]  (free,scale=-1,gradient)
2019-07-23T17:09:10:   CutoffEnergy .............: 4666573317.98684 +/- 38754710689.5739 [1000000,100000000000] MeV (free,scale=100000000,gradient)
2019-07-23T17:09:10:   PivotEnergy ..............: 1000000 [10000,1000000000] MeV (fixed,scale=1000000,gradient)
2019-07-23T17:09:10:  Number of temporal par's ..: 1
2019-07-23T17:09:10:   Normalization ............: 1 (relative value) (fixed,scale=1,gradient)
2019-07-23T17:09:10:  Number of scale par's .....: 0
2019-07-23T17:09:10: === GCTAModelCubeBackground ===
2019-07-23T17:09:10:  Name ......................: BackgroundModel
2019-07-23T17:09:10:  Instruments ...............: CTA, HESS, MAGIC, VERITAS
2019-07-23T17:09:10:  Observation identifiers ...: all
2019-07-23T17:09:10:  Model type ................: "PowerLaw" * "Constant"
2019-07-23T17:09:10:  Number of parameters ......: 4
2019-07-23T17:09:10:  Number of spectral par's ..: 3
2019-07-23T17:09:10:   Prefactor ................: 0.890000218841178 +/- 0.00412249396944869 [0.01,100] ph/cm2/s/MeV (free,scale=1,gradient)
2019-07-23T17:09:10:   Index ....................: -0.0292592993991734 +/- 0.00266135949198101 [-5,5]  (free,scale=1,gradient)
2019-07-23T17:09:10:   PivotEnergy ..............: 1000000 MeV (fixed,scale=1000000,gradient)
2019-07-23T17:09:10:  Number of temporal par's ..: 1
2019-07-23T17:09:10:   Normalization ............: 1 (relative value) (fixed,scale=1,gradient)
2019-07-23T17:09:10: 
2019-07-23T17:09:10: +===========================+
2019-07-23T17:09:10: | Compute covariance matrix |
2019-07-23T17:09:10: +===========================+
2019-07-23T17:09:42: === GMatrixSparse ===
2019-07-23T17:09:42:  Number of rows ............: 11
2019-07-23T17:09:42:  Number of columns .........: 11
2019-07-23T17:09:42:  Number of nonzero elements : 25
2019-07-23T17:09:42:  Number of allocated cells .: 512
2019-07-23T17:09:42:  Memory block size .........: 512
2019-07-23T17:09:42:  Sparse matrix fill ........: 0.206611570247934
2019-07-23T17:09:42:  Pending element ...........: 0
2019-07-23T17:09:42:  Fill stack size ...........: 0 (none)
2019-07-23T17:09:42:  0, 0, 0, 0, 0, 0, 0, 0, 0, 0, 0
2019-07-23T17:09:42:  0, 0, 0, 0, 0, 0, 0, 0, 0, 0, 0
2019-07-23T17:09:42:  0, 0, 1.69063161637859e-40, -1.36758801906219e-23, -1.17250272898417e-10, 0, 0, -2.22542786970286e-24, -5.37813496981629e-25, 0, 0
2019-07-23T17:09:42:  0, 0, -1.36758801906219e-23, 0.000240740837514351, -384577558.982116, 0, 0, 1.0141749665149e-06, -7.92850111689405e-07, 0, 0
2019-07-23T17:09:42:  0, 0, -1.17250272898417e-10, -384577558.982117, 1.50192759911997e+21, 0, 0, -454792.67766739, 1371417.87088185, 0, 0
2019-07-23T17:09:42:  0, 0, 0, 0, 0, 0, 0, 0, 0, 0, 0
2019-07-23T17:09:42:  0, 0, 0, 0, 0, 0, 0, 0, 0, 0, 0
2019-07-23T17:09:42:  0, 0, -2.22542786970286e-24, 1.0141749665149e-06, -454792.67766739, 0, 0, 1.69949565281363e-05, 1.00064668987885e-05, 0, 0
2019-07-23T17:09:42:  0, 0, -5.37813496981629e-25, -7.92850111689405e-07, 1371417.87088185, 0, 0, 1.00064668987885e-05, 7.08283434556318e-06, 0, 0
2019-07-23T17:09:42:  0, 0, 0, 0, 0, 0, 0, 0, 0, 0, 0
2019-07-23T17:09:42:  0, 0, 0, 0, 0, 0, 0, 0, 0, 0, 0
2019-07-23T17:09:42: 
2019-07-23T17:09:42: +===============================+
2019-07-23T17:09:42: | Prepare butterfly computation |
2019-07-23T17:09:42: +===============================+
2019-07-23T17:09:42:  Confidence level ..........: 0.68
2019-07-23T17:09:42:  Corresponding scaling .....: 0.994458
2019-07-23T17:09:42: 
2019-07-23T17:09:42: +====================+
2019-07-23T17:09:42: | Generate butterfly |
2019-07-23T17:09:42: +====================+
2019-07-23T17:09:42: 
2019-07-23T17:09:42: +=========+
2019-07-23T17:09:42: | Results |
2019-07-23T17:09:42: +=========+
2019-07-23T17:09:42:  Intensity at 112606.251051226 MeV : 6.44016361822014e-17 (6.18794759788801e-17, 6.69237963855227e-17) ph/cm2/s/MeV
2019-07-23T17:09:42:  Intensity at 142786.615593472 MeV : 3.95889618231105e-17 (3.81658554618229e-17, 4.10120681843981e-17) ph/cm2/s/MeV
2019-07-23T17:09:42:  Intensity at 181055.824186555 MeV : 2.43360770700268e-17 (2.35372867646935e-17, 2.51348673753602e-17) ph/cm2/s/MeV
2019-07-23T17:09:42:  Intensity at 229581.822747338 MeV : 1.49598099615528e-17 (1.45137259744196e-17, 1.5405893948686e-17) ph/cm2/s/MeV
2019-07-23T17:09:42:  Intensity at 291113.603071291 MeV : 9.19602981702644e-18 (8.94800813989608e-18, 9.44405149415679e-18) ph/cm2/s/MeV
2019-07-23T17:09:42:  Intensity at 369136.932876502 MeV : 5.65292378419512e-18 (5.51539638047999e-18, 5.79045118791025e-18) ph/cm2/s/MeV
2019-07-23T17:09:42:  Intensity at 468071.824112259 MeV : 3.47491306018176e-18 (3.39860330474111e-18, 3.5512228156224e-18) ph/cm2/s/MeV
2019-07-23T17:09:42:  Intensity at 593522.926087366 MeV : 2.13605430124335e-18 (2.09343561748954e-18, 2.17867298499717e-18) ph/cm2/s/MeV
2019-07-23T17:09:42:  Intensity at 752597.028157849 MeV : 1.31303863554881e-18 (1.28887067673293e-18, 1.33720659436469e-18) ph/cm2/s/MeV
2019-07-23T17:09:42:  Intensity at 954305.65846188 MeV : 8.07121198248871e-19 (7.93058884395542e-19, 8.211835121022e-19) ph/cm2/s/MeV
2019-07-23T17:09:42:  Intensity at 1210075.58587031 MeV : 4.96129408698923e-19 (4.87661203332447e-19, 5.04597614065399e-19) ph/cm2/s/MeV
2019-07-23T17:09:42:  Intensity at 1534396.14502492 MeV : 3.04961355178878e-19 (2.99672627716739e-19, 3.10250082641018e-19) ph/cm2/s/MeV
2019-07-23T17:09:42:  Intensity at 1945640.05534746 MeV : 1.87450480093678e-19 (1.84044991181837e-19, 1.90855969005519e-19) ph/cm2/s/MeV
2019-07-23T17:09:42:  Intensity at 2467104.23331454 MeV : 1.15217393876222e-19 (1.12980192618116e-19, 1.17454595134329e-19) ph/cm2/s/MeV
2019-07-23T17:09:42:  Intensity at 3128329.55988436 MeV : 7.08168379777371e-20 (6.93330872505536e-20, 7.23005887049206e-20) ph/cm2/s/MeV
2019-07-23T17:09:42:  Intensity at 3966774.36773649 MeV : 4.35249741699369e-20 (4.2539385084988e-20, 4.45105632548857e-20) ph/cm2/s/MeV
2019-07-23T17:09:42:  Intensity at 5029936.45116879 MeV : 2.6749742115883e-20 (2.60973222354656e-20, 2.74021619963004e-20) ph/cm2/s/MeV
2019-07-23T17:09:42:  Intensity at 6378043.81024912 MeV : 1.64389531798928e-20 (1.6009709315157e-20, 1.68681970446286e-20) ph/cm2/s/MeV
2019-07-23T17:09:42:  Intensity at 8087466.55954362 MeV : 1.01017145390346e-20 (9.82124189563371e-21, 1.03821871824355e-20) ph/cm2/s/MeV
2019-07-23T17:09:42:  Intensity at 10255043.285628 MeV : 6.20688054061525e-21 (6.02468592814898e-21, 6.38907515308153e-21) ph/cm2/s/MeV
2019-07-23T17:09:42:  Intensity at 13003566.9409974 MeV : 3.81327052246946e-21 (3.6952138710684e-21, 3.93132717387052e-21) ph/cm2/s/MeV
2019-07-23T17:09:42:  Intensity at 16488741.0495845 MeV : 2.34235809153864e-21 (2.2655413085605e-21, 2.41917487451677e-21) ph/cm2/s/MeV
2019-07-23T17:09:42:  Intensity at 20908000.2920645 MeV : 1.43854029564055e-21 (1.38779294429886e-21, 1.48928764698224e-21) ph/cm2/s/MeV
2019-07-23T17:09:42:  Intensity at 26511695.1560098 MeV : 8.83243692219566e-22 (8.48708612103206e-22, 9.17778772335927e-22) ph/cm2/s/MeV
2019-07-23T17:09:42:  Intensity at 33617274.2599379 MeV : 5.42124812164616e-22 (5.17598255859108e-22, 5.66651368470124e-22) ph/cm2/s/MeV
2019-07-23T17:09:42:  Intensity at 42627267.7781488 MeV : 3.32614203310941e-22 (3.14366121256139e-22, 3.50862285365744e-22) ph/cm2/s/MeV
2019-07-23T17:09:42:  Intensity at 54052090.7251378 MeV : 2.03965897342686e-22 (1.89854335668149e-22, 2.18077459017224e-22) ph/cm2/s/MeV
2019-07-23T17:09:42:  Intensity at 68538957.9028144 MeV : 1.24994056075155e-22 (1.13809279856724e-22, 1.36178832293587e-22) ph/cm2/s/MeV
2019-07-23T17:09:42:  Intensity at 86908548.5386981 MeV : 7.65349524111872e-23 (6.75658612761631e-23, 8.55040435462112e-23) ph/cm2/s/MeV
2019-07-23T17:09:42:  Intensity at 110201497.662297 MeV : 4.68136042711834e-23 (3.96009433549721e-23, 5.40262651873946e-23) ph/cm2/s/MeV
2019-07-23T17:09:42:  Intensity at 139737347.950364 MeV : 2.85958721910788e-23 (2.2808702151574e-23, 3.43830422305835e-23) ph/cm2/s/MeV
2019-07-23T17:09:42:  Intensity at 177189301.655759 MeV : 1.74380493810381e-23 (1.28171132353284e-23, 2.20589855267477e-23) ph/cm2/s/MeV
2019-07-23T17:09:42: 
2019-07-23T17:09:42: +========================+
2019-07-23T17:09:42: | Save Butterfly diagram |
2019-07-23T17:09:42: +========================+
2019-07-23T17:09:42:  Butterfly file ............: /cta/carli/CPPM_Internship/Simulations_and_Analyses/minus_constant_EDisp_South_z40_50h/source2a/butterfly_binned.ascii
2019-07-23T17:09:42: 
2019-07-23T17:09:42: Application "ctbutterfly" terminated after 32 wall clock seconds, consuming 33.26 seconds of CPU time.
