2019-07-23T17:28:32: ********************************************************************************
2019-07-23T17:28:32: *                                     ctbin                                    *
2019-07-23T17:28:32: * ---------------------------------------------------------------------------- *
2019-07-23T17:28:32: * Version: 1.6.0                                                               *
2019-07-23T17:28:32: ********************************************************************************
2019-07-23T17:28:32: +============+
2019-07-23T17:28:32: | Parameters |
2019-07-23T17:28:32: +============+
2019-07-23T17:28:32:  inobs .....................: /cta/carli/CPPM_Internship/Simulations_and_Analyses/minus_gradient_EDisp_South_z40_50h/source2a/obs.fits
2019-07-23T17:28:32:  outobs ....................: /cta/carli/CPPM_Internship/Simulations_and_Analyses/minus_gradient_EDisp_South_z40_50h/source2a/obs_cube.fits
2019-07-23T17:28:32:  stack .....................: yes
2019-07-23T17:28:32:  prefix ....................: cntcube_
2019-07-23T17:28:32:  ebinalg ...................: LOG
2019-07-23T17:28:32:  emin ......................: 0.1
2019-07-23T17:28:32:  emax ......................: 199.526229858398
2019-07-23T17:28:32:  enumbins ..................: 32
2019-07-23T17:28:32:  ebinfile ..................: [not queried]
2019-07-23T17:28:32:  usepnt ....................: yes
2019-07-23T17:28:32:  nxpix .....................: 80
2019-07-23T17:28:32:  nypix .....................: 80
2019-07-23T17:28:32:  binsz .....................: 0.02
2019-07-23T17:28:32:  coordsys ..................: GAL
2019-07-23T17:28:32:  proj ......................: TAN
2019-07-23T17:28:32:  xref ......................: [not queried]
2019-07-23T17:28:32:  yref ......................: [not queried]
2019-07-23T17:28:32:  nthreads ..................: 0
2019-07-23T17:28:32:  publish ...................: no
2019-07-23T17:28:32:  chatter ...................: 4
2019-07-23T17:28:32:  clobber ...................: yes
2019-07-23T17:28:32:  debug .....................: no
2019-07-23T17:28:32:  mode ......................: ql
2019-07-23T17:28:32:  logfile ...................: ctbin.log
2019-07-23T17:28:32: 
2019-07-23T17:28:32: +===================+
2019-07-23T17:28:32: | Input observation |
2019-07-23T17:28:32: +===================+
2019-07-23T17:28:32: === GObservations ===
2019-07-23T17:28:32:  Number of observations ....: 1
2019-07-23T17:28:32:  Number of models ..........: 0
2019-07-23T17:28:32:  Number of observed events .: 309349
2019-07-23T17:28:32:  Number of predicted events : 0
2019-07-23T17:28:32: === GCTAObservation ===
2019-07-23T17:28:32:  Name ......................: 
2019-07-23T17:28:32:  Identifier ................: 000001
2019-07-23T17:28:32:  Instrument ................: CTA
2019-07-23T17:28:32:  Event file ................: /cta/carli/CPPM_Internship/Simulations_and_Analyses/minus_gradient_EDisp_South_z40_50h/source2a/obs.fits
2019-07-23T17:28:32:  Event type ................: EventList
2019-07-23T17:28:32:  Statistic .................: cstat
2019-07-23T17:28:32:  Ontime ....................: 144000 s
2019-07-23T17:28:32:  Livetime ..................: 141120 s
2019-07-23T17:28:32:  Deadtime correction .......: 0.98
2019-07-23T17:28:32:  User energy range .........: undefined
2019-07-23T17:28:32: === GCTAPointing ===
2019-07-23T17:28:32:  Pointing direction ........: (RA,Dec)=(84.1331,22.0145)
2019-07-23T17:28:32:  Response function .........: undefined
2019-07-23T17:28:32: === GCTAEventList ===
2019-07-23T17:28:32:  Number of events ..........: 309349 (disposed in "/cta/carli/CPPM_Internship/Simulations_and_Analyses/minus_gradient_EDisp_South_z40_50h/source2a/obs.fits")
2019-07-23T17:28:32:  Time interval .............: 51544.5 - 51546.1666666667 days
2019-07-23T17:28:32: === GEbounds ===
2019-07-23T17:28:32:  Number of intervals .......: 1
2019-07-23T17:28:32:  Energy range ..............: 100 GeV - 199.526229858398 TeV
2019-07-23T17:28:32: === GCTARoi ===
2019-07-23T17:28:32:  RoI centre ................: RA=84.1331, DEC=22.0145 [0,0]
2019-07-23T17:28:32:  RoI radius ................: 0.8 deg
2019-07-23T17:28:32: === GSkyRegions ===
2019-07-23T17:28:32:  Number of regions .........: 0
2019-07-23T17:28:32: === GModels ===
2019-07-23T17:28:32:  Number of models ..........: 0
2019-07-23T17:28:32:  Number of parameters ......: 0
2019-07-23T17:28:32: 
2019-07-23T17:28:32: +===========================+
2019-07-23T17:28:32: | Find unbinned observation |
2019-07-23T17:28:32: +===========================+
2019-07-23T17:28:32: === CTA observation (id=000001) ===
2019-07-23T17:28:32:  Including unbinned CTA observation
2019-07-23T17:28:32: === Summary ===
2019-07-23T17:28:32:  Number of observations ....: 1
2019-07-23T17:28:32:  Mean pointing .............: (RA,Dec)=(84.1331,22.0145)
2019-07-23T17:28:32:  Use mean pointing .........: yes
2019-07-23T17:28:32: 
2019-07-23T17:28:32: +=================+
2019-07-23T17:28:32: | Bin observation |
2019-07-23T17:28:32: +=================+
2019-07-23T17:28:33: === CTA observation (id=000001) ===
2019-07-23T17:28:33:  Events in list ............: 309349
2019-07-23T17:28:33:  Events in cube ............: 309347
2019-07-23T17:28:33:  Events outside RoI ........: 1
2019-07-23T17:28:33:  Events with invalid WCS ...: 0
2019-07-23T17:28:33:  Events outside cube area ..: 1
2019-07-23T17:28:33:  Events outside energy bins : 0
2019-07-23T17:28:33: 
2019-07-23T17:28:33: +====================+
2019-07-23T17:28:33: | Binned observation |
2019-07-23T17:28:33: +====================+
2019-07-23T17:28:33: === GObservations ===
2019-07-23T17:28:33:  Number of observations ....: 1
2019-07-23T17:28:33:  Number of models ..........: 0
2019-07-23T17:28:33:  Number of observed events .: 309347
2019-07-23T17:28:33:  Number of predicted events : 0
2019-07-23T17:28:33: === GCTAObservation ===
2019-07-23T17:28:33:  Name ......................: 
2019-07-23T17:28:33:  Identifier ................: 000001
2019-07-23T17:28:33:  Instrument ................: CTA
2019-07-23T17:28:33:  Event file ................: 
2019-07-23T17:28:33:  Event type ................: CountsCube
2019-07-23T17:28:33:  Statistic .................: cstat
2019-07-23T17:28:33:  Ontime ....................: 144000 s
2019-07-23T17:28:33:  Livetime ..................: 141120 s
2019-07-23T17:28:33:  Deadtime correction .......: 0.98
2019-07-23T17:28:33:  User energy range .........: undefined
2019-07-23T17:28:33: === GCTAPointing ===
2019-07-23T17:28:33:  Pointing direction ........: (RA,Dec)=(84.1331,22.0145)
2019-07-23T17:28:33:  Response function .........: undefined
2019-07-23T17:28:33: === GCTAEventCube ===
2019-07-23T17:28:33:  Number of events ..........: 309347
2019-07-23T17:28:33:  Number of elements ........: 204800
2019-07-23T17:28:33:  Number of pixels ..........: 6400
2019-07-23T17:28:33:  Number of energy bins .....: 32
2019-07-23T17:28:33:  Time interval .............: 51544.5 - 51546.1666666667 days
2019-07-23T17:28:33:  Pointing ..................: not defined
2019-07-23T17:28:33: === GEbounds ===
2019-07-23T17:28:33:  Number of intervals .......: 32
2019-07-23T17:28:33:  Energy range ..............: 100 GeV - 199.526229858398 TeV
2019-07-23T17:28:33: === GSkyMap ===
2019-07-23T17:28:33:  Number of pixels ..........: 6400
2019-07-23T17:28:33:  X axis dimension ..........: 80
2019-07-23T17:28:33:  Y axis dimension ..........: 80
2019-07-23T17:28:33:  Number of maps ............: 32
2019-07-23T17:28:33:  Shape of maps .............: (32)
2019-07-23T17:28:33: === GSkyRegions ===
2019-07-23T17:28:33:  Number of regions .........: 0
2019-07-23T17:28:33: === GModels ===
2019-07-23T17:28:33:  Number of models ..........: 0
2019-07-23T17:28:33:  Number of parameters ......: 0
2019-07-23T17:28:33: 
2019-07-23T17:28:33: +==================+
2019-07-23T17:28:33: | Save counts cube |
2019-07-23T17:28:33: +==================+
2019-07-23T17:28:33:  Counts cube file ..........: /cta/carli/CPPM_Internship/Simulations_and_Analyses/minus_gradient_EDisp_South_z40_50h/source2a/obs_cube.fits
2019-07-23T17:28:33: 
2019-07-23T17:28:33: Application "ctbin" terminated after 1 wall clock seconds, consuming 1.04 seconds of CPU time.
