2019-07-25T10:06:26: ********************************************************************************
2019-07-25T10:06:26: *                                    cterror                                   *
2019-07-25T10:06:26: * ---------------------------------------------------------------------------- *
2019-07-25T10:06:26: * Version: 1.6.0                                                               *
2019-07-25T10:06:26: ********************************************************************************
2019-07-25T10:06:26: +============+
2019-07-25T10:06:26: | Parameters |
2019-07-25T10:06:26: +============+
2019-07-25T10:06:26:  inobs .....................: /cta/carli/CPPM_Internship/Simulations_and_Analyses/minus_gradient_EDisp_South_z40_50h/source2a/obs_cube.fits
2019-07-25T10:06:26:  inmodel ...................: /cta/carli/CPPM_Internship/Simulations_and_Analyses/minus_gradient_EDisp_South_z40_50h/source2a/obsmodel_binned.xml
2019-07-25T10:06:26:  srcname ...................: source2a
2019-07-25T10:06:26:  expcube ...................: /cta/carli/CPPM_Internship/Simulations_and_Analyses/minus_gradient_EDisp_South_z40_50h/source2a/exposure_cube.fits
2019-07-25T10:06:26:  psfcube ...................: /cta/carli/CPPM_Internship/Simulations_and_Analyses/minus_gradient_EDisp_South_z40_50h/source2a/PSF_cube.fits
2019-07-25T10:06:26:  edispcube .................: /cta/carli/CPPM_Internship/Simulations_and_Analyses/minus_gradient_EDisp_South_z40_50h/source2a/edisp_cube.fits
2019-07-25T10:06:26:  bkgcube ...................: /cta/carli/CPPM_Internship/Simulations_and_Analyses/minus_gradient_EDisp_South_z40_50h/source2a/background_cube.fits
2019-07-25T10:06:26:  caldb .....................: prod3b-v2
2019-07-25T10:06:26:  irf .......................: minus_gradient_EDisp_South_z40_50h
2019-07-25T10:06:26:  edisp .....................: yes
2019-07-25T10:06:26:  outmodel ..................: 
2019-07-25T10:06:26:  confidence ................: 0.68
2019-07-25T10:06:26:  tol .......................: 1e-3
2019-07-25T10:06:26:  statistic .................: DEFAULT
2019-07-25T10:06:26:  like_accuracy .............: 0.005
2019-07-25T10:06:26:  max_iter ..................: 50
2019-07-25T10:06:26:  nthreads ..................: 0
2019-07-25T10:06:26:  chatter ...................: 4
2019-07-25T10:06:26:  clobber ...................: yes
2019-07-25T10:06:26:  debug .....................: no
2019-07-25T10:06:26:  mode ......................: ql
2019-07-25T10:06:26:  logfile ...................: cterror68.log
2019-07-25T10:06:26: 
2019-07-25T10:06:26: +===================+
2019-07-25T10:06:26: | Input observation |
2019-07-25T10:06:26: +===================+
2019-07-25T10:06:26: === GObservations ===
2019-07-25T10:06:26:  Number of observations ....: 1
2019-07-25T10:06:26:  Number of models ..........: 2
2019-07-25T10:06:26:  Number of observed events .: 309347
2019-07-25T10:06:26:  Number of predicted events : 0
2019-07-25T10:06:26: === GCTAObservation ===
2019-07-25T10:06:26:  Name ......................: 
2019-07-25T10:06:26:  Identifier ................: 000001
2019-07-25T10:06:26:  Instrument ................: CTA
2019-07-25T10:06:26:  Event file ................: /cta/carli/CPPM_Internship/Simulations_and_Analyses/minus_gradient_EDisp_South_z40_50h/source2a/obs_cube.fits
2019-07-25T10:06:26:  Event type ................: CountsCube
2019-07-25T10:06:26:  Statistic .................: cstat
2019-07-25T10:06:26:  Ontime ....................: 144000 s
2019-07-25T10:06:26:  Livetime ..................: 141120 s
2019-07-25T10:06:26:  Deadtime correction .......: 0.98
2019-07-25T10:06:26:  User energy range .........: undefined
2019-07-25T10:06:26: === GCTAPointing ===
2019-07-25T10:06:26:  Pointing direction ........: (RA,Dec)=(84.1331,22.0145)
2019-07-25T10:06:26: === GCTAResponseCube ===
2019-07-25T10:06:26:  Energy dispersion .........: Used
2019-07-25T10:06:26: === GCTACubeExposure ===
2019-07-25T10:06:26:  Filename ..................: /cta/carli/CPPM_Internship/Simulations_and_Analyses/minus_gradient_EDisp_South_z40_50h/source2a/exposure_cube.fits
2019-07-25T10:06:26:  Livetime ..................: 141120 sec
2019-07-25T10:06:26: === GEnergies ===
2019-07-25T10:06:26:  Number of energies ........: 33
2019-07-25T10:06:26: === GGti ===
2019-07-25T10:06:26:  Number of intervals .......: 1
2019-07-25T10:06:26:  Ontime ....................: 144000 sec
2019-07-25T10:06:26:  Elapsed time ..............: 144000 sec
2019-07-25T10:06:26:  MJD range .................: 51544.5 - 51546.1666666667 s (TT)
2019-07-25T10:06:26:  UTC range .................: 2000-01-01T11:58:56 - 2000-01-03T03:58:56 s (TT)
2019-07-25T10:06:26:  Reference MJD .............: 51544.5
2019-07-25T10:06:26: === GSkyMap ===
2019-07-25T10:06:26:  Number of pixels ..........: 6400
2019-07-25T10:06:26:  X axis dimension ..........: 80
2019-07-25T10:06:26:  Y axis dimension ..........: 80
2019-07-25T10:06:26:  Number of maps ............: 33
2019-07-25T10:06:26:  Shape of maps .............: (33)
2019-07-25T10:06:26: === GCTACubePsf ===
2019-07-25T10:06:26:  Filename ..................: /cta/carli/CPPM_Internship/Simulations_and_Analyses/minus_gradient_EDisp_South_z40_50h/source2a/PSF_cube.fits
2019-07-25T10:06:26: === GEnergies ===
2019-07-25T10:06:26:  Number of energies ........: 33
2019-07-25T10:06:26:  Number of delta bins ......: 200
2019-07-25T10:06:26:  Delta range ...............: 1.875e-06 - 0.298501875 deg
2019-07-25T10:06:26: === GSkyMap ===
2019-07-25T10:06:26:  Number of pixels ..........: 1
2019-07-25T10:06:26:  X axis dimension ..........: 1
2019-07-25T10:06:26:  Y axis dimension ..........: 1
2019-07-25T10:06:26:  Number of maps ............: 6600
2019-07-25T10:06:26:  Shape of maps .............: (200, 33)
2019-07-25T10:06:26: === GCTACubeEdisp ===
2019-07-25T10:06:26:  Filename ..................: /cta/carli/CPPM_Internship/Simulations_and_Analyses/minus_gradient_EDisp_South_z40_50h/source2a/edisp_cube.fits
2019-07-25T10:06:26: === GEnergies ===
2019-07-25T10:06:26:  Number of energies ........: 33
2019-07-25T10:06:26:  Number of migra bins ......: 100
2019-07-25T10:06:26:  Migra range ...............: 0.02 - 2
2019-07-25T10:06:26: === GSkyMap ===
2019-07-25T10:06:26:  Number of pixels ..........: 1
2019-07-25T10:06:26:  X axis dimension ..........: 1
2019-07-25T10:06:26:  Y axis dimension ..........: 1
2019-07-25T10:06:26:  Number of maps ............: 3300
2019-07-25T10:06:26:  Shape of maps .............: (100, 33)
2019-07-25T10:06:26: === GCTACubeBackground ===
2019-07-25T10:06:26:  Filename ..................: /cta/carli/CPPM_Internship/Simulations_and_Analyses/minus_gradient_EDisp_South_z40_50h/source2a/background_cube.fits
2019-07-25T10:06:26: === GEbounds ===
2019-07-25T10:06:26:  Number of intervals .......: 32
2019-07-25T10:06:26:  Energy range ..............: 100 GeV - 199.526229858398 TeV
2019-07-25T10:06:26: === GSkyMap ===
2019-07-25T10:06:26:  Number of pixels ..........: 6400
2019-07-25T10:06:26:  X axis dimension ..........: 80
2019-07-25T10:06:26:  Y axis dimension ..........: 80
2019-07-25T10:06:26:  Number of maps ............: 32
2019-07-25T10:06:26:  Shape of maps .............: (32)
2019-07-25T10:06:26: === GCTAResponseCache ===
2019-07-25T10:06:26:  Number of cached values ...: 0
2019-07-25T10:06:26: === GCTAEventCube ===
2019-07-25T10:06:26:  Number of events ..........: 309347
2019-07-25T10:06:26:  Number of elements ........: 204800
2019-07-25T10:06:26:  Number of pixels ..........: 6400
2019-07-25T10:06:26:  Number of energy bins .....: 32
2019-07-25T10:06:26:  Time interval .............: 51544.5 - 51546.1666666667 days
2019-07-25T10:06:26:  Pointing ..................: (RA,Dec)=(84.1331,22.0145)
2019-07-25T10:06:26: === GEbounds ===
2019-07-25T10:06:26:  Number of intervals .......: 32
2019-07-25T10:06:26:  Energy range ..............: 100 GeV - 199.526229858398 TeV
2019-07-25T10:06:26: === GSkyMap ===
2019-07-25T10:06:26:  Number of pixels ..........: 6400
2019-07-25T10:06:26:  X axis dimension ..........: 80
2019-07-25T10:06:26:  Y axis dimension ..........: 80
2019-07-25T10:06:26:  Number of maps ............: 32
2019-07-25T10:06:26:  Shape of maps .............: (32)
2019-07-25T10:06:26: === GSkyRegions ===
2019-07-25T10:06:26:  Number of regions .........: 0
2019-07-25T10:06:26: === GModels ===
2019-07-25T10:06:26:  Number of models ..........: 2
2019-07-25T10:06:26:  Number of parameters ......: 11
2019-07-25T10:06:26: === GModelSky ===
2019-07-25T10:06:26:  Name ......................: source2a
2019-07-25T10:06:26:  Instruments ...............: all
2019-07-25T10:06:26:  Test Statistic ............: 15495.441
2019-07-25T10:06:26:  Observation identifiers ...: all
2019-07-25T10:06:26:  Model type ................: PointSource
2019-07-25T10:06:26:  Model components ..........: "PointSource" * "ExponentialCutoffPowerLaw" * "Constant"
2019-07-25T10:06:26:  Number of parameters ......: 7
2019-07-25T10:06:26:  Number of spatial par's ...: 2
2019-07-25T10:06:26:   RA .......................: 83.6331 [-360,360] deg (fixed,scale=1)
2019-07-25T10:06:26:   DEC ......................: 22.0145 [-90,90] deg (fixed,scale=1)
2019-07-25T10:06:26:  Number of spectral par's ..: 4
2019-07-25T10:06:26:   Prefactor ................: 7.5776990412275e-19 [1e-26,1e-16] ph/cm2/s/MeV (fixed,scale=1e-19,gradient)
2019-07-25T10:06:26:   Index ....................: -2.0430534804064 [-0,-5]  (fixed,scale=-1,gradient)
2019-07-25T10:06:26:   CutoffEnergy .............: 1494941598.91832 +/- 3977819527.3117 [1000000,100000000000] MeV (free,scale=100000000,gradient)
2019-07-25T10:06:26:   PivotEnergy ..............: 1000000 [10000,1000000000] MeV (fixed,scale=1000000,gradient)
2019-07-25T10:06:26:  Number of temporal par's ..: 1
2019-07-25T10:06:26:   Normalization ............: 1 (relative value) (fixed,scale=1,gradient)
2019-07-25T10:06:26:  Number of scale par's .....: 0
2019-07-25T10:06:26: === GCTAModelCubeBackground ===
2019-07-25T10:06:26:  Name ......................: BackgroundModel
2019-07-25T10:06:26:  Instruments ...............: CTA, HESS, MAGIC, VERITAS
2019-07-25T10:06:26:  Observation identifiers ...: all
2019-07-25T10:06:26:  Model type ................: "PowerLaw" * "Constant"
2019-07-25T10:06:26:  Number of parameters ......: 4
2019-07-25T10:06:26:  Number of spectral par's ..: 3
2019-07-25T10:06:26:   Prefactor ................: 1.1210330955266 [0.01,100] ph/cm2/s/MeV (fixed,scale=1,gradient)
2019-07-25T10:06:26:   Index ....................: 0.074897232210018 [-5,5]  (fixed,scale=1,gradient)
2019-07-25T10:06:26:   PivotEnergy ..............: 1000000 MeV (fixed,scale=1000000,gradient)
2019-07-25T10:06:26:  Number of temporal par's ..: 1
2019-07-25T10:06:26:   Normalization ............: 1 (relative value) (fixed,scale=1,gradient)
2019-07-25T10:06:26: 
2019-07-25T10:06:26: +=============================+
2019-07-25T10:06:26: | Compute best-fit likelihood |
2019-07-25T10:06:26: +=============================+
2019-07-25T10:07:59: === GOptimizerLM ===
2019-07-25T10:07:59:  Optimized function value ..: -293036.953
2019-07-25T10:07:59:  Absolute precision ........: 0.005
2019-07-25T10:07:59:  Acceptable value decrease .: 2
2019-07-25T10:07:59:  Optimization status .......: converged
2019-07-25T10:07:59:  Number of parameters ......: 11
2019-07-25T10:07:59:  Number of free parameters .: 1
2019-07-25T10:07:59:  Number of iterations ......: 1
2019-07-25T10:07:59:  Lambda ....................: 0.0001
2019-07-25T10:07:59:  Maximum log likelihood ....: -293036.953
2019-07-25T10:07:59: === GModels ===
2019-07-25T10:07:59:  Number of models ..........: 2
2019-07-25T10:07:59:  Number of parameters ......: 11
2019-07-25T10:07:59: === GModelSky ===
2019-07-25T10:07:59:  Name ......................: source2a
2019-07-25T10:07:59:  Instruments ...............: all
2019-07-25T10:07:59:  Test Statistic ............: 15495.441
2019-07-25T10:07:59:  Observation identifiers ...: all
2019-07-25T10:07:59:  Model type ................: PointSource
2019-07-25T10:07:59:  Model components ..........: "PointSource" * "ExponentialCutoffPowerLaw" * "Constant"
2019-07-25T10:07:59:  Number of parameters ......: 7
2019-07-25T10:07:59:  Number of spatial par's ...: 2
2019-07-25T10:07:59:   RA .......................: 83.6331 [-360,360] deg (fixed,scale=1)
2019-07-25T10:07:59:   DEC ......................: 22.0145 [-90,90] deg (fixed,scale=1)
2019-07-25T10:07:59:  Number of spectral par's ..: 4
2019-07-25T10:07:59:   Prefactor ................: 7.5776990412275e-19 [1e-26,1e-16] ph/cm2/s/MeV (fixed,scale=1e-19,gradient)
2019-07-25T10:07:59:   Index ....................: -2.0430534804064 [-0,-5]  (fixed,scale=-1,gradient)
2019-07-25T10:07:59:   CutoffEnergy .............: 1519189917.86678 +/- 2933735455.23821 [1000000,100000000000] MeV (free,scale=100000000,gradient)
2019-07-25T10:07:59:   PivotEnergy ..............: 1000000 [10000,1000000000] MeV (fixed,scale=1000000,gradient)
2019-07-25T10:07:59:  Number of temporal par's ..: 1
2019-07-25T10:07:59:   Normalization ............: 1 (relative value) (fixed,scale=1,gradient)
2019-07-25T10:07:59:  Number of scale par's .....: 0
2019-07-25T10:07:59: === GCTAModelCubeBackground ===
2019-07-25T10:07:59:  Name ......................: BackgroundModel
2019-07-25T10:07:59:  Instruments ...............: CTA, HESS, MAGIC, VERITAS
2019-07-25T10:07:59:  Observation identifiers ...: all
2019-07-25T10:07:59:  Model type ................: "PowerLaw" * "Constant"
2019-07-25T10:07:59:  Number of parameters ......: 4
2019-07-25T10:07:59:  Number of spectral par's ..: 3
2019-07-25T10:07:59:   Prefactor ................: 1.1210330955266 [0.01,100] ph/cm2/s/MeV (fixed,scale=1,gradient)
2019-07-25T10:07:59:   Index ....................: 0.074897232210018 [-5,5]  (fixed,scale=1,gradient)
2019-07-25T10:07:59:   PivotEnergy ..............: 1000000 MeV (fixed,scale=1000000,gradient)
2019-07-25T10:07:59:  Number of temporal par's ..: 1
2019-07-25T10:07:59:   Normalization ............: 1 (relative value) (fixed,scale=1,gradient)
2019-07-25T10:07:59: 
2019-07-25T10:07:59: +==============================================================+
2019-07-25T10:07:59: | Compute error for source "source2a" parameter "CutoffEnergy" |
2019-07-25T10:07:59: +==============================================================+
2019-07-25T10:07:59:  Confidence level ..........: 68 %
2019-07-25T10:07:59:  Log-likelihood difference .: 0.494473
2019-07-25T10:07:59:  Initial factor range ......: [0.01, 308.565444702489]
2019-07-25T10:08:09:    Iteration 1 .............: [0.01, 15.1918991786678]
2019-07-25T10:08:20:    Iteration 2 .............: [0.01, 7.60094958933389]
2019-07-25T10:08:30:    Iteration 3 .............: [3.80547479466695, 7.60094958933389]
2019-07-25T10:08:41:    Iteration 4 .............: [3.80547479466695, 5.70321219200042]
2019-07-25T10:08:51:    Iteration 5 .............: [4.75434349333368, 5.70321219200042]
2019-07-25T10:09:01:    Iteration 6 .............: [4.75434349333368, 5.22877784266705]
2019-07-25T10:09:11:    Iteration 7 .............: [4.99156066800037, 5.22877784266705]
2019-07-25T10:09:22:    Iteration 8 .............: [4.99156066800037, 5.11016925533371]
2019-07-25T10:09:32:    Iteration 9 .............: [5.05086496166704, 5.11016925533371]
2019-07-25T10:09:43:    Iteration 10 ............: [5.05086496166704, 5.08051710850037]
2019-07-25T10:09:53:    Iteration 11 ............: [5.05086496166704, 5.06569103508371]
2019-07-25T10:10:03:    Iteration 1 .............: [15.1918991786678, 308.565444702489]
2019-07-25T10:10:14:    Iteration 2 .............: [161.878671940578, 308.565444702489]
2019-07-25T10:10:24:    Iteration 3 .............: [235.222058321534, 308.565444702489]
2019-07-25T10:10:34:    Iteration 4 .............: [271.893751512011, 308.565444702489]
2019-07-25T10:10:44:    Iteration 5 .............: [290.22959810725, 308.565444702489]
2019-07-25T10:10:54:    Iteration 6 .............: [299.39752140487, 308.565444702489]
2019-07-25T10:11:04:    Iteration 7 .............: [303.981483053679, 308.565444702489]
2019-07-25T10:11:14:    Iteration 8 .............: [306.273463878084, 308.565444702489]
2019-07-25T10:11:25:    Iteration 9 .............: [307.419454290287, 308.565444702489]
2019-07-25T10:11:35:    Iteration 10 ............: [307.992449496388, 308.565444702489]
2019-07-25T10:11:45:    Iteration 11 ............: [308.278947099438, 308.565444702489]
2019-07-25T10:11:55:    Iteration 12 ............: [308.422195900964, 308.565444702489]
2019-07-25T10:12:05:    Iteration 13 ............: [308.493820301726, 308.565444702489]
2019-07-25T10:12:15:    Iteration 14 ............: [308.529632502108, 308.565444702489]
2019-07-25T10:12:25:    Iteration 15 ............: [308.547538602298, 308.565444702489]
2019-07-25T10:12:35:    Iteration 16 ............: [308.556491652394, 308.565444702489]
2019-07-25T10:12:45:    Iteration 17 ............: [308.560968177441, 308.565444702489]
2019-07-25T10:12:55:    Iteration 18 ............: [308.563206439965, 308.565444702489]
2019-07-25T10:13:05:    Iteration 19 ............: [308.564325571227, 308.565444702489]
2019-07-25T10:13:15:    Iteration 20 ............: [308.564885136858, 308.565444702489]
2019-07-25T10:13:25:    Iteration 21 ............: [308.565164919674, 308.565444702489]
2019-07-25T10:13:35:    Iteration 22 ............: [308.565304811081, 308.565444702489]
2019-07-25T10:13:46:    Iteration 23 ............: [308.565374756785, 308.565444702489]
2019-07-25T10:13:56:    Iteration 24 ............: [308.565409729637, 308.565444702489]
2019-07-25T10:14:06:    Iteration 25 ............: [308.565427216063, 308.565444702489]
2019-07-25T10:14:16:    Iteration 26 ............: [308.565435959276, 308.565444702489]
2019-07-25T10:14:26:    Iteration 27 ............: [308.565440330883, 308.565444702489]
2019-07-25T10:14:37:    Iteration 28 ............: [308.565442516686, 308.565444702489]
2019-07-25T10:14:47:    Iteration 29 ............: [308.565443609587, 308.565444702489]
2019-07-25T10:14:57:    Iteration 30 ............: [308.565444156038, 308.565444702489]
2019-07-25T10:14:57:  Lower parameter factor ....: 5.05828
2019-07-25T10:14:57:  Upper parameter factor ....: 308.565
2019-07-25T10:14:57:  Error from curvature ......: 2933735455.23821 MeV
2019-07-25T10:14:57:  Error from profile ........: 15175358321.5444 MeV
2019-07-25T10:14:57:  Negative profile error ....: 1013362118.02924 MeV
2019-07-25T10:14:57:  Positive profile error ....: 29337354525.0596 MeV
2019-07-25T10:14:57: 
2019-07-25T10:14:57: +==============+
2019-07-25T10:14:57: | Save results |
2019-07-25T10:14:57: +==============+
2019-07-25T10:14:57:  Model definition file .....: NONE
2019-07-25T10:14:57: 
2019-07-25T10:14:57: Application "cterror" terminated after 512 wall clock seconds, consuming 650.81 seconds of CPU time.
