2019-07-23T18:39:46: ********************************************************************************
2019-07-23T18:39:46: *                                  ctbutterfly                                 *
2019-07-23T18:39:46: * ---------------------------------------------------------------------------- *
2019-07-23T18:39:46: * Version: 1.6.0                                                               *
2019-07-23T18:39:46: ********************************************************************************
2019-07-23T18:39:46: +============+
2019-07-23T18:39:46: | Parameters |
2019-07-23T18:39:46: +============+
2019-07-23T18:39:46:  inobs .....................: /cta/carli/CPPM_Internship/Simulations_and_Analyses/minus_step_EDisp_South_z40_50h/source2d/obs_cube.fits
2019-07-23T18:39:46:  inmodel ...................: /cta/carli/CPPM_Internship/Simulations_and_Analyses/minus_step_EDisp_South_z40_50h/source2d/obsmodel_binned.xml
2019-07-23T18:39:46:  srcname ...................: source2d
2019-07-23T18:39:46:  expcube ...................: /cta/carli/CPPM_Internship/Simulations_and_Analyses/minus_step_EDisp_South_z40_50h/source2d/exposure_cube.fits
2019-07-23T18:39:46:  psfcube ...................: /cta/carli/CPPM_Internship/Simulations_and_Analyses/minus_step_EDisp_South_z40_50h/source2d/PSF_cube.fits
2019-07-23T18:39:46:  edispcube .................: /cta/carli/CPPM_Internship/Simulations_and_Analyses/minus_step_EDisp_South_z40_50h/source2d/edisp_cube.fits
2019-07-23T18:39:46:  bkgcube ...................: /cta/carli/CPPM_Internship/Simulations_and_Analyses/minus_step_EDisp_South_z40_50h/source2d/background_cube.fits
2019-07-23T18:39:46:  caldb .....................: prod3b-v2
2019-07-23T18:39:46:  irf .......................: South_z40_50h
2019-07-23T18:39:46:  edisp .....................: yes
2019-07-23T18:39:46:  outfile ...................: /cta/carli/CPPM_Internship/Simulations_and_Analyses/minus_step_EDisp_South_z40_50h/source2d/butterfly_binned.ascii
2019-07-23T18:39:46:  method ....................: GAUSSIAN
2019-07-23T18:39:46:  fit .......................: no
2019-07-23T18:39:46:  confidence ................: 0.68
2019-07-23T18:39:46:  statistic .................: DEFAULT
2019-07-23T18:39:46:  like_accuracy .............: 0.005
2019-07-23T18:39:46:  max_iter ..................: 50
2019-07-23T18:39:46:  matrix ....................: NONE
2019-07-23T18:39:46:  ebinalg ...................: LOG
2019-07-23T18:39:46:  emin ......................: 0.1
2019-07-23T18:39:46:  emax ......................: 199.526229858398
2019-07-23T18:39:46:  enumbins ..................: 32
2019-07-23T18:39:46:  ebinfile ..................: [not queried]
2019-07-23T18:39:46:  chatter ...................: 4
2019-07-23T18:39:46:  clobber ...................: yes
2019-07-23T18:39:46:  debug .....................: no
2019-07-23T18:39:46:  mode ......................: ql
2019-07-23T18:39:46:  logfile ...................: ctbutterfly.log
2019-07-23T18:39:46: 
2019-07-23T18:39:46: +===================+
2019-07-23T18:39:46: | Input observation |
2019-07-23T18:39:46: +===================+
2019-07-23T18:39:46: === GObservations ===
2019-07-23T18:39:46:  Number of observations ....: 1
2019-07-23T18:39:46:  Number of models ..........: 2
2019-07-23T18:39:46:  Number of observed events .: 322430
2019-07-23T18:39:46:  Number of predicted events : 0
2019-07-23T18:39:46: === GCTAObservation ===
2019-07-23T18:39:46:  Name ......................: 
2019-07-23T18:39:46:  Identifier ................: 000001
2019-07-23T18:39:46:  Instrument ................: CTA
2019-07-23T18:39:46:  Event file ................: /cta/carli/CPPM_Internship/Simulations_and_Analyses/minus_step_EDisp_South_z40_50h/source2d/obs_cube.fits
2019-07-23T18:39:46:  Event type ................: CountsCube
2019-07-23T18:39:46:  Statistic .................: cstat
2019-07-23T18:39:46:  Ontime ....................: 144000 s
2019-07-23T18:39:46:  Livetime ..................: 141120 s
2019-07-23T18:39:46:  Deadtime correction .......: 0.98
2019-07-23T18:39:46:  User energy range .........: undefined
2019-07-23T18:39:46: === GCTAPointing ===
2019-07-23T18:39:46:  Pointing direction ........: (RA,Dec)=(84.1331,22.0145)
2019-07-23T18:39:46: === GCTAResponseCube ===
2019-07-23T18:39:46:  Energy dispersion .........: Used
2019-07-23T18:39:46: === GCTACubeExposure ===
2019-07-23T18:39:46:  Filename ..................: /cta/carli/CPPM_Internship/Simulations_and_Analyses/minus_step_EDisp_South_z40_50h/source2d/exposure_cube.fits
2019-07-23T18:39:46:  Livetime ..................: 141120 sec
2019-07-23T18:39:46: === GEnergies ===
2019-07-23T18:39:46:  Number of energies ........: 33
2019-07-23T18:39:46: === GGti ===
2019-07-23T18:39:46:  Number of intervals .......: 1
2019-07-23T18:39:46:  Ontime ....................: 144000 sec
2019-07-23T18:39:46:  Elapsed time ..............: 144000 sec
2019-07-23T18:39:46:  MJD range .................: 51544.5 - 51546.1666666667 s (TT)
2019-07-23T18:39:46:  UTC range .................: 2000-01-01T11:58:56 - 2000-01-03T03:58:56 s (TT)
2019-07-23T18:39:46:  Reference MJD .............: 51544.5
2019-07-23T18:39:46: === GSkyMap ===
2019-07-23T18:39:46:  Number of pixels ..........: 6400
2019-07-23T18:39:46:  X axis dimension ..........: 80
2019-07-23T18:39:46:  Y axis dimension ..........: 80
2019-07-23T18:39:46:  Number of maps ............: 33
2019-07-23T18:39:46:  Shape of maps .............: (33)
2019-07-23T18:39:46: === GCTACubePsf ===
2019-07-23T18:39:46:  Filename ..................: /cta/carli/CPPM_Internship/Simulations_and_Analyses/minus_step_EDisp_South_z40_50h/source2d/PSF_cube.fits
2019-07-23T18:39:46: === GEnergies ===
2019-07-23T18:39:46:  Number of energies ........: 33
2019-07-23T18:39:46:  Number of delta bins ......: 200
2019-07-23T18:39:46:  Delta range ...............: 1.875e-06 - 0.298501875 deg
2019-07-23T18:39:46: === GSkyMap ===
2019-07-23T18:39:46:  Number of pixels ..........: 1
2019-07-23T18:39:46:  X axis dimension ..........: 1
2019-07-23T18:39:46:  Y axis dimension ..........: 1
2019-07-23T18:39:46:  Number of maps ............: 6600
2019-07-23T18:39:46:  Shape of maps .............: (200, 33)
2019-07-23T18:39:46: === GCTACubeEdisp ===
2019-07-23T18:39:46:  Filename ..................: /cta/carli/CPPM_Internship/Simulations_and_Analyses/minus_step_EDisp_South_z40_50h/source2d/edisp_cube.fits
2019-07-23T18:39:46: === GEnergies ===
2019-07-23T18:39:46:  Number of energies ........: 33
2019-07-23T18:39:46:  Number of migra bins ......: 100
2019-07-23T18:39:46:  Migra range ...............: 0.02 - 2
2019-07-23T18:39:46: === GSkyMap ===
2019-07-23T18:39:46:  Number of pixels ..........: 1
2019-07-23T18:39:46:  X axis dimension ..........: 1
2019-07-23T18:39:46:  Y axis dimension ..........: 1
2019-07-23T18:39:46:  Number of maps ............: 3300
2019-07-23T18:39:46:  Shape of maps .............: (100, 33)
2019-07-23T18:39:46: === GCTACubeBackground ===
2019-07-23T18:39:46:  Filename ..................: /cta/carli/CPPM_Internship/Simulations_and_Analyses/minus_step_EDisp_South_z40_50h/source2d/background_cube.fits
2019-07-23T18:39:46: === GEbounds ===
2019-07-23T18:39:46:  Number of intervals .......: 32
2019-07-23T18:39:46:  Energy range ..............: 100 GeV - 199.526229858398 TeV
2019-07-23T18:39:46: === GSkyMap ===
2019-07-23T18:39:46:  Number of pixels ..........: 6400
2019-07-23T18:39:46:  X axis dimension ..........: 80
2019-07-23T18:39:46:  Y axis dimension ..........: 80
2019-07-23T18:39:46:  Number of maps ............: 32
2019-07-23T18:39:46:  Shape of maps .............: (32)
2019-07-23T18:39:46: === GCTAResponseCache ===
2019-07-23T18:39:46:  Number of cached values ...: 0
2019-07-23T18:39:46: === GCTAEventCube ===
2019-07-23T18:39:46:  Number of events ..........: 322430
2019-07-23T18:39:46:  Number of elements ........: 204800
2019-07-23T18:39:46:  Number of pixels ..........: 6400
2019-07-23T18:39:46:  Number of energy bins .....: 32
2019-07-23T18:39:46:  Time interval .............: 51544.5 - 51546.1666666667 days
2019-07-23T18:39:46:  Pointing ..................: (RA,Dec)=(84.1331,22.0145)
2019-07-23T18:39:46: === GEbounds ===
2019-07-23T18:39:46:  Number of intervals .......: 32
2019-07-23T18:39:46:  Energy range ..............: 100 GeV - 199.526229858398 TeV
2019-07-23T18:39:46: === GSkyMap ===
2019-07-23T18:39:46:  Number of pixels ..........: 6400
2019-07-23T18:39:46:  X axis dimension ..........: 80
2019-07-23T18:39:46:  Y axis dimension ..........: 80
2019-07-23T18:39:46:  Number of maps ............: 32
2019-07-23T18:39:46:  Shape of maps .............: (32)
2019-07-23T18:39:46: === GSkyRegions ===
2019-07-23T18:39:46:  Number of regions .........: 0
2019-07-23T18:39:46: === GModels ===
2019-07-23T18:39:46:  Number of models ..........: 2
2019-07-23T18:39:46:  Number of parameters ......: 11
2019-07-23T18:39:46: === GModelSky ===
2019-07-23T18:39:46:  Name ......................: source2d
2019-07-23T18:39:46:  Instruments ...............: all
2019-07-23T18:39:46:  Test Statistic ............: 97660.076
2019-07-23T18:39:46:  Observation identifiers ...: all
2019-07-23T18:39:46:  Model type ................: PointSource
2019-07-23T18:39:46:  Model components ..........: "PointSource" * "ExponentialCutoffPowerLaw" * "Constant"
2019-07-23T18:39:46:  Number of parameters ......: 7
2019-07-23T18:39:46:  Number of spatial par's ...: 2
2019-07-23T18:39:46:   RA .......................: 83.6331 [-360,360] deg (fixed,scale=1)
2019-07-23T18:39:46:   DEC ......................: 22.0145 [-90,90] deg (fixed,scale=1)
2019-07-23T18:39:46:  Number of spectral par's ..: 4
2019-07-23T18:39:46:   Prefactor ................: 3.04184446083642e-18 +/- 2.50320709874853e-20 [1e-25,1e-15] ph/cm2/s/MeV (free,scale=1e-18,gradient)
2019-07-23T18:39:46:   Index ....................: -1.98641087767023 +/- 0.00723795910713103 [-0,-5]  (free,scale=-1,gradient)
2019-07-23T18:39:46:   CutoffEnergy .............: 100806422.295145 +/- 11623941.6638017 [1000000,100000000000] MeV (free,scale=100000000,gradient)
2019-07-23T18:39:46:   PivotEnergy ..............: 1000000 [10000,1000000000] MeV (fixed,scale=1000000,gradient)
2019-07-23T18:39:46:  Number of temporal par's ..: 1
2019-07-23T18:39:46:   Normalization ............: 1 (relative value) (fixed,scale=1,gradient)
2019-07-23T18:39:46:  Number of scale par's .....: 0
2019-07-23T18:39:46: === GCTAModelCubeBackground ===
2019-07-23T18:39:46:  Name ......................: BackgroundModel
2019-07-23T18:39:46:  Instruments ...............: CTA, HESS, MAGIC, VERITAS
2019-07-23T18:39:46:  Observation identifiers ...: all
2019-07-23T18:39:46:  Model type ................: "PowerLaw" * "Constant"
2019-07-23T18:39:46:  Number of parameters ......: 4
2019-07-23T18:39:46:  Number of spectral par's ..: 3
2019-07-23T18:39:46:   Prefactor ................: 1.02496587324539 +/- 0.00450813351912098 [0.01,100] ph/cm2/s/MeV (free,scale=1,gradient)
2019-07-23T18:39:46:   Index ....................: 0.0240207310248994 +/- 0.00255900135989385 [-5,5]  (free,scale=1,gradient)
2019-07-23T18:39:46:   PivotEnergy ..............: 1000000 MeV (fixed,scale=1000000,gradient)
2019-07-23T18:39:46:  Number of temporal par's ..: 1
2019-07-23T18:39:46:   Normalization ............: 1 (relative value) (fixed,scale=1,gradient)
2019-07-23T18:39:46: 
2019-07-23T18:39:46: +===========================+
2019-07-23T18:39:46: | Compute covariance matrix |
2019-07-23T18:39:46: +===========================+
2019-07-23T18:40:17: === GMatrixSparse ===
2019-07-23T18:40:17:  Number of rows ............: 11
2019-07-23T18:40:17:  Number of columns .........: 11
2019-07-23T18:40:17:  Number of nonzero elements : 25
2019-07-23T18:40:17:  Number of allocated cells .: 512
2019-07-23T18:40:17:  Memory block size .........: 512
2019-07-23T18:40:17:  Sparse matrix fill ........: 0.206611570247934
2019-07-23T18:40:17:  Pending element ...........: 0
2019-07-23T18:40:17:  Fill stack size ...........: 0 (none)
2019-07-23T18:40:17:  0, 0, 0, 0, 0, 0, 0, 0, 0, 0, 0
2019-07-23T18:40:17:  0, 0, 0, 0, 0, 0, 0, 0, 0, 0, 0
2019-07-23T18:40:17:  0, 0, 6.26604577922773e-40, 2.73728048479154e-23, -1.12081377794777e-13, 0, 0, -3.25718895064069e-24, -5.23829674673758e-25, 0, 0
2019-07-23T18:40:17:  0, 0, 2.73728048479154e-23, 5.23880520364876e-05, -55507.7053229235, 0, 0, 1.8828622198255e-07, -5.63307117499941e-07, 0, 0
2019-07-23T18:40:17:  0, 0, -1.12081377794777e-13, -55507.7053229235, 135116019803455, 0, 0, 76.594339325469, 537.51809434859, 0, 0
2019-07-23T18:40:17:  0, 0, 0, 0, 0, 0, 0, 0, 0, 0, 0
2019-07-23T18:40:17:  0, 0, 0, 0, 0, 0, 0, 0, 0, 0, 0
2019-07-23T18:40:17:  0, 0, -3.25718895064069e-24, 1.88286221982551e-07, 76.5943393254695, 0, 0, 2.03232678262205e-05, 1.04624376206146e-05, 0, 0
2019-07-23T18:40:17:  0, 0, -5.2382967467376e-25, -5.6330711749994e-07, 537.51809434859, 0, 0, 1.04624376206146e-05, 6.54848795993925e-06, 0, 0
2019-07-23T18:40:17:  0, 0, 0, 0, 0, 0, 0, 0, 0, 0, 0
2019-07-23T18:40:17:  0, 0, 0, 0, 0, 0, 0, 0, 0, 0, 0
2019-07-23T18:40:17: 
2019-07-23T18:40:17: +===============================+
2019-07-23T18:40:17: | Prepare butterfly computation |
2019-07-23T18:40:17: +===============================+
2019-07-23T18:40:17:  Confidence level ..........: 0.68
2019-07-23T18:40:17:  Corresponding scaling .....: 0.994458
2019-07-23T18:40:17: 
2019-07-23T18:40:17: +====================+
2019-07-23T18:40:17: | Generate butterfly |
2019-07-23T18:40:17: +====================+
2019-07-23T18:40:17: 
2019-07-23T18:40:17: +=========+
2019-07-23T18:40:17: | Results |
2019-07-23T18:40:17: +=========+
2019-07-23T18:40:17:  Intensity at 112606.251051226 MeV : 2.32615387440282e-16 (2.28743495741452e-16, 2.36487279139112e-16) ph/cm2/s/MeV
2019-07-23T18:40:17:  Intensity at 142786.615593472 MeV : 1.45097455042883e-16 (1.42894020549696e-16, 1.4730088953607e-16) ph/cm2/s/MeV
2019-07-23T18:40:17:  Intensity at 181055.824186555 MeV : 9.04995254883759e-17 (8.92522382656857e-17, 9.1746812711066e-17) ph/cm2/s/MeV
2019-07-23T18:40:17:  Intensity at 229581.822747338 MeV : 5.64402099664936e-17 (5.57374559342749e-17, 5.71429639987123e-17) ph/cm2/s/MeV
2019-07-23T18:40:17:  Intensity at 291113.603071291 MeV : 3.5194508764866e-17 (3.47997515733274e-17, 3.55892659564046e-17) ph/cm2/s/MeV
2019-07-23T18:40:17:  Intensity at 369136.932876502 MeV : 2.19427040666596e-17 (2.17208835069394e-17, 2.21645246263799e-17) ph/cm2/s/MeV
2019-07-23T18:40:17:  Intensity at 468071.824112259 MeV : 1.36777698852899e-17 (1.35523494358288e-17, 1.3803190334751e-17) ph/cm2/s/MeV
2019-07-23T18:40:17:  Intensity at 593522.926087366 MeV : 8.5236616637494e-18 (8.4516728219834e-18, 8.5956505055154e-18) ph/cm2/s/MeV
2019-07-23T18:40:17:  Intensity at 752597.028157849 MeV : 5.30997232528659e-18 (5.26757728347151e-18, 5.35236736710168e-18) ph/cm2/s/MeV
2019-07-23T18:40:17:  Intensity at 954305.65846188 MeV : 3.30654649906804e-18 (3.28070686418136e-18, 3.33238613395472e-18) ph/cm2/s/MeV
2019-07-23T18:40:17:  Intensity at 1210075.58587031 MeV : 2.05789922808577e-18 (2.04156865250709e-18, 2.07422980366445e-18) ph/cm2/s/MeV
2019-07-23T18:40:17:  Intensity at 1534396.14502492 MeV : 1.27990649836517e-18 (1.26927220949272e-18, 1.29054078723763e-18) ph/cm2/s/MeV
2019-07-23T18:40:17:  Intensity at 1945640.05534746 MeV : 7.95349295079598e-19 (7.88292427733032e-19, 8.02406162426165e-19) ph/cm2/s/MeV
2019-07-23T18:40:17:  Intensity at 2467104.23331454 MeV : 4.93699520791581e-19 (4.88979406309558e-19, 4.98419635273604e-19) ph/cm2/s/MeV
2019-07-23T18:40:17:  Intensity at 3128329.55988436 MeV : 3.06030978940419e-19 (3.02875113698588e-19, 3.09186844182251e-19) ph/cm2/s/MeV
2019-07-23T18:40:17:  Intensity at 3966774.36773649 MeV : 1.89367122494196e-19 (1.87269260563066e-19, 1.91464984425325e-19) ph/cm2/s/MeV
2019-07-23T18:40:17:  Intensity at 5029936.45116879 MeV : 1.16916455571952e-19 (1.15534067963249e-19, 1.18298843180655e-19) ph/cm2/s/MeV
2019-07-23T18:40:17:  Intensity at 6378043.81024912 MeV : 7.19812028665056e-20 (7.10791779141191e-20, 7.28832278188922e-20) ph/cm2/s/MeV
2019-07-23T18:40:17:  Intensity at 8087466.55954362 MeV : 4.41576485772389e-20 (4.35742616941361e-20, 4.47410354603417e-20) ph/cm2/s/MeV
2019-07-23T18:40:17:  Intensity at 10255043.285628 MeV : 2.69661507374024e-20 (2.65907851398814e-20, 2.73415163349233e-20) ph/cm2/s/MeV
2019-07-23T18:40:17:  Intensity at 13003566.9409974 MeV : 1.63730330993512e-20 (1.61308945758295e-20, 1.66151716228728e-20) ph/cm2/s/MeV
2019-07-23T18:40:17:  Intensity at 16488741.0495845 MeV : 9.8688303292688e-21 (9.71028518986605e-21, 1.00273754686715e-20) ph/cm2/s/MeV
2019-07-23T18:40:17:  Intensity at 20908000.2920645 MeV : 5.89356390566291e-21 (5.78668015410125e-21, 6.00044765722456e-21) ph/cm2/s/MeV
2019-07-23T18:40:17:  Intensity at 26511695.1560098 MeV : 3.47846408177414e-21 (3.40366192291671e-21, 3.55326624063156e-21) ph/cm2/s/MeV
2019-07-23T18:40:17:  Intensity at 33617274.2599379 MeV : 2.02267742777644e-21 (1.96861979607592e-21, 2.07673505947696e-21) ph/cm2/s/MeV
2019-07-23T18:40:17:  Intensity at 42627267.7781488 MeV : 1.15414700704501e-21 (1.11448938095611e-21, 1.1938046331339e-21) ph/cm2/s/MeV
2019-07-23T18:40:17:  Intensity at 54052090.7251378 MeV : 6.4297199472405e-22 (6.14033770479169e-22, 6.71910218968931e-22) ph/cm2/s/MeV
2019-07-23T18:40:17:  Intensity at 68538957.9028144 MeV : 3.47481012329175e-22 (3.26851090791131e-22, 3.68110933867219e-22) ph/cm2/s/MeV
2019-07-23T18:40:17:  Intensity at 86908548.5386981 MeV : 1.80693504088116e-22 (1.66537888388512e-22, 1.94849119787721e-22) ph/cm2/s/MeV
2019-07-23T18:40:17:  Intensity at 110201497.662297 MeV : 8.94835440999529e-23 (8.0261146993338e-23, 9.87059412065678e-23) ph/cm2/s/MeV
2019-07-23T18:40:17:  Intensity at 139737347.950364 MeV : 4.16531768754819e-23 (3.60298057366873e-23, 4.72765480142764e-23) ph/cm2/s/MeV
2019-07-23T18:40:17:  Intensity at 177189301.655759 MeV : 1.79245766820506e-23 (1.47690409100167e-23, 2.10801124540845e-23) ph/cm2/s/MeV
2019-07-23T18:40:17: 
2019-07-23T18:40:17: +========================+
2019-07-23T18:40:17: | Save Butterfly diagram |
2019-07-23T18:40:17: +========================+
2019-07-23T18:40:17:  Butterfly file ............: /cta/carli/CPPM_Internship/Simulations_and_Analyses/minus_step_EDisp_South_z40_50h/source2d/butterfly_binned.ascii
2019-07-23T18:40:17: 
2019-07-23T18:40:17: Application "ctbutterfly" terminated after 32 wall clock seconds, consuming 33.07 seconds of CPU time.
