2019-07-26T15:52:07: ********************************************************************************
2019-07-26T15:52:07: *                                   ctobssim                                   *
2019-07-26T15:52:07: * ---------------------------------------------------------------------------- *
2019-07-26T15:52:07: * Version: 1.6.0                                                               *
2019-07-26T15:52:07: ********************************************************************************
2019-07-26T15:52:07: +============+
2019-07-26T15:52:07: | Parameters |
2019-07-26T15:52:07: +============+
2019-07-26T15:52:07:  inobs .....................: NONE
2019-07-26T15:52:07:  inmodel ...................: /cta/carli/anaconda3/share/models/source1d_NOBKG.xml
2019-07-26T15:52:07:  caldb .....................: prod3b-v2
2019-07-26T15:52:07:  irf .......................: plus_constant_AEff_South_z40_50h
2019-07-26T15:52:07:  edisp .....................: yes
2019-07-26T15:52:07:  outevents .................: /cta/carli/CPPM_Internship/Simulations_and_Analyses/plus_constant_AEff_South_z40_50h/source1d_NOBKG/obs.fits
2019-07-26T15:52:07:  prefix ....................: sim_events_
2019-07-26T15:52:07:  startindex ................: 1
2019-07-26T15:52:07:  seed ......................: 1000
2019-07-26T15:52:07:  ra ........................: 84.1331
2019-07-26T15:52:07:  dec .......................: 22.0145
2019-07-26T15:52:07:  rad .......................: 0.8
2019-07-26T15:52:07:  tmin ......................: 0
2019-07-26T15:52:07:  tmax ......................: 144000
2019-07-26T15:52:07:  mjdref ....................: 51544.5
2019-07-26T15:52:07:  emin ......................: 0.1
2019-07-26T15:52:07:  emax ......................: 199.526229858398
2019-07-26T15:52:07:  deadc .....................: 0.98
2019-07-26T15:52:07:  maxrate ...................: 1.0e6
2019-07-26T15:52:07:  eslices ...................: 10
2019-07-26T15:52:07:  nthreads ..................: 0
2019-07-26T15:52:07:  publish ...................: no
2019-07-26T15:52:07:  chatter ...................: 4
2019-07-26T15:52:07:  clobber ...................: yes
2019-07-26T15:52:07:  debug .....................: no
2019-07-26T15:52:07:  mode ......................: ql
2019-07-26T15:52:07:  logfile ...................: ctobssim.log
2019-07-26T15:52:07: 
2019-07-26T15:52:07: +================+
2019-07-26T15:52:07: | Execution mode |
2019-07-26T15:52:07: +================+
2019-07-26T15:52:07:  Event list management .....: Save and dispose (reduces memory needs)
2019-07-26T15:52:07:  Output format .............: Write single event list FITS file
2019-07-26T15:52:07: 
2019-07-26T15:52:07: +=============+
2019-07-26T15:52:07: | Seed values |
2019-07-26T15:52:07: +=============+
2019-07-26T15:52:07:  Seed 0 ....................: 6233869624
2019-07-26T15:52:07: 
2019-07-26T15:52:07: +===================+
2019-07-26T15:52:07: | Input observation |
2019-07-26T15:52:07: +===================+
2019-07-26T15:52:07: === GObservations ===
2019-07-26T15:52:07:  Number of observations ....: 1
2019-07-26T15:52:07:  Number of models ..........: 1
2019-07-26T15:52:07:  Number of observed events .: 0
2019-07-26T15:52:07:  Number of predicted events : 0
2019-07-26T15:52:07: === GCTAObservation ===
2019-07-26T15:52:07:  Name ......................: 
2019-07-26T15:52:07:  Identifier ................: 
2019-07-26T15:52:07:  Instrument ................: CTA
2019-07-26T15:52:07:  Event file ................: 
2019-07-26T15:52:07:  Event type ................: EventList
2019-07-26T15:52:07:  Statistic .................: cstat
2019-07-26T15:52:07:  Ontime ....................: 144000 s
2019-07-26T15:52:07:  Livetime ..................: 141120 s
2019-07-26T15:52:07:  Deadtime correction .......: 0.98
2019-07-26T15:52:07:  User energy range .........: undefined
2019-07-26T15:52:07: === GCTAPointing ===
2019-07-26T15:52:07:  Pointing direction ........: (RA,Dec)=(84.1331,22.0145)
2019-07-26T15:52:07: === GCTAResponseIrf ===
2019-07-26T15:52:07:  Caldb mission .............: cta
2019-07-26T15:52:07:  Caldb instrument ..........: prod3b-v2
2019-07-26T15:52:07:  Response name .............: plus_constant_AEff_South_z40_50h
2019-07-26T15:52:07:  Energy dispersion .........: Used
2019-07-26T15:52:07:  Safe energy range .........: undefined
2019-07-26T15:52:07: === GCaldb ===
2019-07-26T15:52:07:  Database root .............: /cta/carli/anaconda3/share/caldb
2019-07-26T15:52:07:  Selected Mission ..........: CTA
2019-07-26T15:52:07:  Selected Instrument .......: PROD3B-V2
2019-07-26T15:52:07:  Calibration Index File ....: /cta/carli/anaconda3/share/caldb/data/cta/prod3b-v2/caldb.indx
2019-07-26T15:52:07:  Number of entries .........: 240
2019-07-26T15:52:07: === GCTAAeff2D ===
2019-07-26T15:52:07:  Filename ..................: /cta/carli/anaconda3/share/caldb/data/cta/prod3b-v2/bcf/plus_constant_AEff_South_z40_50h/irf_file.fits
2019-07-26T15:52:07:  Number of energy bins .....: 42
2019-07-26T15:52:07:  Number of offset bins .....: 6
2019-07-26T15:52:07:  Log10(Energy) range .......: 0.0125892544165254 - 199.526229858398 TeV
2019-07-26T15:52:07:  Offset angle range ........: 0 - 6 deg
2019-07-26T15:52:07:  Lower energy threshold ....: not specified
2019-07-26T15:52:07:  Upper energy threshold ....: not specified
2019-07-26T15:52:07:  Radius cut ................: none
2019-07-26T15:52:07: === GCTAPsf2D ===
2019-07-26T15:52:07:  Filename ..................: /cta/carli/anaconda3/share/caldb/data/cta/prod3b-v2/bcf/plus_constant_AEff_South_z40_50h/irf_file.fits
2019-07-26T15:52:07:  Number of energy bins .....: 25
2019-07-26T15:52:07:  Number of offset bins .....: 6
2019-07-26T15:52:07:  Log10(Energy) range .......: 0.0125892544165254 - 1258.92541503906 TeV
2019-07-26T15:52:07:  Offset angle range ........: 0 - 6 deg
2019-07-26T15:52:07: === GCTAEdisp2D ===
2019-07-26T15:52:07:  Filename ..................: /cta/carli/anaconda3/share/caldb/data/cta/prod3b-v2/bcf/plus_constant_AEff_South_z40_50h/irf_file.fits
2019-07-26T15:52:07:  Number of energy bins .....: 500
2019-07-26T15:52:07:  Number of migration bins ..: 300
2019-07-26T15:52:07:  Number of offset bins .....: 6
2019-07-26T15:52:07:  Log10(Energy) range .......: 0.00501187238842249 - 501.187225341797 TeV
2019-07-26T15:52:07:  Migration range ...........: 0 - 3
2019-07-26T15:52:07:  Offset angle range ........: 0 - 6 deg
2019-07-26T15:52:07: === GCTABackground3D ===
2019-07-26T15:52:07:  Filename ..................: /cta/carli/anaconda3/share/caldb/data/cta/prod3b-v2/bcf/plus_constant_AEff_South_z40_50h/irf_file.fits
2019-07-26T15:52:07:  Number of DETX bins .......: 36
2019-07-26T15:52:07:  Number of DETY bins .......: 36
2019-07-26T15:52:07:  Number of energy bins .....: 21
2019-07-26T15:52:07:  DETX range ................: -6 - 6 deg
2019-07-26T15:52:07:  DETX range ................: -6 - 6 deg
2019-07-26T15:52:07:  Energy range ..............: 0.0125892544165254 - 199.526229858398 TeV
2019-07-26T15:52:07: === GCTAResponseCache ===
2019-07-26T15:52:07:  Number of cached values ...: 0
2019-07-26T15:52:07: === GCTAResponseCache ===
2019-07-26T15:52:07:  Number of cached values ...: 0
2019-07-26T15:52:07: === GCTAEventList ===
2019-07-26T15:52:07:  Number of events ..........: 0 (disposed without possibility to recover)
2019-07-26T15:52:07:  Time interval .............: 51544.5 - 51546.1666666667 days
2019-07-26T15:52:07: === GEbounds ===
2019-07-26T15:52:07:  Number of intervals .......: 1
2019-07-26T15:52:07:  Energy range ..............: 100 GeV - 199.526229858398 TeV
2019-07-26T15:52:07: === GCTARoi ===
2019-07-26T15:52:07:  RoI centre ................: RA=84.1331, DEC=22.0145 [0,0]
2019-07-26T15:52:07:  RoI radius ................: 0.8 deg
2019-07-26T15:52:07: === GSkyRegions ===
2019-07-26T15:52:07:  Number of regions .........: 0
2019-07-26T15:52:07: === GModels ===
2019-07-26T15:52:07:  Number of models ..........: 1
2019-07-26T15:52:07:  Number of parameters ......: 7
2019-07-26T15:52:07: === GModelSky ===
2019-07-26T15:52:07:  Name ......................: source1d
2019-07-26T15:52:07:  Instruments ...............: all
2019-07-26T15:52:07:  Test Statistic ............: Computation requested
2019-07-26T15:52:07:  Observation identifiers ...: all
2019-07-26T15:52:07:  Model type ................: PointSource
2019-07-26T15:52:07:  Model components ..........: "PointSource" * "ExponentialCutoffPowerLaw" * "Constant"
2019-07-26T15:52:07:  Number of parameters ......: 7
2019-07-26T15:52:07:  Number of spatial par's ...: 2
2019-07-26T15:52:07:   RA .......................: 83.6331 [-360,360] deg (fixed,scale=1)
2019-07-26T15:52:07:   DEC ......................: 22.0145 [-90,90] deg (fixed,scale=1)
2019-07-26T15:52:07:  Number of spectral par's ..: 4
2019-07-26T15:52:07:   Prefactor ................: 3.04e-18 +/- 0 [1e-25,1e-15] ph/cm2/s/MeV (free,scale=1e-18,gradient)
2019-07-26T15:52:07:   Index ....................: -2 +/- 0 [-0,-5]  (free,scale=-1,gradient)
2019-07-26T15:52:07:   CutoffEnergy .............: 50000000 +/- 0 [100000,10000000000] MeV (free,scale=10000000,gradient)
2019-07-26T15:52:07:   PivotEnergy ..............: 1000000 [10000,1000000000] MeV (fixed,scale=1000000,gradient)
2019-07-26T15:52:07:  Number of temporal par's ..: 1
2019-07-26T15:52:07:   Normalization ............: 1 (relative value) (fixed,scale=1,gradient)
2019-07-26T15:52:07:  Number of scale par's .....: 0
2019-07-26T15:52:07: 
2019-07-26T15:52:07: +======================+
2019-07-26T15:52:07: | Simulate observation |
2019-07-26T15:52:07: +======================+
2019-07-26T15:52:07: === CTA observation ===
2019-07-26T15:52:07:  Simulation cone ...........: RA=84.1331 deg, Dec=22.0145 deg, radius=1.3 deg
2019-07-26T15:52:07:  Time interval .............: 0 - 144000 s
2019-07-26T15:52:07:  Photon energy range .......: 41.1040776139221 GeV - 509.274482994276 GeV
2019-07-26T15:52:07:  Event energy range ........: 100 GeV - 213.796208774656 GeV
2019-07-26T15:52:07:   Simulation area ..........: 1.3099e+10 cm2
2019-07-26T15:52:07:   Use model ................: source1d
2019-07-26T15:52:07:   Normalization ............: 1 [source1d]
2019-07-26T15:52:07:   Flux .....................: 6.78366e-11 [source1d] photons/cm2/s
2019-07-26T15:52:07:   Normalized flux ..........: 6.78366e-11 [source1d] photons/cm2/s
2019-07-26T15:52:07:   Photon rate ..............: 0.888589 photons/s [source1d]
2019-07-26T15:52:07:   Time slice ...............: 0 - 144000 s [source1d]
2019-07-26T15:52:07:   MC source photons/slice ..: 128187 [source1d]
2019-07-26T15:52:08:   MC source photons ........: 128187 [source1d]
2019-07-26T15:52:08:   MC source events .........: 4686 [source1d]
2019-07-26T15:52:08:   MC source events .........: 4686 (all source models)
2019-07-26T15:52:08:  Photon energy range .......: 100.88253715168 GeV - 860.678033986988 GeV
2019-07-26T15:52:08:  Event energy range ........: 213.796208774656 GeV - 457.088188864163 GeV
2019-07-26T15:52:08:   Simulation area ..........: 1.96597e+10 cm2
2019-07-26T15:52:08:   Use model ................: source1d
2019-07-26T15:52:08:   Normalization ............: 1 [source1d]
2019-07-26T15:52:08:   Flux .....................: 2.64721e-11 [source1d] photons/cm2/s
2019-07-26T15:52:08:   Normalized flux ..........: 2.64721e-11 [source1d] photons/cm2/s
2019-07-26T15:52:08:   Photon rate ..............: 0.520434 photons/s [source1d]
2019-07-26T15:52:08:   Time slice ...............: 0 - 144000 s [source1d]
2019-07-26T15:52:08:   MC source photons/slice ..: 75269 [source1d]
2019-07-26T15:52:08:   MC source photons ........: 75269 [source1d]
2019-07-26T15:52:08:   MC source events .........: 4644 [source1d]
2019-07-26T15:52:08:   MC source events .........: 4644 (all source models)
2019-07-26T15:52:08:  Photon energy range .......: 265.018144252 GeV - 1.57081442112741 TeV
2019-07-26T15:52:08:  Event energy range ........: 457.088188864163 GeV - 977.237218548317 GeV
2019-07-26T15:52:08:   Simulation area ..........: 3.79845e+10 cm2
2019-07-26T15:52:08:   Use model ................: source1d
2019-07-26T15:52:08:   Normalization ............: 1 [source1d]
2019-07-26T15:52:08:   Flux .....................: 9.4282e-12 [source1d] photons/cm2/s
2019-07-26T15:52:08:   Normalized flux ..........: 9.4282e-12 [source1d] photons/cm2/s
2019-07-26T15:52:08:   Photon rate ..............: 0.358126 photons/s [source1d]
2019-07-26T15:52:08:   Time slice ...............: 0 - 144000 s [source1d]
2019-07-26T15:52:08:   MC source photons/slice ..: 51805 [source1d]
2019-07-26T15:52:08:   MC source photons ........: 51805 [source1d]
2019-07-26T15:52:08:   MC source events .........: 3716 [source1d]
2019-07-26T15:52:08:   MC source events .........: 3716 (all source models)
2019-07-26T15:52:08:  Photon energy range .......: 625.275670425715 GeV - 3.04099144442538 TeV
2019-07-26T15:52:08:  Event energy range ........: 977.237218548317 GeV - 2.0892961239912 TeV
2019-07-26T15:52:08:   Simulation area ..........: 5.9366e+10 cm2
2019-07-26T15:52:08:   Use model ................: source1d
2019-07-26T15:52:08:   Normalization ............: 1 [source1d]
2019-07-26T15:52:08:   Flux .....................: 3.76747e-12 [source1d] photons/cm2/s
2019-07-26T15:52:08:   Normalized flux ..........: 3.76747e-12 [source1d] photons/cm2/s
2019-07-26T15:52:08:   Photon rate ..............: 0.22366 photons/s [source1d]
2019-07-26T15:52:08:   Time slice ...............: 0 - 144000 s [source1d]
2019-07-26T15:52:08:   MC source photons/slice ..: 32293 [source1d]
2019-07-26T15:52:08:   MC source photons ........: 32293 [source1d]
2019-07-26T15:52:08:   MC source events .........: 3821 [source1d]
2019-07-26T15:52:08:   MC source events .........: 3821 (all source models)
2019-07-26T15:52:08:  Photon energy range .......: 1.52598487124743 TeV - 6.09062686094979 TeV
2019-07-26T15:52:08:  Event energy range ........: 2.0892961239912 TeV - 4.46683590316902 TeV
2019-07-26T15:52:08:   Simulation area ..........: 7.3196e+10 cm2
2019-07-26T15:52:08:   Use model ................: source1d
2019-07-26T15:52:08:   Normalization ............: 1 [source1d]
2019-07-26T15:52:08:   Flux .....................: 1.41158e-12 [source1d] photons/cm2/s
2019-07-26T15:52:08:   Normalized flux ..........: 1.41158e-12 [source1d] photons/cm2/s
2019-07-26T15:52:08:   Photon rate ..............: 0.103322 photons/s [source1d]
2019-07-26T15:52:08:   Time slice ...............: 0 - 144000 s [source1d]
2019-07-26T15:52:08:   MC source photons/slice ..: 14844 [source1d]
2019-07-26T15:52:08:   MC source photons ........: 14844 [source1d]
2019-07-26T15:52:08:   MC source events .........: 2844 [source1d]
2019-07-26T15:52:08:   MC source events .........: 2844 (all source models)
2019-07-26T15:52:08:  Photon energy range .......: 3.46329780546817 TeV - 13.5112010225502 TeV
2019-07-26T15:52:08:  Event energy range ........: 4.46683590316902 TeV - 9.54992581316053 TeV
2019-07-26T15:52:08:   Simulation area ..........: 9.1004e+10 cm2
2019-07-26T15:52:08:   Use model ................: source1d
2019-07-26T15:52:08:   Normalization ............: 1 [source1d]
2019-07-26T15:52:08:   Flux .....................: 5.7579e-13 [source1d] photons/cm2/s
2019-07-26T15:52:08:   Normalized flux ..........: 5.7579e-13 [source1d] photons/cm2/s
2019-07-26T15:52:08:   Photon rate ..............: 0.0523992 photons/s [source1d]
2019-07-26T15:52:08:   Time slice ...............: 0 - 144000 s [source1d]
2019-07-26T15:52:08:   MC source photons/slice ..: 7508 [source1d]
2019-07-26T15:52:08:   MC source photons ........: 7508 [source1d]
2019-07-26T15:52:08:   MC source events .........: 1670 [source1d]
2019-07-26T15:52:08:   MC source events .........: 1670 (all source models)
2019-07-26T15:52:08:  Photon energy range .......: 7.57686977261953 TeV - 27.092165885067 TeV
2019-07-26T15:52:08:  Event energy range ........: 9.54992581316053 TeV - 20.4173793293294 TeV
2019-07-26T15:52:08:   Simulation area ..........: 1.17786e+11 cm2
2019-07-26T15:52:08:   Use model ................: source1d
2019-07-26T15:52:08:   Normalization ............: 1 [source1d]
2019-07-26T15:52:08:   Flux .....................: 2.22159e-13 [source1d] photons/cm2/s
2019-07-26T15:52:08:   Normalized flux ..........: 2.22159e-13 [source1d] photons/cm2/s
2019-07-26T15:52:08:   Photon rate ..............: 0.0261672 photons/s [source1d]
2019-07-26T15:52:08:   Time slice ...............: 0 - 144000 s [source1d]
2019-07-26T15:52:08:   MC source photons/slice ..: 3651 [source1d]
2019-07-26T15:52:08:   MC source photons ........: 3651 [source1d]
2019-07-26T15:52:08:   MC source events .........: 841 [source1d]
2019-07-26T15:52:08:   MC source events .........: 841 (all source models)
2019-07-26T15:52:08:  Photon energy range .......: 15.830324777243 TeV - 56.4077240740645 TeV
2019-07-26T15:52:08:  Event energy range ........: 20.4173793293294 TeV - 43.6515829372465 TeV
2019-07-26T15:52:08:   Simulation area ..........: 1.22909e+11 cm2
2019-07-26T15:52:08:   Use model ................: source1d
2019-07-26T15:52:08:   Normalization ............: 1 [source1d]
2019-07-26T15:52:08:   Flux .....................: 8.06252e-14 [source1d] photons/cm2/s
2019-07-26T15:52:08:   Normalized flux ..........: 8.06252e-14 [source1d] photons/cm2/s
2019-07-26T15:52:08:   Photon rate ..............: 0.00990956 photons/s [source1d]
2019-07-26T15:52:08:   Time slice ...............: 0 - 144000 s [source1d]
2019-07-26T15:52:08:   MC source photons/slice ..: 1448 [source1d]
2019-07-26T15:52:08:   MC source photons ........: 1448 [source1d]
2019-07-26T15:52:08:   MC source events .........: 355 [source1d]
2019-07-26T15:52:08:   MC source events .........: 355 (all source models)
2019-07-26T15:52:08:  Photon energy range .......: 34.3839906563315 TeV - 116.046716746149 TeV
2019-07-26T15:52:08:  Event energy range ........: 43.6515829372465 TeV - 93.3254293899579 TeV
2019-07-26T15:52:08:   Simulation area ..........: 1.51646e+11 cm2
2019-07-26T15:52:08:   Use model ................: source1d
2019-07-26T15:52:08:   Normalization ............: 1 [source1d]
2019-07-26T15:52:08:   Flux .....................: 2.05339e-14 [source1d] photons/cm2/s
2019-07-26T15:52:08:   Normalized flux ..........: 2.05339e-14 [source1d] photons/cm2/s
2019-07-26T15:52:08:   Photon rate ..............: 0.00311388 photons/s [source1d]
2019-07-26T15:52:08:   Time slice ...............: 0 - 144000 s [source1d]
2019-07-26T15:52:08:   MC source photons/slice ..: 439 [source1d]
2019-07-26T15:52:08:   MC source photons ........: 439 [source1d]
2019-07-26T15:52:08:   MC source events .........: 86 [source1d]
2019-07-26T15:52:08:   MC source events .........: 86 (all source models)
2019-07-26T15:52:08:  Photon energy range .......: 79.1906822067056 TeV - 239.08155027665 TeV
2019-07-26T15:52:08:  Event energy range ........: 93.3254293899579 TeV - 199.526229858398 TeV
2019-07-26T15:52:08:   Simulation area ..........: 1.67706e+11 cm2
2019-07-26T15:52:08:   Use model ................: source1d
2019-07-26T15:52:08:   Normalization ............: 1 [source1d]
2019-07-26T15:52:08:   Flux .....................: 2.48726e-15 [source1d] photons/cm2/s
2019-07-26T15:52:08:   Normalized flux ..........: 2.48726e-15 [source1d] photons/cm2/s
2019-07-26T15:52:08:   Photon rate ..............: 0.000417129 photons/s [source1d]
2019-07-26T15:52:08:   Time slice ...............: 0 - 144000 s [source1d]
2019-07-26T15:52:08:   MC source photons/slice ..: 63 [source1d]
2019-07-26T15:52:08:   MC source photons ........: 63 [source1d]
2019-07-26T15:52:08:   MC source events .........: 13 [source1d]
2019-07-26T15:52:08:   MC source events .........: 13 (all source models)
2019-07-26T15:52:08:  MC source photons .........: 315507 [source1d]
2019-07-26T15:52:08:  MC source events ..........: 22676 [source1d]
2019-07-26T15:52:08:  MC identifier 1 ...........: source1d
2019-07-26T15:52:08:  MC events .................: 22676 (all models)
2019-07-26T15:52:08: 
2019-07-26T15:52:08: +==================+
2019-07-26T15:52:08: | Save observation |
2019-07-26T15:52:08: +==================+
2019-07-26T15:52:08: 
2019-07-26T15:52:08: Application "ctobssim" terminated after 1 wall clock seconds, consuming 1.55 seconds of CPU time.
