2019-07-23T20:39:09: ********************************************************************************
2019-07-23T20:39:09: *                                     ctbin                                    *
2019-07-23T20:39:09: * ---------------------------------------------------------------------------- *
2019-07-23T20:39:09: * Version: 1.6.0                                                               *
2019-07-23T20:39:09: ********************************************************************************
2019-07-23T20:39:09: +============+
2019-07-23T20:39:09: | Parameters |
2019-07-23T20:39:09: +============+
2019-07-23T20:39:09:  inobs .....................: /cta/carli/CPPM_Internship/Simulations_and_Analyses/minus_gradient_EDisp_South_z40_50h/source3d/obs.fits
2019-07-23T20:39:09:  outobs ....................: /cta/carli/CPPM_Internship/Simulations_and_Analyses/minus_gradient_EDisp_South_z40_50h/source3d/obs_cube.fits
2019-07-23T20:39:09:  stack .....................: yes
2019-07-23T20:39:09:  prefix ....................: cntcube_
2019-07-23T20:39:09:  ebinalg ...................: LOG
2019-07-23T20:39:09:  emin ......................: 0.1
2019-07-23T20:39:09:  emax ......................: 199.526229858398
2019-07-23T20:39:09:  enumbins ..................: 32
2019-07-23T20:39:09:  ebinfile ..................: [not queried]
2019-07-23T20:39:09:  usepnt ....................: yes
2019-07-23T20:39:09:  nxpix .....................: 80
2019-07-23T20:39:09:  nypix .....................: 80
2019-07-23T20:39:09:  binsz .....................: 0.02
2019-07-23T20:39:09:  coordsys ..................: GAL
2019-07-23T20:39:09:  proj ......................: TAN
2019-07-23T20:39:09:  xref ......................: [not queried]
2019-07-23T20:39:09:  yref ......................: [not queried]
2019-07-23T20:39:09:  nthreads ..................: 0
2019-07-23T20:39:09:  publish ...................: no
2019-07-23T20:39:09:  chatter ...................: 4
2019-07-23T20:39:09:  clobber ...................: yes
2019-07-23T20:39:09:  debug .....................: no
2019-07-23T20:39:09:  mode ......................: ql
2019-07-23T20:39:09:  logfile ...................: ctbin.log
2019-07-23T20:39:09: 
2019-07-23T20:39:09: +===================+
2019-07-23T20:39:09: | Input observation |
2019-07-23T20:39:09: +===================+
2019-07-23T20:39:09: === GObservations ===
2019-07-23T20:39:09:  Number of observations ....: 1
2019-07-23T20:39:09:  Number of models ..........: 0
2019-07-23T20:39:09:  Number of observed events .: 326468
2019-07-23T20:39:09:  Number of predicted events : 0
2019-07-23T20:39:09: === GCTAObservation ===
2019-07-23T20:39:09:  Name ......................: 
2019-07-23T20:39:09:  Identifier ................: 000001
2019-07-23T20:39:09:  Instrument ................: CTA
2019-07-23T20:39:09:  Event file ................: /cta/carli/CPPM_Internship/Simulations_and_Analyses/minus_gradient_EDisp_South_z40_50h/source3d/obs.fits
2019-07-23T20:39:09:  Event type ................: EventList
2019-07-23T20:39:09:  Statistic .................: cstat
2019-07-23T20:39:09:  Ontime ....................: 144000 s
2019-07-23T20:39:09:  Livetime ..................: 141120 s
2019-07-23T20:39:09:  Deadtime correction .......: 0.98
2019-07-23T20:39:09:  User energy range .........: undefined
2019-07-23T20:39:09: === GCTAPointing ===
2019-07-23T20:39:09:  Pointing direction ........: (RA,Dec)=(84.1331,22.0145)
2019-07-23T20:39:09:  Response function .........: undefined
2019-07-23T20:39:09: === GCTAEventList ===
2019-07-23T20:39:09:  Number of events ..........: 326468 (disposed in "/cta/carli/CPPM_Internship/Simulations_and_Analyses/minus_gradient_EDisp_South_z40_50h/source3d/obs.fits")
2019-07-23T20:39:09:  Time interval .............: 51544.5 - 51546.1666666667 days
2019-07-23T20:39:09: === GEbounds ===
2019-07-23T20:39:09:  Number of intervals .......: 1
2019-07-23T20:39:09:  Energy range ..............: 100 GeV - 199.526229858398 TeV
2019-07-23T20:39:09: === GCTARoi ===
2019-07-23T20:39:09:  RoI centre ................: RA=84.1331, DEC=22.0145 [0,0]
2019-07-23T20:39:09:  RoI radius ................: 0.8 deg
2019-07-23T20:39:09: === GSkyRegions ===
2019-07-23T20:39:09:  Number of regions .........: 0
2019-07-23T20:39:09: === GModels ===
2019-07-23T20:39:09:  Number of models ..........: 0
2019-07-23T20:39:09:  Number of parameters ......: 0
2019-07-23T20:39:09: 
2019-07-23T20:39:09: +===========================+
2019-07-23T20:39:09: | Find unbinned observation |
2019-07-23T20:39:09: +===========================+
2019-07-23T20:39:09: === CTA observation (id=000001) ===
2019-07-23T20:39:09:  Including unbinned CTA observation
2019-07-23T20:39:09: === Summary ===
2019-07-23T20:39:09:  Number of observations ....: 1
2019-07-23T20:39:09:  Mean pointing .............: (RA,Dec)=(84.1331,22.0145)
2019-07-23T20:39:09:  Use mean pointing .........: yes
2019-07-23T20:39:09: 
2019-07-23T20:39:09: +=================+
2019-07-23T20:39:09: | Bin observation |
2019-07-23T20:39:09: +=================+
2019-07-23T20:39:09: === CTA observation (id=000001) ===
2019-07-23T20:39:09:  Events in list ............: 326468
2019-07-23T20:39:09:  Events in cube ............: 326466
2019-07-23T20:39:09:  Events outside RoI ........: 1
2019-07-23T20:39:09:  Events with invalid WCS ...: 0
2019-07-23T20:39:09:  Events outside cube area ..: 1
2019-07-23T20:39:09:  Events outside energy bins : 0
2019-07-23T20:39:09: 
2019-07-23T20:39:09: +====================+
2019-07-23T20:39:09: | Binned observation |
2019-07-23T20:39:09: +====================+
2019-07-23T20:39:09: === GObservations ===
2019-07-23T20:39:09:  Number of observations ....: 1
2019-07-23T20:39:09:  Number of models ..........: 0
2019-07-23T20:39:09:  Number of observed events .: 326466
2019-07-23T20:39:09:  Number of predicted events : 0
2019-07-23T20:39:09: === GCTAObservation ===
2019-07-23T20:39:09:  Name ......................: 
2019-07-23T20:39:09:  Identifier ................: 000001
2019-07-23T20:39:09:  Instrument ................: CTA
2019-07-23T20:39:09:  Event file ................: 
2019-07-23T20:39:09:  Event type ................: CountsCube
2019-07-23T20:39:09:  Statistic .................: cstat
2019-07-23T20:39:09:  Ontime ....................: 144000 s
2019-07-23T20:39:09:  Livetime ..................: 141120 s
2019-07-23T20:39:09:  Deadtime correction .......: 0.98
2019-07-23T20:39:09:  User energy range .........: undefined
2019-07-23T20:39:09: === GCTAPointing ===
2019-07-23T20:39:09:  Pointing direction ........: (RA,Dec)=(84.1331,22.0145)
2019-07-23T20:39:09:  Response function .........: undefined
2019-07-23T20:39:09: === GCTAEventCube ===
2019-07-23T20:39:09:  Number of events ..........: 326466
2019-07-23T20:39:09:  Number of elements ........: 204800
2019-07-23T20:39:09:  Number of pixels ..........: 6400
2019-07-23T20:39:09:  Number of energy bins .....: 32
2019-07-23T20:39:09:  Time interval .............: 51544.5 - 51546.1666666667 days
2019-07-23T20:39:09:  Pointing ..................: not defined
2019-07-23T20:39:09: === GEbounds ===
2019-07-23T20:39:09:  Number of intervals .......: 32
2019-07-23T20:39:09:  Energy range ..............: 100 GeV - 199.526229858398 TeV
2019-07-23T20:39:09: === GSkyMap ===
2019-07-23T20:39:09:  Number of pixels ..........: 6400
2019-07-23T20:39:09:  X axis dimension ..........: 80
2019-07-23T20:39:09:  Y axis dimension ..........: 80
2019-07-23T20:39:09:  Number of maps ............: 32
2019-07-23T20:39:09:  Shape of maps .............: (32)
2019-07-23T20:39:09: === GSkyRegions ===
2019-07-23T20:39:09:  Number of regions .........: 0
2019-07-23T20:39:09: === GModels ===
2019-07-23T20:39:09:  Number of models ..........: 0
2019-07-23T20:39:09:  Number of parameters ......: 0
2019-07-23T20:39:09: 
2019-07-23T20:39:09: +==================+
2019-07-23T20:39:09: | Save counts cube |
2019-07-23T20:39:09: +==================+
2019-07-23T20:39:09:  Counts cube file ..........: /cta/carli/CPPM_Internship/Simulations_and_Analyses/minus_gradient_EDisp_South_z40_50h/source3d/obs_cube.fits
2019-07-23T20:39:09: 
2019-07-23T20:39:09: Application "ctbin" terminated after 0 wall clock seconds, consuming 1.09 seconds of CPU time. This was rather quick!
