2019-07-23T15:44:18: ********************************************************************************
2019-07-23T15:44:18: *                                   csresspec                                  *
2019-07-23T15:44:18: * ---------------------------------------------------------------------------- *
2019-07-23T15:44:18: * Version: 1.6.0                                                               *
2019-07-23T15:44:18: ********************************************************************************
2019-07-23T15:44:18: +============+
2019-07-23T15:44:18: | Parameters |
2019-07-23T15:44:18: +============+
2019-07-23T15:44:18:  inobs .....................: /cta/carli/CPPM_Internship/Simulations_and_Analyses/minus_step_EDisp_South_z40_50h/source1a/obs_cube.fits
2019-07-23T15:44:18:  inmodel ...................: /cta/carli/CPPM_Internship/Simulations_and_Analyses/minus_step_EDisp_South_z40_50h/source1a/obsmodel_binned.xml
2019-07-23T15:44:18:  modcube ...................: /cta/carli/CPPM_Internship/Simulations_and_Analyses/minus_step_EDisp_South_z40_50h/source1a/obsmodel_cube.fits
2019-07-23T15:44:18:  expcube ...................: /cta/carli/CPPM_Internship/Simulations_and_Analyses/minus_step_EDisp_South_z40_50h/source1a/exposure_cube.fits
2019-07-23T15:44:18:  psfcube ...................: /cta/carli/CPPM_Internship/Simulations_and_Analyses/minus_step_EDisp_South_z40_50h/source1a/PSF_cube.fits
2019-07-23T15:44:18:  edispcube .................: /cta/carli/CPPM_Internship/Simulations_and_Analyses/minus_step_EDisp_South_z40_50h/source1a/edisp_cube.fits
2019-07-23T15:44:18:  bkgcube ...................: /cta/carli/CPPM_Internship/Simulations_and_Analyses/minus_step_EDisp_South_z40_50h/source1a/background_cube.fits
2019-07-23T15:44:18:  caldb .....................: prod3b-v2
2019-07-23T15:44:18:  irf .......................: South_z40_50h
2019-07-23T15:44:18:  edisp .....................: yes
2019-07-23T15:44:18:  outfile ...................: /cta/carli/CPPM_Internship/Simulations_and_Analyses/minus_step_EDisp_South_z40_50h/source1a/residuals_binned.fits
2019-07-23T15:44:18:  statistic .................: DEFAULT
2019-07-23T15:44:18:  components ................: yes
2019-07-23T15:44:18:  ebinalg ...................: LOG
2019-07-23T15:44:18:  emin ......................: 0.1
2019-07-23T15:44:18:  emax ......................: 199.526229858398
2019-07-23T15:44:18:  enumbins ..................: 32
2019-07-23T15:44:18:  ebinfile ..................: [not queried]
2019-07-23T15:44:18:  stack .....................: [not queried]
2019-07-23T15:44:18:  coordsys ..................: [not queried]
2019-07-23T15:44:18:  proj ......................: [not queried]
2019-07-23T15:44:18:  xref ......................: [not queried]
2019-07-23T15:44:18:  yref ......................: [not queried]
2019-07-23T15:44:18:  nxpix .....................: [not queried]
2019-07-23T15:44:18:  nypix .....................: [not queried]
2019-07-23T15:44:18:  binsz .....................: [not queried]
2019-07-23T15:44:18:  mask ......................: no
2019-07-23T15:44:18:  ra ........................: [not queried]
2019-07-23T15:44:18:  dec .......................: [not queried]
2019-07-23T15:44:18:  rad .......................: [not queried]
2019-07-23T15:44:18:  regfile ...................: [not queried]
2019-07-23T15:44:18:  algorithm .................: SUB
2019-07-23T15:44:18:  publish ...................: no
2019-07-23T15:44:18:  chatter ...................: 4
2019-07-23T15:44:18:  clobber ...................: yes
2019-07-23T15:44:18:  debug .....................: no
2019-07-23T15:44:18:  mode ......................: ql
2019-07-23T15:44:18:  logfile ...................: csresspec.log
2019-07-23T15:44:18: 
2019-07-23T15:44:18: +====================+
2019-07-23T15:44:18: | Observation census |
2019-07-23T15:44:18: +====================+
2019-07-23T15:44:18:  Unbinned CTA observations .: 0
2019-07-23T15:44:18:  Binned CTA observations ...: 1
2019-07-23T15:44:18:  On/off CTA observations ...: 0
2019-07-23T15:44:18:  Other observations ........: 0
2019-07-23T15:44:18: 
2019-07-23T15:44:18: +=============+
2019-07-23T15:44:18: | Observation |
2019-07-23T15:44:18: +=============+
2019-07-23T15:44:18: === GObservations ===
2019-07-23T15:44:18:  Number of observations ....: 1
2019-07-23T15:44:18:  Number of models ..........: 2
2019-07-23T15:44:18:  Number of observed events .: 305739
2019-07-23T15:44:18:  Number of predicted events : 0
2019-07-23T15:44:18: === GCTAObservation ===
2019-07-23T15:44:18:  Name ......................: 
2019-07-23T15:44:18:  Identifier ................: 000001
2019-07-23T15:44:18:  Instrument ................: CTA
2019-07-23T15:44:18:  Event file ................: /cta/carli/CPPM_Internship/Simulations_and_Analyses/minus_step_EDisp_South_z40_50h/source1a/obs_cube.fits
2019-07-23T15:44:18:  Event type ................: CountsCube
2019-07-23T15:44:18:  Statistic .................: cstat
2019-07-23T15:44:18:  Ontime ....................: 144000 s
2019-07-23T15:44:18:  Livetime ..................: 141120 s
2019-07-23T15:44:18:  Deadtime correction .......: 0.98
2019-07-23T15:44:18:  User energy range .........: undefined
2019-07-23T15:44:18: === GCTAPointing ===
2019-07-23T15:44:18:  Pointing direction ........: (RA,Dec)=(84.1331,22.0145)
2019-07-23T15:44:18: === GCTAResponseCube ===
2019-07-23T15:44:18:  Energy dispersion .........: Not used
2019-07-23T15:44:18: === GCTACubeExposure ===
2019-07-23T15:44:18:  Filename ..................: /cta/carli/CPPM_Internship/Simulations_and_Analyses/minus_step_EDisp_South_z40_50h/source1a/exposure_cube.fits
2019-07-23T15:44:18:  Livetime ..................: 141120 sec
2019-07-23T15:44:18: === GEnergies ===
2019-07-23T15:44:18:  Number of energies ........: 33
2019-07-23T15:44:18: === GGti ===
2019-07-23T15:44:18:  Number of intervals .......: 1
2019-07-23T15:44:18:  Ontime ....................: 144000 sec
2019-07-23T15:44:18:  Elapsed time ..............: 144000 sec
2019-07-23T15:44:18:  MJD range .................: 51544.5 - 51546.1666666667 s (TT)
2019-07-23T15:44:18:  UTC range .................: 2000-01-01T11:58:56 - 2000-01-03T03:58:56 s (TT)
2019-07-23T15:44:18:  Reference MJD .............: 51544.5
2019-07-23T15:44:18: === GSkyMap ===
2019-07-23T15:44:18:  Number of pixels ..........: 6400
2019-07-23T15:44:18:  X axis dimension ..........: 80
2019-07-23T15:44:18:  Y axis dimension ..........: 80
2019-07-23T15:44:18:  Number of maps ............: 33
2019-07-23T15:44:18:  Shape of maps .............: (33)
2019-07-23T15:44:18: === GCTACubePsf ===
2019-07-23T15:44:18:  Filename ..................: /cta/carli/CPPM_Internship/Simulations_and_Analyses/minus_step_EDisp_South_z40_50h/source1a/PSF_cube.fits
2019-07-23T15:44:18: === GEnergies ===
2019-07-23T15:44:18:  Number of energies ........: 33
2019-07-23T15:44:18:  Number of delta bins ......: 200
2019-07-23T15:44:18:  Delta range ...............: 1.875e-06 - 0.298501875 deg
2019-07-23T15:44:18: === GSkyMap ===
2019-07-23T15:44:18:  Number of pixels ..........: 1
2019-07-23T15:44:18:  X axis dimension ..........: 1
2019-07-23T15:44:18:  Y axis dimension ..........: 1
2019-07-23T15:44:18:  Number of maps ............: 6600
2019-07-23T15:44:18:  Shape of maps .............: (200, 33)
2019-07-23T15:44:18: === GCTACubeEdisp ===
2019-07-23T15:44:18:  Filename ..................: /cta/carli/CPPM_Internship/Simulations_and_Analyses/minus_step_EDisp_South_z40_50h/source1a/edisp_cube.fits
2019-07-23T15:44:18: === GEnergies ===
2019-07-23T15:44:18:  Number of energies ........: 33
2019-07-23T15:44:18:  Number of migra bins ......: 100
2019-07-23T15:44:18:  Migra range ...............: 0.02 - 2
2019-07-23T15:44:18: === GSkyMap ===
2019-07-23T15:44:18:  Number of pixels ..........: 1
2019-07-23T15:44:18:  X axis dimension ..........: 1
2019-07-23T15:44:18:  Y axis dimension ..........: 1
2019-07-23T15:44:18:  Number of maps ............: 3300
2019-07-23T15:44:18:  Shape of maps .............: (100, 33)
2019-07-23T15:44:18: === GCTACubeBackground ===
2019-07-23T15:44:18:  Filename ..................: /cta/carli/CPPM_Internship/Simulations_and_Analyses/minus_step_EDisp_South_z40_50h/source1a/background_cube.fits
2019-07-23T15:44:18: === GEbounds ===
2019-07-23T15:44:18:  Number of intervals .......: 32
2019-07-23T15:44:18:  Energy range ..............: 100 GeV - 199.526229858398 TeV
2019-07-23T15:44:18: === GSkyMap ===
2019-07-23T15:44:18:  Number of pixels ..........: 6400
2019-07-23T15:44:18:  X axis dimension ..........: 80
2019-07-23T15:44:18:  Y axis dimension ..........: 80
2019-07-23T15:44:18:  Number of maps ............: 32
2019-07-23T15:44:18:  Shape of maps .............: (32)
2019-07-23T15:44:18: === GCTAResponseCache ===
2019-07-23T15:44:18:  Number of cached values ...: 0
2019-07-23T15:44:18: === GCTAEventCube ===
2019-07-23T15:44:18:  Number of events ..........: 305739
2019-07-23T15:44:18:  Number of elements ........: 204800
2019-07-23T15:44:18:  Number of pixels ..........: 6400
2019-07-23T15:44:18:  Number of energy bins .....: 32
2019-07-23T15:44:18:  Time interval .............: 51544.5 - 51546.1666666667 days
2019-07-23T15:44:18:  Pointing ..................: (RA,Dec)=(84.1331,22.0145)
2019-07-23T15:44:18: === GEbounds ===
2019-07-23T15:44:18:  Number of intervals .......: 32
2019-07-23T15:44:18:  Energy range ..............: 100 GeV - 199.526229858398 TeV
2019-07-23T15:44:18: === GSkyMap ===
2019-07-23T15:44:18:  Number of pixels ..........: 6400
2019-07-23T15:44:18:  X axis dimension ..........: 80
2019-07-23T15:44:18:  Y axis dimension ..........: 80
2019-07-23T15:44:18:  Number of maps ............: 32
2019-07-23T15:44:18:  Shape of maps .............: (32)
2019-07-23T15:44:18: === GSkyRegions ===
2019-07-23T15:44:18:  Number of regions .........: 0
2019-07-23T15:44:18: === GModels ===
2019-07-23T15:44:18:  Number of models ..........: 2
2019-07-23T15:44:18:  Number of parameters ......: 11
2019-07-23T15:44:18: === GModelSky ===
2019-07-23T15:44:18:  Name ......................: source1a
2019-07-23T15:44:18:  Instruments ...............: all
2019-07-23T15:44:18:  Test Statistic ............: 15214.265
2019-07-23T15:44:18:  Observation identifiers ...: all
2019-07-23T15:44:18:  Model type ................: PointSource
2019-07-23T15:44:18:  Model components ..........: "PointSource" * "ExponentialCutoffPowerLaw" * "Constant"
2019-07-23T15:44:18:  Number of parameters ......: 7
2019-07-23T15:44:18:  Number of spatial par's ...: 2
2019-07-23T15:44:18:   RA .......................: 83.6331 [-360,360] deg (fixed,scale=1)
2019-07-23T15:44:18:   DEC ......................: 22.0145 [-90,90] deg (fixed,scale=1)
2019-07-23T15:44:18:  Number of spectral par's ..: 4
2019-07-23T15:44:18:   Prefactor ................: 7.7466360506808e-19 +/- 1.44039736989828e-20 [1e-26,1e-16] ph/cm2/s/MeV (free,scale=1e-19,gradient)
2019-07-23T15:44:18:   Index ....................: -1.99472923604602 +/- 0.0179694525564515 [-0,-5]  (free,scale=-1,gradient)
2019-07-23T15:44:18:   CutoffEnergy .............: 49968036.9187188 +/- 7868516.13419215 [100000,10000000000] MeV (free,scale=10000000,gradient)
2019-07-23T15:44:18:   PivotEnergy ..............: 1000000 [10000,1000000000] MeV (fixed,scale=1000000,gradient)
2019-07-23T15:44:18:  Number of temporal par's ..: 1
2019-07-23T15:44:18:   Normalization ............: 1 (relative value) (fixed,scale=1,gradient)
2019-07-23T15:44:18:  Number of scale par's .....: 0
2019-07-23T15:44:18: === GCTAModelCubeBackground ===
2019-07-23T15:44:18:  Name ......................: BackgroundModel
2019-07-23T15:44:18:  Instruments ...............: CTA, HESS, MAGIC, VERITAS
2019-07-23T15:44:18:  Observation identifiers ...: all
2019-07-23T15:44:18:  Model type ................: "PowerLaw" * "Constant"
2019-07-23T15:44:18:  Number of parameters ......: 4
2019-07-23T15:44:18:  Number of spectral par's ..: 3
2019-07-23T15:44:18:   Prefactor ................: 1.02467782611936 +/- 0.00449857535512584 [0.01,100] ph/cm2/s/MeV (free,scale=1,gradient)
2019-07-23T15:44:18:   Index ....................: 0.0239647274238163 +/- 0.00255255871444434 [-5,5]  (free,scale=1,gradient)
2019-07-23T15:44:18:   PivotEnergy ..............: 1000000 MeV (fixed,scale=1000000,gradient)
2019-07-23T15:44:18:  Number of temporal par's ..: 1
2019-07-23T15:44:18:   Normalization ............: 1 (relative value) (fixed,scale=1,gradient)
2019-07-23T15:44:18: 
2019-07-23T15:44:18: +=========================+
2019-07-23T15:44:18: | Processing Observations |
2019-07-23T15:44:18: +=========================+
2019-07-23T15:44:18: Computing model cube
2019-07-23T15:44:25: Computing counts, model, and residual spectra
2019-07-23T15:44:25:  Computing model component .: source1a
2019-07-23T15:44:29:  Computing model component .: BackgroundModel
2019-07-23T15:44:29: Filling residual table
2019-07-23T15:44:29: 
2019-07-23T15:44:29: +================+
2019-07-23T15:44:29: | Save residuals |
2019-07-23T15:44:29: +================+
2019-07-23T15:44:29:  Residuals file ............: /cta/carli/CPPM_Internship/Simulations_and_Analyses/minus_step_EDisp_South_z40_50h/source1a/residuals_binned.fits
2019-07-23T15:44:29: 
2019-07-23T15:44:29: Application "csresspec" terminated after 11 wall clock seconds, consuming 14 seconds of CPU time.
