2019-07-25T09:22:26: ********************************************************************************
2019-07-25T09:22:26: *                                    cterror                                   *
2019-07-25T09:22:26: * ---------------------------------------------------------------------------- *
2019-07-25T09:22:26: * Version: 1.6.0                                                               *
2019-07-25T09:22:26: ********************************************************************************
2019-07-25T09:22:26: +============+
2019-07-25T09:22:26: | Parameters |
2019-07-25T09:22:26: +============+
2019-07-25T09:22:26:  inobs .....................: /cta/carli/CPPM_Internship/Simulations_and_Analyses/minus_step_EDisp_South_z40_50h/source1a/obs_cube.fits
2019-07-25T09:22:26:  inmodel ...................: /cta/carli/CPPM_Internship/Simulations_and_Analyses/minus_step_EDisp_South_z40_50h/source1a/obsmodel_binned.xml
2019-07-25T09:22:26:  srcname ...................: source1a
2019-07-25T09:22:26:  expcube ...................: /cta/carli/CPPM_Internship/Simulations_and_Analyses/minus_step_EDisp_South_z40_50h/source1a/exposure_cube.fits
2019-07-25T09:22:26:  psfcube ...................: /cta/carli/CPPM_Internship/Simulations_and_Analyses/minus_step_EDisp_South_z40_50h/source1a/PSF_cube.fits
2019-07-25T09:22:26:  edispcube .................: /cta/carli/CPPM_Internship/Simulations_and_Analyses/minus_step_EDisp_South_z40_50h/source1a/edisp_cube.fits
2019-07-25T09:22:26:  bkgcube ...................: /cta/carli/CPPM_Internship/Simulations_and_Analyses/minus_step_EDisp_South_z40_50h/source1a/background_cube.fits
2019-07-25T09:22:26:  caldb .....................: prod3b-v2
2019-07-25T09:22:26:  irf .......................: minus_step_EDisp_South_z40_50h
2019-07-25T09:22:26:  edisp .....................: yes
2019-07-25T09:22:26:  outmodel ..................: 
2019-07-25T09:22:26:  confidence ................: 0.95
2019-07-25T09:22:26:  tol .......................: 1e-3
2019-07-25T09:22:26:  statistic .................: DEFAULT
2019-07-25T09:22:26:  like_accuracy .............: 0.005
2019-07-25T09:22:26:  max_iter ..................: 50
2019-07-25T09:22:26:  nthreads ..................: 0
2019-07-25T09:22:26:  chatter ...................: 4
2019-07-25T09:22:26:  clobber ...................: yes
2019-07-25T09:22:26:  debug .....................: no
2019-07-25T09:22:26:  mode ......................: ql
2019-07-25T09:22:26:  logfile ...................: cterror95.log
2019-07-25T09:22:26: 
2019-07-25T09:22:26: +===================+
2019-07-25T09:22:26: | Input observation |
2019-07-25T09:22:26: +===================+
2019-07-25T09:22:26: === GObservations ===
2019-07-25T09:22:26:  Number of observations ....: 1
2019-07-25T09:22:26:  Number of models ..........: 2
2019-07-25T09:22:26:  Number of observed events .: 305739
2019-07-25T09:22:26:  Number of predicted events : 0
2019-07-25T09:22:26: === GCTAObservation ===
2019-07-25T09:22:26:  Name ......................: 
2019-07-25T09:22:26:  Identifier ................: 000001
2019-07-25T09:22:26:  Instrument ................: CTA
2019-07-25T09:22:26:  Event file ................: /cta/carli/CPPM_Internship/Simulations_and_Analyses/minus_step_EDisp_South_z40_50h/source1a/obs_cube.fits
2019-07-25T09:22:26:  Event type ................: CountsCube
2019-07-25T09:22:26:  Statistic .................: cstat
2019-07-25T09:22:26:  Ontime ....................: 144000 s
2019-07-25T09:22:26:  Livetime ..................: 141120 s
2019-07-25T09:22:26:  Deadtime correction .......: 0.98
2019-07-25T09:22:26:  User energy range .........: undefined
2019-07-25T09:22:26: === GCTAPointing ===
2019-07-25T09:22:26:  Pointing direction ........: (RA,Dec)=(84.1331,22.0145)
2019-07-25T09:22:26: === GCTAResponseCube ===
2019-07-25T09:22:26:  Energy dispersion .........: Used
2019-07-25T09:22:26: === GCTACubeExposure ===
2019-07-25T09:22:26:  Filename ..................: /cta/carli/CPPM_Internship/Simulations_and_Analyses/minus_step_EDisp_South_z40_50h/source1a/exposure_cube.fits
2019-07-25T09:22:26:  Livetime ..................: 141120 sec
2019-07-25T09:22:26: === GEnergies ===
2019-07-25T09:22:26:  Number of energies ........: 33
2019-07-25T09:22:26: === GGti ===
2019-07-25T09:22:26:  Number of intervals .......: 1
2019-07-25T09:22:26:  Ontime ....................: 144000 sec
2019-07-25T09:22:26:  Elapsed time ..............: 144000 sec
2019-07-25T09:22:26:  MJD range .................: 51544.5 - 51546.1666666667 s (TT)
2019-07-25T09:22:26:  UTC range .................: 2000-01-01T11:58:56 - 2000-01-03T03:58:56 s (TT)
2019-07-25T09:22:26:  Reference MJD .............: 51544.5
2019-07-25T09:22:26: === GSkyMap ===
2019-07-25T09:22:26:  Number of pixels ..........: 6400
2019-07-25T09:22:26:  X axis dimension ..........: 80
2019-07-25T09:22:26:  Y axis dimension ..........: 80
2019-07-25T09:22:26:  Number of maps ............: 33
2019-07-25T09:22:26:  Shape of maps .............: (33)
2019-07-25T09:22:26: === GCTACubePsf ===
2019-07-25T09:22:26:  Filename ..................: /cta/carli/CPPM_Internship/Simulations_and_Analyses/minus_step_EDisp_South_z40_50h/source1a/PSF_cube.fits
2019-07-25T09:22:26: === GEnergies ===
2019-07-25T09:22:26:  Number of energies ........: 33
2019-07-25T09:22:26:  Number of delta bins ......: 200
2019-07-25T09:22:26:  Delta range ...............: 1.875e-06 - 0.298501875 deg
2019-07-25T09:22:26: === GSkyMap ===
2019-07-25T09:22:26:  Number of pixels ..........: 1
2019-07-25T09:22:26:  X axis dimension ..........: 1
2019-07-25T09:22:26:  Y axis dimension ..........: 1
2019-07-25T09:22:26:  Number of maps ............: 6600
2019-07-25T09:22:26:  Shape of maps .............: (200, 33)
2019-07-25T09:22:26: === GCTACubeEdisp ===
2019-07-25T09:22:26:  Filename ..................: /cta/carli/CPPM_Internship/Simulations_and_Analyses/minus_step_EDisp_South_z40_50h/source1a/edisp_cube.fits
2019-07-25T09:22:26: === GEnergies ===
2019-07-25T09:22:26:  Number of energies ........: 33
2019-07-25T09:22:26:  Number of migra bins ......: 100
2019-07-25T09:22:26:  Migra range ...............: 0.02 - 2
2019-07-25T09:22:26: === GSkyMap ===
2019-07-25T09:22:26:  Number of pixels ..........: 1
2019-07-25T09:22:26:  X axis dimension ..........: 1
2019-07-25T09:22:26:  Y axis dimension ..........: 1
2019-07-25T09:22:26:  Number of maps ............: 3300
2019-07-25T09:22:26:  Shape of maps .............: (100, 33)
2019-07-25T09:22:26: === GCTACubeBackground ===
2019-07-25T09:22:26:  Filename ..................: /cta/carli/CPPM_Internship/Simulations_and_Analyses/minus_step_EDisp_South_z40_50h/source1a/background_cube.fits
2019-07-25T09:22:26: === GEbounds ===
2019-07-25T09:22:26:  Number of intervals .......: 32
2019-07-25T09:22:26:  Energy range ..............: 100 GeV - 199.526229858398 TeV
2019-07-25T09:22:26: === GSkyMap ===
2019-07-25T09:22:26:  Number of pixels ..........: 6400
2019-07-25T09:22:26:  X axis dimension ..........: 80
2019-07-25T09:22:26:  Y axis dimension ..........: 80
2019-07-25T09:22:26:  Number of maps ............: 32
2019-07-25T09:22:26:  Shape of maps .............: (32)
2019-07-25T09:22:26: === GCTAResponseCache ===
2019-07-25T09:22:26:  Number of cached values ...: 0
2019-07-25T09:22:26: === GCTAEventCube ===
2019-07-25T09:22:26:  Number of events ..........: 305739
2019-07-25T09:22:26:  Number of elements ........: 204800
2019-07-25T09:22:26:  Number of pixels ..........: 6400
2019-07-25T09:22:26:  Number of energy bins .....: 32
2019-07-25T09:22:26:  Time interval .............: 51544.5 - 51546.1666666667 days
2019-07-25T09:22:26:  Pointing ..................: (RA,Dec)=(84.1331,22.0145)
2019-07-25T09:22:26: === GEbounds ===
2019-07-25T09:22:26:  Number of intervals .......: 32
2019-07-25T09:22:26:  Energy range ..............: 100 GeV - 199.526229858398 TeV
2019-07-25T09:22:26: === GSkyMap ===
2019-07-25T09:22:26:  Number of pixels ..........: 6400
2019-07-25T09:22:26:  X axis dimension ..........: 80
2019-07-25T09:22:26:  Y axis dimension ..........: 80
2019-07-25T09:22:26:  Number of maps ............: 32
2019-07-25T09:22:26:  Shape of maps .............: (32)
2019-07-25T09:22:26: === GSkyRegions ===
2019-07-25T09:22:26:  Number of regions .........: 0
2019-07-25T09:22:26: === GModels ===
2019-07-25T09:22:26:  Number of models ..........: 2
2019-07-25T09:22:26:  Number of parameters ......: 11
2019-07-25T09:22:26: === GModelSky ===
2019-07-25T09:22:26:  Name ......................: source1a
2019-07-25T09:22:26:  Instruments ...............: all
2019-07-25T09:22:26:  Test Statistic ............: 15214.265
2019-07-25T09:22:26:  Observation identifiers ...: all
2019-07-25T09:22:26:  Model type ................: PointSource
2019-07-25T09:22:26:  Model components ..........: "PointSource" * "ExponentialCutoffPowerLaw" * "Constant"
2019-07-25T09:22:26:  Number of parameters ......: 7
2019-07-25T09:22:26:  Number of spatial par's ...: 2
2019-07-25T09:22:26:   RA .......................: 83.6331 [-360,360] deg (fixed,scale=1)
2019-07-25T09:22:26:   DEC ......................: 22.0145 [-90,90] deg (fixed,scale=1)
2019-07-25T09:22:26:  Number of spectral par's ..: 4
2019-07-25T09:22:26:   Prefactor ................: 7.7466360506808e-19 [1e-26,1e-16] ph/cm2/s/MeV (fixed,scale=1e-19,gradient)
2019-07-25T09:22:26:   Index ....................: -1.99472923604602 [-0,-5]  (fixed,scale=-1,gradient)
2019-07-25T09:22:26:   CutoffEnergy .............: 49968036.9187188 +/- 7868516.13419215 [100000,10000000000] MeV (free,scale=10000000,gradient)
2019-07-25T09:22:26:   PivotEnergy ..............: 1000000 [10000,1000000000] MeV (fixed,scale=1000000,gradient)
2019-07-25T09:22:26:  Number of temporal par's ..: 1
2019-07-25T09:22:26:   Normalization ............: 1 (relative value) (fixed,scale=1,gradient)
2019-07-25T09:22:26:  Number of scale par's .....: 0
2019-07-25T09:22:26: === GCTAModelCubeBackground ===
2019-07-25T09:22:26:  Name ......................: BackgroundModel
2019-07-25T09:22:26:  Instruments ...............: CTA, HESS, MAGIC, VERITAS
2019-07-25T09:22:26:  Observation identifiers ...: all
2019-07-25T09:22:26:  Model type ................: "PowerLaw" * "Constant"
2019-07-25T09:22:26:  Number of parameters ......: 4
2019-07-25T09:22:26:  Number of spectral par's ..: 3
2019-07-25T09:22:26:   Prefactor ................: 1.02467782611936 [0.01,100] ph/cm2/s/MeV (fixed,scale=1,gradient)
2019-07-25T09:22:26:   Index ....................: 0.0239647274238163 [-5,5]  (fixed,scale=1,gradient)
2019-07-25T09:22:26:   PivotEnergy ..............: 1000000 MeV (fixed,scale=1000000,gradient)
2019-07-25T09:22:26:  Number of temporal par's ..: 1
2019-07-25T09:22:26:   Normalization ............: 1 (relative value) (fixed,scale=1,gradient)
2019-07-25T09:22:26: 
2019-07-25T09:22:26: +=============================+
2019-07-25T09:22:26: | Compute best-fit likelihood |
2019-07-25T09:22:26: +=============================+
2019-07-25T09:24:28: === GOptimizerLM ===
2019-07-25T09:24:28:  Optimized function value ..: -293935.233
2019-07-25T09:24:28:  Absolute precision ........: 0.005
2019-07-25T09:24:28:  Acceptable value decrease .: 2
2019-07-25T09:24:28:  Optimization status .......: converged
2019-07-25T09:24:28:  Number of parameters ......: 11
2019-07-25T09:24:28:  Number of free parameters .: 1
2019-07-25T09:24:28:  Number of iterations ......: 2
2019-07-25T09:24:28:  Lambda ....................: 0.001
2019-07-25T09:24:28:  Maximum log likelihood ....: -293935.233
2019-07-25T09:24:28: === GModels ===
2019-07-25T09:24:28:  Number of models ..........: 2
2019-07-25T09:24:28:  Number of parameters ......: 11
2019-07-25T09:24:28: === GModelSky ===
2019-07-25T09:24:28:  Name ......................: source1a
2019-07-25T09:24:28:  Instruments ...............: all
2019-07-25T09:24:28:  Test Statistic ............: 15214.265
2019-07-25T09:24:28:  Observation identifiers ...: all
2019-07-25T09:24:28:  Model type ................: PointSource
2019-07-25T09:24:28:  Model components ..........: "PointSource" * "ExponentialCutoffPowerLaw" * "Constant"
2019-07-25T09:24:28:  Number of parameters ......: 7
2019-07-25T09:24:28:  Number of spatial par's ...: 2
2019-07-25T09:24:28:   RA .......................: 83.6331 [-360,360] deg (fixed,scale=1)
2019-07-25T09:24:28:   DEC ......................: 22.0145 [-90,90] deg (fixed,scale=1)
2019-07-25T09:24:28:  Number of spectral par's ..: 4
2019-07-25T09:24:28:   Prefactor ................: 7.7466360506808e-19 [1e-26,1e-16] ph/cm2/s/MeV (fixed,scale=1e-19,gradient)
2019-07-25T09:24:28:   Index ....................: -1.99472923604602 [-0,-5]  (fixed,scale=-1,gradient)
2019-07-25T09:24:28:   CutoffEnergy .............: 49967994.5721399 +/- 5171331.16048632 [100000,10000000000] MeV (free,scale=10000000,gradient)
2019-07-25T09:24:28:   PivotEnergy ..............: 1000000 [10000,1000000000] MeV (fixed,scale=1000000,gradient)
2019-07-25T09:24:28:  Number of temporal par's ..: 1
2019-07-25T09:24:28:   Normalization ............: 1 (relative value) (fixed,scale=1,gradient)
2019-07-25T09:24:28:  Number of scale par's .....: 0
2019-07-25T09:24:28: === GCTAModelCubeBackground ===
2019-07-25T09:24:28:  Name ......................: BackgroundModel
2019-07-25T09:24:28:  Instruments ...............: CTA, HESS, MAGIC, VERITAS
2019-07-25T09:24:28:  Observation identifiers ...: all
2019-07-25T09:24:28:  Model type ................: "PowerLaw" * "Constant"
2019-07-25T09:24:28:  Number of parameters ......: 4
2019-07-25T09:24:28:  Number of spectral par's ..: 3
2019-07-25T09:24:28:   Prefactor ................: 1.02467782611936 [0.01,100] ph/cm2/s/MeV (fixed,scale=1,gradient)
2019-07-25T09:24:28:   Index ....................: 0.0239647274238163 [-5,5]  (fixed,scale=1,gradient)
2019-07-25T09:24:28:   PivotEnergy ..............: 1000000 MeV (fixed,scale=1000000,gradient)
2019-07-25T09:24:28:  Number of temporal par's ..: 1
2019-07-25T09:24:28:   Normalization ............: 1 (relative value) (fixed,scale=1,gradient)
2019-07-25T09:24:28: 
2019-07-25T09:24:28: +==============================================================+
2019-07-25T09:24:28: | Compute error for source "source1a" parameter "CutoffEnergy" |
2019-07-25T09:24:28: +==============================================================+
2019-07-25T09:24:28:  Confidence level ..........: 95 %
2019-07-25T09:24:28:  Log-likelihood difference .: 1.92073
2019-07-25T09:24:28:  Initial factor range ......: [0.01, 10.1681306177003]
2019-07-25T09:24:39:    Iteration 1 .............: [0.01, 4.99679945721399]
2019-07-25T09:24:51:    Iteration 2 .............: [2.50339972860699, 4.99679945721399]
2019-07-25T09:25:02:    Iteration 3 .............: [3.75009959291049, 4.99679945721399]
2019-07-25T09:25:14:    Iteration 4 .............: [3.75009959291049, 4.37344952506224]
2019-07-25T09:25:26:    Iteration 5 .............: [4.06177455898637, 4.37344952506224]
2019-07-25T09:25:37:    Iteration 6 .............: [4.06177455898637, 4.2176120420243]
2019-07-25T09:25:49:    Iteration 7 .............: [4.06177455898637, 4.13969330050533]
2019-07-25T09:26:00:    Iteration 8 .............: [4.10073392974585, 4.13969330050533]
2019-07-25T09:26:11:    Iteration 9 .............: [4.10073392974585, 4.12021361512559]
2019-07-25T09:26:22:    Iteration 10 ............: [4.11047377243572, 4.12021361512559]
2019-07-25T09:26:34:    Iteration 11 ............: [4.11047377243572, 4.11534369378066]
2019-07-25T09:26:44:    Iteration 12 ............: [4.11290873310819, 4.11534369378066]
2019-07-25T09:26:56:    Iteration 1 .............: [4.99679945721399, 10.1681306177003]
2019-07-25T09:27:07:    Iteration 2 .............: [4.99679945721399, 7.58246503745715]
2019-07-25T09:27:18:    Iteration 3 .............: [4.99679945721399, 6.28963224733557]
2019-07-25T09:27:28:    Iteration 4 .............: [5.64321585227478, 6.28963224733557]
2019-07-25T09:27:39:    Iteration 5 .............: [5.96642404980517, 6.28963224733557]
2019-07-25T09:27:49:    Iteration 6 .............: [6.12802814857037, 6.28963224733557]
2019-07-25T09:28:00:    Iteration 7 .............: [6.20883019795297, 6.28963224733557]
2019-07-25T09:28:10:    Iteration 8 .............: [6.24923122264427, 6.28963224733557]
2019-07-25T09:28:20:    Iteration 9 .............: [6.24923122264427, 6.26943173498992]
2019-07-25T09:28:30:    Iteration 10 ............: [6.24923122264427, 6.25933147881709]
2019-07-25T09:28:41:    Iteration 11 ............: [6.24923122264427, 6.25428135073068]
2019-07-25T09:28:51:    Iteration 12 ............: [6.25175628668748, 6.25428135073068]
2019-07-25T09:29:01:    Iteration 13 ............: [6.25301881870908, 6.25428135073068]
2019-07-25T09:29:01:  Lower parameter factor ....: 4.11413
2019-07-25T09:29:01:  Upper parameter factor ....: 6.25365
2019-07-25T09:29:01:  Error from curvature ......: 5171331.16048632 MeV
2019-07-25T09:29:01:  Error from profile ........: 10697619.3563773 MeV
2019-07-25T09:29:01:  Negative profile error ....: 8826732.43769565 MeV
2019-07-25T09:29:01:  Positive profile error ....: 12568506.2750589 MeV
2019-07-25T09:29:01: 
2019-07-25T09:29:01: +==============+
2019-07-25T09:29:01: | Save results |
2019-07-25T09:29:01: +==============+
2019-07-25T09:29:01:  Model definition file .....: NONE
2019-07-25T09:29:01: 
2019-07-25T09:29:01: Application "cterror" terminated after 396 wall clock seconds, consuming 483.07 seconds of CPU time.
