2019-07-23T14:20:03: ********************************************************************************
2019-07-23T14:20:03: *                                   ctskymap                                   *
2019-07-23T14:20:03: * ---------------------------------------------------------------------------- *
2019-07-23T14:20:03: * Version: 1.6.0                                                               *
2019-07-23T14:20:03: ********************************************************************************
2019-07-23T14:20:03: +============+
2019-07-23T14:20:03: | Parameters |
2019-07-23T14:20:03: +============+
2019-07-23T14:20:03:  inobs .....................: /cta/carli/CPPM_Internship/Simulations_and_Analyses/minus_step_EDisp_South_z40_50h/source1a/obs.fits
2019-07-23T14:20:03:  caldb .....................: prod3b-v2
2019-07-23T14:20:03:  irf .......................: minus_step_EDisp_South_z40_50h
2019-07-23T14:20:03:  inmap .....................: NONE
2019-07-23T14:20:03:  outmap ....................: /cta/carli/CPPM_Internship/Simulations_and_Analyses/minus_step_EDisp_South_z40_50h/source1a/skymap.fits
2019-07-23T14:20:03:  emin ......................: 0.1
2019-07-23T14:20:03:  emax ......................: 199.526229858398
2019-07-23T14:20:03:  usepnt ....................: yes
2019-07-23T14:20:03:  nxpix .....................: 80
2019-07-23T14:20:03:  nypix .....................: 80
2019-07-23T14:20:03:  binsz .....................: 0.02
2019-07-23T14:20:03:  coordsys ..................: CEL
2019-07-23T14:20:03:  proj ......................: CAR
2019-07-23T14:20:03:  xref ......................: [not queried]
2019-07-23T14:20:03:  yref ......................: [not queried]
2019-07-23T14:20:03:  bkgsubtract ...............: NONE
2019-07-23T14:20:03:  roiradius .................: [not queried]
2019-07-23T14:20:03:  inradius ..................: [not queried]
2019-07-23T14:20:03:  outradius .................: [not queried]
2019-07-23T14:20:03:  iterations ................: [not queried]
2019-07-23T14:20:03:  threshold .................: [not queried]
2019-07-23T14:20:03:  inexclusion ...............: NONE
2019-07-23T14:20:03:  usefft ....................: yes
2019-07-23T14:20:03:  publish ...................: no
2019-07-23T14:20:03:  chatter ...................: 4
2019-07-23T14:20:03:  clobber ...................: yes
2019-07-23T14:20:03:  debug .....................: no
2019-07-23T14:20:03:  mode ......................: ql
2019-07-23T14:20:03:  logfile ...................: ctskymap.log
2019-07-23T14:20:03: 
2019-07-23T14:20:03: +===================+
2019-07-23T14:20:03: | Input observation |
2019-07-23T14:20:03: +===================+
2019-07-23T14:20:03: === GObservations ===
2019-07-23T14:20:03:  Number of observations ....: 1
2019-07-23T14:20:03:  Number of models ..........: 0
2019-07-23T14:20:03:  Number of observed events .: 309309
2019-07-23T14:20:03:  Number of predicted events : 0
2019-07-23T14:20:03: === GCTAObservation ===
2019-07-23T14:20:03:  Name ......................: 
2019-07-23T14:20:03:  Identifier ................: 000001
2019-07-23T14:20:03:  Instrument ................: CTA
2019-07-23T14:20:03:  Event file ................: /cta/carli/CPPM_Internship/Simulations_and_Analyses/minus_step_EDisp_South_z40_50h/source1a/obs.fits
2019-07-23T14:20:03:  Event type ................: EventList
2019-07-23T14:20:03:  Statistic .................: cstat
2019-07-23T14:20:03:  Ontime ....................: 144000 s
2019-07-23T14:20:03:  Livetime ..................: 141120 s
2019-07-23T14:20:03:  Deadtime correction .......: 0.98
2019-07-23T14:20:03:  User energy range .........: undefined
2019-07-23T14:20:03: === GCTAPointing ===
2019-07-23T14:20:03:  Pointing direction ........: (RA,Dec)=(84.1331,22.0145)
2019-07-23T14:20:03:  Response function .........: undefined
2019-07-23T14:20:03: === GCTAEventList ===
2019-07-23T14:20:03:  Number of events ..........: 309309 (disposed in "/cta/carli/CPPM_Internship/Simulations_and_Analyses/minus_step_EDisp_South_z40_50h/source1a/obs.fits")
2019-07-23T14:20:03:  Time interval .............: 51544.5 - 51546.1666666667 days
2019-07-23T14:20:03: === GEbounds ===
2019-07-23T14:20:03:  Number of intervals .......: 1
2019-07-23T14:20:03:  Energy range ..............: 100 GeV - 199.526229858398 TeV
2019-07-23T14:20:03: === GCTARoi ===
2019-07-23T14:20:03:  RoI centre ................: RA=84.1331, DEC=22.0145 [0,0]
2019-07-23T14:20:03:  RoI radius ................: 0.8 deg
2019-07-23T14:20:03: === GSkyRegions ===
2019-07-23T14:20:03:  Number of regions .........: 0
2019-07-23T14:20:03: === GModels ===
2019-07-23T14:20:03:  Number of models ..........: 0
2019-07-23T14:20:03:  Number of parameters ......: 0
2019-07-23T14:20:03: 
2019-07-23T14:20:03: +===========================+
2019-07-23T14:20:03: | Find unbinned observation |
2019-07-23T14:20:03: +===========================+
2019-07-23T14:20:03: === CTA observation (id=000001) ===
2019-07-23T14:20:03:  Including unbinned CTA observation
2019-07-23T14:20:03: 
2019-07-23T14:20:03: +===========================+
2019-07-23T14:20:03: | Fill map from observation |
2019-07-23T14:20:03: +===========================+
2019-07-23T14:20:04: === CTA observation (id=000001) ===
2019-07-23T14:20:04:  Events in list ............: 309309
2019-07-23T14:20:04:  Events in map .............: 305740
2019-07-23T14:20:04:  Events outside RoI ........: 1
2019-07-23T14:20:04:  Events outside map area ...: 0
2019-07-23T14:20:04:  Events outside energies ...: 3568
2019-07-23T14:20:04: 
2019-07-23T14:20:04: +=========+
2019-07-23T14:20:04: | Sky map |
2019-07-23T14:20:04: +=========+
2019-07-23T14:20:04: === GSkyMap ===
2019-07-23T14:20:04:  Number of pixels ..........: 6400
2019-07-23T14:20:04:  X axis dimension ..........: 80
2019-07-23T14:20:04:  Y axis dimension ..........: 80
2019-07-23T14:20:04:  Number of maps ............: 1
2019-07-23T14:20:04:  Shape of maps .............: (1)
2019-07-23T14:20:04: === GWcsCAR ===
2019-07-23T14:20:04:  Number of axes ............: 2
2019-07-23T14:20:04:  Longitude axis ............: 0
2019-07-23T14:20:04:  Latitude axis .............: 1
2019-07-23T14:20:04:  Spectral axis .............: -1
2019-07-23T14:20:04:  Coodinate system ..........: EQU
2019-07-23T14:20:04:  Projection code ...........: CAR
2019-07-23T14:20:04:  Projection name ...........: plate carree
2019-07-23T14:20:04:  Radius of the gen. sphere .: 57.2957795130823 deg
2019-07-23T14:20:04:  Reference coordinate ......: (84.1331, 22.0145)
2019-07-23T14:20:04:  Reference pixel ...........: (40.5, 40.5)
2019-07-23T14:20:04:  Increment at reference ....: (-0.02, 0.02)
2019-07-23T14:20:04:  (Phi_0, Theta_0) ..........: (0, 0) deg
2019-07-23T14:20:04:  (Phi_p, Theta_p) ..........: (0, 67.9855) deg
2019-07-23T14:20:04:  LATPOLE keyword usage .....: Required to select between two valid solutions of Theta_p.
2019-07-23T14:20:04:  Reference vector (m_ref) ..: (84.1331, 22.0145, 0, 67.9855) deg
2019-07-23T14:20:04:  Euler angles ..............: (264.1331 deg, 22.0145 deg, 0 deg, 0.927089022159083, 0.374841226377402)
2019-07-23T14:20:04:  Latitude preserved ........: False
2019-07-23T14:20:04:  Unity PC matrix ...........: True
2019-07-23T14:20:04:  Pixel-to-image trafo ......: ()
2019-07-23T14:20:04:  Image-to-pixel trafo ......: ()
2019-07-23T14:20:04:  Strict bounds checking ....: True
2019-07-23T14:20:04:  Use fiducial offset .......: False
2019-07-23T14:20:04:  Fiducial offset ...........: (0, 0)
2019-07-23T14:20:04:  Rest frequency ............: UNDEFINED
2019-07-23T14:20:04:  Rest wavelength ...........: UNDEFINED
2019-07-23T14:20:04: 
2019-07-23T14:20:04: +==============+
2019-07-23T14:20:04: | Compute maps |
2019-07-23T14:20:04: +==============+
2019-07-23T14:20:04: 
2019-07-23T14:20:04: +==============+
2019-07-23T14:20:04: | Save sky map |
2019-07-23T14:20:04: +==============+
2019-07-23T14:20:04:  Sky map file ..............: /cta/carli/CPPM_Internship/Simulations_and_Analyses/minus_step_EDisp_South_z40_50h/source1a/skymap.fits
2019-07-23T14:20:04: 
2019-07-23T14:20:04: Application "ctskymap" terminated after 1 wall clock seconds, consuming 0.85 seconds of CPU time.
