2019-07-25T09:22:17: ********************************************************************************
2019-07-25T09:22:17: *                                    cterror                                   *
2019-07-25T09:22:17: * ---------------------------------------------------------------------------- *
2019-07-25T09:22:17: * Version: 1.6.0                                                               *
2019-07-25T09:22:17: ********************************************************************************
2019-07-25T09:22:17: +============+
2019-07-25T09:22:17: | Parameters |
2019-07-25T09:22:17: +============+
2019-07-25T09:22:17:  inobs .....................: /cta/carli/CPPM_Internship/Simulations_and_Analyses/minus_step_EDisp_South_z40_50h/source1b/obs_cube.fits
2019-07-25T09:22:17:  inmodel ...................: /cta/carli/CPPM_Internship/Simulations_and_Analyses/minus_step_EDisp_South_z40_50h/source1b/obsmodel_binned.xml
2019-07-25T09:22:17:  srcname ...................: source1b
2019-07-25T09:22:17:  expcube ...................: /cta/carli/CPPM_Internship/Simulations_and_Analyses/minus_step_EDisp_South_z40_50h/source1b/exposure_cube.fits
2019-07-25T09:22:17:  psfcube ...................: /cta/carli/CPPM_Internship/Simulations_and_Analyses/minus_step_EDisp_South_z40_50h/source1b/PSF_cube.fits
2019-07-25T09:22:17:  edispcube .................: /cta/carli/CPPM_Internship/Simulations_and_Analyses/minus_step_EDisp_South_z40_50h/source1b/edisp_cube.fits
2019-07-25T09:22:17:  bkgcube ...................: /cta/carli/CPPM_Internship/Simulations_and_Analyses/minus_step_EDisp_South_z40_50h/source1b/background_cube.fits
2019-07-25T09:22:17:  caldb .....................: prod3b-v2
2019-07-25T09:22:17:  irf .......................: minus_step_EDisp_South_z40_50h
2019-07-25T09:22:17:  edisp .....................: yes
2019-07-25T09:22:17:  outmodel ..................: 
2019-07-25T09:22:17:  confidence ................: 0.95
2019-07-25T09:22:17:  tol .......................: 1e-3
2019-07-25T09:22:17:  statistic .................: DEFAULT
2019-07-25T09:22:17:  like_accuracy .............: 0.005
2019-07-25T09:22:17:  max_iter ..................: 50
2019-07-25T09:22:17:  nthreads ..................: 0
2019-07-25T09:22:17:  chatter ...................: 4
2019-07-25T09:22:17:  clobber ...................: yes
2019-07-25T09:22:17:  debug .....................: no
2019-07-25T09:22:17:  mode ......................: ql
2019-07-25T09:22:17:  logfile ...................: cterror95.log
2019-07-25T09:22:17: 
2019-07-25T09:22:17: +===================+
2019-07-25T09:22:17: | Input observation |
2019-07-25T09:22:17: +===================+
2019-07-25T09:22:17: === GObservations ===
2019-07-25T09:22:17:  Number of observations ....: 1
2019-07-25T09:22:17:  Number of models ..........: 2
2019-07-25T09:22:17:  Number of observed events .: 311011
2019-07-25T09:22:17:  Number of predicted events : 0
2019-07-25T09:22:17: === GCTAObservation ===
2019-07-25T09:22:17:  Name ......................: 
2019-07-25T09:22:17:  Identifier ................: 000001
2019-07-25T09:22:17:  Instrument ................: CTA
2019-07-25T09:22:17:  Event file ................: /cta/carli/CPPM_Internship/Simulations_and_Analyses/minus_step_EDisp_South_z40_50h/source1b/obs_cube.fits
2019-07-25T09:22:17:  Event type ................: CountsCube
2019-07-25T09:22:17:  Statistic .................: cstat
2019-07-25T09:22:17:  Ontime ....................: 144000 s
2019-07-25T09:22:17:  Livetime ..................: 141120 s
2019-07-25T09:22:17:  Deadtime correction .......: 0.98
2019-07-25T09:22:17:  User energy range .........: undefined
2019-07-25T09:22:17: === GCTAPointing ===
2019-07-25T09:22:17:  Pointing direction ........: (RA,Dec)=(84.1331,22.0145)
2019-07-25T09:22:17: === GCTAResponseCube ===
2019-07-25T09:22:17:  Energy dispersion .........: Used
2019-07-25T09:22:17: === GCTACubeExposure ===
2019-07-25T09:22:17:  Filename ..................: /cta/carli/CPPM_Internship/Simulations_and_Analyses/minus_step_EDisp_South_z40_50h/source1b/exposure_cube.fits
2019-07-25T09:22:17:  Livetime ..................: 141120 sec
2019-07-25T09:22:17: === GEnergies ===
2019-07-25T09:22:17:  Number of energies ........: 33
2019-07-25T09:22:17: === GGti ===
2019-07-25T09:22:17:  Number of intervals .......: 1
2019-07-25T09:22:17:  Ontime ....................: 144000 sec
2019-07-25T09:22:17:  Elapsed time ..............: 144000 sec
2019-07-25T09:22:17:  MJD range .................: 51544.5 - 51546.1666666667 s (TT)
2019-07-25T09:22:17:  UTC range .................: 2000-01-01T11:58:56 - 2000-01-03T03:58:56 s (TT)
2019-07-25T09:22:17:  Reference MJD .............: 51544.5
2019-07-25T09:22:17: === GSkyMap ===
2019-07-25T09:22:17:  Number of pixels ..........: 6400
2019-07-25T09:22:17:  X axis dimension ..........: 80
2019-07-25T09:22:17:  Y axis dimension ..........: 80
2019-07-25T09:22:17:  Number of maps ............: 33
2019-07-25T09:22:17:  Shape of maps .............: (33)
2019-07-25T09:22:17: === GCTACubePsf ===
2019-07-25T09:22:17:  Filename ..................: /cta/carli/CPPM_Internship/Simulations_and_Analyses/minus_step_EDisp_South_z40_50h/source1b/PSF_cube.fits
2019-07-25T09:22:17: === GEnergies ===
2019-07-25T09:22:17:  Number of energies ........: 33
2019-07-25T09:22:17:  Number of delta bins ......: 200
2019-07-25T09:22:17:  Delta range ...............: 1.875e-06 - 0.298501875 deg
2019-07-25T09:22:17: === GSkyMap ===
2019-07-25T09:22:17:  Number of pixels ..........: 1
2019-07-25T09:22:17:  X axis dimension ..........: 1
2019-07-25T09:22:17:  Y axis dimension ..........: 1
2019-07-25T09:22:17:  Number of maps ............: 6600
2019-07-25T09:22:17:  Shape of maps .............: (200, 33)
2019-07-25T09:22:17: === GCTACubeEdisp ===
2019-07-25T09:22:17:  Filename ..................: /cta/carli/CPPM_Internship/Simulations_and_Analyses/minus_step_EDisp_South_z40_50h/source1b/edisp_cube.fits
2019-07-25T09:22:17: === GEnergies ===
2019-07-25T09:22:17:  Number of energies ........: 33
2019-07-25T09:22:17:  Number of migra bins ......: 100
2019-07-25T09:22:17:  Migra range ...............: 0.02 - 2
2019-07-25T09:22:17: === GSkyMap ===
2019-07-25T09:22:17:  Number of pixels ..........: 1
2019-07-25T09:22:17:  X axis dimension ..........: 1
2019-07-25T09:22:17:  Y axis dimension ..........: 1
2019-07-25T09:22:17:  Number of maps ............: 3300
2019-07-25T09:22:17:  Shape of maps .............: (100, 33)
2019-07-25T09:22:17: === GCTACubeBackground ===
2019-07-25T09:22:17:  Filename ..................: /cta/carli/CPPM_Internship/Simulations_and_Analyses/minus_step_EDisp_South_z40_50h/source1b/background_cube.fits
2019-07-25T09:22:17: === GEbounds ===
2019-07-25T09:22:17:  Number of intervals .......: 32
2019-07-25T09:22:17:  Energy range ..............: 100 GeV - 199.526229858398 TeV
2019-07-25T09:22:17: === GSkyMap ===
2019-07-25T09:22:17:  Number of pixels ..........: 6400
2019-07-25T09:22:17:  X axis dimension ..........: 80
2019-07-25T09:22:17:  Y axis dimension ..........: 80
2019-07-25T09:22:17:  Number of maps ............: 32
2019-07-25T09:22:17:  Shape of maps .............: (32)
2019-07-25T09:22:17: === GCTAResponseCache ===
2019-07-25T09:22:17:  Number of cached values ...: 0
2019-07-25T09:22:17: === GCTAEventCube ===
2019-07-25T09:22:17:  Number of events ..........: 311011
2019-07-25T09:22:17:  Number of elements ........: 204800
2019-07-25T09:22:17:  Number of pixels ..........: 6400
2019-07-25T09:22:17:  Number of energy bins .....: 32
2019-07-25T09:22:17:  Time interval .............: 51544.5 - 51546.1666666667 days
2019-07-25T09:22:17:  Pointing ..................: (RA,Dec)=(84.1331,22.0145)
2019-07-25T09:22:17: === GEbounds ===
2019-07-25T09:22:17:  Number of intervals .......: 32
2019-07-25T09:22:17:  Energy range ..............: 100 GeV - 199.526229858398 TeV
2019-07-25T09:22:17: === GSkyMap ===
2019-07-25T09:22:17:  Number of pixels ..........: 6400
2019-07-25T09:22:17:  X axis dimension ..........: 80
2019-07-25T09:22:17:  Y axis dimension ..........: 80
2019-07-25T09:22:17:  Number of maps ............: 32
2019-07-25T09:22:17:  Shape of maps .............: (32)
2019-07-25T09:22:17: === GSkyRegions ===
2019-07-25T09:22:17:  Number of regions .........: 0
2019-07-25T09:22:17: === GModels ===
2019-07-25T09:22:17:  Number of models ..........: 2
2019-07-25T09:22:17:  Number of parameters ......: 11
2019-07-25T09:22:17: === GModelSky ===
2019-07-25T09:22:17:  Name ......................: source1b
2019-07-25T09:22:17:  Instruments ...............: all
2019-07-25T09:22:17:  Test Statistic ............: 37531.349
2019-07-25T09:22:17:  Observation identifiers ...: all
2019-07-25T09:22:17:  Model type ................: PointSource
2019-07-25T09:22:17:  Model components ..........: "PointSource" * "ExponentialCutoffPowerLaw" * "Constant"
2019-07-25T09:22:17:  Number of parameters ......: 7
2019-07-25T09:22:17:  Number of spatial par's ...: 2
2019-07-25T09:22:17:   RA .......................: 83.6331 [-360,360] deg (fixed,scale=1)
2019-07-25T09:22:17:   DEC ......................: 22.0145 [-90,90] deg (fixed,scale=1)
2019-07-25T09:22:17:  Number of spectral par's ..: 4
2019-07-25T09:22:17:   Prefactor ................: 1.50076206028072e-18 [1e-25,1e-15] ph/cm2/s/MeV (fixed,scale=1e-18,gradient)
2019-07-25T09:22:17:   Index ....................: -1.99900873831435 [-0,-5]  (fixed,scale=-1,gradient)
2019-07-25T09:22:17:   CutoffEnergy .............: 63743067.1534998 +/- 7811502.88632476 [100000,10000000000] MeV (free,scale=10000000,gradient)
2019-07-25T09:22:17:   PivotEnergy ..............: 1000000 [10000,1000000000] MeV (fixed,scale=1000000,gradient)
2019-07-25T09:22:17:  Number of temporal par's ..: 1
2019-07-25T09:22:17:   Normalization ............: 1 (relative value) (fixed,scale=1,gradient)
2019-07-25T09:22:17:  Number of scale par's .....: 0
2019-07-25T09:22:17: === GCTAModelCubeBackground ===
2019-07-25T09:22:17:  Name ......................: BackgroundModel
2019-07-25T09:22:17:  Instruments ...............: CTA, HESS, MAGIC, VERITAS
2019-07-25T09:22:17:  Observation identifiers ...: all
2019-07-25T09:22:17:  Model type ................: "PowerLaw" * "Constant"
2019-07-25T09:22:17:  Number of parameters ......: 4
2019-07-25T09:22:17:  Number of spectral par's ..: 3
2019-07-25T09:22:17:   Prefactor ................: 1.0254343774373 [0.01,100] ph/cm2/s/MeV (fixed,scale=1,gradient)
2019-07-25T09:22:17:   Index ....................: 0.0244493096136177 [-5,5]  (fixed,scale=1,gradient)
2019-07-25T09:22:17:   PivotEnergy ..............: 1000000 MeV (fixed,scale=1000000,gradient)
2019-07-25T09:22:17:  Number of temporal par's ..: 1
2019-07-25T09:22:17:   Normalization ............: 1 (relative value) (fixed,scale=1,gradient)
2019-07-25T09:22:17: 
2019-07-25T09:22:17: +=============================+
2019-07-25T09:22:17: | Compute best-fit likelihood |
2019-07-25T09:22:17: +=============================+
2019-07-25T09:23:51: === GOptimizerLM ===
2019-07-25T09:23:51:  Optimized function value ..: -306023.659
2019-07-25T09:23:51:  Absolute precision ........: 0.005
2019-07-25T09:23:51:  Acceptable value decrease .: 2
2019-07-25T09:23:51:  Optimization status .......: converged
2019-07-25T09:23:51:  Number of parameters ......: 11
2019-07-25T09:23:51:  Number of free parameters .: 1
2019-07-25T09:23:51:  Number of iterations ......: 1
2019-07-25T09:23:51:  Lambda ....................: 0.0001
2019-07-25T09:23:51:  Maximum log likelihood ....: -306023.659
2019-07-25T09:23:51: === GModels ===
2019-07-25T09:23:51:  Number of models ..........: 2
2019-07-25T09:23:51:  Number of parameters ......: 11
2019-07-25T09:23:51: === GModelSky ===
2019-07-25T09:23:51:  Name ......................: source1b
2019-07-25T09:23:51:  Instruments ...............: all
2019-07-25T09:23:51:  Test Statistic ............: 37531.349
2019-07-25T09:23:51:  Observation identifiers ...: all
2019-07-25T09:23:51:  Model type ................: PointSource
2019-07-25T09:23:51:  Model components ..........: "PointSource" * "ExponentialCutoffPowerLaw" * "Constant"
2019-07-25T09:23:51:  Number of parameters ......: 7
2019-07-25T09:23:51:  Number of spatial par's ...: 2
2019-07-25T09:23:51:   RA .......................: 83.6331 [-360,360] deg (fixed,scale=1)
2019-07-25T09:23:51:   DEC ......................: 22.0145 [-90,90] deg (fixed,scale=1)
2019-07-25T09:23:51:  Number of spectral par's ..: 4
2019-07-25T09:23:51:   Prefactor ................: 1.50076206028072e-18 [1e-25,1e-15] ph/cm2/s/MeV (fixed,scale=1e-18,gradient)
2019-07-25T09:23:51:   Index ....................: -1.99900873831435 [-0,-5]  (fixed,scale=-1,gradient)
2019-07-25T09:23:51:   CutoffEnergy .............: 63766054.7443885 +/- 5389400.39449697 [100000,10000000000] MeV (free,scale=10000000,gradient)
2019-07-25T09:23:51:   PivotEnergy ..............: 1000000 [10000,1000000000] MeV (fixed,scale=1000000,gradient)
2019-07-25T09:23:51:  Number of temporal par's ..: 1
2019-07-25T09:23:51:   Normalization ............: 1 (relative value) (fixed,scale=1,gradient)
2019-07-25T09:23:51:  Number of scale par's .....: 0
2019-07-25T09:23:51: === GCTAModelCubeBackground ===
2019-07-25T09:23:51:  Name ......................: BackgroundModel
2019-07-25T09:23:51:  Instruments ...............: CTA, HESS, MAGIC, VERITAS
2019-07-25T09:23:51:  Observation identifiers ...: all
2019-07-25T09:23:51:  Model type ................: "PowerLaw" * "Constant"
2019-07-25T09:23:51:  Number of parameters ......: 4
2019-07-25T09:23:51:  Number of spectral par's ..: 3
2019-07-25T09:23:51:   Prefactor ................: 1.0254343774373 [0.01,100] ph/cm2/s/MeV (fixed,scale=1,gradient)
2019-07-25T09:23:51:   Index ....................: 0.0244493096136177 [-5,5]  (fixed,scale=1,gradient)
2019-07-25T09:23:51:   PivotEnergy ..............: 1000000 MeV (fixed,scale=1000000,gradient)
2019-07-25T09:23:51:  Number of temporal par's ..: 1
2019-07-25T09:23:51:   Normalization ............: 1 (relative value) (fixed,scale=1,gradient)
2019-07-25T09:23:51: 
2019-07-25T09:23:51: +==============================================================+
2019-07-25T09:23:51: | Compute error for source "source1b" parameter "CutoffEnergy" |
2019-07-25T09:23:51: +==============================================================+
2019-07-25T09:23:51:  Confidence level ..........: 95 %
2019-07-25T09:23:51:  Log-likelihood difference .: 1.92073
2019-07-25T09:23:51:  Initial factor range ......: [0.987205079941878, 11.7660058689358]
2019-07-25T09:24:02:    Iteration 1 .............: [0.987205079941878, 6.37660547443885]
2019-07-25T09:24:13:    Iteration 2 .............: [3.68190527719037, 6.37660547443885]
2019-07-25T09:24:24:    Iteration 3 .............: [5.02925537581461, 6.37660547443885]
2019-07-25T09:24:35:    Iteration 4 .............: [5.02925537581461, 5.70293042512673]
2019-07-25T09:24:46:    Iteration 5 .............: [5.36609290047067, 5.70293042512673]
2019-07-25T09:24:58:    Iteration 6 .............: [5.36609290047067, 5.5345116627987]
2019-07-25T09:25:10:    Iteration 7 .............: [5.36609290047067, 5.45030228163468]
2019-07-25T09:25:21:    Iteration 8 .............: [5.40819759105268, 5.45030228163468]
2019-07-25T09:25:33:    Iteration 9 .............: [5.40819759105268, 5.42924993634368]
2019-07-25T09:25:45:    Iteration 10 ............: [5.40819759105268, 5.41872376369818]
2019-07-25T09:25:56:    Iteration 11 ............: [5.41346067737543, 5.41872376369818]
2019-07-25T09:26:08:    Iteration 12 ............: [5.41346067737543, 5.4160922205368]
2019-07-25T09:26:19:    Iteration 13 ............: [5.41477644895611, 5.4160922205368]
2019-07-25T09:26:30:    Iteration 1 .............: [6.37660547443885, 11.7660058689358]
2019-07-25T09:26:42:    Iteration 2 .............: [6.37660547443885, 9.07130567168734]
2019-07-25T09:26:53:    Iteration 3 .............: [6.37660547443885, 7.7239555730631]
2019-07-25T09:27:04:    Iteration 4 .............: [7.05028052375097, 7.7239555730631]
2019-07-25T09:27:14:    Iteration 5 .............: [7.38711804840703, 7.7239555730631]
2019-07-25T09:27:25:    Iteration 6 .............: [7.55553681073506, 7.7239555730631]
2019-07-25T09:27:36:    Iteration 7 .............: [7.63974619189908, 7.7239555730631]
2019-07-25T09:27:46:    Iteration 8 .............: [7.63974619189908, 7.68185088248109]
2019-07-25T09:27:57:    Iteration 9 .............: [7.66079853719008, 7.68185088248109]
2019-07-25T09:28:07:    Iteration 10 ............: [7.67132470983559, 7.68185088248109]
2019-07-25T09:28:17:    Iteration 11 ............: [7.67132470983559, 7.67658779615834]
2019-07-25T09:28:17:  Lower parameter factor ....: 5.41543
2019-07-25T09:28:17:  Upper parameter factor ....: 7.67396
2019-07-25T09:28:17:  Error from curvature ......: 5389400.39449697 MeV
2019-07-25T09:28:17:  Error from profile ........: 11292609.5912525 MeV
2019-07-25T09:28:17:  Negative profile error ....: 9611711.39692393 MeV
2019-07-25T09:28:17:  Positive profile error ....: 12973507.7855811 MeV
2019-07-25T09:28:17: 
2019-07-25T09:28:17: +==============+
2019-07-25T09:28:17: | Save results |
2019-07-25T09:28:17: +==============+
2019-07-25T09:28:17:  Model definition file .....: NONE
2019-07-25T09:28:17: 
2019-07-25T09:28:17: Application "cterror" terminated after 361 wall clock seconds, consuming 445.95 seconds of CPU time.
