2019-07-25T09:16:49: ********************************************************************************
2019-07-25T09:16:49: *                                    cterror                                   *
2019-07-25T09:16:49: * ---------------------------------------------------------------------------- *
2019-07-25T09:16:49: * Version: 1.6.0                                                               *
2019-07-25T09:16:49: ********************************************************************************
2019-07-25T09:16:49: +============+
2019-07-25T09:16:49: | Parameters |
2019-07-25T09:16:49: +============+
2019-07-25T09:16:49:  inobs .....................: /cta/carli/CPPM_Internship/Simulations_and_Analyses/minus_step_EDisp_South_z40_50h/source1b/obs_cube.fits
2019-07-25T09:16:49:  inmodel ...................: /cta/carli/CPPM_Internship/Simulations_and_Analyses/minus_step_EDisp_South_z40_50h/source1b/obsmodel_binned.xml
2019-07-25T09:16:49:  srcname ...................: source1b
2019-07-25T09:16:49:  expcube ...................: /cta/carli/CPPM_Internship/Simulations_and_Analyses/minus_step_EDisp_South_z40_50h/source1b/exposure_cube.fits
2019-07-25T09:16:49:  psfcube ...................: /cta/carli/CPPM_Internship/Simulations_and_Analyses/minus_step_EDisp_South_z40_50h/source1b/PSF_cube.fits
2019-07-25T09:16:49:  edispcube .................: /cta/carli/CPPM_Internship/Simulations_and_Analyses/minus_step_EDisp_South_z40_50h/source1b/edisp_cube.fits
2019-07-25T09:16:49:  bkgcube ...................: /cta/carli/CPPM_Internship/Simulations_and_Analyses/minus_step_EDisp_South_z40_50h/source1b/background_cube.fits
2019-07-25T09:16:49:  caldb .....................: prod3b-v2
2019-07-25T09:16:49:  irf .......................: minus_step_EDisp_South_z40_50h
2019-07-25T09:16:49:  edisp .....................: yes
2019-07-25T09:16:49:  outmodel ..................: 
2019-07-25T09:16:49:  confidence ................: 0.68
2019-07-25T09:16:49:  tol .......................: 1e-3
2019-07-25T09:16:49:  statistic .................: DEFAULT
2019-07-25T09:16:49:  like_accuracy .............: 0.005
2019-07-25T09:16:49:  max_iter ..................: 50
2019-07-25T09:16:49:  nthreads ..................: 0
2019-07-25T09:16:49:  chatter ...................: 4
2019-07-25T09:16:49:  clobber ...................: yes
2019-07-25T09:16:49:  debug .....................: no
2019-07-25T09:16:49:  mode ......................: ql
2019-07-25T09:16:49:  logfile ...................: cterror68.log
2019-07-25T09:16:49: 
2019-07-25T09:16:49: +===================+
2019-07-25T09:16:49: | Input observation |
2019-07-25T09:16:49: +===================+
2019-07-25T09:16:49: === GObservations ===
2019-07-25T09:16:49:  Number of observations ....: 1
2019-07-25T09:16:49:  Number of models ..........: 2
2019-07-25T09:16:49:  Number of observed events .: 311011
2019-07-25T09:16:49:  Number of predicted events : 0
2019-07-25T09:16:49: === GCTAObservation ===
2019-07-25T09:16:49:  Name ......................: 
2019-07-25T09:16:49:  Identifier ................: 000001
2019-07-25T09:16:49:  Instrument ................: CTA
2019-07-25T09:16:49:  Event file ................: /cta/carli/CPPM_Internship/Simulations_and_Analyses/minus_step_EDisp_South_z40_50h/source1b/obs_cube.fits
2019-07-25T09:16:49:  Event type ................: CountsCube
2019-07-25T09:16:49:  Statistic .................: cstat
2019-07-25T09:16:49:  Ontime ....................: 144000 s
2019-07-25T09:16:49:  Livetime ..................: 141120 s
2019-07-25T09:16:49:  Deadtime correction .......: 0.98
2019-07-25T09:16:49:  User energy range .........: undefined
2019-07-25T09:16:49: === GCTAPointing ===
2019-07-25T09:16:49:  Pointing direction ........: (RA,Dec)=(84.1331,22.0145)
2019-07-25T09:16:49: === GCTAResponseCube ===
2019-07-25T09:16:49:  Energy dispersion .........: Used
2019-07-25T09:16:49: === GCTACubeExposure ===
2019-07-25T09:16:49:  Filename ..................: /cta/carli/CPPM_Internship/Simulations_and_Analyses/minus_step_EDisp_South_z40_50h/source1b/exposure_cube.fits
2019-07-25T09:16:49:  Livetime ..................: 141120 sec
2019-07-25T09:16:49: === GEnergies ===
2019-07-25T09:16:49:  Number of energies ........: 33
2019-07-25T09:16:49: === GGti ===
2019-07-25T09:16:49:  Number of intervals .......: 1
2019-07-25T09:16:49:  Ontime ....................: 144000 sec
2019-07-25T09:16:49:  Elapsed time ..............: 144000 sec
2019-07-25T09:16:49:  MJD range .................: 51544.5 - 51546.1666666667 s (TT)
2019-07-25T09:16:49:  UTC range .................: 2000-01-01T11:58:56 - 2000-01-03T03:58:56 s (TT)
2019-07-25T09:16:49:  Reference MJD .............: 51544.5
2019-07-25T09:16:49: === GSkyMap ===
2019-07-25T09:16:49:  Number of pixels ..........: 6400
2019-07-25T09:16:49:  X axis dimension ..........: 80
2019-07-25T09:16:49:  Y axis dimension ..........: 80
2019-07-25T09:16:49:  Number of maps ............: 33
2019-07-25T09:16:49:  Shape of maps .............: (33)
2019-07-25T09:16:49: === GCTACubePsf ===
2019-07-25T09:16:49:  Filename ..................: /cta/carli/CPPM_Internship/Simulations_and_Analyses/minus_step_EDisp_South_z40_50h/source1b/PSF_cube.fits
2019-07-25T09:16:49: === GEnergies ===
2019-07-25T09:16:49:  Number of energies ........: 33
2019-07-25T09:16:49:  Number of delta bins ......: 200
2019-07-25T09:16:49:  Delta range ...............: 1.875e-06 - 0.298501875 deg
2019-07-25T09:16:49: === GSkyMap ===
2019-07-25T09:16:49:  Number of pixels ..........: 1
2019-07-25T09:16:49:  X axis dimension ..........: 1
2019-07-25T09:16:49:  Y axis dimension ..........: 1
2019-07-25T09:16:49:  Number of maps ............: 6600
2019-07-25T09:16:49:  Shape of maps .............: (200, 33)
2019-07-25T09:16:49: === GCTACubeEdisp ===
2019-07-25T09:16:49:  Filename ..................: /cta/carli/CPPM_Internship/Simulations_and_Analyses/minus_step_EDisp_South_z40_50h/source1b/edisp_cube.fits
2019-07-25T09:16:49: === GEnergies ===
2019-07-25T09:16:49:  Number of energies ........: 33
2019-07-25T09:16:49:  Number of migra bins ......: 100
2019-07-25T09:16:49:  Migra range ...............: 0.02 - 2
2019-07-25T09:16:49: === GSkyMap ===
2019-07-25T09:16:49:  Number of pixels ..........: 1
2019-07-25T09:16:49:  X axis dimension ..........: 1
2019-07-25T09:16:49:  Y axis dimension ..........: 1
2019-07-25T09:16:49:  Number of maps ............: 3300
2019-07-25T09:16:49:  Shape of maps .............: (100, 33)
2019-07-25T09:16:49: === GCTACubeBackground ===
2019-07-25T09:16:49:  Filename ..................: /cta/carli/CPPM_Internship/Simulations_and_Analyses/minus_step_EDisp_South_z40_50h/source1b/background_cube.fits
2019-07-25T09:16:49: === GEbounds ===
2019-07-25T09:16:49:  Number of intervals .......: 32
2019-07-25T09:16:49:  Energy range ..............: 100 GeV - 199.526229858398 TeV
2019-07-25T09:16:49: === GSkyMap ===
2019-07-25T09:16:49:  Number of pixels ..........: 6400
2019-07-25T09:16:49:  X axis dimension ..........: 80
2019-07-25T09:16:49:  Y axis dimension ..........: 80
2019-07-25T09:16:49:  Number of maps ............: 32
2019-07-25T09:16:49:  Shape of maps .............: (32)
2019-07-25T09:16:49: === GCTAResponseCache ===
2019-07-25T09:16:49:  Number of cached values ...: 0
2019-07-25T09:16:49: === GCTAEventCube ===
2019-07-25T09:16:49:  Number of events ..........: 311011
2019-07-25T09:16:49:  Number of elements ........: 204800
2019-07-25T09:16:49:  Number of pixels ..........: 6400
2019-07-25T09:16:49:  Number of energy bins .....: 32
2019-07-25T09:16:49:  Time interval .............: 51544.5 - 51546.1666666667 days
2019-07-25T09:16:49:  Pointing ..................: (RA,Dec)=(84.1331,22.0145)
2019-07-25T09:16:49: === GEbounds ===
2019-07-25T09:16:49:  Number of intervals .......: 32
2019-07-25T09:16:49:  Energy range ..............: 100 GeV - 199.526229858398 TeV
2019-07-25T09:16:49: === GSkyMap ===
2019-07-25T09:16:49:  Number of pixels ..........: 6400
2019-07-25T09:16:49:  X axis dimension ..........: 80
2019-07-25T09:16:49:  Y axis dimension ..........: 80
2019-07-25T09:16:49:  Number of maps ............: 32
2019-07-25T09:16:49:  Shape of maps .............: (32)
2019-07-25T09:16:49: === GSkyRegions ===
2019-07-25T09:16:49:  Number of regions .........: 0
2019-07-25T09:16:49: === GModels ===
2019-07-25T09:16:49:  Number of models ..........: 2
2019-07-25T09:16:49:  Number of parameters ......: 11
2019-07-25T09:16:49: === GModelSky ===
2019-07-25T09:16:49:  Name ......................: source1b
2019-07-25T09:16:49:  Instruments ...............: all
2019-07-25T09:16:49:  Test Statistic ............: 37531.349
2019-07-25T09:16:49:  Observation identifiers ...: all
2019-07-25T09:16:49:  Model type ................: PointSource
2019-07-25T09:16:49:  Model components ..........: "PointSource" * "ExponentialCutoffPowerLaw" * "Constant"
2019-07-25T09:16:49:  Number of parameters ......: 7
2019-07-25T09:16:49:  Number of spatial par's ...: 2
2019-07-25T09:16:49:   RA .......................: 83.6331 [-360,360] deg (fixed,scale=1)
2019-07-25T09:16:49:   DEC ......................: 22.0145 [-90,90] deg (fixed,scale=1)
2019-07-25T09:16:49:  Number of spectral par's ..: 4
2019-07-25T09:16:49:   Prefactor ................: 1.50076206028072e-18 [1e-25,1e-15] ph/cm2/s/MeV (fixed,scale=1e-18,gradient)
2019-07-25T09:16:49:   Index ....................: -1.99900873831435 [-0,-5]  (fixed,scale=-1,gradient)
2019-07-25T09:16:49:   CutoffEnergy .............: 63743067.1534998 +/- 7811502.88632476 [100000,10000000000] MeV (free,scale=10000000,gradient)
2019-07-25T09:16:49:   PivotEnergy ..............: 1000000 [10000,1000000000] MeV (fixed,scale=1000000,gradient)
2019-07-25T09:16:49:  Number of temporal par's ..: 1
2019-07-25T09:16:49:   Normalization ............: 1 (relative value) (fixed,scale=1,gradient)
2019-07-25T09:16:49:  Number of scale par's .....: 0
2019-07-25T09:16:49: === GCTAModelCubeBackground ===
2019-07-25T09:16:49:  Name ......................: BackgroundModel
2019-07-25T09:16:49:  Instruments ...............: CTA, HESS, MAGIC, VERITAS
2019-07-25T09:16:49:  Observation identifiers ...: all
2019-07-25T09:16:49:  Model type ................: "PowerLaw" * "Constant"
2019-07-25T09:16:49:  Number of parameters ......: 4
2019-07-25T09:16:49:  Number of spectral par's ..: 3
2019-07-25T09:16:49:   Prefactor ................: 1.0254343774373 [0.01,100] ph/cm2/s/MeV (fixed,scale=1,gradient)
2019-07-25T09:16:49:   Index ....................: 0.0244493096136177 [-5,5]  (fixed,scale=1,gradient)
2019-07-25T09:16:49:   PivotEnergy ..............: 1000000 MeV (fixed,scale=1000000,gradient)
2019-07-25T09:16:49:  Number of temporal par's ..: 1
2019-07-25T09:16:49:   Normalization ............: 1 (relative value) (fixed,scale=1,gradient)
2019-07-25T09:16:49: 
2019-07-25T09:16:49: +=============================+
2019-07-25T09:16:49: | Compute best-fit likelihood |
2019-07-25T09:16:49: +=============================+
2019-07-25T09:18:22: === GOptimizerLM ===
2019-07-25T09:18:22:  Optimized function value ..: -306023.659
2019-07-25T09:18:22:  Absolute precision ........: 0.005
2019-07-25T09:18:22:  Acceptable value decrease .: 2
2019-07-25T09:18:22:  Optimization status .......: converged
2019-07-25T09:18:22:  Number of parameters ......: 11
2019-07-25T09:18:22:  Number of free parameters .: 1
2019-07-25T09:18:22:  Number of iterations ......: 1
2019-07-25T09:18:22:  Lambda ....................: 0.0001
2019-07-25T09:18:22:  Maximum log likelihood ....: -306023.659
2019-07-25T09:18:22: === GModels ===
2019-07-25T09:18:22:  Number of models ..........: 2
2019-07-25T09:18:22:  Number of parameters ......: 11
2019-07-25T09:18:22: === GModelSky ===
2019-07-25T09:18:22:  Name ......................: source1b
2019-07-25T09:18:22:  Instruments ...............: all
2019-07-25T09:18:22:  Test Statistic ............: 37531.349
2019-07-25T09:18:22:  Observation identifiers ...: all
2019-07-25T09:18:22:  Model type ................: PointSource
2019-07-25T09:18:22:  Model components ..........: "PointSource" * "ExponentialCutoffPowerLaw" * "Constant"
2019-07-25T09:18:22:  Number of parameters ......: 7
2019-07-25T09:18:22:  Number of spatial par's ...: 2
2019-07-25T09:18:22:   RA .......................: 83.6331 [-360,360] deg (fixed,scale=1)
2019-07-25T09:18:22:   DEC ......................: 22.0145 [-90,90] deg (fixed,scale=1)
2019-07-25T09:18:22:  Number of spectral par's ..: 4
2019-07-25T09:18:22:   Prefactor ................: 1.50076206028072e-18 [1e-25,1e-15] ph/cm2/s/MeV (fixed,scale=1e-18,gradient)
2019-07-25T09:18:22:   Index ....................: -1.99900873831435 [-0,-5]  (fixed,scale=-1,gradient)
2019-07-25T09:18:22:   CutoffEnergy .............: 63766054.7443885 +/- 5389400.39449697 [100000,10000000000] MeV (free,scale=10000000,gradient)
2019-07-25T09:18:22:   PivotEnergy ..............: 1000000 [10000,1000000000] MeV (fixed,scale=1000000,gradient)
2019-07-25T09:18:22:  Number of temporal par's ..: 1
2019-07-25T09:18:22:   Normalization ............: 1 (relative value) (fixed,scale=1,gradient)
2019-07-25T09:18:22:  Number of scale par's .....: 0
2019-07-25T09:18:22: === GCTAModelCubeBackground ===
2019-07-25T09:18:22:  Name ......................: BackgroundModel
2019-07-25T09:18:22:  Instruments ...............: CTA, HESS, MAGIC, VERITAS
2019-07-25T09:18:22:  Observation identifiers ...: all
2019-07-25T09:18:22:  Model type ................: "PowerLaw" * "Constant"
2019-07-25T09:18:22:  Number of parameters ......: 4
2019-07-25T09:18:22:  Number of spectral par's ..: 3
2019-07-25T09:18:22:   Prefactor ................: 1.0254343774373 [0.01,100] ph/cm2/s/MeV (fixed,scale=1,gradient)
2019-07-25T09:18:22:   Index ....................: 0.0244493096136177 [-5,5]  (fixed,scale=1,gradient)
2019-07-25T09:18:22:   PivotEnergy ..............: 1000000 MeV (fixed,scale=1000000,gradient)
2019-07-25T09:18:22:  Number of temporal par's ..: 1
2019-07-25T09:18:22:   Normalization ............: 1 (relative value) (fixed,scale=1,gradient)
2019-07-25T09:18:22: 
2019-07-25T09:18:22: +==============================================================+
2019-07-25T09:18:22: | Compute error for source "source1b" parameter "CutoffEnergy" |
2019-07-25T09:18:22: +==============================================================+
2019-07-25T09:18:22:  Confidence level ..........: 68 %
2019-07-25T09:18:22:  Log-likelihood difference .: 0.494473
2019-07-25T09:18:22:  Initial factor range ......: [0.987205079941878, 11.7660058689358]
2019-07-25T09:18:32:    Iteration 1 .............: [0.987205079941878, 6.37660547443885]
2019-07-25T09:18:43:    Iteration 2 .............: [3.68190527719037, 6.37660547443885]
2019-07-25T09:18:54:    Iteration 3 .............: [5.02925537581461, 6.37660547443885]
2019-07-25T09:19:04:    Iteration 4 .............: [5.70293042512673, 6.37660547443885]
2019-07-25T09:19:15:    Iteration 5 .............: [5.70293042512673, 6.03976794978279]
2019-07-25T09:19:26:    Iteration 6 .............: [5.70293042512673, 5.87134918745476]
2019-07-25T09:19:37:    Iteration 7 .............: [5.78713980629075, 5.87134918745476]
2019-07-25T09:19:47:    Iteration 8 .............: [5.82924449687275, 5.87134918745476]
2019-07-25T09:19:58:    Iteration 9 .............: [5.85029684216376, 5.87134918745476]
2019-07-25T09:20:08:    Iteration 10 ............: [5.85029684216376, 5.86082301480926]
2019-07-25T09:20:19:    Iteration 1 .............: [6.37660547443885, 11.7660058689358]
2019-07-25T09:20:29:    Iteration 2 .............: [6.37660547443885, 9.07130567168734]
2019-07-25T09:20:40:    Iteration 3 .............: [6.37660547443885, 7.7239555730631]
2019-07-25T09:20:50:    Iteration 4 .............: [6.37660547443885, 7.05028052375097]
2019-07-25T09:21:01:    Iteration 5 .............: [6.71344299909491, 7.05028052375097]
2019-07-25T09:21:11:    Iteration 6 .............: [6.88186176142294, 7.05028052375097]
2019-07-25T09:21:22:    Iteration 7 .............: [6.96607114258696, 7.05028052375097]
2019-07-25T09:21:33:    Iteration 8 .............: [6.96607114258696, 7.00817583316897]
2019-07-25T09:21:43:    Iteration 9 .............: [6.96607114258696, 6.98712348787796]
2019-07-25T09:21:54:    Iteration 10 ............: [6.97659731523246, 6.98712348787796]
2019-07-25T09:22:05:    Iteration 11 ............: [6.98186040155521, 6.98712348787796]
2019-07-25T09:22:16:    Iteration 12 ............: [6.98186040155521, 6.98449194471659]
2019-07-25T09:22:16:  Lower parameter factor ....: 5.85556
2019-07-25T09:22:16:  Upper parameter factor ....: 6.98318
2019-07-25T09:22:16:  Error from curvature ......: 5389400.39449697 MeV
2019-07-25T09:22:16:  Error from profile ........: 5638081.22324695 MeV
2019-07-25T09:22:16:  Negative profile error ....: 5210455.45952344 MeV
2019-07-25T09:22:16:  Positive profile error ....: 6065706.98697046 MeV
2019-07-25T09:22:16: 
2019-07-25T09:22:16: +==============+
2019-07-25T09:22:16: | Save results |
2019-07-25T09:22:16: +==============+
2019-07-25T09:22:16:  Model definition file .....: NONE
2019-07-25T09:22:16: 
2019-07-25T09:22:16: Application "cterror" terminated after 328 wall clock seconds, consuming 405.06 seconds of CPU time.
