2019-07-23T16:03:38: ********************************************************************************
2019-07-23T16:03:38: *                                    ctlike                                    *
2019-07-23T16:03:38: * ---------------------------------------------------------------------------- *
2019-07-23T16:03:38: * Version: 1.6.0                                                               *
2019-07-23T16:03:38: ********************************************************************************
2019-07-23T16:03:38: +============+
2019-07-23T16:03:38: | Parameters |
2019-07-23T16:03:38: +============+
2019-07-23T16:03:38:  inobs .....................: /cta/carli/CPPM_Internship/Simulations_and_Analyses/minus_step_EDisp_South_z40_50h/source1b/obs_cube.fits
2019-07-23T16:03:38:  inmodel ...................: sourcemodel_cube.xml
2019-07-23T16:03:38:  expcube ...................: /cta/carli/CPPM_Internship/Simulations_and_Analyses/minus_step_EDisp_South_z40_50h/source1b/exposure_cube.fits
2019-07-23T16:03:38:  psfcube ...................: /cta/carli/CPPM_Internship/Simulations_and_Analyses/minus_step_EDisp_South_z40_50h/source1b/PSF_cube.fits
2019-07-23T16:03:38:  edispcube .................: /cta/carli/CPPM_Internship/Simulations_and_Analyses/minus_step_EDisp_South_z40_50h/source1b/edisp_cube.fits
2019-07-23T16:03:38:  bkgcube ...................: /cta/carli/CPPM_Internship/Simulations_and_Analyses/minus_step_EDisp_South_z40_50h/source1b/background_cube.fits
2019-07-23T16:03:38:  caldb .....................: prod3b-v2
2019-07-23T16:03:38:  irf .......................: South_z40_50h
2019-07-23T16:03:38:  edisp .....................: yes
2019-07-23T16:03:38:  outmodel ..................: /cta/carli/CPPM_Internship/Simulations_and_Analyses/minus_step_EDisp_South_z40_50h/source1b/obsmodel_binned.xml
2019-07-23T16:03:38:  outcovmat .................: NONE
2019-07-23T16:03:38:  statistic .................: DEFAULT
2019-07-23T16:03:38:  refit .....................: no
2019-07-23T16:03:38:  like_accuracy .............: 0.005
2019-07-23T16:03:38:  max_iter ..................: 50
2019-07-23T16:03:38:  fix_spat_for_ts ...........: no
2019-07-23T16:03:38:  nthreads ..................: 0
2019-07-23T16:03:38:  chatter ...................: 4
2019-07-23T16:03:38:  clobber ...................: yes
2019-07-23T16:03:38:  debug .....................: no
2019-07-23T16:03:38:  mode ......................: ql
2019-07-23T16:03:38:  logfile ...................: ctlike.log
2019-07-23T16:03:38: 
2019-07-23T16:03:38: +===================+
2019-07-23T16:03:38: | Input observation |
2019-07-23T16:03:38: +===================+
2019-07-23T16:03:38: === GObservations ===
2019-07-23T16:03:38:  Number of observations ....: 1
2019-07-23T16:03:38:  Number of models ..........: 2
2019-07-23T16:03:38:  Number of observed events .: 311011
2019-07-23T16:03:38:  Number of predicted events : 0
2019-07-23T16:03:38: === GCTAObservation ===
2019-07-23T16:03:38:  Name ......................: 
2019-07-23T16:03:38:  Identifier ................: 000001
2019-07-23T16:03:38:  Instrument ................: CTA
2019-07-23T16:03:38:  Event file ................: /cta/carli/CPPM_Internship/Simulations_and_Analyses/minus_step_EDisp_South_z40_50h/source1b/obs_cube.fits
2019-07-23T16:03:38:  Event type ................: CountsCube
2019-07-23T16:03:38:  Statistic .................: cstat
2019-07-23T16:03:38:  Ontime ....................: 144000 s
2019-07-23T16:03:38:  Livetime ..................: 141120 s
2019-07-23T16:03:38:  Deadtime correction .......: 0.98
2019-07-23T16:03:38:  User energy range .........: undefined
2019-07-23T16:03:38: === GCTAPointing ===
2019-07-23T16:03:38:  Pointing direction ........: (RA,Dec)=(84.1331,22.0145)
2019-07-23T16:03:38: === GCTAResponseCube ===
2019-07-23T16:03:38:  Energy dispersion .........: Used
2019-07-23T16:03:38: === GCTACubeExposure ===
2019-07-23T16:03:38:  Filename ..................: /cta/carli/CPPM_Internship/Simulations_and_Analyses/minus_step_EDisp_South_z40_50h/source1b/exposure_cube.fits
2019-07-23T16:03:38:  Livetime ..................: 141120 sec
2019-07-23T16:03:38: === GEnergies ===
2019-07-23T16:03:38:  Number of energies ........: 33
2019-07-23T16:03:38: === GGti ===
2019-07-23T16:03:38:  Number of intervals .......: 1
2019-07-23T16:03:38:  Ontime ....................: 144000 sec
2019-07-23T16:03:38:  Elapsed time ..............: 144000 sec
2019-07-23T16:03:38:  MJD range .................: 51544.5 - 51546.1666666667 s (TT)
2019-07-23T16:03:38:  UTC range .................: 2000-01-01T11:58:56 - 2000-01-03T03:58:56 s (TT)
2019-07-23T16:03:38:  Reference MJD .............: 51544.5
2019-07-23T16:03:38: === GSkyMap ===
2019-07-23T16:03:38:  Number of pixels ..........: 6400
2019-07-23T16:03:38:  X axis dimension ..........: 80
2019-07-23T16:03:38:  Y axis dimension ..........: 80
2019-07-23T16:03:38:  Number of maps ............: 33
2019-07-23T16:03:38:  Shape of maps .............: (33)
2019-07-23T16:03:38: === GCTACubePsf ===
2019-07-23T16:03:38:  Filename ..................: /cta/carli/CPPM_Internship/Simulations_and_Analyses/minus_step_EDisp_South_z40_50h/source1b/PSF_cube.fits
2019-07-23T16:03:38: === GEnergies ===
2019-07-23T16:03:38:  Number of energies ........: 33
2019-07-23T16:03:38:  Number of delta bins ......: 200
2019-07-23T16:03:38:  Delta range ...............: 1.875e-06 - 0.298501875 deg
2019-07-23T16:03:38: === GSkyMap ===
2019-07-23T16:03:38:  Number of pixels ..........: 1
2019-07-23T16:03:38:  X axis dimension ..........: 1
2019-07-23T16:03:38:  Y axis dimension ..........: 1
2019-07-23T16:03:38:  Number of maps ............: 6600
2019-07-23T16:03:38:  Shape of maps .............: (200, 33)
2019-07-23T16:03:38: === GCTACubeEdisp ===
2019-07-23T16:03:38:  Filename ..................: /cta/carli/CPPM_Internship/Simulations_and_Analyses/minus_step_EDisp_South_z40_50h/source1b/edisp_cube.fits
2019-07-23T16:03:38: === GEnergies ===
2019-07-23T16:03:38:  Number of energies ........: 33
2019-07-23T16:03:38:  Number of migra bins ......: 100
2019-07-23T16:03:38:  Migra range ...............: 0.02 - 2
2019-07-23T16:03:38: === GSkyMap ===
2019-07-23T16:03:38:  Number of pixels ..........: 1
2019-07-23T16:03:38:  X axis dimension ..........: 1
2019-07-23T16:03:38:  Y axis dimension ..........: 1
2019-07-23T16:03:38:  Number of maps ............: 3300
2019-07-23T16:03:38:  Shape of maps .............: (100, 33)
2019-07-23T16:03:38: === GCTACubeBackground ===
2019-07-23T16:03:38:  Filename ..................: /cta/carli/CPPM_Internship/Simulations_and_Analyses/minus_step_EDisp_South_z40_50h/source1b/background_cube.fits
2019-07-23T16:03:38: === GEbounds ===
2019-07-23T16:03:38:  Number of intervals .......: 32
2019-07-23T16:03:38:  Energy range ..............: 100 GeV - 199.526229858398 TeV
2019-07-23T16:03:38: === GSkyMap ===
2019-07-23T16:03:38:  Number of pixels ..........: 6400
2019-07-23T16:03:38:  X axis dimension ..........: 80
2019-07-23T16:03:38:  Y axis dimension ..........: 80
2019-07-23T16:03:38:  Number of maps ............: 32
2019-07-23T16:03:38:  Shape of maps .............: (32)
2019-07-23T16:03:38: === GCTAResponseCache ===
2019-07-23T16:03:38:  Number of cached values ...: 0
2019-07-23T16:03:38: === GCTAEventCube ===
2019-07-23T16:03:38:  Number of events ..........: 311011
2019-07-23T16:03:38:  Number of elements ........: 204800
2019-07-23T16:03:38:  Number of pixels ..........: 6400
2019-07-23T16:03:38:  Number of energy bins .....: 32
2019-07-23T16:03:38:  Time interval .............: 51544.5 - 51546.1666666667 days
2019-07-23T16:03:38:  Pointing ..................: (RA,Dec)=(84.1331,22.0145)
2019-07-23T16:03:38: === GEbounds ===
2019-07-23T16:03:38:  Number of intervals .......: 32
2019-07-23T16:03:38:  Energy range ..............: 100 GeV - 199.526229858398 TeV
2019-07-23T16:03:38: === GSkyMap ===
2019-07-23T16:03:38:  Number of pixels ..........: 6400
2019-07-23T16:03:38:  X axis dimension ..........: 80
2019-07-23T16:03:38:  Y axis dimension ..........: 80
2019-07-23T16:03:38:  Number of maps ............: 32
2019-07-23T16:03:38:  Shape of maps .............: (32)
2019-07-23T16:03:38: === GSkyRegions ===
2019-07-23T16:03:38:  Number of regions .........: 0
2019-07-23T16:03:38: === GModels ===
2019-07-23T16:03:38:  Number of models ..........: 2
2019-07-23T16:03:38:  Number of parameters ......: 11
2019-07-23T16:03:38: === GModelSky ===
2019-07-23T16:03:38:  Name ......................: source1b
2019-07-23T16:03:38:  Instruments ...............: all
2019-07-23T16:03:38:  Test Statistic ............: Computation requested
2019-07-23T16:03:38:  Observation identifiers ...: all
2019-07-23T16:03:38:  Model type ................: PointSource
2019-07-23T16:03:38:  Model components ..........: "PointSource" * "ExponentialCutoffPowerLaw" * "Constant"
2019-07-23T16:03:38:  Number of parameters ......: 7
2019-07-23T16:03:38:  Number of spatial par's ...: 2
2019-07-23T16:03:38:   RA .......................: 83.6331 [-360,360] deg (fixed,scale=1)
2019-07-23T16:03:38:   DEC ......................: 22.0145 [-90,90] deg (fixed,scale=1)
2019-07-23T16:03:38:  Number of spectral par's ..: 4
2019-07-23T16:03:38:   Prefactor ................: 1.52e-18 +/- 0 [1e-25,1e-15] ph/cm2/s/MeV (free,scale=1e-18,gradient)
2019-07-23T16:03:38:   Index ....................: -2 +/- 0 [-0,-5]  (free,scale=-1,gradient)
2019-07-23T16:03:38:   CutoffEnergy .............: 50000000 +/- 0 [100000,10000000000] MeV (free,scale=10000000,gradient)
2019-07-23T16:03:38:   PivotEnergy ..............: 1000000 [10000,1000000000] MeV (fixed,scale=1000000,gradient)
2019-07-23T16:03:38:  Number of temporal par's ..: 1
2019-07-23T16:03:38:   Normalization ............: 1 (relative value) (fixed,scale=1,gradient)
2019-07-23T16:03:38:  Number of scale par's .....: 0
2019-07-23T16:03:38: === GCTAModelCubeBackground ===
2019-07-23T16:03:38:  Name ......................: BackgroundModel
2019-07-23T16:03:38:  Instruments ...............: CTA, HESS, MAGIC, VERITAS
2019-07-23T16:03:38:  Observation identifiers ...: all
2019-07-23T16:03:38:  Model type ................: "PowerLaw" * "Constant"
2019-07-23T16:03:38:  Number of parameters ......: 4
2019-07-23T16:03:38:  Number of spectral par's ..: 3
2019-07-23T16:03:38:   Prefactor ................: 1 +/- 0 [0.01,100] ph/cm2/s/MeV (free,scale=1,gradient)
2019-07-23T16:03:38:   Index ....................: 0 +/- 0 [-5,5]  (free,scale=1,gradient)
2019-07-23T16:03:38:   PivotEnergy ..............: 1000000 MeV (fixed,scale=1000000,gradient)
2019-07-23T16:03:38:  Number of temporal par's ..: 1
2019-07-23T16:03:38:   Normalization ............: 1 (relative value) (fixed,scale=1,gradient)
2019-07-23T16:03:38: 
2019-07-23T16:03:38: +=================================+
2019-07-23T16:03:38: | Maximum likelihood optimisation |
2019-07-23T16:03:38: +=================================+
2019-07-23T16:04:08:  >Iteration   0: -logL=-305947.406, Lambda=1.0e-03
2019-07-23T16:04:36:  >Iteration   1: -logL=-306023.251, Lambda=1.0e-03, delta=75.844, step=1.0e+00, max(|grad|)=258.847680 [Index:8]
2019-07-23T16:05:04:  >Iteration   2: -logL=-306023.637, Lambda=1.0e-04, delta=0.387, step=1.0e+00, max(|grad|)=8.055991 [Index:3]
2019-07-23T16:05:32:  >Iteration   3: -logL=-306023.659, Lambda=1.0e-05, delta=0.021, step=1.0e+00, max(|grad|)=0.842866 [Index:3]
2019-07-23T16:06:00:  >Iteration   4: -logL=-306023.659, Lambda=1.0e-06, delta=0.001, step=1.0e+00, max(|grad|)=0.087096 [Index:3]
2019-07-23T16:06:00:  
2019-07-23T16:06:00:  +==================+
2019-07-23T16:06:00:  | Curvature matrix |
2019-07-23T16:06:00:  +==================+
2019-07-23T16:06:00:  === GMatrixSparse ===
2019-07-23T16:06:00:   Number of rows ............: 11
2019-07-23T16:06:00:   Number of columns .........: 11
2019-07-23T16:06:00:   Number of nonzero elements : 25
2019-07-23T16:06:00:   Number of allocated cells .: 537
2019-07-23T16:06:00:   Memory block size .........: 512
2019-07-23T16:06:00:   Sparse matrix fill ........: 0.206611570247934
2019-07-23T16:06:00:   Pending element ...........: 0
2019-07-23T16:06:00:   Fill stack size ...........: 0 (none)
2019-07-23T16:06:00:   0, 0, 0, 0, 0, 0, 0, 0, 0, 0, 0
2019-07-23T16:06:00:   0, 0, 0, 0, 0, 0, 0, 0, 0, 0, 0
2019-07-23T16:06:00:   0, 0, 3488.62585737342, -1344.86557092668, 44.0423270725578, 0, 0, 1887.4582661856, -2743.76714761875, 0, 0
2019-07-23T16:06:00:   0, 0, -1344.86557092668, 14150.5707348876, -147.531102202449, 0, 0, 4050.61870329708, -7566.15616759305, 0, 0
2019-07-23T16:06:00:   0, 0, 44.0423270725578, -147.531102202449, 3.44775402156962, 0, 0, 2.8505025437497, 0.177954946759932, 0, 0
2019-07-23T16:06:00:   0, 0, 0, 0, 0, 0, 0, 0, 0, 0, 0
2019-07-23T16:06:00:   0, 0, 0, 0, 0, 0, 0, 0, 0, 0, 0
2019-07-23T16:06:00:   0, 0, 1887.4582661856, 4050.61870329708, 2.8505025437497, 0, 0, 281121.129308076, -449884.890937922, 0, 0
2019-07-23T16:06:00:   0, 0, -2743.76714761875, -7566.15616759305, 0.17795494675993, 0, 0, -449884.890937921, 873313.957612265, 0, 0
2019-07-23T16:06:00:   0, 0, 0, 0, 0, 0, 0, 0, 0, 0, 0
2019-07-23T16:06:00:   0, 0, 0, 0, 0, 0, 0, 0, 0, 0, 0
2019-07-23T16:06:27: 
2019-07-23T16:06:27: +====================================+
2019-07-23T16:06:27: | Maximum likelihood re-optimisation |
2019-07-23T16:06:27: +====================================+
2019-07-23T16:06:28:  >Iteration   0: -logL=-286435.613, Lambda=1.0e-03
2019-07-23T16:06:29:  >Iteration   1: -logL=-287221.738, Lambda=1.0e-03, delta=786.125, step=1.0e+00, max(|grad|)=3412.138820 [Index:1]
2019-07-23T16:06:29:  >Iteration   2: -logL=-287257.890, Lambda=1.0e-04, delta=36.152, step=1.0e+00, max(|grad|)=-137.815387 [Prefactor:0]
2019-07-23T16:06:30:  >Iteration   3: -logL=-287257.985, Lambda=1.0e-05, delta=0.095, step=1.0e+00, max(|grad|)=-4.614147 [Index:1]
2019-07-23T16:06:31:  >Iteration   4: -logL=-287257.985, Lambda=1.0e-06, delta=0.000, step=1.0e+00, max(|grad|)=-0.202075 [Index:1]
2019-07-23T16:06:31: 
2019-07-23T16:06:31: +============================================+
2019-07-23T16:06:31: | Maximum likelihood re-optimisation results |
2019-07-23T16:06:31: +============================================+
2019-07-23T16:06:31: === GOptimizerLM ===
2019-07-23T16:06:31:  Optimized function value ..: -287257.985
2019-07-23T16:06:31:  Absolute precision ........: 0.005
2019-07-23T16:06:31:  Acceptable value decrease .: 2
2019-07-23T16:06:31:  Optimization status .......: converged
2019-07-23T16:06:31:  Number of parameters ......: 4
2019-07-23T16:06:31:  Number of free parameters .: 2
2019-07-23T16:06:31:  Number of iterations ......: 4
2019-07-23T16:06:31:  Lambda ....................: 1e-07
2019-07-23T16:06:31: 
2019-07-23T16:06:31: +=========================================+
2019-07-23T16:06:31: | Maximum likelihood optimisation results |
2019-07-23T16:06:31: +=========================================+
2019-07-23T16:06:31: === GOptimizerLM ===
2019-07-23T16:06:31:  Optimized function value ..: -306023.659
2019-07-23T16:06:31:  Absolute precision ........: 0.005
2019-07-23T16:06:31:  Acceptable value decrease .: 2
2019-07-23T16:06:31:  Optimization status .......: converged
2019-07-23T16:06:31:  Number of parameters ......: 11
2019-07-23T16:06:31:  Number of free parameters .: 5
2019-07-23T16:06:31:  Number of iterations ......: 4
2019-07-23T16:06:31:  Lambda ....................: 1e-07
2019-07-23T16:06:31:  Maximum log likelihood ....: 306023.659
2019-07-23T16:06:31:  Observed events  (Nobs) ...: 311011.000
2019-07-23T16:06:31:  Predicted events (Npred) ..: 309269.992 (Nobs - Npred = 1741.00823253969)
2019-07-23T16:06:31: === GModels ===
2019-07-23T16:06:31:  Number of models ..........: 2
2019-07-23T16:06:31:  Number of parameters ......: 11
2019-07-23T16:06:31: === GModelSky ===
2019-07-23T16:06:31:  Name ......................: source1b
2019-07-23T16:06:31:  Instruments ...............: all
2019-07-23T16:06:31:  Test Statistic ............: 37531.3491074776
2019-07-23T16:06:31:  Observation identifiers ...: all
2019-07-23T16:06:31:  Model type ................: PointSource
2019-07-23T16:06:31:  Model components ..........: "PointSource" * "ExponentialCutoffPowerLaw" * "Constant"
2019-07-23T16:06:31:  Number of parameters ......: 7
2019-07-23T16:06:31:  Number of spatial par's ...: 2
2019-07-23T16:06:31:   RA .......................: 83.6331 [-360,360] deg (fixed,scale=1)
2019-07-23T16:06:31:   DEC ......................: 22.0145 [-90,90] deg (fixed,scale=1)
2019-07-23T16:06:31:  Number of spectral par's ..: 4
2019-07-23T16:06:31:   Prefactor ................: 1.50076206028072e-18 +/- 1.86352126329243e-20 [1e-25,1e-15] ph/cm2/s/MeV (free,scale=1e-18,gradient)
2019-07-23T16:06:31:   Index ....................: -1.99900873831435 +/- 0.011410777833546 [-0,-5]  (free,scale=-1,gradient)
2019-07-23T16:06:31:   CutoffEnergy .............: 63743067.1534998 +/- 7811502.88632476 [100000,10000000000] MeV (free,scale=10000000,gradient)
2019-07-23T16:06:31:   PivotEnergy ..............: 1000000 [10000,1000000000] MeV (fixed,scale=1000000,gradient)
2019-07-23T16:06:31:  Number of temporal par's ..: 1
2019-07-23T16:06:31:   Normalization ............: 1 (relative value) (fixed,scale=1,gradient)
2019-07-23T16:06:31:  Number of scale par's .....: 0
2019-07-23T16:06:31: === GCTAModelCubeBackground ===
2019-07-23T16:06:31:  Name ......................: BackgroundModel
2019-07-23T16:06:31:  Instruments ...............: CTA, HESS, MAGIC, VERITAS
2019-07-23T16:06:31:  Observation identifiers ...: all
2019-07-23T16:06:31:  Model type ................: "PowerLaw" * "Constant"
2019-07-23T16:06:31:  Number of parameters ......: 4
2019-07-23T16:06:31:  Number of spectral par's ..: 3
2019-07-23T16:06:31:   Prefactor ................: 1.0254343774373 +/- 0.00450417211975452 [0.01,100] ph/cm2/s/MeV (free,scale=1,gradient)
2019-07-23T16:06:31:   Index ....................: 0.0244493096136177 +/- 0.00255471461611077 [-5,5]  (free,scale=1,gradient)
2019-07-23T16:06:31:   PivotEnergy ..............: 1000000 MeV (fixed,scale=1000000,gradient)
2019-07-23T16:06:31:  Number of temporal par's ..: 1
2019-07-23T16:06:31:   Normalization ............: 1 (relative value) (fixed,scale=1,gradient)
2019-07-23T16:06:31: 
2019-07-23T16:06:31: +==============+
2019-07-23T16:06:31: | Save results |
2019-07-23T16:06:31: +==============+
2019-07-23T16:06:31:  Model definition file .....: /cta/carli/CPPM_Internship/Simulations_and_Analyses/minus_step_EDisp_South_z40_50h/source1b/obsmodel_binned.xml
2019-07-23T16:06:31:  Covariance matrix file ....: NONE
2019-07-23T16:06:31: 
2019-07-23T16:06:31: Application "ctlike" terminated after 174 wall clock seconds, consuming 180.12 seconds of CPU time.
