2019-07-23T20:48:34: ********************************************************************************
2019-07-23T20:48:34: *                                  ctbutterfly                                 *
2019-07-23T20:48:34: * ---------------------------------------------------------------------------- *
2019-07-23T20:48:34: * Version: 1.6.0                                                               *
2019-07-23T20:48:34: ********************************************************************************
2019-07-23T20:48:34: +============+
2019-07-23T20:48:34: | Parameters |
2019-07-23T20:48:34: +============+
2019-07-23T20:48:34:  inobs .....................: /cta/carli/CPPM_Internship/Simulations_and_Analyses/plus_gradient_EDisp_South_z40_50h/source3d/obs_cube.fits
2019-07-23T20:48:34:  inmodel ...................: /cta/carli/CPPM_Internship/Simulations_and_Analyses/plus_gradient_EDisp_South_z40_50h/source3d/obsmodel_binned.xml
2019-07-23T20:48:34:  srcname ...................: source3d
2019-07-23T20:48:34:  expcube ...................: /cta/carli/CPPM_Internship/Simulations_and_Analyses/plus_gradient_EDisp_South_z40_50h/source3d/exposure_cube.fits
2019-07-23T20:48:34:  psfcube ...................: /cta/carli/CPPM_Internship/Simulations_and_Analyses/plus_gradient_EDisp_South_z40_50h/source3d/PSF_cube.fits
2019-07-23T20:48:34:  edispcube .................: /cta/carli/CPPM_Internship/Simulations_and_Analyses/plus_gradient_EDisp_South_z40_50h/source3d/edisp_cube.fits
2019-07-23T20:48:34:  bkgcube ...................: /cta/carli/CPPM_Internship/Simulations_and_Analyses/plus_gradient_EDisp_South_z40_50h/source3d/background_cube.fits
2019-07-23T20:48:34:  caldb .....................: prod3b-v2
2019-07-23T20:48:34:  irf .......................: South_z40_50h
2019-07-23T20:48:34:  edisp .....................: yes
2019-07-23T20:48:34:  outfile ...................: /cta/carli/CPPM_Internship/Simulations_and_Analyses/plus_gradient_EDisp_South_z40_50h/source3d/butterfly_binned.ascii
2019-07-23T20:48:34:  method ....................: GAUSSIAN
2019-07-23T20:48:34:  fit .......................: no
2019-07-23T20:48:34:  confidence ................: 0.68
2019-07-23T20:48:34:  statistic .................: DEFAULT
2019-07-23T20:48:34:  like_accuracy .............: 0.005
2019-07-23T20:48:34:  max_iter ..................: 50
2019-07-23T20:48:34:  matrix ....................: NONE
2019-07-23T20:48:34:  ebinalg ...................: LOG
2019-07-23T20:48:34:  emin ......................: 0.1
2019-07-23T20:48:34:  emax ......................: 199.526229858398
2019-07-23T20:48:34:  enumbins ..................: 32
2019-07-23T20:48:34:  ebinfile ..................: [not queried]
2019-07-23T20:48:34:  chatter ...................: 4
2019-07-23T20:48:34:  clobber ...................: yes
2019-07-23T20:48:34:  debug .....................: no
2019-07-23T20:48:34:  mode ......................: ql
2019-07-23T20:48:34:  logfile ...................: ctbutterfly.log
2019-07-23T20:48:34: 
2019-07-23T20:48:34: +===================+
2019-07-23T20:48:34: | Input observation |
2019-07-23T20:48:34: +===================+
2019-07-23T20:48:34: === GObservations ===
2019-07-23T20:48:34:  Number of observations ....: 1
2019-07-23T20:48:34:  Number of models ..........: 2
2019-07-23T20:48:34:  Number of observed events .: 306406
2019-07-23T20:48:34:  Number of predicted events : 0
2019-07-23T20:48:34: === GCTAObservation ===
2019-07-23T20:48:34:  Name ......................: 
2019-07-23T20:48:34:  Identifier ................: 000001
2019-07-23T20:48:34:  Instrument ................: CTA
2019-07-23T20:48:34:  Event file ................: /cta/carli/CPPM_Internship/Simulations_and_Analyses/plus_gradient_EDisp_South_z40_50h/source3d/obs_cube.fits
2019-07-23T20:48:34:  Event type ................: CountsCube
2019-07-23T20:48:34:  Statistic .................: cstat
2019-07-23T20:48:34:  Ontime ....................: 144000 s
2019-07-23T20:48:34:  Livetime ..................: 141120 s
2019-07-23T20:48:34:  Deadtime correction .......: 0.98
2019-07-23T20:48:34:  User energy range .........: undefined
2019-07-23T20:48:34: === GCTAPointing ===
2019-07-23T20:48:34:  Pointing direction ........: (RA,Dec)=(84.1331,22.0145)
2019-07-23T20:48:34: === GCTAResponseCube ===
2019-07-23T20:48:34:  Energy dispersion .........: Used
2019-07-23T20:48:34: === GCTACubeExposure ===
2019-07-23T20:48:34:  Filename ..................: /cta/carli/CPPM_Internship/Simulations_and_Analyses/plus_gradient_EDisp_South_z40_50h/source3d/exposure_cube.fits
2019-07-23T20:48:34:  Livetime ..................: 141120 sec
2019-07-23T20:48:34: === GEnergies ===
2019-07-23T20:48:34:  Number of energies ........: 33
2019-07-23T20:48:34: === GGti ===
2019-07-23T20:48:34:  Number of intervals .......: 1
2019-07-23T20:48:34:  Ontime ....................: 144000 sec
2019-07-23T20:48:34:  Elapsed time ..............: 144000 sec
2019-07-23T20:48:34:  MJD range .................: 51544.5 - 51546.1666666667 s (TT)
2019-07-23T20:48:34:  UTC range .................: 2000-01-01T11:58:56 - 2000-01-03T03:58:56 s (TT)
2019-07-23T20:48:34:  Reference MJD .............: 51544.5
2019-07-23T20:48:34: === GSkyMap ===
2019-07-23T20:48:34:  Number of pixels ..........: 6400
2019-07-23T20:48:34:  X axis dimension ..........: 80
2019-07-23T20:48:34:  Y axis dimension ..........: 80
2019-07-23T20:48:34:  Number of maps ............: 33
2019-07-23T20:48:34:  Shape of maps .............: (33)
2019-07-23T20:48:34: === GCTACubePsf ===
2019-07-23T20:48:34:  Filename ..................: /cta/carli/CPPM_Internship/Simulations_and_Analyses/plus_gradient_EDisp_South_z40_50h/source3d/PSF_cube.fits
2019-07-23T20:48:34: === GEnergies ===
2019-07-23T20:48:34:  Number of energies ........: 33
2019-07-23T20:48:34:  Number of delta bins ......: 200
2019-07-23T20:48:34:  Delta range ...............: 1.875e-06 - 0.298501875 deg
2019-07-23T20:48:34: === GSkyMap ===
2019-07-23T20:48:34:  Number of pixels ..........: 1
2019-07-23T20:48:34:  X axis dimension ..........: 1
2019-07-23T20:48:34:  Y axis dimension ..........: 1
2019-07-23T20:48:34:  Number of maps ............: 6600
2019-07-23T20:48:34:  Shape of maps .............: (200, 33)
2019-07-23T20:48:34: === GCTACubeEdisp ===
2019-07-23T20:48:34:  Filename ..................: /cta/carli/CPPM_Internship/Simulations_and_Analyses/plus_gradient_EDisp_South_z40_50h/source3d/edisp_cube.fits
2019-07-23T20:48:34: === GEnergies ===
2019-07-23T20:48:34:  Number of energies ........: 33
2019-07-23T20:48:34:  Number of migra bins ......: 100
2019-07-23T20:48:34:  Migra range ...............: 0.02 - 2
2019-07-23T20:48:34: === GSkyMap ===
2019-07-23T20:48:34:  Number of pixels ..........: 1
2019-07-23T20:48:34:  X axis dimension ..........: 1
2019-07-23T20:48:34:  Y axis dimension ..........: 1
2019-07-23T20:48:34:  Number of maps ............: 3300
2019-07-23T20:48:34:  Shape of maps .............: (100, 33)
2019-07-23T20:48:34: === GCTACubeBackground ===
2019-07-23T20:48:34:  Filename ..................: /cta/carli/CPPM_Internship/Simulations_and_Analyses/plus_gradient_EDisp_South_z40_50h/source3d/background_cube.fits
2019-07-23T20:48:34: === GEbounds ===
2019-07-23T20:48:34:  Number of intervals .......: 32
2019-07-23T20:48:34:  Energy range ..............: 100 GeV - 199.526229858398 TeV
2019-07-23T20:48:34: === GSkyMap ===
2019-07-23T20:48:34:  Number of pixels ..........: 6400
2019-07-23T20:48:34:  X axis dimension ..........: 80
2019-07-23T20:48:34:  Y axis dimension ..........: 80
2019-07-23T20:48:34:  Number of maps ............: 32
2019-07-23T20:48:34:  Shape of maps .............: (32)
2019-07-23T20:48:34: === GCTAResponseCache ===
2019-07-23T20:48:34:  Number of cached values ...: 0
2019-07-23T20:48:34: === GCTAEventCube ===
2019-07-23T20:48:34:  Number of events ..........: 306406
2019-07-23T20:48:34:  Number of elements ........: 204800
2019-07-23T20:48:34:  Number of pixels ..........: 6400
2019-07-23T20:48:34:  Number of energy bins .....: 32
2019-07-23T20:48:34:  Time interval .............: 51544.5 - 51546.1666666667 days
2019-07-23T20:48:34:  Pointing ..................: (RA,Dec)=(84.1331,22.0145)
2019-07-23T20:48:34: === GEbounds ===
2019-07-23T20:48:34:  Number of intervals .......: 32
2019-07-23T20:48:34:  Energy range ..............: 100 GeV - 199.526229858398 TeV
2019-07-23T20:48:34: === GSkyMap ===
2019-07-23T20:48:34:  Number of pixels ..........: 6400
2019-07-23T20:48:34:  X axis dimension ..........: 80
2019-07-23T20:48:34:  Y axis dimension ..........: 80
2019-07-23T20:48:34:  Number of maps ............: 32
2019-07-23T20:48:34:  Shape of maps .............: (32)
2019-07-23T20:48:34: === GSkyRegions ===
2019-07-23T20:48:34:  Number of regions .........: 0
2019-07-23T20:48:34: === GModels ===
2019-07-23T20:48:34:  Number of models ..........: 2
2019-07-23T20:48:34:  Number of parameters ......: 11
2019-07-23T20:48:34: === GModelSky ===
2019-07-23T20:48:34:  Name ......................: source3d
2019-07-23T20:48:34:  Instruments ...............: all
2019-07-23T20:48:34:  Test Statistic ............: 103491.443
2019-07-23T20:48:34:  Observation identifiers ...: all
2019-07-23T20:48:34:  Model type ................: PointSource
2019-07-23T20:48:34:  Model components ..........: "PointSource" * "ExponentialCutoffPowerLaw" * "Constant"
2019-07-23T20:48:34:  Number of parameters ......: 7
2019-07-23T20:48:34:  Number of spatial par's ...: 2
2019-07-23T20:48:34:   RA .......................: 83.6331 [-360,360] deg (fixed,scale=1)
2019-07-23T20:48:34:   DEC ......................: 22.0145 [-90,90] deg (fixed,scale=1)
2019-07-23T20:48:34:  Number of spectral par's ..: 4
2019-07-23T20:48:34:   Prefactor ................: 2.96810100244156e-18 +/- 2.34995213882993e-20 [1e-25,1e-15] ph/cm2/s/MeV (free,scale=1e-18,gradient)
2019-07-23T20:48:34:   Index ....................: -2.01414069719103 +/- 0.00660539507650546 [-0,-5]  (free,scale=-1,gradient)
2019-07-23T20:48:34:   CutoffEnergy .............: 100000000000 +/- 7719948998450.1 [1000000,100000000000] MeV (free,scale=100000000,gradient)
2019-07-23T20:48:34:   PivotEnergy ..............: 1000000 [10000,1000000000] MeV (fixed,scale=1000000,gradient)
2019-07-23T20:48:34:  Number of temporal par's ..: 1
2019-07-23T20:48:34:   Normalization ............: 1 (relative value) (fixed,scale=1,gradient)
2019-07-23T20:48:34:  Number of scale par's .....: 0
2019-07-23T20:48:34: === GCTAModelCubeBackground ===
2019-07-23T20:48:34:  Name ......................: BackgroundModel
2019-07-23T20:48:34:  Instruments ...............: CTA, HESS, MAGIC, VERITAS
2019-07-23T20:48:34:  Observation identifiers ...: all
2019-07-23T20:48:34:  Model type ................: "PowerLaw" * "Constant"
2019-07-23T20:48:34:  Number of parameters ......: 4
2019-07-23T20:48:34:  Number of spectral par's ..: 3
2019-07-23T20:48:34:   Prefactor ................: 0.925524493812705 +/- 0.00420980685935245 [0.01,100] ph/cm2/s/MeV (free,scale=1,gradient)
2019-07-23T20:48:34:   Index ....................: -0.00531097853268736 +/- 0.002624330580061 [-5,5]  (free,scale=1,gradient)
2019-07-23T20:48:34:   PivotEnergy ..............: 1000000 MeV (fixed,scale=1000000,gradient)
2019-07-23T20:48:34:  Number of temporal par's ..: 1
2019-07-23T20:48:34:   Normalization ............: 1 (relative value) (fixed,scale=1,gradient)
2019-07-23T20:48:34: 
2019-07-23T20:48:34: +===========================+
2019-07-23T20:48:34: | Compute covariance matrix |
2019-07-23T20:48:34: +===========================+
2019-07-23T20:49:05: === GMatrixSparse ===
2019-07-23T20:49:05:  Number of rows ............: 11
2019-07-23T20:49:05:  Number of columns .........: 11
2019-07-23T20:49:05:  Number of nonzero elements : 25
2019-07-23T20:49:05:  Number of allocated cells .: 512
2019-07-23T20:49:05:  Memory block size .........: 512
2019-07-23T20:49:05:  Sparse matrix fill ........: 0.206611570247934
2019-07-23T20:49:05:  Pending element ...........: 0
2019-07-23T20:49:05:  Fill stack size ...........: 0 (none)
2019-07-23T20:49:05:  0, 0, 0, 0, 0, 0, 0, 0, 0, 0, 0
2019-07-23T20:49:05:  0, 0, 0, 0, 0, 0, 0, 0, 0, 0, 0
2019-07-23T20:49:05:  0, 0, 5.52227156161383e-40, 1.18801453005934e-23, -5.62684923244566e-08, 0, 0, -2.75929791885832e-24, -2.88687815033587e-25, 0, 0
2019-07-23T20:49:05:  0, 0, 1.18801453005934e-23, 4.36312206292388e-05, -32444975976.0255, 0, 0, 1.9886687922285e-07, -4.89581326043316e-07, 0, 0
2019-07-23T20:49:05:  0, 0, -5.62684923244566e-08, -32444975976.0255, 5.95975779461104e+25, 0, 0, -184223.33448124, 323014370.078115, 0, 0
2019-07-23T20:49:05:  0, 0, 0, 0, 0, 0, 0, 0, 0, 0, 0
2019-07-23T20:49:05:  0, 0, 0, 0, 0, 0, 0, 0, 0, 0, 0
2019-07-23T20:49:05:  0, 0, -2.75929791885831e-24, 1.9886687922285e-07, -184223.334480648, 0, 0, 1.77224737930515e-05, 1.0031134403951e-05, 0, 0
2019-07-23T20:49:05:  0, 0, -2.88687815033585e-25, -4.89581326043316e-07, 323014370.078115, 0, 0, 1.0031134403951e-05, 6.88711099322797e-06, 0, 0
2019-07-23T20:49:05:  0, 0, 0, 0, 0, 0, 0, 0, 0, 0, 0
2019-07-23T20:49:05:  0, 0, 0, 0, 0, 0, 0, 0, 0, 0, 0
2019-07-23T20:49:05: 
2019-07-23T20:49:05: +===============================+
2019-07-23T20:49:05: | Prepare butterfly computation |
2019-07-23T20:49:05: +===============================+
2019-07-23T20:49:05:  Confidence level ..........: 0.68
2019-07-23T20:49:05:  Corresponding scaling .....: 0.994458
2019-07-23T20:49:05: 
2019-07-23T20:49:05: +====================+
2019-07-23T20:49:05: | Generate butterfly |
2019-07-23T20:49:05: +====================+
2019-07-23T20:49:05: 
2019-07-23T20:49:05: +=========+
2019-07-23T20:49:05: | Results |
2019-07-23T20:49:05: +=========+
2019-07-23T20:49:05:  Intensity at 112606.251051226 MeV : 2.41415279748081e-16 (2.37585566732459e-16, 2.45244992763703e-16) ph/cm2/s/MeV
2019-07-23T20:49:05:  Intensity at 142786.615593472 MeV : 1.49642985422673e-16 (1.47467689615735e-16, 1.5181828122961e-16) ph/cm2/s/MeV
2019-07-23T20:49:05:  Intensity at 181055.824186555 MeV : 9.27572658128387e-17 (9.15273824801343e-17, 9.3987149145543e-17) ph/cm2/s/MeV
2019-07-23T20:49:05:  Intensity at 229581.822747338 MeV : 5.74962431702799e-17 (5.68036323051891e-17, 5.81888540353708e-17) ph/cm2/s/MeV
2019-07-23T20:49:05:  Intensity at 291113.603071291 MeV : 3.56394458135371e-17 (3.52503459853493e-17, 3.60285456417248e-17) ph/cm2/s/MeV
2019-07-23T20:49:05:  Intensity at 369136.932876502 MeV : 2.20913544675191e-17 (2.18726457604192e-17, 2.2310063174619e-17) ph/cm2/s/MeV
2019-07-23T20:49:05:  Intensity at 468071.824112259 MeV : 1.36934744358442e-17 (1.35698517814555e-17, 1.38170970902329e-17) ph/cm2/s/MeV
2019-07-23T20:49:05:  Intensity at 593522.926087366 MeV : 8.48798984598013e-18 (8.41719079203846e-18, 8.5587888999218e-18) ph/cm2/s/MeV
2019-07-23T20:49:05:  Intensity at 752597.028157849 MeV : 5.26133434863398e-18 (5.2198692159828e-18, 5.30279948128516e-18) ph/cm2/s/MeV
2019-07-23T20:49:05:  Intensity at 954305.65846188 MeV : 3.26127008025251e-18 (3.23622814404452e-18, 3.28631201646049e-18) ph/cm2/s/MeV
2019-07-23T20:49:05:  Intensity at 1210075.58587031 MeV : 2.02151699201879e-18 (2.00586947218218e-18, 2.03716451185539e-18) ph/cm2/s/MeV
2019-07-23T20:49:05:  Intensity at 1534396.14502492 MeV : 1.25304806014792e-18 (1.24296831433077e-18, 1.26312780596507e-18) ph/cm2/s/MeV
2019-07-23T20:49:05:  Intensity at 1945640.05534746 MeV : 7.76707830026165e-19 (7.70071555591518e-19, 7.83344104460812e-19) ph/cm2/s/MeV
2019-07-23T20:49:05:  Intensity at 2467104.23331454 MeV : 4.81445530685972e-19 (4.77023356697363e-19, 4.85867704674581e-19) ph/cm2/s/MeV
2019-07-23T20:49:05:  Intensity at 3128329.55988436 MeV : 2.98425567639545e-19 (2.95466964819833e-19, 3.01384170459257e-19) ph/cm2/s/MeV
2019-07-23T20:49:05:  Intensity at 3966774.36773649 MeV : 1.84979724427866e-19 (1.83003355947324e-19, 1.86956092908409e-19) ph/cm2/s/MeV
2019-07-23T20:49:05:  Intensity at 5029936.45116879 MeV : 1.14659818954237e-19 (1.13346037012882e-19, 1.15973600895592e-19) ph/cm2/s/MeV
2019-07-23T20:49:05:  Intensity at 6378043.81024912 MeV : 7.10717710383539e-20 (7.02041759260375e-20, 7.19393661506704e-20) ph/cm2/s/MeV
2019-07-23T20:49:05:  Intensity at 8087466.55954362 MeV : 4.40536051240963e-20 (4.34846228169155e-20, 4.4622587431277e-20) ph/cm2/s/MeV
2019-07-23T20:49:05:  Intensity at 10255043.285628 MeV : 2.73063581308033e-20 (2.6935388613495e-20, 2.76773276481116e-20) ph/cm2/s/MeV
2019-07-23T20:49:05:  Intensity at 13003566.9409974 MeV : 1.6925581017115e-20 (1.66843826732024e-20, 1.71667793610276e-20) ph/cm2/s/MeV
2019-07-23T20:49:05:  Intensity at 16488741.0495845 MeV : 1.04910798093574e-20 (1.03337237185495e-20, 1.06484359001654e-20) ph/cm2/s/MeV
2019-07-23T20:49:05:  Intensity at 20908000.2920645 MeV : 6.50268533647253e-21 (6.39860003172037e-21, 6.60677064122469e-21) ph/cm2/s/MeV
2019-07-23T20:49:05:  Intensity at 26511695.1560098 MeV : 4.03051130283186e-21 (3.95969584529888e-21, 4.10132676036484e-21) ph/cm2/s/MeV
2019-07-23T20:49:05:  Intensity at 33617274.2599379 MeV : 2.49816445700633e-21 (2.44791033543372e-21, 2.54841857857894e-21) ph/cm2/s/MeV
2019-07-23T20:49:05:  Intensity at 42627267.7781488 MeV : 1.54836603480391e-21 (1.51095056771037e-21, 1.58578150189745e-21) ph/cm2/s/MeV
2019-07-23T20:49:05:  Intensity at 54052090.7251378 MeV : 9.59656389989214e-22 (9.30614873655167e-22, 9.8869790632326e-22) ph/cm2/s/MeV
2019-07-23T20:49:05:  Intensity at 68538957.9028144 MeV : 5.94763878163674e-22 (5.71583900942294e-22, 6.17943855385053e-22) ph/cm2/s/MeV
2019-07-23T20:49:05:  Intensity at 86908548.5386981 MeV : 3.68601032432966e-22 (3.49830514485423e-22, 3.87371550380509e-22) ph/cm2/s/MeV
2019-07-23T20:49:05:  Intensity at 110201497.662297 MeV : 2.28426838040388e-22 (2.13150548428163e-22, 2.43703127652613e-22) ph/cm2/s/MeV
2019-07-23T20:49:05:  Intensity at 139737347.950364 MeV : 1.41550235554791e-22 (1.29121930503759e-22, 1.53978540605823e-22) ph/cm2/s/MeV
2019-07-23T20:49:05:  Intensity at 177189301.655759 MeV : 8.77080964419333e-23 (7.76263486474209e-23, 9.77898442364457e-23) ph/cm2/s/MeV
2019-07-23T20:49:05: 
2019-07-23T20:49:05: +========================+
2019-07-23T20:49:05: | Save Butterfly diagram |
2019-07-23T20:49:05: +========================+
2019-07-23T20:49:05:  Butterfly file ............: /cta/carli/CPPM_Internship/Simulations_and_Analyses/plus_gradient_EDisp_South_z40_50h/source3d/butterfly_binned.ascii
2019-07-23T20:49:05: 
2019-07-23T20:49:05: Application "ctbutterfly" terminated after 32 wall clock seconds, consuming 33.48 seconds of CPU time.
