2019-07-22T17:31:55: ********************************************************************************
2019-07-22T17:31:55: *                                    ctlike                                    *
2019-07-22T17:31:55: * ---------------------------------------------------------------------------- *
2019-07-22T17:31:55: * Version: 1.6.0                                                               *
2019-07-22T17:31:55: ********************************************************************************
2019-07-22T17:31:55: +============+
2019-07-22T17:31:55: | Parameters |
2019-07-22T17:31:55: +============+
2019-07-22T17:31:55:  inobs .....................: /cta/carli/CPPM_Internship/Simulations_and_Analyses/South_z40_50h/source3c/obs_cube.fits
2019-07-22T17:31:55:  inmodel ...................: sourcemodel_cube.xml
2019-07-22T17:31:55:  expcube ...................: /cta/carli/CPPM_Internship/Simulations_and_Analyses/South_z40_50h/source3c/exposure_cube.fits
2019-07-22T17:31:55:  psfcube ...................: /cta/carli/CPPM_Internship/Simulations_and_Analyses/South_z40_50h/source3c/PSF_cube.fits
2019-07-22T17:31:55:  edispcube .................: /cta/carli/CPPM_Internship/Simulations_and_Analyses/South_z40_50h/source3c/edisp_cube.fits
2019-07-22T17:31:55:  bkgcube ...................: /cta/carli/CPPM_Internship/Simulations_and_Analyses/South_z40_50h/source3c/background_cube.fits
2019-07-22T17:31:55:  caldb .....................: prod3b-v2
2019-07-22T17:31:55:  irf .......................: South_z40_50h
2019-07-22T17:31:55:  edisp .....................: yes
2019-07-22T17:31:55:  outmodel ..................: /cta/carli/CPPM_Internship/Simulations_and_Analyses/South_z40_50h/source3c/obsmodel_binned.xml
2019-07-22T17:31:55:  outcovmat .................: NONE
2019-07-22T17:31:55:  statistic .................: DEFAULT
2019-07-22T17:31:55:  refit .....................: no
2019-07-22T17:31:55:  like_accuracy .............: 0.005
2019-07-22T17:31:55:  max_iter ..................: 50
2019-07-22T17:31:55:  fix_spat_for_ts ...........: no
2019-07-22T17:31:55:  nthreads ..................: 0
2019-07-22T17:31:55:  chatter ...................: 4
2019-07-22T17:31:55:  clobber ...................: yes
2019-07-22T17:31:55:  debug .....................: no
2019-07-22T17:31:55:  mode ......................: ql
2019-07-22T17:31:55:  logfile ...................: ctlike.log
2019-07-22T17:31:55: 
2019-07-22T17:31:55: +===================+
2019-07-22T17:31:55: | Input observation |
2019-07-22T17:31:55: +===================+
2019-07-22T17:31:55: === GObservations ===
2019-07-22T17:31:55:  Number of observations ....: 1
2019-07-22T17:31:55:  Number of models ..........: 2
2019-07-22T17:31:55:  Number of observed events .: 320599
2019-07-22T17:31:55:  Number of predicted events : 0
2019-07-22T17:31:55: === GCTAObservation ===
2019-07-22T17:31:55:  Name ......................: 
2019-07-22T17:31:55:  Identifier ................: 000001
2019-07-22T17:31:55:  Instrument ................: CTA
2019-07-22T17:31:55:  Event file ................: /cta/carli/CPPM_Internship/Simulations_and_Analyses/South_z40_50h/source3c/obs_cube.fits
2019-07-22T17:31:55:  Event type ................: CountsCube
2019-07-22T17:31:55:  Statistic .................: cstat
2019-07-22T17:31:55:  Ontime ....................: 144000 s
2019-07-22T17:31:55:  Livetime ..................: 141120 s
2019-07-22T17:31:55:  Deadtime correction .......: 0.98
2019-07-22T17:31:55:  User energy range .........: undefined
2019-07-22T17:31:55: === GCTAPointing ===
2019-07-22T17:31:55:  Pointing direction ........: (RA,Dec)=(84.1331,22.0145)
2019-07-22T17:31:55: === GCTAResponseCube ===
2019-07-22T17:31:55:  Energy dispersion .........: Used
2019-07-22T17:31:55: === GCTACubeExposure ===
2019-07-22T17:31:55:  Filename ..................: /cta/carli/CPPM_Internship/Simulations_and_Analyses/South_z40_50h/source3c/exposure_cube.fits
2019-07-22T17:31:55:  Livetime ..................: 141120 sec
2019-07-22T17:31:55: === GEnergies ===
2019-07-22T17:31:55:  Number of energies ........: 33
2019-07-22T17:31:55: === GGti ===
2019-07-22T17:31:55:  Number of intervals .......: 1
2019-07-22T17:31:55:  Ontime ....................: 144000 sec
2019-07-22T17:31:55:  Elapsed time ..............: 144000 sec
2019-07-22T17:31:55:  MJD range .................: 51544.5 - 51546.1666666667 s (TT)
2019-07-22T17:31:55:  UTC range .................: 2000-01-01T11:58:56 - 2000-01-03T03:58:56 s (TT)
2019-07-22T17:31:55:  Reference MJD .............: 51544.5
2019-07-22T17:31:55: === GSkyMap ===
2019-07-22T17:31:55:  Number of pixels ..........: 6400
2019-07-22T17:31:55:  X axis dimension ..........: 80
2019-07-22T17:31:55:  Y axis dimension ..........: 80
2019-07-22T17:31:55:  Number of maps ............: 33
2019-07-22T17:31:55:  Shape of maps .............: (33)
2019-07-22T17:31:55: === GCTACubePsf ===
2019-07-22T17:31:55:  Filename ..................: /cta/carli/CPPM_Internship/Simulations_and_Analyses/South_z40_50h/source3c/PSF_cube.fits
2019-07-22T17:31:55: === GEnergies ===
2019-07-22T17:31:55:  Number of energies ........: 33
2019-07-22T17:31:55:  Number of delta bins ......: 200
2019-07-22T17:31:55:  Delta range ...............: 1.875e-06 - 0.298501875 deg
2019-07-22T17:31:55: === GSkyMap ===
2019-07-22T17:31:55:  Number of pixels ..........: 1
2019-07-22T17:31:55:  X axis dimension ..........: 1
2019-07-22T17:31:55:  Y axis dimension ..........: 1
2019-07-22T17:31:55:  Number of maps ............: 6600
2019-07-22T17:31:55:  Shape of maps .............: (200, 33)
2019-07-22T17:31:55: === GCTACubeEdisp ===
2019-07-22T17:31:55:  Filename ..................: /cta/carli/CPPM_Internship/Simulations_and_Analyses/South_z40_50h/source3c/edisp_cube.fits
2019-07-22T17:31:55: === GEnergies ===
2019-07-22T17:31:55:  Number of energies ........: 33
2019-07-22T17:31:55:  Number of migra bins ......: 100
2019-07-22T17:31:55:  Migra range ...............: 0.02 - 2
2019-07-22T17:31:55: === GSkyMap ===
2019-07-22T17:31:55:  Number of pixels ..........: 1
2019-07-22T17:31:55:  X axis dimension ..........: 1
2019-07-22T17:31:55:  Y axis dimension ..........: 1
2019-07-22T17:31:55:  Number of maps ............: 3300
2019-07-22T17:31:55:  Shape of maps .............: (100, 33)
2019-07-22T17:31:55: === GCTACubeBackground ===
2019-07-22T17:31:55:  Filename ..................: /cta/carli/CPPM_Internship/Simulations_and_Analyses/South_z40_50h/source3c/background_cube.fits
2019-07-22T17:31:55: === GEbounds ===
2019-07-22T17:31:55:  Number of intervals .......: 32
2019-07-22T17:31:55:  Energy range ..............: 100 GeV - 199.526229858398 TeV
2019-07-22T17:31:55: === GSkyMap ===
2019-07-22T17:31:55:  Number of pixels ..........: 6400
2019-07-22T17:31:55:  X axis dimension ..........: 80
2019-07-22T17:31:55:  Y axis dimension ..........: 80
2019-07-22T17:31:55:  Number of maps ............: 32
2019-07-22T17:31:55:  Shape of maps .............: (32)
2019-07-22T17:31:55: === GCTAResponseCache ===
2019-07-22T17:31:55:  Number of cached values ...: 0
2019-07-22T17:31:55: === GCTAEventCube ===
2019-07-22T17:31:55:  Number of events ..........: 320599
2019-07-22T17:31:55:  Number of elements ........: 204800
2019-07-22T17:31:55:  Number of pixels ..........: 6400
2019-07-22T17:31:55:  Number of energy bins .....: 32
2019-07-22T17:31:55:  Time interval .............: 51544.5 - 51546.1666666667 days
2019-07-22T17:31:55:  Pointing ..................: (RA,Dec)=(84.1331,22.0145)
2019-07-22T17:31:55: === GEbounds ===
2019-07-22T17:31:55:  Number of intervals .......: 32
2019-07-22T17:31:55:  Energy range ..............: 100 GeV - 199.526229858398 TeV
2019-07-22T17:31:55: === GSkyMap ===
2019-07-22T17:31:55:  Number of pixels ..........: 6400
2019-07-22T17:31:55:  X axis dimension ..........: 80
2019-07-22T17:31:55:  Y axis dimension ..........: 80
2019-07-22T17:31:55:  Number of maps ............: 32
2019-07-22T17:31:55:  Shape of maps .............: (32)
2019-07-22T17:31:55: === GSkyRegions ===
2019-07-22T17:31:55:  Number of regions .........: 0
2019-07-22T17:31:55: === GModels ===
2019-07-22T17:31:55:  Number of models ..........: 2
2019-07-22T17:31:55:  Number of parameters ......: 11
2019-07-22T17:31:55: === GModelSky ===
2019-07-22T17:31:55:  Name ......................: source3c
2019-07-22T17:31:55:  Instruments ...............: all
2019-07-22T17:31:55:  Test Statistic ............: Computation requested
2019-07-22T17:31:55:  Observation identifiers ...: all
2019-07-22T17:31:55:  Model type ................: PointSource
2019-07-22T17:31:55:  Model components ..........: "PointSource" * "ExponentialCutoffPowerLaw" * "Constant"
2019-07-22T17:31:55:  Number of parameters ......: 7
2019-07-22T17:31:55:  Number of spatial par's ...: 2
2019-07-22T17:31:55:   RA .......................: 83.6331 [-360,360] deg (fixed,scale=1)
2019-07-22T17:31:55:   DEC ......................: 22.0145 [-90,90] deg (fixed,scale=1)
2019-07-22T17:31:55:  Number of spectral par's ..: 4
2019-07-22T17:31:55:   Prefactor ................: 2.28e-18 +/- 0 [1e-25,1e-15] ph/cm2/s/MeV (free,scale=1e-18,gradient)
2019-07-22T17:31:55:   Index ....................: -2 +/- 0 [-0,-5]  (free,scale=-1,gradient)
2019-07-22T17:31:55:   CutoffEnergy .............: 200000000 +/- 0 [1000000,100000000000] MeV (free,scale=100000000,gradient)
2019-07-22T17:31:55:   PivotEnergy ..............: 1000000 [10000,1000000000] MeV (fixed,scale=1000000,gradient)
2019-07-22T17:31:55:  Number of temporal par's ..: 1
2019-07-22T17:31:55:   Normalization ............: 1 (relative value) (fixed,scale=1,gradient)
2019-07-22T17:31:55:  Number of scale par's .....: 0
2019-07-22T17:31:55: === GCTAModelCubeBackground ===
2019-07-22T17:31:55:  Name ......................: BackgroundModel
2019-07-22T17:31:55:  Instruments ...............: CTA, HESS, MAGIC, VERITAS
2019-07-22T17:31:55:  Observation identifiers ...: all
2019-07-22T17:31:55:  Model type ................: "PowerLaw" * "Constant"
2019-07-22T17:31:55:  Number of parameters ......: 4
2019-07-22T17:31:55:  Number of spectral par's ..: 3
2019-07-22T17:31:55:   Prefactor ................: 1 +/- 0 [0.01,100] ph/cm2/s/MeV (free,scale=1,gradient)
2019-07-22T17:31:55:   Index ....................: 0 +/- 0 [-5,5]  (free,scale=1,gradient)
2019-07-22T17:31:55:   PivotEnergy ..............: 1000000 MeV (fixed,scale=1000000,gradient)
2019-07-22T17:31:55:  Number of temporal par's ..: 1
2019-07-22T17:31:55:   Normalization ............: 1 (relative value) (fixed,scale=1,gradient)
2019-07-22T17:31:55: 
2019-07-22T17:31:55: +=================================+
2019-07-22T17:31:55: | Maximum likelihood optimisation |
2019-07-22T17:31:55: +=================================+
2019-07-22T17:32:26:  >Iteration   0: -logL=-334937.489, Lambda=1.0e-03
2019-07-22T17:32:55:  >Iteration   1: -logL=-334940.652, Lambda=1.0e-03, delta=3.163, step=1.0e+00, max(|grad|)=62.708292 [Index:3]
2019-07-22T17:33:24:  >Iteration   2: -logL=-334940.893, Lambda=1.0e-04, delta=0.241, step=1.0e+00, max(|grad|)=11.777131 [Index:3]
2019-07-22T17:33:53:  >Iteration   3: -logL=-334940.905, Lambda=1.0e-05, delta=0.012, step=1.0e+00, max(|grad|)=0.910030 [Index:3]
2019-07-22T17:34:22:  >Iteration   4: -logL=-334940.905, Lambda=1.0e-06, delta=0.000, step=1.0e+00, max(|grad|)=0.033124 [Index:3]
2019-07-22T17:34:22:  
2019-07-22T17:34:22:  +==================+
2019-07-22T17:34:22:  | Curvature matrix |
2019-07-22T17:34:22:  +==================+
2019-07-22T17:34:22:  === GMatrixSparse ===
2019-07-22T17:34:22:   Number of rows ............: 11
2019-07-22T17:34:22:   Number of columns .........: 11
2019-07-22T17:34:22:   Number of nonzero elements : 25
2019-07-22T17:34:22:   Number of allocated cells .: 537
2019-07-22T17:34:22:   Memory block size .........: 512
2019-07-22T17:34:22:   Sparse matrix fill ........: 0.206611570247934
2019-07-22T17:34:22:   Pending element ...........: 0
2019-07-22T17:34:22:   Fill stack size ...........: 0 (none)
2019-07-22T17:34:22:   0, 0, 0, 0, 0, 0, 0, 0, 0, 0, 0
2019-07-22T17:34:22:   0, 0, 0, 0, 0, 0, 0, 0, 0, 0, 0
2019-07-22T17:34:22:   0, 0, 2575.42926567451, -1528.40648449035, 23.4786366077752, 0, 0, 1680.01144470695, -2470.65978558003, 0, 0
2019-07-22T17:34:22:   0, 0, -1528.40648449035, 26786.4387525506, -138.106792201926, 0, 0, 5640.68104605699, -10283.0565051114, 0, 0
2019-07-22T17:34:22:   0, 0, 23.4786366077752, -138.106792201926, 1.67837508688581, 0, 0, 1.45568946452292, 0.34599094130023, 0, 0
2019-07-22T17:34:22:   0, 0, 0, 0, 0, 0, 0, 0, 0, 0, 0
2019-07-22T17:34:22:   0, 0, 0, 0, 0, 0, 0, 0, 0, 0, 0
2019-07-22T17:34:22:   0, 0, 1680.01144470695, 5640.68104605698, 1.45568946452292, 0, 0, 302655.125489629, -473265.873459477, 0, 0
2019-07-22T17:34:22:   0, 0, -2470.65978558004, -10283.0565051114, 0.345990941300228, 0, 0, -473265.873459476, 891157.477018193, 0, 0
2019-07-22T17:34:22:   0, 0, 0, 0, 0, 0, 0, 0, 0, 0, 0
2019-07-22T17:34:22:   0, 0, 0, 0, 0, 0, 0, 0, 0, 0, 0
2019-07-22T17:34:51: 
2019-07-22T17:34:51: +====================================+
2019-07-22T17:34:51: | Maximum likelihood re-optimisation |
2019-07-22T17:34:51: +====================================+
2019-07-22T17:34:52:  >Iteration   0: -logL=-298275.341, Lambda=1.0e-03
2019-07-22T17:34:53:  >Iteration   1: -logL=-300218.847, Lambda=1.0e-03, delta=1943.506, step=1.0e+00, max(|grad|)=-6619.213710 [Prefactor:0]
2019-07-22T17:34:53:  >Iteration   2: -logL=-300420.305, Lambda=1.0e-04, delta=201.458, step=1.0e+00, max(|grad|)=-689.996345 [Prefactor:0]
2019-07-22T17:34:54:  >Iteration   3: -logL=-300423.670, Lambda=1.0e-05, delta=3.365, step=1.0e+00, max(|grad|)=-69.688233 [Index:1]
2019-07-22T17:34:54:  >Iteration   4: -logL=-300423.692, Lambda=1.0e-06, delta=0.022, step=1.0e+00, max(|grad|)=-8.737759 [Index:1]
2019-07-22T17:34:55:  >Iteration   5: -logL=-300423.692, Lambda=1.0e-07, delta=0.000, step=1.0e+00, max(|grad|)=-0.833866 [Index:1]
2019-07-22T17:34:55: 
2019-07-22T17:34:55: +============================================+
2019-07-22T17:34:55: | Maximum likelihood re-optimisation results |
2019-07-22T17:34:55: +============================================+
2019-07-22T17:34:55: === GOptimizerLM ===
2019-07-22T17:34:55:  Optimized function value ..: -300423.692
2019-07-22T17:34:55:  Absolute precision ........: 0.005
2019-07-22T17:34:55:  Acceptable value decrease .: 2
2019-07-22T17:34:55:  Optimization status .......: converged
2019-07-22T17:34:55:  Number of parameters ......: 4
2019-07-22T17:34:55:  Number of free parameters .: 2
2019-07-22T17:34:55:  Number of iterations ......: 5
2019-07-22T17:34:55:  Lambda ....................: 1e-08
2019-07-22T17:34:55: 
2019-07-22T17:34:55: +=========================================+
2019-07-22T17:34:55: | Maximum likelihood optimisation results |
2019-07-22T17:34:55: +=========================================+
2019-07-22T17:34:55: === GOptimizerLM ===
2019-07-22T17:34:55:  Optimized function value ..: -334940.905
2019-07-22T17:34:55:  Absolute precision ........: 0.005
2019-07-22T17:34:55:  Acceptable value decrease .: 2
2019-07-22T17:34:55:  Optimization status .......: converged
2019-07-22T17:34:55:  Number of parameters ......: 11
2019-07-22T17:34:55:  Number of free parameters .: 5
2019-07-22T17:34:55:  Number of iterations ......: 4
2019-07-22T17:34:55:  Lambda ....................: 1e-07
2019-07-22T17:34:55:  Maximum log likelihood ....: 334940.905
2019-07-22T17:34:55:  Observed events  (Nobs) ...: 320599.000
2019-07-22T17:34:55:  Predicted events (Npred) ..: 318831.994 (Nobs - Npred = 1767.00570331729)
2019-07-22T17:34:55: === GModels ===
2019-07-22T17:34:55:  Number of models ..........: 2
2019-07-22T17:34:55:  Number of parameters ......: 11
2019-07-22T17:34:55: === GModelSky ===
2019-07-22T17:34:55:  Name ......................: source3c
2019-07-22T17:34:55:  Instruments ...............: all
2019-07-22T17:34:55:  Test Statistic ............: 69034.4248393361
2019-07-22T17:34:55:  Observation identifiers ...: all
2019-07-22T17:34:55:  Model type ................: PointSource
2019-07-22T17:34:55:  Model components ..........: "PointSource" * "ExponentialCutoffPowerLaw" * "Constant"
2019-07-22T17:34:55:  Number of parameters ......: 7
2019-07-22T17:34:55:  Number of spatial par's ...: 2
2019-07-22T17:34:55:   RA .......................: 83.6331 [-360,360] deg (fixed,scale=1)
2019-07-22T17:34:55:   DEC ......................: 22.0145 [-90,90] deg (fixed,scale=1)
2019-07-22T17:34:55:  Number of spectral par's ..: 4
2019-07-22T17:34:55:   Prefactor ................: 2.24550971753869e-18 +/- 2.11823382737156e-20 [1e-25,1e-15] ph/cm2/s/MeV (free,scale=1e-18,gradient)
2019-07-22T17:34:55:   Index ....................: -2.00955366425272 +/- 0.00810039424394943 [-0,-5]  (free,scale=-1,gradient)
2019-07-22T17:34:55:   CutoffEnergy .............: 319683614.810887 +/- 107380414.962404 [1000000,100000000000] MeV (free,scale=100000000,gradient)
2019-07-22T17:34:55:   PivotEnergy ..............: 1000000 [10000,1000000000] MeV (fixed,scale=1000000,gradient)
2019-07-22T17:34:55:  Number of temporal par's ..: 1
2019-07-22T17:34:55:   Normalization ............: 1 (relative value) (fixed,scale=1,gradient)
2019-07-22T17:34:55:  Number of scale par's .....: 0
2019-07-22T17:34:55: === GCTAModelCubeBackground ===
2019-07-22T17:34:55:  Name ......................: BackgroundModel
2019-07-22T17:34:55:  Instruments ...............: CTA, HESS, MAGIC, VERITAS
2019-07-22T17:34:55:  Observation identifiers ...: all
2019-07-22T17:34:55:  Model type ................: "PowerLaw" * "Constant"
2019-07-22T17:34:55:  Number of parameters ......: 4
2019-07-22T17:34:55:  Number of spectral par's ..: 3
2019-07-22T17:34:55:   Prefactor ................: 0.99287009750028 +/- 0.00441685775768795 [0.01,100] ph/cm2/s/MeV (free,scale=1,gradient)
2019-07-22T17:34:55:   Index ....................: -0.00378714936832259 +/- 0.00257351390523525 [-5,5]  (free,scale=1,gradient)
2019-07-22T17:34:55:   PivotEnergy ..............: 1000000 MeV (fixed,scale=1000000,gradient)
2019-07-22T17:34:55:  Number of temporal par's ..: 1
2019-07-22T17:34:55:   Normalization ............: 1 (relative value) (fixed,scale=1,gradient)
2019-07-22T17:34:55: 
2019-07-22T17:34:55: +==============+
2019-07-22T17:34:55: | Save results |
2019-07-22T17:34:55: +==============+
2019-07-22T17:34:55:  Model definition file .....: /cta/carli/CPPM_Internship/Simulations_and_Analyses/South_z40_50h/source3c/obsmodel_binned.xml
2019-07-22T17:34:55:  Covariance matrix file ....: NONE
2019-07-22T17:34:55: 
2019-07-22T17:34:55: Application "ctlike" terminated after 181 wall clock seconds, consuming 188.34 seconds of CPU time.
