2019-07-23T16:26:54: ********************************************************************************
2019-07-23T16:26:54: *                                   csresspec                                  *
2019-07-23T16:26:54: * ---------------------------------------------------------------------------- *
2019-07-23T16:26:54: * Version: 1.6.0                                                               *
2019-07-23T16:26:54: ********************************************************************************
2019-07-23T16:26:54: +============+
2019-07-23T16:26:54: | Parameters |
2019-07-23T16:26:54: +============+
2019-07-23T16:26:54:  inobs .....................: /cta/carli/CPPM_Internship/Simulations_and_Analyses/plus_constant_EDisp_South_z40_50h/source1c/obs_cube.fits
2019-07-23T16:26:54:  inmodel ...................: /cta/carli/CPPM_Internship/Simulations_and_Analyses/plus_constant_EDisp_South_z40_50h/source1c/obsmodel_binned.xml
2019-07-23T16:26:54:  modcube ...................: /cta/carli/CPPM_Internship/Simulations_and_Analyses/plus_constant_EDisp_South_z40_50h/source1c/obsmodel_cube.fits
2019-07-23T16:26:54:  expcube ...................: /cta/carli/CPPM_Internship/Simulations_and_Analyses/plus_constant_EDisp_South_z40_50h/source1c/exposure_cube.fits
2019-07-23T16:26:54:  psfcube ...................: /cta/carli/CPPM_Internship/Simulations_and_Analyses/plus_constant_EDisp_South_z40_50h/source1c/PSF_cube.fits
2019-07-23T16:26:54:  edispcube .................: /cta/carli/CPPM_Internship/Simulations_and_Analyses/plus_constant_EDisp_South_z40_50h/source1c/edisp_cube.fits
2019-07-23T16:26:54:  bkgcube ...................: /cta/carli/CPPM_Internship/Simulations_and_Analyses/plus_constant_EDisp_South_z40_50h/source1c/background_cube.fits
2019-07-23T16:26:54:  caldb .....................: prod3b-v2
2019-07-23T16:26:54:  irf .......................: South_z40_50h
2019-07-23T16:26:54:  edisp .....................: yes
2019-07-23T16:26:54:  outfile ...................: /cta/carli/CPPM_Internship/Simulations_and_Analyses/plus_constant_EDisp_South_z40_50h/source1c/residuals_binned.fits
2019-07-23T16:26:54:  statistic .................: DEFAULT
2019-07-23T16:26:54:  components ................: yes
2019-07-23T16:26:54:  ebinalg ...................: LOG
2019-07-23T16:26:54:  emin ......................: 0.1
2019-07-23T16:26:54:  emax ......................: 199.526229858398
2019-07-23T16:26:54:  enumbins ..................: 32
2019-07-23T16:26:54:  ebinfile ..................: [not queried]
2019-07-23T16:26:54:  stack .....................: [not queried]
2019-07-23T16:26:54:  coordsys ..................: [not queried]
2019-07-23T16:26:54:  proj ......................: [not queried]
2019-07-23T16:26:54:  xref ......................: [not queried]
2019-07-23T16:26:54:  yref ......................: [not queried]
2019-07-23T16:26:54:  nxpix .....................: [not queried]
2019-07-23T16:26:54:  nypix .....................: [not queried]
2019-07-23T16:26:54:  binsz .....................: [not queried]
2019-07-23T16:26:54:  mask ......................: no
2019-07-23T16:26:54:  ra ........................: [not queried]
2019-07-23T16:26:54:  dec .......................: [not queried]
2019-07-23T16:26:54:  rad .......................: [not queried]
2019-07-23T16:26:54:  regfile ...................: [not queried]
2019-07-23T16:26:54:  algorithm .................: SUB
2019-07-23T16:26:54:  publish ...................: no
2019-07-23T16:26:54:  chatter ...................: 4
2019-07-23T16:26:54:  clobber ...................: yes
2019-07-23T16:26:54:  debug .....................: no
2019-07-23T16:26:54:  mode ......................: ql
2019-07-23T16:26:54:  logfile ...................: csresspec.log
2019-07-23T16:26:54: 
2019-07-23T16:26:54: +====================+
2019-07-23T16:26:54: | Observation census |
2019-07-23T16:26:54: +====================+
2019-07-23T16:26:54:  Unbinned CTA observations .: 0
2019-07-23T16:26:54:  Binned CTA observations ...: 1
2019-07-23T16:26:54:  On/off CTA observations ...: 0
2019-07-23T16:26:54:  Other observations ........: 0
2019-07-23T16:26:54: 
2019-07-23T16:26:54: +=============+
2019-07-23T16:26:54: | Observation |
2019-07-23T16:26:54: +=============+
2019-07-23T16:26:54: === GObservations ===
2019-07-23T16:26:54:  Number of observations ....: 1
2019-07-23T16:26:54:  Number of models ..........: 2
2019-07-23T16:26:54:  Number of observed events .: 319899
2019-07-23T16:26:54:  Number of predicted events : 0
2019-07-23T16:26:54: === GCTAObservation ===
2019-07-23T16:26:54:  Name ......................: 
2019-07-23T16:26:54:  Identifier ................: 000001
2019-07-23T16:26:54:  Instrument ................: CTA
2019-07-23T16:26:54:  Event file ................: /cta/carli/CPPM_Internship/Simulations_and_Analyses/plus_constant_EDisp_South_z40_50h/source1c/obs_cube.fits
2019-07-23T16:26:54:  Event type ................: CountsCube
2019-07-23T16:26:54:  Statistic .................: cstat
2019-07-23T16:26:54:  Ontime ....................: 144000 s
2019-07-23T16:26:54:  Livetime ..................: 141120 s
2019-07-23T16:26:54:  Deadtime correction .......: 0.98
2019-07-23T16:26:54:  User energy range .........: undefined
2019-07-23T16:26:54: === GCTAPointing ===
2019-07-23T16:26:54:  Pointing direction ........: (RA,Dec)=(84.1331,22.0145)
2019-07-23T16:26:54: === GCTAResponseCube ===
2019-07-23T16:26:54:  Energy dispersion .........: Not used
2019-07-23T16:26:54: === GCTACubeExposure ===
2019-07-23T16:26:54:  Filename ..................: /cta/carli/CPPM_Internship/Simulations_and_Analyses/plus_constant_EDisp_South_z40_50h/source1c/exposure_cube.fits
2019-07-23T16:26:54:  Livetime ..................: 141120 sec
2019-07-23T16:26:54: === GEnergies ===
2019-07-23T16:26:54:  Number of energies ........: 33
2019-07-23T16:26:54: === GGti ===
2019-07-23T16:26:54:  Number of intervals .......: 1
2019-07-23T16:26:54:  Ontime ....................: 144000 sec
2019-07-23T16:26:54:  Elapsed time ..............: 144000 sec
2019-07-23T16:26:54:  MJD range .................: 51544.5 - 51546.1666666667 s (TT)
2019-07-23T16:26:54:  UTC range .................: 2000-01-01T11:58:56 - 2000-01-03T03:58:56 s (TT)
2019-07-23T16:26:54:  Reference MJD .............: 51544.5
2019-07-23T16:26:54: === GSkyMap ===
2019-07-23T16:26:54:  Number of pixels ..........: 6400
2019-07-23T16:26:54:  X axis dimension ..........: 80
2019-07-23T16:26:54:  Y axis dimension ..........: 80
2019-07-23T16:26:54:  Number of maps ............: 33
2019-07-23T16:26:54:  Shape of maps .............: (33)
2019-07-23T16:26:54: === GCTACubePsf ===
2019-07-23T16:26:54:  Filename ..................: /cta/carli/CPPM_Internship/Simulations_and_Analyses/plus_constant_EDisp_South_z40_50h/source1c/PSF_cube.fits
2019-07-23T16:26:54: === GEnergies ===
2019-07-23T16:26:54:  Number of energies ........: 33
2019-07-23T16:26:54:  Number of delta bins ......: 200
2019-07-23T16:26:54:  Delta range ...............: 1.875e-06 - 0.298501875 deg
2019-07-23T16:26:54: === GSkyMap ===
2019-07-23T16:26:54:  Number of pixels ..........: 1
2019-07-23T16:26:54:  X axis dimension ..........: 1
2019-07-23T16:26:54:  Y axis dimension ..........: 1
2019-07-23T16:26:54:  Number of maps ............: 6600
2019-07-23T16:26:54:  Shape of maps .............: (200, 33)
2019-07-23T16:26:54: === GCTACubeEdisp ===
2019-07-23T16:26:54:  Filename ..................: /cta/carli/CPPM_Internship/Simulations_and_Analyses/plus_constant_EDisp_South_z40_50h/source1c/edisp_cube.fits
2019-07-23T16:26:54: === GEnergies ===
2019-07-23T16:26:54:  Number of energies ........: 33
2019-07-23T16:26:54:  Number of migra bins ......: 100
2019-07-23T16:26:54:  Migra range ...............: 0.02 - 2
2019-07-23T16:26:54: === GSkyMap ===
2019-07-23T16:26:54:  Number of pixels ..........: 1
2019-07-23T16:26:54:  X axis dimension ..........: 1
2019-07-23T16:26:54:  Y axis dimension ..........: 1
2019-07-23T16:26:54:  Number of maps ............: 3300
2019-07-23T16:26:54:  Shape of maps .............: (100, 33)
2019-07-23T16:26:54: === GCTACubeBackground ===
2019-07-23T16:26:54:  Filename ..................: /cta/carli/CPPM_Internship/Simulations_and_Analyses/plus_constant_EDisp_South_z40_50h/source1c/background_cube.fits
2019-07-23T16:26:54: === GEbounds ===
2019-07-23T16:26:54:  Number of intervals .......: 32
2019-07-23T16:26:54:  Energy range ..............: 100 GeV - 199.526229858398 TeV
2019-07-23T16:26:54: === GSkyMap ===
2019-07-23T16:26:54:  Number of pixels ..........: 6400
2019-07-23T16:26:54:  X axis dimension ..........: 80
2019-07-23T16:26:54:  Y axis dimension ..........: 80
2019-07-23T16:26:54:  Number of maps ............: 32
2019-07-23T16:26:54:  Shape of maps .............: (32)
2019-07-23T16:26:54: === GCTAResponseCache ===
2019-07-23T16:26:54:  Number of cached values ...: 0
2019-07-23T16:26:54: === GCTAEventCube ===
2019-07-23T16:26:54:  Number of events ..........: 319899
2019-07-23T16:26:54:  Number of elements ........: 204800
2019-07-23T16:26:54:  Number of pixels ..........: 6400
2019-07-23T16:26:54:  Number of energy bins .....: 32
2019-07-23T16:26:54:  Time interval .............: 51544.5 - 51546.1666666667 days
2019-07-23T16:26:54:  Pointing ..................: (RA,Dec)=(84.1331,22.0145)
2019-07-23T16:26:54: === GEbounds ===
2019-07-23T16:26:54:  Number of intervals .......: 32
2019-07-23T16:26:54:  Energy range ..............: 100 GeV - 199.526229858398 TeV
2019-07-23T16:26:54: === GSkyMap ===
2019-07-23T16:26:54:  Number of pixels ..........: 6400
2019-07-23T16:26:54:  X axis dimension ..........: 80
2019-07-23T16:26:54:  Y axis dimension ..........: 80
2019-07-23T16:26:54:  Number of maps ............: 32
2019-07-23T16:26:54:  Shape of maps .............: (32)
2019-07-23T16:26:54: === GSkyRegions ===
2019-07-23T16:26:54:  Number of regions .........: 0
2019-07-23T16:26:54: === GModels ===
2019-07-23T16:26:54:  Number of models ..........: 2
2019-07-23T16:26:54:  Number of parameters ......: 11
2019-07-23T16:26:54: === GModelSky ===
2019-07-23T16:26:54:  Name ......................: source1c
2019-07-23T16:26:54:  Instruments ...............: all
2019-07-23T16:26:54:  Test Statistic ............: 61362.992
2019-07-23T16:26:54:  Observation identifiers ...: all
2019-07-23T16:26:54:  Model type ................: PointSource
2019-07-23T16:26:54:  Model components ..........: "PointSource" * "ExponentialCutoffPowerLaw" * "Constant"
2019-07-23T16:26:54:  Number of parameters ......: 7
2019-07-23T16:26:54:  Number of spatial par's ...: 2
2019-07-23T16:26:54:   RA .......................: 83.6331 [-360,360] deg (fixed,scale=1)
2019-07-23T16:26:54:   DEC ......................: 22.0145 [-90,90] deg (fixed,scale=1)
2019-07-23T16:26:54:  Number of spectral par's ..: 4
2019-07-23T16:26:54:   Prefactor ................: 2.28121796282498e-18 +/- 2.284346242923e-20 [1e-25,1e-15] ph/cm2/s/MeV (free,scale=1e-18,gradient)
2019-07-23T16:26:54:   Index ....................: -1.98343261579237 +/- 0.00910545690542023 [-0,-5]  (free,scale=-1,gradient)
2019-07-23T16:26:54:   CutoffEnergy .............: 55606337.5435146 +/- 5183794.49497437 [100000,10000000000] MeV (free,scale=10000000,gradient)
2019-07-23T16:26:54:   PivotEnergy ..............: 1000000 [10000,1000000000] MeV (fixed,scale=1000000,gradient)
2019-07-23T16:26:54:  Number of temporal par's ..: 1
2019-07-23T16:26:54:   Normalization ............: 1 (relative value) (fixed,scale=1,gradient)
2019-07-23T16:26:54:  Number of scale par's .....: 0
2019-07-23T16:26:54: === GCTAModelCubeBackground ===
2019-07-23T16:26:54:  Name ......................: BackgroundModel
2019-07-23T16:26:54:  Instruments ...............: CTA, HESS, MAGIC, VERITAS
2019-07-23T16:26:54:  Observation identifiers ...: all
2019-07-23T16:26:54:  Model type ................: "PowerLaw" * "Constant"
2019-07-23T16:26:54:  Number of parameters ......: 4
2019-07-23T16:26:54:  Number of spectral par's ..: 3
2019-07-23T16:26:54:   Prefactor ................: 1.15446583521806 +/- 0.0049627144045616 [0.01,100] ph/cm2/s/MeV (free,scale=1,gradient)
2019-07-23T16:26:54:   Index ....................: 0.0940242033243358 +/- 0.00255533303035365 [-5,5]  (free,scale=1,gradient)
2019-07-23T16:26:54:   PivotEnergy ..............: 1000000 MeV (fixed,scale=1000000,gradient)
2019-07-23T16:26:54:  Number of temporal par's ..: 1
2019-07-23T16:26:54:   Normalization ............: 1 (relative value) (fixed,scale=1,gradient)
2019-07-23T16:26:54: 
2019-07-23T16:26:54: +=========================+
2019-07-23T16:26:54: | Processing Observations |
2019-07-23T16:26:54: +=========================+
2019-07-23T16:26:54: Computing model cube
2019-07-23T16:27:00: Computing counts, model, and residual spectra
2019-07-23T16:27:00:  Computing model component .: source1c
2019-07-23T16:27:05:  Computing model component .: BackgroundModel
2019-07-23T16:27:05: Filling residual table
2019-07-23T16:27:05: 
2019-07-23T16:27:05: +================+
2019-07-23T16:27:05: | Save residuals |
2019-07-23T16:27:05: +================+
2019-07-23T16:27:05:  Residuals file ............: /cta/carli/CPPM_Internship/Simulations_and_Analyses/plus_constant_EDisp_South_z40_50h/source1c/residuals_binned.fits
2019-07-23T16:27:05: 
2019-07-23T16:27:05: Application "csresspec" terminated after 11 wall clock seconds, consuming 13.82 seconds of CPU time.
