2019-07-23T16:23:15: ********************************************************************************
2019-07-23T16:23:15: *                                    ctlike                                    *
2019-07-23T16:23:15: * ---------------------------------------------------------------------------- *
2019-07-23T16:23:15: * Version: 1.6.0                                                               *
2019-07-23T16:23:15: ********************************************************************************
2019-07-23T16:23:15: +============+
2019-07-23T16:23:15: | Parameters |
2019-07-23T16:23:15: +============+
2019-07-23T16:23:15:  inobs .....................: /cta/carli/CPPM_Internship/Simulations_and_Analyses/plus_constant_EDisp_South_z40_50h/source1c/obs_cube.fits
2019-07-23T16:23:15:  inmodel ...................: sourcemodel_cube.xml
2019-07-23T16:23:15:  expcube ...................: /cta/carli/CPPM_Internship/Simulations_and_Analyses/plus_constant_EDisp_South_z40_50h/source1c/exposure_cube.fits
2019-07-23T16:23:15:  psfcube ...................: /cta/carli/CPPM_Internship/Simulations_and_Analyses/plus_constant_EDisp_South_z40_50h/source1c/PSF_cube.fits
2019-07-23T16:23:15:  edispcube .................: /cta/carli/CPPM_Internship/Simulations_and_Analyses/plus_constant_EDisp_South_z40_50h/source1c/edisp_cube.fits
2019-07-23T16:23:15:  bkgcube ...................: /cta/carli/CPPM_Internship/Simulations_and_Analyses/plus_constant_EDisp_South_z40_50h/source1c/background_cube.fits
2019-07-23T16:23:15:  caldb .....................: prod3b-v2
2019-07-23T16:23:15:  irf .......................: South_z40_50h
2019-07-23T16:23:15:  edisp .....................: yes
2019-07-23T16:23:15:  outmodel ..................: /cta/carli/CPPM_Internship/Simulations_and_Analyses/plus_constant_EDisp_South_z40_50h/source1c/obsmodel_binned.xml
2019-07-23T16:23:15:  outcovmat .................: NONE
2019-07-23T16:23:15:  statistic .................: DEFAULT
2019-07-23T16:23:15:  refit .....................: no
2019-07-23T16:23:15:  like_accuracy .............: 0.005
2019-07-23T16:23:15:  max_iter ..................: 50
2019-07-23T16:23:15:  fix_spat_for_ts ...........: no
2019-07-23T16:23:15:  nthreads ..................: 0
2019-07-23T16:23:15:  chatter ...................: 4
2019-07-23T16:23:15:  clobber ...................: yes
2019-07-23T16:23:15:  debug .....................: no
2019-07-23T16:23:15:  mode ......................: ql
2019-07-23T16:23:15:  logfile ...................: ctlike.log
2019-07-23T16:23:15: 
2019-07-23T16:23:15: +===================+
2019-07-23T16:23:15: | Input observation |
2019-07-23T16:23:15: +===================+
2019-07-23T16:23:15: === GObservations ===
2019-07-23T16:23:15:  Number of observations ....: 1
2019-07-23T16:23:15:  Number of models ..........: 2
2019-07-23T16:23:15:  Number of observed events .: 319899
2019-07-23T16:23:15:  Number of predicted events : 0
2019-07-23T16:23:15: === GCTAObservation ===
2019-07-23T16:23:15:  Name ......................: 
2019-07-23T16:23:15:  Identifier ................: 000001
2019-07-23T16:23:15:  Instrument ................: CTA
2019-07-23T16:23:15:  Event file ................: /cta/carli/CPPM_Internship/Simulations_and_Analyses/plus_constant_EDisp_South_z40_50h/source1c/obs_cube.fits
2019-07-23T16:23:15:  Event type ................: CountsCube
2019-07-23T16:23:15:  Statistic .................: cstat
2019-07-23T16:23:15:  Ontime ....................: 144000 s
2019-07-23T16:23:15:  Livetime ..................: 141120 s
2019-07-23T16:23:15:  Deadtime correction .......: 0.98
2019-07-23T16:23:15:  User energy range .........: undefined
2019-07-23T16:23:15: === GCTAPointing ===
2019-07-23T16:23:15:  Pointing direction ........: (RA,Dec)=(84.1331,22.0145)
2019-07-23T16:23:15: === GCTAResponseCube ===
2019-07-23T16:23:15:  Energy dispersion .........: Used
2019-07-23T16:23:15: === GCTACubeExposure ===
2019-07-23T16:23:15:  Filename ..................: /cta/carli/CPPM_Internship/Simulations_and_Analyses/plus_constant_EDisp_South_z40_50h/source1c/exposure_cube.fits
2019-07-23T16:23:15:  Livetime ..................: 141120 sec
2019-07-23T16:23:15: === GEnergies ===
2019-07-23T16:23:15:  Number of energies ........: 33
2019-07-23T16:23:15: === GGti ===
2019-07-23T16:23:15:  Number of intervals .......: 1
2019-07-23T16:23:15:  Ontime ....................: 144000 sec
2019-07-23T16:23:15:  Elapsed time ..............: 144000 sec
2019-07-23T16:23:15:  MJD range .................: 51544.5 - 51546.1666666667 s (TT)
2019-07-23T16:23:15:  UTC range .................: 2000-01-01T11:58:56 - 2000-01-03T03:58:56 s (TT)
2019-07-23T16:23:15:  Reference MJD .............: 51544.5
2019-07-23T16:23:15: === GSkyMap ===
2019-07-23T16:23:15:  Number of pixels ..........: 6400
2019-07-23T16:23:15:  X axis dimension ..........: 80
2019-07-23T16:23:15:  Y axis dimension ..........: 80
2019-07-23T16:23:15:  Number of maps ............: 33
2019-07-23T16:23:15:  Shape of maps .............: (33)
2019-07-23T16:23:15: === GCTACubePsf ===
2019-07-23T16:23:15:  Filename ..................: /cta/carli/CPPM_Internship/Simulations_and_Analyses/plus_constant_EDisp_South_z40_50h/source1c/PSF_cube.fits
2019-07-23T16:23:15: === GEnergies ===
2019-07-23T16:23:15:  Number of energies ........: 33
2019-07-23T16:23:15:  Number of delta bins ......: 200
2019-07-23T16:23:15:  Delta range ...............: 1.875e-06 - 0.298501875 deg
2019-07-23T16:23:15: === GSkyMap ===
2019-07-23T16:23:15:  Number of pixels ..........: 1
2019-07-23T16:23:15:  X axis dimension ..........: 1
2019-07-23T16:23:15:  Y axis dimension ..........: 1
2019-07-23T16:23:15:  Number of maps ............: 6600
2019-07-23T16:23:15:  Shape of maps .............: (200, 33)
2019-07-23T16:23:15: === GCTACubeEdisp ===
2019-07-23T16:23:15:  Filename ..................: /cta/carli/CPPM_Internship/Simulations_and_Analyses/plus_constant_EDisp_South_z40_50h/source1c/edisp_cube.fits
2019-07-23T16:23:15: === GEnergies ===
2019-07-23T16:23:15:  Number of energies ........: 33
2019-07-23T16:23:15:  Number of migra bins ......: 100
2019-07-23T16:23:15:  Migra range ...............: 0.02 - 2
2019-07-23T16:23:15: === GSkyMap ===
2019-07-23T16:23:15:  Number of pixels ..........: 1
2019-07-23T16:23:15:  X axis dimension ..........: 1
2019-07-23T16:23:15:  Y axis dimension ..........: 1
2019-07-23T16:23:15:  Number of maps ............: 3300
2019-07-23T16:23:15:  Shape of maps .............: (100, 33)
2019-07-23T16:23:15: === GCTACubeBackground ===
2019-07-23T16:23:15:  Filename ..................: /cta/carli/CPPM_Internship/Simulations_and_Analyses/plus_constant_EDisp_South_z40_50h/source1c/background_cube.fits
2019-07-23T16:23:15: === GEbounds ===
2019-07-23T16:23:15:  Number of intervals .......: 32
2019-07-23T16:23:15:  Energy range ..............: 100 GeV - 199.526229858398 TeV
2019-07-23T16:23:15: === GSkyMap ===
2019-07-23T16:23:15:  Number of pixels ..........: 6400
2019-07-23T16:23:15:  X axis dimension ..........: 80
2019-07-23T16:23:15:  Y axis dimension ..........: 80
2019-07-23T16:23:15:  Number of maps ............: 32
2019-07-23T16:23:15:  Shape of maps .............: (32)
2019-07-23T16:23:15: === GCTAResponseCache ===
2019-07-23T16:23:15:  Number of cached values ...: 0
2019-07-23T16:23:15: === GCTAEventCube ===
2019-07-23T16:23:15:  Number of events ..........: 319899
2019-07-23T16:23:15:  Number of elements ........: 204800
2019-07-23T16:23:15:  Number of pixels ..........: 6400
2019-07-23T16:23:15:  Number of energy bins .....: 32
2019-07-23T16:23:15:  Time interval .............: 51544.5 - 51546.1666666667 days
2019-07-23T16:23:15:  Pointing ..................: (RA,Dec)=(84.1331,22.0145)
2019-07-23T16:23:15: === GEbounds ===
2019-07-23T16:23:15:  Number of intervals .......: 32
2019-07-23T16:23:15:  Energy range ..............: 100 GeV - 199.526229858398 TeV
2019-07-23T16:23:15: === GSkyMap ===
2019-07-23T16:23:15:  Number of pixels ..........: 6400
2019-07-23T16:23:15:  X axis dimension ..........: 80
2019-07-23T16:23:15:  Y axis dimension ..........: 80
2019-07-23T16:23:15:  Number of maps ............: 32
2019-07-23T16:23:15:  Shape of maps .............: (32)
2019-07-23T16:23:15: === GSkyRegions ===
2019-07-23T16:23:15:  Number of regions .........: 0
2019-07-23T16:23:15: === GModels ===
2019-07-23T16:23:15:  Number of models ..........: 2
2019-07-23T16:23:15:  Number of parameters ......: 11
2019-07-23T16:23:15: === GModelSky ===
2019-07-23T16:23:15:  Name ......................: source1c
2019-07-23T16:23:15:  Instruments ...............: all
2019-07-23T16:23:15:  Test Statistic ............: Computation requested
2019-07-23T16:23:15:  Observation identifiers ...: all
2019-07-23T16:23:15:  Model type ................: PointSource
2019-07-23T16:23:15:  Model components ..........: "PointSource" * "ExponentialCutoffPowerLaw" * "Constant"
2019-07-23T16:23:15:  Number of parameters ......: 7
2019-07-23T16:23:15:  Number of spatial par's ...: 2
2019-07-23T16:23:15:   RA .......................: 83.6331 [-360,360] deg (fixed,scale=1)
2019-07-23T16:23:15:   DEC ......................: 22.0145 [-90,90] deg (fixed,scale=1)
2019-07-23T16:23:15:  Number of spectral par's ..: 4
2019-07-23T16:23:15:   Prefactor ................: 2.28e-18 +/- 0 [1e-25,1e-15] ph/cm2/s/MeV (free,scale=1e-18,gradient)
2019-07-23T16:23:15:   Index ....................: -2 +/- 0 [-0,-5]  (free,scale=-1,gradient)
2019-07-23T16:23:15:   CutoffEnergy .............: 50000000 +/- 0 [100000,10000000000] MeV (free,scale=10000000,gradient)
2019-07-23T16:23:15:   PivotEnergy ..............: 1000000 [10000,1000000000] MeV (fixed,scale=1000000,gradient)
2019-07-23T16:23:15:  Number of temporal par's ..: 1
2019-07-23T16:23:15:   Normalization ............: 1 (relative value) (fixed,scale=1,gradient)
2019-07-23T16:23:15:  Number of scale par's .....: 0
2019-07-23T16:23:15: === GCTAModelCubeBackground ===
2019-07-23T16:23:15:  Name ......................: BackgroundModel
2019-07-23T16:23:15:  Instruments ...............: CTA, HESS, MAGIC, VERITAS
2019-07-23T16:23:15:  Observation identifiers ...: all
2019-07-23T16:23:15:  Model type ................: "PowerLaw" * "Constant"
2019-07-23T16:23:15:  Number of parameters ......: 4
2019-07-23T16:23:15:  Number of spectral par's ..: 3
2019-07-23T16:23:15:   Prefactor ................: 1 +/- 0 [0.01,100] ph/cm2/s/MeV (free,scale=1,gradient)
2019-07-23T16:23:15:   Index ....................: 0 +/- 0 [-5,5]  (free,scale=1,gradient)
2019-07-23T16:23:15:   PivotEnergy ..............: 1000000 MeV (fixed,scale=1000000,gradient)
2019-07-23T16:23:15:  Number of temporal par's ..: 1
2019-07-23T16:23:15:   Normalization ............: 1 (relative value) (fixed,scale=1,gradient)
2019-07-23T16:23:15: 
2019-07-23T16:23:15: +=================================+
2019-07-23T16:23:15: | Maximum likelihood optimisation |
2019-07-23T16:23:15: +=================================+
2019-07-23T16:23:46:  >Iteration   0: -logL=-314364.931, Lambda=1.0e-03
2019-07-23T16:24:15:  >Iteration   1: -logL=-315090.854, Lambda=1.0e-03, delta=725.923, step=1.0e+00, max(|grad|)=6725.935711 [Index:8]
2019-07-23T16:24:44:  >Iteration   2: -logL=-315117.815, Lambda=1.0e-04, delta=26.961, step=1.0e+00, max(|grad|)=-99.135656 [Index:8]
2019-07-23T16:25:13:  >Iteration   3: -logL=-315117.873, Lambda=1.0e-05, delta=0.058, step=1.0e+00, max(|grad|)=22.510098 [Index:8]
2019-07-23T16:25:42:  >Iteration   4: -logL=-315117.875, Lambda=1.0e-06, delta=0.001, step=1.0e+00, max(|grad|)=-3.388397 [Index:8]
2019-07-23T16:25:42:  
2019-07-23T16:25:42:  +==================+
2019-07-23T16:25:42:  | Curvature matrix |
2019-07-23T16:25:42:  +==================+
2019-07-23T16:25:42:  === GMatrixSparse ===
2019-07-23T16:25:42:   Number of rows ............: 11
2019-07-23T16:25:42:   Number of columns .........: 11
2019-07-23T16:25:42:   Number of nonzero elements : 25
2019-07-23T16:25:42:   Number of allocated cells .: 537
2019-07-23T16:25:42:   Memory block size .........: 512
2019-07-23T16:25:42:   Sparse matrix fill ........: 0.206611570247934
2019-07-23T16:25:42:   Pending element ...........: 0
2019-07-23T16:25:42:   Fill stack size ...........: 0 (none)
2019-07-23T16:25:42:   0, 0, 0, 0, 0, 0, 0, 0, 0, 0, 0
2019-07-23T16:25:42:   0, 0, 0, 0, 0, 0, 0, 0, 0, 0, 0
2019-07-23T16:25:42:   0, 0, 2400.68849645397, -1046.76046385571, 57.5798140404949, 0, 0, 1412.59499834028, -2309.69854809707, 0, 0
2019-07-23T16:25:42:   0, 0, -1046.76046385571, 22607.9243638879, -285.851016781819, 0, 0, 4609.08006405997, -9675.41670693444, 0, 0
2019-07-23T16:25:42:   0, 0, 57.5798140404949, -285.851016781819, 8.17732864276738, 0, 0, 4.46704850416827, 1.35613717724317, 0, 0
2019-07-23T16:25:42:   0, 0, 0, 0, 0, 0, 0, 0, 0, 0, 0
2019-07-23T16:25:42:   0, 0, 0, 0, 0, 0, 0, 0, 0, 0, 0
2019-07-23T16:25:42:   0, 0, 1412.59499834029, 4609.08006405997, 4.46704850416827, 0, 0, 223740.598124164, -393032.066943377, 0, 0
2019-07-23T16:25:42:   0, 0, -2309.69854809706, -9675.41670693444, 1.35613717724317, 0, 0, -393032.066943377, 843720.010890965, 0, 0
2019-07-23T16:25:42:   0, 0, 0, 0, 0, 0, 0, 0, 0, 0, 0
2019-07-23T16:25:42:   0, 0, 0, 0, 0, 0, 0, 0, 0, 0, 0
2019-07-23T16:26:11: 
2019-07-23T16:26:11: +====================================+
2019-07-23T16:26:11: | Maximum likelihood re-optimisation |
2019-07-23T16:26:11: +====================================+
2019-07-23T16:26:12:  >Iteration   0: -logL=-282831.003, Lambda=1.0e-03
2019-07-23T16:26:12:  >Iteration   1: -logL=-284355.891, Lambda=1.0e-03, delta=1524.889, step=1.0e+00, max(|grad|)=7582.020888 [Index:1]
2019-07-23T16:26:13:  >Iteration   2: -logL=-284436.253, Lambda=1.0e-04, delta=80.361, step=1.0e+00, max(|grad|)=463.595496 [Index:1]
2019-07-23T16:26:13:  >Iteration   3: -logL=-284436.379, Lambda=1.0e-05, delta=0.126, step=1.0e+00, max(|grad|)=-4.339990 [Index:1]
2019-07-23T16:26:14:  >Iteration   4: -logL=-284436.379, Lambda=1.0e-06, delta=0.000, step=1.0e+00, max(|grad|)=0.299123 [Index:1]
2019-07-23T16:26:14: 
2019-07-23T16:26:14: +============================================+
2019-07-23T16:26:14: | Maximum likelihood re-optimisation results |
2019-07-23T16:26:14: +============================================+
2019-07-23T16:26:14: === GOptimizerLM ===
2019-07-23T16:26:14:  Optimized function value ..: -284436.379
2019-07-23T16:26:14:  Absolute precision ........: 0.005
2019-07-23T16:26:14:  Acceptable value decrease .: 2
2019-07-23T16:26:14:  Optimization status .......: converged
2019-07-23T16:26:14:  Number of parameters ......: 4
2019-07-23T16:26:14:  Number of free parameters .: 2
2019-07-23T16:26:14:  Number of iterations ......: 4
2019-07-23T16:26:14:  Lambda ....................: 1e-07
2019-07-23T16:26:14: 
2019-07-23T16:26:14: +=========================================+
2019-07-23T16:26:14: | Maximum likelihood optimisation results |
2019-07-23T16:26:14: +=========================================+
2019-07-23T16:26:14: === GOptimizerLM ===
2019-07-23T16:26:14:  Optimized function value ..: -315117.875
2019-07-23T16:26:14:  Absolute precision ........: 0.005
2019-07-23T16:26:14:  Acceptable value decrease .: 2
2019-07-23T16:26:14:  Optimization status .......: converged
2019-07-23T16:26:14:  Number of parameters ......: 11
2019-07-23T16:26:14:  Number of free parameters .: 5
2019-07-23T16:26:14:  Number of iterations ......: 4
2019-07-23T16:26:14:  Lambda ....................: 1e-07
2019-07-23T16:26:14:  Maximum log likelihood ....: 315117.875
2019-07-23T16:26:14:  Observed events  (Nobs) ...: 319899.000
2019-07-23T16:26:14:  Predicted events (Npred) ..: 318132.992 (Nobs - Npred = 1766.00840258168)
2019-07-23T16:26:14: === GModels ===
2019-07-23T16:26:14:  Number of models ..........: 2
2019-07-23T16:26:14:  Number of parameters ......: 11
2019-07-23T16:26:14: === GModelSky ===
2019-07-23T16:26:14:  Name ......................: source1c
2019-07-23T16:26:14:  Instruments ...............: all
2019-07-23T16:26:14:  Test Statistic ............: 61362.991795907
2019-07-23T16:26:14:  Observation identifiers ...: all
2019-07-23T16:26:14:  Model type ................: PointSource
2019-07-23T16:26:14:  Model components ..........: "PointSource" * "ExponentialCutoffPowerLaw" * "Constant"
2019-07-23T16:26:14:  Number of parameters ......: 7
2019-07-23T16:26:14:  Number of spatial par's ...: 2
2019-07-23T16:26:14:   RA .......................: 83.6331 [-360,360] deg (fixed,scale=1)
2019-07-23T16:26:14:   DEC ......................: 22.0145 [-90,90] deg (fixed,scale=1)
2019-07-23T16:26:14:  Number of spectral par's ..: 4
2019-07-23T16:26:14:   Prefactor ................: 2.28121796282498e-18 +/- 2.284346242923e-20 [1e-25,1e-15] ph/cm2/s/MeV (free,scale=1e-18,gradient)
2019-07-23T16:26:14:   Index ....................: -1.98343261579237 +/- 0.00910545690542023 [-0,-5]  (free,scale=-1,gradient)
2019-07-23T16:26:14:   CutoffEnergy .............: 55606337.5435146 +/- 5183794.49497437 [100000,10000000000] MeV (free,scale=10000000,gradient)
2019-07-23T16:26:14:   PivotEnergy ..............: 1000000 [10000,1000000000] MeV (fixed,scale=1000000,gradient)
2019-07-23T16:26:14:  Number of temporal par's ..: 1
2019-07-23T16:26:14:   Normalization ............: 1 (relative value) (fixed,scale=1,gradient)
2019-07-23T16:26:14:  Number of scale par's .....: 0
2019-07-23T16:26:14: === GCTAModelCubeBackground ===
2019-07-23T16:26:14:  Name ......................: BackgroundModel
2019-07-23T16:26:14:  Instruments ...............: CTA, HESS, MAGIC, VERITAS
2019-07-23T16:26:14:  Observation identifiers ...: all
2019-07-23T16:26:14:  Model type ................: "PowerLaw" * "Constant"
2019-07-23T16:26:14:  Number of parameters ......: 4
2019-07-23T16:26:14:  Number of spectral par's ..: 3
2019-07-23T16:26:14:   Prefactor ................: 1.15446583521806 +/- 0.0049627144045616 [0.01,100] ph/cm2/s/MeV (free,scale=1,gradient)
2019-07-23T16:26:14:   Index ....................: 0.0940242033243358 +/- 0.00255533303035365 [-5,5]  (free,scale=1,gradient)
2019-07-23T16:26:14:   PivotEnergy ..............: 1000000 MeV (fixed,scale=1000000,gradient)
2019-07-23T16:26:14:  Number of temporal par's ..: 1
2019-07-23T16:26:14:   Normalization ............: 1 (relative value) (fixed,scale=1,gradient)
2019-07-23T16:26:14: 
2019-07-23T16:26:14: +==============+
2019-07-23T16:26:14: | Save results |
2019-07-23T16:26:14: +==============+
2019-07-23T16:26:14:  Model definition file .....: /cta/carli/CPPM_Internship/Simulations_and_Analyses/plus_constant_EDisp_South_z40_50h/source1c/obsmodel_binned.xml
2019-07-23T16:26:14:  Covariance matrix file ....: NONE
2019-07-23T16:26:14: 
2019-07-23T16:26:14: Application "ctlike" terminated after 180 wall clock seconds, consuming 186.42 seconds of CPU time.
