2019-07-25T13:24:47: ********************************************************************************
2019-07-25T13:24:47: *                                    cterror                                   *
2019-07-25T13:24:47: * ---------------------------------------------------------------------------- *
2019-07-25T13:24:47: * Version: 1.6.0                                                               *
2019-07-25T13:24:47: ********************************************************************************
2019-07-25T13:24:47: +============+
2019-07-25T13:24:47: | Parameters |
2019-07-25T13:24:47: +============+
2019-07-25T13:24:47:  inobs .....................: /cta/carli/CPPM_Internship/Simulations_and_Analyses/plus_constant_AEff_South_z40_50h/source1c/obs_cube.fits
2019-07-25T13:24:47:  inmodel ...................: /cta/carli/CPPM_Internship/Simulations_and_Analyses/plus_constant_AEff_South_z40_50h/source1c/obsmodel_binned.xml
2019-07-25T13:24:47:  srcname ...................: source1c
2019-07-25T13:24:47:  expcube ...................: /cta/carli/CPPM_Internship/Simulations_and_Analyses/plus_constant_AEff_South_z40_50h/source1c/exposure_cube.fits
2019-07-25T13:24:47:  psfcube ...................: /cta/carli/CPPM_Internship/Simulations_and_Analyses/plus_constant_AEff_South_z40_50h/source1c/PSF_cube.fits
2019-07-25T13:24:47:  edispcube .................: /cta/carli/CPPM_Internship/Simulations_and_Analyses/plus_constant_AEff_South_z40_50h/source1c/edisp_cube.fits
2019-07-25T13:24:47:  bkgcube ...................: /cta/carli/CPPM_Internship/Simulations_and_Analyses/plus_constant_AEff_South_z40_50h/source1c/background_cube.fits
2019-07-25T13:24:47:  caldb .....................: prod3b-v2
2019-07-25T13:24:47:  irf .......................: plus_constant_AEff_South_z40_50h
2019-07-25T13:24:47:  edisp .....................: yes
2019-07-25T13:24:47:  outmodel ..................: 
2019-07-25T13:24:47:  confidence ................: 0.95
2019-07-25T13:24:47:  tol .......................: 1e-3
2019-07-25T13:24:47:  statistic .................: DEFAULT
2019-07-25T13:24:47:  like_accuracy .............: 0.005
2019-07-25T13:24:47:  max_iter ..................: 50
2019-07-25T13:24:47:  nthreads ..................: 0
2019-07-25T13:24:47:  chatter ...................: 4
2019-07-25T13:24:47:  clobber ...................: yes
2019-07-25T13:24:47:  debug .....................: no
2019-07-25T13:24:47:  mode ......................: ql
2019-07-25T13:24:47:  logfile ...................: cterror95.log
2019-07-25T13:24:47: 
2019-07-25T13:24:47: +===================+
2019-07-25T13:24:47: | Input observation |
2019-07-25T13:24:47: +===================+
2019-07-25T13:24:47: === GObservations ===
2019-07-25T13:24:47:  Number of observations ....: 1
2019-07-25T13:24:47:  Number of models ..........: 2
2019-07-25T13:24:47:  Number of observed events .: 320744
2019-07-25T13:24:47:  Number of predicted events : 0
2019-07-25T13:24:47: === GCTAObservation ===
2019-07-25T13:24:47:  Name ......................: 
2019-07-25T13:24:47:  Identifier ................: 000001
2019-07-25T13:24:47:  Instrument ................: CTA
2019-07-25T13:24:47:  Event file ................: /cta/carli/CPPM_Internship/Simulations_and_Analyses/plus_constant_AEff_South_z40_50h/source1c/obs_cube.fits
2019-07-25T13:24:47:  Event type ................: CountsCube
2019-07-25T13:24:47:  Statistic .................: cstat
2019-07-25T13:24:47:  Ontime ....................: 144000 s
2019-07-25T13:24:47:  Livetime ..................: 141120 s
2019-07-25T13:24:47:  Deadtime correction .......: 0.98
2019-07-25T13:24:47:  User energy range .........: undefined
2019-07-25T13:24:47: === GCTAPointing ===
2019-07-25T13:24:47:  Pointing direction ........: (RA,Dec)=(84.1331,22.0145)
2019-07-25T13:24:47: === GCTAResponseCube ===
2019-07-25T13:24:47:  Energy dispersion .........: Used
2019-07-25T13:24:47: === GCTACubeExposure ===
2019-07-25T13:24:47:  Filename ..................: /cta/carli/CPPM_Internship/Simulations_and_Analyses/plus_constant_AEff_South_z40_50h/source1c/exposure_cube.fits
2019-07-25T13:24:47:  Livetime ..................: 141120 sec
2019-07-25T13:24:47: === GEnergies ===
2019-07-25T13:24:47:  Number of energies ........: 33
2019-07-25T13:24:47: === GGti ===
2019-07-25T13:24:47:  Number of intervals .......: 1
2019-07-25T13:24:47:  Ontime ....................: 144000 sec
2019-07-25T13:24:47:  Elapsed time ..............: 144000 sec
2019-07-25T13:24:47:  MJD range .................: 51544.5 - 51546.1666666667 s (TT)
2019-07-25T13:24:47:  UTC range .................: 2000-01-01T11:58:56 - 2000-01-03T03:58:56 s (TT)
2019-07-25T13:24:47:  Reference MJD .............: 51544.5
2019-07-25T13:24:47: === GSkyMap ===
2019-07-25T13:24:47:  Number of pixels ..........: 6400
2019-07-25T13:24:47:  X axis dimension ..........: 80
2019-07-25T13:24:47:  Y axis dimension ..........: 80
2019-07-25T13:24:47:  Number of maps ............: 33
2019-07-25T13:24:47:  Shape of maps .............: (33)
2019-07-25T13:24:47: === GCTACubePsf ===
2019-07-25T13:24:47:  Filename ..................: /cta/carli/CPPM_Internship/Simulations_and_Analyses/plus_constant_AEff_South_z40_50h/source1c/PSF_cube.fits
2019-07-25T13:24:47: === GEnergies ===
2019-07-25T13:24:47:  Number of energies ........: 33
2019-07-25T13:24:47:  Number of delta bins ......: 200
2019-07-25T13:24:47:  Delta range ...............: 1.875e-06 - 0.298501875 deg
2019-07-25T13:24:47: === GSkyMap ===
2019-07-25T13:24:47:  Number of pixels ..........: 1
2019-07-25T13:24:47:  X axis dimension ..........: 1
2019-07-25T13:24:47:  Y axis dimension ..........: 1
2019-07-25T13:24:47:  Number of maps ............: 6600
2019-07-25T13:24:47:  Shape of maps .............: (200, 33)
2019-07-25T13:24:47: === GCTACubeEdisp ===
2019-07-25T13:24:47:  Filename ..................: /cta/carli/CPPM_Internship/Simulations_and_Analyses/plus_constant_AEff_South_z40_50h/source1c/edisp_cube.fits
2019-07-25T13:24:47: === GEnergies ===
2019-07-25T13:24:47:  Number of energies ........: 33
2019-07-25T13:24:47:  Number of migra bins ......: 100
2019-07-25T13:24:47:  Migra range ...............: 0.02 - 2
2019-07-25T13:24:47: === GSkyMap ===
2019-07-25T13:24:47:  Number of pixels ..........: 1
2019-07-25T13:24:47:  X axis dimension ..........: 1
2019-07-25T13:24:47:  Y axis dimension ..........: 1
2019-07-25T13:24:47:  Number of maps ............: 3300
2019-07-25T13:24:47:  Shape of maps .............: (100, 33)
2019-07-25T13:24:47: === GCTACubeBackground ===
2019-07-25T13:24:47:  Filename ..................: /cta/carli/CPPM_Internship/Simulations_and_Analyses/plus_constant_AEff_South_z40_50h/source1c/background_cube.fits
2019-07-25T13:24:47: === GEbounds ===
2019-07-25T13:24:47:  Number of intervals .......: 32
2019-07-25T13:24:47:  Energy range ..............: 100 GeV - 199.526229858398 TeV
2019-07-25T13:24:47: === GSkyMap ===
2019-07-25T13:24:47:  Number of pixels ..........: 6400
2019-07-25T13:24:47:  X axis dimension ..........: 80
2019-07-25T13:24:47:  Y axis dimension ..........: 80
2019-07-25T13:24:47:  Number of maps ............: 32
2019-07-25T13:24:47:  Shape of maps .............: (32)
2019-07-25T13:24:47: === GCTAResponseCache ===
2019-07-25T13:24:47:  Number of cached values ...: 0
2019-07-25T13:24:47: === GCTAEventCube ===
2019-07-25T13:24:47:  Number of events ..........: 320744
2019-07-25T13:24:47:  Number of elements ........: 204800
2019-07-25T13:24:47:  Number of pixels ..........: 6400
2019-07-25T13:24:47:  Number of energy bins .....: 32
2019-07-25T13:24:47:  Time interval .............: 51544.5 - 51546.1666666667 days
2019-07-25T13:24:47:  Pointing ..................: (RA,Dec)=(84.1331,22.0145)
2019-07-25T13:24:47: === GEbounds ===
2019-07-25T13:24:47:  Number of intervals .......: 32
2019-07-25T13:24:47:  Energy range ..............: 100 GeV - 199.526229858398 TeV
2019-07-25T13:24:47: === GSkyMap ===
2019-07-25T13:24:47:  Number of pixels ..........: 6400
2019-07-25T13:24:47:  X axis dimension ..........: 80
2019-07-25T13:24:47:  Y axis dimension ..........: 80
2019-07-25T13:24:47:  Number of maps ............: 32
2019-07-25T13:24:47:  Shape of maps .............: (32)
2019-07-25T13:24:47: === GSkyRegions ===
2019-07-25T13:24:47:  Number of regions .........: 0
2019-07-25T13:24:47: === GModels ===
2019-07-25T13:24:47:  Number of models ..........: 2
2019-07-25T13:24:47:  Number of parameters ......: 11
2019-07-25T13:24:47: === GModelSky ===
2019-07-25T13:24:47:  Name ......................: source1c
2019-07-25T13:24:47:  Instruments ...............: all
2019-07-25T13:24:47:  Test Statistic ............: 67051.673
2019-07-25T13:24:47:  Observation identifiers ...: all
2019-07-25T13:24:47:  Model type ................: PointSource
2019-07-25T13:24:47:  Model components ..........: "PointSource" * "ExponentialCutoffPowerLaw" * "Constant"
2019-07-25T13:24:47:  Number of parameters ......: 7
2019-07-25T13:24:47:  Number of spatial par's ...: 2
2019-07-25T13:24:47:   RA .......................: 83.6331 [-360,360] deg (fixed,scale=1)
2019-07-25T13:24:47:   DEC ......................: 22.0145 [-90,90] deg (fixed,scale=1)
2019-07-25T13:24:47:  Number of spectral par's ..: 4
2019-07-25T13:24:47:   Prefactor ................: 2.2692228445156e-18 [1e-25,1e-15] ph/cm2/s/MeV (fixed,scale=1e-18,gradient)
2019-07-25T13:24:47:   Index ....................: -2.00958660949752 [-0,-5]  (fixed,scale=-1,gradient)
2019-07-25T13:24:47:   CutoffEnergy .............: 53897108.7126997 +/- 5035703.39832764 [100000,10000000000] MeV (free,scale=10000000,gradient)
2019-07-25T13:24:47:   PivotEnergy ..............: 1000000 [10000,1000000000] MeV (fixed,scale=1000000,gradient)
2019-07-25T13:24:47:  Number of temporal par's ..: 1
2019-07-25T13:24:47:   Normalization ............: 1 (relative value) (fixed,scale=1,gradient)
2019-07-25T13:24:47:  Number of scale par's .....: 0
2019-07-25T13:24:47: === GCTAModelCubeBackground ===
2019-07-25T13:24:47:  Name ......................: BackgroundModel
2019-07-25T13:24:47:  Instruments ...............: CTA, HESS, MAGIC, VERITAS
2019-07-25T13:24:47:  Observation identifiers ...: all
2019-07-25T13:24:47:  Model type ................: "PowerLaw" * "Constant"
2019-07-25T13:24:47:  Number of parameters ......: 4
2019-07-25T13:24:47:  Number of spectral par's ..: 3
2019-07-25T13:24:47:   Prefactor ................: 0.992884178185177 [0.01,100] ph/cm2/s/MeV (fixed,scale=1,gradient)
2019-07-25T13:24:47:   Index ....................: -0.0035132666375168 [-5,5]  (fixed,scale=1,gradient)
2019-07-25T13:24:47:   PivotEnergy ..............: 1000000 MeV (fixed,scale=1000000,gradient)
2019-07-25T13:24:47:  Number of temporal par's ..: 1
2019-07-25T13:24:47:   Normalization ............: 1 (relative value) (fixed,scale=1,gradient)
2019-07-25T13:24:47: 
2019-07-25T13:24:47: +=============================+
2019-07-25T13:24:47: | Compute best-fit likelihood |
2019-07-25T13:24:47: +=============================+
2019-07-25T13:26:18: === GOptimizerLM ===
2019-07-25T13:26:18:  Optimized function value ..: -335806.332
2019-07-25T13:26:18:  Absolute precision ........: 0.005
2019-07-25T13:26:18:  Acceptable value decrease .: 2
2019-07-25T13:26:18:  Optimization status .......: converged
2019-07-25T13:26:18:  Number of parameters ......: 11
2019-07-25T13:26:18:  Number of free parameters .: 1
2019-07-25T13:26:18:  Number of iterations ......: 1
2019-07-25T13:26:18:  Lambda ....................: 0.0001
2019-07-25T13:26:18:  Maximum log likelihood ....: -335806.332
2019-07-25T13:26:18: === GModels ===
2019-07-25T13:26:18:  Number of models ..........: 2
2019-07-25T13:26:18:  Number of parameters ......: 11
2019-07-25T13:26:18: === GModelSky ===
2019-07-25T13:26:18:  Name ......................: source1c
2019-07-25T13:26:18:  Instruments ...............: all
2019-07-25T13:26:18:  Test Statistic ............: 67051.673
2019-07-25T13:26:18:  Observation identifiers ...: all
2019-07-25T13:26:18:  Model type ................: PointSource
2019-07-25T13:26:18:  Model components ..........: "PointSource" * "ExponentialCutoffPowerLaw" * "Constant"
2019-07-25T13:26:18:  Number of parameters ......: 7
2019-07-25T13:26:18:  Number of spatial par's ...: 2
2019-07-25T13:26:18:   RA .......................: 83.6331 [-360,360] deg (fixed,scale=1)
2019-07-25T13:26:18:   DEC ......................: 22.0145 [-90,90] deg (fixed,scale=1)
2019-07-25T13:26:18:  Number of spectral par's ..: 4
2019-07-25T13:26:18:   Prefactor ................: 2.2692228445156e-18 [1e-25,1e-15] ph/cm2/s/MeV (fixed,scale=1e-18,gradient)
2019-07-25T13:26:18:   Index ....................: -2.00958660949752 [-0,-5]  (fixed,scale=-1,gradient)
2019-07-25T13:26:18:   CutoffEnergy .............: 53898853.6795349 +/- 3400869.46267384 [100000,10000000000] MeV (free,scale=10000000,gradient)
2019-07-25T13:26:18:   PivotEnergy ..............: 1000000 [10000,1000000000] MeV (fixed,scale=1000000,gradient)
2019-07-25T13:26:18:  Number of temporal par's ..: 1
2019-07-25T13:26:18:   Normalization ............: 1 (relative value) (fixed,scale=1,gradient)
2019-07-25T13:26:18:  Number of scale par's .....: 0
2019-07-25T13:26:18: === GCTAModelCubeBackground ===
2019-07-25T13:26:18:  Name ......................: BackgroundModel
2019-07-25T13:26:18:  Instruments ...............: CTA, HESS, MAGIC, VERITAS
2019-07-25T13:26:18:  Observation identifiers ...: all
2019-07-25T13:26:18:  Model type ................: "PowerLaw" * "Constant"
2019-07-25T13:26:18:  Number of parameters ......: 4
2019-07-25T13:26:18:  Number of spectral par's ..: 3
2019-07-25T13:26:18:   Prefactor ................: 0.992884178185177 [0.01,100] ph/cm2/s/MeV (fixed,scale=1,gradient)
2019-07-25T13:26:18:   Index ....................: -0.0035132666375168 [-5,5]  (fixed,scale=1,gradient)
2019-07-25T13:26:18:   PivotEnergy ..............: 1000000 MeV (fixed,scale=1000000,gradient)
2019-07-25T13:26:18:  Number of temporal par's ..: 1
2019-07-25T13:26:18:   Normalization ............: 1 (relative value) (fixed,scale=1,gradient)
2019-07-25T13:26:18: 
2019-07-25T13:26:18: +==============================================================+
2019-07-25T13:26:18: | Compute error for source "source1c" parameter "CutoffEnergy" |
2019-07-25T13:26:18: +==============================================================+
2019-07-25T13:26:18:  Confidence level ..........: 95 %
2019-07-25T13:26:18:  Log-likelihood difference .: 1.92073
2019-07-25T13:26:18:  Initial factor range ......: [1.98901590527964, 8.79075483062733]
2019-07-25T13:26:29:    Iteration 1 .............: [1.98901590527964, 5.38988536795349]
2019-07-25T13:26:39:    Iteration 2 .............: [3.68945063661657, 5.38988536795349]
2019-07-25T13:26:49:    Iteration 3 .............: [4.53966800228503, 5.38988536795349]
2019-07-25T13:26:59:    Iteration 4 .............: [4.53966800228503, 4.96477668511926]
2019-07-25T13:27:09:    Iteration 5 .............: [4.75222234370214, 4.96477668511926]
2019-07-25T13:27:20:    Iteration 6 .............: [4.75222234370214, 4.8584995144107]
2019-07-25T13:27:30:    Iteration 7 .............: [4.75222234370214, 4.80536092905642]
2019-07-25T13:27:40:    Iteration 8 .............: [4.75222234370214, 4.77879163637928]
2019-07-25T13:27:50:    Iteration 9 .............: [4.76550699004071, 4.77879163637928]
2019-07-25T13:28:01:    Iteration 10 ............: [4.77214931321, 4.77879163637928]
2019-07-25T13:28:11:    Iteration 11 ............: [4.77547047479464, 4.77879163637928]
2019-07-25T13:28:21:    Iteration 12 ............: [4.77547047479464, 4.77713105558696]
2019-07-25T13:28:32:    Iteration 13 ............: [4.77547047479464, 4.7763007651908]
2019-07-25T13:28:42:    Iteration 14 ............: [4.77547047479464, 4.77588561999272]
2019-07-25T13:28:53:    Iteration 1 .............: [5.38988536795349, 8.79075483062733]
2019-07-25T13:29:03:    Iteration 2 .............: [5.38988536795349, 7.09032009929041]
2019-07-25T13:29:13:    Iteration 3 .............: [5.38988536795349, 6.24010273362195]
2019-07-25T13:29:24:    Iteration 4 .............: [5.81499405078772, 6.24010273362195]
2019-07-25T13:29:34:    Iteration 5 .............: [6.02754839220483, 6.24010273362195]
2019-07-25T13:29:44:    Iteration 6 .............: [6.13382556291339, 6.24010273362195]
2019-07-25T13:29:55:    Iteration 7 .............: [6.13382556291339, 6.18696414826767]
2019-07-25T13:30:05:    Iteration 8 .............: [6.13382556291339, 6.16039485559053]
2019-07-25T13:30:15:    Iteration 9 .............: [6.14711020925196, 6.16039485559053]
2019-07-25T13:30:26:    Iteration 10 ............: [6.14711020925196, 6.15375253242124]
2019-07-25T13:30:36:    Iteration 11 ............: [6.1504313708366, 6.15375253242124]
2019-07-25T13:30:36:  Lower parameter factor ....: 4.77568
2019-07-25T13:30:36:  Upper parameter factor ....: 6.15209
2019-07-25T13:30:36:  Error from curvature ......: 3400869.46267384 MeV
2019-07-25T13:30:36:  Error from profile ........: 6882069.52117623 MeV
2019-07-25T13:30:36:  Negative profile error ....: 6142073.20559808 MeV
2019-07-25T13:30:36:  Positive profile error ....: 7622065.83675437 MeV
2019-07-25T13:30:36: 
2019-07-25T13:30:36: +==============+
2019-07-25T13:30:36: | Save results |
2019-07-25T13:30:36: +==============+
2019-07-25T13:30:36:  Model definition file .....: NONE
2019-07-25T13:30:36: 
2019-07-25T13:30:36: Application "cterror" terminated after 350 wall clock seconds, consuming 434.11 seconds of CPU time.
