2019-07-22T13:54:44: ********************************************************************************
2019-07-22T13:54:44: *                                    ctlike                                    *
2019-07-22T13:54:44: * ---------------------------------------------------------------------------- *
2019-07-22T13:54:44: * Version: 1.6.0                                                               *
2019-07-22T13:54:44: ********************************************************************************
2019-07-22T13:54:44: +============+
2019-07-22T13:54:44: | Parameters |
2019-07-22T13:54:44: +============+
2019-07-22T13:54:44:  inobs .....................: /cta/carli/CPPM_Internship/Simulations_and_Analyses/plus_constant_AEff_South_z40_50h/source1c/obs_cube.fits
2019-07-22T13:54:44:  inmodel ...................: sourcemodel_cube.xml
2019-07-22T13:54:44:  expcube ...................: /cta/carli/CPPM_Internship/Simulations_and_Analyses/plus_constant_AEff_South_z40_50h/source1c/exposure_cube.fits
2019-07-22T13:54:44:  psfcube ...................: /cta/carli/CPPM_Internship/Simulations_and_Analyses/plus_constant_AEff_South_z40_50h/source1c/PSF_cube.fits
2019-07-22T13:54:44:  edispcube .................: /cta/carli/CPPM_Internship/Simulations_and_Analyses/plus_constant_AEff_South_z40_50h/source1c/edisp_cube.fits
2019-07-22T13:54:44:  bkgcube ...................: /cta/carli/CPPM_Internship/Simulations_and_Analyses/plus_constant_AEff_South_z40_50h/source1c/background_cube.fits
2019-07-22T13:54:44:  caldb .....................: prod3b-v2
2019-07-22T13:54:44:  irf .......................: plus_constant_AEff_South_z40_50h
2019-07-22T13:54:44:  edisp .....................: yes
2019-07-22T13:54:44:  outmodel ..................: /cta/carli/CPPM_Internship/Simulations_and_Analyses/plus_constant_AEff_South_z40_50h/source1c/obsmodel_binned.xml
2019-07-22T13:54:44:  outcovmat .................: NONE
2019-07-22T13:54:44:  statistic .................: DEFAULT
2019-07-22T13:54:44:  refit .....................: no
2019-07-22T13:54:44:  like_accuracy .............: 0.005
2019-07-22T13:54:44:  max_iter ..................: 50
2019-07-22T13:54:44:  fix_spat_for_ts ...........: no
2019-07-22T13:54:44:  nthreads ..................: 0
2019-07-22T13:54:44:  chatter ...................: 4
2019-07-22T13:54:44:  clobber ...................: yes
2019-07-22T13:54:44:  debug .....................: no
2019-07-22T13:54:44:  mode ......................: ql
2019-07-22T13:54:44:  logfile ...................: ctlike.log
2019-07-22T13:54:44: 
2019-07-22T13:54:44: +===================+
2019-07-22T13:54:44: | Input observation |
2019-07-22T13:54:44: +===================+
2019-07-22T13:54:44: === GObservations ===
2019-07-22T13:54:44:  Number of observations ....: 1
2019-07-22T13:54:44:  Number of models ..........: 2
2019-07-22T13:54:44:  Number of observed events .: 320744
2019-07-22T13:54:44:  Number of predicted events : 0
2019-07-22T13:54:44: === GCTAObservation ===
2019-07-22T13:54:44:  Name ......................: 
2019-07-22T13:54:44:  Identifier ................: 000001
2019-07-22T13:54:44:  Instrument ................: CTA
2019-07-22T13:54:44:  Event file ................: /cta/carli/CPPM_Internship/Simulations_and_Analyses/plus_constant_AEff_South_z40_50h/source1c/obs_cube.fits
2019-07-22T13:54:44:  Event type ................: CountsCube
2019-07-22T13:54:44:  Statistic .................: cstat
2019-07-22T13:54:44:  Ontime ....................: 144000 s
2019-07-22T13:54:44:  Livetime ..................: 141120 s
2019-07-22T13:54:44:  Deadtime correction .......: 0.98
2019-07-22T13:54:44:  User energy range .........: undefined
2019-07-22T13:54:44: === GCTAPointing ===
2019-07-22T13:54:44:  Pointing direction ........: (RA,Dec)=(84.1331,22.0145)
2019-07-22T13:54:44: === GCTAResponseCube ===
2019-07-22T13:54:44:  Energy dispersion .........: Used
2019-07-22T13:54:44: === GCTACubeExposure ===
2019-07-22T13:54:44:  Filename ..................: /cta/carli/CPPM_Internship/Simulations_and_Analyses/plus_constant_AEff_South_z40_50h/source1c/exposure_cube.fits
2019-07-22T13:54:44:  Livetime ..................: 141120 sec
2019-07-22T13:54:44: === GEnergies ===
2019-07-22T13:54:44:  Number of energies ........: 33
2019-07-22T13:54:44: === GGti ===
2019-07-22T13:54:44:  Number of intervals .......: 1
2019-07-22T13:54:44:  Ontime ....................: 144000 sec
2019-07-22T13:54:44:  Elapsed time ..............: 144000 sec
2019-07-22T13:54:44:  MJD range .................: 51544.5 - 51546.1666666667 s (TT)
2019-07-22T13:54:44:  UTC range .................: 2000-01-01T11:58:56 - 2000-01-03T03:58:56 s (TT)
2019-07-22T13:54:44:  Reference MJD .............: 51544.5
2019-07-22T13:54:44: === GSkyMap ===
2019-07-22T13:54:44:  Number of pixels ..........: 6400
2019-07-22T13:54:44:  X axis dimension ..........: 80
2019-07-22T13:54:44:  Y axis dimension ..........: 80
2019-07-22T13:54:44:  Number of maps ............: 33
2019-07-22T13:54:44:  Shape of maps .............: (33)
2019-07-22T13:54:44: === GCTACubePsf ===
2019-07-22T13:54:44:  Filename ..................: /cta/carli/CPPM_Internship/Simulations_and_Analyses/plus_constant_AEff_South_z40_50h/source1c/PSF_cube.fits
2019-07-22T13:54:44: === GEnergies ===
2019-07-22T13:54:44:  Number of energies ........: 33
2019-07-22T13:54:44:  Number of delta bins ......: 200
2019-07-22T13:54:44:  Delta range ...............: 1.875e-06 - 0.298501875 deg
2019-07-22T13:54:44: === GSkyMap ===
2019-07-22T13:54:44:  Number of pixels ..........: 1
2019-07-22T13:54:44:  X axis dimension ..........: 1
2019-07-22T13:54:44:  Y axis dimension ..........: 1
2019-07-22T13:54:44:  Number of maps ............: 6600
2019-07-22T13:54:44:  Shape of maps .............: (200, 33)
2019-07-22T13:54:44: === GCTACubeEdisp ===
2019-07-22T13:54:44:  Filename ..................: /cta/carli/CPPM_Internship/Simulations_and_Analyses/plus_constant_AEff_South_z40_50h/source1c/edisp_cube.fits
2019-07-22T13:54:44: === GEnergies ===
2019-07-22T13:54:44:  Number of energies ........: 33
2019-07-22T13:54:44:  Number of migra bins ......: 100
2019-07-22T13:54:44:  Migra range ...............: 0.02 - 2
2019-07-22T13:54:44: === GSkyMap ===
2019-07-22T13:54:44:  Number of pixels ..........: 1
2019-07-22T13:54:44:  X axis dimension ..........: 1
2019-07-22T13:54:44:  Y axis dimension ..........: 1
2019-07-22T13:54:44:  Number of maps ............: 3300
2019-07-22T13:54:44:  Shape of maps .............: (100, 33)
2019-07-22T13:54:44: === GCTACubeBackground ===
2019-07-22T13:54:44:  Filename ..................: /cta/carli/CPPM_Internship/Simulations_and_Analyses/plus_constant_AEff_South_z40_50h/source1c/background_cube.fits
2019-07-22T13:54:44: === GEbounds ===
2019-07-22T13:54:44:  Number of intervals .......: 32
2019-07-22T13:54:44:  Energy range ..............: 100 GeV - 199.526229858398 TeV
2019-07-22T13:54:44: === GSkyMap ===
2019-07-22T13:54:44:  Number of pixels ..........: 6400
2019-07-22T13:54:44:  X axis dimension ..........: 80
2019-07-22T13:54:44:  Y axis dimension ..........: 80
2019-07-22T13:54:44:  Number of maps ............: 32
2019-07-22T13:54:44:  Shape of maps .............: (32)
2019-07-22T13:54:44: === GCTAResponseCache ===
2019-07-22T13:54:44:  Number of cached values ...: 0
2019-07-22T13:54:44: === GCTAEventCube ===
2019-07-22T13:54:44:  Number of events ..........: 320744
2019-07-22T13:54:44:  Number of elements ........: 204800
2019-07-22T13:54:44:  Number of pixels ..........: 6400
2019-07-22T13:54:44:  Number of energy bins .....: 32
2019-07-22T13:54:44:  Time interval .............: 51544.5 - 51546.1666666667 days
2019-07-22T13:54:44:  Pointing ..................: (RA,Dec)=(84.1331,22.0145)
2019-07-22T13:54:44: === GEbounds ===
2019-07-22T13:54:44:  Number of intervals .......: 32
2019-07-22T13:54:44:  Energy range ..............: 100 GeV - 199.526229858398 TeV
2019-07-22T13:54:44: === GSkyMap ===
2019-07-22T13:54:44:  Number of pixels ..........: 6400
2019-07-22T13:54:44:  X axis dimension ..........: 80
2019-07-22T13:54:44:  Y axis dimension ..........: 80
2019-07-22T13:54:44:  Number of maps ............: 32
2019-07-22T13:54:44:  Shape of maps .............: (32)
2019-07-22T13:54:44: === GSkyRegions ===
2019-07-22T13:54:44:  Number of regions .........: 0
2019-07-22T13:54:44: === GModels ===
2019-07-22T13:54:44:  Number of models ..........: 2
2019-07-22T13:54:44:  Number of parameters ......: 11
2019-07-22T13:54:44: === GModelSky ===
2019-07-22T13:54:44:  Name ......................: source1c
2019-07-22T13:54:44:  Instruments ...............: all
2019-07-22T13:54:44:  Test Statistic ............: Computation requested
2019-07-22T13:54:44:  Observation identifiers ...: all
2019-07-22T13:54:44:  Model type ................: PointSource
2019-07-22T13:54:44:  Model components ..........: "PointSource" * "ExponentialCutoffPowerLaw" * "Constant"
2019-07-22T13:54:44:  Number of parameters ......: 7
2019-07-22T13:54:44:  Number of spatial par's ...: 2
2019-07-22T13:54:44:   RA .......................: 83.6331 [-360,360] deg (fixed,scale=1)
2019-07-22T13:54:44:   DEC ......................: 22.0145 [-90,90] deg (fixed,scale=1)
2019-07-22T13:54:44:  Number of spectral par's ..: 4
2019-07-22T13:54:44:   Prefactor ................: 2.28e-18 +/- 0 [1e-25,1e-15] ph/cm2/s/MeV (free,scale=1e-18,gradient)
2019-07-22T13:54:44:   Index ....................: -2 +/- 0 [-0,-5]  (free,scale=-1,gradient)
2019-07-22T13:54:44:   CutoffEnergy .............: 50000000 +/- 0 [100000,10000000000] MeV (free,scale=10000000,gradient)
2019-07-22T13:54:44:   PivotEnergy ..............: 1000000 [10000,1000000000] MeV (fixed,scale=1000000,gradient)
2019-07-22T13:54:44:  Number of temporal par's ..: 1
2019-07-22T13:54:44:   Normalization ............: 1 (relative value) (fixed,scale=1,gradient)
2019-07-22T13:54:44:  Number of scale par's .....: 0
2019-07-22T13:54:44: === GCTAModelCubeBackground ===
2019-07-22T13:54:44:  Name ......................: BackgroundModel
2019-07-22T13:54:44:  Instruments ...............: CTA, HESS, MAGIC, VERITAS
2019-07-22T13:54:44:  Observation identifiers ...: all
2019-07-22T13:54:44:  Model type ................: "PowerLaw" * "Constant"
2019-07-22T13:54:44:  Number of parameters ......: 4
2019-07-22T13:54:44:  Number of spectral par's ..: 3
2019-07-22T13:54:44:   Prefactor ................: 1 +/- 0 [0.01,100] ph/cm2/s/MeV (free,scale=1,gradient)
2019-07-22T13:54:44:   Index ....................: 0 +/- 0 [-5,5]  (free,scale=1,gradient)
2019-07-22T13:54:44:   PivotEnergy ..............: 1000000 MeV (fixed,scale=1000000,gradient)
2019-07-22T13:54:44:  Number of temporal par's ..: 1
2019-07-22T13:54:44:   Normalization ............: 1 (relative value) (fixed,scale=1,gradient)
2019-07-22T13:54:44: 
2019-07-22T13:54:44: +=================================+
2019-07-22T13:54:44: | Maximum likelihood optimisation |
2019-07-22T13:54:44: +=================================+
2019-07-22T13:55:16:  >Iteration   0: -logL=-335804.442, Lambda=1.0e-03
2019-07-22T13:55:46:  >Iteration   1: -logL=-335806.323, Lambda=1.0e-03, delta=1.881, step=1.0e+00, max(|grad|)=17.922432 [Index:8]
2019-07-22T13:56:15:  >Iteration   2: -logL=-335806.332, Lambda=1.0e-04, delta=0.008, step=1.0e+00, max(|grad|)=0.291348 [Index:3]
2019-07-22T13:56:45:  >Iteration   3: -logL=-335806.332, Lambda=1.0e-05, delta=0.000, step=1.0e+00, max(|grad|)=0.022681 [Index:3]
2019-07-22T13:56:45:  
2019-07-22T13:56:45:  +==================+
2019-07-22T13:56:45:  | Curvature matrix |
2019-07-22T13:56:45:  +==================+
2019-07-22T13:56:45:  === GMatrixSparse ===
2019-07-22T13:56:45:   Number of rows ............: 11
2019-07-22T13:56:45:   Number of columns .........: 11
2019-07-22T13:56:45:   Number of nonzero elements : 25
2019-07-22T13:56:45:   Number of allocated cells .: 537
2019-07-22T13:56:45:   Memory block size .........: 512
2019-07-22T13:56:45:   Sparse matrix fill ........: 0.206611570247934
2019-07-22T13:56:45:   Pending element ...........: 0
2019-07-22T13:56:45:   Fill stack size ...........: 0 (none)
2019-07-22T13:56:45:   0, 0, 0, 0, 0, 0, 0, 0, 0, 0, 0
2019-07-22T13:56:45:   0, 0, 0, 0, 0, 0, 0, 0, 0, 0, 0
2019-07-22T13:56:45:   0, 0, 2554.4879120236, -776.189797493612, 60.6382465319785, 0, 0, 1708.15253376942, -2519.34755800817, 0, 0
2019-07-22T13:56:45:   0, 0, -776.189797493615, 23049.5441230703, -291.040505916345, 0, 0, 5813.6728870234, -10566.5202990687, 0, 0
2019-07-22T13:56:45:   0, 0, 60.6382465319785, -291.040505916345, 8.64721074342882, 0, 0, 4.80614769739626, -0.931936825936299, 0, 0
2019-07-22T13:56:45:   0, 0, 0, 0, 0, 0, 0, 0, 0, 0, 0
2019-07-22T13:56:45:   0, 0, 0, 0, 0, 0, 0, 0, 0, 0, 0
2019-07-22T13:56:45:   0, 0, 1708.15253376941, 5813.67288702341, 4.80614769739627, 0, 0, 302414.337910319, -472847.400111159, 0, 0
2019-07-22T13:56:45:   0, 0, -2519.34755800818, -10566.5202990687, -0.9319368259363, 0, 0, -472847.400111159, 890361.790463999, 0, 0
2019-07-22T13:56:45:   0, 0, 0, 0, 0, 0, 0, 0, 0, 0, 0
2019-07-22T13:56:45:   0, 0, 0, 0, 0, 0, 0, 0, 0, 0, 0
2019-07-22T13:57:15: 
2019-07-22T13:57:15: +====================================+
2019-07-22T13:57:15: | Maximum likelihood re-optimisation |
2019-07-22T13:57:15: +====================================+
2019-07-22T13:57:15:  >Iteration   0: -logL=-300303.851, Lambda=1.0e-03
2019-07-22T13:57:16:  >Iteration   1: -logL=-302111.616, Lambda=1.0e-03, delta=1807.765, step=1.0e+00, max(|grad|)=-6420.574311 [Prefactor:0]
2019-07-22T13:57:16:  >Iteration   2: -logL=-302278.637, Lambda=1.0e-04, delta=167.021, step=1.0e+00, max(|grad|)=-580.881670 [Prefactor:0]
2019-07-22T13:57:17:  >Iteration   3: -logL=-302280.490, Lambda=1.0e-05, delta=1.852, step=1.0e+00, max(|grad|)=-33.631682 [Index:1]
2019-07-22T13:57:18:  >Iteration   4: -logL=-302280.495, Lambda=1.0e-06, delta=0.006, step=1.0e+00, max(|grad|)=-3.256010 [Index:1]
2019-07-22T13:57:18:  >Iteration   5: -logL=-302280.495, Lambda=1.0e-07, delta=0.000, step=1.0e+00, max(|grad|)=-0.228969 [Index:1]
2019-07-22T13:57:18: 
2019-07-22T13:57:18: +============================================+
2019-07-22T13:57:18: | Maximum likelihood re-optimisation results |
2019-07-22T13:57:18: +============================================+
2019-07-22T13:57:18: === GOptimizerLM ===
2019-07-22T13:57:18:  Optimized function value ..: -302280.495
2019-07-22T13:57:18:  Absolute precision ........: 0.005
2019-07-22T13:57:18:  Acceptable value decrease .: 2
2019-07-22T13:57:18:  Optimization status .......: converged
2019-07-22T13:57:18:  Number of parameters ......: 4
2019-07-22T13:57:18:  Number of free parameters .: 2
2019-07-22T13:57:18:  Number of iterations ......: 5
2019-07-22T13:57:18:  Lambda ....................: 1e-08
2019-07-22T13:57:18: 
2019-07-22T13:57:18: +=========================================+
2019-07-22T13:57:18: | Maximum likelihood optimisation results |
2019-07-22T13:57:18: +=========================================+
2019-07-22T13:57:18: === GOptimizerLM ===
2019-07-22T13:57:18:  Optimized function value ..: -335806.332
2019-07-22T13:57:18:  Absolute precision ........: 0.005
2019-07-22T13:57:18:  Acceptable value decrease .: 2
2019-07-22T13:57:18:  Optimization status .......: converged
2019-07-22T13:57:18:  Number of parameters ......: 11
2019-07-22T13:57:18:  Number of free parameters .: 5
2019-07-22T13:57:18:  Number of iterations ......: 3
2019-07-22T13:57:18:  Lambda ....................: 1e-06
2019-07-22T13:57:18:  Maximum log likelihood ....: 335806.332
2019-07-22T13:57:18:  Observed events  (Nobs) ...: 320744.000
2019-07-22T13:57:18:  Predicted events (Npred) ..: 318976.999 (Nobs - Npred = 1767.00057546224)
2019-07-22T13:57:18: === GModels ===
2019-07-22T13:57:18:  Number of models ..........: 2
2019-07-22T13:57:18:  Number of parameters ......: 11
2019-07-22T13:57:18: === GModelSky ===
2019-07-22T13:57:18:  Name ......................: source1c
2019-07-22T13:57:18:  Instruments ...............: all
2019-07-22T13:57:18:  Test Statistic ............: 67051.6733069633
2019-07-22T13:57:18:  Observation identifiers ...: all
2019-07-22T13:57:18:  Model type ................: PointSource
2019-07-22T13:57:18:  Model components ..........: "PointSource" * "ExponentialCutoffPowerLaw" * "Constant"
2019-07-22T13:57:18:  Number of parameters ......: 7
2019-07-22T13:57:18:  Number of spatial par's ...: 2
2019-07-22T13:57:18:   RA .......................: 83.6331 [-360,360] deg (fixed,scale=1)
2019-07-22T13:57:18:   DEC ......................: 22.0145 [-90,90] deg (fixed,scale=1)
2019-07-22T13:57:18:  Number of spectral par's ..: 4
2019-07-22T13:57:18:   Prefactor ................: 2.2692228445156e-18 +/- 2.23373270377779e-20 [1e-25,1e-15] ph/cm2/s/MeV (free,scale=1e-18,gradient)
2019-07-22T13:57:18:   Index ....................: -2.00958660949752 +/- 0.00897705190601436 [-0,-5]  (free,scale=-1,gradient)
2019-07-22T13:57:18:   CutoffEnergy .............: 53897108.7126997 +/- 5035703.39832764 [100000,10000000000] MeV (free,scale=10000000,gradient)
2019-07-22T13:57:18:   PivotEnergy ..............: 1000000 [10000,1000000000] MeV (fixed,scale=1000000,gradient)
2019-07-22T13:57:18:  Number of temporal par's ..: 1
2019-07-22T13:57:18:   Normalization ............: 1 (relative value) (fixed,scale=1,gradient)
2019-07-22T13:57:18:  Number of scale par's .....: 0
2019-07-22T13:57:18: === GCTAModelCubeBackground ===
2019-07-22T13:57:18:  Name ......................: BackgroundModel
2019-07-22T13:57:18:  Instruments ...............: CTA, HESS, MAGIC, VERITAS
2019-07-22T13:57:18:  Observation identifiers ...: all
2019-07-22T13:57:18:  Model type ................: "PowerLaw" * "Constant"
2019-07-22T13:57:18:  Number of parameters ......: 4
2019-07-22T13:57:18:  Number of spectral par's ..: 3
2019-07-22T13:57:18:   Prefactor ................: 0.992884178185177 +/- 0.00441772280183915 [0.01,100] ph/cm2/s/MeV (free,scale=1,gradient)
2019-07-22T13:57:18:   Index ....................: -0.0035132666375168 +/- 0.00257444912796923 [-5,5]  (free,scale=1,gradient)
2019-07-22T13:57:18:   PivotEnergy ..............: 1000000 MeV (fixed,scale=1000000,gradient)
2019-07-22T13:57:18:  Number of temporal par's ..: 1
2019-07-22T13:57:18:   Normalization ............: 1 (relative value) (fixed,scale=1,gradient)
2019-07-22T13:57:18: 
2019-07-22T13:57:18: +==============+
2019-07-22T13:57:18: | Save results |
2019-07-22T13:57:18: +==============+
2019-07-22T13:57:18:  Model definition file .....: /cta/carli/CPPM_Internship/Simulations_and_Analyses/plus_constant_AEff_South_z40_50h/source1c/obsmodel_binned.xml
2019-07-22T13:57:18:  Covariance matrix file ....: NONE
2019-07-22T13:57:18: 
2019-07-22T13:57:18: Application "ctlike" terminated after 154 wall clock seconds, consuming 161.17 seconds of CPU time.
