2019-07-22T15:35:38: ********************************************************************************
2019-07-22T15:35:38: *                                   csresspec                                  *
2019-07-22T15:35:38: * ---------------------------------------------------------------------------- *
2019-07-22T15:35:38: * Version: 1.6.0                                                               *
2019-07-22T15:35:38: ********************************************************************************
2019-07-22T15:35:38: +============+
2019-07-22T15:35:38: | Parameters |
2019-07-22T15:35:38: +============+
2019-07-22T15:35:38:  inobs .....................: /cta/carli/CPPM_Internship/Simulations_and_Analyses/South_z40_50h/source2c/obs_cube.fits
2019-07-22T15:35:38:  inmodel ...................: /cta/carli/CPPM_Internship/Simulations_and_Analyses/South_z40_50h/source2c/obsmodel_binned.xml
2019-07-22T15:35:38:  modcube ...................: /cta/carli/CPPM_Internship/Simulations_and_Analyses/South_z40_50h/source2c/obsmodel_cube.fits
2019-07-22T15:35:38:  expcube ...................: /cta/carli/CPPM_Internship/Simulations_and_Analyses/South_z40_50h/source2c/exposure_cube.fits
2019-07-22T15:35:38:  psfcube ...................: /cta/carli/CPPM_Internship/Simulations_and_Analyses/South_z40_50h/source2c/PSF_cube.fits
2019-07-22T15:35:38:  edispcube .................: /cta/carli/CPPM_Internship/Simulations_and_Analyses/South_z40_50h/source2c/edisp_cube.fits
2019-07-22T15:35:38:  bkgcube ...................: /cta/carli/CPPM_Internship/Simulations_and_Analyses/South_z40_50h/source2c/background_cube.fits
2019-07-22T15:35:38:  caldb .....................: prod3b-v2
2019-07-22T15:35:38:  irf .......................: South_z40_50h
2019-07-22T15:35:38:  edisp .....................: yes
2019-07-22T15:35:38:  outfile ...................: /cta/carli/CPPM_Internship/Simulations_and_Analyses/South_z40_50h/source2c/residuals_binned.fits
2019-07-22T15:35:38:  statistic .................: DEFAULT
2019-07-22T15:35:38:  components ................: yes
2019-07-22T15:35:38:  ebinalg ...................: LOG
2019-07-22T15:35:38:  emin ......................: 0.1
2019-07-22T15:35:38:  emax ......................: 199.526229858398
2019-07-22T15:35:38:  enumbins ..................: 32
2019-07-22T15:35:38:  ebinfile ..................: [not queried]
2019-07-22T15:35:38:  stack .....................: [not queried]
2019-07-22T15:35:38:  coordsys ..................: [not queried]
2019-07-22T15:35:38:  proj ......................: [not queried]
2019-07-22T15:35:38:  xref ......................: [not queried]
2019-07-22T15:35:38:  yref ......................: [not queried]
2019-07-22T15:35:38:  nxpix .....................: [not queried]
2019-07-22T15:35:38:  nypix .....................: [not queried]
2019-07-22T15:35:38:  binsz .....................: [not queried]
2019-07-22T15:35:38:  mask ......................: no
2019-07-22T15:35:38:  ra ........................: [not queried]
2019-07-22T15:35:38:  dec .......................: [not queried]
2019-07-22T15:35:38:  rad .......................: [not queried]
2019-07-22T15:35:38:  regfile ...................: [not queried]
2019-07-22T15:35:38:  algorithm .................: SUB
2019-07-22T15:35:38:  publish ...................: no
2019-07-22T15:35:38:  chatter ...................: 4
2019-07-22T15:35:38:  clobber ...................: yes
2019-07-22T15:35:38:  debug .....................: no
2019-07-22T15:35:38:  mode ......................: ql
2019-07-22T15:35:38:  logfile ...................: csresspec.log
2019-07-22T15:35:38: 
2019-07-22T15:35:38: +====================+
2019-07-22T15:35:38: | Observation census |
2019-07-22T15:35:38: +====================+
2019-07-22T15:35:38:  Unbinned CTA observations .: 0
2019-07-22T15:35:38:  Binned CTA observations ...: 1
2019-07-22T15:35:38:  On/off CTA observations ...: 0
2019-07-22T15:35:38:  Other observations ........: 0
2019-07-22T15:35:38: 
2019-07-22T15:35:38: +=============+
2019-07-22T15:35:38: | Observation |
2019-07-22T15:35:38: +=============+
2019-07-22T15:35:38: === GObservations ===
2019-07-22T15:35:38:  Number of observations ....: 1
2019-07-22T15:35:38:  Number of models ..........: 2
2019-07-22T15:35:38:  Number of observed events .: 320438
2019-07-22T15:35:38:  Number of predicted events : 0
2019-07-22T15:35:38: === GCTAObservation ===
2019-07-22T15:35:38:  Name ......................: 
2019-07-22T15:35:38:  Identifier ................: 000001
2019-07-22T15:35:38:  Instrument ................: CTA
2019-07-22T15:35:38:  Event file ................: /cta/carli/CPPM_Internship/Simulations_and_Analyses/South_z40_50h/source2c/obs_cube.fits
2019-07-22T15:35:38:  Event type ................: CountsCube
2019-07-22T15:35:38:  Statistic .................: cstat
2019-07-22T15:35:38:  Ontime ....................: 144000 s
2019-07-22T15:35:38:  Livetime ..................: 141120 s
2019-07-22T15:35:38:  Deadtime correction .......: 0.98
2019-07-22T15:35:38:  User energy range .........: undefined
2019-07-22T15:35:38: === GCTAPointing ===
2019-07-22T15:35:38:  Pointing direction ........: (RA,Dec)=(84.1331,22.0145)
2019-07-22T15:35:38: === GCTAResponseCube ===
2019-07-22T15:35:38:  Energy dispersion .........: Not used
2019-07-22T15:35:38: === GCTACubeExposure ===
2019-07-22T15:35:38:  Filename ..................: /cta/carli/CPPM_Internship/Simulations_and_Analyses/South_z40_50h/source2c/exposure_cube.fits
2019-07-22T15:35:38:  Livetime ..................: 141120 sec
2019-07-22T15:35:38: === GEnergies ===
2019-07-22T15:35:38:  Number of energies ........: 33
2019-07-22T15:35:38: === GGti ===
2019-07-22T15:35:38:  Number of intervals .......: 1
2019-07-22T15:35:38:  Ontime ....................: 144000 sec
2019-07-22T15:35:38:  Elapsed time ..............: 144000 sec
2019-07-22T15:35:38:  MJD range .................: 51544.5 - 51546.1666666667 s (TT)
2019-07-22T15:35:38:  UTC range .................: 2000-01-01T11:58:56 - 2000-01-03T03:58:56 s (TT)
2019-07-22T15:35:38:  Reference MJD .............: 51544.5
2019-07-22T15:35:38: === GSkyMap ===
2019-07-22T15:35:38:  Number of pixels ..........: 6400
2019-07-22T15:35:38:  X axis dimension ..........: 80
2019-07-22T15:35:38:  Y axis dimension ..........: 80
2019-07-22T15:35:38:  Number of maps ............: 33
2019-07-22T15:35:38:  Shape of maps .............: (33)
2019-07-22T15:35:38: === GCTACubePsf ===
2019-07-22T15:35:38:  Filename ..................: /cta/carli/CPPM_Internship/Simulations_and_Analyses/South_z40_50h/source2c/PSF_cube.fits
2019-07-22T15:35:38: === GEnergies ===
2019-07-22T15:35:38:  Number of energies ........: 33
2019-07-22T15:35:38:  Number of delta bins ......: 200
2019-07-22T15:35:38:  Delta range ...............: 1.875e-06 - 0.298501875 deg
2019-07-22T15:35:38: === GSkyMap ===
2019-07-22T15:35:38:  Number of pixels ..........: 1
2019-07-22T15:35:38:  X axis dimension ..........: 1
2019-07-22T15:35:38:  Y axis dimension ..........: 1
2019-07-22T15:35:38:  Number of maps ............: 6600
2019-07-22T15:35:38:  Shape of maps .............: (200, 33)
2019-07-22T15:35:38: === GCTACubeEdisp ===
2019-07-22T15:35:38:  Filename ..................: /cta/carli/CPPM_Internship/Simulations_and_Analyses/South_z40_50h/source2c/edisp_cube.fits
2019-07-22T15:35:38: === GEnergies ===
2019-07-22T15:35:38:  Number of energies ........: 33
2019-07-22T15:35:38:  Number of migra bins ......: 100
2019-07-22T15:35:38:  Migra range ...............: 0.02 - 2
2019-07-22T15:35:38: === GSkyMap ===
2019-07-22T15:35:38:  Number of pixels ..........: 1
2019-07-22T15:35:38:  X axis dimension ..........: 1
2019-07-22T15:35:38:  Y axis dimension ..........: 1
2019-07-22T15:35:38:  Number of maps ............: 3300
2019-07-22T15:35:38:  Shape of maps .............: (100, 33)
2019-07-22T15:35:38: === GCTACubeBackground ===
2019-07-22T15:35:38:  Filename ..................: /cta/carli/CPPM_Internship/Simulations_and_Analyses/South_z40_50h/source2c/background_cube.fits
2019-07-22T15:35:38: === GEbounds ===
2019-07-22T15:35:38:  Number of intervals .......: 32
2019-07-22T15:35:38:  Energy range ..............: 100 GeV - 199.526229858398 TeV
2019-07-22T15:35:38: === GSkyMap ===
2019-07-22T15:35:38:  Number of pixels ..........: 6400
2019-07-22T15:35:38:  X axis dimension ..........: 80
2019-07-22T15:35:38:  Y axis dimension ..........: 80
2019-07-22T15:35:38:  Number of maps ............: 32
2019-07-22T15:35:38:  Shape of maps .............: (32)
2019-07-22T15:35:38: === GCTAResponseCache ===
2019-07-22T15:35:38:  Number of cached values ...: 0
2019-07-22T15:35:38: === GCTAEventCube ===
2019-07-22T15:35:38:  Number of events ..........: 320438
2019-07-22T15:35:38:  Number of elements ........: 204800
2019-07-22T15:35:38:  Number of pixels ..........: 6400
2019-07-22T15:35:38:  Number of energy bins .....: 32
2019-07-22T15:35:38:  Time interval .............: 51544.5 - 51546.1666666667 days
2019-07-22T15:35:38:  Pointing ..................: (RA,Dec)=(84.1331,22.0145)
2019-07-22T15:35:38: === GEbounds ===
2019-07-22T15:35:38:  Number of intervals .......: 32
2019-07-22T15:35:38:  Energy range ..............: 100 GeV - 199.526229858398 TeV
2019-07-22T15:35:38: === GSkyMap ===
2019-07-22T15:35:38:  Number of pixels ..........: 6400
2019-07-22T15:35:38:  X axis dimension ..........: 80
2019-07-22T15:35:38:  Y axis dimension ..........: 80
2019-07-22T15:35:38:  Number of maps ............: 32
2019-07-22T15:35:38:  Shape of maps .............: (32)
2019-07-22T15:35:38: === GSkyRegions ===
2019-07-22T15:35:38:  Number of regions .........: 0
2019-07-22T15:35:38: === GModels ===
2019-07-22T15:35:38:  Number of models ..........: 2
2019-07-22T15:35:38:  Number of parameters ......: 11
2019-07-22T15:35:38: === GModelSky ===
2019-07-22T15:35:38:  Name ......................: source2c
2019-07-22T15:35:38:  Instruments ...............: all
2019-07-22T15:35:38:  Test Statistic ............: 67854.516
2019-07-22T15:35:38:  Observation identifiers ...: all
2019-07-22T15:35:38:  Model type ................: PointSource
2019-07-22T15:35:38:  Model components ..........: "PointSource" * "ExponentialCutoffPowerLaw" * "Constant"
2019-07-22T15:35:38:  Number of parameters ......: 7
2019-07-22T15:35:38:  Number of spatial par's ...: 2
2019-07-22T15:35:38:   RA .......................: 83.6331 [-360,360] deg (fixed,scale=1)
2019-07-22T15:35:38:   DEC ......................: 22.0145 [-90,90] deg (fixed,scale=1)
2019-07-22T15:35:38:  Number of spectral par's ..: 4
2019-07-22T15:35:38:   Prefactor ................: 2.26178393161832e-18 +/- 2.15614501277487e-20 [1e-25,1e-15] ph/cm2/s/MeV (free,scale=1e-18,gradient)
2019-07-22T15:35:38:   Index ....................: -2.00874689814427 +/- 0.00832828702361809 [-0,-5]  (free,scale=-1,gradient)
2019-07-22T15:35:38:   CutoffEnergy .............: 139130938.502834 +/- 23237362.7633629 [1000000,100000000000] MeV (free,scale=100000000,gradient)
2019-07-22T15:35:38:   PivotEnergy ..............: 1000000 [10000,1000000000] MeV (fixed,scale=1000000,gradient)
2019-07-22T15:35:38:  Number of temporal par's ..: 1
2019-07-22T15:35:38:   Normalization ............: 1 (relative value) (fixed,scale=1,gradient)
2019-07-22T15:35:38:  Number of scale par's .....: 0
2019-07-22T15:35:38: === GCTAModelCubeBackground ===
2019-07-22T15:35:38:  Name ......................: BackgroundModel
2019-07-22T15:35:38:  Instruments ...............: CTA, HESS, MAGIC, VERITAS
2019-07-22T15:35:38:  Observation identifiers ...: all
2019-07-22T15:35:38:  Model type ................: "PowerLaw" * "Constant"
2019-07-22T15:35:38:  Number of parameters ......: 4
2019-07-22T15:35:38:  Number of spectral par's ..: 3
2019-07-22T15:35:38:   Prefactor ................: 0.993068699891071 +/- 0.00441701429099511 [0.01,100] ph/cm2/s/MeV (free,scale=1,gradient)
2019-07-22T15:35:38:   Index ....................: -0.0035201734836612 +/- 0.00257323478164323 [-5,5]  (free,scale=1,gradient)
2019-07-22T15:35:38:   PivotEnergy ..............: 1000000 MeV (fixed,scale=1000000,gradient)
2019-07-22T15:35:38:  Number of temporal par's ..: 1
2019-07-22T15:35:38:   Normalization ............: 1 (relative value) (fixed,scale=1,gradient)
2019-07-22T15:35:38: 
2019-07-22T15:35:38: +=========================+
2019-07-22T15:35:38: | Processing Observations |
2019-07-22T15:35:38: +=========================+
2019-07-22T15:35:38: Computing model cube
2019-07-22T15:35:44: Computing counts, model, and residual spectra
2019-07-22T15:35:44:  Computing model component .: source2c
2019-07-22T15:35:49:  Computing model component .: BackgroundModel
2019-07-22T15:35:49: Filling residual table
2019-07-22T15:35:49: 
2019-07-22T15:35:49: +================+
2019-07-22T15:35:49: | Save residuals |
2019-07-22T15:35:49: +================+
2019-07-22T15:35:49:  Residuals file ............: /cta/carli/CPPM_Internship/Simulations_and_Analyses/South_z40_50h/source2c/residuals_binned.fits
2019-07-22T15:35:49: 
2019-07-22T15:35:49: Application "csresspec" terminated after 11 wall clock seconds, consuming 13.68 seconds of CPU time.
