2019-07-25T11:51:19: ********************************************************************************
2019-07-25T11:51:19: *                                    cterror                                   *
2019-07-25T11:51:19: * ---------------------------------------------------------------------------- *
2019-07-25T11:51:19: * Version: 1.6.0                                                               *
2019-07-25T11:51:19: ********************************************************************************
2019-07-25T11:51:19: +============+
2019-07-25T11:51:19: | Parameters |
2019-07-25T11:51:19: +============+
2019-07-25T11:51:19:  inobs .....................: /cta/carli/CPPM_Internship/Simulations_and_Analyses/South_z40_50h/source2c/obs_cube.fits
2019-07-25T11:51:19:  inmodel ...................: /cta/carli/CPPM_Internship/Simulations_and_Analyses/South_z40_50h/source2c/obsmodel_binned.xml
2019-07-25T11:51:19:  srcname ...................: source2c
2019-07-25T11:51:19:  expcube ...................: /cta/carli/CPPM_Internship/Simulations_and_Analyses/South_z40_50h/source2c/exposure_cube.fits
2019-07-25T11:51:19:  psfcube ...................: /cta/carli/CPPM_Internship/Simulations_and_Analyses/South_z40_50h/source2c/PSF_cube.fits
2019-07-25T11:51:19:  edispcube .................: /cta/carli/CPPM_Internship/Simulations_and_Analyses/South_z40_50h/source2c/edisp_cube.fits
2019-07-25T11:51:19:  bkgcube ...................: /cta/carli/CPPM_Internship/Simulations_and_Analyses/South_z40_50h/source2c/background_cube.fits
2019-07-25T11:51:19:  caldb .....................: prod3b-v2
2019-07-25T11:51:19:  irf .......................: South_z40_50h
2019-07-25T11:51:19:  edisp .....................: yes
2019-07-25T11:51:19:  outmodel ..................: 
2019-07-25T11:51:19:  confidence ................: 0.68
2019-07-25T11:51:19:  tol .......................: 1e-3
2019-07-25T11:51:19:  statistic .................: DEFAULT
2019-07-25T11:51:19:  like_accuracy .............: 0.005
2019-07-25T11:51:19:  max_iter ..................: 50
2019-07-25T11:51:19:  nthreads ..................: 0
2019-07-25T11:51:19:  chatter ...................: 4
2019-07-25T11:51:19:  clobber ...................: yes
2019-07-25T11:51:19:  debug .....................: no
2019-07-25T11:51:19:  mode ......................: ql
2019-07-25T11:51:19:  logfile ...................: cterror68.log
2019-07-25T11:51:19: 
2019-07-25T11:51:19: +===================+
2019-07-25T11:51:19: | Input observation |
2019-07-25T11:51:19: +===================+
2019-07-25T11:51:19: === GObservations ===
2019-07-25T11:51:19:  Number of observations ....: 1
2019-07-25T11:51:19:  Number of models ..........: 2
2019-07-25T11:51:19:  Number of observed events .: 320438
2019-07-25T11:51:19:  Number of predicted events : 0
2019-07-25T11:51:19: === GCTAObservation ===
2019-07-25T11:51:19:  Name ......................: 
2019-07-25T11:51:19:  Identifier ................: 000001
2019-07-25T11:51:19:  Instrument ................: CTA
2019-07-25T11:51:19:  Event file ................: /cta/carli/CPPM_Internship/Simulations_and_Analyses/South_z40_50h/source2c/obs_cube.fits
2019-07-25T11:51:19:  Event type ................: CountsCube
2019-07-25T11:51:19:  Statistic .................: cstat
2019-07-25T11:51:19:  Ontime ....................: 144000 s
2019-07-25T11:51:19:  Livetime ..................: 141120 s
2019-07-25T11:51:19:  Deadtime correction .......: 0.98
2019-07-25T11:51:19:  User energy range .........: undefined
2019-07-25T11:51:19: === GCTAPointing ===
2019-07-25T11:51:19:  Pointing direction ........: (RA,Dec)=(84.1331,22.0145)
2019-07-25T11:51:19: === GCTAResponseCube ===
2019-07-25T11:51:19:  Energy dispersion .........: Used
2019-07-25T11:51:19: === GCTACubeExposure ===
2019-07-25T11:51:19:  Filename ..................: /cta/carli/CPPM_Internship/Simulations_and_Analyses/South_z40_50h/source2c/exposure_cube.fits
2019-07-25T11:51:19:  Livetime ..................: 141120 sec
2019-07-25T11:51:19: === GEnergies ===
2019-07-25T11:51:19:  Number of energies ........: 33
2019-07-25T11:51:19: === GGti ===
2019-07-25T11:51:19:  Number of intervals .......: 1
2019-07-25T11:51:19:  Ontime ....................: 144000 sec
2019-07-25T11:51:19:  Elapsed time ..............: 144000 sec
2019-07-25T11:51:19:  MJD range .................: 51544.5 - 51546.1666666667 s (TT)
2019-07-25T11:51:19:  UTC range .................: 2000-01-01T11:58:56 - 2000-01-03T03:58:56 s (TT)
2019-07-25T11:51:19:  Reference MJD .............: 51544.5
2019-07-25T11:51:19: === GSkyMap ===
2019-07-25T11:51:19:  Number of pixels ..........: 6400
2019-07-25T11:51:19:  X axis dimension ..........: 80
2019-07-25T11:51:19:  Y axis dimension ..........: 80
2019-07-25T11:51:19:  Number of maps ............: 33
2019-07-25T11:51:19:  Shape of maps .............: (33)
2019-07-25T11:51:19: === GCTACubePsf ===
2019-07-25T11:51:19:  Filename ..................: /cta/carli/CPPM_Internship/Simulations_and_Analyses/South_z40_50h/source2c/PSF_cube.fits
2019-07-25T11:51:19: === GEnergies ===
2019-07-25T11:51:19:  Number of energies ........: 33
2019-07-25T11:51:19:  Number of delta bins ......: 200
2019-07-25T11:51:19:  Delta range ...............: 1.875e-06 - 0.298501875 deg
2019-07-25T11:51:19: === GSkyMap ===
2019-07-25T11:51:19:  Number of pixels ..........: 1
2019-07-25T11:51:19:  X axis dimension ..........: 1
2019-07-25T11:51:19:  Y axis dimension ..........: 1
2019-07-25T11:51:19:  Number of maps ............: 6600
2019-07-25T11:51:19:  Shape of maps .............: (200, 33)
2019-07-25T11:51:19: === GCTACubeEdisp ===
2019-07-25T11:51:19:  Filename ..................: /cta/carli/CPPM_Internship/Simulations_and_Analyses/South_z40_50h/source2c/edisp_cube.fits
2019-07-25T11:51:19: === GEnergies ===
2019-07-25T11:51:19:  Number of energies ........: 33
2019-07-25T11:51:19:  Number of migra bins ......: 100
2019-07-25T11:51:19:  Migra range ...............: 0.02 - 2
2019-07-25T11:51:19: === GSkyMap ===
2019-07-25T11:51:19:  Number of pixels ..........: 1
2019-07-25T11:51:19:  X axis dimension ..........: 1
2019-07-25T11:51:19:  Y axis dimension ..........: 1
2019-07-25T11:51:19:  Number of maps ............: 3300
2019-07-25T11:51:19:  Shape of maps .............: (100, 33)
2019-07-25T11:51:19: === GCTACubeBackground ===
2019-07-25T11:51:19:  Filename ..................: /cta/carli/CPPM_Internship/Simulations_and_Analyses/South_z40_50h/source2c/background_cube.fits
2019-07-25T11:51:19: === GEbounds ===
2019-07-25T11:51:19:  Number of intervals .......: 32
2019-07-25T11:51:19:  Energy range ..............: 100 GeV - 199.526229858398 TeV
2019-07-25T11:51:19: === GSkyMap ===
2019-07-25T11:51:19:  Number of pixels ..........: 6400
2019-07-25T11:51:19:  X axis dimension ..........: 80
2019-07-25T11:51:19:  Y axis dimension ..........: 80
2019-07-25T11:51:19:  Number of maps ............: 32
2019-07-25T11:51:19:  Shape of maps .............: (32)
2019-07-25T11:51:19: === GCTAResponseCache ===
2019-07-25T11:51:19:  Number of cached values ...: 0
2019-07-25T11:51:19: === GCTAEventCube ===
2019-07-25T11:51:19:  Number of events ..........: 320438
2019-07-25T11:51:19:  Number of elements ........: 204800
2019-07-25T11:51:19:  Number of pixels ..........: 6400
2019-07-25T11:51:19:  Number of energy bins .....: 32
2019-07-25T11:51:19:  Time interval .............: 51544.5 - 51546.1666666667 days
2019-07-25T11:51:19:  Pointing ..................: (RA,Dec)=(84.1331,22.0145)
2019-07-25T11:51:19: === GEbounds ===
2019-07-25T11:51:19:  Number of intervals .......: 32
2019-07-25T11:51:19:  Energy range ..............: 100 GeV - 199.526229858398 TeV
2019-07-25T11:51:19: === GSkyMap ===
2019-07-25T11:51:19:  Number of pixels ..........: 6400
2019-07-25T11:51:19:  X axis dimension ..........: 80
2019-07-25T11:51:19:  Y axis dimension ..........: 80
2019-07-25T11:51:19:  Number of maps ............: 32
2019-07-25T11:51:19:  Shape of maps .............: (32)
2019-07-25T11:51:19: === GSkyRegions ===
2019-07-25T11:51:19:  Number of regions .........: 0
2019-07-25T11:51:19: === GModels ===
2019-07-25T11:51:19:  Number of models ..........: 2
2019-07-25T11:51:19:  Number of parameters ......: 11
2019-07-25T11:51:19: === GModelSky ===
2019-07-25T11:51:19:  Name ......................: source2c
2019-07-25T11:51:19:  Instruments ...............: all
2019-07-25T11:51:19:  Test Statistic ............: 67854.516
2019-07-25T11:51:19:  Observation identifiers ...: all
2019-07-25T11:51:19:  Model type ................: PointSource
2019-07-25T11:51:19:  Model components ..........: "PointSource" * "ExponentialCutoffPowerLaw" * "Constant"
2019-07-25T11:51:19:  Number of parameters ......: 7
2019-07-25T11:51:19:  Number of spatial par's ...: 2
2019-07-25T11:51:19:   RA .......................: 83.6331 [-360,360] deg (fixed,scale=1)
2019-07-25T11:51:19:   DEC ......................: 22.0145 [-90,90] deg (fixed,scale=1)
2019-07-25T11:51:19:  Number of spectral par's ..: 4
2019-07-25T11:51:19:   Prefactor ................: 2.26178393161832e-18 [1e-25,1e-15] ph/cm2/s/MeV (fixed,scale=1e-18,gradient)
2019-07-25T11:51:19:   Index ....................: -2.00874689814427 [-0,-5]  (fixed,scale=-1,gradient)
2019-07-25T11:51:19:   CutoffEnergy .............: 139130938.502834 +/- 23237362.7633629 [1000000,100000000000] MeV (free,scale=100000000,gradient)
2019-07-25T11:51:19:   PivotEnergy ..............: 1000000 [10000,1000000000] MeV (fixed,scale=1000000,gradient)
2019-07-25T11:51:19:  Number of temporal par's ..: 1
2019-07-25T11:51:19:   Normalization ............: 1 (relative value) (fixed,scale=1,gradient)
2019-07-25T11:51:19:  Number of scale par's .....: 0
2019-07-25T11:51:19: === GCTAModelCubeBackground ===
2019-07-25T11:51:19:  Name ......................: BackgroundModel
2019-07-25T11:51:19:  Instruments ...............: CTA, HESS, MAGIC, VERITAS
2019-07-25T11:51:19:  Observation identifiers ...: all
2019-07-25T11:51:19:  Model type ................: "PowerLaw" * "Constant"
2019-07-25T11:51:19:  Number of parameters ......: 4
2019-07-25T11:51:19:  Number of spectral par's ..: 3
2019-07-25T11:51:19:   Prefactor ................: 0.993068699891071 [0.01,100] ph/cm2/s/MeV (fixed,scale=1,gradient)
2019-07-25T11:51:19:   Index ....................: -0.0035201734836612 [-5,5]  (fixed,scale=1,gradient)
2019-07-25T11:51:19:   PivotEnergy ..............: 1000000 MeV (fixed,scale=1000000,gradient)
2019-07-25T11:51:19:  Number of temporal par's ..: 1
2019-07-25T11:51:19:   Normalization ............: 1 (relative value) (fixed,scale=1,gradient)
2019-07-25T11:51:19: 
2019-07-25T11:51:19: +=============================+
2019-07-25T11:51:19: | Compute best-fit likelihood |
2019-07-25T11:51:19: +=============================+
2019-07-25T11:52:49: === GOptimizerLM ===
2019-07-25T11:52:49:  Optimized function value ..: -334745.981
2019-07-25T11:52:49:  Absolute precision ........: 0.005
2019-07-25T11:52:49:  Acceptable value decrease .: 2
2019-07-25T11:52:49:  Optimization status .......: converged
2019-07-25T11:52:49:  Number of parameters ......: 11
2019-07-25T11:52:49:  Number of free parameters .: 1
2019-07-25T11:52:49:  Number of iterations ......: 1
2019-07-25T11:52:49:  Lambda ....................: 0.0001
2019-07-25T11:52:49:  Maximum log likelihood ....: -334745.981
2019-07-25T11:52:49: === GModels ===
2019-07-25T11:52:49:  Number of models ..........: 2
2019-07-25T11:52:49:  Number of parameters ......: 11
2019-07-25T11:52:49: === GModelSky ===
2019-07-25T11:52:49:  Name ......................: source2c
2019-07-25T11:52:49:  Instruments ...............: all
2019-07-25T11:52:49:  Test Statistic ............: 67854.516
2019-07-25T11:52:49:  Observation identifiers ...: all
2019-07-25T11:52:49:  Model type ................: PointSource
2019-07-25T11:52:49:  Model components ..........: "PointSource" * "ExponentialCutoffPowerLaw" * "Constant"
2019-07-25T11:52:49:  Number of parameters ......: 7
2019-07-25T11:52:49:  Number of spatial par's ...: 2
2019-07-25T11:52:49:   RA .......................: 83.6331 [-360,360] deg (fixed,scale=1)
2019-07-25T11:52:49:   DEC ......................: 22.0145 [-90,90] deg (fixed,scale=1)
2019-07-25T11:52:49:  Number of spectral par's ..: 4
2019-07-25T11:52:49:   Prefactor ................: 2.26178393161832e-18 [1e-25,1e-15] ph/cm2/s/MeV (fixed,scale=1e-18,gradient)
2019-07-25T11:52:49:   Index ....................: -2.00874689814427 [-0,-5]  (fixed,scale=-1,gradient)
2019-07-25T11:52:49:   CutoffEnergy .............: 139171147.335409 +/- 16632099.7243515 [1000000,100000000000] MeV (free,scale=100000000,gradient)
2019-07-25T11:52:49:   PivotEnergy ..............: 1000000 [10000,1000000000] MeV (fixed,scale=1000000,gradient)
2019-07-25T11:52:49:  Number of temporal par's ..: 1
2019-07-25T11:52:49:   Normalization ............: 1 (relative value) (fixed,scale=1,gradient)
2019-07-25T11:52:49:  Number of scale par's .....: 0
2019-07-25T11:52:49: === GCTAModelCubeBackground ===
2019-07-25T11:52:49:  Name ......................: BackgroundModel
2019-07-25T11:52:49:  Instruments ...............: CTA, HESS, MAGIC, VERITAS
2019-07-25T11:52:49:  Observation identifiers ...: all
2019-07-25T11:52:49:  Model type ................: "PowerLaw" * "Constant"
2019-07-25T11:52:49:  Number of parameters ......: 4
2019-07-25T11:52:49:  Number of spectral par's ..: 3
2019-07-25T11:52:49:   Prefactor ................: 0.993068699891071 [0.01,100] ph/cm2/s/MeV (fixed,scale=1,gradient)
2019-07-25T11:52:49:   Index ....................: -0.0035201734836612 [-5,5]  (fixed,scale=1,gradient)
2019-07-25T11:52:49:   PivotEnergy ..............: 1000000 MeV (fixed,scale=1000000,gradient)
2019-07-25T11:52:49:  Number of temporal par's ..: 1
2019-07-25T11:52:49:   Normalization ............: 1 (relative value) (fixed,scale=1,gradient)
2019-07-25T11:52:49: 
2019-07-25T11:52:49: +==============================================================+
2019-07-25T11:52:49: | Compute error for source "source2c" parameter "CutoffEnergy" |
2019-07-25T11:52:49: +==============================================================+
2019-07-25T11:52:49:  Confidence level ..........: 68 %
2019-07-25T11:52:49:  Log-likelihood difference .: 0.494473
2019-07-25T11:52:49:  Initial factor range ......: [0.01, 3.05492144578924]
2019-07-25T11:52:59:    Iteration 1 .............: [0.01, 1.39171147335409]
2019-07-25T11:53:09:    Iteration 2 .............: [0.700855736677044, 1.39171147335409]
2019-07-25T11:53:20:    Iteration 3 .............: [1.04628360501557, 1.39171147335409]
2019-07-25T11:53:30:    Iteration 4 .............: [1.21899753918483, 1.39171147335409]
2019-07-25T11:53:41:    Iteration 5 .............: [1.21899753918483, 1.30535450626946]
2019-07-25T11:53:51:    Iteration 6 .............: [1.21899753918483, 1.26217602272714]
2019-07-25T11:54:02:    Iteration 7 .............: [1.21899753918483, 1.24058678095599]
2019-07-25T11:54:12:    Iteration 8 .............: [1.22979216007041, 1.24058678095599]
2019-07-25T11:54:22:    Iteration 9 .............: [1.2351894705132, 1.24058678095599]
2019-07-25T11:54:33:    Iteration 1 .............: [1.39171147335409, 3.05492144578924]
2019-07-25T11:54:43:    Iteration 2 .............: [1.39171147335409, 2.22331645957166]
2019-07-25T11:54:53:    Iteration 3 .............: [1.39171147335409, 1.80751396646288]
2019-07-25T11:55:04:    Iteration 4 .............: [1.39171147335409, 1.59961271990848]
2019-07-25T11:55:14:    Iteration 5 .............: [1.49566209663129, 1.59961271990848]
2019-07-25T11:55:24:    Iteration 6 .............: [1.54763740826988, 1.59961271990848]
2019-07-25T11:55:35:    Iteration 7 .............: [1.57362506408918, 1.59961271990848]
2019-07-25T11:55:46:    Iteration 8 .............: [1.57362506408918, 1.58661889199883]
2019-07-25T11:55:57:    Iteration 9 .............: [1.58012197804401, 1.58661889199883]
2019-07-25T11:56:08:    Iteration 10 ............: [1.58337043502142, 1.58661889199883]
2019-07-25T11:56:08:  Lower parameter factor ....: 1.23789
2019-07-25T11:56:08:  Upper parameter factor ....: 1.58499
2019-07-25T11:56:08:  Error from curvature ......: 16632099.7243515 MeV
2019-07-25T11:56:08:  Error from profile ........: 17355326.8887768 MeV
2019-07-25T11:56:08:  Negative profile error ....: 15382334.7619498 MeV
2019-07-25T11:56:08:  Positive profile error ....: 19328319.0156038 MeV
2019-07-25T11:56:08: 
2019-07-25T11:56:08: +==============+
2019-07-25T11:56:08: | Save results |
2019-07-25T11:56:08: +==============+
2019-07-25T11:56:08:  Model definition file .....: NONE
2019-07-25T11:56:08: 
2019-07-25T11:56:08: Application "cterror" terminated after 289 wall clock seconds, consuming 348 seconds of CPU time.
