2019-07-22T12:04:01: ********************************************************************************
2019-07-22T12:04:01: *                                   ctobssim                                   *
2019-07-22T12:04:01: * ---------------------------------------------------------------------------- *
2019-07-22T12:04:01: * Version: 1.6.0                                                               *
2019-07-22T12:04:01: ********************************************************************************
2019-07-22T12:04:01: +============+
2019-07-22T12:04:01: | Parameters |
2019-07-22T12:04:01: +============+
2019-07-22T12:04:01:  inobs .....................: NONE
2019-07-22T12:04:01:  inmodel ...................: /cta/carli/anaconda3/share/models/source2c.xml
2019-07-22T12:04:01:  caldb .....................: prod3b-v2
2019-07-22T12:04:01:  irf .......................: South_z40_50h
2019-07-22T12:04:01:  edisp .....................: yes
2019-07-22T12:04:01:  outevents .................: /cta/carli/CPPM_Internship/Simulations_and_Analyses/South_z40_50h/source2c/obs.fits
2019-07-22T12:04:01:  prefix ....................: sim_events_
2019-07-22T12:04:01:  startindex ................: 1
2019-07-22T12:04:01:  seed ......................: 1000
2019-07-22T12:04:01:  ra ........................: 84.1331
2019-07-22T12:04:01:  dec .......................: 22.0145
2019-07-22T12:04:01:  rad .......................: 0.8
2019-07-22T12:04:01:  tmin ......................: 0
2019-07-22T12:04:01:  tmax ......................: 144000
2019-07-22T12:04:01:  mjdref ....................: 51544.5
2019-07-22T12:04:01:  emin ......................: 0.1
2019-07-22T12:04:01:  emax ......................: 199.526229858398
2019-07-22T12:04:01:  deadc .....................: 0.98
2019-07-22T12:04:01:  maxrate ...................: 1.0e6
2019-07-22T12:04:01:  eslices ...................: 10
2019-07-22T12:04:01:  nthreads ..................: 0
2019-07-22T12:04:01:  publish ...................: no
2019-07-22T12:04:01:  chatter ...................: 4
2019-07-22T12:04:01:  clobber ...................: yes
2019-07-22T12:04:01:  debug .....................: no
2019-07-22T12:04:01:  mode ......................: ql
2019-07-22T12:04:01:  logfile ...................: ctobssim.log
2019-07-22T12:04:01: 
2019-07-22T12:04:01: +================+
2019-07-22T12:04:01: | Execution mode |
2019-07-22T12:04:01: +================+
2019-07-22T12:04:01:  Event list management .....: Save and dispose (reduces memory needs)
2019-07-22T12:04:01:  Output format .............: Write single event list FITS file
2019-07-22T12:04:01: 
2019-07-22T12:04:01: +=============+
2019-07-22T12:04:01: | Seed values |
2019-07-22T12:04:01: +=============+
2019-07-22T12:04:01:  Seed 0 ....................: 6233869624
2019-07-22T12:04:01: 
2019-07-22T12:04:01: +===================+
2019-07-22T12:04:01: | Input observation |
2019-07-22T12:04:01: +===================+
2019-07-22T12:04:01: === GObservations ===
2019-07-22T12:04:01:  Number of observations ....: 1
2019-07-22T12:04:01:  Number of models ..........: 2
2019-07-22T12:04:01:  Number of observed events .: 0
2019-07-22T12:04:01:  Number of predicted events : 0
2019-07-22T12:04:01: === GCTAObservation ===
2019-07-22T12:04:01:  Name ......................: 
2019-07-22T12:04:01:  Identifier ................: 
2019-07-22T12:04:01:  Instrument ................: CTA
2019-07-22T12:04:01:  Event file ................: 
2019-07-22T12:04:01:  Event type ................: EventList
2019-07-22T12:04:01:  Statistic .................: cstat
2019-07-22T12:04:01:  Ontime ....................: 144000 s
2019-07-22T12:04:01:  Livetime ..................: 141120 s
2019-07-22T12:04:01:  Deadtime correction .......: 0.98
2019-07-22T12:04:01:  User energy range .........: undefined
2019-07-22T12:04:01: === GCTAPointing ===
2019-07-22T12:04:01:  Pointing direction ........: (RA,Dec)=(84.1331,22.0145)
2019-07-22T12:04:01: === GCTAResponseIrf ===
2019-07-22T12:04:01:  Caldb mission .............: cta
2019-07-22T12:04:01:  Caldb instrument ..........: prod3b-v2
2019-07-22T12:04:01:  Response name .............: South_z40_50h
2019-07-22T12:04:01:  Energy dispersion .........: Used
2019-07-22T12:04:01:  Safe energy range .........: undefined
2019-07-22T12:04:01: === GCaldb ===
2019-07-22T12:04:01:  Database root .............: /cta/carli/anaconda3/share/caldb
2019-07-22T12:04:01:  Selected Mission ..........: CTA
2019-07-22T12:04:01:  Selected Instrument .......: PROD3B-V2
2019-07-22T12:04:01:  Calibration Index File ....: /cta/carli/anaconda3/share/caldb/data/cta/prod3b-v2/caldb.indx
2019-07-22T12:04:01:  Number of entries .........: 240
2019-07-22T12:04:01: === GCTAAeff2D ===
2019-07-22T12:04:01:  Filename ..................: /cta/carli/anaconda3/share/caldb/data/cta/prod3b-v2/bcf/South_z40_50h/irf_file.fits
2019-07-22T12:04:01:  Number of energy bins .....: 42
2019-07-22T12:04:01:  Number of offset bins .....: 6
2019-07-22T12:04:01:  Log10(Energy) range .......: 0.0125892544165254 - 199.526229858398 TeV
2019-07-22T12:04:01:  Offset angle range ........: 0 - 6 deg
2019-07-22T12:04:01:  Lower energy threshold ....: not specified
2019-07-22T12:04:01:  Upper energy threshold ....: not specified
2019-07-22T12:04:01:  Radius cut ................: none
2019-07-22T12:04:01: === GCTAPsf2D ===
2019-07-22T12:04:01:  Filename ..................: /cta/carli/anaconda3/share/caldb/data/cta/prod3b-v2/bcf/South_z40_50h/irf_file.fits
2019-07-22T12:04:01:  Number of energy bins .....: 25
2019-07-22T12:04:01:  Number of offset bins .....: 6
2019-07-22T12:04:01:  Log10(Energy) range .......: 0.0125892544165254 - 1258.92541503906 TeV
2019-07-22T12:04:01:  Offset angle range ........: 0 - 6 deg
2019-07-22T12:04:01: === GCTAEdisp2D ===
2019-07-22T12:04:01:  Filename ..................: /cta/carli/anaconda3/share/caldb/data/cta/prod3b-v2/bcf/South_z40_50h/irf_file.fits
2019-07-22T12:04:01:  Number of energy bins .....: 500
2019-07-22T12:04:01:  Number of migration bins ..: 300
2019-07-22T12:04:01:  Number of offset bins .....: 6
2019-07-22T12:04:01:  Log10(Energy) range .......: 0.00501187238842249 - 501.187225341797 TeV
2019-07-22T12:04:01:  Migration range ...........: 0 - 3
2019-07-22T12:04:01:  Offset angle range ........: 0 - 6 deg
2019-07-22T12:04:01: === GCTABackground3D ===
2019-07-22T12:04:01:  Filename ..................: /cta/carli/anaconda3/share/caldb/data/cta/prod3b-v2/bcf/South_z40_50h/irf_file.fits
2019-07-22T12:04:01:  Number of DETX bins .......: 36
2019-07-22T12:04:01:  Number of DETY bins .......: 36
2019-07-22T12:04:01:  Number of energy bins .....: 21
2019-07-22T12:04:01:  DETX range ................: -6 - 6 deg
2019-07-22T12:04:01:  DETX range ................: -6 - 6 deg
2019-07-22T12:04:01:  Energy range ..............: 0.0125892544165254 - 199.526229858398 TeV
2019-07-22T12:04:01: === GCTAResponseCache ===
2019-07-22T12:04:01:  Number of cached values ...: 0
2019-07-22T12:04:01: === GCTAResponseCache ===
2019-07-22T12:04:01:  Number of cached values ...: 0
2019-07-22T12:04:01: === GCTAEventList ===
2019-07-22T12:04:01:  Number of events ..........: 0 (disposed without possibility to recover)
2019-07-22T12:04:01:  Time interval .............: 51544.5 - 51546.1666666667 days
2019-07-22T12:04:01: === GEbounds ===
2019-07-22T12:04:01:  Number of intervals .......: 1
2019-07-22T12:04:01:  Energy range ..............: 100 GeV - 199.526229858398 TeV
2019-07-22T12:04:01: === GCTARoi ===
2019-07-22T12:04:01:  RoI centre ................: RA=84.1331, DEC=22.0145 [0,0]
2019-07-22T12:04:01:  RoI radius ................: 0.8 deg
2019-07-22T12:04:01: === GSkyRegions ===
2019-07-22T12:04:01:  Number of regions .........: 0
2019-07-22T12:04:01: === GModels ===
2019-07-22T12:04:01:  Number of models ..........: 2
2019-07-22T12:04:01:  Number of parameters ......: 11
2019-07-22T12:04:01: === GModelSky ===
2019-07-22T12:04:01:  Name ......................: source2c
2019-07-22T12:04:01:  Instruments ...............: all
2019-07-22T12:04:01:  Test Statistic ............: Computation requested
2019-07-22T12:04:01:  Observation identifiers ...: all
2019-07-22T12:04:01:  Model type ................: PointSource
2019-07-22T12:04:01:  Model components ..........: "PointSource" * "ExponentialCutoffPowerLaw" * "Constant"
2019-07-22T12:04:01:  Number of parameters ......: 7
2019-07-22T12:04:01:  Number of spatial par's ...: 2
2019-07-22T12:04:01:   RA .......................: 83.6331 [-360,360] deg (fixed,scale=1)
2019-07-22T12:04:01:   DEC ......................: 22.0145 [-90,90] deg (fixed,scale=1)
2019-07-22T12:04:01:  Number of spectral par's ..: 4
2019-07-22T12:04:01:   Prefactor ................: 2.28e-18 +/- 0 [1e-25,1e-15] ph/cm2/s/MeV (free,scale=1e-18,gradient)
2019-07-22T12:04:01:   Index ....................: -2 +/- 0 [-0,-5]  (free,scale=-1,gradient)
2019-07-22T12:04:01:   CutoffEnergy .............: 100000000 +/- 0 [1000000,100000000000] MeV (free,scale=100000000,gradient)
2019-07-22T12:04:01:   PivotEnergy ..............: 1000000 [10000,1000000000] MeV (fixed,scale=1000000,gradient)
2019-07-22T12:04:01:  Number of temporal par's ..: 1
2019-07-22T12:04:01:   Normalization ............: 1 (relative value) (fixed,scale=1,gradient)
2019-07-22T12:04:01:  Number of scale par's .....: 0
2019-07-22T12:04:01: === GCTAModelIrfBackground ===
2019-07-22T12:04:01:  Name ......................: CTABackgroundModel
2019-07-22T12:04:01:  Instruments ...............: CTA
2019-07-22T12:04:01:  Test Statistic ............: Computation requested
2019-07-22T12:04:01:  Observation identifiers ...: all
2019-07-22T12:04:01:  Model type ................: "PowerLaw" * "Constant"
2019-07-22T12:04:01:  Number of parameters ......: 4
2019-07-22T12:04:01:  Number of spectral par's ..: 3
2019-07-22T12:04:01:   Prefactor ................: 1 +/- 0 [0.001,1000] ph/cm2/s/MeV (free,scale=1,gradient)
2019-07-22T12:04:01:   Index ....................: 0 +/- 0 [-5,5]  (free,scale=1,gradient)
2019-07-22T12:04:01:   PivotEnergy ..............: 1000000 [10000,1000000000] MeV (fixed,scale=1000000,gradient)
2019-07-22T12:04:01:  Number of temporal par's ..: 1
2019-07-22T12:04:01:   Normalization ............: 1 (relative value) (fixed,scale=1,gradient)
2019-07-22T12:04:01: 
2019-07-22T12:04:01: +======================+
2019-07-22T12:04:01: | Simulate observation |
2019-07-22T12:04:01: +======================+
2019-07-22T12:04:01: === CTA observation ===
2019-07-22T12:04:01:  Simulation cone ...........: RA=84.1331 deg, Dec=22.0145 deg, radius=1.3 deg
2019-07-22T12:04:01:  Time interval .............: 0 - 144000 s
2019-07-22T12:04:01:  Photon energy range .......: 41.1040776139221 GeV - 509.274482994276 GeV
2019-07-22T12:04:01:  Event energy range ........: 100 GeV - 213.796208774656 GeV
2019-07-22T12:04:01:   Simulation area ..........: 1.24752e+10 cm2
2019-07-22T12:04:01:   Use model ................: source2c
2019-07-22T12:04:01:   Normalization ............: 1 [source2c]
2019-07-22T12:04:01:   Flux .....................: 5.09347e-11 [source2c] photons/cm2/s
2019-07-22T12:04:01:   Normalized flux ..........: 5.09347e-11 [source2c] photons/cm2/s
2019-07-22T12:04:01:   Photon rate ..............: 0.63542 photons/s [source2c]
2019-07-22T12:04:01:   Time slice ...............: 0 - 144000 s [source2c]
2019-07-22T12:04:01:   MC source photons/slice ..: 92062 [source2c]
2019-07-22T12:04:01:   MC source photons ........: 92062 [source2c]
2019-07-22T12:04:01:   MC source events .........: 3293 [source2c]
2019-07-22T12:04:01:   MC source events .........: 3293 (all source models)
2019-07-22T12:04:01:  Photon energy range .......: 100.88253715168 GeV - 860.678033986988 GeV
2019-07-22T12:04:01:  Event energy range ........: 213.796208774656 GeV - 457.088188864163 GeV
2019-07-22T12:04:01:   Simulation area ..........: 1.87235e+10 cm2
2019-07-22T12:04:01:   Use model ................: source2c
2019-07-22T12:04:01:   Normalization ............: 1 [source2c]
2019-07-22T12:04:01:   Flux .....................: 1.99027e-11 [source2c] photons/cm2/s
2019-07-22T12:04:01:   Normalized flux ..........: 1.99027e-11 [source2c] photons/cm2/s
2019-07-22T12:04:01:   Photon rate ..............: 0.372649 photons/s [source2c]
2019-07-22T12:04:01:   Time slice ...............: 0 - 144000 s [source2c]
2019-07-22T12:04:01:   MC source photons/slice ..: 53473 [source2c]
2019-07-22T12:04:01:   MC source photons ........: 53473 [source2c]
2019-07-22T12:04:01:   MC source events .........: 3377 [source2c]
2019-07-22T12:04:01:   MC source events .........: 3377 (all source models)
2019-07-22T12:04:01:  Photon energy range .......: 265.018144252 GeV - 1.57081442112741 TeV
2019-07-22T12:04:01:  Event energy range ........: 457.088188864163 GeV - 977.237218548317 GeV
2019-07-22T12:04:01:   Simulation area ..........: 3.61757e+10 cm2
2019-07-22T12:04:01:   Use model ................: source2c
2019-07-22T12:04:01:   Normalization ............: 1 [source2c]
2019-07-22T12:04:01:   Flux .....................: 7.11128e-12 [source2c] photons/cm2/s
2019-07-22T12:04:01:   Normalized flux ..........: 7.11128e-12 [source2c] photons/cm2/s
2019-07-22T12:04:01:   Photon rate ..............: 0.257256 photons/s [source2c]
2019-07-22T12:04:01:   Time slice ...............: 0 - 144000 s [source2c]
2019-07-22T12:04:02:   MC source photons/slice ..: 36813 [source2c]
2019-07-22T12:04:02:   MC source photons ........: 36813 [source2c]
2019-07-22T12:04:02:   MC source events .........: 2720 [source2c]
2019-07-22T12:04:02:   MC source events .........: 2720 (all source models)
2019-07-22T12:04:02:  Photon energy range .......: 625.275670425715 GeV - 3.04099144442538 TeV
2019-07-22T12:04:02:  Event energy range ........: 977.237218548317 GeV - 2.0892961239912 TeV
2019-07-22T12:04:02:   Simulation area ..........: 5.65391e+10 cm2
2019-07-22T12:04:02:   Use model ................: source2c
2019-07-22T12:04:02:   Normalization ............: 1 [source2c]
2019-07-22T12:04:02:   Flux .....................: 2.86085e-12 [source2c] photons/cm2/s
2019-07-22T12:04:02:   Normalized flux ..........: 2.86085e-12 [source2c] photons/cm2/s
2019-07-22T12:04:02:   Photon rate ..............: 0.16175 photons/s [source2c]
2019-07-22T12:04:02:   Time slice ...............: 0 - 144000 s [source2c]
2019-07-22T12:04:02:   MC source photons/slice ..: 23199 [source2c]
2019-07-22T12:04:02:   MC source photons ........: 23199 [source2c]
2019-07-22T12:04:02:   MC source events .........: 2712 [source2c]
2019-07-22T12:04:02:   MC source events .........: 2712 (all source models)
2019-07-22T12:04:02:  Photon energy range .......: 1.52598487124743 TeV - 6.09062686094979 TeV
2019-07-22T12:04:02:  Event energy range ........: 2.0892961239912 TeV - 4.46683590316902 TeV
2019-07-22T12:04:02:   Simulation area ..........: 6.97105e+10 cm2
2019-07-22T12:04:02:   Use model ................: source2c
2019-07-22T12:04:02:   Normalization ............: 1 [source2c]
2019-07-22T12:04:02:   Flux .....................: 1.08873e-12 [source2c] photons/cm2/s
2019-07-22T12:04:02:   Normalized flux ..........: 1.08873e-12 [source2c] photons/cm2/s
2019-07-22T12:04:02:   Photon rate ..............: 0.0758958 photons/s [source2c]
2019-07-22T12:04:02:   Time slice ...............: 0 - 144000 s [source2c]
2019-07-22T12:04:02:   MC source photons/slice ..: 10795 [source2c]
2019-07-22T12:04:02:   MC source photons ........: 10795 [source2c]
2019-07-22T12:04:02:   MC source events .........: 2093 [source2c]
2019-07-22T12:04:02:   MC source events .........: 2093 (all source models)
2019-07-22T12:04:02:  Photon energy range .......: 3.46329780546817 TeV - 13.5112010225502 TeV
2019-07-22T12:04:02:  Event energy range ........: 4.46683590316902 TeV - 9.54992581316053 TeV
2019-07-22T12:04:02:   Simulation area ..........: 8.66705e+10 cm2
2019-07-22T12:04:02:   Use model ................: source2c
2019-07-22T12:04:02:   Normalization ............: 1 [source2c]
2019-07-22T12:04:02:   Flux .....................: 4.5966e-13 [source2c] photons/cm2/s
2019-07-22T12:04:02:   Normalized flux ..........: 4.5966e-13 [source2c] photons/cm2/s
2019-07-22T12:04:02:   Photon rate ..............: 0.0398389 photons/s [source2c]
2019-07-22T12:04:02:   Time slice ...............: 0 - 144000 s [source2c]
2019-07-22T12:04:02:   MC source photons/slice ..: 5760 [source2c]
2019-07-22T12:04:02:   MC source photons ........: 5760 [source2c]
2019-07-22T12:04:02:   MC source events .........: 1279 [source2c]
2019-07-22T12:04:02:   MC source events .........: 1279 (all source models)
2019-07-22T12:04:02:  Photon energy range .......: 7.57686977261953 TeV - 27.092165885067 TeV
2019-07-22T12:04:02:  Event energy range ........: 9.54992581316053 TeV - 20.4173793293294 TeV
2019-07-22T12:04:02:   Simulation area ..........: 1.12177e+11 cm2
2019-07-22T12:04:02:   Use model ................: source2c
2019-07-22T12:04:02:   Normalization ............: 1 [source2c]
2019-07-22T12:04:02:   Flux .....................: 1.8981e-13 [source2c] photons/cm2/s
2019-07-22T12:04:02:   Normalized flux ..........: 1.8981e-13 [source2c] photons/cm2/s
2019-07-22T12:04:02:   Photon rate ..............: 0.0212924 photons/s [source2c]
2019-07-22T12:04:02:   Time slice ...............: 0 - 144000 s [source2c]
2019-07-22T12:04:02:   MC source photons/slice ..: 2976 [source2c]
2019-07-22T12:04:02:   MC source photons ........: 2976 [source2c]
2019-07-22T12:04:02:   MC source events .........: 682 [source2c]
2019-07-22T12:04:02:   MC source events .........: 682 (all source models)
2019-07-22T12:04:02:  Photon energy range .......: 15.830324777243 TeV - 56.4077240740645 TeV
2019-07-22T12:04:02:  Event energy range ........: 20.4173793293294 TeV - 43.6515829372465 TeV
2019-07-22T12:04:02:   Simulation area ..........: 1.17056e+11 cm2
2019-07-22T12:04:02:   Use model ................: source2c
2019-07-22T12:04:02:   Normalization ............: 1 [source2c]
2019-07-22T12:04:02:   Flux .....................: 7.87559e-14 [source2c] photons/cm2/s
2019-07-22T12:04:02:   Normalized flux ..........: 7.87559e-14 [source2c] photons/cm2/s
2019-07-22T12:04:02:   Photon rate ..............: 0.00921886 photons/s [source2c]
2019-07-22T12:04:02:   Time slice ...............: 0 - 144000 s [source2c]
2019-07-22T12:04:02:   MC source photons/slice ..: 1297 [source2c]
2019-07-22T12:04:02:   MC source photons ........: 1297 [source2c]
2019-07-22T12:04:02:   MC source events .........: 299 [source2c]
2019-07-22T12:04:02:   MC source events .........: 299 (all source models)
2019-07-22T12:04:02:  Photon energy range .......: 34.3839906563315 TeV - 116.046716746149 TeV
2019-07-22T12:04:02:  Event energy range ........: 43.6515829372465 TeV - 93.3254293899579 TeV
2019-07-22T12:04:02:   Simulation area ..........: 1.44425e+11 cm2
2019-07-22T12:04:02:   Use model ................: source2c
2019-07-22T12:04:02:   Normalization ............: 1 [source2c]
2019-07-22T12:04:02:   Flux .....................: 2.63124e-14 [source2c] photons/cm2/s
2019-07-22T12:04:02:   Normalized flux ..........: 2.63124e-14 [source2c] photons/cm2/s
2019-07-22T12:04:02:   Photon rate ..............: 0.00380016 photons/s [source2c]
2019-07-22T12:04:02:   Time slice ...............: 0 - 144000 s [source2c]
2019-07-22T12:04:02:   MC source photons/slice ..: 560 [source2c]
2019-07-22T12:04:02:   MC source photons ........: 560 [source2c]
2019-07-22T12:04:02:   MC source events .........: 100 [source2c]
2019-07-22T12:04:02:   MC source events .........: 100 (all source models)
2019-07-22T12:04:02:  Photon energy range .......: 79.1906822067056 TeV - 239.08155027665 TeV
2019-07-22T12:04:02:  Event energy range ........: 93.3254293899579 TeV - 199.526229858398 TeV
2019-07-22T12:04:02:   Simulation area ..........: 1.5972e+11 cm2
2019-07-22T12:04:02:   Use model ................: source2c
2019-07-22T12:04:02:   Normalization ............: 1 [source2c]
2019-07-22T12:04:02:   Flux .....................: 5.63897e-15 [source2c] photons/cm2/s
2019-07-22T12:04:02:   Normalized flux ..........: 5.63897e-15 [source2c] photons/cm2/s
2019-07-22T12:04:02:   Photon rate ..............: 0.000900656 photons/s [source2c]
2019-07-22T12:04:02:   Time slice ...............: 0 - 144000 s [source2c]
2019-07-22T12:04:02:   MC source photons/slice ..: 127 [source2c]
2019-07-22T12:04:02:   MC source photons ........: 127 [source2c]
2019-07-22T12:04:02:   MC source events .........: 34 [source2c]
2019-07-22T12:04:02:   MC source events .........: 34 (all source models)
2019-07-22T12:04:02:  MC source photons .........: 227062 [source2c]
2019-07-22T12:04:02:  MC source events ..........: 16589 [source2c]
2019-07-22T12:04:17:  MC events outside ROI .....: 0
2019-07-22T12:04:17:  MC background events ......: 303851
2019-07-22T12:04:17:  MC identifier 1 ...........: source2c
2019-07-22T12:04:17:  MC identifier 2 ...........: CTABackgroundModel
2019-07-22T12:04:17:  MC events .................: 320440 (all models)
2019-07-22T12:04:18: 
2019-07-22T12:04:18: +==================+
2019-07-22T12:04:18: | Save observation |
2019-07-22T12:04:18: +==================+
2019-07-22T12:04:18: 
2019-07-22T12:04:18: Application "ctobssim" terminated after 17 wall clock seconds, consuming 17.05 seconds of CPU time.
