2019-07-23T16:37:27: ********************************************************************************
2019-07-23T16:37:27: *                                  ctbutterfly                                 *
2019-07-23T16:37:27: * ---------------------------------------------------------------------------- *
2019-07-23T16:37:27: * Version: 1.6.0                                                               *
2019-07-23T16:37:27: ********************************************************************************
2019-07-23T16:37:27: +============+
2019-07-23T16:37:27: | Parameters |
2019-07-23T16:37:27: +============+
2019-07-23T16:37:27:  inobs .....................: /cta/carli/CPPM_Internship/Simulations_and_Analyses/minus_gradient_EDisp_South_z40_50h/source1c/obs_cube.fits
2019-07-23T16:37:27:  inmodel ...................: /cta/carli/CPPM_Internship/Simulations_and_Analyses/minus_gradient_EDisp_South_z40_50h/source1c/obsmodel_binned.xml
2019-07-23T16:37:27:  srcname ...................: source1c
2019-07-23T16:37:27:  expcube ...................: /cta/carli/CPPM_Internship/Simulations_and_Analyses/minus_gradient_EDisp_South_z40_50h/source1c/exposure_cube.fits
2019-07-23T16:37:27:  psfcube ...................: /cta/carli/CPPM_Internship/Simulations_and_Analyses/minus_gradient_EDisp_South_z40_50h/source1c/PSF_cube.fits
2019-07-23T16:37:27:  edispcube .................: /cta/carli/CPPM_Internship/Simulations_and_Analyses/minus_gradient_EDisp_South_z40_50h/source1c/edisp_cube.fits
2019-07-23T16:37:27:  bkgcube ...................: /cta/carli/CPPM_Internship/Simulations_and_Analyses/minus_gradient_EDisp_South_z40_50h/source1c/background_cube.fits
2019-07-23T16:37:27:  caldb .....................: prod3b-v2
2019-07-23T16:37:27:  irf .......................: South_z40_50h
2019-07-23T16:37:27:  edisp .....................: yes
2019-07-23T16:37:27:  outfile ...................: /cta/carli/CPPM_Internship/Simulations_and_Analyses/minus_gradient_EDisp_South_z40_50h/source1c/butterfly_binned.ascii
2019-07-23T16:37:27:  method ....................: GAUSSIAN
2019-07-23T16:37:27:  fit .......................: no
2019-07-23T16:37:27:  confidence ................: 0.68
2019-07-23T16:37:27:  statistic .................: DEFAULT
2019-07-23T16:37:27:  like_accuracy .............: 0.005
2019-07-23T16:37:27:  max_iter ..................: 50
2019-07-23T16:37:27:  matrix ....................: NONE
2019-07-23T16:37:27:  ebinalg ...................: LOG
2019-07-23T16:37:27:  emin ......................: 0.1
2019-07-23T16:37:27:  emax ......................: 199.526229858398
2019-07-23T16:37:27:  enumbins ..................: 32
2019-07-23T16:37:27:  ebinfile ..................: [not queried]
2019-07-23T16:37:27:  chatter ...................: 4
2019-07-23T16:37:27:  clobber ...................: yes
2019-07-23T16:37:27:  debug .....................: no
2019-07-23T16:37:27:  mode ......................: ql
2019-07-23T16:37:27:  logfile ...................: ctbutterfly.log
2019-07-23T16:37:27: 
2019-07-23T16:37:27: +===================+
2019-07-23T16:37:27: | Input observation |
2019-07-23T16:37:27: +===================+
2019-07-23T16:37:27: === GObservations ===
2019-07-23T16:37:27:  Number of observations ....: 1
2019-07-23T16:37:27:  Number of models ..........: 2
2019-07-23T16:37:27:  Number of observed events .: 319902
2019-07-23T16:37:27:  Number of predicted events : 0
2019-07-23T16:37:27: === GCTAObservation ===
2019-07-23T16:37:27:  Name ......................: 
2019-07-23T16:37:27:  Identifier ................: 000001
2019-07-23T16:37:27:  Instrument ................: CTA
2019-07-23T16:37:27:  Event file ................: /cta/carli/CPPM_Internship/Simulations_and_Analyses/minus_gradient_EDisp_South_z40_50h/source1c/obs_cube.fits
2019-07-23T16:37:27:  Event type ................: CountsCube
2019-07-23T16:37:27:  Statistic .................: cstat
2019-07-23T16:37:27:  Ontime ....................: 144000 s
2019-07-23T16:37:27:  Livetime ..................: 141120 s
2019-07-23T16:37:27:  Deadtime correction .......: 0.98
2019-07-23T16:37:27:  User energy range .........: undefined
2019-07-23T16:37:27: === GCTAPointing ===
2019-07-23T16:37:27:  Pointing direction ........: (RA,Dec)=(84.1331,22.0145)
2019-07-23T16:37:27: === GCTAResponseCube ===
2019-07-23T16:37:27:  Energy dispersion .........: Used
2019-07-23T16:37:27: === GCTACubeExposure ===
2019-07-23T16:37:27:  Filename ..................: /cta/carli/CPPM_Internship/Simulations_and_Analyses/minus_gradient_EDisp_South_z40_50h/source1c/exposure_cube.fits
2019-07-23T16:37:27:  Livetime ..................: 141120 sec
2019-07-23T16:37:27: === GEnergies ===
2019-07-23T16:37:27:  Number of energies ........: 33
2019-07-23T16:37:27: === GGti ===
2019-07-23T16:37:27:  Number of intervals .......: 1
2019-07-23T16:37:27:  Ontime ....................: 144000 sec
2019-07-23T16:37:27:  Elapsed time ..............: 144000 sec
2019-07-23T16:37:27:  MJD range .................: 51544.5 - 51546.1666666667 s (TT)
2019-07-23T16:37:27:  UTC range .................: 2000-01-01T11:58:56 - 2000-01-03T03:58:56 s (TT)
2019-07-23T16:37:27:  Reference MJD .............: 51544.5
2019-07-23T16:37:27: === GSkyMap ===
2019-07-23T16:37:27:  Number of pixels ..........: 6400
2019-07-23T16:37:27:  X axis dimension ..........: 80
2019-07-23T16:37:27:  Y axis dimension ..........: 80
2019-07-23T16:37:27:  Number of maps ............: 33
2019-07-23T16:37:27:  Shape of maps .............: (33)
2019-07-23T16:37:27: === GCTACubePsf ===
2019-07-23T16:37:27:  Filename ..................: /cta/carli/CPPM_Internship/Simulations_and_Analyses/minus_gradient_EDisp_South_z40_50h/source1c/PSF_cube.fits
2019-07-23T16:37:27: === GEnergies ===
2019-07-23T16:37:27:  Number of energies ........: 33
2019-07-23T16:37:27:  Number of delta bins ......: 200
2019-07-23T16:37:27:  Delta range ...............: 1.875e-06 - 0.298501875 deg
2019-07-23T16:37:27: === GSkyMap ===
2019-07-23T16:37:27:  Number of pixels ..........: 1
2019-07-23T16:37:27:  X axis dimension ..........: 1
2019-07-23T16:37:27:  Y axis dimension ..........: 1
2019-07-23T16:37:27:  Number of maps ............: 6600
2019-07-23T16:37:27:  Shape of maps .............: (200, 33)
2019-07-23T16:37:27: === GCTACubeEdisp ===
2019-07-23T16:37:27:  Filename ..................: /cta/carli/CPPM_Internship/Simulations_and_Analyses/minus_gradient_EDisp_South_z40_50h/source1c/edisp_cube.fits
2019-07-23T16:37:27: === GEnergies ===
2019-07-23T16:37:27:  Number of energies ........: 33
2019-07-23T16:37:27:  Number of migra bins ......: 100
2019-07-23T16:37:27:  Migra range ...............: 0.02 - 2
2019-07-23T16:37:27: === GSkyMap ===
2019-07-23T16:37:27:  Number of pixels ..........: 1
2019-07-23T16:37:27:  X axis dimension ..........: 1
2019-07-23T16:37:27:  Y axis dimension ..........: 1
2019-07-23T16:37:27:  Number of maps ............: 3300
2019-07-23T16:37:27:  Shape of maps .............: (100, 33)
2019-07-23T16:37:27: === GCTACubeBackground ===
2019-07-23T16:37:27:  Filename ..................: /cta/carli/CPPM_Internship/Simulations_and_Analyses/minus_gradient_EDisp_South_z40_50h/source1c/background_cube.fits
2019-07-23T16:37:27: === GEbounds ===
2019-07-23T16:37:27:  Number of intervals .......: 32
2019-07-23T16:37:27:  Energy range ..............: 100 GeV - 199.526229858398 TeV
2019-07-23T16:37:27: === GSkyMap ===
2019-07-23T16:37:27:  Number of pixels ..........: 6400
2019-07-23T16:37:27:  X axis dimension ..........: 80
2019-07-23T16:37:27:  Y axis dimension ..........: 80
2019-07-23T16:37:27:  Number of maps ............: 32
2019-07-23T16:37:27:  Shape of maps .............: (32)
2019-07-23T16:37:27: === GCTAResponseCache ===
2019-07-23T16:37:27:  Number of cached values ...: 0
2019-07-23T16:37:27: === GCTAEventCube ===
2019-07-23T16:37:27:  Number of events ..........: 319902
2019-07-23T16:37:27:  Number of elements ........: 204800
2019-07-23T16:37:27:  Number of pixels ..........: 6400
2019-07-23T16:37:27:  Number of energy bins .....: 32
2019-07-23T16:37:27:  Time interval .............: 51544.5 - 51546.1666666667 days
2019-07-23T16:37:27:  Pointing ..................: (RA,Dec)=(84.1331,22.0145)
2019-07-23T16:37:27: === GEbounds ===
2019-07-23T16:37:27:  Number of intervals .......: 32
2019-07-23T16:37:27:  Energy range ..............: 100 GeV - 199.526229858398 TeV
2019-07-23T16:37:27: === GSkyMap ===
2019-07-23T16:37:27:  Number of pixels ..........: 6400
2019-07-23T16:37:27:  X axis dimension ..........: 80
2019-07-23T16:37:27:  Y axis dimension ..........: 80
2019-07-23T16:37:27:  Number of maps ............: 32
2019-07-23T16:37:27:  Shape of maps .............: (32)
2019-07-23T16:37:27: === GSkyRegions ===
2019-07-23T16:37:27:  Number of regions .........: 0
2019-07-23T16:37:27: === GModels ===
2019-07-23T16:37:27:  Number of models ..........: 2
2019-07-23T16:37:27:  Number of parameters ......: 11
2019-07-23T16:37:27: === GModelSky ===
2019-07-23T16:37:27:  Name ......................: source1c
2019-07-23T16:37:27:  Instruments ...............: all
2019-07-23T16:37:27:  Test Statistic ............: 61397.709
2019-07-23T16:37:27:  Observation identifiers ...: all
2019-07-23T16:37:27:  Model type ................: PointSource
2019-07-23T16:37:27:  Model components ..........: "PointSource" * "ExponentialCutoffPowerLaw" * "Constant"
2019-07-23T16:37:27:  Number of parameters ......: 7
2019-07-23T16:37:27:  Number of spatial par's ...: 2
2019-07-23T16:37:27:   RA .......................: 83.6331 [-360,360] deg (fixed,scale=1)
2019-07-23T16:37:27:   DEC ......................: 22.0145 [-90,90] deg (fixed,scale=1)
2019-07-23T16:37:27:  Number of spectral par's ..: 4
2019-07-23T16:37:27:   Prefactor ................: 2.30128648597799e-18 +/- 2.32227312808192e-20 [1e-25,1e-15] ph/cm2/s/MeV (free,scale=1e-18,gradient)
2019-07-23T16:37:27:   Index ....................: -1.99329280847259 +/- 0.00922455955606623 [-0,-5]  (free,scale=-1,gradient)
2019-07-23T16:37:27:   CutoffEnergy .............: 47996743.3082532 +/- 4146360.3430043 [100000,10000000000] MeV (free,scale=10000000,gradient)
2019-07-23T16:37:27:   PivotEnergy ..............: 1000000 [10000,1000000000] MeV (fixed,scale=1000000,gradient)
2019-07-23T16:37:27:  Number of temporal par's ..: 1
2019-07-23T16:37:27:   Normalization ............: 1 (relative value) (fixed,scale=1,gradient)
2019-07-23T16:37:27:  Number of scale par's .....: 0
2019-07-23T16:37:27: === GCTAModelCubeBackground ===
2019-07-23T16:37:27:  Name ......................: BackgroundModel
2019-07-23T16:37:27:  Instruments ...............: CTA, HESS, MAGIC, VERITAS
2019-07-23T16:37:27:  Observation identifiers ...: all
2019-07-23T16:37:27:  Model type ................: "PowerLaw" * "Constant"
2019-07-23T16:37:27:  Number of parameters ......: 4
2019-07-23T16:37:27:  Number of spectral par's ..: 3
2019-07-23T16:37:27:   Prefactor ................: 1.12189803771156 +/- 0.00491054373249471 [0.01,100] ph/cm2/s/MeV (free,scale=1,gradient)
2019-07-23T16:37:27:   Index ....................: 0.0753875241181203 +/- 0.00259358876210178 [-5,5]  (free,scale=1,gradient)
2019-07-23T16:37:27:   PivotEnergy ..............: 1000000 MeV (fixed,scale=1000000,gradient)
2019-07-23T16:37:27:  Number of temporal par's ..: 1
2019-07-23T16:37:27:   Normalization ............: 1 (relative value) (fixed,scale=1,gradient)
2019-07-23T16:37:27: 
2019-07-23T16:37:27: +===========================+
2019-07-23T16:37:27: | Compute covariance matrix |
2019-07-23T16:37:27: +===========================+
2019-07-23T16:37:58: === GMatrixSparse ===
2019-07-23T16:37:58:  Number of rows ............: 11
2019-07-23T16:37:58:  Number of columns .........: 11
2019-07-23T16:37:58:  Number of nonzero elements : 25
2019-07-23T16:37:58:  Number of allocated cells .: 512
2019-07-23T16:37:58:  Memory block size .........: 512
2019-07-23T16:37:58:  Sparse matrix fill ........: 0.206611570247934
2019-07-23T16:37:58:  Pending element ...........: 0
2019-07-23T16:37:58:  Fill stack size ...........: 0 (none)
2019-07-23T16:37:58:  0, 0, 0, 0, 0, 0, 0, 0, 0, 0, 0
2019-07-23T16:37:58:  0, 0, 0, 0, 0, 0, 0, 0, 0, 0, 0
2019-07-23T16:37:58:  0, 0, 5.39295248139594e-40, 4.7857605613706e-23, -4.32341312040914e-14, 0, 0, -3.50533300658412e-24, -7.47952407119967e-25, 0, 0
2019-07-23T16:37:58:  0, 0, 4.7857605613706e-23, 8.50924990033199e-05, -25726.4134331092, 0, 0, 2.63614619230874e-07, -7.22983172930508e-07, 0, 0
2019-07-23T16:37:58:  0, 0, -4.32341312040914e-14, -25726.4134331092, 17192304094047, 0, 0, 1.83730459692114, 177.296226883509, 0, 0
2019-07-23T16:37:58:  0, 0, 0, 0, 0, 0, 0, 0, 0, 0, 0
2019-07-23T16:37:58:  0, 0, 0, 0, 0, 0, 0, 0, 0, 0, 0
2019-07-23T16:37:58:  0, 0, -3.50533300658412e-24, 2.63614619230873e-07, 1.8373045969211, 0, 0, 2.41134397487395e-05, 1.15542511956978e-05, 0, 0
2019-07-23T16:37:58:  0, 0, -7.47952407119967e-25, -7.22983172930507e-07, 177.296226883509, 0, 0, 1.15542511956978e-05, 6.72670266690144e-06, 0, 0
2019-07-23T16:37:58:  0, 0, 0, 0, 0, 0, 0, 0, 0, 0, 0
2019-07-23T16:37:58:  0, 0, 0, 0, 0, 0, 0, 0, 0, 0, 0
2019-07-23T16:37:58: 
2019-07-23T16:37:58: +===============================+
2019-07-23T16:37:58: | Prepare butterfly computation |
2019-07-23T16:37:58: +===============================+
2019-07-23T16:37:58:  Confidence level ..........: 0.68
2019-07-23T16:37:58:  Corresponding scaling .....: 0.994458
2019-07-23T16:37:58: 
2019-07-23T16:37:58: +====================+
2019-07-23T16:37:58: | Generate butterfly |
2019-07-23T16:37:58: +====================+
2019-07-23T16:37:58: 
2019-07-23T16:37:58: +=========+
2019-07-23T16:37:58: | Results |
2019-07-23T16:37:58: +=========+
2019-07-23T16:37:58:  Intensity at 112606.251051226 MeV : 1.78428994091212e-16 (1.74790284716902e-16, 1.82067703465521e-16) ph/cm2/s/MeV
2019-07-23T16:37:58:  Intensity at 142786.615593472 MeV : 1.11079527056152e-16 (1.09021237942704e-16, 1.131378161696e-16) ph/cm2/s/MeV
2019-07-23T16:37:58:  Intensity at 181055.824186555 MeV : 6.91400080271566e-17 (6.79826631758499e-17, 7.02973528784633e-17) ph/cm2/s/MeV
2019-07-23T16:37:58:  Intensity at 229581.822747338 MeV : 4.30261038946868e-17 (4.23788184274529e-17, 4.36733893619208e-17) ph/cm2/s/MeV
2019-07-23T16:37:58:  Intensity at 291113.603071291 MeV : 2.67680623864438e-17 (2.64073285369955e-17, 2.71287962358921e-17) ph/cm2/s/MeV
2019-07-23T16:37:58:  Intensity at 369136.932876502 MeV : 1.66476381526897e-17 (1.64465519519271e-17, 1.68487243534523e-17) ph/cm2/s/MeV
2019-07-23T16:37:58:  Intensity at 468071.824112259 MeV : 1.03490170623378e-17 (1.02361332676935e-17, 1.04619008569822e-17) ph/cm2/s/MeV
2019-07-23T16:37:58:  Intensity at 593522.926087366 MeV : 6.42992117058195e-18 (6.36544704654997e-18, 6.49439529461392e-18) ph/cm2/s/MeV
2019-07-23T16:37:58:  Intensity at 752597.028157849 MeV : 3.99216018845571e-18 (3.95424224908365e-18, 4.03007812782778e-18) ph/cm2/s/MeV
2019-07-23T16:37:58:  Intensity at 954305.65846188 MeV : 2.47642109706616e-18 (2.45325928273702e-18, 2.4995829113953e-18) ph/cm2/s/MeV
2019-07-23T16:37:58:  Intensity at 1210075.58587031 MeV : 1.53444689220492e-18 (1.51975416209504e-18, 1.54913962231479e-18) ph/cm2/s/MeV
2019-07-23T16:37:58:  Intensity at 1534396.14502492 MeV : 9.49421263487331e-19 (9.39831420995923e-19, 9.59011105978738e-19) ph/cm2/s/MeV
2019-07-23T16:37:58:  Intensity at 1945640.05534746 MeV : 5.86380510961422e-19 (5.80024170403207e-19, 5.92736851519636e-19) ph/cm2/s/MeV
2019-07-23T16:37:58:  Intensity at 2467104.23331454 MeV : 3.61328969384765e-19 (3.57100164571742e-19, 3.65557774197789e-19) ph/cm2/s/MeV
2019-07-23T16:37:58:  Intensity at 3128329.55988436 MeV : 2.22004317237313e-19 (2.19203508053035e-19, 2.24805126421591e-19) ph/cm2/s/MeV
2019-07-23T16:37:58:  Intensity at 3966774.36773649 MeV : 1.35899075514381e-19 (1.34061357279106e-19, 1.37736793749656e-19) ph/cm2/s/MeV
2019-07-23T16:37:58:  Intensity at 5029936.45116879 MeV : 8.28015085661309e-20 (8.16096320623762e-20, 8.39933850698856e-20) ph/cm2/s/MeV
2019-07-23T16:37:58:  Intensity at 6378043.81024912 MeV : 5.01512420146864e-20 (4.93869649776988e-20, 5.09155190516739e-20) ph/cm2/s/MeV
2019-07-23T16:37:58:  Intensity at 8087466.55954362 MeV : 3.01478124461072e-20 (2.96616268940872e-20, 3.06339979981272e-20) ph/cm2/s/MeV
2019-07-23T16:37:58:  Intensity at 10255043.285628 MeV : 1.79508223536169e-20 (1.76416354996694e-20, 1.82600092075644e-20) ph/cm2/s/MeV
2019-07-23T16:37:58:  Intensity at 13003566.9409974 MeV : 1.05598134015009e-20 (1.03608060533599e-20, 1.0758820749642e-20) ph/cm2/s/MeV
2019-07-23T16:37:58:  Intensity at 16488741.0495845 MeV : 6.11734000538533e-21 (5.98594945171458e-21, 6.24873055905607e-21) ph/cm2/s/MeV
2019-07-23T16:37:58:  Intensity at 20908000.2920645 MeV : 3.47549769247109e-21 (3.3860219637584e-21, 3.56497342118377e-21) ph/cm2/s/MeV
2019-07-23T16:37:58:  Intensity at 26511695.1560098 MeV : 1.92643395171571e-21 (1.8641773810582e-21, 1.98869052237321e-21) ph/cm2/s/MeV
2019-07-23T16:37:58:  Intensity at 33617274.2599379 MeV : 1.03490758529704e-21 (9.91572864152471e-22, 1.0782423064416e-21) ph/cm2/s/MeV
2019-07-23T16:37:58:  Intensity at 42627267.7781488 MeV : 5.34339258370534e-22 (5.04874172144357e-22, 5.6380434459671e-22) ph/cm2/s/MeV
2019-07-23T16:37:58:  Intensity at 54052090.7251378 MeV : 2.62350693333301e-22 (2.43198745698399e-22, 2.81502640968202e-22) ph/cm2/s/MeV
2019-07-23T16:37:58:  Intensity at 68538957.9028144 MeV : 1.20848343099729e-22 (1.0917973532452e-22, 1.32516950874937e-22) ph/cm2/s/MeV
2019-07-23T16:37:58:  Intensity at 86908548.5386981 MeV : 5.13412796324631e-23 (4.48091354781563e-23, 5.78734237867698e-23) ph/cm2/s/MeV
2019-07-23T16:37:58:  Intensity at 110201497.662297 MeV : 1.9685392728124e-23 (1.64008890690173e-23, 2.29698963872307e-23) ph/cm2/s/MeV
2019-07-23T16:37:58:  Intensity at 139737347.950364 MeV : 6.62724633620658e-24 (5.18416639376888e-24, 8.07032627864428e-24) ph/cm2/s/MeV
2019-07-23T16:37:58:  Intensity at 177189301.655759 MeV : 1.89188158580195e-24 (1.35666278739918e-24, 2.42710038420471e-24) ph/cm2/s/MeV
2019-07-23T16:37:58: 
2019-07-23T16:37:58: +========================+
2019-07-23T16:37:58: | Save Butterfly diagram |
2019-07-23T16:37:58: +========================+
2019-07-23T16:37:58:  Butterfly file ............: /cta/carli/CPPM_Internship/Simulations_and_Analyses/minus_gradient_EDisp_South_z40_50h/source1c/butterfly_binned.ascii
2019-07-23T16:37:58: 
2019-07-23T16:37:58: Application "ctbutterfly" terminated after 32 wall clock seconds, consuming 33.15 seconds of CPU time.
