2019-07-25T09:21:44: ********************************************************************************
2019-07-25T09:21:44: *                                    cterror                                   *
2019-07-25T09:21:44: * ---------------------------------------------------------------------------- *
2019-07-25T09:21:44: * Version: 1.6.0                                                               *
2019-07-25T09:21:44: ********************************************************************************
2019-07-25T09:21:44: +============+
2019-07-25T09:21:44: | Parameters |
2019-07-25T09:21:44: +============+
2019-07-25T09:21:44:  inobs .....................: /cta/carli/CPPM_Internship/Simulations_and_Analyses/minus_gradient_EDisp_South_z40_50h/source1c/obs_cube.fits
2019-07-25T09:21:44:  inmodel ...................: /cta/carli/CPPM_Internship/Simulations_and_Analyses/minus_gradient_EDisp_South_z40_50h/source1c/obsmodel_binned.xml
2019-07-25T09:21:44:  srcname ...................: source1c
2019-07-25T09:21:44:  expcube ...................: /cta/carli/CPPM_Internship/Simulations_and_Analyses/minus_gradient_EDisp_South_z40_50h/source1c/exposure_cube.fits
2019-07-25T09:21:44:  psfcube ...................: /cta/carli/CPPM_Internship/Simulations_and_Analyses/minus_gradient_EDisp_South_z40_50h/source1c/PSF_cube.fits
2019-07-25T09:21:44:  edispcube .................: /cta/carli/CPPM_Internship/Simulations_and_Analyses/minus_gradient_EDisp_South_z40_50h/source1c/edisp_cube.fits
2019-07-25T09:21:44:  bkgcube ...................: /cta/carli/CPPM_Internship/Simulations_and_Analyses/minus_gradient_EDisp_South_z40_50h/source1c/background_cube.fits
2019-07-25T09:21:44:  caldb .....................: prod3b-v2
2019-07-25T09:21:44:  irf .......................: minus_gradient_EDisp_South_z40_50h
2019-07-25T09:21:44:  edisp .....................: yes
2019-07-25T09:21:44:  outmodel ..................: 
2019-07-25T09:21:44:  confidence ................: 0.95
2019-07-25T09:21:44:  tol .......................: 1e-3
2019-07-25T09:21:44:  statistic .................: DEFAULT
2019-07-25T09:21:44:  like_accuracy .............: 0.005
2019-07-25T09:21:44:  max_iter ..................: 50
2019-07-25T09:21:44:  nthreads ..................: 0
2019-07-25T09:21:44:  chatter ...................: 4
2019-07-25T09:21:44:  clobber ...................: yes
2019-07-25T09:21:44:  debug .....................: no
2019-07-25T09:21:44:  mode ......................: ql
2019-07-25T09:21:44:  logfile ...................: cterror95.log
2019-07-25T09:21:44: 
2019-07-25T09:21:44: +===================+
2019-07-25T09:21:44: | Input observation |
2019-07-25T09:21:44: +===================+
2019-07-25T09:21:44: === GObservations ===
2019-07-25T09:21:44:  Number of observations ....: 1
2019-07-25T09:21:44:  Number of models ..........: 2
2019-07-25T09:21:44:  Number of observed events .: 319902
2019-07-25T09:21:44:  Number of predicted events : 0
2019-07-25T09:21:44: === GCTAObservation ===
2019-07-25T09:21:44:  Name ......................: 
2019-07-25T09:21:44:  Identifier ................: 000001
2019-07-25T09:21:44:  Instrument ................: CTA
2019-07-25T09:21:44:  Event file ................: /cta/carli/CPPM_Internship/Simulations_and_Analyses/minus_gradient_EDisp_South_z40_50h/source1c/obs_cube.fits
2019-07-25T09:21:44:  Event type ................: CountsCube
2019-07-25T09:21:44:  Statistic .................: cstat
2019-07-25T09:21:44:  Ontime ....................: 144000 s
2019-07-25T09:21:44:  Livetime ..................: 141120 s
2019-07-25T09:21:44:  Deadtime correction .......: 0.98
2019-07-25T09:21:44:  User energy range .........: undefined
2019-07-25T09:21:44: === GCTAPointing ===
2019-07-25T09:21:44:  Pointing direction ........: (RA,Dec)=(84.1331,22.0145)
2019-07-25T09:21:44: === GCTAResponseCube ===
2019-07-25T09:21:44:  Energy dispersion .........: Used
2019-07-25T09:21:44: === GCTACubeExposure ===
2019-07-25T09:21:44:  Filename ..................: /cta/carli/CPPM_Internship/Simulations_and_Analyses/minus_gradient_EDisp_South_z40_50h/source1c/exposure_cube.fits
2019-07-25T09:21:44:  Livetime ..................: 141120 sec
2019-07-25T09:21:44: === GEnergies ===
2019-07-25T09:21:44:  Number of energies ........: 33
2019-07-25T09:21:44: === GGti ===
2019-07-25T09:21:44:  Number of intervals .......: 1
2019-07-25T09:21:44:  Ontime ....................: 144000 sec
2019-07-25T09:21:44:  Elapsed time ..............: 144000 sec
2019-07-25T09:21:44:  MJD range .................: 51544.5 - 51546.1666666667 s (TT)
2019-07-25T09:21:44:  UTC range .................: 2000-01-01T11:58:56 - 2000-01-03T03:58:56 s (TT)
2019-07-25T09:21:44:  Reference MJD .............: 51544.5
2019-07-25T09:21:44: === GSkyMap ===
2019-07-25T09:21:44:  Number of pixels ..........: 6400
2019-07-25T09:21:44:  X axis dimension ..........: 80
2019-07-25T09:21:44:  Y axis dimension ..........: 80
2019-07-25T09:21:44:  Number of maps ............: 33
2019-07-25T09:21:44:  Shape of maps .............: (33)
2019-07-25T09:21:44: === GCTACubePsf ===
2019-07-25T09:21:44:  Filename ..................: /cta/carli/CPPM_Internship/Simulations_and_Analyses/minus_gradient_EDisp_South_z40_50h/source1c/PSF_cube.fits
2019-07-25T09:21:44: === GEnergies ===
2019-07-25T09:21:44:  Number of energies ........: 33
2019-07-25T09:21:44:  Number of delta bins ......: 200
2019-07-25T09:21:44:  Delta range ...............: 1.875e-06 - 0.298501875 deg
2019-07-25T09:21:44: === GSkyMap ===
2019-07-25T09:21:44:  Number of pixels ..........: 1
2019-07-25T09:21:44:  X axis dimension ..........: 1
2019-07-25T09:21:44:  Y axis dimension ..........: 1
2019-07-25T09:21:44:  Number of maps ............: 6600
2019-07-25T09:21:44:  Shape of maps .............: (200, 33)
2019-07-25T09:21:44: === GCTACubeEdisp ===
2019-07-25T09:21:44:  Filename ..................: /cta/carli/CPPM_Internship/Simulations_and_Analyses/minus_gradient_EDisp_South_z40_50h/source1c/edisp_cube.fits
2019-07-25T09:21:44: === GEnergies ===
2019-07-25T09:21:44:  Number of energies ........: 33
2019-07-25T09:21:44:  Number of migra bins ......: 100
2019-07-25T09:21:44:  Migra range ...............: 0.02 - 2
2019-07-25T09:21:44: === GSkyMap ===
2019-07-25T09:21:44:  Number of pixels ..........: 1
2019-07-25T09:21:44:  X axis dimension ..........: 1
2019-07-25T09:21:44:  Y axis dimension ..........: 1
2019-07-25T09:21:44:  Number of maps ............: 3300
2019-07-25T09:21:44:  Shape of maps .............: (100, 33)
2019-07-25T09:21:44: === GCTACubeBackground ===
2019-07-25T09:21:44:  Filename ..................: /cta/carli/CPPM_Internship/Simulations_and_Analyses/minus_gradient_EDisp_South_z40_50h/source1c/background_cube.fits
2019-07-25T09:21:44: === GEbounds ===
2019-07-25T09:21:44:  Number of intervals .......: 32
2019-07-25T09:21:44:  Energy range ..............: 100 GeV - 199.526229858398 TeV
2019-07-25T09:21:44: === GSkyMap ===
2019-07-25T09:21:44:  Number of pixels ..........: 6400
2019-07-25T09:21:44:  X axis dimension ..........: 80
2019-07-25T09:21:44:  Y axis dimension ..........: 80
2019-07-25T09:21:44:  Number of maps ............: 32
2019-07-25T09:21:44:  Shape of maps .............: (32)
2019-07-25T09:21:44: === GCTAResponseCache ===
2019-07-25T09:21:44:  Number of cached values ...: 0
2019-07-25T09:21:44: === GCTAEventCube ===
2019-07-25T09:21:44:  Number of events ..........: 319902
2019-07-25T09:21:44:  Number of elements ........: 204800
2019-07-25T09:21:44:  Number of pixels ..........: 6400
2019-07-25T09:21:44:  Number of energy bins .....: 32
2019-07-25T09:21:44:  Time interval .............: 51544.5 - 51546.1666666667 days
2019-07-25T09:21:44:  Pointing ..................: (RA,Dec)=(84.1331,22.0145)
2019-07-25T09:21:44: === GEbounds ===
2019-07-25T09:21:44:  Number of intervals .......: 32
2019-07-25T09:21:44:  Energy range ..............: 100 GeV - 199.526229858398 TeV
2019-07-25T09:21:44: === GSkyMap ===
2019-07-25T09:21:44:  Number of pixels ..........: 6400
2019-07-25T09:21:44:  X axis dimension ..........: 80
2019-07-25T09:21:44:  Y axis dimension ..........: 80
2019-07-25T09:21:44:  Number of maps ............: 32
2019-07-25T09:21:44:  Shape of maps .............: (32)
2019-07-25T09:21:44: === GSkyRegions ===
2019-07-25T09:21:44:  Number of regions .........: 0
2019-07-25T09:21:44: === GModels ===
2019-07-25T09:21:44:  Number of models ..........: 2
2019-07-25T09:21:44:  Number of parameters ......: 11
2019-07-25T09:21:44: === GModelSky ===
2019-07-25T09:21:44:  Name ......................: source1c
2019-07-25T09:21:44:  Instruments ...............: all
2019-07-25T09:21:44:  Test Statistic ............: 61397.709
2019-07-25T09:21:44:  Observation identifiers ...: all
2019-07-25T09:21:44:  Model type ................: PointSource
2019-07-25T09:21:44:  Model components ..........: "PointSource" * "ExponentialCutoffPowerLaw" * "Constant"
2019-07-25T09:21:44:  Number of parameters ......: 7
2019-07-25T09:21:44:  Number of spatial par's ...: 2
2019-07-25T09:21:44:   RA .......................: 83.6331 [-360,360] deg (fixed,scale=1)
2019-07-25T09:21:44:   DEC ......................: 22.0145 [-90,90] deg (fixed,scale=1)
2019-07-25T09:21:44:  Number of spectral par's ..: 4
2019-07-25T09:21:44:   Prefactor ................: 2.30128648597799e-18 [1e-25,1e-15] ph/cm2/s/MeV (fixed,scale=1e-18,gradient)
2019-07-25T09:21:44:   Index ....................: -1.99329280847259 [-0,-5]  (fixed,scale=-1,gradient)
2019-07-25T09:21:44:   CutoffEnergy .............: 47996743.3082532 +/- 4146360.3430043 [100000,10000000000] MeV (free,scale=10000000,gradient)
2019-07-25T09:21:44:   PivotEnergy ..............: 1000000 [10000,1000000000] MeV (fixed,scale=1000000,gradient)
2019-07-25T09:21:44:  Number of temporal par's ..: 1
2019-07-25T09:21:44:   Normalization ............: 1 (relative value) (fixed,scale=1,gradient)
2019-07-25T09:21:44:  Number of scale par's .....: 0
2019-07-25T09:21:44: === GCTAModelCubeBackground ===
2019-07-25T09:21:44:  Name ......................: BackgroundModel
2019-07-25T09:21:44:  Instruments ...............: CTA, HESS, MAGIC, VERITAS
2019-07-25T09:21:44:  Observation identifiers ...: all
2019-07-25T09:21:44:  Model type ................: "PowerLaw" * "Constant"
2019-07-25T09:21:44:  Number of parameters ......: 4
2019-07-25T09:21:44:  Number of spectral par's ..: 3
2019-07-25T09:21:44:   Prefactor ................: 1.12189803771156 [0.01,100] ph/cm2/s/MeV (fixed,scale=1,gradient)
2019-07-25T09:21:44:   Index ....................: 0.0753875241181203 [-5,5]  (fixed,scale=1,gradient)
2019-07-25T09:21:44:   PivotEnergy ..............: 1000000 MeV (fixed,scale=1000000,gradient)
2019-07-25T09:21:44:  Number of temporal par's ..: 1
2019-07-25T09:21:44:   Normalization ............: 1 (relative value) (fixed,scale=1,gradient)
2019-07-25T09:21:44: 
2019-07-25T09:21:44: +=============================+
2019-07-25T09:21:44: | Compute best-fit likelihood |
2019-07-25T09:21:44: +=============================+
2019-07-25T09:23:19: === GOptimizerLM ===
2019-07-25T09:23:19:  Optimized function value ..: -319668.185
2019-07-25T09:23:19:  Absolute precision ........: 0.005
2019-07-25T09:23:19:  Acceptable value decrease .: 2
2019-07-25T09:23:19:  Optimization status .......: converged
2019-07-25T09:23:19:  Number of parameters ......: 11
2019-07-25T09:23:19:  Number of free parameters .: 1
2019-07-25T09:23:19:  Number of iterations ......: 1
2019-07-25T09:23:19:  Lambda ....................: 0.0001
2019-07-25T09:23:19:  Maximum log likelihood ....: -319668.185
2019-07-25T09:23:19: === GModels ===
2019-07-25T09:23:19:  Number of models ..........: 2
2019-07-25T09:23:19:  Number of parameters ......: 11
2019-07-25T09:23:19: === GModelSky ===
2019-07-25T09:23:19:  Name ......................: source1c
2019-07-25T09:23:19:  Instruments ...............: all
2019-07-25T09:23:19:  Test Statistic ............: 61397.709
2019-07-25T09:23:19:  Observation identifiers ...: all
2019-07-25T09:23:19:  Model type ................: PointSource
2019-07-25T09:23:19:  Model components ..........: "PointSource" * "ExponentialCutoffPowerLaw" * "Constant"
2019-07-25T09:23:19:  Number of parameters ......: 7
2019-07-25T09:23:19:  Number of spatial par's ...: 2
2019-07-25T09:23:19:   RA .......................: 83.6331 [-360,360] deg (fixed,scale=1)
2019-07-25T09:23:19:   DEC ......................: 22.0145 [-90,90] deg (fixed,scale=1)
2019-07-25T09:23:19:  Number of spectral par's ..: 4
2019-07-25T09:23:19:   Prefactor ................: 2.30128648597799e-18 [1e-25,1e-15] ph/cm2/s/MeV (fixed,scale=1e-18,gradient)
2019-07-25T09:23:19:   Index ....................: -1.99329280847259 [-0,-5]  (fixed,scale=-1,gradient)
2019-07-25T09:23:19:   CutoffEnergy .............: 47996317.5547486 +/- 2792584.86058228 [100000,10000000000] MeV (free,scale=10000000,gradient)
2019-07-25T09:23:19:   PivotEnergy ..............: 1000000 [10000,1000000000] MeV (fixed,scale=1000000,gradient)
2019-07-25T09:23:19:  Number of temporal par's ..: 1
2019-07-25T09:23:19:   Normalization ............: 1 (relative value) (fixed,scale=1,gradient)
2019-07-25T09:23:19:  Number of scale par's .....: 0
2019-07-25T09:23:19: === GCTAModelCubeBackground ===
2019-07-25T09:23:19:  Name ......................: BackgroundModel
2019-07-25T09:23:19:  Instruments ...............: CTA, HESS, MAGIC, VERITAS
2019-07-25T09:23:19:  Observation identifiers ...: all
2019-07-25T09:23:19:  Model type ................: "PowerLaw" * "Constant"
2019-07-25T09:23:19:  Number of parameters ......: 4
2019-07-25T09:23:19:  Number of spectral par's ..: 3
2019-07-25T09:23:19:   Prefactor ................: 1.12189803771156 [0.01,100] ph/cm2/s/MeV (fixed,scale=1,gradient)
2019-07-25T09:23:19:   Index ....................: 0.0753875241181203 [-5,5]  (fixed,scale=1,gradient)
2019-07-25T09:23:19:   PivotEnergy ..............: 1000000 MeV (fixed,scale=1000000,gradient)
2019-07-25T09:23:19:  Number of temporal par's ..: 1
2019-07-25T09:23:19:   Normalization ............: 1 (relative value) (fixed,scale=1,gradient)
2019-07-25T09:23:19: 
2019-07-25T09:23:19: +==============================================================+
2019-07-25T09:23:19: | Compute error for source "source1c" parameter "CutoffEnergy" |
2019-07-25T09:23:19: +==============================================================+
2019-07-25T09:23:19:  Confidence level ..........: 95 %
2019-07-25T09:23:19:  Log-likelihood difference .: 1.92073
2019-07-25T09:23:19:  Initial factor range ......: [2.00704689489258, 7.59221661605714]
2019-07-25T09:23:29:    Iteration 1 .............: [2.00704689489258, 4.79963175547486]
2019-07-25T09:23:39:    Iteration 2 .............: [3.40333932518372, 4.79963175547486]
2019-07-25T09:23:49:    Iteration 3 .............: [4.10148554032929, 4.79963175547486]
2019-07-25T09:24:00:    Iteration 4 .............: [4.10148554032929, 4.45055864790208]
2019-07-25T09:24:11:    Iteration 5 .............: [4.27602209411568, 4.45055864790208]
2019-07-25T09:24:22:    Iteration 6 .............: [4.27602209411568, 4.36329037100888]
2019-07-25T09:24:33:    Iteration 7 .............: [4.27602209411568, 4.31965623256228]
2019-07-25T09:24:44:    Iteration 8 .............: [4.27602209411568, 4.29783916333898]
2019-07-25T09:24:56:    Iteration 9 .............: [4.27602209411568, 4.28693062872733]
2019-07-25T09:25:07:    Iteration 10 ............: [4.28147636142151, 4.28693062872733]
2019-07-25T09:25:18:    Iteration 11 ............: [4.28147636142151, 4.28420349507442]
2019-07-25T09:25:29:    Iteration 12 ............: [4.28147636142151, 4.28283992824796]
2019-07-25T09:25:40:    Iteration 13 ............: [4.28215814483474, 4.28283992824796]
2019-07-25T09:25:51:    Iteration 1 .............: [4.79963175547486, 7.59221661605714]
2019-07-25T09:26:03:    Iteration 2 .............: [4.79963175547486, 6.195924185766]
2019-07-25T09:26:14:    Iteration 3 .............: [4.79963175547486, 5.49777797062043]
2019-07-25T09:26:25:    Iteration 4 .............: [5.14870486304765, 5.49777797062043]
2019-07-25T09:26:37:    Iteration 5 .............: [5.32324141683404, 5.49777797062043]
2019-07-25T09:26:47:    Iteration 6 .............: [5.41050969372723, 5.49777797062043]
2019-07-25T09:26:58:    Iteration 7 .............: [5.41050969372723, 5.45414383217383]
2019-07-25T09:27:09:    Iteration 8 .............: [5.41050969372723, 5.43232676295053]
2019-07-25T09:27:20:    Iteration 9 .............: [5.42141822833888, 5.43232676295053]
2019-07-25T09:27:31:    Iteration 10 ............: [5.42687249564471, 5.43232676295053]
2019-07-25T09:27:42:    Iteration 11 ............: [5.42959962929762, 5.43232676295053]
2019-07-25T09:27:53:    Iteration 12 ............: [5.42959962929762, 5.43096319612408]
2019-07-25T09:28:04:    Iteration 13 ............: [5.43028141271085, 5.43096319612408]
2019-07-25T09:28:04:  Lower parameter factor ....: 4.2825
2019-07-25T09:28:04:  Upper parameter factor ....: 5.43062
2019-07-25T09:28:04:  Error from curvature ......: 2792584.86058228 MeV
2019-07-25T09:28:04:  Error from profile ........: 5740616.33938056 MeV
2019-07-25T09:28:04:  Negative profile error ....: 5171327.18933511 MeV
2019-07-25T09:28:04:  Positive profile error ....: 6309905.48942601 MeV
2019-07-25T09:28:04: 
2019-07-25T09:28:04: +==============+
2019-07-25T09:28:04: | Save results |
2019-07-25T09:28:04: +==============+
2019-07-25T09:28:04:  Model definition file .....: NONE
2019-07-25T09:28:04: 
2019-07-25T09:28:04: Application "cterror" terminated after 381 wall clock seconds, consuming 467.92 seconds of CPU time.
