2019-07-25T13:08:36: ********************************************************************************
2019-07-25T13:08:36: *                                    cterror                                   *
2019-07-25T13:08:36: * ---------------------------------------------------------------------------- *
2019-07-25T13:08:36: * Version: 1.6.0                                                               *
2019-07-25T13:08:36: ********************************************************************************
2019-07-25T13:08:37: +============+
2019-07-25T13:08:37: | Parameters |
2019-07-25T13:08:37: +============+
2019-07-25T13:08:37:  inobs .....................: /cta/carli/CPPM_Internship/Simulations_and_Analyses/minus_constant_EDisp_South_z40_50h/source1a/obs_cube.fits
2019-07-25T13:08:37:  inmodel ...................: /cta/carli/CPPM_Internship/Simulations_and_Analyses/minus_constant_EDisp_South_z40_50h/source1a/obsmodel_binned.xml
2019-07-25T13:08:37:  srcname ...................: source1a
2019-07-25T13:08:37:  expcube ...................: /cta/carli/CPPM_Internship/Simulations_and_Analyses/minus_constant_EDisp_South_z40_50h/source1a/exposure_cube.fits
2019-07-25T13:08:37:  psfcube ...................: /cta/carli/CPPM_Internship/Simulations_and_Analyses/minus_constant_EDisp_South_z40_50h/source1a/PSF_cube.fits
2019-07-25T13:08:37:  edispcube .................: /cta/carli/CPPM_Internship/Simulations_and_Analyses/minus_constant_EDisp_South_z40_50h/source1a/edisp_cube.fits
2019-07-25T13:08:37:  bkgcube ...................: /cta/carli/CPPM_Internship/Simulations_and_Analyses/minus_constant_EDisp_South_z40_50h/source1a/background_cube.fits
2019-07-25T13:08:37:  caldb .....................: prod3b-v2
2019-07-25T13:08:37:  irf .......................: minus_constant_EDisp_South_z40_50h
2019-07-25T13:08:37:  edisp .....................: yes
2019-07-25T13:08:37:  outmodel ..................: 
2019-07-25T13:08:37:  confidence ................: 0.68
2019-07-25T13:08:37:  tol .......................: 1e-3
2019-07-25T13:08:37:  statistic .................: DEFAULT
2019-07-25T13:08:37:  like_accuracy .............: 0.005
2019-07-25T13:08:37:  max_iter ..................: 50
2019-07-25T13:08:37:  nthreads ..................: 0
2019-07-25T13:08:37:  chatter ...................: 4
2019-07-25T13:08:37:  clobber ...................: yes
2019-07-25T13:08:37:  debug .....................: no
2019-07-25T13:08:37:  mode ......................: ql
2019-07-25T13:08:37:  logfile ...................: cterror68.log
2019-07-25T13:08:37: 
2019-07-25T13:08:37: +===================+
2019-07-25T13:08:37: | Input observation |
2019-07-25T13:08:37: +===================+
2019-07-25T13:08:37: === GObservations ===
2019-07-25T13:08:37:  Number of observations ....: 1
2019-07-25T13:08:37:  Number of models ..........: 2
2019-07-25T13:08:37:  Number of observed events .: 289100
2019-07-25T13:08:37:  Number of predicted events : 0
2019-07-25T13:08:37: === GCTAObservation ===
2019-07-25T13:08:37:  Name ......................: 
2019-07-25T13:08:37:  Identifier ................: 000001
2019-07-25T13:08:37:  Instrument ................: CTA
2019-07-25T13:08:37:  Event file ................: /cta/carli/CPPM_Internship/Simulations_and_Analyses/minus_constant_EDisp_South_z40_50h/source1a/obs_cube.fits
2019-07-25T13:08:37:  Event type ................: CountsCube
2019-07-25T13:08:37:  Statistic .................: cstat
2019-07-25T13:08:37:  Ontime ....................: 144000 s
2019-07-25T13:08:37:  Livetime ..................: 141120 s
2019-07-25T13:08:37:  Deadtime correction .......: 0.98
2019-07-25T13:08:37:  User energy range .........: undefined
2019-07-25T13:08:37: === GCTAPointing ===
2019-07-25T13:08:37:  Pointing direction ........: (RA,Dec)=(84.1331,22.0145)
2019-07-25T13:08:37: === GCTAResponseCube ===
2019-07-25T13:08:37:  Energy dispersion .........: Used
2019-07-25T13:08:37: === GCTACubeExposure ===
2019-07-25T13:08:37:  Filename ..................: /cta/carli/CPPM_Internship/Simulations_and_Analyses/minus_constant_EDisp_South_z40_50h/source1a/exposure_cube.fits
2019-07-25T13:08:37:  Livetime ..................: 141120 sec
2019-07-25T13:08:37: === GEnergies ===
2019-07-25T13:08:37:  Number of energies ........: 33
2019-07-25T13:08:37: === GGti ===
2019-07-25T13:08:37:  Number of intervals .......: 1
2019-07-25T13:08:37:  Ontime ....................: 144000 sec
2019-07-25T13:08:37:  Elapsed time ..............: 144000 sec
2019-07-25T13:08:37:  MJD range .................: 51544.5 - 51546.1666666667 s (TT)
2019-07-25T13:08:37:  UTC range .................: 2000-01-01T11:58:56 - 2000-01-03T03:58:56 s (TT)
2019-07-25T13:08:37:  Reference MJD .............: 51544.5
2019-07-25T13:08:37: === GSkyMap ===
2019-07-25T13:08:37:  Number of pixels ..........: 6400
2019-07-25T13:08:37:  X axis dimension ..........: 80
2019-07-25T13:08:37:  Y axis dimension ..........: 80
2019-07-25T13:08:37:  Number of maps ............: 33
2019-07-25T13:08:37:  Shape of maps .............: (33)
2019-07-25T13:08:37: === GCTACubePsf ===
2019-07-25T13:08:37:  Filename ..................: /cta/carli/CPPM_Internship/Simulations_and_Analyses/minus_constant_EDisp_South_z40_50h/source1a/PSF_cube.fits
2019-07-25T13:08:37: === GEnergies ===
2019-07-25T13:08:37:  Number of energies ........: 33
2019-07-25T13:08:37:  Number of delta bins ......: 200
2019-07-25T13:08:37:  Delta range ...............: 1.875e-06 - 0.298501875 deg
2019-07-25T13:08:37: === GSkyMap ===
2019-07-25T13:08:37:  Number of pixels ..........: 1
2019-07-25T13:08:37:  X axis dimension ..........: 1
2019-07-25T13:08:37:  Y axis dimension ..........: 1
2019-07-25T13:08:37:  Number of maps ............: 6600
2019-07-25T13:08:37:  Shape of maps .............: (200, 33)
2019-07-25T13:08:37: === GCTACubeEdisp ===
2019-07-25T13:08:37:  Filename ..................: /cta/carli/CPPM_Internship/Simulations_and_Analyses/minus_constant_EDisp_South_z40_50h/source1a/edisp_cube.fits
2019-07-25T13:08:37: === GEnergies ===
2019-07-25T13:08:37:  Number of energies ........: 33
2019-07-25T13:08:37:  Number of migra bins ......: 100
2019-07-25T13:08:37:  Migra range ...............: 0.02 - 2
2019-07-25T13:08:37: === GSkyMap ===
2019-07-25T13:08:37:  Number of pixels ..........: 1
2019-07-25T13:08:37:  X axis dimension ..........: 1
2019-07-25T13:08:37:  Y axis dimension ..........: 1
2019-07-25T13:08:37:  Number of maps ............: 3300
2019-07-25T13:08:37:  Shape of maps .............: (100, 33)
2019-07-25T13:08:37: === GCTACubeBackground ===
2019-07-25T13:08:37:  Filename ..................: /cta/carli/CPPM_Internship/Simulations_and_Analyses/minus_constant_EDisp_South_z40_50h/source1a/background_cube.fits
2019-07-25T13:08:37: === GEbounds ===
2019-07-25T13:08:37:  Number of intervals .......: 32
2019-07-25T13:08:37:  Energy range ..............: 100 GeV - 199.526229858398 TeV
2019-07-25T13:08:37: === GSkyMap ===
2019-07-25T13:08:37:  Number of pixels ..........: 6400
2019-07-25T13:08:37:  X axis dimension ..........: 80
2019-07-25T13:08:37:  Y axis dimension ..........: 80
2019-07-25T13:08:37:  Number of maps ............: 32
2019-07-25T13:08:37:  Shape of maps .............: (32)
2019-07-25T13:08:37: === GCTAResponseCache ===
2019-07-25T13:08:37:  Number of cached values ...: 0
2019-07-25T13:08:37: === GCTAEventCube ===
2019-07-25T13:08:37:  Number of events ..........: 289100
2019-07-25T13:08:37:  Number of elements ........: 204800
2019-07-25T13:08:37:  Number of pixels ..........: 6400
2019-07-25T13:08:37:  Number of energy bins .....: 32
2019-07-25T13:08:37:  Time interval .............: 51544.5 - 51546.1666666667 days
2019-07-25T13:08:37:  Pointing ..................: (RA,Dec)=(84.1331,22.0145)
2019-07-25T13:08:37: === GEbounds ===
2019-07-25T13:08:37:  Number of intervals .......: 32
2019-07-25T13:08:37:  Energy range ..............: 100 GeV - 199.526229858398 TeV
2019-07-25T13:08:37: === GSkyMap ===
2019-07-25T13:08:37:  Number of pixels ..........: 6400
2019-07-25T13:08:37:  X axis dimension ..........: 80
2019-07-25T13:08:37:  Y axis dimension ..........: 80
2019-07-25T13:08:37:  Number of maps ............: 32
2019-07-25T13:08:37:  Shape of maps .............: (32)
2019-07-25T13:08:37: === GSkyRegions ===
2019-07-25T13:08:37:  Number of regions .........: 0
2019-07-25T13:08:37: === GModels ===
2019-07-25T13:08:37:  Number of models ..........: 2
2019-07-25T13:08:37:  Number of parameters ......: 11
2019-07-25T13:08:37: === GModelSky ===
2019-07-25T13:08:37:  Name ......................: source1a
2019-07-25T13:08:37:  Instruments ...............: all
2019-07-25T13:08:37:  Test Statistic ............: 15542.699
2019-07-25T13:08:37:  Observation identifiers ...: all
2019-07-25T13:08:37:  Model type ................: PointSource
2019-07-25T13:08:37:  Model components ..........: "PointSource" * "ExponentialCutoffPowerLaw" * "Constant"
2019-07-25T13:08:37:  Number of parameters ......: 7
2019-07-25T13:08:37:  Number of spatial par's ...: 2
2019-07-25T13:08:37:   RA .......................: 83.6331 [-360,360] deg (fixed,scale=1)
2019-07-25T13:08:37:   DEC ......................: 22.0145 [-90,90] deg (fixed,scale=1)
2019-07-25T13:08:37:  Number of spectral par's ..: 4
2019-07-25T13:08:37:   Prefactor ................: 7.60171393593798e-19 [1e-26,1e-16] ph/cm2/s/MeV (fixed,scale=1e-19,gradient)
2019-07-25T13:08:37:   Index ....................: -2.02512139037281 [-0,-5]  (fixed,scale=-1,gradient)
2019-07-25T13:08:37:   CutoffEnergy .............: 55871405.8292738 +/- 9889797.39643084 [100000,10000000000] MeV (free,scale=10000000,gradient)
2019-07-25T13:08:37:   PivotEnergy ..............: 1000000 [10000,1000000000] MeV (fixed,scale=1000000,gradient)
2019-07-25T13:08:37:  Number of temporal par's ..: 1
2019-07-25T13:08:37:   Normalization ............: 1 (relative value) (fixed,scale=1,gradient)
2019-07-25T13:08:37:  Number of scale par's .....: 0
2019-07-25T13:08:37: === GCTAModelCubeBackground ===
2019-07-25T13:08:37:  Name ......................: BackgroundModel
2019-07-25T13:08:37:  Instruments ...............: CTA, HESS, MAGIC, VERITAS
2019-07-25T13:08:37:  Observation identifiers ...: all
2019-07-25T13:08:37:  Model type ................: "PowerLaw" * "Constant"
2019-07-25T13:08:37:  Number of parameters ......: 4
2019-07-25T13:08:37:  Number of spectral par's ..: 3
2019-07-25T13:08:37:   Prefactor ................: 0.89014482579737 [0.01,100] ph/cm2/s/MeV (fixed,scale=1,gradient)
2019-07-25T13:08:37:   Index ....................: -0.0292868135012826 [-5,5]  (fixed,scale=1,gradient)
2019-07-25T13:08:37:   PivotEnergy ..............: 1000000 MeV (fixed,scale=1000000,gradient)
2019-07-25T13:08:37:  Number of temporal par's ..: 1
2019-07-25T13:08:37:   Normalization ............: 1 (relative value) (fixed,scale=1,gradient)
2019-07-25T13:08:37: 
2019-07-25T13:08:37: +=============================+
2019-07-25T13:08:37: | Compute best-fit likelihood |
2019-07-25T13:08:37: +=============================+
2019-07-25T13:10:08: === GOptimizerLM ===
2019-07-25T13:10:08:  Optimized function value ..: -272023.878
2019-07-25T13:10:08:  Absolute precision ........: 0.005
2019-07-25T13:10:08:  Acceptable value decrease .: 2
2019-07-25T13:10:08:  Optimization status .......: converged
2019-07-25T13:10:08:  Number of parameters ......: 11
2019-07-25T13:10:08:  Number of free parameters .: 1
2019-07-25T13:10:08:  Number of iterations ......: 1
2019-07-25T13:10:08:  Lambda ....................: 0.0001
2019-07-25T13:10:08:  Maximum log likelihood ....: -272023.878
2019-07-25T13:10:08: === GModels ===
2019-07-25T13:10:08:  Number of models ..........: 2
2019-07-25T13:10:08:  Number of parameters ......: 11
2019-07-25T13:10:08: === GModelSky ===
2019-07-25T13:10:08:  Name ......................: source1a
2019-07-25T13:10:08:  Instruments ...............: all
2019-07-25T13:10:08:  Test Statistic ............: 15542.699
2019-07-25T13:10:08:  Observation identifiers ...: all
2019-07-25T13:10:08:  Model type ................: PointSource
2019-07-25T13:10:08:  Model components ..........: "PointSource" * "ExponentialCutoffPowerLaw" * "Constant"
2019-07-25T13:10:08:  Number of parameters ......: 7
2019-07-25T13:10:08:  Number of spatial par's ...: 2
2019-07-25T13:10:08:   RA .......................: 83.6331 [-360,360] deg (fixed,scale=1)
2019-07-25T13:10:08:   DEC ......................: 22.0145 [-90,90] deg (fixed,scale=1)
2019-07-25T13:10:08:  Number of spectral par's ..: 4
2019-07-25T13:10:08:   Prefactor ................: 7.60171393593798e-19 [1e-26,1e-16] ph/cm2/s/MeV (fixed,scale=1e-19,gradient)
2019-07-25T13:10:08:   Index ....................: -2.02512139037281 [-0,-5]  (fixed,scale=-1,gradient)
2019-07-25T13:10:08:   CutoffEnergy .............: 55873500.4595101 +/- 6574362.27345292 [100000,10000000000] MeV (free,scale=10000000,gradient)
2019-07-25T13:10:08:   PivotEnergy ..............: 1000000 [10000,1000000000] MeV (fixed,scale=1000000,gradient)
2019-07-25T13:10:08:  Number of temporal par's ..: 1
2019-07-25T13:10:08:   Normalization ............: 1 (relative value) (fixed,scale=1,gradient)
2019-07-25T13:10:08:  Number of scale par's .....: 0
2019-07-25T13:10:08: === GCTAModelCubeBackground ===
2019-07-25T13:10:08:  Name ......................: BackgroundModel
2019-07-25T13:10:08:  Instruments ...............: CTA, HESS, MAGIC, VERITAS
2019-07-25T13:10:08:  Observation identifiers ...: all
2019-07-25T13:10:08:  Model type ................: "PowerLaw" * "Constant"
2019-07-25T13:10:08:  Number of parameters ......: 4
2019-07-25T13:10:08:  Number of spectral par's ..: 3
2019-07-25T13:10:08:   Prefactor ................: 0.89014482579737 [0.01,100] ph/cm2/s/MeV (fixed,scale=1,gradient)
2019-07-25T13:10:08:   Index ....................: -0.0292868135012826 [-5,5]  (fixed,scale=1,gradient)
2019-07-25T13:10:08:   PivotEnergy ..............: 1000000 MeV (fixed,scale=1000000,gradient)
2019-07-25T13:10:08:  Number of temporal par's ..: 1
2019-07-25T13:10:08:   Normalization ............: 1 (relative value) (fixed,scale=1,gradient)
2019-07-25T13:10:08: 
2019-07-25T13:10:08: +==============================================================+
2019-07-25T13:10:08: | Compute error for source "source1a" parameter "CutoffEnergy" |
2019-07-25T13:10:08: +==============================================================+
2019-07-25T13:10:08:  Confidence level ..........: 68 %
2019-07-25T13:10:08:  Log-likelihood difference .: 0.494473
2019-07-25T13:10:08:  Initial factor range ......: [0.01, 12.1617123194039]
2019-07-25T13:10:18:    Iteration 1 .............: [0.01, 5.58735004595101]
2019-07-25T13:10:29:    Iteration 2 .............: [2.7986750229755, 5.58735004595101]
2019-07-25T13:10:39:    Iteration 3 .............: [4.19301253446325, 5.58735004595101]
2019-07-25T13:10:49:    Iteration 4 .............: [4.89018129020713, 5.58735004595101]
2019-07-25T13:11:00:    Iteration 5 .............: [4.89018129020713, 5.23876566807907]
2019-07-25T13:11:11:    Iteration 6 .............: [4.89018129020713, 5.0644734791431]
2019-07-25T13:11:21:    Iteration 7 .............: [4.97732738467512, 5.0644734791431]
2019-07-25T13:11:31:    Iteration 8 .............: [4.97732738467512, 5.02090043190911]
2019-07-25T13:11:42:    Iteration 9 .............: [4.97732738467512, 4.99911390829211]
2019-07-25T13:11:52:    Iteration 10 ............: [4.97732738467512, 4.98822064648361]
2019-07-25T13:12:03:    Iteration 1 .............: [5.58735004595101, 12.1617123194039]
2019-07-25T13:12:13:    Iteration 2 .............: [5.58735004595101, 8.87453118267747]
2019-07-25T13:12:24:    Iteration 3 .............: [5.58735004595101, 7.23094061431424]
2019-07-25T13:12:34:    Iteration 4 .............: [5.58735004595101, 6.40914533013262]
2019-07-25T13:12:45:    Iteration 5 .............: [5.99824768804181, 6.40914533013262]
2019-07-25T13:12:55:    Iteration 6 .............: [6.20369650908722, 6.40914533013262]
2019-07-25T13:13:05:    Iteration 7 .............: [6.30642091960992, 6.40914533013262]
2019-07-25T13:13:16:    Iteration 8 .............: [6.30642091960992, 6.35778312487127]
2019-07-25T13:13:26:    Iteration 9 .............: [6.30642091960992, 6.3321020222406]
2019-07-25T13:13:36:    Iteration 10 ............: [6.31926147092526, 6.3321020222406]
2019-07-25T13:13:47:    Iteration 11 ............: [6.32568174658293, 6.3321020222406]
2019-07-25T13:13:47:  Lower parameter factor ....: 4.98277
2019-07-25T13:13:47:  Upper parameter factor ....: 6.32889
2019-07-25T13:13:47:  Error from curvature ......: 6574362.27345292 MeV
2019-07-25T13:13:47:  Error from profile ........: 6730589.34416198 MeV
2019-07-25T13:13:47:  Negative profile error ....: 6045760.30371642 MeV
2019-07-25T13:13:47:  Positive profile error ....: 7415418.38460755 MeV
2019-07-25T13:13:47: 
2019-07-25T13:13:47: +==============+
2019-07-25T13:13:47: | Save results |
2019-07-25T13:13:47: +==============+
2019-07-25T13:13:47:  Model definition file .....: NONE
2019-07-25T13:13:47: 
2019-07-25T13:13:47: Application "cterror" terminated after 312 wall clock seconds, consuming 382.81 seconds of CPU time.
