2019-07-22T14:45:09: ********************************************************************************
2019-07-22T14:45:09: *                                   csresspec                                  *
2019-07-22T14:45:09: * ---------------------------------------------------------------------------- *
2019-07-22T14:45:09: * Version: 1.6.0                                                               *
2019-07-22T14:45:09: ********************************************************************************
2019-07-22T14:45:09: +============+
2019-07-22T14:45:09: | Parameters |
2019-07-22T14:45:09: +============+
2019-07-22T14:45:09:  inobs .....................: /cta/carli/CPPM_Internship/Simulations_and_Analyses/minus_constant_AEff_South_z40_50h/source2a/obs_cube.fits
2019-07-22T14:45:09:  inmodel ...................: /cta/carli/CPPM_Internship/Simulations_and_Analyses/minus_constant_AEff_South_z40_50h/source2a/obsmodel_binned.xml
2019-07-22T14:45:09:  modcube ...................: /cta/carli/CPPM_Internship/Simulations_and_Analyses/minus_constant_AEff_South_z40_50h/source2a/obsmodel_cube.fits
2019-07-22T14:45:09:  expcube ...................: /cta/carli/CPPM_Internship/Simulations_and_Analyses/minus_constant_AEff_South_z40_50h/source2a/exposure_cube.fits
2019-07-22T14:45:09:  psfcube ...................: /cta/carli/CPPM_Internship/Simulations_and_Analyses/minus_constant_AEff_South_z40_50h/source2a/PSF_cube.fits
2019-07-22T14:45:09:  edispcube .................: /cta/carli/CPPM_Internship/Simulations_and_Analyses/minus_constant_AEff_South_z40_50h/source2a/edisp_cube.fits
2019-07-22T14:45:09:  bkgcube ...................: /cta/carli/CPPM_Internship/Simulations_and_Analyses/minus_constant_AEff_South_z40_50h/source2a/background_cube.fits
2019-07-22T14:45:09:  caldb .....................: prod3b-v2
2019-07-22T14:45:09:  irf .......................: minus_constant_AEff_South_z40_50h
2019-07-22T14:45:09:  edisp .....................: yes
2019-07-22T14:45:09:  outfile ...................: /cta/carli/CPPM_Internship/Simulations_and_Analyses/minus_constant_AEff_South_z40_50h/source2a/residuals_binned.fits
2019-07-22T14:45:09:  statistic .................: DEFAULT
2019-07-22T14:45:09:  components ................: yes
2019-07-22T14:45:09:  ebinalg ...................: LOG
2019-07-22T14:45:09:  emin ......................: 0.1
2019-07-22T14:45:09:  emax ......................: 199.526229858398
2019-07-22T14:45:09:  enumbins ..................: 32
2019-07-22T14:45:09:  ebinfile ..................: [not queried]
2019-07-22T14:45:09:  stack .....................: [not queried]
2019-07-22T14:45:09:  coordsys ..................: [not queried]
2019-07-22T14:45:09:  proj ......................: [not queried]
2019-07-22T14:45:09:  xref ......................: [not queried]
2019-07-22T14:45:09:  yref ......................: [not queried]
2019-07-22T14:45:09:  nxpix .....................: [not queried]
2019-07-22T14:45:09:  nypix .....................: [not queried]
2019-07-22T14:45:09:  binsz .....................: [not queried]
2019-07-22T14:45:09:  mask ......................: no
2019-07-22T14:45:09:  ra ........................: [not queried]
2019-07-22T14:45:09:  dec .......................: [not queried]
2019-07-22T14:45:09:  rad .......................: [not queried]
2019-07-22T14:45:09:  regfile ...................: [not queried]
2019-07-22T14:45:09:  algorithm .................: SUB
2019-07-22T14:45:09:  publish ...................: no
2019-07-22T14:45:09:  chatter ...................: 4
2019-07-22T14:45:09:  clobber ...................: yes
2019-07-22T14:45:09:  debug .....................: no
2019-07-22T14:45:09:  mode ......................: ql
2019-07-22T14:45:09:  logfile ...................: csresspec.log
2019-07-22T14:45:09: 
2019-07-22T14:45:09: +====================+
2019-07-22T14:45:09: | Observation census |
2019-07-22T14:45:09: +====================+
2019-07-22T14:45:09:  Unbinned CTA observations .: 0
2019-07-22T14:45:09:  Binned CTA observations ...: 1
2019-07-22T14:45:09:  On/off CTA observations ...: 0
2019-07-22T14:45:09:  Other observations ........: 0
2019-07-22T14:45:09: 
2019-07-22T14:45:09: +=============+
2019-07-22T14:45:09: | Observation |
2019-07-22T14:45:09: +=============+
2019-07-22T14:45:09: === GObservations ===
2019-07-22T14:45:09:  Number of observations ....: 1
2019-07-22T14:45:09:  Number of models ..........: 2
2019-07-22T14:45:09:  Number of observed events .: 309112
2019-07-22T14:45:09:  Number of predicted events : 0
2019-07-22T14:45:09: === GCTAObservation ===
2019-07-22T14:45:09:  Name ......................: 
2019-07-22T14:45:09:  Identifier ................: 000001
2019-07-22T14:45:09:  Instrument ................: CTA
2019-07-22T14:45:09:  Event file ................: /cta/carli/CPPM_Internship/Simulations_and_Analyses/minus_constant_AEff_South_z40_50h/source2a/obs_cube.fits
2019-07-22T14:45:09:  Event type ................: CountsCube
2019-07-22T14:45:09:  Statistic .................: cstat
2019-07-22T14:45:09:  Ontime ....................: 144000 s
2019-07-22T14:45:09:  Livetime ..................: 141120 s
2019-07-22T14:45:09:  Deadtime correction .......: 0.98
2019-07-22T14:45:09:  User energy range .........: undefined
2019-07-22T14:45:09: === GCTAPointing ===
2019-07-22T14:45:09:  Pointing direction ........: (RA,Dec)=(84.1331,22.0145)
2019-07-22T14:45:09: === GCTAResponseCube ===
2019-07-22T14:45:09:  Energy dispersion .........: Not used
2019-07-22T14:45:09: === GCTACubeExposure ===
2019-07-22T14:45:09:  Filename ..................: /cta/carli/CPPM_Internship/Simulations_and_Analyses/minus_constant_AEff_South_z40_50h/source2a/exposure_cube.fits
2019-07-22T14:45:09:  Livetime ..................: 141120 sec
2019-07-22T14:45:09: === GEnergies ===
2019-07-22T14:45:09:  Number of energies ........: 33
2019-07-22T14:45:09: === GGti ===
2019-07-22T14:45:09:  Number of intervals .......: 1
2019-07-22T14:45:09:  Ontime ....................: 144000 sec
2019-07-22T14:45:09:  Elapsed time ..............: 144000 sec
2019-07-22T14:45:09:  MJD range .................: 51544.5 - 51546.1666666667 s (TT)
2019-07-22T14:45:09:  UTC range .................: 2000-01-01T11:58:56 - 2000-01-03T03:58:56 s (TT)
2019-07-22T14:45:09:  Reference MJD .............: 51544.5
2019-07-22T14:45:09: === GSkyMap ===
2019-07-22T14:45:09:  Number of pixels ..........: 6400
2019-07-22T14:45:09:  X axis dimension ..........: 80
2019-07-22T14:45:09:  Y axis dimension ..........: 80
2019-07-22T14:45:09:  Number of maps ............: 33
2019-07-22T14:45:09:  Shape of maps .............: (33)
2019-07-22T14:45:09: === GCTACubePsf ===
2019-07-22T14:45:09:  Filename ..................: /cta/carli/CPPM_Internship/Simulations_and_Analyses/minus_constant_AEff_South_z40_50h/source2a/PSF_cube.fits
2019-07-22T14:45:09: === GEnergies ===
2019-07-22T14:45:09:  Number of energies ........: 33
2019-07-22T14:45:09:  Number of delta bins ......: 200
2019-07-22T14:45:09:  Delta range ...............: 1.875e-06 - 0.298501875 deg
2019-07-22T14:45:09: === GSkyMap ===
2019-07-22T14:45:09:  Number of pixels ..........: 1
2019-07-22T14:45:09:  X axis dimension ..........: 1
2019-07-22T14:45:09:  Y axis dimension ..........: 1
2019-07-22T14:45:09:  Number of maps ............: 6600
2019-07-22T14:45:09:  Shape of maps .............: (200, 33)
2019-07-22T14:45:09: === GCTACubeEdisp ===
2019-07-22T14:45:09:  Filename ..................: /cta/carli/CPPM_Internship/Simulations_and_Analyses/minus_constant_AEff_South_z40_50h/source2a/edisp_cube.fits
2019-07-22T14:45:09: === GEnergies ===
2019-07-22T14:45:09:  Number of energies ........: 33
2019-07-22T14:45:09:  Number of migra bins ......: 100
2019-07-22T14:45:09:  Migra range ...............: 0.02 - 2
2019-07-22T14:45:09: === GSkyMap ===
2019-07-22T14:45:09:  Number of pixels ..........: 1
2019-07-22T14:45:09:  X axis dimension ..........: 1
2019-07-22T14:45:09:  Y axis dimension ..........: 1
2019-07-22T14:45:09:  Number of maps ............: 3300
2019-07-22T14:45:09:  Shape of maps .............: (100, 33)
2019-07-22T14:45:09: === GCTACubeBackground ===
2019-07-22T14:45:09:  Filename ..................: /cta/carli/CPPM_Internship/Simulations_and_Analyses/minus_constant_AEff_South_z40_50h/source2a/background_cube.fits
2019-07-22T14:45:09: === GEbounds ===
2019-07-22T14:45:09:  Number of intervals .......: 32
2019-07-22T14:45:09:  Energy range ..............: 100 GeV - 199.526229858398 TeV
2019-07-22T14:45:09: === GSkyMap ===
2019-07-22T14:45:09:  Number of pixels ..........: 6400
2019-07-22T14:45:09:  X axis dimension ..........: 80
2019-07-22T14:45:09:  Y axis dimension ..........: 80
2019-07-22T14:45:09:  Number of maps ............: 32
2019-07-22T14:45:09:  Shape of maps .............: (32)
2019-07-22T14:45:09: === GCTAResponseCache ===
2019-07-22T14:45:09:  Number of cached values ...: 0
2019-07-22T14:45:09: === GCTAEventCube ===
2019-07-22T14:45:09:  Number of events ..........: 309112
2019-07-22T14:45:09:  Number of elements ........: 204800
2019-07-22T14:45:09:  Number of pixels ..........: 6400
2019-07-22T14:45:09:  Number of energy bins .....: 32
2019-07-22T14:45:09:  Time interval .............: 51544.5 - 51546.1666666667 days
2019-07-22T14:45:09:  Pointing ..................: (RA,Dec)=(84.1331,22.0145)
2019-07-22T14:45:09: === GEbounds ===
2019-07-22T14:45:09:  Number of intervals .......: 32
2019-07-22T14:45:09:  Energy range ..............: 100 GeV - 199.526229858398 TeV
2019-07-22T14:45:09: === GSkyMap ===
2019-07-22T14:45:09:  Number of pixels ..........: 6400
2019-07-22T14:45:09:  X axis dimension ..........: 80
2019-07-22T14:45:09:  Y axis dimension ..........: 80
2019-07-22T14:45:09:  Number of maps ............: 32
2019-07-22T14:45:09:  Shape of maps .............: (32)
2019-07-22T14:45:09: === GSkyRegions ===
2019-07-22T14:45:09:  Number of regions .........: 0
2019-07-22T14:45:09: === GModels ===
2019-07-22T14:45:09:  Number of models ..........: 2
2019-07-22T14:45:09:  Number of parameters ......: 11
2019-07-22T14:45:09: === GModelSky ===
2019-07-22T14:45:09:  Name ......................: source2a
2019-07-22T14:45:09:  Instruments ...............: all
2019-07-22T14:45:09:  Test Statistic ............: 15327.58
2019-07-22T14:45:09:  Observation identifiers ...: all
2019-07-22T14:45:09:  Model type ................: PointSource
2019-07-22T14:45:09:  Model components ..........: "PointSource" * "ExponentialCutoffPowerLaw" * "Constant"
2019-07-22T14:45:09:  Number of parameters ......: 7
2019-07-22T14:45:09:  Number of spatial par's ...: 2
2019-07-22T14:45:09:   RA .......................: 83.6331 [-360,360] deg (fixed,scale=1)
2019-07-22T14:45:09:   DEC ......................: 22.0145 [-90,90] deg (fixed,scale=1)
2019-07-22T14:45:09:  Number of spectral par's ..: 4
2019-07-22T14:45:09:   Prefactor ................: 7.53565502501137e-19 +/- 1.40500028246804e-20 [1e-26,1e-16] ph/cm2/s/MeV (free,scale=1e-19,gradient)
2019-07-22T14:45:09:   Index ....................: -1.99695510856658 +/- 0.016800500745566 [-0,-5]  (free,scale=-1,gradient)
2019-07-22T14:45:09:   CutoffEnergy .............: 155503145.174875 +/- 52125027.9795587 [1000000,100000000000] MeV (free,scale=100000000,gradient)
2019-07-22T14:45:09:   PivotEnergy ..............: 1000000 [10000,1000000000] MeV (fixed,scale=1000000,gradient)
2019-07-22T14:45:09:  Number of temporal par's ..: 1
2019-07-22T14:45:09:   Normalization ............: 1 (relative value) (fixed,scale=1,gradient)
2019-07-22T14:45:09:  Number of scale par's .....: 0
2019-07-22T14:45:09: === GCTAModelCubeBackground ===
2019-07-22T14:45:09:  Name ......................: BackgroundModel
2019-07-22T14:45:09:  Instruments ...............: CTA, HESS, MAGIC, VERITAS
2019-07-22T14:45:09:  Observation identifiers ...: all
2019-07-22T14:45:09:  Model type ................: "PowerLaw" * "Constant"
2019-07-22T14:45:09:  Number of parameters ......: 4
2019-07-22T14:45:09:  Number of spectral par's ..: 3
2019-07-22T14:45:09:   Prefactor ................: 0.992526365308607 +/- 0.00440902962537544 [0.01,100] ph/cm2/s/MeV (free,scale=1,gradient)
2019-07-22T14:45:09:   Index ....................: -0.00395583066577704 +/- 0.00256832202896327 [-5,5]  (free,scale=1,gradient)
2019-07-22T14:45:09:   PivotEnergy ..............: 1000000 MeV (fixed,scale=1000000,gradient)
2019-07-22T14:45:09:  Number of temporal par's ..: 1
2019-07-22T14:45:09:   Normalization ............: 1 (relative value) (fixed,scale=1,gradient)
2019-07-22T14:45:09: 
2019-07-22T14:45:09: +=========================+
2019-07-22T14:45:09: | Processing Observations |
2019-07-22T14:45:09: +=========================+
2019-07-22T14:45:09: Computing model cube
2019-07-22T14:45:16: Computing counts, model, and residual spectra
2019-07-22T14:45:16:  Computing model component .: source2a
2019-07-22T14:45:20:  Computing model component .: BackgroundModel
2019-07-22T14:45:21: Filling residual table
2019-07-22T14:45:21: 
2019-07-22T14:45:21: +================+
2019-07-22T14:45:21: | Save residuals |
2019-07-22T14:45:21: +================+
2019-07-22T14:45:21:  Residuals file ............: /cta/carli/CPPM_Internship/Simulations_and_Analyses/minus_constant_AEff_South_z40_50h/source2a/residuals_binned.fits
2019-07-22T14:45:21: 
2019-07-22T14:45:21: Application "csresspec" terminated after 12 wall clock seconds, consuming 13.82 seconds of CPU time.
