2019-07-22T14:41:30: ********************************************************************************
2019-07-22T14:41:30: *                                    ctlike                                    *
2019-07-22T14:41:30: * ---------------------------------------------------------------------------- *
2019-07-22T14:41:30: * Version: 1.6.0                                                               *
2019-07-22T14:41:30: ********************************************************************************
2019-07-22T14:41:30: +============+
2019-07-22T14:41:30: | Parameters |
2019-07-22T14:41:30: +============+
2019-07-22T14:41:30:  inobs .....................: /cta/carli/CPPM_Internship/Simulations_and_Analyses/minus_constant_AEff_South_z40_50h/source2a/obs_cube.fits
2019-07-22T14:41:30:  inmodel ...................: sourcemodel_cube.xml
2019-07-22T14:41:30:  expcube ...................: /cta/carli/CPPM_Internship/Simulations_and_Analyses/minus_constant_AEff_South_z40_50h/source2a/exposure_cube.fits
2019-07-22T14:41:30:  psfcube ...................: /cta/carli/CPPM_Internship/Simulations_and_Analyses/minus_constant_AEff_South_z40_50h/source2a/PSF_cube.fits
2019-07-22T14:41:30:  edispcube .................: /cta/carli/CPPM_Internship/Simulations_and_Analyses/minus_constant_AEff_South_z40_50h/source2a/edisp_cube.fits
2019-07-22T14:41:30:  bkgcube ...................: /cta/carli/CPPM_Internship/Simulations_and_Analyses/minus_constant_AEff_South_z40_50h/source2a/background_cube.fits
2019-07-22T14:41:30:  caldb .....................: prod3b-v2
2019-07-22T14:41:30:  irf .......................: minus_constant_AEff_South_z40_50h
2019-07-22T14:41:30:  edisp .....................: yes
2019-07-22T14:41:30:  outmodel ..................: /cta/carli/CPPM_Internship/Simulations_and_Analyses/minus_constant_AEff_South_z40_50h/source2a/obsmodel_binned.xml
2019-07-22T14:41:30:  outcovmat .................: NONE
2019-07-22T14:41:30:  statistic .................: DEFAULT
2019-07-22T14:41:30:  refit .....................: no
2019-07-22T14:41:30:  like_accuracy .............: 0.005
2019-07-22T14:41:30:  max_iter ..................: 50
2019-07-22T14:41:30:  fix_spat_for_ts ...........: no
2019-07-22T14:41:30:  nthreads ..................: 0
2019-07-22T14:41:30:  chatter ...................: 4
2019-07-22T14:41:30:  clobber ...................: yes
2019-07-22T14:41:30:  debug .....................: no
2019-07-22T14:41:30:  mode ......................: ql
2019-07-22T14:41:30:  logfile ...................: ctlike.log
2019-07-22T14:41:30: 
2019-07-22T14:41:30: +===================+
2019-07-22T14:41:30: | Input observation |
2019-07-22T14:41:30: +===================+
2019-07-22T14:41:30: === GObservations ===
2019-07-22T14:41:30:  Number of observations ....: 1
2019-07-22T14:41:30:  Number of models ..........: 2
2019-07-22T14:41:30:  Number of observed events .: 309112
2019-07-22T14:41:30:  Number of predicted events : 0
2019-07-22T14:41:30: === GCTAObservation ===
2019-07-22T14:41:30:  Name ......................: 
2019-07-22T14:41:30:  Identifier ................: 000001
2019-07-22T14:41:30:  Instrument ................: CTA
2019-07-22T14:41:30:  Event file ................: /cta/carli/CPPM_Internship/Simulations_and_Analyses/minus_constant_AEff_South_z40_50h/source2a/obs_cube.fits
2019-07-22T14:41:30:  Event type ................: CountsCube
2019-07-22T14:41:30:  Statistic .................: cstat
2019-07-22T14:41:30:  Ontime ....................: 144000 s
2019-07-22T14:41:30:  Livetime ..................: 141120 s
2019-07-22T14:41:30:  Deadtime correction .......: 0.98
2019-07-22T14:41:30:  User energy range .........: undefined
2019-07-22T14:41:30: === GCTAPointing ===
2019-07-22T14:41:30:  Pointing direction ........: (RA,Dec)=(84.1331,22.0145)
2019-07-22T14:41:30: === GCTAResponseCube ===
2019-07-22T14:41:30:  Energy dispersion .........: Used
2019-07-22T14:41:30: === GCTACubeExposure ===
2019-07-22T14:41:30:  Filename ..................: /cta/carli/CPPM_Internship/Simulations_and_Analyses/minus_constant_AEff_South_z40_50h/source2a/exposure_cube.fits
2019-07-22T14:41:30:  Livetime ..................: 141120 sec
2019-07-22T14:41:30: === GEnergies ===
2019-07-22T14:41:30:  Number of energies ........: 33
2019-07-22T14:41:30: === GGti ===
2019-07-22T14:41:30:  Number of intervals .......: 1
2019-07-22T14:41:30:  Ontime ....................: 144000 sec
2019-07-22T14:41:30:  Elapsed time ..............: 144000 sec
2019-07-22T14:41:30:  MJD range .................: 51544.5 - 51546.1666666667 s (TT)
2019-07-22T14:41:30:  UTC range .................: 2000-01-01T11:58:56 - 2000-01-03T03:58:56 s (TT)
2019-07-22T14:41:30:  Reference MJD .............: 51544.5
2019-07-22T14:41:30: === GSkyMap ===
2019-07-22T14:41:30:  Number of pixels ..........: 6400
2019-07-22T14:41:30:  X axis dimension ..........: 80
2019-07-22T14:41:30:  Y axis dimension ..........: 80
2019-07-22T14:41:30:  Number of maps ............: 33
2019-07-22T14:41:30:  Shape of maps .............: (33)
2019-07-22T14:41:30: === GCTACubePsf ===
2019-07-22T14:41:30:  Filename ..................: /cta/carli/CPPM_Internship/Simulations_and_Analyses/minus_constant_AEff_South_z40_50h/source2a/PSF_cube.fits
2019-07-22T14:41:30: === GEnergies ===
2019-07-22T14:41:30:  Number of energies ........: 33
2019-07-22T14:41:30:  Number of delta bins ......: 200
2019-07-22T14:41:30:  Delta range ...............: 1.875e-06 - 0.298501875 deg
2019-07-22T14:41:30: === GSkyMap ===
2019-07-22T14:41:30:  Number of pixels ..........: 1
2019-07-22T14:41:30:  X axis dimension ..........: 1
2019-07-22T14:41:30:  Y axis dimension ..........: 1
2019-07-22T14:41:30:  Number of maps ............: 6600
2019-07-22T14:41:30:  Shape of maps .............: (200, 33)
2019-07-22T14:41:30: === GCTACubeEdisp ===
2019-07-22T14:41:30:  Filename ..................: /cta/carli/CPPM_Internship/Simulations_and_Analyses/minus_constant_AEff_South_z40_50h/source2a/edisp_cube.fits
2019-07-22T14:41:30: === GEnergies ===
2019-07-22T14:41:30:  Number of energies ........: 33
2019-07-22T14:41:30:  Number of migra bins ......: 100
2019-07-22T14:41:30:  Migra range ...............: 0.02 - 2
2019-07-22T14:41:30: === GSkyMap ===
2019-07-22T14:41:30:  Number of pixels ..........: 1
2019-07-22T14:41:30:  X axis dimension ..........: 1
2019-07-22T14:41:30:  Y axis dimension ..........: 1
2019-07-22T14:41:30:  Number of maps ............: 3300
2019-07-22T14:41:30:  Shape of maps .............: (100, 33)
2019-07-22T14:41:30: === GCTACubeBackground ===
2019-07-22T14:41:30:  Filename ..................: /cta/carli/CPPM_Internship/Simulations_and_Analyses/minus_constant_AEff_South_z40_50h/source2a/background_cube.fits
2019-07-22T14:41:30: === GEbounds ===
2019-07-22T14:41:30:  Number of intervals .......: 32
2019-07-22T14:41:30:  Energy range ..............: 100 GeV - 199.526229858398 TeV
2019-07-22T14:41:30: === GSkyMap ===
2019-07-22T14:41:30:  Number of pixels ..........: 6400
2019-07-22T14:41:30:  X axis dimension ..........: 80
2019-07-22T14:41:30:  Y axis dimension ..........: 80
2019-07-22T14:41:30:  Number of maps ............: 32
2019-07-22T14:41:30:  Shape of maps .............: (32)
2019-07-22T14:41:30: === GCTAResponseCache ===
2019-07-22T14:41:30:  Number of cached values ...: 0
2019-07-22T14:41:30: === GCTAEventCube ===
2019-07-22T14:41:30:  Number of events ..........: 309112
2019-07-22T14:41:30:  Number of elements ........: 204800
2019-07-22T14:41:30:  Number of pixels ..........: 6400
2019-07-22T14:41:30:  Number of energy bins .....: 32
2019-07-22T14:41:30:  Time interval .............: 51544.5 - 51546.1666666667 days
2019-07-22T14:41:30:  Pointing ..................: (RA,Dec)=(84.1331,22.0145)
2019-07-22T14:41:30: === GEbounds ===
2019-07-22T14:41:30:  Number of intervals .......: 32
2019-07-22T14:41:30:  Energy range ..............: 100 GeV - 199.526229858398 TeV
2019-07-22T14:41:30: === GSkyMap ===
2019-07-22T14:41:30:  Number of pixels ..........: 6400
2019-07-22T14:41:30:  X axis dimension ..........: 80
2019-07-22T14:41:30:  Y axis dimension ..........: 80
2019-07-22T14:41:30:  Number of maps ............: 32
2019-07-22T14:41:30:  Shape of maps .............: (32)
2019-07-22T14:41:30: === GSkyRegions ===
2019-07-22T14:41:30:  Number of regions .........: 0
2019-07-22T14:41:30: === GModels ===
2019-07-22T14:41:30:  Number of models ..........: 2
2019-07-22T14:41:30:  Number of parameters ......: 11
2019-07-22T14:41:30: === GModelSky ===
2019-07-22T14:41:30:  Name ......................: source2a
2019-07-22T14:41:30:  Instruments ...............: all
2019-07-22T14:41:30:  Test Statistic ............: Computation requested
2019-07-22T14:41:30:  Observation identifiers ...: all
2019-07-22T14:41:30:  Model type ................: PointSource
2019-07-22T14:41:30:  Model components ..........: "PointSource" * "ExponentialCutoffPowerLaw" * "Constant"
2019-07-22T14:41:30:  Number of parameters ......: 7
2019-07-22T14:41:30:  Number of spatial par's ...: 2
2019-07-22T14:41:30:   RA .......................: 83.6331 [-360,360] deg (fixed,scale=1)
2019-07-22T14:41:30:   DEC ......................: 22.0145 [-90,90] deg (fixed,scale=1)
2019-07-22T14:41:30:  Number of spectral par's ..: 4
2019-07-22T14:41:30:   Prefactor ................: 7.6e-19 +/- 0 [1e-26,1e-16] ph/cm2/s/MeV (free,scale=1e-19,gradient)
2019-07-22T14:41:30:   Index ....................: -2 +/- 0 [-0,-5]  (free,scale=-1,gradient)
2019-07-22T14:41:30:   CutoffEnergy .............: 100000000 +/- 0 [1000000,100000000000] MeV (free,scale=100000000,gradient)
2019-07-22T14:41:30:   PivotEnergy ..............: 1000000 [10000,1000000000] MeV (fixed,scale=1000000,gradient)
2019-07-22T14:41:30:  Number of temporal par's ..: 1
2019-07-22T14:41:30:   Normalization ............: 1 (relative value) (fixed,scale=1,gradient)
2019-07-22T14:41:30:  Number of scale par's .....: 0
2019-07-22T14:41:30: === GCTAModelCubeBackground ===
2019-07-22T14:41:30:  Name ......................: BackgroundModel
2019-07-22T14:41:30:  Instruments ...............: CTA, HESS, MAGIC, VERITAS
2019-07-22T14:41:30:  Observation identifiers ...: all
2019-07-22T14:41:30:  Model type ................: "PowerLaw" * "Constant"
2019-07-22T14:41:30:  Number of parameters ......: 4
2019-07-22T14:41:30:  Number of spectral par's ..: 3
2019-07-22T14:41:30:   Prefactor ................: 1 +/- 0 [0.01,100] ph/cm2/s/MeV (free,scale=1,gradient)
2019-07-22T14:41:30:   Index ....................: 0 +/- 0 [-5,5]  (free,scale=1,gradient)
2019-07-22T14:41:30:   PivotEnergy ..............: 1000000 MeV (fixed,scale=1000000,gradient)
2019-07-22T14:41:30:  Number of temporal par's ..: 1
2019-07-22T14:41:30:   Normalization ............: 1 (relative value) (fixed,scale=1,gradient)
2019-07-22T14:41:30: 
2019-07-22T14:41:30: +=================================+
2019-07-22T14:41:30: | Maximum likelihood optimisation |
2019-07-22T14:41:30: +=================================+
2019-07-22T14:42:01:  >Iteration   0: -logL=-306316.297, Lambda=1.0e-03
2019-07-22T14:42:30:  >Iteration   1: -logL=-306320.087, Lambda=1.0e-03, delta=3.789, step=1.0e+00, max(|grad|)=33.442107 [Index:3]
2019-07-22T14:42:59:  >Iteration   2: -logL=-306320.341, Lambda=1.0e-04, delta=0.255, step=1.0e+00, max(|grad|)=7.541197 [Index:3]
2019-07-22T14:43:28:  >Iteration   3: -logL=-306320.356, Lambda=1.0e-05, delta=0.015, step=1.0e+00, max(|grad|)=0.579074 [Index:3]
2019-07-22T14:43:57:  >Iteration   4: -logL=-306320.357, Lambda=1.0e-06, delta=0.000, step=1.0e+00, max(|grad|)=0.004902 [Index:3]
2019-07-22T14:43:57:  
2019-07-22T14:43:57:  +==================+
2019-07-22T14:43:57:  | Curvature matrix |
2019-07-22T14:43:57:  +==================+
2019-07-22T14:43:57:  === GMatrixSparse ===
2019-07-22T14:43:57:   Number of rows ............: 11
2019-07-22T14:43:57:   Number of columns .........: 11
2019-07-22T14:43:57:   Number of nonzero elements : 25
2019-07-22T14:43:57:   Number of allocated cells .: 537
2019-07-22T14:43:57:   Memory block size .........: 512
2019-07-22T14:43:57:   Sparse matrix fill ........: 0.206611570247934
2019-07-22T14:43:57:   Pending element ...........: 0
2019-07-22T14:43:57:   Fill stack size ...........: 0 (none)
2019-07-22T14:43:57:   0, 0, 0, 0, 0, 0, 0, 0, 0, 0, 0
2019-07-22T14:43:57:   0, 0, 0, 0, 0, 0, 0, 0, 0, 0, 0
2019-07-22T14:43:57:   0, 0, 60.9930129297401, -226.861396795854, 8.60694617933865, 0, 0, 241.406004658251, -315.262672485558, 0, 0
2019-07-22T14:43:57:   0, 0, -226.861396795854, 7149.58744212633, -165.581056573324, 0, 0, 2411.54947904832, -4358.8399455215, 0, 0
2019-07-22T14:43:57:   0, 0, 8.60694617933866, -165.581056573324, 7.73006709213848, 0, 0, 3.66686174015016, 1.20068084971775, 0, 0
2019-07-22T14:43:57:   0, 0, 0, 0, 0, 0, 0, 0, 0, 0, 0
2019-07-22T14:43:57:   0, 0, 0, 0, 0, 0, 0, 0, 0, 0, 0
2019-07-22T14:43:57:   0, 0, 241.406004658251, 2411.54947904833, 3.66686174015016, 0, 0, 304809.374120873, -476612.973629773, 0, 0
2019-07-22T14:43:57:   0, 0, -315.262672485558, -4358.8399455215, 1.20068084971775, 0, 0, -476612.973629775, 896960.666670952, 0, 0
2019-07-22T14:43:57:   0, 0, 0, 0, 0, 0, 0, 0, 0, 0, 0
2019-07-22T14:43:57:   0, 0, 0, 0, 0, 0, 0, 0, 0, 0, 0
2019-07-22T14:44:26: 
2019-07-22T14:44:26: +====================================+
2019-07-22T14:44:26: | Maximum likelihood re-optimisation |
2019-07-22T14:44:26: +====================================+
2019-07-22T14:44:27:  >Iteration   0: -logL=-298427.491, Lambda=1.0e-03
2019-07-22T14:44:27:  >Iteration   1: -logL=-298651.857, Lambda=1.0e-03, delta=224.365, step=1.0e+00, max(|grad|)=-1158.360341 [Prefactor:0]
2019-07-22T14:44:28:  >Iteration   2: -logL=-298656.559, Lambda=1.0e-04, delta=4.703, step=1.0e+00, max(|grad|)=-23.331819 [Prefactor:0]
2019-07-22T14:44:28:  >Iteration   3: -logL=-298656.567, Lambda=1.0e-05, delta=0.008, step=1.0e+00, max(|grad|)=-2.112658 [Index:1]
2019-07-22T14:44:29:  >Iteration   4: -logL=-298656.567, Lambda=1.0e-06, delta=0.000, step=1.0e+00, max(|grad|)=-0.100482 [Index:1]
2019-07-22T14:44:29: 
2019-07-22T14:44:29: +============================================+
2019-07-22T14:44:29: | Maximum likelihood re-optimisation results |
2019-07-22T14:44:29: +============================================+
2019-07-22T14:44:29: === GOptimizerLM ===
2019-07-22T14:44:29:  Optimized function value ..: -298656.567
2019-07-22T14:44:29:  Absolute precision ........: 0.005
2019-07-22T14:44:29:  Acceptable value decrease .: 2
2019-07-22T14:44:29:  Optimization status .......: converged
2019-07-22T14:44:29:  Number of parameters ......: 4
2019-07-22T14:44:29:  Number of free parameters .: 2
2019-07-22T14:44:29:  Number of iterations ......: 4
2019-07-22T14:44:29:  Lambda ....................: 1e-07
2019-07-22T14:44:29: 
2019-07-22T14:44:29: +=========================================+
2019-07-22T14:44:29: | Maximum likelihood optimisation results |
2019-07-22T14:44:29: +=========================================+
2019-07-22T14:44:29: === GOptimizerLM ===
2019-07-22T14:44:29:  Optimized function value ..: -306320.357
2019-07-22T14:44:29:  Absolute precision ........: 0.005
2019-07-22T14:44:29:  Acceptable value decrease .: 2
2019-07-22T14:44:29:  Optimization status .......: converged
2019-07-22T14:44:29:  Number of parameters ......: 11
2019-07-22T14:44:29:  Number of free parameters .: 5
2019-07-22T14:44:29:  Number of iterations ......: 4
2019-07-22T14:44:29:  Lambda ....................: 1e-07
2019-07-22T14:44:29:  Maximum log likelihood ....: 306320.357
2019-07-22T14:44:29:  Observed events  (Nobs) ...: 309112.000
2019-07-22T14:44:29:  Predicted events (Npred) ..: 307344.996 (Nobs - Npred = 1767.0042425681)
2019-07-22T14:44:29: === GModels ===
2019-07-22T14:44:29:  Number of models ..........: 2
2019-07-22T14:44:29:  Number of parameters ......: 11
2019-07-22T14:44:29: === GModelSky ===
2019-07-22T14:44:29:  Name ......................: source2a
2019-07-22T14:44:29:  Instruments ...............: all
2019-07-22T14:44:29:  Test Statistic ............: 15327.579609655
2019-07-22T14:44:29:  Observation identifiers ...: all
2019-07-22T14:44:29:  Model type ................: PointSource
2019-07-22T14:44:29:  Model components ..........: "PointSource" * "ExponentialCutoffPowerLaw" * "Constant"
2019-07-22T14:44:29:  Number of parameters ......: 7
2019-07-22T14:44:29:  Number of spatial par's ...: 2
2019-07-22T14:44:29:   RA .......................: 83.6331 [-360,360] deg (fixed,scale=1)
2019-07-22T14:44:29:   DEC ......................: 22.0145 [-90,90] deg (fixed,scale=1)
2019-07-22T14:44:29:  Number of spectral par's ..: 4
2019-07-22T14:44:29:   Prefactor ................: 7.53565502501137e-19 +/- 1.40500028246804e-20 [1e-26,1e-16] ph/cm2/s/MeV (free,scale=1e-19,gradient)
2019-07-22T14:44:29:   Index ....................: -1.99695510856658 +/- 0.016800500745566 [-0,-5]  (free,scale=-1,gradient)
2019-07-22T14:44:29:   CutoffEnergy .............: 155503145.174875 +/- 52125027.9795587 [1000000,100000000000] MeV (free,scale=100000000,gradient)
2019-07-22T14:44:29:   PivotEnergy ..............: 1000000 [10000,1000000000] MeV (fixed,scale=1000000,gradient)
2019-07-22T14:44:29:  Number of temporal par's ..: 1
2019-07-22T14:44:29:   Normalization ............: 1 (relative value) (fixed,scale=1,gradient)
2019-07-22T14:44:29:  Number of scale par's .....: 0
2019-07-22T14:44:29: === GCTAModelCubeBackground ===
2019-07-22T14:44:29:  Name ......................: BackgroundModel
2019-07-22T14:44:29:  Instruments ...............: CTA, HESS, MAGIC, VERITAS
2019-07-22T14:44:29:  Observation identifiers ...: all
2019-07-22T14:44:29:  Model type ................: "PowerLaw" * "Constant"
2019-07-22T14:44:29:  Number of parameters ......: 4
2019-07-22T14:44:29:  Number of spectral par's ..: 3
2019-07-22T14:44:29:   Prefactor ................: 0.992526365308607 +/- 0.00440902962537544 [0.01,100] ph/cm2/s/MeV (free,scale=1,gradient)
2019-07-22T14:44:29:   Index ....................: -0.00395583066577704 +/- 0.00256832202896327 [-5,5]  (free,scale=1,gradient)
2019-07-22T14:44:29:   PivotEnergy ..............: 1000000 MeV (fixed,scale=1000000,gradient)
2019-07-22T14:44:29:  Number of temporal par's ..: 1
2019-07-22T14:44:29:   Normalization ............: 1 (relative value) (fixed,scale=1,gradient)
2019-07-22T14:44:29: 
2019-07-22T14:44:29: +==============+
2019-07-22T14:44:29: | Save results |
2019-07-22T14:44:29: +==============+
2019-07-22T14:44:29:  Model definition file .....: /cta/carli/CPPM_Internship/Simulations_and_Analyses/minus_constant_AEff_South_z40_50h/source2a/obsmodel_binned.xml
2019-07-22T14:44:29:  Covariance matrix file ....: NONE
2019-07-22T14:44:29: 
2019-07-22T14:44:29: Application "ctlike" terminated after 180 wall clock seconds, consuming 186.42 seconds of CPU time.
