2019-07-23T16:45:13: ********************************************************************************
2019-07-23T16:45:13: *                                    ctlike                                    *
2019-07-23T16:45:13: * ---------------------------------------------------------------------------- *
2019-07-23T16:45:13: * Version: 1.6.0                                                               *
2019-07-23T16:45:13: ********************************************************************************
2019-07-23T16:45:13: +============+
2019-07-23T16:45:13: | Parameters |
2019-07-23T16:45:13: +============+
2019-07-23T16:45:13:  inobs .....................: /cta/carli/CPPM_Internship/Simulations_and_Analyses/plus_constant_EDisp_South_z40_50h/source1d/obs_cube.fits
2019-07-23T16:45:13:  inmodel ...................: sourcemodel_cube.xml
2019-07-23T16:45:13:  expcube ...................: /cta/carli/CPPM_Internship/Simulations_and_Analyses/plus_constant_EDisp_South_z40_50h/source1d/exposure_cube.fits
2019-07-23T16:45:13:  psfcube ...................: /cta/carli/CPPM_Internship/Simulations_and_Analyses/plus_constant_EDisp_South_z40_50h/source1d/PSF_cube.fits
2019-07-23T16:45:13:  edispcube .................: /cta/carli/CPPM_Internship/Simulations_and_Analyses/plus_constant_EDisp_South_z40_50h/source1d/edisp_cube.fits
2019-07-23T16:45:13:  bkgcube ...................: /cta/carli/CPPM_Internship/Simulations_and_Analyses/plus_constant_EDisp_South_z40_50h/source1d/background_cube.fits
2019-07-23T16:45:13:  caldb .....................: prod3b-v2
2019-07-23T16:45:13:  irf .......................: South_z40_50h
2019-07-23T16:45:13:  edisp .....................: yes
2019-07-23T16:45:13:  outmodel ..................: /cta/carli/CPPM_Internship/Simulations_and_Analyses/plus_constant_EDisp_South_z40_50h/source1d/obsmodel_binned.xml
2019-07-23T16:45:13:  outcovmat .................: NONE
2019-07-23T16:45:13:  statistic .................: DEFAULT
2019-07-23T16:45:13:  refit .....................: no
2019-07-23T16:45:13:  like_accuracy .............: 0.005
2019-07-23T16:45:13:  max_iter ..................: 50
2019-07-23T16:45:13:  fix_spat_for_ts ...........: no
2019-07-23T16:45:13:  nthreads ..................: 0
2019-07-23T16:45:13:  chatter ...................: 4
2019-07-23T16:45:13:  clobber ...................: yes
2019-07-23T16:45:13:  debug .....................: no
2019-07-23T16:45:13:  mode ......................: ql
2019-07-23T16:45:13:  logfile ...................: ctlike.log
2019-07-23T16:45:13: 
2019-07-23T16:45:13: +===================+
2019-07-23T16:45:13: | Input observation |
2019-07-23T16:45:13: +===================+
2019-07-23T16:45:13: === GObservations ===
2019-07-23T16:45:13:  Number of observations ....: 1
2019-07-23T16:45:13:  Number of models ..........: 2
2019-07-23T16:45:13:  Number of observed events .: 325430
2019-07-23T16:45:13:  Number of predicted events : 0
2019-07-23T16:45:13: === GCTAObservation ===
2019-07-23T16:45:13:  Name ......................: 
2019-07-23T16:45:13:  Identifier ................: 000001
2019-07-23T16:45:13:  Instrument ................: CTA
2019-07-23T16:45:13:  Event file ................: /cta/carli/CPPM_Internship/Simulations_and_Analyses/plus_constant_EDisp_South_z40_50h/source1d/obs_cube.fits
2019-07-23T16:45:13:  Event type ................: CountsCube
2019-07-23T16:45:13:  Statistic .................: cstat
2019-07-23T16:45:13:  Ontime ....................: 144000 s
2019-07-23T16:45:13:  Livetime ..................: 141120 s
2019-07-23T16:45:13:  Deadtime correction .......: 0.98
2019-07-23T16:45:13:  User energy range .........: undefined
2019-07-23T16:45:13: === GCTAPointing ===
2019-07-23T16:45:13:  Pointing direction ........: (RA,Dec)=(84.1331,22.0145)
2019-07-23T16:45:13: === GCTAResponseCube ===
2019-07-23T16:45:13:  Energy dispersion .........: Used
2019-07-23T16:45:13: === GCTACubeExposure ===
2019-07-23T16:45:13:  Filename ..................: /cta/carli/CPPM_Internship/Simulations_and_Analyses/plus_constant_EDisp_South_z40_50h/source1d/exposure_cube.fits
2019-07-23T16:45:13:  Livetime ..................: 141120 sec
2019-07-23T16:45:13: === GEnergies ===
2019-07-23T16:45:13:  Number of energies ........: 33
2019-07-23T16:45:13: === GGti ===
2019-07-23T16:45:13:  Number of intervals .......: 1
2019-07-23T16:45:13:  Ontime ....................: 144000 sec
2019-07-23T16:45:13:  Elapsed time ..............: 144000 sec
2019-07-23T16:45:13:  MJD range .................: 51544.5 - 51546.1666666667 s (TT)
2019-07-23T16:45:13:  UTC range .................: 2000-01-01T11:58:56 - 2000-01-03T03:58:56 s (TT)
2019-07-23T16:45:13:  Reference MJD .............: 51544.5
2019-07-23T16:45:13: === GSkyMap ===
2019-07-23T16:45:13:  Number of pixels ..........: 6400
2019-07-23T16:45:13:  X axis dimension ..........: 80
2019-07-23T16:45:13:  Y axis dimension ..........: 80
2019-07-23T16:45:13:  Number of maps ............: 33
2019-07-23T16:45:13:  Shape of maps .............: (33)
2019-07-23T16:45:13: === GCTACubePsf ===
2019-07-23T16:45:13:  Filename ..................: /cta/carli/CPPM_Internship/Simulations_and_Analyses/plus_constant_EDisp_South_z40_50h/source1d/PSF_cube.fits
2019-07-23T16:45:13: === GEnergies ===
2019-07-23T16:45:13:  Number of energies ........: 33
2019-07-23T16:45:13:  Number of delta bins ......: 200
2019-07-23T16:45:13:  Delta range ...............: 1.875e-06 - 0.298501875 deg
2019-07-23T16:45:13: === GSkyMap ===
2019-07-23T16:45:13:  Number of pixels ..........: 1
2019-07-23T16:45:13:  X axis dimension ..........: 1
2019-07-23T16:45:13:  Y axis dimension ..........: 1
2019-07-23T16:45:13:  Number of maps ............: 6600
2019-07-23T16:45:13:  Shape of maps .............: (200, 33)
2019-07-23T16:45:13: === GCTACubeEdisp ===
2019-07-23T16:45:13:  Filename ..................: /cta/carli/CPPM_Internship/Simulations_and_Analyses/plus_constant_EDisp_South_z40_50h/source1d/edisp_cube.fits
2019-07-23T16:45:13: === GEnergies ===
2019-07-23T16:45:13:  Number of energies ........: 33
2019-07-23T16:45:13:  Number of migra bins ......: 100
2019-07-23T16:45:13:  Migra range ...............: 0.02 - 2
2019-07-23T16:45:13: === GSkyMap ===
2019-07-23T16:45:13:  Number of pixels ..........: 1
2019-07-23T16:45:13:  X axis dimension ..........: 1
2019-07-23T16:45:13:  Y axis dimension ..........: 1
2019-07-23T16:45:13:  Number of maps ............: 3300
2019-07-23T16:45:13:  Shape of maps .............: (100, 33)
2019-07-23T16:45:13: === GCTACubeBackground ===
2019-07-23T16:45:13:  Filename ..................: /cta/carli/CPPM_Internship/Simulations_and_Analyses/plus_constant_EDisp_South_z40_50h/source1d/background_cube.fits
2019-07-23T16:45:13: === GEbounds ===
2019-07-23T16:45:13:  Number of intervals .......: 32
2019-07-23T16:45:13:  Energy range ..............: 100 GeV - 199.526229858398 TeV
2019-07-23T16:45:13: === GSkyMap ===
2019-07-23T16:45:13:  Number of pixels ..........: 6400
2019-07-23T16:45:13:  X axis dimension ..........: 80
2019-07-23T16:45:13:  Y axis dimension ..........: 80
2019-07-23T16:45:13:  Number of maps ............: 32
2019-07-23T16:45:13:  Shape of maps .............: (32)
2019-07-23T16:45:13: === GCTAResponseCache ===
2019-07-23T16:45:13:  Number of cached values ...: 0
2019-07-23T16:45:13: === GCTAEventCube ===
2019-07-23T16:45:13:  Number of events ..........: 325430
2019-07-23T16:45:13:  Number of elements ........: 204800
2019-07-23T16:45:13:  Number of pixels ..........: 6400
2019-07-23T16:45:13:  Number of energy bins .....: 32
2019-07-23T16:45:13:  Time interval .............: 51544.5 - 51546.1666666667 days
2019-07-23T16:45:13:  Pointing ..................: (RA,Dec)=(84.1331,22.0145)
2019-07-23T16:45:13: === GEbounds ===
2019-07-23T16:45:13:  Number of intervals .......: 32
2019-07-23T16:45:13:  Energy range ..............: 100 GeV - 199.526229858398 TeV
2019-07-23T16:45:13: === GSkyMap ===
2019-07-23T16:45:13:  Number of pixels ..........: 6400
2019-07-23T16:45:13:  X axis dimension ..........: 80
2019-07-23T16:45:13:  Y axis dimension ..........: 80
2019-07-23T16:45:13:  Number of maps ............: 32
2019-07-23T16:45:13:  Shape of maps .............: (32)
2019-07-23T16:45:13: === GSkyRegions ===
2019-07-23T16:45:13:  Number of regions .........: 0
2019-07-23T16:45:13: === GModels ===
2019-07-23T16:45:13:  Number of models ..........: 2
2019-07-23T16:45:13:  Number of parameters ......: 11
2019-07-23T16:45:13: === GModelSky ===
2019-07-23T16:45:13:  Name ......................: source1d
2019-07-23T16:45:13:  Instruments ...............: all
2019-07-23T16:45:13:  Test Statistic ............: Computation requested
2019-07-23T16:45:13:  Observation identifiers ...: all
2019-07-23T16:45:13:  Model type ................: PointSource
2019-07-23T16:45:13:  Model components ..........: "PointSource" * "ExponentialCutoffPowerLaw" * "Constant"
2019-07-23T16:45:13:  Number of parameters ......: 7
2019-07-23T16:45:13:  Number of spatial par's ...: 2
2019-07-23T16:45:13:   RA .......................: 83.6331 [-360,360] deg (fixed,scale=1)
2019-07-23T16:45:13:   DEC ......................: 22.0145 [-90,90] deg (fixed,scale=1)
2019-07-23T16:45:13:  Number of spectral par's ..: 4
2019-07-23T16:45:13:   Prefactor ................: 3.04e-18 +/- 0 [1e-25,1e-15] ph/cm2/s/MeV (free,scale=1e-18,gradient)
2019-07-23T16:45:13:   Index ....................: -2 +/- 0 [-0,-5]  (free,scale=-1,gradient)
2019-07-23T16:45:13:   CutoffEnergy .............: 50000000 +/- 0 [100000,10000000000] MeV (free,scale=10000000,gradient)
2019-07-23T16:45:13:   PivotEnergy ..............: 1000000 [10000,1000000000] MeV (fixed,scale=1000000,gradient)
2019-07-23T16:45:13:  Number of temporal par's ..: 1
2019-07-23T16:45:13:   Normalization ............: 1 (relative value) (fixed,scale=1,gradient)
2019-07-23T16:45:13:  Number of scale par's .....: 0
2019-07-23T16:45:13: === GCTAModelCubeBackground ===
2019-07-23T16:45:13:  Name ......................: BackgroundModel
2019-07-23T16:45:13:  Instruments ...............: CTA, HESS, MAGIC, VERITAS
2019-07-23T16:45:13:  Observation identifiers ...: all
2019-07-23T16:45:13:  Model type ................: "PowerLaw" * "Constant"
2019-07-23T16:45:13:  Number of parameters ......: 4
2019-07-23T16:45:13:  Number of spectral par's ..: 3
2019-07-23T16:45:13:   Prefactor ................: 1 +/- 0 [0.01,100] ph/cm2/s/MeV (free,scale=1,gradient)
2019-07-23T16:45:13:   Index ....................: 0 +/- 0 [-5,5]  (free,scale=1,gradient)
2019-07-23T16:45:13:   PivotEnergy ..............: 1000000 MeV (fixed,scale=1000000,gradient)
2019-07-23T16:45:13:  Number of temporal par's ..: 1
2019-07-23T16:45:13:   Normalization ............: 1 (relative value) (fixed,scale=1,gradient)
2019-07-23T16:45:13: 
2019-07-23T16:45:13: +=================================+
2019-07-23T16:45:13: | Maximum likelihood optimisation |
2019-07-23T16:45:13: +=================================+
2019-07-23T16:45:45:  >Iteration   0: -logL=-330774.655, Lambda=1.0e-03
2019-07-23T16:46:14:  >Iteration   1: -logL=-331507.090, Lambda=1.0e-03, delta=732.434, step=1.0e+00, max(|grad|)=6711.655090 [Index:8]
2019-07-23T16:46:42:  >Iteration   2: -logL=-331534.036, Lambda=1.0e-04, delta=26.946, step=1.0e+00, max(|grad|)=-100.746613 [Index:8]
2019-07-23T16:47:11:  >Iteration   3: -logL=-331534.095, Lambda=1.0e-05, delta=0.060, step=1.0e+00, max(|grad|)=22.788591 [Index:8]
2019-07-23T16:47:40:  >Iteration   4: -logL=-331534.097, Lambda=1.0e-06, delta=0.001, step=1.0e+00, max(|grad|)=-3.439677 [Index:8]
2019-07-23T16:47:40:  
2019-07-23T16:47:40:  +==================+
2019-07-23T16:47:40:  | Curvature matrix |
2019-07-23T16:47:40:  +==================+
2019-07-23T16:47:40:  === GMatrixSparse ===
2019-07-23T16:47:40:   Number of rows ............: 11
2019-07-23T16:47:40:   Number of columns .........: 11
2019-07-23T16:47:40:   Number of nonzero elements : 25
2019-07-23T16:47:40:   Number of allocated cells .: 537
2019-07-23T16:47:40:   Memory block size .........: 512
2019-07-23T16:47:40:   Sparse matrix fill ........: 0.206611570247934
2019-07-23T16:47:40:   Pending element ...........: 0
2019-07-23T16:47:40:   Fill stack size ...........: 0 (none)
2019-07-23T16:47:40:   0, 0, 0, 0, 0, 0, 0, 0, 0, 0, 0
2019-07-23T16:47:40:   0, 0, 0, 0, 0, 0, 0, 0, 0, 0, 0
2019-07-23T16:47:40:   0, 0, 1855.20308442064, -865.459257351604, 58.5457808562674, 0, 0, 1232.92668384685, -2069.43249130932, 0, 0
2019-07-23T16:47:40:   0, 0, -865.459257351609, 31878.6101092213, -388.88307720068, 0, 0, 5545.25887655042, -11655.1113835268, 0, 0
2019-07-23T16:47:40:   0, 0, 58.5457808562674, -388.88307720068, 11.1289645221754, 0, 0, 4.86077179565501, 0.685589378416779, 0, 0
2019-07-23T16:47:40:   0, 0, 0, 0, 0, 0, 0, 0, 0, 0, 0
2019-07-23T16:47:40:   0, 0, 0, 0, 0, 0, 0, 0, 0, 0, 0
2019-07-23T16:47:40:   0, 0, 1232.92668384685, 5545.25887655044, 4.860771795655, 0, 0, 223332.995771532, -392187.455973111, 0, 0
2019-07-23T16:47:40:   0, 0, -2069.43249130932, -11655.1113835268, 0.685589378416779, 0, 0, -392187.455973111, 841761.840336392, 0, 0
2019-07-23T16:47:40:   0, 0, 0, 0, 0, 0, 0, 0, 0, 0, 0
2019-07-23T16:47:40:   0, 0, 0, 0, 0, 0, 0, 0, 0, 0, 0
2019-07-23T16:48:09: 
2019-07-23T16:48:09: +====================================+
2019-07-23T16:48:09: | Maximum likelihood re-optimisation |
2019-07-23T16:48:09: +====================================+
2019-07-23T16:48:09:  >Iteration   0: -logL=-283653.364, Lambda=1.0e-03
2019-07-23T16:48:10:  >Iteration   1: -logL=-286271.704, Lambda=1.0e-03, delta=2618.340, step=1.0e+00, max(|grad|)=10162.179033 [Index:1]
2019-07-23T16:48:11:  >Iteration   2: -logL=-286482.442, Lambda=1.0e-04, delta=210.738, step=1.0e+00, max(|grad|)=1067.527422 [Index:1]
2019-07-23T16:48:11:  >Iteration   3: -logL=-286483.330, Lambda=1.0e-05, delta=0.888, step=1.0e+00, max(|grad|)=3.359642 [Index:1]
2019-07-23T16:48:12:  >Iteration   4: -logL=-286483.330, Lambda=1.0e-06, delta=0.000, step=1.0e+00, max(|grad|)=-0.035630 [Index:1]
2019-07-23T16:48:12: 
2019-07-23T16:48:12: +============================================+
2019-07-23T16:48:12: | Maximum likelihood re-optimisation results |
2019-07-23T16:48:12: +============================================+
2019-07-23T16:48:12: === GOptimizerLM ===
2019-07-23T16:48:12:  Optimized function value ..: -286483.330
2019-07-23T16:48:12:  Absolute precision ........: 0.005
2019-07-23T16:48:12:  Acceptable value decrease .: 2
2019-07-23T16:48:12:  Optimization status .......: converged
2019-07-23T16:48:12:  Number of parameters ......: 4
2019-07-23T16:48:12:  Number of free parameters .: 2
2019-07-23T16:48:12:  Number of iterations ......: 4
2019-07-23T16:48:12:  Lambda ....................: 1e-07
2019-07-23T16:48:12: 
2019-07-23T16:48:12: +=========================================+
2019-07-23T16:48:12: | Maximum likelihood optimisation results |
2019-07-23T16:48:12: +=========================================+
2019-07-23T16:48:12: === GOptimizerLM ===
2019-07-23T16:48:12:  Optimized function value ..: -331534.097
2019-07-23T16:48:12:  Absolute precision ........: 0.005
2019-07-23T16:48:12:  Acceptable value decrease .: 2
2019-07-23T16:48:12:  Optimization status .......: converged
2019-07-23T16:48:12:  Number of parameters ......: 11
2019-07-23T16:48:12:  Number of free parameters .: 5
2019-07-23T16:48:12:  Number of iterations ......: 4
2019-07-23T16:48:12:  Lambda ....................: 1e-07
2019-07-23T16:48:12:  Maximum log likelihood ....: 331534.097
2019-07-23T16:48:12:  Observed events  (Nobs) ...: 325430.000
2019-07-23T16:48:12:  Predicted events (Npred) ..: 323660.991 (Nobs - Npred = 1769.0086070809)
2019-07-23T16:48:12: === GModels ===
2019-07-23T16:48:12:  Number of models ..........: 2
2019-07-23T16:48:12:  Number of parameters ......: 11
2019-07-23T16:48:12: === GModelSky ===
2019-07-23T16:48:12:  Name ......................: source1d
2019-07-23T16:48:12:  Instruments ...............: all
2019-07-23T16:48:12:  Test Statistic ............: 90101.5333908346
2019-07-23T16:48:12:  Observation identifiers ...: all
2019-07-23T16:48:12:  Model type ................: PointSource
2019-07-23T16:48:12:  Model components ..........: "PointSource" * "ExponentialCutoffPowerLaw" * "Constant"
2019-07-23T16:48:12:  Number of parameters ......: 7
2019-07-23T16:48:12:  Number of spatial par's ...: 2
2019-07-23T16:48:12:   RA .......................: 83.6331 [-360,360] deg (fixed,scale=1)
2019-07-23T16:48:12:   DEC ......................: 22.0145 [-90,90] deg (fixed,scale=1)
2019-07-23T16:48:12:  Number of spectral par's ..: 4
2019-07-23T16:48:12:   Prefactor ................: 3.06104369644087e-18 +/- 2.61022445254758e-20 [1e-25,1e-15] ph/cm2/s/MeV (free,scale=1e-18,gradient)
2019-07-23T16:48:12:   Index ....................: -1.97926695959099 +/- 0.0076097694817368 [-0,-5]  (free,scale=-1,gradient)
2019-07-23T16:48:12:   CutoffEnergy .............: 55598988.1283259 +/- 4419277.60647534 [100000,10000000000] MeV (free,scale=10000000,gradient)
2019-07-23T16:48:12:   PivotEnergy ..............: 1000000 [10000,1000000000] MeV (fixed,scale=1000000,gradient)
2019-07-23T16:48:12:  Number of temporal par's ..: 1
2019-07-23T16:48:12:   Normalization ............: 1 (relative value) (fixed,scale=1,gradient)
2019-07-23T16:48:12:  Number of scale par's .....: 0
2019-07-23T16:48:12: === GCTAModelCubeBackground ===
2019-07-23T16:48:12:  Name ......................: BackgroundModel
2019-07-23T16:48:12:  Instruments ...............: CTA, HESS, MAGIC, VERITAS
2019-07-23T16:48:12:  Observation identifiers ...: all
2019-07-23T16:48:12:  Model type ................: "PowerLaw" * "Constant"
2019-07-23T16:48:12:  Number of parameters ......: 4
2019-07-23T16:48:12:  Number of spectral par's ..: 3
2019-07-23T16:48:12:   Prefactor ................: 1.15428897857979 +/- 0.00496494041252292 [0.01,100] ph/cm2/s/MeV (free,scale=1,gradient)
2019-07-23T16:48:12:   Index ....................: 0.0939197258587559 +/- 0.00255745265369137 [-5,5]  (free,scale=1,gradient)
2019-07-23T16:48:12:   PivotEnergy ..............: 1000000 MeV (fixed,scale=1000000,gradient)
2019-07-23T16:48:12:  Number of temporal par's ..: 1
2019-07-23T16:48:12:   Normalization ............: 1 (relative value) (fixed,scale=1,gradient)
2019-07-23T16:48:12: 
2019-07-23T16:48:12: +==============+
2019-07-23T16:48:12: | Save results |
2019-07-23T16:48:12: +==============+
2019-07-23T16:48:12:  Model definition file .....: /cta/carli/CPPM_Internship/Simulations_and_Analyses/plus_constant_EDisp_South_z40_50h/source1d/obsmodel_binned.xml
2019-07-23T16:48:12:  Covariance matrix file ....: NONE
2019-07-23T16:48:12: 
2019-07-23T16:48:12: Application "ctlike" terminated after 179 wall clock seconds, consuming 186.28 seconds of CPU time.
