2019-07-23T19:48:16: ********************************************************************************
2019-07-23T19:48:16: *                                   csresspec                                  *
2019-07-23T19:48:16: * ---------------------------------------------------------------------------- *
2019-07-23T19:48:16: * Version: 1.6.0                                                               *
2019-07-23T19:48:16: ********************************************************************************
2019-07-23T19:48:16: +============+
2019-07-23T19:48:16: | Parameters |
2019-07-23T19:48:16: +============+
2019-07-23T19:48:16:  inobs .....................: /cta/carli/CPPM_Internship/Simulations_and_Analyses/minus_gradient_EDisp_South_z40_50h/source3b/obs_cube.fits
2019-07-23T19:48:16:  inmodel ...................: /cta/carli/CPPM_Internship/Simulations_and_Analyses/minus_gradient_EDisp_South_z40_50h/source3b/obsmodel_binned.xml
2019-07-23T19:48:16:  modcube ...................: /cta/carli/CPPM_Internship/Simulations_and_Analyses/minus_gradient_EDisp_South_z40_50h/source3b/obsmodel_cube.fits
2019-07-23T19:48:16:  expcube ...................: /cta/carli/CPPM_Internship/Simulations_and_Analyses/minus_gradient_EDisp_South_z40_50h/source3b/exposure_cube.fits
2019-07-23T19:48:16:  psfcube ...................: /cta/carli/CPPM_Internship/Simulations_and_Analyses/minus_gradient_EDisp_South_z40_50h/source3b/PSF_cube.fits
2019-07-23T19:48:16:  edispcube .................: /cta/carli/CPPM_Internship/Simulations_and_Analyses/minus_gradient_EDisp_South_z40_50h/source3b/edisp_cube.fits
2019-07-23T19:48:16:  bkgcube ...................: /cta/carli/CPPM_Internship/Simulations_and_Analyses/minus_gradient_EDisp_South_z40_50h/source3b/background_cube.fits
2019-07-23T19:48:16:  caldb .....................: prod3b-v2
2019-07-23T19:48:16:  irf .......................: South_z40_50h
2019-07-23T19:48:16:  edisp .....................: yes
2019-07-23T19:48:16:  outfile ...................: /cta/carli/CPPM_Internship/Simulations_and_Analyses/minus_gradient_EDisp_South_z40_50h/source3b/residuals_binned.fits
2019-07-23T19:48:16:  statistic .................: DEFAULT
2019-07-23T19:48:16:  components ................: yes
2019-07-23T19:48:16:  ebinalg ...................: LOG
2019-07-23T19:48:16:  emin ......................: 0.1
2019-07-23T19:48:16:  emax ......................: 199.526229858398
2019-07-23T19:48:16:  enumbins ..................: 32
2019-07-23T19:48:16:  ebinfile ..................: [not queried]
2019-07-23T19:48:16:  stack .....................: [not queried]
2019-07-23T19:48:16:  coordsys ..................: [not queried]
2019-07-23T19:48:16:  proj ......................: [not queried]
2019-07-23T19:48:16:  xref ......................: [not queried]
2019-07-23T19:48:16:  yref ......................: [not queried]
2019-07-23T19:48:16:  nxpix .....................: [not queried]
2019-07-23T19:48:16:  nypix .....................: [not queried]
2019-07-23T19:48:16:  binsz .....................: [not queried]
2019-07-23T19:48:16:  mask ......................: no
2019-07-23T19:48:16:  ra ........................: [not queried]
2019-07-23T19:48:16:  dec .......................: [not queried]
2019-07-23T19:48:16:  rad .......................: [not queried]
2019-07-23T19:48:16:  regfile ...................: [not queried]
2019-07-23T19:48:16:  algorithm .................: SUB
2019-07-23T19:48:16:  publish ...................: no
2019-07-23T19:48:16:  chatter ...................: 4
2019-07-23T19:48:16:  clobber ...................: yes
2019-07-23T19:48:16:  debug .....................: no
2019-07-23T19:48:16:  mode ......................: ql
2019-07-23T19:48:16:  logfile ...................: csresspec.log
2019-07-23T19:48:16: 
2019-07-23T19:48:16: +====================+
2019-07-23T19:48:16: | Observation census |
2019-07-23T19:48:16: +====================+
2019-07-23T19:48:16:  Unbinned CTA observations .: 0
2019-07-23T19:48:16:  Binned CTA observations ...: 1
2019-07-23T19:48:16:  On/off CTA observations ...: 0
2019-07-23T19:48:16:  Other observations ........: 0
2019-07-23T19:48:16: 
2019-07-23T19:48:16: +=============+
2019-07-23T19:48:16: | Observation |
2019-07-23T19:48:16: +=============+
2019-07-23T19:48:16: === GObservations ===
2019-07-23T19:48:16:  Number of observations ....: 1
2019-07-23T19:48:16:  Number of models ..........: 2
2019-07-23T19:48:16:  Number of observed events .: 315149
2019-07-23T19:48:16:  Number of predicted events : 0
2019-07-23T19:48:16: === GCTAObservation ===
2019-07-23T19:48:16:  Name ......................: 
2019-07-23T19:48:16:  Identifier ................: 000001
2019-07-23T19:48:16:  Instrument ................: CTA
2019-07-23T19:48:16:  Event file ................: /cta/carli/CPPM_Internship/Simulations_and_Analyses/minus_gradient_EDisp_South_z40_50h/source3b/obs_cube.fits
2019-07-23T19:48:16:  Event type ................: CountsCube
2019-07-23T19:48:16:  Statistic .................: cstat
2019-07-23T19:48:16:  Ontime ....................: 144000 s
2019-07-23T19:48:16:  Livetime ..................: 141120 s
2019-07-23T19:48:16:  Deadtime correction .......: 0.98
2019-07-23T19:48:16:  User energy range .........: undefined
2019-07-23T19:48:16: === GCTAPointing ===
2019-07-23T19:48:16:  Pointing direction ........: (RA,Dec)=(84.1331,22.0145)
2019-07-23T19:48:16: === GCTAResponseCube ===
2019-07-23T19:48:16:  Energy dispersion .........: Not used
2019-07-23T19:48:16: === GCTACubeExposure ===
2019-07-23T19:48:16:  Filename ..................: /cta/carli/CPPM_Internship/Simulations_and_Analyses/minus_gradient_EDisp_South_z40_50h/source3b/exposure_cube.fits
2019-07-23T19:48:16:  Livetime ..................: 141120 sec
2019-07-23T19:48:16: === GEnergies ===
2019-07-23T19:48:16:  Number of energies ........: 33
2019-07-23T19:48:16: === GGti ===
2019-07-23T19:48:16:  Number of intervals .......: 1
2019-07-23T19:48:16:  Ontime ....................: 144000 sec
2019-07-23T19:48:16:  Elapsed time ..............: 144000 sec
2019-07-23T19:48:16:  MJD range .................: 51544.5 - 51546.1666666667 s (TT)
2019-07-23T19:48:16:  UTC range .................: 2000-01-01T11:58:56 - 2000-01-03T03:58:56 s (TT)
2019-07-23T19:48:16:  Reference MJD .............: 51544.5
2019-07-23T19:48:16: === GSkyMap ===
2019-07-23T19:48:16:  Number of pixels ..........: 6400
2019-07-23T19:48:16:  X axis dimension ..........: 80
2019-07-23T19:48:16:  Y axis dimension ..........: 80
2019-07-23T19:48:16:  Number of maps ............: 33
2019-07-23T19:48:16:  Shape of maps .............: (33)
2019-07-23T19:48:16: === GCTACubePsf ===
2019-07-23T19:48:16:  Filename ..................: /cta/carli/CPPM_Internship/Simulations_and_Analyses/minus_gradient_EDisp_South_z40_50h/source3b/PSF_cube.fits
2019-07-23T19:48:16: === GEnergies ===
2019-07-23T19:48:16:  Number of energies ........: 33
2019-07-23T19:48:16:  Number of delta bins ......: 200
2019-07-23T19:48:16:  Delta range ...............: 1.875e-06 - 0.298501875 deg
2019-07-23T19:48:16: === GSkyMap ===
2019-07-23T19:48:16:  Number of pixels ..........: 1
2019-07-23T19:48:16:  X axis dimension ..........: 1
2019-07-23T19:48:16:  Y axis dimension ..........: 1
2019-07-23T19:48:16:  Number of maps ............: 6600
2019-07-23T19:48:16:  Shape of maps .............: (200, 33)
2019-07-23T19:48:16: === GCTACubeEdisp ===
2019-07-23T19:48:16:  Filename ..................: /cta/carli/CPPM_Internship/Simulations_and_Analyses/minus_gradient_EDisp_South_z40_50h/source3b/edisp_cube.fits
2019-07-23T19:48:16: === GEnergies ===
2019-07-23T19:48:16:  Number of energies ........: 33
2019-07-23T19:48:16:  Number of migra bins ......: 100
2019-07-23T19:48:16:  Migra range ...............: 0.02 - 2
2019-07-23T19:48:16: === GSkyMap ===
2019-07-23T19:48:16:  Number of pixels ..........: 1
2019-07-23T19:48:16:  X axis dimension ..........: 1
2019-07-23T19:48:16:  Y axis dimension ..........: 1
2019-07-23T19:48:16:  Number of maps ............: 3300
2019-07-23T19:48:16:  Shape of maps .............: (100, 33)
2019-07-23T19:48:16: === GCTACubeBackground ===
2019-07-23T19:48:16:  Filename ..................: /cta/carli/CPPM_Internship/Simulations_and_Analyses/minus_gradient_EDisp_South_z40_50h/source3b/background_cube.fits
2019-07-23T19:48:16: === GEbounds ===
2019-07-23T19:48:16:  Number of intervals .......: 32
2019-07-23T19:48:16:  Energy range ..............: 100 GeV - 199.526229858398 TeV
2019-07-23T19:48:16: === GSkyMap ===
2019-07-23T19:48:16:  Number of pixels ..........: 6400
2019-07-23T19:48:16:  X axis dimension ..........: 80
2019-07-23T19:48:16:  Y axis dimension ..........: 80
2019-07-23T19:48:16:  Number of maps ............: 32
2019-07-23T19:48:16:  Shape of maps .............: (32)
2019-07-23T19:48:16: === GCTAResponseCache ===
2019-07-23T19:48:16:  Number of cached values ...: 0
2019-07-23T19:48:16: === GCTAEventCube ===
2019-07-23T19:48:16:  Number of events ..........: 315149
2019-07-23T19:48:16:  Number of elements ........: 204800
2019-07-23T19:48:16:  Number of pixels ..........: 6400
2019-07-23T19:48:16:  Number of energy bins .....: 32
2019-07-23T19:48:16:  Time interval .............: 51544.5 - 51546.1666666667 days
2019-07-23T19:48:16:  Pointing ..................: (RA,Dec)=(84.1331,22.0145)
2019-07-23T19:48:16: === GEbounds ===
2019-07-23T19:48:16:  Number of intervals .......: 32
2019-07-23T19:48:16:  Energy range ..............: 100 GeV - 199.526229858398 TeV
2019-07-23T19:48:16: === GSkyMap ===
2019-07-23T19:48:16:  Number of pixels ..........: 6400
2019-07-23T19:48:16:  X axis dimension ..........: 80
2019-07-23T19:48:16:  Y axis dimension ..........: 80
2019-07-23T19:48:16:  Number of maps ............: 32
2019-07-23T19:48:16:  Shape of maps .............: (32)
2019-07-23T19:48:16: === GSkyRegions ===
2019-07-23T19:48:16:  Number of regions .........: 0
2019-07-23T19:48:16: === GModels ===
2019-07-23T19:48:16:  Number of models ..........: 2
2019-07-23T19:48:16:  Number of parameters ......: 11
2019-07-23T19:48:16: === GModelSky ===
2019-07-23T19:48:16:  Name ......................: source3b
2019-07-23T19:48:16:  Instruments ...............: all
2019-07-23T19:48:16:  Test Statistic ............: 40782.606
2019-07-23T19:48:16:  Observation identifiers ...: all
2019-07-23T19:48:16:  Model type ................: PointSource
2019-07-23T19:48:16:  Model components ..........: "PointSource" * "ExponentialCutoffPowerLaw" * "Constant"
2019-07-23T19:48:16:  Number of parameters ......: 7
2019-07-23T19:48:16:  Number of spatial par's ...: 2
2019-07-23T19:48:16:   RA .......................: 83.6331 [-360,360] deg (fixed,scale=1)
2019-07-23T19:48:16:   DEC ......................: 22.0145 [-90,90] deg (fixed,scale=1)
2019-07-23T19:48:16:  Number of spectral par's ..: 4
2019-07-23T19:48:16:   Prefactor ................: 1.53556851788225e-18 +/- 1.79377557908467e-20 [1e-25,1e-15] ph/cm2/s/MeV (free,scale=1e-18,gradient)
2019-07-23T19:48:16:   Index ....................: -2.01309582662954 +/- 0.010147540776749 [-0,-5]  (free,scale=-1,gradient)
2019-07-23T19:48:16:   CutoffEnergy .............: 593207452.02515 +/- 436169795.105347 [1000000,100000000000] MeV (free,scale=100000000,gradient)
2019-07-23T19:48:16:   PivotEnergy ..............: 1000000 [10000,1000000000] MeV (fixed,scale=1000000,gradient)
2019-07-23T19:48:16:  Number of temporal par's ..: 1
2019-07-23T19:48:16:   Normalization ............: 1 (relative value) (fixed,scale=1,gradient)
2019-07-23T19:48:16:  Number of scale par's .....: 0
2019-07-23T19:48:16: === GCTAModelCubeBackground ===
2019-07-23T19:48:16:  Name ......................: BackgroundModel
2019-07-23T19:48:16:  Instruments ...............: CTA, HESS, MAGIC, VERITAS
2019-07-23T19:48:16:  Observation identifiers ...: all
2019-07-23T19:48:16:  Model type ................: "PowerLaw" * "Constant"
2019-07-23T19:48:16:  Number of parameters ......: 4
2019-07-23T19:48:16:  Number of spectral par's ..: 3
2019-07-23T19:48:16:   Prefactor ................: 1.12165063905546 +/- 0.00490624215112006 [0.01,100] ph/cm2/s/MeV (free,scale=1,gradient)
2019-07-23T19:48:16:   Index ....................: 0.0752238169897749 +/- 0.00259112513520289 [-5,5]  (free,scale=1,gradient)
2019-07-23T19:48:16:   PivotEnergy ..............: 1000000 MeV (fixed,scale=1000000,gradient)
2019-07-23T19:48:16:  Number of temporal par's ..: 1
2019-07-23T19:48:16:   Normalization ............: 1 (relative value) (fixed,scale=1,gradient)
2019-07-23T19:48:16: 
2019-07-23T19:48:16: +=========================+
2019-07-23T19:48:16: | Processing Observations |
2019-07-23T19:48:16: +=========================+
2019-07-23T19:48:16: Computing model cube
2019-07-23T19:48:22: Computing counts, model, and residual spectra
2019-07-23T19:48:22:  Computing model component .: source3b
2019-07-23T19:48:27:  Computing model component .: BackgroundModel
2019-07-23T19:48:27: Filling residual table
2019-07-23T19:48:27: 
2019-07-23T19:48:27: +================+
2019-07-23T19:48:27: | Save residuals |
2019-07-23T19:48:27: +================+
2019-07-23T19:48:27:  Residuals file ............: /cta/carli/CPPM_Internship/Simulations_and_Analyses/minus_gradient_EDisp_South_z40_50h/source3b/residuals_binned.fits
2019-07-23T19:48:27: 
2019-07-23T19:48:27: Application "csresspec" terminated after 11 wall clock seconds, consuming 13.78 seconds of CPU time.
