2019-07-25T11:09:27: ********************************************************************************
2019-07-25T11:09:27: *                                    cterror                                   *
2019-07-25T11:09:27: * ---------------------------------------------------------------------------- *
2019-07-25T11:09:27: * Version: 1.6.0                                                               *
2019-07-25T11:09:27: ********************************************************************************
2019-07-25T11:09:27: +============+
2019-07-25T11:09:27: | Parameters |
2019-07-25T11:09:27: +============+
2019-07-25T11:09:27:  inobs .....................: /cta/carli/CPPM_Internship/Simulations_and_Analyses/minus_gradient_EDisp_South_z40_50h/source3b/obs_cube.fits
2019-07-25T11:09:27:  inmodel ...................: /cta/carli/CPPM_Internship/Simulations_and_Analyses/minus_gradient_EDisp_South_z40_50h/source3b/obsmodel_binned.xml
2019-07-25T11:09:27:  srcname ...................: source3b
2019-07-25T11:09:27:  expcube ...................: /cta/carli/CPPM_Internship/Simulations_and_Analyses/minus_gradient_EDisp_South_z40_50h/source3b/exposure_cube.fits
2019-07-25T11:09:27:  psfcube ...................: /cta/carli/CPPM_Internship/Simulations_and_Analyses/minus_gradient_EDisp_South_z40_50h/source3b/PSF_cube.fits
2019-07-25T11:09:27:  edispcube .................: /cta/carli/CPPM_Internship/Simulations_and_Analyses/minus_gradient_EDisp_South_z40_50h/source3b/edisp_cube.fits
2019-07-25T11:09:27:  bkgcube ...................: /cta/carli/CPPM_Internship/Simulations_and_Analyses/minus_gradient_EDisp_South_z40_50h/source3b/background_cube.fits
2019-07-25T11:09:27:  caldb .....................: prod3b-v2
2019-07-25T11:09:27:  irf .......................: minus_gradient_EDisp_South_z40_50h
2019-07-25T11:09:27:  edisp .....................: yes
2019-07-25T11:09:27:  outmodel ..................: 
2019-07-25T11:09:27:  confidence ................: 0.95
2019-07-25T11:09:27:  tol .......................: 1e-3
2019-07-25T11:09:27:  statistic .................: DEFAULT
2019-07-25T11:09:27:  like_accuracy .............: 0.005
2019-07-25T11:09:27:  max_iter ..................: 50
2019-07-25T11:09:27:  nthreads ..................: 0
2019-07-25T11:09:27:  chatter ...................: 4
2019-07-25T11:09:27:  clobber ...................: yes
2019-07-25T11:09:27:  debug .....................: no
2019-07-25T11:09:27:  mode ......................: ql
2019-07-25T11:09:27:  logfile ...................: cterror95.log
2019-07-25T11:09:27: 
2019-07-25T11:09:27: +===================+
2019-07-25T11:09:27: | Input observation |
2019-07-25T11:09:27: +===================+
2019-07-25T11:09:27: === GObservations ===
2019-07-25T11:09:27:  Number of observations ....: 1
2019-07-25T11:09:27:  Number of models ..........: 2
2019-07-25T11:09:27:  Number of observed events .: 315149
2019-07-25T11:09:27:  Number of predicted events : 0
2019-07-25T11:09:27: === GCTAObservation ===
2019-07-25T11:09:27:  Name ......................: 
2019-07-25T11:09:27:  Identifier ................: 000001
2019-07-25T11:09:27:  Instrument ................: CTA
2019-07-25T11:09:27:  Event file ................: /cta/carli/CPPM_Internship/Simulations_and_Analyses/minus_gradient_EDisp_South_z40_50h/source3b/obs_cube.fits
2019-07-25T11:09:27:  Event type ................: CountsCube
2019-07-25T11:09:27:  Statistic .................: cstat
2019-07-25T11:09:27:  Ontime ....................: 144000 s
2019-07-25T11:09:27:  Livetime ..................: 141120 s
2019-07-25T11:09:27:  Deadtime correction .......: 0.98
2019-07-25T11:09:27:  User energy range .........: undefined
2019-07-25T11:09:27: === GCTAPointing ===
2019-07-25T11:09:27:  Pointing direction ........: (RA,Dec)=(84.1331,22.0145)
2019-07-25T11:09:27: === GCTAResponseCube ===
2019-07-25T11:09:27:  Energy dispersion .........: Used
2019-07-25T11:09:27: === GCTACubeExposure ===
2019-07-25T11:09:27:  Filename ..................: /cta/carli/CPPM_Internship/Simulations_and_Analyses/minus_gradient_EDisp_South_z40_50h/source3b/exposure_cube.fits
2019-07-25T11:09:27:  Livetime ..................: 141120 sec
2019-07-25T11:09:27: === GEnergies ===
2019-07-25T11:09:27:  Number of energies ........: 33
2019-07-25T11:09:27: === GGti ===
2019-07-25T11:09:27:  Number of intervals .......: 1
2019-07-25T11:09:27:  Ontime ....................: 144000 sec
2019-07-25T11:09:27:  Elapsed time ..............: 144000 sec
2019-07-25T11:09:27:  MJD range .................: 51544.5 - 51546.1666666667 s (TT)
2019-07-25T11:09:27:  UTC range .................: 2000-01-01T11:58:56 - 2000-01-03T03:58:56 s (TT)
2019-07-25T11:09:27:  Reference MJD .............: 51544.5
2019-07-25T11:09:27: === GSkyMap ===
2019-07-25T11:09:27:  Number of pixels ..........: 6400
2019-07-25T11:09:27:  X axis dimension ..........: 80
2019-07-25T11:09:27:  Y axis dimension ..........: 80
2019-07-25T11:09:27:  Number of maps ............: 33
2019-07-25T11:09:27:  Shape of maps .............: (33)
2019-07-25T11:09:27: === GCTACubePsf ===
2019-07-25T11:09:27:  Filename ..................: /cta/carli/CPPM_Internship/Simulations_and_Analyses/minus_gradient_EDisp_South_z40_50h/source3b/PSF_cube.fits
2019-07-25T11:09:27: === GEnergies ===
2019-07-25T11:09:27:  Number of energies ........: 33
2019-07-25T11:09:27:  Number of delta bins ......: 200
2019-07-25T11:09:27:  Delta range ...............: 1.875e-06 - 0.298501875 deg
2019-07-25T11:09:27: === GSkyMap ===
2019-07-25T11:09:27:  Number of pixels ..........: 1
2019-07-25T11:09:27:  X axis dimension ..........: 1
2019-07-25T11:09:27:  Y axis dimension ..........: 1
2019-07-25T11:09:27:  Number of maps ............: 6600
2019-07-25T11:09:27:  Shape of maps .............: (200, 33)
2019-07-25T11:09:27: === GCTACubeEdisp ===
2019-07-25T11:09:27:  Filename ..................: /cta/carli/CPPM_Internship/Simulations_and_Analyses/minus_gradient_EDisp_South_z40_50h/source3b/edisp_cube.fits
2019-07-25T11:09:27: === GEnergies ===
2019-07-25T11:09:27:  Number of energies ........: 33
2019-07-25T11:09:27:  Number of migra bins ......: 100
2019-07-25T11:09:27:  Migra range ...............: 0.02 - 2
2019-07-25T11:09:27: === GSkyMap ===
2019-07-25T11:09:27:  Number of pixels ..........: 1
2019-07-25T11:09:27:  X axis dimension ..........: 1
2019-07-25T11:09:27:  Y axis dimension ..........: 1
2019-07-25T11:09:27:  Number of maps ............: 3300
2019-07-25T11:09:27:  Shape of maps .............: (100, 33)
2019-07-25T11:09:27: === GCTACubeBackground ===
2019-07-25T11:09:27:  Filename ..................: /cta/carli/CPPM_Internship/Simulations_and_Analyses/minus_gradient_EDisp_South_z40_50h/source3b/background_cube.fits
2019-07-25T11:09:27: === GEbounds ===
2019-07-25T11:09:27:  Number of intervals .......: 32
2019-07-25T11:09:27:  Energy range ..............: 100 GeV - 199.526229858398 TeV
2019-07-25T11:09:27: === GSkyMap ===
2019-07-25T11:09:27:  Number of pixels ..........: 6400
2019-07-25T11:09:27:  X axis dimension ..........: 80
2019-07-25T11:09:27:  Y axis dimension ..........: 80
2019-07-25T11:09:27:  Number of maps ............: 32
2019-07-25T11:09:27:  Shape of maps .............: (32)
2019-07-25T11:09:27: === GCTAResponseCache ===
2019-07-25T11:09:27:  Number of cached values ...: 0
2019-07-25T11:09:27: === GCTAEventCube ===
2019-07-25T11:09:27:  Number of events ..........: 315149
2019-07-25T11:09:27:  Number of elements ........: 204800
2019-07-25T11:09:27:  Number of pixels ..........: 6400
2019-07-25T11:09:27:  Number of energy bins .....: 32
2019-07-25T11:09:27:  Time interval .............: 51544.5 - 51546.1666666667 days
2019-07-25T11:09:27:  Pointing ..................: (RA,Dec)=(84.1331,22.0145)
2019-07-25T11:09:27: === GEbounds ===
2019-07-25T11:09:27:  Number of intervals .......: 32
2019-07-25T11:09:27:  Energy range ..............: 100 GeV - 199.526229858398 TeV
2019-07-25T11:09:27: === GSkyMap ===
2019-07-25T11:09:27:  Number of pixels ..........: 6400
2019-07-25T11:09:27:  X axis dimension ..........: 80
2019-07-25T11:09:27:  Y axis dimension ..........: 80
2019-07-25T11:09:27:  Number of maps ............: 32
2019-07-25T11:09:27:  Shape of maps .............: (32)
2019-07-25T11:09:27: === GSkyRegions ===
2019-07-25T11:09:27:  Number of regions .........: 0
2019-07-25T11:09:27: === GModels ===
2019-07-25T11:09:27:  Number of models ..........: 2
2019-07-25T11:09:27:  Number of parameters ......: 11
2019-07-25T11:09:27: === GModelSky ===
2019-07-25T11:09:27:  Name ......................: source3b
2019-07-25T11:09:27:  Instruments ...............: all
2019-07-25T11:09:27:  Test Statistic ............: 40782.606
2019-07-25T11:09:27:  Observation identifiers ...: all
2019-07-25T11:09:27:  Model type ................: PointSource
2019-07-25T11:09:27:  Model components ..........: "PointSource" * "ExponentialCutoffPowerLaw" * "Constant"
2019-07-25T11:09:27:  Number of parameters ......: 7
2019-07-25T11:09:27:  Number of spatial par's ...: 2
2019-07-25T11:09:27:   RA .......................: 83.6331 [-360,360] deg (fixed,scale=1)
2019-07-25T11:09:27:   DEC ......................: 22.0145 [-90,90] deg (fixed,scale=1)
2019-07-25T11:09:27:  Number of spectral par's ..: 4
2019-07-25T11:09:27:   Prefactor ................: 1.53556851788225e-18 [1e-25,1e-15] ph/cm2/s/MeV (fixed,scale=1e-18,gradient)
2019-07-25T11:09:27:   Index ....................: -2.01309582662954 [-0,-5]  (fixed,scale=-1,gradient)
2019-07-25T11:09:27:   CutoffEnergy .............: 593207452.02515 +/- 436169795.105347 [1000000,100000000000] MeV (free,scale=100000000,gradient)
2019-07-25T11:09:27:   PivotEnergy ..............: 1000000 [10000,1000000000] MeV (fixed,scale=1000000,gradient)
2019-07-25T11:09:27:  Number of temporal par's ..: 1
2019-07-25T11:09:27:   Normalization ............: 1 (relative value) (fixed,scale=1,gradient)
2019-07-25T11:09:27:  Number of scale par's .....: 0
2019-07-25T11:09:27: === GCTAModelCubeBackground ===
2019-07-25T11:09:27:  Name ......................: BackgroundModel
2019-07-25T11:09:27:  Instruments ...............: CTA, HESS, MAGIC, VERITAS
2019-07-25T11:09:27:  Observation identifiers ...: all
2019-07-25T11:09:27:  Model type ................: "PowerLaw" * "Constant"
2019-07-25T11:09:27:  Number of parameters ......: 4
2019-07-25T11:09:27:  Number of spectral par's ..: 3
2019-07-25T11:09:27:   Prefactor ................: 1.12165063905546 [0.01,100] ph/cm2/s/MeV (fixed,scale=1,gradient)
2019-07-25T11:09:27:   Index ....................: 0.0752238169897749 [-5,5]  (fixed,scale=1,gradient)
2019-07-25T11:09:27:   PivotEnergy ..............: 1000000 MeV (fixed,scale=1000000,gradient)
2019-07-25T11:09:27:  Number of temporal par's ..: 1
2019-07-25T11:09:27:   Normalization ............: 1 (relative value) (fixed,scale=1,gradient)
2019-07-25T11:09:27: 
2019-07-25T11:09:27: +=============================+
2019-07-25T11:09:27: | Compute best-fit likelihood |
2019-07-25T11:09:27: +=============================+
2019-07-25T11:11:00: === GOptimizerLM ===
2019-07-25T11:11:00:  Optimized function value ..: -306486.281
2019-07-25T11:11:00:  Absolute precision ........: 0.005
2019-07-25T11:11:00:  Acceptable value decrease .: 2
2019-07-25T11:11:00:  Optimization status .......: converged
2019-07-25T11:11:00:  Number of parameters ......: 11
2019-07-25T11:11:00:  Number of free parameters .: 1
2019-07-25T11:11:00:  Number of iterations ......: 1
2019-07-25T11:11:00:  Lambda ....................: 0.0001
2019-07-25T11:11:00:  Maximum log likelihood ....: -306486.281
2019-07-25T11:11:00: === GModels ===
2019-07-25T11:11:00:  Number of models ..........: 2
2019-07-25T11:11:00:  Number of parameters ......: 11
2019-07-25T11:11:00: === GModelSky ===
2019-07-25T11:11:00:  Name ......................: source3b
2019-07-25T11:11:00:  Instruments ...............: all
2019-07-25T11:11:00:  Test Statistic ............: 40782.606
2019-07-25T11:11:00:  Observation identifiers ...: all
2019-07-25T11:11:00:  Model type ................: PointSource
2019-07-25T11:11:00:  Model components ..........: "PointSource" * "ExponentialCutoffPowerLaw" * "Constant"
2019-07-25T11:11:00:  Number of parameters ......: 7
2019-07-25T11:11:00:  Number of spatial par's ...: 2
2019-07-25T11:11:00:   RA .......................: 83.6331 [-360,360] deg (fixed,scale=1)
2019-07-25T11:11:00:   DEC ......................: 22.0145 [-90,90] deg (fixed,scale=1)
2019-07-25T11:11:00:  Number of spectral par's ..: 4
2019-07-25T11:11:00:   Prefactor ................: 1.53556851788225e-18 [1e-25,1e-15] ph/cm2/s/MeV (fixed,scale=1e-18,gradient)
2019-07-25T11:11:00:   Index ....................: -2.01309582662954 [-0,-5]  (fixed,scale=-1,gradient)
2019-07-25T11:11:00:   CutoffEnergy .............: 593452590.253968 +/- 309332545.328642 [1000000,100000000000] MeV (free,scale=100000000,gradient)
2019-07-25T11:11:00:   PivotEnergy ..............: 1000000 [10000,1000000000] MeV (fixed,scale=1000000,gradient)
2019-07-25T11:11:00:  Number of temporal par's ..: 1
2019-07-25T11:11:00:   Normalization ............: 1 (relative value) (fixed,scale=1,gradient)
2019-07-25T11:11:00:  Number of scale par's .....: 0
2019-07-25T11:11:00: === GCTAModelCubeBackground ===
2019-07-25T11:11:00:  Name ......................: BackgroundModel
2019-07-25T11:11:00:  Instruments ...............: CTA, HESS, MAGIC, VERITAS
2019-07-25T11:11:00:  Observation identifiers ...: all
2019-07-25T11:11:00:  Model type ................: "PowerLaw" * "Constant"
2019-07-25T11:11:00:  Number of parameters ......: 4
2019-07-25T11:11:00:  Number of spectral par's ..: 3
2019-07-25T11:11:00:   Prefactor ................: 1.12165063905546 [0.01,100] ph/cm2/s/MeV (fixed,scale=1,gradient)
2019-07-25T11:11:00:   Index ....................: 0.0752238169897749 [-5,5]  (fixed,scale=1,gradient)
2019-07-25T11:11:00:   PivotEnergy ..............: 1000000 MeV (fixed,scale=1000000,gradient)
2019-07-25T11:11:00:  Number of temporal par's ..: 1
2019-07-25T11:11:00:   Normalization ............: 1 (relative value) (fixed,scale=1,gradient)
2019-07-25T11:11:00: 
2019-07-25T11:11:00: +==============================================================+
2019-07-25T11:11:00: | Compute error for source "source3b" parameter "CutoffEnergy" |
2019-07-25T11:11:00: +==============================================================+
2019-07-25T11:11:00:  Confidence level ..........: 95 %
2019-07-25T11:11:00:  Log-likelihood difference .: 1.92073
2019-07-25T11:11:00:  Initial factor range ......: [0.01, 36.8677804354039]
2019-07-25T11:11:10:    Iteration 1 .............: [0.01, 5.93452590253968]
2019-07-25T11:11:20:    Iteration 2 .............: [0.01, 2.97226295126984]
2019-07-25T11:11:30:    Iteration 3 .............: [1.49113147563492, 2.97226295126984]
2019-07-25T11:11:41:    Iteration 4 .............: [2.23169721345238, 2.97226295126984]
2019-07-25T11:11:51:    Iteration 5 .............: [2.60198008236111, 2.97226295126984]
2019-07-25T11:12:01:    Iteration 6 .............: [2.78712151681548, 2.97226295126984]
2019-07-25T11:12:11:    Iteration 7 .............: [2.78712151681548, 2.87969223404266]
2019-07-25T11:12:21:    Iteration 8 .............: [2.83340687542907, 2.87969223404266]
2019-07-25T11:12:31:    Iteration 9 .............: [2.85654955473586, 2.87969223404266]
2019-07-25T11:12:41:    Iteration 10 ............: [2.86812089438926, 2.87969223404266]
2019-07-25T11:12:51:    Iteration 11 ............: [2.87390656421596, 2.87969223404266]
2019-07-25T11:13:02:    Iteration 1 .............: [5.93452590253968, 36.8677804354039]
2019-07-25T11:13:12:    Iteration 2 .............: [21.4011531689718, 36.8677804354039]
2019-07-25T11:13:22:    Iteration 3 .............: [29.1344668021879, 36.8677804354039]
2019-07-25T11:13:32:    Iteration 4 .............: [33.0011236187959, 36.8677804354039]
2019-07-25T11:13:42:    Iteration 5 .............: [34.9344520270999, 36.8677804354039]
2019-07-25T11:13:52:    Iteration 6 .............: [35.9011162312519, 36.8677804354039]
2019-07-25T11:14:03:    Iteration 7 .............: [36.3844483333279, 36.8677804354039]
2019-07-25T11:14:13:    Iteration 8 .............: [36.6261143843659, 36.8677804354039]
2019-07-25T11:14:24:    Iteration 9 .............: [36.7469474098849, 36.8677804354039]
2019-07-25T11:14:34:    Iteration 10 ............: [36.8073639226444, 36.8677804354039]
2019-07-25T11:14:44:    Iteration 11 ............: [36.8375721790242, 36.8677804354039]
2019-07-25T11:14:54:    Iteration 12 ............: [36.8526763072141, 36.8677804354039]
2019-07-25T11:15:04:    Iteration 13 ............: [36.860228371309, 36.8677804354039]
2019-07-25T11:15:14:    Iteration 14 ............: [36.8640044033565, 36.8677804354039]
2019-07-25T11:15:25:    Iteration 15 ............: [36.8658924193802, 36.8677804354039]
2019-07-25T11:15:35:    Iteration 16 ............: [36.8668364273921, 36.8677804354039]
2019-07-25T11:15:45:    Iteration 17 ............: [36.867308431398, 36.8677804354039]
2019-07-25T11:15:55:    Iteration 18 ............: [36.867544433401, 36.8677804354039]
2019-07-25T11:16:05:    Iteration 19 ............: [36.8676624344024, 36.8677804354039]
2019-07-25T11:16:15:    Iteration 20 ............: [36.8677214349032, 36.8677804354039]
2019-07-25T11:16:25:    Iteration 21 ............: [36.8677509351536, 36.8677804354039]
2019-07-25T11:16:35:    Iteration 22 ............: [36.8677656852787, 36.8677804354039]
2019-07-25T11:16:45:    Iteration 23 ............: [36.8677730603413, 36.8677804354039]
2019-07-25T11:16:55:    Iteration 24 ............: [36.8677767478726, 36.8677804354039]
2019-07-25T11:17:05:    Iteration 25 ............: [36.8677785916383, 36.8677804354039]
2019-07-25T11:17:15:    Iteration 26 ............: [36.8677795135211, 36.8677804354039]
2019-07-25T11:17:15:  Lower parameter factor ....: 2.8768
2019-07-25T11:17:15:  Upper parameter factor ....: 36.8678
2019-07-25T11:17:15:  Error from curvature ......: 309332545.328642 MeV
2019-07-25T11:17:15:  Error from profile ........: 1699549028.76666 MeV
2019-07-25T11:17:15:  Negative profile error ....: 305772650.341037 MeV
2019-07-25T11:17:15:  Positive profile error ....: 3093325407.19228 MeV
2019-07-25T11:17:15: 
2019-07-25T11:17:15: +==============+
2019-07-25T11:17:15: | Save results |
2019-07-25T11:17:15: +==============+
2019-07-25T11:17:15:  Model definition file .....: NONE
2019-07-25T11:17:15: 
2019-07-25T11:17:15: Application "cterror" terminated after 469 wall clock seconds, consuming 597.96 seconds of CPU time.
