2019-07-23T18:25:11: ********************************************************************************
2019-07-23T18:25:11: *                                   csresspec                                  *
2019-07-23T18:25:11: * ---------------------------------------------------------------------------- *
2019-07-23T18:25:11: * Version: 1.6.0                                                               *
2019-07-23T18:25:11: ********************************************************************************
2019-07-23T18:25:11: +============+
2019-07-23T18:25:11: | Parameters |
2019-07-23T18:25:11: +============+
2019-07-23T18:25:11:  inobs .....................: /cta/carli/CPPM_Internship/Simulations_and_Analyses/minus_gradient_EDisp_South_z40_50h/source2c/obs_cube.fits
2019-07-23T18:25:11:  inmodel ...................: /cta/carli/CPPM_Internship/Simulations_and_Analyses/minus_gradient_EDisp_South_z40_50h/source2c/obsmodel_binned.xml
2019-07-23T18:25:11:  modcube ...................: /cta/carli/CPPM_Internship/Simulations_and_Analyses/minus_gradient_EDisp_South_z40_50h/source2c/obsmodel_cube.fits
2019-07-23T18:25:11:  expcube ...................: /cta/carli/CPPM_Internship/Simulations_and_Analyses/minus_gradient_EDisp_South_z40_50h/source2c/exposure_cube.fits
2019-07-23T18:25:11:  psfcube ...................: /cta/carli/CPPM_Internship/Simulations_and_Analyses/minus_gradient_EDisp_South_z40_50h/source2c/PSF_cube.fits
2019-07-23T18:25:11:  edispcube .................: /cta/carli/CPPM_Internship/Simulations_and_Analyses/minus_gradient_EDisp_South_z40_50h/source2c/edisp_cube.fits
2019-07-23T18:25:11:  bkgcube ...................: /cta/carli/CPPM_Internship/Simulations_and_Analyses/minus_gradient_EDisp_South_z40_50h/source2c/background_cube.fits
2019-07-23T18:25:11:  caldb .....................: prod3b-v2
2019-07-23T18:25:11:  irf .......................: South_z40_50h
2019-07-23T18:25:11:  edisp .....................: yes
2019-07-23T18:25:11:  outfile ...................: /cta/carli/CPPM_Internship/Simulations_and_Analyses/minus_gradient_EDisp_South_z40_50h/source2c/residuals_binned.fits
2019-07-23T18:25:11:  statistic .................: DEFAULT
2019-07-23T18:25:11:  components ................: yes
2019-07-23T18:25:11:  ebinalg ...................: LOG
2019-07-23T18:25:11:  emin ......................: 0.1
2019-07-23T18:25:11:  emax ......................: 199.526229858398
2019-07-23T18:25:11:  enumbins ..................: 32
2019-07-23T18:25:11:  ebinfile ..................: [not queried]
2019-07-23T18:25:11:  stack .....................: [not queried]
2019-07-23T18:25:11:  coordsys ..................: [not queried]
2019-07-23T18:25:11:  proj ......................: [not queried]
2019-07-23T18:25:11:  xref ......................: [not queried]
2019-07-23T18:25:11:  yref ......................: [not queried]
2019-07-23T18:25:11:  nxpix .....................: [not queried]
2019-07-23T18:25:11:  nypix .....................: [not queried]
2019-07-23T18:25:11:  binsz .....................: [not queried]
2019-07-23T18:25:11:  mask ......................: no
2019-07-23T18:25:11:  ra ........................: [not queried]
2019-07-23T18:25:11:  dec .......................: [not queried]
2019-07-23T18:25:11:  rad .......................: [not queried]
2019-07-23T18:25:11:  regfile ...................: [not queried]
2019-07-23T18:25:11:  algorithm .................: SUB
2019-07-23T18:25:11:  publish ...................: no
2019-07-23T18:25:11:  chatter ...................: 4
2019-07-23T18:25:11:  clobber ...................: yes
2019-07-23T18:25:11:  debug .....................: no
2019-07-23T18:25:11:  mode ......................: ql
2019-07-23T18:25:11:  logfile ...................: csresspec.log
2019-07-23T18:25:11: 
2019-07-23T18:25:11: +====================+
2019-07-23T18:25:11: | Observation census |
2019-07-23T18:25:11: +====================+
2019-07-23T18:25:11:  Unbinned CTA observations .: 0
2019-07-23T18:25:11:  Binned CTA observations ...: 1
2019-07-23T18:25:11:  On/off CTA observations ...: 0
2019-07-23T18:25:11:  Other observations ........: 0
2019-07-23T18:25:11: 
2019-07-23T18:25:11: +=============+
2019-07-23T18:25:11: | Observation |
2019-07-23T18:25:11: +=============+
2019-07-23T18:25:11: === GObservations ===
2019-07-23T18:25:11:  Number of observations ....: 1
2019-07-23T18:25:11:  Number of models ..........: 2
2019-07-23T18:25:11:  Number of observed events .: 320438
2019-07-23T18:25:11:  Number of predicted events : 0
2019-07-23T18:25:11: === GCTAObservation ===
2019-07-23T18:25:11:  Name ......................: 
2019-07-23T18:25:11:  Identifier ................: 000001
2019-07-23T18:25:11:  Instrument ................: CTA
2019-07-23T18:25:11:  Event file ................: /cta/carli/CPPM_Internship/Simulations_and_Analyses/minus_gradient_EDisp_South_z40_50h/source2c/obs_cube.fits
2019-07-23T18:25:11:  Event type ................: CountsCube
2019-07-23T18:25:11:  Statistic .................: cstat
2019-07-23T18:25:11:  Ontime ....................: 144000 s
2019-07-23T18:25:11:  Livetime ..................: 141120 s
2019-07-23T18:25:11:  Deadtime correction .......: 0.98
2019-07-23T18:25:11:  User energy range .........: undefined
2019-07-23T18:25:11: === GCTAPointing ===
2019-07-23T18:25:11:  Pointing direction ........: (RA,Dec)=(84.1331,22.0145)
2019-07-23T18:25:11: === GCTAResponseCube ===
2019-07-23T18:25:11:  Energy dispersion .........: Not used
2019-07-23T18:25:11: === GCTACubeExposure ===
2019-07-23T18:25:11:  Filename ..................: /cta/carli/CPPM_Internship/Simulations_and_Analyses/minus_gradient_EDisp_South_z40_50h/source2c/exposure_cube.fits
2019-07-23T18:25:11:  Livetime ..................: 141120 sec
2019-07-23T18:25:11: === GEnergies ===
2019-07-23T18:25:11:  Number of energies ........: 33
2019-07-23T18:25:11: === GGti ===
2019-07-23T18:25:11:  Number of intervals .......: 1
2019-07-23T18:25:11:  Ontime ....................: 144000 sec
2019-07-23T18:25:11:  Elapsed time ..............: 144000 sec
2019-07-23T18:25:11:  MJD range .................: 51544.5 - 51546.1666666667 s (TT)
2019-07-23T18:25:11:  UTC range .................: 2000-01-01T11:58:56 - 2000-01-03T03:58:56 s (TT)
2019-07-23T18:25:11:  Reference MJD .............: 51544.5
2019-07-23T18:25:11: === GSkyMap ===
2019-07-23T18:25:11:  Number of pixels ..........: 6400
2019-07-23T18:25:11:  X axis dimension ..........: 80
2019-07-23T18:25:11:  Y axis dimension ..........: 80
2019-07-23T18:25:11:  Number of maps ............: 33
2019-07-23T18:25:11:  Shape of maps .............: (33)
2019-07-23T18:25:11: === GCTACubePsf ===
2019-07-23T18:25:11:  Filename ..................: /cta/carli/CPPM_Internship/Simulations_and_Analyses/minus_gradient_EDisp_South_z40_50h/source2c/PSF_cube.fits
2019-07-23T18:25:11: === GEnergies ===
2019-07-23T18:25:11:  Number of energies ........: 33
2019-07-23T18:25:11:  Number of delta bins ......: 200
2019-07-23T18:25:11:  Delta range ...............: 1.875e-06 - 0.298501875 deg
2019-07-23T18:25:11: === GSkyMap ===
2019-07-23T18:25:11:  Number of pixels ..........: 1
2019-07-23T18:25:11:  X axis dimension ..........: 1
2019-07-23T18:25:11:  Y axis dimension ..........: 1
2019-07-23T18:25:11:  Number of maps ............: 6600
2019-07-23T18:25:11:  Shape of maps .............: (200, 33)
2019-07-23T18:25:11: === GCTACubeEdisp ===
2019-07-23T18:25:11:  Filename ..................: /cta/carli/CPPM_Internship/Simulations_and_Analyses/minus_gradient_EDisp_South_z40_50h/source2c/edisp_cube.fits
2019-07-23T18:25:11: === GEnergies ===
2019-07-23T18:25:11:  Number of energies ........: 33
2019-07-23T18:25:11:  Number of migra bins ......: 100
2019-07-23T18:25:11:  Migra range ...............: 0.02 - 2
2019-07-23T18:25:11: === GSkyMap ===
2019-07-23T18:25:11:  Number of pixels ..........: 1
2019-07-23T18:25:11:  X axis dimension ..........: 1
2019-07-23T18:25:11:  Y axis dimension ..........: 1
2019-07-23T18:25:11:  Number of maps ............: 3300
2019-07-23T18:25:11:  Shape of maps .............: (100, 33)
2019-07-23T18:25:11: === GCTACubeBackground ===
2019-07-23T18:25:11:  Filename ..................: /cta/carli/CPPM_Internship/Simulations_and_Analyses/minus_gradient_EDisp_South_z40_50h/source2c/background_cube.fits
2019-07-23T18:25:11: === GEbounds ===
2019-07-23T18:25:11:  Number of intervals .......: 32
2019-07-23T18:25:11:  Energy range ..............: 100 GeV - 199.526229858398 TeV
2019-07-23T18:25:11: === GSkyMap ===
2019-07-23T18:25:11:  Number of pixels ..........: 6400
2019-07-23T18:25:11:  X axis dimension ..........: 80
2019-07-23T18:25:11:  Y axis dimension ..........: 80
2019-07-23T18:25:11:  Number of maps ............: 32
2019-07-23T18:25:11:  Shape of maps .............: (32)
2019-07-23T18:25:11: === GCTAResponseCache ===
2019-07-23T18:25:11:  Number of cached values ...: 0
2019-07-23T18:25:11: === GCTAEventCube ===
2019-07-23T18:25:11:  Number of events ..........: 320438
2019-07-23T18:25:11:  Number of elements ........: 204800
2019-07-23T18:25:11:  Number of pixels ..........: 6400
2019-07-23T18:25:11:  Number of energy bins .....: 32
2019-07-23T18:25:11:  Time interval .............: 51544.5 - 51546.1666666667 days
2019-07-23T18:25:11:  Pointing ..................: (RA,Dec)=(84.1331,22.0145)
2019-07-23T18:25:11: === GEbounds ===
2019-07-23T18:25:11:  Number of intervals .......: 32
2019-07-23T18:25:11:  Energy range ..............: 100 GeV - 199.526229858398 TeV
2019-07-23T18:25:11: === GSkyMap ===
2019-07-23T18:25:11:  Number of pixels ..........: 6400
2019-07-23T18:25:11:  X axis dimension ..........: 80
2019-07-23T18:25:11:  Y axis dimension ..........: 80
2019-07-23T18:25:11:  Number of maps ............: 32
2019-07-23T18:25:11:  Shape of maps .............: (32)
2019-07-23T18:25:11: === GSkyRegions ===
2019-07-23T18:25:11:  Number of regions .........: 0
2019-07-23T18:25:11: === GModels ===
2019-07-23T18:25:11:  Number of models ..........: 2
2019-07-23T18:25:11:  Number of parameters ......: 11
2019-07-23T18:25:11: === GModelSky ===
2019-07-23T18:25:11:  Name ......................: source2c
2019-07-23T18:25:11:  Instruments ...............: all
2019-07-23T18:25:11:  Test Statistic ............: 65759.009
2019-07-23T18:25:11:  Observation identifiers ...: all
2019-07-23T18:25:11:  Model type ................: PointSource
2019-07-23T18:25:11:  Model components ..........: "PointSource" * "ExponentialCutoffPowerLaw" * "Constant"
2019-07-23T18:25:11:  Number of parameters ......: 7
2019-07-23T18:25:11:  Number of spatial par's ...: 2
2019-07-23T18:25:11:   RA .......................: 83.6331 [-360,360] deg (fixed,scale=1)
2019-07-23T18:25:11:   DEC ......................: 22.0145 [-90,90] deg (fixed,scale=1)
2019-07-23T18:25:11:  Number of spectral par's ..: 4
2019-07-23T18:25:11:   Prefactor ................: 2.2976235716971e-18 +/- 2.19257503379613e-20 [1e-25,1e-15] ph/cm2/s/MeV (free,scale=1e-18,gradient)
2019-07-23T18:25:11:   Index ....................: -1.99919443818735 +/- 0.00840618944330248 [-0,-5]  (free,scale=-1,gradient)
2019-07-23T18:25:11:   CutoffEnergy .............: 105979952.745316 +/- 14202703.2789455 [1000000,100000000000] MeV (free,scale=100000000,gradient)
2019-07-23T18:25:11:   PivotEnergy ..............: 1000000 [10000,1000000000] MeV (fixed,scale=1000000,gradient)
2019-07-23T18:25:11:  Number of temporal par's ..: 1
2019-07-23T18:25:11:   Normalization ............: 1 (relative value) (fixed,scale=1,gradient)
2019-07-23T18:25:11:  Number of scale par's .....: 0
2019-07-23T18:25:11: === GCTAModelCubeBackground ===
2019-07-23T18:25:11:  Name ......................: BackgroundModel
2019-07-23T18:25:11:  Instruments ...............: CTA, HESS, MAGIC, VERITAS
2019-07-23T18:25:11:  Observation identifiers ...: all
2019-07-23T18:25:11:  Model type ................: "PowerLaw" * "Constant"
2019-07-23T18:25:11:  Number of parameters ......: 4
2019-07-23T18:25:11:  Number of spectral par's ..: 3
2019-07-23T18:25:11:   Prefactor ................: 1.122306684433 +/- 0.00491101409909677 [0.01,100] ph/cm2/s/MeV (free,scale=1,gradient)
2019-07-23T18:25:11:   Index ....................: 0.0755335580854185 +/- 0.00259285098869215 [-5,5]  (free,scale=1,gradient)
2019-07-23T18:25:11:   PivotEnergy ..............: 1000000 MeV (fixed,scale=1000000,gradient)
2019-07-23T18:25:11:  Number of temporal par's ..: 1
2019-07-23T18:25:11:   Normalization ............: 1 (relative value) (fixed,scale=1,gradient)
2019-07-23T18:25:11: 
2019-07-23T18:25:11: +=========================+
2019-07-23T18:25:11: | Processing Observations |
2019-07-23T18:25:11: +=========================+
2019-07-23T18:25:11: Computing model cube
2019-07-23T18:25:18: Computing counts, model, and residual spectra
2019-07-23T18:25:18:  Computing model component .: source2c
2019-07-23T18:25:22:  Computing model component .: BackgroundModel
2019-07-23T18:25:23: Filling residual table
2019-07-23T18:25:23: 
2019-07-23T18:25:23: +================+
2019-07-23T18:25:23: | Save residuals |
2019-07-23T18:25:23: +================+
2019-07-23T18:25:23:  Residuals file ............: /cta/carli/CPPM_Internship/Simulations_and_Analyses/minus_gradient_EDisp_South_z40_50h/source2c/residuals_binned.fits
2019-07-23T18:25:23: 
2019-07-23T18:25:23: Application "csresspec" terminated after 12 wall clock seconds, consuming 13.8 seconds of CPU time.
