2019-07-25T13:14:36: ********************************************************************************
2019-07-25T13:14:36: *                                    cterror                                   *
2019-07-25T13:14:36: * ---------------------------------------------------------------------------- *
2019-07-25T13:14:36: * Version: 1.6.0                                                               *
2019-07-25T13:14:36: ********************************************************************************
2019-07-25T13:14:36: +============+
2019-07-25T13:14:36: | Parameters |
2019-07-25T13:14:36: +============+
2019-07-25T13:14:36:  inobs .....................: /cta/carli/CPPM_Internship/Simulations_and_Analyses/minus_constant_EDisp_South_z40_50h/source1d/obs_cube.fits
2019-07-25T13:14:36:  inmodel ...................: /cta/carli/CPPM_Internship/Simulations_and_Analyses/minus_constant_EDisp_South_z40_50h/source1d/obsmodel_binned.xml
2019-07-25T13:14:36:  srcname ...................: source1d
2019-07-25T13:14:36:  expcube ...................: /cta/carli/CPPM_Internship/Simulations_and_Analyses/minus_constant_EDisp_South_z40_50h/source1d/exposure_cube.fits
2019-07-25T13:14:36:  psfcube ...................: /cta/carli/CPPM_Internship/Simulations_and_Analyses/minus_constant_EDisp_South_z40_50h/source1d/PSF_cube.fits
2019-07-25T13:14:36:  edispcube .................: /cta/carli/CPPM_Internship/Simulations_and_Analyses/minus_constant_EDisp_South_z40_50h/source1d/edisp_cube.fits
2019-07-25T13:14:36:  bkgcube ...................: /cta/carli/CPPM_Internship/Simulations_and_Analyses/minus_constant_EDisp_South_z40_50h/source1d/background_cube.fits
2019-07-25T13:14:36:  caldb .....................: prod3b-v2
2019-07-25T13:14:36:  irf .......................: minus_constant_EDisp_South_z40_50h
2019-07-25T13:14:36:  edisp .....................: yes
2019-07-25T13:14:36:  outmodel ..................: 
2019-07-25T13:14:36:  confidence ................: 0.95
2019-07-25T13:14:36:  tol .......................: 1e-3
2019-07-25T13:14:36:  statistic .................: DEFAULT
2019-07-25T13:14:36:  like_accuracy .............: 0.005
2019-07-25T13:14:36:  max_iter ..................: 50
2019-07-25T13:14:36:  nthreads ..................: 0
2019-07-25T13:14:36:  chatter ...................: 4
2019-07-25T13:14:36:  clobber ...................: yes
2019-07-25T13:14:36:  debug .....................: no
2019-07-25T13:14:36:  mode ......................: ql
2019-07-25T13:14:36:  logfile ...................: cterror95.log
2019-07-25T13:14:36: 
2019-07-25T13:14:36: +===================+
2019-07-25T13:14:36: | Input observation |
2019-07-25T13:14:36: +===================+
2019-07-25T13:14:36: === GObservations ===
2019-07-25T13:14:36:  Number of observations ....: 1
2019-07-25T13:14:36:  Number of models ..........: 2
2019-07-25T13:14:36:  Number of observed events .: 305023
2019-07-25T13:14:36:  Number of predicted events : 0
2019-07-25T13:14:36: === GCTAObservation ===
2019-07-25T13:14:36:  Name ......................: 
2019-07-25T13:14:36:  Identifier ................: 000001
2019-07-25T13:14:36:  Instrument ................: CTA
2019-07-25T13:14:36:  Event file ................: /cta/carli/CPPM_Internship/Simulations_and_Analyses/minus_constant_EDisp_South_z40_50h/source1d/obs_cube.fits
2019-07-25T13:14:36:  Event type ................: CountsCube
2019-07-25T13:14:36:  Statistic .................: cstat
2019-07-25T13:14:36:  Ontime ....................: 144000 s
2019-07-25T13:14:36:  Livetime ..................: 141120 s
2019-07-25T13:14:36:  Deadtime correction .......: 0.98
2019-07-25T13:14:36:  User energy range .........: undefined
2019-07-25T13:14:36: === GCTAPointing ===
2019-07-25T13:14:36:  Pointing direction ........: (RA,Dec)=(84.1331,22.0145)
2019-07-25T13:14:36: === GCTAResponseCube ===
2019-07-25T13:14:36:  Energy dispersion .........: Used
2019-07-25T13:14:36: === GCTACubeExposure ===
2019-07-25T13:14:36:  Filename ..................: /cta/carli/CPPM_Internship/Simulations_and_Analyses/minus_constant_EDisp_South_z40_50h/source1d/exposure_cube.fits
2019-07-25T13:14:36:  Livetime ..................: 141120 sec
2019-07-25T13:14:36: === GEnergies ===
2019-07-25T13:14:36:  Number of energies ........: 33
2019-07-25T13:14:36: === GGti ===
2019-07-25T13:14:36:  Number of intervals .......: 1
2019-07-25T13:14:36:  Ontime ....................: 144000 sec
2019-07-25T13:14:36:  Elapsed time ..............: 144000 sec
2019-07-25T13:14:36:  MJD range .................: 51544.5 - 51546.1666666667 s (TT)
2019-07-25T13:14:36:  UTC range .................: 2000-01-01T11:58:56 - 2000-01-03T03:58:56 s (TT)
2019-07-25T13:14:36:  Reference MJD .............: 51544.5
2019-07-25T13:14:36: === GSkyMap ===
2019-07-25T13:14:36:  Number of pixels ..........: 6400
2019-07-25T13:14:36:  X axis dimension ..........: 80
2019-07-25T13:14:36:  Y axis dimension ..........: 80
2019-07-25T13:14:36:  Number of maps ............: 33
2019-07-25T13:14:36:  Shape of maps .............: (33)
2019-07-25T13:14:36: === GCTACubePsf ===
2019-07-25T13:14:36:  Filename ..................: /cta/carli/CPPM_Internship/Simulations_and_Analyses/minus_constant_EDisp_South_z40_50h/source1d/PSF_cube.fits
2019-07-25T13:14:36: === GEnergies ===
2019-07-25T13:14:36:  Number of energies ........: 33
2019-07-25T13:14:36:  Number of delta bins ......: 200
2019-07-25T13:14:36:  Delta range ...............: 1.875e-06 - 0.298501875 deg
2019-07-25T13:14:36: === GSkyMap ===
2019-07-25T13:14:36:  Number of pixels ..........: 1
2019-07-25T13:14:36:  X axis dimension ..........: 1
2019-07-25T13:14:36:  Y axis dimension ..........: 1
2019-07-25T13:14:36:  Number of maps ............: 6600
2019-07-25T13:14:36:  Shape of maps .............: (200, 33)
2019-07-25T13:14:36: === GCTACubeEdisp ===
2019-07-25T13:14:36:  Filename ..................: /cta/carli/CPPM_Internship/Simulations_and_Analyses/minus_constant_EDisp_South_z40_50h/source1d/edisp_cube.fits
2019-07-25T13:14:36: === GEnergies ===
2019-07-25T13:14:36:  Number of energies ........: 33
2019-07-25T13:14:36:  Number of migra bins ......: 100
2019-07-25T13:14:36:  Migra range ...............: 0.02 - 2
2019-07-25T13:14:36: === GSkyMap ===
2019-07-25T13:14:36:  Number of pixels ..........: 1
2019-07-25T13:14:36:  X axis dimension ..........: 1
2019-07-25T13:14:36:  Y axis dimension ..........: 1
2019-07-25T13:14:36:  Number of maps ............: 3300
2019-07-25T13:14:36:  Shape of maps .............: (100, 33)
2019-07-25T13:14:36: === GCTACubeBackground ===
2019-07-25T13:14:36:  Filename ..................: /cta/carli/CPPM_Internship/Simulations_and_Analyses/minus_constant_EDisp_South_z40_50h/source1d/background_cube.fits
2019-07-25T13:14:36: === GEbounds ===
2019-07-25T13:14:36:  Number of intervals .......: 32
2019-07-25T13:14:36:  Energy range ..............: 100 GeV - 199.526229858398 TeV
2019-07-25T13:14:36: === GSkyMap ===
2019-07-25T13:14:36:  Number of pixels ..........: 6400
2019-07-25T13:14:36:  X axis dimension ..........: 80
2019-07-25T13:14:36:  Y axis dimension ..........: 80
2019-07-25T13:14:36:  Number of maps ............: 32
2019-07-25T13:14:36:  Shape of maps .............: (32)
2019-07-25T13:14:36: === GCTAResponseCache ===
2019-07-25T13:14:36:  Number of cached values ...: 0
2019-07-25T13:14:36: === GCTAEventCube ===
2019-07-25T13:14:36:  Number of events ..........: 305023
2019-07-25T13:14:36:  Number of elements ........: 204800
2019-07-25T13:14:36:  Number of pixels ..........: 6400
2019-07-25T13:14:36:  Number of energy bins .....: 32
2019-07-25T13:14:36:  Time interval .............: 51544.5 - 51546.1666666667 days
2019-07-25T13:14:36:  Pointing ..................: (RA,Dec)=(84.1331,22.0145)
2019-07-25T13:14:36: === GEbounds ===
2019-07-25T13:14:36:  Number of intervals .......: 32
2019-07-25T13:14:36:  Energy range ..............: 100 GeV - 199.526229858398 TeV
2019-07-25T13:14:36: === GSkyMap ===
2019-07-25T13:14:36:  Number of pixels ..........: 6400
2019-07-25T13:14:36:  X axis dimension ..........: 80
2019-07-25T13:14:36:  Y axis dimension ..........: 80
2019-07-25T13:14:36:  Number of maps ............: 32
2019-07-25T13:14:36:  Shape of maps .............: (32)
2019-07-25T13:14:36: === GSkyRegions ===
2019-07-25T13:14:36:  Number of regions .........: 0
2019-07-25T13:14:36: === GModels ===
2019-07-25T13:14:36:  Number of models ..........: 2
2019-07-25T13:14:36:  Number of parameters ......: 11
2019-07-25T13:14:36: === GModelSky ===
2019-07-25T13:14:36:  Name ......................: source1d
2019-07-25T13:14:36:  Instruments ...............: all
2019-07-25T13:14:36:  Test Statistic ............: 93031.05
2019-07-25T13:14:36:  Observation identifiers ...: all
2019-07-25T13:14:36:  Model type ................: PointSource
2019-07-25T13:14:36:  Model components ..........: "PointSource" * "ExponentialCutoffPowerLaw" * "Constant"
2019-07-25T13:14:36:  Number of parameters ......: 7
2019-07-25T13:14:36:  Number of spatial par's ...: 2
2019-07-25T13:14:36:   RA .......................: 83.6331 [-360,360] deg (fixed,scale=1)
2019-07-25T13:14:36:   DEC ......................: 22.0145 [-90,90] deg (fixed,scale=1)
2019-07-25T13:14:36:  Number of spectral par's ..: 4
2019-07-25T13:14:36:   Prefactor ................: 3.00505800362395e-18 [1e-25,1e-15] ph/cm2/s/MeV (fixed,scale=1e-18,gradient)
2019-07-25T13:14:36:   Index ....................: -2.02045494061988 [-0,-5]  (fixed,scale=-1,gradient)
2019-07-25T13:14:36:   CutoffEnergy .............: 54141214.0517513 +/- 4554813.81825611 [100000,10000000000] MeV (free,scale=10000000,gradient)
2019-07-25T13:14:36:   PivotEnergy ..............: 1000000 [10000,1000000000] MeV (fixed,scale=1000000,gradient)
2019-07-25T13:14:36:  Number of temporal par's ..: 1
2019-07-25T13:14:36:   Normalization ............: 1 (relative value) (fixed,scale=1,gradient)
2019-07-25T13:14:36:  Number of scale par's .....: 0
2019-07-25T13:14:36: === GCTAModelCubeBackground ===
2019-07-25T13:14:36:  Name ......................: BackgroundModel
2019-07-25T13:14:36:  Instruments ...............: CTA, HESS, MAGIC, VERITAS
2019-07-25T13:14:36:  Observation identifiers ...: all
2019-07-25T13:14:36:  Model type ................: "PowerLaw" * "Constant"
2019-07-25T13:14:36:  Number of parameters ......: 4
2019-07-25T13:14:36:  Number of spectral par's ..: 3
2019-07-25T13:14:36:   Prefactor ................: 0.88957297769692 [0.01,100] ph/cm2/s/MeV (fixed,scale=1,gradient)
2019-07-25T13:14:36:   Index ....................: -0.0293979389028298 [-5,5]  (fixed,scale=1,gradient)
2019-07-25T13:14:36:   PivotEnergy ..............: 1000000 MeV (fixed,scale=1000000,gradient)
2019-07-25T13:14:36:  Number of temporal par's ..: 1
2019-07-25T13:14:36:   Normalization ............: 1 (relative value) (fixed,scale=1,gradient)
2019-07-25T13:14:36: 
2019-07-25T13:14:36: +=============================+
2019-07-25T13:14:36: | Compute best-fit likelihood |
2019-07-25T13:14:36: +=============================+
2019-07-25T13:16:09: === GOptimizerLM ===
2019-07-25T13:16:09:  Optimized function value ..: -314411.986
2019-07-25T13:16:09:  Absolute precision ........: 0.005
2019-07-25T13:16:09:  Acceptable value decrease .: 2
2019-07-25T13:16:09:  Optimization status .......: converged
2019-07-25T13:16:09:  Number of parameters ......: 11
2019-07-25T13:16:09:  Number of free parameters .: 1
2019-07-25T13:16:09:  Number of iterations ......: 1
2019-07-25T13:16:09:  Lambda ....................: 0.0001
2019-07-25T13:16:09:  Maximum log likelihood ....: -314411.986
2019-07-25T13:16:09: === GModels ===
2019-07-25T13:16:09:  Number of models ..........: 2
2019-07-25T13:16:09:  Number of parameters ......: 11
2019-07-25T13:16:09: === GModelSky ===
2019-07-25T13:16:09:  Name ......................: source1d
2019-07-25T13:16:09:  Instruments ...............: all
2019-07-25T13:16:09:  Test Statistic ............: 93031.05
2019-07-25T13:16:09:  Observation identifiers ...: all
2019-07-25T13:16:09:  Model type ................: PointSource
2019-07-25T13:16:09:  Model components ..........: "PointSource" * "ExponentialCutoffPowerLaw" * "Constant"
2019-07-25T13:16:09:  Number of parameters ......: 7
2019-07-25T13:16:09:  Number of spatial par's ...: 2
2019-07-25T13:16:09:   RA .......................: 83.6331 [-360,360] deg (fixed,scale=1)
2019-07-25T13:16:09:   DEC ......................: 22.0145 [-90,90] deg (fixed,scale=1)
2019-07-25T13:16:09:  Number of spectral par's ..: 4
2019-07-25T13:16:09:   Prefactor ................: 3.00505800362395e-18 [1e-25,1e-15] ph/cm2/s/MeV (fixed,scale=1e-18,gradient)
2019-07-25T13:16:09:   Index ....................: -2.02045494061988 [-0,-5]  (fixed,scale=-1,gradient)
2019-07-25T13:16:09:   CutoffEnergy .............: 54142413.2456474 +/- 3122352.47327001 [100000,10000000000] MeV (free,scale=10000000,gradient)
2019-07-25T13:16:09:   PivotEnergy ..............: 1000000 [10000,1000000000] MeV (fixed,scale=1000000,gradient)
2019-07-25T13:16:09:  Number of temporal par's ..: 1
2019-07-25T13:16:09:   Normalization ............: 1 (relative value) (fixed,scale=1,gradient)
2019-07-25T13:16:09:  Number of scale par's .....: 0
2019-07-25T13:16:09: === GCTAModelCubeBackground ===
2019-07-25T13:16:09:  Name ......................: BackgroundModel
2019-07-25T13:16:09:  Instruments ...............: CTA, HESS, MAGIC, VERITAS
2019-07-25T13:16:09:  Observation identifiers ...: all
2019-07-25T13:16:09:  Model type ................: "PowerLaw" * "Constant"
2019-07-25T13:16:09:  Number of parameters ......: 4
2019-07-25T13:16:09:  Number of spectral par's ..: 3
2019-07-25T13:16:09:   Prefactor ................: 0.88957297769692 [0.01,100] ph/cm2/s/MeV (fixed,scale=1,gradient)
2019-07-25T13:16:09:   Index ....................: -0.0293979389028298 [-5,5]  (fixed,scale=1,gradient)
2019-07-25T13:16:09:   PivotEnergy ..............: 1000000 MeV (fixed,scale=1000000,gradient)
2019-07-25T13:16:09:  Number of temporal par's ..: 1
2019-07-25T13:16:09:   Normalization ............: 1 (relative value) (fixed,scale=1,gradient)
2019-07-25T13:16:09: 
2019-07-25T13:16:09: +==============================================================+
2019-07-25T13:16:09: | Compute error for source "source1d" parameter "CutoffEnergy" |
2019-07-25T13:16:09: +==============================================================+
2019-07-25T13:16:09:  Confidence level ..........: 95 %
2019-07-25T13:16:09:  Log-likelihood difference .: 1.92073
2019-07-25T13:16:09:  Initial factor range ......: [2.29188885129473, 8.53659379783474]
2019-07-25T13:16:19:    Iteration 1 .............: [2.29188885129473, 5.41424132456474]
2019-07-25T13:16:30:    Iteration 2 .............: [3.85306508792974, 5.41424132456474]
2019-07-25T13:16:40:    Iteration 3 .............: [4.63365320624724, 5.41424132456474]
2019-07-25T13:16:50:    Iteration 4 .............: [4.63365320624724, 5.02394726540599]
2019-07-25T13:17:01:    Iteration 5 .............: [4.82880023582661, 5.02394726540599]
2019-07-25T13:17:11:    Iteration 6 .............: [4.82880023582661, 4.9263737506163]
2019-07-25T13:17:21:    Iteration 7 .............: [4.82880023582661, 4.87758699322146]
2019-07-25T13:17:32:    Iteration 8 .............: [4.82880023582661, 4.85319361452403]
2019-07-25T13:17:42:    Iteration 9 .............: [4.84099692517532, 4.85319361452403]
2019-07-25T13:17:53:    Iteration 10 ............: [4.84099692517532, 4.84709526984968]
2019-07-25T13:18:03:    Iteration 11 ............: [4.8440460975125, 4.84709526984968]
2019-07-25T13:18:14:    Iteration 12 ............: [4.84557068368109, 4.84709526984968]
2019-07-25T13:18:24:    Iteration 13 ............: [4.84633297676539, 4.84709526984968]
2019-07-25T13:18:34:    Iteration 1 .............: [5.41424132456474, 8.53659379783474]
2019-07-25T13:18:44:    Iteration 2 .............: [5.41424132456474, 6.97541756119974]
2019-07-25T13:18:54:    Iteration 3 .............: [5.41424132456474, 6.19482944288224]
2019-07-25T13:19:05:    Iteration 4 .............: [5.80453538372349, 6.19482944288224]
2019-07-25T13:19:15:    Iteration 5 .............: [5.99968241330286, 6.19482944288224]
2019-07-25T13:19:25:    Iteration 6 .............: [6.09725592809255, 6.19482944288224]
2019-07-25T13:19:36:    Iteration 7 .............: [6.09725592809255, 6.1460426854874]
2019-07-25T13:19:46:    Iteration 8 .............: [6.09725592809255, 6.12164930678997]
2019-07-25T13:19:56:    Iteration 9 .............: [6.09725592809255, 6.10945261744126]
2019-07-25T13:20:06:    Iteration 10 ............: [6.10335427276691, 6.10945261744126]
2019-07-25T13:20:16:    Iteration 11 ............: [6.10335427276691, 6.10640344510409]
2019-07-25T13:20:26:    Iteration 12 ............: [6.1048788589355, 6.10640344510409]
2019-07-25T13:20:36:    Iteration 13 ............: [6.1048788589355, 6.10564115201979]
2019-07-25T13:20:36:  Lower parameter factor ....: 4.84671
2019-07-25T13:20:36:  Upper parameter factor ....: 6.10526
2019-07-25T13:20:36:  Error from curvature ......: 3122352.47327001 MeV
2019-07-25T13:20:36:  Error from profile ........: 6292729.41085056 MeV
2019-07-25T13:20:36:  Negative profile error ....: 5675272.01257207 MeV
2019-07-25T13:20:36:  Positive profile error ....: 6910186.80912904 MeV
2019-07-25T13:20:36: 
2019-07-25T13:20:36: +==============+
2019-07-25T13:20:36: | Save results |
2019-07-25T13:20:36: +==============+
2019-07-25T13:20:36:  Model definition file .....: NONE
2019-07-25T13:20:36: 
2019-07-25T13:20:36: Application "cterror" terminated after 361 wall clock seconds, consuming 446.78 seconds of CPU time.
