2019-07-25T13:08:51: ********************************************************************************
2019-07-25T13:08:51: *                                    cterror                                   *
2019-07-25T13:08:51: * ---------------------------------------------------------------------------- *
2019-07-25T13:08:51: * Version: 1.6.0                                                               *
2019-07-25T13:08:51: ********************************************************************************
2019-07-25T13:08:52: +============+
2019-07-25T13:08:52: | Parameters |
2019-07-25T13:08:52: +============+
2019-07-25T13:08:52:  inobs .....................: /cta/carli/CPPM_Internship/Simulations_and_Analyses/minus_constant_EDisp_South_z40_50h/source1d/obs_cube.fits
2019-07-25T13:08:52:  inmodel ...................: /cta/carli/CPPM_Internship/Simulations_and_Analyses/minus_constant_EDisp_South_z40_50h/source1d/obsmodel_binned.xml
2019-07-25T13:08:52:  srcname ...................: source1d
2019-07-25T13:08:52:  expcube ...................: /cta/carli/CPPM_Internship/Simulations_and_Analyses/minus_constant_EDisp_South_z40_50h/source1d/exposure_cube.fits
2019-07-25T13:08:52:  psfcube ...................: /cta/carli/CPPM_Internship/Simulations_and_Analyses/minus_constant_EDisp_South_z40_50h/source1d/PSF_cube.fits
2019-07-25T13:08:52:  edispcube .................: /cta/carli/CPPM_Internship/Simulations_and_Analyses/minus_constant_EDisp_South_z40_50h/source1d/edisp_cube.fits
2019-07-25T13:08:52:  bkgcube ...................: /cta/carli/CPPM_Internship/Simulations_and_Analyses/minus_constant_EDisp_South_z40_50h/source1d/background_cube.fits
2019-07-25T13:08:52:  caldb .....................: prod3b-v2
2019-07-25T13:08:52:  irf .......................: minus_constant_EDisp_South_z40_50h
2019-07-25T13:08:52:  edisp .....................: yes
2019-07-25T13:08:52:  outmodel ..................: 
2019-07-25T13:08:52:  confidence ................: 0.68
2019-07-25T13:08:52:  tol .......................: 1e-3
2019-07-25T13:08:52:  statistic .................: DEFAULT
2019-07-25T13:08:52:  like_accuracy .............: 0.005
2019-07-25T13:08:52:  max_iter ..................: 50
2019-07-25T13:08:52:  nthreads ..................: 0
2019-07-25T13:08:52:  chatter ...................: 4
2019-07-25T13:08:52:  clobber ...................: yes
2019-07-25T13:08:52:  debug .....................: no
2019-07-25T13:08:52:  mode ......................: ql
2019-07-25T13:08:52:  logfile ...................: cterror68.log
2019-07-25T13:08:52: 
2019-07-25T13:08:52: +===================+
2019-07-25T13:08:52: | Input observation |
2019-07-25T13:08:52: +===================+
2019-07-25T13:08:52: === GObservations ===
2019-07-25T13:08:52:  Number of observations ....: 1
2019-07-25T13:08:52:  Number of models ..........: 2
2019-07-25T13:08:52:  Number of observed events .: 305023
2019-07-25T13:08:52:  Number of predicted events : 0
2019-07-25T13:08:52: === GCTAObservation ===
2019-07-25T13:08:52:  Name ......................: 
2019-07-25T13:08:52:  Identifier ................: 000001
2019-07-25T13:08:52:  Instrument ................: CTA
2019-07-25T13:08:52:  Event file ................: /cta/carli/CPPM_Internship/Simulations_and_Analyses/minus_constant_EDisp_South_z40_50h/source1d/obs_cube.fits
2019-07-25T13:08:52:  Event type ................: CountsCube
2019-07-25T13:08:52:  Statistic .................: cstat
2019-07-25T13:08:52:  Ontime ....................: 144000 s
2019-07-25T13:08:52:  Livetime ..................: 141120 s
2019-07-25T13:08:52:  Deadtime correction .......: 0.98
2019-07-25T13:08:52:  User energy range .........: undefined
2019-07-25T13:08:52: === GCTAPointing ===
2019-07-25T13:08:52:  Pointing direction ........: (RA,Dec)=(84.1331,22.0145)
2019-07-25T13:08:52: === GCTAResponseCube ===
2019-07-25T13:08:52:  Energy dispersion .........: Used
2019-07-25T13:08:52: === GCTACubeExposure ===
2019-07-25T13:08:52:  Filename ..................: /cta/carli/CPPM_Internship/Simulations_and_Analyses/minus_constant_EDisp_South_z40_50h/source1d/exposure_cube.fits
2019-07-25T13:08:52:  Livetime ..................: 141120 sec
2019-07-25T13:08:52: === GEnergies ===
2019-07-25T13:08:52:  Number of energies ........: 33
2019-07-25T13:08:52: === GGti ===
2019-07-25T13:08:52:  Number of intervals .......: 1
2019-07-25T13:08:52:  Ontime ....................: 144000 sec
2019-07-25T13:08:52:  Elapsed time ..............: 144000 sec
2019-07-25T13:08:52:  MJD range .................: 51544.5 - 51546.1666666667 s (TT)
2019-07-25T13:08:52:  UTC range .................: 2000-01-01T11:58:56 - 2000-01-03T03:58:56 s (TT)
2019-07-25T13:08:52:  Reference MJD .............: 51544.5
2019-07-25T13:08:52: === GSkyMap ===
2019-07-25T13:08:52:  Number of pixels ..........: 6400
2019-07-25T13:08:52:  X axis dimension ..........: 80
2019-07-25T13:08:52:  Y axis dimension ..........: 80
2019-07-25T13:08:52:  Number of maps ............: 33
2019-07-25T13:08:52:  Shape of maps .............: (33)
2019-07-25T13:08:52: === GCTACubePsf ===
2019-07-25T13:08:52:  Filename ..................: /cta/carli/CPPM_Internship/Simulations_and_Analyses/minus_constant_EDisp_South_z40_50h/source1d/PSF_cube.fits
2019-07-25T13:08:52: === GEnergies ===
2019-07-25T13:08:52:  Number of energies ........: 33
2019-07-25T13:08:52:  Number of delta bins ......: 200
2019-07-25T13:08:52:  Delta range ...............: 1.875e-06 - 0.298501875 deg
2019-07-25T13:08:52: === GSkyMap ===
2019-07-25T13:08:52:  Number of pixels ..........: 1
2019-07-25T13:08:52:  X axis dimension ..........: 1
2019-07-25T13:08:52:  Y axis dimension ..........: 1
2019-07-25T13:08:52:  Number of maps ............: 6600
2019-07-25T13:08:52:  Shape of maps .............: (200, 33)
2019-07-25T13:08:52: === GCTACubeEdisp ===
2019-07-25T13:08:52:  Filename ..................: /cta/carli/CPPM_Internship/Simulations_and_Analyses/minus_constant_EDisp_South_z40_50h/source1d/edisp_cube.fits
2019-07-25T13:08:52: === GEnergies ===
2019-07-25T13:08:52:  Number of energies ........: 33
2019-07-25T13:08:52:  Number of migra bins ......: 100
2019-07-25T13:08:52:  Migra range ...............: 0.02 - 2
2019-07-25T13:08:52: === GSkyMap ===
2019-07-25T13:08:52:  Number of pixels ..........: 1
2019-07-25T13:08:52:  X axis dimension ..........: 1
2019-07-25T13:08:52:  Y axis dimension ..........: 1
2019-07-25T13:08:52:  Number of maps ............: 3300
2019-07-25T13:08:52:  Shape of maps .............: (100, 33)
2019-07-25T13:08:52: === GCTACubeBackground ===
2019-07-25T13:08:52:  Filename ..................: /cta/carli/CPPM_Internship/Simulations_and_Analyses/minus_constant_EDisp_South_z40_50h/source1d/background_cube.fits
2019-07-25T13:08:52: === GEbounds ===
2019-07-25T13:08:52:  Number of intervals .......: 32
2019-07-25T13:08:52:  Energy range ..............: 100 GeV - 199.526229858398 TeV
2019-07-25T13:08:52: === GSkyMap ===
2019-07-25T13:08:52:  Number of pixels ..........: 6400
2019-07-25T13:08:52:  X axis dimension ..........: 80
2019-07-25T13:08:52:  Y axis dimension ..........: 80
2019-07-25T13:08:52:  Number of maps ............: 32
2019-07-25T13:08:52:  Shape of maps .............: (32)
2019-07-25T13:08:52: === GCTAResponseCache ===
2019-07-25T13:08:52:  Number of cached values ...: 0
2019-07-25T13:08:52: === GCTAEventCube ===
2019-07-25T13:08:52:  Number of events ..........: 305023
2019-07-25T13:08:52:  Number of elements ........: 204800
2019-07-25T13:08:52:  Number of pixels ..........: 6400
2019-07-25T13:08:52:  Number of energy bins .....: 32
2019-07-25T13:08:52:  Time interval .............: 51544.5 - 51546.1666666667 days
2019-07-25T13:08:52:  Pointing ..................: (RA,Dec)=(84.1331,22.0145)
2019-07-25T13:08:52: === GEbounds ===
2019-07-25T13:08:52:  Number of intervals .......: 32
2019-07-25T13:08:52:  Energy range ..............: 100 GeV - 199.526229858398 TeV
2019-07-25T13:08:52: === GSkyMap ===
2019-07-25T13:08:52:  Number of pixels ..........: 6400
2019-07-25T13:08:52:  X axis dimension ..........: 80
2019-07-25T13:08:52:  Y axis dimension ..........: 80
2019-07-25T13:08:52:  Number of maps ............: 32
2019-07-25T13:08:52:  Shape of maps .............: (32)
2019-07-25T13:08:52: === GSkyRegions ===
2019-07-25T13:08:52:  Number of regions .........: 0
2019-07-25T13:08:52: === GModels ===
2019-07-25T13:08:52:  Number of models ..........: 2
2019-07-25T13:08:52:  Number of parameters ......: 11
2019-07-25T13:08:52: === GModelSky ===
2019-07-25T13:08:52:  Name ......................: source1d
2019-07-25T13:08:52:  Instruments ...............: all
2019-07-25T13:08:52:  Test Statistic ............: 93031.05
2019-07-25T13:08:52:  Observation identifiers ...: all
2019-07-25T13:08:52:  Model type ................: PointSource
2019-07-25T13:08:52:  Model components ..........: "PointSource" * "ExponentialCutoffPowerLaw" * "Constant"
2019-07-25T13:08:52:  Number of parameters ......: 7
2019-07-25T13:08:52:  Number of spatial par's ...: 2
2019-07-25T13:08:52:   RA .......................: 83.6331 [-360,360] deg (fixed,scale=1)
2019-07-25T13:08:52:   DEC ......................: 22.0145 [-90,90] deg (fixed,scale=1)
2019-07-25T13:08:52:  Number of spectral par's ..: 4
2019-07-25T13:08:52:   Prefactor ................: 3.00505800362395e-18 [1e-25,1e-15] ph/cm2/s/MeV (fixed,scale=1e-18,gradient)
2019-07-25T13:08:52:   Index ....................: -2.02045494061988 [-0,-5]  (fixed,scale=-1,gradient)
2019-07-25T13:08:52:   CutoffEnergy .............: 54141214.0517513 +/- 4554813.81825611 [100000,10000000000] MeV (free,scale=10000000,gradient)
2019-07-25T13:08:52:   PivotEnergy ..............: 1000000 [10000,1000000000] MeV (fixed,scale=1000000,gradient)
2019-07-25T13:08:52:  Number of temporal par's ..: 1
2019-07-25T13:08:52:   Normalization ............: 1 (relative value) (fixed,scale=1,gradient)
2019-07-25T13:08:52:  Number of scale par's .....: 0
2019-07-25T13:08:52: === GCTAModelCubeBackground ===
2019-07-25T13:08:52:  Name ......................: BackgroundModel
2019-07-25T13:08:52:  Instruments ...............: CTA, HESS, MAGIC, VERITAS
2019-07-25T13:08:52:  Observation identifiers ...: all
2019-07-25T13:08:52:  Model type ................: "PowerLaw" * "Constant"
2019-07-25T13:08:52:  Number of parameters ......: 4
2019-07-25T13:08:52:  Number of spectral par's ..: 3
2019-07-25T13:08:52:   Prefactor ................: 0.88957297769692 [0.01,100] ph/cm2/s/MeV (fixed,scale=1,gradient)
2019-07-25T13:08:52:   Index ....................: -0.0293979389028298 [-5,5]  (fixed,scale=1,gradient)
2019-07-25T13:08:52:   PivotEnergy ..............: 1000000 MeV (fixed,scale=1000000,gradient)
2019-07-25T13:08:52:  Number of temporal par's ..: 1
2019-07-25T13:08:52:   Normalization ............: 1 (relative value) (fixed,scale=1,gradient)
2019-07-25T13:08:52: 
2019-07-25T13:08:52: +=============================+
2019-07-25T13:08:52: | Compute best-fit likelihood |
2019-07-25T13:08:52: +=============================+
2019-07-25T13:10:24: === GOptimizerLM ===
2019-07-25T13:10:24:  Optimized function value ..: -314411.986
2019-07-25T13:10:24:  Absolute precision ........: 0.005
2019-07-25T13:10:24:  Acceptable value decrease .: 2
2019-07-25T13:10:24:  Optimization status .......: converged
2019-07-25T13:10:24:  Number of parameters ......: 11
2019-07-25T13:10:24:  Number of free parameters .: 1
2019-07-25T13:10:24:  Number of iterations ......: 1
2019-07-25T13:10:24:  Lambda ....................: 0.0001
2019-07-25T13:10:24:  Maximum log likelihood ....: -314411.986
2019-07-25T13:10:24: === GModels ===
2019-07-25T13:10:24:  Number of models ..........: 2
2019-07-25T13:10:24:  Number of parameters ......: 11
2019-07-25T13:10:24: === GModelSky ===
2019-07-25T13:10:24:  Name ......................: source1d
2019-07-25T13:10:24:  Instruments ...............: all
2019-07-25T13:10:24:  Test Statistic ............: 93031.05
2019-07-25T13:10:24:  Observation identifiers ...: all
2019-07-25T13:10:24:  Model type ................: PointSource
2019-07-25T13:10:24:  Model components ..........: "PointSource" * "ExponentialCutoffPowerLaw" * "Constant"
2019-07-25T13:10:24:  Number of parameters ......: 7
2019-07-25T13:10:24:  Number of spatial par's ...: 2
2019-07-25T13:10:24:   RA .......................: 83.6331 [-360,360] deg (fixed,scale=1)
2019-07-25T13:10:24:   DEC ......................: 22.0145 [-90,90] deg (fixed,scale=1)
2019-07-25T13:10:24:  Number of spectral par's ..: 4
2019-07-25T13:10:24:   Prefactor ................: 3.00505800362395e-18 [1e-25,1e-15] ph/cm2/s/MeV (fixed,scale=1e-18,gradient)
2019-07-25T13:10:24:   Index ....................: -2.02045494061988 [-0,-5]  (fixed,scale=-1,gradient)
2019-07-25T13:10:24:   CutoffEnergy .............: 54142413.2456474 +/- 3122352.47327001 [100000,10000000000] MeV (free,scale=10000000,gradient)
2019-07-25T13:10:24:   PivotEnergy ..............: 1000000 [10000,1000000000] MeV (fixed,scale=1000000,gradient)
2019-07-25T13:10:24:  Number of temporal par's ..: 1
2019-07-25T13:10:24:   Normalization ............: 1 (relative value) (fixed,scale=1,gradient)
2019-07-25T13:10:24:  Number of scale par's .....: 0
2019-07-25T13:10:24: === GCTAModelCubeBackground ===
2019-07-25T13:10:24:  Name ......................: BackgroundModel
2019-07-25T13:10:24:  Instruments ...............: CTA, HESS, MAGIC, VERITAS
2019-07-25T13:10:24:  Observation identifiers ...: all
2019-07-25T13:10:24:  Model type ................: "PowerLaw" * "Constant"
2019-07-25T13:10:24:  Number of parameters ......: 4
2019-07-25T13:10:24:  Number of spectral par's ..: 3
2019-07-25T13:10:24:   Prefactor ................: 0.88957297769692 [0.01,100] ph/cm2/s/MeV (fixed,scale=1,gradient)
2019-07-25T13:10:24:   Index ....................: -0.0293979389028298 [-5,5]  (fixed,scale=1,gradient)
2019-07-25T13:10:24:   PivotEnergy ..............: 1000000 MeV (fixed,scale=1000000,gradient)
2019-07-25T13:10:24:  Number of temporal par's ..: 1
2019-07-25T13:10:24:   Normalization ............: 1 (relative value) (fixed,scale=1,gradient)
2019-07-25T13:10:24: 
2019-07-25T13:10:24: +==============================================================+
2019-07-25T13:10:24: | Compute error for source "source1d" parameter "CutoffEnergy" |
2019-07-25T13:10:24: +==============================================================+
2019-07-25T13:10:24:  Confidence level ..........: 68 %
2019-07-25T13:10:24:  Log-likelihood difference .: 0.494473
2019-07-25T13:10:24:  Initial factor range ......: [2.29188885129473, 8.53659379783474]
2019-07-25T13:10:35:    Iteration 1 .............: [2.29188885129473, 5.41424132456474]
2019-07-25T13:10:45:    Iteration 2 .............: [3.85306508792974, 5.41424132456474]
2019-07-25T13:10:56:    Iteration 3 .............: [4.63365320624724, 5.41424132456474]
2019-07-25T13:11:06:    Iteration 4 .............: [5.02394726540599, 5.41424132456474]
2019-07-25T13:11:16:    Iteration 5 .............: [5.02394726540599, 5.21909429498536]
2019-07-25T13:11:27:    Iteration 6 .............: [5.02394726540599, 5.12152078019568]
2019-07-25T13:11:37:    Iteration 7 .............: [5.07273402280083, 5.12152078019568]
2019-07-25T13:11:47:    Iteration 8 .............: [5.09712740149825, 5.12152078019568]
2019-07-25T13:11:58:    Iteration 9 .............: [5.10932409084696, 5.12152078019568]
2019-07-25T13:12:09:    Iteration 10 ............: [5.10932409084696, 5.11542243552132]
2019-07-25T13:12:19:    Iteration 11 ............: [5.11237326318414, 5.11542243552132]
2019-07-25T13:12:30:    Iteration 12 ............: [5.11237326318414, 5.11389784935273]
2019-07-25T13:12:41:    Iteration 1 .............: [5.41424132456474, 8.53659379783474]
2019-07-25T13:12:51:    Iteration 2 .............: [5.41424132456474, 6.97541756119974]
2019-07-25T13:13:01:    Iteration 3 .............: [5.41424132456474, 6.19482944288224]
2019-07-25T13:13:12:    Iteration 4 .............: [5.41424132456474, 5.80453538372349]
2019-07-25T13:13:22:    Iteration 5 .............: [5.60938835414411, 5.80453538372349]
2019-07-25T13:13:32:    Iteration 6 .............: [5.7069618689338, 5.80453538372349]
2019-07-25T13:13:43:    Iteration 7 .............: [5.7069618689338, 5.75574862632865]
2019-07-25T13:13:54:    Iteration 8 .............: [5.73135524763122, 5.75574862632865]
2019-07-25T13:14:04:    Iteration 9 .............: [5.74355193697994, 5.75574862632865]
2019-07-25T13:14:14:    Iteration 10 ............: [5.74355193697994, 5.74965028165429]
2019-07-25T13:14:25:    Iteration 11 ............: [5.74660110931711, 5.74965028165429]
2019-07-25T13:14:35:    Iteration 12 ............: [5.74660110931711, 5.7481256954857]
2019-07-25T13:14:35:  Lower parameter factor ....: 5.11314
2019-07-25T13:14:35:  Upper parameter factor ....: 5.74736
2019-07-25T13:14:35:  Error from curvature ......: 3122352.47327001 MeV
2019-07-25T13:14:35:  Error from profile ........: 3171139.23066485 MeV
2019-07-25T13:14:35:  Negative profile error ....: 3011057.68296302 MeV
2019-07-25T13:14:35:  Positive profile error ....: 3331220.77836669 MeV
2019-07-25T13:14:35: 
2019-07-25T13:14:35: +==============+
2019-07-25T13:14:35: | Save results |
2019-07-25T13:14:35: +==============+
2019-07-25T13:14:35:  Model definition file .....: NONE
2019-07-25T13:14:35: 
2019-07-25T13:14:35: Application "cterror" terminated after 345 wall clock seconds, consuming 430.03 seconds of CPU time.
