2019-07-23T17:44:05: ********************************************************************************
2019-07-23T17:44:05: *                                   csresspec                                  *
2019-07-23T17:44:05: * ---------------------------------------------------------------------------- *
2019-07-23T17:44:05: * Version: 1.6.0                                                               *
2019-07-23T17:44:05: ********************************************************************************
2019-07-23T17:44:05: +============+
2019-07-23T17:44:05: | Parameters |
2019-07-23T17:44:05: +============+
2019-07-23T17:44:05:  inobs .....................: /cta/carli/CPPM_Internship/Simulations_and_Analyses/plus_gradient_EDisp_South_z40_50h/source2a/obs_cube.fits
2019-07-23T17:44:05:  inmodel ...................: /cta/carli/CPPM_Internship/Simulations_and_Analyses/plus_gradient_EDisp_South_z40_50h/source2a/obsmodel_binned.xml
2019-07-23T17:44:05:  modcube ...................: /cta/carli/CPPM_Internship/Simulations_and_Analyses/plus_gradient_EDisp_South_z40_50h/source2a/obsmodel_cube.fits
2019-07-23T17:44:05:  expcube ...................: /cta/carli/CPPM_Internship/Simulations_and_Analyses/plus_gradient_EDisp_South_z40_50h/source2a/exposure_cube.fits
2019-07-23T17:44:05:  psfcube ...................: /cta/carli/CPPM_Internship/Simulations_and_Analyses/plus_gradient_EDisp_South_z40_50h/source2a/PSF_cube.fits
2019-07-23T17:44:05:  edispcube .................: /cta/carli/CPPM_Internship/Simulations_and_Analyses/plus_gradient_EDisp_South_z40_50h/source2a/edisp_cube.fits
2019-07-23T17:44:05:  bkgcube ...................: /cta/carli/CPPM_Internship/Simulations_and_Analyses/plus_gradient_EDisp_South_z40_50h/source2a/background_cube.fits
2019-07-23T17:44:05:  caldb .....................: prod3b-v2
2019-07-23T17:44:05:  irf .......................: South_z40_50h
2019-07-23T17:44:05:  edisp .....................: yes
2019-07-23T17:44:05:  outfile ...................: /cta/carli/CPPM_Internship/Simulations_and_Analyses/plus_gradient_EDisp_South_z40_50h/source2a/residuals_binned.fits
2019-07-23T17:44:05:  statistic .................: DEFAULT
2019-07-23T17:44:05:  components ................: yes
2019-07-23T17:44:05:  ebinalg ...................: LOG
2019-07-23T17:44:05:  emin ......................: 0.1
2019-07-23T17:44:05:  emax ......................: 199.526229858398
2019-07-23T17:44:05:  enumbins ..................: 32
2019-07-23T17:44:05:  ebinfile ..................: [not queried]
2019-07-23T17:44:05:  stack .....................: [not queried]
2019-07-23T17:44:05:  coordsys ..................: [not queried]
2019-07-23T17:44:05:  proj ......................: [not queried]
2019-07-23T17:44:05:  xref ......................: [not queried]
2019-07-23T17:44:05:  yref ......................: [not queried]
2019-07-23T17:44:05:  nxpix .....................: [not queried]
2019-07-23T17:44:05:  nypix .....................: [not queried]
2019-07-23T17:44:05:  binsz .....................: [not queried]
2019-07-23T17:44:05:  mask ......................: no
2019-07-23T17:44:05:  ra ........................: [not queried]
2019-07-23T17:44:05:  dec .......................: [not queried]
2019-07-23T17:44:05:  rad .......................: [not queried]
2019-07-23T17:44:05:  regfile ...................: [not queried]
2019-07-23T17:44:05:  algorithm .................: SUB
2019-07-23T17:44:05:  publish ...................: no
2019-07-23T17:44:05:  chatter ...................: 4
2019-07-23T17:44:05:  clobber ...................: yes
2019-07-23T17:44:05:  debug .....................: no
2019-07-23T17:44:05:  mode ......................: ql
2019-07-23T17:44:05:  logfile ...................: csresspec.log
2019-07-23T17:44:05: 
2019-07-23T17:44:05: +====================+
2019-07-23T17:44:05: | Observation census |
2019-07-23T17:44:05: +====================+
2019-07-23T17:44:05:  Unbinned CTA observations .: 0
2019-07-23T17:44:05:  Binned CTA observations ...: 1
2019-07-23T17:44:05:  On/off CTA observations ...: 0
2019-07-23T17:44:05:  Other observations ........: 0
2019-07-23T17:44:05: 
2019-07-23T17:44:05: +=============+
2019-07-23T17:44:05: | Observation |
2019-07-23T17:44:05: +=============+
2019-07-23T17:44:05: === GObservations ===
2019-07-23T17:44:05:  Number of observations ....: 1
2019-07-23T17:44:05:  Number of models ..........: 2
2019-07-23T17:44:05:  Number of observed events .: 289486
2019-07-23T17:44:05:  Number of predicted events : 0
2019-07-23T17:44:05: === GCTAObservation ===
2019-07-23T17:44:05:  Name ......................: 
2019-07-23T17:44:05:  Identifier ................: 000001
2019-07-23T17:44:05:  Instrument ................: CTA
2019-07-23T17:44:05:  Event file ................: /cta/carli/CPPM_Internship/Simulations_and_Analyses/plus_gradient_EDisp_South_z40_50h/source2a/obs_cube.fits
2019-07-23T17:44:05:  Event type ................: CountsCube
2019-07-23T17:44:05:  Statistic .................: cstat
2019-07-23T17:44:05:  Ontime ....................: 144000 s
2019-07-23T17:44:05:  Livetime ..................: 141120 s
2019-07-23T17:44:05:  Deadtime correction .......: 0.98
2019-07-23T17:44:05:  User energy range .........: undefined
2019-07-23T17:44:05: === GCTAPointing ===
2019-07-23T17:44:05:  Pointing direction ........: (RA,Dec)=(84.1331,22.0145)
2019-07-23T17:44:05: === GCTAResponseCube ===
2019-07-23T17:44:05:  Energy dispersion .........: Not used
2019-07-23T17:44:05: === GCTACubeExposure ===
2019-07-23T17:44:05:  Filename ..................: /cta/carli/CPPM_Internship/Simulations_and_Analyses/plus_gradient_EDisp_South_z40_50h/source2a/exposure_cube.fits
2019-07-23T17:44:05:  Livetime ..................: 141120 sec
2019-07-23T17:44:05: === GEnergies ===
2019-07-23T17:44:05:  Number of energies ........: 33
2019-07-23T17:44:05: === GGti ===
2019-07-23T17:44:05:  Number of intervals .......: 1
2019-07-23T17:44:05:  Ontime ....................: 144000 sec
2019-07-23T17:44:05:  Elapsed time ..............: 144000 sec
2019-07-23T17:44:05:  MJD range .................: 51544.5 - 51546.1666666667 s (TT)
2019-07-23T17:44:05:  UTC range .................: 2000-01-01T11:58:56 - 2000-01-03T03:58:56 s (TT)
2019-07-23T17:44:05:  Reference MJD .............: 51544.5
2019-07-23T17:44:05: === GSkyMap ===
2019-07-23T17:44:05:  Number of pixels ..........: 6400
2019-07-23T17:44:05:  X axis dimension ..........: 80
2019-07-23T17:44:05:  Y axis dimension ..........: 80
2019-07-23T17:44:05:  Number of maps ............: 33
2019-07-23T17:44:05:  Shape of maps .............: (33)
2019-07-23T17:44:05: === GCTACubePsf ===
2019-07-23T17:44:05:  Filename ..................: /cta/carli/CPPM_Internship/Simulations_and_Analyses/plus_gradient_EDisp_South_z40_50h/source2a/PSF_cube.fits
2019-07-23T17:44:05: === GEnergies ===
2019-07-23T17:44:05:  Number of energies ........: 33
2019-07-23T17:44:05:  Number of delta bins ......: 200
2019-07-23T17:44:05:  Delta range ...............: 1.875e-06 - 0.298501875 deg
2019-07-23T17:44:05: === GSkyMap ===
2019-07-23T17:44:05:  Number of pixels ..........: 1
2019-07-23T17:44:05:  X axis dimension ..........: 1
2019-07-23T17:44:05:  Y axis dimension ..........: 1
2019-07-23T17:44:05:  Number of maps ............: 6600
2019-07-23T17:44:05:  Shape of maps .............: (200, 33)
2019-07-23T17:44:05: === GCTACubeEdisp ===
2019-07-23T17:44:05:  Filename ..................: /cta/carli/CPPM_Internship/Simulations_and_Analyses/plus_gradient_EDisp_South_z40_50h/source2a/edisp_cube.fits
2019-07-23T17:44:05: === GEnergies ===
2019-07-23T17:44:05:  Number of energies ........: 33
2019-07-23T17:44:05:  Number of migra bins ......: 100
2019-07-23T17:44:05:  Migra range ...............: 0.02 - 2
2019-07-23T17:44:05: === GSkyMap ===
2019-07-23T17:44:05:  Number of pixels ..........: 1
2019-07-23T17:44:05:  X axis dimension ..........: 1
2019-07-23T17:44:05:  Y axis dimension ..........: 1
2019-07-23T17:44:05:  Number of maps ............: 3300
2019-07-23T17:44:05:  Shape of maps .............: (100, 33)
2019-07-23T17:44:05: === GCTACubeBackground ===
2019-07-23T17:44:05:  Filename ..................: /cta/carli/CPPM_Internship/Simulations_and_Analyses/plus_gradient_EDisp_South_z40_50h/source2a/background_cube.fits
2019-07-23T17:44:05: === GEbounds ===
2019-07-23T17:44:05:  Number of intervals .......: 32
2019-07-23T17:44:05:  Energy range ..............: 100 GeV - 199.526229858398 TeV
2019-07-23T17:44:05: === GSkyMap ===
2019-07-23T17:44:05:  Number of pixels ..........: 6400
2019-07-23T17:44:05:  X axis dimension ..........: 80
2019-07-23T17:44:05:  Y axis dimension ..........: 80
2019-07-23T17:44:05:  Number of maps ............: 32
2019-07-23T17:44:05:  Shape of maps .............: (32)
2019-07-23T17:44:05: === GCTAResponseCache ===
2019-07-23T17:44:05:  Number of cached values ...: 0
2019-07-23T17:44:05: === GCTAEventCube ===
2019-07-23T17:44:05:  Number of events ..........: 289486
2019-07-23T17:44:05:  Number of elements ........: 204800
2019-07-23T17:44:05:  Number of pixels ..........: 6400
2019-07-23T17:44:05:  Number of energy bins .....: 32
2019-07-23T17:44:05:  Time interval .............: 51544.5 - 51546.1666666667 days
2019-07-23T17:44:05:  Pointing ..................: (RA,Dec)=(84.1331,22.0145)
2019-07-23T17:44:05: === GEbounds ===
2019-07-23T17:44:05:  Number of intervals .......: 32
2019-07-23T17:44:05:  Energy range ..............: 100 GeV - 199.526229858398 TeV
2019-07-23T17:44:05: === GSkyMap ===
2019-07-23T17:44:05:  Number of pixels ..........: 6400
2019-07-23T17:44:05:  X axis dimension ..........: 80
2019-07-23T17:44:05:  Y axis dimension ..........: 80
2019-07-23T17:44:05:  Number of maps ............: 32
2019-07-23T17:44:05:  Shape of maps .............: (32)
2019-07-23T17:44:05: === GSkyRegions ===
2019-07-23T17:44:05:  Number of regions .........: 0
2019-07-23T17:44:05: === GModels ===
2019-07-23T17:44:05:  Number of models ..........: 2
2019-07-23T17:44:05:  Number of parameters ......: 11
2019-07-23T17:44:05: === GModelSky ===
2019-07-23T17:44:05:  Name ......................: source2a
2019-07-23T17:44:05:  Instruments ...............: all
2019-07-23T17:44:05:  Test Statistic ............: 16459.773
2019-07-23T17:44:05:  Observation identifiers ...: all
2019-07-23T17:44:05:  Model type ................: PointSource
2019-07-23T17:44:05:  Model components ..........: "PointSource" * "ExponentialCutoffPowerLaw" * "Constant"
2019-07-23T17:44:05:  Number of parameters ......: 7
2019-07-23T17:44:05:  Number of spatial par's ...: 2
2019-07-23T17:44:05:   RA .......................: 83.6331 [-360,360] deg (fixed,scale=1)
2019-07-23T17:44:05:   DEC ......................: 22.0145 [-90,90] deg (fixed,scale=1)
2019-07-23T17:44:05:  Number of spectral par's ..: 4
2019-07-23T17:44:05:   Prefactor ................: 7.29487155857337e-19 +/- 1.29989151226616e-20 [1e-26,1e-16] ph/cm2/s/MeV (free,scale=1e-19,gradient)
2019-07-23T17:44:05:   Index ....................: -2.02887377137931 +/- 0.0153175021432119 [-0,-5]  (free,scale=-1,gradient)
2019-07-23T17:44:05:   CutoffEnergy .............: 100000000000 +/- 16276751144012.4 [1000000,100000000000] MeV (free,scale=100000000,gradient)
2019-07-23T17:44:05:   PivotEnergy ..............: 1000000 [10000,1000000000] MeV (fixed,scale=1000000,gradient)
2019-07-23T17:44:05:  Number of temporal par's ..: 1
2019-07-23T17:44:05:   Normalization ............: 1 (relative value) (fixed,scale=1,gradient)
2019-07-23T17:44:05:  Number of scale par's .....: 0
2019-07-23T17:44:05: === GCTAModelCubeBackground ===
2019-07-23T17:44:05:  Name ......................: BackgroundModel
2019-07-23T17:44:05:  Instruments ...............: CTA, HESS, MAGIC, VERITAS
2019-07-23T17:44:05:  Observation identifiers ...: all
2019-07-23T17:44:05:  Model type ................: "PowerLaw" * "Constant"
2019-07-23T17:44:05:  Number of parameters ......: 4
2019-07-23T17:44:05:  Number of spectral par's ..: 3
2019-07-23T17:44:05:   Prefactor ................: 0.925603388776021 +/- 0.00420190226593255 [0.01,100] ph/cm2/s/MeV (free,scale=1,gradient)
2019-07-23T17:44:05:   Index ....................: -0.0053129997085009 +/- 0.00261717058990023 [-5,5]  (free,scale=1,gradient)
2019-07-23T17:44:05:   PivotEnergy ..............: 1000000 MeV (fixed,scale=1000000,gradient)
2019-07-23T17:44:05:  Number of temporal par's ..: 1
2019-07-23T17:44:05:   Normalization ............: 1 (relative value) (fixed,scale=1,gradient)
2019-07-23T17:44:05: 
2019-07-23T17:44:05: +=========================+
2019-07-23T17:44:05: | Processing Observations |
2019-07-23T17:44:05: +=========================+
2019-07-23T17:44:05: Computing model cube
2019-07-23T17:44:11: Computing counts, model, and residual spectra
2019-07-23T17:44:11:  Computing model component .: source2a
2019-07-23T17:44:15:  Computing model component .: BackgroundModel
2019-07-23T17:44:16: Filling residual table
2019-07-23T17:44:16: 
2019-07-23T17:44:16: +================+
2019-07-23T17:44:16: | Save residuals |
2019-07-23T17:44:16: +================+
2019-07-23T17:44:16:  Residuals file ............: /cta/carli/CPPM_Internship/Simulations_and_Analyses/plus_gradient_EDisp_South_z40_50h/source2a/residuals_binned.fits
2019-07-23T17:44:16: 
2019-07-23T17:44:16: Application "csresspec" terminated after 12 wall clock seconds, consuming 13.86 seconds of CPU time.
