2019-07-23T17:33:53: ********************************************************************************
2019-07-23T17:33:53: *                                    ctlike                                    *
2019-07-23T17:33:53: * ---------------------------------------------------------------------------- *
2019-07-23T17:33:53: * Version: 1.6.0                                                               *
2019-07-23T17:33:53: ********************************************************************************
2019-07-23T17:33:54: +============+
2019-07-23T17:33:54: | Parameters |
2019-07-23T17:33:54: +============+
2019-07-23T17:33:54:  inobs .....................: /cta/carli/CPPM_Internship/Simulations_and_Analyses/plus_gradient_EDisp_South_z40_50h/source2a/obs_cube.fits
2019-07-23T17:33:54:  inmodel ...................: sourcemodel_cube.xml
2019-07-23T17:33:54:  expcube ...................: /cta/carli/CPPM_Internship/Simulations_and_Analyses/plus_gradient_EDisp_South_z40_50h/source2a/exposure_cube.fits
2019-07-23T17:33:54:  psfcube ...................: /cta/carli/CPPM_Internship/Simulations_and_Analyses/plus_gradient_EDisp_South_z40_50h/source2a/PSF_cube.fits
2019-07-23T17:33:54:  edispcube .................: /cta/carli/CPPM_Internship/Simulations_and_Analyses/plus_gradient_EDisp_South_z40_50h/source2a/edisp_cube.fits
2019-07-23T17:33:54:  bkgcube ...................: /cta/carli/CPPM_Internship/Simulations_and_Analyses/plus_gradient_EDisp_South_z40_50h/source2a/background_cube.fits
2019-07-23T17:33:54:  caldb .....................: prod3b-v2
2019-07-23T17:33:54:  irf .......................: South_z40_50h
2019-07-23T17:33:54:  edisp .....................: yes
2019-07-23T17:33:54:  outmodel ..................: /cta/carli/CPPM_Internship/Simulations_and_Analyses/plus_gradient_EDisp_South_z40_50h/source2a/obsmodel_binned.xml
2019-07-23T17:33:54:  outcovmat .................: NONE
2019-07-23T17:33:54:  statistic .................: DEFAULT
2019-07-23T17:33:54:  refit .....................: no
2019-07-23T17:33:54:  like_accuracy .............: 0.005
2019-07-23T17:33:54:  max_iter ..................: 50
2019-07-23T17:33:54:  fix_spat_for_ts ...........: no
2019-07-23T17:33:54:  nthreads ..................: 0
2019-07-23T17:33:54:  chatter ...................: 4
2019-07-23T17:33:54:  clobber ...................: yes
2019-07-23T17:33:54:  debug .....................: no
2019-07-23T17:33:54:  mode ......................: ql
2019-07-23T17:33:54:  logfile ...................: ctlike.log
2019-07-23T17:33:54: 
2019-07-23T17:33:54: +===================+
2019-07-23T17:33:54: | Input observation |
2019-07-23T17:33:54: +===================+
2019-07-23T17:33:54: === GObservations ===
2019-07-23T17:33:54:  Number of observations ....: 1
2019-07-23T17:33:54:  Number of models ..........: 2
2019-07-23T17:33:54:  Number of observed events .: 289486
2019-07-23T17:33:54:  Number of predicted events : 0
2019-07-23T17:33:54: === GCTAObservation ===
2019-07-23T17:33:54:  Name ......................: 
2019-07-23T17:33:54:  Identifier ................: 000001
2019-07-23T17:33:54:  Instrument ................: CTA
2019-07-23T17:33:54:  Event file ................: /cta/carli/CPPM_Internship/Simulations_and_Analyses/plus_gradient_EDisp_South_z40_50h/source2a/obs_cube.fits
2019-07-23T17:33:54:  Event type ................: CountsCube
2019-07-23T17:33:54:  Statistic .................: cstat
2019-07-23T17:33:54:  Ontime ....................: 144000 s
2019-07-23T17:33:54:  Livetime ..................: 141120 s
2019-07-23T17:33:54:  Deadtime correction .......: 0.98
2019-07-23T17:33:54:  User energy range .........: undefined
2019-07-23T17:33:54: === GCTAPointing ===
2019-07-23T17:33:54:  Pointing direction ........: (RA,Dec)=(84.1331,22.0145)
2019-07-23T17:33:54: === GCTAResponseCube ===
2019-07-23T17:33:54:  Energy dispersion .........: Used
2019-07-23T17:33:54: === GCTACubeExposure ===
2019-07-23T17:33:54:  Filename ..................: /cta/carli/CPPM_Internship/Simulations_and_Analyses/plus_gradient_EDisp_South_z40_50h/source2a/exposure_cube.fits
2019-07-23T17:33:54:  Livetime ..................: 141120 sec
2019-07-23T17:33:54: === GEnergies ===
2019-07-23T17:33:54:  Number of energies ........: 33
2019-07-23T17:33:54: === GGti ===
2019-07-23T17:33:54:  Number of intervals .......: 1
2019-07-23T17:33:54:  Ontime ....................: 144000 sec
2019-07-23T17:33:54:  Elapsed time ..............: 144000 sec
2019-07-23T17:33:54:  MJD range .................: 51544.5 - 51546.1666666667 s (TT)
2019-07-23T17:33:54:  UTC range .................: 2000-01-01T11:58:56 - 2000-01-03T03:58:56 s (TT)
2019-07-23T17:33:54:  Reference MJD .............: 51544.5
2019-07-23T17:33:54: === GSkyMap ===
2019-07-23T17:33:54:  Number of pixels ..........: 6400
2019-07-23T17:33:54:  X axis dimension ..........: 80
2019-07-23T17:33:54:  Y axis dimension ..........: 80
2019-07-23T17:33:54:  Number of maps ............: 33
2019-07-23T17:33:54:  Shape of maps .............: (33)
2019-07-23T17:33:54: === GCTACubePsf ===
2019-07-23T17:33:54:  Filename ..................: /cta/carli/CPPM_Internship/Simulations_and_Analyses/plus_gradient_EDisp_South_z40_50h/source2a/PSF_cube.fits
2019-07-23T17:33:54: === GEnergies ===
2019-07-23T17:33:54:  Number of energies ........: 33
2019-07-23T17:33:54:  Number of delta bins ......: 200
2019-07-23T17:33:54:  Delta range ...............: 1.875e-06 - 0.298501875 deg
2019-07-23T17:33:54: === GSkyMap ===
2019-07-23T17:33:54:  Number of pixels ..........: 1
2019-07-23T17:33:54:  X axis dimension ..........: 1
2019-07-23T17:33:54:  Y axis dimension ..........: 1
2019-07-23T17:33:54:  Number of maps ............: 6600
2019-07-23T17:33:54:  Shape of maps .............: (200, 33)
2019-07-23T17:33:54: === GCTACubeEdisp ===
2019-07-23T17:33:54:  Filename ..................: /cta/carli/CPPM_Internship/Simulations_and_Analyses/plus_gradient_EDisp_South_z40_50h/source2a/edisp_cube.fits
2019-07-23T17:33:54: === GEnergies ===
2019-07-23T17:33:54:  Number of energies ........: 33
2019-07-23T17:33:54:  Number of migra bins ......: 100
2019-07-23T17:33:54:  Migra range ...............: 0.02 - 2
2019-07-23T17:33:54: === GSkyMap ===
2019-07-23T17:33:54:  Number of pixels ..........: 1
2019-07-23T17:33:54:  X axis dimension ..........: 1
2019-07-23T17:33:54:  Y axis dimension ..........: 1
2019-07-23T17:33:54:  Number of maps ............: 3300
2019-07-23T17:33:54:  Shape of maps .............: (100, 33)
2019-07-23T17:33:54: === GCTACubeBackground ===
2019-07-23T17:33:54:  Filename ..................: /cta/carli/CPPM_Internship/Simulations_and_Analyses/plus_gradient_EDisp_South_z40_50h/source2a/background_cube.fits
2019-07-23T17:33:54: === GEbounds ===
2019-07-23T17:33:54:  Number of intervals .......: 32
2019-07-23T17:33:54:  Energy range ..............: 100 GeV - 199.526229858398 TeV
2019-07-23T17:33:54: === GSkyMap ===
2019-07-23T17:33:54:  Number of pixels ..........: 6400
2019-07-23T17:33:54:  X axis dimension ..........: 80
2019-07-23T17:33:54:  Y axis dimension ..........: 80
2019-07-23T17:33:54:  Number of maps ............: 32
2019-07-23T17:33:54:  Shape of maps .............: (32)
2019-07-23T17:33:54: === GCTAResponseCache ===
2019-07-23T17:33:54:  Number of cached values ...: 0
2019-07-23T17:33:54: === GCTAEventCube ===
2019-07-23T17:33:54:  Number of events ..........: 289486
2019-07-23T17:33:54:  Number of elements ........: 204800
2019-07-23T17:33:54:  Number of pixels ..........: 6400
2019-07-23T17:33:54:  Number of energy bins .....: 32
2019-07-23T17:33:54:  Time interval .............: 51544.5 - 51546.1666666667 days
2019-07-23T17:33:54:  Pointing ..................: (RA,Dec)=(84.1331,22.0145)
2019-07-23T17:33:54: === GEbounds ===
2019-07-23T17:33:54:  Number of intervals .......: 32
2019-07-23T17:33:54:  Energy range ..............: 100 GeV - 199.526229858398 TeV
2019-07-23T17:33:54: === GSkyMap ===
2019-07-23T17:33:54:  Number of pixels ..........: 6400
2019-07-23T17:33:54:  X axis dimension ..........: 80
2019-07-23T17:33:54:  Y axis dimension ..........: 80
2019-07-23T17:33:54:  Number of maps ............: 32
2019-07-23T17:33:54:  Shape of maps .............: (32)
2019-07-23T17:33:54: === GSkyRegions ===
2019-07-23T17:33:54:  Number of regions .........: 0
2019-07-23T17:33:54: === GModels ===
2019-07-23T17:33:54:  Number of models ..........: 2
2019-07-23T17:33:54:  Number of parameters ......: 11
2019-07-23T17:33:54: === GModelSky ===
2019-07-23T17:33:54:  Name ......................: source2a
2019-07-23T17:33:54:  Instruments ...............: all
2019-07-23T17:33:54:  Test Statistic ............: Computation requested
2019-07-23T17:33:54:  Observation identifiers ...: all
2019-07-23T17:33:54:  Model type ................: PointSource
2019-07-23T17:33:54:  Model components ..........: "PointSource" * "ExponentialCutoffPowerLaw" * "Constant"
2019-07-23T17:33:54:  Number of parameters ......: 7
2019-07-23T17:33:54:  Number of spatial par's ...: 2
2019-07-23T17:33:54:   RA .......................: 83.6331 [-360,360] deg (fixed,scale=1)
2019-07-23T17:33:54:   DEC ......................: 22.0145 [-90,90] deg (fixed,scale=1)
2019-07-23T17:33:54:  Number of spectral par's ..: 4
2019-07-23T17:33:54:   Prefactor ................: 7.6e-19 +/- 0 [1e-26,1e-16] ph/cm2/s/MeV (free,scale=1e-19,gradient)
2019-07-23T17:33:54:   Index ....................: -2 +/- 0 [-0,-5]  (free,scale=-1,gradient)
2019-07-23T17:33:54:   CutoffEnergy .............: 100000000 +/- 0 [1000000,100000000000] MeV (free,scale=100000000,gradient)
2019-07-23T17:33:54:   PivotEnergy ..............: 1000000 [10000,1000000000] MeV (fixed,scale=1000000,gradient)
2019-07-23T17:33:54:  Number of temporal par's ..: 1
2019-07-23T17:33:54:   Normalization ............: 1 (relative value) (fixed,scale=1,gradient)
2019-07-23T17:33:54:  Number of scale par's .....: 0
2019-07-23T17:33:54: === GCTAModelCubeBackground ===
2019-07-23T17:33:54:  Name ......................: BackgroundModel
2019-07-23T17:33:54:  Instruments ...............: CTA, HESS, MAGIC, VERITAS
2019-07-23T17:33:54:  Observation identifiers ...: all
2019-07-23T17:33:54:  Model type ................: "PowerLaw" * "Constant"
2019-07-23T17:33:54:  Number of parameters ......: 4
2019-07-23T17:33:54:  Number of spectral par's ..: 3
2019-07-23T17:33:54:   Prefactor ................: 1 +/- 0 [0.01,100] ph/cm2/s/MeV (free,scale=1,gradient)
2019-07-23T17:33:54:   Index ....................: 0 +/- 0 [-5,5]  (free,scale=1,gradient)
2019-07-23T17:33:54:   PivotEnergy ..............: 1000000 MeV (fixed,scale=1000000,gradient)
2019-07-23T17:33:54:  Number of temporal par's ..: 1
2019-07-23T17:33:54:   Normalization ............: 1 (relative value) (fixed,scale=1,gradient)
2019-07-23T17:33:54: 
2019-07-23T17:33:54: +=================================+
2019-07-23T17:33:54: | Maximum likelihood optimisation |
2019-07-23T17:33:54: +=================================+
2019-07-23T17:34:25:  >Iteration   0: -logL=-267188.268, Lambda=1.0e-03
2019-07-23T17:34:54:  >Iteration   1: -logL=-267876.718, Lambda=1.0e-03, delta=688.449, step=1.0e+00, max(|grad|)=2512.650276 [Index:8]
2019-07-23T17:35:23:  >Iteration   2: -logL=-267886.575, Lambda=1.0e-04, delta=9.857, step=1.0e+00, max(|grad|)=128.255138 [Index:3]
2019-07-23T17:35:51:  >Iteration   3: -logL=-267888.892, Lambda=1.0e-05, delta=2.317, step=1.0e+00, max(|grad|)=92.965559 [Index:3]
2019-07-23T17:36:20:  >Iteration   4: -logL=-267889.852, Lambda=1.0e-06, delta=0.959, step=1.0e+00, max(|grad|)=68.775185 [Index:3]
2019-07-23T17:36:49:  >Iteration   5: -logL=-267890.219, Lambda=1.0e-07, delta=0.367, step=1.0e+00, max(|grad|)=55.346920 [Index:3]
2019-07-23T17:37:18:  >Iteration   6: -logL=-267890.332, Lambda=1.0e-08, delta=0.114, step=1.0e+00, max(|grad|)=50.635821 [Index:3]
2019-07-23T17:37:18:    Parameter "CutoffEnergy" drives optimization step (step=0.101231)
2019-07-23T17:37:47:  >Iteration   7: -logL=-267890.351, Lambda=1.0e-09, delta=0.018, step=1.0e-01, max(|grad|)=49.473554 [Index:3]
2019-07-23T17:37:47:    Parameter "CutoffEnergy" does not drive optimization step anymore.
2019-07-23T17:37:47:    Parameter "CutoffEnergy" hits maximum: 100026 > 1000 (1)
2019-07-23T17:38:16:   Iteration   8: -logL=-267890.339, Lambda=1.0e-10, delta=-0.012, step=1.0e+00, max(|grad|)=51.186013 [Index:3] (stalled)
2019-07-23T17:38:16:    Parameter "CutoffEnergy" hits maximum: 99934.5 > 1000 (2)
2019-07-23T17:38:45:   Iteration   9: -logL=-267890.339, Lambda=1.0e-09, delta=-0.000, step=1.0e+00, max(|grad|)=51.191680 [Index:3] (stalled)
2019-07-23T17:38:45:    Parameter "CutoffEnergy" hits maximum: 99934.7 > 1000 (3)
2019-07-23T17:39:13:   Iteration  10: -logL=-267890.339, Lambda=1.0e-08, delta=-0.000, step=1.0e+00, max(|grad|)=51.191978 [Index:3] (stalled)
2019-07-23T17:39:13:    Parameter "CutoffEnergy" hits maximum 1000 more than 3 times. Fix parameter at maximum for now.
2019-07-23T17:39:34:  >Iteration  11: -logL=-267890.339, Lambda=1.0e-07, delta=0.000, step=1.0e+00, max(|grad|)=51.191436 [Index:3]
2019-07-23T17:39:34:    Free parameter "CutoffEnergy" after convergence was reached with frozen parameter.
2019-07-23T17:40:03:  >Iteration  12: -logL=-267890.515, Lambda=1.0e-03, delta=0.176, step=1.0e+00, max(|grad|)=1.289242 [Index:3]
2019-07-23T17:40:03:    Parameter "CutoffEnergy" hits maximum: 102283 > 1000 (1)
2019-07-23T17:40:32:   Iteration  13: -logL=-267890.515, Lambda=1.0e-04, delta=-0.177, step=1.0e+00, max(|grad|)=51.239856 [Index:3] (stalled)
2019-07-23T17:40:32:    Parameter "CutoffEnergy" hits maximum: 102036 > 1000 (2)
2019-07-23T17:41:01:   Iteration  14: -logL=-267890.515, Lambda=1.0e-03, delta=-0.176, step=1.0e+00, max(|grad|)=51.074368 [Index:3] (stalled)
2019-07-23T17:41:01:    Parameter "CutoffEnergy" hits maximum: 99632.5 > 1000 (3)
2019-07-23T17:41:30:   Iteration  15: -logL=-267890.515, Lambda=1.0e-02, delta=-0.165, step=1.0e+00, max(|grad|)=49.470300 [Index:3] (stalled)
2019-07-23T17:41:30:    Parameter "CutoffEnergy" hits maximum 1000 more than 3 times. Fix parameter at maximum for now.
2019-07-23T17:41:51:   Iteration  16: -logL=-267890.515, Lambda=1.0e-01, delta=-0.094, step=1.0e+00, max(|grad|)=37.300231 [Index:3] (stalled)
2019-07-23T17:42:12:   Iteration  17: -logL=-267890.515, Lambda=1.0e+00, delta=-0.005, step=1.0e+00, max(|grad|)=8.868400 [Index:3] (stalled)
2019-07-23T17:42:33:   Iteration  18: -logL=-267890.515, Lambda=1.0e+01, delta=-0.000, step=1.0e+00, max(|grad|)=1.427231 [Index:3] (stalled)
2019-07-23T17:42:53:  >Iteration  19: -logL=-267890.515, Lambda=1.0e+02, delta=0.000, step=1.0e+00, max(|grad|)=1.279064 [Index:3]
2019-07-23T17:42:53:    Free parameter "CutoffEnergy" after convergence was reached with frozen parameter.
2019-07-23T17:42:53:  
2019-07-23T17:42:53:  +==================+
2019-07-23T17:42:53:  | Curvature matrix |
2019-07-23T17:42:53:  +==================+
2019-07-23T17:42:53:  === GMatrixSparse ===
2019-07-23T17:42:53:   Number of rows ............: 11
2019-07-23T17:42:53:   Number of columns .........: 11
2019-07-23T17:42:53:   Number of nonzero elements : 16
2019-07-23T17:42:53:   Number of allocated cells .: 528
2019-07-23T17:42:53:   Memory block size .........: 512
2019-07-23T17:42:53:   Sparse matrix fill ........: 0.132231404958678
2019-07-23T17:42:53:   Pending element ...........: 0
2019-07-23T17:42:53:   Fill stack size ...........: 0 (none)
2019-07-23T17:42:53:   0, 0, 0, 0, 0, 0, 0, 0, 0, 0, 0
2019-07-23T17:42:53:   0, 0, 0, 0, 0, 0, 0, 0, 0, 0, 0
2019-07-23T17:42:53:   0, 0, 68.9268793044579, -234.455865635394, 0, 0, 0, 272.4635264837, -340.39778120887, 0, 0
2019-07-23T17:42:53:   0, 0, -234.455865635394, 8020.8504044295, 0, 0, 0, 2704.11656276917, -4586.04757799724, 0, 0
2019-07-23T17:42:53:   0, 0, 0, 0, 0, 0, 0, 0, 0, 0, 0
2019-07-23T17:42:53:   0, 0, 0, 0, 0, 0, 0, 0, 0, 0, 0
2019-07-23T17:42:53:   0, 0, 0, 0, 0, 0, 0, 0, 0, 0, 0
2019-07-23T17:42:53:   0, 0, 272.463526483699, 2704.11656276916, 0, 0, 0, 327368.953870988, -477556.383014717, 0, 0
2019-07-23T17:42:53:   0, 0, -340.39778120887, -4586.04757799724, 0, 0, 0, -477556.383014717, 842737.692784463, 0, 0
2019-07-23T17:42:53:   0, 0, 0, 0, 0, 0, 0, 0, 0, 0, 0
2019-07-23T17:42:53:   0, 0, 0, 0, 0, 0, 0, 0, 0, 0, 0
2019-07-23T17:43:22: 
2019-07-23T17:43:22: +====================================+
2019-07-23T17:43:22: | Maximum likelihood re-optimisation |
2019-07-23T17:43:22: +====================================+
2019-07-23T17:43:23:  >Iteration   0: -logL=-259397.257, Lambda=1.0e-03
2019-07-23T17:43:24:  >Iteration   1: -logL=-259653.055, Lambda=1.0e-03, delta=255.798, step=1.0e+00, max(|grad|)=-1335.492246 [Prefactor:0]
2019-07-23T17:43:24:  >Iteration   2: -logL=-259660.590, Lambda=1.0e-04, delta=7.535, step=1.0e+00, max(|grad|)=-42.374019 [Index:1]
2019-07-23T17:43:25:  >Iteration   3: -logL=-259660.628, Lambda=1.0e-05, delta=0.038, step=1.0e+00, max(|grad|)=-8.071261 [Index:1]
2019-07-23T17:43:25:  >Iteration   4: -logL=-259660.628, Lambda=1.0e-06, delta=0.000, step=1.0e+00, max(|grad|)=-0.659012 [Index:1]
2019-07-23T17:43:25: 
2019-07-23T17:43:25: +============================================+
2019-07-23T17:43:25: | Maximum likelihood re-optimisation results |
2019-07-23T17:43:25: +============================================+
2019-07-23T17:43:25: === GOptimizerLM ===
2019-07-23T17:43:25:  Optimized function value ..: -259660.628
2019-07-23T17:43:25:  Absolute precision ........: 0.005
2019-07-23T17:43:25:  Acceptable value decrease .: 2
2019-07-23T17:43:25:  Optimization status .......: converged
2019-07-23T17:43:25:  Number of parameters ......: 4
2019-07-23T17:43:25:  Number of free parameters .: 2
2019-07-23T17:43:25:  Number of iterations ......: 4
2019-07-23T17:43:25:  Lambda ....................: 1e-07
2019-07-23T17:43:25: 
2019-07-23T17:43:25: +=========================================+
2019-07-23T17:43:25: | Maximum likelihood optimisation results |
2019-07-23T17:43:25: +=========================================+
2019-07-23T17:43:25: === GOptimizerLM ===
2019-07-23T17:43:25:  Optimized function value ..: -267890.515
2019-07-23T17:43:25:  Absolute precision ........: 0.005
2019-07-23T17:43:25:  Acceptable value decrease .: 2
2019-07-23T17:43:25:  Optimization status .......: converged
2019-07-23T17:43:25:  Number of parameters ......: 11
2019-07-23T17:43:25:  Number of free parameters .: 5
2019-07-23T17:43:25:  Number of iterations ......: 19
2019-07-23T17:43:25:  Lambda ....................: 10
2019-07-23T17:43:25:  Maximum log likelihood ....: 267890.515
2019-07-23T17:43:25:  Observed events  (Nobs) ...: 289486.000
2019-07-23T17:43:25:  Predicted events (Npred) ..: 287817.855 (Nobs - Npred = 1668.14537792833)
2019-07-23T17:43:25: === GModels ===
2019-07-23T17:43:25:  Number of models ..........: 2
2019-07-23T17:43:25:  Number of parameters ......: 11
2019-07-23T17:43:25: === GModelSky ===
2019-07-23T17:43:25:  Name ......................: source2a
2019-07-23T17:43:25:  Instruments ...............: all
2019-07-23T17:43:25:  Test Statistic ............: 16459.7733008648
2019-07-23T17:43:25:  Observation identifiers ...: all
2019-07-23T17:43:25:  Model type ................: PointSource
2019-07-23T17:43:25:  Model components ..........: "PointSource" * "ExponentialCutoffPowerLaw" * "Constant"
2019-07-23T17:43:25:  Number of parameters ......: 7
2019-07-23T17:43:25:  Number of spatial par's ...: 2
2019-07-23T17:43:25:   RA .......................: 83.6331 [-360,360] deg (fixed,scale=1)
2019-07-23T17:43:25:   DEC ......................: 22.0145 [-90,90] deg (fixed,scale=1)
2019-07-23T17:43:25:  Number of spectral par's ..: 4
2019-07-23T17:43:25:   Prefactor ................: 7.29487155857337e-19 +/- 1.29989151226616e-20 [1e-26,1e-16] ph/cm2/s/MeV (free,scale=1e-19,gradient)
2019-07-23T17:43:25:   Index ....................: -2.02887377137931 +/- 0.0153175021432119 [-0,-5]  (free,scale=-1,gradient)
2019-07-23T17:43:25:   CutoffEnergy .............: 100000000000 +/- 16276751144012.4 [1000000,100000000000] MeV (free,scale=100000000,gradient)
2019-07-23T17:43:25:   PivotEnergy ..............: 1000000 [10000,1000000000] MeV (fixed,scale=1000000,gradient)
2019-07-23T17:43:25:  Number of temporal par's ..: 1
2019-07-23T17:43:25:   Normalization ............: 1 (relative value) (fixed,scale=1,gradient)
2019-07-23T17:43:25:  Number of scale par's .....: 0
2019-07-23T17:43:25: === GCTAModelCubeBackground ===
2019-07-23T17:43:25:  Name ......................: BackgroundModel
2019-07-23T17:43:25:  Instruments ...............: CTA, HESS, MAGIC, VERITAS
2019-07-23T17:43:25:  Observation identifiers ...: all
2019-07-23T17:43:25:  Model type ................: "PowerLaw" * "Constant"
2019-07-23T17:43:25:  Number of parameters ......: 4
2019-07-23T17:43:25:  Number of spectral par's ..: 3
2019-07-23T17:43:25:   Prefactor ................: 0.925603388776021 +/- 0.00420190226593255 [0.01,100] ph/cm2/s/MeV (free,scale=1,gradient)
2019-07-23T17:43:25:   Index ....................: -0.0053129997085009 +/- 0.00261717058990023 [-5,5]  (free,scale=1,gradient)
2019-07-23T17:43:25:   PivotEnergy ..............: 1000000 MeV (fixed,scale=1000000,gradient)
2019-07-23T17:43:25:  Number of temporal par's ..: 1
2019-07-23T17:43:25:   Normalization ............: 1 (relative value) (fixed,scale=1,gradient)
2019-07-23T17:43:25: 
2019-07-23T17:43:25: +==============+
2019-07-23T17:43:25: | Save results |
2019-07-23T17:43:25: +==============+
2019-07-23T17:43:25:  Model definition file .....: /cta/carli/CPPM_Internship/Simulations_and_Analyses/plus_gradient_EDisp_South_z40_50h/source2a/obsmodel_binned.xml
2019-07-23T17:43:25:  Covariance matrix file ....: NONE
2019-07-23T17:43:25: 
2019-07-23T17:43:25: Application "ctlike" terminated after 572 wall clock seconds, consuming 589.42 seconds of CPU time.
