2019-07-22T15:41:53: ********************************************************************************
2019-07-22T15:41:53: *                                  ctbutterfly                                 *
2019-07-22T15:41:53: * ---------------------------------------------------------------------------- *
2019-07-22T15:41:53: * Version: 1.6.0                                                               *
2019-07-22T15:41:53: ********************************************************************************
2019-07-22T15:41:53: +============+
2019-07-22T15:41:53: | Parameters |
2019-07-22T15:41:53: +============+
2019-07-22T15:41:53:  inobs .....................: /cta/carli/CPPM_Internship/Simulations_and_Analyses/plus_constant_AEff_South_z40_50h/source2c/obs_cube.fits
2019-07-22T15:41:53:  inmodel ...................: /cta/carli/CPPM_Internship/Simulations_and_Analyses/plus_constant_AEff_South_z40_50h/source2c/obsmodel_binned.xml
2019-07-22T15:41:53:  srcname ...................: source2c
2019-07-22T15:41:53:  expcube ...................: /cta/carli/CPPM_Internship/Simulations_and_Analyses/plus_constant_AEff_South_z40_50h/source2c/exposure_cube.fits
2019-07-22T15:41:53:  psfcube ...................: /cta/carli/CPPM_Internship/Simulations_and_Analyses/plus_constant_AEff_South_z40_50h/source2c/PSF_cube.fits
2019-07-22T15:41:53:  edispcube .................: /cta/carli/CPPM_Internship/Simulations_and_Analyses/plus_constant_AEff_South_z40_50h/source2c/edisp_cube.fits
2019-07-22T15:41:53:  bkgcube ...................: /cta/carli/CPPM_Internship/Simulations_and_Analyses/plus_constant_AEff_South_z40_50h/source2c/background_cube.fits
2019-07-22T15:41:53:  caldb .....................: prod3b-v2
2019-07-22T15:41:53:  irf .......................: plus_constant_AEff_South_z40_50h
2019-07-22T15:41:53:  edisp .....................: yes
2019-07-22T15:41:53:  outfile ...................: /cta/carli/CPPM_Internship/Simulations_and_Analyses/plus_constant_AEff_South_z40_50h/source2c/butterfly_binned.ascii
2019-07-22T15:41:53:  method ....................: GAUSSIAN
2019-07-22T15:41:53:  fit .......................: no
2019-07-22T15:41:53:  confidence ................: 0.68
2019-07-22T15:41:53:  statistic .................: DEFAULT
2019-07-22T15:41:53:  like_accuracy .............: 0.005
2019-07-22T15:41:53:  max_iter ..................: 50
2019-07-22T15:41:53:  matrix ....................: NONE
2019-07-22T15:41:53:  ebinalg ...................: LOG
2019-07-22T15:41:53:  emin ......................: 0.1
2019-07-22T15:41:53:  emax ......................: 199.526229858398
2019-07-22T15:41:53:  enumbins ..................: 32
2019-07-22T15:41:53:  ebinfile ..................: [not queried]
2019-07-22T15:41:53:  chatter ...................: 4
2019-07-22T15:41:53:  clobber ...................: yes
2019-07-22T15:41:53:  debug .....................: no
2019-07-22T15:41:53:  mode ......................: ql
2019-07-22T15:41:53:  logfile ...................: ctbutterfly.log
2019-07-22T15:41:53: 
2019-07-22T15:41:53: +===================+
2019-07-22T15:41:53: | Input observation |
2019-07-22T15:41:53: +===================+
2019-07-22T15:41:53: === GObservations ===
2019-07-22T15:41:53:  Number of observations ....: 1
2019-07-22T15:41:53:  Number of models ..........: 2
2019-07-22T15:41:53:  Number of observed events .: 321221
2019-07-22T15:41:53:  Number of predicted events : 0
2019-07-22T15:41:53: === GCTAObservation ===
2019-07-22T15:41:53:  Name ......................: 
2019-07-22T15:41:53:  Identifier ................: 000001
2019-07-22T15:41:53:  Instrument ................: CTA
2019-07-22T15:41:53:  Event file ................: /cta/carli/CPPM_Internship/Simulations_and_Analyses/plus_constant_AEff_South_z40_50h/source2c/obs_cube.fits
2019-07-22T15:41:53:  Event type ................: CountsCube
2019-07-22T15:41:53:  Statistic .................: cstat
2019-07-22T15:41:53:  Ontime ....................: 144000 s
2019-07-22T15:41:53:  Livetime ..................: 141120 s
2019-07-22T15:41:53:  Deadtime correction .......: 0.98
2019-07-22T15:41:53:  User energy range .........: undefined
2019-07-22T15:41:53: === GCTAPointing ===
2019-07-22T15:41:53:  Pointing direction ........: (RA,Dec)=(84.1331,22.0145)
2019-07-22T15:41:53: === GCTAResponseCube ===
2019-07-22T15:41:53:  Energy dispersion .........: Used
2019-07-22T15:41:53: === GCTACubeExposure ===
2019-07-22T15:41:53:  Filename ..................: /cta/carli/CPPM_Internship/Simulations_and_Analyses/plus_constant_AEff_South_z40_50h/source2c/exposure_cube.fits
2019-07-22T15:41:53:  Livetime ..................: 141120 sec
2019-07-22T15:41:53: === GEnergies ===
2019-07-22T15:41:53:  Number of energies ........: 33
2019-07-22T15:41:53: === GGti ===
2019-07-22T15:41:53:  Number of intervals .......: 1
2019-07-22T15:41:53:  Ontime ....................: 144000 sec
2019-07-22T15:41:53:  Elapsed time ..............: 144000 sec
2019-07-22T15:41:53:  MJD range .................: 51544.5 - 51546.1666666667 s (TT)
2019-07-22T15:41:53:  UTC range .................: 2000-01-01T11:58:56 - 2000-01-03T03:58:56 s (TT)
2019-07-22T15:41:53:  Reference MJD .............: 51544.5
2019-07-22T15:41:53: === GSkyMap ===
2019-07-22T15:41:53:  Number of pixels ..........: 6400
2019-07-22T15:41:53:  X axis dimension ..........: 80
2019-07-22T15:41:53:  Y axis dimension ..........: 80
2019-07-22T15:41:53:  Number of maps ............: 33
2019-07-22T15:41:53:  Shape of maps .............: (33)
2019-07-22T15:41:53: === GCTACubePsf ===
2019-07-22T15:41:53:  Filename ..................: /cta/carli/CPPM_Internship/Simulations_and_Analyses/plus_constant_AEff_South_z40_50h/source2c/PSF_cube.fits
2019-07-22T15:41:53: === GEnergies ===
2019-07-22T15:41:53:  Number of energies ........: 33
2019-07-22T15:41:53:  Number of delta bins ......: 200
2019-07-22T15:41:53:  Delta range ...............: 1.875e-06 - 0.298501875 deg
2019-07-22T15:41:53: === GSkyMap ===
2019-07-22T15:41:53:  Number of pixels ..........: 1
2019-07-22T15:41:53:  X axis dimension ..........: 1
2019-07-22T15:41:53:  Y axis dimension ..........: 1
2019-07-22T15:41:53:  Number of maps ............: 6600
2019-07-22T15:41:53:  Shape of maps .............: (200, 33)
2019-07-22T15:41:53: === GCTACubeEdisp ===
2019-07-22T15:41:53:  Filename ..................: /cta/carli/CPPM_Internship/Simulations_and_Analyses/plus_constant_AEff_South_z40_50h/source2c/edisp_cube.fits
2019-07-22T15:41:53: === GEnergies ===
2019-07-22T15:41:53:  Number of energies ........: 33
2019-07-22T15:41:53:  Number of migra bins ......: 100
2019-07-22T15:41:53:  Migra range ...............: 0.02 - 2
2019-07-22T15:41:53: === GSkyMap ===
2019-07-22T15:41:53:  Number of pixels ..........: 1
2019-07-22T15:41:53:  X axis dimension ..........: 1
2019-07-22T15:41:53:  Y axis dimension ..........: 1
2019-07-22T15:41:53:  Number of maps ............: 3300
2019-07-22T15:41:53:  Shape of maps .............: (100, 33)
2019-07-22T15:41:53: === GCTACubeBackground ===
2019-07-22T15:41:53:  Filename ..................: /cta/carli/CPPM_Internship/Simulations_and_Analyses/plus_constant_AEff_South_z40_50h/source2c/background_cube.fits
2019-07-22T15:41:53: === GEbounds ===
2019-07-22T15:41:53:  Number of intervals .......: 32
2019-07-22T15:41:53:  Energy range ..............: 100 GeV - 199.526229858398 TeV
2019-07-22T15:41:53: === GSkyMap ===
2019-07-22T15:41:53:  Number of pixels ..........: 6400
2019-07-22T15:41:53:  X axis dimension ..........: 80
2019-07-22T15:41:53:  Y axis dimension ..........: 80
2019-07-22T15:41:53:  Number of maps ............: 32
2019-07-22T15:41:53:  Shape of maps .............: (32)
2019-07-22T15:41:53: === GCTAResponseCache ===
2019-07-22T15:41:53:  Number of cached values ...: 0
2019-07-22T15:41:53: === GCTAEventCube ===
2019-07-22T15:41:53:  Number of events ..........: 321221
2019-07-22T15:41:53:  Number of elements ........: 204800
2019-07-22T15:41:53:  Number of pixels ..........: 6400
2019-07-22T15:41:53:  Number of energy bins .....: 32
2019-07-22T15:41:53:  Time interval .............: 51544.5 - 51546.1666666667 days
2019-07-22T15:41:53:  Pointing ..................: (RA,Dec)=(84.1331,22.0145)
2019-07-22T15:41:53: === GEbounds ===
2019-07-22T15:41:53:  Number of intervals .......: 32
2019-07-22T15:41:53:  Energy range ..............: 100 GeV - 199.526229858398 TeV
2019-07-22T15:41:53: === GSkyMap ===
2019-07-22T15:41:53:  Number of pixels ..........: 6400
2019-07-22T15:41:53:  X axis dimension ..........: 80
2019-07-22T15:41:53:  Y axis dimension ..........: 80
2019-07-22T15:41:53:  Number of maps ............: 32
2019-07-22T15:41:53:  Shape of maps .............: (32)
2019-07-22T15:41:53: === GSkyRegions ===
2019-07-22T15:41:53:  Number of regions .........: 0
2019-07-22T15:41:53: === GModels ===
2019-07-22T15:41:53:  Number of models ..........: 2
2019-07-22T15:41:53:  Number of parameters ......: 11
2019-07-22T15:41:53: === GModelSky ===
2019-07-22T15:41:53:  Name ......................: source2c
2019-07-22T15:41:53:  Instruments ...............: all
2019-07-22T15:41:53:  Test Statistic ............: 72534.2
2019-07-22T15:41:53:  Observation identifiers ...: all
2019-07-22T15:41:53:  Model type ................: PointSource
2019-07-22T15:41:53:  Model components ..........: "PointSource" * "ExponentialCutoffPowerLaw" * "Constant"
2019-07-22T15:41:53:  Number of parameters ......: 7
2019-07-22T15:41:53:  Number of spatial par's ...: 2
2019-07-22T15:41:53:   RA .......................: 83.6331 [-360,360] deg (fixed,scale=1)
2019-07-22T15:41:53:   DEC ......................: 22.0145 [-90,90] deg (fixed,scale=1)
2019-07-22T15:41:53:  Number of spectral par's ..: 4
2019-07-22T15:41:53:   Prefactor ................: 2.27704542944832e-18 +/- 2.11082651799149e-20 [1e-25,1e-15] ph/cm2/s/MeV (free,scale=1e-18,gradient)
2019-07-22T15:41:53:   Index ....................: -2.00667101545677 +/- 0.00813970899251514 [-0,-5]  (free,scale=-1,gradient)
2019-07-22T15:41:53:   CutoffEnergy .............: 124235587.161068 +/- 18476197.7268763 [1000000,100000000000] MeV (free,scale=100000000,gradient)
2019-07-22T15:41:53:   PivotEnergy ..............: 1000000 [10000,1000000000] MeV (fixed,scale=1000000,gradient)
2019-07-22T15:41:53:  Number of temporal par's ..: 1
2019-07-22T15:41:53:   Normalization ............: 1 (relative value) (fixed,scale=1,gradient)
2019-07-22T15:41:53:  Number of scale par's .....: 0
2019-07-22T15:41:53: === GCTAModelCubeBackground ===
2019-07-22T15:41:53:  Name ......................: BackgroundModel
2019-07-22T15:41:53:  Instruments ...............: CTA, HESS, MAGIC, VERITAS
2019-07-22T15:41:53:  Observation identifiers ...: all
2019-07-22T15:41:53:  Model type ................: "PowerLaw" * "Constant"
2019-07-22T15:41:53:  Number of parameters ......: 4
2019-07-22T15:41:53:  Number of spectral par's ..: 3
2019-07-22T15:41:53:   Prefactor ................: 0.992711401334689 +/- 0.00441715189309424 [0.01,100] ph/cm2/s/MeV (free,scale=1,gradient)
2019-07-22T15:41:53:   Index ....................: -0.00350720469549343 +/- 0.00257441062099555 [-5,5]  (free,scale=1,gradient)
2019-07-22T15:41:53:   PivotEnergy ..............: 1000000 MeV (fixed,scale=1000000,gradient)
2019-07-22T15:41:53:  Number of temporal par's ..: 1
2019-07-22T15:41:53:   Normalization ............: 1 (relative value) (fixed,scale=1,gradient)
2019-07-22T15:41:53: 
2019-07-22T15:41:53: +===========================+
2019-07-22T15:41:53: | Compute covariance matrix |
2019-07-22T15:41:53: +===========================+
2019-07-22T15:42:24: === GMatrixSparse ===
2019-07-22T15:42:24:  Number of rows ............: 11
2019-07-22T15:42:24:  Number of columns .........: 11
2019-07-22T15:42:24:  Number of nonzero elements : 25
2019-07-22T15:42:24:  Number of allocated cells .: 512
2019-07-22T15:42:24:  Memory block size .........: 512
2019-07-22T15:42:24:  Sparse matrix fill ........: 0.206611570247934
2019-07-22T15:42:24:  Pending element ...........: 0
2019-07-22T15:42:24:  Fill stack size ...........: 0 (none)
2019-07-22T15:42:24:  0, 0, 0, 0, 0, 0, 0, 0, 0, 0, 0
2019-07-22T15:42:24:  0, 0, 0, 0, 0, 0, 0, 0, 0, 0, 0
2019-07-22T15:42:24:  0, 0, 4.45558858905468e-40, 1.97940564472137e-23, -1.38221573292294e-13, 0, 0, -2.89610457667116e-24, -5.20691097954569e-25, 0, 0
2019-07-22T15:42:24:  0, 0, 1.97940564472137e-23, 6.6254862482774e-05, -96576.4324906505, 0, 0, 2.70938023179249e-07, -5.87457845133139e-07, 0, 0
2019-07-22T15:42:24:  0, 0, -1.38221573292294e-13, -96576.4324906505, 341369882441996, 0, 0, 65.1348451019061, 796.080059391611, 0, 0
2019-07-22T15:42:24:  0, 0, 0, 0, 0, 0, 0, 0, 0, 0, 0
2019-07-22T15:42:24:  0, 0, 0, 0, 0, 0, 0, 0, 0, 0, 0
2019-07-22T15:42:24:  0, 0, -2.89610457667116e-24, 2.70938023179249e-07, 65.1348451019051, 0, 0, 1.95112308466674e-05, 1.03522858613848e-05, 0, 0
2019-07-22T15:42:24:  0, 0, -5.20691097954568e-25, -5.87457845133139e-07, 796.08005939161, 0, 0, 1.03522858613848e-05, 6.62759004549592e-06, 0, 0
2019-07-22T15:42:24:  0, 0, 0, 0, 0, 0, 0, 0, 0, 0, 0
2019-07-22T15:42:24:  0, 0, 0, 0, 0, 0, 0, 0, 0, 0, 0
2019-07-22T15:42:24: 
2019-07-22T15:42:24: +===============================+
2019-07-22T15:42:24: | Prepare butterfly computation |
2019-07-22T15:42:24: +===============================+
2019-07-22T15:42:24:  Confidence level ..........: 0.68
2019-07-22T15:42:24:  Corresponding scaling .....: 0.994458
2019-07-22T15:42:24: 
2019-07-22T15:42:24: +====================+
2019-07-22T15:42:24: | Generate butterfly |
2019-07-22T15:42:24: +====================+
2019-07-22T15:42:24: 
2019-07-22T15:42:24: +=========+
2019-07-22T15:42:24: | Results |
2019-07-22T15:42:24: +=========+
2019-07-22T15:42:24:  Intensity at 112606.251051226 MeV : 1.82045561705358e-16 (1.78581368053404e-16, 1.85509755357311e-16) ph/cm2/s/MeV
2019-07-22T15:42:24:  Intensity at 142786.615593472 MeV : 1.13015144458121e-16 (1.1105080311491e-16, 1.14979485801332e-16) ph/cm2/s/MeV
2019-07-22T15:42:24:  Intensity at 181055.824186555 MeV : 7.01560158113665e-17 (6.90480235845606e-17, 7.12640080381724e-17) ph/cm2/s/MeV
2019-07-22T15:42:24:  Intensity at 229581.822747338 MeV : 4.35469091293777e-17 (4.29248907806816e-17, 4.41689274780737e-17) ph/cm2/s/MeV
2019-07-22T15:42:24:  Intensity at 291113.603071291 MeV : 2.70274011828617e-17 (2.6679335813984e-17, 2.73754665517394e-17) ph/cm2/s/MeV
2019-07-22T15:42:24:  Intensity at 369136.932876502 MeV : 1.67723374338952e-17 (1.65776054667589e-17, 1.69670694010316e-17) ph/cm2/s/MeV
2019-07-22T15:42:24:  Intensity at 468071.824112259 MeV : 1.04066223106287e-17 (1.02971014119808e-17, 1.05161432092766e-17) ph/cm2/s/MeV
2019-07-22T15:42:24:  Intensity at 593522.926087366 MeV : 6.4555507711011e-18 (6.3931084934293e-18, 6.51799304877289e-18) ph/cm2/s/MeV
2019-07-22T15:42:24:  Intensity at 752597.028157849 MeV : 4.00349483171727e-18 (3.96702445012111e-18, 4.03996521331343e-18) ph/cm2/s/MeV
2019-07-22T15:42:24:  Intensity at 954305.65846188 MeV : 2.48196815159492e-18 (2.45994395416814e-18, 2.50399234902169e-18) ph/cm2/s/MeV
2019-07-22T15:42:24:  Intensity at 1210075.58587031 MeV : 1.53802768389096e-18 (1.52423243733084e-18, 1.55182293045107e-18) ph/cm2/s/MeV
2019-07-22T15:42:24:  Intensity at 1534396.14502492 MeV : 9.52560275517675e-19 (9.43643503393956e-19, 9.61477047641393e-19) ph/cm2/s/MeV
2019-07-22T15:42:24:  Intensity at 1945640.05534746 MeV : 5.8954494370674e-19 (5.83659602144289e-19, 5.9543028526919e-19) ph/cm2/s/MeV
2019-07-22T15:42:24:  Intensity at 2467104.23331454 MeV : 3.64549134091121e-19 (3.60626125745302e-19, 3.68472142436939e-19) ph/cm2/s/MeV
2019-07-22T15:42:24:  Intensity at 3128329.55988436 MeV : 2.25167992234637e-19 (2.22549854543835e-19, 2.27786129925439e-19) ph/cm2/s/MeV
2019-07-22T15:42:24:  Intensity at 3966774.36773649 MeV : 1.38879366771411e-19 (1.37139872551679e-19, 1.40618860991142e-19) ph/cm2/s/MeV
2019-07-22T15:42:24:  Intensity at 5029936.45116879 MeV : 8.55033731660708e-20 (8.43565165547198e-20, 8.66502297774218e-20) ph/cm2/s/MeV
2019-07-22T15:42:24:  Intensity at 6378043.81024912 MeV : 5.25209624802881e-20 (5.17716131130044e-20, 5.32703118475718e-20) ph/cm2/s/MeV
2019-07-22T15:42:24:  Intensity at 8087466.55954362 MeV : 3.21676283068532e-20 (3.16821448576288e-20, 3.26531117560775e-20) ph/cm2/s/MeV
2019-07-22T15:42:24:  Intensity at 10255043.285628 MeV : 1.96292552970728e-20 (1.93164963731926e-20, 1.99420142209529e-20) ph/cm2/s/MeV
2019-07-22T15:42:24:  Intensity at 13003566.9409974 MeV : 1.19222375119677e-20 (1.17206497958453e-20, 1.21238252280902e-20) ph/cm2/s/MeV
2019-07-22T15:42:24:  Intensity at 16488741.0495845 MeV : 7.19841004701532e-21 (7.06706141328808e-21, 7.32975868074256e-21) ph/cm2/s/MeV
2019-07-22T15:42:24:  Intensity at 20908000.2920645 MeV : 4.31370142540118e-21 (4.22603276847516e-21, 4.40137008232719e-21) ph/cm2/s/MeV
2019-07-22T15:42:24:  Intensity at 26511695.1560098 MeV : 2.5604901579504e-21 (2.49991705307914e-21, 2.62106326282166e-21) ph/cm2/s/MeV
2019-07-22T15:42:24:  Intensity at 33617274.2599379 MeV : 1.50157127940459e-21 (1.45824384355876e-21, 1.54489871525043e-21) ph/cm2/s/MeV
2019-07-22T15:42:24:  Intensity at 42627267.7781488 MeV : 8.67184426906242e-22 (8.35488122672383e-22, 8.98880731140101e-22) ph/cm2/s/MeV
2019-07-22T15:42:24:  Intensity at 54052090.7251378 MeV : 4.91174020305863e-22 (4.67888498574201e-22, 5.14459542037524e-22) ph/cm2/s/MeV
2019-07-22T15:42:24:  Intensity at 68538957.9028144 MeV : 2.7142835522092e-22 (2.54550041569008e-22, 2.88306668872832e-22) ph/cm2/s/MeV
2019-07-22T15:42:24:  Intensity at 86908548.5386981 MeV : 1.45379133711098e-22 (1.33485215064156e-22, 1.57273052358039e-22) ph/cm2/s/MeV
2019-07-22T15:42:24:  Intensity at 110201497.662297 MeV : 7.48407601548214e-23 (6.67960082122199e-23, 8.28855120974229e-23) ph/cm2/s/MeV
2019-07-22T15:42:24:  Intensity at 139737347.950364 MeV : 3.66396052212391e-23 (3.14825442958905e-23, 4.17966661465877e-23) ph/cm2/s/MeV
2019-07-22T15:42:24:  Intensity at 177189301.655759 MeV : 1.68302588246699e-23 (1.37410241374863e-23, 1.99194935118534e-23) ph/cm2/s/MeV
2019-07-22T15:42:24: 
2019-07-22T15:42:24: +========================+
2019-07-22T15:42:24: | Save Butterfly diagram |
2019-07-22T15:42:24: +========================+
2019-07-22T15:42:24:  Butterfly file ............: /cta/carli/CPPM_Internship/Simulations_and_Analyses/plus_constant_AEff_South_z40_50h/source2c/butterfly_binned.ascii
2019-07-22T15:42:24: 
2019-07-22T15:42:24: Application "ctbutterfly" terminated after 32 wall clock seconds, consuming 33.34 seconds of CPU time.
