2019-07-25T09:17:14: ********************************************************************************
2019-07-25T09:17:14: *                                    cterror                                   *
2019-07-25T09:17:14: * ---------------------------------------------------------------------------- *
2019-07-25T09:17:14: * Version: 1.6.0                                                               *
2019-07-25T09:17:14: ********************************************************************************
2019-07-25T09:17:15: +============+
2019-07-25T09:17:15: | Parameters |
2019-07-25T09:17:15: +============+
2019-07-25T09:17:15:  inobs .....................: /cta/carli/CPPM_Internship/Simulations_and_Analyses/minus_gradient_EDisp_South_z40_50h/source1b/obs_cube.fits
2019-07-25T09:17:15:  inmodel ...................: /cta/carli/CPPM_Internship/Simulations_and_Analyses/minus_gradient_EDisp_South_z40_50h/source1b/obsmodel_binned.xml
2019-07-25T09:17:15:  srcname ...................: source1b
2019-07-25T09:17:15:  expcube ...................: /cta/carli/CPPM_Internship/Simulations_and_Analyses/minus_gradient_EDisp_South_z40_50h/source1b/exposure_cube.fits
2019-07-25T09:17:15:  psfcube ...................: /cta/carli/CPPM_Internship/Simulations_and_Analyses/minus_gradient_EDisp_South_z40_50h/source1b/PSF_cube.fits
2019-07-25T09:17:15:  edispcube .................: /cta/carli/CPPM_Internship/Simulations_and_Analyses/minus_gradient_EDisp_South_z40_50h/source1b/edisp_cube.fits
2019-07-25T09:17:15:  bkgcube ...................: /cta/carli/CPPM_Internship/Simulations_and_Analyses/minus_gradient_EDisp_South_z40_50h/source1b/background_cube.fits
2019-07-25T09:17:15:  caldb .....................: prod3b-v2
2019-07-25T09:17:15:  irf .......................: minus_gradient_EDisp_South_z40_50h
2019-07-25T09:17:15:  edisp .....................: yes
2019-07-25T09:17:15:  outmodel ..................: 
2019-07-25T09:17:15:  confidence ................: 0.68
2019-07-25T09:17:15:  tol .......................: 1e-3
2019-07-25T09:17:15:  statistic .................: DEFAULT
2019-07-25T09:17:15:  like_accuracy .............: 0.005
2019-07-25T09:17:15:  max_iter ..................: 50
2019-07-25T09:17:15:  nthreads ..................: 0
2019-07-25T09:17:15:  chatter ...................: 4
2019-07-25T09:17:15:  clobber ...................: yes
2019-07-25T09:17:15:  debug .....................: no
2019-07-25T09:17:15:  mode ......................: ql
2019-07-25T09:17:15:  logfile ...................: cterror68.log
2019-07-25T09:17:15: 
2019-07-25T09:17:15: +===================+
2019-07-25T09:17:15: | Input observation |
2019-07-25T09:17:15: +===================+
2019-07-25T09:17:15: === GObservations ===
2019-07-25T09:17:15:  Number of observations ....: 1
2019-07-25T09:17:15:  Number of models ..........: 2
2019-07-25T09:17:15:  Number of observed events .: 314578
2019-07-25T09:17:15:  Number of predicted events : 0
2019-07-25T09:17:15: === GCTAObservation ===
2019-07-25T09:17:15:  Name ......................: 
2019-07-25T09:17:15:  Identifier ................: 000001
2019-07-25T09:17:15:  Instrument ................: CTA
2019-07-25T09:17:15:  Event file ................: /cta/carli/CPPM_Internship/Simulations_and_Analyses/minus_gradient_EDisp_South_z40_50h/source1b/obs_cube.fits
2019-07-25T09:17:15:  Event type ................: CountsCube
2019-07-25T09:17:15:  Statistic .................: cstat
2019-07-25T09:17:15:  Ontime ....................: 144000 s
2019-07-25T09:17:15:  Livetime ..................: 141120 s
2019-07-25T09:17:15:  Deadtime correction .......: 0.98
2019-07-25T09:17:15:  User energy range .........: undefined
2019-07-25T09:17:15: === GCTAPointing ===
2019-07-25T09:17:15:  Pointing direction ........: (RA,Dec)=(84.1331,22.0145)
2019-07-25T09:17:15: === GCTAResponseCube ===
2019-07-25T09:17:15:  Energy dispersion .........: Used
2019-07-25T09:17:15: === GCTACubeExposure ===
2019-07-25T09:17:15:  Filename ..................: /cta/carli/CPPM_Internship/Simulations_and_Analyses/minus_gradient_EDisp_South_z40_50h/source1b/exposure_cube.fits
2019-07-25T09:17:15:  Livetime ..................: 141120 sec
2019-07-25T09:17:15: === GEnergies ===
2019-07-25T09:17:15:  Number of energies ........: 33
2019-07-25T09:17:15: === GGti ===
2019-07-25T09:17:15:  Number of intervals .......: 1
2019-07-25T09:17:15:  Ontime ....................: 144000 sec
2019-07-25T09:17:15:  Elapsed time ..............: 144000 sec
2019-07-25T09:17:15:  MJD range .................: 51544.5 - 51546.1666666667 s (TT)
2019-07-25T09:17:15:  UTC range .................: 2000-01-01T11:58:56 - 2000-01-03T03:58:56 s (TT)
2019-07-25T09:17:15:  Reference MJD .............: 51544.5
2019-07-25T09:17:15: === GSkyMap ===
2019-07-25T09:17:15:  Number of pixels ..........: 6400
2019-07-25T09:17:15:  X axis dimension ..........: 80
2019-07-25T09:17:15:  Y axis dimension ..........: 80
2019-07-25T09:17:15:  Number of maps ............: 33
2019-07-25T09:17:15:  Shape of maps .............: (33)
2019-07-25T09:17:15: === GCTACubePsf ===
2019-07-25T09:17:15:  Filename ..................: /cta/carli/CPPM_Internship/Simulations_and_Analyses/minus_gradient_EDisp_South_z40_50h/source1b/PSF_cube.fits
2019-07-25T09:17:15: === GEnergies ===
2019-07-25T09:17:15:  Number of energies ........: 33
2019-07-25T09:17:15:  Number of delta bins ......: 200
2019-07-25T09:17:15:  Delta range ...............: 1.875e-06 - 0.298501875 deg
2019-07-25T09:17:15: === GSkyMap ===
2019-07-25T09:17:15:  Number of pixels ..........: 1
2019-07-25T09:17:15:  X axis dimension ..........: 1
2019-07-25T09:17:15:  Y axis dimension ..........: 1
2019-07-25T09:17:15:  Number of maps ............: 6600
2019-07-25T09:17:15:  Shape of maps .............: (200, 33)
2019-07-25T09:17:15: === GCTACubeEdisp ===
2019-07-25T09:17:15:  Filename ..................: /cta/carli/CPPM_Internship/Simulations_and_Analyses/minus_gradient_EDisp_South_z40_50h/source1b/edisp_cube.fits
2019-07-25T09:17:15: === GEnergies ===
2019-07-25T09:17:15:  Number of energies ........: 33
2019-07-25T09:17:15:  Number of migra bins ......: 100
2019-07-25T09:17:15:  Migra range ...............: 0.02 - 2
2019-07-25T09:17:15: === GSkyMap ===
2019-07-25T09:17:15:  Number of pixels ..........: 1
2019-07-25T09:17:15:  X axis dimension ..........: 1
2019-07-25T09:17:15:  Y axis dimension ..........: 1
2019-07-25T09:17:15:  Number of maps ............: 3300
2019-07-25T09:17:15:  Shape of maps .............: (100, 33)
2019-07-25T09:17:15: === GCTACubeBackground ===
2019-07-25T09:17:15:  Filename ..................: /cta/carli/CPPM_Internship/Simulations_and_Analyses/minus_gradient_EDisp_South_z40_50h/source1b/background_cube.fits
2019-07-25T09:17:15: === GEbounds ===
2019-07-25T09:17:15:  Number of intervals .......: 32
2019-07-25T09:17:15:  Energy range ..............: 100 GeV - 199.526229858398 TeV
2019-07-25T09:17:15: === GSkyMap ===
2019-07-25T09:17:15:  Number of pixels ..........: 6400
2019-07-25T09:17:15:  X axis dimension ..........: 80
2019-07-25T09:17:15:  Y axis dimension ..........: 80
2019-07-25T09:17:15:  Number of maps ............: 32
2019-07-25T09:17:15:  Shape of maps .............: (32)
2019-07-25T09:17:15: === GCTAResponseCache ===
2019-07-25T09:17:15:  Number of cached values ...: 0
2019-07-25T09:17:15: === GCTAEventCube ===
2019-07-25T09:17:15:  Number of events ..........: 314578
2019-07-25T09:17:15:  Number of elements ........: 204800
2019-07-25T09:17:15:  Number of pixels ..........: 6400
2019-07-25T09:17:15:  Number of energy bins .....: 32
2019-07-25T09:17:15:  Time interval .............: 51544.5 - 51546.1666666667 days
2019-07-25T09:17:15:  Pointing ..................: (RA,Dec)=(84.1331,22.0145)
2019-07-25T09:17:15: === GEbounds ===
2019-07-25T09:17:15:  Number of intervals .......: 32
2019-07-25T09:17:15:  Energy range ..............: 100 GeV - 199.526229858398 TeV
2019-07-25T09:17:15: === GSkyMap ===
2019-07-25T09:17:15:  Number of pixels ..........: 6400
2019-07-25T09:17:15:  X axis dimension ..........: 80
2019-07-25T09:17:15:  Y axis dimension ..........: 80
2019-07-25T09:17:15:  Number of maps ............: 32
2019-07-25T09:17:15:  Shape of maps .............: (32)
2019-07-25T09:17:15: === GSkyRegions ===
2019-07-25T09:17:15:  Number of regions .........: 0
2019-07-25T09:17:15: === GModels ===
2019-07-25T09:17:15:  Number of models ..........: 2
2019-07-25T09:17:15:  Number of parameters ......: 11
2019-07-25T09:17:15: === GModelSky ===
2019-07-25T09:17:15:  Name ......................: source1b
2019-07-25T09:17:15:  Instruments ...............: all
2019-07-25T09:17:15:  Test Statistic ............: 36393.386
2019-07-25T09:17:15:  Observation identifiers ...: all
2019-07-25T09:17:15:  Model type ................: PointSource
2019-07-25T09:17:15:  Model components ..........: "PointSource" * "ExponentialCutoffPowerLaw" * "Constant"
2019-07-25T09:17:15:  Number of parameters ......: 7
2019-07-25T09:17:15:  Number of spatial par's ...: 2
2019-07-25T09:17:15:   RA .......................: 83.6331 [-360,360] deg (fixed,scale=1)
2019-07-25T09:17:15:   DEC ......................: 22.0145 [-90,90] deg (fixed,scale=1)
2019-07-25T09:17:15:  Number of spectral par's ..: 4
2019-07-25T09:17:15:   Prefactor ................: 1.51543639531513e-18 [1e-25,1e-15] ph/cm2/s/MeV (fixed,scale=1e-18,gradient)
2019-07-25T09:17:15:   Index ....................: -2.01184958055507 [-0,-5]  (fixed,scale=-1,gradient)
2019-07-25T09:17:15:   CutoffEnergy .............: 67308500.8707568 +/- 8730816.83703096 [100000,10000000000] MeV (free,scale=10000000,gradient)
2019-07-25T09:17:15:   PivotEnergy ..............: 1000000 [10000,1000000000] MeV (fixed,scale=1000000,gradient)
2019-07-25T09:17:15:  Number of temporal par's ..: 1
2019-07-25T09:17:15:   Normalization ............: 1 (relative value) (fixed,scale=1,gradient)
2019-07-25T09:17:15:  Number of scale par's .....: 0
2019-07-25T09:17:15: === GCTAModelCubeBackground ===
2019-07-25T09:17:15:  Name ......................: BackgroundModel
2019-07-25T09:17:15:  Instruments ...............: CTA, HESS, MAGIC, VERITAS
2019-07-25T09:17:15:  Observation identifiers ...: all
2019-07-25T09:17:15:  Model type ................: "PowerLaw" * "Constant"
2019-07-25T09:17:15:  Number of parameters ......: 4
2019-07-25T09:17:15:  Number of spectral par's ..: 3
2019-07-25T09:17:15:   Prefactor ................: 1.12208770444949 [0.01,100] ph/cm2/s/MeV (fixed,scale=1,gradient)
2019-07-25T09:17:15:   Index ....................: 0.0754508554561208 [-5,5]  (fixed,scale=1,gradient)
2019-07-25T09:17:15:   PivotEnergy ..............: 1000000 MeV (fixed,scale=1000000,gradient)
2019-07-25T09:17:15:  Number of temporal par's ..: 1
2019-07-25T09:17:15:   Normalization ............: 1 (relative value) (fixed,scale=1,gradient)
2019-07-25T09:17:15: 
2019-07-25T09:17:15: +=============================+
2019-07-25T09:17:15: | Compute best-fit likelihood |
2019-07-25T09:17:15: +=============================+
2019-07-25T09:18:51: === GOptimizerLM ===
2019-07-25T09:18:51:  Optimized function value ..: -305285.595
2019-07-25T09:18:51:  Absolute precision ........: 0.005
2019-07-25T09:18:51:  Acceptable value decrease .: 2
2019-07-25T09:18:51:  Optimization status .......: converged
2019-07-25T09:18:51:  Number of parameters ......: 11
2019-07-25T09:18:51:  Number of free parameters .: 1
2019-07-25T09:18:51:  Number of iterations ......: 1
2019-07-25T09:18:51:  Lambda ....................: 0.0001
2019-07-25T09:18:51:  Maximum log likelihood ....: -305285.595
2019-07-25T09:18:51: === GModels ===
2019-07-25T09:18:51:  Number of models ..........: 2
2019-07-25T09:18:51:  Number of parameters ......: 11
2019-07-25T09:18:51: === GModelSky ===
2019-07-25T09:18:51:  Name ......................: source1b
2019-07-25T09:18:51:  Instruments ...............: all
2019-07-25T09:18:51:  Test Statistic ............: 36393.386
2019-07-25T09:18:51:  Observation identifiers ...: all
2019-07-25T09:18:51:  Model type ................: PointSource
2019-07-25T09:18:51:  Model components ..........: "PointSource" * "ExponentialCutoffPowerLaw" * "Constant"
2019-07-25T09:18:51:  Number of parameters ......: 7
2019-07-25T09:18:51:  Number of spatial par's ...: 2
2019-07-25T09:18:51:   RA .......................: 83.6331 [-360,360] deg (fixed,scale=1)
2019-07-25T09:18:51:   DEC ......................: 22.0145 [-90,90] deg (fixed,scale=1)
2019-07-25T09:18:51:  Number of spectral par's ..: 4
2019-07-25T09:18:51:   Prefactor ................: 1.51543639531513e-18 [1e-25,1e-15] ph/cm2/s/MeV (fixed,scale=1e-18,gradient)
2019-07-25T09:18:51:   Index ....................: -2.01184958055507 [-0,-5]  (fixed,scale=-1,gradient)
2019-07-25T09:18:51:   CutoffEnergy .............: 67333993.7930316 +/- 6024952.59745718 [100000,10000000000] MeV (free,scale=10000000,gradient)
2019-07-25T09:18:51:   PivotEnergy ..............: 1000000 [10000,1000000000] MeV (fixed,scale=1000000,gradient)
2019-07-25T09:18:51:  Number of temporal par's ..: 1
2019-07-25T09:18:51:   Normalization ............: 1 (relative value) (fixed,scale=1,gradient)
2019-07-25T09:18:51:  Number of scale par's .....: 0
2019-07-25T09:18:51: === GCTAModelCubeBackground ===
2019-07-25T09:18:51:  Name ......................: BackgroundModel
2019-07-25T09:18:51:  Instruments ...............: CTA, HESS, MAGIC, VERITAS
2019-07-25T09:18:51:  Observation identifiers ...: all
2019-07-25T09:18:51:  Model type ................: "PowerLaw" * "Constant"
2019-07-25T09:18:51:  Number of parameters ......: 4
2019-07-25T09:18:51:  Number of spectral par's ..: 3
2019-07-25T09:18:51:   Prefactor ................: 1.12208770444949 [0.01,100] ph/cm2/s/MeV (fixed,scale=1,gradient)
2019-07-25T09:18:51:   Index ....................: 0.0754508554561208 [-5,5]  (fixed,scale=1,gradient)
2019-07-25T09:18:51:   PivotEnergy ..............: 1000000 MeV (fixed,scale=1000000,gradient)
2019-07-25T09:18:51:  Number of temporal par's ..: 1
2019-07-25T09:18:51:   Normalization ............: 1 (relative value) (fixed,scale=1,gradient)
2019-07-25T09:18:51: 
2019-07-25T09:18:51: +==============================================================+
2019-07-25T09:18:51: | Compute error for source "source1b" parameter "CutoffEnergy" |
2019-07-25T09:18:51: +==============================================================+
2019-07-25T09:18:51:  Confidence level ..........: 68 %
2019-07-25T09:18:51:  Log-likelihood difference .: 0.494473
2019-07-25T09:18:51:  Initial factor range ......: [0.708446781845976, 12.7583519767603]
2019-07-25T09:19:02:    Iteration 1 .............: [0.708446781845976, 6.73339937930316]
2019-07-25T09:19:13:    Iteration 2 .............: [3.72092308057457, 6.73339937930316]
2019-07-25T09:19:24:    Iteration 3 .............: [5.22716122993886, 6.73339937930316]
2019-07-25T09:19:35:    Iteration 4 .............: [5.98028030462101, 6.73339937930316]
2019-07-25T09:19:45:    Iteration 5 .............: [5.98028030462101, 6.35683984196208]
2019-07-25T09:19:56:    Iteration 6 .............: [5.98028030462101, 6.16856007329154]
2019-07-25T09:20:07:    Iteration 7 .............: [6.07442018895628, 6.16856007329154]
2019-07-25T09:20:17:    Iteration 8 .............: [6.12149013112391, 6.16856007329154]
2019-07-25T09:20:27:    Iteration 9 .............: [6.14502510220773, 6.16856007329154]
2019-07-25T09:20:38:    Iteration 10 ............: [6.14502510220773, 6.15679258774964]
2019-07-25T09:20:48:    Iteration 11 ............: [6.15090884497868, 6.15679258774964]
2019-07-25T09:20:58:    Iteration 12 ............: [6.15385071636416, 6.15679258774964]
2019-07-25T09:21:09:    Iteration 13 ............: [6.1553216520569, 6.15679258774964]
2019-07-25T09:21:19:    Iteration 1 .............: [6.73339937930316, 12.7583519767603]
2019-07-25T09:21:30:    Iteration 2 .............: [6.73339937930316, 9.74587567803174]
2019-07-25T09:21:40:    Iteration 3 .............: [6.73339937930316, 8.23963752866745]
2019-07-25T09:21:51:    Iteration 4 .............: [6.73339937930316, 7.4865184539853]
2019-07-25T09:22:01:    Iteration 5 .............: [7.10995891664423, 7.4865184539853]
2019-07-25T09:22:12:    Iteration 6 .............: [7.29823868531477, 7.4865184539853]
2019-07-25T09:22:22:    Iteration 7 .............: [7.39237856965003, 7.4865184539853]
2019-07-25T09:22:33:    Iteration 8 .............: [7.39237856965003, 7.43944851181767]
2019-07-25T09:22:43:    Iteration 9 .............: [7.39237856965003, 7.41591354073385]
2019-07-25T09:22:53:    Iteration 10 ............: [7.40414605519194, 7.41591354073385]
2019-07-25T09:23:02:    Iteration 11 ............: [7.4100297979629, 7.41591354073385]
2019-07-25T09:23:12:    Iteration 12 ............: [7.4100297979629, 7.41297166934837]
2019-07-25T09:23:12:  Lower parameter factor ....: 6.15606
2019-07-25T09:23:12:  Upper parameter factor ....: 7.4115
2019-07-25T09:23:12:  Error from curvature ......: 6024952.59745718 MeV
2019-07-25T09:23:12:  Error from profile ........: 6277218.06876185 MeV
2019-07-25T09:23:12:  Negative profile error ....: 5773422.59399889 MeV
2019-07-25T09:23:12:  Positive profile error ....: 6781013.54352481 MeV
2019-07-25T09:23:12: 
2019-07-25T09:23:12: +==============+
2019-07-25T09:23:12: | Save results |
2019-07-25T09:23:12: +==============+
2019-07-25T09:23:12:  Model definition file .....: NONE
2019-07-25T09:23:12: 
2019-07-25T09:23:12: Application "cterror" terminated after 359 wall clock seconds, consuming 449.52 seconds of CPU time.
