2019-07-22T16:17:08: ********************************************************************************
2019-07-22T16:17:08: *                                     ctbin                                    *
2019-07-22T16:17:08: * ---------------------------------------------------------------------------- *
2019-07-22T16:17:08: * Version: 1.6.0                                                               *
2019-07-22T16:17:08: ********************************************************************************
2019-07-22T16:17:08: +============+
2019-07-22T16:17:08: | Parameters |
2019-07-22T16:17:08: +============+
2019-07-22T16:17:08:  inobs .....................: /cta/carli/CPPM_Internship/Simulations_and_Analyses/minus_gradient_AEff_South_z40_50h/source2d/obs.fits
2019-07-22T16:17:08:  outobs ....................: /cta/carli/CPPM_Internship/Simulations_and_Analyses/minus_gradient_AEff_South_z40_50h/source2d/obs_cube.fits
2019-07-22T16:17:08:  stack .....................: yes
2019-07-22T16:17:08:  prefix ....................: cntcube_
2019-07-22T16:17:08:  ebinalg ...................: LOG
2019-07-22T16:17:08:  emin ......................: 0.1
2019-07-22T16:17:08:  emax ......................: 199.526229858398
2019-07-22T16:17:08:  enumbins ..................: 32
2019-07-22T16:17:08:  ebinfile ..................: [not queried]
2019-07-22T16:17:08:  usepnt ....................: yes
2019-07-22T16:17:08:  nxpix .....................: 80
2019-07-22T16:17:08:  nypix .....................: 80
2019-07-22T16:17:08:  binsz .....................: 0.02
2019-07-22T16:17:08:  coordsys ..................: GAL
2019-07-22T16:17:08:  proj ......................: TAN
2019-07-22T16:17:08:  xref ......................: [not queried]
2019-07-22T16:17:08:  yref ......................: [not queried]
2019-07-22T16:17:08:  nthreads ..................: 0
2019-07-22T16:17:08:  publish ...................: no
2019-07-22T16:17:08:  chatter ...................: 4
2019-07-22T16:17:08:  clobber ...................: yes
2019-07-22T16:17:08:  debug .....................: no
2019-07-22T16:17:08:  mode ......................: ql
2019-07-22T16:17:08:  logfile ...................: ctbin.log
2019-07-22T16:17:08: 
2019-07-22T16:17:08: +===================+
2019-07-22T16:17:08: | Input observation |
2019-07-22T16:17:08: +===================+
2019-07-22T16:17:08: === GObservations ===
2019-07-22T16:17:08:  Number of observations ....: 1
2019-07-22T16:17:08:  Number of models ..........: 0
2019-07-22T16:17:08:  Number of observed events .: 326214
2019-07-22T16:17:08:  Number of predicted events : 0
2019-07-22T16:17:08: === GCTAObservation ===
2019-07-22T16:17:08:  Name ......................: 
2019-07-22T16:17:08:  Identifier ................: 000001
2019-07-22T16:17:08:  Instrument ................: CTA
2019-07-22T16:17:08:  Event file ................: /cta/carli/CPPM_Internship/Simulations_and_Analyses/minus_gradient_AEff_South_z40_50h/source2d/obs.fits
2019-07-22T16:17:08:  Event type ................: EventList
2019-07-22T16:17:08:  Statistic .................: cstat
2019-07-22T16:17:08:  Ontime ....................: 144000 s
2019-07-22T16:17:08:  Livetime ..................: 141120 s
2019-07-22T16:17:08:  Deadtime correction .......: 0.98
2019-07-22T16:17:08:  User energy range .........: undefined
2019-07-22T16:17:08: === GCTAPointing ===
2019-07-22T16:17:08:  Pointing direction ........: (RA,Dec)=(84.1331,22.0145)
2019-07-22T16:17:08:  Response function .........: undefined
2019-07-22T16:17:08: === GCTAEventList ===
2019-07-22T16:17:08:  Number of events ..........: 326214 (disposed in "/cta/carli/CPPM_Internship/Simulations_and_Analyses/minus_gradient_AEff_South_z40_50h/source2d/obs.fits")
2019-07-22T16:17:08:  Time interval .............: 51544.5 - 51546.1666666667 days
2019-07-22T16:17:08: === GEbounds ===
2019-07-22T16:17:08:  Number of intervals .......: 1
2019-07-22T16:17:08:  Energy range ..............: 100 GeV - 199.526229858398 TeV
2019-07-22T16:17:08: === GCTARoi ===
2019-07-22T16:17:08:  RoI centre ................: RA=84.1331, DEC=22.0145 [0,0]
2019-07-22T16:17:08:  RoI radius ................: 0.8 deg
2019-07-22T16:17:08: === GSkyRegions ===
2019-07-22T16:17:08:  Number of regions .........: 0
2019-07-22T16:17:08: === GModels ===
2019-07-22T16:17:08:  Number of models ..........: 0
2019-07-22T16:17:08:  Number of parameters ......: 0
2019-07-22T16:17:08: 
2019-07-22T16:17:08: +===========================+
2019-07-22T16:17:08: | Find unbinned observation |
2019-07-22T16:17:08: +===========================+
2019-07-22T16:17:08: === CTA observation (id=000001) ===
2019-07-22T16:17:08:  Including unbinned CTA observation
2019-07-22T16:17:08: === Summary ===
2019-07-22T16:17:08:  Number of observations ....: 1
2019-07-22T16:17:08:  Mean pointing .............: (RA,Dec)=(84.1331,22.0145)
2019-07-22T16:17:08:  Use mean pointing .........: yes
2019-07-22T16:17:08: 
2019-07-22T16:17:08: +=================+
2019-07-22T16:17:08: | Bin observation |
2019-07-22T16:17:08: +=================+
2019-07-22T16:17:08: === CTA observation (id=000001) ===
2019-07-22T16:17:08:  Events in list ............: 326214
2019-07-22T16:17:08:  Events in cube ............: 326212
2019-07-22T16:17:08:  Events outside RoI ........: 1
2019-07-22T16:17:08:  Events with invalid WCS ...: 0
2019-07-22T16:17:08:  Events outside cube area ..: 1
2019-07-22T16:17:08:  Events outside energy bins : 0
2019-07-22T16:17:08: 
2019-07-22T16:17:08: +====================+
2019-07-22T16:17:08: | Binned observation |
2019-07-22T16:17:08: +====================+
2019-07-22T16:17:08: === GObservations ===
2019-07-22T16:17:08:  Number of observations ....: 1
2019-07-22T16:17:08:  Number of models ..........: 0
2019-07-22T16:17:08:  Number of observed events .: 326212
2019-07-22T16:17:08:  Number of predicted events : 0
2019-07-22T16:17:08: === GCTAObservation ===
2019-07-22T16:17:08:  Name ......................: 
2019-07-22T16:17:08:  Identifier ................: 000001
2019-07-22T16:17:08:  Instrument ................: CTA
2019-07-22T16:17:08:  Event file ................: 
2019-07-22T16:17:08:  Event type ................: CountsCube
2019-07-22T16:17:08:  Statistic .................: cstat
2019-07-22T16:17:08:  Ontime ....................: 144000 s
2019-07-22T16:17:08:  Livetime ..................: 141120 s
2019-07-22T16:17:08:  Deadtime correction .......: 0.98
2019-07-22T16:17:08:  User energy range .........: undefined
2019-07-22T16:17:08: === GCTAPointing ===
2019-07-22T16:17:08:  Pointing direction ........: (RA,Dec)=(84.1331,22.0145)
2019-07-22T16:17:08:  Response function .........: undefined
2019-07-22T16:17:08: === GCTAEventCube ===
2019-07-22T16:17:08:  Number of events ..........: 326212
2019-07-22T16:17:08:  Number of elements ........: 204800
2019-07-22T16:17:08:  Number of pixels ..........: 6400
2019-07-22T16:17:08:  Number of energy bins .....: 32
2019-07-22T16:17:08:  Time interval .............: 51544.5 - 51546.1666666667 days
2019-07-22T16:17:08:  Pointing ..................: not defined
2019-07-22T16:17:08: === GEbounds ===
2019-07-22T16:17:08:  Number of intervals .......: 32
2019-07-22T16:17:08:  Energy range ..............: 100 GeV - 199.526229858398 TeV
2019-07-22T16:17:08: === GSkyMap ===
2019-07-22T16:17:08:  Number of pixels ..........: 6400
2019-07-22T16:17:08:  X axis dimension ..........: 80
2019-07-22T16:17:08:  Y axis dimension ..........: 80
2019-07-22T16:17:08:  Number of maps ............: 32
2019-07-22T16:17:08:  Shape of maps .............: (32)
2019-07-22T16:17:08: === GSkyRegions ===
2019-07-22T16:17:08:  Number of regions .........: 0
2019-07-22T16:17:08: === GModels ===
2019-07-22T16:17:08:  Number of models ..........: 0
2019-07-22T16:17:08:  Number of parameters ......: 0
2019-07-22T16:17:08: 
2019-07-22T16:17:08: +==================+
2019-07-22T16:17:08: | Save counts cube |
2019-07-22T16:17:08: +==================+
2019-07-22T16:17:08:  Counts cube file ..........: /cta/carli/CPPM_Internship/Simulations_and_Analyses/minus_gradient_AEff_South_z40_50h/source2d/obs_cube.fits
2019-07-22T16:17:09: 
2019-07-22T16:17:09: Application "ctbin" terminated after 1 wall clock seconds, consuming 1.01 seconds of CPU time.
