2019-07-25T09:55:19: ********************************************************************************
2019-07-25T09:55:19: *                                    cterror                                   *
2019-07-25T09:55:19: * ---------------------------------------------------------------------------- *
2019-07-25T09:55:19: * Version: 1.6.0                                                               *
2019-07-25T09:55:19: ********************************************************************************
2019-07-25T09:55:19: +============+
2019-07-25T09:55:19: | Parameters |
2019-07-25T09:55:19: +============+
2019-07-25T09:55:19:  inobs .....................: /cta/carli/CPPM_Internship/Simulations_and_Analyses/minus_gradient_AEff_South_z40_50h/source2d/obs_cube.fits
2019-07-25T09:55:19:  inmodel ...................: /cta/carli/CPPM_Internship/Simulations_and_Analyses/minus_gradient_AEff_South_z40_50h/source2d/obsmodel_binned.xml
2019-07-25T09:55:19:  srcname ...................: source2d
2019-07-25T09:55:19:  expcube ...................: /cta/carli/CPPM_Internship/Simulations_and_Analyses/minus_gradient_AEff_South_z40_50h/source2d/exposure_cube.fits
2019-07-25T09:55:19:  psfcube ...................: /cta/carli/CPPM_Internship/Simulations_and_Analyses/minus_gradient_AEff_South_z40_50h/source2d/PSF_cube.fits
2019-07-25T09:55:19:  edispcube .................: /cta/carli/CPPM_Internship/Simulations_and_Analyses/minus_gradient_AEff_South_z40_50h/source2d/edisp_cube.fits
2019-07-25T09:55:19:  bkgcube ...................: /cta/carli/CPPM_Internship/Simulations_and_Analyses/minus_gradient_AEff_South_z40_50h/source2d/background_cube.fits
2019-07-25T09:55:19:  caldb .....................: prod3b-v2
2019-07-25T09:55:19:  irf .......................: minus_gradient_AEff_South_z40_50h
2019-07-25T09:55:19:  edisp .....................: yes
2019-07-25T09:55:19:  outmodel ..................: 
2019-07-25T09:55:19:  confidence ................: 0.68
2019-07-25T09:55:19:  tol .......................: 1e-3
2019-07-25T09:55:19:  statistic .................: DEFAULT
2019-07-25T09:55:19:  like_accuracy .............: 0.005
2019-07-25T09:55:19:  max_iter ..................: 50
2019-07-25T09:55:19:  nthreads ..................: 0
2019-07-25T09:55:19:  chatter ...................: 4
2019-07-25T09:55:19:  clobber ...................: yes
2019-07-25T09:55:19:  debug .....................: no
2019-07-25T09:55:19:  mode ......................: ql
2019-07-25T09:55:19:  logfile ...................: cterror68.log
2019-07-25T09:55:19: 
2019-07-25T09:55:19: +===================+
2019-07-25T09:55:19: | Input observation |
2019-07-25T09:55:19: +===================+
2019-07-25T09:55:19: === GObservations ===
2019-07-25T09:55:19:  Number of observations ....: 1
2019-07-25T09:55:19:  Number of models ..........: 2
2019-07-25T09:55:19:  Number of observed events .: 326212
2019-07-25T09:55:19:  Number of predicted events : 0
2019-07-25T09:55:19: === GCTAObservation ===
2019-07-25T09:55:19:  Name ......................: 
2019-07-25T09:55:19:  Identifier ................: 000001
2019-07-25T09:55:19:  Instrument ................: CTA
2019-07-25T09:55:19:  Event file ................: /cta/carli/CPPM_Internship/Simulations_and_Analyses/minus_gradient_AEff_South_z40_50h/source2d/obs_cube.fits
2019-07-25T09:55:19:  Event type ................: CountsCube
2019-07-25T09:55:19:  Statistic .................: cstat
2019-07-25T09:55:19:  Ontime ....................: 144000 s
2019-07-25T09:55:19:  Livetime ..................: 141120 s
2019-07-25T09:55:19:  Deadtime correction .......: 0.98
2019-07-25T09:55:19:  User energy range .........: undefined
2019-07-25T09:55:19: === GCTAPointing ===
2019-07-25T09:55:19:  Pointing direction ........: (RA,Dec)=(84.1331,22.0145)
2019-07-25T09:55:19: === GCTAResponseCube ===
2019-07-25T09:55:19:  Energy dispersion .........: Used
2019-07-25T09:55:19: === GCTACubeExposure ===
2019-07-25T09:55:19:  Filename ..................: /cta/carli/CPPM_Internship/Simulations_and_Analyses/minus_gradient_AEff_South_z40_50h/source2d/exposure_cube.fits
2019-07-25T09:55:19:  Livetime ..................: 141120 sec
2019-07-25T09:55:19: === GEnergies ===
2019-07-25T09:55:19:  Number of energies ........: 33
2019-07-25T09:55:19: === GGti ===
2019-07-25T09:55:19:  Number of intervals .......: 1
2019-07-25T09:55:19:  Ontime ....................: 144000 sec
2019-07-25T09:55:19:  Elapsed time ..............: 144000 sec
2019-07-25T09:55:19:  MJD range .................: 51544.5 - 51546.1666666667 s (TT)
2019-07-25T09:55:19:  UTC range .................: 2000-01-01T11:58:56 - 2000-01-03T03:58:56 s (TT)
2019-07-25T09:55:19:  Reference MJD .............: 51544.5
2019-07-25T09:55:19: === GSkyMap ===
2019-07-25T09:55:19:  Number of pixels ..........: 6400
2019-07-25T09:55:19:  X axis dimension ..........: 80
2019-07-25T09:55:19:  Y axis dimension ..........: 80
2019-07-25T09:55:19:  Number of maps ............: 33
2019-07-25T09:55:19:  Shape of maps .............: (33)
2019-07-25T09:55:19: === GCTACubePsf ===
2019-07-25T09:55:19:  Filename ..................: /cta/carli/CPPM_Internship/Simulations_and_Analyses/minus_gradient_AEff_South_z40_50h/source2d/PSF_cube.fits
2019-07-25T09:55:19: === GEnergies ===
2019-07-25T09:55:19:  Number of energies ........: 33
2019-07-25T09:55:19:  Number of delta bins ......: 200
2019-07-25T09:55:19:  Delta range ...............: 1.875e-06 - 0.298501875 deg
2019-07-25T09:55:19: === GSkyMap ===
2019-07-25T09:55:19:  Number of pixels ..........: 1
2019-07-25T09:55:19:  X axis dimension ..........: 1
2019-07-25T09:55:19:  Y axis dimension ..........: 1
2019-07-25T09:55:19:  Number of maps ............: 6600
2019-07-25T09:55:19:  Shape of maps .............: (200, 33)
2019-07-25T09:55:19: === GCTACubeEdisp ===
2019-07-25T09:55:19:  Filename ..................: /cta/carli/CPPM_Internship/Simulations_and_Analyses/minus_gradient_AEff_South_z40_50h/source2d/edisp_cube.fits
2019-07-25T09:55:19: === GEnergies ===
2019-07-25T09:55:19:  Number of energies ........: 33
2019-07-25T09:55:19:  Number of migra bins ......: 100
2019-07-25T09:55:19:  Migra range ...............: 0.02 - 2
2019-07-25T09:55:19: === GSkyMap ===
2019-07-25T09:55:19:  Number of pixels ..........: 1
2019-07-25T09:55:19:  X axis dimension ..........: 1
2019-07-25T09:55:19:  Y axis dimension ..........: 1
2019-07-25T09:55:19:  Number of maps ............: 3300
2019-07-25T09:55:19:  Shape of maps .............: (100, 33)
2019-07-25T09:55:19: === GCTACubeBackground ===
2019-07-25T09:55:19:  Filename ..................: /cta/carli/CPPM_Internship/Simulations_and_Analyses/minus_gradient_AEff_South_z40_50h/source2d/background_cube.fits
2019-07-25T09:55:19: === GEbounds ===
2019-07-25T09:55:19:  Number of intervals .......: 32
2019-07-25T09:55:19:  Energy range ..............: 100 GeV - 199.526229858398 TeV
2019-07-25T09:55:19: === GSkyMap ===
2019-07-25T09:55:19:  Number of pixels ..........: 6400
2019-07-25T09:55:19:  X axis dimension ..........: 80
2019-07-25T09:55:19:  Y axis dimension ..........: 80
2019-07-25T09:55:19:  Number of maps ............: 32
2019-07-25T09:55:19:  Shape of maps .............: (32)
2019-07-25T09:55:19: === GCTAResponseCache ===
2019-07-25T09:55:19:  Number of cached values ...: 0
2019-07-25T09:55:19: === GCTAEventCube ===
2019-07-25T09:55:19:  Number of events ..........: 326212
2019-07-25T09:55:19:  Number of elements ........: 204800
2019-07-25T09:55:19:  Number of pixels ..........: 6400
2019-07-25T09:55:19:  Number of energy bins .....: 32
2019-07-25T09:55:19:  Time interval .............: 51544.5 - 51546.1666666667 days
2019-07-25T09:55:19:  Pointing ..................: (RA,Dec)=(84.1331,22.0145)
2019-07-25T09:55:19: === GEbounds ===
2019-07-25T09:55:19:  Number of intervals .......: 32
2019-07-25T09:55:19:  Energy range ..............: 100 GeV - 199.526229858398 TeV
2019-07-25T09:55:19: === GSkyMap ===
2019-07-25T09:55:19:  Number of pixels ..........: 6400
2019-07-25T09:55:19:  X axis dimension ..........: 80
2019-07-25T09:55:19:  Y axis dimension ..........: 80
2019-07-25T09:55:19:  Number of maps ............: 32
2019-07-25T09:55:19:  Shape of maps .............: (32)
2019-07-25T09:55:19: === GSkyRegions ===
2019-07-25T09:55:19:  Number of regions .........: 0
2019-07-25T09:55:19: === GModels ===
2019-07-25T09:55:19:  Number of models ..........: 2
2019-07-25T09:55:19:  Number of parameters ......: 11
2019-07-25T09:55:19: === GModelSky ===
2019-07-25T09:55:19:  Name ......................: source2d
2019-07-25T09:55:19:  Instruments ...............: all
2019-07-25T09:55:19:  Test Statistic ............: 98207.385
2019-07-25T09:55:19:  Observation identifiers ...: all
2019-07-25T09:55:19:  Model type ................: PointSource
2019-07-25T09:55:19:  Model components ..........: "PointSource" * "ExponentialCutoffPowerLaw" * "Constant"
2019-07-25T09:55:19:  Number of parameters ......: 7
2019-07-25T09:55:19:  Number of spatial par's ...: 2
2019-07-25T09:55:19:   RA .......................: 83.6331 [-360,360] deg (fixed,scale=1)
2019-07-25T09:55:19:   DEC ......................: 22.0145 [-90,90] deg (fixed,scale=1)
2019-07-25T09:55:19:  Number of spectral par's ..: 4
2019-07-25T09:55:19:   Prefactor ................: 3.04690371650135e-18 [1e-25,1e-15] ph/cm2/s/MeV (fixed,scale=1e-18,gradient)
2019-07-25T09:55:19:   Index ....................: -1.99362270566127 [-0,-5]  (fixed,scale=-1,gradient)
2019-07-25T09:55:19:   CutoffEnergy .............: 108163125.978483 +/- 12954245.8143185 [1000000,100000000000] MeV (free,scale=100000000,gradient)
2019-07-25T09:55:19:   PivotEnergy ..............: 1000000 [10000,1000000000] MeV (fixed,scale=1000000,gradient)
2019-07-25T09:55:19:  Number of temporal par's ..: 1
2019-07-25T09:55:19:   Normalization ............: 1 (relative value) (fixed,scale=1,gradient)
2019-07-25T09:55:19:  Number of scale par's .....: 0
2019-07-25T09:55:19: === GCTAModelCubeBackground ===
2019-07-25T09:55:19:  Name ......................: BackgroundModel
2019-07-25T09:55:19:  Instruments ...............: CTA, HESS, MAGIC, VERITAS
2019-07-25T09:55:19:  Observation identifiers ...: all
2019-07-25T09:55:19:  Model type ................: "PowerLaw" * "Constant"
2019-07-25T09:55:19:  Number of parameters ......: 4
2019-07-25T09:55:19:  Number of spectral par's ..: 3
2019-07-25T09:55:19:   Prefactor ................: 0.992730555833255 [0.01,100] ph/cm2/s/MeV (fixed,scale=1,gradient)
2019-07-25T09:55:19:   Index ....................: -0.00384135643486819 [-5,5]  (fixed,scale=1,gradient)
2019-07-25T09:55:19:   PivotEnergy ..............: 1000000 MeV (fixed,scale=1000000,gradient)
2019-07-25T09:55:19:  Number of temporal par's ..: 1
2019-07-25T09:55:19:   Normalization ............: 1 (relative value) (fixed,scale=1,gradient)
2019-07-25T09:55:19: 
2019-07-25T09:55:19: +=============================+
2019-07-25T09:55:19: | Compute best-fit likelihood |
2019-07-25T09:55:19: +=============================+
2019-07-25T09:56:48: === GOptimizerLM ===
2019-07-25T09:56:48:  Optimized function value ..: -351926.462
2019-07-25T09:56:48:  Absolute precision ........: 0.005
2019-07-25T09:56:48:  Acceptable value decrease .: 2
2019-07-25T09:56:48:  Optimization status .......: converged
2019-07-25T09:56:48:  Number of parameters ......: 11
2019-07-25T09:56:48:  Number of free parameters .: 1
2019-07-25T09:56:48:  Number of iterations ......: 1
2019-07-25T09:56:48:  Lambda ....................: 0.0001
2019-07-25T09:56:48:  Maximum log likelihood ....: -351926.462
2019-07-25T09:56:48: === GModels ===
2019-07-25T09:56:48:  Number of models ..........: 2
2019-07-25T09:56:48:  Number of parameters ......: 11
2019-07-25T09:56:48: === GModelSky ===
2019-07-25T09:56:48:  Name ......................: source2d
2019-07-25T09:56:48:  Instruments ...............: all
2019-07-25T09:56:48:  Test Statistic ............: 98207.385
2019-07-25T09:56:48:  Observation identifiers ...: all
2019-07-25T09:56:48:  Model type ................: PointSource
2019-07-25T09:56:48:  Model components ..........: "PointSource" * "ExponentialCutoffPowerLaw" * "Constant"
2019-07-25T09:56:48:  Number of parameters ......: 7
2019-07-25T09:56:48:  Number of spatial par's ...: 2
2019-07-25T09:56:48:   RA .......................: 83.6331 [-360,360] deg (fixed,scale=1)
2019-07-25T09:56:48:   DEC ......................: 22.0145 [-90,90] deg (fixed,scale=1)
2019-07-25T09:56:48:  Number of spectral par's ..: 4
2019-07-25T09:56:48:   Prefactor ................: 3.04690371650135e-18 [1e-25,1e-15] ph/cm2/s/MeV (fixed,scale=1e-18,gradient)
2019-07-25T09:56:48:   Index ....................: -1.99362270566127 [-0,-5]  (fixed,scale=-1,gradient)
2019-07-25T09:56:48:   CutoffEnergy .............: 108174257.934642 +/- 9216903.5213013 [1000000,100000000000] MeV (free,scale=100000000,gradient)
2019-07-25T09:56:48:   PivotEnergy ..............: 1000000 [10000,1000000000] MeV (fixed,scale=1000000,gradient)
2019-07-25T09:56:48:  Number of temporal par's ..: 1
2019-07-25T09:56:48:   Normalization ............: 1 (relative value) (fixed,scale=1,gradient)
2019-07-25T09:56:48:  Number of scale par's .....: 0
2019-07-25T09:56:48: === GCTAModelCubeBackground ===
2019-07-25T09:56:48:  Name ......................: BackgroundModel
2019-07-25T09:56:48:  Instruments ...............: CTA, HESS, MAGIC, VERITAS
2019-07-25T09:56:48:  Observation identifiers ...: all
2019-07-25T09:56:48:  Model type ................: "PowerLaw" * "Constant"
2019-07-25T09:56:48:  Number of parameters ......: 4
2019-07-25T09:56:48:  Number of spectral par's ..: 3
2019-07-25T09:56:48:   Prefactor ................: 0.992730555833255 [0.01,100] ph/cm2/s/MeV (fixed,scale=1,gradient)
2019-07-25T09:56:48:   Index ....................: -0.00384135643486819 [-5,5]  (fixed,scale=1,gradient)
2019-07-25T09:56:48:   PivotEnergy ..............: 1000000 MeV (fixed,scale=1000000,gradient)
2019-07-25T09:56:48:  Number of temporal par's ..: 1
2019-07-25T09:56:48:   Normalization ............: 1 (relative value) (fixed,scale=1,gradient)
2019-07-25T09:56:48: 
2019-07-25T09:56:48: +==============================================================+
2019-07-25T09:56:48: | Compute error for source "source2d" parameter "CutoffEnergy" |
2019-07-25T09:56:48: +==============================================================+
2019-07-25T09:56:48:  Confidence level ..........: 68 %
2019-07-25T09:56:48:  Log-likelihood difference .: 0.494473
2019-07-25T09:56:48:  Initial factor range ......: [0.160052227216294, 2.00343293147655]
2019-07-25T09:56:59:    Iteration 1 .............: [0.160052227216294, 1.08174257934642]
2019-07-25T09:57:09:    Iteration 2 .............: [0.620897403281358, 1.08174257934642]
2019-07-25T09:57:19:    Iteration 3 .............: [0.851319991313891, 1.08174257934642]
2019-07-25T09:57:29:    Iteration 4 .............: [0.966531285330157, 1.08174257934642]
2019-07-25T09:57:40:    Iteration 5 .............: [0.966531285330157, 1.02413693233829]
2019-07-25T09:57:50:    Iteration 6 .............: [0.966531285330157, 0.995334108834224]
2019-07-25T09:58:00:    Iteration 7 .............: [0.98093269708219, 0.995334108834224]
2019-07-25T09:58:11:    Iteration 8 .............: [0.988133402958207, 0.995334108834224]
2019-07-25T09:58:21:    Iteration 9 .............: [0.991733755896215, 0.995334108834224]
2019-07-25T09:58:31:    Iteration 10 ............: [0.993533932365219, 0.995334108834224]
2019-07-25T09:58:41:    Iteration 1 .............: [1.08174257934642, 2.00343293147655]
2019-07-25T09:58:51:    Iteration 2 .............: [1.08174257934642, 1.54258775541149]
2019-07-25T09:59:02:    Iteration 3 .............: [1.08174257934642, 1.31216516737896]
2019-07-25T09:59:12:    Iteration 4 .............: [1.08174257934642, 1.19695387336269]
2019-07-25T09:59:23:    Iteration 5 .............: [1.13934822635456, 1.19695387336269]
2019-07-25T09:59:33:    Iteration 6 .............: [1.16815104985862, 1.19695387336269]
2019-07-25T09:59:43:    Iteration 7 .............: [1.18255246161066, 1.19695387336269]
2019-07-25T09:59:53:    Iteration 8 .............: [1.18255246161066, 1.18975316748667]
2019-07-25T10:00:03:    Iteration 9 .............: [1.18255246161066, 1.18615281454866]
2019-07-25T10:00:13:    Iteration 10 ............: [1.18255246161066, 1.18435263807966]
2019-07-25T10:00:24:    Iteration 11 ............: [1.18345254984516, 1.18435263807966]
2019-07-25T10:00:24:  Lower parameter factor ....: 0.994434
2019-07-25T10:00:24:  Upper parameter factor ....: 1.1839
2019-07-25T10:00:24:  Error from curvature ......: 9216903.5213013 MeV
2019-07-25T10:00:24:  Error from profile ........: 9473428.66813439 MeV
2019-07-25T10:00:24:  Negative profile error ....: 8730855.87467017 MeV
2019-07-25T10:00:24:  Positive profile error ....: 10216001.4615986 MeV
2019-07-25T10:00:24: 
2019-07-25T10:00:24: +==============+
2019-07-25T10:00:24: | Save results |
2019-07-25T10:00:24: +==============+
2019-07-25T10:00:24:  Model definition file .....: NONE
2019-07-25T10:00:24: 
2019-07-25T10:00:24: Application "cterror" terminated after 306 wall clock seconds, consuming 368.79 seconds of CPU time.
