2019-07-22T12:08:18: ********************************************************************************
2019-07-22T12:08:18: *                                   ctskymap                                   *
2019-07-22T12:08:18: * ---------------------------------------------------------------------------- *
2019-07-22T12:08:18: * Version: 1.6.0                                                               *
2019-07-22T12:08:18: ********************************************************************************
2019-07-22T12:08:18: +============+
2019-07-22T12:08:18: | Parameters |
2019-07-22T12:08:18: +============+
2019-07-22T12:08:18:  inobs .....................: /cta/carli/CPPM_Internship/Simulations_and_Analyses/minus_gradient_AEff_South_z40_50h/source2d/obs.fits
2019-07-22T12:08:18:  caldb .....................: prod3b-v2
2019-07-22T12:08:18:  irf .......................: minus_gradient_AEff_South_z40_50h
2019-07-22T12:08:18:  inmap .....................: NONE
2019-07-22T12:08:18:  outmap ....................: /cta/carli/CPPM_Internship/Simulations_and_Analyses/minus_gradient_AEff_South_z40_50h/source2d/skymap.fits
2019-07-22T12:08:18:  emin ......................: 0.1
2019-07-22T12:08:18:  emax ......................: 199.526229858398
2019-07-22T12:08:18:  usepnt ....................: yes
2019-07-22T12:08:18:  nxpix .....................: 80
2019-07-22T12:08:18:  nypix .....................: 80
2019-07-22T12:08:18:  binsz .....................: 0.02
2019-07-22T12:08:18:  coordsys ..................: CEL
2019-07-22T12:08:18:  proj ......................: CAR
2019-07-22T12:08:18:  xref ......................: [not queried]
2019-07-22T12:08:18:  yref ......................: [not queried]
2019-07-22T12:08:18:  bkgsubtract ...............: NONE
2019-07-22T12:08:18:  roiradius .................: [not queried]
2019-07-22T12:08:18:  inradius ..................: [not queried]
2019-07-22T12:08:18:  outradius .................: [not queried]
2019-07-22T12:08:18:  iterations ................: [not queried]
2019-07-22T12:08:18:  threshold .................: [not queried]
2019-07-22T12:08:18:  inexclusion ...............: NONE
2019-07-22T12:08:18:  usefft ....................: yes
2019-07-22T12:08:18:  publish ...................: no
2019-07-22T12:08:18:  chatter ...................: 4
2019-07-22T12:08:18:  clobber ...................: yes
2019-07-22T12:08:18:  debug .....................: no
2019-07-22T12:08:18:  mode ......................: ql
2019-07-22T12:08:18:  logfile ...................: ctskymap.log
2019-07-22T12:08:18: 
2019-07-22T12:08:18: +===================+
2019-07-22T12:08:18: | Input observation |
2019-07-22T12:08:18: +===================+
2019-07-22T12:08:18: === GObservations ===
2019-07-22T12:08:18:  Number of observations ....: 1
2019-07-22T12:08:18:  Number of models ..........: 0
2019-07-22T12:08:18:  Number of observed events .: 326214
2019-07-22T12:08:18:  Number of predicted events : 0
2019-07-22T12:08:18: === GCTAObservation ===
2019-07-22T12:08:18:  Name ......................: 
2019-07-22T12:08:18:  Identifier ................: 000001
2019-07-22T12:08:18:  Instrument ................: CTA
2019-07-22T12:08:18:  Event file ................: /cta/carli/CPPM_Internship/Simulations_and_Analyses/minus_gradient_AEff_South_z40_50h/source2d/obs.fits
2019-07-22T12:08:18:  Event type ................: EventList
2019-07-22T12:08:18:  Statistic .................: cstat
2019-07-22T12:08:18:  Ontime ....................: 144000 s
2019-07-22T12:08:18:  Livetime ..................: 141120 s
2019-07-22T12:08:18:  Deadtime correction .......: 0.98
2019-07-22T12:08:18:  User energy range .........: undefined
2019-07-22T12:08:18: === GCTAPointing ===
2019-07-22T12:08:18:  Pointing direction ........: (RA,Dec)=(84.1331,22.0145)
2019-07-22T12:08:18:  Response function .........: undefined
2019-07-22T12:08:18: === GCTAEventList ===
2019-07-22T12:08:18:  Number of events ..........: 326214 (disposed in "/cta/carli/CPPM_Internship/Simulations_and_Analyses/minus_gradient_AEff_South_z40_50h/source2d/obs.fits")
2019-07-22T12:08:18:  Time interval .............: 51544.5 - 51546.1666666667 days
2019-07-22T12:08:18: === GEbounds ===
2019-07-22T12:08:18:  Number of intervals .......: 1
2019-07-22T12:08:18:  Energy range ..............: 100 GeV - 199.526229858398 TeV
2019-07-22T12:08:18: === GCTARoi ===
2019-07-22T12:08:18:  RoI centre ................: RA=84.1331, DEC=22.0145 [0,0]
2019-07-22T12:08:18:  RoI radius ................: 0.8 deg
2019-07-22T12:08:18: === GSkyRegions ===
2019-07-22T12:08:18:  Number of regions .........: 0
2019-07-22T12:08:18: === GModels ===
2019-07-22T12:08:18:  Number of models ..........: 0
2019-07-22T12:08:18:  Number of parameters ......: 0
2019-07-22T12:08:18: 
2019-07-22T12:08:18: +===========================+
2019-07-22T12:08:18: | Find unbinned observation |
2019-07-22T12:08:18: +===========================+
2019-07-22T12:08:18: === CTA observation (id=000001) ===
2019-07-22T12:08:18:  Including unbinned CTA observation
2019-07-22T12:08:18: 
2019-07-22T12:08:18: +===========================+
2019-07-22T12:08:18: | Fill map from observation |
2019-07-22T12:08:18: +===========================+
2019-07-22T12:08:19: === CTA observation (id=000001) ===
2019-07-22T12:08:19:  Events in list ............: 326214
2019-07-22T12:08:19:  Events in map .............: 326213
2019-07-22T12:08:19:  Events outside RoI ........: 1
2019-07-22T12:08:19:  Events outside map area ...: 0
2019-07-22T12:08:19:  Events outside energies ...: 0
2019-07-22T12:08:19: 
2019-07-22T12:08:19: +=========+
2019-07-22T12:08:19: | Sky map |
2019-07-22T12:08:19: +=========+
2019-07-22T12:08:19: === GSkyMap ===
2019-07-22T12:08:19:  Number of pixels ..........: 6400
2019-07-22T12:08:19:  X axis dimension ..........: 80
2019-07-22T12:08:19:  Y axis dimension ..........: 80
2019-07-22T12:08:19:  Number of maps ............: 1
2019-07-22T12:08:19:  Shape of maps .............: (1)
2019-07-22T12:08:19: === GWcsCAR ===
2019-07-22T12:08:19:  Number of axes ............: 2
2019-07-22T12:08:19:  Longitude axis ............: 0
2019-07-22T12:08:19:  Latitude axis .............: 1
2019-07-22T12:08:19:  Spectral axis .............: -1
2019-07-22T12:08:19:  Coodinate system ..........: EQU
2019-07-22T12:08:19:  Projection code ...........: CAR
2019-07-22T12:08:19:  Projection name ...........: plate carree
2019-07-22T12:08:19:  Radius of the gen. sphere .: 57.2957795130823 deg
2019-07-22T12:08:19:  Reference coordinate ......: (84.1331, 22.0145)
2019-07-22T12:08:19:  Reference pixel ...........: (40.5, 40.5)
2019-07-22T12:08:19:  Increment at reference ....: (-0.02, 0.02)
2019-07-22T12:08:19:  (Phi_0, Theta_0) ..........: (0, 0) deg
2019-07-22T12:08:19:  (Phi_p, Theta_p) ..........: (0, 67.9855) deg
2019-07-22T12:08:19:  LATPOLE keyword usage .....: Required to select between two valid solutions of Theta_p.
2019-07-22T12:08:19:  Reference vector (m_ref) ..: (84.1331, 22.0145, 0, 67.9855) deg
2019-07-22T12:08:19:  Euler angles ..............: (264.1331 deg, 22.0145 deg, 0 deg, 0.927089022159083, 0.374841226377402)
2019-07-22T12:08:19:  Latitude preserved ........: False
2019-07-22T12:08:19:  Unity PC matrix ...........: True
2019-07-22T12:08:19:  Pixel-to-image trafo ......: ()
2019-07-22T12:08:19:  Image-to-pixel trafo ......: ()
2019-07-22T12:08:19:  Strict bounds checking ....: True
2019-07-22T12:08:19:  Use fiducial offset .......: False
2019-07-22T12:08:19:  Fiducial offset ...........: (0, 0)
2019-07-22T12:08:19:  Rest frequency ............: UNDEFINED
2019-07-22T12:08:19:  Rest wavelength ...........: UNDEFINED
2019-07-22T12:08:19: 
2019-07-22T12:08:19: +==============+
2019-07-22T12:08:19: | Compute maps |
2019-07-22T12:08:19: +==============+
2019-07-22T12:08:19: 
2019-07-22T12:08:19: +==============+
2019-07-22T12:08:19: | Save sky map |
2019-07-22T12:08:19: +==============+
2019-07-22T12:08:19:  Sky map file ..............: /cta/carli/CPPM_Internship/Simulations_and_Analyses/minus_gradient_AEff_South_z40_50h/source2d/skymap.fits
2019-07-22T12:08:19: 
2019-07-22T12:08:19: Application "ctskymap" terminated after 1 wall clock seconds, consuming 0.86 seconds of CPU time.
