2019-07-25T13:49:09: ********************************************************************************
2019-07-25T13:49:09: *                                    cterror                                   *
2019-07-25T13:49:09: * ---------------------------------------------------------------------------- *
2019-07-25T13:49:09: * Version: 1.6.0                                                               *
2019-07-25T13:49:09: ********************************************************************************
2019-07-25T13:49:09: +============+
2019-07-25T13:49:09: | Parameters |
2019-07-25T13:49:09: +============+
2019-07-25T13:49:09:  inobs .....................: /cta/carli/CPPM_Internship/Simulations_and_Analyses/minus_constant_AEff_South_z40_50h/source3c/obs_cube.fits
2019-07-25T13:49:09:  inmodel ...................: /cta/carli/CPPM_Internship/Simulations_and_Analyses/minus_constant_AEff_South_z40_50h/source3c/obsmodel_binned.xml
2019-07-25T13:49:09:  srcname ...................: source3c
2019-07-25T13:49:09:  expcube ...................: /cta/carli/CPPM_Internship/Simulations_and_Analyses/minus_constant_AEff_South_z40_50h/source3c/exposure_cube.fits
2019-07-25T13:49:09:  psfcube ...................: /cta/carli/CPPM_Internship/Simulations_and_Analyses/minus_constant_AEff_South_z40_50h/source3c/PSF_cube.fits
2019-07-25T13:49:09:  edispcube .................: /cta/carli/CPPM_Internship/Simulations_and_Analyses/minus_constant_AEff_South_z40_50h/source3c/edisp_cube.fits
2019-07-25T13:49:09:  bkgcube ...................: /cta/carli/CPPM_Internship/Simulations_and_Analyses/minus_constant_AEff_South_z40_50h/source3c/background_cube.fits
2019-07-25T13:49:09:  caldb .....................: prod3b-v2
2019-07-25T13:49:09:  irf .......................: minus_constant_AEff_South_z40_50h
2019-07-25T13:49:09:  edisp .....................: yes
2019-07-25T13:49:09:  outmodel ..................: 
2019-07-25T13:49:09:  confidence ................: 0.95
2019-07-25T13:49:09:  tol .......................: 1e-3
2019-07-25T13:49:09:  statistic .................: DEFAULT
2019-07-25T13:49:09:  like_accuracy .............: 0.005
2019-07-25T13:49:09:  max_iter ..................: 50
2019-07-25T13:49:09:  nthreads ..................: 0
2019-07-25T13:49:09:  chatter ...................: 4
2019-07-25T13:49:09:  clobber ...................: yes
2019-07-25T13:49:09:  debug .....................: no
2019-07-25T13:49:09:  mode ......................: ql
2019-07-25T13:49:09:  logfile ...................: cterror95.log
2019-07-25T13:49:09: 
2019-07-25T13:49:09: +===================+
2019-07-25T13:49:09: | Input observation |
2019-07-25T13:49:09: +===================+
2019-07-25T13:49:09: === GObservations ===
2019-07-25T13:49:09:  Number of observations ....: 1
2019-07-25T13:49:09:  Number of models ..........: 2
2019-07-25T13:49:09:  Number of observed events .: 319894
2019-07-25T13:49:09:  Number of predicted events : 0
2019-07-25T13:49:09: === GCTAObservation ===
2019-07-25T13:49:09:  Name ......................: 
2019-07-25T13:49:09:  Identifier ................: 000001
2019-07-25T13:49:09:  Instrument ................: CTA
2019-07-25T13:49:09:  Event file ................: /cta/carli/CPPM_Internship/Simulations_and_Analyses/minus_constant_AEff_South_z40_50h/source3c/obs_cube.fits
2019-07-25T13:49:09:  Event type ................: CountsCube
2019-07-25T13:49:09:  Statistic .................: cstat
2019-07-25T13:49:09:  Ontime ....................: 144000 s
2019-07-25T13:49:09:  Livetime ..................: 141120 s
2019-07-25T13:49:09:  Deadtime correction .......: 0.98
2019-07-25T13:49:09:  User energy range .........: undefined
2019-07-25T13:49:09: === GCTAPointing ===
2019-07-25T13:49:09:  Pointing direction ........: (RA,Dec)=(84.1331,22.0145)
2019-07-25T13:49:09: === GCTAResponseCube ===
2019-07-25T13:49:09:  Energy dispersion .........: Used
2019-07-25T13:49:09: === GCTACubeExposure ===
2019-07-25T13:49:09:  Filename ..................: /cta/carli/CPPM_Internship/Simulations_and_Analyses/minus_constant_AEff_South_z40_50h/source3c/exposure_cube.fits
2019-07-25T13:49:09:  Livetime ..................: 141120 sec
2019-07-25T13:49:09: === GEnergies ===
2019-07-25T13:49:09:  Number of energies ........: 33
2019-07-25T13:49:09: === GGti ===
2019-07-25T13:49:09:  Number of intervals .......: 1
2019-07-25T13:49:09:  Ontime ....................: 144000 sec
2019-07-25T13:49:09:  Elapsed time ..............: 144000 sec
2019-07-25T13:49:09:  MJD range .................: 51544.5 - 51546.1666666667 s (TT)
2019-07-25T13:49:09:  UTC range .................: 2000-01-01T11:58:56 - 2000-01-03T03:58:56 s (TT)
2019-07-25T13:49:09:  Reference MJD .............: 51544.5
2019-07-25T13:49:09: === GSkyMap ===
2019-07-25T13:49:09:  Number of pixels ..........: 6400
2019-07-25T13:49:09:  X axis dimension ..........: 80
2019-07-25T13:49:09:  Y axis dimension ..........: 80
2019-07-25T13:49:09:  Number of maps ............: 33
2019-07-25T13:49:09:  Shape of maps .............: (33)
2019-07-25T13:49:09: === GCTACubePsf ===
2019-07-25T13:49:09:  Filename ..................: /cta/carli/CPPM_Internship/Simulations_and_Analyses/minus_constant_AEff_South_z40_50h/source3c/PSF_cube.fits
2019-07-25T13:49:09: === GEnergies ===
2019-07-25T13:49:09:  Number of energies ........: 33
2019-07-25T13:49:09:  Number of delta bins ......: 200
2019-07-25T13:49:09:  Delta range ...............: 1.875e-06 - 0.298501875 deg
2019-07-25T13:49:09: === GSkyMap ===
2019-07-25T13:49:09:  Number of pixels ..........: 1
2019-07-25T13:49:09:  X axis dimension ..........: 1
2019-07-25T13:49:09:  Y axis dimension ..........: 1
2019-07-25T13:49:09:  Number of maps ............: 6600
2019-07-25T13:49:09:  Shape of maps .............: (200, 33)
2019-07-25T13:49:09: === GCTACubeEdisp ===
2019-07-25T13:49:09:  Filename ..................: /cta/carli/CPPM_Internship/Simulations_and_Analyses/minus_constant_AEff_South_z40_50h/source3c/edisp_cube.fits
2019-07-25T13:49:09: === GEnergies ===
2019-07-25T13:49:09:  Number of energies ........: 33
2019-07-25T13:49:09:  Number of migra bins ......: 100
2019-07-25T13:49:09:  Migra range ...............: 0.02 - 2
2019-07-25T13:49:09: === GSkyMap ===
2019-07-25T13:49:09:  Number of pixels ..........: 1
2019-07-25T13:49:09:  X axis dimension ..........: 1
2019-07-25T13:49:09:  Y axis dimension ..........: 1
2019-07-25T13:49:09:  Number of maps ............: 3300
2019-07-25T13:49:09:  Shape of maps .............: (100, 33)
2019-07-25T13:49:09: === GCTACubeBackground ===
2019-07-25T13:49:09:  Filename ..................: /cta/carli/CPPM_Internship/Simulations_and_Analyses/minus_constant_AEff_South_z40_50h/source3c/background_cube.fits
2019-07-25T13:49:09: === GEbounds ===
2019-07-25T13:49:09:  Number of intervals .......: 32
2019-07-25T13:49:09:  Energy range ..............: 100 GeV - 199.526229858398 TeV
2019-07-25T13:49:09: === GSkyMap ===
2019-07-25T13:49:09:  Number of pixels ..........: 6400
2019-07-25T13:49:09:  X axis dimension ..........: 80
2019-07-25T13:49:09:  Y axis dimension ..........: 80
2019-07-25T13:49:09:  Number of maps ............: 32
2019-07-25T13:49:09:  Shape of maps .............: (32)
2019-07-25T13:49:09: === GCTAResponseCache ===
2019-07-25T13:49:09:  Number of cached values ...: 0
2019-07-25T13:49:09: === GCTAEventCube ===
2019-07-25T13:49:09:  Number of events ..........: 319894
2019-07-25T13:49:09:  Number of elements ........: 204800
2019-07-25T13:49:09:  Number of pixels ..........: 6400
2019-07-25T13:49:09:  Number of energy bins .....: 32
2019-07-25T13:49:09:  Time interval .............: 51544.5 - 51546.1666666667 days
2019-07-25T13:49:09:  Pointing ..................: (RA,Dec)=(84.1331,22.0145)
2019-07-25T13:49:09: === GEbounds ===
2019-07-25T13:49:09:  Number of intervals .......: 32
2019-07-25T13:49:09:  Energy range ..............: 100 GeV - 199.526229858398 TeV
2019-07-25T13:49:09: === GSkyMap ===
2019-07-25T13:49:09:  Number of pixels ..........: 6400
2019-07-25T13:49:09:  X axis dimension ..........: 80
2019-07-25T13:49:09:  Y axis dimension ..........: 80
2019-07-25T13:49:09:  Number of maps ............: 32
2019-07-25T13:49:09:  Shape of maps .............: (32)
2019-07-25T13:49:09: === GSkyRegions ===
2019-07-25T13:49:09:  Number of regions .........: 0
2019-07-25T13:49:09: === GModels ===
2019-07-25T13:49:09:  Number of models ..........: 2
2019-07-25T13:49:09:  Number of parameters ......: 11
2019-07-25T13:49:09: === GModelSky ===
2019-07-25T13:49:09:  Name ......................: source3c
2019-07-25T13:49:09:  Instruments ...............: all
2019-07-25T13:49:09:  Test Statistic ............: 66243.255
2019-07-25T13:49:09:  Observation identifiers ...: all
2019-07-25T13:49:09:  Model type ................: PointSource
2019-07-25T13:49:09:  Model components ..........: "PointSource" * "ExponentialCutoffPowerLaw" * "Constant"
2019-07-25T13:49:09:  Number of parameters ......: 7
2019-07-25T13:49:09:  Number of spatial par's ...: 2
2019-07-25T13:49:09:   RA .......................: 83.6331 [-360,360] deg (fixed,scale=1)
2019-07-25T13:49:09:   DEC ......................: 22.0145 [-90,90] deg (fixed,scale=1)
2019-07-25T13:49:09:  Number of spectral par's ..: 4
2019-07-25T13:49:09:   Prefactor ................: 2.2286539304003e-18 [1e-25,1e-15] ph/cm2/s/MeV (fixed,scale=1e-18,gradient)
2019-07-25T13:49:09:   Index ....................: -2.01809339286787 [-0,-5]  (fixed,scale=-1,gradient)
2019-07-25T13:49:09:   CutoffEnergy .............: 100000000000 +/- 9163173573765.04 [1000000,100000000000] MeV (free,scale=100000000,gradient)
2019-07-25T13:49:09:   PivotEnergy ..............: 1000000 [10000,1000000000] MeV (fixed,scale=1000000,gradient)
2019-07-25T13:49:09:  Number of temporal par's ..: 1
2019-07-25T13:49:09:   Normalization ............: 1 (relative value) (fixed,scale=1,gradient)
2019-07-25T13:49:09:  Number of scale par's .....: 0
2019-07-25T13:49:09: === GCTAModelCubeBackground ===
2019-07-25T13:49:09:  Name ......................: BackgroundModel
2019-07-25T13:49:09:  Instruments ...............: CTA, HESS, MAGIC, VERITAS
2019-07-25T13:49:09:  Observation identifiers ...: all
2019-07-25T13:49:09:  Model type ................: "PowerLaw" * "Constant"
2019-07-25T13:49:09:  Number of parameters ......: 4
2019-07-25T13:49:09:  Number of spectral par's ..: 3
2019-07-25T13:49:09:   Prefactor ................: 0.993274177997512 [0.01,100] ph/cm2/s/MeV (fixed,scale=1,gradient)
2019-07-25T13:49:09:   Index ....................: -0.0035102386895721 [-5,5]  (fixed,scale=1,gradient)
2019-07-25T13:49:09:   PivotEnergy ..............: 1000000 MeV (fixed,scale=1000000,gradient)
2019-07-25T13:49:09:  Number of temporal par's ..: 1
2019-07-25T13:49:09:   Normalization ............: 1 (relative value) (fixed,scale=1,gradient)
2019-07-25T13:49:09: 
2019-07-25T13:49:09: +=============================+
2019-07-25T13:49:09: | Compute best-fit likelihood |
2019-07-25T13:49:09: +=============================+
2019-07-25T13:50:35: === GOptimizerLM ===
2019-07-25T13:50:35:  Optimized function value ..: -332911.003
2019-07-25T13:50:35:  Absolute precision ........: 0.005
2019-07-25T13:50:35:  Acceptable value decrease .: 2
2019-07-25T13:50:35:  Optimization status .......: converged
2019-07-25T13:50:35:  Number of parameters ......: 11
2019-07-25T13:50:35:  Number of free parameters .: 1
2019-07-25T13:50:35:  Number of iterations ......: 1
2019-07-25T13:50:35:  Lambda ....................: 0.0001
2019-07-25T13:50:35:  Maximum log likelihood ....: -332911.003
2019-07-25T13:50:35: === GModels ===
2019-07-25T13:50:35:  Number of models ..........: 2
2019-07-25T13:50:35:  Number of parameters ......: 11
2019-07-25T13:50:35: === GModelSky ===
2019-07-25T13:50:35:  Name ......................: source3c
2019-07-25T13:50:35:  Instruments ...............: all
2019-07-25T13:50:35:  Test Statistic ............: 66243.255
2019-07-25T13:50:35:  Observation identifiers ...: all
2019-07-25T13:50:35:  Model type ................: PointSource
2019-07-25T13:50:35:  Model components ..........: "PointSource" * "ExponentialCutoffPowerLaw" * "Constant"
2019-07-25T13:50:35:  Number of parameters ......: 7
2019-07-25T13:50:35:  Number of spatial par's ...: 2
2019-07-25T13:50:35:   RA .......................: 83.6331 [-360,360] deg (fixed,scale=1)
2019-07-25T13:50:35:   DEC ......................: 22.0145 [-90,90] deg (fixed,scale=1)
2019-07-25T13:50:35:  Number of spectral par's ..: 4
2019-07-25T13:50:35:   Prefactor ................: 2.2286539304003e-18 [1e-25,1e-15] ph/cm2/s/MeV (fixed,scale=1e-18,gradient)
2019-07-25T13:50:35:   Index ....................: -2.01809339286787 [-0,-5]  (fixed,scale=-1,gradient)
2019-07-25T13:50:35:   CutoffEnergy .............: 100000000000 +/- 6604291121432.95 [1000000,100000000000] MeV (free,scale=100000000,gradient)
2019-07-25T13:50:35:   PivotEnergy ..............: 1000000 [10000,1000000000] MeV (fixed,scale=1000000,gradient)
2019-07-25T13:50:35:  Number of temporal par's ..: 1
2019-07-25T13:50:35:   Normalization ............: 1 (relative value) (fixed,scale=1,gradient)
2019-07-25T13:50:35:  Number of scale par's .....: 0
2019-07-25T13:50:35: === GCTAModelCubeBackground ===
2019-07-25T13:50:35:  Name ......................: BackgroundModel
2019-07-25T13:50:35:  Instruments ...............: CTA, HESS, MAGIC, VERITAS
2019-07-25T13:50:35:  Observation identifiers ...: all
2019-07-25T13:50:35:  Model type ................: "PowerLaw" * "Constant"
2019-07-25T13:50:35:  Number of parameters ......: 4
2019-07-25T13:50:35:  Number of spectral par's ..: 3
2019-07-25T13:50:35:   Prefactor ................: 0.993274177997512 [0.01,100] ph/cm2/s/MeV (fixed,scale=1,gradient)
2019-07-25T13:50:35:   Index ....................: -0.0035102386895721 [-5,5]  (fixed,scale=1,gradient)
2019-07-25T13:50:35:   PivotEnergy ..............: 1000000 MeV (fixed,scale=1000000,gradient)
2019-07-25T13:50:35:  Number of temporal par's ..: 1
2019-07-25T13:50:35:   Normalization ............: 1 (relative value) (fixed,scale=1,gradient)
2019-07-25T13:50:35: 
2019-07-25T13:50:35: +==============================================================+
2019-07-25T13:50:35: | Compute error for source "source3c" parameter "CutoffEnergy" |
2019-07-25T13:50:35: +==============================================================+
2019-07-25T13:50:35:  Confidence level ..........: 95 %
2019-07-25T13:50:35:  Log-likelihood difference .: 1.92073
2019-07-25T13:50:35:  Initial factor range ......: [0.01, 1000]
2019-07-25T13:50:44:    Iteration 1 .............: [0.01, 1000]
2019-07-25T13:50:53:    Iteration 2 .............: [0.01, 500.005]
2019-07-25T13:51:03:    Iteration 3 .............: [0.01, 250.0075]
2019-07-25T13:51:12:    Iteration 4 .............: [0.01, 125.00875]
2019-07-25T13:51:21:    Iteration 5 .............: [0.01, 62.509375]
2019-07-25T13:51:31:    Iteration 6 .............: [0.01, 31.2596875]
2019-07-25T13:51:40:    Iteration 7 .............: [15.63484375, 31.2596875]
2019-07-25T13:51:49:    Iteration 8 .............: [15.63484375, 23.447265625]
2019-07-25T13:51:58:    Iteration 9 .............: [15.63484375, 19.5410546875]
2019-07-25T13:52:08:    Iteration 10 ............: [15.63484375, 17.58794921875]
2019-07-25T13:52:17:    Iteration 11 ............: [16.611396484375, 17.58794921875]
2019-07-25T13:52:27:    Iteration 12 ............: [17.0996728515625, 17.58794921875]
2019-07-25T13:52:36:    Iteration 13 ............: [17.0996728515625, 17.3438110351562]
2019-07-25T13:52:45:    Iteration 14 ............: [17.2217419433594, 17.3438110351562]
2019-07-25T13:52:55:    Iteration 15 ............: [17.2827764892578, 17.3438110351562]
2019-07-25T13:53:04:    Iteration 16 ............: [17.313293762207, 17.3438110351562]
2019-07-25T13:53:14:    Iteration 1 .............: [1000, 1000]
2019-07-25T13:53:14:  Lower parameter factor ....: 17.3286
2019-07-25T13:53:14:  Upper parameter factor ....: 1000
2019-07-25T13:53:14:  Error from curvature ......: 6604291121432.95 MeV
2019-07-25T13:53:14:  Error from profile ........: 49133572380.0659 MeV
2019-07-25T13:53:14:  Negative profile error ....: 98267144760.1318 MeV
2019-07-25T13:53:14:  Positive profile error ....: 0 MeV
2019-07-25T13:53:14: 
2019-07-25T13:53:14: +==============+
2019-07-25T13:53:14: | Save results |
2019-07-25T13:53:14: +==============+
2019-07-25T13:53:14:  Model definition file .....: NONE
2019-07-25T13:53:14: 
2019-07-25T13:53:14: Application "cterror" terminated after 245 wall clock seconds, consuming 322.58 seconds of CPU time.
