2019-07-22T17:41:21: ********************************************************************************
2019-07-22T17:41:21: *                                    ctmodel                                   *
2019-07-22T17:41:21: * ---------------------------------------------------------------------------- *
2019-07-22T17:41:21: * Version: 1.6.0                                                               *
2019-07-22T17:41:21: ********************************************************************************
2019-07-22T17:41:21: +============+
2019-07-22T17:41:21: | Parameters |
2019-07-22T17:41:21: +============+
2019-07-22T17:41:21:  inobs .....................: /cta/carli/CPPM_Internship/Simulations_and_Analyses/minus_constant_AEff_South_z40_50h/source3c/obs_cube.fits
2019-07-22T17:41:21:  incube ....................: /cta/carli/CPPM_Internship/Simulations_and_Analyses/minus_constant_AEff_South_z40_50h/source3c/obs_cube.fits
2019-07-22T17:41:21:  inmodel ...................: /cta/carli/CPPM_Internship/Simulations_and_Analyses/minus_constant_AEff_South_z40_50h/source3c/obsmodel_binned.xml
2019-07-22T17:41:21:  expcube ...................: /cta/carli/CPPM_Internship/Simulations_and_Analyses/minus_constant_AEff_South_z40_50h/source3c/exposure_cube.fits
2019-07-22T17:41:21:  psfcube ...................: /cta/carli/CPPM_Internship/Simulations_and_Analyses/minus_constant_AEff_South_z40_50h/source3c/PSF_cube.fits
2019-07-22T17:41:21:  edispcube .................: /cta/carli/CPPM_Internship/Simulations_and_Analyses/minus_constant_AEff_South_z40_50h/source3c/edisp_cube.fits
2019-07-22T17:41:21:  bkgcube ...................: /cta/carli/CPPM_Internship/Simulations_and_Analyses/minus_constant_AEff_South_z40_50h/source3c/background_cube.fits
2019-07-22T17:41:21:  caldb .....................: prod3b-v2
2019-07-22T17:41:21:  irf .......................: minus_constant_AEff_South_z40_50h
2019-07-22T17:41:21:  edisp .....................: yes
2019-07-22T17:41:21:  outcube ...................: /cta/carli/CPPM_Internship/Simulations_and_Analyses/minus_constant_AEff_South_z40_50h/source3c/obsmodel_cube.fits
2019-07-22T17:41:21:  ra ........................: 84.1331
2019-07-22T17:41:21:  dec .......................: 22.0145
2019-07-22T17:41:21:  rad .......................: 0.8
2019-07-22T17:41:21:  tmin ......................: 0
2019-07-22T17:41:21:  tmax ......................: 144000
2019-07-22T17:41:21:  deadc .....................: 0.98
2019-07-22T17:41:21:  ebinalg ...................: LOG
2019-07-22T17:41:21:  emin ......................: 0.1
2019-07-22T17:41:21:  emax ......................: 199.526229858398
2019-07-22T17:41:21:  enumbins ..................: 32
2019-07-22T17:41:21:  ebinfile ..................: [not queried]
2019-07-22T17:41:21:  usepnt ....................: yes
2019-07-22T17:41:21:  nxpix .....................: 80
2019-07-22T17:41:21:  nypix .....................: 80
2019-07-22T17:41:21:  binsz .....................: 0.02
2019-07-22T17:41:21:  coordsys ..................: [not queried]
2019-07-22T17:41:21:  proj ......................: [not queried]
2019-07-22T17:41:21:  xref ......................: [not queried]
2019-07-22T17:41:21:  yref ......................: [not queried]
2019-07-22T17:41:21:  nthreads ..................: 0
2019-07-22T17:41:21:  publish ...................: no
2019-07-22T17:41:21:  chatter ...................: 4
2019-07-22T17:41:21:  clobber ...................: yes
2019-07-22T17:41:21:  debug .....................: no
2019-07-22T17:41:21:  mode ......................: ql
2019-07-22T17:41:21:  logfile ...................: ctmodel.log
2019-07-22T17:41:21: 
2019-07-22T17:41:21: +===================+
2019-07-22T17:41:21: | Input observation |
2019-07-22T17:41:21: +===================+
2019-07-22T17:41:21: === GObservations ===
2019-07-22T17:41:21:  Number of observations ....: 1
2019-07-22T17:41:21:  Number of models ..........: 2
2019-07-22T17:41:21:  Number of observed events .: 319894
2019-07-22T17:41:21:  Number of predicted events : 0
2019-07-22T17:41:21: === GCTAObservation ===
2019-07-22T17:41:21:  Name ......................: 
2019-07-22T17:41:21:  Identifier ................: 000001
2019-07-22T17:41:21:  Instrument ................: CTA
2019-07-22T17:41:21:  Event file ................: /cta/carli/CPPM_Internship/Simulations_and_Analyses/minus_constant_AEff_South_z40_50h/source3c/obs_cube.fits
2019-07-22T17:41:21:  Event type ................: CountsCube
2019-07-22T17:41:21:  Statistic .................: cstat
2019-07-22T17:41:21:  Ontime ....................: 144000 s
2019-07-22T17:41:21:  Livetime ..................: 141120 s
2019-07-22T17:41:21:  Deadtime correction .......: 0.98
2019-07-22T17:41:21:  User energy range .........: undefined
2019-07-22T17:41:21: === GCTAPointing ===
2019-07-22T17:41:21:  Pointing direction ........: (RA,Dec)=(84.1331,22.0145)
2019-07-22T17:41:21: === GCTAResponseCube ===
2019-07-22T17:41:21:  Energy dispersion .........: Used
2019-07-22T17:41:21: === GCTACubeExposure ===
2019-07-22T17:41:21:  Filename ..................: /cta/carli/CPPM_Internship/Simulations_and_Analyses/minus_constant_AEff_South_z40_50h/source3c/exposure_cube.fits
2019-07-22T17:41:21:  Livetime ..................: 141120 sec
2019-07-22T17:41:21: === GEnergies ===
2019-07-22T17:41:21:  Number of energies ........: 33
2019-07-22T17:41:21: === GGti ===
2019-07-22T17:41:21:  Number of intervals .......: 1
2019-07-22T17:41:21:  Ontime ....................: 144000 sec
2019-07-22T17:41:21:  Elapsed time ..............: 144000 sec
2019-07-22T17:41:21:  MJD range .................: 51544.5 - 51546.1666666667 s (TT)
2019-07-22T17:41:21:  UTC range .................: 2000-01-01T11:58:56 - 2000-01-03T03:58:56 s (TT)
2019-07-22T17:41:21:  Reference MJD .............: 51544.5
2019-07-22T17:41:21: === GSkyMap ===
2019-07-22T17:41:21:  Number of pixels ..........: 6400
2019-07-22T17:41:21:  X axis dimension ..........: 80
2019-07-22T17:41:21:  Y axis dimension ..........: 80
2019-07-22T17:41:21:  Number of maps ............: 33
2019-07-22T17:41:21:  Shape of maps .............: (33)
2019-07-22T17:41:21: === GCTACubePsf ===
2019-07-22T17:41:21:  Filename ..................: /cta/carli/CPPM_Internship/Simulations_and_Analyses/minus_constant_AEff_South_z40_50h/source3c/PSF_cube.fits
2019-07-22T17:41:21: === GEnergies ===
2019-07-22T17:41:21:  Number of energies ........: 33
2019-07-22T17:41:21:  Number of delta bins ......: 200
2019-07-22T17:41:21:  Delta range ...............: 1.875e-06 - 0.298501875 deg
2019-07-22T17:41:21: === GSkyMap ===
2019-07-22T17:41:21:  Number of pixels ..........: 1
2019-07-22T17:41:21:  X axis dimension ..........: 1
2019-07-22T17:41:21:  Y axis dimension ..........: 1
2019-07-22T17:41:21:  Number of maps ............: 6600
2019-07-22T17:41:21:  Shape of maps .............: (200, 33)
2019-07-22T17:41:21: === GCTACubeEdisp ===
2019-07-22T17:41:21:  Filename ..................: /cta/carli/CPPM_Internship/Simulations_and_Analyses/minus_constant_AEff_South_z40_50h/source3c/edisp_cube.fits
2019-07-22T17:41:21: === GEnergies ===
2019-07-22T17:41:21:  Number of energies ........: 33
2019-07-22T17:41:21:  Number of migra bins ......: 100
2019-07-22T17:41:21:  Migra range ...............: 0.02 - 2
2019-07-22T17:41:21: === GSkyMap ===
2019-07-22T17:41:21:  Number of pixels ..........: 1
2019-07-22T17:41:21:  X axis dimension ..........: 1
2019-07-22T17:41:21:  Y axis dimension ..........: 1
2019-07-22T17:41:21:  Number of maps ............: 3300
2019-07-22T17:41:21:  Shape of maps .............: (100, 33)
2019-07-22T17:41:21: === GCTACubeBackground ===
2019-07-22T17:41:21:  Filename ..................: /cta/carli/CPPM_Internship/Simulations_and_Analyses/minus_constant_AEff_South_z40_50h/source3c/background_cube.fits
2019-07-22T17:41:21: === GEbounds ===
2019-07-22T17:41:21:  Number of intervals .......: 32
2019-07-22T17:41:21:  Energy range ..............: 100 GeV - 199.526229858398 TeV
2019-07-22T17:41:21: === GSkyMap ===
2019-07-22T17:41:21:  Number of pixels ..........: 6400
2019-07-22T17:41:21:  X axis dimension ..........: 80
2019-07-22T17:41:21:  Y axis dimension ..........: 80
2019-07-22T17:41:21:  Number of maps ............: 32
2019-07-22T17:41:21:  Shape of maps .............: (32)
2019-07-22T17:41:21: === GCTAResponseCache ===
2019-07-22T17:41:21:  Number of cached values ...: 0
2019-07-22T17:41:21: === GCTAEventCube ===
2019-07-22T17:41:21:  Number of events ..........: 319894
2019-07-22T17:41:21:  Number of elements ........: 204800
2019-07-22T17:41:21:  Number of pixels ..........: 6400
2019-07-22T17:41:21:  Number of energy bins .....: 32
2019-07-22T17:41:21:  Time interval .............: 51544.5 - 51546.1666666667 days
2019-07-22T17:41:21:  Pointing ..................: (RA,Dec)=(84.1331,22.0145)
2019-07-22T17:41:21: === GEbounds ===
2019-07-22T17:41:21:  Number of intervals .......: 32
2019-07-22T17:41:21:  Energy range ..............: 100 GeV - 199.526229858398 TeV
2019-07-22T17:41:21: === GSkyMap ===
2019-07-22T17:41:21:  Number of pixels ..........: 6400
2019-07-22T17:41:21:  X axis dimension ..........: 80
2019-07-22T17:41:21:  Y axis dimension ..........: 80
2019-07-22T17:41:21:  Number of maps ............: 32
2019-07-22T17:41:21:  Shape of maps .............: (32)
2019-07-22T17:41:21: === GSkyRegions ===
2019-07-22T17:41:21:  Number of regions .........: 0
2019-07-22T17:41:21: === GModels ===
2019-07-22T17:41:21:  Number of models ..........: 2
2019-07-22T17:41:21:  Number of parameters ......: 11
2019-07-22T17:41:21: === GModelSky ===
2019-07-22T17:41:21:  Name ......................: source3c
2019-07-22T17:41:21:  Instruments ...............: all
2019-07-22T17:41:21:  Test Statistic ............: 66243.255
2019-07-22T17:41:21:  Observation identifiers ...: all
2019-07-22T17:41:21:  Model type ................: PointSource
2019-07-22T17:41:21:  Model components ..........: "PointSource" * "ExponentialCutoffPowerLaw" * "Constant"
2019-07-22T17:41:21:  Number of parameters ......: 7
2019-07-22T17:41:21:  Number of spatial par's ...: 2
2019-07-22T17:41:21:   RA .......................: 83.6331 [-360,360] deg (fixed,scale=1)
2019-07-22T17:41:21:   DEC ......................: 22.0145 [-90,90] deg (fixed,scale=1)
2019-07-22T17:41:21:  Number of spectral par's ..: 4
2019-07-22T17:41:21:   Prefactor ................: 2.2286539304003e-18 +/- 2.13847993990097e-20 [1e-25,1e-15] ph/cm2/s/MeV (free,scale=1e-18,gradient)
2019-07-22T17:41:21:   Index ....................: -2.01809339286787 +/- 0.00811018294126028 [-0,-5]  (free,scale=-1,gradient)
2019-07-22T17:41:21:   CutoffEnergy .............: 100000000000 +/- 9163173573765.04 [1000000,100000000000] MeV (free,scale=100000000,gradient)
2019-07-22T17:41:21:   PivotEnergy ..............: 1000000 [10000,1000000000] MeV (fixed,scale=1000000,gradient)
2019-07-22T17:41:21:  Number of temporal par's ..: 1
2019-07-22T17:41:21:   Normalization ............: 1 (relative value) (fixed,scale=1,gradient)
2019-07-22T17:41:21:  Number of scale par's .....: 0
2019-07-22T17:41:21: === GCTAModelCubeBackground ===
2019-07-22T17:41:21:  Name ......................: BackgroundModel
2019-07-22T17:41:21:  Instruments ...............: CTA, HESS, MAGIC, VERITAS
2019-07-22T17:41:21:  Observation identifiers ...: all
2019-07-22T17:41:21:  Model type ................: "PowerLaw" * "Constant"
2019-07-22T17:41:21:  Number of parameters ......: 4
2019-07-22T17:41:21:  Number of spectral par's ..: 3
2019-07-22T17:41:21:   Prefactor ................: 0.993274177997512 +/- 0.0044176028370254 [0.01,100] ph/cm2/s/MeV (free,scale=1,gradient)
2019-07-22T17:41:21:   Index ....................: -0.0035102386895721 +/- 0.00257286897837346 [-5,5]  (free,scale=1,gradient)
2019-07-22T17:41:21:   PivotEnergy ..............: 1000000 MeV (fixed,scale=1000000,gradient)
2019-07-22T17:41:21:  Number of temporal par's ..: 1
2019-07-22T17:41:21:   Normalization ............: 1 (relative value) (fixed,scale=1,gradient)
2019-07-22T17:41:21: 
2019-07-22T17:41:21: +==============+
2019-07-22T17:41:21: | Input models |
2019-07-22T17:41:21: +==============+
2019-07-22T17:41:21: === GModels ===
2019-07-22T17:41:21:  Number of models ..........: 2
2019-07-22T17:41:21:  Number of parameters ......: 11
2019-07-22T17:41:21: === GModelSky ===
2019-07-22T17:41:21:  Name ......................: source3c
2019-07-22T17:41:21:  Instruments ...............: all
2019-07-22T17:41:21:  Test Statistic ............: 66243.255
2019-07-22T17:41:21:  Observation identifiers ...: all
2019-07-22T17:41:21:  Model type ................: PointSource
2019-07-22T17:41:21:  Model components ..........: "PointSource" * "ExponentialCutoffPowerLaw" * "Constant"
2019-07-22T17:41:21:  Number of parameters ......: 7
2019-07-22T17:41:21:  Number of spatial par's ...: 2
2019-07-22T17:41:21:   RA .......................: 83.6331 [-360,360] deg (fixed,scale=1)
2019-07-22T17:41:21:   DEC ......................: 22.0145 [-90,90] deg (fixed,scale=1)
2019-07-22T17:41:21:  Number of spectral par's ..: 4
2019-07-22T17:41:21:   Prefactor ................: 2.2286539304003e-18 +/- 2.13847993990097e-20 [1e-25,1e-15] ph/cm2/s/MeV (free,scale=1e-18,gradient)
2019-07-22T17:41:21:   Index ....................: -2.01809339286787 +/- 0.00811018294126028 [-0,-5]  (free,scale=-1,gradient)
2019-07-22T17:41:21:   CutoffEnergy .............: 100000000000 +/- 9163173573765.04 [1000000,100000000000] MeV (free,scale=100000000,gradient)
2019-07-22T17:41:21:   PivotEnergy ..............: 1000000 [10000,1000000000] MeV (fixed,scale=1000000,gradient)
2019-07-22T17:41:21:  Number of temporal par's ..: 1
2019-07-22T17:41:21:   Normalization ............: 1 (relative value) (fixed,scale=1,gradient)
2019-07-22T17:41:21:  Number of scale par's .....: 0
2019-07-22T17:41:21: === GCTAModelCubeBackground ===
2019-07-22T17:41:21:  Name ......................: BackgroundModel
2019-07-22T17:41:21:  Instruments ...............: CTA, HESS, MAGIC, VERITAS
2019-07-22T17:41:21:  Observation identifiers ...: all
2019-07-22T17:41:21:  Model type ................: "PowerLaw" * "Constant"
2019-07-22T17:41:21:  Number of parameters ......: 4
2019-07-22T17:41:21:  Number of spectral par's ..: 3
2019-07-22T17:41:21:   Prefactor ................: 0.993274177997512 +/- 0.0044176028370254 [0.01,100] ph/cm2/s/MeV (free,scale=1,gradient)
2019-07-22T17:41:21:   Index ....................: -0.0035102386895721 +/- 0.00257286897837346 [-5,5]  (free,scale=1,gradient)
2019-07-22T17:41:21:   PivotEnergy ..............: 1000000 MeV (fixed,scale=1000000,gradient)
2019-07-22T17:41:21:  Number of temporal par's ..: 1
2019-07-22T17:41:21:   Normalization ............: 1 (relative value) (fixed,scale=1,gradient)
2019-07-22T17:41:21: 
2019-07-22T17:41:21: +=====================+
2019-07-22T17:41:21: | Generate model cube |
2019-07-22T17:41:21: +=====================+
2019-07-22T17:41:28: === CTA observation (id=000001) ===
2019-07-22T17:41:28:  Model events in cube ......: 318054
2019-07-22T17:41:28:  Bins outside energy range .: 0
2019-07-22T17:41:28:  Bins outside RoI ..........: 0
2019-07-22T17:41:28: +------------+
2019-07-22T17:41:28: | Model cube |
2019-07-22T17:41:28: +------------+
2019-07-22T17:41:28: === GCTAEventCube ===
2019-07-22T17:41:28:  Number of events ..........: 318054
2019-07-22T17:41:28:  Number of elements ........: 204800
2019-07-22T17:41:28:  Number of pixels ..........: 6400
2019-07-22T17:41:28:  Number of energy bins .....: 32
2019-07-22T17:41:28:  Time interval .............: 51544.5 - 51546.1666666667 days
2019-07-22T17:41:28:  Pointing ..................: (RA,Dec)=(84.1331,22.0145)
2019-07-22T17:41:28: === GEbounds ===
2019-07-22T17:41:28:  Number of intervals .......: 32
2019-07-22T17:41:28:  Energy range ..............: 100 GeV - 199.526229858398 TeV
2019-07-22T17:41:28:  Energy interval 0 .........: 100 GeV - 126.801677758117 GeV
2019-07-22T17:41:28:  Energy interval 1 .........: 126.801677758117 GeV - 160.786654822733 GeV
2019-07-22T17:41:28:  Energy interval 2 .........: 160.786654822733 GeV - 203.880175926378 GeV
2019-07-22T17:41:28:  Energy interval 3 .........: 203.880175926378 GeV - 258.523483690848 GeV
2019-07-22T17:41:28:  Energy interval 4 .........: 258.523483690848 GeV - 327.812114718727 GeV
2019-07-22T17:41:28:  Energy interval 5 .........: 327.812114718727 GeV - 415.671261357709 GeV
2019-07-22T17:41:28:  Energy interval 6 .........: 415.671261357709 GeV - 527.078133359902 GeV
2019-07-22T17:41:28:  Energy interval 7 .........: 527.078133359902 GeV - 668.343916196521 GeV
2019-07-22T17:41:28:  Energy interval 8 .........: 668.343916196521 GeV - 847.471298931492 GeV
2019-07-22T17:41:28:  Energy interval 9 .........: 847.471298931492 GeV - 1.07460782556364 TeV
2019-07-22T17:41:28:  Energy interval 10 ........: 1.07460782556364 TeV - 1.36262075213471 TeV
2019-07-22T17:41:28:  Energy interval 11 ........: 1.36262075213471 TeV - 1.72782597518709 TeV
2019-07-22T17:41:28:  Energy interval 12 ........: 1.72782597518709 TeV - 2.19091232527777 TeV
2019-07-22T17:41:28:  Energy interval 13 ........: 2.19091232527777 TeV - 2.77811358666159 TeV
2019-07-22T17:41:28:  Energy interval 14 ........: 2.77811358666159 TeV - 3.5226946379131 TeV
2019-07-22T17:41:28:  Energy interval 15 ........: 3.5226946379131 TeV - 4.46683590316902 TeV
2019-07-22T17:41:28:  Energy interval 16 ........: 4.46683590316902 TeV - 5.66402286792025 TeV
2019-07-22T17:41:28:  Energy interval 17 ........: 5.66402286792025 TeV - 7.18207602512629 TeV
2019-07-22T17:41:28:  Energy interval 18 ........: 7.18207602512629 TeV - 9.10699289772362 TeV
2019-07-22T17:41:28:  Energy interval 19 ........: 9.10699289772362 TeV - 11.5478197876261 TeV
2019-07-22T17:41:28:  Energy interval 20 ........: 11.5478197876261 TeV - 14.6428292351937 TeV
2019-07-22T17:41:28:  Energy interval 21 ........: 14.6428292351937 TeV - 18.5673531414817 TeV
2019-07-22T17:41:28:  Energy interval 22 ........: 18.5673531414817 TeV - 23.5437152986732 TeV
2019-07-22T17:41:28:  Energy interval 23 ........: 23.5437152986732 TeV - 29.8538260053121 TeV
2019-07-22T17:41:28:  Energy interval 24 ........: 29.8538260053121 TeV - 37.8551522497248 TeV
2019-07-22T17:41:28:  Energy interval 25 ........: 37.8551522497248 TeV - 48.0009681705405 TeV
2019-07-22T17:41:28:  Energy interval 26 ........: 48.0009681705405 TeV - 60.8660329803851 TeV
2019-07-22T17:41:28:  Energy interval 27 ........: 60.8660329803851 TeV - 77.1791510039371 TeV
2019-07-22T17:41:28:  Energy interval 28 ........: 77.1791510039371 TeV - 97.8644583524627 TeV
2019-07-22T17:41:28:  Energy interval 29 ........: 97.8644583524627 TeV - 124.093775119817 TeV
2019-07-22T17:41:28:  Energy interval 30 ........: 124.093775119817 TeV - 157.352988845312 TeV
2019-07-22T17:41:28:  Energy interval 31 ........: 157.352988845312 TeV - 199.526229858398 TeV
2019-07-22T17:41:28: === GSkyMap ===
2019-07-22T17:41:28:  Number of pixels ..........: 6400
2019-07-22T17:41:28:  X axis dimension ..........: 80
2019-07-22T17:41:28:  Y axis dimension ..........: 80
2019-07-22T17:41:28:  Number of maps ............: 32
2019-07-22T17:41:28:  Shape of maps .............: (32)
2019-07-22T17:41:28: === GWcsTAN ===
2019-07-22T17:41:28:  Number of axes ............: 2
2019-07-22T17:41:28:  Coodinate system ..........: GAL
2019-07-22T17:41:28:  Projection code ...........: TAN
2019-07-22T17:41:28:  Projection name ...........: gnomonic
2019-07-22T17:41:28:  Reference coordinate ......: (184.806062, -5.3923557125)
2019-07-22T17:41:28:  Reference pixel ...........: (40.5, 40.5)
2019-07-22T17:41:28:  Increment at reference ....: (-0.02, 0.02)
2019-07-22T17:41:28:  (Phi_0, Theta_0) ..........: (0, 90) deg
2019-07-22T17:41:28:  (Phi_p, Theta_p) ..........: (180, -5.3923557125) deg
2019-07-22T17:41:28: 
2019-07-22T17:41:28: +============+
2019-07-22T17:41:28: | Model cube |
2019-07-22T17:41:28: +============+
2019-07-22T17:41:28: === GCTAEventCube ===
2019-07-22T17:41:28:  Number of events ..........: 318054
2019-07-22T17:41:28:  Number of elements ........: 204800
2019-07-22T17:41:28:  Number of pixels ..........: 6400
2019-07-22T17:41:28:  Number of energy bins .....: 32
2019-07-22T17:41:28:  Time interval .............: 51544.5 - 51546.1666666667 days
2019-07-22T17:41:28:  Pointing ..................: (RA,Dec)=(84.1331,22.0145)
2019-07-22T17:41:28: === GEbounds ===
2019-07-22T17:41:28:  Number of intervals .......: 32
2019-07-22T17:41:28:  Energy range ..............: 100 GeV - 199.526229858398 TeV
2019-07-22T17:41:28: === GSkyMap ===
2019-07-22T17:41:28:  Number of pixels ..........: 6400
2019-07-22T17:41:28:  X axis dimension ..........: 80
2019-07-22T17:41:28:  Y axis dimension ..........: 80
2019-07-22T17:41:28:  Number of maps ............: 32
2019-07-22T17:41:28:  Shape of maps .............: (32)
2019-07-22T17:41:28: 
2019-07-22T17:41:28: +=================+
2019-07-22T17:41:28: | Save model cube |
2019-07-22T17:41:28: +=================+
2019-07-22T17:41:28:  Model cube file ...........: /cta/carli/CPPM_Internship/Simulations_and_Analyses/minus_constant_AEff_South_z40_50h/source3c/obsmodel_cube.fits
2019-07-22T17:41:28: 
2019-07-22T17:41:28: Application "ctmodel" terminated after 7 wall clock seconds, consuming 8.17 seconds of CPU time.
