2019-07-25T09:27:53: ********************************************************************************
2019-07-25T09:27:53: *                                    cterror                                   *
2019-07-25T09:27:53: * ---------------------------------------------------------------------------- *
2019-07-25T09:27:53: * Version: 1.6.0                                                               *
2019-07-25T09:27:53: ********************************************************************************
2019-07-25T09:27:54: +============+
2019-07-25T09:27:54: | Parameters |
2019-07-25T09:27:54: +============+
2019-07-25T09:27:54:  inobs .....................: /cta/carli/CPPM_Internship/Simulations_and_Analyses/plus_step_AEff_South_z40_50h/source1c/obs_cube.fits
2019-07-25T09:27:54:  inmodel ...................: /cta/carli/CPPM_Internship/Simulations_and_Analyses/plus_step_AEff_South_z40_50h/source1c/obsmodel_binned.xml
2019-07-25T09:27:54:  srcname ...................: source1c
2019-07-25T09:27:54:  expcube ...................: /cta/carli/CPPM_Internship/Simulations_and_Analyses/plus_step_AEff_South_z40_50h/source1c/exposure_cube.fits
2019-07-25T09:27:54:  psfcube ...................: /cta/carli/CPPM_Internship/Simulations_and_Analyses/plus_step_AEff_South_z40_50h/source1c/PSF_cube.fits
2019-07-25T09:27:54:  edispcube .................: /cta/carli/CPPM_Internship/Simulations_and_Analyses/plus_step_AEff_South_z40_50h/source1c/edisp_cube.fits
2019-07-25T09:27:54:  bkgcube ...................: /cta/carli/CPPM_Internship/Simulations_and_Analyses/plus_step_AEff_South_z40_50h/source1c/background_cube.fits
2019-07-25T09:27:54:  caldb .....................: prod3b-v2
2019-07-25T09:27:54:  irf .......................: plus_step_AEff_South_z40_50h
2019-07-25T09:27:54:  edisp .....................: yes
2019-07-25T09:27:54:  outmodel ..................: 
2019-07-25T09:27:54:  confidence ................: 0.68
2019-07-25T09:27:54:  tol .......................: 1e-3
2019-07-25T09:27:54:  statistic .................: DEFAULT
2019-07-25T09:27:54:  like_accuracy .............: 0.005
2019-07-25T09:27:54:  max_iter ..................: 50
2019-07-25T09:27:54:  nthreads ..................: 0
2019-07-25T09:27:54:  chatter ...................: 4
2019-07-25T09:27:54:  clobber ...................: yes
2019-07-25T09:27:54:  debug .....................: no
2019-07-25T09:27:54:  mode ......................: ql
2019-07-25T09:27:54:  logfile ...................: cterror68.log
2019-07-25T09:27:54: 
2019-07-25T09:27:54: +===================+
2019-07-25T09:27:54: | Input observation |
2019-07-25T09:27:54: +===================+
2019-07-25T09:27:54: === GObservations ===
2019-07-25T09:27:54:  Number of observations ....: 1
2019-07-25T09:27:54:  Number of models ..........: 2
2019-07-25T09:27:54:  Number of observed events .: 320264
2019-07-25T09:27:54:  Number of predicted events : 0
2019-07-25T09:27:54: === GCTAObservation ===
2019-07-25T09:27:54:  Name ......................: 
2019-07-25T09:27:54:  Identifier ................: 000001
2019-07-25T09:27:54:  Instrument ................: CTA
2019-07-25T09:27:54:  Event file ................: /cta/carli/CPPM_Internship/Simulations_and_Analyses/plus_step_AEff_South_z40_50h/source1c/obs_cube.fits
2019-07-25T09:27:54:  Event type ................: CountsCube
2019-07-25T09:27:54:  Statistic .................: cstat
2019-07-25T09:27:54:  Ontime ....................: 144000 s
2019-07-25T09:27:54:  Livetime ..................: 141120 s
2019-07-25T09:27:54:  Deadtime correction .......: 0.98
2019-07-25T09:27:54:  User energy range .........: undefined
2019-07-25T09:27:54: === GCTAPointing ===
2019-07-25T09:27:54:  Pointing direction ........: (RA,Dec)=(84.1331,22.0145)
2019-07-25T09:27:54: === GCTAResponseCube ===
2019-07-25T09:27:54:  Energy dispersion .........: Used
2019-07-25T09:27:54: === GCTACubeExposure ===
2019-07-25T09:27:54:  Filename ..................: /cta/carli/CPPM_Internship/Simulations_and_Analyses/plus_step_AEff_South_z40_50h/source1c/exposure_cube.fits
2019-07-25T09:27:54:  Livetime ..................: 141120 sec
2019-07-25T09:27:54: === GEnergies ===
2019-07-25T09:27:54:  Number of energies ........: 33
2019-07-25T09:27:54: === GGti ===
2019-07-25T09:27:54:  Number of intervals .......: 1
2019-07-25T09:27:54:  Ontime ....................: 144000 sec
2019-07-25T09:27:54:  Elapsed time ..............: 144000 sec
2019-07-25T09:27:54:  MJD range .................: 51544.5 - 51546.1666666667 s (TT)
2019-07-25T09:27:54:  UTC range .................: 2000-01-01T11:58:56 - 2000-01-03T03:58:56 s (TT)
2019-07-25T09:27:54:  Reference MJD .............: 51544.5
2019-07-25T09:27:54: === GSkyMap ===
2019-07-25T09:27:54:  Number of pixels ..........: 6400
2019-07-25T09:27:54:  X axis dimension ..........: 80
2019-07-25T09:27:54:  Y axis dimension ..........: 80
2019-07-25T09:27:54:  Number of maps ............: 33
2019-07-25T09:27:54:  Shape of maps .............: (33)
2019-07-25T09:27:54: === GCTACubePsf ===
2019-07-25T09:27:54:  Filename ..................: /cta/carli/CPPM_Internship/Simulations_and_Analyses/plus_step_AEff_South_z40_50h/source1c/PSF_cube.fits
2019-07-25T09:27:54: === GEnergies ===
2019-07-25T09:27:54:  Number of energies ........: 33
2019-07-25T09:27:54:  Number of delta bins ......: 200
2019-07-25T09:27:54:  Delta range ...............: 1.875e-06 - 0.298501875 deg
2019-07-25T09:27:54: === GSkyMap ===
2019-07-25T09:27:54:  Number of pixels ..........: 1
2019-07-25T09:27:54:  X axis dimension ..........: 1
2019-07-25T09:27:54:  Y axis dimension ..........: 1
2019-07-25T09:27:54:  Number of maps ............: 6600
2019-07-25T09:27:54:  Shape of maps .............: (200, 33)
2019-07-25T09:27:54: === GCTACubeEdisp ===
2019-07-25T09:27:54:  Filename ..................: /cta/carli/CPPM_Internship/Simulations_and_Analyses/plus_step_AEff_South_z40_50h/source1c/edisp_cube.fits
2019-07-25T09:27:54: === GEnergies ===
2019-07-25T09:27:54:  Number of energies ........: 33
2019-07-25T09:27:54:  Number of migra bins ......: 100
2019-07-25T09:27:54:  Migra range ...............: 0.02 - 2
2019-07-25T09:27:54: === GSkyMap ===
2019-07-25T09:27:54:  Number of pixels ..........: 1
2019-07-25T09:27:54:  X axis dimension ..........: 1
2019-07-25T09:27:54:  Y axis dimension ..........: 1
2019-07-25T09:27:54:  Number of maps ............: 3300
2019-07-25T09:27:54:  Shape of maps .............: (100, 33)
2019-07-25T09:27:54: === GCTACubeBackground ===
2019-07-25T09:27:54:  Filename ..................: /cta/carli/CPPM_Internship/Simulations_and_Analyses/plus_step_AEff_South_z40_50h/source1c/background_cube.fits
2019-07-25T09:27:54: === GEbounds ===
2019-07-25T09:27:54:  Number of intervals .......: 32
2019-07-25T09:27:54:  Energy range ..............: 100 GeV - 199.526229858398 TeV
2019-07-25T09:27:54: === GSkyMap ===
2019-07-25T09:27:54:  Number of pixels ..........: 6400
2019-07-25T09:27:54:  X axis dimension ..........: 80
2019-07-25T09:27:54:  Y axis dimension ..........: 80
2019-07-25T09:27:54:  Number of maps ............: 32
2019-07-25T09:27:54:  Shape of maps .............: (32)
2019-07-25T09:27:54: === GCTAResponseCache ===
2019-07-25T09:27:54:  Number of cached values ...: 0
2019-07-25T09:27:54: === GCTAEventCube ===
2019-07-25T09:27:54:  Number of events ..........: 320264
2019-07-25T09:27:54:  Number of elements ........: 204800
2019-07-25T09:27:54:  Number of pixels ..........: 6400
2019-07-25T09:27:54:  Number of energy bins .....: 32
2019-07-25T09:27:54:  Time interval .............: 51544.5 - 51546.1666666667 days
2019-07-25T09:27:54:  Pointing ..................: (RA,Dec)=(84.1331,22.0145)
2019-07-25T09:27:54: === GEbounds ===
2019-07-25T09:27:54:  Number of intervals .......: 32
2019-07-25T09:27:54:  Energy range ..............: 100 GeV - 199.526229858398 TeV
2019-07-25T09:27:54: === GSkyMap ===
2019-07-25T09:27:54:  Number of pixels ..........: 6400
2019-07-25T09:27:54:  X axis dimension ..........: 80
2019-07-25T09:27:54:  Y axis dimension ..........: 80
2019-07-25T09:27:54:  Number of maps ............: 32
2019-07-25T09:27:54:  Shape of maps .............: (32)
2019-07-25T09:27:54: === GSkyRegions ===
2019-07-25T09:27:54:  Number of regions .........: 0
2019-07-25T09:27:54: === GModels ===
2019-07-25T09:27:54:  Number of models ..........: 2
2019-07-25T09:27:54:  Number of parameters ......: 11
2019-07-25T09:27:54: === GModelSky ===
2019-07-25T09:27:54:  Name ......................: source1c
2019-07-25T09:27:54:  Instruments ...............: all
2019-07-25T09:27:54:  Test Statistic ............: 64994.727
2019-07-25T09:27:54:  Observation identifiers ...: all
2019-07-25T09:27:54:  Model type ................: PointSource
2019-07-25T09:27:54:  Model components ..........: "PointSource" * "ExponentialCutoffPowerLaw" * "Constant"
2019-07-25T09:27:54:  Number of parameters ......: 7
2019-07-25T09:27:54:  Number of spatial par's ...: 2
2019-07-25T09:27:54:   RA .......................: 83.6331 [-360,360] deg (fixed,scale=1)
2019-07-25T09:27:54:   DEC ......................: 22.0145 [-90,90] deg (fixed,scale=1)
2019-07-25T09:27:54:  Number of spectral par's ..: 4
2019-07-25T09:27:54:   Prefactor ................: 2.24571861096255e-18 [1e-25,1e-15] ph/cm2/s/MeV (fixed,scale=1e-18,gradient)
2019-07-25T09:27:54:   Index ....................: -2.00338491177511 [-0,-5]  (fixed,scale=-1,gradient)
2019-07-25T09:27:54:   CutoffEnergy .............: 58434467.4983702 +/- 5384929.02083992 [100000,10000000000] MeV (free,scale=10000000,gradient)
2019-07-25T09:27:54:   PivotEnergy ..............: 1000000 [10000,1000000000] MeV (fixed,scale=1000000,gradient)
2019-07-25T09:27:54:  Number of temporal par's ..: 1
2019-07-25T09:27:54:   Normalization ............: 1 (relative value) (fixed,scale=1,gradient)
2019-07-25T09:27:54:  Number of scale par's .....: 0
2019-07-25T09:27:54: === GCTAModelCubeBackground ===
2019-07-25T09:27:54:  Name ......................: BackgroundModel
2019-07-25T09:27:54:  Instruments ...............: CTA, HESS, MAGIC, VERITAS
2019-07-25T09:27:54:  Observation identifiers ...: all
2019-07-25T09:27:54:  Model type ................: "PowerLaw" * "Constant"
2019-07-25T09:27:54:  Number of parameters ......: 4
2019-07-25T09:27:54:  Number of spectral par's ..: 3
2019-07-25T09:27:54:   Prefactor ................: 0.993071190871786 [0.01,100] ph/cm2/s/MeV (fixed,scale=1,gradient)
2019-07-25T09:27:54:   Index ....................: -0.00342841531974114 [-5,5]  (fixed,scale=1,gradient)
2019-07-25T09:27:54:   PivotEnergy ..............: 1000000 MeV (fixed,scale=1000000,gradient)
2019-07-25T09:27:54:  Number of temporal par's ..: 1
2019-07-25T09:27:54:   Normalization ............: 1 (relative value) (fixed,scale=1,gradient)
2019-07-25T09:27:54: 
2019-07-25T09:27:54: +=============================+
2019-07-25T09:27:54: | Compute best-fit likelihood |
2019-07-25T09:27:54: +=============================+
2019-07-25T09:29:27: === GOptimizerLM ===
2019-07-25T09:29:27:  Optimized function value ..: -334440.278
2019-07-25T09:29:27:  Absolute precision ........: 0.005
2019-07-25T09:29:27:  Acceptable value decrease .: 2
2019-07-25T09:29:27:  Optimization status .......: converged
2019-07-25T09:29:27:  Number of parameters ......: 11
2019-07-25T09:29:27:  Number of free parameters .: 1
2019-07-25T09:29:27:  Number of iterations ......: 1
2019-07-25T09:29:27:  Lambda ....................: 0.0001
2019-07-25T09:29:27:  Maximum log likelihood ....: -334440.278
2019-07-25T09:29:27: === GModels ===
2019-07-25T09:29:27:  Number of models ..........: 2
2019-07-25T09:29:27:  Number of parameters ......: 11
2019-07-25T09:29:27: === GModelSky ===
2019-07-25T09:29:27:  Name ......................: source1c
2019-07-25T09:29:27:  Instruments ...............: all
2019-07-25T09:29:27:  Test Statistic ............: 64994.727
2019-07-25T09:29:27:  Observation identifiers ...: all
2019-07-25T09:29:27:  Model type ................: PointSource
2019-07-25T09:29:27:  Model components ..........: "PointSource" * "ExponentialCutoffPowerLaw" * "Constant"
2019-07-25T09:29:27:  Number of parameters ......: 7
2019-07-25T09:29:27:  Number of spatial par's ...: 2
2019-07-25T09:29:27:   RA .......................: 83.6331 [-360,360] deg (fixed,scale=1)
2019-07-25T09:29:27:   DEC ......................: 22.0145 [-90,90] deg (fixed,scale=1)
2019-07-25T09:29:27:  Number of spectral par's ..: 4
2019-07-25T09:29:27:   Prefactor ................: 2.24571861096255e-18 [1e-25,1e-15] ph/cm2/s/MeV (fixed,scale=1e-18,gradient)
2019-07-25T09:29:27:   Index ....................: -2.00338491177511 [-0,-5]  (fixed,scale=-1,gradient)
2019-07-25T09:29:27:   CutoffEnergy .............: 58458446.423101 +/- 3848455.24151994 [100000,10000000000] MeV (free,scale=10000000,gradient)
2019-07-25T09:29:27:   PivotEnergy ..............: 1000000 [10000,1000000000] MeV (fixed,scale=1000000,gradient)
2019-07-25T09:29:27:  Number of temporal par's ..: 1
2019-07-25T09:29:27:   Normalization ............: 1 (relative value) (fixed,scale=1,gradient)
2019-07-25T09:29:27:  Number of scale par's .....: 0
2019-07-25T09:29:27: === GCTAModelCubeBackground ===
2019-07-25T09:29:27:  Name ......................: BackgroundModel
2019-07-25T09:29:27:  Instruments ...............: CTA, HESS, MAGIC, VERITAS
2019-07-25T09:29:27:  Observation identifiers ...: all
2019-07-25T09:29:27:  Model type ................: "PowerLaw" * "Constant"
2019-07-25T09:29:27:  Number of parameters ......: 4
2019-07-25T09:29:27:  Number of spectral par's ..: 3
2019-07-25T09:29:27:   Prefactor ................: 0.993071190871786 [0.01,100] ph/cm2/s/MeV (fixed,scale=1,gradient)
2019-07-25T09:29:27:   Index ....................: -0.00342841531974114 [-5,5]  (fixed,scale=1,gradient)
2019-07-25T09:29:27:   PivotEnergy ..............: 1000000 MeV (fixed,scale=1000000,gradient)
2019-07-25T09:29:27:  Number of temporal par's ..: 1
2019-07-25T09:29:27:   Normalization ............: 1 (relative value) (fixed,scale=1,gradient)
2019-07-25T09:29:27: 
2019-07-25T09:29:27: +==============================================================+
2019-07-25T09:29:27: | Compute error for source "source1c" parameter "CutoffEnergy" |
2019-07-25T09:29:27: +==============================================================+
2019-07-25T09:29:27:  Confidence level ..........: 68 %
2019-07-25T09:29:27:  Log-likelihood difference .: 0.494473
2019-07-25T09:29:27:  Initial factor range ......: [1.99738940079016, 9.69429988383003]
2019-07-25T09:29:37:    Iteration 1 .............: [1.99738940079016, 5.8458446423101]
2019-07-25T09:29:47:    Iteration 2 .............: [3.92161702155013, 5.8458446423101]
2019-07-25T09:29:57:    Iteration 3 .............: [4.88373083193011, 5.8458446423101]
2019-07-25T09:30:07:    Iteration 4 .............: [5.3647877371201, 5.8458446423101]
2019-07-25T09:30:18:    Iteration 5 .............: [5.3647877371201, 5.6053161897151]
2019-07-25T09:30:27:    Iteration 6 .............: [5.3647877371201, 5.4850519634176]
2019-07-25T09:30:38:    Iteration 7 .............: [5.42491985026885, 5.4850519634176]
2019-07-25T09:30:48:    Iteration 8 .............: [5.45498590684323, 5.4850519634176]
2019-07-25T09:30:58:    Iteration 9 .............: [5.45498590684323, 5.47001893513041]
2019-07-25T09:31:08:    Iteration 10 ............: [5.45498590684323, 5.46250242098682]
2019-07-25T09:31:19:    Iteration 11 ............: [5.45874416391502, 5.46250242098682]
2019-07-25T09:31:29:    Iteration 12 ............: [5.45874416391502, 5.46062329245092]
2019-07-25T09:31:39:    Iteration 1 .............: [5.8458446423101, 9.69429988383003]
2019-07-25T09:31:49:    Iteration 2 .............: [5.8458446423101, 7.77007226307006]
2019-07-25T09:31:59:    Iteration 3 .............: [5.8458446423101, 6.80795845269008]
2019-07-25T09:32:10:    Iteration 4 .............: [5.8458446423101, 6.32690154750009]
2019-07-25T09:32:20:    Iteration 5 .............: [6.08637309490509, 6.32690154750009]
2019-07-25T09:32:30:    Iteration 6 .............: [6.20663732120259, 6.32690154750009]
2019-07-25T09:32:41:    Iteration 7 .............: [6.26676943435134, 6.32690154750009]
2019-07-25T09:32:51:    Iteration 8 .............: [6.26676943435134, 6.29683549092571]
2019-07-25T09:33:01:    Iteration 9 .............: [6.28180246263853, 6.29683549092571]
2019-07-25T09:33:11:    Iteration 10 ............: [6.28180246263853, 6.28931897678212]
2019-07-25T09:33:21:    Iteration 11 ............: [6.28180246263853, 6.28556071971032]
2019-07-25T09:33:31:    Iteration 12 ............: [6.28180246263853, 6.28368159117442]
2019-07-25T09:33:31:  Lower parameter factor ....: 5.45968
2019-07-25T09:33:31:  Upper parameter factor ....: 6.28274
2019-07-25T09:33:31:  Error from curvature ......: 3848455.24151994 MeV
2019-07-25T09:33:31:  Error from profile ........: 4115291.49361751 MeV
2019-07-25T09:33:31:  Negative profile error ....: 3861609.14127123 MeV
2019-07-25T09:33:31:  Positive profile error ....: 4368973.8459638 MeV
2019-07-25T09:33:31: 
2019-07-25T09:33:31: +==============+
2019-07-25T09:33:31: | Save results |
2019-07-25T09:33:31: +==============+
2019-07-25T09:33:31:  Model definition file .....: NONE
2019-07-25T09:33:31: 
2019-07-25T09:33:31: Application "cterror" terminated after 339 wall clock seconds, consuming 420.8 seconds of CPU time.
