2019-07-22T14:01:42: ********************************************************************************
2019-07-22T14:01:42: *                                   ctexpcube                                  *
2019-07-22T14:01:42: * ---------------------------------------------------------------------------- *
2019-07-22T14:01:42: * Version: 1.6.0                                                               *
2019-07-22T14:01:42: ********************************************************************************
2019-07-22T14:01:42: +============+
2019-07-22T14:01:42: | Parameters |
2019-07-22T14:01:42: +============+
2019-07-22T14:01:42:  inobs .....................: /cta/carli/CPPM_Internship/Simulations_and_Analyses/plus_step_AEff_South_z40_50h/source1c/obs.fits
2019-07-22T14:01:42:  incube ....................: /cta/carli/CPPM_Internship/Simulations_and_Analyses/plus_step_AEff_South_z40_50h/source1c/obs_cube.fits
2019-07-22T14:01:42:  caldb .....................: prod3b-v2
2019-07-22T14:01:42:  irf .......................: plus_step_AEff_South_z40_50h
2019-07-22T14:01:42:  outcube ...................: /cta/carli/CPPM_Internship/Simulations_and_Analyses/plus_step_AEff_South_z40_50h/source1c/exposure_cube.fits
2019-07-22T14:01:42:  ebinalg ...................: [not queried]
2019-07-22T14:01:42:  emin ......................: [not queried]
2019-07-22T14:01:42:  emax ......................: [not queried]
2019-07-22T14:01:42:  enumbins ..................: [not queried]
2019-07-22T14:01:42:  ebinfile ..................: [not queried]
2019-07-22T14:01:42:  addbounds .................: yes
2019-07-22T14:01:42:  usepnt ....................: yes
2019-07-22T14:01:42:  nxpix .....................: [not queried]
2019-07-22T14:01:42:  nypix .....................: [not queried]
2019-07-22T14:01:42:  binsz .....................: [not queried]
2019-07-22T14:01:42:  coordsys ..................: [not queried]
2019-07-22T14:01:42:  proj ......................: [not queried]
2019-07-22T14:01:42:  xref ......................: [not queried]
2019-07-22T14:01:42:  yref ......................: [not queried]
2019-07-22T14:01:42:  publish ...................: no
2019-07-22T14:01:42:  chatter ...................: 4
2019-07-22T14:01:42:  clobber ...................: yes
2019-07-22T14:01:42:  debug .....................: no
2019-07-22T14:01:42:  mode ......................: ql
2019-07-22T14:01:42:  logfile ...................: ctexpcube.log
2019-07-22T14:01:42: 
2019-07-22T14:01:42: WARNING: Only 32 energy bins have been requested. This may be too few energy bins.
2019-07-22T14:01:42:          At least 25 bins per decade in energy are recommended, which for the given
2019-07-22T14:01:42:          energy range would be 82 bins. Consider increasing the number of energy bins.
2019-07-22T14:01:42: 
2019-07-22T14:01:42: +===================+
2019-07-22T14:01:42: | Input observation |
2019-07-22T14:01:42: +===================+
2019-07-22T14:01:43: === GObservations ===
2019-07-22T14:01:43:  Number of observations ....: 1
2019-07-22T14:01:43:  Number of models ..........: 0
2019-07-22T14:01:43:  Number of observed events .: 320266
2019-07-22T14:01:43:  Number of predicted events : 0
2019-07-22T14:01:43: === GCTAObservation ===
2019-07-22T14:01:43:  Name ......................: 
2019-07-22T14:01:43:  Identifier ................: 000001
2019-07-22T14:01:43:  Instrument ................: CTA
2019-07-22T14:01:43:  Event file ................: /cta/carli/CPPM_Internship/Simulations_and_Analyses/plus_step_AEff_South_z40_50h/source1c/obs.fits
2019-07-22T14:01:43:  Event type ................: EventList
2019-07-22T14:01:43:  Statistic .................: cstat
2019-07-22T14:01:43:  Ontime ....................: 144000 s
2019-07-22T14:01:43:  Livetime ..................: 141120 s
2019-07-22T14:01:43:  Deadtime correction .......: 0.98
2019-07-22T14:01:43:  User energy range .........: undefined
2019-07-22T14:01:43: === GCTAPointing ===
2019-07-22T14:01:43:  Pointing direction ........: (RA,Dec)=(84.1331,22.0145)
2019-07-22T14:01:43: === GCTAResponseIrf ===
2019-07-22T14:01:43:  Caldb mission .............: cta
2019-07-22T14:01:43:  Caldb instrument ..........: prod3b-v2
2019-07-22T14:01:43:  Response name .............: plus_step_AEff_South_z40_50h
2019-07-22T14:01:43:  Energy dispersion .........: Not used
2019-07-22T14:01:43:  Safe energy range .........: undefined
2019-07-22T14:01:43: === GCaldb ===
2019-07-22T14:01:43:  Database root .............: /cta/carli/anaconda3/share/caldb
2019-07-22T14:01:43:  Selected Mission ..........: CTA
2019-07-22T14:01:43:  Selected Instrument .......: PROD3B-V2
2019-07-22T14:01:43:  Calibration Index File ....: /cta/carli/anaconda3/share/caldb/data/cta/prod3b-v2/caldb.indx
2019-07-22T14:01:43:  Number of entries .........: 240
2019-07-22T14:01:43: === GCTAAeff2D ===
2019-07-22T14:01:43:  Filename ..................: /cta/carli/anaconda3/share/caldb/data/cta/prod3b-v2/bcf/plus_step_AEff_South_z40_50h/irf_file.fits
2019-07-22T14:01:43:  Number of energy bins .....: 42
2019-07-22T14:01:43:  Number of offset bins .....: 6
2019-07-22T14:01:43:  Log10(Energy) range .......: 0.0125892544165254 - 199.526229858398 TeV
2019-07-22T14:01:43:  Offset angle range ........: 0 - 6 deg
2019-07-22T14:01:43:  Lower energy threshold ....: not specified
2019-07-22T14:01:43:  Upper energy threshold ....: not specified
2019-07-22T14:01:43:  Radius cut ................: none
2019-07-22T14:01:43: === GCTAPsf2D ===
2019-07-22T14:01:43:  Filename ..................: /cta/carli/anaconda3/share/caldb/data/cta/prod3b-v2/bcf/plus_step_AEff_South_z40_50h/irf_file.fits
2019-07-22T14:01:43:  Number of energy bins .....: 25
2019-07-22T14:01:43:  Number of offset bins .....: 6
2019-07-22T14:01:43:  Log10(Energy) range .......: 0.0125892544165254 - 1258.92541503906 TeV
2019-07-22T14:01:43:  Offset angle range ........: 0 - 6 deg
2019-07-22T14:01:43: === GCTAEdisp2D ===
2019-07-22T14:01:43:  Filename ..................: /cta/carli/anaconda3/share/caldb/data/cta/prod3b-v2/bcf/plus_step_AEff_South_z40_50h/irf_file.fits
2019-07-22T14:01:43:  Number of energy bins .....: 500
2019-07-22T14:01:43:  Number of migration bins ..: 300
2019-07-22T14:01:43:  Number of offset bins .....: 6
2019-07-22T14:01:43:  Log10(Energy) range .......: 0.00501187238842249 - 501.187225341797 TeV
2019-07-22T14:01:43:  Migration range ...........: 0 - 3
2019-07-22T14:01:43:  Offset angle range ........: 0 - 6 deg
2019-07-22T14:01:43: === GCTABackground3D ===
2019-07-22T14:01:43:  Filename ..................: /cta/carli/anaconda3/share/caldb/data/cta/prod3b-v2/bcf/plus_step_AEff_South_z40_50h/irf_file.fits
2019-07-22T14:01:43:  Number of DETX bins .......: 36
2019-07-22T14:01:43:  Number of DETY bins .......: 36
2019-07-22T14:01:43:  Number of energy bins .....: 21
2019-07-22T14:01:43:  DETX range ................: -6 - 6 deg
2019-07-22T14:01:43:  DETX range ................: -6 - 6 deg
2019-07-22T14:01:43:  Energy range ..............: 0.0125892544165254 - 199.526229858398 TeV
2019-07-22T14:01:43: === GCTAResponseCache ===
2019-07-22T14:01:43:  Number of cached values ...: 0
2019-07-22T14:01:43: === GCTAResponseCache ===
2019-07-22T14:01:43:  Number of cached values ...: 0
2019-07-22T14:01:43: === GCTAEventList ===
2019-07-22T14:01:43:  Number of events ..........: 320266 (disposed in "/cta/carli/CPPM_Internship/Simulations_and_Analyses/plus_step_AEff_South_z40_50h/source1c/obs.fits")
2019-07-22T14:01:43:  Time interval .............: 51544.5 - 51546.1666666667 days
2019-07-22T14:01:43: === GEbounds ===
2019-07-22T14:01:43:  Number of intervals .......: 1
2019-07-22T14:01:43:  Energy range ..............: 100 GeV - 199.526229858398 TeV
2019-07-22T14:01:43: === GCTARoi ===
2019-07-22T14:01:43:  RoI centre ................: RA=84.1331, DEC=22.0145 [0,0]
2019-07-22T14:01:43:  RoI radius ................: 0.8 deg
2019-07-22T14:01:43: === GSkyRegions ===
2019-07-22T14:01:43:  Number of regions .........: 0
2019-07-22T14:01:43: === GModels ===
2019-07-22T14:01:43:  Number of models ..........: 0
2019-07-22T14:01:43:  Number of parameters ......: 0
2019-07-22T14:01:43: 
2019-07-22T14:01:43: +==========================+
2019-07-22T14:01:43: | Initialise exposure cube |
2019-07-22T14:01:43: +==========================+
2019-07-22T14:01:43: === GCTACubeExposure ===
2019-07-22T14:01:43:  Filename ..................: 
2019-07-22T14:01:43:  Livetime ..................: 0 sec
2019-07-22T14:01:43: === GEnergies ===
2019-07-22T14:01:43:  Number of energies ........: 33
2019-07-22T14:01:43:  Energy 0 ..................: 100 GeV (E=100000, log10(E)=5)
2019-07-22T14:01:43:  Energy 1 ..................: 126.801677758117 GeV (E=126801.677758117, log10(E)=5.10312499988855)
2019-07-22T14:01:43:  Energy 2 ..................: 160.786654822733 GeV (E=160786.654822733, log10(E)=5.2062499997771)
2019-07-22T14:01:43:  Energy 3 ..................: 203.880175926378 GeV (E=203880.175926378, log10(E)=5.30937499966565)
2019-07-22T14:01:43:  Energy 4 ..................: 258.523483690848 GeV (E=258523.483690848, log10(E)=5.4124999995542)
2019-07-22T14:01:43:  Energy 5 ..................: 327.812114718727 GeV (E=327812.114718727, log10(E)=5.51562499944275)
2019-07-22T14:01:43:  Energy 6 ..................: 415.671261357709 GeV (E=415671.261357709, log10(E)=5.6187499993313)
2019-07-22T14:01:43:  Energy 7 ..................: 527.078133359902 GeV (E=527078.133359902, log10(E)=5.72187499921985)
2019-07-22T14:01:43:  Energy 8 ..................: 668.343916196521 GeV (E=668343.916196521, log10(E)=5.8249999991084)
2019-07-22T14:01:43:  Energy 9 ..................: 847.471298931492 GeV (E=847471.298931492, log10(E)=5.92812499899695)
2019-07-22T14:01:43:  Energy 10 .................: 1.07460782556364 TeV (E=1074607.82556364, log10(E)=6.0312499988855)
2019-07-22T14:01:43:  Energy 11 .................: 1.36262075213471 TeV (E=1362620.75213471, log10(E)=6.13437499877406)
2019-07-22T14:01:43:  Energy 12 .................: 1.72782597518709 TeV (E=1727825.97518709, log10(E)=6.23749999866261)
2019-07-22T14:01:43:  Energy 13 .................: 2.19091232527777 TeV (E=2190912.32527777, log10(E)=6.34062499855116)
2019-07-22T14:01:43:  Energy 14 .................: 2.77811358666159 TeV (E=2778113.58666159, log10(E)=6.44374999843971)
2019-07-22T14:01:43:  Energy 15 .................: 3.5226946379131 TeV (E=3522694.6379131, log10(E)=6.54687499832826)
2019-07-22T14:01:43:  Energy 16 .................: 4.46683590316902 TeV (E=4466835.90316902, log10(E)=6.64999999821681)
2019-07-22T14:01:43:  Energy 17 .................: 5.66402286792025 TeV (E=5664022.86792025, log10(E)=6.75312499810536)
2019-07-22T14:01:43:  Energy 18 .................: 7.18207602512629 TeV (E=7182076.02512629, log10(E)=6.85624999799391)
2019-07-22T14:01:43:  Energy 19 .................: 9.10699289772362 TeV (E=9106992.89772362, log10(E)=6.95937499788246)
2019-07-22T14:01:43:  Energy 20 .................: 11.5478197876261 TeV (E=11547819.7876261, log10(E)=7.06249999777101)
2019-07-22T14:01:43:  Energy 21 .................: 14.6428292351937 TeV (E=14642829.2351937, log10(E)=7.16562499765956)
2019-07-22T14:01:43:  Energy 22 .................: 18.5673531414817 TeV (E=18567353.1414817, log10(E)=7.26874999754811)
2019-07-22T14:01:43:  Energy 23 .................: 23.5437152986732 TeV (E=23543715.2986732, log10(E)=7.37187499743666)
2019-07-22T14:01:43:  Energy 24 .................: 29.8538260053121 TeV (E=29853826.0053121, log10(E)=7.47499999732521)
2019-07-22T14:01:43:  Energy 25 .................: 37.8551522497248 TeV (E=37855152.2497248, log10(E)=7.57812499721376)
2019-07-22T14:01:43:  Energy 26 .................: 48.0009681705405 TeV (E=48000968.1705405, log10(E)=7.68124999710231)
2019-07-22T14:01:43:  Energy 27 .................: 60.8660329803851 TeV (E=60866032.9803851, log10(E)=7.78437499699086)
2019-07-22T14:01:43:  Energy 28 .................: 77.1791510039371 TeV (E=77179151.0039371, log10(E)=7.88749999687941)
2019-07-22T14:01:43:  Energy 29 .................: 97.8644583524627 TeV (E=97864458.3524627, log10(E)=7.99062499676796)
2019-07-22T14:01:43:  Energy 30 .................: 124.093775119817 TeV (E=124093775.119817, log10(E)=8.09374999665652)
2019-07-22T14:01:43:  Energy 31 .................: 157.352988845312 TeV (E=157352988.845312, log10(E)=8.19687499654507)
2019-07-22T14:01:43:  Energy 32 .................: 199.526229858398 TeV (E=199526229.858398, log10(E)=8.29999999643362)
2019-07-22T14:01:43:  Good Time Intervals .......: not defined
2019-07-22T14:01:43: === GSkyMap ===
2019-07-22T14:01:43:  Number of pixels ..........: 6400
2019-07-22T14:01:43:  X axis dimension ..........: 80
2019-07-22T14:01:43:  Y axis dimension ..........: 80
2019-07-22T14:01:43:  Number of maps ............: 33
2019-07-22T14:01:43:  Shape of maps .............: (33)
2019-07-22T14:01:43: === GWcsTAN ===
2019-07-22T14:01:43:  Number of axes ............: 2
2019-07-22T14:01:43:  Longitude axis ............: 0
2019-07-22T14:01:43:  Latitude axis .............: 1
2019-07-22T14:01:43:  Spectral axis .............: -1
2019-07-22T14:01:43:  Coodinate system ..........: GAL
2019-07-22T14:01:43:  Projection code ...........: TAN
2019-07-22T14:01:43:  Projection name ...........: gnomonic
2019-07-22T14:01:43:  Radius of the gen. sphere .: 57.2957795130823 deg
2019-07-22T14:01:43:  Reference coordinate ......: (184.806062, -5.3923557125)
2019-07-22T14:01:43:  Reference pixel ...........: (40.5, 40.5)
2019-07-22T14:01:43:  Increment at reference ....: (-0.02, 0.02)
2019-07-22T14:01:43:  (Phi_0, Theta_0) ..........: (0, 90) deg
2019-07-22T14:01:43:  (Phi_p, Theta_p) ..........: (180, -5.3923557125) deg
2019-07-22T14:01:43:  LATPOLE keyword usage .....: Not used. Theta_p determined uniquely by CRVALia and LONPOLEa keywords.
2019-07-22T14:01:43:  Reference vector (m_ref) ..: (184.806062, -5.3923557125, 180, -5.3923557125) deg
2019-07-22T14:01:43:  Euler angles ..............: (184.806062 deg, 95.3923557125 deg, 180 deg, -0.0939754866092272, 0.995574511483977)
2019-07-22T14:01:43:  Latitude preserved ........: False
2019-07-22T14:01:43:  Unity PC matrix ...........: True
2019-07-22T14:01:43:  Pixel-to-image trafo ......: ()
2019-07-22T14:01:43:  Image-to-pixel trafo ......: ()
2019-07-22T14:01:43:  Strict bounds checking ....: True
2019-07-22T14:01:43:  Use fiducial offset .......: False
2019-07-22T14:01:43:  Fiducial offset ...........: (0, 0)
2019-07-22T14:01:43:  Rest frequency ............: UNDEFINED
2019-07-22T14:01:43:  Rest wavelength ...........: UNDEFINED
2019-07-22T14:01:43: 
2019-07-22T14:01:43: +========================+
2019-07-22T14:01:43: | Generate exposure cube |
2019-07-22T14:01:43: +========================+
2019-07-22T14:01:43: Including CTA observation "" (id=000001) in exposure cube computation.
2019-07-22T14:01:43: === GCTACubeExposure ===
2019-07-22T14:01:43:  Filename ..................: 
2019-07-22T14:01:43:  Livetime ..................: 141120 sec
2019-07-22T14:01:43: === GEnergies ===
2019-07-22T14:01:43:  Number of energies ........: 33
2019-07-22T14:01:43:  Energy 0 ..................: 100 GeV (E=100000, log10(E)=5)
2019-07-22T14:01:43:  Energy 1 ..................: 126.801677758117 GeV (E=126801.677758117, log10(E)=5.10312499988855)
2019-07-22T14:01:43:  Energy 2 ..................: 160.786654822733 GeV (E=160786.654822733, log10(E)=5.2062499997771)
2019-07-22T14:01:43:  Energy 3 ..................: 203.880175926378 GeV (E=203880.175926378, log10(E)=5.30937499966565)
2019-07-22T14:01:43:  Energy 4 ..................: 258.523483690848 GeV (E=258523.483690848, log10(E)=5.4124999995542)
2019-07-22T14:01:43:  Energy 5 ..................: 327.812114718727 GeV (E=327812.114718727, log10(E)=5.51562499944275)
2019-07-22T14:01:43:  Energy 6 ..................: 415.671261357709 GeV (E=415671.261357709, log10(E)=5.6187499993313)
2019-07-22T14:01:43:  Energy 7 ..................: 527.078133359902 GeV (E=527078.133359902, log10(E)=5.72187499921985)
2019-07-22T14:01:43:  Energy 8 ..................: 668.343916196521 GeV (E=668343.916196521, log10(E)=5.8249999991084)
2019-07-22T14:01:43:  Energy 9 ..................: 847.471298931492 GeV (E=847471.298931492, log10(E)=5.92812499899695)
2019-07-22T14:01:43:  Energy 10 .................: 1.07460782556364 TeV (E=1074607.82556364, log10(E)=6.0312499988855)
2019-07-22T14:01:43:  Energy 11 .................: 1.36262075213471 TeV (E=1362620.75213471, log10(E)=6.13437499877406)
2019-07-22T14:01:43:  Energy 12 .................: 1.72782597518709 TeV (E=1727825.97518709, log10(E)=6.23749999866261)
2019-07-22T14:01:43:  Energy 13 .................: 2.19091232527777 TeV (E=2190912.32527777, log10(E)=6.34062499855116)
2019-07-22T14:01:43:  Energy 14 .................: 2.77811358666159 TeV (E=2778113.58666159, log10(E)=6.44374999843971)
2019-07-22T14:01:43:  Energy 15 .................: 3.5226946379131 TeV (E=3522694.6379131, log10(E)=6.54687499832826)
2019-07-22T14:01:43:  Energy 16 .................: 4.46683590316902 TeV (E=4466835.90316902, log10(E)=6.64999999821681)
2019-07-22T14:01:43:  Energy 17 .................: 5.66402286792025 TeV (E=5664022.86792025, log10(E)=6.75312499810536)
2019-07-22T14:01:43:  Energy 18 .................: 7.18207602512629 TeV (E=7182076.02512629, log10(E)=6.85624999799391)
2019-07-22T14:01:43:  Energy 19 .................: 9.10699289772362 TeV (E=9106992.89772362, log10(E)=6.95937499788246)
2019-07-22T14:01:43:  Energy 20 .................: 11.5478197876261 TeV (E=11547819.7876261, log10(E)=7.06249999777101)
2019-07-22T14:01:43:  Energy 21 .................: 14.6428292351937 TeV (E=14642829.2351937, log10(E)=7.16562499765956)
2019-07-22T14:01:43:  Energy 22 .................: 18.5673531414817 TeV (E=18567353.1414817, log10(E)=7.26874999754811)
2019-07-22T14:01:43:  Energy 23 .................: 23.5437152986732 TeV (E=23543715.2986732, log10(E)=7.37187499743666)
2019-07-22T14:01:43:  Energy 24 .................: 29.8538260053121 TeV (E=29853826.0053121, log10(E)=7.47499999732521)
2019-07-22T14:01:43:  Energy 25 .................: 37.8551522497248 TeV (E=37855152.2497248, log10(E)=7.57812499721376)
2019-07-22T14:01:43:  Energy 26 .................: 48.0009681705405 TeV (E=48000968.1705405, log10(E)=7.68124999710231)
2019-07-22T14:01:43:  Energy 27 .................: 60.8660329803851 TeV (E=60866032.9803851, log10(E)=7.78437499699086)
2019-07-22T14:01:43:  Energy 28 .................: 77.1791510039371 TeV (E=77179151.0039371, log10(E)=7.88749999687941)
2019-07-22T14:01:43:  Energy 29 .................: 97.8644583524627 TeV (E=97864458.3524627, log10(E)=7.99062499676796)
2019-07-22T14:01:43:  Energy 30 .................: 124.093775119817 TeV (E=124093775.119817, log10(E)=8.09374999665652)
2019-07-22T14:01:43:  Energy 31 .................: 157.352988845312 TeV (E=157352988.845312, log10(E)=8.19687499654507)
2019-07-22T14:01:43:  Energy 32 .................: 199.526229858398 TeV (E=199526229.858398, log10(E)=8.29999999643362)
2019-07-22T14:01:43: === GGti ===
2019-07-22T14:01:43:  Number of intervals .......: 1
2019-07-22T14:01:43:  Ontime ....................: 144000 sec
2019-07-22T14:01:43:  Elapsed time ..............: 144000 sec
2019-07-22T14:01:43:  MJD range .................: 51544.5 - 51546.1666666667 s (TT)
2019-07-22T14:01:43:  UTC range .................: 2000-01-01T11:58:56 - 2000-01-03T03:58:56 s (TT)
2019-07-22T14:01:43:  Reference MJD .............: 51544.5
2019-07-22T14:01:43: === GTimeReference ===
2019-07-22T14:01:43:  MJD reference time ........: 51544.5
2019-07-22T14:01:43:  Time unit .................: s
2019-07-22T14:01:43:  Time system ...............: TT
2019-07-22T14:01:43:  Time reference ............: LOCAL
2019-07-22T14:01:43: === GSkyMap ===
2019-07-22T14:01:43:  Number of pixels ..........: 6400
2019-07-22T14:01:43:  X axis dimension ..........: 80
2019-07-22T14:01:43:  Y axis dimension ..........: 80
2019-07-22T14:01:43:  Number of maps ............: 33
2019-07-22T14:01:43:  Shape of maps .............: (33)
2019-07-22T14:01:43: === GWcsTAN ===
2019-07-22T14:01:43:  Number of axes ............: 2
2019-07-22T14:01:43:  Longitude axis ............: 0
2019-07-22T14:01:43:  Latitude axis .............: 1
2019-07-22T14:01:43:  Spectral axis .............: -1
2019-07-22T14:01:43:  Coodinate system ..........: GAL
2019-07-22T14:01:43:  Projection code ...........: TAN
2019-07-22T14:01:43:  Projection name ...........: gnomonic
2019-07-22T14:01:43:  Radius of the gen. sphere .: 57.2957795130823 deg
2019-07-22T14:01:43:  Reference coordinate ......: (184.806062, -5.3923557125)
2019-07-22T14:01:43:  Reference pixel ...........: (40.5, 40.5)
2019-07-22T14:01:43:  Increment at reference ....: (-0.02, 0.02)
2019-07-22T14:01:43:  (Phi_0, Theta_0) ..........: (0, 90) deg
2019-07-22T14:01:43:  (Phi_p, Theta_p) ..........: (180, -5.3923557125) deg
2019-07-22T14:01:43:  LATPOLE keyword usage .....: Not used. Theta_p determined uniquely by CRVALia and LONPOLEa keywords.
2019-07-22T14:01:43:  Reference vector (m_ref) ..: (184.806062, -5.3923557125, 180, -5.3923557125) deg
2019-07-22T14:01:43:  Euler angles ..............: (184.806062 deg, 95.3923557125 deg, 180 deg, -0.0939754866092272, 0.995574511483977)
2019-07-22T14:01:43:  Latitude preserved ........: False
2019-07-22T14:01:43:  Unity PC matrix ...........: True
2019-07-22T14:01:43:  Pixel-to-image trafo ......: ()
2019-07-22T14:01:43:  Image-to-pixel trafo ......: ()
2019-07-22T14:01:43:  Strict bounds checking ....: True
2019-07-22T14:01:43:  Use fiducial offset .......: False
2019-07-22T14:01:43:  Fiducial offset ...........: (0, 0)
2019-07-22T14:01:43:  Rest frequency ............: UNDEFINED
2019-07-22T14:01:43:  Rest wavelength ...........: UNDEFINED
2019-07-22T14:01:43: 
2019-07-22T14:01:43: +====================+
2019-07-22T14:01:43: | Save exposure cube |
2019-07-22T14:01:43: +====================+
2019-07-22T14:01:43:  Exposure cube file ........: /cta/carli/CPPM_Internship/Simulations_and_Analyses/plus_step_AEff_South_z40_50h/source1c/exposure_cube.fits
2019-07-22T14:01:43: 
2019-07-22T14:01:43: Application "ctexpcube" terminated after 1 wall clock seconds, consuming 0.43 seconds of CPU time.
