2019-07-22T16:16:56: ********************************************************************************
2019-07-22T16:16:56: *                                   csresspec                                  *
2019-07-22T16:16:56: * ---------------------------------------------------------------------------- *
2019-07-22T16:16:56: * Version: 1.6.0                                                               *
2019-07-22T16:16:56: ********************************************************************************
2019-07-22T16:16:56: +============+
2019-07-22T16:16:56: | Parameters |
2019-07-22T16:16:56: +============+
2019-07-22T16:16:56:  inobs .....................: /cta/carli/CPPM_Internship/Simulations_and_Analyses/plus_step_AEff_South_z40_50h/source2d/obs_cube.fits
2019-07-22T16:16:56:  inmodel ...................: /cta/carli/CPPM_Internship/Simulations_and_Analyses/plus_step_AEff_South_z40_50h/source2d/obsmodel_binned.xml
2019-07-22T16:16:56:  modcube ...................: /cta/carli/CPPM_Internship/Simulations_and_Analyses/plus_step_AEff_South_z40_50h/source2d/obsmodel_cube.fits
2019-07-22T16:16:56:  expcube ...................: /cta/carli/CPPM_Internship/Simulations_and_Analyses/plus_step_AEff_South_z40_50h/source2d/exposure_cube.fits
2019-07-22T16:16:56:  psfcube ...................: /cta/carli/CPPM_Internship/Simulations_and_Analyses/plus_step_AEff_South_z40_50h/source2d/PSF_cube.fits
2019-07-22T16:16:56:  edispcube .................: /cta/carli/CPPM_Internship/Simulations_and_Analyses/plus_step_AEff_South_z40_50h/source2d/edisp_cube.fits
2019-07-22T16:16:56:  bkgcube ...................: /cta/carli/CPPM_Internship/Simulations_and_Analyses/plus_step_AEff_South_z40_50h/source2d/background_cube.fits
2019-07-22T16:16:56:  caldb .....................: prod3b-v2
2019-07-22T16:16:56:  irf .......................: plus_step_AEff_South_z40_50h
2019-07-22T16:16:56:  edisp .....................: yes
2019-07-22T16:16:56:  outfile ...................: /cta/carli/CPPM_Internship/Simulations_and_Analyses/plus_step_AEff_South_z40_50h/source2d/residuals_binned.fits
2019-07-22T16:16:56:  statistic .................: DEFAULT
2019-07-22T16:16:56:  components ................: yes
2019-07-22T16:16:56:  ebinalg ...................: LOG
2019-07-22T16:16:56:  emin ......................: 0.1
2019-07-22T16:16:56:  emax ......................: 199.526229858398
2019-07-22T16:16:56:  enumbins ..................: 32
2019-07-22T16:16:56:  ebinfile ..................: [not queried]
2019-07-22T16:16:56:  stack .....................: [not queried]
2019-07-22T16:16:56:  coordsys ..................: [not queried]
2019-07-22T16:16:56:  proj ......................: [not queried]
2019-07-22T16:16:56:  xref ......................: [not queried]
2019-07-22T16:16:56:  yref ......................: [not queried]
2019-07-22T16:16:56:  nxpix .....................: [not queried]
2019-07-22T16:16:56:  nypix .....................: [not queried]
2019-07-22T16:16:56:  binsz .....................: [not queried]
2019-07-22T16:16:56:  mask ......................: no
2019-07-22T16:16:56:  ra ........................: [not queried]
2019-07-22T16:16:56:  dec .......................: [not queried]
2019-07-22T16:16:56:  rad .......................: [not queried]
2019-07-22T16:16:56:  regfile ...................: [not queried]
2019-07-22T16:16:56:  algorithm .................: SUB
2019-07-22T16:16:56:  publish ...................: no
2019-07-22T16:16:56:  chatter ...................: 4
2019-07-22T16:16:56:  clobber ...................: yes
2019-07-22T16:16:56:  debug .....................: no
2019-07-22T16:16:56:  mode ......................: ql
2019-07-22T16:16:56:  logfile ...................: csresspec.log
2019-07-22T16:16:56: 
2019-07-22T16:16:56: +====================+
2019-07-22T16:16:56: | Observation census |
2019-07-22T16:16:56: +====================+
2019-07-22T16:16:56:  Unbinned CTA observations .: 0
2019-07-22T16:16:56:  Binned CTA observations ...: 1
2019-07-22T16:16:56:  On/off CTA observations ...: 0
2019-07-22T16:16:56:  Other observations ........: 0
2019-07-22T16:16:56: 
2019-07-22T16:16:56: +=============+
2019-07-22T16:16:56: | Observation |
2019-07-22T16:16:56: +=============+
2019-07-22T16:16:56: === GObservations ===
2019-07-22T16:16:56:  Number of observations ....: 1
2019-07-22T16:16:56:  Number of models ..........: 2
2019-07-22T16:16:56:  Number of observed events .: 326677
2019-07-22T16:16:56:  Number of predicted events : 0
2019-07-22T16:16:56: === GCTAObservation ===
2019-07-22T16:16:56:  Name ......................: 
2019-07-22T16:16:56:  Identifier ................: 000001
2019-07-22T16:16:56:  Instrument ................: CTA
2019-07-22T16:16:56:  Event file ................: /cta/carli/CPPM_Internship/Simulations_and_Analyses/plus_step_AEff_South_z40_50h/source2d/obs_cube.fits
2019-07-22T16:16:56:  Event type ................: CountsCube
2019-07-22T16:16:56:  Statistic .................: cstat
2019-07-22T16:16:56:  Ontime ....................: 144000 s
2019-07-22T16:16:56:  Livetime ..................: 141120 s
2019-07-22T16:16:56:  Deadtime correction .......: 0.98
2019-07-22T16:16:56:  User energy range .........: undefined
2019-07-22T16:16:56: === GCTAPointing ===
2019-07-22T16:16:56:  Pointing direction ........: (RA,Dec)=(84.1331,22.0145)
2019-07-22T16:16:56: === GCTAResponseCube ===
2019-07-22T16:16:56:  Energy dispersion .........: Not used
2019-07-22T16:16:56: === GCTACubeExposure ===
2019-07-22T16:16:56:  Filename ..................: /cta/carli/CPPM_Internship/Simulations_and_Analyses/plus_step_AEff_South_z40_50h/source2d/exposure_cube.fits
2019-07-22T16:16:56:  Livetime ..................: 141120 sec
2019-07-22T16:16:56: === GEnergies ===
2019-07-22T16:16:56:  Number of energies ........: 33
2019-07-22T16:16:56: === GGti ===
2019-07-22T16:16:56:  Number of intervals .......: 1
2019-07-22T16:16:56:  Ontime ....................: 144000 sec
2019-07-22T16:16:56:  Elapsed time ..............: 144000 sec
2019-07-22T16:16:56:  MJD range .................: 51544.5 - 51546.1666666667 s (TT)
2019-07-22T16:16:56:  UTC range .................: 2000-01-01T11:58:56 - 2000-01-03T03:58:56 s (TT)
2019-07-22T16:16:56:  Reference MJD .............: 51544.5
2019-07-22T16:16:56: === GSkyMap ===
2019-07-22T16:16:56:  Number of pixels ..........: 6400
2019-07-22T16:16:56:  X axis dimension ..........: 80
2019-07-22T16:16:56:  Y axis dimension ..........: 80
2019-07-22T16:16:56:  Number of maps ............: 33
2019-07-22T16:16:56:  Shape of maps .............: (33)
2019-07-22T16:16:56: === GCTACubePsf ===
2019-07-22T16:16:56:  Filename ..................: /cta/carli/CPPM_Internship/Simulations_and_Analyses/plus_step_AEff_South_z40_50h/source2d/PSF_cube.fits
2019-07-22T16:16:56: === GEnergies ===
2019-07-22T16:16:56:  Number of energies ........: 33
2019-07-22T16:16:56:  Number of delta bins ......: 200
2019-07-22T16:16:56:  Delta range ...............: 1.875e-06 - 0.298501875 deg
2019-07-22T16:16:56: === GSkyMap ===
2019-07-22T16:16:56:  Number of pixels ..........: 1
2019-07-22T16:16:56:  X axis dimension ..........: 1
2019-07-22T16:16:56:  Y axis dimension ..........: 1
2019-07-22T16:16:56:  Number of maps ............: 6600
2019-07-22T16:16:56:  Shape of maps .............: (200, 33)
2019-07-22T16:16:56: === GCTACubeEdisp ===
2019-07-22T16:16:56:  Filename ..................: /cta/carli/CPPM_Internship/Simulations_and_Analyses/plus_step_AEff_South_z40_50h/source2d/edisp_cube.fits
2019-07-22T16:16:56: === GEnergies ===
2019-07-22T16:16:56:  Number of energies ........: 33
2019-07-22T16:16:56:  Number of migra bins ......: 100
2019-07-22T16:16:56:  Migra range ...............: 0.02 - 2
2019-07-22T16:16:56: === GSkyMap ===
2019-07-22T16:16:56:  Number of pixels ..........: 1
2019-07-22T16:16:56:  X axis dimension ..........: 1
2019-07-22T16:16:56:  Y axis dimension ..........: 1
2019-07-22T16:16:56:  Number of maps ............: 3300
2019-07-22T16:16:56:  Shape of maps .............: (100, 33)
2019-07-22T16:16:56: === GCTACubeBackground ===
2019-07-22T16:16:56:  Filename ..................: /cta/carli/CPPM_Internship/Simulations_and_Analyses/plus_step_AEff_South_z40_50h/source2d/background_cube.fits
2019-07-22T16:16:56: === GEbounds ===
2019-07-22T16:16:56:  Number of intervals .......: 32
2019-07-22T16:16:56:  Energy range ..............: 100 GeV - 199.526229858398 TeV
2019-07-22T16:16:56: === GSkyMap ===
2019-07-22T16:16:56:  Number of pixels ..........: 6400
2019-07-22T16:16:56:  X axis dimension ..........: 80
2019-07-22T16:16:56:  Y axis dimension ..........: 80
2019-07-22T16:16:56:  Number of maps ............: 32
2019-07-22T16:16:56:  Shape of maps .............: (32)
2019-07-22T16:16:56: === GCTAResponseCache ===
2019-07-22T16:16:56:  Number of cached values ...: 0
2019-07-22T16:16:56: === GCTAEventCube ===
2019-07-22T16:16:56:  Number of events ..........: 326677
2019-07-22T16:16:56:  Number of elements ........: 204800
2019-07-22T16:16:56:  Number of pixels ..........: 6400
2019-07-22T16:16:56:  Number of energy bins .....: 32
2019-07-22T16:16:56:  Time interval .............: 51544.5 - 51546.1666666667 days
2019-07-22T16:16:56:  Pointing ..................: (RA,Dec)=(84.1331,22.0145)
2019-07-22T16:16:56: === GEbounds ===
2019-07-22T16:16:56:  Number of intervals .......: 32
2019-07-22T16:16:56:  Energy range ..............: 100 GeV - 199.526229858398 TeV
2019-07-22T16:16:56: === GSkyMap ===
2019-07-22T16:16:56:  Number of pixels ..........: 6400
2019-07-22T16:16:56:  X axis dimension ..........: 80
2019-07-22T16:16:56:  Y axis dimension ..........: 80
2019-07-22T16:16:56:  Number of maps ............: 32
2019-07-22T16:16:56:  Shape of maps .............: (32)
2019-07-22T16:16:56: === GSkyRegions ===
2019-07-22T16:16:56:  Number of regions .........: 0
2019-07-22T16:16:56: === GModels ===
2019-07-22T16:16:56:  Number of models ..........: 2
2019-07-22T16:16:56:  Number of parameters ......: 11
2019-07-22T16:16:56: === GModelSky ===
2019-07-22T16:16:56:  Name ......................: source2d
2019-07-22T16:16:56:  Instruments ...............: all
2019-07-22T16:16:56:  Test Statistic ............: 101431.956
2019-07-22T16:16:56:  Observation identifiers ...: all
2019-07-22T16:16:56:  Model type ................: PointSource
2019-07-22T16:16:56:  Model components ..........: "PointSource" * "ExponentialCutoffPowerLaw" * "Constant"
2019-07-22T16:16:56:  Number of parameters ......: 7
2019-07-22T16:16:56:  Number of spatial par's ...: 2
2019-07-22T16:16:56:   RA .......................: 83.6331 [-360,360] deg (fixed,scale=1)
2019-07-22T16:16:56:   DEC ......................: 22.0145 [-90,90] deg (fixed,scale=1)
2019-07-22T16:16:56:  Number of spectral par's ..: 4
2019-07-22T16:16:56:   Prefactor ................: 3.01373720768754e-18 +/- 2.40866916913524e-20 [1e-25,1e-15] ph/cm2/s/MeV (free,scale=1e-18,gradient)
2019-07-22T16:16:56:   Index ....................: -1.99730265980441 +/- 0.00698443307485397 [-0,-5]  (free,scale=-1,gradient)
2019-07-22T16:16:56:   CutoffEnergy .............: 153169011.292139 +/- 23993052.9118553 [1000000,100000000000] MeV (free,scale=100000000,gradient)
2019-07-22T16:16:56:   PivotEnergy ..............: 1000000 [10000,1000000000] MeV (fixed,scale=1000000,gradient)
2019-07-22T16:16:56:  Number of temporal par's ..: 1
2019-07-22T16:16:56:   Normalization ............: 1 (relative value) (fixed,scale=1,gradient)
2019-07-22T16:16:56:  Number of scale par's .....: 0
2019-07-22T16:16:56: === GCTAModelCubeBackground ===
2019-07-22T16:16:56:  Name ......................: BackgroundModel
2019-07-22T16:16:56:  Instruments ...............: CTA, HESS, MAGIC, VERITAS
2019-07-22T16:16:56:  Observation identifiers ...: all
2019-07-22T16:16:56:  Model type ................: "PowerLaw" * "Constant"
2019-07-22T16:16:56:  Number of parameters ......: 4
2019-07-22T16:16:56:  Number of spectral par's ..: 3
2019-07-22T16:16:56:   Prefactor ................: 0.992841821972471 +/- 0.00441913675040502 [0.01,100] ph/cm2/s/MeV (free,scale=1,gradient)
2019-07-22T16:16:56:   Index ....................: -0.00390074831340418 +/- 0.0025751961406187 [-5,5]  (free,scale=1,gradient)
2019-07-22T16:16:56:   PivotEnergy ..............: 1000000 MeV (fixed,scale=1000000,gradient)
2019-07-22T16:16:56:  Number of temporal par's ..: 1
2019-07-22T16:16:56:   Normalization ............: 1 (relative value) (fixed,scale=1,gradient)
2019-07-22T16:16:56: 
2019-07-22T16:16:56: +=========================+
2019-07-22T16:16:56: | Processing Observations |
2019-07-22T16:16:56: +=========================+
2019-07-22T16:16:56: Computing model cube
2019-07-22T16:17:02: Computing counts, model, and residual spectra
2019-07-22T16:17:02:  Computing model component .: source2d
2019-07-22T16:17:06:  Computing model component .: BackgroundModel
2019-07-22T16:17:07: Filling residual table
2019-07-22T16:17:07: 
2019-07-22T16:17:07: +================+
2019-07-22T16:17:07: | Save residuals |
2019-07-22T16:17:07: +================+
2019-07-22T16:17:07:  Residuals file ............: /cta/carli/CPPM_Internship/Simulations_and_Analyses/plus_step_AEff_South_z40_50h/source2d/residuals_binned.fits
2019-07-22T16:17:07: 
2019-07-22T16:17:07: Application "csresspec" terminated after 11 wall clock seconds, consuming 13.75 seconds of CPU time.
