2019-07-22T12:07:58: ********************************************************************************
2019-07-22T12:07:58: *                                   ctskymap                                   *
2019-07-22T12:07:58: * ---------------------------------------------------------------------------- *
2019-07-22T12:07:58: * Version: 1.6.0                                                               *
2019-07-22T12:07:58: ********************************************************************************
2019-07-22T12:07:58: +============+
2019-07-22T12:07:58: | Parameters |
2019-07-22T12:07:58: +============+
2019-07-22T12:07:58:  inobs .....................: /cta/carli/CPPM_Internship/Simulations_and_Analyses/plus_step_AEff_South_z40_50h/source2d/obs.fits
2019-07-22T12:07:58:  caldb .....................: prod3b-v2
2019-07-22T12:07:58:  irf .......................: plus_step_AEff_South_z40_50h
2019-07-22T12:07:58:  inmap .....................: NONE
2019-07-22T12:07:58:  outmap ....................: /cta/carli/CPPM_Internship/Simulations_and_Analyses/plus_step_AEff_South_z40_50h/source2d/skymap.fits
2019-07-22T12:07:58:  emin ......................: 0.1
2019-07-22T12:07:58:  emax ......................: 199.526229858398
2019-07-22T12:07:58:  usepnt ....................: yes
2019-07-22T12:07:58:  nxpix .....................: 80
2019-07-22T12:07:58:  nypix .....................: 80
2019-07-22T12:07:58:  binsz .....................: 0.02
2019-07-22T12:07:58:  coordsys ..................: CEL
2019-07-22T12:07:58:  proj ......................: CAR
2019-07-22T12:07:58:  xref ......................: [not queried]
2019-07-22T12:07:58:  yref ......................: [not queried]
2019-07-22T12:07:58:  bkgsubtract ...............: NONE
2019-07-22T12:07:58:  roiradius .................: [not queried]
2019-07-22T12:07:58:  inradius ..................: [not queried]
2019-07-22T12:07:58:  outradius .................: [not queried]
2019-07-22T12:07:58:  iterations ................: [not queried]
2019-07-22T12:07:58:  threshold .................: [not queried]
2019-07-22T12:07:58:  inexclusion ...............: NONE
2019-07-22T12:07:58:  usefft ....................: yes
2019-07-22T12:07:58:  publish ...................: no
2019-07-22T12:07:58:  chatter ...................: 4
2019-07-22T12:07:58:  clobber ...................: yes
2019-07-22T12:07:58:  debug .....................: no
2019-07-22T12:07:58:  mode ......................: ql
2019-07-22T12:07:58:  logfile ...................: ctskymap.log
2019-07-22T12:07:58: 
2019-07-22T12:07:58: +===================+
2019-07-22T12:07:58: | Input observation |
2019-07-22T12:07:58: +===================+
2019-07-22T12:07:58: === GObservations ===
2019-07-22T12:07:58:  Number of observations ....: 1
2019-07-22T12:07:58:  Number of models ..........: 0
2019-07-22T12:07:58:  Number of observed events .: 326679
2019-07-22T12:07:58:  Number of predicted events : 0
2019-07-22T12:07:58: === GCTAObservation ===
2019-07-22T12:07:58:  Name ......................: 
2019-07-22T12:07:58:  Identifier ................: 000001
2019-07-22T12:07:58:  Instrument ................: CTA
2019-07-22T12:07:58:  Event file ................: /cta/carli/CPPM_Internship/Simulations_and_Analyses/plus_step_AEff_South_z40_50h/source2d/obs.fits
2019-07-22T12:07:58:  Event type ................: EventList
2019-07-22T12:07:58:  Statistic .................: cstat
2019-07-22T12:07:58:  Ontime ....................: 144000 s
2019-07-22T12:07:58:  Livetime ..................: 141120 s
2019-07-22T12:07:58:  Deadtime correction .......: 0.98
2019-07-22T12:07:58:  User energy range .........: undefined
2019-07-22T12:07:58: === GCTAPointing ===
2019-07-22T12:07:58:  Pointing direction ........: (RA,Dec)=(84.1331,22.0145)
2019-07-22T12:07:58:  Response function .........: undefined
2019-07-22T12:07:58: === GCTAEventList ===
2019-07-22T12:07:58:  Number of events ..........: 326679 (disposed in "/cta/carli/CPPM_Internship/Simulations_and_Analyses/plus_step_AEff_South_z40_50h/source2d/obs.fits")
2019-07-22T12:07:58:  Time interval .............: 51544.5 - 51546.1666666667 days
2019-07-22T12:07:58: === GEbounds ===
2019-07-22T12:07:58:  Number of intervals .......: 1
2019-07-22T12:07:58:  Energy range ..............: 100 GeV - 199.526229858398 TeV
2019-07-22T12:07:58: === GCTARoi ===
2019-07-22T12:07:58:  RoI centre ................: RA=84.1331, DEC=22.0145 [0,0]
2019-07-22T12:07:58:  RoI radius ................: 0.8 deg
2019-07-22T12:07:58: === GSkyRegions ===
2019-07-22T12:07:58:  Number of regions .........: 0
2019-07-22T12:07:58: === GModels ===
2019-07-22T12:07:58:  Number of models ..........: 0
2019-07-22T12:07:58:  Number of parameters ......: 0
2019-07-22T12:07:58: 
2019-07-22T12:07:58: +===========================+
2019-07-22T12:07:58: | Find unbinned observation |
2019-07-22T12:07:58: +===========================+
2019-07-22T12:07:58: === CTA observation (id=000001) ===
2019-07-22T12:07:58:  Including unbinned CTA observation
2019-07-22T12:07:58: 
2019-07-22T12:07:58: +===========================+
2019-07-22T12:07:58: | Fill map from observation |
2019-07-22T12:07:58: +===========================+
2019-07-22T12:07:59: === CTA observation (id=000001) ===
2019-07-22T12:07:59:  Events in list ............: 326679
2019-07-22T12:07:59:  Events in map .............: 326678
2019-07-22T12:07:59:  Events outside RoI ........: 1
2019-07-22T12:07:59:  Events outside map area ...: 0
2019-07-22T12:07:59:  Events outside energies ...: 0
2019-07-22T12:07:59: 
2019-07-22T12:07:59: +=========+
2019-07-22T12:07:59: | Sky map |
2019-07-22T12:07:59: +=========+
2019-07-22T12:07:59: === GSkyMap ===
2019-07-22T12:07:59:  Number of pixels ..........: 6400
2019-07-22T12:07:59:  X axis dimension ..........: 80
2019-07-22T12:07:59:  Y axis dimension ..........: 80
2019-07-22T12:07:59:  Number of maps ............: 1
2019-07-22T12:07:59:  Shape of maps .............: (1)
2019-07-22T12:07:59: === GWcsCAR ===
2019-07-22T12:07:59:  Number of axes ............: 2
2019-07-22T12:07:59:  Longitude axis ............: 0
2019-07-22T12:07:59:  Latitude axis .............: 1
2019-07-22T12:07:59:  Spectral axis .............: -1
2019-07-22T12:07:59:  Coodinate system ..........: EQU
2019-07-22T12:07:59:  Projection code ...........: CAR
2019-07-22T12:07:59:  Projection name ...........: plate carree
2019-07-22T12:07:59:  Radius of the gen. sphere .: 57.2957795130823 deg
2019-07-22T12:07:59:  Reference coordinate ......: (84.1331, 22.0145)
2019-07-22T12:07:59:  Reference pixel ...........: (40.5, 40.5)
2019-07-22T12:07:59:  Increment at reference ....: (-0.02, 0.02)
2019-07-22T12:07:59:  (Phi_0, Theta_0) ..........: (0, 0) deg
2019-07-22T12:07:59:  (Phi_p, Theta_p) ..........: (0, 67.9855) deg
2019-07-22T12:07:59:  LATPOLE keyword usage .....: Required to select between two valid solutions of Theta_p.
2019-07-22T12:07:59:  Reference vector (m_ref) ..: (84.1331, 22.0145, 0, 67.9855) deg
2019-07-22T12:07:59:  Euler angles ..............: (264.1331 deg, 22.0145 deg, 0 deg, 0.927089022159083, 0.374841226377402)
2019-07-22T12:07:59:  Latitude preserved ........: False
2019-07-22T12:07:59:  Unity PC matrix ...........: True
2019-07-22T12:07:59:  Pixel-to-image trafo ......: ()
2019-07-22T12:07:59:  Image-to-pixel trafo ......: ()
2019-07-22T12:07:59:  Strict bounds checking ....: True
2019-07-22T12:07:59:  Use fiducial offset .......: False
2019-07-22T12:07:59:  Fiducial offset ...........: (0, 0)
2019-07-22T12:07:59:  Rest frequency ............: UNDEFINED
2019-07-22T12:07:59:  Rest wavelength ...........: UNDEFINED
2019-07-22T12:07:59: 
2019-07-22T12:07:59: +==============+
2019-07-22T12:07:59: | Compute maps |
2019-07-22T12:07:59: +==============+
2019-07-22T12:07:59: 
2019-07-22T12:07:59: +==============+
2019-07-22T12:07:59: | Save sky map |
2019-07-22T12:07:59: +==============+
2019-07-22T12:07:59:  Sky map file ..............: /cta/carli/CPPM_Internship/Simulations_and_Analyses/plus_step_AEff_South_z40_50h/source2d/skymap.fits
2019-07-22T12:07:59: 
2019-07-22T12:07:59: Application "ctskymap" terminated after 1 wall clock seconds, consuming 0.85 seconds of CPU time.
