2019-07-23T18:48:15: ********************************************************************************
2019-07-23T18:48:15: *                                   csresspec                                  *
2019-07-23T18:48:15: * ---------------------------------------------------------------------------- *
2019-07-23T18:48:15: * Version: 1.6.0                                                               *
2019-07-23T18:48:15: ********************************************************************************
2019-07-23T18:48:15: +============+
2019-07-23T18:48:15: | Parameters |
2019-07-23T18:48:15: +============+
2019-07-23T18:48:15:  inobs .....................: /cta/carli/CPPM_Internship/Simulations_and_Analyses/minus_gradient_EDisp_South_z40_50h/source2d/obs_cube.fits
2019-07-23T18:48:15:  inmodel ...................: /cta/carli/CPPM_Internship/Simulations_and_Analyses/minus_gradient_EDisp_South_z40_50h/source2d/obsmodel_binned.xml
2019-07-23T18:48:15:  modcube ...................: /cta/carli/CPPM_Internship/Simulations_and_Analyses/minus_gradient_EDisp_South_z40_50h/source2d/obsmodel_cube.fits
2019-07-23T18:48:15:  expcube ...................: /cta/carli/CPPM_Internship/Simulations_and_Analyses/minus_gradient_EDisp_South_z40_50h/source2d/exposure_cube.fits
2019-07-23T18:48:15:  psfcube ...................: /cta/carli/CPPM_Internship/Simulations_and_Analyses/minus_gradient_EDisp_South_z40_50h/source2d/PSF_cube.fits
2019-07-23T18:48:15:  edispcube .................: /cta/carli/CPPM_Internship/Simulations_and_Analyses/minus_gradient_EDisp_South_z40_50h/source2d/edisp_cube.fits
2019-07-23T18:48:15:  bkgcube ...................: /cta/carli/CPPM_Internship/Simulations_and_Analyses/minus_gradient_EDisp_South_z40_50h/source2d/background_cube.fits
2019-07-23T18:48:15:  caldb .....................: prod3b-v2
2019-07-23T18:48:15:  irf .......................: South_z40_50h
2019-07-23T18:48:15:  edisp .....................: yes
2019-07-23T18:48:15:  outfile ...................: /cta/carli/CPPM_Internship/Simulations_and_Analyses/minus_gradient_EDisp_South_z40_50h/source2d/residuals_binned.fits
2019-07-23T18:48:15:  statistic .................: DEFAULT
2019-07-23T18:48:15:  components ................: yes
2019-07-23T18:48:15:  ebinalg ...................: LOG
2019-07-23T18:48:15:  emin ......................: 0.1
2019-07-23T18:48:15:  emax ......................: 199.526229858398
2019-07-23T18:48:15:  enumbins ..................: 32
2019-07-23T18:48:15:  ebinfile ..................: [not queried]
2019-07-23T18:48:15:  stack .....................: [not queried]
2019-07-23T18:48:15:  coordsys ..................: [not queried]
2019-07-23T18:48:15:  proj ......................: [not queried]
2019-07-23T18:48:15:  xref ......................: [not queried]
2019-07-23T18:48:15:  yref ......................: [not queried]
2019-07-23T18:48:15:  nxpix .....................: [not queried]
2019-07-23T18:48:15:  nypix .....................: [not queried]
2019-07-23T18:48:15:  binsz .....................: [not queried]
2019-07-23T18:48:15:  mask ......................: no
2019-07-23T18:48:15:  ra ........................: [not queried]
2019-07-23T18:48:15:  dec .......................: [not queried]
2019-07-23T18:48:15:  rad .......................: [not queried]
2019-07-23T18:48:15:  regfile ...................: [not queried]
2019-07-23T18:48:15:  algorithm .................: SUB
2019-07-23T18:48:15:  publish ...................: no
2019-07-23T18:48:15:  chatter ...................: 4
2019-07-23T18:48:15:  clobber ...................: yes
2019-07-23T18:48:15:  debug .....................: no
2019-07-23T18:48:15:  mode ......................: ql
2019-07-23T18:48:15:  logfile ...................: csresspec.log
2019-07-23T18:48:15: 
2019-07-23T18:48:15: +====================+
2019-07-23T18:48:15: | Observation census |
2019-07-23T18:48:15: +====================+
2019-07-23T18:48:15:  Unbinned CTA observations .: 0
2019-07-23T18:48:15:  Binned CTA observations ...: 1
2019-07-23T18:48:15:  On/off CTA observations ...: 0
2019-07-23T18:48:15:  Other observations ........: 0
2019-07-23T18:48:15: 
2019-07-23T18:48:15: +=============+
2019-07-23T18:48:15: | Observation |
2019-07-23T18:48:15: +=============+
2019-07-23T18:48:15: === GObservations ===
2019-07-23T18:48:15:  Number of observations ....: 1
2019-07-23T18:48:15:  Number of models ..........: 2
2019-07-23T18:48:15:  Number of observed events .: 326038
2019-07-23T18:48:15:  Number of predicted events : 0
2019-07-23T18:48:15: === GCTAObservation ===
2019-07-23T18:48:15:  Name ......................: 
2019-07-23T18:48:15:  Identifier ................: 000001
2019-07-23T18:48:15:  Instrument ................: CTA
2019-07-23T18:48:15:  Event file ................: /cta/carli/CPPM_Internship/Simulations_and_Analyses/minus_gradient_EDisp_South_z40_50h/source2d/obs_cube.fits
2019-07-23T18:48:15:  Event type ................: CountsCube
2019-07-23T18:48:15:  Statistic .................: cstat
2019-07-23T18:48:15:  Ontime ....................: 144000 s
2019-07-23T18:48:15:  Livetime ..................: 141120 s
2019-07-23T18:48:15:  Deadtime correction .......: 0.98
2019-07-23T18:48:15:  User energy range .........: undefined
2019-07-23T18:48:15: === GCTAPointing ===
2019-07-23T18:48:15:  Pointing direction ........: (RA,Dec)=(84.1331,22.0145)
2019-07-23T18:48:15: === GCTAResponseCube ===
2019-07-23T18:48:15:  Energy dispersion .........: Not used
2019-07-23T18:48:15: === GCTACubeExposure ===
2019-07-23T18:48:15:  Filename ..................: /cta/carli/CPPM_Internship/Simulations_and_Analyses/minus_gradient_EDisp_South_z40_50h/source2d/exposure_cube.fits
2019-07-23T18:48:15:  Livetime ..................: 141120 sec
2019-07-23T18:48:15: === GEnergies ===
2019-07-23T18:48:15:  Number of energies ........: 33
2019-07-23T18:48:15: === GGti ===
2019-07-23T18:48:15:  Number of intervals .......: 1
2019-07-23T18:48:15:  Ontime ....................: 144000 sec
2019-07-23T18:48:15:  Elapsed time ..............: 144000 sec
2019-07-23T18:48:15:  MJD range .................: 51544.5 - 51546.1666666667 s (TT)
2019-07-23T18:48:15:  UTC range .................: 2000-01-01T11:58:56 - 2000-01-03T03:58:56 s (TT)
2019-07-23T18:48:15:  Reference MJD .............: 51544.5
2019-07-23T18:48:15: === GSkyMap ===
2019-07-23T18:48:15:  Number of pixels ..........: 6400
2019-07-23T18:48:15:  X axis dimension ..........: 80
2019-07-23T18:48:15:  Y axis dimension ..........: 80
2019-07-23T18:48:15:  Number of maps ............: 33
2019-07-23T18:48:15:  Shape of maps .............: (33)
2019-07-23T18:48:15: === GCTACubePsf ===
2019-07-23T18:48:15:  Filename ..................: /cta/carli/CPPM_Internship/Simulations_and_Analyses/minus_gradient_EDisp_South_z40_50h/source2d/PSF_cube.fits
2019-07-23T18:48:15: === GEnergies ===
2019-07-23T18:48:15:  Number of energies ........: 33
2019-07-23T18:48:15:  Number of delta bins ......: 200
2019-07-23T18:48:15:  Delta range ...............: 1.875e-06 - 0.298501875 deg
2019-07-23T18:48:15: === GSkyMap ===
2019-07-23T18:48:15:  Number of pixels ..........: 1
2019-07-23T18:48:15:  X axis dimension ..........: 1
2019-07-23T18:48:15:  Y axis dimension ..........: 1
2019-07-23T18:48:15:  Number of maps ............: 6600
2019-07-23T18:48:15:  Shape of maps .............: (200, 33)
2019-07-23T18:48:15: === GCTACubeEdisp ===
2019-07-23T18:48:15:  Filename ..................: /cta/carli/CPPM_Internship/Simulations_and_Analyses/minus_gradient_EDisp_South_z40_50h/source2d/edisp_cube.fits
2019-07-23T18:48:15: === GEnergies ===
2019-07-23T18:48:15:  Number of energies ........: 33
2019-07-23T18:48:15:  Number of migra bins ......: 100
2019-07-23T18:48:15:  Migra range ...............: 0.02 - 2
2019-07-23T18:48:15: === GSkyMap ===
2019-07-23T18:48:15:  Number of pixels ..........: 1
2019-07-23T18:48:15:  X axis dimension ..........: 1
2019-07-23T18:48:15:  Y axis dimension ..........: 1
2019-07-23T18:48:15:  Number of maps ............: 3300
2019-07-23T18:48:15:  Shape of maps .............: (100, 33)
2019-07-23T18:48:15: === GCTACubeBackground ===
2019-07-23T18:48:15:  Filename ..................: /cta/carli/CPPM_Internship/Simulations_and_Analyses/minus_gradient_EDisp_South_z40_50h/source2d/background_cube.fits
2019-07-23T18:48:15: === GEbounds ===
2019-07-23T18:48:15:  Number of intervals .......: 32
2019-07-23T18:48:15:  Energy range ..............: 100 GeV - 199.526229858398 TeV
2019-07-23T18:48:15: === GSkyMap ===
2019-07-23T18:48:15:  Number of pixels ..........: 6400
2019-07-23T18:48:15:  X axis dimension ..........: 80
2019-07-23T18:48:15:  Y axis dimension ..........: 80
2019-07-23T18:48:15:  Number of maps ............: 32
2019-07-23T18:48:15:  Shape of maps .............: (32)
2019-07-23T18:48:15: === GCTAResponseCache ===
2019-07-23T18:48:15:  Number of cached values ...: 0
2019-07-23T18:48:15: === GCTAEventCube ===
2019-07-23T18:48:15:  Number of events ..........: 326038
2019-07-23T18:48:15:  Number of elements ........: 204800
2019-07-23T18:48:15:  Number of pixels ..........: 6400
2019-07-23T18:48:15:  Number of energy bins .....: 32
2019-07-23T18:48:15:  Time interval .............: 51544.5 - 51546.1666666667 days
2019-07-23T18:48:15:  Pointing ..................: (RA,Dec)=(84.1331,22.0145)
2019-07-23T18:48:15: === GEbounds ===
2019-07-23T18:48:15:  Number of intervals .......: 32
2019-07-23T18:48:15:  Energy range ..............: 100 GeV - 199.526229858398 TeV
2019-07-23T18:48:15: === GSkyMap ===
2019-07-23T18:48:15:  Number of pixels ..........: 6400
2019-07-23T18:48:15:  X axis dimension ..........: 80
2019-07-23T18:48:15:  Y axis dimension ..........: 80
2019-07-23T18:48:15:  Number of maps ............: 32
2019-07-23T18:48:15:  Shape of maps .............: (32)
2019-07-23T18:48:15: === GSkyRegions ===
2019-07-23T18:48:15:  Number of regions .........: 0
2019-07-23T18:48:15: === GModels ===
2019-07-23T18:48:15:  Number of models ..........: 2
2019-07-23T18:48:15:  Number of parameters ......: 11
2019-07-23T18:48:15: === GModelSky ===
2019-07-23T18:48:15:  Name ......................: source2d
2019-07-23T18:48:15:  Instruments ...............: all
2019-07-23T18:48:15:  Test Statistic ............: 95448.006
2019-07-23T18:48:15:  Observation identifiers ...: all
2019-07-23T18:48:15:  Model type ................: PointSource
2019-07-23T18:48:15:  Model components ..........: "PointSource" * "ExponentialCutoffPowerLaw" * "Constant"
2019-07-23T18:48:15:  Number of parameters ......: 7
2019-07-23T18:48:15:  Number of spatial par's ...: 2
2019-07-23T18:48:15:   RA .......................: 83.6331 [-360,360] deg (fixed,scale=1)
2019-07-23T18:48:15:   DEC ......................: 22.0145 [-90,90] deg (fixed,scale=1)
2019-07-23T18:48:15:  Number of spectral par's ..: 4
2019-07-23T18:48:15:   Prefactor ................: 3.06581965581682e-18 +/- 2.51678857821679e-20 [1e-25,1e-15] ph/cm2/s/MeV (free,scale=1e-18,gradient)
2019-07-23T18:48:15:   Index ....................: -1.99263643570418 +/- 0.00721134639406705 [-0,-5]  (free,scale=-1,gradient)
2019-07-23T18:48:15:   CutoffEnergy .............: 103639819.546266 +/- 12285550.5320898 [1000000,100000000000] MeV (free,scale=100000000,gradient)
2019-07-23T18:48:15:   PivotEnergy ..............: 1000000 [10000,1000000000] MeV (fixed,scale=1000000,gradient)
2019-07-23T18:48:15:  Number of temporal par's ..: 1
2019-07-23T18:48:15:   Normalization ............: 1 (relative value) (fixed,scale=1,gradient)
2019-07-23T18:48:15:  Number of scale par's .....: 0
2019-07-23T18:48:15: === GCTAModelCubeBackground ===
2019-07-23T18:48:15:  Name ......................: BackgroundModel
2019-07-23T18:48:15:  Instruments ...............: CTA, HESS, MAGIC, VERITAS
2019-07-23T18:48:15:  Observation identifiers ...: all
2019-07-23T18:48:15:  Model type ................: "PowerLaw" * "Constant"
2019-07-23T18:48:15:  Number of parameters ......: 4
2019-07-23T18:48:15:  Number of spectral par's ..: 3
2019-07-23T18:48:15:   Prefactor ................: 1.12193681051395 +/- 0.00491303646423726 [0.01,100] ph/cm2/s/MeV (free,scale=1,gradient)
2019-07-23T18:48:15:   Index ....................: 0.0752544457558169 +/- 0.00259524497753634 [-5,5]  (free,scale=1,gradient)
2019-07-23T18:48:15:   PivotEnergy ..............: 1000000 MeV (fixed,scale=1000000,gradient)
2019-07-23T18:48:15:  Number of temporal par's ..: 1
2019-07-23T18:48:15:   Normalization ............: 1 (relative value) (fixed,scale=1,gradient)
2019-07-23T18:48:15: 
2019-07-23T18:48:15: +=========================+
2019-07-23T18:48:15: | Processing Observations |
2019-07-23T18:48:15: +=========================+
2019-07-23T18:48:15: Computing model cube
2019-07-23T18:48:22: Computing counts, model, and residual spectra
2019-07-23T18:48:22:  Computing model component .: source2d
2019-07-23T18:48:26:  Computing model component .: BackgroundModel
2019-07-23T18:48:27: Filling residual table
2019-07-23T18:48:27: 
2019-07-23T18:48:27: +================+
2019-07-23T18:48:27: | Save residuals |
2019-07-23T18:48:27: +================+
2019-07-23T18:48:27:  Residuals file ............: /cta/carli/CPPM_Internship/Simulations_and_Analyses/minus_gradient_EDisp_South_z40_50h/source2d/residuals_binned.fits
2019-07-23T18:48:27: 
2019-07-23T18:48:27: Application "csresspec" terminated after 12 wall clock seconds, consuming 13.75 seconds of CPU time.
