2019-07-25T10:11:46: ********************************************************************************
2019-07-25T10:11:46: *                                    cterror                                   *
2019-07-25T10:11:46: * ---------------------------------------------------------------------------- *
2019-07-25T10:11:46: * Version: 1.6.0                                                               *
2019-07-25T10:11:46: ********************************************************************************
2019-07-25T10:11:46: +============+
2019-07-25T10:11:46: | Parameters |
2019-07-25T10:11:46: +============+
2019-07-25T10:11:46:  inobs .....................: /cta/carli/CPPM_Internship/Simulations_and_Analyses/minus_gradient_EDisp_South_z40_50h/source2d/obs_cube.fits
2019-07-25T10:11:46:  inmodel ...................: /cta/carli/CPPM_Internship/Simulations_and_Analyses/minus_gradient_EDisp_South_z40_50h/source2d/obsmodel_binned.xml
2019-07-25T10:11:46:  srcname ...................: source2d
2019-07-25T10:11:46:  expcube ...................: /cta/carli/CPPM_Internship/Simulations_and_Analyses/minus_gradient_EDisp_South_z40_50h/source2d/exposure_cube.fits
2019-07-25T10:11:46:  psfcube ...................: /cta/carli/CPPM_Internship/Simulations_and_Analyses/minus_gradient_EDisp_South_z40_50h/source2d/PSF_cube.fits
2019-07-25T10:11:46:  edispcube .................: /cta/carli/CPPM_Internship/Simulations_and_Analyses/minus_gradient_EDisp_South_z40_50h/source2d/edisp_cube.fits
2019-07-25T10:11:46:  bkgcube ...................: /cta/carli/CPPM_Internship/Simulations_and_Analyses/minus_gradient_EDisp_South_z40_50h/source2d/background_cube.fits
2019-07-25T10:11:46:  caldb .....................: prod3b-v2
2019-07-25T10:11:46:  irf .......................: minus_gradient_EDisp_South_z40_50h
2019-07-25T10:11:46:  edisp .....................: yes
2019-07-25T10:11:46:  outmodel ..................: 
2019-07-25T10:11:46:  confidence ................: 0.95
2019-07-25T10:11:46:  tol .......................: 1e-3
2019-07-25T10:11:46:  statistic .................: DEFAULT
2019-07-25T10:11:46:  like_accuracy .............: 0.005
2019-07-25T10:11:46:  max_iter ..................: 50
2019-07-25T10:11:46:  nthreads ..................: 0
2019-07-25T10:11:46:  chatter ...................: 4
2019-07-25T10:11:46:  clobber ...................: yes
2019-07-25T10:11:46:  debug .....................: no
2019-07-25T10:11:46:  mode ......................: ql
2019-07-25T10:11:46:  logfile ...................: cterror95.log
2019-07-25T10:11:46: 
2019-07-25T10:11:46: +===================+
2019-07-25T10:11:46: | Input observation |
2019-07-25T10:11:46: +===================+
2019-07-25T10:11:46: === GObservations ===
2019-07-25T10:11:46:  Number of observations ....: 1
2019-07-25T10:11:46:  Number of models ..........: 2
2019-07-25T10:11:46:  Number of observed events .: 326038
2019-07-25T10:11:46:  Number of predicted events : 0
2019-07-25T10:11:46: === GCTAObservation ===
2019-07-25T10:11:46:  Name ......................: 
2019-07-25T10:11:46:  Identifier ................: 000001
2019-07-25T10:11:46:  Instrument ................: CTA
2019-07-25T10:11:46:  Event file ................: /cta/carli/CPPM_Internship/Simulations_and_Analyses/minus_gradient_EDisp_South_z40_50h/source2d/obs_cube.fits
2019-07-25T10:11:46:  Event type ................: CountsCube
2019-07-25T10:11:46:  Statistic .................: cstat
2019-07-25T10:11:46:  Ontime ....................: 144000 s
2019-07-25T10:11:46:  Livetime ..................: 141120 s
2019-07-25T10:11:46:  Deadtime correction .......: 0.98
2019-07-25T10:11:46:  User energy range .........: undefined
2019-07-25T10:11:46: === GCTAPointing ===
2019-07-25T10:11:46:  Pointing direction ........: (RA,Dec)=(84.1331,22.0145)
2019-07-25T10:11:46: === GCTAResponseCube ===
2019-07-25T10:11:46:  Energy dispersion .........: Used
2019-07-25T10:11:46: === GCTACubeExposure ===
2019-07-25T10:11:46:  Filename ..................: /cta/carli/CPPM_Internship/Simulations_and_Analyses/minus_gradient_EDisp_South_z40_50h/source2d/exposure_cube.fits
2019-07-25T10:11:46:  Livetime ..................: 141120 sec
2019-07-25T10:11:46: === GEnergies ===
2019-07-25T10:11:46:  Number of energies ........: 33
2019-07-25T10:11:46: === GGti ===
2019-07-25T10:11:46:  Number of intervals .......: 1
2019-07-25T10:11:46:  Ontime ....................: 144000 sec
2019-07-25T10:11:46:  Elapsed time ..............: 144000 sec
2019-07-25T10:11:46:  MJD range .................: 51544.5 - 51546.1666666667 s (TT)
2019-07-25T10:11:46:  UTC range .................: 2000-01-01T11:58:56 - 2000-01-03T03:58:56 s (TT)
2019-07-25T10:11:46:  Reference MJD .............: 51544.5
2019-07-25T10:11:46: === GSkyMap ===
2019-07-25T10:11:46:  Number of pixels ..........: 6400
2019-07-25T10:11:46:  X axis dimension ..........: 80
2019-07-25T10:11:46:  Y axis dimension ..........: 80
2019-07-25T10:11:46:  Number of maps ............: 33
2019-07-25T10:11:46:  Shape of maps .............: (33)
2019-07-25T10:11:46: === GCTACubePsf ===
2019-07-25T10:11:46:  Filename ..................: /cta/carli/CPPM_Internship/Simulations_and_Analyses/minus_gradient_EDisp_South_z40_50h/source2d/PSF_cube.fits
2019-07-25T10:11:46: === GEnergies ===
2019-07-25T10:11:46:  Number of energies ........: 33
2019-07-25T10:11:46:  Number of delta bins ......: 200
2019-07-25T10:11:46:  Delta range ...............: 1.875e-06 - 0.298501875 deg
2019-07-25T10:11:46: === GSkyMap ===
2019-07-25T10:11:46:  Number of pixels ..........: 1
2019-07-25T10:11:46:  X axis dimension ..........: 1
2019-07-25T10:11:46:  Y axis dimension ..........: 1
2019-07-25T10:11:46:  Number of maps ............: 6600
2019-07-25T10:11:46:  Shape of maps .............: (200, 33)
2019-07-25T10:11:46: === GCTACubeEdisp ===
2019-07-25T10:11:46:  Filename ..................: /cta/carli/CPPM_Internship/Simulations_and_Analyses/minus_gradient_EDisp_South_z40_50h/source2d/edisp_cube.fits
2019-07-25T10:11:46: === GEnergies ===
2019-07-25T10:11:46:  Number of energies ........: 33
2019-07-25T10:11:46:  Number of migra bins ......: 100
2019-07-25T10:11:46:  Migra range ...............: 0.02 - 2
2019-07-25T10:11:46: === GSkyMap ===
2019-07-25T10:11:46:  Number of pixels ..........: 1
2019-07-25T10:11:46:  X axis dimension ..........: 1
2019-07-25T10:11:46:  Y axis dimension ..........: 1
2019-07-25T10:11:46:  Number of maps ............: 3300
2019-07-25T10:11:46:  Shape of maps .............: (100, 33)
2019-07-25T10:11:46: === GCTACubeBackground ===
2019-07-25T10:11:46:  Filename ..................: /cta/carli/CPPM_Internship/Simulations_and_Analyses/minus_gradient_EDisp_South_z40_50h/source2d/background_cube.fits
2019-07-25T10:11:46: === GEbounds ===
2019-07-25T10:11:46:  Number of intervals .......: 32
2019-07-25T10:11:46:  Energy range ..............: 100 GeV - 199.526229858398 TeV
2019-07-25T10:11:46: === GSkyMap ===
2019-07-25T10:11:46:  Number of pixels ..........: 6400
2019-07-25T10:11:46:  X axis dimension ..........: 80
2019-07-25T10:11:46:  Y axis dimension ..........: 80
2019-07-25T10:11:46:  Number of maps ............: 32
2019-07-25T10:11:46:  Shape of maps .............: (32)
2019-07-25T10:11:46: === GCTAResponseCache ===
2019-07-25T10:11:46:  Number of cached values ...: 0
2019-07-25T10:11:46: === GCTAEventCube ===
2019-07-25T10:11:46:  Number of events ..........: 326038
2019-07-25T10:11:46:  Number of elements ........: 204800
2019-07-25T10:11:46:  Number of pixels ..........: 6400
2019-07-25T10:11:46:  Number of energy bins .....: 32
2019-07-25T10:11:46:  Time interval .............: 51544.5 - 51546.1666666667 days
2019-07-25T10:11:46:  Pointing ..................: (RA,Dec)=(84.1331,22.0145)
2019-07-25T10:11:46: === GEbounds ===
2019-07-25T10:11:46:  Number of intervals .......: 32
2019-07-25T10:11:46:  Energy range ..............: 100 GeV - 199.526229858398 TeV
2019-07-25T10:11:46: === GSkyMap ===
2019-07-25T10:11:46:  Number of pixels ..........: 6400
2019-07-25T10:11:46:  X axis dimension ..........: 80
2019-07-25T10:11:46:  Y axis dimension ..........: 80
2019-07-25T10:11:46:  Number of maps ............: 32
2019-07-25T10:11:46:  Shape of maps .............: (32)
2019-07-25T10:11:46: === GSkyRegions ===
2019-07-25T10:11:46:  Number of regions .........: 0
2019-07-25T10:11:46: === GModels ===
2019-07-25T10:11:46:  Number of models ..........: 2
2019-07-25T10:11:46:  Number of parameters ......: 11
2019-07-25T10:11:46: === GModelSky ===
2019-07-25T10:11:46:  Name ......................: source2d
2019-07-25T10:11:46:  Instruments ...............: all
2019-07-25T10:11:46:  Test Statistic ............: 95448.006
2019-07-25T10:11:46:  Observation identifiers ...: all
2019-07-25T10:11:46:  Model type ................: PointSource
2019-07-25T10:11:46:  Model components ..........: "PointSource" * "ExponentialCutoffPowerLaw" * "Constant"
2019-07-25T10:11:46:  Number of parameters ......: 7
2019-07-25T10:11:46:  Number of spatial par's ...: 2
2019-07-25T10:11:46:   RA .......................: 83.6331 [-360,360] deg (fixed,scale=1)
2019-07-25T10:11:46:   DEC ......................: 22.0145 [-90,90] deg (fixed,scale=1)
2019-07-25T10:11:46:  Number of spectral par's ..: 4
2019-07-25T10:11:46:   Prefactor ................: 3.06581965581682e-18 [1e-25,1e-15] ph/cm2/s/MeV (fixed,scale=1e-18,gradient)
2019-07-25T10:11:46:   Index ....................: -1.99263643570418 [-0,-5]  (fixed,scale=-1,gradient)
2019-07-25T10:11:46:   CutoffEnergy .............: 103639819.546266 +/- 12285550.5320898 [1000000,100000000000] MeV (free,scale=100000000,gradient)
2019-07-25T10:11:46:   PivotEnergy ..............: 1000000 [10000,1000000000] MeV (fixed,scale=1000000,gradient)
2019-07-25T10:11:46:  Number of temporal par's ..: 1
2019-07-25T10:11:46:   Normalization ............: 1 (relative value) (fixed,scale=1,gradient)
2019-07-25T10:11:46:  Number of scale par's .....: 0
2019-07-25T10:11:46: === GCTAModelCubeBackground ===
2019-07-25T10:11:46:  Name ......................: BackgroundModel
2019-07-25T10:11:46:  Instruments ...............: CTA, HESS, MAGIC, VERITAS
2019-07-25T10:11:46:  Observation identifiers ...: all
2019-07-25T10:11:46:  Model type ................: "PowerLaw" * "Constant"
2019-07-25T10:11:46:  Number of parameters ......: 4
2019-07-25T10:11:46:  Number of spectral par's ..: 3
2019-07-25T10:11:46:   Prefactor ................: 1.12193681051395 [0.01,100] ph/cm2/s/MeV (fixed,scale=1,gradient)
2019-07-25T10:11:46:   Index ....................: 0.0752544457558169 [-5,5]  (fixed,scale=1,gradient)
2019-07-25T10:11:46:   PivotEnergy ..............: 1000000 MeV (fixed,scale=1000000,gradient)
2019-07-25T10:11:46:  Number of temporal par's ..: 1
2019-07-25T10:11:46:   Normalization ............: 1 (relative value) (fixed,scale=1,gradient)
2019-07-25T10:11:46: 
2019-07-25T10:11:46: +=============================+
2019-07-25T10:11:46: | Compute best-fit likelihood |
2019-07-25T10:11:46: +=============================+
2019-07-25T10:13:18: === GOptimizerLM ===
2019-07-25T10:13:18:  Optimized function value ..: -337681.841
2019-07-25T10:13:18:  Absolute precision ........: 0.005
2019-07-25T10:13:18:  Acceptable value decrease .: 2
2019-07-25T10:13:18:  Optimization status .......: converged
2019-07-25T10:13:18:  Number of parameters ......: 11
2019-07-25T10:13:18:  Number of free parameters .: 1
2019-07-25T10:13:18:  Number of iterations ......: 1
2019-07-25T10:13:18:  Lambda ....................: 0.0001
2019-07-25T10:13:18:  Maximum log likelihood ....: -337681.841
2019-07-25T10:13:18: === GModels ===
2019-07-25T10:13:18:  Number of models ..........: 2
2019-07-25T10:13:18:  Number of parameters ......: 11
2019-07-25T10:13:18: === GModelSky ===
2019-07-25T10:13:18:  Name ......................: source2d
2019-07-25T10:13:18:  Instruments ...............: all
2019-07-25T10:13:18:  Test Statistic ............: 95448.006
2019-07-25T10:13:18:  Observation identifiers ...: all
2019-07-25T10:13:18:  Model type ................: PointSource
2019-07-25T10:13:18:  Model components ..........: "PointSource" * "ExponentialCutoffPowerLaw" * "Constant"
2019-07-25T10:13:18:  Number of parameters ......: 7
2019-07-25T10:13:18:  Number of spatial par's ...: 2
2019-07-25T10:13:18:   RA .......................: 83.6331 [-360,360] deg (fixed,scale=1)
2019-07-25T10:13:18:   DEC ......................: 22.0145 [-90,90] deg (fixed,scale=1)
2019-07-25T10:13:18:  Number of spectral par's ..: 4
2019-07-25T10:13:18:   Prefactor ................: 3.06581965581682e-18 [1e-25,1e-15] ph/cm2/s/MeV (fixed,scale=1e-18,gradient)
2019-07-25T10:13:18:   Index ....................: -1.99263643570418 [-0,-5]  (fixed,scale=-1,gradient)
2019-07-25T10:13:18:   CutoffEnergy .............: 103639662.670687 +/- 8522519.77090907 [1000000,100000000000] MeV (free,scale=100000000,gradient)
2019-07-25T10:13:18:   PivotEnergy ..............: 1000000 [10000,1000000000] MeV (fixed,scale=1000000,gradient)
2019-07-25T10:13:18:  Number of temporal par's ..: 1
2019-07-25T10:13:18:   Normalization ............: 1 (relative value) (fixed,scale=1,gradient)
2019-07-25T10:13:18:  Number of scale par's .....: 0
2019-07-25T10:13:18: === GCTAModelCubeBackground ===
2019-07-25T10:13:18:  Name ......................: BackgroundModel
2019-07-25T10:13:18:  Instruments ...............: CTA, HESS, MAGIC, VERITAS
2019-07-25T10:13:18:  Observation identifiers ...: all
2019-07-25T10:13:18:  Model type ................: "PowerLaw" * "Constant"
2019-07-25T10:13:18:  Number of parameters ......: 4
2019-07-25T10:13:18:  Number of spectral par's ..: 3
2019-07-25T10:13:18:   Prefactor ................: 1.12193681051395 [0.01,100] ph/cm2/s/MeV (fixed,scale=1,gradient)
2019-07-25T10:13:18:   Index ....................: 0.0752544457558169 [-5,5]  (fixed,scale=1,gradient)
2019-07-25T10:13:18:   PivotEnergy ..............: 1000000 MeV (fixed,scale=1000000,gradient)
2019-07-25T10:13:18:  Number of temporal par's ..: 1
2019-07-25T10:13:18:   Normalization ............: 1 (relative value) (fixed,scale=1,gradient)
2019-07-25T10:13:18: 
2019-07-25T10:13:18: +==============================================================+
2019-07-25T10:13:18: | Compute error for source "source2d" parameter "CutoffEnergy" |
2019-07-25T10:13:18: +==============================================================+
2019-07-25T10:13:18:  Confidence level ..........: 95 %
2019-07-25T10:13:18:  Log-likelihood difference .: 1.92073
2019-07-25T10:13:18:  Initial factor range ......: [0.184144649615963, 1.88864860379778]
2019-07-25T10:13:28:    Iteration 1 .............: [0.184144649615963, 1.03639662670687]
2019-07-25T10:13:39:    Iteration 2 .............: [0.610270638161417, 1.03639662670687]
2019-07-25T10:13:49:    Iteration 3 .............: [0.823333632434144, 1.03639662670687]
2019-07-25T10:13:59:    Iteration 4 .............: [0.823333632434144, 0.929865129570507]
2019-07-25T10:14:09:    Iteration 5 .............: [0.876599381002325, 0.929865129570507]
2019-07-25T10:14:19:    Iteration 6 .............: [0.876599381002325, 0.903232255286416]
2019-07-25T10:14:30:    Iteration 7 .............: [0.876599381002325, 0.889915818144371]
2019-07-25T10:14:40:    Iteration 8 .............: [0.883257599573348, 0.889915818144371]
2019-07-25T10:14:50:    Iteration 9 .............: [0.886586708858859, 0.889915818144371]
2019-07-25T10:15:00:    Iteration 10 ............: [0.888251263501615, 0.889915818144371]
2019-07-25T10:15:11:    Iteration 11 ............: [0.889083540822993, 0.889915818144371]
2019-07-25T10:15:21:    Iteration 12 ............: [0.889083540822993, 0.889499679483682]
2019-07-25T10:15:31:    Iteration 13 ............: [0.889083540822993, 0.889291610153337]
2019-07-25T10:15:41:    Iteration 14 ............: [0.889187575488165, 0.889291610153337]
2019-07-25T10:15:52:    Iteration 1 .............: [1.03639662670687, 1.88864860379778]
2019-07-25T10:16:02:    Iteration 2 .............: [1.03639662670687, 1.46252261525232]
2019-07-25T10:16:12:    Iteration 3 .............: [1.03639662670687, 1.2494596209796]
2019-07-25T10:16:23:    Iteration 4 .............: [1.14292812384323, 1.2494596209796]
2019-07-25T10:16:33:    Iteration 5 .............: [1.19619387241142, 1.2494596209796]
2019-07-25T10:16:44:    Iteration 6 .............: [1.22282674669551, 1.2494596209796]
2019-07-25T10:16:54:    Iteration 7 .............: [1.22282674669551, 1.23614318383755]
2019-07-25T10:17:05:    Iteration 8 .............: [1.22948496526653, 1.23614318383755]
2019-07-25T10:17:15:    Iteration 9 .............: [1.23281407455204, 1.23614318383755]
2019-07-25T10:17:25:    Iteration 10 ............: [1.23281407455204, 1.2344786291948]
2019-07-25T10:17:35:    Iteration 11 ............: [1.23364635187342, 1.2344786291948]
2019-07-25T10:17:46:    Iteration 12 ............: [1.23364635187342, 1.23406249053411]
2019-07-25T10:17:46:  Lower parameter factor ....: 0.88924
2019-07-25T10:17:46:  Upper parameter factor ....: 1.23385
2019-07-25T10:17:46:  Error from curvature ......: 8522519.77090907 MeV
2019-07-25T10:17:46:  Error from profile ........: 17230741.4191506 MeV
2019-07-25T10:17:46:  Negative profile error ....: 14715703.3886119 MeV
2019-07-25T10:17:46:  Positive profile error ....: 19745779.4496893 MeV
2019-07-25T10:17:46: 
2019-07-25T10:17:46: +==============+
2019-07-25T10:17:46: | Save results |
2019-07-25T10:17:46: +==============+
2019-07-25T10:17:46:  Model definition file .....: NONE
2019-07-25T10:17:46: 
2019-07-25T10:17:46: Application "cterror" terminated after 361 wall clock seconds, consuming 445.12 seconds of CPU time.
