2019-07-22T13:26:33: ********************************************************************************
2019-07-22T13:26:33: *                                   csresspec                                  *
2019-07-22T13:26:33: * ---------------------------------------------------------------------------- *
2019-07-22T13:26:33: * Version: 1.6.0                                                               *
2019-07-22T13:26:33: ********************************************************************************
2019-07-22T13:26:34: +============+
2019-07-22T13:26:34: | Parameters |
2019-07-22T13:26:34: +============+
2019-07-22T13:26:34:  inobs .....................: /cta/carli/CPPM_Internship/Simulations_and_Analyses/South_z40_50h/source1b/obs_cube.fits
2019-07-22T13:26:34:  inmodel ...................: /cta/carli/CPPM_Internship/Simulations_and_Analyses/South_z40_50h/source1b/obsmodel_binned.xml
2019-07-22T13:26:34:  modcube ...................: /cta/carli/CPPM_Internship/Simulations_and_Analyses/South_z40_50h/source1b/obsmodel_cube.fits
2019-07-22T13:26:34:  expcube ...................: /cta/carli/CPPM_Internship/Simulations_and_Analyses/South_z40_50h/source1b/exposure_cube.fits
2019-07-22T13:26:34:  psfcube ...................: /cta/carli/CPPM_Internship/Simulations_and_Analyses/South_z40_50h/source1b/PSF_cube.fits
2019-07-22T13:26:34:  edispcube .................: /cta/carli/CPPM_Internship/Simulations_and_Analyses/South_z40_50h/source1b/edisp_cube.fits
2019-07-22T13:26:34:  bkgcube ...................: /cta/carli/CPPM_Internship/Simulations_and_Analyses/South_z40_50h/source1b/background_cube.fits
2019-07-22T13:26:34:  caldb .....................: prod3b-v2
2019-07-22T13:26:34:  irf .......................: South_z40_50h
2019-07-22T13:26:34:  edisp .....................: yes
2019-07-22T13:26:34:  outfile ...................: /cta/carli/CPPM_Internship/Simulations_and_Analyses/South_z40_50h/source1b/residuals_binned.fits
2019-07-22T13:26:34:  statistic .................: DEFAULT
2019-07-22T13:26:34:  components ................: yes
2019-07-22T13:26:34:  ebinalg ...................: LOG
2019-07-22T13:26:34:  emin ......................: 0.1
2019-07-22T13:26:34:  emax ......................: 199.526229858398
2019-07-22T13:26:34:  enumbins ..................: 32
2019-07-22T13:26:34:  ebinfile ..................: [not queried]
2019-07-22T13:26:34:  stack .....................: [not queried]
2019-07-22T13:26:34:  coordsys ..................: [not queried]
2019-07-22T13:26:34:  proj ......................: [not queried]
2019-07-22T13:26:34:  xref ......................: [not queried]
2019-07-22T13:26:34:  yref ......................: [not queried]
2019-07-22T13:26:34:  nxpix .....................: [not queried]
2019-07-22T13:26:34:  nypix .....................: [not queried]
2019-07-22T13:26:34:  binsz .....................: [not queried]
2019-07-22T13:26:34:  mask ......................: no
2019-07-22T13:26:34:  ra ........................: [not queried]
2019-07-22T13:26:34:  dec .......................: [not queried]
2019-07-22T13:26:34:  rad .......................: [not queried]
2019-07-22T13:26:34:  regfile ...................: [not queried]
2019-07-22T13:26:34:  algorithm .................: SUB
2019-07-22T13:26:34:  publish ...................: no
2019-07-22T13:26:34:  chatter ...................: 4
2019-07-22T13:26:34:  clobber ...................: yes
2019-07-22T13:26:34:  debug .....................: no
2019-07-22T13:26:34:  mode ......................: ql
2019-07-22T13:26:34:  logfile ...................: csresspec.log
2019-07-22T13:26:34: 
2019-07-22T13:26:34: +====================+
2019-07-22T13:26:34: | Observation census |
2019-07-22T13:26:34: +====================+
2019-07-22T13:26:34:  Unbinned CTA observations .: 0
2019-07-22T13:26:34:  Binned CTA observations ...: 1
2019-07-22T13:26:34:  On/off CTA observations ...: 0
2019-07-22T13:26:34:  Other observations ........: 0
2019-07-22T13:26:34: 
2019-07-22T13:26:34: +=============+
2019-07-22T13:26:34: | Observation |
2019-07-22T13:26:34: +=============+
2019-07-22T13:26:34: === GObservations ===
2019-07-22T13:26:34:  Number of observations ....: 1
2019-07-22T13:26:34:  Number of models ..........: 2
2019-07-22T13:26:34:  Number of observed events .: 314578
2019-07-22T13:26:34:  Number of predicted events : 0
2019-07-22T13:26:34: === GCTAObservation ===
2019-07-22T13:26:34:  Name ......................: 
2019-07-22T13:26:34:  Identifier ................: 000001
2019-07-22T13:26:34:  Instrument ................: CTA
2019-07-22T13:26:34:  Event file ................: /cta/carli/CPPM_Internship/Simulations_and_Analyses/South_z40_50h/source1b/obs_cube.fits
2019-07-22T13:26:34:  Event type ................: CountsCube
2019-07-22T13:26:34:  Statistic .................: cstat
2019-07-22T13:26:34:  Ontime ....................: 144000 s
2019-07-22T13:26:34:  Livetime ..................: 141120 s
2019-07-22T13:26:34:  Deadtime correction .......: 0.98
2019-07-22T13:26:34:  User energy range .........: undefined
2019-07-22T13:26:34: === GCTAPointing ===
2019-07-22T13:26:34:  Pointing direction ........: (RA,Dec)=(84.1331,22.0145)
2019-07-22T13:26:34: === GCTAResponseCube ===
2019-07-22T13:26:34:  Energy dispersion .........: Not used
2019-07-22T13:26:34: === GCTACubeExposure ===
2019-07-22T13:26:34:  Filename ..................: /cta/carli/CPPM_Internship/Simulations_and_Analyses/South_z40_50h/source1b/exposure_cube.fits
2019-07-22T13:26:34:  Livetime ..................: 141120 sec
2019-07-22T13:26:34: === GEnergies ===
2019-07-22T13:26:34:  Number of energies ........: 33
2019-07-22T13:26:34: === GGti ===
2019-07-22T13:26:34:  Number of intervals .......: 1
2019-07-22T13:26:34:  Ontime ....................: 144000 sec
2019-07-22T13:26:34:  Elapsed time ..............: 144000 sec
2019-07-22T13:26:34:  MJD range .................: 51544.5 - 51546.1666666667 s (TT)
2019-07-22T13:26:34:  UTC range .................: 2000-01-01T11:58:56 - 2000-01-03T03:58:56 s (TT)
2019-07-22T13:26:34:  Reference MJD .............: 51544.5
2019-07-22T13:26:34: === GSkyMap ===
2019-07-22T13:26:34:  Number of pixels ..........: 6400
2019-07-22T13:26:34:  X axis dimension ..........: 80
2019-07-22T13:26:34:  Y axis dimension ..........: 80
2019-07-22T13:26:34:  Number of maps ............: 33
2019-07-22T13:26:34:  Shape of maps .............: (33)
2019-07-22T13:26:34: === GCTACubePsf ===
2019-07-22T13:26:34:  Filename ..................: /cta/carli/CPPM_Internship/Simulations_and_Analyses/South_z40_50h/source1b/PSF_cube.fits
2019-07-22T13:26:34: === GEnergies ===
2019-07-22T13:26:34:  Number of energies ........: 33
2019-07-22T13:26:34:  Number of delta bins ......: 200
2019-07-22T13:26:34:  Delta range ...............: 1.875e-06 - 0.298501875 deg
2019-07-22T13:26:34: === GSkyMap ===
2019-07-22T13:26:34:  Number of pixels ..........: 1
2019-07-22T13:26:34:  X axis dimension ..........: 1
2019-07-22T13:26:34:  Y axis dimension ..........: 1
2019-07-22T13:26:34:  Number of maps ............: 6600
2019-07-22T13:26:34:  Shape of maps .............: (200, 33)
2019-07-22T13:26:34: === GCTACubeEdisp ===
2019-07-22T13:26:34:  Filename ..................: /cta/carli/CPPM_Internship/Simulations_and_Analyses/South_z40_50h/source1b/edisp_cube.fits
2019-07-22T13:26:34: === GEnergies ===
2019-07-22T13:26:34:  Number of energies ........: 33
2019-07-22T13:26:34:  Number of migra bins ......: 100
2019-07-22T13:26:34:  Migra range ...............: 0.02 - 2
2019-07-22T13:26:34: === GSkyMap ===
2019-07-22T13:26:34:  Number of pixels ..........: 1
2019-07-22T13:26:34:  X axis dimension ..........: 1
2019-07-22T13:26:34:  Y axis dimension ..........: 1
2019-07-22T13:26:34:  Number of maps ............: 3300
2019-07-22T13:26:34:  Shape of maps .............: (100, 33)
2019-07-22T13:26:34: === GCTACubeBackground ===
2019-07-22T13:26:34:  Filename ..................: /cta/carli/CPPM_Internship/Simulations_and_Analyses/South_z40_50h/source1b/background_cube.fits
2019-07-22T13:26:34: === GEbounds ===
2019-07-22T13:26:34:  Number of intervals .......: 32
2019-07-22T13:26:34:  Energy range ..............: 100 GeV - 199.526229858398 TeV
2019-07-22T13:26:34: === GSkyMap ===
2019-07-22T13:26:34:  Number of pixels ..........: 6400
2019-07-22T13:26:34:  X axis dimension ..........: 80
2019-07-22T13:26:34:  Y axis dimension ..........: 80
2019-07-22T13:26:34:  Number of maps ............: 32
2019-07-22T13:26:34:  Shape of maps .............: (32)
2019-07-22T13:26:34: === GCTAResponseCache ===
2019-07-22T13:26:34:  Number of cached values ...: 0
2019-07-22T13:26:34: === GCTAEventCube ===
2019-07-22T13:26:34:  Number of events ..........: 314578
2019-07-22T13:26:34:  Number of elements ........: 204800
2019-07-22T13:26:34:  Number of pixels ..........: 6400
2019-07-22T13:26:34:  Number of energy bins .....: 32
2019-07-22T13:26:34:  Time interval .............: 51544.5 - 51546.1666666667 days
2019-07-22T13:26:34:  Pointing ..................: (RA,Dec)=(84.1331,22.0145)
2019-07-22T13:26:34: === GEbounds ===
2019-07-22T13:26:34:  Number of intervals .......: 32
2019-07-22T13:26:34:  Energy range ..............: 100 GeV - 199.526229858398 TeV
2019-07-22T13:26:34: === GSkyMap ===
2019-07-22T13:26:34:  Number of pixels ..........: 6400
2019-07-22T13:26:34:  X axis dimension ..........: 80
2019-07-22T13:26:34:  Y axis dimension ..........: 80
2019-07-22T13:26:34:  Number of maps ............: 32
2019-07-22T13:26:34:  Shape of maps .............: (32)
2019-07-22T13:26:34: === GSkyRegions ===
2019-07-22T13:26:34:  Number of regions .........: 0
2019-07-22T13:26:34: === GModels ===
2019-07-22T13:26:34:  Number of models ..........: 2
2019-07-22T13:26:34:  Number of parameters ......: 11
2019-07-22T13:26:34: === GModelSky ===
2019-07-22T13:26:34:  Name ......................: source1b
2019-07-22T13:26:34:  Instruments ...............: all
2019-07-22T13:26:34:  Test Statistic ............: 37733.016
2019-07-22T13:26:34:  Observation identifiers ...: all
2019-07-22T13:26:34:  Model type ................: PointSource
2019-07-22T13:26:34:  Model components ..........: "PointSource" * "ExponentialCutoffPowerLaw" * "Constant"
2019-07-22T13:26:34:  Number of parameters ......: 7
2019-07-22T13:26:34:  Number of spatial par's ...: 2
2019-07-22T13:26:34:   RA .......................: 83.6331 [-360,360] deg (fixed,scale=1)
2019-07-22T13:26:34:   DEC ......................: 22.0145 [-90,90] deg (fixed,scale=1)
2019-07-22T13:26:34:  Number of spectral par's ..: 4
2019-07-22T13:26:34:   Prefactor ................: 1.48898997671414e-18 +/- 1.84287294152292e-20 [1e-25,1e-15] ph/cm2/s/MeV (free,scale=1e-18,gradient)
2019-07-22T13:26:34:   Index ....................: -2.0176754153228 +/- 0.011263600635603 [-0,-5]  (free,scale=-1,gradient)
2019-07-22T13:26:34:   CutoffEnergy .............: 78694275.547361 +/- 11444934.2445098 [100000,10000000000] MeV (free,scale=10000000,gradient)
2019-07-22T13:26:34:   PivotEnergy ..............: 1000000 [10000,1000000000] MeV (fixed,scale=1000000,gradient)
2019-07-22T13:26:34:  Number of temporal par's ..: 1
2019-07-22T13:26:34:   Normalization ............: 1 (relative value) (fixed,scale=1,gradient)
2019-07-22T13:26:34:  Number of scale par's .....: 0
2019-07-22T13:26:34: === GCTAModelCubeBackground ===
2019-07-22T13:26:34:  Name ......................: BackgroundModel
2019-07-22T13:26:34:  Instruments ...............: CTA, HESS, MAGIC, VERITAS
2019-07-22T13:26:34:  Observation identifiers ...: all
2019-07-22T13:26:34:  Model type ................: "PowerLaw" * "Constant"
2019-07-22T13:26:34:  Number of parameters ......: 4
2019-07-22T13:26:34:  Number of spectral par's ..: 3
2019-07-22T13:26:34:   Prefactor ................: 0.993216361423465 +/- 0.00441479483292821 [0.01,100] ph/cm2/s/MeV (free,scale=1,gradient)
2019-07-22T13:26:34:   Index ....................: -0.00336280416773599 +/- 0.00257118223913128 [-5,5]  (free,scale=1,gradient)
2019-07-22T13:26:34:   PivotEnergy ..............: 1000000 MeV (fixed,scale=1000000,gradient)
2019-07-22T13:26:34:  Number of temporal par's ..: 1
2019-07-22T13:26:34:   Normalization ............: 1 (relative value) (fixed,scale=1,gradient)
2019-07-22T13:26:34: 
2019-07-22T13:26:34: +=========================+
2019-07-22T13:26:34: | Processing Observations |
2019-07-22T13:26:34: +=========================+
2019-07-22T13:26:34: Computing model cube
2019-07-22T13:26:40: Computing counts, model, and residual spectra
2019-07-22T13:26:40:  Computing model component .: source1b
2019-07-22T13:26:44:  Computing model component .: BackgroundModel
2019-07-22T13:26:45: Filling residual table
2019-07-22T13:26:45: 
2019-07-22T13:26:45: +================+
2019-07-22T13:26:45: | Save residuals |
2019-07-22T13:26:45: +================+
2019-07-22T13:26:45:  Residuals file ............: /cta/carli/CPPM_Internship/Simulations_and_Analyses/South_z40_50h/source1b/residuals_binned.fits
2019-07-22T13:26:45: 
2019-07-22T13:26:45: Application "csresspec" terminated after 12 wall clock seconds, consuming 13.68 seconds of CPU time.
