2019-07-22T13:22:51: ********************************************************************************
2019-07-22T13:22:51: *                                    ctlike                                    *
2019-07-22T13:22:51: * ---------------------------------------------------------------------------- *
2019-07-22T13:22:51: * Version: 1.6.0                                                               *
2019-07-22T13:22:51: ********************************************************************************
2019-07-22T13:22:51: +============+
2019-07-22T13:22:51: | Parameters |
2019-07-22T13:22:51: +============+
2019-07-22T13:22:51:  inobs .....................: /cta/carli/CPPM_Internship/Simulations_and_Analyses/South_z40_50h/source1b/obs_cube.fits
2019-07-22T13:22:51:  inmodel ...................: sourcemodel_cube.xml
2019-07-22T13:22:51:  expcube ...................: /cta/carli/CPPM_Internship/Simulations_and_Analyses/South_z40_50h/source1b/exposure_cube.fits
2019-07-22T13:22:51:  psfcube ...................: /cta/carli/CPPM_Internship/Simulations_and_Analyses/South_z40_50h/source1b/PSF_cube.fits
2019-07-22T13:22:51:  edispcube .................: /cta/carli/CPPM_Internship/Simulations_and_Analyses/South_z40_50h/source1b/edisp_cube.fits
2019-07-22T13:22:51:  bkgcube ...................: /cta/carli/CPPM_Internship/Simulations_and_Analyses/South_z40_50h/source1b/background_cube.fits
2019-07-22T13:22:51:  caldb .....................: prod3b-v2
2019-07-22T13:22:51:  irf .......................: South_z40_50h
2019-07-22T13:22:51:  edisp .....................: yes
2019-07-22T13:22:51:  outmodel ..................: /cta/carli/CPPM_Internship/Simulations_and_Analyses/South_z40_50h/source1b/obsmodel_binned.xml
2019-07-22T13:22:51:  outcovmat .................: NONE
2019-07-22T13:22:51:  statistic .................: DEFAULT
2019-07-22T13:22:51:  refit .....................: no
2019-07-22T13:22:51:  like_accuracy .............: 0.005
2019-07-22T13:22:51:  max_iter ..................: 50
2019-07-22T13:22:51:  fix_spat_for_ts ...........: no
2019-07-22T13:22:51:  nthreads ..................: 0
2019-07-22T13:22:51:  chatter ...................: 4
2019-07-22T13:22:51:  clobber ...................: yes
2019-07-22T13:22:51:  debug .....................: no
2019-07-22T13:22:51:  mode ......................: ql
2019-07-22T13:22:51:  logfile ...................: ctlike.log
2019-07-22T13:22:51: 
2019-07-22T13:22:51: +===================+
2019-07-22T13:22:51: | Input observation |
2019-07-22T13:22:51: +===================+
2019-07-22T13:22:51: === GObservations ===
2019-07-22T13:22:51:  Number of observations ....: 1
2019-07-22T13:22:51:  Number of models ..........: 2
2019-07-22T13:22:51:  Number of observed events .: 314578
2019-07-22T13:22:51:  Number of predicted events : 0
2019-07-22T13:22:51: === GCTAObservation ===
2019-07-22T13:22:51:  Name ......................: 
2019-07-22T13:22:51:  Identifier ................: 000001
2019-07-22T13:22:51:  Instrument ................: CTA
2019-07-22T13:22:51:  Event file ................: /cta/carli/CPPM_Internship/Simulations_and_Analyses/South_z40_50h/source1b/obs_cube.fits
2019-07-22T13:22:51:  Event type ................: CountsCube
2019-07-22T13:22:51:  Statistic .................: cstat
2019-07-22T13:22:51:  Ontime ....................: 144000 s
2019-07-22T13:22:51:  Livetime ..................: 141120 s
2019-07-22T13:22:51:  Deadtime correction .......: 0.98
2019-07-22T13:22:51:  User energy range .........: undefined
2019-07-22T13:22:51: === GCTAPointing ===
2019-07-22T13:22:51:  Pointing direction ........: (RA,Dec)=(84.1331,22.0145)
2019-07-22T13:22:51: === GCTAResponseCube ===
2019-07-22T13:22:51:  Energy dispersion .........: Used
2019-07-22T13:22:51: === GCTACubeExposure ===
2019-07-22T13:22:51:  Filename ..................: /cta/carli/CPPM_Internship/Simulations_and_Analyses/South_z40_50h/source1b/exposure_cube.fits
2019-07-22T13:22:51:  Livetime ..................: 141120 sec
2019-07-22T13:22:51: === GEnergies ===
2019-07-22T13:22:51:  Number of energies ........: 33
2019-07-22T13:22:51: === GGti ===
2019-07-22T13:22:51:  Number of intervals .......: 1
2019-07-22T13:22:51:  Ontime ....................: 144000 sec
2019-07-22T13:22:51:  Elapsed time ..............: 144000 sec
2019-07-22T13:22:51:  MJD range .................: 51544.5 - 51546.1666666667 s (TT)
2019-07-22T13:22:51:  UTC range .................: 2000-01-01T11:58:56 - 2000-01-03T03:58:56 s (TT)
2019-07-22T13:22:51:  Reference MJD .............: 51544.5
2019-07-22T13:22:51: === GSkyMap ===
2019-07-22T13:22:51:  Number of pixels ..........: 6400
2019-07-22T13:22:51:  X axis dimension ..........: 80
2019-07-22T13:22:51:  Y axis dimension ..........: 80
2019-07-22T13:22:51:  Number of maps ............: 33
2019-07-22T13:22:51:  Shape of maps .............: (33)
2019-07-22T13:22:51: === GCTACubePsf ===
2019-07-22T13:22:51:  Filename ..................: /cta/carli/CPPM_Internship/Simulations_and_Analyses/South_z40_50h/source1b/PSF_cube.fits
2019-07-22T13:22:51: === GEnergies ===
2019-07-22T13:22:51:  Number of energies ........: 33
2019-07-22T13:22:51:  Number of delta bins ......: 200
2019-07-22T13:22:51:  Delta range ...............: 1.875e-06 - 0.298501875 deg
2019-07-22T13:22:51: === GSkyMap ===
2019-07-22T13:22:51:  Number of pixels ..........: 1
2019-07-22T13:22:51:  X axis dimension ..........: 1
2019-07-22T13:22:51:  Y axis dimension ..........: 1
2019-07-22T13:22:51:  Number of maps ............: 6600
2019-07-22T13:22:51:  Shape of maps .............: (200, 33)
2019-07-22T13:22:51: === GCTACubeEdisp ===
2019-07-22T13:22:51:  Filename ..................: /cta/carli/CPPM_Internship/Simulations_and_Analyses/South_z40_50h/source1b/edisp_cube.fits
2019-07-22T13:22:51: === GEnergies ===
2019-07-22T13:22:51:  Number of energies ........: 33
2019-07-22T13:22:51:  Number of migra bins ......: 100
2019-07-22T13:22:51:  Migra range ...............: 0.02 - 2
2019-07-22T13:22:51: === GSkyMap ===
2019-07-22T13:22:51:  Number of pixels ..........: 1
2019-07-22T13:22:51:  X axis dimension ..........: 1
2019-07-22T13:22:51:  Y axis dimension ..........: 1
2019-07-22T13:22:51:  Number of maps ............: 3300
2019-07-22T13:22:51:  Shape of maps .............: (100, 33)
2019-07-22T13:22:51: === GCTACubeBackground ===
2019-07-22T13:22:51:  Filename ..................: /cta/carli/CPPM_Internship/Simulations_and_Analyses/South_z40_50h/source1b/background_cube.fits
2019-07-22T13:22:51: === GEbounds ===
2019-07-22T13:22:51:  Number of intervals .......: 32
2019-07-22T13:22:51:  Energy range ..............: 100 GeV - 199.526229858398 TeV
2019-07-22T13:22:51: === GSkyMap ===
2019-07-22T13:22:51:  Number of pixels ..........: 6400
2019-07-22T13:22:51:  X axis dimension ..........: 80
2019-07-22T13:22:51:  Y axis dimension ..........: 80
2019-07-22T13:22:51:  Number of maps ............: 32
2019-07-22T13:22:51:  Shape of maps .............: (32)
2019-07-22T13:22:51: === GCTAResponseCache ===
2019-07-22T13:22:51:  Number of cached values ...: 0
2019-07-22T13:22:51: === GCTAEventCube ===
2019-07-22T13:22:51:  Number of events ..........: 314578
2019-07-22T13:22:51:  Number of elements ........: 204800
2019-07-22T13:22:51:  Number of pixels ..........: 6400
2019-07-22T13:22:51:  Number of energy bins .....: 32
2019-07-22T13:22:51:  Time interval .............: 51544.5 - 51546.1666666667 days
2019-07-22T13:22:51:  Pointing ..................: (RA,Dec)=(84.1331,22.0145)
2019-07-22T13:22:51: === GEbounds ===
2019-07-22T13:22:51:  Number of intervals .......: 32
2019-07-22T13:22:51:  Energy range ..............: 100 GeV - 199.526229858398 TeV
2019-07-22T13:22:51: === GSkyMap ===
2019-07-22T13:22:51:  Number of pixels ..........: 6400
2019-07-22T13:22:51:  X axis dimension ..........: 80
2019-07-22T13:22:51:  Y axis dimension ..........: 80
2019-07-22T13:22:51:  Number of maps ............: 32
2019-07-22T13:22:51:  Shape of maps .............: (32)
2019-07-22T13:22:51: === GSkyRegions ===
2019-07-22T13:22:51:  Number of regions .........: 0
2019-07-22T13:22:51: === GModels ===
2019-07-22T13:22:51:  Number of models ..........: 2
2019-07-22T13:22:51:  Number of parameters ......: 11
2019-07-22T13:22:51: === GModelSky ===
2019-07-22T13:22:51:  Name ......................: source1b
2019-07-22T13:22:51:  Instruments ...............: all
2019-07-22T13:22:51:  Test Statistic ............: Computation requested
2019-07-22T13:22:51:  Observation identifiers ...: all
2019-07-22T13:22:51:  Model type ................: PointSource
2019-07-22T13:22:51:  Model components ..........: "PointSource" * "ExponentialCutoffPowerLaw" * "Constant"
2019-07-22T13:22:51:  Number of parameters ......: 7
2019-07-22T13:22:51:  Number of spatial par's ...: 2
2019-07-22T13:22:51:   RA .......................: 83.6331 [-360,360] deg (fixed,scale=1)
2019-07-22T13:22:51:   DEC ......................: 22.0145 [-90,90] deg (fixed,scale=1)
2019-07-22T13:22:51:  Number of spectral par's ..: 4
2019-07-22T13:22:51:   Prefactor ................: 1.52e-18 +/- 0 [1e-25,1e-15] ph/cm2/s/MeV (free,scale=1e-18,gradient)
2019-07-22T13:22:51:   Index ....................: -2 +/- 0 [-0,-5]  (free,scale=-1,gradient)
2019-07-22T13:22:51:   CutoffEnergy .............: 50000000 +/- 0 [100000,10000000000] MeV (free,scale=10000000,gradient)
2019-07-22T13:22:51:   PivotEnergy ..............: 1000000 [10000,1000000000] MeV (fixed,scale=1000000,gradient)
2019-07-22T13:22:51:  Number of temporal par's ..: 1
2019-07-22T13:22:51:   Normalization ............: 1 (relative value) (fixed,scale=1,gradient)
2019-07-22T13:22:51:  Number of scale par's .....: 0
2019-07-22T13:22:51: === GCTAModelCubeBackground ===
2019-07-22T13:22:51:  Name ......................: BackgroundModel
2019-07-22T13:22:51:  Instruments ...............: CTA, HESS, MAGIC, VERITAS
2019-07-22T13:22:51:  Observation identifiers ...: all
2019-07-22T13:22:51:  Model type ................: "PowerLaw" * "Constant"
2019-07-22T13:22:51:  Number of parameters ......: 4
2019-07-22T13:22:51:  Number of spectral par's ..: 3
2019-07-22T13:22:51:   Prefactor ................: 1 +/- 0 [0.01,100] ph/cm2/s/MeV (free,scale=1,gradient)
2019-07-22T13:22:51:   Index ....................: 0 +/- 0 [-5,5]  (free,scale=1,gradient)
2019-07-22T13:22:51:   PivotEnergy ..............: 1000000 MeV (fixed,scale=1000000,gradient)
2019-07-22T13:22:51:  Number of temporal par's ..: 1
2019-07-22T13:22:51:   Normalization ............: 1 (relative value) (fixed,scale=1,gradient)
2019-07-22T13:22:51: 
2019-07-22T13:22:51: +=================================+
2019-07-22T13:22:51: | Maximum likelihood optimisation |
2019-07-22T13:22:51: +=================================+
2019-07-22T13:23:23:  >Iteration   0: -logL=-319065.134, Lambda=1.0e-03
2019-07-22T13:23:53:  >Iteration   1: -logL=-319071.617, Lambda=1.0e-03, delta=6.483, step=1.0e+00, max(|grad|)=93.377603 [Index:3]
2019-07-22T13:24:22:  >Iteration   2: -logL=-319072.960, Lambda=1.0e-04, delta=1.343, step=1.0e+00, max(|grad|)=26.341517 [Index:3]
2019-07-22T13:24:52:  >Iteration   3: -logL=-319073.088, Lambda=1.0e-05, delta=0.128, step=1.0e+00, max(|grad|)=3.496402 [Index:3]
2019-07-22T13:25:21:  >Iteration   4: -logL=-319073.093, Lambda=1.0e-06, delta=0.004, step=1.0e+00, max(|grad|)=0.212534 [Index:3]
2019-07-22T13:25:21:  
2019-07-22T13:25:21:  +==================+
2019-07-22T13:25:21:  | Curvature matrix |
2019-07-22T13:25:21:  +==================+
2019-07-22T13:25:21:  === GMatrixSparse ===
2019-07-22T13:25:21:   Number of rows ............: 11
2019-07-22T13:25:21:   Number of columns .........: 11
2019-07-22T13:25:21:   Number of nonzero elements : 25
2019-07-22T13:25:21:   Number of allocated cells .: 537
2019-07-22T13:25:21:   Memory block size .........: 512
2019-07-22T13:25:21:   Sparse matrix fill ........: 0.206611570247934
2019-07-22T13:25:21:   Pending element ...........: 0
2019-07-22T13:25:21:   Fill stack size ...........: 0 (none)
2019-07-22T13:25:21:   0, 0, 0, 0, 0, 0, 0, 0, 0, 0, 0
2019-07-22T13:25:21:   0, 0, 0, 0, 0, 0, 0, 0, 0, 0, 0
2019-07-22T13:25:21:   0, 0, 3545.21015843473, -1280.26386581689, 29.4879255211578, 0, 0, 1990.02970734994, -2834.46605985731, 0, 0
2019-07-22T13:25:21:   0, 0, -1280.26386581689, 14346.7708256219, -99.7867403969751, 0, 0, 4287.16051024776, -7746.98186715513, 0, 0
2019-07-22T13:25:21:   0, 0, 29.4879255211578, -99.7867403969751, 1.58218260074069, 0, 0, 1.89193682565257, 0.00749908888058143, 0, 0
2019-07-22T13:25:21:   0, 0, 0, 0, 0, 0, 0, 0, 0, 0, 0
2019-07-22T13:25:21:   0, 0, 0, 0, 0, 0, 0, 0, 0, 0, 0
2019-07-22T13:25:21:   0, 0, 1990.02970734994, 4287.16051024776, 1.89193682565257, 0, 0, 303159.983799889, -474219.674363206, 0, 0
2019-07-22T13:25:21:   0, 0, -2834.46605985732, -7746.98186715512, 0.00749908888058282, 0, 0, -474219.674363206, 893188.061960764, 0, 0
2019-07-22T13:25:21:   0, 0, 0, 0, 0, 0, 0, 0, 0, 0, 0
2019-07-22T13:25:21:   0, 0, 0, 0, 0, 0, 0, 0, 0, 0, 0
2019-07-22T13:25:50: 
2019-07-22T13:25:50: +====================================+
2019-07-22T13:25:50: | Maximum likelihood re-optimisation |
2019-07-22T13:25:50: +====================================+
2019-07-22T13:25:51:  >Iteration   0: -logL=-299362.890, Lambda=1.0e-03
2019-07-22T13:25:52:  >Iteration   1: -logL=-300164.304, Lambda=1.0e-03, delta=801.414, step=1.0e+00, max(|grad|)=-3383.860366 [Prefactor:0]
2019-07-22T13:25:52:  >Iteration   2: -logL=-300206.388, Lambda=1.0e-04, delta=42.084, step=1.0e+00, max(|grad|)=-172.417855 [Prefactor:0]
2019-07-22T13:25:53:  >Iteration   3: -logL=-300206.584, Lambda=1.0e-05, delta=0.196, step=1.0e+00, max(|grad|)=-11.880548 [Index:1]
2019-07-22T13:25:53:  >Iteration   4: -logL=-300206.585, Lambda=1.0e-06, delta=0.001, step=1.0e+00, max(|grad|)=-0.810703 [Index:1]
2019-07-22T13:25:53: 
2019-07-22T13:25:53: +============================================+
2019-07-22T13:25:53: | Maximum likelihood re-optimisation results |
2019-07-22T13:25:53: +============================================+
2019-07-22T13:25:53: === GOptimizerLM ===
2019-07-22T13:25:53:  Optimized function value ..: -300206.585
2019-07-22T13:25:53:  Absolute precision ........: 0.005
2019-07-22T13:25:53:  Acceptable value decrease .: 2
2019-07-22T13:25:53:  Optimization status .......: converged
2019-07-22T13:25:53:  Number of parameters ......: 4
2019-07-22T13:25:53:  Number of free parameters .: 2
2019-07-22T13:25:53:  Number of iterations ......: 4
2019-07-22T13:25:53:  Lambda ....................: 1e-07
2019-07-22T13:25:53: 
2019-07-22T13:25:53: +=========================================+
2019-07-22T13:25:53: | Maximum likelihood optimisation results |
2019-07-22T13:25:53: +=========================================+
2019-07-22T13:25:53: === GOptimizerLM ===
2019-07-22T13:25:53:  Optimized function value ..: -319073.093
2019-07-22T13:25:53:  Absolute precision ........: 0.005
2019-07-22T13:25:53:  Acceptable value decrease .: 2
2019-07-22T13:25:53:  Optimization status .......: converged
2019-07-22T13:25:53:  Number of parameters ......: 11
2019-07-22T13:25:53:  Number of free parameters .: 5
2019-07-22T13:25:53:  Number of iterations ......: 4
2019-07-22T13:25:53:  Lambda ....................: 1e-07
2019-07-22T13:25:53:  Maximum log likelihood ....: 319073.093
2019-07-22T13:25:53:  Observed events  (Nobs) ...: 314578.000
2019-07-22T13:25:53:  Predicted events (Npred) ..: 312806.946 (Nobs - Npred = 1771.05407197314)
2019-07-22T13:25:53: === GModels ===
2019-07-22T13:25:53:  Number of models ..........: 2
2019-07-22T13:25:53:  Number of parameters ......: 11
2019-07-22T13:25:53: === GModelSky ===
2019-07-22T13:25:53:  Name ......................: source1b
2019-07-22T13:25:53:  Instruments ...............: all
2019-07-22T13:25:53:  Test Statistic ............: 37733.0157377756
2019-07-22T13:25:53:  Observation identifiers ...: all
2019-07-22T13:25:53:  Model type ................: PointSource
2019-07-22T13:25:53:  Model components ..........: "PointSource" * "ExponentialCutoffPowerLaw" * "Constant"
2019-07-22T13:25:53:  Number of parameters ......: 7
2019-07-22T13:25:53:  Number of spatial par's ...: 2
2019-07-22T13:25:53:   RA .......................: 83.6331 [-360,360] deg (fixed,scale=1)
2019-07-22T13:25:53:   DEC ......................: 22.0145 [-90,90] deg (fixed,scale=1)
2019-07-22T13:25:53:  Number of spectral par's ..: 4
2019-07-22T13:25:53:   Prefactor ................: 1.48898997671414e-18 +/- 1.84287294152292e-20 [1e-25,1e-15] ph/cm2/s/MeV (free,scale=1e-18,gradient)
2019-07-22T13:25:53:   Index ....................: -2.0176754153228 +/- 0.011263600635603 [-0,-5]  (free,scale=-1,gradient)
2019-07-22T13:25:53:   CutoffEnergy .............: 78694275.547361 +/- 11444934.2445098 [100000,10000000000] MeV (free,scale=10000000,gradient)
2019-07-22T13:25:53:   PivotEnergy ..............: 1000000 [10000,1000000000] MeV (fixed,scale=1000000,gradient)
2019-07-22T13:25:53:  Number of temporal par's ..: 1
2019-07-22T13:25:53:   Normalization ............: 1 (relative value) (fixed,scale=1,gradient)
2019-07-22T13:25:53:  Number of scale par's .....: 0
2019-07-22T13:25:53: === GCTAModelCubeBackground ===
2019-07-22T13:25:53:  Name ......................: BackgroundModel
2019-07-22T13:25:53:  Instruments ...............: CTA, HESS, MAGIC, VERITAS
2019-07-22T13:25:53:  Observation identifiers ...: all
2019-07-22T13:25:53:  Model type ................: "PowerLaw" * "Constant"
2019-07-22T13:25:53:  Number of parameters ......: 4
2019-07-22T13:25:53:  Number of spectral par's ..: 3
2019-07-22T13:25:53:   Prefactor ................: 0.993216361423465 +/- 0.00441479483292821 [0.01,100] ph/cm2/s/MeV (free,scale=1,gradient)
2019-07-22T13:25:53:   Index ....................: -0.00336280416773599 +/- 0.00257118223913128 [-5,5]  (free,scale=1,gradient)
2019-07-22T13:25:53:   PivotEnergy ..............: 1000000 MeV (fixed,scale=1000000,gradient)
2019-07-22T13:25:53:  Number of temporal par's ..: 1
2019-07-22T13:25:53:   Normalization ............: 1 (relative value) (fixed,scale=1,gradient)
2019-07-22T13:25:53: 
2019-07-22T13:25:53: +==============+
2019-07-22T13:25:53: | Save results |
2019-07-22T13:25:53: +==============+
2019-07-22T13:25:53:  Model definition file .....: /cta/carli/CPPM_Internship/Simulations_and_Analyses/South_z40_50h/source1b/obsmodel_binned.xml
2019-07-22T13:25:53:  Covariance matrix file ....: NONE
2019-07-22T13:25:53: 
2019-07-22T13:25:53: Application "ctlike" terminated after 183 wall clock seconds, consuming 189.82 seconds of CPU time.
