2019-07-23T20:02:19: ********************************************************************************
2019-07-23T20:02:19: *                                    ctlike                                    *
2019-07-23T20:02:19: * ---------------------------------------------------------------------------- *
2019-07-23T20:02:19: * Version: 1.6.0                                                               *
2019-07-23T20:02:19: ********************************************************************************
2019-07-23T20:02:19: +============+
2019-07-23T20:02:19: | Parameters |
2019-07-23T20:02:19: +============+
2019-07-23T20:02:19:  inobs .....................: /cta/carli/CPPM_Internship/Simulations_and_Analyses/minus_step_EDisp_South_z40_50h/source3c/obs_cube.fits
2019-07-23T20:02:19:  inmodel ...................: sourcemodel_cube.xml
2019-07-23T20:02:19:  expcube ...................: /cta/carli/CPPM_Internship/Simulations_and_Analyses/minus_step_EDisp_South_z40_50h/source3c/exposure_cube.fits
2019-07-23T20:02:19:  psfcube ...................: /cta/carli/CPPM_Internship/Simulations_and_Analyses/minus_step_EDisp_South_z40_50h/source3c/PSF_cube.fits
2019-07-23T20:02:19:  edispcube .................: /cta/carli/CPPM_Internship/Simulations_and_Analyses/minus_step_EDisp_South_z40_50h/source3c/edisp_cube.fits
2019-07-23T20:02:19:  bkgcube ...................: /cta/carli/CPPM_Internship/Simulations_and_Analyses/minus_step_EDisp_South_z40_50h/source3c/background_cube.fits
2019-07-23T20:02:19:  caldb .....................: prod3b-v2
2019-07-23T20:02:19:  irf .......................: South_z40_50h
2019-07-23T20:02:19:  edisp .....................: yes
2019-07-23T20:02:19:  outmodel ..................: /cta/carli/CPPM_Internship/Simulations_and_Analyses/minus_step_EDisp_South_z40_50h/source3c/obsmodel_binned.xml
2019-07-23T20:02:19:  outcovmat .................: NONE
2019-07-23T20:02:19:  statistic .................: DEFAULT
2019-07-23T20:02:19:  refit .....................: no
2019-07-23T20:02:19:  like_accuracy .............: 0.005
2019-07-23T20:02:19:  max_iter ..................: 50
2019-07-23T20:02:19:  fix_spat_for_ts ...........: no
2019-07-23T20:02:19:  nthreads ..................: 0
2019-07-23T20:02:19:  chatter ...................: 4
2019-07-23T20:02:19:  clobber ...................: yes
2019-07-23T20:02:19:  debug .....................: no
2019-07-23T20:02:19:  mode ......................: ql
2019-07-23T20:02:19:  logfile ...................: ctlike.log
2019-07-23T20:02:19: 
2019-07-23T20:02:19: +===================+
2019-07-23T20:02:19: | Input observation |
2019-07-23T20:02:19: +===================+
2019-07-23T20:02:19: === GObservations ===
2019-07-23T20:02:19:  Number of observations ....: 1
2019-07-23T20:02:19:  Number of models ..........: 2
2019-07-23T20:02:19:  Number of observed events .: 317023
2019-07-23T20:02:19:  Number of predicted events : 0
2019-07-23T20:02:19: === GCTAObservation ===
2019-07-23T20:02:19:  Name ......................: 
2019-07-23T20:02:19:  Identifier ................: 000001
2019-07-23T20:02:19:  Instrument ................: CTA
2019-07-23T20:02:19:  Event file ................: /cta/carli/CPPM_Internship/Simulations_and_Analyses/minus_step_EDisp_South_z40_50h/source3c/obs_cube.fits
2019-07-23T20:02:19:  Event type ................: CountsCube
2019-07-23T20:02:19:  Statistic .................: cstat
2019-07-23T20:02:19:  Ontime ....................: 144000 s
2019-07-23T20:02:19:  Livetime ..................: 141120 s
2019-07-23T20:02:19:  Deadtime correction .......: 0.98
2019-07-23T20:02:19:  User energy range .........: undefined
2019-07-23T20:02:19: === GCTAPointing ===
2019-07-23T20:02:19:  Pointing direction ........: (RA,Dec)=(84.1331,22.0145)
2019-07-23T20:02:19: === GCTAResponseCube ===
2019-07-23T20:02:19:  Energy dispersion .........: Used
2019-07-23T20:02:19: === GCTACubeExposure ===
2019-07-23T20:02:19:  Filename ..................: /cta/carli/CPPM_Internship/Simulations_and_Analyses/minus_step_EDisp_South_z40_50h/source3c/exposure_cube.fits
2019-07-23T20:02:19:  Livetime ..................: 141120 sec
2019-07-23T20:02:19: === GEnergies ===
2019-07-23T20:02:19:  Number of energies ........: 33
2019-07-23T20:02:19: === GGti ===
2019-07-23T20:02:19:  Number of intervals .......: 1
2019-07-23T20:02:19:  Ontime ....................: 144000 sec
2019-07-23T20:02:19:  Elapsed time ..............: 144000 sec
2019-07-23T20:02:19:  MJD range .................: 51544.5 - 51546.1666666667 s (TT)
2019-07-23T20:02:19:  UTC range .................: 2000-01-01T11:58:56 - 2000-01-03T03:58:56 s (TT)
2019-07-23T20:02:19:  Reference MJD .............: 51544.5
2019-07-23T20:02:19: === GSkyMap ===
2019-07-23T20:02:19:  Number of pixels ..........: 6400
2019-07-23T20:02:19:  X axis dimension ..........: 80
2019-07-23T20:02:19:  Y axis dimension ..........: 80
2019-07-23T20:02:19:  Number of maps ............: 33
2019-07-23T20:02:19:  Shape of maps .............: (33)
2019-07-23T20:02:19: === GCTACubePsf ===
2019-07-23T20:02:19:  Filename ..................: /cta/carli/CPPM_Internship/Simulations_and_Analyses/minus_step_EDisp_South_z40_50h/source3c/PSF_cube.fits
2019-07-23T20:02:19: === GEnergies ===
2019-07-23T20:02:19:  Number of energies ........: 33
2019-07-23T20:02:19:  Number of delta bins ......: 200
2019-07-23T20:02:19:  Delta range ...............: 1.875e-06 - 0.298501875 deg
2019-07-23T20:02:19: === GSkyMap ===
2019-07-23T20:02:19:  Number of pixels ..........: 1
2019-07-23T20:02:19:  X axis dimension ..........: 1
2019-07-23T20:02:19:  Y axis dimension ..........: 1
2019-07-23T20:02:19:  Number of maps ............: 6600
2019-07-23T20:02:19:  Shape of maps .............: (200, 33)
2019-07-23T20:02:19: === GCTACubeEdisp ===
2019-07-23T20:02:19:  Filename ..................: /cta/carli/CPPM_Internship/Simulations_and_Analyses/minus_step_EDisp_South_z40_50h/source3c/edisp_cube.fits
2019-07-23T20:02:19: === GEnergies ===
2019-07-23T20:02:19:  Number of energies ........: 33
2019-07-23T20:02:19:  Number of migra bins ......: 100
2019-07-23T20:02:19:  Migra range ...............: 0.02 - 2
2019-07-23T20:02:19: === GSkyMap ===
2019-07-23T20:02:19:  Number of pixels ..........: 1
2019-07-23T20:02:19:  X axis dimension ..........: 1
2019-07-23T20:02:19:  Y axis dimension ..........: 1
2019-07-23T20:02:19:  Number of maps ............: 3300
2019-07-23T20:02:19:  Shape of maps .............: (100, 33)
2019-07-23T20:02:19: === GCTACubeBackground ===
2019-07-23T20:02:19:  Filename ..................: /cta/carli/CPPM_Internship/Simulations_and_Analyses/minus_step_EDisp_South_z40_50h/source3c/background_cube.fits
2019-07-23T20:02:19: === GEbounds ===
2019-07-23T20:02:19:  Number of intervals .......: 32
2019-07-23T20:02:19:  Energy range ..............: 100 GeV - 199.526229858398 TeV
2019-07-23T20:02:19: === GSkyMap ===
2019-07-23T20:02:19:  Number of pixels ..........: 6400
2019-07-23T20:02:19:  X axis dimension ..........: 80
2019-07-23T20:02:19:  Y axis dimension ..........: 80
2019-07-23T20:02:19:  Number of maps ............: 32
2019-07-23T20:02:19:  Shape of maps .............: (32)
2019-07-23T20:02:19: === GCTAResponseCache ===
2019-07-23T20:02:19:  Number of cached values ...: 0
2019-07-23T20:02:19: === GCTAEventCube ===
2019-07-23T20:02:19:  Number of events ..........: 317023
2019-07-23T20:02:19:  Number of elements ........: 204800
2019-07-23T20:02:19:  Number of pixels ..........: 6400
2019-07-23T20:02:19:  Number of energy bins .....: 32
2019-07-23T20:02:19:  Time interval .............: 51544.5 - 51546.1666666667 days
2019-07-23T20:02:19:  Pointing ..................: (RA,Dec)=(84.1331,22.0145)
2019-07-23T20:02:19: === GEbounds ===
2019-07-23T20:02:19:  Number of intervals .......: 32
2019-07-23T20:02:19:  Energy range ..............: 100 GeV - 199.526229858398 TeV
2019-07-23T20:02:19: === GSkyMap ===
2019-07-23T20:02:19:  Number of pixels ..........: 6400
2019-07-23T20:02:19:  X axis dimension ..........: 80
2019-07-23T20:02:19:  Y axis dimension ..........: 80
2019-07-23T20:02:19:  Number of maps ............: 32
2019-07-23T20:02:19:  Shape of maps .............: (32)
2019-07-23T20:02:19: === GSkyRegions ===
2019-07-23T20:02:19:  Number of regions .........: 0
2019-07-23T20:02:19: === GModels ===
2019-07-23T20:02:19:  Number of models ..........: 2
2019-07-23T20:02:19:  Number of parameters ......: 11
2019-07-23T20:02:19: === GModelSky ===
2019-07-23T20:02:19:  Name ......................: source3c
2019-07-23T20:02:19:  Instruments ...............: all
2019-07-23T20:02:19:  Test Statistic ............: Computation requested
2019-07-23T20:02:19:  Observation identifiers ...: all
2019-07-23T20:02:19:  Model type ................: PointSource
2019-07-23T20:02:19:  Model components ..........: "PointSource" * "ExponentialCutoffPowerLaw" * "Constant"
2019-07-23T20:02:19:  Number of parameters ......: 7
2019-07-23T20:02:19:  Number of spatial par's ...: 2
2019-07-23T20:02:19:   RA .......................: 83.6331 [-360,360] deg (fixed,scale=1)
2019-07-23T20:02:19:   DEC ......................: 22.0145 [-90,90] deg (fixed,scale=1)
2019-07-23T20:02:19:  Number of spectral par's ..: 4
2019-07-23T20:02:19:   Prefactor ................: 2.28e-18 +/- 0 [1e-25,1e-15] ph/cm2/s/MeV (free,scale=1e-18,gradient)
2019-07-23T20:02:19:   Index ....................: -2 +/- 0 [-0,-5]  (free,scale=-1,gradient)
2019-07-23T20:02:19:   CutoffEnergy .............: 200000000 +/- 0 [1000000,100000000000] MeV (free,scale=100000000,gradient)
2019-07-23T20:02:19:   PivotEnergy ..............: 1000000 [10000,1000000000] MeV (fixed,scale=1000000,gradient)
2019-07-23T20:02:19:  Number of temporal par's ..: 1
2019-07-23T20:02:19:   Normalization ............: 1 (relative value) (fixed,scale=1,gradient)
2019-07-23T20:02:19:  Number of scale par's .....: 0
2019-07-23T20:02:19: === GCTAModelCubeBackground ===
2019-07-23T20:02:19:  Name ......................: BackgroundModel
2019-07-23T20:02:19:  Instruments ...............: CTA, HESS, MAGIC, VERITAS
2019-07-23T20:02:19:  Observation identifiers ...: all
2019-07-23T20:02:19:  Model type ................: "PowerLaw" * "Constant"
2019-07-23T20:02:19:  Number of parameters ......: 4
2019-07-23T20:02:19:  Number of spectral par's ..: 3
2019-07-23T20:02:19:   Prefactor ................: 1 +/- 0 [0.01,100] ph/cm2/s/MeV (free,scale=1,gradient)
2019-07-23T20:02:19:   Index ....................: 0 +/- 0 [-5,5]  (free,scale=1,gradient)
2019-07-23T20:02:19:   PivotEnergy ..............: 1000000 MeV (fixed,scale=1000000,gradient)
2019-07-23T20:02:19:  Number of temporal par's ..: 1
2019-07-23T20:02:19:   Normalization ............: 1 (relative value) (fixed,scale=1,gradient)
2019-07-23T20:02:19: 
2019-07-23T20:02:19: +=================================+
2019-07-23T20:02:19: | Maximum likelihood optimisation |
2019-07-23T20:02:19: +=================================+
2019-07-23T20:02:50:  >Iteration   0: -logL=-321773.393, Lambda=1.0e-03
2019-07-23T20:03:19:  >Iteration   1: -logL=-321844.173, Lambda=1.0e-03, delta=70.780, step=1.0e+00, max(|grad|)=249.562971 [Index:8]
2019-07-23T20:03:49:  >Iteration   2: -logL=-321844.218, Lambda=1.0e-04, delta=0.046, step=1.0e+00, max(|grad|)=0.237623 [Index:8]
2019-07-23T20:04:18:  >Iteration   3: -logL=-321844.218, Lambda=1.0e-05, delta=0.000, step=1.0e+00, max(|grad|)=-0.000730 [Index:8]
2019-07-23T20:04:18:  
2019-07-23T20:04:18:  +==================+
2019-07-23T20:04:18:  | Curvature matrix |
2019-07-23T20:04:18:  +==================+
2019-07-23T20:04:18:  === GMatrixSparse ===
2019-07-23T20:04:18:   Number of rows ............: 11
2019-07-23T20:04:18:   Number of columns .........: 11
2019-07-23T20:04:18:   Number of nonzero elements : 25
2019-07-23T20:04:18:   Number of allocated cells .: 537
2019-07-23T20:04:18:   Memory block size .........: 512
2019-07-23T20:04:18:   Sparse matrix fill ........: 0.206611570247934
2019-07-23T20:04:18:   Pending element ...........: 0
2019-07-23T20:04:18:   Fill stack size ...........: 0 (none)
2019-07-23T20:04:18:   0, 0, 0, 0, 0, 0, 0, 0, 0, 0, 0
2019-07-23T20:04:18:   0, 0, 0, 0, 0, 0, 0, 0, 0, 0, 0
2019-07-23T20:04:18:   0, 0, 2544.6523444745, -1598.4268410558, 65.2415287297092, 0, 0, 1596.73964086003, -2399.11496713135, 0, 0
2019-07-23T20:04:18:   0, 0, -1598.4268410558, 26420.8685172506, -379.024833866615, 0, 0, 5334.7312829122, -10051.2622810099, 0, 0
2019-07-23T20:04:18:   0, 0, 65.2415287297092, -379.024833866615, 12.6656788149568, 0, 0, 4.06391667597724, 1.1024151446312, 0, 0
2019-07-23T20:04:18:   0, 0, 0, 0, 0, 0, 0, 0, 0, 0, 0
2019-07-23T20:04:18:   0, 0, 0, 0, 0, 0, 0, 0, 0, 0, 0
2019-07-23T20:04:18:   0, 0, 1596.73964086002, 5334.73128291219, 4.06391667597724, 0, 0, 280618.723600534, -448954.619780677, 0, 0
2019-07-23T20:04:18:   0, 0, -2399.11496713135, -10051.26228101, 1.1024151446312, 0, 0, -448954.619780678, 871349.714152121, 0, 0
2019-07-23T20:04:18:   0, 0, 0, 0, 0, 0, 0, 0, 0, 0, 0
2019-07-23T20:04:18:   0, 0, 0, 0, 0, 0, 0, 0, 0, 0, 0
2019-07-23T20:04:47: 
2019-07-23T20:04:47: +====================================+
2019-07-23T20:04:47: | Maximum likelihood re-optimisation |
2019-07-23T20:04:47: +====================================+
2019-07-23T20:04:48:  >Iteration   0: -logL=-285415.460, Lambda=1.0e-03
2019-07-23T20:04:48:  >Iteration   1: -logL=-287326.803, Lambda=1.0e-03, delta=1911.342, step=1.0e+00, max(|grad|)=-6242.394071 [Prefactor:0]
2019-07-23T20:04:49:  >Iteration   2: -logL=-287505.365, Lambda=1.0e-04, delta=178.562, step=1.0e+00, max(|grad|)=-583.560493 [Prefactor:0]
2019-07-23T20:04:49:  >Iteration   3: -logL=-287507.496, Lambda=1.0e-05, delta=2.131, step=1.0e+00, max(|grad|)=-39.514898 [Index:1]
2019-07-23T20:04:50:  >Iteration   4: -logL=-287507.504, Lambda=1.0e-06, delta=0.007, step=1.0e+00, max(|grad|)=-3.844622 [Index:1]
2019-07-23T20:04:51:  >Iteration   5: -logL=-287507.504, Lambda=1.0e-07, delta=0.000, step=1.0e+00, max(|grad|)=-0.277039 [Index:1]
2019-07-23T20:04:51: 
2019-07-23T20:04:51: +============================================+
2019-07-23T20:04:51: | Maximum likelihood re-optimisation results |
2019-07-23T20:04:51: +============================================+
2019-07-23T20:04:51: === GOptimizerLM ===
2019-07-23T20:04:51:  Optimized function value ..: -287507.504
2019-07-23T20:04:51:  Absolute precision ........: 0.005
2019-07-23T20:04:51:  Acceptable value decrease .: 2
2019-07-23T20:04:51:  Optimization status .......: converged
2019-07-23T20:04:51:  Number of parameters ......: 4
2019-07-23T20:04:51:  Number of free parameters .: 2
2019-07-23T20:04:51:  Number of iterations ......: 5
2019-07-23T20:04:51:  Lambda ....................: 1e-08
2019-07-23T20:04:51: 
2019-07-23T20:04:51: +=========================================+
2019-07-23T20:04:51: | Maximum likelihood optimisation results |
2019-07-23T20:04:51: +=========================================+
2019-07-23T20:04:51: === GOptimizerLM ===
2019-07-23T20:04:51:  Optimized function value ..: -321844.218
2019-07-23T20:04:51:  Absolute precision ........: 0.005
2019-07-23T20:04:51:  Acceptable value decrease .: 2
2019-07-23T20:04:51:  Optimization status .......: converged
2019-07-23T20:04:51:  Number of parameters ......: 11
2019-07-23T20:04:51:  Number of free parameters .: 5
2019-07-23T20:04:51:  Number of iterations ......: 3
2019-07-23T20:04:51:  Lambda ....................: 1e-06
2019-07-23T20:04:51:  Maximum log likelihood ....: 321844.218
2019-07-23T20:04:51:  Observed events  (Nobs) ...: 317023.000
2019-07-23T20:04:51:  Predicted events (Npred) ..: 315286.000 (Nobs - Npred = 1736.99999995134)
2019-07-23T20:04:51: === GModels ===
2019-07-23T20:04:51:  Number of models ..........: 2
2019-07-23T20:04:51:  Number of parameters ......: 11
2019-07-23T20:04:51: === GModelSky ===
2019-07-23T20:04:51:  Name ......................: source3c
2019-07-23T20:04:51:  Instruments ...............: all
2019-07-23T20:04:51:  Test Statistic ............: 68673.4293445123
2019-07-23T20:04:51:  Observation identifiers ...: all
2019-07-23T20:04:51:  Model type ................: PointSource
2019-07-23T20:04:51:  Model components ..........: "PointSource" * "ExponentialCutoffPowerLaw" * "Constant"
2019-07-23T20:04:51:  Number of parameters ......: 7
2019-07-23T20:04:51:  Number of spatial par's ...: 2
2019-07-23T20:04:51:   RA .......................: 83.6331 [-360,360] deg (fixed,scale=1)
2019-07-23T20:04:51:   DEC ......................: 22.0145 [-90,90] deg (fixed,scale=1)
2019-07-23T20:04:51:  Number of spectral par's ..: 4
2019-07-23T20:04:51:   Prefactor ................: 2.25851497423451e-18 +/- 2.13559026738324e-20 [1e-25,1e-15] ph/cm2/s/MeV (free,scale=1e-18,gradient)
2019-07-23T20:04:51:   Index ....................: -1.99295049652453 +/- 0.00818856479013135 [-0,-5]  (free,scale=-1,gradient)
2019-07-23T20:04:51:   CutoffEnergy .............: 189643287.295183 +/- 39261342.4856542 [1000000,100000000000] MeV (free,scale=100000000,gradient)
2019-07-23T20:04:51:   PivotEnergy ..............: 1000000 [10000,1000000000] MeV (fixed,scale=1000000,gradient)
2019-07-23T20:04:51:  Number of temporal par's ..: 1
2019-07-23T20:04:51:   Normalization ............: 1 (relative value) (fixed,scale=1,gradient)
2019-07-23T20:04:51:  Number of scale par's .....: 0
2019-07-23T20:04:51: === GCTAModelCubeBackground ===
2019-07-23T20:04:51:  Name ......................: BackgroundModel
2019-07-23T20:04:51:  Instruments ...............: CTA, HESS, MAGIC, VERITAS
2019-07-23T20:04:51:  Observation identifiers ...: all
2019-07-23T20:04:51:  Model type ................: "PowerLaw" * "Constant"
2019-07-23T20:04:51:  Number of parameters ......: 4
2019-07-23T20:04:51:  Number of spectral par's ..: 3
2019-07-23T20:04:51:   Prefactor ................: 1.02515128716155 +/- 0.00450642811214326 [0.01,100] ph/cm2/s/MeV (free,scale=1,gradient)
2019-07-23T20:04:51:   Index ....................: 0.0240550745271246 +/- 0.00255693531180722 [-5,5]  (free,scale=1,gradient)
2019-07-23T20:04:51:   PivotEnergy ..............: 1000000 MeV (fixed,scale=1000000,gradient)
2019-07-23T20:04:51:  Number of temporal par's ..: 1
2019-07-23T20:04:51:   Normalization ............: 1 (relative value) (fixed,scale=1,gradient)
2019-07-23T20:04:51: 
2019-07-23T20:04:51: +==============+
2019-07-23T20:04:51: | Save results |
2019-07-23T20:04:51: +==============+
2019-07-23T20:04:51:  Model definition file .....: /cta/carli/CPPM_Internship/Simulations_and_Analyses/minus_step_EDisp_South_z40_50h/source3c/obsmodel_binned.xml
2019-07-23T20:04:51:  Covariance matrix file ....: NONE
2019-07-23T20:04:51: 
2019-07-23T20:04:51: Application "ctlike" terminated after 153 wall clock seconds, consuming 159.31 seconds of CPU time.
