2019-07-23T14:22:34: ********************************************************************************
2019-07-23T14:22:34: *                                   ctskymap                                   *
2019-07-23T14:22:34: * ---------------------------------------------------------------------------- *
2019-07-23T14:22:34: * Version: 1.6.0                                                               *
2019-07-23T14:22:34: ********************************************************************************
2019-07-23T14:22:34: +============+
2019-07-23T14:22:34: | Parameters |
2019-07-23T14:22:34: +============+
2019-07-23T14:22:34:  inobs .....................: /cta/carli/CPPM_Internship/Simulations_and_Analyses/minus_step_EDisp_South_z40_50h/source3c/obs.fits
2019-07-23T14:22:34:  caldb .....................: prod3b-v2
2019-07-23T14:22:34:  irf .......................: minus_step_EDisp_South_z40_50h
2019-07-23T14:22:34:  inmap .....................: NONE
2019-07-23T14:22:34:  outmap ....................: /cta/carli/CPPM_Internship/Simulations_and_Analyses/minus_step_EDisp_South_z40_50h/source3c/skymap.fits
2019-07-23T14:22:34:  emin ......................: 0.1
2019-07-23T14:22:34:  emax ......................: 199.526229858398
2019-07-23T14:22:34:  usepnt ....................: yes
2019-07-23T14:22:34:  nxpix .....................: 80
2019-07-23T14:22:34:  nypix .....................: 80
2019-07-23T14:22:34:  binsz .....................: 0.02
2019-07-23T14:22:34:  coordsys ..................: CEL
2019-07-23T14:22:34:  proj ......................: CAR
2019-07-23T14:22:34:  xref ......................: [not queried]
2019-07-23T14:22:34:  yref ......................: [not queried]
2019-07-23T14:22:34:  bkgsubtract ...............: NONE
2019-07-23T14:22:34:  roiradius .................: [not queried]
2019-07-23T14:22:34:  inradius ..................: [not queried]
2019-07-23T14:22:34:  outradius .................: [not queried]
2019-07-23T14:22:34:  iterations ................: [not queried]
2019-07-23T14:22:34:  threshold .................: [not queried]
2019-07-23T14:22:34:  inexclusion ...............: NONE
2019-07-23T14:22:34:  usefft ....................: yes
2019-07-23T14:22:34:  publish ...................: no
2019-07-23T14:22:34:  chatter ...................: 4
2019-07-23T14:22:34:  clobber ...................: yes
2019-07-23T14:22:34:  debug .....................: no
2019-07-23T14:22:34:  mode ......................: ql
2019-07-23T14:22:34:  logfile ...................: ctskymap.log
2019-07-23T14:22:34: 
2019-07-23T14:22:34: +===================+
2019-07-23T14:22:34: | Input observation |
2019-07-23T14:22:34: +===================+
2019-07-23T14:22:34: === GObservations ===
2019-07-23T14:22:34:  Number of observations ....: 1
2019-07-23T14:22:34:  Number of models ..........: 0
2019-07-23T14:22:34:  Number of observed events .: 320601
2019-07-23T14:22:34:  Number of predicted events : 0
2019-07-23T14:22:34: === GCTAObservation ===
2019-07-23T14:22:34:  Name ......................: 
2019-07-23T14:22:34:  Identifier ................: 000001
2019-07-23T14:22:34:  Instrument ................: CTA
2019-07-23T14:22:34:  Event file ................: /cta/carli/CPPM_Internship/Simulations_and_Analyses/minus_step_EDisp_South_z40_50h/source3c/obs.fits
2019-07-23T14:22:34:  Event type ................: EventList
2019-07-23T14:22:34:  Statistic .................: cstat
2019-07-23T14:22:34:  Ontime ....................: 144000 s
2019-07-23T14:22:34:  Livetime ..................: 141120 s
2019-07-23T14:22:34:  Deadtime correction .......: 0.98
2019-07-23T14:22:34:  User energy range .........: undefined
2019-07-23T14:22:34: === GCTAPointing ===
2019-07-23T14:22:34:  Pointing direction ........: (RA,Dec)=(84.1331,22.0145)
2019-07-23T14:22:34:  Response function .........: undefined
2019-07-23T14:22:34: === GCTAEventList ===
2019-07-23T14:22:34:  Number of events ..........: 320601 (disposed in "/cta/carli/CPPM_Internship/Simulations_and_Analyses/minus_step_EDisp_South_z40_50h/source3c/obs.fits")
2019-07-23T14:22:34:  Time interval .............: 51544.5 - 51546.1666666667 days
2019-07-23T14:22:34: === GEbounds ===
2019-07-23T14:22:34:  Number of intervals .......: 1
2019-07-23T14:22:34:  Energy range ..............: 100 GeV - 199.526229858398 TeV
2019-07-23T14:22:34: === GCTARoi ===
2019-07-23T14:22:34:  RoI centre ................: RA=84.1331, DEC=22.0145 [0,0]
2019-07-23T14:22:34:  RoI radius ................: 0.8 deg
2019-07-23T14:22:34: === GSkyRegions ===
2019-07-23T14:22:34:  Number of regions .........: 0
2019-07-23T14:22:34: === GModels ===
2019-07-23T14:22:34:  Number of models ..........: 0
2019-07-23T14:22:34:  Number of parameters ......: 0
2019-07-23T14:22:34: 
2019-07-23T14:22:34: +===========================+
2019-07-23T14:22:34: | Find unbinned observation |
2019-07-23T14:22:34: +===========================+
2019-07-23T14:22:34: === CTA observation (id=000001) ===
2019-07-23T14:22:34:  Including unbinned CTA observation
2019-07-23T14:22:34: 
2019-07-23T14:22:34: +===========================+
2019-07-23T14:22:34: | Fill map from observation |
2019-07-23T14:22:34: +===========================+
2019-07-23T14:22:35: === CTA observation (id=000001) ===
2019-07-23T14:22:35:  Events in list ............: 320601
2019-07-23T14:22:35:  Events in map .............: 317024
2019-07-23T14:22:35:  Events outside RoI ........: 1
2019-07-23T14:22:35:  Events outside map area ...: 0
2019-07-23T14:22:35:  Events outside energies ...: 3576
2019-07-23T14:22:35: 
2019-07-23T14:22:35: +=========+
2019-07-23T14:22:35: | Sky map |
2019-07-23T14:22:35: +=========+
2019-07-23T14:22:35: === GSkyMap ===
2019-07-23T14:22:35:  Number of pixels ..........: 6400
2019-07-23T14:22:35:  X axis dimension ..........: 80
2019-07-23T14:22:35:  Y axis dimension ..........: 80
2019-07-23T14:22:35:  Number of maps ............: 1
2019-07-23T14:22:35:  Shape of maps .............: (1)
2019-07-23T14:22:35: === GWcsCAR ===
2019-07-23T14:22:35:  Number of axes ............: 2
2019-07-23T14:22:35:  Longitude axis ............: 0
2019-07-23T14:22:35:  Latitude axis .............: 1
2019-07-23T14:22:35:  Spectral axis .............: -1
2019-07-23T14:22:35:  Coodinate system ..........: EQU
2019-07-23T14:22:35:  Projection code ...........: CAR
2019-07-23T14:22:35:  Projection name ...........: plate carree
2019-07-23T14:22:35:  Radius of the gen. sphere .: 57.2957795130823 deg
2019-07-23T14:22:35:  Reference coordinate ......: (84.1331, 22.0145)
2019-07-23T14:22:35:  Reference pixel ...........: (40.5, 40.5)
2019-07-23T14:22:35:  Increment at reference ....: (-0.02, 0.02)
2019-07-23T14:22:35:  (Phi_0, Theta_0) ..........: (0, 0) deg
2019-07-23T14:22:35:  (Phi_p, Theta_p) ..........: (0, 67.9855) deg
2019-07-23T14:22:35:  LATPOLE keyword usage .....: Required to select between two valid solutions of Theta_p.
2019-07-23T14:22:35:  Reference vector (m_ref) ..: (84.1331, 22.0145, 0, 67.9855) deg
2019-07-23T14:22:35:  Euler angles ..............: (264.1331 deg, 22.0145 deg, 0 deg, 0.927089022159083, 0.374841226377402)
2019-07-23T14:22:35:  Latitude preserved ........: False
2019-07-23T14:22:35:  Unity PC matrix ...........: True
2019-07-23T14:22:35:  Pixel-to-image trafo ......: ()
2019-07-23T14:22:35:  Image-to-pixel trafo ......: ()
2019-07-23T14:22:35:  Strict bounds checking ....: True
2019-07-23T14:22:35:  Use fiducial offset .......: False
2019-07-23T14:22:35:  Fiducial offset ...........: (0, 0)
2019-07-23T14:22:35:  Rest frequency ............: UNDEFINED
2019-07-23T14:22:35:  Rest wavelength ...........: UNDEFINED
2019-07-23T14:22:35: 
2019-07-23T14:22:35: +==============+
2019-07-23T14:22:35: | Compute maps |
2019-07-23T14:22:35: +==============+
2019-07-23T14:22:35: 
2019-07-23T14:22:35: +==============+
2019-07-23T14:22:35: | Save sky map |
2019-07-23T14:22:35: +==============+
2019-07-23T14:22:35:  Sky map file ..............: /cta/carli/CPPM_Internship/Simulations_and_Analyses/minus_step_EDisp_South_z40_50h/source3c/skymap.fits
2019-07-23T14:22:35: 
2019-07-23T14:22:35: Application "ctskymap" terminated after 1 wall clock seconds, consuming 0.87 seconds of CPU time.
