2019-07-22T16:46:14: ********************************************************************************
2019-07-22T16:46:14: *                                  ctbutterfly                                 *
2019-07-22T16:46:14: * ---------------------------------------------------------------------------- *
2019-07-22T16:46:14: * Version: 1.6.0                                                               *
2019-07-22T16:46:14: ********************************************************************************
2019-07-22T16:46:14: +============+
2019-07-22T16:46:14: | Parameters |
2019-07-22T16:46:14: +============+
2019-07-22T16:46:14:  inobs .....................: /cta/carli/CPPM_Internship/Simulations_and_Analyses/plus_step_AEff_South_z40_50h/source3a/obs_cube.fits
2019-07-22T16:46:14:  inmodel ...................: /cta/carli/CPPM_Internship/Simulations_and_Analyses/plus_step_AEff_South_z40_50h/source3a/obsmodel_binned.xml
2019-07-22T16:46:14:  srcname ...................: source3a
2019-07-22T16:46:14:  expcube ...................: /cta/carli/CPPM_Internship/Simulations_and_Analyses/plus_step_AEff_South_z40_50h/source3a/exposure_cube.fits
2019-07-22T16:46:14:  psfcube ...................: /cta/carli/CPPM_Internship/Simulations_and_Analyses/plus_step_AEff_South_z40_50h/source3a/PSF_cube.fits
2019-07-22T16:46:14:  edispcube .................: /cta/carli/CPPM_Internship/Simulations_and_Analyses/plus_step_AEff_South_z40_50h/source3a/edisp_cube.fits
2019-07-22T16:46:14:  bkgcube ...................: /cta/carli/CPPM_Internship/Simulations_and_Analyses/plus_step_AEff_South_z40_50h/source3a/background_cube.fits
2019-07-22T16:46:14:  caldb .....................: prod3b-v2
2019-07-22T16:46:14:  irf .......................: plus_step_AEff_South_z40_50h
2019-07-22T16:46:14:  edisp .....................: yes
2019-07-22T16:46:14:  outfile ...................: /cta/carli/CPPM_Internship/Simulations_and_Analyses/plus_step_AEff_South_z40_50h/source3a/butterfly_binned.ascii
2019-07-22T16:46:14:  method ....................: GAUSSIAN
2019-07-22T16:46:14:  fit .......................: no
2019-07-22T16:46:14:  confidence ................: 0.68
2019-07-22T16:46:14:  statistic .................: DEFAULT
2019-07-22T16:46:14:  like_accuracy .............: 0.005
2019-07-22T16:46:14:  max_iter ..................: 50
2019-07-22T16:46:14:  matrix ....................: NONE
2019-07-22T16:46:14:  ebinalg ...................: LOG
2019-07-22T16:46:14:  emin ......................: 0.1
2019-07-22T16:46:14:  emax ......................: 199.526229858398
2019-07-22T16:46:14:  enumbins ..................: 32
2019-07-22T16:46:14:  ebinfile ..................: [not queried]
2019-07-22T16:46:14:  chatter ...................: 4
2019-07-22T16:46:14:  clobber ...................: yes
2019-07-22T16:46:14:  debug .....................: no
2019-07-22T16:46:14:  mode ......................: ql
2019-07-22T16:46:14:  logfile ...................: ctbutterfly.log
2019-07-22T16:46:14: 
2019-07-22T16:46:14: +===================+
2019-07-22T16:46:14: | Input observation |
2019-07-22T16:46:14: +===================+
2019-07-22T16:46:14: === GObservations ===
2019-07-22T16:46:14:  Number of observations ....: 1
2019-07-22T16:46:14:  Number of models ..........: 2
2019-07-22T16:46:14:  Number of observed events .: 309659
2019-07-22T16:46:14:  Number of predicted events : 0
2019-07-22T16:46:14: === GCTAObservation ===
2019-07-22T16:46:14:  Name ......................: 
2019-07-22T16:46:14:  Identifier ................: 000001
2019-07-22T16:46:14:  Instrument ................: CTA
2019-07-22T16:46:14:  Event file ................: /cta/carli/CPPM_Internship/Simulations_and_Analyses/plus_step_AEff_South_z40_50h/source3a/obs_cube.fits
2019-07-22T16:46:14:  Event type ................: CountsCube
2019-07-22T16:46:14:  Statistic .................: cstat
2019-07-22T16:46:14:  Ontime ....................: 144000 s
2019-07-22T16:46:14:  Livetime ..................: 141120 s
2019-07-22T16:46:14:  Deadtime correction .......: 0.98
2019-07-22T16:46:14:  User energy range .........: undefined
2019-07-22T16:46:14: === GCTAPointing ===
2019-07-22T16:46:14:  Pointing direction ........: (RA,Dec)=(84.1331,22.0145)
2019-07-22T16:46:14: === GCTAResponseCube ===
2019-07-22T16:46:14:  Energy dispersion .........: Used
2019-07-22T16:46:14: === GCTACubeExposure ===
2019-07-22T16:46:14:  Filename ..................: /cta/carli/CPPM_Internship/Simulations_and_Analyses/plus_step_AEff_South_z40_50h/source3a/exposure_cube.fits
2019-07-22T16:46:14:  Livetime ..................: 141120 sec
2019-07-22T16:46:14: === GEnergies ===
2019-07-22T16:46:14:  Number of energies ........: 33
2019-07-22T16:46:14: === GGti ===
2019-07-22T16:46:14:  Number of intervals .......: 1
2019-07-22T16:46:14:  Ontime ....................: 144000 sec
2019-07-22T16:46:14:  Elapsed time ..............: 144000 sec
2019-07-22T16:46:14:  MJD range .................: 51544.5 - 51546.1666666667 s (TT)
2019-07-22T16:46:14:  UTC range .................: 2000-01-01T11:58:56 - 2000-01-03T03:58:56 s (TT)
2019-07-22T16:46:14:  Reference MJD .............: 51544.5
2019-07-22T16:46:14: === GSkyMap ===
2019-07-22T16:46:14:  Number of pixels ..........: 6400
2019-07-22T16:46:14:  X axis dimension ..........: 80
2019-07-22T16:46:14:  Y axis dimension ..........: 80
2019-07-22T16:46:14:  Number of maps ............: 33
2019-07-22T16:46:14:  Shape of maps .............: (33)
2019-07-22T16:46:14: === GCTACubePsf ===
2019-07-22T16:46:14:  Filename ..................: /cta/carli/CPPM_Internship/Simulations_and_Analyses/plus_step_AEff_South_z40_50h/source3a/PSF_cube.fits
2019-07-22T16:46:14: === GEnergies ===
2019-07-22T16:46:14:  Number of energies ........: 33
2019-07-22T16:46:14:  Number of delta bins ......: 200
2019-07-22T16:46:14:  Delta range ...............: 1.875e-06 - 0.298501875 deg
2019-07-22T16:46:14: === GSkyMap ===
2019-07-22T16:46:14:  Number of pixels ..........: 1
2019-07-22T16:46:14:  X axis dimension ..........: 1
2019-07-22T16:46:14:  Y axis dimension ..........: 1
2019-07-22T16:46:14:  Number of maps ............: 6600
2019-07-22T16:46:14:  Shape of maps .............: (200, 33)
2019-07-22T16:46:14: === GCTACubeEdisp ===
2019-07-22T16:46:14:  Filename ..................: /cta/carli/CPPM_Internship/Simulations_and_Analyses/plus_step_AEff_South_z40_50h/source3a/edisp_cube.fits
2019-07-22T16:46:14: === GEnergies ===
2019-07-22T16:46:14:  Number of energies ........: 33
2019-07-22T16:46:14:  Number of migra bins ......: 100
2019-07-22T16:46:14:  Migra range ...............: 0.02 - 2
2019-07-22T16:46:14: === GSkyMap ===
2019-07-22T16:46:14:  Number of pixels ..........: 1
2019-07-22T16:46:14:  X axis dimension ..........: 1
2019-07-22T16:46:14:  Y axis dimension ..........: 1
2019-07-22T16:46:14:  Number of maps ............: 3300
2019-07-22T16:46:14:  Shape of maps .............: (100, 33)
2019-07-22T16:46:14: === GCTACubeBackground ===
2019-07-22T16:46:14:  Filename ..................: /cta/carli/CPPM_Internship/Simulations_and_Analyses/plus_step_AEff_South_z40_50h/source3a/background_cube.fits
2019-07-22T16:46:14: === GEbounds ===
2019-07-22T16:46:14:  Number of intervals .......: 32
2019-07-22T16:46:14:  Energy range ..............: 100 GeV - 199.526229858398 TeV
2019-07-22T16:46:14: === GSkyMap ===
2019-07-22T16:46:14:  Number of pixels ..........: 6400
2019-07-22T16:46:14:  X axis dimension ..........: 80
2019-07-22T16:46:14:  Y axis dimension ..........: 80
2019-07-22T16:46:14:  Number of maps ............: 32
2019-07-22T16:46:14:  Shape of maps .............: (32)
2019-07-22T16:46:14: === GCTAResponseCache ===
2019-07-22T16:46:14:  Number of cached values ...: 0
2019-07-22T16:46:14: === GCTAEventCube ===
2019-07-22T16:46:14:  Number of events ..........: 309659
2019-07-22T16:46:14:  Number of elements ........: 204800
2019-07-22T16:46:14:  Number of pixels ..........: 6400
2019-07-22T16:46:14:  Number of energy bins .....: 32
2019-07-22T16:46:14:  Time interval .............: 51544.5 - 51546.1666666667 days
2019-07-22T16:46:14:  Pointing ..................: (RA,Dec)=(84.1331,22.0145)
2019-07-22T16:46:14: === GEbounds ===
2019-07-22T16:46:14:  Number of intervals .......: 32
2019-07-22T16:46:14:  Energy range ..............: 100 GeV - 199.526229858398 TeV
2019-07-22T16:46:14: === GSkyMap ===
2019-07-22T16:46:14:  Number of pixels ..........: 6400
2019-07-22T16:46:14:  X axis dimension ..........: 80
2019-07-22T16:46:14:  Y axis dimension ..........: 80
2019-07-22T16:46:14:  Number of maps ............: 32
2019-07-22T16:46:14:  Shape of maps .............: (32)
2019-07-22T16:46:14: === GSkyRegions ===
2019-07-22T16:46:14:  Number of regions .........: 0
2019-07-22T16:46:14: === GModels ===
2019-07-22T16:46:14:  Number of models ..........: 2
2019-07-22T16:46:14:  Number of parameters ......: 11
2019-07-22T16:46:14: === GModelSky ===
2019-07-22T16:46:14:  Name ......................: source3a
2019-07-22T16:46:14:  Instruments ...............: all
2019-07-22T16:46:14:  Test Statistic ............: 17604.237
2019-07-22T16:46:14:  Observation identifiers ...: all
2019-07-22T16:46:14:  Model type ................: PointSource
2019-07-22T16:46:14:  Model components ..........: "PointSource" * "ExponentialCutoffPowerLaw" * "Constant"
2019-07-22T16:46:14:  Number of parameters ......: 7
2019-07-22T16:46:14:  Number of spatial par's ...: 2
2019-07-22T16:46:14:   RA .......................: 83.6331 [-360,360] deg (fixed,scale=1)
2019-07-22T16:46:14:   DEC ......................: 22.0145 [-90,90] deg (fixed,scale=1)
2019-07-22T16:46:14:  Number of spectral par's ..: 4
2019-07-22T16:46:14:   Prefactor ................: 7.6467854199781e-19 +/- 1.31616669978634e-20 [1e-26,1e-16] ph/cm2/s/MeV (free,scale=1e-19,gradient)
2019-07-22T16:46:14:   Index ....................: -2.01767266024602 +/- 0.0156734234009025 [-0,-5]  (free,scale=-1,gradient)
2019-07-22T16:46:14:   CutoffEnergy .............: 1788328257.20485 +/- 5820409224.8819 [1000000,100000000000] MeV (free,scale=100000000,gradient)
2019-07-22T16:46:14:   PivotEnergy ..............: 1000000 [10000,1000000000] MeV (fixed,scale=1000000,gradient)
2019-07-22T16:46:14:  Number of temporal par's ..: 1
2019-07-22T16:46:14:   Normalization ............: 1 (relative value) (fixed,scale=1,gradient)
2019-07-22T16:46:14:  Number of scale par's .....: 0
2019-07-22T16:46:14: === GCTAModelCubeBackground ===
2019-07-22T16:46:14:  Name ......................: BackgroundModel
2019-07-22T16:46:14:  Instruments ...............: CTA, HESS, MAGIC, VERITAS
2019-07-22T16:46:14:  Observation identifiers ...: all
2019-07-22T16:46:14:  Model type ................: "PowerLaw" * "Constant"
2019-07-22T16:46:14:  Number of parameters ......: 4
2019-07-22T16:46:14:  Number of spectral par's ..: 3
2019-07-22T16:46:14:   Prefactor ................: 0.992339135590073 +/- 0.00440995875636534 [0.01,100] ph/cm2/s/MeV (free,scale=1,gradient)
2019-07-22T16:46:14:   Index ....................: -0.00389819275973181 +/- 0.00256951483954086 [-5,5]  (free,scale=1,gradient)
2019-07-22T16:46:14:   PivotEnergy ..............: 1000000 MeV (fixed,scale=1000000,gradient)
2019-07-22T16:46:14:  Number of temporal par's ..: 1
2019-07-22T16:46:14:   Normalization ............: 1 (relative value) (fixed,scale=1,gradient)
2019-07-22T16:46:15: 
2019-07-22T16:46:15: +===========================+
2019-07-22T16:46:15: | Compute covariance matrix |
2019-07-22T16:46:15: +===========================+
2019-07-22T16:46:46: === GMatrixSparse ===
2019-07-22T16:46:46:  Number of rows ............: 11
2019-07-22T16:46:46:  Number of columns .........: 11
2019-07-22T16:46:46:  Number of nonzero elements : 25
2019-07-22T16:46:46:  Number of allocated cells .: 512
2019-07-22T16:46:46:  Memory block size .........: 512
2019-07-22T16:46:46:  Sparse matrix fill ........: 0.206611570247934
2019-07-22T16:46:46:  Pending element ...........: 0
2019-07-22T16:46:46:  Fill stack size ...........: 0 (none)
2019-07-22T16:46:46:  0, 0, 0, 0, 0, 0, 0, 0, 0, 0, 0
2019-07-22T16:46:46:  0, 0, 0, 0, 0, 0, 0, 0, 0, 0, 0
2019-07-22T16:46:46:  0, 0, 1.73229478153848e-40, -1.60867450359713e-23, -1.72397987082759e-11, 0, 0, -2.50665012033221e-24, -5.94575223545469e-25, 0, 0
2019-07-22T16:46:46:  0, 0, -1.60867450359713e-23, 0.00024565620108219, -60877614.1639604, 0, 0, 1.18025878804113e-06, -7.18169888628929e-07, 0, 0
2019-07-22T16:46:46:  0, 0, -1.72397987082759e-11, -60877614.1639604, 3.38771635369182e+19, 0, 0, -89375.9909204079, 205012.430885857, 0, 0
2019-07-22T16:46:46:  0, 0, 0, 0, 0, 0, 0, 0, 0, 0, 0
2019-07-22T16:46:46:  0, 0, 0, 0, 0, 0, 0, 0, 0, 0, 0
2019-07-22T16:46:46:  0, 0, -2.5066501203322e-24, 1.18025878804113e-06, -89375.9909204077, 0, 0, 1.94477362328421e-05, 1.03204984054059e-05, 0, 0
2019-07-22T16:46:46:  0, 0, -5.94575223545468e-25, -7.18169888628929e-07, 205012.430885857, 0, 0, 1.03204984054059e-05, 6.60240651061918e-06, 0, 0
2019-07-22T16:46:46:  0, 0, 0, 0, 0, 0, 0, 0, 0, 0, 0
2019-07-22T16:46:46:  0, 0, 0, 0, 0, 0, 0, 0, 0, 0, 0
2019-07-22T16:46:46: 
2019-07-22T16:46:46: +===============================+
2019-07-22T16:46:46: | Prepare butterfly computation |
2019-07-22T16:46:46: +===============================+
2019-07-22T16:46:46:  Confidence level ..........: 0.68
2019-07-22T16:46:46:  Corresponding scaling .....: 0.994458
2019-07-22T16:46:46: 
2019-07-22T16:46:46: +====================+
2019-07-22T16:46:46: | Generate butterfly |
2019-07-22T16:46:46: +====================+
2019-07-22T16:46:46: 
2019-07-22T16:46:46: +=========+
2019-07-22T16:46:46: | Results |
2019-07-22T16:46:46: +=========+
2019-07-22T16:46:46:  Intensity at 112606.251051226 MeV : 6.26740804693622e-17 (6.02064236964919e-17, 6.51417372422325e-17) ph/cm2/s/MeV
2019-07-22T16:46:46:  Intensity at 142786.615593472 MeV : 3.88157648974855e-17 (3.74146898576575e-17, 4.02168399373134e-17) ph/cm2/s/MeV
2019-07-22T16:46:46:  Intensity at 181055.824186555 MeV : 2.4039551573334e-17 (2.32484964604788e-17, 2.48306066861892e-17) ph/cm2/s/MeV
2019-07-22T16:46:46:  Intensity at 229581.822747338 MeV : 1.48881962494093e-17 (1.44440541366266e-17, 1.5332338362192e-17) ph/cm2/s/MeV
2019-07-22T16:46:46:  Intensity at 291113.603071291 MeV : 9.22050375438978e-18 (8.97239922713236e-18, 9.46860828164719e-18) ph/cm2/s/MeV
2019-07-22T16:46:46:  Intensity at 369136.932876502 MeV : 5.71035631520771e-18 (5.57225510982468e-18, 5.84845752059073e-18) ph/cm2/s/MeV
2019-07-22T16:46:46:  Intensity at 468071.824112259 MeV : 3.53644321595348e-18 (3.45960072200863e-18, 3.61328570989833e-18) ph/cm2/s/MeV
2019-07-22T16:46:46:  Intensity at 593522.926087366 MeV : 2.19009891733301e-18 (2.14710721004541e-18, 2.2330906246206e-18) ph/cm2/s/MeV
2019-07-22T16:46:46:  Intensity at 752597.028157849 MeV : 1.35629014643115e-18 (1.3318826977507e-18, 1.3806975951116e-18) ph/cm2/s/MeV
2019-07-22T16:46:46:  Intensity at 954305.65846188 MeV : 8.39906860936055e-19 (8.25682540464254e-19, 8.54131181407857e-19) ph/cm2/s/MeV
2019-07-22T16:46:46:  Intensity at 1210075.58587031 MeV : 5.20111579085869e-19 (5.11516115226904e-19, 5.28707042944835e-19) ph/cm2/s/MeV
2019-07-22T16:46:46:  Intensity at 1534396.14502492 MeV : 3.2206628852818e-19 (3.16664783495403e-19, 3.27467793560958e-19) ph/cm2/s/MeV
2019-07-22T16:46:46:  Intensity at 1945640.05534746 MeV : 1.99421925539719e-19 (1.95914001188586e-19, 2.02929849890853e-19) ph/cm2/s/MeV
2019-07-22T16:46:46:  Intensity at 2467104.23331454 MeV : 1.23473504628067e-19 (1.21146505368252e-19, 1.25800503887881e-19) ph/cm2/s/MeV
2019-07-22T16:46:46:  Intensity at 3128329.55988436 MeV : 7.64435248049699e-20 (7.48850633763048e-20, 7.8001986233635e-20) ph/cm2/s/MeV
2019-07-22T16:46:46:  Intensity at 3966774.36773649 MeV : 4.73221639045641e-20 (4.62774633169788e-20, 4.83668644921493e-20) ph/cm2/s/MeV
2019-07-22T16:46:46:  Intensity at 5029936.45116879 MeV : 2.92909808081527e-20 (2.85937905620243e-20, 2.9988171054281e-20) ph/cm2/s/MeV
2019-07-22T16:46:46:  Intensity at 6378043.81024912 MeV : 1.81273380706609e-20 (1.76654264665597e-20, 1.85892496747621e-20) ph/cm2/s/MeV
2019-07-22T16:46:46:  Intensity at 8087466.55954362 MeV : 1.12162171584373e-20 (1.09126517016839e-20, 1.15197826151907e-20) ph/cm2/s/MeV
2019-07-22T16:46:46:  Intensity at 10255043.285628 MeV : 6.93821129309993e-21 (6.74010938587512e-21, 7.13631320032474e-21) ph/cm2/s/MeV
2019-07-22T16:46:46:  Intensity at 13003566.9409974 MeV : 4.29049649250466e-21 (4.16167036585883e-21, 4.41932261915049e-21) ph/cm2/s/MeV
2019-07-22T16:46:46:  Intensity at 16488741.0495845 MeV : 2.65209261310326e-21 (2.56799939512589e-21, 2.73618583108064e-21) ph/cm2/s/MeV
2019-07-22T16:46:46:  Intensity at 20908000.2920645 MeV : 1.63848691891111e-21 (1.58270445548877e-21, 1.69426938233346e-21) ph/cm2/s/MeV
2019-07-22T16:46:46:  Intensity at 26511695.1560098 MeV : 1.0116018888105e-21 (9.73381357802675e-22, 1.04982241981833e-21) ph/cm2/s/MeV
2019-07-22T16:46:46:  Intensity at 33617274.2599379 MeV : 6.24038742350839e-22 (5.96605806105514e-22, 6.51471678596164e-22) ph/cm2/s/MeV
2019-07-22T16:46:46:  Intensity at 42627267.7781488 MeV : 3.84548381974869e-22 (3.63864936145869e-22, 4.0523182780387e-22) ph/cm2/s/MeV
2019-07-22T16:46:46:  Intensity at 54052090.7251378 MeV : 2.36648624143223e-22 (2.20440138056866e-22, 2.52857110229579e-22) ph/cm2/s/MeV
2019-07-22T16:46:46:  Intensity at 68538957.9028144 MeV : 1.45382912073369e-22 (1.32394407743823e-22, 1.58371416402915e-22) ph/cm2/s/MeV
2019-07-22T16:46:46:  Intensity at 86908548.5386981 MeV : 8.91209539159139e-23 (7.86251565577874e-23, 9.96167512740404e-23) ph/cm2/s/MeV
2019-07-22T16:46:46:  Intensity at 110201497.662297 MeV : 5.44817004810061e-23 (4.60059224473832e-23, 6.2957478514629e-23) ph/cm2/s/MeV
2019-07-22T16:46:46:  Intensity at 139737347.950364 MeV : 3.31898582273654e-23 (2.63847628635941e-23, 3.99949535911368e-23) ph/cm2/s/MeV
2019-07-22T16:46:46:  Intensity at 177189301.655759 MeV : 2.0129719312559e-23 (1.47125672542507e-23, 2.55468713708673e-23) ph/cm2/s/MeV
2019-07-22T16:46:46: 
2019-07-22T16:46:46: +========================+
2019-07-22T16:46:46: | Save Butterfly diagram |
2019-07-22T16:46:46: +========================+
2019-07-22T16:46:46:  Butterfly file ............: /cta/carli/CPPM_Internship/Simulations_and_Analyses/plus_step_AEff_South_z40_50h/source3a/butterfly_binned.ascii
2019-07-22T16:46:46: 
2019-07-22T16:46:46: Application "ctbutterfly" terminated after 32 wall clock seconds, consuming 32.99 seconds of CPU time.
