2019-07-25T11:30:46: ********************************************************************************
2019-07-25T11:30:46: *                                    cterror                                   *
2019-07-25T11:30:46: * ---------------------------------------------------------------------------- *
2019-07-25T11:30:46: * Version: 1.6.0                                                               *
2019-07-25T11:30:46: ********************************************************************************
2019-07-25T11:30:47: +============+
2019-07-25T11:30:47: | Parameters |
2019-07-25T11:30:47: +============+
2019-07-25T11:30:47:  inobs .....................: /cta/carli/CPPM_Internship/Simulations_and_Analyses/plus_step_AEff_South_z40_50h/source3a/obs_cube.fits
2019-07-25T11:30:47:  inmodel ...................: /cta/carli/CPPM_Internship/Simulations_and_Analyses/plus_step_AEff_South_z40_50h/source3a/obsmodel_binned.xml
2019-07-25T11:30:47:  srcname ...................: source3a
2019-07-25T11:30:47:  expcube ...................: /cta/carli/CPPM_Internship/Simulations_and_Analyses/plus_step_AEff_South_z40_50h/source3a/exposure_cube.fits
2019-07-25T11:30:47:  psfcube ...................: /cta/carli/CPPM_Internship/Simulations_and_Analyses/plus_step_AEff_South_z40_50h/source3a/PSF_cube.fits
2019-07-25T11:30:47:  edispcube .................: /cta/carli/CPPM_Internship/Simulations_and_Analyses/plus_step_AEff_South_z40_50h/source3a/edisp_cube.fits
2019-07-25T11:30:47:  bkgcube ...................: /cta/carli/CPPM_Internship/Simulations_and_Analyses/plus_step_AEff_South_z40_50h/source3a/background_cube.fits
2019-07-25T11:30:47:  caldb .....................: prod3b-v2
2019-07-25T11:30:47:  irf .......................: plus_step_AEff_South_z40_50h
2019-07-25T11:30:47:  edisp .....................: yes
2019-07-25T11:30:47:  outmodel ..................: 
2019-07-25T11:30:47:  confidence ................: 0.95
2019-07-25T11:30:47:  tol .......................: 1e-3
2019-07-25T11:30:47:  statistic .................: DEFAULT
2019-07-25T11:30:47:  like_accuracy .............: 0.005
2019-07-25T11:30:47:  max_iter ..................: 50
2019-07-25T11:30:47:  nthreads ..................: 0
2019-07-25T11:30:47:  chatter ...................: 4
2019-07-25T11:30:47:  clobber ...................: yes
2019-07-25T11:30:47:  debug .....................: no
2019-07-25T11:30:47:  mode ......................: ql
2019-07-25T11:30:47:  logfile ...................: cterror95.log
2019-07-25T11:30:47: 
2019-07-25T11:30:47: +===================+
2019-07-25T11:30:47: | Input observation |
2019-07-25T11:30:47: +===================+
2019-07-25T11:30:47: === GObservations ===
2019-07-25T11:30:47:  Number of observations ....: 1
2019-07-25T11:30:47:  Number of models ..........: 2
2019-07-25T11:30:47:  Number of observed events .: 309659
2019-07-25T11:30:47:  Number of predicted events : 0
2019-07-25T11:30:47: === GCTAObservation ===
2019-07-25T11:30:47:  Name ......................: 
2019-07-25T11:30:47:  Identifier ................: 000001
2019-07-25T11:30:47:  Instrument ................: CTA
2019-07-25T11:30:47:  Event file ................: /cta/carli/CPPM_Internship/Simulations_and_Analyses/plus_step_AEff_South_z40_50h/source3a/obs_cube.fits
2019-07-25T11:30:47:  Event type ................: CountsCube
2019-07-25T11:30:47:  Statistic .................: cstat
2019-07-25T11:30:47:  Ontime ....................: 144000 s
2019-07-25T11:30:47:  Livetime ..................: 141120 s
2019-07-25T11:30:47:  Deadtime correction .......: 0.98
2019-07-25T11:30:47:  User energy range .........: undefined
2019-07-25T11:30:47: === GCTAPointing ===
2019-07-25T11:30:47:  Pointing direction ........: (RA,Dec)=(84.1331,22.0145)
2019-07-25T11:30:47: === GCTAResponseCube ===
2019-07-25T11:30:47:  Energy dispersion .........: Used
2019-07-25T11:30:47: === GCTACubeExposure ===
2019-07-25T11:30:47:  Filename ..................: /cta/carli/CPPM_Internship/Simulations_and_Analyses/plus_step_AEff_South_z40_50h/source3a/exposure_cube.fits
2019-07-25T11:30:47:  Livetime ..................: 141120 sec
2019-07-25T11:30:47: === GEnergies ===
2019-07-25T11:30:47:  Number of energies ........: 33
2019-07-25T11:30:47: === GGti ===
2019-07-25T11:30:47:  Number of intervals .......: 1
2019-07-25T11:30:47:  Ontime ....................: 144000 sec
2019-07-25T11:30:47:  Elapsed time ..............: 144000 sec
2019-07-25T11:30:47:  MJD range .................: 51544.5 - 51546.1666666667 s (TT)
2019-07-25T11:30:47:  UTC range .................: 2000-01-01T11:58:56 - 2000-01-03T03:58:56 s (TT)
2019-07-25T11:30:47:  Reference MJD .............: 51544.5
2019-07-25T11:30:47: === GSkyMap ===
2019-07-25T11:30:47:  Number of pixels ..........: 6400
2019-07-25T11:30:47:  X axis dimension ..........: 80
2019-07-25T11:30:47:  Y axis dimension ..........: 80
2019-07-25T11:30:47:  Number of maps ............: 33
2019-07-25T11:30:47:  Shape of maps .............: (33)
2019-07-25T11:30:47: === GCTACubePsf ===
2019-07-25T11:30:47:  Filename ..................: /cta/carli/CPPM_Internship/Simulations_and_Analyses/plus_step_AEff_South_z40_50h/source3a/PSF_cube.fits
2019-07-25T11:30:47: === GEnergies ===
2019-07-25T11:30:47:  Number of energies ........: 33
2019-07-25T11:30:47:  Number of delta bins ......: 200
2019-07-25T11:30:47:  Delta range ...............: 1.875e-06 - 0.298501875 deg
2019-07-25T11:30:47: === GSkyMap ===
2019-07-25T11:30:47:  Number of pixels ..........: 1
2019-07-25T11:30:47:  X axis dimension ..........: 1
2019-07-25T11:30:47:  Y axis dimension ..........: 1
2019-07-25T11:30:47:  Number of maps ............: 6600
2019-07-25T11:30:47:  Shape of maps .............: (200, 33)
2019-07-25T11:30:47: === GCTACubeEdisp ===
2019-07-25T11:30:47:  Filename ..................: /cta/carli/CPPM_Internship/Simulations_and_Analyses/plus_step_AEff_South_z40_50h/source3a/edisp_cube.fits
2019-07-25T11:30:47: === GEnergies ===
2019-07-25T11:30:47:  Number of energies ........: 33
2019-07-25T11:30:47:  Number of migra bins ......: 100
2019-07-25T11:30:47:  Migra range ...............: 0.02 - 2
2019-07-25T11:30:47: === GSkyMap ===
2019-07-25T11:30:47:  Number of pixels ..........: 1
2019-07-25T11:30:47:  X axis dimension ..........: 1
2019-07-25T11:30:47:  Y axis dimension ..........: 1
2019-07-25T11:30:47:  Number of maps ............: 3300
2019-07-25T11:30:47:  Shape of maps .............: (100, 33)
2019-07-25T11:30:47: === GCTACubeBackground ===
2019-07-25T11:30:47:  Filename ..................: /cta/carli/CPPM_Internship/Simulations_and_Analyses/plus_step_AEff_South_z40_50h/source3a/background_cube.fits
2019-07-25T11:30:47: === GEbounds ===
2019-07-25T11:30:47:  Number of intervals .......: 32
2019-07-25T11:30:47:  Energy range ..............: 100 GeV - 199.526229858398 TeV
2019-07-25T11:30:47: === GSkyMap ===
2019-07-25T11:30:47:  Number of pixels ..........: 6400
2019-07-25T11:30:47:  X axis dimension ..........: 80
2019-07-25T11:30:47:  Y axis dimension ..........: 80
2019-07-25T11:30:47:  Number of maps ............: 32
2019-07-25T11:30:47:  Shape of maps .............: (32)
2019-07-25T11:30:47: === GCTAResponseCache ===
2019-07-25T11:30:47:  Number of cached values ...: 0
2019-07-25T11:30:47: === GCTAEventCube ===
2019-07-25T11:30:47:  Number of events ..........: 309659
2019-07-25T11:30:47:  Number of elements ........: 204800
2019-07-25T11:30:47:  Number of pixels ..........: 6400
2019-07-25T11:30:47:  Number of energy bins .....: 32
2019-07-25T11:30:47:  Time interval .............: 51544.5 - 51546.1666666667 days
2019-07-25T11:30:47:  Pointing ..................: (RA,Dec)=(84.1331,22.0145)
2019-07-25T11:30:47: === GEbounds ===
2019-07-25T11:30:47:  Number of intervals .......: 32
2019-07-25T11:30:47:  Energy range ..............: 100 GeV - 199.526229858398 TeV
2019-07-25T11:30:47: === GSkyMap ===
2019-07-25T11:30:47:  Number of pixels ..........: 6400
2019-07-25T11:30:47:  X axis dimension ..........: 80
2019-07-25T11:30:47:  Y axis dimension ..........: 80
2019-07-25T11:30:47:  Number of maps ............: 32
2019-07-25T11:30:47:  Shape of maps .............: (32)
2019-07-25T11:30:47: === GSkyRegions ===
2019-07-25T11:30:47:  Number of regions .........: 0
2019-07-25T11:30:47: === GModels ===
2019-07-25T11:30:47:  Number of models ..........: 2
2019-07-25T11:30:47:  Number of parameters ......: 11
2019-07-25T11:30:47: === GModelSky ===
2019-07-25T11:30:47:  Name ......................: source3a
2019-07-25T11:30:47:  Instruments ...............: all
2019-07-25T11:30:47:  Test Statistic ............: 17604.237
2019-07-25T11:30:47:  Observation identifiers ...: all
2019-07-25T11:30:47:  Model type ................: PointSource
2019-07-25T11:30:47:  Model components ..........: "PointSource" * "ExponentialCutoffPowerLaw" * "Constant"
2019-07-25T11:30:47:  Number of parameters ......: 7
2019-07-25T11:30:47:  Number of spatial par's ...: 2
2019-07-25T11:30:47:   RA .......................: 83.6331 [-360,360] deg (fixed,scale=1)
2019-07-25T11:30:47:   DEC ......................: 22.0145 [-90,90] deg (fixed,scale=1)
2019-07-25T11:30:47:  Number of spectral par's ..: 4
2019-07-25T11:30:47:   Prefactor ................: 7.6467854199781e-19 [1e-26,1e-16] ph/cm2/s/MeV (fixed,scale=1e-19,gradient)
2019-07-25T11:30:47:   Index ....................: -2.01767266024602 [-0,-5]  (fixed,scale=-1,gradient)
2019-07-25T11:30:47:   CutoffEnergy .............: 1788328257.20485 +/- 5820409224.8819 [1000000,100000000000] MeV (free,scale=100000000,gradient)
2019-07-25T11:30:47:   PivotEnergy ..............: 1000000 [10000,1000000000] MeV (fixed,scale=1000000,gradient)
2019-07-25T11:30:47:  Number of temporal par's ..: 1
2019-07-25T11:30:47:   Normalization ............: 1 (relative value) (fixed,scale=1,gradient)
2019-07-25T11:30:47:  Number of scale par's .....: 0
2019-07-25T11:30:47: === GCTAModelCubeBackground ===
2019-07-25T11:30:47:  Name ......................: BackgroundModel
2019-07-25T11:30:47:  Instruments ...............: CTA, HESS, MAGIC, VERITAS
2019-07-25T11:30:47:  Observation identifiers ...: all
2019-07-25T11:30:47:  Model type ................: "PowerLaw" * "Constant"
2019-07-25T11:30:47:  Number of parameters ......: 4
2019-07-25T11:30:47:  Number of spectral par's ..: 3
2019-07-25T11:30:47:   Prefactor ................: 0.992339135590073 [0.01,100] ph/cm2/s/MeV (fixed,scale=1,gradient)
2019-07-25T11:30:47:   Index ....................: -0.00389819275973181 [-5,5]  (fixed,scale=1,gradient)
2019-07-25T11:30:47:   PivotEnergy ..............: 1000000 MeV (fixed,scale=1000000,gradient)
2019-07-25T11:30:47:  Number of temporal par's ..: 1
2019-07-25T11:30:47:   Normalization ............: 1 (relative value) (fixed,scale=1,gradient)
2019-07-25T11:30:47: 
2019-07-25T11:30:47: +=============================+
2019-07-25T11:30:47: | Compute best-fit likelihood |
2019-07-25T11:30:47: +=============================+
2019-07-25T11:32:19: === GOptimizerLM ===
2019-07-25T11:32:19:  Optimized function value ..: -307419.220
2019-07-25T11:32:19:  Absolute precision ........: 0.005
2019-07-25T11:32:19:  Acceptable value decrease .: 2
2019-07-25T11:32:19:  Optimization status .......: converged
2019-07-25T11:32:19:  Number of parameters ......: 11
2019-07-25T11:32:19:  Number of free parameters .: 1
2019-07-25T11:32:19:  Number of iterations ......: 1
2019-07-25T11:32:19:  Lambda ....................: 0.0001
2019-07-25T11:32:19:  Maximum log likelihood ....: -307419.220
2019-07-25T11:32:19: === GModels ===
2019-07-25T11:32:19:  Number of models ..........: 2
2019-07-25T11:32:19:  Number of parameters ......: 11
2019-07-25T11:32:19: === GModelSky ===
2019-07-25T11:32:19:  Name ......................: source3a
2019-07-25T11:32:19:  Instruments ...............: all
2019-07-25T11:32:19:  Test Statistic ............: 17604.237
2019-07-25T11:32:19:  Observation identifiers ...: all
2019-07-25T11:32:19:  Model type ................: PointSource
2019-07-25T11:32:19:  Model components ..........: "PointSource" * "ExponentialCutoffPowerLaw" * "Constant"
2019-07-25T11:32:19:  Number of parameters ......: 7
2019-07-25T11:32:19:  Number of spatial par's ...: 2
2019-07-25T11:32:19:   RA .......................: 83.6331 [-360,360] deg (fixed,scale=1)
2019-07-25T11:32:19:   DEC ......................: 22.0145 [-90,90] deg (fixed,scale=1)
2019-07-25T11:32:19:  Number of spectral par's ..: 4
2019-07-25T11:32:19:   Prefactor ................: 7.6467854199781e-19 [1e-26,1e-16] ph/cm2/s/MeV (fixed,scale=1e-19,gradient)
2019-07-25T11:32:19:   Index ....................: -2.01767266024602 [-0,-5]  (fixed,scale=-1,gradient)
2019-07-25T11:32:19:   CutoffEnergy .............: 1789043814.54367 +/- 4024831587.02314 [1000000,100000000000] MeV (free,scale=100000000,gradient)
2019-07-25T11:32:19:   PivotEnergy ..............: 1000000 [10000,1000000000] MeV (fixed,scale=1000000,gradient)
2019-07-25T11:32:19:  Number of temporal par's ..: 1
2019-07-25T11:32:19:   Normalization ............: 1 (relative value) (fixed,scale=1,gradient)
2019-07-25T11:32:19:  Number of scale par's .....: 0
2019-07-25T11:32:19: === GCTAModelCubeBackground ===
2019-07-25T11:32:19:  Name ......................: BackgroundModel
2019-07-25T11:32:19:  Instruments ...............: CTA, HESS, MAGIC, VERITAS
2019-07-25T11:32:19:  Observation identifiers ...: all
2019-07-25T11:32:19:  Model type ................: "PowerLaw" * "Constant"
2019-07-25T11:32:19:  Number of parameters ......: 4
2019-07-25T11:32:19:  Number of spectral par's ..: 3
2019-07-25T11:32:19:   Prefactor ................: 0.992339135590073 [0.01,100] ph/cm2/s/MeV (fixed,scale=1,gradient)
2019-07-25T11:32:19:   Index ....................: -0.00389819275973181 [-5,5]  (fixed,scale=1,gradient)
2019-07-25T11:32:19:   PivotEnergy ..............: 1000000 MeV (fixed,scale=1000000,gradient)
2019-07-25T11:32:19:  Number of temporal par's ..: 1
2019-07-25T11:32:19:   Normalization ............: 1 (relative value) (fixed,scale=1,gradient)
2019-07-25T11:32:19: 
2019-07-25T11:32:19: +==============================================================+
2019-07-25T11:32:19: | Compute error for source "source3a" parameter "CutoffEnergy" |
2019-07-25T11:32:19: +==============================================================+
2019-07-25T11:32:19:  Confidence level ..........: 95 %
2019-07-25T11:32:19:  Log-likelihood difference .: 1.92073
2019-07-25T11:32:19:  Initial factor range ......: [0.01, 420.37359684775]
2019-07-25T11:32:29:    Iteration 1 .............: [0.01, 17.8904381454367]
2019-07-25T11:32:39:    Iteration 2 .............: [0.01, 8.95021907271834]
2019-07-25T11:32:49:    Iteration 3 .............: [0.01, 4.48010953635917]
2019-07-25T11:32:59:    Iteration 4 .............: [2.24505476817958, 4.48010953635917]
2019-07-25T11:33:09:    Iteration 5 .............: [2.24505476817958, 3.36258215226938]
2019-07-25T11:33:19:    Iteration 6 .............: [2.80381846022448, 3.36258215226938]
2019-07-25T11:33:28:    Iteration 7 .............: [3.08320030624693, 3.36258215226938]
2019-07-25T11:33:38:    Iteration 8 .............: [3.22289122925815, 3.36258215226938]
2019-07-25T11:33:48:    Iteration 9 .............: [3.22289122925815, 3.29273669076376]
2019-07-25T11:33:58:    Iteration 10 ............: [3.22289122925815, 3.25781396001096]
2019-07-25T11:34:08:    Iteration 1 .............: [17.8904381454367, 420.37359684775]
2019-07-25T11:34:17:    Iteration 2 .............: [219.132017496593, 420.37359684775]
2019-07-25T11:34:27:    Iteration 3 .............: [319.752807172172, 420.37359684775]
2019-07-25T11:34:37:    Iteration 4 .............: [370.063202009961, 420.37359684775]
2019-07-25T11:34:47:    Iteration 5 .............: [395.218399428856, 420.37359684775]
2019-07-25T11:34:57:    Iteration 6 .............: [407.795998138303, 420.37359684775]
2019-07-25T11:35:07:    Iteration 7 .............: [414.084797493027, 420.37359684775]
2019-07-25T11:35:17:    Iteration 8 .............: [417.229197170388, 420.37359684775]
2019-07-25T11:35:27:    Iteration 9 .............: [418.801397009069, 420.37359684775]
2019-07-25T11:35:36:    Iteration 10 ............: [419.58749692841, 420.37359684775]
2019-07-25T11:35:46:    Iteration 11 ............: [419.98054688808, 420.37359684775]
2019-07-25T11:35:56:    Iteration 12 ............: [420.177071867915, 420.37359684775]
2019-07-25T11:36:06:    Iteration 13 ............: [420.275334357833, 420.37359684775]
2019-07-25T11:36:16:    Iteration 14 ............: [420.324465602792, 420.37359684775]
2019-07-25T11:36:26:    Iteration 15 ............: [420.349031225271, 420.37359684775]
2019-07-25T11:36:35:    Iteration 16 ............: [420.361314036511, 420.37359684775]
2019-07-25T11:36:45:    Iteration 17 ............: [420.36745544213, 420.37359684775]
2019-07-25T11:36:54:    Iteration 18 ............: [420.37052614494, 420.37359684775]
2019-07-25T11:37:04:    Iteration 19 ............: [420.372061496345, 420.37359684775]
2019-07-25T11:37:14:    Iteration 20 ............: [420.372829172048, 420.37359684775]
2019-07-25T11:37:23:    Iteration 21 ............: [420.373213009899, 420.37359684775]
2019-07-25T11:37:33:    Iteration 22 ............: [420.373404928825, 420.37359684775]
2019-07-25T11:37:43:    Iteration 23 ............: [420.373500888287, 420.37359684775]
2019-07-25T11:37:52:    Iteration 24 ............: [420.373548868019, 420.37359684775]
2019-07-25T11:38:02:    Iteration 25 ............: [420.373572857885, 420.37359684775]
2019-07-25T11:38:11:    Iteration 26 ............: [420.373584852817, 420.37359684775]
2019-07-25T11:38:20:    Iteration 27 ............: [420.373590850284, 420.37359684775]
2019-07-25T11:38:30:    Iteration 28 ............: [420.373593849017, 420.37359684775]
2019-07-25T11:38:39:    Iteration 29 ............: [420.373595348384, 420.37359684775]
2019-07-25T11:38:49:    Iteration 30 ............: [420.373596098067, 420.37359684775]
2019-07-25T11:38:49:  Lower parameter factor ....: 3.24035
2019-07-25T11:38:49:  Upper parameter factor ....: 420.374
2019-07-25T11:38:49:  Error from curvature ......: 4024831587.02314 MeV
2019-07-25T11:38:49:  Error from profile ........: 20856662193.9137 MeV
2019-07-25T11:38:49:  Negative profile error ....: 1465008555.08021 MeV
2019-07-25T11:38:49:  Positive profile error ....: 40248315832.7472 MeV
2019-07-25T11:38:49: 
2019-07-25T11:38:49: +==============+
2019-07-25T11:38:49: | Save results |
2019-07-25T11:38:49: +==============+
2019-07-25T11:38:49:  Model definition file .....: NONE
2019-07-25T11:38:49: 
2019-07-25T11:38:49: Application "cterror" terminated after 484 wall clock seconds, consuming 645.48 seconds of CPU time.
