2019-07-22T16:42:15: ********************************************************************************
2019-07-22T16:42:15: *                                    ctlike                                    *
2019-07-22T16:42:15: * ---------------------------------------------------------------------------- *
2019-07-22T16:42:15: * Version: 1.6.0                                                               *
2019-07-22T16:42:15: ********************************************************************************
2019-07-22T16:42:15: +============+
2019-07-22T16:42:15: | Parameters |
2019-07-22T16:42:15: +============+
2019-07-22T16:42:15:  inobs .....................: /cta/carli/CPPM_Internship/Simulations_and_Analyses/plus_step_AEff_South_z40_50h/source3a/obs_cube.fits
2019-07-22T16:42:15:  inmodel ...................: sourcemodel_cube.xml
2019-07-22T16:42:15:  expcube ...................: /cta/carli/CPPM_Internship/Simulations_and_Analyses/plus_step_AEff_South_z40_50h/source3a/exposure_cube.fits
2019-07-22T16:42:15:  psfcube ...................: /cta/carli/CPPM_Internship/Simulations_and_Analyses/plus_step_AEff_South_z40_50h/source3a/PSF_cube.fits
2019-07-22T16:42:15:  edispcube .................: /cta/carli/CPPM_Internship/Simulations_and_Analyses/plus_step_AEff_South_z40_50h/source3a/edisp_cube.fits
2019-07-22T16:42:15:  bkgcube ...................: /cta/carli/CPPM_Internship/Simulations_and_Analyses/plus_step_AEff_South_z40_50h/source3a/background_cube.fits
2019-07-22T16:42:15:  caldb .....................: prod3b-v2
2019-07-22T16:42:15:  irf .......................: plus_step_AEff_South_z40_50h
2019-07-22T16:42:15:  edisp .....................: yes
2019-07-22T16:42:15:  outmodel ..................: /cta/carli/CPPM_Internship/Simulations_and_Analyses/plus_step_AEff_South_z40_50h/source3a/obsmodel_binned.xml
2019-07-22T16:42:15:  outcovmat .................: NONE
2019-07-22T16:42:15:  statistic .................: DEFAULT
2019-07-22T16:42:15:  refit .....................: no
2019-07-22T16:42:15:  like_accuracy .............: 0.005
2019-07-22T16:42:15:  max_iter ..................: 50
2019-07-22T16:42:15:  fix_spat_for_ts ...........: no
2019-07-22T16:42:15:  nthreads ..................: 0
2019-07-22T16:42:15:  chatter ...................: 4
2019-07-22T16:42:15:  clobber ...................: yes
2019-07-22T16:42:15:  debug .....................: no
2019-07-22T16:42:15:  mode ......................: ql
2019-07-22T16:42:15:  logfile ...................: ctlike.log
2019-07-22T16:42:15: 
2019-07-22T16:42:15: +===================+
2019-07-22T16:42:15: | Input observation |
2019-07-22T16:42:15: +===================+
2019-07-22T16:42:15: === GObservations ===
2019-07-22T16:42:15:  Number of observations ....: 1
2019-07-22T16:42:15:  Number of models ..........: 2
2019-07-22T16:42:15:  Number of observed events .: 309659
2019-07-22T16:42:15:  Number of predicted events : 0
2019-07-22T16:42:15: === GCTAObservation ===
2019-07-22T16:42:15:  Name ......................: 
2019-07-22T16:42:15:  Identifier ................: 000001
2019-07-22T16:42:15:  Instrument ................: CTA
2019-07-22T16:42:15:  Event file ................: /cta/carli/CPPM_Internship/Simulations_and_Analyses/plus_step_AEff_South_z40_50h/source3a/obs_cube.fits
2019-07-22T16:42:15:  Event type ................: CountsCube
2019-07-22T16:42:15:  Statistic .................: cstat
2019-07-22T16:42:15:  Ontime ....................: 144000 s
2019-07-22T16:42:15:  Livetime ..................: 141120 s
2019-07-22T16:42:15:  Deadtime correction .......: 0.98
2019-07-22T16:42:15:  User energy range .........: undefined
2019-07-22T16:42:15: === GCTAPointing ===
2019-07-22T16:42:15:  Pointing direction ........: (RA,Dec)=(84.1331,22.0145)
2019-07-22T16:42:15: === GCTAResponseCube ===
2019-07-22T16:42:15:  Energy dispersion .........: Used
2019-07-22T16:42:15: === GCTACubeExposure ===
2019-07-22T16:42:15:  Filename ..................: /cta/carli/CPPM_Internship/Simulations_and_Analyses/plus_step_AEff_South_z40_50h/source3a/exposure_cube.fits
2019-07-22T16:42:15:  Livetime ..................: 141120 sec
2019-07-22T16:42:15: === GEnergies ===
2019-07-22T16:42:15:  Number of energies ........: 33
2019-07-22T16:42:15: === GGti ===
2019-07-22T16:42:15:  Number of intervals .......: 1
2019-07-22T16:42:15:  Ontime ....................: 144000 sec
2019-07-22T16:42:15:  Elapsed time ..............: 144000 sec
2019-07-22T16:42:15:  MJD range .................: 51544.5 - 51546.1666666667 s (TT)
2019-07-22T16:42:15:  UTC range .................: 2000-01-01T11:58:56 - 2000-01-03T03:58:56 s (TT)
2019-07-22T16:42:15:  Reference MJD .............: 51544.5
2019-07-22T16:42:15: === GSkyMap ===
2019-07-22T16:42:15:  Number of pixels ..........: 6400
2019-07-22T16:42:15:  X axis dimension ..........: 80
2019-07-22T16:42:15:  Y axis dimension ..........: 80
2019-07-22T16:42:15:  Number of maps ............: 33
2019-07-22T16:42:15:  Shape of maps .............: (33)
2019-07-22T16:42:15: === GCTACubePsf ===
2019-07-22T16:42:15:  Filename ..................: /cta/carli/CPPM_Internship/Simulations_and_Analyses/plus_step_AEff_South_z40_50h/source3a/PSF_cube.fits
2019-07-22T16:42:15: === GEnergies ===
2019-07-22T16:42:15:  Number of energies ........: 33
2019-07-22T16:42:15:  Number of delta bins ......: 200
2019-07-22T16:42:15:  Delta range ...............: 1.875e-06 - 0.298501875 deg
2019-07-22T16:42:15: === GSkyMap ===
2019-07-22T16:42:15:  Number of pixels ..........: 1
2019-07-22T16:42:15:  X axis dimension ..........: 1
2019-07-22T16:42:15:  Y axis dimension ..........: 1
2019-07-22T16:42:15:  Number of maps ............: 6600
2019-07-22T16:42:15:  Shape of maps .............: (200, 33)
2019-07-22T16:42:15: === GCTACubeEdisp ===
2019-07-22T16:42:15:  Filename ..................: /cta/carli/CPPM_Internship/Simulations_and_Analyses/plus_step_AEff_South_z40_50h/source3a/edisp_cube.fits
2019-07-22T16:42:15: === GEnergies ===
2019-07-22T16:42:15:  Number of energies ........: 33
2019-07-22T16:42:15:  Number of migra bins ......: 100
2019-07-22T16:42:15:  Migra range ...............: 0.02 - 2
2019-07-22T16:42:15: === GSkyMap ===
2019-07-22T16:42:15:  Number of pixels ..........: 1
2019-07-22T16:42:15:  X axis dimension ..........: 1
2019-07-22T16:42:15:  Y axis dimension ..........: 1
2019-07-22T16:42:15:  Number of maps ............: 3300
2019-07-22T16:42:15:  Shape of maps .............: (100, 33)
2019-07-22T16:42:15: === GCTACubeBackground ===
2019-07-22T16:42:15:  Filename ..................: /cta/carli/CPPM_Internship/Simulations_and_Analyses/plus_step_AEff_South_z40_50h/source3a/background_cube.fits
2019-07-22T16:42:15: === GEbounds ===
2019-07-22T16:42:15:  Number of intervals .......: 32
2019-07-22T16:42:15:  Energy range ..............: 100 GeV - 199.526229858398 TeV
2019-07-22T16:42:15: === GSkyMap ===
2019-07-22T16:42:15:  Number of pixels ..........: 6400
2019-07-22T16:42:15:  X axis dimension ..........: 80
2019-07-22T16:42:15:  Y axis dimension ..........: 80
2019-07-22T16:42:15:  Number of maps ............: 32
2019-07-22T16:42:15:  Shape of maps .............: (32)
2019-07-22T16:42:15: === GCTAResponseCache ===
2019-07-22T16:42:15:  Number of cached values ...: 0
2019-07-22T16:42:15: === GCTAEventCube ===
2019-07-22T16:42:15:  Number of events ..........: 309659
2019-07-22T16:42:15:  Number of elements ........: 204800
2019-07-22T16:42:15:  Number of pixels ..........: 6400
2019-07-22T16:42:15:  Number of energy bins .....: 32
2019-07-22T16:42:15:  Time interval .............: 51544.5 - 51546.1666666667 days
2019-07-22T16:42:15:  Pointing ..................: (RA,Dec)=(84.1331,22.0145)
2019-07-22T16:42:15: === GEbounds ===
2019-07-22T16:42:15:  Number of intervals .......: 32
2019-07-22T16:42:15:  Energy range ..............: 100 GeV - 199.526229858398 TeV
2019-07-22T16:42:15: === GSkyMap ===
2019-07-22T16:42:15:  Number of pixels ..........: 6400
2019-07-22T16:42:15:  X axis dimension ..........: 80
2019-07-22T16:42:15:  Y axis dimension ..........: 80
2019-07-22T16:42:15:  Number of maps ............: 32
2019-07-22T16:42:15:  Shape of maps .............: (32)
2019-07-22T16:42:15: === GSkyRegions ===
2019-07-22T16:42:15:  Number of regions .........: 0
2019-07-22T16:42:15: === GModels ===
2019-07-22T16:42:15:  Number of models ..........: 2
2019-07-22T16:42:15:  Number of parameters ......: 11
2019-07-22T16:42:15: === GModelSky ===
2019-07-22T16:42:15:  Name ......................: source3a
2019-07-22T16:42:15:  Instruments ...............: all
2019-07-22T16:42:15:  Test Statistic ............: Computation requested
2019-07-22T16:42:15:  Observation identifiers ...: all
2019-07-22T16:42:15:  Model type ................: PointSource
2019-07-22T16:42:15:  Model components ..........: "PointSource" * "ExponentialCutoffPowerLaw" * "Constant"
2019-07-22T16:42:15:  Number of parameters ......: 7
2019-07-22T16:42:15:  Number of spatial par's ...: 2
2019-07-22T16:42:15:   RA .......................: 83.6331 [-360,360] deg (fixed,scale=1)
2019-07-22T16:42:15:   DEC ......................: 22.0145 [-90,90] deg (fixed,scale=1)
2019-07-22T16:42:15:  Number of spectral par's ..: 4
2019-07-22T16:42:15:   Prefactor ................: 7.6e-19 +/- 0 [1e-26,1e-16] ph/cm2/s/MeV (free,scale=1e-19,gradient)
2019-07-22T16:42:15:   Index ....................: -2 +/- 0 [-0,-5]  (free,scale=-1,gradient)
2019-07-22T16:42:15:   CutoffEnergy .............: 200000000 +/- 0 [1000000,100000000000] MeV (free,scale=100000000,gradient)
2019-07-22T16:42:15:   PivotEnergy ..............: 1000000 [10000,1000000000] MeV (fixed,scale=1000000,gradient)
2019-07-22T16:42:15:  Number of temporal par's ..: 1
2019-07-22T16:42:15:   Normalization ............: 1 (relative value) (fixed,scale=1,gradient)
2019-07-22T16:42:15:  Number of scale par's .....: 0
2019-07-22T16:42:15: === GCTAModelCubeBackground ===
2019-07-22T16:42:15:  Name ......................: BackgroundModel
2019-07-22T16:42:15:  Instruments ...............: CTA, HESS, MAGIC, VERITAS
2019-07-22T16:42:15:  Observation identifiers ...: all
2019-07-22T16:42:15:  Model type ................: "PowerLaw" * "Constant"
2019-07-22T16:42:15:  Number of parameters ......: 4
2019-07-22T16:42:15:  Number of spectral par's ..: 3
2019-07-22T16:42:15:   Prefactor ................: 1 +/- 0 [0.01,100] ph/cm2/s/MeV (free,scale=1,gradient)
2019-07-22T16:42:15:   Index ....................: 0 +/- 0 [-5,5]  (free,scale=1,gradient)
2019-07-22T16:42:15:   PivotEnergy ..............: 1000000 MeV (fixed,scale=1000000,gradient)
2019-07-22T16:42:15:  Number of temporal par's ..: 1
2019-07-22T16:42:15:   Normalization ............: 1 (relative value) (fixed,scale=1,gradient)
2019-07-22T16:42:15: 
2019-07-22T16:42:15: +=================================+
2019-07-22T16:42:15: | Maximum likelihood optimisation |
2019-07-22T16:42:15: +=================================+
2019-07-22T16:42:47:  >Iteration   0: -logL=-307414.163, Lambda=1.0e-03
2019-07-22T16:43:16:  >Iteration   1: -logL=-307417.868, Lambda=1.0e-03, delta=3.705, step=1.0e+00, max(|grad|)=94.540808 [Index:3]
2019-07-22T16:43:45:  >Iteration   2: -logL=-307418.893, Lambda=1.0e-04, delta=1.025, step=1.0e+00, max(|grad|)=48.959171 [Index:3]
2019-07-22T16:44:14:  >Iteration   3: -logL=-307419.162, Lambda=1.0e-05, delta=0.269, step=1.0e+00, max(|grad|)=21.589650 [Index:3]
2019-07-22T16:44:44:  >Iteration   4: -logL=-307419.215, Lambda=1.0e-06, delta=0.053, step=1.0e+00, max(|grad|)=6.870487 [Index:3]
2019-07-22T16:45:13:  >Iteration   5: -logL=-307419.220, Lambda=1.0e-07, delta=0.005, step=1.0e+00, max(|grad|)=1.067961 [Index:3]
2019-07-22T16:45:42:  >Iteration   6: -logL=-307419.220, Lambda=1.0e-08, delta=0.000, step=1.0e+00, max(|grad|)=0.026594 [Index:3]
2019-07-22T16:45:42:  
2019-07-22T16:45:42:  +==================+
2019-07-22T16:45:42:  | Curvature matrix |
2019-07-22T16:45:42:  +==================+
2019-07-22T16:45:42:  === GMatrixSparse ===
2019-07-22T16:45:42:   Number of rows ............: 11
2019-07-22T16:45:42:   Number of columns .........: 11
2019-07-22T16:45:42:   Number of nonzero elements : 25
2019-07-22T16:45:42:   Number of allocated cells .: 537
2019-07-22T16:45:42:   Memory block size .........: 512
2019-07-22T16:45:42:   Sparse matrix fill ........: 0.206611570247934
2019-07-22T16:45:42:   Pending element ...........: 0
2019-07-22T16:45:42:   Fill stack size ...........: 0 (none)
2019-07-22T16:45:42:   0, 0, 0, 0, 0, 0, 0, 0, 0, 0, 0
2019-07-22T16:45:42:   0, 0, 0, 0, 0, 0, 0, 0, 0, 0, 0
2019-07-22T16:45:42:   0, 0, 67.7178307812673, -231.131659833968, 0.076267416254844, 0, 0, 255.897701289768, -337.562410976396, 0, 0
2019-07-22T16:45:42:   0, 0, -231.131659833968, 8169.03473953397, -1.58207017436023, 0, 0, 2618.94841970634, -4699.25909121352, 0, 0
2019-07-22T16:45:42:   0, 0, 0.076267416254844, -1.58207017436023, 0.000618300248105623, 0, 0, 0.0282553810376975, 0.0046135204506346, 0, 0
2019-07-22T16:45:42:   0, 0, 0, 0, 0, 0, 0, 0, 0, 0, 0
2019-07-22T16:45:42:   0, 0, 0, 0, 0, 0, 0, 0, 0, 0, 0
2019-07-22T16:45:42:   0, 0, 255.897701289767, 2618.94841970635, 0.0282553810376975, 0, 0, 304700.358732532, -476353.104580296, 0, 0
2019-07-22T16:45:42:   0, 0, -337.562410976396, -4699.25909121353, 0.00461352045063459, 0, 0, -476353.104580296, 896273.168327542, 0, 0
2019-07-22T16:45:42:   0, 0, 0, 0, 0, 0, 0, 0, 0, 0, 0
2019-07-22T16:45:42:   0, 0, 0, 0, 0, 0, 0, 0, 0, 0, 0
2019-07-22T16:46:11: 
2019-07-22T16:46:11: +====================================+
2019-07-22T16:46:11: | Maximum likelihood re-optimisation |
2019-07-22T16:46:11: +====================================+
2019-07-22T16:46:12:  >Iteration   0: -logL=-298334.437, Lambda=1.0e-03
2019-07-22T16:46:12:  >Iteration   1: -logL=-298610.337, Lambda=1.0e-03, delta=275.900, step=1.0e+00, max(|grad|)=-1385.128183 [Prefactor:0]
2019-07-22T16:46:13:  >Iteration   2: -logL=-298617.089, Lambda=1.0e-04, delta=6.751, step=1.0e+00, max(|grad|)=-32.625800 [Prefactor:0]
2019-07-22T16:46:13:  >Iteration   3: -logL=-298617.102, Lambda=1.0e-05, delta=0.013, step=1.0e+00, max(|grad|)=-2.870942 [Index:1]
2019-07-22T16:46:14:  >Iteration   4: -logL=-298617.102, Lambda=1.0e-06, delta=0.000, step=1.0e+00, max(|grad|)=-0.145695 [Index:1]
2019-07-22T16:46:14: 
2019-07-22T16:46:14: +============================================+
2019-07-22T16:46:14: | Maximum likelihood re-optimisation results |
2019-07-22T16:46:14: +============================================+
2019-07-22T16:46:14: === GOptimizerLM ===
2019-07-22T16:46:14:  Optimized function value ..: -298617.102
2019-07-22T16:46:14:  Absolute precision ........: 0.005
2019-07-22T16:46:14:  Acceptable value decrease .: 2
2019-07-22T16:46:14:  Optimization status .......: converged
2019-07-22T16:46:14:  Number of parameters ......: 4
2019-07-22T16:46:14:  Number of free parameters .: 2
2019-07-22T16:46:14:  Number of iterations ......: 4
2019-07-22T16:46:14:  Lambda ....................: 1e-07
2019-07-22T16:46:14: 
2019-07-22T16:46:14: +=========================================+
2019-07-22T16:46:14: | Maximum likelihood optimisation results |
2019-07-22T16:46:14: +=========================================+
2019-07-22T16:46:14: === GOptimizerLM ===
2019-07-22T16:46:14:  Optimized function value ..: -307419.220
2019-07-22T16:46:14:  Absolute precision ........: 0.005
2019-07-22T16:46:14:  Acceptable value decrease .: 2
2019-07-22T16:46:14:  Optimization status .......: converged
2019-07-22T16:46:14:  Number of parameters ......: 11
2019-07-22T16:46:14:  Number of free parameters .: 5
2019-07-22T16:46:14:  Number of iterations ......: 6
2019-07-22T16:46:14:  Lambda ....................: 1e-09
2019-07-22T16:46:14:  Maximum log likelihood ....: 307419.220
2019-07-22T16:46:14:  Observed events  (Nobs) ...: 309659.000
2019-07-22T16:46:14:  Predicted events (Npred) ..: 307892.990 (Nobs - Npred = 1766.01011941629)
2019-07-22T16:46:14: === GModels ===
2019-07-22T16:46:14:  Number of models ..........: 2
2019-07-22T16:46:14:  Number of parameters ......: 11
2019-07-22T16:46:14: === GModelSky ===
2019-07-22T16:46:14:  Name ......................: source3a
2019-07-22T16:46:14:  Instruments ...............: all
2019-07-22T16:46:14:  Test Statistic ............: 17604.2370897309
2019-07-22T16:46:14:  Observation identifiers ...: all
2019-07-22T16:46:14:  Model type ................: PointSource
2019-07-22T16:46:14:  Model components ..........: "PointSource" * "ExponentialCutoffPowerLaw" * "Constant"
2019-07-22T16:46:14:  Number of parameters ......: 7
2019-07-22T16:46:14:  Number of spatial par's ...: 2
2019-07-22T16:46:14:   RA .......................: 83.6331 [-360,360] deg (fixed,scale=1)
2019-07-22T16:46:14:   DEC ......................: 22.0145 [-90,90] deg (fixed,scale=1)
2019-07-22T16:46:14:  Number of spectral par's ..: 4
2019-07-22T16:46:14:   Prefactor ................: 7.6467854199781e-19 +/- 1.31616669978634e-20 [1e-26,1e-16] ph/cm2/s/MeV (free,scale=1e-19,gradient)
2019-07-22T16:46:14:   Index ....................: -2.01767266024602 +/- 0.0156734234009025 [-0,-5]  (free,scale=-1,gradient)
2019-07-22T16:46:14:   CutoffEnergy .............: 1788328257.20485 +/- 5820409224.8819 [1000000,100000000000] MeV (free,scale=100000000,gradient)
2019-07-22T16:46:14:   PivotEnergy ..............: 1000000 [10000,1000000000] MeV (fixed,scale=1000000,gradient)
2019-07-22T16:46:14:  Number of temporal par's ..: 1
2019-07-22T16:46:14:   Normalization ............: 1 (relative value) (fixed,scale=1,gradient)
2019-07-22T16:46:14:  Number of scale par's .....: 0
2019-07-22T16:46:14: === GCTAModelCubeBackground ===
2019-07-22T16:46:14:  Name ......................: BackgroundModel
2019-07-22T16:46:14:  Instruments ...............: CTA, HESS, MAGIC, VERITAS
2019-07-22T16:46:14:  Observation identifiers ...: all
2019-07-22T16:46:14:  Model type ................: "PowerLaw" * "Constant"
2019-07-22T16:46:14:  Number of parameters ......: 4
2019-07-22T16:46:14:  Number of spectral par's ..: 3
2019-07-22T16:46:14:   Prefactor ................: 0.992339135590073 +/- 0.00440995875636534 [0.01,100] ph/cm2/s/MeV (free,scale=1,gradient)
2019-07-22T16:46:14:   Index ....................: -0.00389819275973181 +/- 0.00256951483954086 [-5,5]  (free,scale=1,gradient)
2019-07-22T16:46:14:   PivotEnergy ..............: 1000000 MeV (fixed,scale=1000000,gradient)
2019-07-22T16:46:14:  Number of temporal par's ..: 1
2019-07-22T16:46:14:   Normalization ............: 1 (relative value) (fixed,scale=1,gradient)
2019-07-22T16:46:14: 
2019-07-22T16:46:14: +==============+
2019-07-22T16:46:14: | Save results |
2019-07-22T16:46:14: +==============+
2019-07-22T16:46:14:  Model definition file .....: /cta/carli/CPPM_Internship/Simulations_and_Analyses/plus_step_AEff_South_z40_50h/source3a/obsmodel_binned.xml
2019-07-22T16:46:14:  Covariance matrix file ....: NONE
2019-07-22T16:46:14: 
2019-07-22T16:46:14: Application "ctlike" terminated after 239 wall clock seconds, consuming 247.11 seconds of CPU time.
