2019-07-22T17:55:37: ********************************************************************************
2019-07-22T17:55:37: *                                    ctlike                                    *
2019-07-22T17:55:37: * ---------------------------------------------------------------------------- *
2019-07-22T17:55:37: * Version: 1.6.0                                                               *
2019-07-22T17:55:37: ********************************************************************************
2019-07-22T17:55:37: +============+
2019-07-22T17:55:37: | Parameters |
2019-07-22T17:55:37: +============+
2019-07-22T17:55:37:  inobs .....................: /cta/carli/CPPM_Internship/Simulations_and_Analyses/minus_gradient_AEff_South_z40_50h/source3c/obs_cube.fits
2019-07-22T17:55:37:  inmodel ...................: sourcemodel_cube.xml
2019-07-22T17:55:37:  expcube ...................: /cta/carli/CPPM_Internship/Simulations_and_Analyses/minus_gradient_AEff_South_z40_50h/source3c/exposure_cube.fits
2019-07-22T17:55:37:  psfcube ...................: /cta/carli/CPPM_Internship/Simulations_and_Analyses/minus_gradient_AEff_South_z40_50h/source3c/PSF_cube.fits
2019-07-22T17:55:37:  edispcube .................: /cta/carli/CPPM_Internship/Simulations_and_Analyses/minus_gradient_AEff_South_z40_50h/source3c/edisp_cube.fits
2019-07-22T17:55:37:  bkgcube ...................: /cta/carli/CPPM_Internship/Simulations_and_Analyses/minus_gradient_AEff_South_z40_50h/source3c/background_cube.fits
2019-07-22T17:55:37:  caldb .....................: prod3b-v2
2019-07-22T17:55:37:  irf .......................: minus_gradient_AEff_South_z40_50h
2019-07-22T17:55:37:  edisp .....................: yes
2019-07-22T17:55:37:  outmodel ..................: /cta/carli/CPPM_Internship/Simulations_and_Analyses/minus_gradient_AEff_South_z40_50h/source3c/obsmodel_binned.xml
2019-07-22T17:55:37:  outcovmat .................: NONE
2019-07-22T17:55:37:  statistic .................: DEFAULT
2019-07-22T17:55:37:  refit .....................: no
2019-07-22T17:55:37:  like_accuracy .............: 0.005
2019-07-22T17:55:37:  max_iter ..................: 50
2019-07-22T17:55:37:  fix_spat_for_ts ...........: no
2019-07-22T17:55:37:  nthreads ..................: 0
2019-07-22T17:55:37:  chatter ...................: 4
2019-07-22T17:55:37:  clobber ...................: yes
2019-07-22T17:55:37:  debug .....................: no
2019-07-22T17:55:37:  mode ......................: ql
2019-07-22T17:55:37:  logfile ...................: ctlike.log
2019-07-22T17:55:37: 
2019-07-22T17:55:37: +===================+
2019-07-22T17:55:37: | Input observation |
2019-07-22T17:55:37: +===================+
2019-07-22T17:55:37: === GObservations ===
2019-07-22T17:55:37:  Number of observations ....: 1
2019-07-22T17:55:37:  Number of models ..........: 2
2019-07-22T17:55:37:  Number of observed events .: 320615
2019-07-22T17:55:37:  Number of predicted events : 0
2019-07-22T17:55:37: === GCTAObservation ===
2019-07-22T17:55:37:  Name ......................: 
2019-07-22T17:55:37:  Identifier ................: 000001
2019-07-22T17:55:37:  Instrument ................: CTA
2019-07-22T17:55:37:  Event file ................: /cta/carli/CPPM_Internship/Simulations_and_Analyses/minus_gradient_AEff_South_z40_50h/source3c/obs_cube.fits
2019-07-22T17:55:37:  Event type ................: CountsCube
2019-07-22T17:55:37:  Statistic .................: cstat
2019-07-22T17:55:37:  Ontime ....................: 144000 s
2019-07-22T17:55:37:  Livetime ..................: 141120 s
2019-07-22T17:55:37:  Deadtime correction .......: 0.98
2019-07-22T17:55:37:  User energy range .........: undefined
2019-07-22T17:55:37: === GCTAPointing ===
2019-07-22T17:55:37:  Pointing direction ........: (RA,Dec)=(84.1331,22.0145)
2019-07-22T17:55:37: === GCTAResponseCube ===
2019-07-22T17:55:37:  Energy dispersion .........: Used
2019-07-22T17:55:37: === GCTACubeExposure ===
2019-07-22T17:55:37:  Filename ..................: /cta/carli/CPPM_Internship/Simulations_and_Analyses/minus_gradient_AEff_South_z40_50h/source3c/exposure_cube.fits
2019-07-22T17:55:37:  Livetime ..................: 141120 sec
2019-07-22T17:55:37: === GEnergies ===
2019-07-22T17:55:37:  Number of energies ........: 33
2019-07-22T17:55:37: === GGti ===
2019-07-22T17:55:37:  Number of intervals .......: 1
2019-07-22T17:55:37:  Ontime ....................: 144000 sec
2019-07-22T17:55:37:  Elapsed time ..............: 144000 sec
2019-07-22T17:55:37:  MJD range .................: 51544.5 - 51546.1666666667 s (TT)
2019-07-22T17:55:37:  UTC range .................: 2000-01-01T11:58:56 - 2000-01-03T03:58:56 s (TT)
2019-07-22T17:55:37:  Reference MJD .............: 51544.5
2019-07-22T17:55:37: === GSkyMap ===
2019-07-22T17:55:37:  Number of pixels ..........: 6400
2019-07-22T17:55:37:  X axis dimension ..........: 80
2019-07-22T17:55:37:  Y axis dimension ..........: 80
2019-07-22T17:55:37:  Number of maps ............: 33
2019-07-22T17:55:37:  Shape of maps .............: (33)
2019-07-22T17:55:37: === GCTACubePsf ===
2019-07-22T17:55:37:  Filename ..................: /cta/carli/CPPM_Internship/Simulations_and_Analyses/minus_gradient_AEff_South_z40_50h/source3c/PSF_cube.fits
2019-07-22T17:55:37: === GEnergies ===
2019-07-22T17:55:37:  Number of energies ........: 33
2019-07-22T17:55:37:  Number of delta bins ......: 200
2019-07-22T17:55:37:  Delta range ...............: 1.875e-06 - 0.298501875 deg
2019-07-22T17:55:37: === GSkyMap ===
2019-07-22T17:55:37:  Number of pixels ..........: 1
2019-07-22T17:55:37:  X axis dimension ..........: 1
2019-07-22T17:55:37:  Y axis dimension ..........: 1
2019-07-22T17:55:37:  Number of maps ............: 6600
2019-07-22T17:55:37:  Shape of maps .............: (200, 33)
2019-07-22T17:55:37: === GCTACubeEdisp ===
2019-07-22T17:55:37:  Filename ..................: /cta/carli/CPPM_Internship/Simulations_and_Analyses/minus_gradient_AEff_South_z40_50h/source3c/edisp_cube.fits
2019-07-22T17:55:37: === GEnergies ===
2019-07-22T17:55:37:  Number of energies ........: 33
2019-07-22T17:55:37:  Number of migra bins ......: 100
2019-07-22T17:55:37:  Migra range ...............: 0.02 - 2
2019-07-22T17:55:37: === GSkyMap ===
2019-07-22T17:55:37:  Number of pixels ..........: 1
2019-07-22T17:55:37:  X axis dimension ..........: 1
2019-07-22T17:55:37:  Y axis dimension ..........: 1
2019-07-22T17:55:37:  Number of maps ............: 3300
2019-07-22T17:55:37:  Shape of maps .............: (100, 33)
2019-07-22T17:55:37: === GCTACubeBackground ===
2019-07-22T17:55:37:  Filename ..................: /cta/carli/CPPM_Internship/Simulations_and_Analyses/minus_gradient_AEff_South_z40_50h/source3c/background_cube.fits
2019-07-22T17:55:37: === GEbounds ===
2019-07-22T17:55:37:  Number of intervals .......: 32
2019-07-22T17:55:37:  Energy range ..............: 100 GeV - 199.526229858398 TeV
2019-07-22T17:55:37: === GSkyMap ===
2019-07-22T17:55:37:  Number of pixels ..........: 6400
2019-07-22T17:55:37:  X axis dimension ..........: 80
2019-07-22T17:55:37:  Y axis dimension ..........: 80
2019-07-22T17:55:37:  Number of maps ............: 32
2019-07-22T17:55:37:  Shape of maps .............: (32)
2019-07-22T17:55:37: === GCTAResponseCache ===
2019-07-22T17:55:37:  Number of cached values ...: 0
2019-07-22T17:55:37: === GCTAEventCube ===
2019-07-22T17:55:37:  Number of events ..........: 320615
2019-07-22T17:55:37:  Number of elements ........: 204800
2019-07-22T17:55:37:  Number of pixels ..........: 6400
2019-07-22T17:55:37:  Number of energy bins .....: 32
2019-07-22T17:55:37:  Time interval .............: 51544.5 - 51546.1666666667 days
2019-07-22T17:55:37:  Pointing ..................: (RA,Dec)=(84.1331,22.0145)
2019-07-22T17:55:37: === GEbounds ===
2019-07-22T17:55:37:  Number of intervals .......: 32
2019-07-22T17:55:37:  Energy range ..............: 100 GeV - 199.526229858398 TeV
2019-07-22T17:55:37: === GSkyMap ===
2019-07-22T17:55:37:  Number of pixels ..........: 6400
2019-07-22T17:55:37:  X axis dimension ..........: 80
2019-07-22T17:55:37:  Y axis dimension ..........: 80
2019-07-22T17:55:37:  Number of maps ............: 32
2019-07-22T17:55:37:  Shape of maps .............: (32)
2019-07-22T17:55:37: === GSkyRegions ===
2019-07-22T17:55:37:  Number of regions .........: 0
2019-07-22T17:55:37: === GModels ===
2019-07-22T17:55:37:  Number of models ..........: 2
2019-07-22T17:55:37:  Number of parameters ......: 11
2019-07-22T17:55:37: === GModelSky ===
2019-07-22T17:55:37:  Name ......................: source3c
2019-07-22T17:55:37:  Instruments ...............: all
2019-07-22T17:55:37:  Test Statistic ............: Computation requested
2019-07-22T17:55:37:  Observation identifiers ...: all
2019-07-22T17:55:37:  Model type ................: PointSource
2019-07-22T17:55:37:  Model components ..........: "PointSource" * "ExponentialCutoffPowerLaw" * "Constant"
2019-07-22T17:55:37:  Number of parameters ......: 7
2019-07-22T17:55:37:  Number of spatial par's ...: 2
2019-07-22T17:55:37:   RA .......................: 83.6331 [-360,360] deg (fixed,scale=1)
2019-07-22T17:55:37:   DEC ......................: 22.0145 [-90,90] deg (fixed,scale=1)
2019-07-22T17:55:37:  Number of spectral par's ..: 4
2019-07-22T17:55:37:   Prefactor ................: 2.28e-18 +/- 0 [1e-25,1e-15] ph/cm2/s/MeV (free,scale=1e-18,gradient)
2019-07-22T17:55:37:   Index ....................: -2 +/- 0 [-0,-5]  (free,scale=-1,gradient)
2019-07-22T17:55:37:   CutoffEnergy .............: 200000000 +/- 0 [1000000,100000000000] MeV (free,scale=100000000,gradient)
2019-07-22T17:55:37:   PivotEnergy ..............: 1000000 [10000,1000000000] MeV (fixed,scale=1000000,gradient)
2019-07-22T17:55:37:  Number of temporal par's ..: 1
2019-07-22T17:55:37:   Normalization ............: 1 (relative value) (fixed,scale=1,gradient)
2019-07-22T17:55:37:  Number of scale par's .....: 0
2019-07-22T17:55:37: === GCTAModelCubeBackground ===
2019-07-22T17:55:37:  Name ......................: BackgroundModel
2019-07-22T17:55:37:  Instruments ...............: CTA, HESS, MAGIC, VERITAS
2019-07-22T17:55:37:  Observation identifiers ...: all
2019-07-22T17:55:37:  Model type ................: "PowerLaw" * "Constant"
2019-07-22T17:55:37:  Number of parameters ......: 4
2019-07-22T17:55:37:  Number of spectral par's ..: 3
2019-07-22T17:55:37:   Prefactor ................: 1 +/- 0 [0.01,100] ph/cm2/s/MeV (free,scale=1,gradient)
2019-07-22T17:55:37:   Index ....................: 0 +/- 0 [-5,5]  (free,scale=1,gradient)
2019-07-22T17:55:37:   PivotEnergy ..............: 1000000 MeV (fixed,scale=1000000,gradient)
2019-07-22T17:55:37:  Number of temporal par's ..: 1
2019-07-22T17:55:37:   Normalization ............: 1 (relative value) (fixed,scale=1,gradient)
2019-07-22T17:55:37: 
2019-07-22T17:55:37: +=================================+
2019-07-22T17:55:37: | Maximum likelihood optimisation |
2019-07-22T17:55:37: +=================================+
2019-07-22T17:56:09:  >Iteration   0: -logL=-335025.164, Lambda=1.0e-03
2019-07-22T17:56:38:  >Iteration   1: -logL=-335032.327, Lambda=1.0e-03, delta=7.163, step=1.0e+00, max(|grad|)=193.962942 [Index:3]
2019-07-22T17:57:07:  >Iteration   2: -logL=-335034.274, Lambda=1.0e-04, delta=1.947, step=1.0e+00, max(|grad|)=91.691956 [Index:3]
2019-07-22T17:57:36:  >Iteration   3: -logL=-335034.716, Lambda=1.0e-05, delta=0.443, step=1.0e+00, max(|grad|)=32.380831 [Index:3]
2019-07-22T17:58:05:  >Iteration   4: -logL=-335034.776, Lambda=1.0e-06, delta=0.060, step=1.0e+00, max(|grad|)=6.540975 [Index:3]
2019-07-22T17:58:34:  >Iteration   5: -logL=-335034.779, Lambda=1.0e-07, delta=0.003, step=1.0e+00, max(|grad|)=0.479537 [Index:3]
2019-07-22T17:58:34:  
2019-07-22T17:58:34:  +==================+
2019-07-22T17:58:34:  | Curvature matrix |
2019-07-22T17:58:34:  +==================+
2019-07-22T17:58:34:  === GMatrixSparse ===
2019-07-22T17:58:34:   Number of rows ............: 11
2019-07-22T17:58:34:   Number of columns .........: 11
2019-07-22T17:58:34:   Number of nonzero elements : 25
2019-07-22T17:58:34:   Number of allocated cells .: 537
2019-07-22T17:58:34:   Memory block size .........: 512
2019-07-22T17:58:34:   Sparse matrix fill ........: 0.206611570247934
2019-07-22T17:58:34:   Pending element ...........: 0
2019-07-22T17:58:34:   Fill stack size ...........: 0 (none)
2019-07-22T17:58:34:   0, 0, 0, 0, 0, 0, 0, 0, 0, 0, 0
2019-07-22T17:58:34:   0, 0, 0, 0, 0, 0, 0, 0, 0, 0, 0
2019-07-22T17:58:34:   0, 0, 2620.15932011649, -1537.1789519797, 3.71569361082016, 0, 0, 1698.96028369641, -2501.67411341683, 0, 0
2019-07-22T17:58:34:   0, 0, -1537.1789519797, 27561.5744813709, -22.3218045578269, 0, 0, 5686.5165141575, -10346.8857553905, 0, 0
2019-07-22T17:58:34:   0, 0, 3.71569361082016, -22.3218045578269, 0.0430061700281221, 0, 0, 0.210711898863262, -0.000157849678195782, 0, 0
2019-07-22T17:58:34:   0, 0, 0, 0, 0, 0, 0, 0, 0, 0, 0
2019-07-22T17:58:34:   0, 0, 0, 0, 0, 0, 0, 0, 0, 0, 0
2019-07-22T17:58:34:   0, 0, 1698.96028369641, 5686.51651415749, 0.210711898863262, 0, 0, 302761.616617559, -473245.764416838, 0, 0
2019-07-22T17:58:34:   0, 0, -2501.67411341683, -10346.8857553905, -0.000157849678195911, 0, 0, -473245.764416838, 890744.975299687, 0, 0
2019-07-22T17:58:34:   0, 0, 0, 0, 0, 0, 0, 0, 0, 0, 0
2019-07-22T17:58:34:   0, 0, 0, 0, 0, 0, 0, 0, 0, 0, 0
2019-07-22T17:59:03: 
2019-07-22T17:59:03: +====================================+
2019-07-22T17:59:03: | Maximum likelihood re-optimisation |
2019-07-22T17:59:03: +====================================+
2019-07-22T17:59:04:  >Iteration   0: -logL=-298144.844, Lambda=1.0e-03
2019-07-22T17:59:04:  >Iteration   1: -logL=-300110.228, Lambda=1.0e-03, delta=1965.384, step=1.0e+00, max(|grad|)=-6664.937783 [Prefactor:0]
2019-07-22T17:59:05:  >Iteration   2: -logL=-300316.600, Lambda=1.0e-04, delta=206.372, step=1.0e+00, max(|grad|)=-704.817124 [Prefactor:0]
2019-07-22T17:59:05:  >Iteration   3: -logL=-300320.184, Lambda=1.0e-05, delta=3.584, step=1.0e+00, max(|grad|)=-74.289740 [Index:1]
2019-07-22T17:59:06:  >Iteration   4: -logL=-300320.209, Lambda=1.0e-06, delta=0.025, step=1.0e+00, max(|grad|)=-9.536712 [Index:1]
2019-07-22T17:59:07:  >Iteration   5: -logL=-300320.209, Lambda=1.0e-07, delta=0.000, step=1.0e+00, max(|grad|)=-0.933483 [Index:1]
2019-07-22T17:59:07: 
2019-07-22T17:59:07: +============================================+
2019-07-22T17:59:07: | Maximum likelihood re-optimisation results |
2019-07-22T17:59:07: +============================================+
2019-07-22T17:59:07: === GOptimizerLM ===
2019-07-22T17:59:07:  Optimized function value ..: -300320.209
2019-07-22T17:59:07:  Absolute precision ........: 0.005
2019-07-22T17:59:07:  Acceptable value decrease .: 2
2019-07-22T17:59:07:  Optimization status .......: converged
2019-07-22T17:59:07:  Number of parameters ......: 4
2019-07-22T17:59:07:  Number of free parameters .: 2
2019-07-22T17:59:07:  Number of iterations ......: 5
2019-07-22T17:59:07:  Lambda ....................: 1e-08
2019-07-22T17:59:07: 
2019-07-22T17:59:07: +=========================================+
2019-07-22T17:59:07: | Maximum likelihood optimisation results |
2019-07-22T17:59:07: +=========================================+
2019-07-22T17:59:07: === GOptimizerLM ===
2019-07-22T17:59:07:  Optimized function value ..: -335034.779
2019-07-22T17:59:07:  Absolute precision ........: 0.005
2019-07-22T17:59:07:  Acceptable value decrease .: 2
2019-07-22T17:59:07:  Optimization status .......: converged
2019-07-22T17:59:07:  Number of parameters ......: 11
2019-07-22T17:59:07:  Number of free parameters .: 5
2019-07-22T17:59:07:  Number of iterations ......: 5
2019-07-22T17:59:07:  Lambda ....................: 1e-08
2019-07-22T17:59:07:  Maximum log likelihood ....: 335034.779
2019-07-22T17:59:07:  Observed events  (Nobs) ...: 320615.000
2019-07-22T17:59:07:  Predicted events (Npred) ..: 318847.832 (Nobs - Npred = 1767.16789033753)
2019-07-22T17:59:07: === GModels ===
2019-07-22T17:59:07:  Number of models ..........: 2
2019-07-22T17:59:07:  Number of parameters ......: 11
2019-07-22T17:59:07: === GModelSky ===
2019-07-22T17:59:07:  Name ......................: source3c
2019-07-22T17:59:07:  Instruments ...............: all
2019-07-22T17:59:07:  Test Statistic ............: 69429.1391728104
2019-07-22T17:59:07:  Observation identifiers ...: all
2019-07-22T17:59:07:  Model type ................: PointSource
2019-07-22T17:59:07:  Model components ..........: "PointSource" * "ExponentialCutoffPowerLaw" * "Constant"
2019-07-22T17:59:07:  Number of parameters ......: 7
2019-07-22T17:59:07:  Number of spatial par's ...: 2
2019-07-22T17:59:07:   RA .......................: 83.6331 [-360,360] deg (fixed,scale=1)
2019-07-22T17:59:07:   DEC ......................: 22.0145 [-90,90] deg (fixed,scale=1)
2019-07-22T17:59:07:  Number of spectral par's ..: 4
2019-07-22T17:59:07:   Prefactor ................: 2.23463041499174e-18 +/- 2.09357934087623e-20 [1e-25,1e-15] ph/cm2/s/MeV (free,scale=1e-18,gradient)
2019-07-22T17:59:07:   Index ....................: -2.0077136453092 +/- 0.00795630252046693 [-0,-5]  (free,scale=-1,gradient)
2019-07-22T17:59:07:   CutoffEnergy .............: 822071558.83463 +/- 666865802.730756 [1000000,100000000000] MeV (free,scale=100000000,gradient)
2019-07-22T17:59:07:   PivotEnergy ..............: 1000000 [10000,1000000000] MeV (fixed,scale=1000000,gradient)
2019-07-22T17:59:07:  Number of temporal par's ..: 1
2019-07-22T17:59:07:   Normalization ............: 1 (relative value) (fixed,scale=1,gradient)
2019-07-22T17:59:07:  Number of scale par's .....: 0
2019-07-22T17:59:07: === GCTAModelCubeBackground ===
2019-07-22T17:59:07:  Name ......................: BackgroundModel
2019-07-22T17:59:07:  Instruments ...............: CTA, HESS, MAGIC, VERITAS
2019-07-22T17:59:07:  Observation identifiers ...: all
2019-07-22T17:59:07:  Model type ................: "PowerLaw" * "Constant"
2019-07-22T17:59:07:  Number of parameters ......: 4
2019-07-22T17:59:07:  Number of spectral par's ..: 3
2019-07-22T17:59:07:   Prefactor ................: 0.992484671928089 +/- 0.00441634920204063 [0.01,100] ph/cm2/s/MeV (free,scale=1,gradient)
2019-07-22T17:59:07:   Index ....................: -0.00381451015421632 +/- 0.00257429059313797 [-5,5]  (free,scale=1,gradient)
2019-07-22T17:59:07:   PivotEnergy ..............: 1000000 MeV (fixed,scale=1000000,gradient)
2019-07-22T17:59:07:  Number of temporal par's ..: 1
2019-07-22T17:59:07:   Normalization ............: 1 (relative value) (fixed,scale=1,gradient)
2019-07-22T17:59:07: 
2019-07-22T17:59:07: +==============+
2019-07-22T17:59:07: | Save results |
2019-07-22T17:59:07: +==============+
2019-07-22T17:59:07:  Model definition file .....: /cta/carli/CPPM_Internship/Simulations_and_Analyses/minus_gradient_AEff_South_z40_50h/source3c/obsmodel_binned.xml
2019-07-22T17:59:07:  Covariance matrix file ....: NONE
2019-07-22T17:59:07: 
2019-07-22T17:59:07: Application "ctlike" terminated after 211 wall clock seconds, consuming 218.32 seconds of CPU time.
