2019-07-22T12:15:07: ********************************************************************************
2019-07-22T12:15:07: *                                   ctobssim                                   *
2019-07-22T12:15:07: * ---------------------------------------------------------------------------- *
2019-07-22T12:15:07: * Version: 1.6.0                                                               *
2019-07-22T12:15:07: ********************************************************************************
2019-07-22T12:15:07: +============+
2019-07-22T12:15:07: | Parameters |
2019-07-22T12:15:07: +============+
2019-07-22T12:15:07:  inobs .....................: NONE
2019-07-22T12:15:07:  inmodel ...................: /cta/carli/anaconda3/share/models/source3c.xml
2019-07-22T12:15:07:  caldb .....................: prod3b-v2
2019-07-22T12:15:07:  irf .......................: minus_gradient_AEff_South_z40_50h
2019-07-22T12:15:07:  edisp .....................: yes
2019-07-22T12:15:07:  outevents .................: /cta/carli/CPPM_Internship/Simulations_and_Analyses/minus_gradient_AEff_South_z40_50h/source3c/obs.fits
2019-07-22T12:15:07:  prefix ....................: sim_events_
2019-07-22T12:15:07:  startindex ................: 1
2019-07-22T12:15:07:  seed ......................: 1000
2019-07-22T12:15:07:  ra ........................: 84.1331
2019-07-22T12:15:07:  dec .......................: 22.0145
2019-07-22T12:15:07:  rad .......................: 0.8
2019-07-22T12:15:07:  tmin ......................: 0
2019-07-22T12:15:07:  tmax ......................: 144000
2019-07-22T12:15:07:  mjdref ....................: 51544.5
2019-07-22T12:15:07:  emin ......................: 0.1
2019-07-22T12:15:07:  emax ......................: 199.526229858398
2019-07-22T12:15:07:  deadc .....................: 0.98
2019-07-22T12:15:07:  maxrate ...................: 1.0e6
2019-07-22T12:15:07:  eslices ...................: 10
2019-07-22T12:15:07:  nthreads ..................: 0
2019-07-22T12:15:07:  publish ...................: no
2019-07-22T12:15:07:  chatter ...................: 4
2019-07-22T12:15:07:  clobber ...................: yes
2019-07-22T12:15:07:  debug .....................: no
2019-07-22T12:15:07:  mode ......................: ql
2019-07-22T12:15:07:  logfile ...................: ctobssim.log
2019-07-22T12:15:07: 
2019-07-22T12:15:07: +================+
2019-07-22T12:15:07: | Execution mode |
2019-07-22T12:15:07: +================+
2019-07-22T12:15:07:  Event list management .....: Save and dispose (reduces memory needs)
2019-07-22T12:15:07:  Output format .............: Write single event list FITS file
2019-07-22T12:15:07: 
2019-07-22T12:15:07: +=============+
2019-07-22T12:15:07: | Seed values |
2019-07-22T12:15:07: +=============+
2019-07-22T12:15:07:  Seed 0 ....................: 6233869624
2019-07-22T12:15:07: 
2019-07-22T12:15:07: +===================+
2019-07-22T12:15:07: | Input observation |
2019-07-22T12:15:07: +===================+
2019-07-22T12:15:07: === GObservations ===
2019-07-22T12:15:07:  Number of observations ....: 1
2019-07-22T12:15:07:  Number of models ..........: 2
2019-07-22T12:15:07:  Number of observed events .: 0
2019-07-22T12:15:07:  Number of predicted events : 0
2019-07-22T12:15:07: === GCTAObservation ===
2019-07-22T12:15:07:  Name ......................: 
2019-07-22T12:15:07:  Identifier ................: 
2019-07-22T12:15:07:  Instrument ................: CTA
2019-07-22T12:15:07:  Event file ................: 
2019-07-22T12:15:07:  Event type ................: EventList
2019-07-22T12:15:07:  Statistic .................: cstat
2019-07-22T12:15:07:  Ontime ....................: 144000 s
2019-07-22T12:15:07:  Livetime ..................: 141120 s
2019-07-22T12:15:07:  Deadtime correction .......: 0.98
2019-07-22T12:15:07:  User energy range .........: undefined
2019-07-22T12:15:07: === GCTAPointing ===
2019-07-22T12:15:07:  Pointing direction ........: (RA,Dec)=(84.1331,22.0145)
2019-07-22T12:15:07: === GCTAResponseIrf ===
2019-07-22T12:15:07:  Caldb mission .............: cta
2019-07-22T12:15:07:  Caldb instrument ..........: prod3b-v2
2019-07-22T12:15:07:  Response name .............: minus_gradient_AEff_South_z40_50h
2019-07-22T12:15:07:  Energy dispersion .........: Used
2019-07-22T12:15:07:  Safe energy range .........: undefined
2019-07-22T12:15:07: === GCaldb ===
2019-07-22T12:15:07:  Database root .............: /cta/carli/anaconda3/share/caldb
2019-07-22T12:15:07:  Selected Mission ..........: CTA
2019-07-22T12:15:07:  Selected Instrument .......: PROD3B-V2
2019-07-22T12:15:07:  Calibration Index File ....: /cta/carli/anaconda3/share/caldb/data/cta/prod3b-v2/caldb.indx
2019-07-22T12:15:07:  Number of entries .........: 240
2019-07-22T12:15:07: === GCTAAeff2D ===
2019-07-22T12:15:07:  Filename ..................: /cta/carli/anaconda3/share/caldb/data/cta/prod3b-v2/bcf/minus_gradient_AEff_South_z40_50h/irf_file.fits
2019-07-22T12:15:07:  Number of energy bins .....: 42
2019-07-22T12:15:07:  Number of offset bins .....: 6
2019-07-22T12:15:07:  Log10(Energy) range .......: 0.0125892544165254 - 199.526229858398 TeV
2019-07-22T12:15:07:  Offset angle range ........: 0 - 6 deg
2019-07-22T12:15:07:  Lower energy threshold ....: not specified
2019-07-22T12:15:07:  Upper energy threshold ....: not specified
2019-07-22T12:15:07:  Radius cut ................: none
2019-07-22T12:15:07: === GCTAPsf2D ===
2019-07-22T12:15:07:  Filename ..................: /cta/carli/anaconda3/share/caldb/data/cta/prod3b-v2/bcf/minus_gradient_AEff_South_z40_50h/irf_file.fits
2019-07-22T12:15:07:  Number of energy bins .....: 25
2019-07-22T12:15:07:  Number of offset bins .....: 6
2019-07-22T12:15:07:  Log10(Energy) range .......: 0.0125892544165254 - 1258.92541503906 TeV
2019-07-22T12:15:07:  Offset angle range ........: 0 - 6 deg
2019-07-22T12:15:07: === GCTAEdisp2D ===
2019-07-22T12:15:07:  Filename ..................: /cta/carli/anaconda3/share/caldb/data/cta/prod3b-v2/bcf/minus_gradient_AEff_South_z40_50h/irf_file.fits
2019-07-22T12:15:07:  Number of energy bins .....: 500
2019-07-22T12:15:07:  Number of migration bins ..: 300
2019-07-22T12:15:07:  Number of offset bins .....: 6
2019-07-22T12:15:07:  Log10(Energy) range .......: 0.00501187238842249 - 501.187225341797 TeV
2019-07-22T12:15:07:  Migration range ...........: 0 - 3
2019-07-22T12:15:07:  Offset angle range ........: 0 - 6 deg
2019-07-22T12:15:07: === GCTABackground3D ===
2019-07-22T12:15:07:  Filename ..................: /cta/carli/anaconda3/share/caldb/data/cta/prod3b-v2/bcf/minus_gradient_AEff_South_z40_50h/irf_file.fits
2019-07-22T12:15:07:  Number of DETX bins .......: 36
2019-07-22T12:15:07:  Number of DETY bins .......: 36
2019-07-22T12:15:07:  Number of energy bins .....: 21
2019-07-22T12:15:07:  DETX range ................: -6 - 6 deg
2019-07-22T12:15:07:  DETX range ................: -6 - 6 deg
2019-07-22T12:15:07:  Energy range ..............: 0.0125892544165254 - 199.526229858398 TeV
2019-07-22T12:15:07: === GCTAResponseCache ===
2019-07-22T12:15:07:  Number of cached values ...: 0
2019-07-22T12:15:07: === GCTAResponseCache ===
2019-07-22T12:15:07:  Number of cached values ...: 0
2019-07-22T12:15:07: === GCTAEventList ===
2019-07-22T12:15:07:  Number of events ..........: 0 (disposed without possibility to recover)
2019-07-22T12:15:07:  Time interval .............: 51544.5 - 51546.1666666667 days
2019-07-22T12:15:07: === GEbounds ===
2019-07-22T12:15:07:  Number of intervals .......: 1
2019-07-22T12:15:07:  Energy range ..............: 100 GeV - 199.526229858398 TeV
2019-07-22T12:15:07: === GCTARoi ===
2019-07-22T12:15:07:  RoI centre ................: RA=84.1331, DEC=22.0145 [0,0]
2019-07-22T12:15:07:  RoI radius ................: 0.8 deg
2019-07-22T12:15:07: === GSkyRegions ===
2019-07-22T12:15:07:  Number of regions .........: 0
2019-07-22T12:15:07: === GModels ===
2019-07-22T12:15:07:  Number of models ..........: 2
2019-07-22T12:15:07:  Number of parameters ......: 11
2019-07-22T12:15:07: === GModelSky ===
2019-07-22T12:15:07:  Name ......................: source3c
2019-07-22T12:15:07:  Instruments ...............: all
2019-07-22T12:15:07:  Test Statistic ............: Computation requested
2019-07-22T12:15:07:  Observation identifiers ...: all
2019-07-22T12:15:07:  Model type ................: PointSource
2019-07-22T12:15:07:  Model components ..........: "PointSource" * "ExponentialCutoffPowerLaw" * "Constant"
2019-07-22T12:15:07:  Number of parameters ......: 7
2019-07-22T12:15:07:  Number of spatial par's ...: 2
2019-07-22T12:15:07:   RA .......................: 83.6331 [-360,360] deg (fixed,scale=1)
2019-07-22T12:15:07:   DEC ......................: 22.0145 [-90,90] deg (fixed,scale=1)
2019-07-22T12:15:07:  Number of spectral par's ..: 4
2019-07-22T12:15:07:   Prefactor ................: 2.28e-18 +/- 0 [1e-25,1e-15] ph/cm2/s/MeV (free,scale=1e-18,gradient)
2019-07-22T12:15:07:   Index ....................: -2 +/- 0 [-0,-5]  (free,scale=-1,gradient)
2019-07-22T12:15:07:   CutoffEnergy .............: 200000000 +/- 0 [1000000,100000000000] MeV (free,scale=100000000,gradient)
2019-07-22T12:15:07:   PivotEnergy ..............: 1000000 [10000,1000000000] MeV (fixed,scale=1000000,gradient)
2019-07-22T12:15:07:  Number of temporal par's ..: 1
2019-07-22T12:15:07:   Normalization ............: 1 (relative value) (fixed,scale=1,gradient)
2019-07-22T12:15:07:  Number of scale par's .....: 0
2019-07-22T12:15:07: === GCTAModelIrfBackground ===
2019-07-22T12:15:07:  Name ......................: CTABackgroundModel
2019-07-22T12:15:07:  Instruments ...............: CTA
2019-07-22T12:15:07:  Test Statistic ............: Computation requested
2019-07-22T12:15:07:  Observation identifiers ...: all
2019-07-22T12:15:07:  Model type ................: "PowerLaw" * "Constant"
2019-07-22T12:15:07:  Number of parameters ......: 4
2019-07-22T12:15:07:  Number of spectral par's ..: 3
2019-07-22T12:15:07:   Prefactor ................: 1 +/- 0 [0.001,1000] ph/cm2/s/MeV (free,scale=1,gradient)
2019-07-22T12:15:07:   Index ....................: 0 +/- 0 [-5,5]  (free,scale=1,gradient)
2019-07-22T12:15:07:   PivotEnergy ..............: 1000000 [10000,1000000000] MeV (fixed,scale=1000000,gradient)
2019-07-22T12:15:07:  Number of temporal par's ..: 1
2019-07-22T12:15:07:   Normalization ............: 1 (relative value) (fixed,scale=1,gradient)
2019-07-22T12:15:07: 
2019-07-22T12:15:07: +======================+
2019-07-22T12:15:07: | Simulate observation |
2019-07-22T12:15:07: +======================+
2019-07-22T12:15:07: === CTA observation ===
2019-07-22T12:15:07:  Simulation cone ...........: RA=84.1331 deg, Dec=22.0145 deg, radius=1.3 deg
2019-07-22T12:15:07:  Time interval .............: 0 - 144000 s
2019-07-22T12:15:07:  Photon energy range .......: 41.1040776139221 GeV - 509.274482994276 GeV
2019-07-22T12:15:07:  Event energy range ........: 100 GeV - 213.796208774656 GeV
2019-07-22T12:15:07:   Simulation area ..........: 1.26209e+10 cm2
2019-07-22T12:15:07:   Use model ................: source3c
2019-07-22T12:15:07:   Normalization ............: 1 [source3c]
2019-07-22T12:15:07:   Flux .....................: 5.09633e-11 [source3c] photons/cm2/s
2019-07-22T12:15:07:   Normalized flux ..........: 5.09633e-11 [source3c] photons/cm2/s
2019-07-22T12:15:07:   Photon rate ..............: 0.643204 photons/s [source3c]
2019-07-22T12:15:07:   Time slice ...............: 0 - 144000 s [source3c]
2019-07-22T12:15:07:   MC source photons/slice ..: 93166 [source3c]
2019-07-22T12:15:07:   MC source photons ........: 93166 [source3c]
2019-07-22T12:15:07:   MC source events .........: 3384 [source3c]
2019-07-22T12:15:07:   MC source events .........: 3384 (all source models)
2019-07-22T12:15:07:  Photon energy range .......: 100.88253715168 GeV - 860.678033986988 GeV
2019-07-22T12:15:07:  Event energy range ........: 213.796208774656 GeV - 457.088188864163 GeV
2019-07-22T12:15:07:   Simulation area ..........: 1.88403e+10 cm2
2019-07-22T12:15:07:   Use model ................: source3c
2019-07-22T12:15:07:   Normalization ............: 1 [source3c]
2019-07-22T12:15:07:   Flux .....................: 1.99271e-11 [source3c] photons/cm2/s
2019-07-22T12:15:07:   Normalized flux ..........: 1.99271e-11 [source3c] photons/cm2/s
2019-07-22T12:15:07:   Photon rate ..............: 0.375433 photons/s [source3c]
2019-07-22T12:15:07:   Time slice ...............: 0 - 144000 s [source3c]
2019-07-22T12:15:07:   MC source photons/slice ..: 53903 [source3c]
2019-07-22T12:15:07:   MC source photons ........: 53903 [source3c]
2019-07-22T12:15:07:   MC source events .........: 3395 [source3c]
2019-07-22T12:15:07:   MC source events .........: 3395 (all source models)
2019-07-22T12:15:07:  Photon energy range .......: 265.018144252 GeV - 1.57081442112741 TeV
2019-07-22T12:15:07:  Event energy range ........: 457.088188864163 GeV - 977.237218548317 GeV
2019-07-22T12:15:07:   Simulation area ..........: 3.61746e+10 cm2
2019-07-22T12:15:07:   Use model ................: source3c
2019-07-22T12:15:07:   Normalization ............: 1 [source3c]
2019-07-22T12:15:07:   Flux .....................: 7.13146e-12 [source3c] photons/cm2/s
2019-07-22T12:15:07:   Normalized flux ..........: 7.13146e-12 [source3c] photons/cm2/s
2019-07-22T12:15:07:   Photon rate ..............: 0.257978 photons/s [source3c]
2019-07-22T12:15:07:   Time slice ...............: 0 - 144000 s [source3c]
2019-07-22T12:15:07:   MC source photons/slice ..: 36937 [source3c]
2019-07-22T12:15:07:   MC source photons ........: 36937 [source3c]
2019-07-22T12:15:07:   MC source events .........: 2705 [source3c]
2019-07-22T12:15:07:   MC source events .........: 2705 (all source models)
2019-07-22T12:15:07:  Photon energy range .......: 625.275670425715 GeV - 3.04099144442538 TeV
2019-07-22T12:15:07:  Event energy range ........: 977.237218548317 GeV - 2.0892961239912 TeV
2019-07-22T12:15:07:   Simulation area ..........: 5.61589e+10 cm2
2019-07-22T12:15:07:   Use model ................: source3c
2019-07-22T12:15:07:   Normalization ............: 1 [source3c]
2019-07-22T12:15:07:   Flux .....................: 2.87868e-12 [source3c] photons/cm2/s
2019-07-22T12:15:07:   Normalized flux ..........: 2.87868e-12 [source3c] photons/cm2/s
2019-07-22T12:15:07:   Photon rate ..............: 0.161663 photons/s [source3c]
2019-07-22T12:15:07:   Time slice ...............: 0 - 144000 s [source3c]
2019-07-22T12:15:07:   MC source photons/slice ..: 23387 [source3c]
2019-07-22T12:15:07:   MC source photons ........: 23387 [source3c]
2019-07-22T12:15:07:   MC source events .........: 2671 [source3c]
2019-07-22T12:15:07:   MC source events .........: 2671 (all source models)
2019-07-22T12:15:07:  Photon energy range .......: 1.52598487124743 TeV - 6.09062686094979 TeV
2019-07-22T12:15:07:  Event energy range ........: 2.0892961239912 TeV - 4.46683590316902 TeV
2019-07-22T12:15:07:   Simulation area ..........: 6.87379e+10 cm2
2019-07-22T12:15:07:   Use model ................: source3c
2019-07-22T12:15:07:   Normalization ............: 1 [source3c]
2019-07-22T12:15:07:   Flux .....................: 1.10412e-12 [source3c] photons/cm2/s
2019-07-22T12:15:07:   Normalized flux ..........: 1.10412e-12 [source3c] photons/cm2/s
2019-07-22T12:15:07:   Photon rate ..............: 0.075895 photons/s [source3c]
2019-07-22T12:15:07:   Time slice ...............: 0 - 144000 s [source3c]
2019-07-22T12:15:07:   MC source photons/slice ..: 10852 [source3c]
2019-07-22T12:15:07:   MC source photons ........: 10852 [source3c]
2019-07-22T12:15:07:   MC source events .........: 2081 [source3c]
2019-07-22T12:15:07:   MC source events .........: 2081 (all source models)
2019-07-22T12:15:07:  Photon energy range .......: 3.46329780546817 TeV - 13.5112010225502 TeV
2019-07-22T12:15:07:  Event energy range ........: 4.46683590316902 TeV - 9.54992581316053 TeV
2019-07-22T12:15:07:   Simulation area ..........: 8.50209e+10 cm2
2019-07-22T12:15:07:   Use model ................: source3c
2019-07-22T12:15:07:   Normalization ............: 1 [source3c]
2019-07-22T12:15:07:   Flux .....................: 4.74347e-13 [source3c] photons/cm2/s
2019-07-22T12:15:07:   Normalized flux ..........: 4.74347e-13 [source3c] photons/cm2/s
2019-07-22T12:15:07:   Photon rate ..............: 0.0403294 photons/s [source3c]
2019-07-22T12:15:07:   Time slice ...............: 0 - 144000 s [source3c]
2019-07-22T12:15:07:   MC source photons/slice ..: 5779 [source3c]
2019-07-22T12:15:07:   MC source photons ........: 5779 [source3c]
2019-07-22T12:15:07:   MC source events .........: 1300 [source3c]
2019-07-22T12:15:07:   MC source events .........: 1300 (all source models)
2019-07-22T12:15:07:  Photon energy range .......: 7.57686977261953 TeV - 27.092165885067 TeV
2019-07-22T12:15:07:  Event energy range ........: 9.54992581316053 TeV - 20.4173793293294 TeV
2019-07-22T12:15:07:   Simulation area ..........: 1.08877e+11 cm2
2019-07-22T12:15:07:   Use model ................: source3c
2019-07-22T12:15:07:   Normalization ............: 1 [source3c]
2019-07-22T12:15:07:   Flux .....................: 2.02774e-13 [source3c] photons/cm2/s
2019-07-22T12:15:07:   Normalized flux ..........: 2.02774e-13 [source3c] photons/cm2/s
2019-07-22T12:15:07:   Photon rate ..............: 0.0220774 photons/s [source3c]
2019-07-22T12:15:07:   Time slice ...............: 0 - 144000 s [source3c]
2019-07-22T12:15:07:   MC source photons/slice ..: 3296 [source3c]
2019-07-22T12:15:07:   MC source photons ........: 3296 [source3c]
2019-07-22T12:15:07:   MC source events .........: 713 [source3c]
2019-07-22T12:15:07:   MC source events .........: 713 (all source models)
2019-07-22T12:15:07:  Photon energy range .......: 15.830324777243 TeV - 56.4077240740645 TeV
2019-07-22T12:15:07:  Event energy range ........: 20.4173793293294 TeV - 43.6515829372465 TeV
2019-07-22T12:15:07:   Simulation area ..........: 1.13069e+11 cm2
2019-07-22T12:15:07:   Use model ................: source3c
2019-07-22T12:15:07:   Normalization ............: 1 [source3c]
2019-07-22T12:15:07:   Flux .....................: 9.02118e-14 [source3c] photons/cm2/s
2019-07-22T12:15:07:   Normalized flux ..........: 9.02118e-14 [source3c] photons/cm2/s
2019-07-22T12:15:07:   Photon rate ..............: 0.0102002 photons/s [source3c]
2019-07-22T12:15:07:   Time slice ...............: 0 - 144000 s [source3c]
2019-07-22T12:15:07:   MC source photons/slice ..: 1473 [source3c]
2019-07-22T12:15:07:   MC source photons ........: 1473 [source3c]
2019-07-22T12:15:07:   MC source events .........: 360 [source3c]
2019-07-22T12:15:07:   MC source events .........: 360 (all source models)
2019-07-22T12:15:07:  Photon energy range .......: 34.3839906563315 TeV - 116.046716746149 TeV
2019-07-22T12:15:07:  Event energy range ........: 43.6515829372465 TeV - 93.3254293899579 TeV
2019-07-22T12:15:07:   Simulation area ..........: 1.38006e+11 cm2
2019-07-22T12:15:07:   Use model ................: source3c
2019-07-22T12:15:07:   Normalization ............: 1 [source3c]
2019-07-22T12:15:07:   Flux .....................: 3.4859e-14 [source3c] photons/cm2/s
2019-07-22T12:15:07:   Normalized flux ..........: 3.4859e-14 [source3c] photons/cm2/s
2019-07-22T12:15:07:   Photon rate ..............: 0.00481075 photons/s [source3c]
2019-07-22T12:15:07:   Time slice ...............: 0 - 144000 s [source3c]
2019-07-22T12:15:07:   MC source photons/slice ..: 690 [source3c]
2019-07-22T12:15:07:   MC source photons ........: 690 [source3c]
2019-07-22T12:15:07:   MC source events .........: 144 [source3c]
2019-07-22T12:15:07:   MC source events .........: 144 (all source models)
2019-07-22T12:15:07:  Photon energy range .......: 79.1906822067056 TeV - 239.08155027665 TeV
2019-07-22T12:15:07:  Event energy range ........: 93.3254293899579 TeV - 199.526229858398 TeV
2019-07-22T12:15:07:   Simulation area ..........: 1.52255e+11 cm2
2019-07-22T12:15:07:   Use model ................: source3c
2019-07-22T12:15:07:   Normalization ............: 1 [source3c]
2019-07-22T12:15:07:   Flux .....................: 1.02261e-14 [source3c] photons/cm2/s
2019-07-22T12:15:07:   Normalized flux ..........: 1.02261e-14 [source3c] photons/cm2/s
2019-07-22T12:15:07:   Photon rate ..............: 0.00155698 photons/s [source3c]
2019-07-22T12:15:07:   Time slice ...............: 0 - 144000 s [source3c]
2019-07-22T12:15:07:   MC source photons/slice ..: 224 [source3c]
2019-07-22T12:15:07:   MC source photons ........: 224 [source3c]
2019-07-22T12:15:07:   MC source events .........: 48 [source3c]
2019-07-22T12:15:07:   MC source events .........: 48 (all source models)
2019-07-22T12:15:07:  MC source photons .........: 229707 [source3c]
2019-07-22T12:15:07:  MC source events ..........: 16801 [source3c]
2019-07-22T12:15:24:  MC events outside ROI .....: 0
2019-07-22T12:15:24:  MC background events ......: 303816
2019-07-22T12:15:24:  MC identifier 1 ...........: source3c
2019-07-22T12:15:24:  MC identifier 2 ...........: CTABackgroundModel
2019-07-22T12:15:24:  MC events .................: 320617 (all models)
2019-07-22T12:15:25: 
2019-07-22T12:15:25: +==================+
2019-07-22T12:15:25: | Save observation |
2019-07-22T12:15:25: +==================+
2019-07-22T12:15:25: 
2019-07-22T12:15:25: Application "ctobssim" terminated after 18 wall clock seconds, consuming 18.19 seconds of CPU time.
