2019-07-23T16:27:06: ********************************************************************************
2019-07-23T16:27:06: *                                     ctbin                                    *
2019-07-23T16:27:06: * ---------------------------------------------------------------------------- *
2019-07-23T16:27:06: * Version: 1.6.0                                                               *
2019-07-23T16:27:06: ********************************************************************************
2019-07-23T16:27:06: +============+
2019-07-23T16:27:06: | Parameters |
2019-07-23T16:27:06: +============+
2019-07-23T16:27:06:  inobs .....................: /cta/carli/CPPM_Internship/Simulations_and_Analyses/minus_step_EDisp_South_z40_50h/source1c/obs.fits
2019-07-23T16:27:06:  outobs ....................: /cta/carli/CPPM_Internship/Simulations_and_Analyses/minus_step_EDisp_South_z40_50h/source1c/obs_cube.fits
2019-07-23T16:27:06:  stack .....................: yes
2019-07-23T16:27:06:  prefix ....................: cntcube_
2019-07-23T16:27:06:  ebinalg ...................: LOG
2019-07-23T16:27:06:  emin ......................: 0.1
2019-07-23T16:27:06:  emax ......................: 199.526229858398
2019-07-23T16:27:06:  enumbins ..................: 32
2019-07-23T16:27:06:  ebinfile ..................: [not queried]
2019-07-23T16:27:06:  usepnt ....................: yes
2019-07-23T16:27:06:  nxpix .....................: 80
2019-07-23T16:27:06:  nypix .....................: 80
2019-07-23T16:27:06:  binsz .....................: 0.02
2019-07-23T16:27:06:  coordsys ..................: GAL
2019-07-23T16:27:06:  proj ......................: TAN
2019-07-23T16:27:06:  xref ......................: [not queried]
2019-07-23T16:27:06:  yref ......................: [not queried]
2019-07-23T16:27:06:  nthreads ..................: 0
2019-07-23T16:27:06:  publish ...................: no
2019-07-23T16:27:06:  chatter ...................: 4
2019-07-23T16:27:06:  clobber ...................: yes
2019-07-23T16:27:06:  debug .....................: no
2019-07-23T16:27:06:  mode ......................: ql
2019-07-23T16:27:06:  logfile ...................: ctbin.log
2019-07-23T16:27:06: 
2019-07-23T16:27:06: +===================+
2019-07-23T16:27:06: | Input observation |
2019-07-23T16:27:06: +===================+
2019-07-23T16:27:06: === GObservations ===
2019-07-23T16:27:06:  Number of observations ....: 1
2019-07-23T16:27:06:  Number of models ..........: 0
2019-07-23T16:27:06:  Number of observed events .: 319904
2019-07-23T16:27:06:  Number of predicted events : 0
2019-07-23T16:27:06: === GCTAObservation ===
2019-07-23T16:27:06:  Name ......................: 
2019-07-23T16:27:06:  Identifier ................: 000001
2019-07-23T16:27:06:  Instrument ................: CTA
2019-07-23T16:27:06:  Event file ................: /cta/carli/CPPM_Internship/Simulations_and_Analyses/minus_step_EDisp_South_z40_50h/source1c/obs.fits
2019-07-23T16:27:06:  Event type ................: EventList
2019-07-23T16:27:06:  Statistic .................: cstat
2019-07-23T16:27:06:  Ontime ....................: 144000 s
2019-07-23T16:27:06:  Livetime ..................: 141120 s
2019-07-23T16:27:06:  Deadtime correction .......: 0.98
2019-07-23T16:27:06:  User energy range .........: undefined
2019-07-23T16:27:06: === GCTAPointing ===
2019-07-23T16:27:06:  Pointing direction ........: (RA,Dec)=(84.1331,22.0145)
2019-07-23T16:27:06:  Response function .........: undefined
2019-07-23T16:27:06: === GCTAEventList ===
2019-07-23T16:27:06:  Number of events ..........: 319904 (disposed in "/cta/carli/CPPM_Internship/Simulations_and_Analyses/minus_step_EDisp_South_z40_50h/source1c/obs.fits")
2019-07-23T16:27:06:  Time interval .............: 51544.5 - 51546.1666666667 days
2019-07-23T16:27:06: === GEbounds ===
2019-07-23T16:27:06:  Number of intervals .......: 1
2019-07-23T16:27:06:  Energy range ..............: 100 GeV - 199.526229858398 TeV
2019-07-23T16:27:06: === GCTARoi ===
2019-07-23T16:27:06:  RoI centre ................: RA=84.1331, DEC=22.0145 [0,0]
2019-07-23T16:27:06:  RoI radius ................: 0.8 deg
2019-07-23T16:27:06: === GSkyRegions ===
2019-07-23T16:27:06:  Number of regions .........: 0
2019-07-23T16:27:06: === GModels ===
2019-07-23T16:27:06:  Number of models ..........: 0
2019-07-23T16:27:06:  Number of parameters ......: 0
2019-07-23T16:27:06: 
2019-07-23T16:27:06: +===========================+
2019-07-23T16:27:06: | Find unbinned observation |
2019-07-23T16:27:06: +===========================+
2019-07-23T16:27:06: === CTA observation (id=000001) ===
2019-07-23T16:27:06:  Including unbinned CTA observation
2019-07-23T16:27:06: === Summary ===
2019-07-23T16:27:06:  Number of observations ....: 1
2019-07-23T16:27:06:  Mean pointing .............: (RA,Dec)=(84.1331,22.0145)
2019-07-23T16:27:06:  Use mean pointing .........: yes
2019-07-23T16:27:06: 
2019-07-23T16:27:06: +=================+
2019-07-23T16:27:06: | Bin observation |
2019-07-23T16:27:06: +=================+
2019-07-23T16:27:06: === CTA observation (id=000001) ===
2019-07-23T16:27:06:  Events in list ............: 319904
2019-07-23T16:27:06:  Events in cube ............: 316323
2019-07-23T16:27:06:  Events outside RoI ........: 1
2019-07-23T16:27:06:  Events with invalid WCS ...: 0
2019-07-23T16:27:06:  Events outside cube area ..: 1
2019-07-23T16:27:06:  Events outside energy bins : 3579
2019-07-23T16:27:06: 
2019-07-23T16:27:06: +====================+
2019-07-23T16:27:06: | Binned observation |
2019-07-23T16:27:06: +====================+
2019-07-23T16:27:06: === GObservations ===
2019-07-23T16:27:06:  Number of observations ....: 1
2019-07-23T16:27:06:  Number of models ..........: 0
2019-07-23T16:27:06:  Number of observed events .: 316323
2019-07-23T16:27:06:  Number of predicted events : 0
2019-07-23T16:27:06: === GCTAObservation ===
2019-07-23T16:27:06:  Name ......................: 
2019-07-23T16:27:06:  Identifier ................: 000001
2019-07-23T16:27:06:  Instrument ................: CTA
2019-07-23T16:27:06:  Event file ................: 
2019-07-23T16:27:06:  Event type ................: CountsCube
2019-07-23T16:27:06:  Statistic .................: cstat
2019-07-23T16:27:06:  Ontime ....................: 144000 s
2019-07-23T16:27:06:  Livetime ..................: 141120 s
2019-07-23T16:27:06:  Deadtime correction .......: 0.98
2019-07-23T16:27:06:  User energy range .........: undefined
2019-07-23T16:27:06: === GCTAPointing ===
2019-07-23T16:27:06:  Pointing direction ........: (RA,Dec)=(84.1331,22.0145)
2019-07-23T16:27:06:  Response function .........: undefined
2019-07-23T16:27:06: === GCTAEventCube ===
2019-07-23T16:27:06:  Number of events ..........: 316323
2019-07-23T16:27:06:  Number of elements ........: 204800
2019-07-23T16:27:06:  Number of pixels ..........: 6400
2019-07-23T16:27:06:  Number of energy bins .....: 32
2019-07-23T16:27:06:  Time interval .............: 51544.5 - 51546.1666666667 days
2019-07-23T16:27:06:  Pointing ..................: not defined
2019-07-23T16:27:06: === GEbounds ===
2019-07-23T16:27:06:  Number of intervals .......: 32
2019-07-23T16:27:06:  Energy range ..............: 100 GeV - 199.526229858398 TeV
2019-07-23T16:27:06: === GSkyMap ===
2019-07-23T16:27:06:  Number of pixels ..........: 6400
2019-07-23T16:27:06:  X axis dimension ..........: 80
2019-07-23T16:27:06:  Y axis dimension ..........: 80
2019-07-23T16:27:06:  Number of maps ............: 32
2019-07-23T16:27:06:  Shape of maps .............: (32)
2019-07-23T16:27:06: === GSkyRegions ===
2019-07-23T16:27:06:  Number of regions .........: 0
2019-07-23T16:27:06: === GModels ===
2019-07-23T16:27:06:  Number of models ..........: 0
2019-07-23T16:27:06:  Number of parameters ......: 0
2019-07-23T16:27:06: 
2019-07-23T16:27:06: +==================+
2019-07-23T16:27:06: | Save counts cube |
2019-07-23T16:27:06: +==================+
2019-07-23T16:27:06:  Counts cube file ..........: /cta/carli/CPPM_Internship/Simulations_and_Analyses/minus_step_EDisp_South_z40_50h/source1c/obs_cube.fits
2019-07-23T16:27:07: 
2019-07-23T16:27:07: Application "ctbin" terminated after 1 wall clock seconds, consuming 1.05 seconds of CPU time.
