2019-07-25T09:22:25: ********************************************************************************
2019-07-25T09:22:25: *                                    cterror                                   *
2019-07-25T09:22:25: * ---------------------------------------------------------------------------- *
2019-07-25T09:22:25: * Version: 1.6.0                                                               *
2019-07-25T09:22:25: ********************************************************************************
2019-07-25T09:22:25: +============+
2019-07-25T09:22:25: | Parameters |
2019-07-25T09:22:25: +============+
2019-07-25T09:22:25:  inobs .....................: /cta/carli/CPPM_Internship/Simulations_and_Analyses/minus_step_EDisp_South_z40_50h/source1c/obs_cube.fits
2019-07-25T09:22:25:  inmodel ...................: /cta/carli/CPPM_Internship/Simulations_and_Analyses/minus_step_EDisp_South_z40_50h/source1c/obsmodel_binned.xml
2019-07-25T09:22:25:  srcname ...................: source1c
2019-07-25T09:22:25:  expcube ...................: /cta/carli/CPPM_Internship/Simulations_and_Analyses/minus_step_EDisp_South_z40_50h/source1c/exposure_cube.fits
2019-07-25T09:22:25:  psfcube ...................: /cta/carli/CPPM_Internship/Simulations_and_Analyses/minus_step_EDisp_South_z40_50h/source1c/PSF_cube.fits
2019-07-25T09:22:25:  edispcube .................: /cta/carli/CPPM_Internship/Simulations_and_Analyses/minus_step_EDisp_South_z40_50h/source1c/edisp_cube.fits
2019-07-25T09:22:25:  bkgcube ...................: /cta/carli/CPPM_Internship/Simulations_and_Analyses/minus_step_EDisp_South_z40_50h/source1c/background_cube.fits
2019-07-25T09:22:25:  caldb .....................: prod3b-v2
2019-07-25T09:22:25:  irf .......................: minus_step_EDisp_South_z40_50h
2019-07-25T09:22:25:  edisp .....................: yes
2019-07-25T09:22:25:  outmodel ..................: 
2019-07-25T09:22:25:  confidence ................: 0.95
2019-07-25T09:22:25:  tol .......................: 1e-3
2019-07-25T09:22:25:  statistic .................: DEFAULT
2019-07-25T09:22:25:  like_accuracy .............: 0.005
2019-07-25T09:22:25:  max_iter ..................: 50
2019-07-25T09:22:25:  nthreads ..................: 0
2019-07-25T09:22:25:  chatter ...................: 4
2019-07-25T09:22:25:  clobber ...................: yes
2019-07-25T09:22:25:  debug .....................: no
2019-07-25T09:22:25:  mode ......................: ql
2019-07-25T09:22:25:  logfile ...................: cterror95.log
2019-07-25T09:22:25: 
2019-07-25T09:22:25: +===================+
2019-07-25T09:22:25: | Input observation |
2019-07-25T09:22:25: +===================+
2019-07-25T09:22:25: === GObservations ===
2019-07-25T09:22:25:  Number of observations ....: 1
2019-07-25T09:22:25:  Number of models ..........: 2
2019-07-25T09:22:25:  Number of observed events .: 316323
2019-07-25T09:22:25:  Number of predicted events : 0
2019-07-25T09:22:25: === GCTAObservation ===
2019-07-25T09:22:25:  Name ......................: 
2019-07-25T09:22:25:  Identifier ................: 000001
2019-07-25T09:22:25:  Instrument ................: CTA
2019-07-25T09:22:25:  Event file ................: /cta/carli/CPPM_Internship/Simulations_and_Analyses/minus_step_EDisp_South_z40_50h/source1c/obs_cube.fits
2019-07-25T09:22:25:  Event type ................: CountsCube
2019-07-25T09:22:25:  Statistic .................: cstat
2019-07-25T09:22:25:  Ontime ....................: 144000 s
2019-07-25T09:22:25:  Livetime ..................: 141120 s
2019-07-25T09:22:25:  Deadtime correction .......: 0.98
2019-07-25T09:22:25:  User energy range .........: undefined
2019-07-25T09:22:25: === GCTAPointing ===
2019-07-25T09:22:25:  Pointing direction ........: (RA,Dec)=(84.1331,22.0145)
2019-07-25T09:22:25: === GCTAResponseCube ===
2019-07-25T09:22:25:  Energy dispersion .........: Used
2019-07-25T09:22:25: === GCTACubeExposure ===
2019-07-25T09:22:25:  Filename ..................: /cta/carli/CPPM_Internship/Simulations_and_Analyses/minus_step_EDisp_South_z40_50h/source1c/exposure_cube.fits
2019-07-25T09:22:25:  Livetime ..................: 141120 sec
2019-07-25T09:22:25: === GEnergies ===
2019-07-25T09:22:25:  Number of energies ........: 33
2019-07-25T09:22:25: === GGti ===
2019-07-25T09:22:25:  Number of intervals .......: 1
2019-07-25T09:22:25:  Ontime ....................: 144000 sec
2019-07-25T09:22:25:  Elapsed time ..............: 144000 sec
2019-07-25T09:22:25:  MJD range .................: 51544.5 - 51546.1666666667 s (TT)
2019-07-25T09:22:25:  UTC range .................: 2000-01-01T11:58:56 - 2000-01-03T03:58:56 s (TT)
2019-07-25T09:22:25:  Reference MJD .............: 51544.5
2019-07-25T09:22:25: === GSkyMap ===
2019-07-25T09:22:25:  Number of pixels ..........: 6400
2019-07-25T09:22:25:  X axis dimension ..........: 80
2019-07-25T09:22:25:  Y axis dimension ..........: 80
2019-07-25T09:22:25:  Number of maps ............: 33
2019-07-25T09:22:25:  Shape of maps .............: (33)
2019-07-25T09:22:25: === GCTACubePsf ===
2019-07-25T09:22:25:  Filename ..................: /cta/carli/CPPM_Internship/Simulations_and_Analyses/minus_step_EDisp_South_z40_50h/source1c/PSF_cube.fits
2019-07-25T09:22:25: === GEnergies ===
2019-07-25T09:22:25:  Number of energies ........: 33
2019-07-25T09:22:25:  Number of delta bins ......: 200
2019-07-25T09:22:25:  Delta range ...............: 1.875e-06 - 0.298501875 deg
2019-07-25T09:22:25: === GSkyMap ===
2019-07-25T09:22:25:  Number of pixels ..........: 1
2019-07-25T09:22:25:  X axis dimension ..........: 1
2019-07-25T09:22:25:  Y axis dimension ..........: 1
2019-07-25T09:22:25:  Number of maps ............: 6600
2019-07-25T09:22:25:  Shape of maps .............: (200, 33)
2019-07-25T09:22:25: === GCTACubeEdisp ===
2019-07-25T09:22:25:  Filename ..................: /cta/carli/CPPM_Internship/Simulations_and_Analyses/minus_step_EDisp_South_z40_50h/source1c/edisp_cube.fits
2019-07-25T09:22:25: === GEnergies ===
2019-07-25T09:22:25:  Number of energies ........: 33
2019-07-25T09:22:25:  Number of migra bins ......: 100
2019-07-25T09:22:25:  Migra range ...............: 0.02 - 2
2019-07-25T09:22:25: === GSkyMap ===
2019-07-25T09:22:25:  Number of pixels ..........: 1
2019-07-25T09:22:25:  X axis dimension ..........: 1
2019-07-25T09:22:25:  Y axis dimension ..........: 1
2019-07-25T09:22:25:  Number of maps ............: 3300
2019-07-25T09:22:25:  Shape of maps .............: (100, 33)
2019-07-25T09:22:25: === GCTACubeBackground ===
2019-07-25T09:22:25:  Filename ..................: /cta/carli/CPPM_Internship/Simulations_and_Analyses/minus_step_EDisp_South_z40_50h/source1c/background_cube.fits
2019-07-25T09:22:25: === GEbounds ===
2019-07-25T09:22:25:  Number of intervals .......: 32
2019-07-25T09:22:25:  Energy range ..............: 100 GeV - 199.526229858398 TeV
2019-07-25T09:22:25: === GSkyMap ===
2019-07-25T09:22:25:  Number of pixels ..........: 6400
2019-07-25T09:22:25:  X axis dimension ..........: 80
2019-07-25T09:22:25:  Y axis dimension ..........: 80
2019-07-25T09:22:25:  Number of maps ............: 32
2019-07-25T09:22:25:  Shape of maps .............: (32)
2019-07-25T09:22:25: === GCTAResponseCache ===
2019-07-25T09:22:25:  Number of cached values ...: 0
2019-07-25T09:22:25: === GCTAEventCube ===
2019-07-25T09:22:25:  Number of events ..........: 316323
2019-07-25T09:22:25:  Number of elements ........: 204800
2019-07-25T09:22:25:  Number of pixels ..........: 6400
2019-07-25T09:22:25:  Number of energy bins .....: 32
2019-07-25T09:22:25:  Time interval .............: 51544.5 - 51546.1666666667 days
2019-07-25T09:22:25:  Pointing ..................: (RA,Dec)=(84.1331,22.0145)
2019-07-25T09:22:25: === GEbounds ===
2019-07-25T09:22:25:  Number of intervals .......: 32
2019-07-25T09:22:25:  Energy range ..............: 100 GeV - 199.526229858398 TeV
2019-07-25T09:22:25: === GSkyMap ===
2019-07-25T09:22:25:  Number of pixels ..........: 6400
2019-07-25T09:22:25:  X axis dimension ..........: 80
2019-07-25T09:22:25:  Y axis dimension ..........: 80
2019-07-25T09:22:25:  Number of maps ............: 32
2019-07-25T09:22:25:  Shape of maps .............: (32)
2019-07-25T09:22:25: === GSkyRegions ===
2019-07-25T09:22:25:  Number of regions .........: 0
2019-07-25T09:22:25: === GModels ===
2019-07-25T09:22:25:  Number of models ..........: 2
2019-07-25T09:22:25:  Number of parameters ......: 11
2019-07-25T09:22:25: === GModelSky ===
2019-07-25T09:22:25:  Name ......................: source1c
2019-07-25T09:22:25:  Instruments ...............: all
2019-07-25T09:22:25:  Test Statistic ............: 63010.464
2019-07-25T09:22:25:  Observation identifiers ...: all
2019-07-25T09:22:25:  Model type ................: PointSource
2019-07-25T09:22:25:  Model components ..........: "PointSource" * "ExponentialCutoffPowerLaw" * "Constant"
2019-07-25T09:22:25:  Number of parameters ......: 7
2019-07-25T09:22:25:  Number of spatial par's ...: 2
2019-07-25T09:22:25:   RA .......................: 83.6331 [-360,360] deg (fixed,scale=1)
2019-07-25T09:22:25:   DEC ......................: 22.0145 [-90,90] deg (fixed,scale=1)
2019-07-25T09:22:25:  Number of spectral par's ..: 4
2019-07-25T09:22:25:   Prefactor ................: 2.28082758035453e-18 [1e-25,1e-15] ph/cm2/s/MeV (fixed,scale=1e-18,gradient)
2019-07-25T09:22:25:   Index ....................: -1.98468342331461 [-0,-5]  (fixed,scale=-1,gradient)
2019-07-25T09:22:25:   CutoffEnergy .............: 47166031.4831619 +/- 3977215.7100904 [100000,10000000000] MeV (free,scale=10000000,gradient)
2019-07-25T09:22:25:   PivotEnergy ..............: 1000000 [10000,1000000000] MeV (fixed,scale=1000000,gradient)
2019-07-25T09:22:25:  Number of temporal par's ..: 1
2019-07-25T09:22:25:   Normalization ............: 1 (relative value) (fixed,scale=1,gradient)
2019-07-25T09:22:25:  Number of scale par's .....: 0
2019-07-25T09:22:25: === GCTAModelCubeBackground ===
2019-07-25T09:22:25:  Name ......................: BackgroundModel
2019-07-25T09:22:25:  Instruments ...............: CTA, HESS, MAGIC, VERITAS
2019-07-25T09:22:25:  Observation identifiers ...: all
2019-07-25T09:22:25:  Model type ................: "PowerLaw" * "Constant"
2019-07-25T09:22:25:  Number of parameters ......: 4
2019-07-25T09:22:25:  Number of spectral par's ..: 3
2019-07-25T09:22:25:   Prefactor ................: 1.0250099197541 [0.01,100] ph/cm2/s/MeV (fixed,scale=1,gradient)
2019-07-25T09:22:25:   Index ....................: 0.0241911417959277 [-5,5]  (fixed,scale=1,gradient)
2019-07-25T09:22:25:   PivotEnergy ..............: 1000000 MeV (fixed,scale=1000000,gradient)
2019-07-25T09:22:25:  Number of temporal par's ..: 1
2019-07-25T09:22:25:   Normalization ............: 1 (relative value) (fixed,scale=1,gradient)
2019-07-25T09:22:25: 
2019-07-25T09:22:25: +=============================+
2019-07-25T09:22:25: | Compute best-fit likelihood |
2019-07-25T09:22:25: +=============================+
2019-07-25T09:23:55: === GOptimizerLM ===
2019-07-25T09:23:55:  Optimized function value ..: -320336.263
2019-07-25T09:23:55:  Absolute precision ........: 0.005
2019-07-25T09:23:55:  Acceptable value decrease .: 2
2019-07-25T09:23:55:  Optimization status .......: converged
2019-07-25T09:23:55:  Number of parameters ......: 11
2019-07-25T09:23:55:  Number of free parameters .: 1
2019-07-25T09:23:55:  Number of iterations ......: 1
2019-07-25T09:23:55:  Lambda ....................: 0.0001
2019-07-25T09:23:55:  Maximum log likelihood ....: -320336.263
2019-07-25T09:23:55: === GModels ===
2019-07-25T09:23:55:  Number of models ..........: 2
2019-07-25T09:23:55:  Number of parameters ......: 11
2019-07-25T09:23:55: === GModelSky ===
2019-07-25T09:23:55:  Name ......................: source1c
2019-07-25T09:23:55:  Instruments ...............: all
2019-07-25T09:23:55:  Test Statistic ............: 63010.464
2019-07-25T09:23:55:  Observation identifiers ...: all
2019-07-25T09:23:55:  Model type ................: PointSource
2019-07-25T09:23:55:  Model components ..........: "PointSource" * "ExponentialCutoffPowerLaw" * "Constant"
2019-07-25T09:23:55:  Number of parameters ......: 7
2019-07-25T09:23:55:  Number of spatial par's ...: 2
2019-07-25T09:23:55:   RA .......................: 83.6331 [-360,360] deg (fixed,scale=1)
2019-07-25T09:23:55:   DEC ......................: 22.0145 [-90,90] deg (fixed,scale=1)
2019-07-25T09:23:55:  Number of spectral par's ..: 4
2019-07-25T09:23:55:   Prefactor ................: 2.28082758035453e-18 [1e-25,1e-15] ph/cm2/s/MeV (fixed,scale=1e-18,gradient)
2019-07-25T09:23:55:   Index ....................: -1.98468342331461 [-0,-5]  (fixed,scale=-1,gradient)
2019-07-25T09:23:55:   CutoffEnergy .............: 47165036.1518252 +/- 2683235.42041857 [100000,10000000000] MeV (free,scale=10000000,gradient)
2019-07-25T09:23:55:   PivotEnergy ..............: 1000000 [10000,1000000000] MeV (fixed,scale=1000000,gradient)
2019-07-25T09:23:55:  Number of temporal par's ..: 1
2019-07-25T09:23:55:   Normalization ............: 1 (relative value) (fixed,scale=1,gradient)
2019-07-25T09:23:55:  Number of scale par's .....: 0
2019-07-25T09:23:55: === GCTAModelCubeBackground ===
2019-07-25T09:23:55:  Name ......................: BackgroundModel
2019-07-25T09:23:55:  Instruments ...............: CTA, HESS, MAGIC, VERITAS
2019-07-25T09:23:55:  Observation identifiers ...: all
2019-07-25T09:23:55:  Model type ................: "PowerLaw" * "Constant"
2019-07-25T09:23:55:  Number of parameters ......: 4
2019-07-25T09:23:55:  Number of spectral par's ..: 3
2019-07-25T09:23:55:   Prefactor ................: 1.0250099197541 [0.01,100] ph/cm2/s/MeV (fixed,scale=1,gradient)
2019-07-25T09:23:55:   Index ....................: 0.0241911417959277 [-5,5]  (fixed,scale=1,gradient)
2019-07-25T09:23:55:   PivotEnergy ..............: 1000000 MeV (fixed,scale=1000000,gradient)
2019-07-25T09:23:55:  Number of temporal par's ..: 1
2019-07-25T09:23:55:   Normalization ............: 1 (relative value) (fixed,scale=1,gradient)
2019-07-25T09:23:55: 
2019-07-25T09:23:55: +==============================================================+
2019-07-25T09:23:55: | Compute error for source "source1c" parameter "CutoffEnergy" |
2019-07-25T09:23:55: +==============================================================+
2019-07-25T09:23:55:  Confidence level ..........: 95 %
2019-07-25T09:23:55:  Log-likelihood difference .: 1.92073
2019-07-25T09:23:55:  Initial factor range ......: [2.03326819476394, 7.39973903560109]
2019-07-25T09:24:06:    Iteration 1 .............: [2.03326819476394, 4.71650361518252]
2019-07-25T09:24:16:    Iteration 2 .............: [3.37488590497323, 4.71650361518252]
2019-07-25T09:24:27:    Iteration 3 .............: [4.04569476007787, 4.71650361518252]
2019-07-25T09:24:37:    Iteration 4 .............: [4.04569476007787, 4.3810991876302]
2019-07-25T09:24:49:    Iteration 5 .............: [4.21339697385404, 4.3810991876302]
2019-07-25T09:24:59:    Iteration 6 .............: [4.21339697385404, 4.29724808074211]
2019-07-25T09:25:11:    Iteration 7 .............: [4.21339697385404, 4.25532252729808]
2019-07-25T09:25:22:    Iteration 8 .............: [4.21339697385404, 4.23435975057606]
2019-07-25T09:25:32:    Iteration 9 .............: [4.21339697385404, 4.22387836221504]
2019-07-25T09:25:43:    Iteration 10 ............: [4.21339697385404, 4.21863766803454]
2019-07-25T09:25:54:    Iteration 11 ............: [4.21601732094429, 4.21863766803454]
2019-07-25T09:26:05:    Iteration 12 ............: [4.21732749448941, 4.21863766803454]
2019-07-25T09:26:16:    Iteration 1 .............: [4.71650361518252, 7.39973903560109]
2019-07-25T09:26:27:    Iteration 2 .............: [4.71650361518252, 6.0581213253918]
2019-07-25T09:26:37:    Iteration 3 .............: [4.71650361518252, 5.38731247028716]
2019-07-25T09:26:49:    Iteration 4 .............: [5.05190804273484, 5.38731247028716]
2019-07-25T09:26:59:    Iteration 5 .............: [5.219610256511, 5.38731247028716]
2019-07-25T09:27:10:    Iteration 6 .............: [5.30346136339908, 5.38731247028716]
2019-07-25T09:27:21:    Iteration 7 .............: [5.30346136339908, 5.34538691684312]
2019-07-25T09:27:31:    Iteration 8 .............: [5.30346136339908, 5.3244241401211]
2019-07-25T09:27:42:    Iteration 9 .............: [5.31394275176009, 5.3244241401211]
2019-07-25T09:27:52:    Iteration 10 ............: [5.3191834459406, 5.3244241401211]
2019-07-25T09:27:52:  Lower parameter factor ....: 4.21798
2019-07-25T09:27:52:  Upper parameter factor ....: 5.3218
2019-07-25T09:27:52:  Error from curvature ......: 2683235.42041857 MeV
2019-07-25T09:27:52:  Error from profile ........: 5519106.05884436 MeV
2019-07-25T09:27:52:  Negative profile error ....: 4985210.33920541 MeV
2019-07-25T09:27:52:  Positive profile error ....: 6053001.77848331 MeV
2019-07-25T09:27:52: 
2019-07-25T09:27:52: +==============+
2019-07-25T09:27:52: | Save results |
2019-07-25T09:27:52: +==============+
2019-07-25T09:27:52:  Model definition file .....: NONE
2019-07-25T09:27:52: 
2019-07-25T09:27:52: Application "cterror" terminated after 328 wall clock seconds, consuming 404.94 seconds of CPU time.
