2019-07-22T13:30:18: ********************************************************************************
2019-07-22T13:30:18: *                                    ctlike                                    *
2019-07-22T13:30:18: * ---------------------------------------------------------------------------- *
2019-07-22T13:30:18: * Version: 1.6.0                                                               *
2019-07-22T13:30:18: ********************************************************************************
2019-07-22T13:30:18: +============+
2019-07-22T13:30:18: | Parameters |
2019-07-22T13:30:18: +============+
2019-07-22T13:30:18:  inobs .....................: /cta/carli/CPPM_Internship/Simulations_and_Analyses/plus_constant_AEff_South_z40_50h/source1b/obs_cube.fits
2019-07-22T13:30:18:  inmodel ...................: sourcemodel_cube.xml
2019-07-22T13:30:18:  expcube ...................: /cta/carli/CPPM_Internship/Simulations_and_Analyses/plus_constant_AEff_South_z40_50h/source1b/exposure_cube.fits
2019-07-22T13:30:18:  psfcube ...................: /cta/carli/CPPM_Internship/Simulations_and_Analyses/plus_constant_AEff_South_z40_50h/source1b/PSF_cube.fits
2019-07-22T13:30:18:  edispcube .................: /cta/carli/CPPM_Internship/Simulations_and_Analyses/plus_constant_AEff_South_z40_50h/source1b/edisp_cube.fits
2019-07-22T13:30:18:  bkgcube ...................: /cta/carli/CPPM_Internship/Simulations_and_Analyses/plus_constant_AEff_South_z40_50h/source1b/background_cube.fits
2019-07-22T13:30:18:  caldb .....................: prod3b-v2
2019-07-22T13:30:18:  irf .......................: plus_constant_AEff_South_z40_50h
2019-07-22T13:30:18:  edisp .....................: yes
2019-07-22T13:30:18:  outmodel ..................: /cta/carli/CPPM_Internship/Simulations_and_Analyses/plus_constant_AEff_South_z40_50h/source1b/obsmodel_binned.xml
2019-07-22T13:30:18:  outcovmat .................: NONE
2019-07-22T13:30:18:  statistic .................: DEFAULT
2019-07-22T13:30:18:  refit .....................: no
2019-07-22T13:30:18:  like_accuracy .............: 0.005
2019-07-22T13:30:18:  max_iter ..................: 50
2019-07-22T13:30:18:  fix_spat_for_ts ...........: no
2019-07-22T13:30:18:  nthreads ..................: 0
2019-07-22T13:30:18:  chatter ...................: 4
2019-07-22T13:30:18:  clobber ...................: yes
2019-07-22T13:30:18:  debug .....................: no
2019-07-22T13:30:18:  mode ......................: ql
2019-07-22T13:30:18:  logfile ...................: ctlike.log
2019-07-22T13:30:18: 
2019-07-22T13:30:18: +===================+
2019-07-22T13:30:18: | Input observation |
2019-07-22T13:30:18: +===================+
2019-07-22T13:30:18: === GObservations ===
2019-07-22T13:30:18:  Number of observations ....: 1
2019-07-22T13:30:18:  Number of models ..........: 2
2019-07-22T13:30:18:  Number of observed events .: 315102
2019-07-22T13:30:18:  Number of predicted events : 0
2019-07-22T13:30:18: === GCTAObservation ===
2019-07-22T13:30:18:  Name ......................: 
2019-07-22T13:30:18:  Identifier ................: 000001
2019-07-22T13:30:18:  Instrument ................: CTA
2019-07-22T13:30:18:  Event file ................: /cta/carli/CPPM_Internship/Simulations_and_Analyses/plus_constant_AEff_South_z40_50h/source1b/obs_cube.fits
2019-07-22T13:30:18:  Event type ................: CountsCube
2019-07-22T13:30:18:  Statistic .................: cstat
2019-07-22T13:30:18:  Ontime ....................: 144000 s
2019-07-22T13:30:18:  Livetime ..................: 141120 s
2019-07-22T13:30:18:  Deadtime correction .......: 0.98
2019-07-22T13:30:18:  User energy range .........: undefined
2019-07-22T13:30:18: === GCTAPointing ===
2019-07-22T13:30:18:  Pointing direction ........: (RA,Dec)=(84.1331,22.0145)
2019-07-22T13:30:18: === GCTAResponseCube ===
2019-07-22T13:30:18:  Energy dispersion .........: Used
2019-07-22T13:30:18: === GCTACubeExposure ===
2019-07-22T13:30:18:  Filename ..................: /cta/carli/CPPM_Internship/Simulations_and_Analyses/plus_constant_AEff_South_z40_50h/source1b/exposure_cube.fits
2019-07-22T13:30:18:  Livetime ..................: 141120 sec
2019-07-22T13:30:18: === GEnergies ===
2019-07-22T13:30:18:  Number of energies ........: 33
2019-07-22T13:30:18: === GGti ===
2019-07-22T13:30:18:  Number of intervals .......: 1
2019-07-22T13:30:18:  Ontime ....................: 144000 sec
2019-07-22T13:30:18:  Elapsed time ..............: 144000 sec
2019-07-22T13:30:18:  MJD range .................: 51544.5 - 51546.1666666667 s (TT)
2019-07-22T13:30:18:  UTC range .................: 2000-01-01T11:58:56 - 2000-01-03T03:58:56 s (TT)
2019-07-22T13:30:18:  Reference MJD .............: 51544.5
2019-07-22T13:30:18: === GSkyMap ===
2019-07-22T13:30:18:  Number of pixels ..........: 6400
2019-07-22T13:30:18:  X axis dimension ..........: 80
2019-07-22T13:30:18:  Y axis dimension ..........: 80
2019-07-22T13:30:18:  Number of maps ............: 33
2019-07-22T13:30:18:  Shape of maps .............: (33)
2019-07-22T13:30:18: === GCTACubePsf ===
2019-07-22T13:30:18:  Filename ..................: /cta/carli/CPPM_Internship/Simulations_and_Analyses/plus_constant_AEff_South_z40_50h/source1b/PSF_cube.fits
2019-07-22T13:30:18: === GEnergies ===
2019-07-22T13:30:18:  Number of energies ........: 33
2019-07-22T13:30:18:  Number of delta bins ......: 200
2019-07-22T13:30:18:  Delta range ...............: 1.875e-06 - 0.298501875 deg
2019-07-22T13:30:18: === GSkyMap ===
2019-07-22T13:30:18:  Number of pixels ..........: 1
2019-07-22T13:30:18:  X axis dimension ..........: 1
2019-07-22T13:30:18:  Y axis dimension ..........: 1
2019-07-22T13:30:18:  Number of maps ............: 6600
2019-07-22T13:30:18:  Shape of maps .............: (200, 33)
2019-07-22T13:30:18: === GCTACubeEdisp ===
2019-07-22T13:30:18:  Filename ..................: /cta/carli/CPPM_Internship/Simulations_and_Analyses/plus_constant_AEff_South_z40_50h/source1b/edisp_cube.fits
2019-07-22T13:30:18: === GEnergies ===
2019-07-22T13:30:18:  Number of energies ........: 33
2019-07-22T13:30:18:  Number of migra bins ......: 100
2019-07-22T13:30:18:  Migra range ...............: 0.02 - 2
2019-07-22T13:30:18: === GSkyMap ===
2019-07-22T13:30:18:  Number of pixels ..........: 1
2019-07-22T13:30:18:  X axis dimension ..........: 1
2019-07-22T13:30:18:  Y axis dimension ..........: 1
2019-07-22T13:30:18:  Number of maps ............: 3300
2019-07-22T13:30:18:  Shape of maps .............: (100, 33)
2019-07-22T13:30:18: === GCTACubeBackground ===
2019-07-22T13:30:18:  Filename ..................: /cta/carli/CPPM_Internship/Simulations_and_Analyses/plus_constant_AEff_South_z40_50h/source1b/background_cube.fits
2019-07-22T13:30:18: === GEbounds ===
2019-07-22T13:30:18:  Number of intervals .......: 32
2019-07-22T13:30:18:  Energy range ..............: 100 GeV - 199.526229858398 TeV
2019-07-22T13:30:18: === GSkyMap ===
2019-07-22T13:30:18:  Number of pixels ..........: 6400
2019-07-22T13:30:18:  X axis dimension ..........: 80
2019-07-22T13:30:18:  Y axis dimension ..........: 80
2019-07-22T13:30:18:  Number of maps ............: 32
2019-07-22T13:30:18:  Shape of maps .............: (32)
2019-07-22T13:30:18: === GCTAResponseCache ===
2019-07-22T13:30:18:  Number of cached values ...: 0
2019-07-22T13:30:18: === GCTAEventCube ===
2019-07-22T13:30:18:  Number of events ..........: 315102
2019-07-22T13:30:18:  Number of elements ........: 204800
2019-07-22T13:30:18:  Number of pixels ..........: 6400
2019-07-22T13:30:18:  Number of energy bins .....: 32
2019-07-22T13:30:18:  Time interval .............: 51544.5 - 51546.1666666667 days
2019-07-22T13:30:18:  Pointing ..................: (RA,Dec)=(84.1331,22.0145)
2019-07-22T13:30:18: === GEbounds ===
2019-07-22T13:30:18:  Number of intervals .......: 32
2019-07-22T13:30:18:  Energy range ..............: 100 GeV - 199.526229858398 TeV
2019-07-22T13:30:18: === GSkyMap ===
2019-07-22T13:30:18:  Number of pixels ..........: 6400
2019-07-22T13:30:18:  X axis dimension ..........: 80
2019-07-22T13:30:18:  Y axis dimension ..........: 80
2019-07-22T13:30:18:  Number of maps ............: 32
2019-07-22T13:30:18:  Shape of maps .............: (32)
2019-07-22T13:30:18: === GSkyRegions ===
2019-07-22T13:30:18:  Number of regions .........: 0
2019-07-22T13:30:18: === GModels ===
2019-07-22T13:30:18:  Number of models ..........: 2
2019-07-22T13:30:18:  Number of parameters ......: 11
2019-07-22T13:30:18: === GModelSky ===
2019-07-22T13:30:18:  Name ......................: source1b
2019-07-22T13:30:18:  Instruments ...............: all
2019-07-22T13:30:18:  Test Statistic ............: Computation requested
2019-07-22T13:30:18:  Observation identifiers ...: all
2019-07-22T13:30:18:  Model type ................: PointSource
2019-07-22T13:30:18:  Model components ..........: "PointSource" * "ExponentialCutoffPowerLaw" * "Constant"
2019-07-22T13:30:18:  Number of parameters ......: 7
2019-07-22T13:30:18:  Number of spatial par's ...: 2
2019-07-22T13:30:18:   RA .......................: 83.6331 [-360,360] deg (fixed,scale=1)
2019-07-22T13:30:18:   DEC ......................: 22.0145 [-90,90] deg (fixed,scale=1)
2019-07-22T13:30:18:  Number of spectral par's ..: 4
2019-07-22T13:30:18:   Prefactor ................: 1.52e-18 +/- 0 [1e-25,1e-15] ph/cm2/s/MeV (free,scale=1e-18,gradient)
2019-07-22T13:30:18:   Index ....................: -2 +/- 0 [-0,-5]  (free,scale=-1,gradient)
2019-07-22T13:30:18:   CutoffEnergy .............: 50000000 +/- 0 [100000,10000000000] MeV (free,scale=10000000,gradient)
2019-07-22T13:30:18:   PivotEnergy ..............: 1000000 [10000,1000000000] MeV (fixed,scale=1000000,gradient)
2019-07-22T13:30:18:  Number of temporal par's ..: 1
2019-07-22T13:30:18:   Normalization ............: 1 (relative value) (fixed,scale=1,gradient)
2019-07-22T13:30:18:  Number of scale par's .....: 0
2019-07-22T13:30:18: === GCTAModelCubeBackground ===
2019-07-22T13:30:18:  Name ......................: BackgroundModel
2019-07-22T13:30:18:  Instruments ...............: CTA, HESS, MAGIC, VERITAS
2019-07-22T13:30:18:  Observation identifiers ...: all
2019-07-22T13:30:18:  Model type ................: "PowerLaw" * "Constant"
2019-07-22T13:30:18:  Number of parameters ......: 4
2019-07-22T13:30:18:  Number of spectral par's ..: 3
2019-07-22T13:30:18:   Prefactor ................: 1 +/- 0 [0.01,100] ph/cm2/s/MeV (free,scale=1,gradient)
2019-07-22T13:30:18:   Index ....................: 0 +/- 0 [-5,5]  (free,scale=1,gradient)
2019-07-22T13:30:18:   PivotEnergy ..............: 1000000 MeV (fixed,scale=1000000,gradient)
2019-07-22T13:30:18:  Number of temporal par's ..: 1
2019-07-22T13:30:18:   Normalization ............: 1 (relative value) (fixed,scale=1,gradient)
2019-07-22T13:30:18: 
2019-07-22T13:30:18: +=================================+
2019-07-22T13:30:18: | Maximum likelihood optimisation |
2019-07-22T13:30:18: +=================================+
2019-07-22T13:30:50:  >Iteration   0: -logL=-320411.600, Lambda=1.0e-03
2019-07-22T13:31:20:  >Iteration   1: -logL=-320413.696, Lambda=1.0e-03, delta=2.096, step=1.0e+00, max(|grad|)=18.219957 [Index:8]
2019-07-22T13:31:49:  >Iteration   2: -logL=-320413.753, Lambda=1.0e-04, delta=0.057, step=1.0e+00, max(|grad|)=1.480580 [Index:3]
2019-07-22T13:32:19:  >Iteration   3: -logL=-320413.754, Lambda=1.0e-05, delta=0.001, step=1.0e+00, max(|grad|)=0.077987 [Index:3]
2019-07-22T13:32:19:  
2019-07-22T13:32:19:  +==================+
2019-07-22T13:32:19:  | Curvature matrix |
2019-07-22T13:32:19:  +==================+
2019-07-22T13:32:19:  === GMatrixSparse ===
2019-07-22T13:32:19:   Number of rows ............: 11
2019-07-22T13:32:19:   Number of columns .........: 11
2019-07-22T13:32:19:   Number of nonzero elements : 25
2019-07-22T13:32:19:   Number of allocated cells .: 537
2019-07-22T13:32:19:   Memory block size .........: 512
2019-07-22T13:32:19:   Sparse matrix fill ........: 0.206611570247934
2019-07-22T13:32:19:   Pending element ...........: 0
2019-07-22T13:32:19:   Fill stack size ...........: 0 (none)
2019-07-22T13:32:19:   0, 0, 0, 0, 0, 0, 0, 0, 0, 0, 0
2019-07-22T13:32:19:   0, 0, 0, 0, 0, 0, 0, 0, 0, 0, 0
2019-07-22T13:32:19:   0, 0, 3654.55586936168, -1181.92027605002, 53.0620462020039, 0, 0, 2033.09802707246, -2905.7339609974, 0, 0
2019-07-22T13:32:19:   0, 0, -1181.92027605002, 14600.9199912449, -172.369945195387, 0, 0, 4444.36199266506, -8031.8587059494, 0, 0
2019-07-22T13:32:19:   0, 0, 53.0620462020039, -172.369945195387, 4.62106515754035, 0, 0, 3.5183283542851, -0.395025013748518, 0, 0
2019-07-22T13:32:19:   0, 0, 0, 0, 0, 0, 0, 0, 0, 0, 0
2019-07-22T13:32:19:   0, 0, 0, 0, 0, 0, 0, 0, 0, 0, 0
2019-07-22T13:32:19:   0, 0, 2033.09802707246, 4444.36199266504, 3.5183283542851, 0, 0, 303259.687229622, -474255.970461337, 0, 0
2019-07-22T13:32:19:   0, 0, -2905.7339609974, -8031.85870594941, -0.39502501374852, 0, 0, -474255.970461336, 892999.830484932, 0, 0
2019-07-22T13:32:19:   0, 0, 0, 0, 0, 0, 0, 0, 0, 0, 0
2019-07-22T13:32:19:   0, 0, 0, 0, 0, 0, 0, 0, 0, 0, 0
2019-07-22T13:32:48: 
2019-07-22T13:32:48: +====================================+
2019-07-22T13:32:48: | Maximum likelihood re-optimisation |
2019-07-22T13:32:48: +====================================+
2019-07-22T13:32:49:  >Iteration   0: -logL=-299649.155, Lambda=1.0e-03
2019-07-22T13:32:49:  >Iteration   1: -logL=-300510.272, Lambda=1.0e-03, delta=861.117, step=1.0e+00, max(|grad|)=3600.264431 [Index:1]
2019-07-22T13:32:50:  >Iteration   2: -logL=-300557.421, Lambda=1.0e-04, delta=47.149, step=1.0e+00, max(|grad|)=-190.355240 [Prefactor:0]
2019-07-22T13:32:50:  >Iteration   3: -logL=-300557.644, Lambda=1.0e-05, delta=0.223, step=1.0e+00, max(|grad|)=-11.960542 [Index:1]
2019-07-22T13:32:51:  >Iteration   4: -logL=-300557.644, Lambda=1.0e-06, delta=0.001, step=1.0e+00, max(|grad|)=-0.805102 [Index:1]
2019-07-22T13:32:51: 
2019-07-22T13:32:51: +============================================+
2019-07-22T13:32:51: | Maximum likelihood re-optimisation results |
2019-07-22T13:32:51: +============================================+
2019-07-22T13:32:51: === GOptimizerLM ===
2019-07-22T13:32:51:  Optimized function value ..: -300557.644
2019-07-22T13:32:51:  Absolute precision ........: 0.005
2019-07-22T13:32:51:  Acceptable value decrease .: 2
2019-07-22T13:32:51:  Optimization status .......: converged
2019-07-22T13:32:51:  Number of parameters ......: 4
2019-07-22T13:32:51:  Number of free parameters .: 2
2019-07-22T13:32:51:  Number of iterations ......: 4
2019-07-22T13:32:51:  Lambda ....................: 1e-07
2019-07-22T13:32:51: 
2019-07-22T13:32:51: +=========================================+
2019-07-22T13:32:51: | Maximum likelihood optimisation results |
2019-07-22T13:32:51: +=========================================+
2019-07-22T13:32:51: === GOptimizerLM ===
2019-07-22T13:32:51:  Optimized function value ..: -320413.754
2019-07-22T13:32:51:  Absolute precision ........: 0.005
2019-07-22T13:32:51:  Acceptable value decrease .: 2
2019-07-22T13:32:51:  Optimization status .......: converged
2019-07-22T13:32:51:  Number of parameters ......: 11
2019-07-22T13:32:51:  Number of free parameters .: 5
2019-07-22T13:32:51:  Number of iterations ......: 3
2019-07-22T13:32:51:  Lambda ....................: 1e-06
2019-07-22T13:32:51:  Maximum log likelihood ....: 320413.754
2019-07-22T13:32:51:  Observed events  (Nobs) ...: 315102.000
2019-07-22T13:32:51:  Predicted events (Npred) ..: 313328.986 (Nobs - Npred = 1773.01447165251)
2019-07-22T13:32:51: === GModels ===
2019-07-22T13:32:51:  Number of models ..........: 2
2019-07-22T13:32:51:  Number of parameters ......: 11
2019-07-22T13:32:51: === GModelSky ===
2019-07-22T13:32:51:  Name ......................: source1b
2019-07-22T13:32:51:  Instruments ...............: all
2019-07-22T13:32:51:  Test Statistic ............: 39712.2194951535
2019-07-22T13:32:51:  Observation identifiers ...: all
2019-07-22T13:32:51:  Model type ................: PointSource
2019-07-22T13:32:51:  Model components ..........: "PointSource" * "ExponentialCutoffPowerLaw" * "Constant"
2019-07-22T13:32:51:  Number of parameters ......: 7
2019-07-22T13:32:51:  Number of spatial par's ...: 2
2019-07-22T13:32:51:   RA .......................: 83.6331 [-360,360] deg (fixed,scale=1)
2019-07-22T13:32:51:   DEC ......................: 22.0145 [-90,90] deg (fixed,scale=1)
2019-07-22T13:32:51:  Number of spectral par's ..: 4
2019-07-22T13:32:51:   Prefactor ................: 1.50527625343959e-18 +/- 1.83837308276078e-20 [1e-25,1e-15] ph/cm2/s/MeV (free,scale=1e-18,gradient)
2019-07-22T13:32:51:   Index ....................: -2.01158300549162 +/- 0.0112492672061129 [-0,-5]  (free,scale=-1,gradient)
2019-07-22T13:32:51:   CutoffEnergy .............: 57895494.5073706 +/- 6815456.75705018 [100000,10000000000] MeV (free,scale=10000000,gradient)
2019-07-22T13:32:51:   PivotEnergy ..............: 1000000 [10000,1000000000] MeV (fixed,scale=1000000,gradient)
2019-07-22T13:32:51:  Number of temporal par's ..: 1
2019-07-22T13:32:51:   Normalization ............: 1 (relative value) (fixed,scale=1,gradient)
2019-07-22T13:32:51:  Number of scale par's .....: 0
2019-07-22T13:32:51: === GCTAModelCubeBackground ===
2019-07-22T13:32:51:  Name ......................: BackgroundModel
2019-07-22T13:32:51:  Instruments ...............: CTA, HESS, MAGIC, VERITAS
2019-07-22T13:32:51:  Observation identifiers ...: all
2019-07-22T13:32:51:  Model type ................: "PowerLaw" * "Constant"
2019-07-22T13:32:51:  Number of parameters ......: 4
2019-07-22T13:32:51:  Number of spectral par's ..: 3
2019-07-22T13:32:51:   Prefactor ................: 0.992903817675719 +/- 0.00441438173534871 [0.01,100] ph/cm2/s/MeV (free,scale=1,gradient)
2019-07-22T13:32:51:   Index ....................: -0.00357486851974704 +/- 0.00257176046590371 [-5,5]  (free,scale=1,gradient)
2019-07-22T13:32:51:   PivotEnergy ..............: 1000000 MeV (fixed,scale=1000000,gradient)
2019-07-22T13:32:51:  Number of temporal par's ..: 1
2019-07-22T13:32:51:   Normalization ............: 1 (relative value) (fixed,scale=1,gradient)
2019-07-22T13:32:51: 
2019-07-22T13:32:51: +==============+
2019-07-22T13:32:51: | Save results |
2019-07-22T13:32:51: +==============+
2019-07-22T13:32:51:  Model definition file .....: /cta/carli/CPPM_Internship/Simulations_and_Analyses/plus_constant_AEff_South_z40_50h/source1b/obsmodel_binned.xml
2019-07-22T13:32:51:  Covariance matrix file ....: NONE
2019-07-22T13:32:51: 
2019-07-22T13:32:51: Application "ctlike" terminated after 154 wall clock seconds, consuming 159.47 seconds of CPU time.
