2019-07-23T14:21:42: ********************************************************************************
2019-07-23T14:21:42: *                                   ctskymap                                   *
2019-07-23T14:21:42: * ---------------------------------------------------------------------------- *
2019-07-23T14:21:42: * Version: 1.6.0                                                               *
2019-07-23T14:21:42: ********************************************************************************
2019-07-23T14:21:42: +============+
2019-07-23T14:21:42: | Parameters |
2019-07-23T14:21:42: +============+
2019-07-23T14:21:42:  inobs .....................: /cta/carli/CPPM_Internship/Simulations_and_Analyses/plus_gradient_EDisp_South_z40_50h/source2c/obs.fits
2019-07-23T14:21:42:  caldb .....................: prod3b-v2
2019-07-23T14:21:42:  irf .......................: plus_gradient_EDisp_South_z40_50h
2019-07-23T14:21:42:  inmap .....................: NONE
2019-07-23T14:21:42:  outmap ....................: /cta/carli/CPPM_Internship/Simulations_and_Analyses/plus_gradient_EDisp_South_z40_50h/source2c/skymap.fits
2019-07-23T14:21:42:  emin ......................: 0.1
2019-07-23T14:21:42:  emax ......................: 199.526229858398
2019-07-23T14:21:42:  usepnt ....................: yes
2019-07-23T14:21:42:  nxpix .....................: 80
2019-07-23T14:21:42:  nypix .....................: 80
2019-07-23T14:21:42:  binsz .....................: 0.02
2019-07-23T14:21:42:  coordsys ..................: CEL
2019-07-23T14:21:42:  proj ......................: CAR
2019-07-23T14:21:42:  xref ......................: [not queried]
2019-07-23T14:21:42:  yref ......................: [not queried]
2019-07-23T14:21:42:  bkgsubtract ...............: NONE
2019-07-23T14:21:42:  roiradius .................: [not queried]
2019-07-23T14:21:42:  inradius ..................: [not queried]
2019-07-23T14:21:42:  outradius .................: [not queried]
2019-07-23T14:21:42:  iterations ................: [not queried]
2019-07-23T14:21:42:  threshold .................: [not queried]
2019-07-23T14:21:42:  inexclusion ...............: NONE
2019-07-23T14:21:42:  usefft ....................: yes
2019-07-23T14:21:42:  publish ...................: no
2019-07-23T14:21:42:  chatter ...................: 4
2019-07-23T14:21:42:  clobber ...................: yes
2019-07-23T14:21:42:  debug .....................: no
2019-07-23T14:21:42:  mode ......................: ql
2019-07-23T14:21:42:  logfile ...................: ctskymap.log
2019-07-23T14:21:42: 
2019-07-23T14:21:42: +===================+
2019-07-23T14:21:42: | Input observation |
2019-07-23T14:21:42: +===================+
2019-07-23T14:21:42: === GObservations ===
2019-07-23T14:21:42:  Number of observations ....: 1
2019-07-23T14:21:42:  Number of models ..........: 0
2019-07-23T14:21:42:  Number of observed events .: 320440
2019-07-23T14:21:42:  Number of predicted events : 0
2019-07-23T14:21:42: === GCTAObservation ===
2019-07-23T14:21:42:  Name ......................: 
2019-07-23T14:21:42:  Identifier ................: 000001
2019-07-23T14:21:42:  Instrument ................: CTA
2019-07-23T14:21:42:  Event file ................: /cta/carli/CPPM_Internship/Simulations_and_Analyses/plus_gradient_EDisp_South_z40_50h/source2c/obs.fits
2019-07-23T14:21:42:  Event type ................: EventList
2019-07-23T14:21:42:  Statistic .................: cstat
2019-07-23T14:21:42:  Ontime ....................: 144000 s
2019-07-23T14:21:42:  Livetime ..................: 141120 s
2019-07-23T14:21:42:  Deadtime correction .......: 0.98
2019-07-23T14:21:42:  User energy range .........: undefined
2019-07-23T14:21:42: === GCTAPointing ===
2019-07-23T14:21:42:  Pointing direction ........: (RA,Dec)=(84.1331,22.0145)
2019-07-23T14:21:42:  Response function .........: undefined
2019-07-23T14:21:42: === GCTAEventList ===
2019-07-23T14:21:42:  Number of events ..........: 320440 (disposed in "/cta/carli/CPPM_Internship/Simulations_and_Analyses/plus_gradient_EDisp_South_z40_50h/source2c/obs.fits")
2019-07-23T14:21:42:  Time interval .............: 51544.5 - 51546.1666666667 days
2019-07-23T14:21:42: === GEbounds ===
2019-07-23T14:21:42:  Number of intervals .......: 1
2019-07-23T14:21:42:  Energy range ..............: 100 GeV - 199.526229858398 TeV
2019-07-23T14:21:42: === GCTARoi ===
2019-07-23T14:21:42:  RoI centre ................: RA=84.1331, DEC=22.0145 [0,0]
2019-07-23T14:21:42:  RoI radius ................: 0.8 deg
2019-07-23T14:21:42: === GSkyRegions ===
2019-07-23T14:21:42:  Number of regions .........: 0
2019-07-23T14:21:42: === GModels ===
2019-07-23T14:21:42:  Number of models ..........: 0
2019-07-23T14:21:42:  Number of parameters ......: 0
2019-07-23T14:21:42: 
2019-07-23T14:21:42: +===========================+
2019-07-23T14:21:42: | Find unbinned observation |
2019-07-23T14:21:42: +===========================+
2019-07-23T14:21:42: === CTA observation (id=000001) ===
2019-07-23T14:21:42:  Including unbinned CTA observation
2019-07-23T14:21:42: 
2019-07-23T14:21:42: +===========================+
2019-07-23T14:21:42: | Fill map from observation |
2019-07-23T14:21:42: +===========================+
2019-07-23T14:21:42: === CTA observation (id=000001) ===
2019-07-23T14:21:42:  Events in list ............: 320440
2019-07-23T14:21:42:  Events in map .............: 300440
2019-07-23T14:21:42:  Events outside RoI ........: 1
2019-07-23T14:21:42:  Events outside map area ...: 0
2019-07-23T14:21:42:  Events outside energies ...: 19999
2019-07-23T14:21:42: 
2019-07-23T14:21:42: +=========+
2019-07-23T14:21:42: | Sky map |
2019-07-23T14:21:42: +=========+
2019-07-23T14:21:42: === GSkyMap ===
2019-07-23T14:21:42:  Number of pixels ..........: 6400
2019-07-23T14:21:42:  X axis dimension ..........: 80
2019-07-23T14:21:42:  Y axis dimension ..........: 80
2019-07-23T14:21:42:  Number of maps ............: 1
2019-07-23T14:21:42:  Shape of maps .............: (1)
2019-07-23T14:21:42: === GWcsCAR ===
2019-07-23T14:21:42:  Number of axes ............: 2
2019-07-23T14:21:42:  Longitude axis ............: 0
2019-07-23T14:21:42:  Latitude axis .............: 1
2019-07-23T14:21:42:  Spectral axis .............: -1
2019-07-23T14:21:42:  Coodinate system ..........: EQU
2019-07-23T14:21:42:  Projection code ...........: CAR
2019-07-23T14:21:42:  Projection name ...........: plate carree
2019-07-23T14:21:42:  Radius of the gen. sphere .: 57.2957795130823 deg
2019-07-23T14:21:42:  Reference coordinate ......: (84.1331, 22.0145)
2019-07-23T14:21:42:  Reference pixel ...........: (40.5, 40.5)
2019-07-23T14:21:42:  Increment at reference ....: (-0.02, 0.02)
2019-07-23T14:21:42:  (Phi_0, Theta_0) ..........: (0, 0) deg
2019-07-23T14:21:42:  (Phi_p, Theta_p) ..........: (0, 67.9855) deg
2019-07-23T14:21:42:  LATPOLE keyword usage .....: Required to select between two valid solutions of Theta_p.
2019-07-23T14:21:42:  Reference vector (m_ref) ..: (84.1331, 22.0145, 0, 67.9855) deg
2019-07-23T14:21:42:  Euler angles ..............: (264.1331 deg, 22.0145 deg, 0 deg, 0.927089022159083, 0.374841226377402)
2019-07-23T14:21:42:  Latitude preserved ........: False
2019-07-23T14:21:42:  Unity PC matrix ...........: True
2019-07-23T14:21:42:  Pixel-to-image trafo ......: ()
2019-07-23T14:21:42:  Image-to-pixel trafo ......: ()
2019-07-23T14:21:42:  Strict bounds checking ....: True
2019-07-23T14:21:42:  Use fiducial offset .......: False
2019-07-23T14:21:42:  Fiducial offset ...........: (0, 0)
2019-07-23T14:21:42:  Rest frequency ............: UNDEFINED
2019-07-23T14:21:42:  Rest wavelength ...........: UNDEFINED
2019-07-23T14:21:42: 
2019-07-23T14:21:42: +==============+
2019-07-23T14:21:42: | Compute maps |
2019-07-23T14:21:42: +==============+
2019-07-23T14:21:42: 
2019-07-23T14:21:42: +==============+
2019-07-23T14:21:42: | Save sky map |
2019-07-23T14:21:42: +==============+
2019-07-23T14:21:42:  Sky map file ..............: /cta/carli/CPPM_Internship/Simulations_and_Analyses/plus_gradient_EDisp_South_z40_50h/source2c/skymap.fits
2019-07-23T14:21:42: 
2019-07-23T14:21:42: Application "ctskymap" terminated after 0 wall clock seconds, consuming 0.91 seconds of CPU time. This was rather quick!
