2019-07-23T16:56:24: ********************************************************************************
2019-07-23T16:56:24: *                                     ctbin                                    *
2019-07-23T16:56:24: * ---------------------------------------------------------------------------- *
2019-07-23T16:56:24: * Version: 1.6.0                                                               *
2019-07-23T16:56:24: ********************************************************************************
2019-07-23T16:56:24: +============+
2019-07-23T16:56:24: | Parameters |
2019-07-23T16:56:24: +============+
2019-07-23T16:56:24:  inobs .....................: /cta/carli/CPPM_Internship/Simulations_and_Analyses/minus_gradient_EDisp_South_z40_50h/source1d/obs.fits
2019-07-23T16:56:24:  outobs ....................: /cta/carli/CPPM_Internship/Simulations_and_Analyses/minus_gradient_EDisp_South_z40_50h/source1d/obs_cube.fits
2019-07-23T16:56:24:  stack .....................: yes
2019-07-23T16:56:24:  prefix ....................: cntcube_
2019-07-23T16:56:24:  ebinalg ...................: LOG
2019-07-23T16:56:24:  emin ......................: 0.1
2019-07-23T16:56:24:  emax ......................: 199.526229858398
2019-07-23T16:56:24:  enumbins ..................: 32
2019-07-23T16:56:24:  ebinfile ..................: [not queried]
2019-07-23T16:56:24:  usepnt ....................: yes
2019-07-23T16:56:24:  nxpix .....................: 80
2019-07-23T16:56:24:  nypix .....................: 80
2019-07-23T16:56:24:  binsz .....................: 0.02
2019-07-23T16:56:24:  coordsys ..................: GAL
2019-07-23T16:56:24:  proj ......................: TAN
2019-07-23T16:56:24:  xref ......................: [not queried]
2019-07-23T16:56:24:  yref ......................: [not queried]
2019-07-23T16:56:24:  nthreads ..................: 0
2019-07-23T16:56:24:  publish ...................: no
2019-07-23T16:56:24:  chatter ...................: 4
2019-07-23T16:56:24:  clobber ...................: yes
2019-07-23T16:56:24:  debug .....................: no
2019-07-23T16:56:24:  mode ......................: ql
2019-07-23T16:56:24:  logfile ...................: ctbin.log
2019-07-23T16:56:24: 
2019-07-23T16:56:24: +===================+
2019-07-23T16:56:24: | Input observation |
2019-07-23T16:56:24: +===================+
2019-07-23T16:56:24: === GObservations ===
2019-07-23T16:56:24:  Number of observations ....: 1
2019-07-23T16:56:24:  Number of models ..........: 0
2019-07-23T16:56:24:  Number of observed events .: 325434
2019-07-23T16:56:24:  Number of predicted events : 0
2019-07-23T16:56:24: === GCTAObservation ===
2019-07-23T16:56:24:  Name ......................: 
2019-07-23T16:56:24:  Identifier ................: 000001
2019-07-23T16:56:24:  Instrument ................: CTA
2019-07-23T16:56:24:  Event file ................: /cta/carli/CPPM_Internship/Simulations_and_Analyses/minus_gradient_EDisp_South_z40_50h/source1d/obs.fits
2019-07-23T16:56:24:  Event type ................: EventList
2019-07-23T16:56:24:  Statistic .................: cstat
2019-07-23T16:56:24:  Ontime ....................: 144000 s
2019-07-23T16:56:24:  Livetime ..................: 141120 s
2019-07-23T16:56:24:  Deadtime correction .......: 0.98
2019-07-23T16:56:24:  User energy range .........: undefined
2019-07-23T16:56:24: === GCTAPointing ===
2019-07-23T16:56:24:  Pointing direction ........: (RA,Dec)=(84.1331,22.0145)
2019-07-23T16:56:24:  Response function .........: undefined
2019-07-23T16:56:24: === GCTAEventList ===
2019-07-23T16:56:24:  Number of events ..........: 325434 (disposed in "/cta/carli/CPPM_Internship/Simulations_and_Analyses/minus_gradient_EDisp_South_z40_50h/source1d/obs.fits")
2019-07-23T16:56:24:  Time interval .............: 51544.5 - 51546.1666666667 days
2019-07-23T16:56:24: === GEbounds ===
2019-07-23T16:56:24:  Number of intervals .......: 1
2019-07-23T16:56:24:  Energy range ..............: 100 GeV - 199.526229858398 TeV
2019-07-23T16:56:24: === GCTARoi ===
2019-07-23T16:56:24:  RoI centre ................: RA=84.1331, DEC=22.0145 [0,0]
2019-07-23T16:56:24:  RoI radius ................: 0.8 deg
2019-07-23T16:56:24: === GSkyRegions ===
2019-07-23T16:56:24:  Number of regions .........: 0
2019-07-23T16:56:24: === GModels ===
2019-07-23T16:56:24:  Number of models ..........: 0
2019-07-23T16:56:24:  Number of parameters ......: 0
2019-07-23T16:56:24: 
2019-07-23T16:56:24: +===========================+
2019-07-23T16:56:24: | Find unbinned observation |
2019-07-23T16:56:24: +===========================+
2019-07-23T16:56:24: === CTA observation (id=000001) ===
2019-07-23T16:56:24:  Including unbinned CTA observation
2019-07-23T16:56:24: === Summary ===
2019-07-23T16:56:24:  Number of observations ....: 1
2019-07-23T16:56:24:  Mean pointing .............: (RA,Dec)=(84.1331,22.0145)
2019-07-23T16:56:24:  Use mean pointing .........: yes
2019-07-23T16:56:24: 
2019-07-23T16:56:24: +=================+
2019-07-23T16:56:24: | Bin observation |
2019-07-23T16:56:24: +=================+
2019-07-23T16:56:24: === CTA observation (id=000001) ===
2019-07-23T16:56:24:  Events in list ............: 325434
2019-07-23T16:56:24:  Events in cube ............: 325432
2019-07-23T16:56:24:  Events outside RoI ........: 1
2019-07-23T16:56:24:  Events with invalid WCS ...: 0
2019-07-23T16:56:24:  Events outside cube area ..: 1
2019-07-23T16:56:24:  Events outside energy bins : 0
2019-07-23T16:56:24: 
2019-07-23T16:56:24: +====================+
2019-07-23T16:56:24: | Binned observation |
2019-07-23T16:56:24: +====================+
2019-07-23T16:56:24: === GObservations ===
2019-07-23T16:56:24:  Number of observations ....: 1
2019-07-23T16:56:24:  Number of models ..........: 0
2019-07-23T16:56:24:  Number of observed events .: 325432
2019-07-23T16:56:24:  Number of predicted events : 0
2019-07-23T16:56:24: === GCTAObservation ===
2019-07-23T16:56:24:  Name ......................: 
2019-07-23T16:56:24:  Identifier ................: 000001
2019-07-23T16:56:24:  Instrument ................: CTA
2019-07-23T16:56:24:  Event file ................: 
2019-07-23T16:56:24:  Event type ................: CountsCube
2019-07-23T16:56:24:  Statistic .................: cstat
2019-07-23T16:56:24:  Ontime ....................: 144000 s
2019-07-23T16:56:24:  Livetime ..................: 141120 s
2019-07-23T16:56:24:  Deadtime correction .......: 0.98
2019-07-23T16:56:24:  User energy range .........: undefined
2019-07-23T16:56:24: === GCTAPointing ===
2019-07-23T16:56:24:  Pointing direction ........: (RA,Dec)=(84.1331,22.0145)
2019-07-23T16:56:24:  Response function .........: undefined
2019-07-23T16:56:24: === GCTAEventCube ===
2019-07-23T16:56:24:  Number of events ..........: 325432
2019-07-23T16:56:24:  Number of elements ........: 204800
2019-07-23T16:56:24:  Number of pixels ..........: 6400
2019-07-23T16:56:24:  Number of energy bins .....: 32
2019-07-23T16:56:24:  Time interval .............: 51544.5 - 51546.1666666667 days
2019-07-23T16:56:24:  Pointing ..................: not defined
2019-07-23T16:56:24: === GEbounds ===
2019-07-23T16:56:24:  Number of intervals .......: 32
2019-07-23T16:56:24:  Energy range ..............: 100 GeV - 199.526229858398 TeV
2019-07-23T16:56:24: === GSkyMap ===
2019-07-23T16:56:24:  Number of pixels ..........: 6400
2019-07-23T16:56:24:  X axis dimension ..........: 80
2019-07-23T16:56:24:  Y axis dimension ..........: 80
2019-07-23T16:56:24:  Number of maps ............: 32
2019-07-23T16:56:24:  Shape of maps .............: (32)
2019-07-23T16:56:24: === GSkyRegions ===
2019-07-23T16:56:24:  Number of regions .........: 0
2019-07-23T16:56:24: === GModels ===
2019-07-23T16:56:24:  Number of models ..........: 0
2019-07-23T16:56:24:  Number of parameters ......: 0
2019-07-23T16:56:24: 
2019-07-23T16:56:24: +==================+
2019-07-23T16:56:24: | Save counts cube |
2019-07-23T16:56:24: +==================+
2019-07-23T16:56:24:  Counts cube file ..........: /cta/carli/CPPM_Internship/Simulations_and_Analyses/minus_gradient_EDisp_South_z40_50h/source1d/obs_cube.fits
2019-07-23T16:56:25: 
2019-07-23T16:56:25: Application "ctbin" terminated after 1 wall clock seconds, consuming 1.04 seconds of CPU time.
