2019-07-25T09:16:04: ********************************************************************************
2019-07-25T09:16:04: *                                    cterror                                   *
2019-07-25T09:16:04: * ---------------------------------------------------------------------------- *
2019-07-25T09:16:04: * Version: 1.6.0                                                               *
2019-07-25T09:16:04: ********************************************************************************
2019-07-25T09:16:04: +============+
2019-07-25T09:16:04: | Parameters |
2019-07-25T09:16:04: +============+
2019-07-25T09:16:04:  inobs .....................: /cta/carli/CPPM_Internship/Simulations_and_Analyses/minus_gradient_EDisp_South_z40_50h/source1d/obs_cube.fits
2019-07-25T09:16:04:  inmodel ...................: /cta/carli/CPPM_Internship/Simulations_and_Analyses/minus_gradient_EDisp_South_z40_50h/source1d/obsmodel_binned.xml
2019-07-25T09:16:04:  srcname ...................: source1d
2019-07-25T09:16:04:  expcube ...................: /cta/carli/CPPM_Internship/Simulations_and_Analyses/minus_gradient_EDisp_South_z40_50h/source1d/exposure_cube.fits
2019-07-25T09:16:04:  psfcube ...................: /cta/carli/CPPM_Internship/Simulations_and_Analyses/minus_gradient_EDisp_South_z40_50h/source1d/PSF_cube.fits
2019-07-25T09:16:04:  edispcube .................: /cta/carli/CPPM_Internship/Simulations_and_Analyses/minus_gradient_EDisp_South_z40_50h/source1d/edisp_cube.fits
2019-07-25T09:16:04:  bkgcube ...................: /cta/carli/CPPM_Internship/Simulations_and_Analyses/minus_gradient_EDisp_South_z40_50h/source1d/background_cube.fits
2019-07-25T09:16:04:  caldb .....................: prod3b-v2
2019-07-25T09:16:04:  irf .......................: minus_gradient_EDisp_South_z40_50h
2019-07-25T09:16:04:  edisp .....................: yes
2019-07-25T09:16:04:  outmodel ..................: 
2019-07-25T09:16:04:  confidence ................: 0.68
2019-07-25T09:16:04:  tol .......................: 1e-3
2019-07-25T09:16:04:  statistic .................: DEFAULT
2019-07-25T09:16:04:  like_accuracy .............: 0.005
2019-07-25T09:16:04:  max_iter ..................: 50
2019-07-25T09:16:04:  nthreads ..................: 0
2019-07-25T09:16:04:  chatter ...................: 4
2019-07-25T09:16:04:  clobber ...................: yes
2019-07-25T09:16:04:  debug .....................: no
2019-07-25T09:16:04:  mode ......................: ql
2019-07-25T09:16:04:  logfile ...................: cterror68.log
2019-07-25T09:16:04: 
2019-07-25T09:16:04: +===================+
2019-07-25T09:16:04: | Input observation |
2019-07-25T09:16:04: +===================+
2019-07-25T09:16:04: === GObservations ===
2019-07-25T09:16:04:  Number of observations ....: 1
2019-07-25T09:16:04:  Number of models ..........: 2
2019-07-25T09:16:04:  Number of observed events .: 325432
2019-07-25T09:16:04:  Number of predicted events : 0
2019-07-25T09:16:04: === GCTAObservation ===
2019-07-25T09:16:04:  Name ......................: 
2019-07-25T09:16:04:  Identifier ................: 000001
2019-07-25T09:16:04:  Instrument ................: CTA
2019-07-25T09:16:04:  Event file ................: /cta/carli/CPPM_Internship/Simulations_and_Analyses/minus_gradient_EDisp_South_z40_50h/source1d/obs_cube.fits
2019-07-25T09:16:04:  Event type ................: CountsCube
2019-07-25T09:16:04:  Statistic .................: cstat
2019-07-25T09:16:04:  Ontime ....................: 144000 s
2019-07-25T09:16:04:  Livetime ..................: 141120 s
2019-07-25T09:16:04:  Deadtime correction .......: 0.98
2019-07-25T09:16:04:  User energy range .........: undefined
2019-07-25T09:16:04: === GCTAPointing ===
2019-07-25T09:16:04:  Pointing direction ........: (RA,Dec)=(84.1331,22.0145)
2019-07-25T09:16:04: === GCTAResponseCube ===
2019-07-25T09:16:04:  Energy dispersion .........: Used
2019-07-25T09:16:04: === GCTACubeExposure ===
2019-07-25T09:16:04:  Filename ..................: /cta/carli/CPPM_Internship/Simulations_and_Analyses/minus_gradient_EDisp_South_z40_50h/source1d/exposure_cube.fits
2019-07-25T09:16:04:  Livetime ..................: 141120 sec
2019-07-25T09:16:04: === GEnergies ===
2019-07-25T09:16:04:  Number of energies ........: 33
2019-07-25T09:16:04: === GGti ===
2019-07-25T09:16:04:  Number of intervals .......: 1
2019-07-25T09:16:04:  Ontime ....................: 144000 sec
2019-07-25T09:16:04:  Elapsed time ..............: 144000 sec
2019-07-25T09:16:04:  MJD range .................: 51544.5 - 51546.1666666667 s (TT)
2019-07-25T09:16:04:  UTC range .................: 2000-01-01T11:58:56 - 2000-01-03T03:58:56 s (TT)
2019-07-25T09:16:04:  Reference MJD .............: 51544.5
2019-07-25T09:16:04: === GSkyMap ===
2019-07-25T09:16:04:  Number of pixels ..........: 6400
2019-07-25T09:16:04:  X axis dimension ..........: 80
2019-07-25T09:16:04:  Y axis dimension ..........: 80
2019-07-25T09:16:04:  Number of maps ............: 33
2019-07-25T09:16:04:  Shape of maps .............: (33)
2019-07-25T09:16:04: === GCTACubePsf ===
2019-07-25T09:16:04:  Filename ..................: /cta/carli/CPPM_Internship/Simulations_and_Analyses/minus_gradient_EDisp_South_z40_50h/source1d/PSF_cube.fits
2019-07-25T09:16:04: === GEnergies ===
2019-07-25T09:16:04:  Number of energies ........: 33
2019-07-25T09:16:04:  Number of delta bins ......: 200
2019-07-25T09:16:04:  Delta range ...............: 1.875e-06 - 0.298501875 deg
2019-07-25T09:16:04: === GSkyMap ===
2019-07-25T09:16:04:  Number of pixels ..........: 1
2019-07-25T09:16:04:  X axis dimension ..........: 1
2019-07-25T09:16:04:  Y axis dimension ..........: 1
2019-07-25T09:16:04:  Number of maps ............: 6600
2019-07-25T09:16:04:  Shape of maps .............: (200, 33)
2019-07-25T09:16:04: === GCTACubeEdisp ===
2019-07-25T09:16:04:  Filename ..................: /cta/carli/CPPM_Internship/Simulations_and_Analyses/minus_gradient_EDisp_South_z40_50h/source1d/edisp_cube.fits
2019-07-25T09:16:04: === GEnergies ===
2019-07-25T09:16:04:  Number of energies ........: 33
2019-07-25T09:16:04:  Number of migra bins ......: 100
2019-07-25T09:16:04:  Migra range ...............: 0.02 - 2
2019-07-25T09:16:04: === GSkyMap ===
2019-07-25T09:16:04:  Number of pixels ..........: 1
2019-07-25T09:16:04:  X axis dimension ..........: 1
2019-07-25T09:16:04:  Y axis dimension ..........: 1
2019-07-25T09:16:04:  Number of maps ............: 3300
2019-07-25T09:16:04:  Shape of maps .............: (100, 33)
2019-07-25T09:16:04: === GCTACubeBackground ===
2019-07-25T09:16:04:  Filename ..................: /cta/carli/CPPM_Internship/Simulations_and_Analyses/minus_gradient_EDisp_South_z40_50h/source1d/background_cube.fits
2019-07-25T09:16:04: === GEbounds ===
2019-07-25T09:16:04:  Number of intervals .......: 32
2019-07-25T09:16:04:  Energy range ..............: 100 GeV - 199.526229858398 TeV
2019-07-25T09:16:04: === GSkyMap ===
2019-07-25T09:16:04:  Number of pixels ..........: 6400
2019-07-25T09:16:04:  X axis dimension ..........: 80
2019-07-25T09:16:04:  Y axis dimension ..........: 80
2019-07-25T09:16:04:  Number of maps ............: 32
2019-07-25T09:16:04:  Shape of maps .............: (32)
2019-07-25T09:16:04: === GCTAResponseCache ===
2019-07-25T09:16:04:  Number of cached values ...: 0
2019-07-25T09:16:04: === GCTAEventCube ===
2019-07-25T09:16:04:  Number of events ..........: 325432
2019-07-25T09:16:04:  Number of elements ........: 204800
2019-07-25T09:16:04:  Number of pixels ..........: 6400
2019-07-25T09:16:04:  Number of energy bins .....: 32
2019-07-25T09:16:04:  Time interval .............: 51544.5 - 51546.1666666667 days
2019-07-25T09:16:04:  Pointing ..................: (RA,Dec)=(84.1331,22.0145)
2019-07-25T09:16:04: === GEbounds ===
2019-07-25T09:16:04:  Number of intervals .......: 32
2019-07-25T09:16:04:  Energy range ..............: 100 GeV - 199.526229858398 TeV
2019-07-25T09:16:04: === GSkyMap ===
2019-07-25T09:16:04:  Number of pixels ..........: 6400
2019-07-25T09:16:04:  X axis dimension ..........: 80
2019-07-25T09:16:04:  Y axis dimension ..........: 80
2019-07-25T09:16:04:  Number of maps ............: 32
2019-07-25T09:16:04:  Shape of maps .............: (32)
2019-07-25T09:16:04: === GSkyRegions ===
2019-07-25T09:16:04:  Number of regions .........: 0
2019-07-25T09:16:04: === GModels ===
2019-07-25T09:16:04:  Number of models ..........: 2
2019-07-25T09:16:04:  Number of parameters ......: 11
2019-07-25T09:16:04: === GModelSky ===
2019-07-25T09:16:04:  Name ......................: source1d
2019-07-25T09:16:04:  Instruments ...............: all
2019-07-25T09:16:04:  Test Statistic ............: 90179.681
2019-07-25T09:16:04:  Observation identifiers ...: all
2019-07-25T09:16:04:  Model type ................: PointSource
2019-07-25T09:16:04:  Model components ..........: "PointSource" * "ExponentialCutoffPowerLaw" * "Constant"
2019-07-25T09:16:04:  Number of parameters ......: 7
2019-07-25T09:16:04:  Number of spatial par's ...: 2
2019-07-25T09:16:04:   RA .......................: 83.6331 [-360,360] deg (fixed,scale=1)
2019-07-25T09:16:04:   DEC ......................: 22.0145 [-90,90] deg (fixed,scale=1)
2019-07-25T09:16:04:  Number of spectral par's ..: 4
2019-07-25T09:16:04:   Prefactor ................: 3.08852505610751e-18 [1e-25,1e-15] ph/cm2/s/MeV (fixed,scale=1e-18,gradient)
2019-07-25T09:16:04:   Index ....................: -1.98769050863155 [-0,-5]  (fixed,scale=-1,gradient)
2019-07-25T09:16:04:   CutoffEnergy .............: 47566743.7583641 +/- 3487830.56840908 [100000,10000000000] MeV (free,scale=10000000,gradient)
2019-07-25T09:16:04:   PivotEnergy ..............: 1000000 [10000,1000000000] MeV (fixed,scale=1000000,gradient)
2019-07-25T09:16:04:  Number of temporal par's ..: 1
2019-07-25T09:16:04:   Normalization ............: 1 (relative value) (fixed,scale=1,gradient)
2019-07-25T09:16:04:  Number of scale par's .....: 0
2019-07-25T09:16:04: === GCTAModelCubeBackground ===
2019-07-25T09:16:04:  Name ......................: BackgroundModel
2019-07-25T09:16:04:  Instruments ...............: CTA, HESS, MAGIC, VERITAS
2019-07-25T09:16:04:  Observation identifiers ...: all
2019-07-25T09:16:04:  Model type ................: "PowerLaw" * "Constant"
2019-07-25T09:16:04:  Number of parameters ......: 4
2019-07-25T09:16:04:  Number of spectral par's ..: 3
2019-07-25T09:16:04:   Prefactor ................: 1.12170378508752 [0.01,100] ph/cm2/s/MeV (fixed,scale=1,gradient)
2019-07-25T09:16:04:   Index ....................: 0.0752809739798131 [-5,5]  (fixed,scale=1,gradient)
2019-07-25T09:16:04:   PivotEnergy ..............: 1000000 MeV (fixed,scale=1000000,gradient)
2019-07-25T09:16:04:  Number of temporal par's ..: 1
2019-07-25T09:16:04:   Normalization ............: 1 (relative value) (fixed,scale=1,gradient)
2019-07-25T09:16:04: 
2019-07-25T09:16:04: +=============================+
2019-07-25T09:16:04: | Compute best-fit likelihood |
2019-07-25T09:16:04: +=============================+
2019-07-25T09:17:38: === GOptimizerLM ===
2019-07-25T09:17:38:  Optimized function value ..: -336159.702
2019-07-25T09:17:38:  Absolute precision ........: 0.005
2019-07-25T09:17:38:  Acceptable value decrease .: 2
2019-07-25T09:17:38:  Optimization status .......: converged
2019-07-25T09:17:38:  Number of parameters ......: 11
2019-07-25T09:17:38:  Number of free parameters .: 1
2019-07-25T09:17:38:  Number of iterations ......: 1
2019-07-25T09:17:38:  Lambda ....................: 0.0001
2019-07-25T09:17:38:  Maximum log likelihood ....: -336159.702
2019-07-25T09:17:38: === GModels ===
2019-07-25T09:17:38:  Number of models ..........: 2
2019-07-25T09:17:38:  Number of parameters ......: 11
2019-07-25T09:17:38: === GModelSky ===
2019-07-25T09:17:38:  Name ......................: source1d
2019-07-25T09:17:38:  Instruments ...............: all
2019-07-25T09:17:38:  Test Statistic ............: 90179.681
2019-07-25T09:17:38:  Observation identifiers ...: all
2019-07-25T09:17:38:  Model type ................: PointSource
2019-07-25T09:17:38:  Model components ..........: "PointSource" * "ExponentialCutoffPowerLaw" * "Constant"
2019-07-25T09:17:38:  Number of parameters ......: 7
2019-07-25T09:17:38:  Number of spatial par's ...: 2
2019-07-25T09:17:38:   RA .......................: 83.6331 [-360,360] deg (fixed,scale=1)
2019-07-25T09:17:38:   DEC ......................: 22.0145 [-90,90] deg (fixed,scale=1)
2019-07-25T09:17:38:  Number of spectral par's ..: 4
2019-07-25T09:17:38:   Prefactor ................: 3.08852505610751e-18 [1e-25,1e-15] ph/cm2/s/MeV (fixed,scale=1e-18,gradient)
2019-07-25T09:17:38:   Index ....................: -1.98769050863155 [-0,-5]  (fixed,scale=-1,gradient)
2019-07-25T09:17:38:   CutoffEnergy .............: 47566511.2789194 +/- 2358988.8061822 [100000,10000000000] MeV (free,scale=10000000,gradient)
2019-07-25T09:17:38:   PivotEnergy ..............: 1000000 [10000,1000000000] MeV (fixed,scale=1000000,gradient)
2019-07-25T09:17:38:  Number of temporal par's ..: 1
2019-07-25T09:17:38:   Normalization ............: 1 (relative value) (fixed,scale=1,gradient)
2019-07-25T09:17:38:  Number of scale par's .....: 0
2019-07-25T09:17:38: === GCTAModelCubeBackground ===
2019-07-25T09:17:38:  Name ......................: BackgroundModel
2019-07-25T09:17:38:  Instruments ...............: CTA, HESS, MAGIC, VERITAS
2019-07-25T09:17:38:  Observation identifiers ...: all
2019-07-25T09:17:38:  Model type ................: "PowerLaw" * "Constant"
2019-07-25T09:17:38:  Number of parameters ......: 4
2019-07-25T09:17:38:  Number of spectral par's ..: 3
2019-07-25T09:17:38:   Prefactor ................: 1.12170378508752 [0.01,100] ph/cm2/s/MeV (fixed,scale=1,gradient)
2019-07-25T09:17:38:   Index ....................: 0.0752809739798131 [-5,5]  (fixed,scale=1,gradient)
2019-07-25T09:17:38:   PivotEnergy ..............: 1000000 MeV (fixed,scale=1000000,gradient)
2019-07-25T09:17:38:  Number of temporal par's ..: 1
2019-07-25T09:17:38:   Normalization ............: 1 (relative value) (fixed,scale=1,gradient)
2019-07-25T09:17:38: 
2019-07-25T09:17:38: +==============================================================+
2019-07-25T09:17:38: | Compute error for source "source1d" parameter "CutoffEnergy" |
2019-07-25T09:17:38: +==============================================================+
2019-07-25T09:17:38:  Confidence level ..........: 68 %
2019-07-25T09:17:38:  Log-likelihood difference .: 0.494473
2019-07-25T09:17:38:  Initial factor range ......: [2.39766232170973, 7.11563993407414]
2019-07-25T09:17:48:    Iteration 1 .............: [2.39766232170973, 4.75665112789194]
2019-07-25T09:17:59:    Iteration 2 .............: [3.57715672480084, 4.75665112789194]
2019-07-25T09:18:10:    Iteration 3 .............: [4.16690392634639, 4.75665112789194]
2019-07-25T09:18:20:    Iteration 4 .............: [4.46177752711916, 4.75665112789194]
2019-07-25T09:18:31:    Iteration 5 .............: [4.46177752711916, 4.60921432750555]
2019-07-25T09:18:43:    Iteration 6 .............: [4.46177752711916, 4.53549592731236]
2019-07-25T09:18:54:    Iteration 7 .............: [4.49863672721576, 4.53549592731236]
2019-07-25T09:19:05:    Iteration 8 .............: [4.51706632726406, 4.53549592731236]
2019-07-25T09:19:16:    Iteration 9 .............: [4.51706632726406, 4.52628112728821]
2019-07-25T09:19:27:    Iteration 10 ............: [4.52167372727613, 4.52628112728821]
2019-07-25T09:19:38:    Iteration 11 ............: [4.52397742728217, 4.52628112728821]
2019-07-25T09:19:48:    Iteration 12 ............: [4.52397742728217, 4.52512927728519]
2019-07-25T09:19:59:    Iteration 1 .............: [4.75665112789194, 7.11563993407414]
2019-07-25T09:20:10:    Iteration 2 .............: [4.75665112789194, 5.93614553098304]
2019-07-25T09:20:20:    Iteration 3 .............: [4.75665112789194, 5.34639832943749]
2019-07-25T09:20:30:    Iteration 4 .............: [4.75665112789194, 5.05152472866471]
2019-07-25T09:20:41:    Iteration 5 .............: [4.90408792827832, 5.05152472866471]
2019-07-25T09:20:51:    Iteration 6 .............: [4.97780632847152, 5.05152472866471]
2019-07-25T09:21:02:    Iteration 7 .............: [4.97780632847152, 5.01466552856811]
2019-07-25T09:21:13:    Iteration 8 .............: [4.99623592851982, 5.01466552856811]
2019-07-25T09:21:24:    Iteration 9 .............: [5.00545072854397, 5.01466552856811]
2019-07-25T09:21:35:    Iteration 10 ............: [5.00545072854397, 5.01005812855604]
2019-07-25T09:21:45:    Iteration 11 ............: [5.00775442855, 5.01005812855604]
2019-07-25T09:21:56:    Iteration 12 ............: [5.00890627855302, 5.01005812855604]
2019-07-25T09:21:56:  Lower parameter factor ....: 4.52455
2019-07-25T09:21:56:  Upper parameter factor ....: 5.00948
2019-07-25T09:21:56:  Error from curvature ......: 2358988.8061822 MeV
2019-07-25T09:21:56:  Error from profile ........: 2424644.25635426 MeV
2019-07-25T09:21:56:  Negative profile error ....: 2320977.75608258 MeV
2019-07-25T09:21:56:  Positive profile error ....: 2528310.75662593 MeV
2019-07-25T09:21:56: 
2019-07-25T09:21:56: +==============+
2019-07-25T09:21:56: | Save results |
2019-07-25T09:21:56: +==============+
2019-07-25T09:21:56:  Model definition file .....: NONE
2019-07-25T09:21:56: 
2019-07-25T09:21:56: Application "cterror" terminated after 353 wall clock seconds, consuming 432.06 seconds of CPU time.
