2019-07-23T14:20:53: ********************************************************************************
2019-07-23T14:20:53: *                                   ctskymap                                   *
2019-07-23T14:20:53: * ---------------------------------------------------------------------------- *
2019-07-23T14:20:53: * Version: 1.6.0                                                               *
2019-07-23T14:20:53: ********************************************************************************
2019-07-23T14:20:53: +============+
2019-07-23T14:20:53: | Parameters |
2019-07-23T14:20:53: +============+
2019-07-23T14:20:53:  inobs .....................: /cta/carli/CPPM_Internship/Simulations_and_Analyses/minus_gradient_EDisp_South_z40_50h/source1d/obs.fits
2019-07-23T14:20:53:  caldb .....................: prod3b-v2
2019-07-23T14:20:53:  irf .......................: minus_gradient_EDisp_South_z40_50h
2019-07-23T14:20:53:  inmap .....................: NONE
2019-07-23T14:20:53:  outmap ....................: /cta/carli/CPPM_Internship/Simulations_and_Analyses/minus_gradient_EDisp_South_z40_50h/source1d/skymap.fits
2019-07-23T14:20:53:  emin ......................: 0.1
2019-07-23T14:20:53:  emax ......................: 199.526229858398
2019-07-23T14:20:53:  usepnt ....................: yes
2019-07-23T14:20:53:  nxpix .....................: 80
2019-07-23T14:20:53:  nypix .....................: 80
2019-07-23T14:20:53:  binsz .....................: 0.02
2019-07-23T14:20:53:  coordsys ..................: CEL
2019-07-23T14:20:53:  proj ......................: CAR
2019-07-23T14:20:53:  xref ......................: [not queried]
2019-07-23T14:20:53:  yref ......................: [not queried]
2019-07-23T14:20:53:  bkgsubtract ...............: NONE
2019-07-23T14:20:53:  roiradius .................: [not queried]
2019-07-23T14:20:53:  inradius ..................: [not queried]
2019-07-23T14:20:53:  outradius .................: [not queried]
2019-07-23T14:20:53:  iterations ................: [not queried]
2019-07-23T14:20:53:  threshold .................: [not queried]
2019-07-23T14:20:53:  inexclusion ...............: NONE
2019-07-23T14:20:53:  usefft ....................: yes
2019-07-23T14:20:53:  publish ...................: no
2019-07-23T14:20:53:  chatter ...................: 4
2019-07-23T14:20:53:  clobber ...................: yes
2019-07-23T14:20:53:  debug .....................: no
2019-07-23T14:20:53:  mode ......................: ql
2019-07-23T14:20:53:  logfile ...................: ctskymap.log
2019-07-23T14:20:53: 
2019-07-23T14:20:53: +===================+
2019-07-23T14:20:53: | Input observation |
2019-07-23T14:20:53: +===================+
2019-07-23T14:20:53: === GObservations ===
2019-07-23T14:20:53:  Number of observations ....: 1
2019-07-23T14:20:53:  Number of models ..........: 0
2019-07-23T14:20:53:  Number of observed events .: 325434
2019-07-23T14:20:53:  Number of predicted events : 0
2019-07-23T14:20:53: === GCTAObservation ===
2019-07-23T14:20:53:  Name ......................: 
2019-07-23T14:20:53:  Identifier ................: 000001
2019-07-23T14:20:53:  Instrument ................: CTA
2019-07-23T14:20:53:  Event file ................: /cta/carli/CPPM_Internship/Simulations_and_Analyses/minus_gradient_EDisp_South_z40_50h/source1d/obs.fits
2019-07-23T14:20:53:  Event type ................: EventList
2019-07-23T14:20:53:  Statistic .................: cstat
2019-07-23T14:20:53:  Ontime ....................: 144000 s
2019-07-23T14:20:53:  Livetime ..................: 141120 s
2019-07-23T14:20:53:  Deadtime correction .......: 0.98
2019-07-23T14:20:53:  User energy range .........: undefined
2019-07-23T14:20:53: === GCTAPointing ===
2019-07-23T14:20:53:  Pointing direction ........: (RA,Dec)=(84.1331,22.0145)
2019-07-23T14:20:53:  Response function .........: undefined
2019-07-23T14:20:53: === GCTAEventList ===
2019-07-23T14:20:53:  Number of events ..........: 325434 (disposed in "/cta/carli/CPPM_Internship/Simulations_and_Analyses/minus_gradient_EDisp_South_z40_50h/source1d/obs.fits")
2019-07-23T14:20:53:  Time interval .............: 51544.5 - 51546.1666666667 days
2019-07-23T14:20:53: === GEbounds ===
2019-07-23T14:20:53:  Number of intervals .......: 1
2019-07-23T14:20:53:  Energy range ..............: 100 GeV - 199.526229858398 TeV
2019-07-23T14:20:53: === GCTARoi ===
2019-07-23T14:20:53:  RoI centre ................: RA=84.1331, DEC=22.0145 [0,0]
2019-07-23T14:20:53:  RoI radius ................: 0.8 deg
2019-07-23T14:20:53: === GSkyRegions ===
2019-07-23T14:20:53:  Number of regions .........: 0
2019-07-23T14:20:53: === GModels ===
2019-07-23T14:20:53:  Number of models ..........: 0
2019-07-23T14:20:53:  Number of parameters ......: 0
2019-07-23T14:20:53: 
2019-07-23T14:20:53: +===========================+
2019-07-23T14:20:53: | Find unbinned observation |
2019-07-23T14:20:53: +===========================+
2019-07-23T14:20:53: === CTA observation (id=000001) ===
2019-07-23T14:20:53:  Including unbinned CTA observation
2019-07-23T14:20:53: 
2019-07-23T14:20:53: +===========================+
2019-07-23T14:20:53: | Fill map from observation |
2019-07-23T14:20:53: +===========================+
2019-07-23T14:20:54: === CTA observation (id=000001) ===
2019-07-23T14:20:54:  Events in list ............: 325434
2019-07-23T14:20:54:  Events in map .............: 325433
2019-07-23T14:20:54:  Events outside RoI ........: 1
2019-07-23T14:20:54:  Events outside map area ...: 0
2019-07-23T14:20:54:  Events outside energies ...: 0
2019-07-23T14:20:54: 
2019-07-23T14:20:54: +=========+
2019-07-23T14:20:54: | Sky map |
2019-07-23T14:20:54: +=========+
2019-07-23T14:20:54: === GSkyMap ===
2019-07-23T14:20:54:  Number of pixels ..........: 6400
2019-07-23T14:20:54:  X axis dimension ..........: 80
2019-07-23T14:20:54:  Y axis dimension ..........: 80
2019-07-23T14:20:54:  Number of maps ............: 1
2019-07-23T14:20:54:  Shape of maps .............: (1)
2019-07-23T14:20:54: === GWcsCAR ===
2019-07-23T14:20:54:  Number of axes ............: 2
2019-07-23T14:20:54:  Longitude axis ............: 0
2019-07-23T14:20:54:  Latitude axis .............: 1
2019-07-23T14:20:54:  Spectral axis .............: -1
2019-07-23T14:20:54:  Coodinate system ..........: EQU
2019-07-23T14:20:54:  Projection code ...........: CAR
2019-07-23T14:20:54:  Projection name ...........: plate carree
2019-07-23T14:20:54:  Radius of the gen. sphere .: 57.2957795130823 deg
2019-07-23T14:20:54:  Reference coordinate ......: (84.1331, 22.0145)
2019-07-23T14:20:54:  Reference pixel ...........: (40.5, 40.5)
2019-07-23T14:20:54:  Increment at reference ....: (-0.02, 0.02)
2019-07-23T14:20:54:  (Phi_0, Theta_0) ..........: (0, 0) deg
2019-07-23T14:20:54:  (Phi_p, Theta_p) ..........: (0, 67.9855) deg
2019-07-23T14:20:54:  LATPOLE keyword usage .....: Required to select between two valid solutions of Theta_p.
2019-07-23T14:20:54:  Reference vector (m_ref) ..: (84.1331, 22.0145, 0, 67.9855) deg
2019-07-23T14:20:54:  Euler angles ..............: (264.1331 deg, 22.0145 deg, 0 deg, 0.927089022159083, 0.374841226377402)
2019-07-23T14:20:54:  Latitude preserved ........: False
2019-07-23T14:20:54:  Unity PC matrix ...........: True
2019-07-23T14:20:54:  Pixel-to-image trafo ......: ()
2019-07-23T14:20:54:  Image-to-pixel trafo ......: ()
2019-07-23T14:20:54:  Strict bounds checking ....: True
2019-07-23T14:20:54:  Use fiducial offset .......: False
2019-07-23T14:20:54:  Fiducial offset ...........: (0, 0)
2019-07-23T14:20:54:  Rest frequency ............: UNDEFINED
2019-07-23T14:20:54:  Rest wavelength ...........: UNDEFINED
2019-07-23T14:20:54: 
2019-07-23T14:20:54: +==============+
2019-07-23T14:20:54: | Compute maps |
2019-07-23T14:20:54: +==============+
2019-07-23T14:20:54: 
2019-07-23T14:20:54: +==============+
2019-07-23T14:20:54: | Save sky map |
2019-07-23T14:20:54: +==============+
2019-07-23T14:20:54:  Sky map file ..............: /cta/carli/CPPM_Internship/Simulations_and_Analyses/minus_gradient_EDisp_South_z40_50h/source1d/skymap.fits
2019-07-23T14:20:54: 
2019-07-23T14:20:54: Application "ctskymap" terminated after 1 wall clock seconds, consuming 0.85 seconds of CPU time.
