2019-07-22T17:50:26: ********************************************************************************
2019-07-22T17:50:26: *                                   csresspec                                  *
2019-07-22T17:50:26: * ---------------------------------------------------------------------------- *
2019-07-22T17:50:26: * Version: 1.6.0                                                               *
2019-07-22T17:50:26: ********************************************************************************
2019-07-22T17:50:26: +============+
2019-07-22T17:50:26: | Parameters |
2019-07-22T17:50:26: +============+
2019-07-22T17:50:26:  inobs .....................: /cta/carli/CPPM_Internship/Simulations_and_Analyses/minus_step_AEff_South_z40_50h/source3c/obs_cube.fits
2019-07-22T17:50:26:  inmodel ...................: /cta/carli/CPPM_Internship/Simulations_and_Analyses/minus_step_AEff_South_z40_50h/source3c/obsmodel_binned.xml
2019-07-22T17:50:26:  modcube ...................: /cta/carli/CPPM_Internship/Simulations_and_Analyses/minus_step_AEff_South_z40_50h/source3c/obsmodel_cube.fits
2019-07-22T17:50:26:  expcube ...................: /cta/carli/CPPM_Internship/Simulations_and_Analyses/minus_step_AEff_South_z40_50h/source3c/exposure_cube.fits
2019-07-22T17:50:26:  psfcube ...................: /cta/carli/CPPM_Internship/Simulations_and_Analyses/minus_step_AEff_South_z40_50h/source3c/PSF_cube.fits
2019-07-22T17:50:26:  edispcube .................: /cta/carli/CPPM_Internship/Simulations_and_Analyses/minus_step_AEff_South_z40_50h/source3c/edisp_cube.fits
2019-07-22T17:50:26:  bkgcube ...................: /cta/carli/CPPM_Internship/Simulations_and_Analyses/minus_step_AEff_South_z40_50h/source3c/background_cube.fits
2019-07-22T17:50:26:  caldb .....................: prod3b-v2
2019-07-22T17:50:26:  irf .......................: minus_step_AEff_South_z40_50h
2019-07-22T17:50:26:  edisp .....................: yes
2019-07-22T17:50:26:  outfile ...................: /cta/carli/CPPM_Internship/Simulations_and_Analyses/minus_step_AEff_South_z40_50h/source3c/residuals_binned.fits
2019-07-22T17:50:26:  statistic .................: DEFAULT
2019-07-22T17:50:26:  components ................: yes
2019-07-22T17:50:26:  ebinalg ...................: LOG
2019-07-22T17:50:26:  emin ......................: 0.1
2019-07-22T17:50:26:  emax ......................: 199.526229858398
2019-07-22T17:50:26:  enumbins ..................: 32
2019-07-22T17:50:26:  ebinfile ..................: [not queried]
2019-07-22T17:50:26:  stack .....................: [not queried]
2019-07-22T17:50:26:  coordsys ..................: [not queried]
2019-07-22T17:50:26:  proj ......................: [not queried]
2019-07-22T17:50:26:  xref ......................: [not queried]
2019-07-22T17:50:26:  yref ......................: [not queried]
2019-07-22T17:50:26:  nxpix .....................: [not queried]
2019-07-22T17:50:26:  nypix .....................: [not queried]
2019-07-22T17:50:26:  binsz .....................: [not queried]
2019-07-22T17:50:26:  mask ......................: no
2019-07-22T17:50:26:  ra ........................: [not queried]
2019-07-22T17:50:26:  dec .......................: [not queried]
2019-07-22T17:50:26:  rad .......................: [not queried]
2019-07-22T17:50:26:  regfile ...................: [not queried]
2019-07-22T17:50:26:  algorithm .................: SUB
2019-07-22T17:50:26:  publish ...................: no
2019-07-22T17:50:26:  chatter ...................: 4
2019-07-22T17:50:26:  clobber ...................: yes
2019-07-22T17:50:26:  debug .....................: no
2019-07-22T17:50:26:  mode ......................: ql
2019-07-22T17:50:26:  logfile ...................: csresspec.log
2019-07-22T17:50:26: 
2019-07-22T17:50:26: +====================+
2019-07-22T17:50:26: | Observation census |
2019-07-22T17:50:26: +====================+
2019-07-22T17:50:26:  Unbinned CTA observations .: 0
2019-07-22T17:50:26:  Binned CTA observations ...: 1
2019-07-22T17:50:26:  On/off CTA observations ...: 0
2019-07-22T17:50:26:  Other observations ........: 0
2019-07-22T17:50:26: 
2019-07-22T17:50:26: +=============+
2019-07-22T17:50:26: | Observation |
2019-07-22T17:50:26: +=============+
2019-07-22T17:50:26: === GObservations ===
2019-07-22T17:50:26:  Number of observations ....: 1
2019-07-22T17:50:26:  Number of models ..........: 2
2019-07-22T17:50:26:  Number of observed events .: 320164
2019-07-22T17:50:26:  Number of predicted events : 0
2019-07-22T17:50:26: === GCTAObservation ===
2019-07-22T17:50:26:  Name ......................: 
2019-07-22T17:50:26:  Identifier ................: 000001
2019-07-22T17:50:26:  Instrument ................: CTA
2019-07-22T17:50:26:  Event file ................: /cta/carli/CPPM_Internship/Simulations_and_Analyses/minus_step_AEff_South_z40_50h/source3c/obs_cube.fits
2019-07-22T17:50:26:  Event type ................: CountsCube
2019-07-22T17:50:26:  Statistic .................: cstat
2019-07-22T17:50:26:  Ontime ....................: 144000 s
2019-07-22T17:50:26:  Livetime ..................: 141120 s
2019-07-22T17:50:26:  Deadtime correction .......: 0.98
2019-07-22T17:50:26:  User energy range .........: undefined
2019-07-22T17:50:26: === GCTAPointing ===
2019-07-22T17:50:26:  Pointing direction ........: (RA,Dec)=(84.1331,22.0145)
2019-07-22T17:50:26: === GCTAResponseCube ===
2019-07-22T17:50:26:  Energy dispersion .........: Not used
2019-07-22T17:50:26: === GCTACubeExposure ===
2019-07-22T17:50:26:  Filename ..................: /cta/carli/CPPM_Internship/Simulations_and_Analyses/minus_step_AEff_South_z40_50h/source3c/exposure_cube.fits
2019-07-22T17:50:26:  Livetime ..................: 141120 sec
2019-07-22T17:50:26: === GEnergies ===
2019-07-22T17:50:26:  Number of energies ........: 33
2019-07-22T17:50:26: === GGti ===
2019-07-22T17:50:26:  Number of intervals .......: 1
2019-07-22T17:50:26:  Ontime ....................: 144000 sec
2019-07-22T17:50:26:  Elapsed time ..............: 144000 sec
2019-07-22T17:50:26:  MJD range .................: 51544.5 - 51546.1666666667 s (TT)
2019-07-22T17:50:26:  UTC range .................: 2000-01-01T11:58:56 - 2000-01-03T03:58:56 s (TT)
2019-07-22T17:50:26:  Reference MJD .............: 51544.5
2019-07-22T17:50:26: === GSkyMap ===
2019-07-22T17:50:26:  Number of pixels ..........: 6400
2019-07-22T17:50:26:  X axis dimension ..........: 80
2019-07-22T17:50:26:  Y axis dimension ..........: 80
2019-07-22T17:50:26:  Number of maps ............: 33
2019-07-22T17:50:26:  Shape of maps .............: (33)
2019-07-22T17:50:26: === GCTACubePsf ===
2019-07-22T17:50:26:  Filename ..................: /cta/carli/CPPM_Internship/Simulations_and_Analyses/minus_step_AEff_South_z40_50h/source3c/PSF_cube.fits
2019-07-22T17:50:26: === GEnergies ===
2019-07-22T17:50:26:  Number of energies ........: 33
2019-07-22T17:50:26:  Number of delta bins ......: 200
2019-07-22T17:50:26:  Delta range ...............: 1.875e-06 - 0.298501875 deg
2019-07-22T17:50:26: === GSkyMap ===
2019-07-22T17:50:26:  Number of pixels ..........: 1
2019-07-22T17:50:26:  X axis dimension ..........: 1
2019-07-22T17:50:26:  Y axis dimension ..........: 1
2019-07-22T17:50:26:  Number of maps ............: 6600
2019-07-22T17:50:26:  Shape of maps .............: (200, 33)
2019-07-22T17:50:26: === GCTACubeEdisp ===
2019-07-22T17:50:26:  Filename ..................: /cta/carli/CPPM_Internship/Simulations_and_Analyses/minus_step_AEff_South_z40_50h/source3c/edisp_cube.fits
2019-07-22T17:50:26: === GEnergies ===
2019-07-22T17:50:26:  Number of energies ........: 33
2019-07-22T17:50:26:  Number of migra bins ......: 100
2019-07-22T17:50:26:  Migra range ...............: 0.02 - 2
2019-07-22T17:50:26: === GSkyMap ===
2019-07-22T17:50:26:  Number of pixels ..........: 1
2019-07-22T17:50:26:  X axis dimension ..........: 1
2019-07-22T17:50:26:  Y axis dimension ..........: 1
2019-07-22T17:50:26:  Number of maps ............: 3300
2019-07-22T17:50:26:  Shape of maps .............: (100, 33)
2019-07-22T17:50:26: === GCTACubeBackground ===
2019-07-22T17:50:26:  Filename ..................: /cta/carli/CPPM_Internship/Simulations_and_Analyses/minus_step_AEff_South_z40_50h/source3c/background_cube.fits
2019-07-22T17:50:26: === GEbounds ===
2019-07-22T17:50:26:  Number of intervals .......: 32
2019-07-22T17:50:26:  Energy range ..............: 100 GeV - 199.526229858398 TeV
2019-07-22T17:50:26: === GSkyMap ===
2019-07-22T17:50:26:  Number of pixels ..........: 6400
2019-07-22T17:50:26:  X axis dimension ..........: 80
2019-07-22T17:50:26:  Y axis dimension ..........: 80
2019-07-22T17:50:26:  Number of maps ............: 32
2019-07-22T17:50:26:  Shape of maps .............: (32)
2019-07-22T17:50:26: === GCTAResponseCache ===
2019-07-22T17:50:26:  Number of cached values ...: 0
2019-07-22T17:50:26: === GCTAEventCube ===
2019-07-22T17:50:26:  Number of events ..........: 320164
2019-07-22T17:50:26:  Number of elements ........: 204800
2019-07-22T17:50:26:  Number of pixels ..........: 6400
2019-07-22T17:50:26:  Number of energy bins .....: 32
2019-07-22T17:50:26:  Time interval .............: 51544.5 - 51546.1666666667 days
2019-07-22T17:50:26:  Pointing ..................: (RA,Dec)=(84.1331,22.0145)
2019-07-22T17:50:26: === GEbounds ===
2019-07-22T17:50:26:  Number of intervals .......: 32
2019-07-22T17:50:26:  Energy range ..............: 100 GeV - 199.526229858398 TeV
2019-07-22T17:50:26: === GSkyMap ===
2019-07-22T17:50:26:  Number of pixels ..........: 6400
2019-07-22T17:50:26:  X axis dimension ..........: 80
2019-07-22T17:50:26:  Y axis dimension ..........: 80
2019-07-22T17:50:26:  Number of maps ............: 32
2019-07-22T17:50:26:  Shape of maps .............: (32)
2019-07-22T17:50:26: === GSkyRegions ===
2019-07-22T17:50:26:  Number of regions .........: 0
2019-07-22T17:50:26: === GModels ===
2019-07-22T17:50:26:  Number of models ..........: 2
2019-07-22T17:50:26:  Number of parameters ......: 11
2019-07-22T17:50:26: === GModelSky ===
2019-07-22T17:50:26:  Name ......................: source3c
2019-07-22T17:50:26:  Instruments ...............: all
2019-07-22T17:50:26:  Test Statistic ............: 69014.293
2019-07-22T17:50:26:  Observation identifiers ...: all
2019-07-22T17:50:26:  Model type ................: PointSource
2019-07-22T17:50:26:  Model components ..........: "PointSource" * "ExponentialCutoffPowerLaw" * "Constant"
2019-07-22T17:50:26:  Number of parameters ......: 7
2019-07-22T17:50:26:  Number of spatial par's ...: 2
2019-07-22T17:50:26:   RA .......................: 83.6331 [-360,360] deg (fixed,scale=1)
2019-07-22T17:50:26:   DEC ......................: 22.0145 [-90,90] deg (fixed,scale=1)
2019-07-22T17:50:26:  Number of spectral par's ..: 4
2019-07-22T17:50:26:   Prefactor ................: 2.25166603506283e-18 +/- 2.14170749772817e-20 [1e-25,1e-15] ph/cm2/s/MeV (free,scale=1e-18,gradient)
2019-07-22T17:50:26:   Index ....................: -2.00386252546793 +/- 0.00795453003555251 [-0,-5]  (free,scale=-1,gradient)
2019-07-22T17:50:26:   CutoffEnergy .............: 496512363.640237 +/- 234279761.604433 [1000000,100000000000] MeV (free,scale=100000000,gradient)
2019-07-22T17:50:26:   PivotEnergy ..............: 1000000 [10000,1000000000] MeV (fixed,scale=1000000,gradient)
2019-07-22T17:50:26:  Number of temporal par's ..: 1
2019-07-22T17:50:26:   Normalization ............: 1 (relative value) (fixed,scale=1,gradient)
2019-07-22T17:50:26:  Number of scale par's .....: 0
2019-07-22T17:50:26: === GCTAModelCubeBackground ===
2019-07-22T17:50:26:  Name ......................: BackgroundModel
2019-07-22T17:50:26:  Instruments ...............: CTA, HESS, MAGIC, VERITAS
2019-07-22T17:50:26:  Observation identifiers ...: all
2019-07-22T17:50:26:  Model type ................: "PowerLaw" * "Constant"
2019-07-22T17:50:26:  Number of parameters ......: 4
2019-07-22T17:50:26:  Number of spectral par's ..: 3
2019-07-22T17:50:26:   Prefactor ................: 0.992541489326762 +/- 0.00441552828793121 [0.01,100] ph/cm2/s/MeV (free,scale=1,gradient)
2019-07-22T17:50:26:   Index ....................: -0.00378902406371287 +/- 0.00257373794235092 [-5,5]  (free,scale=1,gradient)
2019-07-22T17:50:26:   PivotEnergy ..............: 1000000 MeV (fixed,scale=1000000,gradient)
2019-07-22T17:50:26:  Number of temporal par's ..: 1
2019-07-22T17:50:26:   Normalization ............: 1 (relative value) (fixed,scale=1,gradient)
2019-07-22T17:50:26: 
2019-07-22T17:50:26: +=========================+
2019-07-22T17:50:26: | Processing Observations |
2019-07-22T17:50:26: +=========================+
2019-07-22T17:50:26: Computing model cube
2019-07-22T17:50:32: Computing counts, model, and residual spectra
2019-07-22T17:50:32:  Computing model component .: source3c
2019-07-22T17:50:36:  Computing model component .: BackgroundModel
2019-07-22T17:50:37: Filling residual table
2019-07-22T17:50:37: 
2019-07-22T17:50:37: +================+
2019-07-22T17:50:37: | Save residuals |
2019-07-22T17:50:37: +================+
2019-07-22T17:50:37:  Residuals file ............: /cta/carli/CPPM_Internship/Simulations_and_Analyses/minus_step_AEff_South_z40_50h/source3c/residuals_binned.fits
2019-07-22T17:50:37: 
2019-07-22T17:50:37: Application "csresspec" terminated after 11 wall clock seconds, consuming 13.62 seconds of CPU time.
