2019-07-25T10:47:30: ********************************************************************************
2019-07-25T10:47:30: *                                    cterror                                   *
2019-07-25T10:47:30: * ---------------------------------------------------------------------------- *
2019-07-25T10:47:30: * Version: 1.6.0                                                               *
2019-07-25T10:47:30: ********************************************************************************
2019-07-25T10:47:31: +============+
2019-07-25T10:47:31: | Parameters |
2019-07-25T10:47:31: +============+
2019-07-25T10:47:31:  inobs .....................: /cta/carli/CPPM_Internship/Simulations_and_Analyses/minus_step_AEff_South_z40_50h/source3c/obs_cube.fits
2019-07-25T10:47:31:  inmodel ...................: /cta/carli/CPPM_Internship/Simulations_and_Analyses/minus_step_AEff_South_z40_50h/source3c/obsmodel_binned.xml
2019-07-25T10:47:31:  srcname ...................: source3c
2019-07-25T10:47:31:  expcube ...................: /cta/carli/CPPM_Internship/Simulations_and_Analyses/minus_step_AEff_South_z40_50h/source3c/exposure_cube.fits
2019-07-25T10:47:31:  psfcube ...................: /cta/carli/CPPM_Internship/Simulations_and_Analyses/minus_step_AEff_South_z40_50h/source3c/PSF_cube.fits
2019-07-25T10:47:31:  edispcube .................: /cta/carli/CPPM_Internship/Simulations_and_Analyses/minus_step_AEff_South_z40_50h/source3c/edisp_cube.fits
2019-07-25T10:47:31:  bkgcube ...................: /cta/carli/CPPM_Internship/Simulations_and_Analyses/minus_step_AEff_South_z40_50h/source3c/background_cube.fits
2019-07-25T10:47:31:  caldb .....................: prod3b-v2
2019-07-25T10:47:31:  irf .......................: minus_step_AEff_South_z40_50h
2019-07-25T10:47:31:  edisp .....................: yes
2019-07-25T10:47:31:  outmodel ..................: 
2019-07-25T10:47:31:  confidence ................: 0.68
2019-07-25T10:47:31:  tol .......................: 1e-3
2019-07-25T10:47:31:  statistic .................: DEFAULT
2019-07-25T10:47:31:  like_accuracy .............: 0.005
2019-07-25T10:47:31:  max_iter ..................: 50
2019-07-25T10:47:31:  nthreads ..................: 0
2019-07-25T10:47:31:  chatter ...................: 4
2019-07-25T10:47:31:  clobber ...................: yes
2019-07-25T10:47:31:  debug .....................: no
2019-07-25T10:47:31:  mode ......................: ql
2019-07-25T10:47:31:  logfile ...................: cterror68.log
2019-07-25T10:47:31: 
2019-07-25T10:47:31: +===================+
2019-07-25T10:47:31: | Input observation |
2019-07-25T10:47:31: +===================+
2019-07-25T10:47:31: === GObservations ===
2019-07-25T10:47:31:  Number of observations ....: 1
2019-07-25T10:47:31:  Number of models ..........: 2
2019-07-25T10:47:31:  Number of observed events .: 320164
2019-07-25T10:47:31:  Number of predicted events : 0
2019-07-25T10:47:31: === GCTAObservation ===
2019-07-25T10:47:31:  Name ......................: 
2019-07-25T10:47:31:  Identifier ................: 000001
2019-07-25T10:47:31:  Instrument ................: CTA
2019-07-25T10:47:31:  Event file ................: /cta/carli/CPPM_Internship/Simulations_and_Analyses/minus_step_AEff_South_z40_50h/source3c/obs_cube.fits
2019-07-25T10:47:31:  Event type ................: CountsCube
2019-07-25T10:47:31:  Statistic .................: cstat
2019-07-25T10:47:31:  Ontime ....................: 144000 s
2019-07-25T10:47:31:  Livetime ..................: 141120 s
2019-07-25T10:47:31:  Deadtime correction .......: 0.98
2019-07-25T10:47:31:  User energy range .........: undefined
2019-07-25T10:47:31: === GCTAPointing ===
2019-07-25T10:47:31:  Pointing direction ........: (RA,Dec)=(84.1331,22.0145)
2019-07-25T10:47:31: === GCTAResponseCube ===
2019-07-25T10:47:31:  Energy dispersion .........: Used
2019-07-25T10:47:31: === GCTACubeExposure ===
2019-07-25T10:47:31:  Filename ..................: /cta/carli/CPPM_Internship/Simulations_and_Analyses/minus_step_AEff_South_z40_50h/source3c/exposure_cube.fits
2019-07-25T10:47:31:  Livetime ..................: 141120 sec
2019-07-25T10:47:31: === GEnergies ===
2019-07-25T10:47:31:  Number of energies ........: 33
2019-07-25T10:47:31: === GGti ===
2019-07-25T10:47:31:  Number of intervals .......: 1
2019-07-25T10:47:31:  Ontime ....................: 144000 sec
2019-07-25T10:47:31:  Elapsed time ..............: 144000 sec
2019-07-25T10:47:31:  MJD range .................: 51544.5 - 51546.1666666667 s (TT)
2019-07-25T10:47:31:  UTC range .................: 2000-01-01T11:58:56 - 2000-01-03T03:58:56 s (TT)
2019-07-25T10:47:31:  Reference MJD .............: 51544.5
2019-07-25T10:47:31: === GSkyMap ===
2019-07-25T10:47:31:  Number of pixels ..........: 6400
2019-07-25T10:47:31:  X axis dimension ..........: 80
2019-07-25T10:47:31:  Y axis dimension ..........: 80
2019-07-25T10:47:31:  Number of maps ............: 33
2019-07-25T10:47:31:  Shape of maps .............: (33)
2019-07-25T10:47:31: === GCTACubePsf ===
2019-07-25T10:47:31:  Filename ..................: /cta/carli/CPPM_Internship/Simulations_and_Analyses/minus_step_AEff_South_z40_50h/source3c/PSF_cube.fits
2019-07-25T10:47:31: === GEnergies ===
2019-07-25T10:47:31:  Number of energies ........: 33
2019-07-25T10:47:31:  Number of delta bins ......: 200
2019-07-25T10:47:31:  Delta range ...............: 1.875e-06 - 0.298501875 deg
2019-07-25T10:47:31: === GSkyMap ===
2019-07-25T10:47:31:  Number of pixels ..........: 1
2019-07-25T10:47:31:  X axis dimension ..........: 1
2019-07-25T10:47:31:  Y axis dimension ..........: 1
2019-07-25T10:47:31:  Number of maps ............: 6600
2019-07-25T10:47:31:  Shape of maps .............: (200, 33)
2019-07-25T10:47:31: === GCTACubeEdisp ===
2019-07-25T10:47:31:  Filename ..................: /cta/carli/CPPM_Internship/Simulations_and_Analyses/minus_step_AEff_South_z40_50h/source3c/edisp_cube.fits
2019-07-25T10:47:31: === GEnergies ===
2019-07-25T10:47:31:  Number of energies ........: 33
2019-07-25T10:47:31:  Number of migra bins ......: 100
2019-07-25T10:47:31:  Migra range ...............: 0.02 - 2
2019-07-25T10:47:31: === GSkyMap ===
2019-07-25T10:47:31:  Number of pixels ..........: 1
2019-07-25T10:47:31:  X axis dimension ..........: 1
2019-07-25T10:47:31:  Y axis dimension ..........: 1
2019-07-25T10:47:31:  Number of maps ............: 3300
2019-07-25T10:47:31:  Shape of maps .............: (100, 33)
2019-07-25T10:47:31: === GCTACubeBackground ===
2019-07-25T10:47:31:  Filename ..................: /cta/carli/CPPM_Internship/Simulations_and_Analyses/minus_step_AEff_South_z40_50h/source3c/background_cube.fits
2019-07-25T10:47:31: === GEbounds ===
2019-07-25T10:47:31:  Number of intervals .......: 32
2019-07-25T10:47:31:  Energy range ..............: 100 GeV - 199.526229858398 TeV
2019-07-25T10:47:31: === GSkyMap ===
2019-07-25T10:47:31:  Number of pixels ..........: 6400
2019-07-25T10:47:31:  X axis dimension ..........: 80
2019-07-25T10:47:31:  Y axis dimension ..........: 80
2019-07-25T10:47:31:  Number of maps ............: 32
2019-07-25T10:47:31:  Shape of maps .............: (32)
2019-07-25T10:47:31: === GCTAResponseCache ===
2019-07-25T10:47:31:  Number of cached values ...: 0
2019-07-25T10:47:31: === GCTAEventCube ===
2019-07-25T10:47:31:  Number of events ..........: 320164
2019-07-25T10:47:31:  Number of elements ........: 204800
2019-07-25T10:47:31:  Number of pixels ..........: 6400
2019-07-25T10:47:31:  Number of energy bins .....: 32
2019-07-25T10:47:31:  Time interval .............: 51544.5 - 51546.1666666667 days
2019-07-25T10:47:31:  Pointing ..................: (RA,Dec)=(84.1331,22.0145)
2019-07-25T10:47:31: === GEbounds ===
2019-07-25T10:47:31:  Number of intervals .......: 32
2019-07-25T10:47:31:  Energy range ..............: 100 GeV - 199.526229858398 TeV
2019-07-25T10:47:31: === GSkyMap ===
2019-07-25T10:47:31:  Number of pixels ..........: 6400
2019-07-25T10:47:31:  X axis dimension ..........: 80
2019-07-25T10:47:31:  Y axis dimension ..........: 80
2019-07-25T10:47:31:  Number of maps ............: 32
2019-07-25T10:47:31:  Shape of maps .............: (32)
2019-07-25T10:47:31: === GSkyRegions ===
2019-07-25T10:47:31:  Number of regions .........: 0
2019-07-25T10:47:31: === GModels ===
2019-07-25T10:47:31:  Number of models ..........: 2
2019-07-25T10:47:31:  Number of parameters ......: 11
2019-07-25T10:47:31: === GModelSky ===
2019-07-25T10:47:31:  Name ......................: source3c
2019-07-25T10:47:31:  Instruments ...............: all
2019-07-25T10:47:31:  Test Statistic ............: 69014.293
2019-07-25T10:47:31:  Observation identifiers ...: all
2019-07-25T10:47:31:  Model type ................: PointSource
2019-07-25T10:47:31:  Model components ..........: "PointSource" * "ExponentialCutoffPowerLaw" * "Constant"
2019-07-25T10:47:31:  Number of parameters ......: 7
2019-07-25T10:47:31:  Number of spatial par's ...: 2
2019-07-25T10:47:31:   RA .......................: 83.6331 [-360,360] deg (fixed,scale=1)
2019-07-25T10:47:31:   DEC ......................: 22.0145 [-90,90] deg (fixed,scale=1)
2019-07-25T10:47:31:  Number of spectral par's ..: 4
2019-07-25T10:47:31:   Prefactor ................: 2.25166603506283e-18 [1e-25,1e-15] ph/cm2/s/MeV (fixed,scale=1e-18,gradient)
2019-07-25T10:47:31:   Index ....................: -2.00386252546793 [-0,-5]  (fixed,scale=-1,gradient)
2019-07-25T10:47:31:   CutoffEnergy .............: 496512363.640237 +/- 234279761.604433 [1000000,100000000000] MeV (free,scale=100000000,gradient)
2019-07-25T10:47:31:   PivotEnergy ..............: 1000000 [10000,1000000000] MeV (fixed,scale=1000000,gradient)
2019-07-25T10:47:31:  Number of temporal par's ..: 1
2019-07-25T10:47:31:   Normalization ............: 1 (relative value) (fixed,scale=1,gradient)
2019-07-25T10:47:31:  Number of scale par's .....: 0
2019-07-25T10:47:31: === GCTAModelCubeBackground ===
2019-07-25T10:47:31:  Name ......................: BackgroundModel
2019-07-25T10:47:31:  Instruments ...............: CTA, HESS, MAGIC, VERITAS
2019-07-25T10:47:31:  Observation identifiers ...: all
2019-07-25T10:47:31:  Model type ................: "PowerLaw" * "Constant"
2019-07-25T10:47:31:  Number of parameters ......: 4
2019-07-25T10:47:31:  Number of spectral par's ..: 3
2019-07-25T10:47:31:   Prefactor ................: 0.992541489326762 [0.01,100] ph/cm2/s/MeV (fixed,scale=1,gradient)
2019-07-25T10:47:31:   Index ....................: -0.00378902406371287 [-5,5]  (fixed,scale=1,gradient)
2019-07-25T10:47:31:   PivotEnergy ..............: 1000000 MeV (fixed,scale=1000000,gradient)
2019-07-25T10:47:31:  Number of temporal par's ..: 1
2019-07-25T10:47:31:   Normalization ............: 1 (relative value) (fixed,scale=1,gradient)
2019-07-25T10:47:31: 
2019-07-25T10:47:31: +=============================+
2019-07-25T10:47:31: | Compute best-fit likelihood |
2019-07-25T10:47:31: +=============================+
2019-07-25T10:49:01: === GOptimizerLM ===
2019-07-25T10:49:01:  Optimized function value ..: -333870.401
2019-07-25T10:49:01:  Absolute precision ........: 0.005
2019-07-25T10:49:01:  Acceptable value decrease .: 2
2019-07-25T10:49:01:  Optimization status .......: converged
2019-07-25T10:49:01:  Number of parameters ......: 11
2019-07-25T10:49:01:  Number of free parameters .: 1
2019-07-25T10:49:01:  Number of iterations ......: 1
2019-07-25T10:49:01:  Lambda ....................: 0.0001
2019-07-25T10:49:01:  Maximum log likelihood ....: -333870.401
2019-07-25T10:49:01: === GModels ===
2019-07-25T10:49:01:  Number of models ..........: 2
2019-07-25T10:49:01:  Number of parameters ......: 11
2019-07-25T10:49:01: === GModelSky ===
2019-07-25T10:49:01:  Name ......................: source3c
2019-07-25T10:49:01:  Instruments ...............: all
2019-07-25T10:49:01:  Test Statistic ............: 69014.293
2019-07-25T10:49:01:  Observation identifiers ...: all
2019-07-25T10:49:01:  Model type ................: PointSource
2019-07-25T10:49:01:  Model components ..........: "PointSource" * "ExponentialCutoffPowerLaw" * "Constant"
2019-07-25T10:49:01:  Number of parameters ......: 7
2019-07-25T10:49:01:  Number of spatial par's ...: 2
2019-07-25T10:49:01:   RA .......................: 83.6331 [-360,360] deg (fixed,scale=1)
2019-07-25T10:49:01:   DEC ......................: 22.0145 [-90,90] deg (fixed,scale=1)
2019-07-25T10:49:01:  Number of spectral par's ..: 4
2019-07-25T10:49:01:   Prefactor ................: 2.25166603506283e-18 [1e-25,1e-15] ph/cm2/s/MeV (fixed,scale=1e-18,gradient)
2019-07-25T10:49:01:   Index ....................: -2.00386252546793 [-0,-5]  (fixed,scale=-1,gradient)
2019-07-25T10:49:01:   CutoffEnergy .............: 497025332.925625 +/- 169298888.387215 [1000000,100000000000] MeV (free,scale=100000000,gradient)
2019-07-25T10:49:01:   PivotEnergy ..............: 1000000 [10000,1000000000] MeV (fixed,scale=1000000,gradient)
2019-07-25T10:49:01:  Number of temporal par's ..: 1
2019-07-25T10:49:01:   Normalization ............: 1 (relative value) (fixed,scale=1,gradient)
2019-07-25T10:49:01:  Number of scale par's .....: 0
2019-07-25T10:49:01: === GCTAModelCubeBackground ===
2019-07-25T10:49:01:  Name ......................: BackgroundModel
2019-07-25T10:49:01:  Instruments ...............: CTA, HESS, MAGIC, VERITAS
2019-07-25T10:49:01:  Observation identifiers ...: all
2019-07-25T10:49:01:  Model type ................: "PowerLaw" * "Constant"
2019-07-25T10:49:01:  Number of parameters ......: 4
2019-07-25T10:49:01:  Number of spectral par's ..: 3
2019-07-25T10:49:01:   Prefactor ................: 0.992541489326762 [0.01,100] ph/cm2/s/MeV (fixed,scale=1,gradient)
2019-07-25T10:49:01:   Index ....................: -0.00378902406371287 [-5,5]  (fixed,scale=1,gradient)
2019-07-25T10:49:01:   PivotEnergy ..............: 1000000 MeV (fixed,scale=1000000,gradient)
2019-07-25T10:49:01:  Number of temporal par's ..: 1
2019-07-25T10:49:01:   Normalization ............: 1 (relative value) (fixed,scale=1,gradient)
2019-07-25T10:49:01: 
2019-07-25T10:49:01: +==============================================================+
2019-07-25T10:49:01: | Compute error for source "source3c" parameter "CutoffEnergy" |
2019-07-25T10:49:01: +==============================================================+
2019-07-25T10:49:01:  Confidence level ..........: 68 %
2019-07-25T10:49:01:  Log-likelihood difference .: 0.494473
2019-07-25T10:49:01:  Initial factor range ......: [0.01, 21.9001421679777]
2019-07-25T10:49:12:    Iteration 1 .............: [0.01, 4.97025332925625]
2019-07-25T10:49:22:    Iteration 2 .............: [2.49012666462813, 4.97025332925625]
2019-07-25T10:49:33:    Iteration 3 .............: [2.49012666462813, 3.73018999694219]
2019-07-25T10:49:43:    Iteration 4 .............: [3.11015833078516, 3.73018999694219]
2019-07-25T10:49:53:    Iteration 5 .............: [3.42017416386367, 3.73018999694219]
2019-07-25T10:50:03:    Iteration 6 .............: [3.57518208040293, 3.73018999694219]
2019-07-25T10:50:14:    Iteration 7 .............: [3.65268603867256, 3.73018999694219]
2019-07-25T10:50:25:    Iteration 8 .............: [3.65268603867256, 3.69143801780737]
2019-07-25T10:50:35:    Iteration 9 .............: [3.65268603867256, 3.67206202823997]
2019-07-25T10:50:46:    Iteration 10 ............: [3.66237403345626, 3.67206202823997]
2019-07-25T10:50:56:    Iteration 1 .............: [4.97025332925625, 21.9001421679777]
2019-07-25T10:51:06:    Iteration 2 .............: [4.97025332925625, 13.435197748617]
2019-07-25T10:51:16:    Iteration 3 .............: [4.97025332925625, 9.20272553893662]
2019-07-25T10:51:27:    Iteration 4 .............: [7.08648943409644, 9.20272553893662]
2019-07-25T10:51:37:    Iteration 5 .............: [7.08648943409644, 8.14460748651653]
2019-07-25T10:51:48:    Iteration 6 .............: [7.61554846030648, 8.14460748651653]
2019-07-25T10:51:58:    Iteration 7 .............: [7.61554846030648, 7.8800779734115]
2019-07-25T10:52:08:    Iteration 8 .............: [7.61554846030648, 7.74781321685899]
2019-07-25T10:52:18:    Iteration 9 .............: [7.61554846030648, 7.68168083858274]
2019-07-25T10:52:28:    Iteration 10 ............: [7.61554846030648, 7.64861464944461]
2019-07-25T10:52:28:  Lower parameter factor ....: 3.66722
2019-07-25T10:52:28:  Upper parameter factor ....: 7.63208
2019-07-25T10:52:28:  Error from curvature ......: 169298888.387215 MeV
2019-07-25T10:52:28:  Error from profile ........: 198243176.201372 MeV
2019-07-25T10:52:28:  Negative profile error ....: 130303529.840814 MeV
2019-07-25T10:52:28:  Positive profile error ....: 266182822.561929 MeV
2019-07-25T10:52:28: 
2019-07-25T10:52:28: +==============+
2019-07-25T10:52:28: | Save results |
2019-07-25T10:52:28: +==============+
2019-07-25T10:52:28:  Model definition file .....: NONE
2019-07-25T10:52:28: 
2019-07-25T10:52:28: Application "cterror" terminated after 298 wall clock seconds, consuming 358 seconds of CPU time.
