2019-07-25T10:52:28: ********************************************************************************
2019-07-25T10:52:28: *                                    cterror                                   *
2019-07-25T10:52:28: * ---------------------------------------------------------------------------- *
2019-07-25T10:52:28: * Version: 1.6.0                                                               *
2019-07-25T10:52:28: ********************************************************************************
2019-07-25T10:52:28: +============+
2019-07-25T10:52:28: | Parameters |
2019-07-25T10:52:28: +============+
2019-07-25T10:52:28:  inobs .....................: /cta/carli/CPPM_Internship/Simulations_and_Analyses/minus_step_AEff_South_z40_50h/source3c/obs_cube.fits
2019-07-25T10:52:28:  inmodel ...................: /cta/carli/CPPM_Internship/Simulations_and_Analyses/minus_step_AEff_South_z40_50h/source3c/obsmodel_binned.xml
2019-07-25T10:52:28:  srcname ...................: source3c
2019-07-25T10:52:28:  expcube ...................: /cta/carli/CPPM_Internship/Simulations_and_Analyses/minus_step_AEff_South_z40_50h/source3c/exposure_cube.fits
2019-07-25T10:52:28:  psfcube ...................: /cta/carli/CPPM_Internship/Simulations_and_Analyses/minus_step_AEff_South_z40_50h/source3c/PSF_cube.fits
2019-07-25T10:52:28:  edispcube .................: /cta/carli/CPPM_Internship/Simulations_and_Analyses/minus_step_AEff_South_z40_50h/source3c/edisp_cube.fits
2019-07-25T10:52:28:  bkgcube ...................: /cta/carli/CPPM_Internship/Simulations_and_Analyses/minus_step_AEff_South_z40_50h/source3c/background_cube.fits
2019-07-25T10:52:28:  caldb .....................: prod3b-v2
2019-07-25T10:52:28:  irf .......................: minus_step_AEff_South_z40_50h
2019-07-25T10:52:28:  edisp .....................: yes
2019-07-25T10:52:28:  outmodel ..................: 
2019-07-25T10:52:28:  confidence ................: 0.95
2019-07-25T10:52:28:  tol .......................: 1e-3
2019-07-25T10:52:28:  statistic .................: DEFAULT
2019-07-25T10:52:28:  like_accuracy .............: 0.005
2019-07-25T10:52:28:  max_iter ..................: 50
2019-07-25T10:52:28:  nthreads ..................: 0
2019-07-25T10:52:28:  chatter ...................: 4
2019-07-25T10:52:28:  clobber ...................: yes
2019-07-25T10:52:28:  debug .....................: no
2019-07-25T10:52:28:  mode ......................: ql
2019-07-25T10:52:28:  logfile ...................: cterror95.log
2019-07-25T10:52:28: 
2019-07-25T10:52:28: +===================+
2019-07-25T10:52:28: | Input observation |
2019-07-25T10:52:28: +===================+
2019-07-25T10:52:28: === GObservations ===
2019-07-25T10:52:28:  Number of observations ....: 1
2019-07-25T10:52:28:  Number of models ..........: 2
2019-07-25T10:52:28:  Number of observed events .: 320164
2019-07-25T10:52:28:  Number of predicted events : 0
2019-07-25T10:52:28: === GCTAObservation ===
2019-07-25T10:52:28:  Name ......................: 
2019-07-25T10:52:28:  Identifier ................: 000001
2019-07-25T10:52:28:  Instrument ................: CTA
2019-07-25T10:52:28:  Event file ................: /cta/carli/CPPM_Internship/Simulations_and_Analyses/minus_step_AEff_South_z40_50h/source3c/obs_cube.fits
2019-07-25T10:52:28:  Event type ................: CountsCube
2019-07-25T10:52:28:  Statistic .................: cstat
2019-07-25T10:52:28:  Ontime ....................: 144000 s
2019-07-25T10:52:28:  Livetime ..................: 141120 s
2019-07-25T10:52:28:  Deadtime correction .......: 0.98
2019-07-25T10:52:28:  User energy range .........: undefined
2019-07-25T10:52:28: === GCTAPointing ===
2019-07-25T10:52:28:  Pointing direction ........: (RA,Dec)=(84.1331,22.0145)
2019-07-25T10:52:28: === GCTAResponseCube ===
2019-07-25T10:52:28:  Energy dispersion .........: Used
2019-07-25T10:52:28: === GCTACubeExposure ===
2019-07-25T10:52:28:  Filename ..................: /cta/carli/CPPM_Internship/Simulations_and_Analyses/minus_step_AEff_South_z40_50h/source3c/exposure_cube.fits
2019-07-25T10:52:28:  Livetime ..................: 141120 sec
2019-07-25T10:52:28: === GEnergies ===
2019-07-25T10:52:28:  Number of energies ........: 33
2019-07-25T10:52:28: === GGti ===
2019-07-25T10:52:28:  Number of intervals .......: 1
2019-07-25T10:52:28:  Ontime ....................: 144000 sec
2019-07-25T10:52:28:  Elapsed time ..............: 144000 sec
2019-07-25T10:52:28:  MJD range .................: 51544.5 - 51546.1666666667 s (TT)
2019-07-25T10:52:28:  UTC range .................: 2000-01-01T11:58:56 - 2000-01-03T03:58:56 s (TT)
2019-07-25T10:52:28:  Reference MJD .............: 51544.5
2019-07-25T10:52:28: === GSkyMap ===
2019-07-25T10:52:28:  Number of pixels ..........: 6400
2019-07-25T10:52:28:  X axis dimension ..........: 80
2019-07-25T10:52:28:  Y axis dimension ..........: 80
2019-07-25T10:52:28:  Number of maps ............: 33
2019-07-25T10:52:28:  Shape of maps .............: (33)
2019-07-25T10:52:28: === GCTACubePsf ===
2019-07-25T10:52:28:  Filename ..................: /cta/carli/CPPM_Internship/Simulations_and_Analyses/minus_step_AEff_South_z40_50h/source3c/PSF_cube.fits
2019-07-25T10:52:28: === GEnergies ===
2019-07-25T10:52:28:  Number of energies ........: 33
2019-07-25T10:52:28:  Number of delta bins ......: 200
2019-07-25T10:52:28:  Delta range ...............: 1.875e-06 - 0.298501875 deg
2019-07-25T10:52:28: === GSkyMap ===
2019-07-25T10:52:28:  Number of pixels ..........: 1
2019-07-25T10:52:28:  X axis dimension ..........: 1
2019-07-25T10:52:28:  Y axis dimension ..........: 1
2019-07-25T10:52:28:  Number of maps ............: 6600
2019-07-25T10:52:28:  Shape of maps .............: (200, 33)
2019-07-25T10:52:28: === GCTACubeEdisp ===
2019-07-25T10:52:28:  Filename ..................: /cta/carli/CPPM_Internship/Simulations_and_Analyses/minus_step_AEff_South_z40_50h/source3c/edisp_cube.fits
2019-07-25T10:52:28: === GEnergies ===
2019-07-25T10:52:28:  Number of energies ........: 33
2019-07-25T10:52:28:  Number of migra bins ......: 100
2019-07-25T10:52:28:  Migra range ...............: 0.02 - 2
2019-07-25T10:52:28: === GSkyMap ===
2019-07-25T10:52:28:  Number of pixels ..........: 1
2019-07-25T10:52:28:  X axis dimension ..........: 1
2019-07-25T10:52:28:  Y axis dimension ..........: 1
2019-07-25T10:52:28:  Number of maps ............: 3300
2019-07-25T10:52:28:  Shape of maps .............: (100, 33)
2019-07-25T10:52:28: === GCTACubeBackground ===
2019-07-25T10:52:28:  Filename ..................: /cta/carli/CPPM_Internship/Simulations_and_Analyses/minus_step_AEff_South_z40_50h/source3c/background_cube.fits
2019-07-25T10:52:28: === GEbounds ===
2019-07-25T10:52:28:  Number of intervals .......: 32
2019-07-25T10:52:28:  Energy range ..............: 100 GeV - 199.526229858398 TeV
2019-07-25T10:52:28: === GSkyMap ===
2019-07-25T10:52:28:  Number of pixels ..........: 6400
2019-07-25T10:52:28:  X axis dimension ..........: 80
2019-07-25T10:52:28:  Y axis dimension ..........: 80
2019-07-25T10:52:28:  Number of maps ............: 32
2019-07-25T10:52:28:  Shape of maps .............: (32)
2019-07-25T10:52:28: === GCTAResponseCache ===
2019-07-25T10:52:28:  Number of cached values ...: 0
2019-07-25T10:52:28: === GCTAEventCube ===
2019-07-25T10:52:28:  Number of events ..........: 320164
2019-07-25T10:52:28:  Number of elements ........: 204800
2019-07-25T10:52:28:  Number of pixels ..........: 6400
2019-07-25T10:52:28:  Number of energy bins .....: 32
2019-07-25T10:52:28:  Time interval .............: 51544.5 - 51546.1666666667 days
2019-07-25T10:52:28:  Pointing ..................: (RA,Dec)=(84.1331,22.0145)
2019-07-25T10:52:28: === GEbounds ===
2019-07-25T10:52:28:  Number of intervals .......: 32
2019-07-25T10:52:28:  Energy range ..............: 100 GeV - 199.526229858398 TeV
2019-07-25T10:52:28: === GSkyMap ===
2019-07-25T10:52:28:  Number of pixels ..........: 6400
2019-07-25T10:52:28:  X axis dimension ..........: 80
2019-07-25T10:52:28:  Y axis dimension ..........: 80
2019-07-25T10:52:28:  Number of maps ............: 32
2019-07-25T10:52:28:  Shape of maps .............: (32)
2019-07-25T10:52:28: === GSkyRegions ===
2019-07-25T10:52:28:  Number of regions .........: 0
2019-07-25T10:52:28: === GModels ===
2019-07-25T10:52:28:  Number of models ..........: 2
2019-07-25T10:52:28:  Number of parameters ......: 11
2019-07-25T10:52:28: === GModelSky ===
2019-07-25T10:52:28:  Name ......................: source3c
2019-07-25T10:52:28:  Instruments ...............: all
2019-07-25T10:52:28:  Test Statistic ............: 69014.293
2019-07-25T10:52:28:  Observation identifiers ...: all
2019-07-25T10:52:28:  Model type ................: PointSource
2019-07-25T10:52:28:  Model components ..........: "PointSource" * "ExponentialCutoffPowerLaw" * "Constant"
2019-07-25T10:52:28:  Number of parameters ......: 7
2019-07-25T10:52:28:  Number of spatial par's ...: 2
2019-07-25T10:52:28:   RA .......................: 83.6331 [-360,360] deg (fixed,scale=1)
2019-07-25T10:52:28:   DEC ......................: 22.0145 [-90,90] deg (fixed,scale=1)
2019-07-25T10:52:28:  Number of spectral par's ..: 4
2019-07-25T10:52:28:   Prefactor ................: 2.25166603506283e-18 [1e-25,1e-15] ph/cm2/s/MeV (fixed,scale=1e-18,gradient)
2019-07-25T10:52:28:   Index ....................: -2.00386252546793 [-0,-5]  (fixed,scale=-1,gradient)
2019-07-25T10:52:28:   CutoffEnergy .............: 496512363.640237 +/- 234279761.604433 [1000000,100000000000] MeV (free,scale=100000000,gradient)
2019-07-25T10:52:28:   PivotEnergy ..............: 1000000 [10000,1000000000] MeV (fixed,scale=1000000,gradient)
2019-07-25T10:52:28:  Number of temporal par's ..: 1
2019-07-25T10:52:28:   Normalization ............: 1 (relative value) (fixed,scale=1,gradient)
2019-07-25T10:52:28:  Number of scale par's .....: 0
2019-07-25T10:52:28: === GCTAModelCubeBackground ===
2019-07-25T10:52:28:  Name ......................: BackgroundModel
2019-07-25T10:52:28:  Instruments ...............: CTA, HESS, MAGIC, VERITAS
2019-07-25T10:52:28:  Observation identifiers ...: all
2019-07-25T10:52:28:  Model type ................: "PowerLaw" * "Constant"
2019-07-25T10:52:28:  Number of parameters ......: 4
2019-07-25T10:52:28:  Number of spectral par's ..: 3
2019-07-25T10:52:28:   Prefactor ................: 0.992541489326762 [0.01,100] ph/cm2/s/MeV (fixed,scale=1,gradient)
2019-07-25T10:52:28:   Index ....................: -0.00378902406371287 [-5,5]  (fixed,scale=1,gradient)
2019-07-25T10:52:28:   PivotEnergy ..............: 1000000 MeV (fixed,scale=1000000,gradient)
2019-07-25T10:52:28:  Number of temporal par's ..: 1
2019-07-25T10:52:28:   Normalization ............: 1 (relative value) (fixed,scale=1,gradient)
2019-07-25T10:52:28: 
2019-07-25T10:52:28: +=============================+
2019-07-25T10:52:28: | Compute best-fit likelihood |
2019-07-25T10:52:28: +=============================+
2019-07-25T10:54:00: === GOptimizerLM ===
2019-07-25T10:54:00:  Optimized function value ..: -333870.401
2019-07-25T10:54:00:  Absolute precision ........: 0.005
2019-07-25T10:54:00:  Acceptable value decrease .: 2
2019-07-25T10:54:00:  Optimization status .......: converged
2019-07-25T10:54:00:  Number of parameters ......: 11
2019-07-25T10:54:00:  Number of free parameters .: 1
2019-07-25T10:54:00:  Number of iterations ......: 1
2019-07-25T10:54:00:  Lambda ....................: 0.0001
2019-07-25T10:54:00:  Maximum log likelihood ....: -333870.401
2019-07-25T10:54:00: === GModels ===
2019-07-25T10:54:00:  Number of models ..........: 2
2019-07-25T10:54:00:  Number of parameters ......: 11
2019-07-25T10:54:00: === GModelSky ===
2019-07-25T10:54:00:  Name ......................: source3c
2019-07-25T10:54:00:  Instruments ...............: all
2019-07-25T10:54:00:  Test Statistic ............: 69014.293
2019-07-25T10:54:00:  Observation identifiers ...: all
2019-07-25T10:54:00:  Model type ................: PointSource
2019-07-25T10:54:00:  Model components ..........: "PointSource" * "ExponentialCutoffPowerLaw" * "Constant"
2019-07-25T10:54:00:  Number of parameters ......: 7
2019-07-25T10:54:00:  Number of spatial par's ...: 2
2019-07-25T10:54:00:   RA .......................: 83.6331 [-360,360] deg (fixed,scale=1)
2019-07-25T10:54:00:   DEC ......................: 22.0145 [-90,90] deg (fixed,scale=1)
2019-07-25T10:54:00:  Number of spectral par's ..: 4
2019-07-25T10:54:00:   Prefactor ................: 2.25166603506283e-18 [1e-25,1e-15] ph/cm2/s/MeV (fixed,scale=1e-18,gradient)
2019-07-25T10:54:00:   Index ....................: -2.00386252546793 [-0,-5]  (fixed,scale=-1,gradient)
2019-07-25T10:54:00:   CutoffEnergy .............: 497025332.925625 +/- 169298888.387215 [1000000,100000000000] MeV (free,scale=100000000,gradient)
2019-07-25T10:54:00:   PivotEnergy ..............: 1000000 [10000,1000000000] MeV (fixed,scale=1000000,gradient)
2019-07-25T10:54:00:  Number of temporal par's ..: 1
2019-07-25T10:54:00:   Normalization ............: 1 (relative value) (fixed,scale=1,gradient)
2019-07-25T10:54:00:  Number of scale par's .....: 0
2019-07-25T10:54:00: === GCTAModelCubeBackground ===
2019-07-25T10:54:00:  Name ......................: BackgroundModel
2019-07-25T10:54:00:  Instruments ...............: CTA, HESS, MAGIC, VERITAS
2019-07-25T10:54:00:  Observation identifiers ...: all
2019-07-25T10:54:00:  Model type ................: "PowerLaw" * "Constant"
2019-07-25T10:54:00:  Number of parameters ......: 4
2019-07-25T10:54:00:  Number of spectral par's ..: 3
2019-07-25T10:54:00:   Prefactor ................: 0.992541489326762 [0.01,100] ph/cm2/s/MeV (fixed,scale=1,gradient)
2019-07-25T10:54:00:   Index ....................: -0.00378902406371287 [-5,5]  (fixed,scale=1,gradient)
2019-07-25T10:54:00:   PivotEnergy ..............: 1000000 MeV (fixed,scale=1000000,gradient)
2019-07-25T10:54:00:  Number of temporal par's ..: 1
2019-07-25T10:54:00:   Normalization ............: 1 (relative value) (fixed,scale=1,gradient)
2019-07-25T10:54:00: 
2019-07-25T10:54:00: +==============================================================+
2019-07-25T10:54:00: | Compute error for source "source3c" parameter "CutoffEnergy" |
2019-07-25T10:54:00: +==============================================================+
2019-07-25T10:54:00:  Confidence level ..........: 95 %
2019-07-25T10:54:00:  Log-likelihood difference .: 1.92073
2019-07-25T10:54:00:  Initial factor range ......: [0.01, 21.9001421679777]
2019-07-25T10:54:10:    Iteration 1 .............: [0.01, 4.97025332925625]
2019-07-25T10:54:20:    Iteration 2 .............: [2.49012666462813, 4.97025332925625]
2019-07-25T10:54:30:    Iteration 3 .............: [2.49012666462813, 3.73018999694219]
2019-07-25T10:54:40:    Iteration 4 .............: [2.49012666462813, 3.11015833078516]
2019-07-25T10:54:51:    Iteration 5 .............: [2.80014249770664, 3.11015833078516]
2019-07-25T10:55:01:    Iteration 6 .............: [2.80014249770664, 2.9551504142459]
2019-07-25T10:55:11:    Iteration 7 .............: [2.87764645597627, 2.9551504142459]
2019-07-25T10:55:21:    Iteration 8 .............: [2.87764645597627, 2.91639843511108]
2019-07-25T10:55:32:    Iteration 9 .............: [2.89702244554368, 2.91639843511108]
2019-07-25T10:55:42:    Iteration 10 ............: [2.90671044032738, 2.91639843511108]
2019-07-25T10:55:52:    Iteration 11 ............: [2.91155443771923, 2.91639843511108]
2019-07-25T10:56:02:    Iteration 12 ............: [2.91155443771923, 2.91397643641516]
2019-07-25T10:56:12:    Iteration 1 .............: [4.97025332925625, 21.9001421679777]
2019-07-25T10:56:22:    Iteration 2 .............: [13.435197748617, 21.9001421679777]
2019-07-25T10:56:32:    Iteration 3 .............: [13.435197748617, 17.6676699582974]
2019-07-25T10:56:32:  Lower parameter factor ....: 2.91277
2019-07-25T10:56:32:  Upper parameter factor ....: 15.5514
2019-07-25T10:56:32:  Error from curvature ......: 169298888.387215 MeV
2019-07-25T10:56:32:  Error from profile ........: 631933420.819499 MeV
2019-07-25T10:56:32:  Negative profile error ....: 205748789.218906 MeV
2019-07-25T10:56:32:  Positive profile error ....: 1058118052.42009 MeV
2019-07-25T10:56:32: 
2019-07-25T10:56:32: +==============+
2019-07-25T10:56:32: | Save results |
2019-07-25T10:56:32: +==============+
2019-07-25T10:56:32:  Model definition file .....: NONE
2019-07-25T10:56:32: 
2019-07-25T10:56:32: Application "cterror" terminated after 244 wall clock seconds, consuming 302.52 seconds of CPU time.
