2019-07-23T20:01:24: ********************************************************************************
2019-07-23T20:01:24: *                                  ctbutterfly                                 *
2019-07-23T20:01:24: * ---------------------------------------------------------------------------- *
2019-07-23T20:01:24: * Version: 1.6.0                                                               *
2019-07-23T20:01:24: ********************************************************************************
2019-07-23T20:01:24: +============+
2019-07-23T20:01:24: | Parameters |
2019-07-23T20:01:24: +============+
2019-07-23T20:01:24:  inobs .....................: /cta/carli/CPPM_Internship/Simulations_and_Analyses/plus_constant_EDisp_South_z40_50h/source3c/obs_cube.fits
2019-07-23T20:01:24:  inmodel ...................: /cta/carli/CPPM_Internship/Simulations_and_Analyses/plus_constant_EDisp_South_z40_50h/source3c/obsmodel_binned.xml
2019-07-23T20:01:24:  srcname ...................: source3c
2019-07-23T20:01:24:  expcube ...................: /cta/carli/CPPM_Internship/Simulations_and_Analyses/plus_constant_EDisp_South_z40_50h/source3c/exposure_cube.fits
2019-07-23T20:01:24:  psfcube ...................: /cta/carli/CPPM_Internship/Simulations_and_Analyses/plus_constant_EDisp_South_z40_50h/source3c/PSF_cube.fits
2019-07-23T20:01:24:  edispcube .................: /cta/carli/CPPM_Internship/Simulations_and_Analyses/plus_constant_EDisp_South_z40_50h/source3c/edisp_cube.fits
2019-07-23T20:01:24:  bkgcube ...................: /cta/carli/CPPM_Internship/Simulations_and_Analyses/plus_constant_EDisp_South_z40_50h/source3c/background_cube.fits
2019-07-23T20:01:24:  caldb .....................: prod3b-v2
2019-07-23T20:01:24:  irf .......................: South_z40_50h
2019-07-23T20:01:24:  edisp .....................: yes
2019-07-23T20:01:24:  outfile ...................: /cta/carli/CPPM_Internship/Simulations_and_Analyses/plus_constant_EDisp_South_z40_50h/source3c/butterfly_binned.ascii
2019-07-23T20:01:24:  method ....................: GAUSSIAN
2019-07-23T20:01:24:  fit .......................: no
2019-07-23T20:01:24:  confidence ................: 0.68
2019-07-23T20:01:24:  statistic .................: DEFAULT
2019-07-23T20:01:24:  like_accuracy .............: 0.005
2019-07-23T20:01:24:  max_iter ..................: 50
2019-07-23T20:01:24:  matrix ....................: NONE
2019-07-23T20:01:24:  ebinalg ...................: LOG
2019-07-23T20:01:24:  emin ......................: 0.1
2019-07-23T20:01:24:  emax ......................: 199.526229858398
2019-07-23T20:01:24:  enumbins ..................: 32
2019-07-23T20:01:24:  ebinfile ..................: [not queried]
2019-07-23T20:01:24:  chatter ...................: 4
2019-07-23T20:01:24:  clobber ...................: yes
2019-07-23T20:01:24:  debug .....................: no
2019-07-23T20:01:24:  mode ......................: ql
2019-07-23T20:01:24:  logfile ...................: ctbutterfly.log
2019-07-23T20:01:24: 
2019-07-23T20:01:24: +===================+
2019-07-23T20:01:24: | Input observation |
2019-07-23T20:01:24: +===================+
2019-07-23T20:01:24: === GObservations ===
2019-07-23T20:01:24:  Number of observations ....: 1
2019-07-23T20:01:24:  Number of models ..........: 2
2019-07-23T20:01:24:  Number of observed events .: 320596
2019-07-23T20:01:24:  Number of predicted events : 0
2019-07-23T20:01:24: === GCTAObservation ===
2019-07-23T20:01:24:  Name ......................: 
2019-07-23T20:01:24:  Identifier ................: 000001
2019-07-23T20:01:24:  Instrument ................: CTA
2019-07-23T20:01:24:  Event file ................: /cta/carli/CPPM_Internship/Simulations_and_Analyses/plus_constant_EDisp_South_z40_50h/source3c/obs_cube.fits
2019-07-23T20:01:24:  Event type ................: CountsCube
2019-07-23T20:01:24:  Statistic .................: cstat
2019-07-23T20:01:24:  Ontime ....................: 144000 s
2019-07-23T20:01:24:  Livetime ..................: 141120 s
2019-07-23T20:01:24:  Deadtime correction .......: 0.98
2019-07-23T20:01:24:  User energy range .........: undefined
2019-07-23T20:01:24: === GCTAPointing ===
2019-07-23T20:01:24:  Pointing direction ........: (RA,Dec)=(84.1331,22.0145)
2019-07-23T20:01:24: === GCTAResponseCube ===
2019-07-23T20:01:24:  Energy dispersion .........: Used
2019-07-23T20:01:24: === GCTACubeExposure ===
2019-07-23T20:01:24:  Filename ..................: /cta/carli/CPPM_Internship/Simulations_and_Analyses/plus_constant_EDisp_South_z40_50h/source3c/exposure_cube.fits
2019-07-23T20:01:24:  Livetime ..................: 141120 sec
2019-07-23T20:01:24: === GEnergies ===
2019-07-23T20:01:24:  Number of energies ........: 33
2019-07-23T20:01:24: === GGti ===
2019-07-23T20:01:24:  Number of intervals .......: 1
2019-07-23T20:01:24:  Ontime ....................: 144000 sec
2019-07-23T20:01:24:  Elapsed time ..............: 144000 sec
2019-07-23T20:01:24:  MJD range .................: 51544.5 - 51546.1666666667 s (TT)
2019-07-23T20:01:24:  UTC range .................: 2000-01-01T11:58:56 - 2000-01-03T03:58:56 s (TT)
2019-07-23T20:01:24:  Reference MJD .............: 51544.5
2019-07-23T20:01:24: === GSkyMap ===
2019-07-23T20:01:24:  Number of pixels ..........: 6400
2019-07-23T20:01:24:  X axis dimension ..........: 80
2019-07-23T20:01:24:  Y axis dimension ..........: 80
2019-07-23T20:01:24:  Number of maps ............: 33
2019-07-23T20:01:24:  Shape of maps .............: (33)
2019-07-23T20:01:24: === GCTACubePsf ===
2019-07-23T20:01:24:  Filename ..................: /cta/carli/CPPM_Internship/Simulations_and_Analyses/plus_constant_EDisp_South_z40_50h/source3c/PSF_cube.fits
2019-07-23T20:01:24: === GEnergies ===
2019-07-23T20:01:24:  Number of energies ........: 33
2019-07-23T20:01:24:  Number of delta bins ......: 200
2019-07-23T20:01:24:  Delta range ...............: 1.875e-06 - 0.298501875 deg
2019-07-23T20:01:24: === GSkyMap ===
2019-07-23T20:01:24:  Number of pixels ..........: 1
2019-07-23T20:01:24:  X axis dimension ..........: 1
2019-07-23T20:01:24:  Y axis dimension ..........: 1
2019-07-23T20:01:24:  Number of maps ............: 6600
2019-07-23T20:01:24:  Shape of maps .............: (200, 33)
2019-07-23T20:01:24: === GCTACubeEdisp ===
2019-07-23T20:01:24:  Filename ..................: /cta/carli/CPPM_Internship/Simulations_and_Analyses/plus_constant_EDisp_South_z40_50h/source3c/edisp_cube.fits
2019-07-23T20:01:24: === GEnergies ===
2019-07-23T20:01:24:  Number of energies ........: 33
2019-07-23T20:01:24:  Number of migra bins ......: 100
2019-07-23T20:01:24:  Migra range ...............: 0.02 - 2
2019-07-23T20:01:24: === GSkyMap ===
2019-07-23T20:01:24:  Number of pixels ..........: 1
2019-07-23T20:01:24:  X axis dimension ..........: 1
2019-07-23T20:01:24:  Y axis dimension ..........: 1
2019-07-23T20:01:24:  Number of maps ............: 3300
2019-07-23T20:01:24:  Shape of maps .............: (100, 33)
2019-07-23T20:01:24: === GCTACubeBackground ===
2019-07-23T20:01:24:  Filename ..................: /cta/carli/CPPM_Internship/Simulations_and_Analyses/plus_constant_EDisp_South_z40_50h/source3c/background_cube.fits
2019-07-23T20:01:24: === GEbounds ===
2019-07-23T20:01:24:  Number of intervals .......: 32
2019-07-23T20:01:24:  Energy range ..............: 100 GeV - 199.526229858398 TeV
2019-07-23T20:01:24: === GSkyMap ===
2019-07-23T20:01:24:  Number of pixels ..........: 6400
2019-07-23T20:01:24:  X axis dimension ..........: 80
2019-07-23T20:01:24:  Y axis dimension ..........: 80
2019-07-23T20:01:24:  Number of maps ............: 32
2019-07-23T20:01:24:  Shape of maps .............: (32)
2019-07-23T20:01:24: === GCTAResponseCache ===
2019-07-23T20:01:24:  Number of cached values ...: 0
2019-07-23T20:01:24: === GCTAEventCube ===
2019-07-23T20:01:24:  Number of events ..........: 320596
2019-07-23T20:01:24:  Number of elements ........: 204800
2019-07-23T20:01:24:  Number of pixels ..........: 6400
2019-07-23T20:01:24:  Number of energy bins .....: 32
2019-07-23T20:01:24:  Time interval .............: 51544.5 - 51546.1666666667 days
2019-07-23T20:01:24:  Pointing ..................: (RA,Dec)=(84.1331,22.0145)
2019-07-23T20:01:24: === GEbounds ===
2019-07-23T20:01:24:  Number of intervals .......: 32
2019-07-23T20:01:24:  Energy range ..............: 100 GeV - 199.526229858398 TeV
2019-07-23T20:01:24: === GSkyMap ===
2019-07-23T20:01:24:  Number of pixels ..........: 6400
2019-07-23T20:01:24:  X axis dimension ..........: 80
2019-07-23T20:01:24:  Y axis dimension ..........: 80
2019-07-23T20:01:24:  Number of maps ............: 32
2019-07-23T20:01:24:  Shape of maps .............: (32)
2019-07-23T20:01:24: === GSkyRegions ===
2019-07-23T20:01:24:  Number of regions .........: 0
2019-07-23T20:01:24: === GModels ===
2019-07-23T20:01:24:  Number of models ..........: 2
2019-07-23T20:01:24:  Number of parameters ......: 11
2019-07-23T20:01:24: === GModelSky ===
2019-07-23T20:01:24:  Name ......................: source3c
2019-07-23T20:01:24:  Instruments ...............: all
2019-07-23T20:01:24:  Test Statistic ............: 66766.508
2019-07-23T20:01:24:  Observation identifiers ...: all
2019-07-23T20:01:24:  Model type ................: PointSource
2019-07-23T20:01:24:  Model components ..........: "PointSource" * "ExponentialCutoffPowerLaw" * "Constant"
2019-07-23T20:01:24:  Number of parameters ......: 7
2019-07-23T20:01:24:  Number of spatial par's ...: 2
2019-07-23T20:01:24:   RA .......................: 83.6331 [-360,360] deg (fixed,scale=1)
2019-07-23T20:01:24:   DEC ......................: 22.0145 [-90,90] deg (fixed,scale=1)
2019-07-23T20:01:24:  Number of spectral par's ..: 4
2019-07-23T20:01:24:   Prefactor ................: 2.26074404688639e-18 +/- 2.12512936568464e-20 [1e-25,1e-15] ph/cm2/s/MeV (free,scale=1e-18,gradient)
2019-07-23T20:01:24:   Index ....................: -1.99275962303752 +/- 0.00803770754308584 [-0,-5]  (free,scale=-1,gradient)
2019-07-23T20:01:24:   CutoffEnergy .............: 319410844.679751 +/- 103011543.335855 [1000000,100000000000] MeV (free,scale=100000000,gradient)
2019-07-23T20:01:24:   PivotEnergy ..............: 1000000 [10000,1000000000] MeV (fixed,scale=1000000,gradient)
2019-07-23T20:01:24:  Number of temporal par's ..: 1
2019-07-23T20:01:24:   Normalization ............: 1 (relative value) (fixed,scale=1,gradient)
2019-07-23T20:01:24:  Number of scale par's .....: 0
2019-07-23T20:01:24: === GCTAModelCubeBackground ===
2019-07-23T20:01:24:  Name ......................: BackgroundModel
2019-07-23T20:01:24:  Instruments ...............: CTA, HESS, MAGIC, VERITAS
2019-07-23T20:01:24:  Observation identifiers ...: all
2019-07-23T20:01:24:  Model type ................: "PowerLaw" * "Constant"
2019-07-23T20:01:24:  Number of parameters ......: 4
2019-07-23T20:01:24:  Number of spectral par's ..: 3
2019-07-23T20:01:24:   Prefactor ................: 1.15476031080636 +/- 0.00496338879912942 [0.01,100] ph/cm2/s/MeV (free,scale=1,gradient)
2019-07-23T20:01:24:   Index ....................: 0.0939838805339671 +/- 0.00255482920331672 [-5,5]  (free,scale=1,gradient)
2019-07-23T20:01:24:   PivotEnergy ..............: 1000000 MeV (fixed,scale=1000000,gradient)
2019-07-23T20:01:24:  Number of temporal par's ..: 1
2019-07-23T20:01:24:   Normalization ............: 1 (relative value) (fixed,scale=1,gradient)
2019-07-23T20:01:24: 
2019-07-23T20:01:24: +===========================+
2019-07-23T20:01:24: | Compute covariance matrix |
2019-07-23T20:01:24: +===========================+
2019-07-23T20:01:55: === GMatrixSparse ===
2019-07-23T20:01:55:  Number of rows ............: 11
2019-07-23T20:01:55:  Number of columns .........: 11
2019-07-23T20:01:55:  Number of nonzero elements : 25
2019-07-23T20:01:55:  Number of allocated cells .: 512
2019-07-23T20:01:55:  Memory block size .........: 512
2019-07-23T20:01:55:  Sparse matrix fill ........: 0.206611570247934
2019-07-23T20:01:55:  Pending element ...........: 0
2019-07-23T20:01:55:  Fill stack size ...........: 0 (none)
2019-07-23T20:01:55:  0, 0, 0, 0, 0, 0, 0, 0, 0, 0, 0
2019-07-23T20:01:55:  0, 0, 0, 0, 0, 0, 0, 0, 0, 0, 0
2019-07-23T20:01:55:  0, 0, 4.51617482088646e-40, 7.24821053484392e-24, -6.61577469616603e-13, 0, 0, -3.48818989947185e-24, -4.41580846571044e-25, 0, 0
2019-07-23T20:01:55:  0, 0, 7.24821053484393e-24, 6.46047425477559e-05, -530190.288103588, 0, 0, 3.10361725259448e-07, -5.8202669751656e-07, 0, 0
2019-07-23T20:01:55:  0, 0, -6.61577469616603e-13, -530190.288103588, 1.06113780603248e+16, 0, 0, -284.663489123683, 4088.30952675588, 0, 0
2019-07-23T20:01:55:  0, 0, 0, 0, 0, 0, 0, 0, 0, 0, 0
2019-07-23T20:01:55:  0, 0, 0, 0, 0, 0, 0, 0, 0, 0, 0
2019-07-23T20:01:55:  0, 0, -3.48818989947185e-24, 3.10361725259447e-07, -284.663489123681, 0, 0, 2.4635228371308e-05, 1.14593941963595e-05, 0, 0
2019-07-23T20:01:55:  0, 0, -4.41580846571042e-25, -5.82026697516561e-07, 4088.30952675588, 0, 0, 1.14593941963595e-05, 6.52715225811783e-06, 0, 0
2019-07-23T20:01:55:  0, 0, 0, 0, 0, 0, 0, 0, 0, 0, 0
2019-07-23T20:01:55:  0, 0, 0, 0, 0, 0, 0, 0, 0, 0, 0
2019-07-23T20:01:55: 
2019-07-23T20:01:55: +===============================+
2019-07-23T20:01:55: | Prepare butterfly computation |
2019-07-23T20:01:55: +===============================+
2019-07-23T20:01:55:  Confidence level ..........: 0.68
2019-07-23T20:01:55:  Corresponding scaling .....: 0.994458
2019-07-23T20:01:55: 
2019-07-23T20:01:55: +====================+
2019-07-23T20:01:55: | Generate butterfly |
2019-07-23T20:01:55: +====================+
2019-07-23T20:01:55: 
2019-07-23T20:01:55: +=========+
2019-07-23T20:01:55: | Results |
2019-07-23T20:01:55: +=========+
2019-07-23T20:01:55:  Intensity at 112606.251051226 MeV : 1.75430961334639e-16 (1.72010515091087e-16, 1.78851407578192e-16) ph/cm2/s/MeV
2019-07-23T20:01:55:  Intensity at 142786.615593472 MeV : 1.09285330979554e-16 (1.07332946160827e-16, 1.11237715798281e-16) ph/cm2/s/MeV
2019-07-23T20:01:55:  Intensity at 181055.824186555 MeV : 6.8077955142203e-17 (6.69690403122954e-17, 6.91868699721107e-17) ph/cm2/s/MeV
2019-07-23T20:01:55:  Intensity at 229581.822747338 MeV : 4.24069645263819e-17 (4.17799435112726e-17, 4.30339855414912e-17) ph/cm2/s/MeV
2019-07-23T20:01:55:  Intensity at 291113.603071291 MeV : 2.64149740216646e-17 (2.60615823941213e-17, 2.67683656492078e-17) ph/cm2/s/MeV
2019-07-23T20:01:55:  Intensity at 369136.932876502 MeV : 1.64528358869377e-17 (1.62538001928201e-17, 1.66518715810552e-17) ph/cm2/s/MeV
2019-07-23T20:01:55:  Intensity at 468071.824112259 MeV : 1.02471456853199e-17 (1.01346095057603e-17, 1.03596818648796e-17) ph/cm2/s/MeV
2019-07-23T20:01:55:  Intensity at 593522.926087366 MeV : 6.38159152427351e-18 (6.31725573434856e-18, 6.44592731419845e-18) ph/cm2/s/MeV
2019-07-23T20:01:55:  Intensity at 752597.028157849 MeV : 3.97383085440725e-18 (3.93629028885809e-18, 4.01137141995641e-18) ph/cm2/s/MeV
2019-07-23T20:01:55:  Intensity at 954305.65846188 MeV : 2.47418280133147e-18 (2.45161588480729e-18, 2.49674971785564e-18) ph/cm2/s/MeV
2019-07-23T20:01:55:  Intensity at 1210075.58587031 MeV : 1.5402126435248e-18 (1.52616732775636e-18, 1.55425795929324e-18) ph/cm2/s/MeV
2019-07-23T20:01:55:  Intensity at 1534396.14502492 MeV : 9.58597690151432e-19 (9.49568113785037e-19, 9.67627266517827e-19) ph/cm2/s/MeV
2019-07-23T20:01:55:  Intensity at 1945640.05534746 MeV : 5.96449782840129e-19 (5.90503851482643e-19, 6.02395714197615e-19) ph/cm2/s/MeV
2019-07-23T20:01:55:  Intensity at 2467104.23331454 MeV : 3.70989422904532e-19 (3.67020448719006e-19, 3.74958397090059e-19) ph/cm2/s/MeV
2019-07-23T20:01:55:  Intensity at 3128329.55988436 MeV : 2.30653017888379e-19 (2.27991305502797e-19, 2.33314730273961e-19) ph/cm2/s/MeV
2019-07-23T20:01:55:  Intensity at 3966774.36773649 MeV : 1.43322968339333e-19 (1.41540840703716e-19, 1.4510509597495e-19) ph/cm2/s/MeV
2019-07-23T20:01:55:  Intensity at 5029936.45116879 MeV : 8.89952658852121e-20 (8.78085599068406e-20, 9.01819718635836e-20) ph/cm2/s/MeV
2019-07-23T20:01:55:  Intensity at 6378043.81024912 MeV : 5.52116318003478e-20 (5.44272424577271e-20, 5.59960211429685e-20) ph/cm2/s/MeV
2019-07-23T20:01:55:  Intensity at 8087466.55954362 MeV : 3.4213932185115e-20 (3.36994664791598e-20, 3.47283978910702e-20) ph/cm2/s/MeV
2019-07-23T20:01:55:  Intensity at 10255043.285628 MeV : 2.11715403985672e-20 (2.08362386626357e-20, 2.15068421344986e-20) ph/cm2/s/MeV
2019-07-23T20:01:55:  Intensity at 13003566.9409974 MeV : 1.30771175222228e-20 (1.28591103677067e-20, 1.32951246767388e-20) ph/cm2/s/MeV
2019-07-23T20:01:55:  Intensity at 16488741.0495845 MeV : 8.05879283599757e-21 (7.91631398517385e-21, 8.20127168682129e-21) ph/cm2/s/MeV
2019-07-23T20:01:55:  Intensity at 20908000.2920645 MeV : 4.95174082797528e-21 (4.85701651787982e-21, 5.04646513807073e-21) ph/cm2/s/MeV
2019-07-23T20:01:55:  Intensity at 26511695.1560098 MeV : 3.03134505254893e-21 (2.96635897693987e-21, 3.09633112815798e-21) ph/cm2/s/MeV
2019-07-23T20:01:55:  Intensity at 33617274.2599379 MeV : 1.84701647879043e-21 (1.8005406708061e-21, 1.89349228677476e-21) ph/cm2/s/MeV
2019-07-23T20:01:55:  Intensity at 42627267.7781488 MeV : 1.11870810425968e-21 (1.08410348466648e-21, 1.15331272385289e-21) ph/cm2/s/MeV
2019-07-23T20:01:55:  Intensity at 54052090.7251378 MeV : 6.72480071137611e-22 (6.4598747665298e-22, 6.98972665622242e-22) ph/cm2/s/MeV
2019-07-23T20:01:55:  Intensity at 68538957.9028144 MeV : 4.00385805416327e-22 (3.79871779269525e-22, 4.20899831563129e-22) ph/cm2/s/MeV
2019-07-23T20:01:55:  Intensity at 86908548.5386981 MeV : 2.35504217835121e-22 (2.19666040519652e-22, 2.5134239515059e-22) ph/cm2/s/MeV
2019-07-23T20:01:55:  Intensity at 110201497.662297 MeV : 1.36403196123619e-22 (1.24339210427194e-22, 1.48467181820044e-22) ph/cm2/s/MeV
2019-07-23T20:01:55:  Intensity at 139737347.950364 MeV : 7.74750911431846e-23 (6.84811233014452e-23, 8.6469058984924e-23) ph/cm2/s/MeV
2019-07-23T20:01:55:  Intensity at 177189301.655759 MeV : 4.29275723159495e-23 (3.64099511380672e-23, 4.94451934938318e-23) ph/cm2/s/MeV
2019-07-23T20:01:55: 
2019-07-23T20:01:55: +========================+
2019-07-23T20:01:55: | Save Butterfly diagram |
2019-07-23T20:01:55: +========================+
2019-07-23T20:01:55:  Butterfly file ............: /cta/carli/CPPM_Internship/Simulations_and_Analyses/plus_constant_EDisp_South_z40_50h/source3c/butterfly_binned.ascii
2019-07-23T20:01:55: 
2019-07-23T20:01:55: Application "ctbutterfly" terminated after 32 wall clock seconds, consuming 32.96 seconds of CPU time.
