2019-07-25T10:47:30: ********************************************************************************
2019-07-25T10:47:30: *                                    cterror                                   *
2019-07-25T10:47:30: * ---------------------------------------------------------------------------- *
2019-07-25T10:47:30: * Version: 1.6.0                                                               *
2019-07-25T10:47:30: ********************************************************************************
2019-07-25T10:47:31: +============+
2019-07-25T10:47:31: | Parameters |
2019-07-25T10:47:31: +============+
2019-07-25T10:47:31:  inobs .....................: /cta/carli/CPPM_Internship/Simulations_and_Analyses/minus_step_AEff_South_z40_50h/source3b/obs_cube.fits
2019-07-25T10:47:31:  inmodel ...................: /cta/carli/CPPM_Internship/Simulations_and_Analyses/minus_step_AEff_South_z40_50h/source3b/obsmodel_binned.xml
2019-07-25T10:47:31:  srcname ...................: source3b
2019-07-25T10:47:31:  expcube ...................: /cta/carli/CPPM_Internship/Simulations_and_Analyses/minus_step_AEff_South_z40_50h/source3b/exposure_cube.fits
2019-07-25T10:47:31:  psfcube ...................: /cta/carli/CPPM_Internship/Simulations_and_Analyses/minus_step_AEff_South_z40_50h/source3b/PSF_cube.fits
2019-07-25T10:47:31:  edispcube .................: /cta/carli/CPPM_Internship/Simulations_and_Analyses/minus_step_AEff_South_z40_50h/source3b/edisp_cube.fits
2019-07-25T10:47:31:  bkgcube ...................: /cta/carli/CPPM_Internship/Simulations_and_Analyses/minus_step_AEff_South_z40_50h/source3b/background_cube.fits
2019-07-25T10:47:31:  caldb .....................: prod3b-v2
2019-07-25T10:47:31:  irf .......................: minus_step_AEff_South_z40_50h
2019-07-25T10:47:31:  edisp .....................: yes
2019-07-25T10:47:31:  outmodel ..................: 
2019-07-25T10:47:31:  confidence ................: 0.68
2019-07-25T10:47:31:  tol .......................: 1e-3
2019-07-25T10:47:31:  statistic .................: DEFAULT
2019-07-25T10:47:31:  like_accuracy .............: 0.005
2019-07-25T10:47:31:  max_iter ..................: 50
2019-07-25T10:47:31:  nthreads ..................: 0
2019-07-25T10:47:31:  chatter ...................: 4
2019-07-25T10:47:31:  clobber ...................: yes
2019-07-25T10:47:31:  debug .....................: no
2019-07-25T10:47:31:  mode ......................: ql
2019-07-25T10:47:31:  logfile ...................: cterror68.log
2019-07-25T10:47:31: 
2019-07-25T10:47:31: +===================+
2019-07-25T10:47:31: | Input observation |
2019-07-25T10:47:31: +===================+
2019-07-25T10:47:31: === GObservations ===
2019-07-25T10:47:31:  Number of observations ....: 1
2019-07-25T10:47:31:  Number of models ..........: 2
2019-07-25T10:47:31:  Number of observed events .: 314802
2019-07-25T10:47:31:  Number of predicted events : 0
2019-07-25T10:47:31: === GCTAObservation ===
2019-07-25T10:47:31:  Name ......................: 
2019-07-25T10:47:31:  Identifier ................: 000001
2019-07-25T10:47:31:  Instrument ................: CTA
2019-07-25T10:47:31:  Event file ................: /cta/carli/CPPM_Internship/Simulations_and_Analyses/minus_step_AEff_South_z40_50h/source3b/obs_cube.fits
2019-07-25T10:47:31:  Event type ................: CountsCube
2019-07-25T10:47:31:  Statistic .................: cstat
2019-07-25T10:47:31:  Ontime ....................: 144000 s
2019-07-25T10:47:31:  Livetime ..................: 141120 s
2019-07-25T10:47:31:  Deadtime correction .......: 0.98
2019-07-25T10:47:31:  User energy range .........: undefined
2019-07-25T10:47:31: === GCTAPointing ===
2019-07-25T10:47:31:  Pointing direction ........: (RA,Dec)=(84.1331,22.0145)
2019-07-25T10:47:31: === GCTAResponseCube ===
2019-07-25T10:47:31:  Energy dispersion .........: Used
2019-07-25T10:47:31: === GCTACubeExposure ===
2019-07-25T10:47:31:  Filename ..................: /cta/carli/CPPM_Internship/Simulations_and_Analyses/minus_step_AEff_South_z40_50h/source3b/exposure_cube.fits
2019-07-25T10:47:31:  Livetime ..................: 141120 sec
2019-07-25T10:47:31: === GEnergies ===
2019-07-25T10:47:31:  Number of energies ........: 33
2019-07-25T10:47:31: === GGti ===
2019-07-25T10:47:31:  Number of intervals .......: 1
2019-07-25T10:47:31:  Ontime ....................: 144000 sec
2019-07-25T10:47:31:  Elapsed time ..............: 144000 sec
2019-07-25T10:47:31:  MJD range .................: 51544.5 - 51546.1666666667 s (TT)
2019-07-25T10:47:31:  UTC range .................: 2000-01-01T11:58:56 - 2000-01-03T03:58:56 s (TT)
2019-07-25T10:47:31:  Reference MJD .............: 51544.5
2019-07-25T10:47:31: === GSkyMap ===
2019-07-25T10:47:31:  Number of pixels ..........: 6400
2019-07-25T10:47:31:  X axis dimension ..........: 80
2019-07-25T10:47:31:  Y axis dimension ..........: 80
2019-07-25T10:47:31:  Number of maps ............: 33
2019-07-25T10:47:31:  Shape of maps .............: (33)
2019-07-25T10:47:31: === GCTACubePsf ===
2019-07-25T10:47:31:  Filename ..................: /cta/carli/CPPM_Internship/Simulations_and_Analyses/minus_step_AEff_South_z40_50h/source3b/PSF_cube.fits
2019-07-25T10:47:31: === GEnergies ===
2019-07-25T10:47:31:  Number of energies ........: 33
2019-07-25T10:47:31:  Number of delta bins ......: 200
2019-07-25T10:47:31:  Delta range ...............: 1.875e-06 - 0.298501875 deg
2019-07-25T10:47:31: === GSkyMap ===
2019-07-25T10:47:31:  Number of pixels ..........: 1
2019-07-25T10:47:31:  X axis dimension ..........: 1
2019-07-25T10:47:31:  Y axis dimension ..........: 1
2019-07-25T10:47:31:  Number of maps ............: 6600
2019-07-25T10:47:31:  Shape of maps .............: (200, 33)
2019-07-25T10:47:31: === GCTACubeEdisp ===
2019-07-25T10:47:31:  Filename ..................: /cta/carli/CPPM_Internship/Simulations_and_Analyses/minus_step_AEff_South_z40_50h/source3b/edisp_cube.fits
2019-07-25T10:47:31: === GEnergies ===
2019-07-25T10:47:31:  Number of energies ........: 33
2019-07-25T10:47:31:  Number of migra bins ......: 100
2019-07-25T10:47:31:  Migra range ...............: 0.02 - 2
2019-07-25T10:47:31: === GSkyMap ===
2019-07-25T10:47:31:  Number of pixels ..........: 1
2019-07-25T10:47:31:  X axis dimension ..........: 1
2019-07-25T10:47:31:  Y axis dimension ..........: 1
2019-07-25T10:47:31:  Number of maps ............: 3300
2019-07-25T10:47:31:  Shape of maps .............: (100, 33)
2019-07-25T10:47:31: === GCTACubeBackground ===
2019-07-25T10:47:31:  Filename ..................: /cta/carli/CPPM_Internship/Simulations_and_Analyses/minus_step_AEff_South_z40_50h/source3b/background_cube.fits
2019-07-25T10:47:31: === GEbounds ===
2019-07-25T10:47:31:  Number of intervals .......: 32
2019-07-25T10:47:31:  Energy range ..............: 100 GeV - 199.526229858398 TeV
2019-07-25T10:47:31: === GSkyMap ===
2019-07-25T10:47:31:  Number of pixels ..........: 6400
2019-07-25T10:47:31:  X axis dimension ..........: 80
2019-07-25T10:47:31:  Y axis dimension ..........: 80
2019-07-25T10:47:31:  Number of maps ............: 32
2019-07-25T10:47:31:  Shape of maps .............: (32)
2019-07-25T10:47:31: === GCTAResponseCache ===
2019-07-25T10:47:31:  Number of cached values ...: 0
2019-07-25T10:47:31: === GCTAEventCube ===
2019-07-25T10:47:31:  Number of events ..........: 314802
2019-07-25T10:47:31:  Number of elements ........: 204800
2019-07-25T10:47:31:  Number of pixels ..........: 6400
2019-07-25T10:47:31:  Number of energy bins .....: 32
2019-07-25T10:47:31:  Time interval .............: 51544.5 - 51546.1666666667 days
2019-07-25T10:47:31:  Pointing ..................: (RA,Dec)=(84.1331,22.0145)
2019-07-25T10:47:31: === GEbounds ===
2019-07-25T10:47:31:  Number of intervals .......: 32
2019-07-25T10:47:31:  Energy range ..............: 100 GeV - 199.526229858398 TeV
2019-07-25T10:47:31: === GSkyMap ===
2019-07-25T10:47:31:  Number of pixels ..........: 6400
2019-07-25T10:47:31:  X axis dimension ..........: 80
2019-07-25T10:47:31:  Y axis dimension ..........: 80
2019-07-25T10:47:31:  Number of maps ............: 32
2019-07-25T10:47:31:  Shape of maps .............: (32)
2019-07-25T10:47:31: === GSkyRegions ===
2019-07-25T10:47:31:  Number of regions .........: 0
2019-07-25T10:47:31: === GModels ===
2019-07-25T10:47:31:  Number of models ..........: 2
2019-07-25T10:47:31:  Number of parameters ......: 11
2019-07-25T10:47:31: === GModelSky ===
2019-07-25T10:47:31:  Name ......................: source3b
2019-07-25T10:47:31:  Instruments ...............: all
2019-07-25T10:47:31:  Test Statistic ............: 41385.691
2019-07-25T10:47:31:  Observation identifiers ...: all
2019-07-25T10:47:31:  Model type ................: PointSource
2019-07-25T10:47:31:  Model components ..........: "PointSource" * "ExponentialCutoffPowerLaw" * "Constant"
2019-07-25T10:47:31:  Number of parameters ......: 7
2019-07-25T10:47:31:  Number of spatial par's ...: 2
2019-07-25T10:47:31:   RA .......................: 83.6331 [-360,360] deg (fixed,scale=1)
2019-07-25T10:47:31:   DEC ......................: 22.0145 [-90,90] deg (fixed,scale=1)
2019-07-25T10:47:31:  Number of spectral par's ..: 4
2019-07-25T10:47:31:   Prefactor ................: 1.50767252881975e-18 [1e-25,1e-15] ph/cm2/s/MeV (fixed,scale=1e-18,gradient)
2019-07-25T10:47:31:   Index ....................: -2.00245183557414 [-0,-5]  (fixed,scale=-1,gradient)
2019-07-25T10:47:31:   CutoffEnergy .............: 506489650.340353 +/- 323938488.427397 [1000000,100000000000] MeV (free,scale=100000000,gradient)
2019-07-25T10:47:31:   PivotEnergy ..............: 1000000 [10000,1000000000] MeV (fixed,scale=1000000,gradient)
2019-07-25T10:47:31:  Number of temporal par's ..: 1
2019-07-25T10:47:31:   Normalization ............: 1 (relative value) (fixed,scale=1,gradient)
2019-07-25T10:47:31:  Number of scale par's .....: 0
2019-07-25T10:47:31: === GCTAModelCubeBackground ===
2019-07-25T10:47:31:  Name ......................: BackgroundModel
2019-07-25T10:47:31:  Instruments ...............: CTA, HESS, MAGIC, VERITAS
2019-07-25T10:47:31:  Observation identifiers ...: all
2019-07-25T10:47:31:  Model type ................: "PowerLaw" * "Constant"
2019-07-25T10:47:31:  Number of parameters ......: 4
2019-07-25T10:47:31:  Number of spectral par's ..: 3
2019-07-25T10:47:31:   Prefactor ................: 0.993030295808999 [0.01,100] ph/cm2/s/MeV (fixed,scale=1,gradient)
2019-07-25T10:47:31:   Index ....................: -0.00358877383824397 [-5,5]  (fixed,scale=1,gradient)
2019-07-25T10:47:31:   PivotEnergy ..............: 1000000 MeV (fixed,scale=1000000,gradient)
2019-07-25T10:47:31:  Number of temporal par's ..: 1
2019-07-25T10:47:31:   Normalization ............: 1 (relative value) (fixed,scale=1,gradient)
2019-07-25T10:47:31: 
2019-07-25T10:47:31: +=============================+
2019-07-25T10:47:31: | Compute best-fit likelihood |
2019-07-25T10:47:31: +=============================+
2019-07-25T10:49:00: === GOptimizerLM ===
2019-07-25T10:49:00:  Optimized function value ..: -319317.826
2019-07-25T10:49:00:  Absolute precision ........: 0.005
2019-07-25T10:49:00:  Acceptable value decrease .: 2
2019-07-25T10:49:00:  Optimization status .......: converged
2019-07-25T10:49:00:  Number of parameters ......: 11
2019-07-25T10:49:00:  Number of free parameters .: 1
2019-07-25T10:49:00:  Number of iterations ......: 1
2019-07-25T10:49:00:  Lambda ....................: 0.0001
2019-07-25T10:49:00:  Maximum log likelihood ....: -319317.826
2019-07-25T10:49:00: === GModels ===
2019-07-25T10:49:00:  Number of models ..........: 2
2019-07-25T10:49:00:  Number of parameters ......: 11
2019-07-25T10:49:00: === GModelSky ===
2019-07-25T10:49:00:  Name ......................: source3b
2019-07-25T10:49:00:  Instruments ...............: all
2019-07-25T10:49:00:  Test Statistic ............: 41385.691
2019-07-25T10:49:00:  Observation identifiers ...: all
2019-07-25T10:49:00:  Model type ................: PointSource
2019-07-25T10:49:00:  Model components ..........: "PointSource" * "ExponentialCutoffPowerLaw" * "Constant"
2019-07-25T10:49:00:  Number of parameters ......: 7
2019-07-25T10:49:00:  Number of spatial par's ...: 2
2019-07-25T10:49:00:   RA .......................: 83.6331 [-360,360] deg (fixed,scale=1)
2019-07-25T10:49:00:   DEC ......................: 22.0145 [-90,90] deg (fixed,scale=1)
2019-07-25T10:49:00:  Number of spectral par's ..: 4
2019-07-25T10:49:00:   Prefactor ................: 1.50767252881975e-18 [1e-25,1e-15] ph/cm2/s/MeV (fixed,scale=1e-18,gradient)
2019-07-25T10:49:00:   Index ....................: -2.00245183557414 [-0,-5]  (fixed,scale=-1,gradient)
2019-07-25T10:49:00:   CutoffEnergy .............: 506659461.806588 +/- 224002557.49968 [1000000,100000000000] MeV (free,scale=100000000,gradient)
2019-07-25T10:49:00:   PivotEnergy ..............: 1000000 [10000,1000000000] MeV (fixed,scale=1000000,gradient)
2019-07-25T10:49:00:  Number of temporal par's ..: 1
2019-07-25T10:49:00:   Normalization ............: 1 (relative value) (fixed,scale=1,gradient)
2019-07-25T10:49:00:  Number of scale par's .....: 0
2019-07-25T10:49:00: === GCTAModelCubeBackground ===
2019-07-25T10:49:00:  Name ......................: BackgroundModel
2019-07-25T10:49:00:  Instruments ...............: CTA, HESS, MAGIC, VERITAS
2019-07-25T10:49:00:  Observation identifiers ...: all
2019-07-25T10:49:00:  Model type ................: "PowerLaw" * "Constant"
2019-07-25T10:49:00:  Number of parameters ......: 4
2019-07-25T10:49:00:  Number of spectral par's ..: 3
2019-07-25T10:49:00:   Prefactor ................: 0.993030295808999 [0.01,100] ph/cm2/s/MeV (fixed,scale=1,gradient)
2019-07-25T10:49:00:   Index ....................: -0.00358877383824397 [-5,5]  (fixed,scale=1,gradient)
2019-07-25T10:49:00:   PivotEnergy ..............: 1000000 MeV (fixed,scale=1000000,gradient)
2019-07-25T10:49:00:  Number of temporal par's ..: 1
2019-07-25T10:49:00:   Normalization ............: 1 (relative value) (fixed,scale=1,gradient)
2019-07-25T10:49:00: 
2019-07-25T10:49:00: +==============================================================+
2019-07-25T10:49:00: | Compute error for source "source3b" parameter "CutoffEnergy" |
2019-07-25T10:49:00: +==============================================================+
2019-07-25T10:49:00:  Confidence level ..........: 68 %
2019-07-25T10:49:00:  Log-likelihood difference .: 0.494473
2019-07-25T10:49:00:  Initial factor range ......: [0.01, 27.4668503680338]
2019-07-25T10:49:11:    Iteration 1 .............: [0.01, 5.06659461806588]
2019-07-25T10:49:21:    Iteration 2 .............: [2.53829730903294, 5.06659461806588]
2019-07-25T10:49:31:    Iteration 3 .............: [2.53829730903294, 3.80244596354941]
2019-07-25T10:49:42:    Iteration 4 .............: [3.17037163629118, 3.80244596354941]
2019-07-25T10:49:52:    Iteration 5 .............: [3.4864087999203, 3.80244596354941]
2019-07-25T10:50:02:    Iteration 6 .............: [3.4864087999203, 3.64442738173485]
2019-07-25T10:50:13:    Iteration 7 .............: [3.4864087999203, 3.56541809082758]
2019-07-25T10:50:23:    Iteration 8 .............: [3.4864087999203, 3.52591344537394]
2019-07-25T10:50:33:    Iteration 9 .............: [3.50616112264712, 3.52591344537394]
2019-07-25T10:50:43:    Iteration 10 ............: [3.50616112264712, 3.51603728401053]
2019-07-25T10:50:54:    Iteration 11 ............: [3.51109920332882, 3.51603728401053]
2019-07-25T10:51:04:    Iteration 12 ............: [3.51356824366967, 3.51603728401053]
2019-07-25T10:51:14:    Iteration 1 .............: [5.06659461806588, 27.4668503680338]
2019-07-25T10:51:25:    Iteration 2 .............: [5.06659461806588, 16.2667224930499]
2019-07-25T10:51:35:    Iteration 3 .............: [5.06659461806588, 10.6666585555579]
2019-07-25T10:51:46:    Iteration 4 .............: [7.86662658681188, 10.6666585555579]
2019-07-25T10:51:57:    Iteration 5 .............: [7.86662658681188, 9.26664257118488]
2019-07-25T10:52:07:    Iteration 6 .............: [8.56663457899838, 9.26664257118488]
2019-07-25T10:52:07:  Lower parameter factor ....: 3.5148
2019-07-25T10:52:07:  Upper parameter factor ....: 8.91664
2019-07-25T10:52:07:  Error from curvature ......: 224002557.49968 MeV
2019-07-25T10:52:07:  Error from profile ........: 270091790.562576 MeV
2019-07-25T10:52:07:  Negative profile error ....: 155179185.422578 MeV
2019-07-25T10:52:07:  Positive profile error ....: 385004395.702574 MeV
2019-07-25T10:52:07: 
2019-07-25T10:52:07: +==============+
2019-07-25T10:52:07: | Save results |
2019-07-25T10:52:07: +==============+
2019-07-25T10:52:07:  Model definition file .....: NONE
2019-07-25T10:52:07: 
2019-07-25T10:52:07: Application "cterror" terminated after 277 wall clock seconds, consuming 336.53 seconds of CPU time.
