2019-07-22T12:12:24: ********************************************************************************
2019-07-22T12:12:24: *                                   ctskymap                                   *
2019-07-22T12:12:24: * ---------------------------------------------------------------------------- *
2019-07-22T12:12:24: * Version: 1.6.0                                                               *
2019-07-22T12:12:24: ********************************************************************************
2019-07-22T12:12:24: +============+
2019-07-22T12:12:24: | Parameters |
2019-07-22T12:12:24: +============+
2019-07-22T12:12:24:  inobs .....................: /cta/carli/CPPM_Internship/Simulations_and_Analyses/minus_step_AEff_South_z40_50h/source3b/obs.fits
2019-07-22T12:12:24:  caldb .....................: prod3b-v2
2019-07-22T12:12:24:  irf .......................: minus_step_AEff_South_z40_50h
2019-07-22T12:12:24:  inmap .....................: NONE
2019-07-22T12:12:24:  outmap ....................: /cta/carli/CPPM_Internship/Simulations_and_Analyses/minus_step_AEff_South_z40_50h/source3b/skymap.fits
2019-07-22T12:12:24:  emin ......................: 0.1
2019-07-22T12:12:24:  emax ......................: 199.526229858398
2019-07-22T12:12:24:  usepnt ....................: yes
2019-07-22T12:12:24:  nxpix .....................: 80
2019-07-22T12:12:24:  nypix .....................: 80
2019-07-22T12:12:24:  binsz .....................: 0.02
2019-07-22T12:12:24:  coordsys ..................: CEL
2019-07-22T12:12:24:  proj ......................: CAR
2019-07-22T12:12:24:  xref ......................: [not queried]
2019-07-22T12:12:24:  yref ......................: [not queried]
2019-07-22T12:12:24:  bkgsubtract ...............: NONE
2019-07-22T12:12:24:  roiradius .................: [not queried]
2019-07-22T12:12:24:  inradius ..................: [not queried]
2019-07-22T12:12:24:  outradius .................: [not queried]
2019-07-22T12:12:24:  iterations ................: [not queried]
2019-07-22T12:12:24:  threshold .................: [not queried]
2019-07-22T12:12:24:  inexclusion ...............: NONE
2019-07-22T12:12:24:  usefft ....................: yes
2019-07-22T12:12:24:  publish ...................: no
2019-07-22T12:12:24:  chatter ...................: 4
2019-07-22T12:12:24:  clobber ...................: yes
2019-07-22T12:12:24:  debug .....................: no
2019-07-22T12:12:24:  mode ......................: ql
2019-07-22T12:12:24:  logfile ...................: ctskymap.log
2019-07-22T12:12:24: 
2019-07-22T12:12:24: +===================+
2019-07-22T12:12:24: | Input observation |
2019-07-22T12:12:24: +===================+
2019-07-22T12:12:24: === GObservations ===
2019-07-22T12:12:24:  Number of observations ....: 1
2019-07-22T12:12:24:  Number of models ..........: 0
2019-07-22T12:12:24:  Number of observed events .: 314804
2019-07-22T12:12:24:  Number of predicted events : 0
2019-07-22T12:12:24: === GCTAObservation ===
2019-07-22T12:12:24:  Name ......................: 
2019-07-22T12:12:24:  Identifier ................: 000001
2019-07-22T12:12:24:  Instrument ................: CTA
2019-07-22T12:12:24:  Event file ................: /cta/carli/CPPM_Internship/Simulations_and_Analyses/minus_step_AEff_South_z40_50h/source3b/obs.fits
2019-07-22T12:12:24:  Event type ................: EventList
2019-07-22T12:12:24:  Statistic .................: cstat
2019-07-22T12:12:24:  Ontime ....................: 144000 s
2019-07-22T12:12:24:  Livetime ..................: 141120 s
2019-07-22T12:12:24:  Deadtime correction .......: 0.98
2019-07-22T12:12:24:  User energy range .........: undefined
2019-07-22T12:12:24: === GCTAPointing ===
2019-07-22T12:12:24:  Pointing direction ........: (RA,Dec)=(84.1331,22.0145)
2019-07-22T12:12:24:  Response function .........: undefined
2019-07-22T12:12:24: === GCTAEventList ===
2019-07-22T12:12:24:  Number of events ..........: 314804 (disposed in "/cta/carli/CPPM_Internship/Simulations_and_Analyses/minus_step_AEff_South_z40_50h/source3b/obs.fits")
2019-07-22T12:12:24:  Time interval .............: 51544.5 - 51546.1666666667 days
2019-07-22T12:12:24: === GEbounds ===
2019-07-22T12:12:24:  Number of intervals .......: 1
2019-07-22T12:12:24:  Energy range ..............: 100 GeV - 199.526229858398 TeV
2019-07-22T12:12:24: === GCTARoi ===
2019-07-22T12:12:24:  RoI centre ................: RA=84.1331, DEC=22.0145 [0,0]
2019-07-22T12:12:24:  RoI radius ................: 0.8 deg
2019-07-22T12:12:24: === GSkyRegions ===
2019-07-22T12:12:24:  Number of regions .........: 0
2019-07-22T12:12:24: === GModels ===
2019-07-22T12:12:24:  Number of models ..........: 0
2019-07-22T12:12:24:  Number of parameters ......: 0
2019-07-22T12:12:24: 
2019-07-22T12:12:24: +===========================+
2019-07-22T12:12:24: | Find unbinned observation |
2019-07-22T12:12:24: +===========================+
2019-07-22T12:12:24: === CTA observation (id=000001) ===
2019-07-22T12:12:24:  Including unbinned CTA observation
2019-07-22T12:12:24: 
2019-07-22T12:12:24: +===========================+
2019-07-22T12:12:24: | Fill map from observation |
2019-07-22T12:12:24: +===========================+
2019-07-22T12:12:24: === CTA observation (id=000001) ===
2019-07-22T12:12:24:  Events in list ............: 314804
2019-07-22T12:12:24:  Events in map .............: 314803
2019-07-22T12:12:24:  Events outside RoI ........: 1
2019-07-22T12:12:24:  Events outside map area ...: 0
2019-07-22T12:12:24:  Events outside energies ...: 0
2019-07-22T12:12:24: 
2019-07-22T12:12:24: +=========+
2019-07-22T12:12:24: | Sky map |
2019-07-22T12:12:24: +=========+
2019-07-22T12:12:24: === GSkyMap ===
2019-07-22T12:12:24:  Number of pixels ..........: 6400
2019-07-22T12:12:24:  X axis dimension ..........: 80
2019-07-22T12:12:24:  Y axis dimension ..........: 80
2019-07-22T12:12:24:  Number of maps ............: 1
2019-07-22T12:12:24:  Shape of maps .............: (1)
2019-07-22T12:12:24: === GWcsCAR ===
2019-07-22T12:12:24:  Number of axes ............: 2
2019-07-22T12:12:24:  Longitude axis ............: 0
2019-07-22T12:12:24:  Latitude axis .............: 1
2019-07-22T12:12:24:  Spectral axis .............: -1
2019-07-22T12:12:24:  Coodinate system ..........: EQU
2019-07-22T12:12:24:  Projection code ...........: CAR
2019-07-22T12:12:24:  Projection name ...........: plate carree
2019-07-22T12:12:24:  Radius of the gen. sphere .: 57.2957795130823 deg
2019-07-22T12:12:24:  Reference coordinate ......: (84.1331, 22.0145)
2019-07-22T12:12:24:  Reference pixel ...........: (40.5, 40.5)
2019-07-22T12:12:24:  Increment at reference ....: (-0.02, 0.02)
2019-07-22T12:12:24:  (Phi_0, Theta_0) ..........: (0, 0) deg
2019-07-22T12:12:24:  (Phi_p, Theta_p) ..........: (0, 67.9855) deg
2019-07-22T12:12:24:  LATPOLE keyword usage .....: Required to select between two valid solutions of Theta_p.
2019-07-22T12:12:24:  Reference vector (m_ref) ..: (84.1331, 22.0145, 0, 67.9855) deg
2019-07-22T12:12:24:  Euler angles ..............: (264.1331 deg, 22.0145 deg, 0 deg, 0.927089022159083, 0.374841226377402)
2019-07-22T12:12:24:  Latitude preserved ........: False
2019-07-22T12:12:24:  Unity PC matrix ...........: True
2019-07-22T12:12:24:  Pixel-to-image trafo ......: ()
2019-07-22T12:12:24:  Image-to-pixel trafo ......: ()
2019-07-22T12:12:24:  Strict bounds checking ....: True
2019-07-22T12:12:24:  Use fiducial offset .......: False
2019-07-22T12:12:24:  Fiducial offset ...........: (0, 0)
2019-07-22T12:12:24:  Rest frequency ............: UNDEFINED
2019-07-22T12:12:24:  Rest wavelength ...........: UNDEFINED
2019-07-22T12:12:24: 
2019-07-22T12:12:24: +==============+
2019-07-22T12:12:24: | Compute maps |
2019-07-22T12:12:24: +==============+
2019-07-22T12:12:24: 
2019-07-22T12:12:24: +==============+
2019-07-22T12:12:24: | Save sky map |
2019-07-22T12:12:24: +==============+
2019-07-22T12:12:24:  Sky map file ..............: /cta/carli/CPPM_Internship/Simulations_and_Analyses/minus_step_AEff_South_z40_50h/source3b/skymap.fits
2019-07-22T12:12:24: 
2019-07-22T12:12:24: Application "ctskymap" terminated after 0 wall clock seconds, consuming 0.88 seconds of CPU time. This was rather quick!
