2019-07-23T14:22:12: ********************************************************************************
2019-07-23T14:22:12: *                                   ctskymap                                   *
2019-07-23T14:22:12: * ---------------------------------------------------------------------------- *
2019-07-23T14:22:12: * Version: 1.6.0                                                               *
2019-07-23T14:22:12: ********************************************************************************
2019-07-23T14:22:12: +============+
2019-07-23T14:22:12: | Parameters |
2019-07-23T14:22:12: +============+
2019-07-23T14:22:12:  inobs .....................: /cta/carli/CPPM_Internship/Simulations_and_Analyses/plus_gradient_EDisp_South_z40_50h/source3a/obs.fits
2019-07-23T14:22:12:  caldb .....................: prod3b-v2
2019-07-23T14:22:12:  irf .......................: plus_gradient_EDisp_South_z40_50h
2019-07-23T14:22:12:  inmap .....................: NONE
2019-07-23T14:22:12:  outmap ....................: /cta/carli/CPPM_Internship/Simulations_and_Analyses/plus_gradient_EDisp_South_z40_50h/source3a/skymap.fits
2019-07-23T14:22:12:  emin ......................: 0.1
2019-07-23T14:22:12:  emax ......................: 199.526229858398
2019-07-23T14:22:12:  usepnt ....................: yes
2019-07-23T14:22:12:  nxpix .....................: 80
2019-07-23T14:22:12:  nypix .....................: 80
2019-07-23T14:22:12:  binsz .....................: 0.02
2019-07-23T14:22:12:  coordsys ..................: CEL
2019-07-23T14:22:12:  proj ......................: CAR
2019-07-23T14:22:12:  xref ......................: [not queried]
2019-07-23T14:22:12:  yref ......................: [not queried]
2019-07-23T14:22:12:  bkgsubtract ...............: NONE
2019-07-23T14:22:12:  roiradius .................: [not queried]
2019-07-23T14:22:12:  inradius ..................: [not queried]
2019-07-23T14:22:12:  outradius .................: [not queried]
2019-07-23T14:22:12:  iterations ................: [not queried]
2019-07-23T14:22:12:  threshold .................: [not queried]
2019-07-23T14:22:12:  inexclusion ...............: NONE
2019-07-23T14:22:12:  usefft ....................: yes
2019-07-23T14:22:12:  publish ...................: no
2019-07-23T14:22:12:  chatter ...................: 4
2019-07-23T14:22:12:  clobber ...................: yes
2019-07-23T14:22:12:  debug .....................: no
2019-07-23T14:22:12:  mode ......................: ql
2019-07-23T14:22:12:  logfile ...................: ctskymap.log
2019-07-23T14:22:12: 
2019-07-23T14:22:12: +===================+
2019-07-23T14:22:12: | Input observation |
2019-07-23T14:22:12: +===================+
2019-07-23T14:22:12: === GObservations ===
2019-07-23T14:22:12:  Number of observations ....: 1
2019-07-23T14:22:12:  Number of models ..........: 0
2019-07-23T14:22:12:  Number of observed events .: 309335
2019-07-23T14:22:12:  Number of predicted events : 0
2019-07-23T14:22:12: === GCTAObservation ===
2019-07-23T14:22:12:  Name ......................: 
2019-07-23T14:22:12:  Identifier ................: 000001
2019-07-23T14:22:12:  Instrument ................: CTA
2019-07-23T14:22:12:  Event file ................: /cta/carli/CPPM_Internship/Simulations_and_Analyses/plus_gradient_EDisp_South_z40_50h/source3a/obs.fits
2019-07-23T14:22:12:  Event type ................: EventList
2019-07-23T14:22:12:  Statistic .................: cstat
2019-07-23T14:22:12:  Ontime ....................: 144000 s
2019-07-23T14:22:12:  Livetime ..................: 141120 s
2019-07-23T14:22:12:  Deadtime correction .......: 0.98
2019-07-23T14:22:12:  User energy range .........: undefined
2019-07-23T14:22:12: === GCTAPointing ===
2019-07-23T14:22:12:  Pointing direction ........: (RA,Dec)=(84.1331,22.0145)
2019-07-23T14:22:12:  Response function .........: undefined
2019-07-23T14:22:12: === GCTAEventList ===
2019-07-23T14:22:12:  Number of events ..........: 309335 (disposed in "/cta/carli/CPPM_Internship/Simulations_and_Analyses/plus_gradient_EDisp_South_z40_50h/source3a/obs.fits")
2019-07-23T14:22:12:  Time interval .............: 51544.5 - 51546.1666666667 days
2019-07-23T14:22:12: === GEbounds ===
2019-07-23T14:22:12:  Number of intervals .......: 1
2019-07-23T14:22:12:  Energy range ..............: 100 GeV - 199.526229858398 TeV
2019-07-23T14:22:12: === GCTARoi ===
2019-07-23T14:22:12:  RoI centre ................: RA=84.1331, DEC=22.0145 [0,0]
2019-07-23T14:22:12:  RoI radius ................: 0.8 deg
2019-07-23T14:22:12: === GSkyRegions ===
2019-07-23T14:22:12:  Number of regions .........: 0
2019-07-23T14:22:12: === GModels ===
2019-07-23T14:22:12:  Number of models ..........: 0
2019-07-23T14:22:12:  Number of parameters ......: 0
2019-07-23T14:22:12: 
2019-07-23T14:22:12: +===========================+
2019-07-23T14:22:12: | Find unbinned observation |
2019-07-23T14:22:12: +===========================+
2019-07-23T14:22:12: === CTA observation (id=000001) ===
2019-07-23T14:22:12:  Including unbinned CTA observation
2019-07-23T14:22:12: 
2019-07-23T14:22:12: +===========================+
2019-07-23T14:22:12: | Fill map from observation |
2019-07-23T14:22:12: +===========================+
2019-07-23T14:22:12: === CTA observation (id=000001) ===
2019-07-23T14:22:12:  Events in list ............: 309335
2019-07-23T14:22:12:  Events in map .............: 289474
2019-07-23T14:22:12:  Events outside RoI ........: 1
2019-07-23T14:22:12:  Events outside map area ...: 0
2019-07-23T14:22:12:  Events outside energies ...: 19860
2019-07-23T14:22:12: 
2019-07-23T14:22:12: +=========+
2019-07-23T14:22:12: | Sky map |
2019-07-23T14:22:12: +=========+
2019-07-23T14:22:12: === GSkyMap ===
2019-07-23T14:22:12:  Number of pixels ..........: 6400
2019-07-23T14:22:12:  X axis dimension ..........: 80
2019-07-23T14:22:12:  Y axis dimension ..........: 80
2019-07-23T14:22:12:  Number of maps ............: 1
2019-07-23T14:22:12:  Shape of maps .............: (1)
2019-07-23T14:22:12: === GWcsCAR ===
2019-07-23T14:22:12:  Number of axes ............: 2
2019-07-23T14:22:12:  Longitude axis ............: 0
2019-07-23T14:22:12:  Latitude axis .............: 1
2019-07-23T14:22:12:  Spectral axis .............: -1
2019-07-23T14:22:12:  Coodinate system ..........: EQU
2019-07-23T14:22:12:  Projection code ...........: CAR
2019-07-23T14:22:12:  Projection name ...........: plate carree
2019-07-23T14:22:12:  Radius of the gen. sphere .: 57.2957795130823 deg
2019-07-23T14:22:12:  Reference coordinate ......: (84.1331, 22.0145)
2019-07-23T14:22:12:  Reference pixel ...........: (40.5, 40.5)
2019-07-23T14:22:12:  Increment at reference ....: (-0.02, 0.02)
2019-07-23T14:22:12:  (Phi_0, Theta_0) ..........: (0, 0) deg
2019-07-23T14:22:12:  (Phi_p, Theta_p) ..........: (0, 67.9855) deg
2019-07-23T14:22:12:  LATPOLE keyword usage .....: Required to select between two valid solutions of Theta_p.
2019-07-23T14:22:12:  Reference vector (m_ref) ..: (84.1331, 22.0145, 0, 67.9855) deg
2019-07-23T14:22:12:  Euler angles ..............: (264.1331 deg, 22.0145 deg, 0 deg, 0.927089022159083, 0.374841226377402)
2019-07-23T14:22:12:  Latitude preserved ........: False
2019-07-23T14:22:12:  Unity PC matrix ...........: True
2019-07-23T14:22:12:  Pixel-to-image trafo ......: ()
2019-07-23T14:22:12:  Image-to-pixel trafo ......: ()
2019-07-23T14:22:12:  Strict bounds checking ....: True
2019-07-23T14:22:12:  Use fiducial offset .......: False
2019-07-23T14:22:12:  Fiducial offset ...........: (0, 0)
2019-07-23T14:22:12:  Rest frequency ............: UNDEFINED
2019-07-23T14:22:12:  Rest wavelength ...........: UNDEFINED
2019-07-23T14:22:12: 
2019-07-23T14:22:12: +==============+
2019-07-23T14:22:12: | Compute maps |
2019-07-23T14:22:12: +==============+
2019-07-23T14:22:12: 
2019-07-23T14:22:12: +==============+
2019-07-23T14:22:12: | Save sky map |
2019-07-23T14:22:12: +==============+
2019-07-23T14:22:12:  Sky map file ..............: /cta/carli/CPPM_Internship/Simulations_and_Analyses/plus_gradient_EDisp_South_z40_50h/source3a/skymap.fits
2019-07-23T14:22:12: 
2019-07-23T14:22:12: Application "ctskymap" terminated after 0 wall clock seconds, consuming 0.81 seconds of CPU time. This was rather quick!
