2019-07-25T09:55:18: ********************************************************************************
2019-07-25T09:55:18: *                                    cterror                                   *
2019-07-25T09:55:18: * ---------------------------------------------------------------------------- *
2019-07-25T09:55:18: * Version: 1.6.0                                                               *
2019-07-25T09:55:18: ********************************************************************************
2019-07-25T09:55:19: +============+
2019-07-25T09:55:19: | Parameters |
2019-07-25T09:55:19: +============+
2019-07-25T09:55:19:  inobs .....................: /cta/carli/CPPM_Internship/Simulations_and_Analyses/minus_step_AEff_South_z40_50h/source2d/obs_cube.fits
2019-07-25T09:55:19:  inmodel ...................: /cta/carli/CPPM_Internship/Simulations_and_Analyses/minus_step_AEff_South_z40_50h/source2d/obsmodel_binned.xml
2019-07-25T09:55:19:  srcname ...................: source2d
2019-07-25T09:55:19:  expcube ...................: /cta/carli/CPPM_Internship/Simulations_and_Analyses/minus_step_AEff_South_z40_50h/source2d/exposure_cube.fits
2019-07-25T09:55:19:  psfcube ...................: /cta/carli/CPPM_Internship/Simulations_and_Analyses/minus_step_AEff_South_z40_50h/source2d/PSF_cube.fits
2019-07-25T09:55:19:  edispcube .................: /cta/carli/CPPM_Internship/Simulations_and_Analyses/minus_step_AEff_South_z40_50h/source2d/edisp_cube.fits
2019-07-25T09:55:19:  bkgcube ...................: /cta/carli/CPPM_Internship/Simulations_and_Analyses/minus_step_AEff_South_z40_50h/source2d/background_cube.fits
2019-07-25T09:55:19:  caldb .....................: prod3b-v2
2019-07-25T09:55:19:  irf .......................: minus_step_AEff_South_z40_50h
2019-07-25T09:55:19:  edisp .....................: yes
2019-07-25T09:55:19:  outmodel ..................: 
2019-07-25T09:55:19:  confidence ................: 0.68
2019-07-25T09:55:19:  tol .......................: 1e-3
2019-07-25T09:55:19:  statistic .................: DEFAULT
2019-07-25T09:55:19:  like_accuracy .............: 0.005
2019-07-25T09:55:19:  max_iter ..................: 50
2019-07-25T09:55:19:  nthreads ..................: 0
2019-07-25T09:55:19:  chatter ...................: 4
2019-07-25T09:55:19:  clobber ...................: yes
2019-07-25T09:55:19:  debug .....................: no
2019-07-25T09:55:19:  mode ......................: ql
2019-07-25T09:55:19:  logfile ...................: cterror68.log
2019-07-25T09:55:19: 
2019-07-25T09:55:19: +===================+
2019-07-25T09:55:19: | Input observation |
2019-07-25T09:55:19: +===================+
2019-07-25T09:55:19: === GObservations ===
2019-07-25T09:55:19:  Number of observations ....: 1
2019-07-25T09:55:19:  Number of models ..........: 2
2019-07-25T09:55:19:  Number of observed events .: 325189
2019-07-25T09:55:19:  Number of predicted events : 0
2019-07-25T09:55:19: === GCTAObservation ===
2019-07-25T09:55:19:  Name ......................: 
2019-07-25T09:55:19:  Identifier ................: 000001
2019-07-25T09:55:19:  Instrument ................: CTA
2019-07-25T09:55:19:  Event file ................: /cta/carli/CPPM_Internship/Simulations_and_Analyses/minus_step_AEff_South_z40_50h/source2d/obs_cube.fits
2019-07-25T09:55:19:  Event type ................: CountsCube
2019-07-25T09:55:19:  Statistic .................: cstat
2019-07-25T09:55:19:  Ontime ....................: 144000 s
2019-07-25T09:55:19:  Livetime ..................: 141120 s
2019-07-25T09:55:19:  Deadtime correction .......: 0.98
2019-07-25T09:55:19:  User energy range .........: undefined
2019-07-25T09:55:19: === GCTAPointing ===
2019-07-25T09:55:19:  Pointing direction ........: (RA,Dec)=(84.1331,22.0145)
2019-07-25T09:55:19: === GCTAResponseCube ===
2019-07-25T09:55:19:  Energy dispersion .........: Used
2019-07-25T09:55:19: === GCTACubeExposure ===
2019-07-25T09:55:19:  Filename ..................: /cta/carli/CPPM_Internship/Simulations_and_Analyses/minus_step_AEff_South_z40_50h/source2d/exposure_cube.fits
2019-07-25T09:55:19:  Livetime ..................: 141120 sec
2019-07-25T09:55:19: === GEnergies ===
2019-07-25T09:55:19:  Number of energies ........: 33
2019-07-25T09:55:19: === GGti ===
2019-07-25T09:55:19:  Number of intervals .......: 1
2019-07-25T09:55:19:  Ontime ....................: 144000 sec
2019-07-25T09:55:19:  Elapsed time ..............: 144000 sec
2019-07-25T09:55:19:  MJD range .................: 51544.5 - 51546.1666666667 s (TT)
2019-07-25T09:55:19:  UTC range .................: 2000-01-01T11:58:56 - 2000-01-03T03:58:56 s (TT)
2019-07-25T09:55:19:  Reference MJD .............: 51544.5
2019-07-25T09:55:19: === GSkyMap ===
2019-07-25T09:55:19:  Number of pixels ..........: 6400
2019-07-25T09:55:19:  X axis dimension ..........: 80
2019-07-25T09:55:19:  Y axis dimension ..........: 80
2019-07-25T09:55:19:  Number of maps ............: 33
2019-07-25T09:55:19:  Shape of maps .............: (33)
2019-07-25T09:55:19: === GCTACubePsf ===
2019-07-25T09:55:19:  Filename ..................: /cta/carli/CPPM_Internship/Simulations_and_Analyses/minus_step_AEff_South_z40_50h/source2d/PSF_cube.fits
2019-07-25T09:55:19: === GEnergies ===
2019-07-25T09:55:19:  Number of energies ........: 33
2019-07-25T09:55:19:  Number of delta bins ......: 200
2019-07-25T09:55:19:  Delta range ...............: 1.875e-06 - 0.298501875 deg
2019-07-25T09:55:19: === GSkyMap ===
2019-07-25T09:55:19:  Number of pixels ..........: 1
2019-07-25T09:55:19:  X axis dimension ..........: 1
2019-07-25T09:55:19:  Y axis dimension ..........: 1
2019-07-25T09:55:19:  Number of maps ............: 6600
2019-07-25T09:55:19:  Shape of maps .............: (200, 33)
2019-07-25T09:55:19: === GCTACubeEdisp ===
2019-07-25T09:55:19:  Filename ..................: /cta/carli/CPPM_Internship/Simulations_and_Analyses/minus_step_AEff_South_z40_50h/source2d/edisp_cube.fits
2019-07-25T09:55:19: === GEnergies ===
2019-07-25T09:55:19:  Number of energies ........: 33
2019-07-25T09:55:19:  Number of migra bins ......: 100
2019-07-25T09:55:19:  Migra range ...............: 0.02 - 2
2019-07-25T09:55:19: === GSkyMap ===
2019-07-25T09:55:19:  Number of pixels ..........: 1
2019-07-25T09:55:19:  X axis dimension ..........: 1
2019-07-25T09:55:19:  Y axis dimension ..........: 1
2019-07-25T09:55:19:  Number of maps ............: 3300
2019-07-25T09:55:19:  Shape of maps .............: (100, 33)
2019-07-25T09:55:19: === GCTACubeBackground ===
2019-07-25T09:55:19:  Filename ..................: /cta/carli/CPPM_Internship/Simulations_and_Analyses/minus_step_AEff_South_z40_50h/source2d/background_cube.fits
2019-07-25T09:55:19: === GEbounds ===
2019-07-25T09:55:19:  Number of intervals .......: 32
2019-07-25T09:55:19:  Energy range ..............: 100 GeV - 199.526229858398 TeV
2019-07-25T09:55:19: === GSkyMap ===
2019-07-25T09:55:19:  Number of pixels ..........: 6400
2019-07-25T09:55:19:  X axis dimension ..........: 80
2019-07-25T09:55:19:  Y axis dimension ..........: 80
2019-07-25T09:55:19:  Number of maps ............: 32
2019-07-25T09:55:19:  Shape of maps .............: (32)
2019-07-25T09:55:19: === GCTAResponseCache ===
2019-07-25T09:55:19:  Number of cached values ...: 0
2019-07-25T09:55:19: === GCTAEventCube ===
2019-07-25T09:55:19:  Number of events ..........: 325189
2019-07-25T09:55:19:  Number of elements ........: 204800
2019-07-25T09:55:19:  Number of pixels ..........: 6400
2019-07-25T09:55:19:  Number of energy bins .....: 32
2019-07-25T09:55:19:  Time interval .............: 51544.5 - 51546.1666666667 days
2019-07-25T09:55:19:  Pointing ..................: (RA,Dec)=(84.1331,22.0145)
2019-07-25T09:55:19: === GEbounds ===
2019-07-25T09:55:19:  Number of intervals .......: 32
2019-07-25T09:55:19:  Energy range ..............: 100 GeV - 199.526229858398 TeV
2019-07-25T09:55:19: === GSkyMap ===
2019-07-25T09:55:19:  Number of pixels ..........: 6400
2019-07-25T09:55:19:  X axis dimension ..........: 80
2019-07-25T09:55:19:  Y axis dimension ..........: 80
2019-07-25T09:55:19:  Number of maps ............: 32
2019-07-25T09:55:19:  Shape of maps .............: (32)
2019-07-25T09:55:19: === GSkyRegions ===
2019-07-25T09:55:19:  Number of regions .........: 0
2019-07-25T09:55:19: === GModels ===
2019-07-25T09:55:19:  Number of models ..........: 2
2019-07-25T09:55:19:  Number of parameters ......: 11
2019-07-25T09:55:19: === GModelSky ===
2019-07-25T09:55:19:  Name ......................: source2d
2019-07-25T09:55:19:  Instruments ...............: all
2019-07-25T09:55:19:  Test Statistic ............: 94593.769
2019-07-25T09:55:19:  Observation identifiers ...: all
2019-07-25T09:55:19:  Model type ................: PointSource
2019-07-25T09:55:19:  Model components ..........: "PointSource" * "ExponentialCutoffPowerLaw" * "Constant"
2019-07-25T09:55:19:  Number of parameters ......: 7
2019-07-25T09:55:19:  Number of spatial par's ...: 2
2019-07-25T09:55:19:   RA .......................: 83.6331 [-360,360] deg (fixed,scale=1)
2019-07-25T09:55:19:   DEC ......................: 22.0145 [-90,90] deg (fixed,scale=1)
2019-07-25T09:55:19:  Number of spectral par's ..: 4
2019-07-25T09:55:19:   Prefactor ................: 3.01745311337208e-18 [1e-25,1e-15] ph/cm2/s/MeV (fixed,scale=1e-18,gradient)
2019-07-25T09:55:19:   Index ....................: -1.99205589203564 [-0,-5]  (fixed,scale=-1,gradient)
2019-07-25T09:55:19:   CutoffEnergy .............: 105165600.291397 +/- 11935110.6520344 [1000000,100000000000] MeV (free,scale=100000000,gradient)
2019-07-25T09:55:19:   PivotEnergy ..............: 1000000 [10000,1000000000] MeV (fixed,scale=1000000,gradient)
2019-07-25T09:55:19:  Number of temporal par's ..: 1
2019-07-25T09:55:19:   Normalization ............: 1 (relative value) (fixed,scale=1,gradient)
2019-07-25T09:55:19:  Number of scale par's .....: 0
2019-07-25T09:55:19: === GCTAModelCubeBackground ===
2019-07-25T09:55:19:  Name ......................: BackgroundModel
2019-07-25T09:55:19:  Instruments ...............: CTA, HESS, MAGIC, VERITAS
2019-07-25T09:55:19:  Observation identifiers ...: all
2019-07-25T09:55:19:  Model type ................: "PowerLaw" * "Constant"
2019-07-25T09:55:19:  Number of parameters ......: 4
2019-07-25T09:55:19:  Number of spectral par's ..: 3
2019-07-25T09:55:19:   Prefactor ................: 0.992997725246757 [0.01,100] ph/cm2/s/MeV (fixed,scale=1,gradient)
2019-07-25T09:55:19:   Index ....................: -0.00353932746388193 [-5,5]  (fixed,scale=1,gradient)
2019-07-25T09:55:19:   PivotEnergy ..............: 1000000 MeV (fixed,scale=1000000,gradient)
2019-07-25T09:55:19:  Number of temporal par's ..: 1
2019-07-25T09:55:19:   Normalization ............: 1 (relative value) (fixed,scale=1,gradient)
2019-07-25T09:55:19: 
2019-07-25T09:55:19: +=============================+
2019-07-25T09:55:19: | Compute best-fit likelihood |
2019-07-25T09:55:19: +=============================+
2019-07-25T09:56:50: === GOptimizerLM ===
2019-07-25T09:56:50:  Optimized function value ..: -348649.020
2019-07-25T09:56:50:  Absolute precision ........: 0.005
2019-07-25T09:56:50:  Acceptable value decrease .: 2
2019-07-25T09:56:50:  Optimization status .......: converged
2019-07-25T09:56:50:  Number of parameters ......: 11
2019-07-25T09:56:50:  Number of free parameters .: 1
2019-07-25T09:56:50:  Number of iterations ......: 1
2019-07-25T09:56:50:  Lambda ....................: 0.0001
2019-07-25T09:56:50:  Maximum log likelihood ....: -348649.020
2019-07-25T09:56:50: === GModels ===
2019-07-25T09:56:50:  Number of models ..........: 2
2019-07-25T09:56:50:  Number of parameters ......: 11
2019-07-25T09:56:50: === GModelSky ===
2019-07-25T09:56:50:  Name ......................: source2d
2019-07-25T09:56:50:  Instruments ...............: all
2019-07-25T09:56:50:  Test Statistic ............: 94593.769
2019-07-25T09:56:50:  Observation identifiers ...: all
2019-07-25T09:56:50:  Model type ................: PointSource
2019-07-25T09:56:50:  Model components ..........: "PointSource" * "ExponentialCutoffPowerLaw" * "Constant"
2019-07-25T09:56:50:  Number of parameters ......: 7
2019-07-25T09:56:50:  Number of spatial par's ...: 2
2019-07-25T09:56:50:   RA .......................: 83.6331 [-360,360] deg (fixed,scale=1)
2019-07-25T09:56:50:   DEC ......................: 22.0145 [-90,90] deg (fixed,scale=1)
2019-07-25T09:56:50:  Number of spectral par's ..: 4
2019-07-25T09:56:50:   Prefactor ................: 3.01745311337208e-18 [1e-25,1e-15] ph/cm2/s/MeV (fixed,scale=1e-18,gradient)
2019-07-25T09:56:50:   Index ....................: -1.99205589203564 [-0,-5]  (fixed,scale=-1,gradient)
2019-07-25T09:56:50:   CutoffEnergy .............: 105174503.262237 +/- 8409152.82097398 [1000000,100000000000] MeV (free,scale=100000000,gradient)
2019-07-25T09:56:50:   PivotEnergy ..............: 1000000 [10000,1000000000] MeV (fixed,scale=1000000,gradient)
2019-07-25T09:56:50:  Number of temporal par's ..: 1
2019-07-25T09:56:50:   Normalization ............: 1 (relative value) (fixed,scale=1,gradient)
2019-07-25T09:56:50:  Number of scale par's .....: 0
2019-07-25T09:56:50: === GCTAModelCubeBackground ===
2019-07-25T09:56:50:  Name ......................: BackgroundModel
2019-07-25T09:56:50:  Instruments ...............: CTA, HESS, MAGIC, VERITAS
2019-07-25T09:56:50:  Observation identifiers ...: all
2019-07-25T09:56:50:  Model type ................: "PowerLaw" * "Constant"
2019-07-25T09:56:50:  Number of parameters ......: 4
2019-07-25T09:56:50:  Number of spectral par's ..: 3
2019-07-25T09:56:50:   Prefactor ................: 0.992997725246757 [0.01,100] ph/cm2/s/MeV (fixed,scale=1,gradient)
2019-07-25T09:56:50:   Index ....................: -0.00353932746388193 [-5,5]  (fixed,scale=1,gradient)
2019-07-25T09:56:50:   PivotEnergy ..............: 1000000 MeV (fixed,scale=1000000,gradient)
2019-07-25T09:56:50:  Number of temporal par's ..: 1
2019-07-25T09:56:50:   Normalization ............: 1 (relative value) (fixed,scale=1,gradient)
2019-07-25T09:56:50: 
2019-07-25T09:56:50: +==============================================================+
2019-07-25T09:56:50: | Compute error for source "source2d" parameter "CutoffEnergy" |
2019-07-25T09:56:50: +==============================================================+
2019-07-25T09:56:50:  Confidence level ..........: 68 %
2019-07-25T09:56:50:  Log-likelihood difference .: 0.494473
2019-07-25T09:56:50:  Initial factor range ......: [0.210829750524971, 1.89266031471977]
2019-07-25T09:57:01:    Iteration 1 .............: [0.210829750524971, 1.05174503262237]
2019-07-25T09:57:11:    Iteration 2 .............: [0.63128739157367, 1.05174503262237]
2019-07-25T09:57:21:    Iteration 3 .............: [0.841516212098019, 1.05174503262237]
2019-07-25T09:57:31:    Iteration 4 .............: [0.946630622360194, 1.05174503262237]
2019-07-25T09:57:41:    Iteration 5 .............: [0.946630622360194, 0.999187827491281]
2019-07-25T09:57:51:    Iteration 6 .............: [0.946630622360194, 0.972909224925737]
2019-07-25T09:58:01:    Iteration 7 .............: [0.959769923642966, 0.972909224925737]
2019-07-25T09:58:11:    Iteration 8 .............: [0.966339574284351, 0.972909224925737]
2019-07-25T09:58:21:    Iteration 9 .............: [0.969624399605044, 0.972909224925737]
2019-07-25T09:58:32:    Iteration 1 .............: [1.05174503262237, 1.89266031471977]
2019-07-25T09:58:43:    Iteration 2 .............: [1.05174503262237, 1.47220267367107]
2019-07-25T09:58:53:    Iteration 3 .............: [1.05174503262237, 1.26197385314672]
2019-07-25T09:59:04:    Iteration 4 .............: [1.05174503262237, 1.15685944288454]
2019-07-25T09:59:14:    Iteration 5 .............: [1.10430223775346, 1.15685944288454]
2019-07-25T09:59:24:    Iteration 6 .............: [1.130580840319, 1.15685944288454]
2019-07-25T09:59:34:    Iteration 7 .............: [1.14372014160177, 1.15685944288454]
2019-07-25T09:59:44:    Iteration 8 .............: [1.14372014160177, 1.15028979224316]
2019-07-25T09:59:55:    Iteration 9 .............: [1.14372014160177, 1.14700496692246]
2019-07-25T10:00:05:    Iteration 10 ............: [1.14372014160177, 1.14536255426212]
2019-07-25T10:00:16:    Iteration 11 ............: [1.14454134793194, 1.14536255426212]
2019-07-25T10:00:16:  Lower parameter factor ....: 0.971267
2019-07-25T10:00:16:  Upper parameter factor ....: 1.14495
2019-07-25T10:00:16:  Error from curvature ......: 8409152.82097398 MeV
2019-07-25T10:00:16:  Error from profile ........: 8684256.94158201 MeV
2019-07-25T10:00:16:  Negative profile error ....: 8047822.03569776 MeV
2019-07-25T10:00:16:  Positive profile error ....: 9320691.84746627 MeV
2019-07-25T10:00:16: 
2019-07-25T10:00:16: +==============+
2019-07-25T10:00:16: | Save results |
2019-07-25T10:00:16: +==============+
2019-07-25T10:00:16:  Model definition file .....: NONE
2019-07-25T10:00:16: 
2019-07-25T10:00:16: Application "cterror" terminated after 298 wall clock seconds, consuming 355.38 seconds of CPU time.
