2019-07-22T16:09:48: ********************************************************************************
2019-07-22T16:09:48: *                                    ctlike                                    *
2019-07-22T16:09:48: * ---------------------------------------------------------------------------- *
2019-07-22T16:09:48: * Version: 1.6.0                                                               *
2019-07-22T16:09:48: ********************************************************************************
2019-07-22T16:09:48: +============+
2019-07-22T16:09:48: | Parameters |
2019-07-22T16:09:48: +============+
2019-07-22T16:09:48:  inobs .....................: /cta/carli/CPPM_Internship/Simulations_and_Analyses/minus_step_AEff_South_z40_50h/source2d/obs_cube.fits
2019-07-22T16:09:48:  inmodel ...................: sourcemodel_cube.xml
2019-07-22T16:09:48:  expcube ...................: /cta/carli/CPPM_Internship/Simulations_and_Analyses/minus_step_AEff_South_z40_50h/source2d/exposure_cube.fits
2019-07-22T16:09:48:  psfcube ...................: /cta/carli/CPPM_Internship/Simulations_and_Analyses/minus_step_AEff_South_z40_50h/source2d/PSF_cube.fits
2019-07-22T16:09:48:  edispcube .................: /cta/carli/CPPM_Internship/Simulations_and_Analyses/minus_step_AEff_South_z40_50h/source2d/edisp_cube.fits
2019-07-22T16:09:48:  bkgcube ...................: /cta/carli/CPPM_Internship/Simulations_and_Analyses/minus_step_AEff_South_z40_50h/source2d/background_cube.fits
2019-07-22T16:09:48:  caldb .....................: prod3b-v2
2019-07-22T16:09:48:  irf .......................: minus_step_AEff_South_z40_50h
2019-07-22T16:09:48:  edisp .....................: yes
2019-07-22T16:09:48:  outmodel ..................: /cta/carli/CPPM_Internship/Simulations_and_Analyses/minus_step_AEff_South_z40_50h/source2d/obsmodel_binned.xml
2019-07-22T16:09:48:  outcovmat .................: NONE
2019-07-22T16:09:48:  statistic .................: DEFAULT
2019-07-22T16:09:48:  refit .....................: no
2019-07-22T16:09:48:  like_accuracy .............: 0.005
2019-07-22T16:09:48:  max_iter ..................: 50
2019-07-22T16:09:48:  fix_spat_for_ts ...........: no
2019-07-22T16:09:48:  nthreads ..................: 0
2019-07-22T16:09:48:  chatter ...................: 4
2019-07-22T16:09:48:  clobber ...................: yes
2019-07-22T16:09:48:  debug .....................: no
2019-07-22T16:09:48:  mode ......................: ql
2019-07-22T16:09:48:  logfile ...................: ctlike.log
2019-07-22T16:09:48: 
2019-07-22T16:09:48: +===================+
2019-07-22T16:09:48: | Input observation |
2019-07-22T16:09:48: +===================+
2019-07-22T16:09:48: === GObservations ===
2019-07-22T16:09:48:  Number of observations ....: 1
2019-07-22T16:09:48:  Number of models ..........: 2
2019-07-22T16:09:48:  Number of observed events .: 325189
2019-07-22T16:09:48:  Number of predicted events : 0
2019-07-22T16:09:48: === GCTAObservation ===
2019-07-22T16:09:48:  Name ......................: 
2019-07-22T16:09:48:  Identifier ................: 000001
2019-07-22T16:09:48:  Instrument ................: CTA
2019-07-22T16:09:48:  Event file ................: /cta/carli/CPPM_Internship/Simulations_and_Analyses/minus_step_AEff_South_z40_50h/source2d/obs_cube.fits
2019-07-22T16:09:48:  Event type ................: CountsCube
2019-07-22T16:09:48:  Statistic .................: cstat
2019-07-22T16:09:48:  Ontime ....................: 144000 s
2019-07-22T16:09:48:  Livetime ..................: 141120 s
2019-07-22T16:09:48:  Deadtime correction .......: 0.98
2019-07-22T16:09:48:  User energy range .........: undefined
2019-07-22T16:09:48: === GCTAPointing ===
2019-07-22T16:09:48:  Pointing direction ........: (RA,Dec)=(84.1331,22.0145)
2019-07-22T16:09:48: === GCTAResponseCube ===
2019-07-22T16:09:48:  Energy dispersion .........: Used
2019-07-22T16:09:48: === GCTACubeExposure ===
2019-07-22T16:09:48:  Filename ..................: /cta/carli/CPPM_Internship/Simulations_and_Analyses/minus_step_AEff_South_z40_50h/source2d/exposure_cube.fits
2019-07-22T16:09:48:  Livetime ..................: 141120 sec
2019-07-22T16:09:48: === GEnergies ===
2019-07-22T16:09:48:  Number of energies ........: 33
2019-07-22T16:09:48: === GGti ===
2019-07-22T16:09:48:  Number of intervals .......: 1
2019-07-22T16:09:48:  Ontime ....................: 144000 sec
2019-07-22T16:09:48:  Elapsed time ..............: 144000 sec
2019-07-22T16:09:48:  MJD range .................: 51544.5 - 51546.1666666667 s (TT)
2019-07-22T16:09:48:  UTC range .................: 2000-01-01T11:58:56 - 2000-01-03T03:58:56 s (TT)
2019-07-22T16:09:48:  Reference MJD .............: 51544.5
2019-07-22T16:09:48: === GSkyMap ===
2019-07-22T16:09:48:  Number of pixels ..........: 6400
2019-07-22T16:09:48:  X axis dimension ..........: 80
2019-07-22T16:09:48:  Y axis dimension ..........: 80
2019-07-22T16:09:48:  Number of maps ............: 33
2019-07-22T16:09:48:  Shape of maps .............: (33)
2019-07-22T16:09:48: === GCTACubePsf ===
2019-07-22T16:09:48:  Filename ..................: /cta/carli/CPPM_Internship/Simulations_and_Analyses/minus_step_AEff_South_z40_50h/source2d/PSF_cube.fits
2019-07-22T16:09:48: === GEnergies ===
2019-07-22T16:09:48:  Number of energies ........: 33
2019-07-22T16:09:48:  Number of delta bins ......: 200
2019-07-22T16:09:48:  Delta range ...............: 1.875e-06 - 0.298501875 deg
2019-07-22T16:09:48: === GSkyMap ===
2019-07-22T16:09:48:  Number of pixels ..........: 1
2019-07-22T16:09:48:  X axis dimension ..........: 1
2019-07-22T16:09:48:  Y axis dimension ..........: 1
2019-07-22T16:09:48:  Number of maps ............: 6600
2019-07-22T16:09:48:  Shape of maps .............: (200, 33)
2019-07-22T16:09:48: === GCTACubeEdisp ===
2019-07-22T16:09:48:  Filename ..................: /cta/carli/CPPM_Internship/Simulations_and_Analyses/minus_step_AEff_South_z40_50h/source2d/edisp_cube.fits
2019-07-22T16:09:48: === GEnergies ===
2019-07-22T16:09:48:  Number of energies ........: 33
2019-07-22T16:09:48:  Number of migra bins ......: 100
2019-07-22T16:09:48:  Migra range ...............: 0.02 - 2
2019-07-22T16:09:48: === GSkyMap ===
2019-07-22T16:09:48:  Number of pixels ..........: 1
2019-07-22T16:09:48:  X axis dimension ..........: 1
2019-07-22T16:09:48:  Y axis dimension ..........: 1
2019-07-22T16:09:48:  Number of maps ............: 3300
2019-07-22T16:09:48:  Shape of maps .............: (100, 33)
2019-07-22T16:09:48: === GCTACubeBackground ===
2019-07-22T16:09:48:  Filename ..................: /cta/carli/CPPM_Internship/Simulations_and_Analyses/minus_step_AEff_South_z40_50h/source2d/background_cube.fits
2019-07-22T16:09:48: === GEbounds ===
2019-07-22T16:09:48:  Number of intervals .......: 32
2019-07-22T16:09:48:  Energy range ..............: 100 GeV - 199.526229858398 TeV
2019-07-22T16:09:48: === GSkyMap ===
2019-07-22T16:09:48:  Number of pixels ..........: 6400
2019-07-22T16:09:48:  X axis dimension ..........: 80
2019-07-22T16:09:48:  Y axis dimension ..........: 80
2019-07-22T16:09:48:  Number of maps ............: 32
2019-07-22T16:09:48:  Shape of maps .............: (32)
2019-07-22T16:09:48: === GCTAResponseCache ===
2019-07-22T16:09:48:  Number of cached values ...: 0
2019-07-22T16:09:48: === GCTAEventCube ===
2019-07-22T16:09:48:  Number of events ..........: 325189
2019-07-22T16:09:48:  Number of elements ........: 204800
2019-07-22T16:09:48:  Number of pixels ..........: 6400
2019-07-22T16:09:48:  Number of energy bins .....: 32
2019-07-22T16:09:48:  Time interval .............: 51544.5 - 51546.1666666667 days
2019-07-22T16:09:48:  Pointing ..................: (RA,Dec)=(84.1331,22.0145)
2019-07-22T16:09:48: === GEbounds ===
2019-07-22T16:09:48:  Number of intervals .......: 32
2019-07-22T16:09:48:  Energy range ..............: 100 GeV - 199.526229858398 TeV
2019-07-22T16:09:48: === GSkyMap ===
2019-07-22T16:09:48:  Number of pixels ..........: 6400
2019-07-22T16:09:48:  X axis dimension ..........: 80
2019-07-22T16:09:48:  Y axis dimension ..........: 80
2019-07-22T16:09:48:  Number of maps ............: 32
2019-07-22T16:09:48:  Shape of maps .............: (32)
2019-07-22T16:09:48: === GSkyRegions ===
2019-07-22T16:09:48:  Number of regions .........: 0
2019-07-22T16:09:48: === GModels ===
2019-07-22T16:09:48:  Number of models ..........: 2
2019-07-22T16:09:48:  Number of parameters ......: 11
2019-07-22T16:09:48: === GModelSky ===
2019-07-22T16:09:48:  Name ......................: source2d
2019-07-22T16:09:48:  Instruments ...............: all
2019-07-22T16:09:48:  Test Statistic ............: Computation requested
2019-07-22T16:09:48:  Observation identifiers ...: all
2019-07-22T16:09:48:  Model type ................: PointSource
2019-07-22T16:09:48:  Model components ..........: "PointSource" * "ExponentialCutoffPowerLaw" * "Constant"
2019-07-22T16:09:48:  Number of parameters ......: 7
2019-07-22T16:09:48:  Number of spatial par's ...: 2
2019-07-22T16:09:48:   RA .......................: 83.6331 [-360,360] deg (fixed,scale=1)
2019-07-22T16:09:48:   DEC ......................: 22.0145 [-90,90] deg (fixed,scale=1)
2019-07-22T16:09:48:  Number of spectral par's ..: 4
2019-07-22T16:09:48:   Prefactor ................: 3.04e-18 +/- 0 [1e-25,1e-15] ph/cm2/s/MeV (free,scale=1e-18,gradient)
2019-07-22T16:09:48:   Index ....................: -2 +/- 0 [-0,-5]  (free,scale=-1,gradient)
2019-07-22T16:09:48:   CutoffEnergy .............: 100000000 +/- 0 [1000000,100000000000] MeV (free,scale=100000000,gradient)
2019-07-22T16:09:48:   PivotEnergy ..............: 1000000 [10000,1000000000] MeV (fixed,scale=1000000,gradient)
2019-07-22T16:09:48:  Number of temporal par's ..: 1
2019-07-22T16:09:48:   Normalization ............: 1 (relative value) (fixed,scale=1,gradient)
2019-07-22T16:09:48:  Number of scale par's .....: 0
2019-07-22T16:09:48: === GCTAModelCubeBackground ===
2019-07-22T16:09:48:  Name ......................: BackgroundModel
2019-07-22T16:09:48:  Instruments ...............: CTA, HESS, MAGIC, VERITAS
2019-07-22T16:09:48:  Observation identifiers ...: all
2019-07-22T16:09:48:  Model type ................: "PowerLaw" * "Constant"
2019-07-22T16:09:48:  Number of parameters ......: 4
2019-07-22T16:09:48:  Number of spectral par's ..: 3
2019-07-22T16:09:48:   Prefactor ................: 1 +/- 0 [0.01,100] ph/cm2/s/MeV (free,scale=1,gradient)
2019-07-22T16:09:48:   Index ....................: 0 +/- 0 [-5,5]  (free,scale=1,gradient)
2019-07-22T16:09:48:   PivotEnergy ..............: 1000000 MeV (fixed,scale=1000000,gradient)
2019-07-22T16:09:48:  Number of temporal par's ..: 1
2019-07-22T16:09:48:   Normalization ............: 1 (relative value) (fixed,scale=1,gradient)
2019-07-22T16:09:48: 
2019-07-22T16:09:48: +=================================+
2019-07-22T16:09:48: | Maximum likelihood optimisation |
2019-07-22T16:09:48: +=================================+
2019-07-22T16:10:20:  >Iteration   0: -logL=-348645.762, Lambda=1.0e-03
2019-07-22T16:10:49:  >Iteration   1: -logL=-348649.014, Lambda=1.0e-03, delta=3.251, step=1.0e+00, max(|grad|)=17.398351 [Index:8]
2019-07-22T16:11:18:  >Iteration   2: -logL=-348649.020, Lambda=1.0e-04, delta=0.006, step=1.0e+00, max(|grad|)=0.459207 [Index:3]
2019-07-22T16:11:47:  >Iteration   3: -logL=-348649.020, Lambda=1.0e-05, delta=0.000, step=1.0e+00, max(|grad|)=0.032365 [Index:3]
2019-07-22T16:11:47:  
2019-07-22T16:11:47:  +==================+
2019-07-22T16:11:47:  | Curvature matrix |
2019-07-22T16:11:47:  +==================+
2019-07-22T16:11:47:  === GMatrixSparse ===
2019-07-22T16:11:47:   Number of rows ............: 11
2019-07-22T16:11:47:   Number of columns .........: 11
2019-07-22T16:11:47:   Number of nonzero elements : 25
2019-07-22T16:11:47:   Number of allocated cells .: 537
2019-07-22T16:11:47:   Memory block size .........: 512
2019-07-22T16:11:47:   Sparse matrix fill ........: 0.206611570247934
2019-07-22T16:11:47:   Pending element ...........: 0
2019-07-22T16:11:47:   Fill stack size ...........: 0 (none)
2019-07-22T16:11:47:   0, 0, 0, 0, 0, 0, 0, 0, 0, 0, 0
2019-07-22T16:11:47:   0, 0, 0, 0, 0, 0, 0, 0, 0, 0, 0
2019-07-22T16:11:47:   0, 0, 1876.14562296078, -1282.54184189595, 195.087336725709, 0, 0, 1440.87766116866, -2164.95860383743, 0, 0
2019-07-22T16:11:47:   0, 0, -1282.54184189594, 34727.4669580131, -1445.59582918528, 0, 0, 6650.89747566885, -12175.2240955075, 0, 0
2019-07-22T16:11:47:   0, 0, 195.087336725709, -1445.59582918528, 141.462754634473, 0, 0, 13.9734904239914, -1.58270430772251, 0, 0
2019-07-22T16:11:47:   0, 0, 0, 0, 0, 0, 0, 0, 0, 0, 0
2019-07-22T16:11:47:   0, 0, 0, 0, 0, 0, 0, 0, 0, 0, 0
2019-07-22T16:11:47:   0, 0, 1440.87766116866, 6650.89747566885, 13.9734904239914, 0, 0, 301917.391027492, -472050.22474159, 0, 0
2019-07-22T16:11:47:   0, 0, -2164.95860383743, -12175.2240955075, -1.58270430772248, 0, 0, -472050.224741589, 888924.071308485, 0, 0
2019-07-22T16:11:47:   0, 0, 0, 0, 0, 0, 0, 0, 0, 0, 0
2019-07-22T16:11:47:   0, 0, 0, 0, 0, 0, 0, 0, 0, 0, 0
2019-07-22T16:12:16: 
2019-07-22T16:12:16: +====================================+
2019-07-22T16:12:16: | Maximum likelihood re-optimisation |
2019-07-22T16:12:16: +====================================+
2019-07-22T16:12:17:  >Iteration   0: -logL=-297925.934, Lambda=1.0e-03
2019-07-22T16:12:17:  >Iteration   1: -logL=-300928.091, Lambda=1.0e-03, delta=3002.158, step=1.0e+00, max(|grad|)=-9119.308495 [Prefactor:0]
2019-07-22T16:12:18:  >Iteration   2: -logL=-301341.150, Lambda=1.0e-04, delta=413.059, step=1.0e+00, max(|grad|)=-1253.886725 [Prefactor:0]
2019-07-22T16:12:18:  >Iteration   3: -logL=-301352.047, Lambda=1.0e-05, delta=10.898, step=1.0e+00, max(|grad|)=-118.140359 [Index:1]
2019-07-22T16:12:19:  >Iteration   4: -logL=-301352.134, Lambda=1.0e-06, delta=0.087, step=1.0e+00, max(|grad|)=-19.012303 [Index:1]
2019-07-22T16:12:20:  >Iteration   5: -logL=-301352.135, Lambda=1.0e-07, delta=0.001, step=1.0e+00, max(|grad|)=-1.983241 [Index:1]
2019-07-22T16:12:20: 
2019-07-22T16:12:20: +============================================+
2019-07-22T16:12:20: | Maximum likelihood re-optimisation results |
2019-07-22T16:12:20: +============================================+
2019-07-22T16:12:20: === GOptimizerLM ===
2019-07-22T16:12:20:  Optimized function value ..: -301352.135
2019-07-22T16:12:20:  Absolute precision ........: 0.005
2019-07-22T16:12:20:  Acceptable value decrease .: 2
2019-07-22T16:12:20:  Optimization status .......: converged
2019-07-22T16:12:20:  Number of parameters ......: 4
2019-07-22T16:12:20:  Number of free parameters .: 2
2019-07-22T16:12:20:  Number of iterations ......: 5
2019-07-22T16:12:20:  Lambda ....................: 1e-08
2019-07-22T16:12:20: 
2019-07-22T16:12:20: +=========================================+
2019-07-22T16:12:20: | Maximum likelihood optimisation results |
2019-07-22T16:12:20: +=========================================+
2019-07-22T16:12:20: === GOptimizerLM ===
2019-07-22T16:12:20:  Optimized function value ..: -348649.020
2019-07-22T16:12:20:  Absolute precision ........: 0.005
2019-07-22T16:12:20:  Acceptable value decrease .: 2
2019-07-22T16:12:20:  Optimization status .......: converged
2019-07-22T16:12:20:  Number of parameters ......: 11
2019-07-22T16:12:20:  Number of free parameters .: 5
2019-07-22T16:12:20:  Number of iterations ......: 3
2019-07-22T16:12:20:  Lambda ....................: 1e-06
2019-07-22T16:12:20:  Maximum log likelihood ....: 348649.020
2019-07-22T16:12:20:  Observed events  (Nobs) ...: 325189.000
2019-07-22T16:12:20:  Predicted events (Npred) ..: 323420.999 (Nobs - Npred = 1768.0012991149)
2019-07-22T16:12:20: === GModels ===
2019-07-22T16:12:20:  Number of models ..........: 2
2019-07-22T16:12:20:  Number of parameters ......: 11
2019-07-22T16:12:20: === GModelSky ===
2019-07-22T16:12:20:  Name ......................: source2d
2019-07-22T16:12:20:  Instruments ...............: all
2019-07-22T16:12:20:  Test Statistic ............: 94593.7694020082
2019-07-22T16:12:20:  Observation identifiers ...: all
2019-07-22T16:12:20:  Model type ................: PointSource
2019-07-22T16:12:20:  Model components ..........: "PointSource" * "ExponentialCutoffPowerLaw" * "Constant"
2019-07-22T16:12:20:  Number of parameters ......: 7
2019-07-22T16:12:20:  Number of spatial par's ...: 2
2019-07-22T16:12:20:   RA .......................: 83.6331 [-360,360] deg (fixed,scale=1)
2019-07-22T16:12:20:   DEC ......................: 22.0145 [-90,90] deg (fixed,scale=1)
2019-07-22T16:12:20:  Number of spectral par's ..: 4
2019-07-22T16:12:20:   Prefactor ................: 3.01745311337208e-18 +/- 2.51813232205443e-20 [1e-25,1e-15] ph/cm2/s/MeV (free,scale=1e-18,gradient)
2019-07-22T16:12:20:   Index ....................: -1.99205589203564 +/- 0.00716166332242319 [-0,-5]  (free,scale=-1,gradient)
2019-07-22T16:12:20:   CutoffEnergy .............: 105165600.291397 +/- 11935110.6520344 [1000000,100000000000] MeV (free,scale=100000000,gradient)
2019-07-22T16:12:20:   PivotEnergy ..............: 1000000 [10000,1000000000] MeV (fixed,scale=1000000,gradient)
2019-07-22T16:12:20:  Number of temporal par's ..: 1
2019-07-22T16:12:20:   Normalization ............: 1 (relative value) (fixed,scale=1,gradient)
2019-07-22T16:12:20:  Number of scale par's .....: 0
2019-07-22T16:12:20: === GCTAModelCubeBackground ===
2019-07-22T16:12:20:  Name ......................: BackgroundModel
2019-07-22T16:12:20:  Instruments ...............: CTA, HESS, MAGIC, VERITAS
2019-07-22T16:12:20:  Observation identifiers ...: all
2019-07-22T16:12:20:  Model type ................: "PowerLaw" * "Constant"
2019-07-22T16:12:20:  Number of parameters ......: 4
2019-07-22T16:12:20:  Number of spectral par's ..: 3
2019-07-22T16:12:20:   Prefactor ................: 0.992997725246757 +/- 0.00441975971336188 [0.01,100] ph/cm2/s/MeV (free,scale=1,gradient)
2019-07-22T16:12:20:   Index ....................: -0.00353932746388193 +/- 0.00257569184859816 [-5,5]  (free,scale=1,gradient)
2019-07-22T16:12:20:   PivotEnergy ..............: 1000000 MeV (fixed,scale=1000000,gradient)
2019-07-22T16:12:20:  Number of temporal par's ..: 1
2019-07-22T16:12:20:   Normalization ............: 1 (relative value) (fixed,scale=1,gradient)
2019-07-22T16:12:20: 
2019-07-22T16:12:20: +==============+
2019-07-22T16:12:20: | Save results |
2019-07-22T16:12:20: +==============+
2019-07-22T16:12:20:  Model definition file .....: /cta/carli/CPPM_Internship/Simulations_and_Analyses/minus_step_AEff_South_z40_50h/source2d/obsmodel_binned.xml
2019-07-22T16:12:20:  Covariance matrix file ....: NONE
2019-07-22T16:12:20: 
2019-07-22T16:12:20: Application "ctlike" terminated after 152 wall clock seconds, consuming 158.51 seconds of CPU time.
