2019-07-22T12:07:19: ********************************************************************************
2019-07-22T12:07:19: *                                   ctobssim                                   *
2019-07-22T12:07:19: * ---------------------------------------------------------------------------- *
2019-07-22T12:07:19: * Version: 1.6.0                                                               *
2019-07-22T12:07:19: ********************************************************************************
2019-07-22T12:07:19: +============+
2019-07-22T12:07:19: | Parameters |
2019-07-22T12:07:19: +============+
2019-07-22T12:07:19:  inobs .....................: NONE
2019-07-22T12:07:19:  inmodel ...................: /cta/carli/anaconda3/share/models/source2d.xml
2019-07-22T12:07:19:  caldb .....................: prod3b-v2
2019-07-22T12:07:19:  irf .......................: minus_step_AEff_South_z40_50h
2019-07-22T12:07:19:  edisp .....................: yes
2019-07-22T12:07:19:  outevents .................: /cta/carli/CPPM_Internship/Simulations_and_Analyses/minus_step_AEff_South_z40_50h/source2d/obs.fits
2019-07-22T12:07:19:  prefix ....................: sim_events_
2019-07-22T12:07:19:  startindex ................: 1
2019-07-22T12:07:19:  seed ......................: 1000
2019-07-22T12:07:19:  ra ........................: 84.1331
2019-07-22T12:07:19:  dec .......................: 22.0145
2019-07-22T12:07:19:  rad .......................: 0.8
2019-07-22T12:07:19:  tmin ......................: 0
2019-07-22T12:07:19:  tmax ......................: 144000
2019-07-22T12:07:19:  mjdref ....................: 51544.5
2019-07-22T12:07:19:  emin ......................: 0.1
2019-07-22T12:07:19:  emax ......................: 199.526229858398
2019-07-22T12:07:19:  deadc .....................: 0.98
2019-07-22T12:07:19:  maxrate ...................: 1.0e6
2019-07-22T12:07:19:  eslices ...................: 10
2019-07-22T12:07:19:  nthreads ..................: 0
2019-07-22T12:07:19:  publish ...................: no
2019-07-22T12:07:19:  chatter ...................: 4
2019-07-22T12:07:19:  clobber ...................: yes
2019-07-22T12:07:19:  debug .....................: no
2019-07-22T12:07:19:  mode ......................: ql
2019-07-22T12:07:19:  logfile ...................: ctobssim.log
2019-07-22T12:07:19: 
2019-07-22T12:07:19: +================+
2019-07-22T12:07:19: | Execution mode |
2019-07-22T12:07:19: +================+
2019-07-22T12:07:19:  Event list management .....: Save and dispose (reduces memory needs)
2019-07-22T12:07:19:  Output format .............: Write single event list FITS file
2019-07-22T12:07:19: 
2019-07-22T12:07:19: +=============+
2019-07-22T12:07:19: | Seed values |
2019-07-22T12:07:19: +=============+
2019-07-22T12:07:19:  Seed 0 ....................: 6233869624
2019-07-22T12:07:19: 
2019-07-22T12:07:19: +===================+
2019-07-22T12:07:19: | Input observation |
2019-07-22T12:07:19: +===================+
2019-07-22T12:07:20: === GObservations ===
2019-07-22T12:07:20:  Number of observations ....: 1
2019-07-22T12:07:20:  Number of models ..........: 2
2019-07-22T12:07:20:  Number of observed events .: 0
2019-07-22T12:07:20:  Number of predicted events : 0
2019-07-22T12:07:20: === GCTAObservation ===
2019-07-22T12:07:20:  Name ......................: 
2019-07-22T12:07:20:  Identifier ................: 
2019-07-22T12:07:20:  Instrument ................: CTA
2019-07-22T12:07:20:  Event file ................: 
2019-07-22T12:07:20:  Event type ................: EventList
2019-07-22T12:07:20:  Statistic .................: cstat
2019-07-22T12:07:20:  Ontime ....................: 144000 s
2019-07-22T12:07:20:  Livetime ..................: 141120 s
2019-07-22T12:07:20:  Deadtime correction .......: 0.98
2019-07-22T12:07:20:  User energy range .........: undefined
2019-07-22T12:07:20: === GCTAPointing ===
2019-07-22T12:07:20:  Pointing direction ........: (RA,Dec)=(84.1331,22.0145)
2019-07-22T12:07:20: === GCTAResponseIrf ===
2019-07-22T12:07:20:  Caldb mission .............: cta
2019-07-22T12:07:20:  Caldb instrument ..........: prod3b-v2
2019-07-22T12:07:20:  Response name .............: minus_step_AEff_South_z40_50h
2019-07-22T12:07:20:  Energy dispersion .........: Used
2019-07-22T12:07:20:  Safe energy range .........: undefined
2019-07-22T12:07:20: === GCaldb ===
2019-07-22T12:07:20:  Database root .............: /cta/carli/anaconda3/share/caldb
2019-07-22T12:07:20:  Selected Mission ..........: CTA
2019-07-22T12:07:20:  Selected Instrument .......: PROD3B-V2
2019-07-22T12:07:20:  Calibration Index File ....: /cta/carli/anaconda3/share/caldb/data/cta/prod3b-v2/caldb.indx
2019-07-22T12:07:20:  Number of entries .........: 240
2019-07-22T12:07:20: === GCTAAeff2D ===
2019-07-22T12:07:20:  Filename ..................: /cta/carli/anaconda3/share/caldb/data/cta/prod3b-v2/bcf/minus_step_AEff_South_z40_50h/irf_file.fits
2019-07-22T12:07:20:  Number of energy bins .....: 42
2019-07-22T12:07:20:  Number of offset bins .....: 6
2019-07-22T12:07:20:  Log10(Energy) range .......: 0.0125892544165254 - 199.526229858398 TeV
2019-07-22T12:07:20:  Offset angle range ........: 0 - 6 deg
2019-07-22T12:07:20:  Lower energy threshold ....: not specified
2019-07-22T12:07:20:  Upper energy threshold ....: not specified
2019-07-22T12:07:20:  Radius cut ................: none
2019-07-22T12:07:20: === GCTAPsf2D ===
2019-07-22T12:07:20:  Filename ..................: /cta/carli/anaconda3/share/caldb/data/cta/prod3b-v2/bcf/minus_step_AEff_South_z40_50h/irf_file.fits
2019-07-22T12:07:20:  Number of energy bins .....: 25
2019-07-22T12:07:20:  Number of offset bins .....: 6
2019-07-22T12:07:20:  Log10(Energy) range .......: 0.0125892544165254 - 1258.92541503906 TeV
2019-07-22T12:07:20:  Offset angle range ........: 0 - 6 deg
2019-07-22T12:07:20: === GCTAEdisp2D ===
2019-07-22T12:07:20:  Filename ..................: /cta/carli/anaconda3/share/caldb/data/cta/prod3b-v2/bcf/minus_step_AEff_South_z40_50h/irf_file.fits
2019-07-22T12:07:20:  Number of energy bins .....: 500
2019-07-22T12:07:20:  Number of migration bins ..: 300
2019-07-22T12:07:20:  Number of offset bins .....: 6
2019-07-22T12:07:20:  Log10(Energy) range .......: 0.00501187238842249 - 501.187225341797 TeV
2019-07-22T12:07:20:  Migration range ...........: 0 - 3
2019-07-22T12:07:20:  Offset angle range ........: 0 - 6 deg
2019-07-22T12:07:20: === GCTABackground3D ===
2019-07-22T12:07:20:  Filename ..................: /cta/carli/anaconda3/share/caldb/data/cta/prod3b-v2/bcf/minus_step_AEff_South_z40_50h/irf_file.fits
2019-07-22T12:07:20:  Number of DETX bins .......: 36
2019-07-22T12:07:20:  Number of DETY bins .......: 36
2019-07-22T12:07:20:  Number of energy bins .....: 21
2019-07-22T12:07:20:  DETX range ................: -6 - 6 deg
2019-07-22T12:07:20:  DETX range ................: -6 - 6 deg
2019-07-22T12:07:20:  Energy range ..............: 0.0125892544165254 - 199.526229858398 TeV
2019-07-22T12:07:20: === GCTAResponseCache ===
2019-07-22T12:07:20:  Number of cached values ...: 0
2019-07-22T12:07:20: === GCTAResponseCache ===
2019-07-22T12:07:20:  Number of cached values ...: 0
2019-07-22T12:07:20: === GCTAEventList ===
2019-07-22T12:07:20:  Number of events ..........: 0 (disposed without possibility to recover)
2019-07-22T12:07:20:  Time interval .............: 51544.5 - 51546.1666666667 days
2019-07-22T12:07:20: === GEbounds ===
2019-07-22T12:07:20:  Number of intervals .......: 1
2019-07-22T12:07:20:  Energy range ..............: 100 GeV - 199.526229858398 TeV
2019-07-22T12:07:20: === GCTARoi ===
2019-07-22T12:07:20:  RoI centre ................: RA=84.1331, DEC=22.0145 [0,0]
2019-07-22T12:07:20:  RoI radius ................: 0.8 deg
2019-07-22T12:07:20: === GSkyRegions ===
2019-07-22T12:07:20:  Number of regions .........: 0
2019-07-22T12:07:20: === GModels ===
2019-07-22T12:07:20:  Number of models ..........: 2
2019-07-22T12:07:20:  Number of parameters ......: 11
2019-07-22T12:07:20: === GModelSky ===
2019-07-22T12:07:20:  Name ......................: source2d
2019-07-22T12:07:20:  Instruments ...............: all
2019-07-22T12:07:20:  Test Statistic ............: Computation requested
2019-07-22T12:07:20:  Observation identifiers ...: all
2019-07-22T12:07:20:  Model type ................: PointSource
2019-07-22T12:07:20:  Model components ..........: "PointSource" * "ExponentialCutoffPowerLaw" * "Constant"
2019-07-22T12:07:20:  Number of parameters ......: 7
2019-07-22T12:07:20:  Number of spatial par's ...: 2
2019-07-22T12:07:20:   RA .......................: 83.6331 [-360,360] deg (fixed,scale=1)
2019-07-22T12:07:20:   DEC ......................: 22.0145 [-90,90] deg (fixed,scale=1)
2019-07-22T12:07:20:  Number of spectral par's ..: 4
2019-07-22T12:07:20:   Prefactor ................: 3.04e-18 +/- 0 [1e-25,1e-15] ph/cm2/s/MeV (free,scale=1e-18,gradient)
2019-07-22T12:07:20:   Index ....................: -2 +/- 0 [-0,-5]  (free,scale=-1,gradient)
2019-07-22T12:07:20:   CutoffEnergy .............: 100000000 +/- 0 [1000000,100000000000] MeV (free,scale=100000000,gradient)
2019-07-22T12:07:20:   PivotEnergy ..............: 1000000 [10000,1000000000] MeV (fixed,scale=1000000,gradient)
2019-07-22T12:07:20:  Number of temporal par's ..: 1
2019-07-22T12:07:20:   Normalization ............: 1 (relative value) (fixed,scale=1,gradient)
2019-07-22T12:07:20:  Number of scale par's .....: 0
2019-07-22T12:07:20: === GCTAModelIrfBackground ===
2019-07-22T12:07:20:  Name ......................: CTABackgroundModel
2019-07-22T12:07:20:  Instruments ...............: CTA
2019-07-22T12:07:20:  Test Statistic ............: Computation requested
2019-07-22T12:07:20:  Observation identifiers ...: all
2019-07-22T12:07:20:  Model type ................: "PowerLaw" * "Constant"
2019-07-22T12:07:20:  Number of parameters ......: 4
2019-07-22T12:07:20:  Number of spectral par's ..: 3
2019-07-22T12:07:20:   Prefactor ................: 1 +/- 0 [0.001,1000] ph/cm2/s/MeV (free,scale=1,gradient)
2019-07-22T12:07:20:   Index ....................: 0 +/- 0 [-5,5]  (free,scale=1,gradient)
2019-07-22T12:07:20:   PivotEnergy ..............: 1000000 [10000,1000000000] MeV (fixed,scale=1000000,gradient)
2019-07-22T12:07:20:  Number of temporal par's ..: 1
2019-07-22T12:07:20:   Normalization ............: 1 (relative value) (fixed,scale=1,gradient)
2019-07-22T12:07:20: 
2019-07-22T12:07:20: +======================+
2019-07-22T12:07:20: | Simulate observation |
2019-07-22T12:07:20: +======================+
2019-07-22T12:07:20: === CTA observation ===
2019-07-22T12:07:20:  Simulation cone ...........: RA=84.1331 deg, Dec=22.0145 deg, radius=1.3 deg
2019-07-22T12:07:20:  Time interval .............: 0 - 144000 s
2019-07-22T12:07:20:  Photon energy range .......: 41.1040776139221 GeV - 509.274482994276 GeV
2019-07-22T12:07:20:  Event energy range ........: 100 GeV - 213.796208774656 GeV
2019-07-22T12:07:20:   Simulation area ..........: 1.18516e+10 cm2
2019-07-22T12:07:20:   Use model ................: source2d
2019-07-22T12:07:20:   Normalization ............: 1 [source2d]
2019-07-22T12:07:20:   Flux .....................: 6.79129e-11 [source2d] photons/cm2/s
2019-07-22T12:07:20:   Normalized flux ..........: 6.79129e-11 [source2d] photons/cm2/s
2019-07-22T12:07:20:   Photon rate ..............: 0.804873 photons/s [source2d]
2019-07-22T12:07:20:   Time slice ...............: 0 - 144000 s [source2d]
2019-07-22T12:07:20:   MC source photons/slice ..: 116291 [source2d]
2019-07-22T12:07:20:   MC source photons ........: 116291 [source2d]
2019-07-22T12:07:20:   MC source events .........: 4272 [source2d]
2019-07-22T12:07:20:   MC source events .........: 4272 (all source models)
2019-07-22T12:07:20:  Photon energy range .......: 100.88253715168 GeV - 860.678033986988 GeV
2019-07-22T12:07:20:  Event energy range ........: 213.796208774656 GeV - 457.088188864163 GeV
2019-07-22T12:07:20:   Simulation area ..........: 1.77874e+10 cm2
2019-07-22T12:07:20:   Use model ................: source2d
2019-07-22T12:07:20:   Normalization ............: 1 [source2d]
2019-07-22T12:07:20:   Flux .....................: 2.65369e-11 [source2d] photons/cm2/s
2019-07-22T12:07:20:   Normalized flux ..........: 2.65369e-11 [source2d] photons/cm2/s
2019-07-22T12:07:20:   Photon rate ..............: 0.472022 photons/s [source2d]
2019-07-22T12:07:20:   Time slice ...............: 0 - 144000 s [source2d]
2019-07-22T12:07:20:   MC source photons/slice ..: 67848 [source2d]
2019-07-22T12:07:20:   MC source photons ........: 67848 [source2d]
2019-07-22T12:07:20:   MC source events .........: 4264 [source2d]
2019-07-22T12:07:20:   MC source events .........: 4264 (all source models)
2019-07-22T12:07:20:  Photon energy range .......: 265.018144252 GeV - 1.57081442112741 TeV
2019-07-22T12:07:20:  Event energy range ........: 457.088188864163 GeV - 977.237218548317 GeV
2019-07-22T12:07:20:   Simulation area ..........: 3.43669e+10 cm2
2019-07-22T12:07:20:   Use model ................: source2d
2019-07-22T12:07:20:   Normalization ............: 1 [source2d]
2019-07-22T12:07:20:   Flux .....................: 9.48171e-12 [source2d] photons/cm2/s
2019-07-22T12:07:20:   Normalized flux ..........: 9.48171e-12 [source2d] photons/cm2/s
2019-07-22T12:07:20:   Photon rate ..............: 0.325857 photons/s [source2d]
2019-07-22T12:07:20:   Time slice ...............: 0 - 144000 s [source2d]
2019-07-22T12:07:20:   MC source photons/slice ..: 46872 [source2d]
2019-07-22T12:07:20:   MC source photons ........: 46872 [source2d]
2019-07-22T12:07:20:   MC source events .........: 3401 [source2d]
2019-07-22T12:07:20:   MC source events .........: 3401 (all source models)
2019-07-22T12:07:20:  Photon energy range .......: 625.275670425715 GeV - 3.04099144442538 TeV
2019-07-22T12:07:20:  Event energy range ........: 977.237218548317 GeV - 2.0892961239912 TeV
2019-07-22T12:07:20:   Simulation area ..........: 5.37258e+10 cm2
2019-07-22T12:07:20:   Use model ................: source2d
2019-07-22T12:07:20:   Normalization ............: 1 [source2d]
2019-07-22T12:07:20:   Flux .....................: 3.81447e-12 [source2d] photons/cm2/s
2019-07-22T12:07:20:   Normalized flux ..........: 3.81447e-12 [source2d] photons/cm2/s
2019-07-22T12:07:20:   Photon rate ..............: 0.204935 photons/s [source2d]
2019-07-22T12:07:20:   Time slice ...............: 0 - 144000 s [source2d]
2019-07-22T12:07:20:   MC source photons/slice ..: 29423 [source2d]
2019-07-22T12:07:20:   MC source photons ........: 29423 [source2d]
2019-07-22T12:07:20:   MC source events .........: 3438 [source2d]
2019-07-22T12:07:20:   MC source events .........: 3438 (all source models)
2019-07-22T12:07:20:  Photon energy range .......: 1.52598487124743 TeV - 6.09062686094979 TeV
2019-07-22T12:07:20:  Event energy range ........: 2.0892961239912 TeV - 4.46683590316902 TeV
2019-07-22T12:07:20:   Simulation area ..........: 7.24914e+10 cm2
2019-07-22T12:07:20:   Use model ................: source2d
2019-07-22T12:07:20:   Normalization ............: 1 [source2d]
2019-07-22T12:07:20:   Flux .....................: 1.45164e-12 [source2d] photons/cm2/s
2019-07-22T12:07:20:   Normalized flux ..........: 1.45164e-12 [source2d] photons/cm2/s
2019-07-22T12:07:20:   Photon rate ..............: 0.105231 photons/s [source2d]
2019-07-22T12:07:20:   Time slice ...............: 0 - 144000 s [source2d]
2019-07-22T12:07:20:   MC source photons/slice ..: 15126 [source2d]
2019-07-22T12:07:20:   MC source photons ........: 15126 [source2d]
2019-07-22T12:07:20:   MC source events .........: 2733 [source2d]
2019-07-22T12:07:20:   MC source events .........: 2733 (all source models)
2019-07-22T12:07:20:  Photon energy range .......: 3.46329780546817 TeV - 13.5112010225502 TeV
2019-07-22T12:07:20:  Event energy range ........: 4.46683590316902 TeV - 9.54992581316053 TeV
2019-07-22T12:07:20:   Simulation area ..........: 9.10029e+10 cm2
2019-07-22T12:07:20:   Use model ................: source2d
2019-07-22T12:07:20:   Normalization ............: 1 [source2d]
2019-07-22T12:07:20:   Flux .....................: 6.12879e-13 [source2d] photons/cm2/s
2019-07-22T12:07:20:   Normalized flux ..........: 6.12879e-13 [source2d] photons/cm2/s
2019-07-22T12:07:20:   Photon rate ..............: 0.0557738 photons/s [source2d]
2019-07-22T12:07:20:   Time slice ...............: 0 - 144000 s [source2d]
2019-07-22T12:07:20:   MC source photons/slice ..: 8038 [source2d]
2019-07-22T12:07:20:   MC source photons ........: 8038 [source2d]
2019-07-22T12:07:20:   MC source events .........: 1749 [source2d]
2019-07-22T12:07:20:   MC source events .........: 1749 (all source models)
2019-07-22T12:07:20:  Photon energy range .......: 7.57686977261953 TeV - 27.092165885067 TeV
2019-07-22T12:07:20:  Event energy range ........: 9.54992581316053 TeV - 20.4173793293294 TeV
2019-07-22T12:07:20:   Simulation area ..........: 1.17786e+11 cm2
2019-07-22T12:07:20:   Use model ................: source2d
2019-07-22T12:07:20:   Normalization ............: 1 [source2d]
2019-07-22T12:07:20:   Flux .....................: 2.5308e-13 [source2d] photons/cm2/s
2019-07-22T12:07:20:   Normalized flux ..........: 2.5308e-13 [source2d] photons/cm2/s
2019-07-22T12:07:20:   Photon rate ..............: 0.0298093 photons/s [source2d]
2019-07-22T12:07:20:   Time slice ...............: 0 - 144000 s [source2d]
2019-07-22T12:07:20:   MC source photons/slice ..: 4295 [source2d]
2019-07-22T12:07:20:   MC source photons ........: 4295 [source2d]
2019-07-22T12:07:20:   MC source events .........: 923 [source2d]
2019-07-22T12:07:20:   MC source events .........: 923 (all source models)
2019-07-22T12:07:20:  Photon energy range .......: 15.830324777243 TeV - 56.4077240740645 TeV
2019-07-22T12:07:20:  Event energy range ........: 20.4173793293294 TeV - 43.6515829372465 TeV
2019-07-22T12:07:20:   Simulation area ..........: 1.22909e+11 cm2
2019-07-22T12:07:20:   Use model ................: source2d
2019-07-22T12:07:20:   Normalization ............: 1 [source2d]
2019-07-22T12:07:20:   Flux .....................: 1.05008e-13 [source2d] photons/cm2/s
2019-07-22T12:07:20:   Normalized flux ..........: 1.05008e-13 [source2d] photons/cm2/s
2019-07-22T12:07:20:   Photon rate ..............: 0.0129064 photons/s [source2d]
2019-07-22T12:07:20:   Time slice ...............: 0 - 144000 s [source2d]
2019-07-22T12:07:20:   MC source photons/slice ..: 1893 [source2d]
2019-07-22T12:07:20:   MC source photons ........: 1893 [source2d]
2019-07-22T12:07:20:   MC source events .........: 443 [source2d]
2019-07-22T12:07:20:   MC source events .........: 443 (all source models)
2019-07-22T12:07:20:  Photon energy range .......: 34.3839906563315 TeV - 116.046716746149 TeV
2019-07-22T12:07:20:  Event energy range ........: 43.6515829372465 TeV - 93.3254293899579 TeV
2019-07-22T12:07:20:   Simulation area ..........: 1.51646e+11 cm2
2019-07-22T12:07:20:   Use model ................: source2d
2019-07-22T12:07:20:   Normalization ............: 1 [source2d]
2019-07-22T12:07:20:   Flux .....................: 3.50832e-14 [source2d] photons/cm2/s
2019-07-22T12:07:20:   Normalized flux ..........: 3.50832e-14 [source2d] photons/cm2/s
2019-07-22T12:07:20:   Photon rate ..............: 0.00532022 photons/s [source2d]
2019-07-22T12:07:20:   Time slice ...............: 0 - 144000 s [source2d]
2019-07-22T12:07:20:   MC source photons/slice ..: 741 [source2d]
2019-07-22T12:07:20:   MC source photons ........: 741 [source2d]
2019-07-22T12:07:20:   MC source events .........: 130 [source2d]
2019-07-22T12:07:20:   MC source events .........: 130 (all source models)
2019-07-22T12:07:20:  Photon energy range .......: 79.1906822067056 TeV - 239.08155027665 TeV
2019-07-22T12:07:20:  Event energy range ........: 93.3254293899579 TeV - 199.526229858398 TeV
2019-07-22T12:07:20:   Simulation area ..........: 1.67706e+11 cm2
2019-07-22T12:07:20:   Use model ................: source2d
2019-07-22T12:07:20:   Normalization ............: 1 [source2d]
2019-07-22T12:07:20:   Flux .....................: 7.51863e-15 [source2d] photons/cm2/s
2019-07-22T12:07:20:   Normalized flux ..........: 7.51863e-15 [source2d] photons/cm2/s
2019-07-22T12:07:20:   Photon rate ..............: 0.00126092 photons/s [source2d]
2019-07-22T12:07:20:   Time slice ...............: 0 - 144000 s [source2d]
2019-07-22T12:07:20:   MC source photons/slice ..: 178 [source2d]
2019-07-22T12:07:20:   MC source photons ........: 178 [source2d]
2019-07-22T12:07:20:   MC source events .........: 38 [source2d]
2019-07-22T12:07:20:   MC source events .........: 38 (all source models)
2019-07-22T12:07:20:  MC source photons .........: 290705 [source2d]
2019-07-22T12:07:20:  MC source events ..........: 21391 [source2d]
2019-07-22T12:07:35:  MC events outside ROI .....: 0
2019-07-22T12:07:35:  MC background events ......: 303800
2019-07-22T12:07:35:  MC identifier 1 ...........: source2d
2019-07-22T12:07:35:  MC identifier 2 ...........: CTABackgroundModel
2019-07-22T12:07:35:  MC events .................: 325191 (all models)
2019-07-22T12:07:37: 
2019-07-22T12:07:37: +==================+
2019-07-22T12:07:37: | Save observation |
2019-07-22T12:07:37: +==================+
2019-07-22T12:07:37: 
2019-07-22T12:07:37: Application "ctobssim" terminated after 18 wall clock seconds, consuming 17.19 seconds of CPU time.
