2019-07-22T16:25:05: ********************************************************************************
2019-07-22T16:25:05: *                                    ctlike                                    *
2019-07-22T16:25:05: * ---------------------------------------------------------------------------- *
2019-07-22T16:25:05: * Version: 1.6.0                                                               *
2019-07-22T16:25:05: ********************************************************************************
2019-07-22T16:25:05: +============+
2019-07-22T16:25:05: | Parameters |
2019-07-22T16:25:05: +============+
2019-07-22T16:25:05:  inobs .....................: /cta/carli/CPPM_Internship/Simulations_and_Analyses/South_z40_50h/source3a/obs_cube.fits
2019-07-22T16:25:05:  inmodel ...................: sourcemodel_cube.xml
2019-07-22T16:25:05:  expcube ...................: /cta/carli/CPPM_Internship/Simulations_and_Analyses/South_z40_50h/source3a/exposure_cube.fits
2019-07-22T16:25:05:  psfcube ...................: /cta/carli/CPPM_Internship/Simulations_and_Analyses/South_z40_50h/source3a/PSF_cube.fits
2019-07-22T16:25:05:  edispcube .................: /cta/carli/CPPM_Internship/Simulations_and_Analyses/South_z40_50h/source3a/edisp_cube.fits
2019-07-22T16:25:05:  bkgcube ...................: /cta/carli/CPPM_Internship/Simulations_and_Analyses/South_z40_50h/source3a/background_cube.fits
2019-07-22T16:25:05:  caldb .....................: prod3b-v2
2019-07-22T16:25:05:  irf .......................: South_z40_50h
2019-07-22T16:25:05:  edisp .....................: yes
2019-07-22T16:25:05:  outmodel ..................: /cta/carli/CPPM_Internship/Simulations_and_Analyses/South_z40_50h/source3a/obsmodel_binned.xml
2019-07-22T16:25:05:  outcovmat .................: NONE
2019-07-22T16:25:05:  statistic .................: DEFAULT
2019-07-22T16:25:05:  refit .....................: no
2019-07-22T16:25:05:  like_accuracy .............: 0.005
2019-07-22T16:25:05:  max_iter ..................: 50
2019-07-22T16:25:05:  fix_spat_for_ts ...........: no
2019-07-22T16:25:05:  nthreads ..................: 0
2019-07-22T16:25:05:  chatter ...................: 4
2019-07-22T16:25:05:  clobber ...................: yes
2019-07-22T16:25:05:  debug .....................: no
2019-07-22T16:25:05:  mode ......................: ql
2019-07-22T16:25:05:  logfile ...................: ctlike.log
2019-07-22T16:25:05: 
2019-07-22T16:25:05: +===================+
2019-07-22T16:25:05: | Input observation |
2019-07-22T16:25:05: +===================+
2019-07-22T16:25:05: === GObservations ===
2019-07-22T16:25:05:  Number of observations ....: 1
2019-07-22T16:25:05:  Number of models ..........: 2
2019-07-22T16:25:05:  Number of observed events .: 309333
2019-07-22T16:25:05:  Number of predicted events : 0
2019-07-22T16:25:05: === GCTAObservation ===
2019-07-22T16:25:05:  Name ......................: 
2019-07-22T16:25:05:  Identifier ................: 000001
2019-07-22T16:25:05:  Instrument ................: CTA
2019-07-22T16:25:05:  Event file ................: /cta/carli/CPPM_Internship/Simulations_and_Analyses/South_z40_50h/source3a/obs_cube.fits
2019-07-22T16:25:05:  Event type ................: CountsCube
2019-07-22T16:25:05:  Statistic .................: cstat
2019-07-22T16:25:05:  Ontime ....................: 144000 s
2019-07-22T16:25:05:  Livetime ..................: 141120 s
2019-07-22T16:25:05:  Deadtime correction .......: 0.98
2019-07-22T16:25:05:  User energy range .........: undefined
2019-07-22T16:25:05: === GCTAPointing ===
2019-07-22T16:25:05:  Pointing direction ........: (RA,Dec)=(84.1331,22.0145)
2019-07-22T16:25:05: === GCTAResponseCube ===
2019-07-22T16:25:05:  Energy dispersion .........: Used
2019-07-22T16:25:05: === GCTACubeExposure ===
2019-07-22T16:25:05:  Filename ..................: /cta/carli/CPPM_Internship/Simulations_and_Analyses/South_z40_50h/source3a/exposure_cube.fits
2019-07-22T16:25:05:  Livetime ..................: 141120 sec
2019-07-22T16:25:05: === GEnergies ===
2019-07-22T16:25:05:  Number of energies ........: 33
2019-07-22T16:25:05: === GGti ===
2019-07-22T16:25:05:  Number of intervals .......: 1
2019-07-22T16:25:05:  Ontime ....................: 144000 sec
2019-07-22T16:25:05:  Elapsed time ..............: 144000 sec
2019-07-22T16:25:05:  MJD range .................: 51544.5 - 51546.1666666667 s (TT)
2019-07-22T16:25:05:  UTC range .................: 2000-01-01T11:58:56 - 2000-01-03T03:58:56 s (TT)
2019-07-22T16:25:05:  Reference MJD .............: 51544.5
2019-07-22T16:25:05: === GSkyMap ===
2019-07-22T16:25:05:  Number of pixels ..........: 6400
2019-07-22T16:25:05:  X axis dimension ..........: 80
2019-07-22T16:25:05:  Y axis dimension ..........: 80
2019-07-22T16:25:05:  Number of maps ............: 33
2019-07-22T16:25:05:  Shape of maps .............: (33)
2019-07-22T16:25:05: === GCTACubePsf ===
2019-07-22T16:25:05:  Filename ..................: /cta/carli/CPPM_Internship/Simulations_and_Analyses/South_z40_50h/source3a/PSF_cube.fits
2019-07-22T16:25:05: === GEnergies ===
2019-07-22T16:25:05:  Number of energies ........: 33
2019-07-22T16:25:05:  Number of delta bins ......: 200
2019-07-22T16:25:05:  Delta range ...............: 1.875e-06 - 0.298501875 deg
2019-07-22T16:25:05: === GSkyMap ===
2019-07-22T16:25:05:  Number of pixels ..........: 1
2019-07-22T16:25:05:  X axis dimension ..........: 1
2019-07-22T16:25:05:  Y axis dimension ..........: 1
2019-07-22T16:25:05:  Number of maps ............: 6600
2019-07-22T16:25:05:  Shape of maps .............: (200, 33)
2019-07-22T16:25:05: === GCTACubeEdisp ===
2019-07-22T16:25:05:  Filename ..................: /cta/carli/CPPM_Internship/Simulations_and_Analyses/South_z40_50h/source3a/edisp_cube.fits
2019-07-22T16:25:05: === GEnergies ===
2019-07-22T16:25:05:  Number of energies ........: 33
2019-07-22T16:25:05:  Number of migra bins ......: 100
2019-07-22T16:25:05:  Migra range ...............: 0.02 - 2
2019-07-22T16:25:05: === GSkyMap ===
2019-07-22T16:25:05:  Number of pixels ..........: 1
2019-07-22T16:25:05:  X axis dimension ..........: 1
2019-07-22T16:25:05:  Y axis dimension ..........: 1
2019-07-22T16:25:05:  Number of maps ............: 3300
2019-07-22T16:25:05:  Shape of maps .............: (100, 33)
2019-07-22T16:25:05: === GCTACubeBackground ===
2019-07-22T16:25:05:  Filename ..................: /cta/carli/CPPM_Internship/Simulations_and_Analyses/South_z40_50h/source3a/background_cube.fits
2019-07-22T16:25:05: === GEbounds ===
2019-07-22T16:25:05:  Number of intervals .......: 32
2019-07-22T16:25:05:  Energy range ..............: 100 GeV - 199.526229858398 TeV
2019-07-22T16:25:05: === GSkyMap ===
2019-07-22T16:25:05:  Number of pixels ..........: 6400
2019-07-22T16:25:05:  X axis dimension ..........: 80
2019-07-22T16:25:05:  Y axis dimension ..........: 80
2019-07-22T16:25:05:  Number of maps ............: 32
2019-07-22T16:25:05:  Shape of maps .............: (32)
2019-07-22T16:25:05: === GCTAResponseCache ===
2019-07-22T16:25:05:  Number of cached values ...: 0
2019-07-22T16:25:05: === GCTAEventCube ===
2019-07-22T16:25:05:  Number of events ..........: 309333
2019-07-22T16:25:05:  Number of elements ........: 204800
2019-07-22T16:25:05:  Number of pixels ..........: 6400
2019-07-22T16:25:05:  Number of energy bins .....: 32
2019-07-22T16:25:05:  Time interval .............: 51544.5 - 51546.1666666667 days
2019-07-22T16:25:05:  Pointing ..................: (RA,Dec)=(84.1331,22.0145)
2019-07-22T16:25:05: === GEbounds ===
2019-07-22T16:25:05:  Number of intervals .......: 32
2019-07-22T16:25:05:  Energy range ..............: 100 GeV - 199.526229858398 TeV
2019-07-22T16:25:05: === GSkyMap ===
2019-07-22T16:25:05:  Number of pixels ..........: 6400
2019-07-22T16:25:05:  X axis dimension ..........: 80
2019-07-22T16:25:05:  Y axis dimension ..........: 80
2019-07-22T16:25:05:  Number of maps ............: 32
2019-07-22T16:25:05:  Shape of maps .............: (32)
2019-07-22T16:25:05: === GSkyRegions ===
2019-07-22T16:25:05:  Number of regions .........: 0
2019-07-22T16:25:05: === GModels ===
2019-07-22T16:25:05:  Number of models ..........: 2
2019-07-22T16:25:05:  Number of parameters ......: 11
2019-07-22T16:25:05: === GModelSky ===
2019-07-22T16:25:05:  Name ......................: source3a
2019-07-22T16:25:05:  Instruments ...............: all
2019-07-22T16:25:05:  Test Statistic ............: Computation requested
2019-07-22T16:25:05:  Observation identifiers ...: all
2019-07-22T16:25:05:  Model type ................: PointSource
2019-07-22T16:25:05:  Model components ..........: "PointSource" * "ExponentialCutoffPowerLaw" * "Constant"
2019-07-22T16:25:05:  Number of parameters ......: 7
2019-07-22T16:25:05:  Number of spatial par's ...: 2
2019-07-22T16:25:05:   RA .......................: 83.6331 [-360,360] deg (fixed,scale=1)
2019-07-22T16:25:05:   DEC ......................: 22.0145 [-90,90] deg (fixed,scale=1)
2019-07-22T16:25:05:  Number of spectral par's ..: 4
2019-07-22T16:25:05:   Prefactor ................: 7.6e-19 +/- 0 [1e-26,1e-16] ph/cm2/s/MeV (free,scale=1e-19,gradient)
2019-07-22T16:25:05:   Index ....................: -2 +/- 0 [-0,-5]  (free,scale=-1,gradient)
2019-07-22T16:25:05:   CutoffEnergy .............: 200000000 +/- 0 [1000000,100000000000] MeV (free,scale=100000000,gradient)
2019-07-22T16:25:05:   PivotEnergy ..............: 1000000 [10000,1000000000] MeV (fixed,scale=1000000,gradient)
2019-07-22T16:25:05:  Number of temporal par's ..: 1
2019-07-22T16:25:05:   Normalization ............: 1 (relative value) (fixed,scale=1,gradient)
2019-07-22T16:25:05:  Number of scale par's .....: 0
2019-07-22T16:25:05: === GCTAModelCubeBackground ===
2019-07-22T16:25:05:  Name ......................: BackgroundModel
2019-07-22T16:25:05:  Instruments ...............: CTA, HESS, MAGIC, VERITAS
2019-07-22T16:25:05:  Observation identifiers ...: all
2019-07-22T16:25:05:  Model type ................: "PowerLaw" * "Constant"
2019-07-22T16:25:05:  Number of parameters ......: 4
2019-07-22T16:25:05:  Number of spectral par's ..: 3
2019-07-22T16:25:05:   Prefactor ................: 1 +/- 0 [0.01,100] ph/cm2/s/MeV (free,scale=1,gradient)
2019-07-22T16:25:05:   Index ....................: 0 +/- 0 [-5,5]  (free,scale=1,gradient)
2019-07-22T16:25:05:   PivotEnergy ..............: 1000000 MeV (fixed,scale=1000000,gradient)
2019-07-22T16:25:05:  Number of temporal par's ..: 1
2019-07-22T16:25:05:   Normalization ............: 1 (relative value) (fixed,scale=1,gradient)
2019-07-22T16:25:05: 
2019-07-22T16:25:05: +=================================+
2019-07-22T16:25:05: | Maximum likelihood optimisation |
2019-07-22T16:25:05: +=================================+
2019-07-22T16:25:37:  >Iteration   0: -logL=-306840.842, Lambda=1.0e-03
2019-07-22T16:26:06:  >Iteration   1: -logL=-306845.759, Lambda=1.0e-03, delta=4.917, step=1.0e+00, max(|grad|)=156.518515 [Index:3]
2019-07-22T16:26:35:  >Iteration   2: -logL=-306848.225, Lambda=1.0e-04, delta=2.466, step=1.0e+00, max(|grad|)=109.194984 [Index:3]
2019-07-22T16:27:04:  >Iteration   3: -logL=-306849.077, Lambda=1.0e-05, delta=0.852, step=1.0e+00, max(|grad|)=90.275578 [Index:3]
2019-07-22T16:27:33:  >Iteration   4: -logL=-306849.341, Lambda=1.0e-06, delta=0.264, step=1.0e+00, max(|grad|)=83.540362 [Index:3]
2019-07-22T16:27:33:    Parameter "CutoffEnergy" drives optimization step (step=0.11889)
2019-07-22T16:28:02:  >Iteration   5: -logL=-306849.384, Lambda=1.0e-07, delta=0.043, step=1.2e-01, max(|grad|)=81.914484 [Index:3]
2019-07-22T16:28:02:    Parameter "CutoffEnergy" does not drive optimization step anymore.
2019-07-22T16:28:02:    Parameter "CutoffEnergy" hits maximum: 157341 > 1000 (1)
2019-07-22T16:28:32:   Iteration   6: -logL=-306849.358, Lambda=1.0e-08, delta=-0.026, step=1.0e+00, max(|grad|)=84.164798 [Index:3] (stalled)
2019-07-22T16:28:32:    Parameter "CutoffEnergy" hits maximum: 157096 > 1000 (2)
2019-07-22T16:29:01:  >Iteration   7: -logL=-306849.359, Lambda=1.0e-07, delta=0.001, step=1.0e+00, max(|grad|)=84.119110 [Index:3]
2019-07-22T16:29:01:  
2019-07-22T16:29:01:  +==================+
2019-07-22T16:29:01:  | Curvature matrix |
2019-07-22T16:29:01:  +==================+
2019-07-22T16:29:01:  === GMatrixSparse ===
2019-07-22T16:29:01:   Number of rows ............: 11
2019-07-22T16:29:01:   Number of columns .........: 11
2019-07-22T16:29:01:   Number of nonzero elements : 25
2019-07-22T16:29:01:   Number of allocated cells .: 537
2019-07-22T16:29:01:   Memory block size .........: 512
2019-07-22T16:29:01:   Sparse matrix fill ........: 0.206611570247934
2019-07-22T16:29:01:   Pending element ...........: 0
2019-07-22T16:29:01:   Fill stack size ...........: 0 (none)
2019-07-22T16:29:01:   0, 0, 0, 0, 0, 0, 0, 0, 0, 0, 0
2019-07-22T16:29:01:   0, 0, 0, 0, 0, 0, 0, 0, 0, 0, 0
2019-07-22T16:29:01:   0, 0, 68.0659722335139, -238.757132664951, 2.57176299637374e-05, 0, 0, 261.74102643678, -350.015983756705, 0, 0
2019-07-22T16:29:01:   0, 0, -238.757132664951, 8082.55364421954, -0.000538881983491613, 0, 0, 2614.61471557081, -4701.50147102815, 0, 0
2019-07-22T16:29:01:   0, 0, 2.57176299637374e-05, -0.000538881983491613, 7.5582256981436e-11, 0, 0, 8.68350994917189e-06, 1.36380346643827e-06, 0, 0
2019-07-22T16:29:01:   0, 0, 0, 0, 0, 0, 0, 0, 0, 0, 0
2019-07-22T16:29:01:   0, 0, 0, 0, 0, 0, 0, 0, 0, 0, 0
2019-07-22T16:29:01:   0, 0, 261.74102643678, 2614.61471557081, 8.68350994917189e-06, 0, 0, 304804.980941022, -476413.118265043, 0, 0
2019-07-22T16:29:01:   0, 0, -350.015983756706, -4701.50147102815, 1.36380346643825e-06, 0, 0, -476413.118265044, 896243.371155823, 0, 0
2019-07-22T16:29:01:   0, 0, 0, 0, 0, 0, 0, 0, 0, 0, 0
2019-07-22T16:29:01:   0, 0, 0, 0, 0, 0, 0, 0, 0, 0, 0
2019-07-22T16:29:30: 
2019-07-22T16:29:30: +====================================+
2019-07-22T16:29:30: | Maximum likelihood re-optimisation |
2019-07-22T16:29:30: +====================================+
2019-07-22T16:29:30:  >Iteration   0: -logL=-298400.764, Lambda=1.0e-03
2019-07-22T16:29:31:  >Iteration   1: -logL=-298647.024, Lambda=1.0e-03, delta=246.259, step=1.0e+00, max(|grad|)=-1252.597047 [Prefactor:0]
2019-07-22T16:29:32:  >Iteration   2: -logL=-298652.643, Lambda=1.0e-04, delta=5.619, step=1.0e+00, max(|grad|)=-27.669910 [Prefactor:0]
2019-07-22T16:29:32:  >Iteration   3: -logL=-298652.654, Lambda=1.0e-05, delta=0.011, step=1.0e+00, max(|grad|)=-2.726134 [Index:1]
2019-07-22T16:29:33:  >Iteration   4: -logL=-298652.654, Lambda=1.0e-06, delta=0.000, step=1.0e+00, max(|grad|)=-0.140641 [Index:1]
2019-07-22T16:29:33: 
2019-07-22T16:29:33: +============================================+
2019-07-22T16:29:33: | Maximum likelihood re-optimisation results |
2019-07-22T16:29:33: +============================================+
2019-07-22T16:29:33: === GOptimizerLM ===
2019-07-22T16:29:33:  Optimized function value ..: -298652.654
2019-07-22T16:29:33:  Absolute precision ........: 0.005
2019-07-22T16:29:33:  Acceptable value decrease .: 2
2019-07-22T16:29:33:  Optimization status .......: converged
2019-07-22T16:29:33:  Number of parameters ......: 4
2019-07-22T16:29:33:  Number of free parameters .: 2
2019-07-22T16:29:33:  Number of iterations ......: 4
2019-07-22T16:29:33:  Lambda ....................: 1e-07
2019-07-22T16:29:33: 
2019-07-22T16:29:33: +=========================================+
2019-07-22T16:29:33: | Maximum likelihood optimisation results |
2019-07-22T16:29:33: +=========================================+
2019-07-22T16:29:33: === GOptimizerLM ===
2019-07-22T16:29:33:  Optimized function value ..: -306849.359
2019-07-22T16:29:33:  Absolute precision ........: 0.005
2019-07-22T16:29:33:  Acceptable value decrease .: 2
2019-07-22T16:29:33:  Optimization status .......: converged
2019-07-22T16:29:33:  Number of parameters ......: 11
2019-07-22T16:29:33:  Number of free parameters .: 5
2019-07-22T16:29:33:  Number of iterations ......: 7
2019-07-22T16:29:33:  Lambda ....................: 1e-08
2019-07-22T16:29:33:  Maximum log likelihood ....: 306849.359
2019-07-22T16:29:33:  Observed events  (Nobs) ...: 309333.000
2019-07-22T16:29:33:  Predicted events (Npred) ..: 307536.140 (Nobs - Npred = 1796.8603385039)
2019-07-22T16:29:33: === GModels ===
2019-07-22T16:29:33:  Number of models ..........: 2
2019-07-22T16:29:33:  Number of parameters ......: 11
2019-07-22T16:29:33: === GModelSky ===
2019-07-22T16:29:33:  Name ......................: source3a
2019-07-22T16:29:33:  Instruments ...............: all
2019-07-22T16:29:33:  Test Statistic ............: 16393.410461395
2019-07-22T16:29:33:  Observation identifiers ...: all
2019-07-22T16:29:33:  Model type ................: PointSource
2019-07-22T16:29:33:  Model components ..........: "PointSource" * "ExponentialCutoffPowerLaw" * "Constant"
2019-07-22T16:29:33:  Number of parameters ......: 7
2019-07-22T16:29:33:  Number of spatial par's ...: 2
2019-07-22T16:29:33:   RA .......................: 83.6331 [-360,360] deg (fixed,scale=1)
2019-07-22T16:29:33:   DEC ......................: 22.0145 [-90,90] deg (fixed,scale=1)
2019-07-22T16:29:33:  Number of spectral par's ..: 4
2019-07-22T16:29:33:   Prefactor ................: 7.35225084892832e-19 +/- 1.30976814772178e-20 [1e-26,1e-16] ph/cm2/s/MeV (free,scale=1e-19,gradient)
2019-07-22T16:29:33:   Index ....................: -2.03860176780186 +/- 0.0155056210494626 [-0,-5]  (free,scale=-1,gradient)
2019-07-22T16:29:33:   CutoffEnergy .............: 100000000000 +/- 16218251839824 [1000000,100000000000] MeV (free,scale=100000000,gradient)
2019-07-22T16:29:33:   PivotEnergy ..............: 1000000 [10000,1000000000] MeV (fixed,scale=1000000,gradient)
2019-07-22T16:29:33:  Number of temporal par's ..: 1
2019-07-22T16:29:33:   Normalization ............: 1 (relative value) (fixed,scale=1,gradient)
2019-07-22T16:29:33:  Number of scale par's .....: 0
2019-07-22T16:29:33: === GCTAModelCubeBackground ===
2019-07-22T16:29:33:  Name ......................: BackgroundModel
2019-07-22T16:29:33:  Instruments ...............: CTA, HESS, MAGIC, VERITAS
2019-07-22T16:29:33:  Observation identifiers ...: all
2019-07-22T16:29:33:  Model type ................: "PowerLaw" * "Constant"
2019-07-22T16:29:33:  Number of parameters ......: 4
2019-07-22T16:29:33:  Number of spectral par's ..: 3
2019-07-22T16:29:33:   Prefactor ................: 0.992200550373151 +/- 0.00440848081850045 [0.01,100] ph/cm2/s/MeV (free,scale=1,gradient)
2019-07-22T16:29:33:   Index ....................: -0.00395626434369423 +/- 0.00256915055158342 [-5,5]  (free,scale=1,gradient)
2019-07-22T16:29:33:   PivotEnergy ..............: 1000000 MeV (fixed,scale=1000000,gradient)
2019-07-22T16:29:33:  Number of temporal par's ..: 1
2019-07-22T16:29:33:   Normalization ............: 1 (relative value) (fixed,scale=1,gradient)
2019-07-22T16:29:33: 
2019-07-22T16:29:33: +==============+
2019-07-22T16:29:33: | Save results |
2019-07-22T16:29:33: +==============+
2019-07-22T16:29:33:  Model definition file .....: /cta/carli/CPPM_Internship/Simulations_and_Analyses/South_z40_50h/source3a/obsmodel_binned.xml
2019-07-22T16:29:33:  Covariance matrix file ....: NONE
2019-07-22T16:29:33: 
2019-07-22T16:29:33: Application "ctlike" terminated after 268 wall clock seconds, consuming 276.85 seconds of CPU time.
