2019-07-25T13:50:27: ********************************************************************************
2019-07-25T13:50:27: *                                    cterror                                   *
2019-07-25T13:50:27: * ---------------------------------------------------------------------------- *
2019-07-25T13:50:27: * Version: 1.6.0                                                               *
2019-07-25T13:50:27: ********************************************************************************
2019-07-25T13:50:27: +============+
2019-07-25T13:50:27: | Parameters |
2019-07-25T13:50:27: +============+
2019-07-25T13:50:27:  inobs .....................: /cta/carli/CPPM_Internship/Simulations_and_Analyses/minus_constant_AEff_South_z40_50h/source3a/obs_cube.fits
2019-07-25T13:50:27:  inmodel ...................: /cta/carli/CPPM_Internship/Simulations_and_Analyses/minus_constant_AEff_South_z40_50h/source3a/obsmodel_binned.xml
2019-07-25T13:50:27:  srcname ...................: source3a
2019-07-25T13:50:27:  expcube ...................: /cta/carli/CPPM_Internship/Simulations_and_Analyses/minus_constant_AEff_South_z40_50h/source3a/exposure_cube.fits
2019-07-25T13:50:27:  psfcube ...................: /cta/carli/CPPM_Internship/Simulations_and_Analyses/minus_constant_AEff_South_z40_50h/source3a/PSF_cube.fits
2019-07-25T13:50:27:  edispcube .................: /cta/carli/CPPM_Internship/Simulations_and_Analyses/minus_constant_AEff_South_z40_50h/source3a/edisp_cube.fits
2019-07-25T13:50:27:  bkgcube ...................: /cta/carli/CPPM_Internship/Simulations_and_Analyses/minus_constant_AEff_South_z40_50h/source3a/background_cube.fits
2019-07-25T13:50:27:  caldb .....................: prod3b-v2
2019-07-25T13:50:27:  irf .......................: minus_constant_AEff_South_z40_50h
2019-07-25T13:50:27:  edisp .....................: yes
2019-07-25T13:50:27:  outmodel ..................: 
2019-07-25T13:50:27:  confidence ................: 0.95
2019-07-25T13:50:27:  tol .......................: 1e-3
2019-07-25T13:50:27:  statistic .................: DEFAULT
2019-07-25T13:50:27:  like_accuracy .............: 0.005
2019-07-25T13:50:27:  max_iter ..................: 50
2019-07-25T13:50:27:  nthreads ..................: 0
2019-07-25T13:50:27:  chatter ...................: 4
2019-07-25T13:50:27:  clobber ...................: yes
2019-07-25T13:50:27:  debug .....................: no
2019-07-25T13:50:27:  mode ......................: ql
2019-07-25T13:50:27:  logfile ...................: cterror95.log
2019-07-25T13:50:27: 
2019-07-25T13:50:27: +===================+
2019-07-25T13:50:27: | Input observation |
2019-07-25T13:50:27: +===================+
2019-07-25T13:50:27: === GObservations ===
2019-07-25T13:50:27:  Number of observations ....: 1
2019-07-25T13:50:27:  Number of models ..........: 2
2019-07-25T13:50:27:  Number of observed events .: 309194
2019-07-25T13:50:27:  Number of predicted events : 0
2019-07-25T13:50:27: === GCTAObservation ===
2019-07-25T13:50:27:  Name ......................: 
2019-07-25T13:50:27:  Identifier ................: 000001
2019-07-25T13:50:27:  Instrument ................: CTA
2019-07-25T13:50:27:  Event file ................: /cta/carli/CPPM_Internship/Simulations_and_Analyses/minus_constant_AEff_South_z40_50h/source3a/obs_cube.fits
2019-07-25T13:50:27:  Event type ................: CountsCube
2019-07-25T13:50:27:  Statistic .................: cstat
2019-07-25T13:50:27:  Ontime ....................: 144000 s
2019-07-25T13:50:27:  Livetime ..................: 141120 s
2019-07-25T13:50:27:  Deadtime correction .......: 0.98
2019-07-25T13:50:27:  User energy range .........: undefined
2019-07-25T13:50:27: === GCTAPointing ===
2019-07-25T13:50:27:  Pointing direction ........: (RA,Dec)=(84.1331,22.0145)
2019-07-25T13:50:27: === GCTAResponseCube ===
2019-07-25T13:50:27:  Energy dispersion .........: Used
2019-07-25T13:50:27: === GCTACubeExposure ===
2019-07-25T13:50:27:  Filename ..................: /cta/carli/CPPM_Internship/Simulations_and_Analyses/minus_constant_AEff_South_z40_50h/source3a/exposure_cube.fits
2019-07-25T13:50:27:  Livetime ..................: 141120 sec
2019-07-25T13:50:27: === GEnergies ===
2019-07-25T13:50:27:  Number of energies ........: 33
2019-07-25T13:50:27: === GGti ===
2019-07-25T13:50:27:  Number of intervals .......: 1
2019-07-25T13:50:27:  Ontime ....................: 144000 sec
2019-07-25T13:50:27:  Elapsed time ..............: 144000 sec
2019-07-25T13:50:27:  MJD range .................: 51544.5 - 51546.1666666667 s (TT)
2019-07-25T13:50:27:  UTC range .................: 2000-01-01T11:58:56 - 2000-01-03T03:58:56 s (TT)
2019-07-25T13:50:27:  Reference MJD .............: 51544.5
2019-07-25T13:50:27: === GSkyMap ===
2019-07-25T13:50:27:  Number of pixels ..........: 6400
2019-07-25T13:50:27:  X axis dimension ..........: 80
2019-07-25T13:50:27:  Y axis dimension ..........: 80
2019-07-25T13:50:27:  Number of maps ............: 33
2019-07-25T13:50:27:  Shape of maps .............: (33)
2019-07-25T13:50:27: === GCTACubePsf ===
2019-07-25T13:50:27:  Filename ..................: /cta/carli/CPPM_Internship/Simulations_and_Analyses/minus_constant_AEff_South_z40_50h/source3a/PSF_cube.fits
2019-07-25T13:50:27: === GEnergies ===
2019-07-25T13:50:27:  Number of energies ........: 33
2019-07-25T13:50:27:  Number of delta bins ......: 200
2019-07-25T13:50:27:  Delta range ...............: 1.875e-06 - 0.298501875 deg
2019-07-25T13:50:27: === GSkyMap ===
2019-07-25T13:50:27:  Number of pixels ..........: 1
2019-07-25T13:50:27:  X axis dimension ..........: 1
2019-07-25T13:50:27:  Y axis dimension ..........: 1
2019-07-25T13:50:27:  Number of maps ............: 6600
2019-07-25T13:50:27:  Shape of maps .............: (200, 33)
2019-07-25T13:50:27: === GCTACubeEdisp ===
2019-07-25T13:50:27:  Filename ..................: /cta/carli/CPPM_Internship/Simulations_and_Analyses/minus_constant_AEff_South_z40_50h/source3a/edisp_cube.fits
2019-07-25T13:50:27: === GEnergies ===
2019-07-25T13:50:27:  Number of energies ........: 33
2019-07-25T13:50:27:  Number of migra bins ......: 100
2019-07-25T13:50:27:  Migra range ...............: 0.02 - 2
2019-07-25T13:50:27: === GSkyMap ===
2019-07-25T13:50:27:  Number of pixels ..........: 1
2019-07-25T13:50:27:  X axis dimension ..........: 1
2019-07-25T13:50:27:  Y axis dimension ..........: 1
2019-07-25T13:50:27:  Number of maps ............: 3300
2019-07-25T13:50:27:  Shape of maps .............: (100, 33)
2019-07-25T13:50:27: === GCTACubeBackground ===
2019-07-25T13:50:27:  Filename ..................: /cta/carli/CPPM_Internship/Simulations_and_Analyses/minus_constant_AEff_South_z40_50h/source3a/background_cube.fits
2019-07-25T13:50:27: === GEbounds ===
2019-07-25T13:50:27:  Number of intervals .......: 32
2019-07-25T13:50:27:  Energy range ..............: 100 GeV - 199.526229858398 TeV
2019-07-25T13:50:27: === GSkyMap ===
2019-07-25T13:50:27:  Number of pixels ..........: 6400
2019-07-25T13:50:27:  X axis dimension ..........: 80
2019-07-25T13:50:27:  Y axis dimension ..........: 80
2019-07-25T13:50:27:  Number of maps ............: 32
2019-07-25T13:50:27:  Shape of maps .............: (32)
2019-07-25T13:50:27: === GCTAResponseCache ===
2019-07-25T13:50:27:  Number of cached values ...: 0
2019-07-25T13:50:27: === GCTAEventCube ===
2019-07-25T13:50:27:  Number of events ..........: 309194
2019-07-25T13:50:27:  Number of elements ........: 204800
2019-07-25T13:50:27:  Number of pixels ..........: 6400
2019-07-25T13:50:27:  Number of energy bins .....: 32
2019-07-25T13:50:27:  Time interval .............: 51544.5 - 51546.1666666667 days
2019-07-25T13:50:27:  Pointing ..................: (RA,Dec)=(84.1331,22.0145)
2019-07-25T13:50:27: === GEbounds ===
2019-07-25T13:50:27:  Number of intervals .......: 32
2019-07-25T13:50:27:  Energy range ..............: 100 GeV - 199.526229858398 TeV
2019-07-25T13:50:27: === GSkyMap ===
2019-07-25T13:50:27:  Number of pixels ..........: 6400
2019-07-25T13:50:27:  X axis dimension ..........: 80
2019-07-25T13:50:27:  Y axis dimension ..........: 80
2019-07-25T13:50:27:  Number of maps ............: 32
2019-07-25T13:50:27:  Shape of maps .............: (32)
2019-07-25T13:50:27: === GSkyRegions ===
2019-07-25T13:50:27:  Number of regions .........: 0
2019-07-25T13:50:27: === GModels ===
2019-07-25T13:50:27:  Number of models ..........: 2
2019-07-25T13:50:27:  Number of parameters ......: 11
2019-07-25T13:50:27: === GModelSky ===
2019-07-25T13:50:27:  Name ......................: source3a
2019-07-25T13:50:27:  Instruments ...............: all
2019-07-25T13:50:27:  Test Statistic ............: 15924.262
2019-07-25T13:50:27:  Observation identifiers ...: all
2019-07-25T13:50:27:  Model type ................: PointSource
2019-07-25T13:50:27:  Model components ..........: "PointSource" * "ExponentialCutoffPowerLaw" * "Constant"
2019-07-25T13:50:27:  Number of parameters ......: 7
2019-07-25T13:50:27:  Number of spatial par's ...: 2
2019-07-25T13:50:27:   RA .......................: 83.6331 [-360,360] deg (fixed,scale=1)
2019-07-25T13:50:27:   DEC ......................: 22.0145 [-90,90] deg (fixed,scale=1)
2019-07-25T13:50:27:  Number of spectral par's ..: 4
2019-07-25T13:50:27:   Prefactor ................: 7.66105261343111e-19 [1e-26,1e-16] ph/cm2/s/MeV (fixed,scale=1e-19,gradient)
2019-07-25T13:50:27:   Index ....................: -2.00631140396953 [-0,-5]  (fixed,scale=-1,gradient)
2019-07-25T13:50:27:   CutoffEnergy .............: 283486001.854132 +/- 159734928.987937 [1000000,100000000000] MeV (free,scale=100000000,gradient)
2019-07-25T13:50:27:   PivotEnergy ..............: 1000000 [10000,1000000000] MeV (fixed,scale=1000000,gradient)
2019-07-25T13:50:27:  Number of temporal par's ..: 1
2019-07-25T13:50:27:   Normalization ............: 1 (relative value) (fixed,scale=1,gradient)
2019-07-25T13:50:27:  Number of scale par's .....: 0
2019-07-25T13:50:27: === GCTAModelCubeBackground ===
2019-07-25T13:50:27:  Name ......................: BackgroundModel
2019-07-25T13:50:27:  Instruments ...............: CTA, HESS, MAGIC, VERITAS
2019-07-25T13:50:27:  Observation identifiers ...: all
2019-07-25T13:50:27:  Model type ................: "PowerLaw" * "Constant"
2019-07-25T13:50:27:  Number of parameters ......: 4
2019-07-25T13:50:27:  Number of spectral par's ..: 3
2019-07-25T13:50:27:   Prefactor ................: 0.992511518701239 [0.01,100] ph/cm2/s/MeV (fixed,scale=1,gradient)
2019-07-25T13:50:27:   Index ....................: -0.00383391678868612 [-5,5]  (fixed,scale=1,gradient)
2019-07-25T13:50:27:   PivotEnergy ..............: 1000000 MeV (fixed,scale=1000000,gradient)
2019-07-25T13:50:27:  Number of temporal par's ..: 1
2019-07-25T13:50:27:   Normalization ............: 1 (relative value) (fixed,scale=1,gradient)
2019-07-25T13:50:27: 
2019-07-25T13:50:27: +=============================+
2019-07-25T13:50:27: | Compute best-fit likelihood |
2019-07-25T13:50:27: +=============================+
2019-07-25T13:51:56: === GOptimizerLM ===
2019-07-25T13:51:56:  Optimized function value ..: -306462.035
2019-07-25T13:51:56:  Absolute precision ........: 0.005
2019-07-25T13:51:56:  Acceptable value decrease .: 2
2019-07-25T13:51:56:  Optimization status .......: converged
2019-07-25T13:51:56:  Number of parameters ......: 11
2019-07-25T13:51:56:  Number of free parameters .: 1
2019-07-25T13:51:56:  Number of iterations ......: 1
2019-07-25T13:51:56:  Lambda ....................: 0.0001
2019-07-25T13:51:56:  Maximum log likelihood ....: -306462.035
2019-07-25T13:51:56: === GModels ===
2019-07-25T13:51:56:  Number of models ..........: 2
2019-07-25T13:51:56:  Number of parameters ......: 11
2019-07-25T13:51:56: === GModelSky ===
2019-07-25T13:51:56:  Name ......................: source3a
2019-07-25T13:51:56:  Instruments ...............: all
2019-07-25T13:51:56:  Test Statistic ............: 15924.262
2019-07-25T13:51:56:  Observation identifiers ...: all
2019-07-25T13:51:56:  Model type ................: PointSource
2019-07-25T13:51:56:  Model components ..........: "PointSource" * "ExponentialCutoffPowerLaw" * "Constant"
2019-07-25T13:51:56:  Number of parameters ......: 7
2019-07-25T13:51:56:  Number of spatial par's ...: 2
2019-07-25T13:51:56:   RA .......................: 83.6331 [-360,360] deg (fixed,scale=1)
2019-07-25T13:51:56:   DEC ......................: 22.0145 [-90,90] deg (fixed,scale=1)
2019-07-25T13:51:56:  Number of spectral par's ..: 4
2019-07-25T13:51:56:   Prefactor ................: 7.66105261343111e-19 [1e-26,1e-16] ph/cm2/s/MeV (fixed,scale=1e-19,gradient)
2019-07-25T13:51:56:   Index ....................: -2.00631140396953 [-0,-5]  (fixed,scale=-1,gradient)
2019-07-25T13:51:56:   CutoffEnergy .............: 283550930.716208 +/- 109870875.719981 [1000000,100000000000] MeV (free,scale=100000000,gradient)
2019-07-25T13:51:56:   PivotEnergy ..............: 1000000 [10000,1000000000] MeV (fixed,scale=1000000,gradient)
2019-07-25T13:51:56:  Number of temporal par's ..: 1
2019-07-25T13:51:56:   Normalization ............: 1 (relative value) (fixed,scale=1,gradient)
2019-07-25T13:51:56:  Number of scale par's .....: 0
2019-07-25T13:51:56: === GCTAModelCubeBackground ===
2019-07-25T13:51:56:  Name ......................: BackgroundModel
2019-07-25T13:51:56:  Instruments ...............: CTA, HESS, MAGIC, VERITAS
2019-07-25T13:51:56:  Observation identifiers ...: all
2019-07-25T13:51:56:  Model type ................: "PowerLaw" * "Constant"
2019-07-25T13:51:56:  Number of parameters ......: 4
2019-07-25T13:51:56:  Number of spectral par's ..: 3
2019-07-25T13:51:56:   Prefactor ................: 0.992511518701239 [0.01,100] ph/cm2/s/MeV (fixed,scale=1,gradient)
2019-07-25T13:51:56:   Index ....................: -0.00383391678868612 [-5,5]  (fixed,scale=1,gradient)
2019-07-25T13:51:56:   PivotEnergy ..............: 1000000 MeV (fixed,scale=1000000,gradient)
2019-07-25T13:51:56:  Number of temporal par's ..: 1
2019-07-25T13:51:56:   Normalization ............: 1 (relative value) (fixed,scale=1,gradient)
2019-07-25T13:51:56: 
2019-07-25T13:51:56: +==============================================================+
2019-07-25T13:51:56: | Compute error for source "source3a" parameter "CutoffEnergy" |
2019-07-25T13:51:56: +==============================================================+
2019-07-25T13:51:56:  Confidence level ..........: 95 %
2019-07-25T13:51:56:  Log-likelihood difference .: 1.92073
2019-07-25T13:51:56:  Initial factor range ......: [0.01, 13.8225968791602]
2019-07-25T13:52:05:    Iteration 1 .............: [0.01, 2.83550930716208]
2019-07-25T13:52:15:    Iteration 2 .............: [1.42275465358104, 2.83550930716208]
2019-07-25T13:52:25:    Iteration 3 .............: [1.42275465358104, 2.12913198037156]
2019-07-25T13:52:35:    Iteration 4 .............: [1.42275465358104, 1.7759433169763]
2019-07-25T13:52:44:    Iteration 5 .............: [1.42275465358104, 1.59934898527867]
2019-07-25T13:52:54:    Iteration 6 .............: [1.51105181942986, 1.59934898527867]
2019-07-25T13:53:04:    Iteration 7 .............: [1.55520040235426, 1.59934898527867]
2019-07-25T13:53:13:    Iteration 8 .............: [1.57727469381647, 1.59934898527867]
2019-07-25T13:53:23:    Iteration 9 .............: [1.57727469381647, 1.58831183954757]
2019-07-25T13:53:33:    Iteration 10 ............: [1.58279326668202, 1.58831183954757]
2019-07-25T13:53:43:    Iteration 11 ............: [1.58555255311479, 1.58831183954757]
2019-07-25T13:53:53:    Iteration 12 ............: [1.58555255311479, 1.58693219633118]
2019-07-25T13:54:03:    Iteration 1 .............: [2.83550930716208, 13.8225968791602]
2019-07-25T13:54:12:    Iteration 2 .............: [8.32905309316115, 13.8225968791602]
2019-07-25T13:54:22:    Iteration 3 .............: [8.32905309316115, 11.0758249861607]
2019-07-25T13:54:32:    Iteration 4 .............: [9.70243903966092, 11.0758249861607]
2019-07-25T13:54:41:    Iteration 5 .............: [10.3891320129108, 11.0758249861607]
2019-07-25T13:54:51:    Iteration 6 .............: [10.3891320129108, 10.7324784995357]
2019-07-25T13:55:01:    Iteration 7 .............: [10.5608052562233, 10.7324784995357]
2019-07-25T13:55:10:    Iteration 8 .............: [10.6466418778795, 10.7324784995357]
2019-07-25T13:55:20:    Iteration 9 .............: [10.6895601887076, 10.7324784995357]
2019-07-25T13:55:20:  Lower parameter factor ....: 1.58624
2019-07-25T13:55:20:  Upper parameter factor ....: 10.711
2019-07-25T13:55:20:  Error from curvature ......: 109870875.719981 MeV
2019-07-25T13:55:20:  Error from profile ........: 456238848.469935 MeV
2019-07-25T13:55:20:  Negative profile error ....: 124926693.243909 MeV
2019-07-25T13:55:20:  Positive profile error ....: 787551003.69596 MeV
2019-07-25T13:55:20: 
2019-07-25T13:55:20: +==============+
2019-07-25T13:55:20: | Save results |
2019-07-25T13:55:20: +==============+
2019-07-25T13:55:20:  Model definition file .....: NONE
2019-07-25T13:55:20: 
2019-07-25T13:55:20: Application "cterror" terminated after 293 wall clock seconds, consuming 380.11 seconds of CPU time.
