2019-07-25T13:45:47: ********************************************************************************
2019-07-25T13:45:47: *                                    cterror                                   *
2019-07-25T13:45:47: * ---------------------------------------------------------------------------- *
2019-07-25T13:45:47: * Version: 1.6.0                                                               *
2019-07-25T13:45:47: ********************************************************************************
2019-07-25T13:45:48: +============+
2019-07-25T13:45:48: | Parameters |
2019-07-25T13:45:48: +============+
2019-07-25T13:45:48:  inobs .....................: /cta/carli/CPPM_Internship/Simulations_and_Analyses/minus_constant_AEff_South_z40_50h/source3a/obs_cube.fits
2019-07-25T13:45:48:  inmodel ...................: /cta/carli/CPPM_Internship/Simulations_and_Analyses/minus_constant_AEff_South_z40_50h/source3a/obsmodel_binned.xml
2019-07-25T13:45:48:  srcname ...................: source3a
2019-07-25T13:45:48:  expcube ...................: /cta/carli/CPPM_Internship/Simulations_and_Analyses/minus_constant_AEff_South_z40_50h/source3a/exposure_cube.fits
2019-07-25T13:45:48:  psfcube ...................: /cta/carli/CPPM_Internship/Simulations_and_Analyses/minus_constant_AEff_South_z40_50h/source3a/PSF_cube.fits
2019-07-25T13:45:48:  edispcube .................: /cta/carli/CPPM_Internship/Simulations_and_Analyses/minus_constant_AEff_South_z40_50h/source3a/edisp_cube.fits
2019-07-25T13:45:48:  bkgcube ...................: /cta/carli/CPPM_Internship/Simulations_and_Analyses/minus_constant_AEff_South_z40_50h/source3a/background_cube.fits
2019-07-25T13:45:48:  caldb .....................: prod3b-v2
2019-07-25T13:45:48:  irf .......................: minus_constant_AEff_South_z40_50h
2019-07-25T13:45:48:  edisp .....................: yes
2019-07-25T13:45:48:  outmodel ..................: 
2019-07-25T13:45:48:  confidence ................: 0.68
2019-07-25T13:45:48:  tol .......................: 1e-3
2019-07-25T13:45:48:  statistic .................: DEFAULT
2019-07-25T13:45:48:  like_accuracy .............: 0.005
2019-07-25T13:45:48:  max_iter ..................: 50
2019-07-25T13:45:48:  nthreads ..................: 0
2019-07-25T13:45:48:  chatter ...................: 4
2019-07-25T13:45:48:  clobber ...................: yes
2019-07-25T13:45:48:  debug .....................: no
2019-07-25T13:45:48:  mode ......................: ql
2019-07-25T13:45:48:  logfile ...................: cterror68.log
2019-07-25T13:45:48: 
2019-07-25T13:45:48: +===================+
2019-07-25T13:45:48: | Input observation |
2019-07-25T13:45:48: +===================+
2019-07-25T13:45:48: === GObservations ===
2019-07-25T13:45:48:  Number of observations ....: 1
2019-07-25T13:45:48:  Number of models ..........: 2
2019-07-25T13:45:48:  Number of observed events .: 309194
2019-07-25T13:45:48:  Number of predicted events : 0
2019-07-25T13:45:48: === GCTAObservation ===
2019-07-25T13:45:48:  Name ......................: 
2019-07-25T13:45:48:  Identifier ................: 000001
2019-07-25T13:45:48:  Instrument ................: CTA
2019-07-25T13:45:48:  Event file ................: /cta/carli/CPPM_Internship/Simulations_and_Analyses/minus_constant_AEff_South_z40_50h/source3a/obs_cube.fits
2019-07-25T13:45:48:  Event type ................: CountsCube
2019-07-25T13:45:48:  Statistic .................: cstat
2019-07-25T13:45:48:  Ontime ....................: 144000 s
2019-07-25T13:45:48:  Livetime ..................: 141120 s
2019-07-25T13:45:48:  Deadtime correction .......: 0.98
2019-07-25T13:45:48:  User energy range .........: undefined
2019-07-25T13:45:48: === GCTAPointing ===
2019-07-25T13:45:48:  Pointing direction ........: (RA,Dec)=(84.1331,22.0145)
2019-07-25T13:45:48: === GCTAResponseCube ===
2019-07-25T13:45:48:  Energy dispersion .........: Used
2019-07-25T13:45:48: === GCTACubeExposure ===
2019-07-25T13:45:48:  Filename ..................: /cta/carli/CPPM_Internship/Simulations_and_Analyses/minus_constant_AEff_South_z40_50h/source3a/exposure_cube.fits
2019-07-25T13:45:48:  Livetime ..................: 141120 sec
2019-07-25T13:45:48: === GEnergies ===
2019-07-25T13:45:48:  Number of energies ........: 33
2019-07-25T13:45:48: === GGti ===
2019-07-25T13:45:48:  Number of intervals .......: 1
2019-07-25T13:45:48:  Ontime ....................: 144000 sec
2019-07-25T13:45:48:  Elapsed time ..............: 144000 sec
2019-07-25T13:45:48:  MJD range .................: 51544.5 - 51546.1666666667 s (TT)
2019-07-25T13:45:48:  UTC range .................: 2000-01-01T11:58:56 - 2000-01-03T03:58:56 s (TT)
2019-07-25T13:45:48:  Reference MJD .............: 51544.5
2019-07-25T13:45:48: === GSkyMap ===
2019-07-25T13:45:48:  Number of pixels ..........: 6400
2019-07-25T13:45:48:  X axis dimension ..........: 80
2019-07-25T13:45:48:  Y axis dimension ..........: 80
2019-07-25T13:45:48:  Number of maps ............: 33
2019-07-25T13:45:48:  Shape of maps .............: (33)
2019-07-25T13:45:48: === GCTACubePsf ===
2019-07-25T13:45:48:  Filename ..................: /cta/carli/CPPM_Internship/Simulations_and_Analyses/minus_constant_AEff_South_z40_50h/source3a/PSF_cube.fits
2019-07-25T13:45:48: === GEnergies ===
2019-07-25T13:45:48:  Number of energies ........: 33
2019-07-25T13:45:48:  Number of delta bins ......: 200
2019-07-25T13:45:48:  Delta range ...............: 1.875e-06 - 0.298501875 deg
2019-07-25T13:45:48: === GSkyMap ===
2019-07-25T13:45:48:  Number of pixels ..........: 1
2019-07-25T13:45:48:  X axis dimension ..........: 1
2019-07-25T13:45:48:  Y axis dimension ..........: 1
2019-07-25T13:45:48:  Number of maps ............: 6600
2019-07-25T13:45:48:  Shape of maps .............: (200, 33)
2019-07-25T13:45:48: === GCTACubeEdisp ===
2019-07-25T13:45:48:  Filename ..................: /cta/carli/CPPM_Internship/Simulations_and_Analyses/minus_constant_AEff_South_z40_50h/source3a/edisp_cube.fits
2019-07-25T13:45:48: === GEnergies ===
2019-07-25T13:45:48:  Number of energies ........: 33
2019-07-25T13:45:48:  Number of migra bins ......: 100
2019-07-25T13:45:48:  Migra range ...............: 0.02 - 2
2019-07-25T13:45:48: === GSkyMap ===
2019-07-25T13:45:48:  Number of pixels ..........: 1
2019-07-25T13:45:48:  X axis dimension ..........: 1
2019-07-25T13:45:48:  Y axis dimension ..........: 1
2019-07-25T13:45:48:  Number of maps ............: 3300
2019-07-25T13:45:48:  Shape of maps .............: (100, 33)
2019-07-25T13:45:48: === GCTACubeBackground ===
2019-07-25T13:45:48:  Filename ..................: /cta/carli/CPPM_Internship/Simulations_and_Analyses/minus_constant_AEff_South_z40_50h/source3a/background_cube.fits
2019-07-25T13:45:48: === GEbounds ===
2019-07-25T13:45:48:  Number of intervals .......: 32
2019-07-25T13:45:48:  Energy range ..............: 100 GeV - 199.526229858398 TeV
2019-07-25T13:45:48: === GSkyMap ===
2019-07-25T13:45:48:  Number of pixels ..........: 6400
2019-07-25T13:45:48:  X axis dimension ..........: 80
2019-07-25T13:45:48:  Y axis dimension ..........: 80
2019-07-25T13:45:48:  Number of maps ............: 32
2019-07-25T13:45:48:  Shape of maps .............: (32)
2019-07-25T13:45:48: === GCTAResponseCache ===
2019-07-25T13:45:48:  Number of cached values ...: 0
2019-07-25T13:45:48: === GCTAEventCube ===
2019-07-25T13:45:48:  Number of events ..........: 309194
2019-07-25T13:45:48:  Number of elements ........: 204800
2019-07-25T13:45:48:  Number of pixels ..........: 6400
2019-07-25T13:45:48:  Number of energy bins .....: 32
2019-07-25T13:45:48:  Time interval .............: 51544.5 - 51546.1666666667 days
2019-07-25T13:45:48:  Pointing ..................: (RA,Dec)=(84.1331,22.0145)
2019-07-25T13:45:48: === GEbounds ===
2019-07-25T13:45:48:  Number of intervals .......: 32
2019-07-25T13:45:48:  Energy range ..............: 100 GeV - 199.526229858398 TeV
2019-07-25T13:45:48: === GSkyMap ===
2019-07-25T13:45:48:  Number of pixels ..........: 6400
2019-07-25T13:45:48:  X axis dimension ..........: 80
2019-07-25T13:45:48:  Y axis dimension ..........: 80
2019-07-25T13:45:48:  Number of maps ............: 32
2019-07-25T13:45:48:  Shape of maps .............: (32)
2019-07-25T13:45:48: === GSkyRegions ===
2019-07-25T13:45:48:  Number of regions .........: 0
2019-07-25T13:45:48: === GModels ===
2019-07-25T13:45:48:  Number of models ..........: 2
2019-07-25T13:45:48:  Number of parameters ......: 11
2019-07-25T13:45:48: === GModelSky ===
2019-07-25T13:45:48:  Name ......................: source3a
2019-07-25T13:45:48:  Instruments ...............: all
2019-07-25T13:45:48:  Test Statistic ............: 15924.262
2019-07-25T13:45:48:  Observation identifiers ...: all
2019-07-25T13:45:48:  Model type ................: PointSource
2019-07-25T13:45:48:  Model components ..........: "PointSource" * "ExponentialCutoffPowerLaw" * "Constant"
2019-07-25T13:45:48:  Number of parameters ......: 7
2019-07-25T13:45:48:  Number of spatial par's ...: 2
2019-07-25T13:45:48:   RA .......................: 83.6331 [-360,360] deg (fixed,scale=1)
2019-07-25T13:45:48:   DEC ......................: 22.0145 [-90,90] deg (fixed,scale=1)
2019-07-25T13:45:48:  Number of spectral par's ..: 4
2019-07-25T13:45:48:   Prefactor ................: 7.66105261343111e-19 [1e-26,1e-16] ph/cm2/s/MeV (fixed,scale=1e-19,gradient)
2019-07-25T13:45:48:   Index ....................: -2.00631140396953 [-0,-5]  (fixed,scale=-1,gradient)
2019-07-25T13:45:48:   CutoffEnergy .............: 283486001.854132 +/- 159734928.987937 [1000000,100000000000] MeV (free,scale=100000000,gradient)
2019-07-25T13:45:48:   PivotEnergy ..............: 1000000 [10000,1000000000] MeV (fixed,scale=1000000,gradient)
2019-07-25T13:45:48:  Number of temporal par's ..: 1
2019-07-25T13:45:48:   Normalization ............: 1 (relative value) (fixed,scale=1,gradient)
2019-07-25T13:45:48:  Number of scale par's .....: 0
2019-07-25T13:45:48: === GCTAModelCubeBackground ===
2019-07-25T13:45:48:  Name ......................: BackgroundModel
2019-07-25T13:45:48:  Instruments ...............: CTA, HESS, MAGIC, VERITAS
2019-07-25T13:45:48:  Observation identifiers ...: all
2019-07-25T13:45:48:  Model type ................: "PowerLaw" * "Constant"
2019-07-25T13:45:48:  Number of parameters ......: 4
2019-07-25T13:45:48:  Number of spectral par's ..: 3
2019-07-25T13:45:48:   Prefactor ................: 0.992511518701239 [0.01,100] ph/cm2/s/MeV (fixed,scale=1,gradient)
2019-07-25T13:45:48:   Index ....................: -0.00383391678868612 [-5,5]  (fixed,scale=1,gradient)
2019-07-25T13:45:48:   PivotEnergy ..............: 1000000 MeV (fixed,scale=1000000,gradient)
2019-07-25T13:45:48:  Number of temporal par's ..: 1
2019-07-25T13:45:48:   Normalization ............: 1 (relative value) (fixed,scale=1,gradient)
2019-07-25T13:45:48: 
2019-07-25T13:45:48: +=============================+
2019-07-25T13:45:48: | Compute best-fit likelihood |
2019-07-25T13:45:48: +=============================+
2019-07-25T13:47:14: === GOptimizerLM ===
2019-07-25T13:47:14:  Optimized function value ..: -306462.035
2019-07-25T13:47:14:  Absolute precision ........: 0.005
2019-07-25T13:47:14:  Acceptable value decrease .: 2
2019-07-25T13:47:14:  Optimization status .......: converged
2019-07-25T13:47:14:  Number of parameters ......: 11
2019-07-25T13:47:14:  Number of free parameters .: 1
2019-07-25T13:47:14:  Number of iterations ......: 1
2019-07-25T13:47:14:  Lambda ....................: 0.0001
2019-07-25T13:47:14:  Maximum log likelihood ....: -306462.035
2019-07-25T13:47:14: === GModels ===
2019-07-25T13:47:14:  Number of models ..........: 2
2019-07-25T13:47:14:  Number of parameters ......: 11
2019-07-25T13:47:14: === GModelSky ===
2019-07-25T13:47:14:  Name ......................: source3a
2019-07-25T13:47:14:  Instruments ...............: all
2019-07-25T13:47:14:  Test Statistic ............: 15924.262
2019-07-25T13:47:14:  Observation identifiers ...: all
2019-07-25T13:47:14:  Model type ................: PointSource
2019-07-25T13:47:14:  Model components ..........: "PointSource" * "ExponentialCutoffPowerLaw" * "Constant"
2019-07-25T13:47:14:  Number of parameters ......: 7
2019-07-25T13:47:14:  Number of spatial par's ...: 2
2019-07-25T13:47:14:   RA .......................: 83.6331 [-360,360] deg (fixed,scale=1)
2019-07-25T13:47:14:   DEC ......................: 22.0145 [-90,90] deg (fixed,scale=1)
2019-07-25T13:47:14:  Number of spectral par's ..: 4
2019-07-25T13:47:14:   Prefactor ................: 7.66105261343111e-19 [1e-26,1e-16] ph/cm2/s/MeV (fixed,scale=1e-19,gradient)
2019-07-25T13:47:14:   Index ....................: -2.00631140396953 [-0,-5]  (fixed,scale=-1,gradient)
2019-07-25T13:47:14:   CutoffEnergy .............: 283550930.716208 +/- 109870875.719981 [1000000,100000000000] MeV (free,scale=100000000,gradient)
2019-07-25T13:47:14:   PivotEnergy ..............: 1000000 [10000,1000000000] MeV (fixed,scale=1000000,gradient)
2019-07-25T13:47:14:  Number of temporal par's ..: 1
2019-07-25T13:47:14:   Normalization ............: 1 (relative value) (fixed,scale=1,gradient)
2019-07-25T13:47:14:  Number of scale par's .....: 0
2019-07-25T13:47:14: === GCTAModelCubeBackground ===
2019-07-25T13:47:14:  Name ......................: BackgroundModel
2019-07-25T13:47:14:  Instruments ...............: CTA, HESS, MAGIC, VERITAS
2019-07-25T13:47:14:  Observation identifiers ...: all
2019-07-25T13:47:14:  Model type ................: "PowerLaw" * "Constant"
2019-07-25T13:47:14:  Number of parameters ......: 4
2019-07-25T13:47:14:  Number of spectral par's ..: 3
2019-07-25T13:47:14:   Prefactor ................: 0.992511518701239 [0.01,100] ph/cm2/s/MeV (fixed,scale=1,gradient)
2019-07-25T13:47:14:   Index ....................: -0.00383391678868612 [-5,5]  (fixed,scale=1,gradient)
2019-07-25T13:47:14:   PivotEnergy ..............: 1000000 MeV (fixed,scale=1000000,gradient)
2019-07-25T13:47:14:  Number of temporal par's ..: 1
2019-07-25T13:47:14:   Normalization ............: 1 (relative value) (fixed,scale=1,gradient)
2019-07-25T13:47:14: 
2019-07-25T13:47:14: +==============================================================+
2019-07-25T13:47:14: | Compute error for source "source3a" parameter "CutoffEnergy" |
2019-07-25T13:47:14: +==============================================================+
2019-07-25T13:47:14:  Confidence level ..........: 68 %
2019-07-25T13:47:14:  Log-likelihood difference .: 0.494473
2019-07-25T13:47:14:  Initial factor range ......: [0.01, 13.8225968791602]
2019-07-25T13:47:24:    Iteration 1 .............: [0.01, 2.83550930716208]
2019-07-25T13:47:34:    Iteration 2 .............: [1.42275465358104, 2.83550930716208]
2019-07-25T13:47:43:    Iteration 3 .............: [1.42275465358104, 2.12913198037156]
2019-07-25T13:47:53:    Iteration 4 .............: [1.7759433169763, 2.12913198037156]
2019-07-25T13:48:02:    Iteration 5 .............: [1.95253764867393, 2.12913198037156]
2019-07-25T13:48:12:    Iteration 6 .............: [1.95253764867393, 2.04083481452275]
2019-07-25T13:48:21:    Iteration 7 .............: [1.99668623159834, 2.04083481452275]
2019-07-25T13:48:31:    Iteration 8 .............: [2.01876052306054, 2.04083481452275]
2019-07-25T13:48:40:    Iteration 9 .............: [2.02979766879165, 2.04083481452275]
2019-07-25T13:48:50:    Iteration 1 .............: [2.83550930716208, 13.8225968791602]
2019-07-25T13:48:59:    Iteration 2 .............: [2.83550930716208, 8.32905309316115]
2019-07-25T13:49:09:    Iteration 3 .............: [2.83550930716208, 5.58228120016162]
2019-07-25T13:49:19:    Iteration 4 .............: [4.20889525366185, 5.58228120016162]
2019-07-25T13:49:28:    Iteration 5 .............: [4.20889525366185, 4.89558822691173]
2019-07-25T13:49:38:    Iteration 6 .............: [4.55224174028679, 4.89558822691173]
2019-07-25T13:49:48:    Iteration 7 .............: [4.55224174028679, 4.72391498359926]
2019-07-25T13:49:57:    Iteration 8 .............: [4.55224174028679, 4.63807836194303]
2019-07-25T13:50:07:    Iteration 9 .............: [4.55224174028679, 4.59516005111491]
2019-07-25T13:50:17:    Iteration 10 ............: [4.55224174028679, 4.57370089570085]
2019-07-25T13:50:27:    Iteration 11 ............: [4.56297131799382, 4.57370089570085]
2019-07-25T13:50:27:  Lower parameter factor ....: 2.03532
2019-07-25T13:50:27:  Upper parameter factor ....: 4.56834
2019-07-25T13:50:27:  Error from curvature ......: 109870875.719981 MeV
2019-07-25T13:50:27:  Error from profile ........: 126650993.259507 MeV
2019-07-25T13:50:27:  Negative profile error ....: 80019306.5504887 MeV
2019-07-25T13:50:27:  Positive profile error ....: 173282679.968525 MeV
2019-07-25T13:50:27: 
2019-07-25T13:50:27: +==============+
2019-07-25T13:50:27: | Save results |
2019-07-25T13:50:27: +==============+
2019-07-25T13:50:27:  Model definition file .....: NONE
2019-07-25T13:50:27: 
2019-07-25T13:50:27: Application "cterror" terminated after 280 wall clock seconds, consuming 355.37 seconds of CPU time.
