2019-07-22T16:30:28: ********************************************************************************
2019-07-22T16:30:28: *                                    ctlike                                    *
2019-07-22T16:30:28: * ---------------------------------------------------------------------------- *
2019-07-22T16:30:28: * Version: 1.6.0                                                               *
2019-07-22T16:30:28: ********************************************************************************
2019-07-22T16:30:29: +============+
2019-07-22T16:30:29: | Parameters |
2019-07-22T16:30:29: +============+
2019-07-22T16:30:29:  inobs .....................: /cta/carli/CPPM_Internship/Simulations_and_Analyses/minus_constant_AEff_South_z40_50h/source3a/obs_cube.fits
2019-07-22T16:30:29:  inmodel ...................: sourcemodel_cube.xml
2019-07-22T16:30:29:  expcube ...................: /cta/carli/CPPM_Internship/Simulations_and_Analyses/minus_constant_AEff_South_z40_50h/source3a/exposure_cube.fits
2019-07-22T16:30:29:  psfcube ...................: /cta/carli/CPPM_Internship/Simulations_and_Analyses/minus_constant_AEff_South_z40_50h/source3a/PSF_cube.fits
2019-07-22T16:30:29:  edispcube .................: /cta/carli/CPPM_Internship/Simulations_and_Analyses/minus_constant_AEff_South_z40_50h/source3a/edisp_cube.fits
2019-07-22T16:30:29:  bkgcube ...................: /cta/carli/CPPM_Internship/Simulations_and_Analyses/minus_constant_AEff_South_z40_50h/source3a/background_cube.fits
2019-07-22T16:30:29:  caldb .....................: prod3b-v2
2019-07-22T16:30:29:  irf .......................: minus_constant_AEff_South_z40_50h
2019-07-22T16:30:29:  edisp .....................: yes
2019-07-22T16:30:29:  outmodel ..................: /cta/carli/CPPM_Internship/Simulations_and_Analyses/minus_constant_AEff_South_z40_50h/source3a/obsmodel_binned.xml
2019-07-22T16:30:29:  outcovmat .................: NONE
2019-07-22T16:30:29:  statistic .................: DEFAULT
2019-07-22T16:30:29:  refit .....................: no
2019-07-22T16:30:29:  like_accuracy .............: 0.005
2019-07-22T16:30:29:  max_iter ..................: 50
2019-07-22T16:30:29:  fix_spat_for_ts ...........: no
2019-07-22T16:30:29:  nthreads ..................: 0
2019-07-22T16:30:29:  chatter ...................: 4
2019-07-22T16:30:29:  clobber ...................: yes
2019-07-22T16:30:29:  debug .....................: no
2019-07-22T16:30:29:  mode ......................: ql
2019-07-22T16:30:29:  logfile ...................: ctlike.log
2019-07-22T16:30:29: 
2019-07-22T16:30:29: +===================+
2019-07-22T16:30:29: | Input observation |
2019-07-22T16:30:29: +===================+
2019-07-22T16:30:29: === GObservations ===
2019-07-22T16:30:29:  Number of observations ....: 1
2019-07-22T16:30:29:  Number of models ..........: 2
2019-07-22T16:30:29:  Number of observed events .: 309194
2019-07-22T16:30:29:  Number of predicted events : 0
2019-07-22T16:30:29: === GCTAObservation ===
2019-07-22T16:30:29:  Name ......................: 
2019-07-22T16:30:29:  Identifier ................: 000001
2019-07-22T16:30:29:  Instrument ................: CTA
2019-07-22T16:30:29:  Event file ................: /cta/carli/CPPM_Internship/Simulations_and_Analyses/minus_constant_AEff_South_z40_50h/source3a/obs_cube.fits
2019-07-22T16:30:29:  Event type ................: CountsCube
2019-07-22T16:30:29:  Statistic .................: cstat
2019-07-22T16:30:29:  Ontime ....................: 144000 s
2019-07-22T16:30:29:  Livetime ..................: 141120 s
2019-07-22T16:30:29:  Deadtime correction .......: 0.98
2019-07-22T16:30:29:  User energy range .........: undefined
2019-07-22T16:30:29: === GCTAPointing ===
2019-07-22T16:30:29:  Pointing direction ........: (RA,Dec)=(84.1331,22.0145)
2019-07-22T16:30:29: === GCTAResponseCube ===
2019-07-22T16:30:29:  Energy dispersion .........: Used
2019-07-22T16:30:29: === GCTACubeExposure ===
2019-07-22T16:30:29:  Filename ..................: /cta/carli/CPPM_Internship/Simulations_and_Analyses/minus_constant_AEff_South_z40_50h/source3a/exposure_cube.fits
2019-07-22T16:30:29:  Livetime ..................: 141120 sec
2019-07-22T16:30:29: === GEnergies ===
2019-07-22T16:30:29:  Number of energies ........: 33
2019-07-22T16:30:29: === GGti ===
2019-07-22T16:30:29:  Number of intervals .......: 1
2019-07-22T16:30:29:  Ontime ....................: 144000 sec
2019-07-22T16:30:29:  Elapsed time ..............: 144000 sec
2019-07-22T16:30:29:  MJD range .................: 51544.5 - 51546.1666666667 s (TT)
2019-07-22T16:30:29:  UTC range .................: 2000-01-01T11:58:56 - 2000-01-03T03:58:56 s (TT)
2019-07-22T16:30:29:  Reference MJD .............: 51544.5
2019-07-22T16:30:29: === GSkyMap ===
2019-07-22T16:30:29:  Number of pixels ..........: 6400
2019-07-22T16:30:29:  X axis dimension ..........: 80
2019-07-22T16:30:29:  Y axis dimension ..........: 80
2019-07-22T16:30:29:  Number of maps ............: 33
2019-07-22T16:30:29:  Shape of maps .............: (33)
2019-07-22T16:30:29: === GCTACubePsf ===
2019-07-22T16:30:29:  Filename ..................: /cta/carli/CPPM_Internship/Simulations_and_Analyses/minus_constant_AEff_South_z40_50h/source3a/PSF_cube.fits
2019-07-22T16:30:29: === GEnergies ===
2019-07-22T16:30:29:  Number of energies ........: 33
2019-07-22T16:30:29:  Number of delta bins ......: 200
2019-07-22T16:30:29:  Delta range ...............: 1.875e-06 - 0.298501875 deg
2019-07-22T16:30:29: === GSkyMap ===
2019-07-22T16:30:29:  Number of pixels ..........: 1
2019-07-22T16:30:29:  X axis dimension ..........: 1
2019-07-22T16:30:29:  Y axis dimension ..........: 1
2019-07-22T16:30:29:  Number of maps ............: 6600
2019-07-22T16:30:29:  Shape of maps .............: (200, 33)
2019-07-22T16:30:29: === GCTACubeEdisp ===
2019-07-22T16:30:29:  Filename ..................: /cta/carli/CPPM_Internship/Simulations_and_Analyses/minus_constant_AEff_South_z40_50h/source3a/edisp_cube.fits
2019-07-22T16:30:29: === GEnergies ===
2019-07-22T16:30:29:  Number of energies ........: 33
2019-07-22T16:30:29:  Number of migra bins ......: 100
2019-07-22T16:30:29:  Migra range ...............: 0.02 - 2
2019-07-22T16:30:29: === GSkyMap ===
2019-07-22T16:30:29:  Number of pixels ..........: 1
2019-07-22T16:30:29:  X axis dimension ..........: 1
2019-07-22T16:30:29:  Y axis dimension ..........: 1
2019-07-22T16:30:29:  Number of maps ............: 3300
2019-07-22T16:30:29:  Shape of maps .............: (100, 33)
2019-07-22T16:30:29: === GCTACubeBackground ===
2019-07-22T16:30:29:  Filename ..................: /cta/carli/CPPM_Internship/Simulations_and_Analyses/minus_constant_AEff_South_z40_50h/source3a/background_cube.fits
2019-07-22T16:30:29: === GEbounds ===
2019-07-22T16:30:29:  Number of intervals .......: 32
2019-07-22T16:30:29:  Energy range ..............: 100 GeV - 199.526229858398 TeV
2019-07-22T16:30:29: === GSkyMap ===
2019-07-22T16:30:29:  Number of pixels ..........: 6400
2019-07-22T16:30:29:  X axis dimension ..........: 80
2019-07-22T16:30:29:  Y axis dimension ..........: 80
2019-07-22T16:30:29:  Number of maps ............: 32
2019-07-22T16:30:29:  Shape of maps .............: (32)
2019-07-22T16:30:29: === GCTAResponseCache ===
2019-07-22T16:30:29:  Number of cached values ...: 0
2019-07-22T16:30:29: === GCTAEventCube ===
2019-07-22T16:30:29:  Number of events ..........: 309194
2019-07-22T16:30:29:  Number of elements ........: 204800
2019-07-22T16:30:29:  Number of pixels ..........: 6400
2019-07-22T16:30:29:  Number of energy bins .....: 32
2019-07-22T16:30:29:  Time interval .............: 51544.5 - 51546.1666666667 days
2019-07-22T16:30:29:  Pointing ..................: (RA,Dec)=(84.1331,22.0145)
2019-07-22T16:30:29: === GEbounds ===
2019-07-22T16:30:29:  Number of intervals .......: 32
2019-07-22T16:30:29:  Energy range ..............: 100 GeV - 199.526229858398 TeV
2019-07-22T16:30:29: === GSkyMap ===
2019-07-22T16:30:29:  Number of pixels ..........: 6400
2019-07-22T16:30:29:  X axis dimension ..........: 80
2019-07-22T16:30:29:  Y axis dimension ..........: 80
2019-07-22T16:30:29:  Number of maps ............: 32
2019-07-22T16:30:29:  Shape of maps .............: (32)
2019-07-22T16:30:29: === GSkyRegions ===
2019-07-22T16:30:29:  Number of regions .........: 0
2019-07-22T16:30:29: === GModels ===
2019-07-22T16:30:29:  Number of models ..........: 2
2019-07-22T16:30:29:  Number of parameters ......: 11
2019-07-22T16:30:29: === GModelSky ===
2019-07-22T16:30:29:  Name ......................: source3a
2019-07-22T16:30:29:  Instruments ...............: all
2019-07-22T16:30:29:  Test Statistic ............: Computation requested
2019-07-22T16:30:29:  Observation identifiers ...: all
2019-07-22T16:30:29:  Model type ................: PointSource
2019-07-22T16:30:29:  Model components ..........: "PointSource" * "ExponentialCutoffPowerLaw" * "Constant"
2019-07-22T16:30:29:  Number of parameters ......: 7
2019-07-22T16:30:29:  Number of spatial par's ...: 2
2019-07-22T16:30:29:   RA .......................: 83.6331 [-360,360] deg (fixed,scale=1)
2019-07-22T16:30:29:   DEC ......................: 22.0145 [-90,90] deg (fixed,scale=1)
2019-07-22T16:30:29:  Number of spectral par's ..: 4
2019-07-22T16:30:29:   Prefactor ................: 7.6e-19 +/- 0 [1e-26,1e-16] ph/cm2/s/MeV (free,scale=1e-19,gradient)
2019-07-22T16:30:29:   Index ....................: -2 +/- 0 [-0,-5]  (free,scale=-1,gradient)
2019-07-22T16:30:29:   CutoffEnergy .............: 200000000 +/- 0 [1000000,100000000000] MeV (free,scale=100000000,gradient)
2019-07-22T16:30:29:   PivotEnergy ..............: 1000000 [10000,1000000000] MeV (fixed,scale=1000000,gradient)
2019-07-22T16:30:29:  Number of temporal par's ..: 1
2019-07-22T16:30:29:   Normalization ............: 1 (relative value) (fixed,scale=1,gradient)
2019-07-22T16:30:29:  Number of scale par's .....: 0
2019-07-22T16:30:29: === GCTAModelCubeBackground ===
2019-07-22T16:30:29:  Name ......................: BackgroundModel
2019-07-22T16:30:29:  Instruments ...............: CTA, HESS, MAGIC, VERITAS
2019-07-22T16:30:29:  Observation identifiers ...: all
2019-07-22T16:30:29:  Model type ................: "PowerLaw" * "Constant"
2019-07-22T16:30:29:  Number of parameters ......: 4
2019-07-22T16:30:29:  Number of spectral par's ..: 3
2019-07-22T16:30:29:   Prefactor ................: 1 +/- 0 [0.01,100] ph/cm2/s/MeV (free,scale=1,gradient)
2019-07-22T16:30:29:   Index ....................: 0 +/- 0 [-5,5]  (free,scale=1,gradient)
2019-07-22T16:30:29:   PivotEnergy ..............: 1000000 MeV (fixed,scale=1000000,gradient)
2019-07-22T16:30:29:  Number of temporal par's ..: 1
2019-07-22T16:30:29:   Normalization ............: 1 (relative value) (fixed,scale=1,gradient)
2019-07-22T16:30:29: 
2019-07-22T16:30:29: +=================================+
2019-07-22T16:30:29: | Maximum likelihood optimisation |
2019-07-22T16:30:29: +=================================+
2019-07-22T16:31:00:  >Iteration   0: -logL=-306460.131, Lambda=1.0e-03
2019-07-22T16:31:30:  >Iteration   1: -logL=-306462.001, Lambda=1.0e-03, delta=1.870, step=1.0e+00, max(|grad|)=19.748792 [Index:8]
2019-07-22T16:31:59:  >Iteration   2: -logL=-306462.035, Lambda=1.0e-04, delta=0.034, step=1.0e+00, max(|grad|)=1.678196 [Index:3]
2019-07-22T16:32:29:  >Iteration   3: -logL=-306462.035, Lambda=1.0e-05, delta=0.000, step=1.0e+00, max(|grad|)=0.025306 [Index:3]
2019-07-22T16:32:29:  
2019-07-22T16:32:29:  +==================+
2019-07-22T16:32:29:  | Curvature matrix |
2019-07-22T16:32:29:  +==================+
2019-07-22T16:32:29:  === GMatrixSparse ===
2019-07-22T16:32:29:   Number of rows ............: 11
2019-07-22T16:32:29:   Number of columns .........: 11
2019-07-22T16:32:29:   Number of nonzero elements : 25
2019-07-22T16:32:29:   Number of allocated cells .: 537
2019-07-22T16:32:29:   Memory block size .........: 512
2019-07-22T16:32:29:   Sparse matrix fill ........: 0.206611570247934
2019-07-22T16:32:29:   Pending element ...........: 0
2019-07-22T16:32:29:   Fill stack size ...........: 0 (none)
2019-07-22T16:32:29:   0, 0, 0, 0, 0, 0, 0, 0, 0, 0, 0
2019-07-22T16:32:29:   0, 0, 0, 0, 0, 0, 0, 0, 0, 0, 0
2019-07-22T16:32:29:   0, 0, 60.8518291478191, -231.356580812997, 2.76364515879287, 0, 0, 242.262166204672, -317.922563414309, 0, 0
2019-07-22T16:32:29:   0, 0, -231.356580812997, 7581.79335263789, -56.1666038276552, 0, 0, 2472.63677071018, -4462.01937971387, 0, 0
2019-07-22T16:32:29:   0, 0, 2.76364515879287, -56.1666038276552, 0.829148335060693, 0, 0, 1.07445433498597, 0.145051823796281, 0, 0
2019-07-22T16:32:29:   0, 0, 0, 0, 0, 0, 0, 0, 0, 0, 0
2019-07-22T16:32:29:   0, 0, 0, 0, 0, 0, 0, 0, 0, 0, 0
2019-07-22T16:32:29:   0, 0, 242.262166204673, 2472.63677071018, 1.07445433498597, 0, 0, 304717.993853672, -476442.012974724, 0, 0
2019-07-22T16:32:29:   0, 0, -317.922563414309, -4462.01937971387, 0.145051823796281, 0, 0, -476442.012974724, 896606.094776452, 0, 0
2019-07-22T16:32:29:   0, 0, 0, 0, 0, 0, 0, 0, 0, 0, 0
2019-07-22T16:32:29:   0, 0, 0, 0, 0, 0, 0, 0, 0, 0, 0
2019-07-22T16:32:58: 
2019-07-22T16:32:58: +====================================+
2019-07-22T16:32:58: | Maximum likelihood re-optimisation |
2019-07-22T16:32:58: +====================================+
2019-07-22T16:32:58:  >Iteration   0: -logL=-298257.288, Lambda=1.0e-03
2019-07-22T16:32:59:  >Iteration   1: -logL=-298494.659, Lambda=1.0e-03, delta=237.371, step=1.0e+00, max(|grad|)=-1214.374244 [Prefactor:0]
2019-07-22T16:33:00:  >Iteration   2: -logL=-298499.894, Lambda=1.0e-04, delta=5.235, step=1.0e+00, max(|grad|)=-25.848056 [Prefactor:0]
2019-07-22T16:33:00:  >Iteration   3: -logL=-298499.904, Lambda=1.0e-05, delta=0.009, step=1.0e+00, max(|grad|)=-2.439500 [Index:1]
2019-07-22T16:33:01:  >Iteration   4: -logL=-298499.904, Lambda=1.0e-06, delta=0.000, step=1.0e+00, max(|grad|)=-0.121229 [Index:1]
2019-07-22T16:33:01: 
2019-07-22T16:33:01: +============================================+
2019-07-22T16:33:01: | Maximum likelihood re-optimisation results |
2019-07-22T16:33:01: +============================================+
2019-07-22T16:33:01: === GOptimizerLM ===
2019-07-22T16:33:01:  Optimized function value ..: -298499.904
2019-07-22T16:33:01:  Absolute precision ........: 0.005
2019-07-22T16:33:01:  Acceptable value decrease .: 2
2019-07-22T16:33:01:  Optimization status .......: converged
2019-07-22T16:33:01:  Number of parameters ......: 4
2019-07-22T16:33:01:  Number of free parameters .: 2
2019-07-22T16:33:01:  Number of iterations ......: 4
2019-07-22T16:33:01:  Lambda ....................: 1e-07
2019-07-22T16:33:01: 
2019-07-22T16:33:01: +=========================================+
2019-07-22T16:33:01: | Maximum likelihood optimisation results |
2019-07-22T16:33:01: +=========================================+
2019-07-22T16:33:01: === GOptimizerLM ===
2019-07-22T16:33:01:  Optimized function value ..: -306462.035
2019-07-22T16:33:01:  Absolute precision ........: 0.005
2019-07-22T16:33:01:  Acceptable value decrease .: 2
2019-07-22T16:33:01:  Optimization status .......: converged
2019-07-22T16:33:01:  Number of parameters ......: 11
2019-07-22T16:33:01:  Number of free parameters .: 5
2019-07-22T16:33:01:  Number of iterations ......: 3
2019-07-22T16:33:01:  Lambda ....................: 1e-06
2019-07-22T16:33:01:  Maximum log likelihood ....: 306462.035
2019-07-22T16:33:01:  Observed events  (Nobs) ...: 309194.000
2019-07-22T16:33:01:  Predicted events (Npred) ..: 307426.989 (Nobs - Npred = 1767.01056938141)
2019-07-22T16:33:01: === GModels ===
2019-07-22T16:33:01:  Number of models ..........: 2
2019-07-22T16:33:01:  Number of parameters ......: 11
2019-07-22T16:33:01: === GModelSky ===
2019-07-22T16:33:01:  Name ......................: source3a
2019-07-22T16:33:01:  Instruments ...............: all
2019-07-22T16:33:01:  Test Statistic ............: 15924.2623870275
2019-07-22T16:33:01:  Observation identifiers ...: all
2019-07-22T16:33:01:  Model type ................: PointSource
2019-07-22T16:33:01:  Model components ..........: "PointSource" * "ExponentialCutoffPowerLaw" * "Constant"
2019-07-22T16:33:01:  Number of parameters ......: 7
2019-07-22T16:33:01:  Number of spatial par's ...: 2
2019-07-22T16:33:01:   RA .......................: 83.6331 [-360,360] deg (fixed,scale=1)
2019-07-22T16:33:01:   DEC ......................: 22.0145 [-90,90] deg (fixed,scale=1)
2019-07-22T16:33:01:  Number of spectral par's ..: 4
2019-07-22T16:33:01:   Prefactor ................: 7.66105261343111e-19 +/- 1.40205912900799e-20 [1e-26,1e-16] ph/cm2/s/MeV (free,scale=1e-19,gradient)
2019-07-22T16:33:01:   Index ....................: -2.00631140396953 +/- 0.0164105623640929 [-0,-5]  (free,scale=-1,gradient)
2019-07-22T16:33:01:   CutoffEnergy .............: 283486001.854132 +/- 159734928.987937 [1000000,100000000000] MeV (free,scale=100000000,gradient)
2019-07-22T16:33:01:   PivotEnergy ..............: 1000000 [10000,1000000000] MeV (fixed,scale=1000000,gradient)
2019-07-22T16:33:01:  Number of temporal par's ..: 1
2019-07-22T16:33:01:   Normalization ............: 1 (relative value) (fixed,scale=1,gradient)
2019-07-22T16:33:01:  Number of scale par's .....: 0
2019-07-22T16:33:01: === GCTAModelCubeBackground ===
2019-07-22T16:33:01:  Name ......................: BackgroundModel
2019-07-22T16:33:01:  Instruments ...............: CTA, HESS, MAGIC, VERITAS
2019-07-22T16:33:01:  Observation identifiers ...: all
2019-07-22T16:33:01:  Model type ................: "PowerLaw" * "Constant"
2019-07-22T16:33:01:  Number of parameters ......: 4
2019-07-22T16:33:01:  Number of spectral par's ..: 3
2019-07-22T16:33:01:   Prefactor ................: 0.992511518701239 +/- 0.0044093775019452 [0.01,100] ph/cm2/s/MeV (free,scale=1,gradient)
2019-07-22T16:33:01:   Index ....................: -0.00383391678868612 +/- 0.00256871446234783 [-5,5]  (free,scale=1,gradient)
2019-07-22T16:33:01:   PivotEnergy ..............: 1000000 MeV (fixed,scale=1000000,gradient)
2019-07-22T16:33:01:  Number of temporal par's ..: 1
2019-07-22T16:33:01:   Normalization ............: 1 (relative value) (fixed,scale=1,gradient)
2019-07-22T16:33:01: 
2019-07-22T16:33:01: +==============+
2019-07-22T16:33:01: | Save results |
2019-07-22T16:33:01: +==============+
2019-07-22T16:33:01:  Model definition file .....: /cta/carli/CPPM_Internship/Simulations_and_Analyses/minus_constant_AEff_South_z40_50h/source3a/obsmodel_binned.xml
2019-07-22T16:33:01:  Covariance matrix file ....: NONE
2019-07-22T16:33:01: 
2019-07-22T16:33:01: Application "ctlike" terminated after 153 wall clock seconds, consuming 159 seconds of CPU time.
