2019-07-22T12:09:02: ********************************************************************************
2019-07-22T12:09:02: *                                   ctobssim                                   *
2019-07-22T12:09:02: * ---------------------------------------------------------------------------- *
2019-07-22T12:09:02: * Version: 1.6.0                                                               *
2019-07-22T12:09:02: ********************************************************************************
2019-07-22T12:09:02: +============+
2019-07-22T12:09:02: | Parameters |
2019-07-22T12:09:02: +============+
2019-07-22T12:09:02:  inobs .....................: NONE
2019-07-22T12:09:02:  inmodel ...................: /cta/carli/anaconda3/share/models/source3a.xml
2019-07-22T12:09:02:  caldb .....................: prod3b-v2
2019-07-22T12:09:02:  irf .......................: minus_constant_AEff_South_z40_50h
2019-07-22T12:09:02:  edisp .....................: yes
2019-07-22T12:09:02:  outevents .................: /cta/carli/CPPM_Internship/Simulations_and_Analyses/minus_constant_AEff_South_z40_50h/source3a/obs.fits
2019-07-22T12:09:02:  prefix ....................: sim_events_
2019-07-22T12:09:02:  startindex ................: 1
2019-07-22T12:09:02:  seed ......................: 1000
2019-07-22T12:09:02:  ra ........................: 84.1331
2019-07-22T12:09:02:  dec .......................: 22.0145
2019-07-22T12:09:02:  rad .......................: 0.8
2019-07-22T12:09:02:  tmin ......................: 0
2019-07-22T12:09:02:  tmax ......................: 144000
2019-07-22T12:09:02:  mjdref ....................: 51544.5
2019-07-22T12:09:02:  emin ......................: 0.1
2019-07-22T12:09:02:  emax ......................: 199.526229858398
2019-07-22T12:09:02:  deadc .....................: 0.98
2019-07-22T12:09:02:  maxrate ...................: 1.0e6
2019-07-22T12:09:02:  eslices ...................: 10
2019-07-22T12:09:02:  nthreads ..................: 0
2019-07-22T12:09:02:  publish ...................: no
2019-07-22T12:09:02:  chatter ...................: 4
2019-07-22T12:09:02:  clobber ...................: yes
2019-07-22T12:09:02:  debug .....................: no
2019-07-22T12:09:02:  mode ......................: ql
2019-07-22T12:09:02:  logfile ...................: ctobssim.log
2019-07-22T12:09:02: 
2019-07-22T12:09:02: +================+
2019-07-22T12:09:02: | Execution mode |
2019-07-22T12:09:02: +================+
2019-07-22T12:09:02:  Event list management .....: Save and dispose (reduces memory needs)
2019-07-22T12:09:02:  Output format .............: Write single event list FITS file
2019-07-22T12:09:02: 
2019-07-22T12:09:02: +=============+
2019-07-22T12:09:02: | Seed values |
2019-07-22T12:09:02: +=============+
2019-07-22T12:09:02:  Seed 0 ....................: 6233869624
2019-07-22T12:09:02: 
2019-07-22T12:09:02: +===================+
2019-07-22T12:09:02: | Input observation |
2019-07-22T12:09:02: +===================+
2019-07-22T12:09:03: === GObservations ===
2019-07-22T12:09:03:  Number of observations ....: 1
2019-07-22T12:09:03:  Number of models ..........: 2
2019-07-22T12:09:03:  Number of observed events .: 0
2019-07-22T12:09:03:  Number of predicted events : 0
2019-07-22T12:09:03: === GCTAObservation ===
2019-07-22T12:09:03:  Name ......................: 
2019-07-22T12:09:03:  Identifier ................: 
2019-07-22T12:09:03:  Instrument ................: CTA
2019-07-22T12:09:03:  Event file ................: 
2019-07-22T12:09:03:  Event type ................: EventList
2019-07-22T12:09:03:  Statistic .................: cstat
2019-07-22T12:09:03:  Ontime ....................: 144000 s
2019-07-22T12:09:03:  Livetime ..................: 141120 s
2019-07-22T12:09:03:  Deadtime correction .......: 0.98
2019-07-22T12:09:03:  User energy range .........: undefined
2019-07-22T12:09:03: === GCTAPointing ===
2019-07-22T12:09:03:  Pointing direction ........: (RA,Dec)=(84.1331,22.0145)
2019-07-22T12:09:03: === GCTAResponseIrf ===
2019-07-22T12:09:03:  Caldb mission .............: cta
2019-07-22T12:09:03:  Caldb instrument ..........: prod3b-v2
2019-07-22T12:09:03:  Response name .............: minus_constant_AEff_South_z40_50h
2019-07-22T12:09:03:  Energy dispersion .........: Used
2019-07-22T12:09:03:  Safe energy range .........: undefined
2019-07-22T12:09:03: === GCaldb ===
2019-07-22T12:09:03:  Database root .............: /cta/carli/anaconda3/share/caldb
2019-07-22T12:09:03:  Selected Mission ..........: CTA
2019-07-22T12:09:03:  Selected Instrument .......: PROD3B-V2
2019-07-22T12:09:03:  Calibration Index File ....: /cta/carli/anaconda3/share/caldb/data/cta/prod3b-v2/caldb.indx
2019-07-22T12:09:03:  Number of entries .........: 240
2019-07-22T12:09:03: === GCTAAeff2D ===
2019-07-22T12:09:03:  Filename ..................: /cta/carli/anaconda3/share/caldb/data/cta/prod3b-v2/bcf/minus_constant_AEff_South_z40_50h/irf_file.fits
2019-07-22T12:09:03:  Number of energy bins .....: 42
2019-07-22T12:09:03:  Number of offset bins .....: 6
2019-07-22T12:09:03:  Log10(Energy) range .......: 0.0125892544165254 - 199.526229858398 TeV
2019-07-22T12:09:03:  Offset angle range ........: 0 - 6 deg
2019-07-22T12:09:03:  Lower energy threshold ....: not specified
2019-07-22T12:09:03:  Upper energy threshold ....: not specified
2019-07-22T12:09:03:  Radius cut ................: none
2019-07-22T12:09:03: === GCTAPsf2D ===
2019-07-22T12:09:03:  Filename ..................: /cta/carli/anaconda3/share/caldb/data/cta/prod3b-v2/bcf/minus_constant_AEff_South_z40_50h/irf_file.fits
2019-07-22T12:09:03:  Number of energy bins .....: 25
2019-07-22T12:09:03:  Number of offset bins .....: 6
2019-07-22T12:09:03:  Log10(Energy) range .......: 0.0125892544165254 - 1258.92541503906 TeV
2019-07-22T12:09:03:  Offset angle range ........: 0 - 6 deg
2019-07-22T12:09:03: === GCTAEdisp2D ===
2019-07-22T12:09:03:  Filename ..................: /cta/carli/anaconda3/share/caldb/data/cta/prod3b-v2/bcf/minus_constant_AEff_South_z40_50h/irf_file.fits
2019-07-22T12:09:03:  Number of energy bins .....: 500
2019-07-22T12:09:03:  Number of migration bins ..: 300
2019-07-22T12:09:03:  Number of offset bins .....: 6
2019-07-22T12:09:03:  Log10(Energy) range .......: 0.00501187238842249 - 501.187225341797 TeV
2019-07-22T12:09:03:  Migration range ...........: 0 - 3
2019-07-22T12:09:03:  Offset angle range ........: 0 - 6 deg
2019-07-22T12:09:03: === GCTABackground3D ===
2019-07-22T12:09:03:  Filename ..................: /cta/carli/anaconda3/share/caldb/data/cta/prod3b-v2/bcf/minus_constant_AEff_South_z40_50h/irf_file.fits
2019-07-22T12:09:03:  Number of DETX bins .......: 36
2019-07-22T12:09:03:  Number of DETY bins .......: 36
2019-07-22T12:09:03:  Number of energy bins .....: 21
2019-07-22T12:09:03:  DETX range ................: -6 - 6 deg
2019-07-22T12:09:03:  DETX range ................: -6 - 6 deg
2019-07-22T12:09:03:  Energy range ..............: 0.0125892544165254 - 199.526229858398 TeV
2019-07-22T12:09:03: === GCTAResponseCache ===
2019-07-22T12:09:03:  Number of cached values ...: 0
2019-07-22T12:09:03: === GCTAResponseCache ===
2019-07-22T12:09:03:  Number of cached values ...: 0
2019-07-22T12:09:03: === GCTAEventList ===
2019-07-22T12:09:03:  Number of events ..........: 0 (disposed without possibility to recover)
2019-07-22T12:09:03:  Time interval .............: 51544.5 - 51546.1666666667 days
2019-07-22T12:09:03: === GEbounds ===
2019-07-22T12:09:03:  Number of intervals .......: 1
2019-07-22T12:09:03:  Energy range ..............: 100 GeV - 199.526229858398 TeV
2019-07-22T12:09:03: === GCTARoi ===
2019-07-22T12:09:03:  RoI centre ................: RA=84.1331, DEC=22.0145 [0,0]
2019-07-22T12:09:03:  RoI radius ................: 0.8 deg
2019-07-22T12:09:03: === GSkyRegions ===
2019-07-22T12:09:03:  Number of regions .........: 0
2019-07-22T12:09:03: === GModels ===
2019-07-22T12:09:03:  Number of models ..........: 2
2019-07-22T12:09:03:  Number of parameters ......: 11
2019-07-22T12:09:03: === GModelSky ===
2019-07-22T12:09:03:  Name ......................: source3a
2019-07-22T12:09:03:  Instruments ...............: all
2019-07-22T12:09:03:  Test Statistic ............: Computation requested
2019-07-22T12:09:03:  Observation identifiers ...: all
2019-07-22T12:09:03:  Model type ................: PointSource
2019-07-22T12:09:03:  Model components ..........: "PointSource" * "ExponentialCutoffPowerLaw" * "Constant"
2019-07-22T12:09:03:  Number of parameters ......: 7
2019-07-22T12:09:03:  Number of spatial par's ...: 2
2019-07-22T12:09:03:   RA .......................: 83.6331 [-360,360] deg (fixed,scale=1)
2019-07-22T12:09:03:   DEC ......................: 22.0145 [-90,90] deg (fixed,scale=1)
2019-07-22T12:09:03:  Number of spectral par's ..: 4
2019-07-22T12:09:03:   Prefactor ................: 7.6e-19 +/- 0 [1e-26,1e-16] ph/cm2/s/MeV (free,scale=1e-19,gradient)
2019-07-22T12:09:03:   Index ....................: -2 +/- 0 [-0,-5]  (free,scale=-1,gradient)
2019-07-22T12:09:03:   CutoffEnergy .............: 200000000 +/- 0 [1000000,100000000000] MeV (free,scale=100000000,gradient)
2019-07-22T12:09:03:   PivotEnergy ..............: 1000000 [10000,1000000000] MeV (fixed,scale=1000000,gradient)
2019-07-22T12:09:03:  Number of temporal par's ..: 1
2019-07-22T12:09:03:   Normalization ............: 1 (relative value) (fixed,scale=1,gradient)
2019-07-22T12:09:03:  Number of scale par's .....: 0
2019-07-22T12:09:03: === GCTAModelIrfBackground ===
2019-07-22T12:09:03:  Name ......................: CTABackgroundModel
2019-07-22T12:09:03:  Instruments ...............: CTA
2019-07-22T12:09:03:  Test Statistic ............: Computation requested
2019-07-22T12:09:03:  Observation identifiers ...: all
2019-07-22T12:09:03:  Model type ................: "PowerLaw" * "Constant"
2019-07-22T12:09:03:  Number of parameters ......: 4
2019-07-22T12:09:03:  Number of spectral par's ..: 3
2019-07-22T12:09:03:   Prefactor ................: 1 +/- 0 [0.001,1000] ph/cm2/s/MeV (free,scale=1,gradient)
2019-07-22T12:09:03:   Index ....................: 0 +/- 0 [-5,5]  (free,scale=1,gradient)
2019-07-22T12:09:03:   PivotEnergy ..............: 1000000 [10000,1000000000] MeV (fixed,scale=1000000,gradient)
2019-07-22T12:09:03:  Number of temporal par's ..: 1
2019-07-22T12:09:03:   Normalization ............: 1 (relative value) (fixed,scale=1,gradient)
2019-07-22T12:09:03: 
2019-07-22T12:09:03: +======================+
2019-07-22T12:09:03: | Simulate observation |
2019-07-22T12:09:03: +======================+
2019-07-22T12:09:03: === CTA observation ===
2019-07-22T12:09:03:  Simulation cone ...........: RA=84.1331 deg, Dec=22.0145 deg, radius=1.3 deg
2019-07-22T12:09:03:  Time interval .............: 0 - 144000 s
2019-07-22T12:09:03:  Photon energy range .......: 41.1040776139221 GeV - 509.274482994276 GeV
2019-07-22T12:09:03:  Event energy range ........: 100 GeV - 213.796208774656 GeV
2019-07-22T12:09:03:   Simulation area ..........: 1.18514e+10 cm2
2019-07-22T12:09:03:   Use model ................: source3a
2019-07-22T12:09:03:   Normalization ............: 1 [source3a]
2019-07-22T12:09:03:   Flux .....................: 1.69878e-11 [source3a] photons/cm2/s
2019-07-22T12:09:03:   Normalized flux ..........: 1.69878e-11 [source3a] photons/cm2/s
2019-07-22T12:09:03:   Photon rate ..............: 0.20133 photons/s [source3a]
2019-07-22T12:09:03:   Time slice ...............: 0 - 144000 s [source3a]
2019-07-22T12:09:03:   MC source photons/slice ..: 29174 [source3a]
2019-07-22T12:09:03:   MC source photons ........: 29174 [source3a]
2019-07-22T12:09:03:   MC source events .........: 1070 [source3a]
2019-07-22T12:09:03:   MC source events .........: 1070 (all source models)
2019-07-22T12:09:03:  Photon energy range .......: 100.88253715168 GeV - 860.678033986988 GeV
2019-07-22T12:09:03:  Event energy range ........: 213.796208774656 GeV - 457.088188864163 GeV
2019-07-22T12:09:03:   Simulation area ..........: 1.77874e+10 cm2
2019-07-22T12:09:03:   Use model ................: source3a
2019-07-22T12:09:03:   Normalization ............: 1 [source3a]
2019-07-22T12:09:03:   Flux .....................: 6.64236e-12 [source3a] photons/cm2/s
2019-07-22T12:09:03:   Normalized flux ..........: 6.64236e-12 [source3a] photons/cm2/s
2019-07-22T12:09:03:   Photon rate ..............: 0.11815 photons/s [source3a]
2019-07-22T12:09:03:   Time slice ...............: 0 - 144000 s [source3a]
2019-07-22T12:09:03:   MC source photons/slice ..: 16888 [source3a]
2019-07-22T12:09:03:   MC source photons ........: 16888 [source3a]
2019-07-22T12:09:03:   MC source events .........: 1084 [source3a]
2019-07-22T12:09:03:   MC source events .........: 1084 (all source models)
2019-07-22T12:09:03:  Photon energy range .......: 265.018144252 GeV - 1.57081442112741 TeV
2019-07-22T12:09:03:  Event energy range ........: 457.088188864163 GeV - 977.237218548317 GeV
2019-07-22T12:09:03:   Simulation area ..........: 3.43669e+10 cm2
2019-07-22T12:09:03:   Use model ................: source3a
2019-07-22T12:09:03:   Normalization ............: 1 [source3a]
2019-07-22T12:09:03:   Flux .....................: 2.37715e-12 [source3a] photons/cm2/s
2019-07-22T12:09:03:   Normalized flux ..........: 2.37715e-12 [source3a] photons/cm2/s
2019-07-22T12:09:03:   Photon rate ..............: 0.0816954 photons/s [source3a]
2019-07-22T12:09:03:   Time slice ...............: 0 - 144000 s [source3a]
2019-07-22T12:09:03:   MC source photons/slice ..: 11825 [source3a]
2019-07-22T12:09:03:   MC source photons ........: 11825 [source3a]
2019-07-22T12:09:03:   MC source events .........: 832 [source3a]
2019-07-22T12:09:03:   MC source events .........: 832 (all source models)
2019-07-22T12:09:03:  Photon energy range .......: 625.275670425715 GeV - 3.04099144442538 TeV
2019-07-22T12:09:03:  Event energy range ........: 977.237218548317 GeV - 2.0892961239912 TeV
2019-07-22T12:09:03:   Simulation area ..........: 5.37121e+10 cm2
2019-07-22T12:09:03:   Use model ................: source3a
2019-07-22T12:09:03:   Normalization ............: 1 [source3a]
2019-07-22T12:09:03:   Flux .....................: 9.59559e-13 [source3a] photons/cm2/s
2019-07-22T12:09:03:   Normalized flux ..........: 9.59559e-13 [source3a] photons/cm2/s
2019-07-22T12:09:03:   Photon rate ..............: 0.05154 photons/s [source3a]
2019-07-22T12:09:03:   Time slice ...............: 0 - 144000 s [source3a]
2019-07-22T12:09:03:   MC source photons/slice ..: 7585 [source3a]
2019-07-22T12:09:03:   MC source photons ........: 7585 [source3a]
2019-07-22T12:09:03:   MC source events .........: 873 [source3a]
2019-07-22T12:09:03:   MC source events .........: 873 (all source models)
2019-07-22T12:09:03:  Photon energy range .......: 1.52598487124743 TeV - 6.09062686094979 TeV
2019-07-22T12:09:03:  Event energy range ........: 2.0892961239912 TeV - 4.46683590316902 TeV
2019-07-22T12:09:03:   Simulation area ..........: 6.6225e+10 cm2
2019-07-22T12:09:03:   Use model ................: source3a
2019-07-22T12:09:03:   Normalization ............: 1 [source3a]
2019-07-22T12:09:03:   Flux .....................: 3.68041e-13 [source3a] photons/cm2/s
2019-07-22T12:09:03:   Normalized flux ..........: 3.68041e-13 [source3a] photons/cm2/s
2019-07-22T12:09:03:   Photon rate ..............: 0.0243735 photons/s [source3a]
2019-07-22T12:09:03:   Time slice ...............: 0 - 144000 s [source3a]
2019-07-22T12:09:03:   MC source photons/slice ..: 3606 [source3a]
2019-07-22T12:09:03:   MC source photons ........: 3606 [source3a]
2019-07-22T12:09:03:   MC source events .........: 705 [source3a]
2019-07-22T12:09:03:   MC source events .........: 705 (all source models)
2019-07-22T12:09:03:  Photon energy range .......: 3.46329780546817 TeV - 13.5112010225502 TeV
2019-07-22T12:09:03:  Event energy range ........: 4.46683590316902 TeV - 9.54992581316053 TeV
2019-07-22T12:09:03:   Simulation area ..........: 8.2337e+10 cm2
2019-07-22T12:09:03:   Use model ................: source3a
2019-07-22T12:09:03:   Normalization ............: 1 [source3a]
2019-07-22T12:09:03:   Flux .....................: 1.58116e-13 [source3a] photons/cm2/s
2019-07-22T12:09:03:   Normalized flux ..........: 1.58116e-13 [source3a] photons/cm2/s
2019-07-22T12:09:03:   Photon rate ..............: 0.0130188 photons/s [source3a]
2019-07-22T12:09:03:   Time slice ...............: 0 - 144000 s [source3a]
2019-07-22T12:09:03:   MC source photons/slice ..: 1889 [source3a]
2019-07-22T12:09:03:   MC source photons ........: 1889 [source3a]
2019-07-22T12:09:03:   MC source events .........: 415 [source3a]
2019-07-22T12:09:03:   MC source events .........: 415 (all source models)
2019-07-22T12:09:03:  Photon energy range .......: 7.57686977261953 TeV - 27.092165885067 TeV
2019-07-22T12:09:03:  Event energy range ........: 9.54992581316053 TeV - 20.4173793293294 TeV
2019-07-22T12:09:03:   Simulation area ..........: 1.06568e+11 cm2
2019-07-22T12:09:03:   Use model ................: source3a
2019-07-22T12:09:03:   Normalization ............: 1 [source3a]
2019-07-22T12:09:03:   Flux .....................: 6.75913e-14 [source3a] photons/cm2/s
2019-07-22T12:09:03:   Normalized flux ..........: 6.75913e-14 [source3a] photons/cm2/s
2019-07-22T12:09:03:   Photon rate ..............: 0.00720309 photons/s [source3a]
2019-07-22T12:09:03:   Time slice ...............: 0 - 144000 s [source3a]
2019-07-22T12:09:03:   MC source photons/slice ..: 1004 [source3a]
2019-07-22T12:09:03:   MC source photons ........: 1004 [source3a]
2019-07-22T12:09:03:   MC source events .........: 221 [source3a]
2019-07-22T12:09:03:   MC source events .........: 221 (all source models)
2019-07-22T12:09:03:  Photon energy range .......: 15.830324777243 TeV - 56.4077240740645 TeV
2019-07-22T12:09:03:  Event energy range ........: 20.4173793293294 TeV - 43.6515829372465 TeV
2019-07-22T12:09:03:   Simulation area ..........: 1.11203e+11 cm2
2019-07-22T12:09:03:   Use model ................: source3a
2019-07-22T12:09:03:   Normalization ............: 1 [source3a]
2019-07-22T12:09:03:   Flux .....................: 3.00706e-14 [source3a] photons/cm2/s
2019-07-22T12:09:03:   Normalized flux ..........: 3.00706e-14 [source3a] photons/cm2/s
2019-07-22T12:09:03:   Photon rate ..............: 0.00334395 photons/s [source3a]
2019-07-22T12:09:03:   Time slice ...............: 0 - 144000 s [source3a]
2019-07-22T12:09:03:   MC source photons/slice ..: 449 [source3a]
2019-07-22T12:09:03:   MC source photons ........: 449 [source3a]
2019-07-22T12:09:03:   MC source events .........: 123 [source3a]
2019-07-22T12:09:03:   MC source events .........: 123 (all source models)
2019-07-22T12:09:03:  Photon energy range .......: 34.3839906563315 TeV - 116.046716746149 TeV
2019-07-22T12:09:03:  Event energy range ........: 43.6515829372465 TeV - 93.3254293899579 TeV
2019-07-22T12:09:03:   Simulation area ..........: 1.37203e+11 cm2
2019-07-22T12:09:03:   Use model ................: source3a
2019-07-22T12:09:03:   Normalization ............: 1 [source3a]
2019-07-22T12:09:03:   Flux .....................: 1.16197e-14 [source3a] photons/cm2/s
2019-07-22T12:09:03:   Normalized flux ..........: 1.16197e-14 [source3a] photons/cm2/s
2019-07-22T12:09:03:   Photon rate ..............: 0.00159426 photons/s [source3a]
2019-07-22T12:09:03:   Time slice ...............: 0 - 144000 s [source3a]
2019-07-22T12:09:03:   MC source photons/slice ..: 227 [source3a]
2019-07-22T12:09:03:   MC source photons ........: 227 [source3a]
2019-07-22T12:09:03:   MC source events .........: 45 [source3a]
2019-07-22T12:09:03:   MC source events .........: 45 (all source models)
2019-07-22T12:09:03:  Photon energy range .......: 79.1906822067056 TeV - 239.08155027665 TeV
2019-07-22T12:09:03:  Event energy range ........: 93.3254293899579 TeV - 199.526229858398 TeV
2019-07-22T12:09:03:   Simulation area ..........: 1.51734e+11 cm2
2019-07-22T12:09:03:   Use model ................: source3a
2019-07-22T12:09:03:   Normalization ............: 1 [source3a]
2019-07-22T12:09:03:   Flux .....................: 3.40871e-15 [source3a] photons/cm2/s
2019-07-22T12:09:03:   Normalized flux ..........: 3.40871e-15 [source3a] photons/cm2/s
2019-07-22T12:09:03:   Photon rate ..............: 0.000517216 photons/s [source3a]
2019-07-22T12:09:03:   Time slice ...............: 0 - 144000 s [source3a]
2019-07-22T12:09:03:   MC source photons/slice ..: 63 [source3a]
2019-07-22T12:09:03:   MC source photons ........: 63 [source3a]
2019-07-22T12:09:03:   MC source events .........: 12 [source3a]
2019-07-22T12:09:03:   MC source events .........: 12 (all source models)
2019-07-22T12:09:03:  MC source photons .........: 72710 [source3a]
2019-07-22T12:09:03:  MC source events ..........: 5380 [source3a]
2019-07-22T12:09:19:  MC events outside ROI .....: 0
2019-07-22T12:09:19:  MC background events ......: 303816
2019-07-22T12:09:19:  MC identifier 1 ...........: source3a
2019-07-22T12:09:19:  MC identifier 2 ...........: CTABackgroundModel
2019-07-22T12:09:19:  MC events .................: 309196 (all models)
2019-07-22T12:09:20: 
2019-07-22T12:09:20: +==================+
2019-07-22T12:09:20: | Save observation |
2019-07-22T12:09:20: +==================+
2019-07-22T12:09:20: 
2019-07-22T12:09:20: Application "ctobssim" terminated after 18 wall clock seconds, consuming 17.54 seconds of CPU time.
